<?xml version="1.0" encoding="UTF-8"?>
<testsuite xmlns:xsi="http://www.w3.org/2001/XMLSchema-instance" xsi:noNamespaceSchemaLocation="https://maven.apache.org/surefire/maven-surefire-plugin/xsd/surefire-test-report-3.0.xsd" version="3.0" name="TestSuite" time="131.609" tests="9" errors="0" skipped="3" failures="3">
  <properties>
    <property name="sun.desktop" value="windows"/>
    <property name="awt.toolkit" value="sun.awt.windows.WToolkit"/>
    <property name="java.specification.version" value="11"/>
    <property name="sun.cpu.isalist" value="amd64"/>
    <property name="sun.jnu.encoding" value="Cp1252"/>
    <property name="java.class.path" value="C:\Users\sajus\IdeaProjects\appium_Device\target\test-classes;C:\Users\sajus\IdeaProjects\appium_Device\target\classes;C:\Users\sajus\.m2\repository\io\appium\java-client\8.5.1\java-client-8.5.1.jar;C:\Users\sajus\.m2\repository\org\seleniumhq\selenium\selenium-api\4.33.0\selenium-api-4.33.0.jar;C:\Users\sajus\.m2\repository\org\jspecify\jspecify\1.0.0\jspecify-1.0.0.jar;C:\Users\sajus\.m2\repository\org\seleniumhq\selenium\selenium-support\4.33.0\selenium-support-4.33.0.jar;C:\Users\sajus\.m2\repository\com\google\code\gson\gson\2.10.1\gson-2.10.1.jar;C:\Users\sajus\.m2\repository\commons-validator\commons-validator\1.7\commons-validator-1.7.jar;C:\Users\sajus\.m2\repository\commons-beanutils\commons-beanutils\1.9.4\commons-beanutils-1.9.4.jar;C:\Users\sajus\.m2\repository\commons-digester\commons-digester\2.1\commons-digester-2.1.jar;C:\Users\sajus\.m2\repository\commons-logging\commons-logging\1.2\commons-logging-1.2.jar;C:\Users\sajus\.m2\repository\commons-collections\commons-collections\3.2.2\commons-collections-3.2.2.jar;C:\Users\sajus\.m2\repository\org\apache\commons\commons-lang3\3.12.0\commons-lang3-3.12.0.jar;C:\Users\sajus\.m2\repository\commons-io\commons-io\2.12.0\commons-io-2.12.0.jar;C:\Users\sajus\.m2\repository\org\slf4j\slf4j-api\2.0.7\slf4j-api-2.0.7.jar;C:\Users\sajus\.m2\repository\org\seleniumhq\selenium\selenium-java\4.8.0\selenium-java-4.8.0.jar;C:\Users\sajus\.m2\repository\org\seleniumhq\selenium\selenium-chrome-driver\4.8.0\selenium-chrome-driver-4.8.0.jar;C:\Users\sajus\.m2\repository\com\google\auto\service\auto-service\1.0.1\auto-service-1.0.1.jar;C:\Users\sajus\.m2\repository\com\google\auto\auto-common\1.2\auto-common-1.2.jar;C:\Users\sajus\.m2\repository\org\seleniumhq\selenium\selenium-chromium-driver\4.8.0\selenium-chromium-driver-4.8.0.jar;C:\Users\sajus\.m2\repository\org\seleniumhq\selenium\selenium-devtools-v107\4.8.0\selenium-devtools-v107-4.8.0.jar;C:\Users\sajus\.m2\repository\org\seleniumhq\selenium\selenium-devtools-v108\4.8.0\selenium-devtools-v108-4.8.0.jar;C:\Users\sajus\.m2\repository\org\seleniumhq\selenium\selenium-devtools-v109\4.8.0\selenium-devtools-v109-4.8.0.jar;C:\Users\sajus\.m2\repository\org\seleniumhq\selenium\selenium-devtools-v85\4.8.0\selenium-devtools-v85-4.8.0.jar;C:\Users\sajus\.m2\repository\org\seleniumhq\selenium\selenium-edge-driver\4.8.0\selenium-edge-driver-4.8.0.jar;C:\Users\sajus\.m2\repository\org\seleniumhq\selenium\selenium-firefox-driver\4.8.0\selenium-firefox-driver-4.8.0.jar;C:\Users\sajus\.m2\repository\org\seleniumhq\selenium\selenium-ie-driver\4.8.0\selenium-ie-driver-4.8.0.jar;C:\Users\sajus\.m2\repository\org\seleniumhq\selenium\selenium-safari-driver\4.8.0\selenium-safari-driver-4.8.0.jar;C:\Users\sajus\.m2\repository\org\seleniumhq\selenium\selenium-remote-driver\4.13.0\selenium-remote-driver-4.13.0.jar;C:\Users\sajus\.m2\repository\com\google\auto\service\auto-service-annotations\1.1.1\auto-service-annotations-1.1.1.jar;C:\Users\sajus\.m2\repository\com\google\guava\guava\32.1.2-jre\guava-32.1.2-jre.jar;C:\Users\sajus\.m2\repository\com\google\guava\failureaccess\1.0.1\failureaccess-1.0.1.jar;C:\Users\sajus\.m2\repository\com\google\guava\listenablefuture\9999.0-empty-to-avoid-conflict-with-guava\listenablefuture-9999.0-empty-to-avoid-conflict-with-guava.jar;C:\Users\sajus\.m2\repository\com\google\code\findbugs\jsr305\3.0.2\jsr305-3.0.2.jar;C:\Users\sajus\.m2\repository\org\checkerframework\checker-qual\3.33.0\checker-qual-3.33.0.jar;C:\Users\sajus\.m2\repository\com\google\errorprone\error_prone_annotations\2.18.0\error_prone_annotations-2.18.0.jar;C:\Users\sajus\.m2\repository\com\google\j2objc\j2objc-annotations\2.8\j2objc-annotations-2.8.jar;C:\Users\sajus\.m2\repository\io\netty\netty-buffer\4.1.96.Final\netty-buffer-4.1.96.Final.jar;C:\Users\sajus\.m2\repository\io\netty\netty-codec-http\4.1.96.Final\netty-codec-http-4.1.96.Final.jar;C:\Users\sajus\.m2\repository\io\netty\netty-codec\4.1.96.Final\netty-codec-4.1.96.Final.jar;C:\Users\sajus\.m2\repository\io\netty\netty-handler\4.1.96.Final\netty-handler-4.1.96.Final.jar;C:\Users\sajus\.m2\repository\io\netty\netty-common\4.1.96.Final\netty-common-4.1.96.Final.jar;C:\Users\sajus\.m2\repository\io\netty\netty-transport-classes-epoll\4.1.96.Final\netty-transport-classes-epoll-4.1.96.Final.jar;C:\Users\sajus\.m2\repository\io\netty\netty-transport-classes-kqueue\4.1.96.Final\netty-transport-classes-kqueue-4.1.96.Final.jar;C:\Users\sajus\.m2\repository\io\netty\netty-transport-native-epoll\4.1.96.Final\netty-transport-native-epoll-4.1.96.Final.jar;C:\Users\sajus\.m2\repository\io\netty\netty-transport-native-kqueue\4.1.96.Final\netty-transport-native-kqueue-4.1.96.Final.jar;C:\Users\sajus\.m2\repository\io\netty\netty-transport-native-unix-common\4.1.96.Final\netty-transport-native-unix-common-4.1.96.Final.jar;C:\Users\sajus\.m2\repository\io\netty\netty-transport\4.1.96.Final\netty-transport-4.1.96.Final.jar;C:\Users\sajus\.m2\repository\io\netty\netty-resolver\4.1.96.Final\netty-resolver-4.1.96.Final.jar;C:\Users\sajus\.m2\repository\io\opentelemetry\opentelemetry-api\1.28.0\opentelemetry-api-1.28.0.jar;C:\Users\sajus\.m2\repository\io\opentelemetry\opentelemetry-context\1.28.0\opentelemetry-context-1.28.0.jar;C:\Users\sajus\.m2\repository\io\opentelemetry\opentelemetry-exporter-logging\1.28.0\opentelemetry-exporter-logging-1.28.0.jar;C:\Users\sajus\.m2\repository\io\opentelemetry\opentelemetry-sdk-metrics\1.28.0\opentelemetry-sdk-metrics-1.28.0.jar;C:\Users\sajus\.m2\repository\io\opentelemetry\opentelemetry-extension-incubator\1.28.0-alpha\opentelemetry-extension-incubator-1.28.0-alpha.jar;C:\Users\sajus\.m2\repository\io\opentelemetry\opentelemetry-sdk-logs\1.28.0\opentelemetry-sdk-logs-1.28.0.jar;C:\Users\sajus\.m2\repository\io\opentelemetry\opentelemetry-sdk-common\1.28.0\opentelemetry-sdk-common-1.28.0.jar;C:\Users\sajus\.m2\repository\io\opentelemetry\opentelemetry-sdk-extension-autoconfigure-spi\1.28.0\opentelemetry-sdk-extension-autoconfigure-spi-1.28.0.jar;C:\Users\sajus\.m2\repository\io\opentelemetry\opentelemetry-sdk-extension-autoconfigure\1.28.0\opentelemetry-sdk-extension-autoconfigure-1.28.0.jar;C:\Users\sajus\.m2\repository\io\opentelemetry\opentelemetry-api-events\1.28.0-alpha\opentelemetry-api-events-1.28.0-alpha.jar;C:\Users\sajus\.m2\repository\io\opentelemetry\opentelemetry-sdk-trace\1.28.0\opentelemetry-sdk-trace-1.28.0.jar;C:\Users\sajus\.m2\repository\io\opentelemetry\opentelemetry-sdk\1.28.0\opentelemetry-sdk-1.28.0.jar;C:\Users\sajus\.m2\repository\io\opentelemetry\opentelemetry-semconv\1.28.0-alpha\opentelemetry-semconv-1.28.0-alpha.jar;C:\Users\sajus\.m2\repository\net\bytebuddy\byte-buddy\1.14.5\byte-buddy-1.14.5.jar;C:\Users\sajus\.m2\repository\org\asynchttpclient\async-http-client\2.12.3\async-http-client-2.12.3.jar;C:\Users\sajus\.m2\repository\org\asynchttpclient\async-http-client-netty-utils\2.12.3\async-http-client-netty-utils-2.12.3.jar;C:\Users\sajus\.m2\repository\io\netty\netty-codec-socks\4.1.60.Final\netty-codec-socks-4.1.60.Final.jar;C:\Users\sajus\.m2\repository\io\netty\netty-handler-proxy\4.1.60.Final\netty-handler-proxy-4.1.60.Final.jar;C:\Users\sajus\.m2\repository\io\netty\netty-transport-native-epoll\4.1.60.Final\netty-transport-native-epoll-4.1.60.Final-linux-x86_64.jar;C:\Users\sajus\.m2\repository\io\netty\netty-transport-native-kqueue\4.1.60.Final\netty-transport-native-kqueue-4.1.60.Final-osx-x86_64.jar;C:\Users\sajus\.m2\repository\org\reactivestreams\reactive-streams\1.0.3\reactive-streams-1.0.3.jar;C:\Users\sajus\.m2\repository\com\typesafe\netty\netty-reactive-streams\2.0.4\netty-reactive-streams-2.0.4.jar;C:\Users\sajus\.m2\repository\com\sun\activation\jakarta.activation\1.2.2\jakarta.activation-1.2.2.jar;C:\Users\sajus\.m2\repository\org\seleniumhq\selenium\selenium-http\4.13.0\selenium-http-4.13.0.jar;C:\Users\sajus\.m2\repository\dev\failsafe\failsafe\3.3.2\failsafe-3.3.2.jar;C:\Users\sajus\.m2\repository\org\seleniumhq\selenium\selenium-json\4.13.0\selenium-json-4.13.0.jar;C:\Users\sajus\.m2\repository\org\seleniumhq\selenium\selenium-manager\4.13.0\selenium-manager-4.13.0.jar;C:\Users\sajus\.m2\repository\org\seleniumhq\selenium\selenium-os\4.13.0\selenium-os-4.13.0.jar;C:\Users\sajus\.m2\repository\org\apache\commons\commons-exec\1.3\commons-exec-1.3.jar;C:\Users\sajus\.m2\repository\org\testng\testng\7.11.0\testng-7.11.0.jar;C:\Users\sajus\.m2\repository\org\jcommander\jcommander\1.83\jcommander-1.83.jar;C:\Users\sajus\.m2\repository\org\webjars\jquery\3.7.1\jquery-3.7.1.jar;C:\Users\sajus\.m2\repository\com\aventstack\extentreports\5.0.9\extentreports-5.0.9.jar;C:\Users\sajus\.m2\repository\io\reactivex\rxjava3\rxjava\3.0.4\rxjava-3.0.4.jar;C:\Users\sajus\.m2\repository\org\freemarker\freemarker\2.3.30\freemarker-2.3.30.jar;C:\Users\sajus\.m2\repository\com\fasterxml\jackson\core\jackson-databind\2.15.2\jackson-databind-2.15.2.jar;C:\Users\sajus\.m2\repository\com\fasterxml\jackson\core\jackson-annotations\2.15.2\jackson-annotations-2.15.2.jar;C:\Users\sajus\.m2\repository\com\fasterxml\jackson\core\jackson-core\2.15.2\jackson-core-2.15.2.jar;C:\Users\sajus\.m2\repository\org\apache\logging\log4j\log4j-core\2.20.0\log4j-core-2.20.0.jar;C:\Users\sajus\.m2\repository\org\apache\logging\log4j\log4j-api\2.20.0\log4j-api-2.20.0.jar;C:\Users\sajus\.m2\repository\org\slf4j\slf4j-simple\2.0.9\slf4j-simple-2.0.9.jar;C:\Users\sajus\.m2\repository\org\projectlombok\lombok\1.18.28\lombok-1.18.28.jar;C:\Users\sajus\.m2\repository\com\beust\jcommander\1.82\jcommander-1.82.jar;C:\Users\sajus\.m2\repository\io\qameta\allure\allure-testng\2.29.0\allure-testng-2.29.0.jar;C:\Users\sajus\.m2\repository\io\qameta\allure\allure-java-commons\2.29.0\allure-java-commons-2.29.0.jar;C:\Users\sajus\.m2\repository\io\qameta\allure\allure-model\2.29.0\allure-model-2.29.0.jar;C:\Users\sajus\.m2\repository\io\qameta\allure\allure-test-filter\2.29.0\allure-test-filter-2.29.0.jar;C:\Users\sajus\.m2\repository\org\aspectj\aspectjweaver\1.9.20\aspectjweaver-1.9.20.jar;"/>
    <property name="java.vm.vendor" value="Oracle Corporation"/>
    <property name="sun.arch.data.model" value="64"/>
    <property name="user.variant" value=""/>
    <property name="java.vendor.url" value="https://openjdk.java.net/"/>
    <property name="user.timezone" value="America/Toronto"/>
    <property name="java.vm.specification.version" value="11"/>
    <property name="os.name" value="Windows 11"/>
    <property name="sun.java.launcher" value="SUN_STANDARD"/>
    <property name="user.country" value="CA"/>
    <property name="sun.boot.library.path" value="C:\Program Files\jdk-11.0.26\bin"/>
    <property name="sun.java.command" value="C:\Users\sajus\AppData\Local\Temp\surefire15155690507334730032\surefirebooter-20250619140330543_3.jar C:\Users\sajus\AppData\Local\Temp\surefire15155690507334730032 2025-06-19T14-03-29_897-jvmRun1 surefire-20250619140330543_1tmp surefire_0-20250619140330543_2tmp"/>
    <property name="jdk.debug" value="release"/>
    <property name="surefire.test.class.path" value="C:\Users\sajus\IdeaProjects\appium_Device\target\test-classes;C:\Users\sajus\IdeaProjects\appium_Device\target\classes;C:\Users\sajus\.m2\repository\io\appium\java-client\8.5.1\java-client-8.5.1.jar;C:\Users\sajus\.m2\repository\org\seleniumhq\selenium\selenium-api\4.33.0\selenium-api-4.33.0.jar;C:\Users\sajus\.m2\repository\org\jspecify\jspecify\1.0.0\jspecify-1.0.0.jar;C:\Users\sajus\.m2\repository\org\seleniumhq\selenium\selenium-support\4.33.0\selenium-support-4.33.0.jar;C:\Users\sajus\.m2\repository\com\google\code\gson\gson\2.10.1\gson-2.10.1.jar;C:\Users\sajus\.m2\repository\commons-validator\commons-validator\1.7\commons-validator-1.7.jar;C:\Users\sajus\.m2\repository\commons-beanutils\commons-beanutils\1.9.4\commons-beanutils-1.9.4.jar;C:\Users\sajus\.m2\repository\commons-digester\commons-digester\2.1\commons-digester-2.1.jar;C:\Users\sajus\.m2\repository\commons-logging\commons-logging\1.2\commons-logging-1.2.jar;C:\Users\sajus\.m2\repository\commons-collections\commons-collections\3.2.2\commons-collections-3.2.2.jar;C:\Users\sajus\.m2\repository\org\apache\commons\commons-lang3\3.12.0\commons-lang3-3.12.0.jar;C:\Users\sajus\.m2\repository\commons-io\commons-io\2.12.0\commons-io-2.12.0.jar;C:\Users\sajus\.m2\repository\org\slf4j\slf4j-api\2.0.7\slf4j-api-2.0.7.jar;C:\Users\sajus\.m2\repository\org\seleniumhq\selenium\selenium-java\4.8.0\selenium-java-4.8.0.jar;C:\Users\sajus\.m2\repository\org\seleniumhq\selenium\selenium-chrome-driver\4.8.0\selenium-chrome-driver-4.8.0.jar;C:\Users\sajus\.m2\repository\com\google\auto\service\auto-service\1.0.1\auto-service-1.0.1.jar;C:\Users\sajus\.m2\repository\com\google\auto\auto-common\1.2\auto-common-1.2.jar;C:\Users\sajus\.m2\repository\org\seleniumhq\selenium\selenium-chromium-driver\4.8.0\selenium-chromium-driver-4.8.0.jar;C:\Users\sajus\.m2\repository\org\seleniumhq\selenium\selenium-devtools-v107\4.8.0\selenium-devtools-v107-4.8.0.jar;C:\Users\sajus\.m2\repository\org\seleniumhq\selenium\selenium-devtools-v108\4.8.0\selenium-devtools-v108-4.8.0.jar;C:\Users\sajus\.m2\repository\org\seleniumhq\selenium\selenium-devtools-v109\4.8.0\selenium-devtools-v109-4.8.0.jar;C:\Users\sajus\.m2\repository\org\seleniumhq\selenium\selenium-devtools-v85\4.8.0\selenium-devtools-v85-4.8.0.jar;C:\Users\sajus\.m2\repository\org\seleniumhq\selenium\selenium-edge-driver\4.8.0\selenium-edge-driver-4.8.0.jar;C:\Users\sajus\.m2\repository\org\seleniumhq\selenium\selenium-firefox-driver\4.8.0\selenium-firefox-driver-4.8.0.jar;C:\Users\sajus\.m2\repository\org\seleniumhq\selenium\selenium-ie-driver\4.8.0\selenium-ie-driver-4.8.0.jar;C:\Users\sajus\.m2\repository\org\seleniumhq\selenium\selenium-safari-driver\4.8.0\selenium-safari-driver-4.8.0.jar;C:\Users\sajus\.m2\repository\org\seleniumhq\selenium\selenium-remote-driver\4.13.0\selenium-remote-driver-4.13.0.jar;C:\Users\sajus\.m2\repository\com\google\auto\service\auto-service-annotations\1.1.1\auto-service-annotations-1.1.1.jar;C:\Users\sajus\.m2\repository\com\google\guava\guava\32.1.2-jre\guava-32.1.2-jre.jar;C:\Users\sajus\.m2\repository\com\google\guava\failureaccess\1.0.1\failureaccess-1.0.1.jar;C:\Users\sajus\.m2\repository\com\google\guava\listenablefuture\9999.0-empty-to-avoid-conflict-with-guava\listenablefuture-9999.0-empty-to-avoid-conflict-with-guava.jar;C:\Users\sajus\.m2\repository\com\google\code\findbugs\jsr305\3.0.2\jsr305-3.0.2.jar;C:\Users\sajus\.m2\repository\org\checkerframework\checker-qual\3.33.0\checker-qual-3.33.0.jar;C:\Users\sajus\.m2\repository\com\google\errorprone\error_prone_annotations\2.18.0\error_prone_annotations-2.18.0.jar;C:\Users\sajus\.m2\repository\com\google\j2objc\j2objc-annotations\2.8\j2objc-annotations-2.8.jar;C:\Users\sajus\.m2\repository\io\netty\netty-buffer\4.1.96.Final\netty-buffer-4.1.96.Final.jar;C:\Users\sajus\.m2\repository\io\netty\netty-codec-http\4.1.96.Final\netty-codec-http-4.1.96.Final.jar;C:\Users\sajus\.m2\repository\io\netty\netty-codec\4.1.96.Final\netty-codec-4.1.96.Final.jar;C:\Users\sajus\.m2\repository\io\netty\netty-handler\4.1.96.Final\netty-handler-4.1.96.Final.jar;C:\Users\sajus\.m2\repository\io\netty\netty-common\4.1.96.Final\netty-common-4.1.96.Final.jar;C:\Users\sajus\.m2\repository\io\netty\netty-transport-classes-epoll\4.1.96.Final\netty-transport-classes-epoll-4.1.96.Final.jar;C:\Users\sajus\.m2\repository\io\netty\netty-transport-classes-kqueue\4.1.96.Final\netty-transport-classes-kqueue-4.1.96.Final.jar;C:\Users\sajus\.m2\repository\io\netty\netty-transport-native-epoll\4.1.96.Final\netty-transport-native-epoll-4.1.96.Final.jar;C:\Users\sajus\.m2\repository\io\netty\netty-transport-native-kqueue\4.1.96.Final\netty-transport-native-kqueue-4.1.96.Final.jar;C:\Users\sajus\.m2\repository\io\netty\netty-transport-native-unix-common\4.1.96.Final\netty-transport-native-unix-common-4.1.96.Final.jar;C:\Users\sajus\.m2\repository\io\netty\netty-transport\4.1.96.Final\netty-transport-4.1.96.Final.jar;C:\Users\sajus\.m2\repository\io\netty\netty-resolver\4.1.96.Final\netty-resolver-4.1.96.Final.jar;C:\Users\sajus\.m2\repository\io\opentelemetry\opentelemetry-api\1.28.0\opentelemetry-api-1.28.0.jar;C:\Users\sajus\.m2\repository\io\opentelemetry\opentelemetry-context\1.28.0\opentelemetry-context-1.28.0.jar;C:\Users\sajus\.m2\repository\io\opentelemetry\opentelemetry-exporter-logging\1.28.0\opentelemetry-exporter-logging-1.28.0.jar;C:\Users\sajus\.m2\repository\io\opentelemetry\opentelemetry-sdk-metrics\1.28.0\opentelemetry-sdk-metrics-1.28.0.jar;C:\Users\sajus\.m2\repository\io\opentelemetry\opentelemetry-extension-incubator\1.28.0-alpha\opentelemetry-extension-incubator-1.28.0-alpha.jar;C:\Users\sajus\.m2\repository\io\opentelemetry\opentelemetry-sdk-logs\1.28.0\opentelemetry-sdk-logs-1.28.0.jar;C:\Users\sajus\.m2\repository\io\opentelemetry\opentelemetry-sdk-common\1.28.0\opentelemetry-sdk-common-1.28.0.jar;C:\Users\sajus\.m2\repository\io\opentelemetry\opentelemetry-sdk-extension-autoconfigure-spi\1.28.0\opentelemetry-sdk-extension-autoconfigure-spi-1.28.0.jar;C:\Users\sajus\.m2\repository\io\opentelemetry\opentelemetry-sdk-extension-autoconfigure\1.28.0\opentelemetry-sdk-extension-autoconfigure-1.28.0.jar;C:\Users\sajus\.m2\repository\io\opentelemetry\opentelemetry-api-events\1.28.0-alpha\opentelemetry-api-events-1.28.0-alpha.jar;C:\Users\sajus\.m2\repository\io\opentelemetry\opentelemetry-sdk-trace\1.28.0\opentelemetry-sdk-trace-1.28.0.jar;C:\Users\sajus\.m2\repository\io\opentelemetry\opentelemetry-sdk\1.28.0\opentelemetry-sdk-1.28.0.jar;C:\Users\sajus\.m2\repository\io\opentelemetry\opentelemetry-semconv\1.28.0-alpha\opentelemetry-semconv-1.28.0-alpha.jar;C:\Users\sajus\.m2\repository\net\bytebuddy\byte-buddy\1.14.5\byte-buddy-1.14.5.jar;C:\Users\sajus\.m2\repository\org\asynchttpclient\async-http-client\2.12.3\async-http-client-2.12.3.jar;C:\Users\sajus\.m2\repository\org\asynchttpclient\async-http-client-netty-utils\2.12.3\async-http-client-netty-utils-2.12.3.jar;C:\Users\sajus\.m2\repository\io\netty\netty-codec-socks\4.1.60.Final\netty-codec-socks-4.1.60.Final.jar;C:\Users\sajus\.m2\repository\io\netty\netty-handler-proxy\4.1.60.Final\netty-handler-proxy-4.1.60.Final.jar;C:\Users\sajus\.m2\repository\io\netty\netty-transport-native-epoll\4.1.60.Final\netty-transport-native-epoll-4.1.60.Final-linux-x86_64.jar;C:\Users\sajus\.m2\repository\io\netty\netty-transport-native-kqueue\4.1.60.Final\netty-transport-native-kqueue-4.1.60.Final-osx-x86_64.jar;C:\Users\sajus\.m2\repository\org\reactivestreams\reactive-streams\1.0.3\reactive-streams-1.0.3.jar;C:\Users\sajus\.m2\repository\com\typesafe\netty\netty-reactive-streams\2.0.4\netty-reactive-streams-2.0.4.jar;C:\Users\sajus\.m2\repository\com\sun\activation\jakarta.activation\1.2.2\jakarta.activation-1.2.2.jar;C:\Users\sajus\.m2\repository\org\seleniumhq\selenium\selenium-http\4.13.0\selenium-http-4.13.0.jar;C:\Users\sajus\.m2\repository\dev\failsafe\failsafe\3.3.2\failsafe-3.3.2.jar;C:\Users\sajus\.m2\repository\org\seleniumhq\selenium\selenium-json\4.13.0\selenium-json-4.13.0.jar;C:\Users\sajus\.m2\repository\org\seleniumhq\selenium\selenium-manager\4.13.0\selenium-manager-4.13.0.jar;C:\Users\sajus\.m2\repository\org\seleniumhq\selenium\selenium-os\4.13.0\selenium-os-4.13.0.jar;C:\Users\sajus\.m2\repository\org\apache\commons\commons-exec\1.3\commons-exec-1.3.jar;C:\Users\sajus\.m2\repository\org\testng\testng\7.11.0\testng-7.11.0.jar;C:\Users\sajus\.m2\repository\org\jcommander\jcommander\1.83\jcommander-1.83.jar;C:\Users\sajus\.m2\repository\org\webjars\jquery\3.7.1\jquery-3.7.1.jar;C:\Users\sajus\.m2\repository\com\aventstack\extentreports\5.0.9\extentreports-5.0.9.jar;C:\Users\sajus\.m2\repository\io\reactivex\rxjava3\rxjava\3.0.4\rxjava-3.0.4.jar;C:\Users\sajus\.m2\repository\org\freemarker\freemarker\2.3.30\freemarker-2.3.30.jar;C:\Users\sajus\.m2\repository\com\fasterxml\jackson\core\jackson-databind\2.15.2\jackson-databind-2.15.2.jar;C:\Users\sajus\.m2\repository\com\fasterxml\jackson\core\jackson-annotations\2.15.2\jackson-annotations-2.15.2.jar;C:\Users\sajus\.m2\repository\com\fasterxml\jackson\core\jackson-core\2.15.2\jackson-core-2.15.2.jar;C:\Users\sajus\.m2\repository\org\apache\logging\log4j\log4j-core\2.20.0\log4j-core-2.20.0.jar;C:\Users\sajus\.m2\repository\org\apache\logging\log4j\log4j-api\2.20.0\log4j-api-2.20.0.jar;C:\Users\sajus\.m2\repository\org\slf4j\slf4j-simple\2.0.9\slf4j-simple-2.0.9.jar;C:\Users\sajus\.m2\repository\org\projectlombok\lombok\1.18.28\lombok-1.18.28.jar;C:\Users\sajus\.m2\repository\com\beust\jcommander\1.82\jcommander-1.82.jar;C:\Users\sajus\.m2\repository\io\qameta\allure\allure-testng\2.29.0\allure-testng-2.29.0.jar;C:\Users\sajus\.m2\repository\io\qameta\allure\allure-java-commons\2.29.0\allure-java-commons-2.29.0.jar;C:\Users\sajus\.m2\repository\io\qameta\allure\allure-model\2.29.0\allure-model-2.29.0.jar;C:\Users\sajus\.m2\repository\io\qameta\allure\allure-test-filter\2.29.0\allure-test-filter-2.29.0.jar;C:\Users\sajus\.m2\repository\org\aspectj\aspectjweaver\1.9.20\aspectjweaver-1.9.20.jar;"/>
    <property name="allure.results.directory" value="C:\Users\sajus\IdeaProjects\appium_Device\target/allure-results"/>
    <property name="sun.cpu.endian" value="little"/>
    <property name="user.home" value="C:\Users\sajus"/>
    <property name="user.language" value="en"/>
    <property name="java.specification.vendor" value="Oracle Corporation"/>
    <property name="java.version.date" value="2025-01-21"/>
    <property name="java.home" value="C:\Program Files\jdk-11.0.26"/>
    <property name="file.separator" value="\"/>
    <property name="basedir" value="C:\Users\sajus\IdeaProjects\appium_Device"/>
    <property name="java.vm.compressedOopsMode" value="32-bit"/>
    <property name="line.separator" value="&#10;"/>
    <property name="java.specification.name" value="Java Platform API Specification"/>
    <property name="java.vm.specification.vendor" value="Oracle Corporation"/>
    <property name="java.awt.graphicsenv" value="sun.awt.Win32GraphicsEnvironment"/>
    <property name="surefire.real.class.path" value="C:\Users\sajus\AppData\Local\Temp\surefire15155690507334730032\surefirebooter-20250619140330543_3.jar"/>
    <property name="user.script" value=""/>
    <property name="sun.management.compiler" value="HotSpot 64-Bit Tiered Compilers"/>
    <property name="java.runtime.version" value="11.0.26+7-LTS-187"/>
    <property name="user.name" value="sajus"/>
    <property name="path.separator" value=";"/>
    <property name="os.version" value="10.0"/>
    <property name="java.runtime.name" value="Java(TM) SE Runtime Environment"/>
    <property name="file.encoding" value="Cp1252"/>
    <property name="java.vm.name" value="Java HotSpot(TM) 64-Bit Server VM"/>
    <property name="java.vendor.version" value="18.9"/>
    <property name="localRepository" value="C:\Users\sajus\.m2\repository"/>
    <property name="java.vendor.url.bug" value="https://bugreport.java.com/bugreport/"/>
    <property name="java.io.tmpdir" value="C:\Users\sajus\AppData\Local\Temp\"/>
    <property name="java.version" value="11.0.26"/>
    <property name="user.dir" value="C:\Users\sajus\IdeaProjects\appium_Device"/>
    <property name="os.arch" value="amd64"/>
    <property name="java.vm.specification.name" value="Java Virtual Machine Specification"/>
    <property name="java.awt.printerjob" value="sun.awt.windows.WPrinterJob"/>
    <property name="sun.os.patch.level" value=""/>
    <property name="java.library.path" value="C:\Program Files\jdk-11.0.26\bin;C:\WINDOWS\Sun\Java\bin;C:\WINDOWS\system32;C:\WINDOWS;C:\WINDOWS\system32;C:\WINDOWS;C:\WINDOWS\System32\Wbem;C:\WINDOWS\System32\WindowsPowerShell\v1.0\;C:\WINDOWS\System32\OpenSSH\;C:\Program Files\dotnet\;C:\Program Files\nodejs\;C:\Users\sajus\AppData\Local\Android\Sdk\tools\bin;C:\Users\sajus\AppData\Local\Android\Sdk\platform-tools;C:\Program Files\jdk-11.0.26\bin;C:\Program Files\apache-maven-3.9.9\apache-maven-3.9.9\bin;C:\Program Files\Git\cmd;C:\Users\sajus\AppData\Local\Microsoft\WindowsApps;C:\Users\sajus\AppData\Local\Programs\Microsoft VS Code\bin;C:\Users\sajus\AppData\Roaming\npm;;."/>
    <property name="java.vendor" value="Oracle Corporation"/>
    <property name="java.vm.info" value="mixed mode"/>
    <property name="java.vm.version" value="11.0.26+7-LTS-187"/>
    <property name="java.specification.maintenance.version" value="3"/>
    <property name="sun.io.unicode.encoding" value="UnicodeLittle"/>
    <property name="java.class.version" value="55.0"/>
  </properties>
  <testcase name="setUp[1, 1](0)" classname="org.testCase.TestCase1" time="13.075">
    <failure message="Could not start a new session. Response code 500. Message: An unknown server-side error occurred while processing the command. Original error: Device R3CRC00KHBT was not in the list of connected devices &#10;Host info: host: &apos;ELSA&apos;, ip: &apos;192.168.2.20&apos;&#10;Build info: version: &apos;4.33.0&apos;, revision: &apos;2c6aaad03a&apos;&#10;System info: os.name: &apos;Windows 11&apos;, os.arch: &apos;amd64&apos;, os.version: &apos;10.0&apos;, java.version: &apos;11.0.26&apos;&#10;Driver info: io.appium.java_client.android.AndroidDriver&#10;Command: [null, newSession {capabilities=[{appium:appActivity=com.androidsample.generalstore.SplashActivity, appium:appPackage=com.androidsample.generalstore, appium:automationName=UiAutomator2, appium:deviceName=Samsung_Galaxy_S21, appium:noReset=true, platformName=ANDROID, appium:platformVersion=10.0, appium:systemPort=8201, appium:udid=R3CRC00KHBT}], desiredCapabilities=Capabilities {appActivity: com.androidsample.generalst..., appPackage: com.androidsample.generalstore, automationName: UiAutomator2, deviceName: Samsung_Galaxy_S21, noReset: true, platformName: ANDROID, platformVersion: 10.0, systemPort: 8201, udid: R3CRC00KHBT}}]&#10;Capabilities {appActivity: com.androidsample.generalst..., appPackage: com.androidsample.generalstore, automationName: UiAutomator2, deviceName: Samsung_Galaxy_S21, noReset: true, platformName: ANDROID, platformVersion: 10.0, systemPort: 8201, udid: R3CRC00KHBT}" type="org.openqa.selenium.SessionNotCreatedException"><![CDATA[org.openqa.selenium.SessionNotCreatedException: 
Could not start a new session. Response code 500. Message: An unknown server-side error occurred while processing the command. Original error: Device R3CRC00KHBT was not in the list of connected devices 
Host info: host: 'ELSA', ip: '192.168.2.20'
Build info: version: '4.33.0', revision: '2c6aaad03a'
System info: os.name: 'Windows 11', os.arch: 'amd64', os.version: '10.0', java.version: '11.0.26'
Driver info: io.appium.java_client.android.AndroidDriver
Command: [null, newSession {capabilities=[{appium:appActivity=com.androidsample.generalstore.SplashActivity, appium:appPackage=com.androidsample.generalstore, appium:automationName=UiAutomator2, appium:deviceName=Samsung_Galaxy_S21, appium:noReset=true, platformName=ANDROID, appium:platformVersion=10.0, appium:systemPort=8201, appium:udid=R3CRC00KHBT}], desiredCapabilities=Capabilities {appActivity: com.androidsample.generalst..., appPackage: com.androidsample.generalstore, automationName: UiAutomator2, deviceName: Samsung_Galaxy_S21, noReset: true, platformName: ANDROID, platformVersion: 10.0, systemPort: 8201, udid: R3CRC00KHBT}}]
Capabilities {appActivity: com.androidsample.generalst..., appPackage: com.androidsample.generalstore, automationName: UiAutomator2, deviceName: Samsung_Galaxy_S21, noReset: true, platformName: ANDROID, platformVersion: 10.0, systemPort: 8201, udid: R3CRC00KHBT}
	at org.openqa.selenium.remote.ProtocolHandshake.createSession(ProtocolHandshake.java:140)
	at java.base/jdk.internal.reflect.NativeMethodAccessorImpl.invoke0(Native Method)
	at java.base/jdk.internal.reflect.NativeMethodAccessorImpl.invoke(NativeMethodAccessorImpl.java:62)
	at java.base/jdk.internal.reflect.DelegatingMethodAccessorImpl.invoke(DelegatingMethodAccessorImpl.java:43)
	at java.base/java.lang.reflect.Method.invoke(Method.java:566)
	at io.appium.java_client.remote.AppiumProtocolHandshake.createSession(AppiumProtocolHandshake.java:133)
	at io.appium.java_client.remote.AppiumProtocolHandshake.createSession(AppiumProtocolHandshake.java:102)
	at io.appium.java_client.remote.AppiumCommandExecutor.createSession(AppiumCommandExecutor.java:182)
	at io.appium.java_client.remote.AppiumCommandExecutor.execute(AppiumCommandExecutor.java:250)
	at org.openqa.selenium.remote.RemoteWebDriver.execute(RemoteWebDriver.java:602)
	at io.appium.java_client.AppiumDriver.startSession(AppiumDriver.java:274)
	at org.openqa.selenium.remote.RemoteWebDriver.<init>(RemoteWebDriver.java:163)
	at io.appium.java_client.AppiumDriver.<init>(AppiumDriver.java:89)
	at io.appium.java_client.AppiumDriver.<init>(AppiumDriver.java:101)
	at io.appium.java_client.android.AndroidDriver.<init>(AndroidDriver.java:113)
	at org.appium.TestUtils.BaseTest.setUp(BaseTest.java:45)
	at java.base/jdk.internal.reflect.NativeMethodAccessorImpl.invoke0(Native Method)
	at java.base/jdk.internal.reflect.NativeMethodAccessorImpl.invoke(NativeMethodAccessorImpl.java:62)
	at java.base/jdk.internal.reflect.DelegatingMethodAccessorImpl.invoke(DelegatingMethodAccessorImpl.java:43)
	at java.base/java.lang.reflect.Method.invoke(Method.java:566)
	at org.testng.internal.invokers.MethodInvocationHelper.invokeMethod(MethodInvocationHelper.java:141)
	at org.testng.internal.invokers.MethodInvocationHelper.invokeMethodConsideringTimeout(MethodInvocationHelper.java:71)
	at org.testng.internal.invokers.ConfigInvoker.invokeConfigurationMethod(ConfigInvoker.java:400)
	at org.testng.internal.invokers.ConfigInvoker.invokeConfigurations(ConfigInvoker.java:333)
	at org.testng.internal.invokers.TestMethodWorker.invokeBeforeClassMethods(TestMethodWorker.java:188)
	at org.testng.internal.invokers.TestMethodWorker.run(TestMethodWorker.java:128)
	at java.base/java.util.ArrayList.forEach(ArrayList.java:1541)
	at org.testng.TestRunner.privateRun(TestRunner.java:741)
	at org.testng.TestRunner.run(TestRunner.java:616)
	at org.testng.SuiteRunner.runTest(SuiteRunner.java:421)
	at org.testng.SuiteRunner$SuiteWorker.run(SuiteRunner.java:463)
	at org.testng.internal.thread.ThreadUtil.lambda$execute$0(ThreadUtil.java:64)
	at java.base/java.util.concurrent.FutureTask.run(FutureTask.java:264)
	at java.base/java.util.concurrent.ThreadPoolExecutor.runWorker(ThreadPoolExecutor.java:1128)
	at java.base/java.util.concurrent.ThreadPoolExecutor$Worker.run(ThreadPoolExecutor.java:628)
	at java.base/java.lang.Thread.run(Thread.java:834)
]]></failure>
    <system-out><![CDATA[&amp#27;[38;5;112m[Appium]&amp#27;[0m Welcome to Appium v2.19.0
&amp#27;[38;5;112m[Appium]&amp#27;[0m Welcome to Appium v2.19.0
&amp#27;[38;5;112m[Appium]&amp#27;[0m The autodetected Appium home path: C:\Users\sajus\.appium
&amp#27;[38;5;112m[Appium]&amp#27;[0m Non-default server args:
&amp#27;[38;5;112m[Appium]&amp#27;[0m Attempting to load driver uiautomator2...
&amp#27;[38;5;112m[Appium]&amp#27;[0m { port: &amp#27;[33m4724&amp#27;[39m }
&amp#27;[38;5;112m[Appium]&amp#27;[0m The autodetected Appium home path: C:\Users\sajus\.appium
&amp#27;[38;5;112m[Appium]&amp#27;[0m Attempting to load driver uiautomator2...
&amp#27;[38;5;112m[Appium]&amp#27;[0m Requiring driver at C:\Users\sajus\.appium\node_modules\appium-uiautomator2-driver\build\index.js
&amp#27;[38;5;112m[Appium]&amp#27;[0m Requiring driver at C:\Users\sajus\.appium\node_modules\appium-uiautomator2-driver\build\index.js
&amp#27;[38;5;112m[Appium]&amp#27;[0m AndroidUiautomator2Driver has been successfully loaded in 1.834s
&amp#27;[38;5;112m[Appium]&amp#27;[0m AndroidUiautomator2Driver has been successfully loaded in 1.832s
&amp#27;[38;5;112m[Appium]&amp#27;[0m Appium REST http interface listener started on http://0.0.0.0:4723
&amp#27;[38;5;112m[Appium]&amp#27;[0m Appium REST http interface listener started on http://0.0.0.0:4724
&amp#27;[38;5;112m[Appium]&amp#27;[0m You can provide the following URLs in your client code to connect to this server:
	http://192.168.2.20:4723/
	http://127.0.0.1:4723/ (only accessible from the same host)
&amp#27;[38;5;112m[Appium]&amp#27;[0m You can provide the following URLs in your client code to connect to this server:
	http://192.168.2.20:4724/
	http://127.0.0.1:4724/ (only accessible from the same host)
&amp#27;[38;5;112m[Appium]&amp#27;[0m Available drivers:
&amp#27;[38;5;112m[Appium]&amp#27;[0m   - uiautomator2@4.2.3 (automationName 'UiAutomator2')
&amp#27;[38;5;112m[Appium]&amp#27;[0m Available drivers:
&amp#27;[38;5;112m[Appium]&amp#27;[0m   - uiautomator2@4.2.3 (automationName 'UiAutomator2')
&amp#27;[38;5;112m[Appium]&amp#27;[0m No plugins have been installed. Use the "appium plugin" command to install the one(s) you want to use.
&amp#27;[38;5;112m[Appium]&amp#27;[0m No plugins have been installed. Use the "appium plugin" command to install the one(s) you want to use.
&amp#27;[38;5;86m[HTTP]&amp#27;[0m &amp#27;[37m-->&amp#27;[39m &amp#27;[37mGET&amp#27;[39m &amp#27;[37m/status&amp#27;[39m &amp#27;[90m{}&amp#27;[39m
&amp#27;[38;5;86m[HTTP]&amp#27;[0m &amp#27;[37m-->&amp#27;[39m &amp#27;[37mGET&amp#27;[39m &amp#27;[37m/status&amp#27;[39m &amp#27;[90m{}&amp#27;[39m
&amp#27;[38;5;85m[AppiumDriver@8fde]&amp#27;[0m Calling AppiumDriver.getStatus() with args: []
&amp#27;[38;5;203m[AppiumDriver@822c]&amp#27;[0m Calling AppiumDriver.getStatus() with args: []
&amp#27;[38;5;85m[AppiumDriver@8fde]&amp#27;[0m Responding to client with driver.getStatus() result: {"ready":true,"message":"The server is ready to accept new connections","build":{"version":"2.19.0"}}
&amp#27;[38;5;203m[AppiumDriver@822c]&amp#27;[0m Responding to client with driver.getStatus() result: {"ready":true,"message":"The server is ready to accept new connections","build":{"version":"2.19.0"}}
&amp#27;[38;5;86m[HTTP]&amp#27;[0m &amp#27;[37m<-- GET /status &amp#27;[39m&amp#27;[32m200&amp#27;[39m &amp#27;[90m24 ms - 111&amp#27;[39m &amp#27;[90m&amp#27;[39m
&amp#27;[38;5;86m[HTTP]&amp#27;[0m &amp#27;[37m<-- GET /status &amp#27;[39m&amp#27;[32m200&amp#27;[39m &amp#27;[90m25 ms - 111&amp#27;[39m &amp#27;[90m&amp#27;[39m
Appium server started on port: 4723
Appium server started on port: 4724
&amp#27;[38;5;86m[HTTP]&amp#27;[0m Request idempotency key: 49771ec9-49b8-44a2-952e-e1174440621d
&amp#27;[38;5;86m[HTTP]&amp#27;[0m Request idempotency key: f71315e3-1e94-47dd-8451-1f32454219b4
&amp#27;[38;5;86m[HTTP]&amp#27;[0m &amp#27;[37m-->&amp#27;[39m &amp#27;[37mPOST&amp#27;[39m &amp#27;[37m/session&amp#27;[39m &amp#27;[90m{"capabilities":{"firstMatch":[{}],"alwaysMatch":{"appium:appActivity":"com.androidsample.generalstore.SplashActivity","appium:appPackage":"com.androidsample.generalstore","appium:automationName":"UiAutomator2","appium:deviceName":"Nokia","appium:noReset":true,"appium:platformVersion":"11.0","appium:systemPort":8202,"appium:udid":"CTLID18120801016","platformName":"ANDROID"}}}&amp#27;[39m
&amp#27;[38;5;86m[HTTP]&amp#27;[0m &amp#27;[37m-->&amp#27;[39m &amp#27;[37mPOST&amp#27;[39m &amp#27;[37m/session&amp#27;[39m &amp#27;[90m{"capabilities":{"firstMatch":[{}],"alwaysMatch":{"appium:appActivity":"com.androidsample.generalstore.SplashActivity","appium:appPackage":"com.androidsample.generalstore","appium:automationName":"UiAutomator2","appium:deviceName":"Samsung_Galaxy_S21","appium:noReset":true,"appium:platformVersion":"10.0","appium:systemPort":8201,"appium:udid":"R3CRC00KHBT","platformName":"ANDROID"}}}&amp#27;[39m
&amp#27;[38;5;203m[AppiumDriver@822c]&amp#27;[0m Calling AppiumDriver.createSession() with args: [null,null,{"firstMatch":[{}],"alwaysMatch":{"appium:appActivity":"com.androidsample.generalstore.SplashActivity","appium:appPackage":"com.androidsample.generalstore","appium:automationName":"UiAutomator2","appium:deviceName":"Nokia","appium:noReset":true,"appium:platformVersion":"11.0","appium:systemPort":8202,"appium:udid":"CTLID18120801016","platformName":"ANDROID"}}]
&amp#27;[38;5;85m[AppiumDriver@8fde]&amp#27;[0m Calling AppiumDriver.createSession() with args: [null,null,{"firstMatch":[{}],"alwaysMatch":{"appium:appActivity":"com.androidsample.generalstore.SplashActivity","appium:appPackage":"com.androidsample.generalstore","appium:automationName":"UiAutomator2","appium:deviceName":"Samsung_Galaxy_S21","appium:noReset":true,"appium:platformVersion":"10.0","appium:systemPort":8201,"appium:udid":"R3CRC00KHBT","platformName":"ANDROID"}}]
&amp#27;[38;5;203m[AppiumDriver@822c]&amp#27;[0m Event 'newSessionRequested' logged at 1750356224451 (14:03:44 GMT-0400 (Eastern Daylight Saving Time))
&amp#27;[38;5;85m[AppiumDriver@8fde]&amp#27;[0m Event 'newSessionRequested' logged at 1750356224451 (14:03:44 GMT-0400 (Eastern Daylight Saving Time))
&amp#27;[38;5;112m[Appium]&amp#27;[0m Attempting to find matching driver for automationName 'UiAutomator2' and platformName 'ANDROID'
&amp#27;[38;5;112m[Appium]&amp#27;[0m The 'uiautomator2' driver was installed and matched caps.
&amp#27;[38;5;112m[Appium]&amp#27;[0m Will require it at C:\Users\sajus\.appium\node_modules\appium-uiautomator2-driver
&amp#27;[38;5;112m[Appium]&amp#27;[0m Attempting to find matching driver for automationName 'UiAutomator2' and platformName 'ANDROID'
&amp#27;[38;5;112m[Appium]&amp#27;[0m The 'uiautomator2' driver was installed and matched caps.
&amp#27;[38;5;112m[Appium]&amp#27;[0m Will require it at C:\Users\sajus\.appium\node_modules\appium-uiautomator2-driver
&amp#27;[38;5;112m[Appium]&amp#27;[0m Requiring driver at C:\Users\sajus\.appium\node_modules\appium-uiautomator2-driver\build\index.js
&amp#27;[38;5;85m[AppiumDriver@8fde]&amp#27;[0m Appium v2.19.0 creating new AndroidUiautomator2Driver (v4.2.3) session
&amp#27;[38;5;85m[AppiumDriver@8fde]&amp#27;[0m Checking BaseDriver versions for Appium and AndroidUiautomator2Driver
&amp#27;[38;5;85m[AppiumDriver@8fde]&amp#27;[0m Appium's BaseDriver version is 9.18.0
&amp#27;[38;5;85m[AppiumDriver@8fde]&amp#27;[0m AndroidUiautomator2Driver's BaseDriver version is 9.18.0
&amp#27;[38;5;112m[Appium]&amp#27;[0m Requiring driver at C:\Users\sajus\.appium\node_modules\appium-uiautomator2-driver\build\index.js
&amp#27;[38;5;203m[AppiumDriver@822c]&amp#27;[0m Appium v2.19.0 creating new AndroidUiautomator2Driver (v4.2.3) session
&amp#27;[38;5;203m[AppiumDriver@822c]&amp#27;[0m Checking BaseDriver versions for Appium and AndroidUiautomator2Driver
&amp#27;[38;5;203m[AppiumDriver@822c]&amp#27;[0m Appium's BaseDriver version is 9.18.0
&amp#27;[38;5;203m[AppiumDriver@822c]&amp#27;[0m AndroidUiautomator2Driver's BaseDriver version is 9.18.0
&amp#27;[38;5;-97m[AndroidUiautomator2Driver@1ebd]&amp#27;[0m 
&amp#27;[38;5;-121m[AndroidUiautomator2Driver@7a5e]&amp#27;[0m 
&amp#27;[38;5;-121m[AndroidUiautomator2Driver@7a5e]&amp#27;[0m Creating session with W3C capabilities: {
  "alwaysMatch": {
    "platformName": "ANDROID",
    "appium:appActivity": "com.androidsample.generalstore.SplashActivity",
    "appium:appPackage": "com.androidsample.generalstore",
    "appium:automationName": "UiAutomator2",
    "appium:deviceName": "Nokia",
    "appium:noReset": true,
    "appium:platformVersion": "11.0",
    "appium:systemPort": 8202,
    "appium:udid": "CTLID18120801016"
  },
  "firstMatch": [
    {}
  ]
}
&amp#27;[38;5;-97m[AndroidUiautomator2Driver@1ebd]&amp#27;[0m Creating session with W3C capabilities: {
  "alwaysMatch": {
    "platformName": "ANDROID",
    "appium:appActivity": "com.androidsample.generalstore.SplashActivity",
    "appium:appPackage": "com.androidsample.generalstore",
    "appium:automationName": "UiAutomator2",
    "appium:deviceName": "Samsung_Galaxy_S21",
    "appium:noReset": true,
    "appium:platformVersion": "10.0",
    "appium:systemPort": 8201,
    "appium:udid": "R3CRC00KHBT"
  },
  "firstMatch": [
    {}
  ]
}
&amp#27;[38;5;31m[66eb8693]&amp#27;[0m&amp#27;[38;5;-97m[AndroidUiautomator2Driver@1ebd]&amp#27;[0m Session created with session id: 66eb8693-1bdb-4795-99bc-7af180350d3f
&amp#27;[38;5;53m[2a6d443c]&amp#27;[0m&amp#27;[38;5;-121m[AndroidUiautomator2Driver@7a5e]&amp#27;[0m Session created with session id: 2a6d443c-6598-4892-9b23-57159ce89693
&amp#27;[38;5;31m[66eb8693]&amp#27;[0m&amp#27;[38;5;229m[ADB]&amp#27;[0m Found 3 'build-tools' folders under 'C:\Users\sajus\AppData\Local\Android\Sdk' (newest first):
&amp#27;[38;5;53m[2a6d443c]&amp#27;[0m&amp#27;[38;5;229m[ADB]&amp#27;[0m Found 3 'build-tools' folders under 'C:\Users\sajus\AppData\Local\Android\Sdk' (newest first):
&amp#27;[38;5;31m[66eb8693]&amp#27;[0m&amp#27;[38;5;229m[ADB]&amp#27;[0m     C:\Users\sajus\AppData\Local\Android\Sdk\build-tools\36.0.0
&amp#27;[38;5;31m[66eb8693]&amp#27;[0m&amp#27;[38;5;229m[ADB]&amp#27;[0m     C:\Users\sajus\AppData\Local\Android\Sdk\build-tools\35.0.1
&amp#27;[38;5;31m[66eb8693]&amp#27;[0m&amp#27;[38;5;229m[ADB]&amp#27;[0m     C:\Users\sajus\AppData\Local\Android\Sdk\build-tools\35.0.0
&amp#27;[38;5;53m[2a6d443c]&amp#27;[0m&amp#27;[38;5;229m[ADB]&amp#27;[0m     C:\Users\sajus\AppData\Local\Android\Sdk\build-tools\36.0.0
&amp#27;[38;5;53m[2a6d443c]&amp#27;[0m&amp#27;[38;5;229m[ADB]&amp#27;[0m     C:\Users\sajus\AppData\Local\Android\Sdk\build-tools\35.0.1
&amp#27;[38;5;53m[2a6d443c]&amp#27;[0m&amp#27;[38;5;229m[ADB]&amp#27;[0m     C:\Users\sajus\AppData\Local\Android\Sdk\build-tools\35.0.0
&amp#27;[38;5;31m[66eb8693]&amp#27;[0m&amp#27;[38;5;229m[ADB]&amp#27;[0m Using 'adb.exe' from 'C:\Users\sajus\AppData\Local\Android\Sdk\platform-tools\adb.exe'
&amp#27;[38;5;53m[2a6d443c]&amp#27;[0m&amp#27;[38;5;229m[ADB]&amp#27;[0m Using 'adb.exe' from 'C:\Users\sajus\AppData\Local\Android\Sdk\platform-tools\adb.exe'
&amp#27;[38;5;31m[66eb8693]&amp#27;[0m&amp#27;[38;5;229m[ADB]&amp#27;[0m Running 'C:\Users\sajus\AppData\Local\Android\Sdk\platform-tools\adb.exe -P 5037 start-server'
&amp#27;[38;5;53m[2a6d443c]&amp#27;[0m&amp#27;[38;5;229m[ADB]&amp#27;[0m Running 'C:\Users\sajus\AppData\Local\Android\Sdk\platform-tools\adb.exe -P 5037 start-server'
&amp#27;[38;5;53m[2a6d443c]&amp#27;[0m&amp#27;[38;5;-121m[AndroidUiautomator2Driver@7a5e]&amp#27;[0m Retrieving device list
&amp#27;[38;5;53m[2a6d443c]&amp#27;[0m&amp#27;[38;5;229m[ADB]&amp#27;[0m Trying to find connected Android devices
&amp#27;[38;5;31m[66eb8693]&amp#27;[0m&amp#27;[38;5;-97m[AndroidUiautomator2Driver@1ebd]&amp#27;[0m Retrieving device list
&amp#27;[38;5;31m[66eb8693]&amp#27;[0m&amp#27;[38;5;229m[ADB]&amp#27;[0m Trying to find connected Android devices
&amp#27;[38;5;53m[2a6d443c]&amp#27;[0m&amp#27;[38;5;229m[ADB]&amp#27;[0m Getting connected devices
&amp#27;[38;5;31m[66eb8693]&amp#27;[0m&amp#27;[38;5;229m[ADB]&amp#27;[0m Getting connected devices
&amp#27;[38;5;31m[66eb8693]&amp#27;[0m&amp#27;[38;5;229m[ADB]&amp#27;[0m Connected devices: [{"udid":"CTLID18120801016","state":"device"}]
&amp#27;[38;5;53m[2a6d443c]&amp#27;[0m&amp#27;[38;5;229m[ADB]&amp#27;[0m Connected devices: [{"udid":"CTLID18120801016","state":"device"}]
&amp#27;[38;5;53m[2a6d443c]&amp#27;[0m&amp#27;[38;5;-121m[AndroidUiautomator2Driver@7a5e]&amp#27;[0m Using device: CTLID18120801016
&amp#27;[38;5;31m[66eb8693]&amp#27;[0m&amp#27;[38;5;-97m[AndroidUiautomator2Driver@1ebd]&amp#27;[0m Device R3CRC00KHBT was not in the list of connected devices
&amp#27;[38;5;31m[66eb8693]&amp#27;[0m&amp#27;[38;5;-97m[AndroidUiautomator2Driver@1ebd]&amp#27;[0m Deleting UiAutomator2 session
&amp#27;[38;5;53m[2a6d443c]&amp#27;[0m&amp#27;[38;5;229m[ADB]&amp#27;[0m Using 'adb.exe' from 'C:\Users\sajus\AppData\Local\Android\Sdk\platform-tools\adb.exe'
&amp#27;[38;5;31m[66eb8693]&amp#27;[0m&amp#27;[38;5;85m[AppiumDriver@8fde]&amp#27;[0m Event 'newSessionStarted' logged at 1750356224705 (14:03:44 GMT-0400 (Eastern Daylight Saving Time))
&amp#27;[38;5;53m[2a6d443c]&amp#27;[0m&amp#27;[38;5;229m[ADB]&amp#27;[0m Running 'C:\Users\sajus\AppData\Local\Android\Sdk\platform-tools\adb.exe -P 5037 start-server'
&amp#27;[38;5;31m[66eb8693]&amp#27;[0m&amp#27;[38;5;85m[AppiumDriver@8fde]&amp#27;[0m Encountered internal error running command: Error: Device R3CRC00KHBT was not in the list of connected devices
    at Object.errorWithException (C:\Users\JenkinsUser\AppData\Roaming\npm\node_modules\appium\node_modules\@appium\support\lib\logging.js:41:45)
    at AndroidUiautomator2Driver.getDeviceInfoFromCaps (C:\Users\sajus\.appium\node_modules\appium-uiautomator2-driver\node_modules\appium-android-driver\lib\commands\device\common.js:46:24)
    at AndroidUiautomator2Driver.createSession (C:\Users\sajus\.appium\node_modules\appium-uiautomator2-driver\lib\driver.ts:357:30)
    at AppiumDriver.createSession (C:\Users\JenkinsUser\AppData\Roaming\npm\node_modules\appium\lib\appium.js:379:35)
&amp#27;[38;5;31m[66eb8693]&amp#27;[0m&amp#27;[38;5;86m[HTTP]&amp#27;[0m &amp#27;[37m<-- POST /session &amp#27;[39m&amp#27;[31m500&amp#27;[39m &amp#27;[90m307 ms - 696&amp#27;[39m &amp#27;[90m&amp#27;[39m
&amp#27;[38;5;53m[2a6d443c]&amp#27;[0m&amp#27;[38;5;229m[ADB]&amp#27;[0m Setting device id to CTLID18120801016
&amp#27;[38;5;53m[2a6d443c]&amp#27;[0m&amp#27;[38;5;-121m[AndroidUiautomator2Driver@7a5e]&amp#27;[0m Starting 'com.androidsample.generalstore' directly on the device
&amp#27;[38;5;53m[2a6d443c]&amp#27;[0m&amp#27;[38;5;229m[ADB]&amp#27;[0m Running 'C:\Users\sajus\AppData\Local\Android\Sdk\platform-tools\adb.exe -P 5037 -s CTLID18120801016 shell getprop ro.build.version.sdk'
&amp#27;[38;5;53m[2a6d443c]&amp#27;[0m&amp#27;[38;5;229m[ADB]&amp#27;[0m Current device property 'ro.build.version.sdk': 29
&amp#27;[38;5;53m[2a6d443c]&amp#27;[0m&amp#27;[38;5;229m[ADB]&amp#27;[0m Getting device platform version
&amp#27;[38;5;53m[2a6d443c]&amp#27;[0m&amp#27;[38;5;229m[ADB]&amp#27;[0m Running 'C:\Users\sajus\AppData\Local\Android\Sdk\platform-tools\adb.exe -P 5037 -s CTLID18120801016 shell getprop ro.build.version.release'
&amp#27;[38;5;53m[2a6d443c]&amp#27;[0m&amp#27;[38;5;229m[ADB]&amp#27;[0m Current device property 'ro.build.version.release': 10
&amp#27;[38;5;53m[2a6d443c]&amp#27;[0m&amp#27;[38;5;229m[ADB]&amp#27;[0m Device API level: 29
&amp#27;[38;5;53m[2a6d443c]&amp#27;[0m&amp#27;[38;5;-121m[AndroidUiautomator2Driver@7a5e]&amp#27;[0m Relaxing hidden api policy
&amp#27;[38;5;53m[2a6d443c]&amp#27;[0m&amp#27;[38;5;229m[ADB]&amp#27;[0m Running 'C:\Users\sajus\AppData\Local\Android\Sdk\platform-tools\adb.exe -P 5037 -s CTLID18120801016 shell 'settings put global hidden_api_policy_pre_p_apps 1;settings put global hidden_api_policy_p_apps 1;settings put global hidden_api_policy 1''
]]></system-out>
    <system-err><![CDATA[[main] WARN org.testng.TestNG - Ignoring duplicate listener : io.qameta.allure.testng.AllureTestNg
[main] WARN org.testng.TestNG - Ignoring duplicate listener : io.qameta.allure.testng.AllureTestNg
[main] WARN org.testng.TestNG - Ignoring duplicate listener : io.qameta.allure.testng.AllureTestNg
]]></system-err>
  </testcase>
  <testcase name="FirstCase" classname="org.testCase.TestCase1" time="0">
    <skipped message="Could not start a new session. Response code 500. Message: An unknown server-side error occurred while processing the command. Original error: Device R3CRC00KHBT was not in the list of connected devices &#10;Host info: host: &apos;ELSA&apos;, ip: &apos;192.168.2.20&apos;&#10;Build info: version: &apos;4.33.0&apos;, revision: &apos;2c6aaad03a&apos;&#10;System info: os.name: &apos;Windows 11&apos;, os.arch: &apos;amd64&apos;, os.version: &apos;10.0&apos;, java.version: &apos;11.0.26&apos;&#10;Driver info: io.appium.java_client.android.AndroidDriver&#10;Command: [null, newSession {capabilities=[{appium:appActivity=com.androidsample.generalstore.SplashActivity, appium:appPackage=com.androidsample.generalstore, appium:automationName=UiAutomator2, appium:deviceName=Samsung_Galaxy_S21, appium:noReset=true, platformName=ANDROID, appium:platformVersion=10.0, appium:systemPort=8201, appium:udid=R3CRC00KHBT}], desiredCapabilities=Capabilities {appActivity: com.androidsample.generalst..., appPackage: com.androidsample.generalstore, automationName: UiAutomator2, deviceName: Samsung_Galaxy_S21, noReset: true, platformName: ANDROID, platformVersion: 10.0, systemPort: 8201, udid: R3CRC00KHBT}}]&#10;Capabilities {appActivity: com.androidsample.generalst..., appPackage: com.androidsample.generalstore, automationName: UiAutomator2, deviceName: Samsung_Galaxy_S21, noReset: true, platformName: ANDROID, platformVersion: 10.0, systemPort: 8201, udid: R3CRC00KHBT}"/>
    <system-out><![CDATA[&amp#27;[38;5;53m[2a6d443c]&amp#27;[0m&amp#27;[38;5;-121m[AndroidUiautomator2Driver@7a5e]&amp#27;[0m Pushing settings apk to the device...
&amp#27;[38;5;53m[2a6d443c]&amp#27;[0m&amp#27;[38;5;229m[ADB]&amp#27;[0m Getting package info for 'io.appium.settings'
&amp#27;[38;5;53m[2a6d443c]&amp#27;[0m&amp#27;[38;5;229m[ADB]&amp#27;[0m Running 'C:\Users\sajus\AppData\Local\Android\Sdk\platform-tools\adb.exe -P 5037 -s CTLID18120801016 shell dumpsys package io.appium.settings'
]]></system-out>
  </testcase>
  <testcase name="FirstCase" classname="org.testCase.TestCase1" time="8.643">
    <system-out><![CDATA[&amp#27;[38;5;86m[HTTP]&amp#27;[0m &amp#27;[37m-->&amp#27;[39m &amp#27;[37mGET&amp#27;[39m &amp#27;[37m/status&amp#27;[39m &amp#27;[90m{}&amp#27;[39m
&amp#27;[38;5;204m[AppiumDriver@f3eb]&amp#27;[0m Calling AppiumDriver.getStatus() with args: []
&amp#27;[38;5;204m[AppiumDriver@f3eb]&amp#27;[0m Responding to client with driver.getStatus() result: {"ready":true,"message":"The server is ready to accept new connections","build":{"version":"2.19.0"}}
Appium server stopped
✅ Test completed for device: Samsung_Galaxy_S21

📊 Test Summary:
✅ Passed:  0
❌ Failed:  0
⚠️ Skipped: 3
Σ  Total:   3
📝 Test Suite Finished: Report generated.
&amp#27;[38;5;53m[2a6d443c]&amp#27;[0m&amp#27;[38;5;86m[HTTP]&amp#27;[0m &amp#27;[37m-->&amp#27;[39m &amp#27;[37mPOST&amp#27;[39m &amp#27;[37m/session/2a6d443c-6598-4892-9b23-57159ce89693/element&amp#27;[39m &amp#27;[90m{"using":"id","value":"com.androidsample.generalstore:id/btnLetsShop"}&amp#27;[39m
&amp#27;[38;5;53m[2a6d443c]&amp#27;[0m&amp#27;[38;5;-121m[AndroidUiautomator2Driver@7a5e]&amp#27;[0m Calling AppiumDriver.findElement() with args: ["id","com.androidsample.generalstore:id/btnLetsShop","2a6d443c-6598-4892-9b23-57159ce89693"]
&amp#27;[38;5;53m[2a6d443c]&amp#27;[0m&amp#27;[38;5;-121m[AndroidUiautomator2Driver@7a5e]&amp#27;[0m Valid locator strategies for this request: xpath, id, class name, accessibility id, css selector, -android uiautomator
&amp#27;[38;5;53m[2a6d443c]&amp#27;[0m&amp#27;[38;5;-121m[AndroidUiautomator2Driver@7a5e]&amp#27;[0m Waiting up to 0 ms for condition
&amp#27;[38;5;53m[2a6d443c]&amp#27;[0m&amp#27;[38;5;-121m[AndroidUiautomator2Driver@7a5e]&amp#27;[0m Matched '/element' to command name 'findElement'
&amp#27;[38;5;53m[2a6d443c]&amp#27;[0m&amp#27;[38;5;-121m[AndroidUiautomator2Driver@7a5e]&amp#27;[0m Proxying [POST /element] to [POST http://127.0.0.1:8202/session/6a9dc4e2-d4a2-4799-b5dc-c303eaefebc8/element] with body: {"strategy":"id","selector":"com.androidsample.generalstore:id/btnLetsShop","context":"","multiple":false}
&amp#27;[38;5;53m[2a6d443c]&amp#27;[0m&amp#27;[38;5;-121m[AndroidUiautomator2Driver@7a5e]&amp#27;[0m Got response with status 200: {"sessionId":"6a9dc4e2-d4a2-4799-b5dc-c303eaefebc8","value":{"ELEMENT":"00000000-0000-09c7-ffff-ffff00000021","element-6066-11e4-a52e-4f735466cecf":"00000000-0000-09c7-ffff-ffff00000021"}}
&amp#27;[38;5;53m[2a6d443c]&amp#27;[0m&amp#27;[38;5;-121m[AndroidUiautomator2Driver@7a5e]&amp#27;[0m Responding to client with driver.findElement() result: {"element-6066-11e4-a52e-4f735466cecf":"00000000-0000-09c7-ffff-ffff00000021","ELEMENT":"00000000-0000-09c7-ffff-ffff00000021"}
&amp#27;[38;5;53m[2a6d443c]&amp#27;[0m&amp#27;[38;5;86m[HTTP]&amp#27;[0m &amp#27;[37m<-- POST /session/2a6d443c-6598-4892-9b23-57159ce89693/element &amp#27;[39m&amp#27;[32m200&amp#27;[39m &amp#27;[90m119 ms - 137&amp#27;[39m &amp#27;[90m&amp#27;[39m
&amp#27;[38;5;53m[2a6d443c]&amp#27;[0m&amp#27;[38;5;86m[HTTP]&amp#27;[0m &amp#27;[37m-->&amp#27;[39m &amp#27;[37mPOST&amp#27;[39m &amp#27;[37m/session/2a6d443c-6598-4892-9b23-57159ce89693/element/00000000-0000-09c7-ffff-ffff00000021/click&amp#27;[39m &amp#27;[90m{"id":"00000000-0000-09c7-ffff-ffff00000021"}&amp#27;[39m
&amp#27;[38;5;53m[2a6d443c]&amp#27;[0m&amp#27;[38;5;-121m[AndroidUiautomator2Driver@7a5e]&amp#27;[0m Calling AppiumDriver.click() with args: ["00000000-0000-09c7-ffff-ffff00000021","2a6d443c-6598-4892-9b23-57159ce89693"]
&amp#27;[38;5;53m[2a6d443c]&amp#27;[0m&amp#27;[38;5;-121m[AndroidUiautomator2Driver@7a5e]&amp#27;[0m Matched '/element/00000000-0000-09c7-ffff-ffff00000021/click' to command name 'click'
&amp#27;[38;5;53m[2a6d443c]&amp#27;[0m&amp#27;[38;5;-121m[AndroidUiautomator2Driver@7a5e]&amp#27;[0m Proxying [POST /element/00000000-0000-09c7-ffff-ffff00000021/click] to [POST http://127.0.0.1:8202/session/6a9dc4e2-d4a2-4799-b5dc-c303eaefebc8/element/00000000-0000-09c7-ffff-ffff00000021/click] with body: {"element":"00000000-0000-09c7-ffff-ffff00000021"}
&amp#27;[38;5;53m[2a6d443c]&amp#27;[0m&amp#27;[38;5;-121m[AndroidUiautomator2Driver@7a5e]&amp#27;[0m Got response with status 200: {"sessionId":"6a9dc4e2-d4a2-4799-b5dc-c303eaefebc8","value":null}
&amp#27;[38;5;53m[2a6d443c]&amp#27;[0m&amp#27;[38;5;-121m[AndroidUiautomator2Driver@7a5e]&amp#27;[0m Responding to client with driver.click() result: null
&amp#27;[38;5;53m[2a6d443c]&amp#27;[0m&amp#27;[38;5;86m[HTTP]&amp#27;[0m &amp#27;[37m<-- POST /session/2a6d443c-6598-4892-9b23-57159ce89693/element/00000000-0000-09c7-ffff-ffff00000021/click &amp#27;[39m&amp#27;[32m200&amp#27;[39m &amp#27;[90m90 ms - 14&amp#27;[39m &amp#27;[90m&amp#27;[39m
&amp#27;[38;5;53m[2a6d443c]&amp#27;[0m&amp#27;[38;5;86m[HTTP]&amp#27;[0m &amp#27;[37m-->&amp#27;[39m &amp#27;[37mGET&amp#27;[39m &amp#27;[37m/session/2a6d443c-6598-4892-9b23-57159ce89693/screenshot&amp#27;[39m &amp#27;[90m{}&amp#27;[39m
&amp#27;[38;5;53m[2a6d443c]&amp#27;[0m&amp#27;[38;5;-121m[AndroidUiautomator2Driver@7a5e]&amp#27;[0m Calling AppiumDriver.getScreenshot() with args: ["2a6d443c-6598-4892-9b23-57159ce89693"]
&amp#27;[38;5;53m[2a6d443c]&amp#27;[0m&amp#27;[38;5;-121m[AndroidUiautomator2Driver@7a5e]&amp#27;[0m Matched '/screenshot' to command name 'getScreenshot'
&amp#27;[38;5;53m[2a6d443c]&amp#27;[0m&amp#27;[38;5;-121m[AndroidUiautomator2Driver@7a5e]&amp#27;[0m Proxying [GET /screenshot] to [GET http://127.0.0.1:8202/session/6a9dc4e2-d4a2-4799-b5dc-c303eaefebc8/screenshot] with no body
&amp#27;[38;5;53m[2a6d443c]&amp#27;[0m&amp#27;[38;5;-121m[AndroidUiautomator2Driver@7a5e]&amp#27;[0m Got response with status 200: {"sessionId":"6a9dc4e2-d4a2-4799-b5dc-c303eaefebc8","value":"iVBORw0KGgoAAAANSUhEUgAABDgAAAjoCAYAAAA5jhrUAAAAAXNSR0IArs4c6QAAAARzQklUCAgICHwIZIgAACAASURBVHic7N13fBzF3cfx7+zeqdmS3GRj3MEYAzZgejE9NFNDIIATeCDhSWghCRA6AUICgUACoQfIAwkQAgQDCRAglNB7bwZswBV3S7JV7m53nj+uSCftqd5JWuvz5mXs252dndl2u7+bnTGDPz7WCgAAAAAAIMSc3i4AAAAAAABAdxHgAAAAAAAAoUeAAwAAAAAAhB4BDgAAAAAAEHoEOAAAAAAAQOgR4AAAAAAAAKFHgAMAAAAAAIQeAQ4AAAAAABB6BDgAAAAAAEDoEeAAAAAAAAChR4ADAAAAAACEHgEOAAAAAAAQegQ4AAAAAABA6BHgAAAAAAAAoUeAAwAAAAAAhB4BDgAAAAAAEHoEOAAAAAAAQOgR4AAAAAAAAKFHgAMAAAAAAIQeAQ4AAAAAABB6BDgAAAAAAEDoEeAAAAAAAAChR4ADAAAAAACEHgEOAAAAAAAQegQ4AAAAAABA6EV6uwBAX2BkZNJ/m+S/JclKstYq+Z9S/w+v/lJPAAAAAP0PAQ70W0ZGEeNow6L1dM+Yn2t8tKrN9F/Fl+no+X/Q3Ng3Slg/NEGA/lJPAAAAoCMq3TJNKR6rqSVjVemUaUrJWFW6AzLzq721+rBhnqr9On3QME8fNs5TtVfXK2WdXjZZj4w7t0NpD/76cr1Y92mBS9S3EeBAv1TulOqXw4/QcYP3kNvBN7XGR6v0ygaXyZOvO1c9p0uW3qdav77AJe2e/lJPAAAAoC1jo8M0o3wrzSjfWtPLJreb/oDyrbM+v1j3qR6rfUuP1b6tefHlhSomuskM/vhYfp5FvxExrk4asq8uHv5dNb2g0TVWVpcsvV83rvy3EtbLUwnzo7/UEwAAAGjL9LLJ+vGQfVoF...
&amp#27;[38;5;53m[2a6d443c]&amp#27;[0m&amp#27;[38;5;-121m[AndroidUiautomator2Driver@7a5e]&amp#27;[0m Responding to client with driver.getScreenshot() result: "iVBORw0KGgoAAAANSUhEUgAABDgAAAjoCAYAAAA5jhrUAAAAAXNSR0IArs4c6QAAAARzQklUCAgICHwIZIgAACAASURBVHic7N13fBzF3cfx7+zeqdmS3GRj3MEYAzZgejE9NFNDIIATeCDhSWghCRA6AUICgUACoQfIAwkQAgQDCRAglNB7bwZswBV3S7JV7m53nj+uSCftqd5JWuvz5mXs252dndl2u7+bnTGDPz7WCgAAAAAAIMSc3i4AAAAAAABAdxHgAAAAAAAAoUeAAwAAAAAAhB4BDgAAAAAAEHoEOAAAAAAAQOgR4AAAAAAAAKFHgAMAAAAAAIQeAQ4AAAAAABB6BDgAAAAAAEDoEeAAAAAAAAChR4ADAAAAAACEHgEOAAAAAAAQegQ4AAAAAABA6BHgAAAAAAAAoUeAAwAAAAAAhB4BDgAAAAAAEHoEOAAAAAAAQOgR4AAAAAAAAKFHgAMAAAAAAIQeAQ4AAAAAABB6BDgAAAAAAEDoEeAAAAAAAAChR4ADAAAAAACEHgEOAAAAAAAQegQ4AAAAAABA6EV6uwBAX2BkZNJ/m+S/JclKstYq+Z9S/w+v/lJPAAAAAP0PAQ70W0ZGEeNow6L1dM+Yn2t8tKrN9F/Fl+no+X/Q3Ng3Slg/NEGA/lJPAAAAoCMq3TJNKR6rqSVjVemUaUrJWFW6AzLzq721+rBhnqr9On3QME8fNs5TtVfXK2WdXjZZj4w7t0NpD/76cr1Y92mBS9S3EeBAv1TulOqXw4/QcYP3kNvBN7XGR6v0ygaXyZOvO1c9p0uW3qdav77AJe2e/lJPAAAAoC1jo8M0o3wrzSjfWtPLJreb/oDyrbM+v1j3qR6rfUuP1b6tefHlhSomuskM/vhYfp5FvxExrk4asq8uHv5dNb2g0TVWVpcsvV83rvy3EtbLUwnzo7/UEwAAAGjL9LLJ+vGQfVoFLLrj0dq3dMvKJ3uktQQtODqHAAf6BSOjcqdEz074lSYUDc9r3l/GlmrPry5S...
&amp#27;[38;5;53m[2a6d443c]&amp#27;[0m&amp#27;[38;5;86m[HTTP]&amp#27;[0m &amp#27;[37m<-- GET /session/2a6d443c-6598-4892-9b23-57159ce89693/screenshot &amp#27;[39m&amp#27;[32m200&amp#27;[39m &amp#27;[90m1214 ms - 613656&amp#27;[39m &amp#27;[90m&amp#27;[39m
&amp#27;[38;5;53m[2a6d443c]&amp#27;[0m&amp#27;[38;5;86m[HTTP]&amp#27;[0m &amp#27;[37m-->&amp#27;[39m &amp#27;[37mGET&amp#27;[39m &amp#27;[37m/session/2a6d443c-6598-4892-9b23-57159ce89693/screenshot&amp#27;[39m &amp#27;[90m{}&amp#27;[39m
&amp#27;[38;5;53m[2a6d443c]&amp#27;[0m&amp#27;[38;5;-121m[AndroidUiautomator2Driver@7a5e]&amp#27;[0m Calling AppiumDriver.getScreenshot() with args: ["2a6d443c-6598-4892-9b23-57159ce89693"]
&amp#27;[38;5;53m[2a6d443c]&amp#27;[0m&amp#27;[38;5;-121m[AndroidUiautomator2Driver@7a5e]&amp#27;[0m Matched '/screenshot' to command name 'getScreenshot'
&amp#27;[38;5;53m[2a6d443c]&amp#27;[0m&amp#27;[38;5;-121m[AndroidUiautomator2Driver@7a5e]&amp#27;[0m Proxying [GET /screenshot] to [GET http://127.0.0.1:8202/session/6a9dc4e2-d4a2-4799-b5dc-c303eaefebc8/screenshot] with no body
&amp#27;[38;5;53m[2a6d443c]&amp#27;[0m&amp#27;[38;5;-121m[AndroidUiautomator2Driver@7a5e]&amp#27;[0m Got response with status 200: {"sessionId":"6a9dc4e2-d4a2-4799-b5dc-c303eaefebc8","value":"iVBORw0KGgoAAAANSUhEUgAABDgAAAjoCAYAAAA5jhrUAAAAAXNSR0IArs4c6QAAAARzQklUCAgICHwIZIgAACAASURBVHic7N15nBxF/f/xd1XP7G422WzuAAlJgBAOw30jKIcIBAFFUYnKF5CfAiIe4AWiIIqCqCCnAgqKiIoElENAAeUSuUTOAOHIQch9bLLXTFf9/ph7t2ezx8zudvb15BGS6a6urpo+6zPV1Wb0S8d7AQAAAAAAxJgd6AIAAAAAAAD0FQEOAAAAAAAQewQ4AAAAAABA7BHgAAAAAAAAsUeAAwAAAAAAxB4BDgAAAAAAEHsEOAAAAAAAQOwR4AAAAAAAALFHgAMAAAAAAMQeAQ4AAAAAABB7BDgAAAAAAEDsEeAAAAAAAACxR4ADAAAAAADEHgEOAAAAAAAQewQ4AAAAAABA7BHgAAAAAAAAsUeAAwAAAAAAxB4BDgAAAAAAEHsEOAAAAAAAQOwR4AAAAAAAALFHgAMAAAAAAMQeAQ4AAAAAABB7BDgAAAAAAEDsEeAAAAAAAACxR4ADAAAAAADEXmKgCwAMBkZGJve3yfxbkrwk770y/yn7//gaKvUEAAAAMPQQ4MCQZWSUMFZb1Wyimzf/iqYlx3eZ/q3UMh234Gd6o/1dpb2LTRBgqNQTAAAA6I7GoF4za6doh7oparT1mlk3RY3B8Pz8NeF6vdA6X2tcs55vna8X2uZrTdg8IGXdr35b/WXqt7qV9qi3f6hHml+pcokGNwIcGJIa7DB9Z8KxOmH0gQq6+aTWtOR4Pb7lhQrldOOqh3T+0j+qybVUuaR9M1TqCQAAAHRlSnKcZjXsqlkNu2m/+m03mP6Iht1KPj/S/Irubnpadzc9o/mp5dUqJvrIjH7peH6exZCRMIFOHXOozpvwcRUe0OgdL6/zl/5JV638m9I+rFAJK2Oo1BMAAADoyn712+rz...
&amp#27;[38;5;53m[2a6d443c]&amp#27;[0m&amp#27;[38;5;-121m[AndroidUiautomator2Driver@7a5e]&amp#27;[0m Responding to client with driver.getScreenshot() result: "iVBORw0KGgoAAAANSUhEUgAABDgAAAjoCAYAAAA5jhrUAAAAAXNSR0IArs4c6QAAAARzQklUCAgICHwIZIgAACAASURBVHic7N15nBxF/f/xd1XP7G422WzuAAlJgBAOw30jKIcIBAFFUYnKF5CfAiIe4AWiIIqCqCCnAgqKiIoElENAAeUSuUTOAOHIQch9bLLXTFf9/ph7t2ezx8zudvb15BGS6a6urpo+6zPV1Wb0S8d7AQAAAAAAxJgd6AIAAAAAAAD0FQEOAAAAAAAQewQ4AAAAAABA7BHgAAAAAAAAsUeAAwAAAAAAxB4BDgAAAAAAEHsEOAAAAAAAQOwR4AAAAAAAALFHgAMAAAAAAMQeAQ4AAAAAABB7BDgAAAAAAEDsEeAAAAAAAACxR4ADAAAAAADEHgEOAAAAAAAQewQ4AAAAAABA7BHgAAAAAAAAsUeAAwAAAAAAxB4BDgAAAAAAEHsEOAAAAAAAQOwR4AAAAAAAALFHgAMAAAAAAMQeAQ4AAAAAABB7BDgAAAAAAEDsEeAAAAAAAACxR4ADAAAAAADEXmKgCwAMBkZGJve3yfxbkrwk770y/yn7//gaKvUEAAAAMPQQ4MCQZWSUMFZb1Wyimzf/iqYlx3eZ/q3UMh234Gd6o/1dpb2LTRBgqNQTAAAA6I7GoF4za6doh7oparT1mlk3RY3B8Pz8NeF6vdA6X2tcs55vna8X2uZrTdg8IGXdr35b/WXqt7qV9qi3f6hHml+pcokGNwIcGJIa7DB9Z8KxOmH0gQq6+aTWtOR4Pb7lhQrldOOqh3T+0j+qybVUuaR9M1TqCQAAAHRlSnKcZjXsqlkNu2m/+m03mP6Iht1KPj/S/Irubnpadzc9o/mp5dUqJvrIjH7peH6exZCRMIFOHXOozpvwcRUe0OgdL6/zl/5JV638m9I+rFAJK2Oo1BMAAADoyn712+rzYz7YKWDRF3c1Pa1frLyvX3pL0IOjZwhwYEgwMmqwdXpwi+9pi5oJFc37zfal...
&amp#27;[38;5;53m[2a6d443c]&amp#27;[0m&amp#27;[38;5;86m[HTTP]&amp#27;[0m &amp#27;[37m<-- GET /session/2a6d443c-6598-4892-9b23-57159ce89693/screenshot &amp#27;[39m&amp#27;[32m200&amp#27;[39m &amp#27;[90m1230 ms - 615064&amp#27;[39m &amp#27;[90m&amp#27;[39m
&amp#27;[38;5;53m[2a6d443c]&amp#27;[0m&amp#27;[38;5;86m[HTTP]&amp#27;[0m &amp#27;[37m-->&amp#27;[39m &amp#27;[37mPOST&amp#27;[39m &amp#27;[37m/session/2a6d443c-6598-4892-9b23-57159ce89693/element&amp#27;[39m &amp#27;[90m{"using":"xpath","value":"//android.widget.Toast[@text='Please enter your name']"}&amp#27;[39m
&amp#27;[38;5;53m[2a6d443c]&amp#27;[0m&amp#27;[38;5;-121m[AndroidUiautomator2Driver@7a5e]&amp#27;[0m Calling AppiumDriver.findElement() with args: ["xpath","//android.widget.Toast[@text='Please enter your name']","2a6d443c-6598-4892-9b23-57159ce89693"]
&amp#27;[38;5;53m[2a6d443c]&amp#27;[0m&amp#27;[38;5;-121m[AndroidUiautomator2Driver@7a5e]&amp#27;[0m Valid locator strategies for this request: xpath, id, class name, accessibility id, css selector, -android uiautomator
&amp#27;[38;5;53m[2a6d443c]&amp#27;[0m&amp#27;[38;5;-121m[AndroidUiautomator2Driver@7a5e]&amp#27;[0m Waiting up to 0 ms for condition
&amp#27;[38;5;53m[2a6d443c]&amp#27;[0m&amp#27;[38;5;-121m[AndroidUiautomator2Driver@7a5e]&amp#27;[0m Matched '/element' to command name 'findElement'
&amp#27;[38;5;53m[2a6d443c]&amp#27;[0m&amp#27;[38;5;-121m[AndroidUiautomator2Driver@7a5e]&amp#27;[0m Proxying [POST /element] to [POST http://127.0.0.1:8202/session/6a9dc4e2-d4a2-4799-b5dc-c303eaefebc8/element] with body: {"strategy":"xpath","selector":"//android.widget.Toast[@text='Please enter your name']","context":"","multiple":false}
&amp#27;[38;5;53m[2a6d443c]&amp#27;[0m&amp#27;[38;5;-121m[AndroidUiautomator2Driver@7a5e]&amp#27;[0m Got response with status 200: {"sessionId":"6a9dc4e2-d4a2-4799-b5dc-c303eaefebc8","value":{"ELEMENT":"1122bbb2-4d27-455d-ad72-921ffb71dbc6","element-6066-11e4-a52e-4f735466cecf":"1122bbb2-4d27-455d-ad72-921ffb71dbc6"}}
&amp#27;[38;5;53m[2a6d443c]&amp#27;[0m&amp#27;[38;5;-121m[AndroidUiautomator2Driver@7a5e]&amp#27;[0m Responding to client with driver.findElement() result: {"element-6066-11e4-a52e-4f735466cecf":"1122bbb2-4d27-455d-ad72-921ffb71dbc6","ELEMENT":"1122bbb2-4d27-455d-ad72-921ffb71dbc6"}
&amp#27;[38;5;53m[2a6d443c]&amp#27;[0m&amp#27;[38;5;86m[HTTP]&amp#27;[0m &amp#27;[37m<-- POST /session/2a6d443c-6598-4892-9b23-57159ce89693/element &amp#27;[39m&amp#27;[32m200&amp#27;[39m &amp#27;[90m617 ms - 137&amp#27;[39m &amp#27;[90m&amp#27;[39m
&amp#27;[38;5;53m[2a6d443c]&amp#27;[0m&amp#27;[38;5;86m[HTTP]&amp#27;[0m &amp#27;[37m-->&amp#27;[39m &amp#27;[37mGET&amp#27;[39m &amp#27;[37m/session/2a6d443c-6598-4892-9b23-57159ce89693/element/1122bbb2-4d27-455d-ad72-921ffb71dbc6/text&amp#27;[39m &amp#27;[90m{}&amp#27;[39m
&amp#27;[38;5;53m[2a6d443c]&amp#27;[0m&amp#27;[38;5;-121m[AndroidUiautomator2Driver@7a5e]&amp#27;[0m Driver proxy active, passing request on via HTTP proxy
&amp#27;[38;5;53m[2a6d443c]&amp#27;[0m&amp#27;[38;5;-121m[AndroidUiautomator2Driver@7a5e]&amp#27;[0m Matched '/session/2a6d443c-6598-4892-9b23-57159ce89693/element/1122bbb2-4d27-455d-ad72-921ffb71dbc6/text' to command name 'getText'
&amp#27;[38;5;53m[2a6d443c]&amp#27;[0m&amp#27;[38;5;-121m[AndroidUiautomator2Driver@7a5e]&amp#27;[0m Proxying [GET /session/2a6d443c-6598-4892-9b23-57159ce89693/element/1122bbb2-4d27-455d-ad72-921ffb71dbc6/text] to [GET http://127.0.0.1:8202/session/6a9dc4e2-d4a2-4799-b5dc-c303eaefebc8/element/1122bbb2-4d27-455d-ad72-921ffb71dbc6/text] with no body
&amp#27;[38;5;53m[2a6d443c]&amp#27;[0m&amp#27;[38;5;-121m[AndroidUiautomator2Driver@7a5e]&amp#27;[0m Got response with status 200: {"sessionId":"6a9dc4e2-d4a2-4799-b5dc-c303eaefebc8","value":"Please enter your name"}
&amp#27;[38;5;53m[2a6d443c]&amp#27;[0m&amp#27;[38;5;-121m[AndroidUiautomator2Driver@7a5e]&amp#27;[0m Replacing sessionId 6a9dc4e2-d4a2-4799-b5dc-c303eaefebc8 with 2a6d443c-6598-4892-9b23-57159ce89693
&amp#27;[38;5;53m[2a6d443c]&amp#27;[0m&amp#27;[38;5;86m[HTTP]&amp#27;[0m &amp#27;[37m<-- GET /session/2a6d443c-6598-4892-9b23-57159ce89693/element/1122bbb2-4d27-455d-ad72-921ffb71dbc6/text &amp#27;[39m&amp#27;[32m200&amp#27;[39m &amp#27;[90m79 ms - 85&amp#27;[39m &amp#27;[90m&amp#27;[39m
&amp#27;[38;5;53m[2a6d443c]&amp#27;[0m&amp#27;[38;5;86m[HTTP]&amp#27;[0m &amp#27;[37m-->&amp#27;[39m &amp#27;[37mGET&amp#27;[39m &amp#27;[37m/session/2a6d443c-6598-4892-9b23-57159ce89693/screenshot&amp#27;[39m &amp#27;[90m{}&amp#27;[39m
&amp#27;[38;5;53m[2a6d443c]&amp#27;[0m&amp#27;[38;5;-121m[AndroidUiautomator2Driver@7a5e]&amp#27;[0m Calling AppiumDriver.getScreenshot() with args: ["2a6d443c-6598-4892-9b23-57159ce89693"]
&amp#27;[38;5;53m[2a6d443c]&amp#27;[0m&amp#27;[38;5;-121m[AndroidUiautomator2Driver@7a5e]&amp#27;[0m Matched '/screenshot' to command name 'getScreenshot'
&amp#27;[38;5;53m[2a6d443c]&amp#27;[0m&amp#27;[38;5;-121m[AndroidUiautomator2Driver@7a5e]&amp#27;[0m Proxying [GET /screenshot] to [GET http://127.0.0.1:8202/session/6a9dc4e2-d4a2-4799-b5dc-c303eaefebc8/screenshot] with no body
&amp#27;[38;5;53m[2a6d443c]&amp#27;[0m&amp#27;[38;5;-121m[AndroidUiautomator2Driver@7a5e]&amp#27;[0m Got response with status 200: {"sessionId":"6a9dc4e2-d4a2-4799-b5dc-c303eaefebc8","value":"iVBORw0KGgoAAAANSUhEUgAABDgAAAjoCAYAAAA5jhrUAAAAAXNSR0IArs4c6QAAAARzQklUCAgICHwIZIgAACAASURBVHic7N15nBxF/f/xd1X37G6OzUkSIOQAIVzhvhGV44tAFFAUBUQE9KeIeIIH4IGiIH7xQEVRwC+oIIpyqIiAAsolIiKHQLgJSSDkvvaYma76/dHTc+zObPaY2d3Ovp48QjLd1dVV02d9prraTHzyJC8AAAAAAIAUs0NdAAAAAAAAgIEiwAEAAAAAAFKPAAcAAAAAAEg9AhwAAAAAACD1CHAAAAAAAIDUI8ABAAAAAABSjwAHAAAAAABIPQIcAAAAAAAg9QhwAAAAAACA1CPAAQAAAAAAUo8ABwAAAAAASD0CHAAAAAAAIPUIcAAAAAAAgNQjwAEAAAAAAFKPAAcAAAAAAEg9AhwAAAAAACD1CHAAAAAAAIDUI8ABAAAAAABSjwAHAAAAAABIPQIcAAAAAAAg9QhwAAAAAACA1CPAAQAAAAAAUo8ABwAAAAAASD0CHAAAAAAAIPUIcAAAAAAAgNQLh7oAwHBgZGSSv038b0nykrz3iv9T4f/pNVLqCQAAAGDkIcCBEcvIKDRWb2jaVNfO+LRmZ6b0mP6l3FId/8p39UL2NeW9S00QYKTUEwAAAOiN8cFozW2eqZ1aZmq8Ha25LTM1PhhTnL86Wq8nOhZotWvT4x0L9ETnAq2O2oakrAeM3k6/n3V2r9Ie9fKFurft6QaXaHgjwIERqdWO0penHquTJx6koJdPas3OTNEDW12gSE5Xr7xbX339N1rr2htc0oEZKfUEAAAAejIzs4nmte6uea176IDR220w/dta96j4fG/b0/rT2of1p7X/1oLcskYVEwNkJj55Ej/PYsQITaCPTjpM5019j0oPaPSPl9dXX79eP1rxZ+V9VKcS1sdIqScAAADQkwNG...
&amp#27;[38;5;53m[2a6d443c]&amp#27;[0m&amp#27;[38;5;-121m[AndroidUiautomator2Driver@7a5e]&amp#27;[0m Responding to client with driver.getScreenshot() result: "iVBORw0KGgoAAAANSUhEUgAABDgAAAjoCAYAAAA5jhrUAAAAAXNSR0IArs4c6QAAAARzQklUCAgICHwIZIgAACAASURBVHic7N15nBxF/f/xd1X37G6OzUkSIOQAIVzhvhGV44tAFFAUBUQE9KeIeIIH4IGiIH7xQEVRwC+oIIpyqIiAAsolIiKHQLgJSSDkvvaYma76/dHTc+zObPaY2d3Ovp48QjLd1dVV02d9prraTHzyJC8AAAAAAIAUs0NdAAAAAAAAgIEiwAEAAAAAAFKPAAcAAAAAAEg9AhwAAAAAACD1CHAAAAAAAIDUI8ABAAAAAABSjwAHAAAAAABIPQIcAAAAAAAg9QhwAAAAAACA1CPAAQAAAAAAUo8ABwAAAAAASD0CHAAAAAAAIPUIcAAAAAAAgNQjwAEAAAAAAFKPAAcAAAAAAEg9AhwAAAAAACD1CHAAAAAAAIDUI8ABAAAAAABSjwAHAAAAAABIPQIcAAAAAAAg9QhwAAAAAACA1CPAAQAAAAAAUo8ABwAAAAAASD0CHAAAAAAAIPUIcAAAAAAAgNQLh7oAwHBgZGSSv038b0nykrz3iv9T4f/pNVLqCQAAAGDkIcCBEcvIKDRWb2jaVNfO+LRmZ6b0mP6l3FId/8p39UL2NeW9S00QYKTUEwAAAOiN8cFozW2eqZ1aZmq8Ha25LTM1PhhTnL86Wq8nOhZotWvT4x0L9ETnAq2O2oakrAeM3k6/n3V2r9Ie9fKFurft6QaXaHgjwIERqdWO0penHquTJx6koJdPas3OTNEDW12gSE5Xr7xbX339N1rr2htc0oEZKfUEAAAAejIzs4nmte6uea176IDR220w/dta96j4fG/b0/rT2of1p7X/1oLcskYVEwNkJj55Ej/PYsQITaCPTjpM5019j0oPaPSPl9dXX79eP1rxZ+V9VKcS1sdIqScAAADQkwNGb6ePTHprt4DFQNyy9mH9ZMXtg9Jbgh4cfUOAAyOCkVGrbdFdW35NWzZNrWve...
&amp#27;[38;5;53m[2a6d443c]&amp#27;[0m&amp#27;[38;5;86m[HTTP]&amp#27;[0m &amp#27;[37m<-- GET /session/2a6d443c-6598-4892-9b23-57159ce89693/screenshot &amp#27;[39m&amp#27;[32m200&amp#27;[39m &amp#27;[90m1182 ms - 600616&amp#27;[39m &amp#27;[90m&amp#27;[39m
&amp#27;[38;5;53m[2a6d443c]&amp#27;[0m&amp#27;[38;5;86m[HTTP]&amp#27;[0m &amp#27;[37m-->&amp#27;[39m &amp#27;[37mGET&amp#27;[39m &amp#27;[37m/session/2a6d443c-6598-4892-9b23-57159ce89693/screenshot&amp#27;[39m &amp#27;[90m{}&amp#27;[39m
&amp#27;[38;5;53m[2a6d443c]&amp#27;[0m&amp#27;[38;5;-121m[AndroidUiautomator2Driver@7a5e]&amp#27;[0m Calling AppiumDriver.getScreenshot() with args: ["2a6d443c-6598-4892-9b23-57159ce89693"]
&amp#27;[38;5;53m[2a6d443c]&amp#27;[0m&amp#27;[38;5;-121m[AndroidUiautomator2Driver@7a5e]&amp#27;[0m Matched '/screenshot' to command name 'getScreenshot'
&amp#27;[38;5;53m[2a6d443c]&amp#27;[0m&amp#27;[38;5;-121m[AndroidUiautomator2Driver@7a5e]&amp#27;[0m Proxying [GET /screenshot] to [GET http://127.0.0.1:8202/session/6a9dc4e2-d4a2-4799-b5dc-c303eaefebc8/screenshot] with no body
&amp#27;[38;5;53m[2a6d443c]&amp#27;[0m&amp#27;[38;5;-121m[AndroidUiautomator2Driver@7a5e]&amp#27;[0m Got response with status 200: {"sessionId":"6a9dc4e2-d4a2-4799-b5dc-c303eaefebc8","value":"iVBORw0KGgoAAAANSUhEUgAABDgAAAjoCAYAAAA5jhrUAAAAAXNSR0IArs4c6QAAAARzQklUCAgICHwIZIgAACAASURBVHic7N15nBxF/f/xd1X37G6OzUkSIOQAIVzhvhGV44tAFFAUBUQE9KeIeIIH4IGiIH7xQEVRwC+oIIpyqIiAAsolIiKHQLgJSSDkvvaYma76/dHTc+zObPaY2d3Ovp48QjLd1dVV02d9prraTHzyJC8AAAAAAIAUs0NdAAAAAAAAgIEiwAEAAAAAAFKPAAcAAAAAAEg9AhwAAAAAACD1CHAAAAAAAIDUI8ABAAAAAABSjwAHAAAAAABIPQIcAAAAAAAg9QhwAAAAAACA1CPAAQAAAAAAUo8ABwAAAAAASD0CHAAAAAAAIPUIcAAAAAAAgNQjwAEAAAAAAFKPAAcAAAAAAEg9AhwAAAAAACD1CHAAAAAAAIDUI8ABAAAAAABSjwAHAAAAAABIPQIcAAAAAAAg9QhwAAAAAACA1CPAAQAAAAAAUo8ABwAAAAAASD0CHAAAAAAAIPUIcAAAAAAAgNQLh7oAwHBgZGSSv038b0nykrz3iv9T4f/pNVLqCQAAAGDkIcCBEcvIKDRWb2jaVNfO+LRmZ6b0mP6l3FId/8p39UL2NeW9S00QYKTUEwAAAOiN8cFozW2eqZ1aZmq8Ha25LTM1PhhTnL86Wq8nOhZotWvT4x0L9ETnAq2O2oakrAeM3k6/n3V2r9Ie9fKFurft6QaXaHgjwIERqdWO0penHquTJx6koJdPas3OTNEDW12gSE5Xr7xbX339N1rr2htc0oEZKfUEAAAAejIzs4nmte6uea176IDR220w/dta96j4fG/b0/rT2of1p7X/1oLcskYVEwNkJj55Ej/PYsQITaCPTjpM5019j0oPaPSPl9dXX79eP1rxZ+V9VKcS1sdIqScAAADQkwNG...
&amp#27;[38;5;53m[2a6d443c]&amp#27;[0m&amp#27;[38;5;-121m[AndroidUiautomator2Driver@7a5e]&amp#27;[0m Responding to client with driver.getScreenshot() result: "iVBORw0KGgoAAAANSUhEUgAABDgAAAjoCAYAAAA5jhrUAAAAAXNSR0IArs4c6QAAAARzQklUCAgICHwIZIgAACAASURBVHic7N15nBxF/f/xd1X37G6OzUkSIOQAIVzhvhGV44tAFFAUBUQE9KeIeIIH4IGiIH7xQEVRwC+oIIpyqIiAAsolIiKHQLgJSSDkvvaYma76/dHTc+zObPaY2d3Ovp48QjLd1dVV02d9prraTHzyJC8AAAAAAIAUs0NdAAAAAAAAgIEiwAEAAAAAAFKPAAcAAAAAAEg9AhwAAAAAACD1CHAAAAAAAIDUI8ABAAAAAABSjwAHAAAAAABIPQIcAAAAAAAg9QhwAAAAAACA1CPAAQAAAAAAUo8ABwAAAAAASD0CHAAAAAAAIPUIcAAAAAAAgNQjwAEAAAAAAFKPAAcAAAAAAEg9AhwAAAAAACD1CHAAAAAAAIDUI8ABAAAAAABSjwAHAAAAAABIPQIcAAAAAAAg9QhwAAAAAACA1CPAAQAAAAAAUo8ABwAAAAAASD0CHAAAAAAAIPUIcAAAAAAAgNQLh7oAwHBgZGSSv038b0nykrz3iv9T4f/pNVLqCQAAAGDkIcCBEcvIKDRWb2jaVNfO+LRmZ6b0mP6l3FId/8p39UL2NeW9S00QYKTUEwAAAOiN8cFozW2eqZ1aZmq8Ha25LTM1PhhTnL86Wq8nOhZotWvT4x0L9ETnAq2O2oakrAeM3k6/n3V2r9Ie9fKFurft6QaXaHgjwIERqdWO0penHquTJx6koJdPas3OTNEDW12gSE5Xr7xbX339N1rr2htc0oEZKfUEAAAAejIzs4nmte6uea176IDR220w/dta96j4fG/b0/rT2of1p7X/1oLcskYVEwNkJj55Ej/PYsQITaCPTjpM5019j0oPaPSPl9dXX79eP1rxZ+V9VKcS1sdIqScAAADQkwNGb6ePTHprt4DFQNyy9mH9ZMXtg9Jbgh4cfUOAAyOCkVGrbdFdW35NWzZNrWve...
&amp#27;[38;5;53m[2a6d443c]&amp#27;[0m&amp#27;[38;5;86m[HTTP]&amp#27;[0m &amp#27;[37m<-- GET /session/2a6d443c-6598-4892-9b23-57159ce89693/screenshot &amp#27;[39m&amp#27;[32m200&amp#27;[39m &amp#27;[90m1203 ms - 600616&amp#27;[39m &amp#27;[90m&amp#27;[39m
Toast Message: Please enter your name
&amp#27;[38;5;53m[2a6d443c]&amp#27;[0m&amp#27;[38;5;86m[HTTP]&amp#27;[0m &amp#27;[37m-->&amp#27;[39m &amp#27;[37mGET&amp#27;[39m &amp#27;[37m/session/2a6d443c-6598-4892-9b23-57159ce89693/screenshot&amp#27;[39m &amp#27;[90m{}&amp#27;[39m
&amp#27;[38;5;53m[2a6d443c]&amp#27;[0m&amp#27;[38;5;-121m[AndroidUiautomator2Driver@7a5e]&amp#27;[0m Calling AppiumDriver.getScreenshot() with args: ["2a6d443c-6598-4892-9b23-57159ce89693"]
&amp#27;[38;5;53m[2a6d443c]&amp#27;[0m&amp#27;[38;5;-121m[AndroidUiautomator2Driver@7a5e]&amp#27;[0m Matched '/screenshot' to command name 'getScreenshot'
&amp#27;[38;5;53m[2a6d443c]&amp#27;[0m&amp#27;[38;5;-121m[AndroidUiautomator2Driver@7a5e]&amp#27;[0m Proxying [GET /screenshot] to [GET http://127.0.0.1:8202/session/6a9dc4e2-d4a2-4799-b5dc-c303eaefebc8/screenshot] with no body
&amp#27;[38;5;53m[2a6d443c]&amp#27;[0m&amp#27;[38;5;-121m[AndroidUiautomator2Driver@7a5e]&amp#27;[0m Got response with status 200: {"sessionId":"6a9dc4e2-d4a2-4799-b5dc-c303eaefebc8","value":"iVBORw0KGgoAAAANSUhEUgAABDgAAAjoCAYAAAA5jhrUAAAAAXNSR0IArs4c6QAAAARzQklUCAgICHwIZIgAACAASURBVHic7N15nBxF/f/xd1XP7G422WzuAAlJgBAOw30jKIcIBAFFUYnKF5CfAiIe4AWiIIqCqCCnAgqKiIoElENAAeUSuUTOAOHIQch9bLLXTFf9/ph7t2ezx8zudvb15BGS6a6urpo+6zPV1Wb0S8d7AQAAAAAAxJgd6AIAAAAAAAD0FQEOAAAAAAAQewQ4AAAAAABA7BHgAAAAAAAAsUeAAwAAAAAAxB4BDgAAAAAAEHsEOAAAAAAAQOwR4AAAAAAAALFHgAMAAAAAAMQeAQ4AAAAAABB7BDgAAAAAAEDsEeAAAAAAAACxR4ADAAAAAADEHgEOAAAAAAAQewQ4AAAAAABA7BHgAAAAAAAAsUeAAwAAAAAAxB4BDgAAAAAAEHsEOAAAAAAAQOwR4AAAAAAAALFHgAMAAAAAAMQeAQ4AAAAAABB7BDgAAAAAAEDsEeAAAAAAAACxR4ADAAAAAADEXmKgCwAMBkZGJve3yfxbkrwk770y/yn7//gaKvUEAAAAMPQQ4MCQZWSUMFZb1Wyimzf/iqYlx3eZ/q3UMh234Gd6o/1dpb2LTRBgqNQTAAAA6I7GoF4za6doh7oparT1mlk3RY3B8Pz8NeF6vdA6X2tcs55vna8X2uZrTdg8IGXdr35b/WXqt7qV9qi3f6hHml+pcokGNwIcGJIa7DB9Z8KxOmH0gQq6+aTWtOR4Pb7lhQrldOOqh3T+0j+qybVUuaR9M1TqCQAAAHRlSnKcZjXsqlkNu2m/+m03mP6Iht1KPj/S/Irubnpadzc9o/mp5dUqJvrIjH7peH6exZCRMIFOHXOozpvwcRUe0OgdL6/zl/5JV638m9I+rFAJK2Oo1BMAAADoyn712+rz...
&amp#27;[38;5;53m[2a6d443c]&amp#27;[0m&amp#27;[38;5;-121m[AndroidUiautomator2Driver@7a5e]&amp#27;[0m Responding to client with driver.getScreenshot() result: "iVBORw0KGgoAAAANSUhEUgAABDgAAAjoCAYAAAA5jhrUAAAAAXNSR0IArs4c6QAAAARzQklUCAgICHwIZIgAACAASURBVHic7N15nBxF/f/xd1XP7G422WzuAAlJgBAOw30jKIcIBAFFUYnKF5CfAiIe4AWiIIqCqCCnAgqKiIoElENAAeUSuUTOAOHIQch9bLLXTFf9/ph7t2ezx8zudvb15BGS6a6urpo+6zPV1Wb0S8d7AQAAAAAAxJgd6AIAAAAAAAD0FQEOAAAAAAAQewQ4AAAAAABA7BHgAAAAAAAAsUeAAwAAAAAAxB4BDgAAAAAAEHsEOAAAAAAAQOwR4AAAAAAAALFHgAMAAAAAAMQeAQ4AAAAAABB7BDgAAAAAAEDsEeAAAAAAAACxR4ADAAAAAADEHgEOAAAAAAAQewQ4AAAAAABA7BHgAAAAAAAAsUeAAwAAAAAAxB4BDgAAAAAAEHsEOAAAAAAAQOwR4AAAAAAAALFHgAMAAAAAAMQeAQ4AAAAAABB7BDgAAAAAAEDsEeAAAAAAAACxR4ADAAAAAADEXmKgCwAMBkZGJve3yfxbkrwk770y/yn7//gaKvUEAAAAMPQQ4MCQZWSUMFZb1Wyimzf/iqYlx3eZ/q3UMh234Gd6o/1dpb2LTRBgqNQTAAAA6I7GoF4za6doh7oparT1mlk3RY3B8Pz8NeF6vdA6X2tcs55vna8X2uZrTdg8IGXdr35b/WXqt7qV9qi3f6hHml+pcokGNwIcGJIa7DB9Z8KxOmH0gQq6+aTWtOR4Pb7lhQrldOOqh3T+0j+qybVUuaR9M1TqCQAAAHRlSnKcZjXsqlkNu2m/+m03mP6Iht1KPj/S/Irubnpadzc9o/mp5dUqJvrIjH7peH6exZCRMIFOHXOozpvwcRUe0OgdL6/zl/5JV638m9I+rFAJK2Oo1BMAAADoyn712+rzYz7YKWDRF3c1Pa1frLyvX3pL0IOjZwhwYEgwMmqwdXpwi+9pi5oJFc37zfal...
&amp#27;[38;5;53m[2a6d443c]&amp#27;[0m&amp#27;[38;5;86m[HTTP]&amp#27;[0m &amp#27;[37m<-- GET /session/2a6d443c-6598-4892-9b23-57159ce89693/screenshot &amp#27;[39m&amp#27;[32m200&amp#27;[39m &amp#27;[90m1213 ms - 601020&amp#27;[39m &amp#27;[90m&amp#27;[39m
]]></system-out>
  </testcase>
  <testcase name="setUp[1, 1](0)" classname="org.testCase.TestCase2" time="8.522">
    <failure message="Could not start a new session. Response code 500. Message: An unknown server-side error occurred while processing the command. Original error: Device R3CRC00KHBT was not in the list of connected devices &#10;Host info: host: &apos;ELSA&apos;, ip: &apos;192.168.2.20&apos;&#10;Build info: version: &apos;4.33.0&apos;, revision: &apos;2c6aaad03a&apos;&#10;System info: os.name: &apos;Windows 11&apos;, os.arch: &apos;amd64&apos;, os.version: &apos;10.0&apos;, java.version: &apos;11.0.26&apos;&#10;Driver info: io.appium.java_client.android.AndroidDriver&#10;Command: [null, newSession {capabilities=[{appium:appActivity=com.androidsample.generalstore.SplashActivity, appium:appPackage=com.androidsample.generalstore, appium:automationName=UiAutomator2, appium:deviceName=Samsung_Galaxy_S21, appium:noReset=true, platformName=ANDROID, appium:platformVersion=10.0, appium:systemPort=8201, appium:udid=R3CRC00KHBT}], desiredCapabilities=Capabilities {appActivity: com.androidsample.generalst..., appPackage: com.androidsample.generalstore, automationName: UiAutomator2, deviceName: Samsung_Galaxy_S21, noReset: true, platformName: ANDROID, platformVersion: 10.0, systemPort: 8201, udid: R3CRC00KHBT}}]&#10;Capabilities {appActivity: com.androidsample.generalst..., appPackage: com.androidsample.generalstore, automationName: UiAutomator2, deviceName: Samsung_Galaxy_S21, noReset: true, platformName: ANDROID, platformVersion: 10.0, systemPort: 8201, udid: R3CRC00KHBT}" type="org.openqa.selenium.SessionNotCreatedException"><![CDATA[org.openqa.selenium.SessionNotCreatedException: 
Could not start a new session. Response code 500. Message: An unknown server-side error occurred while processing the command. Original error: Device R3CRC00KHBT was not in the list of connected devices 
Host info: host: 'ELSA', ip: '192.168.2.20'
Build info: version: '4.33.0', revision: '2c6aaad03a'
System info: os.name: 'Windows 11', os.arch: 'amd64', os.version: '10.0', java.version: '11.0.26'
Driver info: io.appium.java_client.android.AndroidDriver
Command: [null, newSession {capabilities=[{appium:appActivity=com.androidsample.generalstore.SplashActivity, appium:appPackage=com.androidsample.generalstore, appium:automationName=UiAutomator2, appium:deviceName=Samsung_Galaxy_S21, appium:noReset=true, platformName=ANDROID, appium:platformVersion=10.0, appium:systemPort=8201, appium:udid=R3CRC00KHBT}], desiredCapabilities=Capabilities {appActivity: com.androidsample.generalst..., appPackage: com.androidsample.generalstore, automationName: UiAutomator2, deviceName: Samsung_Galaxy_S21, noReset: true, platformName: ANDROID, platformVersion: 10.0, systemPort: 8201, udid: R3CRC00KHBT}}]
Capabilities {appActivity: com.androidsample.generalst..., appPackage: com.androidsample.generalstore, automationName: UiAutomator2, deviceName: Samsung_Galaxy_S21, noReset: true, platformName: ANDROID, platformVersion: 10.0, systemPort: 8201, udid: R3CRC00KHBT}
	at org.openqa.selenium.remote.ProtocolHandshake.createSession(ProtocolHandshake.java:140)
	at java.base/jdk.internal.reflect.NativeMethodAccessorImpl.invoke0(Native Method)
	at java.base/jdk.internal.reflect.NativeMethodAccessorImpl.invoke(NativeMethodAccessorImpl.java:62)
	at java.base/jdk.internal.reflect.DelegatingMethodAccessorImpl.invoke(DelegatingMethodAccessorImpl.java:43)
	at java.base/java.lang.reflect.Method.invoke(Method.java:566)
	at io.appium.java_client.remote.AppiumProtocolHandshake.createSession(AppiumProtocolHandshake.java:133)
	at io.appium.java_client.remote.AppiumProtocolHandshake.createSession(AppiumProtocolHandshake.java:102)
	at io.appium.java_client.remote.AppiumCommandExecutor.createSession(AppiumCommandExecutor.java:182)
	at io.appium.java_client.remote.AppiumCommandExecutor.execute(AppiumCommandExecutor.java:250)
	at org.openqa.selenium.remote.RemoteWebDriver.execute(RemoteWebDriver.java:602)
	at io.appium.java_client.AppiumDriver.startSession(AppiumDriver.java:274)
	at org.openqa.selenium.remote.RemoteWebDriver.<init>(RemoteWebDriver.java:163)
	at io.appium.java_client.AppiumDriver.<init>(AppiumDriver.java:89)
	at io.appium.java_client.AppiumDriver.<init>(AppiumDriver.java:101)
	at io.appium.java_client.android.AndroidDriver.<init>(AndroidDriver.java:113)
	at org.appium.TestUtils.BaseTest.setUp(BaseTest.java:45)
	at java.base/jdk.internal.reflect.NativeMethodAccessorImpl.invoke0(Native Method)
	at java.base/jdk.internal.reflect.NativeMethodAccessorImpl.invoke(NativeMethodAccessorImpl.java:62)
	at java.base/jdk.internal.reflect.DelegatingMethodAccessorImpl.invoke(DelegatingMethodAccessorImpl.java:43)
	at java.base/java.lang.reflect.Method.invoke(Method.java:566)
	at org.testng.internal.invokers.MethodInvocationHelper.invokeMethod(MethodInvocationHelper.java:141)
	at org.testng.internal.invokers.MethodInvocationHelper.invokeMethodConsideringTimeout(MethodInvocationHelper.java:71)
	at org.testng.internal.invokers.ConfigInvoker.invokeConfigurationMethod(ConfigInvoker.java:400)
	at org.testng.internal.invokers.ConfigInvoker.invokeConfigurations(ConfigInvoker.java:333)
	at org.testng.internal.invokers.TestMethodWorker.invokeBeforeClassMethods(TestMethodWorker.java:188)
	at org.testng.internal.invokers.TestMethodWorker.run(TestMethodWorker.java:128)
	at java.base/java.util.ArrayList.forEach(ArrayList.java:1541)
	at org.testng.TestRunner.privateRun(TestRunner.java:741)
	at org.testng.TestRunner.run(TestRunner.java:616)
	at org.testng.SuiteRunner.runTest(SuiteRunner.java:421)
	at org.testng.SuiteRunner$SuiteWorker.run(SuiteRunner.java:463)
	at org.testng.internal.thread.ThreadUtil.lambda$execute$0(ThreadUtil.java:64)
	at java.base/java.util.concurrent.FutureTask.run(FutureTask.java:264)
	at java.base/java.util.concurrent.ThreadPoolExecutor.runWorker(ThreadPoolExecutor.java:1128)
	at java.base/java.util.concurrent.ThreadPoolExecutor$Worker.run(ThreadPoolExecutor.java:628)
	at java.base/java.lang.Thread.run(Thread.java:834)
]]></failure>
    <system-out><![CDATA[&amp#27;[38;5;86m[HTTP]&amp#27;[0m &amp#27;[37m-->&amp#27;[39m &amp#27;[37mGET&amp#27;[39m &amp#27;[37m/status&amp#27;[39m &amp#27;[90m{}&amp#27;[39m
&amp#27;[38;5;85m[AppiumDriver@8fde]&amp#27;[0m Calling AppiumDriver.getStatus() with args: []
&amp#27;[38;5;85m[AppiumDriver@8fde]&amp#27;[0m Responding to client with driver.getStatus() result: {"ready":true,"message":"The server is ready to accept new connections","build":{"version":"2.19.0"}}
&amp#27;[38;5;86m[HTTP]&amp#27;[0m &amp#27;[37m<-- GET /status &amp#27;[39m&amp#27;[32m200&amp#27;[39m &amp#27;[90m1 ms - 111&amp#27;[39m &amp#27;[90m&amp#27;[39m
Appium server stopped
✅ Test completed for device: Samsung_Galaxy_S21
&amp#27;[38;5;53m[2a6d443c]&amp#27;[0m&amp#27;[38;5;229m[ADB]&amp#27;[0m Using 'aapt2.exe' from 'C:\Users\sajus\AppData\Local\Android\Sdk\build-tools\36.0.0\aapt2.exe'
&amp#27;[38;5;53m[2a6d443c]&amp#27;[0m&amp#27;[38;5;229m[ADB]&amp#27;[0m Reading package manifest: 'C:\\Users\\sajus\\AppData\\Local\\Android\\Sdk\\build-tools\\36.0.0\\aapt2.exe dump badging C:\\Users\\sajus\\.appium\\node_modules\\appium-uiautomator2-driver\\node_modules\\io.appium.settings\\apks\\settings_apk-debug.apk'
&amp#27;[38;5;53m[2a6d443c]&amp#27;[0m&amp#27;[38;5;229m[ADB]&amp#27;[0m The version name of the installed 'io.appium.settings' is greater or equal to the application version name ('5.14.8' >= '5.14.8')
&amp#27;[38;5;53m[2a6d443c]&amp#27;[0m&amp#27;[38;5;229m[ADB]&amp#27;[0m There is no need to install/upgrade 'C:\Users\sajus\.appium\node_modules\appium-uiautomator2-driver\node_modules\io.appium.settings\apks\settings_apk-debug.apk'
&amp#27;[38;5;53m[2a6d443c]&amp#27;[0m&amp#27;[38;5;229m[ADB]&amp#27;[0m Running 'C:\Users\sajus\AppData\Local\Android\Sdk\platform-tools\adb.exe -P 5037 -s CTLID18120801016 shell dumpsys activity services io.appium.settings'
&amp#27;[38;5;53m[2a6d443c]&amp#27;[0m&amp#27;[38;5;-121m[AndroidUiautomator2Driver@7a5e]&amp#27;[0m io.appium.settings is already running. There is no need to reset its permissions.
&amp#27;[38;5;53m[2a6d443c]&amp#27;[0m&amp#27;[38;5;160m[Logcat]&amp#27;[0m Starting logs capture with command: C:\\Users\\sajus\\AppData\\Local\\Android\\Sdk\\platform-tools\\adb.exe -P 5037 -s CTLID18120801016 logcat -v threadtime
&amp#27;[38;5;53m[2a6d443c]&amp#27;[0m&amp#27;[38;5;229m[ADB]&amp#27;[0m Running 'C:\Users\sajus\AppData\Local\Android\Sdk\platform-tools\adb.exe -P 5037 -s CTLID18120801016 shell appops set io.appium.settings android:mock_location allow'
&amp#27;[38;5;53m[2a6d443c]&amp#27;[0m&amp#27;[38;5;229m[ADB]&amp#27;[0m Running 'C:\Users\sajus\AppData\Local\Android\Sdk\platform-tools\adb.exe -P 5037 -s CTLID18120801016 shell "[ -e '/data/local/tmp/mock_apps.json' ] && echo __PASS__"'
&amp#27;[38;5;53m[2a6d443c]&amp#27;[0m&amp#27;[38;5;229m[ADB]&amp#27;[0m Running 'C:\Users\sajus\AppData\Local\Android\Sdk\platform-tools\adb.exe -P 5037 -s CTLID18120801016 shell cat /data/local/tmp/mock_apps.json'
&amp#27;[38;5;53m[2a6d443c]&amp#27;[0m&amp#27;[38;5;-121m[AndroidUiautomator2Driver@7a5e]&amp#27;[0m Forwarding UiAutomator2 Server port 6790 to local port 8202
&amp#27;[38;5;53m[2a6d443c]&amp#27;[0m&amp#27;[38;5;229m[ADB]&amp#27;[0m Forwarding system: 8202 to device: 6790
&amp#27;[38;5;53m[2a6d443c]&amp#27;[0m&amp#27;[38;5;229m[ADB]&amp#27;[0m Running 'C:\Users\sajus\AppData\Local\Android\Sdk\platform-tools\adb.exe -P 5037 -s CTLID18120801016 forward tcp:8202 tcp:6790'
&amp#27;[38;5;53m[2a6d443c]&amp#27;[0m&amp#27;[38;5;-121m[AndroidUiautomator2Driver@7a5e]&amp#27;[0m UIA2Proxy options: {"server":"127.0.0.1","port":8202,"keepAlive":true,"scheme":"http","base":"","reqBasePath":"","sessionId":null,"timeout":240000}
&amp#27;[38;5;53m[2a6d443c]&amp#27;[0m&amp#27;[38;5;229m[ADB]&amp#27;[0m Getting package info for 'io.appium.uiautomator2.server'
&amp#27;[38;5;53m[2a6d443c]&amp#27;[0m&amp#27;[38;5;229m[ADB]&amp#27;[0m Running 'C:\Users\sajus\AppData\Local\Android\Sdk\platform-tools\adb.exe -P 5037 -s CTLID18120801016 shell dumpsys package io.appium.uiautomator2.server'
&amp#27;[38;5;53m[2a6d443c]&amp#27;[0m&amp#27;[38;5;229m[ADB]&amp#27;[0m Getting install status for io.appium.uiautomator2.server.test
&amp#27;[38;5;53m[2a6d443c]&amp#27;[0m&amp#27;[38;5;-121m[AndroidUiautomator2Driver@7a5e]&amp#27;[0m No app capability. Assuming it is already on the device
&amp#27;[38;5;53m[2a6d443c]&amp#27;[0m&amp#27;[38;5;229m[ADB]&amp#27;[0m Running 'C:\Users\sajus\AppData\Local\Android\Sdk\platform-tools\adb.exe -P 5037 -s CTLID18120801016 shell cmd package list packages'
&amp#27;[38;5;53m[2a6d443c]&amp#27;[0m&amp#27;[38;5;229m[ADB]&amp#27;[0m Reading package manifest: 'C:\\Users\\sajus\\AppData\\Local\\Android\\Sdk\\build-tools\\36.0.0\\aapt2.exe dump badging C:\\Users\\sajus\\.appium\\node_modules\\appium-uiautomator2-driver\\node_modules\\appium-uiautomator2-server\\apks\\appium-uiautomator2-server-v7.5.2.apk'
&amp#27;[38;5;53m[2a6d443c]&amp#27;[0m&amp#27;[38;5;229m[ADB]&amp#27;[0m 'io.appium.uiautomator2.server.test' is installed
&amp#27;[38;5;53m[2a6d443c]&amp#27;[0m&amp#27;[38;5;229m[ADB]&amp#27;[0m The version name of the installed 'io.appium.uiautomator2.server' is greater or equal to the application version name ('7.5.2' >= '7.5.2')
&amp#27;[38;5;53m[2a6d443c]&amp#27;[0m&amp#27;[38;5;-121m[AndroidUiautomator2Driver@7a5e]&amp#27;[0m Server packages status: [{"installState":"sameVersionInstalled","appPath":"C:\\Users\\sajus\\.appium\\node_modules\\appium-uiautomator2-driver\\node_modules\\appium-uiautomator2-server\\apks\\appium-uiautomator2-server-v7.5.2.apk","appId":"io.appium.uiautomator2.server"},{"installState":"sameVersionInstalled","appPath":"C:\\Users\\sajus\\.appium\\node_modules\\appium-uiautomator2-driver\\node_modules\\appium-uiautomator2-server\\apks\\appium-uiautomator2-server-debug-androidTest.apk","appId":"io.appium.uiautomator2.server.test"}]
&amp#27;[38;5;53m[2a6d443c]&amp#27;[0m&amp#27;[38;5;-121m[AndroidUiautomator2Driver@7a5e]&amp#27;[0m Server packages are not going to be (re)installed
&amp#27;[38;5;53m[2a6d443c]&amp#27;[0m&amp#27;[38;5;-121m[AndroidUiautomator2Driver@7a5e]&amp#27;[0m Waiting up to 30000ms for services to be available
&amp#27;[38;5;53m[2a6d443c]&amp#27;[0m&amp#27;[38;5;229m[ADB]&amp#27;[0m Running 'C:\Users\sajus\AppData\Local\Android\Sdk\platform-tools\adb.exe -P 5037 -s CTLID18120801016 shell pm list instrumentation'
&amp#27;[38;5;53m[2a6d443c]&amp#27;[0m&amp#27;[38;5;-121m[AndroidUiautomator2Driver@7a5e]&amp#27;[0m Instrumentation target 'io.appium.uiautomator2.server.test/androidx.test.runner.AndroidJUnitRunner' is available
&amp#27;[38;5;53m[2a6d443c]&amp#27;[0m&amp#27;[38;5;229m[ADB]&amp#27;[0m Adding packages ["io.appium.settings","io.appium.uiautomator2.server","io.appium.uiautomator2.server.test"] to Doze whitelist
&amp#27;[38;5;53m[2a6d443c]&amp#27;[0m&amp#27;[38;5;229m[ADB]&amp#27;[0m Got the following command chunks to execute: [["dumpsys","deviceidle","whitelist","+io.appium.settings",";","dumpsys","deviceidle","whitelist","+io.appium.uiautomator2.server",";","dumpsys","deviceidle","whitelist","+io.appium.uiautomator2.server.test",";"]]
&amp#27;[38;5;53m[2a6d443c]&amp#27;[0m&amp#27;[38;5;229m[ADB]&amp#27;[0m Running 'C:\Users\sajus\AppData\Local\Android\Sdk\platform-tools\adb.exe -P 5037 -s CTLID18120801016 shell dumpsys deviceidle whitelist +io.appium.settings ; dumpsys deviceidle whitelist +io.appium.uiautomator2.server ; dumpsys deviceidle whitelist +io.appium.uiautomator2.server.test ;'
&amp#27;[38;5;53m[2a6d443c]&amp#27;[0m&amp#27;[38;5;-121m[AndroidUiautomator2Driver@7a5e]&amp#27;[0m Performing shallow cleanup of automation leftovers
&amp#27;[38;5;53m[2a6d443c]&amp#27;[0m&amp#27;[38;5;-121m[AndroidUiautomator2Driver@7a5e]&amp#27;[0m No obsolete sessions have been detected (socket hang up)
&amp#27;[38;5;53m[2a6d443c]&amp#27;[0m&amp#27;[38;5;229m[ADB]&amp#27;[0m Running 'C:\Users\sajus\AppData\Local\Android\Sdk\platform-tools\adb.exe -P 5037 -s CTLID18120801016 shell am force-stop io.appium.uiautomator2.server'
&amp#27;[38;5;53m[2a6d443c]&amp#27;[0m&amp#27;[38;5;229m[ADB]&amp#27;[0m Running 'C:\Users\sajus\AppData\Local\Android\Sdk\platform-tools\adb.exe -P 5037 -s CTLID18120801016 shell am force-stop io.appium.uiautomator2.server.test'
&amp#27;[38;5;53m[2a6d443c]&amp#27;[0m&amp#27;[38;5;-121m[AndroidUiautomator2Driver@7a5e]&amp#27;[0m Starting UIAutomator2 server 7.5.2
&amp#27;[38;5;53m[2a6d443c]&amp#27;[0m&amp#27;[38;5;-121m[AndroidUiautomator2Driver@7a5e]&amp#27;[0m Using UIAutomator2 server from 'C:\Users\sajus\.appium\node_modules\appium-uiautomator2-driver\node_modules\appium-uiautomator2-server\apks\appium-uiautomator2-server-v7.5.2.apk' and test from 'C:\Users\sajus\.appium\node_modules\appium-uiautomator2-driver\node_modules\appium-uiautomator2-server\apks\appium-uiautomator2-server-debug-androidTest.apk'
&amp#27;[38;5;53m[2a6d443c]&amp#27;[0m&amp#27;[38;5;-121m[AndroidUiautomator2Driver@7a5e]&amp#27;[0m Waiting up to 30000ms for UiAutomator2 to be online...
&amp#27;[38;5;53m[2a6d443c]&amp#27;[0m&amp#27;[38;5;229m[ADB]&amp#27;[0m Creating ADB subprocess with args: ["-P","5037","-s","CTLID18120801016","shell","am","instrument","-w","-e","disableAnalytics","true","io.appium.uiautomator2.server.test/androidx.test.runner.AndroidJUnitRunner"]
&amp#27;[38;5;53m[2a6d443c]&amp#27;[0m&amp#27;[38;5;-121m[AndroidUiautomator2Driver@7a5e]&amp#27;[0m Matched '/status' to command name 'getStatus'
&amp#27;[38;5;53m[2a6d443c]&amp#27;[0m&amp#27;[38;5;-121m[AndroidUiautomator2Driver@7a5e]&amp#27;[0m Proxying [GET /status] to [GET http://127.0.0.1:8202/status] with no body
&amp#27;[38;5;53m[2a6d443c]&amp#27;[0m&amp#27;[38;5;-121m[AndroidUiautomator2Driver@7a5e]&amp#27;[0m socket hang up
&amp#27;[38;5;112m[Appium]&amp#27;[0m Welcome to Appium v2.19.0
&amp#27;[38;5;112m[Appium]&amp#27;[0m Non-default server args:
&amp#27;[38;5;112m[Appium]&amp#27;[0m { port: &amp#27;[33m4724&amp#27;[39m }
&amp#27;[38;5;112m[Appium]&amp#27;[0m The autodetected Appium home path: C:\Users\sajus\.appium
&amp#27;[38;5;112m[Appium]&amp#27;[0m Attempting to load driver uiautomator2...
&amp#27;[38;5;112m[Appium]&amp#27;[0m Requiring driver at C:\Users\sajus\.appium\node_modules\appium-uiautomator2-driver\build\index.js
&amp#27;[38;5;53m[2a6d443c]&amp#27;[0m&amp#27;[38;5;-121m[AndroidUiautomator2Driver@7a5e]&amp#27;[0m Matched '/status' to command name 'getStatus'
&amp#27;[38;5;53m[2a6d443c]&amp#27;[0m&amp#27;[38;5;-121m[AndroidUiautomator2Driver@7a5e]&amp#27;[0m Proxying [GET /status] to [GET http://127.0.0.1:8202/status] with no body
&amp#27;[38;5;53m[2a6d443c]&amp#27;[0m&amp#27;[38;5;-121m[AndroidUiautomator2Driver@7a5e]&amp#27;[0m socket hang up
&amp#27;[38;5;53m[2a6d443c]&amp#27;[0m&amp#27;[38;5;-121m[AndroidUiautomator2Driver@7a5e]&amp#27;[0m [Instrumentation] 
&amp#27;[38;5;53m[2a6d443c]&amp#27;[0m&amp#27;[38;5;-121m[AndroidUiautomator2Driver@7a5e]&amp#27;[0m Matched '/status' to command name 'getStatus'
&amp#27;[38;5;53m[2a6d443c]&amp#27;[0m&amp#27;[38;5;-121m[AndroidUiautomator2Driver@7a5e]&amp#27;[0m Proxying [GET /status] to [GET http://127.0.0.1:8202/status] with no body
&amp#27;[38;5;53m[2a6d443c]&amp#27;[0m&amp#27;[38;5;-121m[AndroidUiautomator2Driver@7a5e]&amp#27;[0m socket hang up
&amp#27;[38;5;53m[2a6d443c]&amp#27;[0m&amp#27;[38;5;-121m[AndroidUiautomator2Driver@7a5e]&amp#27;[0m Matched '/status' to command name 'getStatus'
&amp#27;[38;5;53m[2a6d443c]&amp#27;[0m&amp#27;[38;5;-121m[AndroidUiautomator2Driver@7a5e]&amp#27;[0m Proxying [GET /status] to [GET http://127.0.0.1:8202/status] with no body
&amp#27;[38;5;53m[2a6d443c]&amp#27;[0m&amp#27;[38;5;-121m[AndroidUiautomator2Driver@7a5e]&amp#27;[0m Got response with status 200: {"sessionId":"None","value":{"message":"UiAutomator2 Server is ready to accept commands","ready":true}}
&amp#27;[38;5;53m[2a6d443c]&amp#27;[0m&amp#27;[38;5;-121m[AndroidUiautomator2Driver@7a5e]&amp#27;[0m The initialization of the instrumentation process took 3418ms
&amp#27;[38;5;53m[2a6d443c]&amp#27;[0m&amp#27;[38;5;-121m[AndroidUiautomator2Driver@7a5e]&amp#27;[0m Matched '/session' to command name 'createSession'
&amp#27;[38;5;53m[2a6d443c]&amp#27;[0m&amp#27;[38;5;-121m[AndroidUiautomator2Driver@7a5e]&amp#27;[0m Proxying [POST /session] to [POST http://127.0.0.1:8202/session] with body: {"capabilities":{"firstMatch":[{"platformName":"ANDROID","appActivity":"com.androidsample.generalstore.SplashActivity","appPackage":"com.androidsample.generalstore","automationName":"UiAutomator2","deviceName":"CTLID18120801016","noReset":true,"platformVersion":"11.0","systemPort":8202,"udid":"CTLID18120801016","platform":"LINUX","webStorageEnabled":false,"takesScreenshot":true,"javascriptEnabled":true,"databaseEnabled":false,"networkConnectionEnabled":true,"locationContextEnabled":false,"warnings":{},"desired":{"platformName":"ANDROID","appActivity":"com.androidsample.generalstore.SplashActivity","appPackage":"com.androidsample.generalstore","automationName":"UiAutomator2","deviceName":"Nokia","noReset":true,"platformVersion":"11.0","systemPort":8202,"udid":"CTLID18120801016"},"deviceUDID":"CTLID18120801016"}],"alwaysMatch":{}}}
&amp#27;[38;5;53m[2a6d443c]&amp#27;[0m&amp#27;[38;5;-121m[AndroidUiautomator2Driver@7a5e]&amp#27;[0m Got response with status 200: {"sessionId":"6a9dc4e2-d4a2-4799-b5dc-c303eaefebc8","value":{"capabilities":{"firstMatch":[{"platformName":"ANDROID","appActivity":"com.androidsample.generalstore.SplashActivity","appPackage":"com.androidsample.generalstore","automationName":"UiAutomator2","deviceName":"CTLID18120801016","noReset":true,"platformVersion":"11.0","systemPort":8202,"udid":"CTLID18120801016","platform":"LINUX","webStorageEnabled":false,"takesScreenshot":true,"javascriptEnabled":true,"databaseEnabled":false,"networkConnectionEnabled":true,"locationContextEnabled":false,"warnings":{},"desired":{"platformName":"ANDROID","appActivity":"com.androidsample.generalstore.SplashActivity","appPackage":"com.androidsample.generalstore","automationName":"UiAutomator2","deviceName":"Nokia","noReset":true,"platformVersion":"11.0","systemPort":8202,"udid":"CTLID18120801016"},"deviceUDID":"CTLID18120801016"}],"alwaysMatch":{}},"sessionId":"6a9dc4e2-d4a2-4799-b5dc-c303eaefebc8"}}
&amp#27;[38;5;53m[2a6d443c]&amp#27;[0m&amp#27;[38;5;-121m[AndroidUiautomator2Driver@7a5e]&amp#27;[0m Determined the downstream protocol as 'W3C'
&amp#27;[38;5;53m[2a6d443c]&amp#27;[0m&amp#27;[38;5;-121m[AndroidUiautomator2Driver@7a5e]&amp#27;[0m Proxying [GET /appium/device/pixel_ratio] to [GET http://127.0.0.1:8202/session/6a9dc4e2-d4a2-4799-b5dc-c303eaefebc8/appium/device/pixel_ratio] with no body
&amp#27;[38;5;53m[2a6d443c]&amp#27;[0m&amp#27;[38;5;-121m[AndroidUiautomator2Driver@7a5e]&amp#27;[0m Matched '/appium/device/system_bars' to command name 'getSystemBars'
&amp#27;[38;5;53m[2a6d443c]&amp#27;[0m&amp#27;[38;5;-121m[AndroidUiautomator2Driver@7a5e]&amp#27;[0m Proxying [GET /appium/device/system_bars] to [GET http://127.0.0.1:8202/session/6a9dc4e2-d4a2-4799-b5dc-c303eaefebc8/appium/device/system_bars] with no body
&amp#27;[38;5;53m[2a6d443c]&amp#27;[0m&amp#27;[38;5;-121m[AndroidUiautomator2Driver@7a5e]&amp#27;[0m Matched '/window/current/size' to command name 'getWindowSize'
&amp#27;[38;5;53m[2a6d443c]&amp#27;[0m&amp#27;[38;5;-121m[AndroidUiautomator2Driver@7a5e]&amp#27;[0m Proxying [GET /window/current/size] to [GET http://127.0.0.1:8202/session/6a9dc4e2-d4a2-4799-b5dc-c303eaefebc8/window/current/size] with no body
&amp#27;[38;5;53m[2a6d443c]&amp#27;[0m&amp#27;[38;5;-121m[AndroidUiautomator2Driver@7a5e]&amp#27;[0m Proxying [GET /appium/device/info] to [GET http://127.0.0.1:8202/session/6a9dc4e2-d4a2-4799-b5dc-c303eaefebc8/appium/device/info] with no body
&amp#27;[38;5;53m[2a6d443c]&amp#27;[0m&amp#27;[38;5;229m[ADB]&amp#27;[0m Running 'C:\Users\sajus\AppData\Local\Android\Sdk\platform-tools\adb.exe -P 5037 -s CTLID18120801016 shell dumpsys window'
&amp#27;[38;5;53m[2a6d443c]&amp#27;[0m&amp#27;[38;5;229m[ADB]&amp#27;[0m Running 'C:\Users\sajus\AppData\Local\Android\Sdk\platform-tools\adb.exe -P 5037 -s CTLID18120801016 shell dumpsys power'
&amp#27;[38;5;53m[2a6d443c]&amp#27;[0m&amp#27;[38;5;-121m[AndroidUiautomator2Driver@7a5e]&amp#27;[0m Got response with status 200: {"sessionId":"6a9dc4e2-d4a2-4799-b5dc-c303eaefebc8","value":2.625}
&amp#27;[38;5;53m[2a6d443c]&amp#27;[0m&amp#27;[38;5;-121m[AndroidUiautomator2Driver@7a5e]&amp#27;[0m Got response with status 200: {"sessionId":"6a9dc4e2-d4a2-4799-b5dc-c303eaefebc8","value":{"statusBar":89}}
&amp#27;[38;5;53m[2a6d443c]&amp#27;[0m&amp#27;[38;5;-121m[AndroidUiautomator2Driver@7a5e]&amp#27;[0m Got response with status 200: {"sessionId":"6a9dc4e2-d4a2-4799-b5dc-c303eaefebc8","value":{"height":2280,"width":1080}}
&amp#27;[38;5;53m[2a6d443c]&amp#27;[0m&amp#27;[38;5;-121m[AndroidUiautomator2Driver@7a5e]&amp#27;[0m Got response with status 200: {"sessionId":"6a9dc4e2-d4a2-4799-b5dc-c303eaefebc8","value":{"androidId":"7be9e4e610cc4454","apiVersion":"29","bluetooth":{"state":"OFF"},"brand":"Nokia","carrierName":"","displayDensity":420,"locale":"en_IN","manufacturer":"HMD Global","model":"Nokia 7.1","networks":[{"capabilities":{"SSID":null,"linkDownBandwidthKbps":1048576,"linkUpstreamBandwidthKbps":1048576,"networkCapabilities":"NET_CAPABILITY_NOT_METERED,NET_CAPABILITY_INTERNET,NET_CAPABILITY_NOT_RESTRICTED,NET_CAPABILITY_TRUSTED,NET_CAPABILITY_NOT_VPN,NET_CAPABILITY_VALIDATED,NET_CAPABILITY_NOT_ROAMING,NET_CAPABILITY_FOREGROUND,NET_CAPABILITY_NOT_CONGESTED,NET_CAPABILITY_NOT_SUSPENDED","signalStrength":-56,"transportTypes":"TRANSPORT_WIFI"},"detailedState":"CONNECTED","extraInfo":null,"isAvailable":true,"isConnected":true,"isFailover":false,"isRoaming":false,"state":"CONNECTED","subtype":0,"subtypeName":"","type":1,"typeName":"WIFI"}],"platformVersion":"10","realDisplaySize":"1080x2280","timeZone":"America/Toronto"}}
&amp#27;[38;5;53m[2a6d443c]&amp#27;[0m&amp#27;[38;5;-121m[AndroidUiautomator2Driver@7a5e]&amp#27;[0m Screen already unlocked, doing nothing
&amp#27;[38;5;53m[2a6d443c]&amp#27;[0m&amp#27;[38;5;-121m[AndroidUiautomator2Driver@7a5e]&amp#27;[0m Starting 'com.androidsample.generalstore/com.androidsample.generalstore.SplashActivity' and waiting for 'com.androidsample.generalstore/com.androidsample.generalstore.SplashActivity'
&amp#27;[38;5;53m[2a6d443c]&amp#27;[0m&amp#27;[38;5;229m[ADB]&amp#27;[0m Getting IDs of all 'com.androidsample.generalstore' processes
&amp#27;[38;5;53m[2a6d443c]&amp#27;[0m&amp#27;[38;5;229m[ADB]&amp#27;[0m Running 'C:\Users\sajus\AppData\Local\Android\Sdk\platform-tools\adb.exe -P 5037 -s CTLID18120801016 shell 'pgrep --help; echo $?''
&amp#27;[38;5;112m[Appium]&amp#27;[0m AndroidUiautomator2Driver has been successfully loaded in 3.570s
&amp#27;[38;5;112m[Appium]&amp#27;[0m Appium REST http interface listener started on http://0.0.0.0:4724
&amp#27;[38;5;53m[2a6d443c]&amp#27;[0m&amp#27;[38;5;229m[ADB]&amp#27;[0m Running 'C:\Users\sajus\AppData\Local\Android\Sdk\platform-tools\adb.exe -P 5037 -s CTLID18120801016 shell pgrep -f \(\[\[:blank:\]\]\|\^\)com\.androidsample\.generalstore\(:\[a-zA-Z0-9_-\]\+\)\?\(\[\[:blank:\]\]\|\$\)'
&amp#27;[38;5;112m[Appium]&amp#27;[0m You can provide the following URLs in your client code to connect to this server:
	http://192.168.2.20:4724/
	http://127.0.0.1:4724/ (only accessible from the same host)
&amp#27;[38;5;112m[Appium]&amp#27;[0m Available drivers:
&amp#27;[38;5;112m[Appium]&amp#27;[0m   - uiautomator2@4.2.3 (automationName 'UiAutomator2')
&amp#27;[38;5;112m[Appium]&amp#27;[0m No plugins have been installed. Use the "appium plugin" command to install the one(s) you want to use.
&amp#27;[38;5;86m[HTTP]&amp#27;[0m &amp#27;[37m-->&amp#27;[39m &amp#27;[37mGET&amp#27;[39m &amp#27;[37m/status&amp#27;[39m &amp#27;[90m{}&amp#27;[39m
&amp#27;[38;5;70m[AppiumDriver@81e4]&amp#27;[0m Calling AppiumDriver.getStatus() with args: []
&amp#27;[38;5;70m[AppiumDriver@81e4]&amp#27;[0m Responding to client with driver.getStatus() result: {"ready":true,"message":"The server is ready to accept new connections","build":{"version":"2.19.0"}}
Appium server started on port: 4724
&amp#27;[38;5;86m[HTTP]&amp#27;[0m &amp#27;[37m<-- GET /status &amp#27;[39m&amp#27;[32m200&amp#27;[39m &amp#27;[90m11 ms - 111&amp#27;[39m &amp#27;[90m&amp#27;[39m
&amp#27;[38;5;86m[HTTP]&amp#27;[0m Request idempotency key: 8cd5c132-8ebc-424a-aefb-42c04714b2a0
&amp#27;[38;5;86m[HTTP]&amp#27;[0m &amp#27;[37m-->&amp#27;[39m &amp#27;[37mPOST&amp#27;[39m &amp#27;[37m/session&amp#27;[39m &amp#27;[90m{"capabilities":{"firstMatch":[{}],"alwaysMatch":{"appium:appActivity":"com.androidsample.generalstore.SplashActivity","appium:appPackage":"com.androidsample.generalstore","appium:automationName":"UiAutomator2","appium:deviceName":"Samsung_Galaxy_S21","appium:noReset":true,"appium:platformVersion":"10.0","appium:systemPort":8201,"appium:udid":"R3CRC00KHBT","platformName":"ANDROID"}}}&amp#27;[39m
&amp#27;[38;5;70m[AppiumDriver@81e4]&amp#27;[0m Calling AppiumDriver.createSession() with args: [null,null,{"firstMatch":[{}],"alwaysMatch":{"appium:appActivity":"com.androidsample.generalstore.SplashActivity","appium:appPackage":"com.androidsample.generalstore","appium:automationName":"UiAutomator2","appium:deviceName":"Samsung_Galaxy_S21","appium:noReset":true,"appium:platformVersion":"10.0","appium:systemPort":8201,"appium:udid":"R3CRC00KHBT","platformName":"ANDROID"}}]
&amp#27;[38;5;70m[AppiumDriver@81e4]&amp#27;[0m Event 'newSessionRequested' logged at 1750356232026 (14:03:52 GMT-0400 (Eastern Daylight Saving Time))
&amp#27;[38;5;112m[Appium]&amp#27;[0m Attempting to find matching driver for automationName 'UiAutomator2' and platformName 'ANDROID'
&amp#27;[38;5;112m[Appium]&amp#27;[0m The 'uiautomator2' driver was installed and matched caps.
&amp#27;[38;5;112m[Appium]&amp#27;[0m Will require it at C:\Users\sajus\.appium\node_modules\appium-uiautomator2-driver
&amp#27;[38;5;112m[Appium]&amp#27;[0m Requiring driver at C:\Users\sajus\.appium\node_modules\appium-uiautomator2-driver\build\index.js
&amp#27;[38;5;70m[AppiumDriver@81e4]&amp#27;[0m Appium v2.19.0 creating new AndroidUiautomator2Driver (v4.2.3) session
&amp#27;[38;5;70m[AppiumDriver@81e4]&amp#27;[0m Checking BaseDriver versions for Appium and AndroidUiautomator2Driver
&amp#27;[38;5;70m[AppiumDriver@81e4]&amp#27;[0m Appium's BaseDriver version is 9.18.0
&amp#27;[38;5;70m[AppiumDriver@81e4]&amp#27;[0m AndroidUiautomator2Driver's BaseDriver version is 9.18.0
&amp#27;[38;5;-62m[AndroidUiautomator2Driver@819e]&amp#27;[0m 
&amp#27;[38;5;-62m[AndroidUiautomator2Driver@819e]&amp#27;[0m Creating session with W3C capabilities: {
  "alwaysMatch": {
    "platformName": "ANDROID",
    "appium:appActivity": "com.androidsample.generalstore.SplashActivity",
    "appium:appPackage": "com.androidsample.generalstore",
    "appium:automationName": "UiAutomator2",
    "appium:deviceName": "Samsung_Galaxy_S21",
    "appium:noReset": true,
    "appium:platformVersion": "10.0",
    "appium:systemPort": 8201,
    "appium:udid": "R3CRC00KHBT"
  },
  "firstMatch": [
    {}
  ]
}
&amp#27;[38;5;188m[3487b0f6]&amp#27;[0m&amp#27;[38;5;-62m[AndroidUiautomator2Driver@819e]&amp#27;[0m Session created with session id: 3487b0f6-1fc0-45a7-8b65-9f05d35f4697
&amp#27;[38;5;188m[3487b0f6]&amp#27;[0m&amp#27;[38;5;229m[ADB]&amp#27;[0m Found 3 'build-tools' folders under 'C:\Users\sajus\AppData\Local\Android\Sdk' (newest first):
&amp#27;[38;5;188m[3487b0f6]&amp#27;[0m&amp#27;[38;5;229m[ADB]&amp#27;[0m     C:\Users\sajus\AppData\Local\Android\Sdk\build-tools\36.0.0
&amp#27;[38;5;188m[3487b0f6]&amp#27;[0m&amp#27;[38;5;229m[ADB]&amp#27;[0m     C:\Users\sajus\AppData\Local\Android\Sdk\build-tools\35.0.1
&amp#27;[38;5;188m[3487b0f6]&amp#27;[0m&amp#27;[38;5;229m[ADB]&amp#27;[0m     C:\Users\sajus\AppData\Local\Android\Sdk\build-tools\35.0.0
&amp#27;[38;5;188m[3487b0f6]&amp#27;[0m&amp#27;[38;5;229m[ADB]&amp#27;[0m Using 'adb.exe' from 'C:\Users\sajus\AppData\Local\Android\Sdk\platform-tools\adb.exe'
&amp#27;[38;5;188m[3487b0f6]&amp#27;[0m&amp#27;[38;5;229m[ADB]&amp#27;[0m Running 'C:\Users\sajus\AppData\Local\Android\Sdk\platform-tools\adb.exe -P 5037 start-server'
&amp#27;[38;5;53m[2a6d443c]&amp#27;[0m&amp#27;[38;5;229m[ADB]&amp#27;[0m Running 'C:\Users\sajus\AppData\Local\Android\Sdk\platform-tools\adb.exe -P 5037 -s CTLID18120801016 shell am start-activity -W -n com.androidsample.generalstore/com.androidsample.generalstore.SplashActivity -S -a android.intent.action.MAIN -c android.intent.category.LAUNCHER -f 0x10200000'
&amp#27;[38;5;188m[3487b0f6]&amp#27;[0m&amp#27;[38;5;-62m[AndroidUiautomator2Driver@819e]&amp#27;[0m Retrieving device list
&amp#27;[38;5;188m[3487b0f6]&amp#27;[0m&amp#27;[38;5;229m[ADB]&amp#27;[0m Trying to find connected Android devices
&amp#27;[38;5;188m[3487b0f6]&amp#27;[0m&amp#27;[38;5;229m[ADB]&amp#27;[0m Getting connected devices
&amp#27;[38;5;188m[3487b0f6]&amp#27;[0m&amp#27;[38;5;229m[ADB]&amp#27;[0m Connected devices: [{"udid":"CTLID18120801016","state":"device"}]
&amp#27;[38;5;188m[3487b0f6]&amp#27;[0m&amp#27;[38;5;-62m[AndroidUiautomator2Driver@819e]&amp#27;[0m Device R3CRC00KHBT was not in the list of connected devices
&amp#27;[38;5;188m[3487b0f6]&amp#27;[0m&amp#27;[38;5;-62m[AndroidUiautomator2Driver@819e]&amp#27;[0m Deleting UiAutomator2 session
&amp#27;[38;5;188m[3487b0f6]&amp#27;[0m&amp#27;[38;5;70m[AppiumDriver@81e4]&amp#27;[0m Event 'newSessionStarted' logged at 1750356232292 (14:03:52 GMT-0400 (Eastern Daylight Saving Time))
&amp#27;[38;5;188m[3487b0f6]&amp#27;[0m&amp#27;[38;5;70m[AppiumDriver@81e4]&amp#27;[0m Encountered internal error running command: Error: Device R3CRC00KHBT was not in the list of connected devices
    at Object.errorWithException (C:\Users\JenkinsUser\AppData\Roaming\npm\node_modules\appium\node_modules\@appium\support\lib\logging.js:41:45)
    at AndroidUiautomator2Driver.getDeviceInfoFromCaps (C:\Users\sajus\.appium\node_modules\appium-uiautomator2-driver\node_modules\appium-android-driver\lib\commands\device\common.js:46:24)
    at AndroidUiautomator2Driver.createSession (C:\Users\sajus\.appium\node_modules\appium-uiautomator2-driver\lib\driver.ts:357:30)
    at AppiumDriver.createSession (C:\Users\JenkinsUser\AppData\Roaming\npm\node_modules\appium\lib\appium.js:379:35)
&amp#27;[38;5;188m[3487b0f6]&amp#27;[0m&amp#27;[38;5;86m[HTTP]&amp#27;[0m &amp#27;[37m<-- POST /session &amp#27;[39m&amp#27;[31m500&amp#27;[39m &amp#27;[90m338 ms - 696&amp#27;[39m &amp#27;[90m&amp#27;[39m
]]></system-out>
  </testcase>
  <testcase name="SecondCase" classname="org.testCase.TestCase2" time="0">
    <skipped message="Could not start a new session. Response code 500. Message: An unknown server-side error occurred while processing the command. Original error: Device R3CRC00KHBT was not in the list of connected devices &#10;Host info: host: &apos;ELSA&apos;, ip: &apos;192.168.2.20&apos;&#10;Build info: version: &apos;4.33.0&apos;, revision: &apos;2c6aaad03a&apos;&#10;System info: os.name: &apos;Windows 11&apos;, os.arch: &apos;amd64&apos;, os.version: &apos;10.0&apos;, java.version: &apos;11.0.26&apos;&#10;Driver info: io.appium.java_client.android.AndroidDriver&#10;Command: [null, newSession {capabilities=[{appium:appActivity=com.androidsample.generalstore.SplashActivity, appium:appPackage=com.androidsample.generalstore, appium:automationName=UiAutomator2, appium:deviceName=Samsung_Galaxy_S21, appium:noReset=true, platformName=ANDROID, appium:platformVersion=10.0, appium:systemPort=8201, appium:udid=R3CRC00KHBT}], desiredCapabilities=Capabilities {appActivity: com.androidsample.generalst..., appPackage: com.androidsample.generalstore, automationName: UiAutomator2, deviceName: Samsung_Galaxy_S21, noReset: true, platformName: ANDROID, platformVersion: 10.0, systemPort: 8201, udid: R3CRC00KHBT}}]&#10;Capabilities {appActivity: com.androidsample.generalst..., appPackage: com.androidsample.generalstore, automationName: UiAutomator2, deviceName: Samsung_Galaxy_S21, noReset: true, platformName: ANDROID, platformVersion: 10.0, systemPort: 8201, udid: R3CRC00KHBT}"/>
  </testcase>
  <testcase name="SecondCase" classname="org.testCase.TestCase2" time="15.766">
    <system-out><![CDATA[&amp#27;[38;5;53m[2a6d443c]&amp#27;[0m&amp#27;[38;5;86m[HTTP]&amp#27;[0m &amp#27;[37m-->&amp#27;[39m &amp#27;[37mPOST&amp#27;[39m &amp#27;[37m/session/2a6d443c-6598-4892-9b23-57159ce89693/execute/sync&amp#27;[39m &amp#27;[90m{"script":"mobile: isAppInstalled","args":[{"bundleId":"com.androidsample.generalstore","appId":"com.androidsample.generalstore"}]}&amp#27;[39m
&amp#27;[38;5;53m[2a6d443c]&amp#27;[0m&amp#27;[38;5;-121m[AndroidUiautomator2Driver@7a5e]&amp#27;[0m Calling AppiumDriver.execute() with args: ["mobile: isAppInstalled",[{"bundleId":"com.androidsample.generalstore","appId":"com.androidsample.generalstore"}],"2a6d443c-6598-4892-9b23-57159ce89693"]
&amp#27;[38;5;53m[2a6d443c]&amp#27;[0m&amp#27;[38;5;123m[BaseDriver]&amp#27;[0m The following script arguments are not known and will be ignored: bundleId
&amp#27;[38;5;53m[2a6d443c]&amp#27;[0m&amp#27;[38;5;229m[ADB]&amp#27;[0m Getting install status for com.androidsample.generalstore
&amp#27;[38;5;53m[2a6d443c]&amp#27;[0m&amp#27;[38;5;229m[ADB]&amp#27;[0m Running 'C:\Users\sajus\AppData\Local\Android\Sdk\platform-tools\adb.exe -P 5037 -s CTLID18120801016 shell cmd package list packages'
&amp#27;[38;5;53m[2a6d443c]&amp#27;[0m&amp#27;[38;5;229m[ADB]&amp#27;[0m 'com.androidsample.generalstore' is installed
&amp#27;[38;5;53m[2a6d443c]&amp#27;[0m&amp#27;[38;5;-121m[AndroidUiautomator2Driver@7a5e]&amp#27;[0m Responding to client with driver.execute() result: true
&amp#27;[38;5;53m[2a6d443c]&amp#27;[0m&amp#27;[38;5;86m[HTTP]&amp#27;[0m &amp#27;[37m<-- POST /session/2a6d443c-6598-4892-9b23-57159ce89693/execute/sync &amp#27;[39m&amp#27;[32m200&amp#27;[39m &amp#27;[90m170 ms - 14&amp#27;[39m &amp#27;[90m&amp#27;[39m
&amp#27;[38;5;53m[2a6d443c]&amp#27;[0m&amp#27;[38;5;86m[HTTP]&amp#27;[0m &amp#27;[37m-->&amp#27;[39m &amp#27;[37mPOST&amp#27;[39m &amp#27;[37m/session/2a6d443c-6598-4892-9b23-57159ce89693/execute/sync&amp#27;[39m &amp#27;[90m{"script":"mobile: terminateApp","args":[{"bundleId":"com.androidsample.generalstore","appId":"com.androidsample.generalstore"}]}&amp#27;[39m
&amp#27;[38;5;53m[2a6d443c]&amp#27;[0m&amp#27;[38;5;-121m[AndroidUiautomator2Driver@7a5e]&amp#27;[0m Calling AppiumDriver.execute() with args: ["mobile: terminateApp",[{"bundleId":"com.androidsample.generalstore","appId":"com.androidsample.generalstore"}],"2a6d443c-6598-4892-9b23-57159ce89693"]
&amp#27;[38;5;53m[2a6d443c]&amp#27;[0m&amp#27;[38;5;123m[BaseDriver]&amp#27;[0m The following script arguments are not known and will be ignored: bundleId
&amp#27;[38;5;53m[2a6d443c]&amp#27;[0m&amp#27;[38;5;-121m[AndroidUiautomator2Driver@7a5e]&amp#27;[0m Terminating 'com.androidsample.generalstore'
&amp#27;[38;5;53m[2a6d443c]&amp#27;[0m&amp#27;[38;5;229m[ADB]&amp#27;[0m Getting IDs of all 'com.androidsample.generalstore' processes
&amp#27;[38;5;53m[2a6d443c]&amp#27;[0m&amp#27;[38;5;229m[ADB]&amp#27;[0m Running 'C:\Users\sajus\AppData\Local\Android\Sdk\platform-tools\adb.exe -P 5037 -s CTLID18120801016 shell pgrep -f \(\[\[:blank:\]\]\|\^\)com\.androidsample\.generalstore\(:\[a-zA-Z0-9_-\]\+\)\?\(\[\[:blank:\]\]\|\$\)'
&amp#27;[38;5;53m[2a6d443c]&amp#27;[0m&amp#27;[38;5;229m[ADB]&amp#27;[0m Running 'C:\Users\sajus\AppData\Local\Android\Sdk\platform-tools\adb.exe -P 5037 -s CTLID18120801016 shell am force-stop com.androidsample.generalstore'
&amp#27;[38;5;53m[2a6d443c]&amp#27;[0m&amp#27;[38;5;-121m[AndroidUiautomator2Driver@7a5e]&amp#27;[0m Querying the state of 'com.androidsample.generalstore'
&amp#27;[38;5;53m[2a6d443c]&amp#27;[0m&amp#27;[38;5;229m[ADB]&amp#27;[0m Getting install status for com.androidsample.generalstore
&amp#27;[38;5;53m[2a6d443c]&amp#27;[0m&amp#27;[38;5;229m[ADB]&amp#27;[0m Running 'C:\Users\sajus\AppData\Local\Android\Sdk\platform-tools\adb.exe -P 5037 -s CTLID18120801016 shell cmd package list packages'
&amp#27;[38;5;53m[2a6d443c]&amp#27;[0m&amp#27;[38;5;229m[ADB]&amp#27;[0m 'com.androidsample.generalstore' is installed
&amp#27;[38;5;53m[2a6d443c]&amp#27;[0m&amp#27;[38;5;229m[ADB]&amp#27;[0m Getting IDs of all 'com.androidsample.generalstore' processes
&amp#27;[38;5;53m[2a6d443c]&amp#27;[0m&amp#27;[38;5;229m[ADB]&amp#27;[0m Running 'C:\Users\sajus\AppData\Local\Android\Sdk\platform-tools\adb.exe -P 5037 -s CTLID18120801016 shell pgrep -f \(\[\[:blank:\]\]\|\^\)com\.androidsample\.generalstore\(:\[a-zA-Z0-9_-\]\+\)\?\(\[\[:blank:\]\]\|\$\)'
&amp#27;[38;5;53m[2a6d443c]&amp#27;[0m&amp#27;[38;5;-121m[AndroidUiautomator2Driver@7a5e]&amp#27;[0m 'com.androidsample.generalstore' has been successfully terminated
&amp#27;[38;5;53m[2a6d443c]&amp#27;[0m&amp#27;[38;5;-121m[AndroidUiautomator2Driver@7a5e]&amp#27;[0m Responding to client with driver.execute() result: true
&amp#27;[38;5;53m[2a6d443c]&amp#27;[0m&amp#27;[38;5;86m[HTTP]&amp#27;[0m &amp#27;[37m<-- POST /session/2a6d443c-6598-4892-9b23-57159ce89693/execute/sync &amp#27;[39m&amp#27;[32m200&amp#27;[39m &amp#27;[90m700 ms - 14&amp#27;[39m &amp#27;[90m&amp#27;[39m
🛑 App terminated: com.androidsample.generalstore
&amp#27;[38;5;53m[2a6d443c]&amp#27;[0m&amp#27;[38;5;86m[HTTP]&amp#27;[0m &amp#27;[37m-->&amp#27;[39m &amp#27;[37mDELETE&amp#27;[39m &amp#27;[37m/session/2a6d443c-6598-4892-9b23-57159ce89693&amp#27;[39m &amp#27;[90m{}&amp#27;[39m
&amp#27;[38;5;53m[2a6d443c]&amp#27;[0m&amp#27;[38;5;-121m[AndroidUiautomator2Driver@7a5e]&amp#27;[0m Calling AppiumDriver.deleteSession() with args: ["2a6d443c-6598-4892-9b23-57159ce89693"]
&amp#27;[38;5;53m[2a6d443c]&amp#27;[0m&amp#27;[38;5;203m[AppiumDriver@822c]&amp#27;[0m Event 'quitSessionRequested' logged at 1750356246612 (14:04:06 GMT-0400 (Eastern Daylight Saving Time))
&amp#27;[38;5;53m[2a6d443c]&amp#27;[0m&amp#27;[38;5;203m[AppiumDriver@822c]&amp#27;[0m Removing session 2a6d443c-6598-4892-9b23-57159ce89693 from our master session list
&amp#27;[38;5;53m[2a6d443c]&amp#27;[0m&amp#27;[38;5;-121m[AndroidUiautomator2Driver@7a5e]&amp#27;[0m Deleting UiAutomator2 session
&amp#27;[38;5;53m[2a6d443c]&amp#27;[0m&amp#27;[38;5;-121m[AndroidUiautomator2Driver@7a5e]&amp#27;[0m Deleting UiAutomator2 server session
&amp#27;[38;5;53m[2a6d443c]&amp#27;[0m&amp#27;[38;5;-121m[AndroidUiautomator2Driver@7a5e]&amp#27;[0m Proxying [DELETE /] to [DELETE http://127.0.0.1:8202/session/6a9dc4e2-d4a2-4799-b5dc-c303eaefebc8] with no body
&amp#27;[38;5;53m[2a6d443c]&amp#27;[0m&amp#27;[38;5;-121m[AndroidUiautomator2Driver@7a5e]&amp#27;[0m Got response with status 200: {"sessionId":"6a9dc4e2-d4a2-4799-b5dc-c303eaefebc8","value":null}
&amp#27;[38;5;53m[2a6d443c]&amp#27;[0m&amp#27;[38;5;229m[ADB]&amp#27;[0m Getting IDs of all 'io.appium.uiautomator2.server' processes
&amp#27;[38;5;53m[2a6d443c]&amp#27;[0m&amp#27;[38;5;229m[ADB]&amp#27;[0m Running 'C:\Users\sajus\AppData\Local\Android\Sdk\platform-tools\adb.exe -P 5037 -s CTLID18120801016 shell pgrep -f \(\[\[:blank:\]\]\|\^\)io\.appium\.uiautomator2\.server\(:\[a-zA-Z0-9_-\]\+\)\?\(\[\[:blank:\]\]\|\$\)'
&amp#27;[38;5;53m[2a6d443c]&amp#27;[0m&amp#27;[38;5;-121m[AndroidUiautomator2Driver@7a5e]&amp#27;[0m [Instrumentation] io.appium.uiautomator2.server.test.AppiumUiAutomator2Server:.
&amp#27;[38;5;53m[2a6d443c]&amp#27;[0m&amp#27;[38;5;-121m[AndroidUiautomator2Driver@7a5e]&amp#27;[0m [Instrumentation] 
&amp#27;[38;5;53m[2a6d443c]&amp#27;[0m&amp#27;[38;5;-121m[AndroidUiautomator2Driver@7a5e]&amp#27;[0m [Instrumentation] Time: 17.129
&amp#27;[38;5;53m[2a6d443c]&amp#27;[0m&amp#27;[38;5;-121m[AndroidUiautomator2Driver@7a5e]&amp#27;[0m [Instrumentation] 
&amp#27;[38;5;53m[2a6d443c]&amp#27;[0m&amp#27;[38;5;-121m[AndroidUiautomator2Driver@7a5e]&amp#27;[0m [Instrumentation] OK (1 test)
&amp#27;[38;5;53m[2a6d443c]&amp#27;[0m&amp#27;[38;5;-121m[AndroidUiautomator2Driver@7a5e]&amp#27;[0m [Instrumentation] 
&amp#27;[38;5;53m[2a6d443c]&amp#27;[0m&amp#27;[38;5;-121m[AndroidUiautomator2Driver@7a5e]&amp#27;[0m [Instrumentation] 
&amp#27;[38;5;53m[2a6d443c]&amp#27;[0m&amp#27;[38;5;-121m[AndroidUiautomator2Driver@7a5e]&amp#27;[0m [Instrumentation] The process has exited with code null, signal SIGTERM
&amp#27;[38;5;53m[2a6d443c]&amp#27;[0m&amp#27;[38;5;229m[ADB]&amp#27;[0m Running 'C:\Users\sajus\AppData\Local\Android\Sdk\platform-tools\adb.exe -P 5037 -s CTLID18120801016 shell am force-stop io.appium.uiautomator2.server'
&amp#27;[38;5;53m[2a6d443c]&amp#27;[0m&amp#27;[38;5;229m[ADB]&amp#27;[0m Running 'C:\Users\sajus\AppData\Local\Android\Sdk\platform-tools\adb.exe -P 5037 -s CTLID18120801016 shell am force-stop io.appium.uiautomator2.server.test'
&amp#27;[38;5;53m[2a6d443c]&amp#27;[0m&amp#27;[38;5;229m[ADB]&amp#27;[0m Running 'C:\Users\sajus\AppData\Local\Android\Sdk\platform-tools\adb.exe -P 5037 -s CTLID18120801016 shell dumpsys activity services io.appium.settings/.recorder.RecorderService'
&amp#27;[38;5;53m[2a6d443c]&amp#27;[0m&amp#27;[38;5;229m[ADB]&amp#27;[0m Removing forwarded port socket connection: 8202 
&amp#27;[38;5;53m[2a6d443c]&amp#27;[0m&amp#27;[38;5;229m[ADB]&amp#27;[0m Running 'C:\Users\sajus\AppData\Local\Android\Sdk\platform-tools\adb.exe -P 5037 -s CTLID18120801016 forward --remove tcp:8202'
&amp#27;[38;5;53m[2a6d443c]&amp#27;[0m&amp#27;[38;5;-121m[AndroidUiautomator2Driver@7a5e]&amp#27;[0m Restoring hidden api policy to the device default configuration
&amp#27;[38;5;53m[2a6d443c]&amp#27;[0m&amp#27;[38;5;229m[ADB]&amp#27;[0m Running 'C:\Users\sajus\AppData\Local\Android\Sdk\platform-tools\adb.exe -P 5037 -s CTLID18120801016 shell 'settings delete global hidden_api_policy_pre_p_apps;settings delete global hidden_api_policy_p_apps;settings delete global hidden_api_policy''
&amp#27;[38;5;53m[2a6d443c]&amp#27;[0m&amp#27;[38;5;160m[Logcat]&amp#27;[0m Stopping logcat capture
&amp#27;[38;5;53m[2a6d443c]&amp#27;[0m&amp#27;[38;5;203m[AppiumDriver@822c]&amp#27;[0m Event 'quitSessionFinished' logged at 1750356247297 (14:04:07 GMT-0400 (Eastern Daylight Saving Time))
&amp#27;[38;5;53m[2a6d443c]&amp#27;[0m&amp#27;[38;5;203m[AppiumDriver@822c]&amp#27;[0m Received response: null
&amp#27;[38;5;53m[2a6d443c]&amp#27;[0m&amp#27;[38;5;203m[AppiumDriver@822c]&amp#27;[0m But deleting session, so not returning
&amp#27;[38;5;53m[2a6d443c]&amp#27;[0m&amp#27;[38;5;203m[AppiumDriver@822c]&amp#27;[0m Responding to client with driver.deleteSession() result: null
&amp#27;[38;5;53m[2a6d443c]&amp#27;[0m&amp#27;[38;5;86m[HTTP]&amp#27;[0m &amp#27;[37m<-- DELETE /session/2a6d443c-6598-4892-9b23-57159ce89693 &amp#27;[39m&amp#27;[32m200&amp#27;[39m &amp#27;[90m687 ms - 14&amp#27;[39m &amp#27;[90m&amp#27;[39m
&amp#27;[38;5;86m[HTTP]&amp#27;[0m &amp#27;[37m-->&amp#27;[39m &amp#27;[37mGET&amp#27;[39m &amp#27;[37m/status&amp#27;[39m &amp#27;[90m{}&amp#27;[39m
&amp#27;[38;5;203m[AppiumDriver@822c]&amp#27;[0m Calling AppiumDriver.getStatus() with args: []
&amp#27;[38;5;203m[AppiumDriver@822c]&amp#27;[0m Responding to client with driver.getStatus() result: {"ready":true,"message":"The server is ready to accept new connections","build":{"version":"2.19.0"}}
&amp#27;[38;5;86m[HTTP]&amp#27;[0m &amp#27;[37m<-- GET /status &amp#27;[39m&amp#27;[32m200&amp#27;[39m &amp#27;[90m1 ms - 111&amp#27;[39m &amp#27;[90m&amp#27;[39m
Appium server stopped
✅ Test completed for device: Nokia
&amp#27;[38;5;112m[Appium]&amp#27;[0m Welcome to Appium v2.19.0
&amp#27;[38;5;112m[Appium]&amp#27;[0m The autodetected Appium home path: C:\Users\sajus\.appium
&amp#27;[38;5;112m[Appium]&amp#27;[0m Attempting to load driver uiautomator2...
&amp#27;[38;5;112m[Appium]&amp#27;[0m Requiring driver at C:\Users\sajus\.appium\node_modules\appium-uiautomator2-driver\build\index.js
&amp#27;[38;5;112m[Appium]&amp#27;[0m AndroidUiautomator2Driver has been successfully loaded in 1.665s
&amp#27;[38;5;112m[Appium]&amp#27;[0m Appium REST http interface listener started on http://0.0.0.0:4723
&amp#27;[38;5;112m[Appium]&amp#27;[0m You can provide the following URLs in your client code to connect to this server:
	http://192.168.2.20:4723/
	http://127.0.0.1:4723/ (only accessible from the same host)
&amp#27;[38;5;112m[Appium]&amp#27;[0m Available drivers:
&amp#27;[38;5;112m[Appium]&amp#27;[0m   - uiautomator2@4.2.3 (automationName 'UiAutomator2')
&amp#27;[38;5;112m[Appium]&amp#27;[0m No plugins have been installed. Use the "appium plugin" command to install the one(s) you want to use.
&amp#27;[38;5;86m[HTTP]&amp#27;[0m &amp#27;[37m-->&amp#27;[39m &amp#27;[37mGET&amp#27;[39m &amp#27;[37m/status&amp#27;[39m &amp#27;[90m{}&amp#27;[39m
&amp#27;[38;5;54m[AppiumDriver@06b4]&amp#27;[0m Calling AppiumDriver.getStatus() with args: []
&amp#27;[38;5;54m[AppiumDriver@06b4]&amp#27;[0m Responding to client with driver.getStatus() result: {"ready":true,"message":"The server is ready to accept new connections","build":{"version":"2.19.0"}}
Appium server started on port: 4723
&amp#27;[38;5;86m[HTTP]&amp#27;[0m &amp#27;[37m<-- GET /status &amp#27;[39m&amp#27;[32m200&amp#27;[39m &amp#27;[90m8 ms - 111&amp#27;[39m &amp#27;[90m&amp#27;[39m
&amp#27;[38;5;86m[HTTP]&amp#27;[0m Request idempotency key: bc1bbaa2-f819-4796-84c2-69f55b91fc47
&amp#27;[38;5;86m[HTTP]&amp#27;[0m &amp#27;[37m-->&amp#27;[39m &amp#27;[37mPOST&amp#27;[39m &amp#27;[37m/session&amp#27;[39m &amp#27;[90m{"capabilities":{"firstMatch":[{}],"alwaysMatch":{"appium:appActivity":"com.androidsample.generalstore.SplashActivity","appium:appPackage":"com.androidsample.generalstore","appium:automationName":"UiAutomator2","appium:deviceName":"Nokia","appium:noReset":true,"appium:platformVersion":"11.0","appium:systemPort":8202,"appium:udid":"CTLID18120801016","platformName":"ANDROID"}}}&amp#27;[39m
&amp#27;[38;5;54m[AppiumDriver@06b4]&amp#27;[0m Calling AppiumDriver.createSession() with args: [null,null,{"firstMatch":[{}],"alwaysMatch":{"appium:appActivity":"com.androidsample.generalstore.SplashActivity","appium:appPackage":"com.androidsample.generalstore","appium:automationName":"UiAutomator2","appium:deviceName":"Nokia","appium:noReset":true,"appium:platformVersion":"11.0","appium:systemPort":8202,"appium:udid":"CTLID18120801016","platformName":"ANDROID"}}]
&amp#27;[38;5;54m[AppiumDriver@06b4]&amp#27;[0m Event 'newSessionRequested' logged at 1750356252090 (14:04:12 GMT-0400 (Eastern Daylight Saving Time))
&amp#27;[38;5;112m[Appium]&amp#27;[0m Attempting to find matching driver for automationName 'UiAutomator2' and platformName 'ANDROID'
&amp#27;[38;5;112m[Appium]&amp#27;[0m The 'uiautomator2' driver was installed and matched caps.
&amp#27;[38;5;112m[Appium]&amp#27;[0m Will require it at C:\Users\sajus\.appium\node_modules\appium-uiautomator2-driver
&amp#27;[38;5;112m[Appium]&amp#27;[0m Requiring driver at C:\Users\sajus\.appium\node_modules\appium-uiautomator2-driver\build\index.js
&amp#27;[38;5;54m[AppiumDriver@06b4]&amp#27;[0m Appium v2.19.0 creating new AndroidUiautomator2Driver (v4.2.3) session
&amp#27;[38;5;54m[AppiumDriver@06b4]&amp#27;[0m Checking BaseDriver versions for Appium and AndroidUiautomator2Driver
&amp#27;[38;5;54m[AppiumDriver@06b4]&amp#27;[0m Appium's BaseDriver version is 9.18.0
&amp#27;[38;5;54m[AppiumDriver@06b4]&amp#27;[0m AndroidUiautomator2Driver's BaseDriver version is 9.18.0
&amp#27;[38;5;-119m[AndroidUiautomator2Driver@ddc5]&amp#27;[0m 
&amp#27;[38;5;-119m[AndroidUiautomator2Driver@ddc5]&amp#27;[0m Creating session with W3C capabilities: {
  "alwaysMatch": {
    "platformName": "ANDROID",
    "appium:appActivity": "com.androidsample.generalstore.SplashActivity",
    "appium:appPackage": "com.androidsample.generalstore",
    "appium:automationName": "UiAutomator2",
    "appium:deviceName": "Nokia",
    "appium:noReset": true,
    "appium:platformVersion": "11.0",
    "appium:systemPort": 8202,
    "appium:udid": "CTLID18120801016"
  },
  "firstMatch": [
    {}
  ]
}
&amp#27;[38;5;20m[20f193de]&amp#27;[0m&amp#27;[38;5;-119m[AndroidUiautomator2Driver@ddc5]&amp#27;[0m Session created with session id: 20f193de-fda8-48bd-8393-53df76ef7a99
&amp#27;[38;5;20m[20f193de]&amp#27;[0m&amp#27;[38;5;229m[ADB]&amp#27;[0m Found 3 'build-tools' folders under 'C:\Users\sajus\AppData\Local\Android\Sdk' (newest first):
&amp#27;[38;5;20m[20f193de]&amp#27;[0m&amp#27;[38;5;229m[ADB]&amp#27;[0m     C:\Users\sajus\AppData\Local\Android\Sdk\build-tools\36.0.0
&amp#27;[38;5;20m[20f193de]&amp#27;[0m&amp#27;[38;5;229m[ADB]&amp#27;[0m     C:\Users\sajus\AppData\Local\Android\Sdk\build-tools\35.0.1
&amp#27;[38;5;20m[20f193de]&amp#27;[0m&amp#27;[38;5;229m[ADB]&amp#27;[0m     C:\Users\sajus\AppData\Local\Android\Sdk\build-tools\35.0.0
&amp#27;[38;5;20m[20f193de]&amp#27;[0m&amp#27;[38;5;229m[ADB]&amp#27;[0m Using 'adb.exe' from 'C:\Users\sajus\AppData\Local\Android\Sdk\platform-tools\adb.exe'
&amp#27;[38;5;20m[20f193de]&amp#27;[0m&amp#27;[38;5;229m[ADB]&amp#27;[0m Running 'C:\Users\sajus\AppData\Local\Android\Sdk\platform-tools\adb.exe -P 5037 start-server'
&amp#27;[38;5;20m[20f193de]&amp#27;[0m&amp#27;[38;5;-119m[AndroidUiautomator2Driver@ddc5]&amp#27;[0m Retrieving device list
&amp#27;[38;5;20m[20f193de]&amp#27;[0m&amp#27;[38;5;229m[ADB]&amp#27;[0m Trying to find connected Android devices
&amp#27;[38;5;20m[20f193de]&amp#27;[0m&amp#27;[38;5;229m[ADB]&amp#27;[0m Getting connected devices
&amp#27;[38;5;20m[20f193de]&amp#27;[0m&amp#27;[38;5;229m[ADB]&amp#27;[0m Connected devices: [{"udid":"CTLID18120801016","state":"device"}]
&amp#27;[38;5;20m[20f193de]&amp#27;[0m&amp#27;[38;5;-119m[AndroidUiautomator2Driver@ddc5]&amp#27;[0m Using device: CTLID18120801016
&amp#27;[38;5;20m[20f193de]&amp#27;[0m&amp#27;[38;5;229m[ADB]&amp#27;[0m Using 'adb.exe' from 'C:\Users\sajus\AppData\Local\Android\Sdk\platform-tools\adb.exe'
&amp#27;[38;5;20m[20f193de]&amp#27;[0m&amp#27;[38;5;229m[ADB]&amp#27;[0m Running 'C:\Users\sajus\AppData\Local\Android\Sdk\platform-tools\adb.exe -P 5037 start-server'
&amp#27;[38;5;20m[20f193de]&amp#27;[0m&amp#27;[38;5;229m[ADB]&amp#27;[0m Setting device id to CTLID18120801016
&amp#27;[38;5;20m[20f193de]&amp#27;[0m&amp#27;[38;5;-119m[AndroidUiautomator2Driver@ddc5]&amp#27;[0m Starting 'com.androidsample.generalstore' directly on the device
&amp#27;[38;5;20m[20f193de]&amp#27;[0m&amp#27;[38;5;229m[ADB]&amp#27;[0m Running 'C:\Users\sajus\AppData\Local\Android\Sdk\platform-tools\adb.exe -P 5037 -s CTLID18120801016 shell getprop ro.build.version.sdk'
&amp#27;[38;5;20m[20f193de]&amp#27;[0m&amp#27;[38;5;229m[ADB]&amp#27;[0m Current device property 'ro.build.version.sdk': 29
&amp#27;[38;5;20m[20f193de]&amp#27;[0m&amp#27;[38;5;229m[ADB]&amp#27;[0m Getting device platform version
&amp#27;[38;5;20m[20f193de]&amp#27;[0m&amp#27;[38;5;229m[ADB]&amp#27;[0m Running 'C:\Users\sajus\AppData\Local\Android\Sdk\platform-tools\adb.exe -P 5037 -s CTLID18120801016 shell getprop ro.build.version.release'
&amp#27;[38;5;20m[20f193de]&amp#27;[0m&amp#27;[38;5;229m[ADB]&amp#27;[0m Current device property 'ro.build.version.release': 10
&amp#27;[38;5;20m[20f193de]&amp#27;[0m&amp#27;[38;5;229m[ADB]&amp#27;[0m Device API level: 29
&amp#27;[38;5;20m[20f193de]&amp#27;[0m&amp#27;[38;5;-119m[AndroidUiautomator2Driver@ddc5]&amp#27;[0m Relaxing hidden api policy
&amp#27;[38;5;20m[20f193de]&amp#27;[0m&amp#27;[38;5;229m[ADB]&amp#27;[0m Running 'C:\Users\sajus\AppData\Local\Android\Sdk\platform-tools\adb.exe -P 5037 -s CTLID18120801016 shell 'settings put global hidden_api_policy_pre_p_apps 1;settings put global hidden_api_policy_p_apps 1;settings put global hidden_api_policy 1''
&amp#27;[38;5;20m[20f193de]&amp#27;[0m&amp#27;[38;5;-119m[AndroidUiautomator2Driver@ddc5]&amp#27;[0m Pushing settings apk to the device...
&amp#27;[38;5;20m[20f193de]&amp#27;[0m&amp#27;[38;5;229m[ADB]&amp#27;[0m Getting package info for 'io.appium.settings'
&amp#27;[38;5;20m[20f193de]&amp#27;[0m&amp#27;[38;5;229m[ADB]&amp#27;[0m Running 'C:\Users\sajus\AppData\Local\Android\Sdk\platform-tools\adb.exe -P 5037 -s CTLID18120801016 shell dumpsys package io.appium.settings'
&amp#27;[38;5;20m[20f193de]&amp#27;[0m&amp#27;[38;5;229m[ADB]&amp#27;[0m Using 'aapt2.exe' from 'C:\Users\sajus\AppData\Local\Android\Sdk\build-tools\36.0.0\aapt2.exe'
&amp#27;[38;5;20m[20f193de]&amp#27;[0m&amp#27;[38;5;229m[ADB]&amp#27;[0m Reading package manifest: 'C:\\Users\\sajus\\AppData\\Local\\Android\\Sdk\\build-tools\\36.0.0\\aapt2.exe dump badging C:\\Users\\sajus\\.appium\\node_modules\\appium-uiautomator2-driver\\node_modules\\io.appium.settings\\apks\\settings_apk-debug.apk'
&amp#27;[38;5;20m[20f193de]&amp#27;[0m&amp#27;[38;5;229m[ADB]&amp#27;[0m The version name of the installed 'io.appium.settings' is greater or equal to the application version name ('5.14.8' >= '5.14.8')
&amp#27;[38;5;20m[20f193de]&amp#27;[0m&amp#27;[38;5;229m[ADB]&amp#27;[0m There is no need to install/upgrade 'C:\Users\sajus\.appium\node_modules\appium-uiautomator2-driver\node_modules\io.appium.settings\apks\settings_apk-debug.apk'
&amp#27;[38;5;20m[20f193de]&amp#27;[0m&amp#27;[38;5;229m[ADB]&amp#27;[0m Running 'C:\Users\sajus\AppData\Local\Android\Sdk\platform-tools\adb.exe -P 5037 -s CTLID18120801016 shell dumpsys activity services io.appium.settings'
&amp#27;[38;5;20m[20f193de]&amp#27;[0m&amp#27;[38;5;-119m[AndroidUiautomator2Driver@ddc5]&amp#27;[0m io.appium.settings is already running. There is no need to reset its permissions.
&amp#27;[38;5;20m[20f193de]&amp#27;[0m&amp#27;[38;5;160m[Logcat]&amp#27;[0m Starting logs capture with command: C:\\Users\\sajus\\AppData\\Local\\Android\\Sdk\\platform-tools\\adb.exe -P 5037 -s CTLID18120801016 logcat -v threadtime
&amp#27;[38;5;20m[20f193de]&amp#27;[0m&amp#27;[38;5;229m[ADB]&amp#27;[0m Running 'C:\Users\sajus\AppData\Local\Android\Sdk\platform-tools\adb.exe -P 5037 -s CTLID18120801016 shell appops set io.appium.settings android:mock_location allow'
&amp#27;[38;5;20m[20f193de]&amp#27;[0m&amp#27;[38;5;229m[ADB]&amp#27;[0m Running 'C:\Users\sajus\AppData\Local\Android\Sdk\platform-tools\adb.exe -P 5037 -s CTLID18120801016 shell "[ -e '/data/local/tmp/mock_apps.json' ] && echo __PASS__"'
&amp#27;[38;5;20m[20f193de]&amp#27;[0m&amp#27;[38;5;229m[ADB]&amp#27;[0m Running 'C:\Users\sajus\AppData\Local\Android\Sdk\platform-tools\adb.exe -P 5037 -s CTLID18120801016 shell cat /data/local/tmp/mock_apps.json'
&amp#27;[38;5;20m[20f193de]&amp#27;[0m&amp#27;[38;5;-119m[AndroidUiautomator2Driver@ddc5]&amp#27;[0m Forwarding UiAutomator2 Server port 6790 to local port 8202
&amp#27;[38;5;20m[20f193de]&amp#27;[0m&amp#27;[38;5;229m[ADB]&amp#27;[0m Forwarding system: 8202 to device: 6790
&amp#27;[38;5;20m[20f193de]&amp#27;[0m&amp#27;[38;5;229m[ADB]&amp#27;[0m Running 'C:\Users\sajus\AppData\Local\Android\Sdk\platform-tools\adb.exe -P 5037 -s CTLID18120801016 forward tcp:8202 tcp:6790'
&amp#27;[38;5;20m[20f193de]&amp#27;[0m&amp#27;[38;5;-119m[AndroidUiautomator2Driver@ddc5]&amp#27;[0m UIA2Proxy options: {"server":"127.0.0.1","port":8202,"keepAlive":true,"scheme":"http","base":"","reqBasePath":"","sessionId":null,"timeout":240000}
&amp#27;[38;5;20m[20f193de]&amp#27;[0m&amp#27;[38;5;229m[ADB]&amp#27;[0m Getting package info for 'io.appium.uiautomator2.server'
&amp#27;[38;5;20m[20f193de]&amp#27;[0m&amp#27;[38;5;229m[ADB]&amp#27;[0m Running 'C:\Users\sajus\AppData\Local\Android\Sdk\platform-tools\adb.exe -P 5037 -s CTLID18120801016 shell dumpsys package io.appium.uiautomator2.server'
&amp#27;[38;5;20m[20f193de]&amp#27;[0m&amp#27;[38;5;229m[ADB]&amp#27;[0m Getting install status for io.appium.uiautomator2.server.test
&amp#27;[38;5;20m[20f193de]&amp#27;[0m&amp#27;[38;5;-119m[AndroidUiautomator2Driver@ddc5]&amp#27;[0m No app capability. Assuming it is already on the device
&amp#27;[38;5;20m[20f193de]&amp#27;[0m&amp#27;[38;5;229m[ADB]&amp#27;[0m Running 'C:\Users\sajus\AppData\Local\Android\Sdk\platform-tools\adb.exe -P 5037 -s CTLID18120801016 shell cmd package list packages'
&amp#27;[38;5;20m[20f193de]&amp#27;[0m&amp#27;[38;5;229m[ADB]&amp#27;[0m Reading package manifest: 'C:\\Users\\sajus\\AppData\\Local\\Android\\Sdk\\build-tools\\36.0.0\\aapt2.exe dump badging C:\\Users\\sajus\\.appium\\node_modules\\appium-uiautomator2-driver\\node_modules\\appium-uiautomator2-server\\apks\\appium-uiautomator2-server-v7.5.2.apk'
&amp#27;[38;5;20m[20f193de]&amp#27;[0m&amp#27;[38;5;229m[ADB]&amp#27;[0m 'io.appium.uiautomator2.server.test' is installed
&amp#27;[38;5;20m[20f193de]&amp#27;[0m&amp#27;[38;5;229m[ADB]&amp#27;[0m The version name of the installed 'io.appium.uiautomator2.server' is greater or equal to the application version name ('7.5.2' >= '7.5.2')
&amp#27;[38;5;20m[20f193de]&amp#27;[0m&amp#27;[38;5;-119m[AndroidUiautomator2Driver@ddc5]&amp#27;[0m Server packages status: [{"installState":"sameVersionInstalled","appPath":"C:\\Users\\sajus\\.appium\\node_modules\\appium-uiautomator2-driver\\node_modules\\appium-uiautomator2-server\\apks\\appium-uiautomator2-server-v7.5.2.apk","appId":"io.appium.uiautomator2.server"},{"installState":"sameVersionInstalled","appPath":"C:\\Users\\sajus\\.appium\\node_modules\\appium-uiautomator2-driver\\node_modules\\appium-uiautomator2-server\\apks\\appium-uiautomator2-server-debug-androidTest.apk","appId":"io.appium.uiautomator2.server.test"}]
&amp#27;[38;5;20m[20f193de]&amp#27;[0m&amp#27;[38;5;-119m[AndroidUiautomator2Driver@ddc5]&amp#27;[0m Server packages are not going to be (re)installed
&amp#27;[38;5;20m[20f193de]&amp#27;[0m&amp#27;[38;5;-119m[AndroidUiautomator2Driver@ddc5]&amp#27;[0m Waiting up to 30000ms for services to be available
&amp#27;[38;5;20m[20f193de]&amp#27;[0m&amp#27;[38;5;229m[ADB]&amp#27;[0m Running 'C:\Users\sajus\AppData\Local\Android\Sdk\platform-tools\adb.exe -P 5037 -s CTLID18120801016 shell pm list instrumentation'
&amp#27;[38;5;20m[20f193de]&amp#27;[0m&amp#27;[38;5;-119m[AndroidUiautomator2Driver@ddc5]&amp#27;[0m Instrumentation target 'io.appium.uiautomator2.server.test/androidx.test.runner.AndroidJUnitRunner' is available
&amp#27;[38;5;20m[20f193de]&amp#27;[0m&amp#27;[38;5;229m[ADB]&amp#27;[0m Adding packages ["io.appium.settings","io.appium.uiautomator2.server","io.appium.uiautomator2.server.test"] to Doze whitelist
&amp#27;[38;5;20m[20f193de]&amp#27;[0m&amp#27;[38;5;229m[ADB]&amp#27;[0m Got the following command chunks to execute: [["dumpsys","deviceidle","whitelist","+io.appium.settings",";","dumpsys","deviceidle","whitelist","+io.appium.uiautomator2.server",";","dumpsys","deviceidle","whitelist","+io.appium.uiautomator2.server.test",";"]]
&amp#27;[38;5;20m[20f193de]&amp#27;[0m&amp#27;[38;5;229m[ADB]&amp#27;[0m Running 'C:\Users\sajus\AppData\Local\Android\Sdk\platform-tools\adb.exe -P 5037 -s CTLID18120801016 shell dumpsys deviceidle whitelist +io.appium.settings ; dumpsys deviceidle whitelist +io.appium.uiautomator2.server ; dumpsys deviceidle whitelist +io.appium.uiautomator2.server.test ;'
&amp#27;[38;5;20m[20f193de]&amp#27;[0m&amp#27;[38;5;-119m[AndroidUiautomator2Driver@ddc5]&amp#27;[0m Performing shallow cleanup of automation leftovers
&amp#27;[38;5;20m[20f193de]&amp#27;[0m&amp#27;[38;5;-119m[AndroidUiautomator2Driver@ddc5]&amp#27;[0m No obsolete sessions have been detected (socket hang up)
&amp#27;[38;5;20m[20f193de]&amp#27;[0m&amp#27;[38;5;229m[ADB]&amp#27;[0m Running 'C:\Users\sajus\AppData\Local\Android\Sdk\platform-tools\adb.exe -P 5037 -s CTLID18120801016 shell am force-stop io.appium.uiautomator2.server'
&amp#27;[38;5;20m[20f193de]&amp#27;[0m&amp#27;[38;5;229m[ADB]&amp#27;[0m Running 'C:\Users\sajus\AppData\Local\Android\Sdk\platform-tools\adb.exe -P 5037 -s CTLID18120801016 shell am force-stop io.appium.uiautomator2.server.test'
&amp#27;[38;5;20m[20f193de]&amp#27;[0m&amp#27;[38;5;-119m[AndroidUiautomator2Driver@ddc5]&amp#27;[0m Starting UIAutomator2 server 7.5.2
&amp#27;[38;5;20m[20f193de]&amp#27;[0m&amp#27;[38;5;-119m[AndroidUiautomator2Driver@ddc5]&amp#27;[0m Using UIAutomator2 server from 'C:\Users\sajus\.appium\node_modules\appium-uiautomator2-driver\node_modules\appium-uiautomator2-server\apks\appium-uiautomator2-server-v7.5.2.apk' and test from 'C:\Users\sajus\.appium\node_modules\appium-uiautomator2-driver\node_modules\appium-uiautomator2-server\apks\appium-uiautomator2-server-debug-androidTest.apk'
&amp#27;[38;5;20m[20f193de]&amp#27;[0m&amp#27;[38;5;-119m[AndroidUiautomator2Driver@ddc5]&amp#27;[0m Waiting up to 30000ms for UiAutomator2 to be online...
&amp#27;[38;5;20m[20f193de]&amp#27;[0m&amp#27;[38;5;229m[ADB]&amp#27;[0m Creating ADB subprocess with args: ["-P","5037","-s","CTLID18120801016","shell","am","instrument","-w","-e","disableAnalytics","true","io.appium.uiautomator2.server.test/androidx.test.runner.AndroidJUnitRunner"]
&amp#27;[38;5;20m[20f193de]&amp#27;[0m&amp#27;[38;5;-119m[AndroidUiautomator2Driver@ddc5]&amp#27;[0m Matched '/status' to command name 'getStatus'
&amp#27;[38;5;20m[20f193de]&amp#27;[0m&amp#27;[38;5;-119m[AndroidUiautomator2Driver@ddc5]&amp#27;[0m Proxying [GET /status] to [GET http://127.0.0.1:8202/status] with no body
&amp#27;[38;5;20m[20f193de]&amp#27;[0m&amp#27;[38;5;-119m[AndroidUiautomator2Driver@ddc5]&amp#27;[0m socket hang up
&amp#27;[38;5;20m[20f193de]&amp#27;[0m&amp#27;[38;5;-119m[AndroidUiautomator2Driver@ddc5]&amp#27;[0m Matched '/status' to command name 'getStatus'
&amp#27;[38;5;20m[20f193de]&amp#27;[0m&amp#27;[38;5;-119m[AndroidUiautomator2Driver@ddc5]&amp#27;[0m Proxying [GET /status] to [GET http://127.0.0.1:8202/status] with no body
&amp#27;[38;5;20m[20f193de]&amp#27;[0m&amp#27;[38;5;-119m[AndroidUiautomator2Driver@ddc5]&amp#27;[0m socket hang up
&amp#27;[38;5;20m[20f193de]&amp#27;[0m&amp#27;[38;5;-119m[AndroidUiautomator2Driver@ddc5]&amp#27;[0m [Instrumentation] 
&amp#27;[38;5;20m[20f193de]&amp#27;[0m&amp#27;[38;5;-119m[AndroidUiautomator2Driver@ddc5]&amp#27;[0m Matched '/status' to command name 'getStatus'
&amp#27;[38;5;20m[20f193de]&amp#27;[0m&amp#27;[38;5;-119m[AndroidUiautomator2Driver@ddc5]&amp#27;[0m Proxying [GET /status] to [GET http://127.0.0.1:8202/status] with no body
&amp#27;[38;5;20m[20f193de]&amp#27;[0m&amp#27;[38;5;-119m[AndroidUiautomator2Driver@ddc5]&amp#27;[0m Got response with status 200: {"sessionId":"None","value":{"message":"UiAutomator2 Server is ready to accept commands","ready":true}}
&amp#27;[38;5;20m[20f193de]&amp#27;[0m&amp#27;[38;5;-119m[AndroidUiautomator2Driver@ddc5]&amp#27;[0m The initialization of the instrumentation process took 2542ms
&amp#27;[38;5;20m[20f193de]&amp#27;[0m&amp#27;[38;5;-119m[AndroidUiautomator2Driver@ddc5]&amp#27;[0m Matched '/session' to command name 'createSession'
&amp#27;[38;5;20m[20f193de]&amp#27;[0m&amp#27;[38;5;-119m[AndroidUiautomator2Driver@ddc5]&amp#27;[0m Proxying [POST /session] to [POST http://127.0.0.1:8202/session] with body: {"capabilities":{"firstMatch":[{"platformName":"ANDROID","appActivity":"com.androidsample.generalstore.SplashActivity","appPackage":"com.androidsample.generalstore","automationName":"UiAutomator2","deviceName":"CTLID18120801016","noReset":true,"platformVersion":"11.0","systemPort":8202,"udid":"CTLID18120801016","platform":"LINUX","webStorageEnabled":false,"takesScreenshot":true,"javascriptEnabled":true,"databaseEnabled":false,"networkConnectionEnabled":true,"locationContextEnabled":false,"warnings":{},"desired":{"platformName":"ANDROID","appActivity":"com.androidsample.generalstore.SplashActivity","appPackage":"com.androidsample.generalstore","automationName":"UiAutomator2","deviceName":"Nokia","noReset":true,"platformVersion":"11.0","systemPort":8202,"udid":"CTLID18120801016"},"deviceUDID":"CTLID18120801016"}],"alwaysMatch":{}}}
&amp#27;[38;5;20m[20f193de]&amp#27;[0m&amp#27;[38;5;-119m[AndroidUiautomator2Driver@ddc5]&amp#27;[0m Got response with status 200: {"sessionId":"a97c70fa-db6f-41aa-a7df-6d29a9adbb2c","value":{"capabilities":{"firstMatch":[{"platformName":"ANDROID","appActivity":"com.androidsample.generalstore.SplashActivity","appPackage":"com.androidsample.generalstore","automationName":"UiAutomator2","deviceName":"CTLID18120801016","noReset":true,"platformVersion":"11.0","systemPort":8202,"udid":"CTLID18120801016","platform":"LINUX","webStorageEnabled":false,"takesScreenshot":true,"javascriptEnabled":true,"databaseEnabled":false,"networkConnectionEnabled":true,"locationContextEnabled":false,"warnings":{},"desired":{"platformName":"ANDROID","appActivity":"com.androidsample.generalstore.SplashActivity","appPackage":"com.androidsample.generalstore","automationName":"UiAutomator2","deviceName":"Nokia","noReset":true,"platformVersion":"11.0","systemPort":8202,"udid":"CTLID18120801016"},"deviceUDID":"CTLID18120801016"}],"alwaysMatch":{}},"sessionId":"a97c70fa-db6f-41aa-a7df-6d29a9adbb2c"}}
&amp#27;[38;5;20m[20f193de]&amp#27;[0m&amp#27;[38;5;-119m[AndroidUiautomator2Driver@ddc5]&amp#27;[0m Determined the downstream protocol as 'W3C'
&amp#27;[38;5;20m[20f193de]&amp#27;[0m&amp#27;[38;5;-119m[AndroidUiautomator2Driver@ddc5]&amp#27;[0m Proxying [GET /appium/device/pixel_ratio] to [GET http://127.0.0.1:8202/session/a97c70fa-db6f-41aa-a7df-6d29a9adbb2c/appium/device/pixel_ratio] with no body
&amp#27;[38;5;20m[20f193de]&amp#27;[0m&amp#27;[38;5;-119m[AndroidUiautomator2Driver@ddc5]&amp#27;[0m Matched '/appium/device/system_bars' to command name 'getSystemBars'
&amp#27;[38;5;20m[20f193de]&amp#27;[0m&amp#27;[38;5;-119m[AndroidUiautomator2Driver@ddc5]&amp#27;[0m Proxying [GET /appium/device/system_bars] to [GET http://127.0.0.1:8202/session/a97c70fa-db6f-41aa-a7df-6d29a9adbb2c/appium/device/system_bars] with no body
&amp#27;[38;5;20m[20f193de]&amp#27;[0m&amp#27;[38;5;-119m[AndroidUiautomator2Driver@ddc5]&amp#27;[0m Matched '/window/current/size' to command name 'getWindowSize'
&amp#27;[38;5;20m[20f193de]&amp#27;[0m&amp#27;[38;5;-119m[AndroidUiautomator2Driver@ddc5]&amp#27;[0m Proxying [GET /window/current/size] to [GET http://127.0.0.1:8202/session/a97c70fa-db6f-41aa-a7df-6d29a9adbb2c/window/current/size] with no body
&amp#27;[38;5;20m[20f193de]&amp#27;[0m&amp#27;[38;5;-119m[AndroidUiautomator2Driver@ddc5]&amp#27;[0m Proxying [GET /appium/device/info] to [GET http://127.0.0.1:8202/session/a97c70fa-db6f-41aa-a7df-6d29a9adbb2c/appium/device/info] with no body
&amp#27;[38;5;20m[20f193de]&amp#27;[0m&amp#27;[38;5;229m[ADB]&amp#27;[0m Running 'C:\Users\sajus\AppData\Local\Android\Sdk\platform-tools\adb.exe -P 5037 -s CTLID18120801016 shell dumpsys window'
&amp#27;[38;5;20m[20f193de]&amp#27;[0m&amp#27;[38;5;229m[ADB]&amp#27;[0m Running 'C:\Users\sajus\AppData\Local\Android\Sdk\platform-tools\adb.exe -P 5037 -s CTLID18120801016 shell dumpsys power'
&amp#27;[38;5;20m[20f193de]&amp#27;[0m&amp#27;[38;5;-119m[AndroidUiautomator2Driver@ddc5]&amp#27;[0m Got response with status 200: {"sessionId":"a97c70fa-db6f-41aa-a7df-6d29a9adbb2c","value":2.625}
&amp#27;[38;5;20m[20f193de]&amp#27;[0m&amp#27;[38;5;-119m[AndroidUiautomator2Driver@ddc5]&amp#27;[0m Got response with status 200: {"sessionId":"a97c70fa-db6f-41aa-a7df-6d29a9adbb2c","value":{"statusBar":89}}
&amp#27;[38;5;20m[20f193de]&amp#27;[0m&amp#27;[38;5;-119m[AndroidUiautomator2Driver@ddc5]&amp#27;[0m Got response with status 200: {"sessionId":"a97c70fa-db6f-41aa-a7df-6d29a9adbb2c","value":{"height":2280,"width":1080}}
&amp#27;[38;5;20m[20f193de]&amp#27;[0m&amp#27;[38;5;-119m[AndroidUiautomator2Driver@ddc5]&amp#27;[0m Screen already unlocked, doing nothing
&amp#27;[38;5;20m[20f193de]&amp#27;[0m&amp#27;[38;5;-119m[AndroidUiautomator2Driver@ddc5]&amp#27;[0m Starting 'com.androidsample.generalstore/com.androidsample.generalstore.SplashActivity' and waiting for 'com.androidsample.generalstore/com.androidsample.generalstore.SplashActivity'
&amp#27;[38;5;20m[20f193de]&amp#27;[0m&amp#27;[38;5;229m[ADB]&amp#27;[0m Getting IDs of all 'com.androidsample.generalstore' processes
&amp#27;[38;5;20m[20f193de]&amp#27;[0m&amp#27;[38;5;229m[ADB]&amp#27;[0m Running 'C:\Users\sajus\AppData\Local\Android\Sdk\platform-tools\adb.exe -P 5037 -s CTLID18120801016 shell 'pgrep --help; echo $?''
&amp#27;[38;5;20m[20f193de]&amp#27;[0m&amp#27;[38;5;-119m[AndroidUiautomator2Driver@ddc5]&amp#27;[0m Got response with status 200: {"sessionId":"a97c70fa-db6f-41aa-a7df-6d29a9adbb2c","value":{"androidId":"7be9e4e610cc4454","apiVersion":"29","bluetooth":{"state":"OFF"},"brand":"Nokia","carrierName":"","displayDensity":420,"locale":"en_IN","manufacturer":"HMD Global","model":"Nokia 7.1","networks":[{"capabilities":{"SSID":null,"linkDownBandwidthKbps":1048576,"linkUpstreamBandwidthKbps":1048576,"networkCapabilities":"NET_CAPABILITY_NOT_METERED,NET_CAPABILITY_INTERNET,NET_CAPABILITY_NOT_RESTRICTED,NET_CAPABILITY_TRUSTED,NET_CAPABILITY_NOT_VPN,NET_CAPABILITY_VALIDATED,NET_CAPABILITY_NOT_ROAMING,NET_CAPABILITY_FOREGROUND,NET_CAPABILITY_NOT_CONGESTED,NET_CAPABILITY_NOT_SUSPENDED","signalStrength":-55,"transportTypes":"TRANSPORT_WIFI"},"detailedState":"CONNECTED","extraInfo":null,"isAvailable":true,"isConnected":true,"isFailover":false,"isRoaming":false,"state":"CONNECTED","subtype":0,"subtypeName":"","type":1,"typeName":"WIFI"}],"platformVersion":"10","realDisplaySize":"1080x2280","timeZone":"America/Toronto"}}
&amp#27;[38;5;20m[20f193de]&amp#27;[0m&amp#27;[38;5;229m[ADB]&amp#27;[0m Running 'C:\Users\sajus\AppData\Local\Android\Sdk\platform-tools\adb.exe -P 5037 -s CTLID18120801016 shell pgrep -f \(\[\[:blank:\]\]\|\^\)com\.androidsample\.generalstore\(:\[a-zA-Z0-9_-\]\+\)\?\(\[\[:blank:\]\]\|\$\)'
&amp#27;[38;5;20m[20f193de]&amp#27;[0m&amp#27;[38;5;229m[ADB]&amp#27;[0m Running 'C:\Users\sajus\AppData\Local\Android\Sdk\platform-tools\adb.exe -P 5037 -s CTLID18120801016 shell am start-activity -W -n com.androidsample.generalstore/com.androidsample.generalstore.SplashActivity -S -a android.intent.action.MAIN -c android.intent.category.LAUNCHER -f 0x10200000'
&amp#27;[38;5;20m[20f193de]&amp#27;[0m&amp#27;[38;5;54m[AppiumDriver@06b4]&amp#27;[0m New AndroidUiautomator2Driver session created successfully, session 20f193de-fda8-48bd-8393-53df76ef7a99 added to master session list
&amp#27;[38;5;20m[20f193de]&amp#27;[0m&amp#27;[38;5;54m[AppiumDriver@06b4]&amp#27;[0m Event 'newSessionStarted' logged at 1750356260707 (14:04:20 GMT-0400 (Eastern Daylight Saving Time))
&amp#27;[38;5;20m[20f193de]&amp#27;[0m&amp#27;[38;5;-119m[AndroidUiautomator2Driver@ddc5]&amp#27;[0m Cached the protocol value 'W3C' for the new session 20f193de-fda8-48bd-8393-53df76ef7a99
&amp#27;[38;5;20m[20f193de]&amp#27;[0m&amp#27;[38;5;-119m[AndroidUiautomator2Driver@ddc5]&amp#27;[0m Responding to client with driver.createSession() result: {"capabilities":{"platformName":"ANDROID","appActivity":"com.androidsample.generalstore.SplashActivity","appPackage":"com.androidsample.generalstore","automationName":"UiAutomator2","deviceName":"CTLID18120801016","noReset":true,"platformVersion":"10","systemPort":8202,"udid":"CTLID18120801016","platform":"LINUX","webStorageEnabled":false,"takesScreenshot":true,"javascriptEnabled":true,"databaseEnabled":false,"networkConnectionEnabled":true,"locationContextEnabled":false,"warnings":{},"desired":{"platformName":"ANDROID","appActivity":"com.androidsample.generalstore.SplashActivity","appPackage":"com.androidsample.generalstore","automationName":"UiAutomator2","deviceName":"Nokia","noReset":true,"platformVersion":"11.0","systemPort":8202,"udid":"CTLID18120801016"},"deviceUDID":"CTLID18120801016","pixelRatio":"2.625","statBarHeight":89,"viewportRect":{"left":0,"top":89,"width":1080,"height":2191},"deviceApiLevel":29,"deviceManufacturer":"HMD Global","deviceModel":"Nokia 7.1","deviceScreenSize":"1080x2280","dev...
&amp#27;[38;5;20m[20f193de]&amp#27;[0m&amp#27;[38;5;86m[HTTP]&amp#27;[0m &amp#27;[37m<-- POST /session &amp#27;[39m&amp#27;[32m200&amp#27;[39m &amp#27;[90m8628 ms - 1105&amp#27;[39m &amp#27;[90m&amp#27;[39m
&amp#27;[38;5;20m[20f193de]&amp#27;[0m&amp#27;[38;5;86m[HTTP]&amp#27;[0m &amp#27;[37m-->&amp#27;[39m &amp#27;[37mPOST&amp#27;[39m &amp#27;[37m/session/20f193de-fda8-48bd-8393-53df76ef7a99/element&amp#27;[39m &amp#27;[90m{"using":"id","value":"com.androidsample.generalstore:id/nameField"}&amp#27;[39m
&amp#27;[38;5;20m[20f193de]&amp#27;[0m&amp#27;[38;5;-119m[AndroidUiautomator2Driver@ddc5]&amp#27;[0m Calling AppiumDriver.findElement() with args: ["id","com.androidsample.generalstore:id/nameField","20f193de-fda8-48bd-8393-53df76ef7a99"]
&amp#27;[38;5;20m[20f193de]&amp#27;[0m&amp#27;[38;5;-119m[AndroidUiautomator2Driver@ddc5]&amp#27;[0m Valid locator strategies for this request: xpath, id, class name, accessibility id, css selector, -android uiautomator
&amp#27;[38;5;20m[20f193de]&amp#27;[0m&amp#27;[38;5;-119m[AndroidUiautomator2Driver@ddc5]&amp#27;[0m Waiting up to 0 ms for condition
&amp#27;[38;5;20m[20f193de]&amp#27;[0m&amp#27;[38;5;-119m[AndroidUiautomator2Driver@ddc5]&amp#27;[0m Matched '/element' to command name 'findElement'
&amp#27;[38;5;20m[20f193de]&amp#27;[0m&amp#27;[38;5;-119m[AndroidUiautomator2Driver@ddc5]&amp#27;[0m Proxying [POST /element] to [POST http://127.0.0.1:8202/session/a97c70fa-db6f-41aa-a7df-6d29a9adbb2c/element] with body: {"strategy":"id","selector":"com.androidsample.generalstore:id/nameField","context":"","multiple":false}
&amp#27;[38;5;20m[20f193de]&amp#27;[0m&amp#27;[38;5;-119m[AndroidUiautomator2Driver@ddc5]&amp#27;[0m Got response with status 200: {"sessionId":"a97c70fa-db6f-41aa-a7df-6d29a9adbb2c","value":{"ELEMENT":"00000000-0000-09d2-ffff-ffff0000001c","element-6066-11e4-a52e-4f735466cecf":"00000000-0000-09d2-ffff-ffff0000001c"}}
&amp#27;[38;5;20m[20f193de]&amp#27;[0m&amp#27;[38;5;-119m[AndroidUiautomator2Driver@ddc5]&amp#27;[0m Responding to client with driver.findElement() result: {"element-6066-11e4-a52e-4f735466cecf":"00000000-0000-09d2-ffff-ffff0000001c","ELEMENT":"00000000-0000-09d2-ffff-ffff0000001c"}
&amp#27;[38;5;20m[20f193de]&amp#27;[0m&amp#27;[38;5;86m[HTTP]&amp#27;[0m &amp#27;[37m<-- POST /session/20f193de-fda8-48bd-8393-53df76ef7a99/element &amp#27;[39m&amp#27;[32m200&amp#27;[39m &amp#27;[90m170 ms - 137&amp#27;[39m &amp#27;[90m&amp#27;[39m
&amp#27;[38;5;20m[20f193de]&amp#27;[0m&amp#27;[38;5;86m[HTTP]&amp#27;[0m &amp#27;[37m-->&amp#27;[39m &amp#27;[37mPOST&amp#27;[39m &amp#27;[37m/session/20f193de-fda8-48bd-8393-53df76ef7a99/element/00000000-0000-09d2-ffff-ffff0000001c/value&amp#27;[39m &amp#27;[90m{"id":"00000000-0000-09d2-ffff-ffff0000001c","text":"Steve Smith","value":["S","t","e","v","e"," ","S","m","i","t","h"]}&amp#27;[39m
&amp#27;[38;5;20m[20f193de]&amp#27;[0m&amp#27;[38;5;-119m[AndroidUiautomator2Driver@ddc5]&amp#27;[0m Calling AppiumDriver.setValue() with args: [["S","t","e","v","e"," ","S","m","i","t","h"],"00000000-0000-09d2-ffff-ffff0000001c","20f193de-fda8-48bd-8393-53df76ef7a99"]
&amp#27;[38;5;20m[20f193de]&amp#27;[0m&amp#27;[38;5;-119m[AndroidUiautomator2Driver@ddc5]&amp#27;[0m Matched '/element/00000000-0000-09d2-ffff-ffff0000001c/value' to command name 'setValue'
&amp#27;[38;5;20m[20f193de]&amp#27;[0m&amp#27;[38;5;-119m[AndroidUiautomator2Driver@ddc5]&amp#27;[0m Added 'value' property ["S","t","e","v","e"," ","S","m","i","t","h"] to 'setValue' request body
&amp#27;[38;5;20m[20f193de]&amp#27;[0m&amp#27;[38;5;-119m[AndroidUiautomator2Driver@ddc5]&amp#27;[0m Proxying [POST /element/00000000-0000-09d2-ffff-ffff0000001c/value] to [POST http://127.0.0.1:8202/session/a97c70fa-db6f-41aa-a7df-6d29a9adbb2c/element/00000000-0000-09d2-ffff-ffff0000001c/value] with body: {"elementId":"00000000-0000-09d2-ffff-ffff0000001c","text":"Steve Smith","replace":false,"value":["S","t","e","v","e"," ","S","m","i","t","h"]}
&amp#27;[38;5;20m[20f193de]&amp#27;[0m&amp#27;[38;5;-119m[AndroidUiautomator2Driver@ddc5]&amp#27;[0m Got response with status 200: {"sessionId":"a97c70fa-db6f-41aa-a7df-6d29a9adbb2c","value":null}
&amp#27;[38;5;20m[20f193de]&amp#27;[0m&amp#27;[38;5;-119m[AndroidUiautomator2Driver@ddc5]&amp#27;[0m Responding to client with driver.setValue() result: null
&amp#27;[38;5;20m[20f193de]&amp#27;[0m&amp#27;[38;5;86m[HTTP]&amp#27;[0m &amp#27;[37m<-- POST /session/20f193de-fda8-48bd-8393-53df76ef7a99/element/00000000-0000-09d2-ffff-ffff0000001c/value &amp#27;[39m&amp#27;[32m200&amp#27;[39m &amp#27;[90m659 ms - 14&amp#27;[39m &amp#27;[90m&amp#27;[39m
&amp#27;[38;5;20m[20f193de]&amp#27;[0m&amp#27;[38;5;86m[HTTP]&amp#27;[0m &amp#27;[37m-->&amp#27;[39m &amp#27;[37mPOST&amp#27;[39m &amp#27;[37m/session/20f193de-fda8-48bd-8393-53df76ef7a99/execute/sync&amp#27;[39m &amp#27;[90m{"script":"mobile: hideKeyboard","args":[]}&amp#27;[39m
&amp#27;[38;5;20m[20f193de]&amp#27;[0m&amp#27;[38;5;-119m[AndroidUiautomator2Driver@ddc5]&amp#27;[0m Calling AppiumDriver.execute() with args: ["mobile: hideKeyboard",[],"20f193de-fda8-48bd-8393-53df76ef7a99"]
&amp#27;[38;5;20m[20f193de]&amp#27;[0m&amp#27;[38;5;229m[ADB]&amp#27;[0m Running 'C:\Users\sajus\AppData\Local\Android\Sdk\platform-tools\adb.exe -P 5037 -s CTLID18120801016 shell dumpsys input_method'
&amp#27;[38;5;20m[20f193de]&amp#27;[0m&amp#27;[38;5;229m[ADB]&amp#27;[0m Keyboard has no UI; no closing necessary
&amp#27;[38;5;20m[20f193de]&amp#27;[0m&amp#27;[38;5;-119m[AndroidUiautomator2Driver@ddc5]&amp#27;[0m Responding to client with driver.execute() result: false
&amp#27;[38;5;20m[20f193de]&amp#27;[0m&amp#27;[38;5;86m[HTTP]&amp#27;[0m &amp#27;[37m<-- POST /session/20f193de-fda8-48bd-8393-53df76ef7a99/execute/sync &amp#27;[39m&amp#27;[32m200&amp#27;[39m &amp#27;[90m1003 ms - 15&amp#27;[39m &amp#27;[90m&amp#27;[39m
&amp#27;[38;5;20m[20f193de]&amp#27;[0m&amp#27;[38;5;86m[HTTP]&amp#27;[0m &amp#27;[37m-->&amp#27;[39m &amp#27;[37mPOST&amp#27;[39m &amp#27;[37m/session/20f193de-fda8-48bd-8393-53df76ef7a99/element&amp#27;[39m &amp#27;[90m{"using":"id","value":"com.androidsample.generalstore:id/radioFemale"}&amp#27;[39m
&amp#27;[38;5;20m[20f193de]&amp#27;[0m&amp#27;[38;5;-119m[AndroidUiautomator2Driver@ddc5]&amp#27;[0m Calling AppiumDriver.findElement() with args: ["id","com.androidsample.generalstore:id/radioFemale","20f193de-fda8-48bd-8393-53df76ef7a99"]
&amp#27;[38;5;20m[20f193de]&amp#27;[0m&amp#27;[38;5;-119m[AndroidUiautomator2Driver@ddc5]&amp#27;[0m Valid locator strategies for this request: xpath, id, class name, accessibility id, css selector, -android uiautomator
&amp#27;[38;5;20m[20f193de]&amp#27;[0m&amp#27;[38;5;-119m[AndroidUiautomator2Driver@ddc5]&amp#27;[0m Waiting up to 0 ms for condition
&amp#27;[38;5;20m[20f193de]&amp#27;[0m&amp#27;[38;5;-119m[AndroidUiautomator2Driver@ddc5]&amp#27;[0m Matched '/element' to command name 'findElement'
&amp#27;[38;5;20m[20f193de]&amp#27;[0m&amp#27;[38;5;-119m[AndroidUiautomator2Driver@ddc5]&amp#27;[0m Proxying [POST /element] to [POST http://127.0.0.1:8202/session/a97c70fa-db6f-41aa-a7df-6d29a9adbb2c/element] with body: {"strategy":"id","selector":"com.androidsample.generalstore:id/radioFemale","context":"","multiple":false}
&amp#27;[38;5;20m[20f193de]&amp#27;[0m&amp#27;[38;5;-119m[AndroidUiautomator2Driver@ddc5]&amp#27;[0m Got response with status 200: {"sessionId":"a97c70fa-db6f-41aa-a7df-6d29a9adbb2c","value":{"ELEMENT":"00000000-0000-09d2-ffff-ffff00000020","element-6066-11e4-a52e-4f735466cecf":"00000000-0000-09d2-ffff-ffff00000020"}}
&amp#27;[38;5;20m[20f193de]&amp#27;[0m&amp#27;[38;5;-119m[AndroidUiautomator2Driver@ddc5]&amp#27;[0m Responding to client with driver.findElement() result: {"element-6066-11e4-a52e-4f735466cecf":"00000000-0000-09d2-ffff-ffff00000020","ELEMENT":"00000000-0000-09d2-ffff-ffff00000020"}
&amp#27;[38;5;20m[20f193de]&amp#27;[0m&amp#27;[38;5;86m[HTTP]&amp#27;[0m &amp#27;[37m<-- POST /session/20f193de-fda8-48bd-8393-53df76ef7a99/element &amp#27;[39m&amp#27;[32m200&amp#27;[39m &amp#27;[90m114 ms - 137&amp#27;[39m &amp#27;[90m&amp#27;[39m
&amp#27;[38;5;20m[20f193de]&amp#27;[0m&amp#27;[38;5;86m[HTTP]&amp#27;[0m &amp#27;[37m-->&amp#27;[39m &amp#27;[37mPOST&amp#27;[39m &amp#27;[37m/session/20f193de-fda8-48bd-8393-53df76ef7a99/element/00000000-0000-09d2-ffff-ffff00000020/click&amp#27;[39m &amp#27;[90m{"id":"00000000-0000-09d2-ffff-ffff00000020"}&amp#27;[39m
&amp#27;[38;5;20m[20f193de]&amp#27;[0m&amp#27;[38;5;-119m[AndroidUiautomator2Driver@ddc5]&amp#27;[0m Calling AppiumDriver.click() with args: ["00000000-0000-09d2-ffff-ffff00000020","20f193de-fda8-48bd-8393-53df76ef7a99"]
&amp#27;[38;5;20m[20f193de]&amp#27;[0m&amp#27;[38;5;-119m[AndroidUiautomator2Driver@ddc5]&amp#27;[0m Matched '/element/00000000-0000-09d2-ffff-ffff00000020/click' to command name 'click'
&amp#27;[38;5;20m[20f193de]&amp#27;[0m&amp#27;[38;5;-119m[AndroidUiautomator2Driver@ddc5]&amp#27;[0m Proxying [POST /element/00000000-0000-09d2-ffff-ffff00000020/click] to [POST http://127.0.0.1:8202/session/a97c70fa-db6f-41aa-a7df-6d29a9adbb2c/element/00000000-0000-09d2-ffff-ffff00000020/click] with body: {"element":"00000000-0000-09d2-ffff-ffff00000020"}
&amp#27;[38;5;20m[20f193de]&amp#27;[0m&amp#27;[38;5;-119m[AndroidUiautomator2Driver@ddc5]&amp#27;[0m Got response with status 200: {"sessionId":"a97c70fa-db6f-41aa-a7df-6d29a9adbb2c","value":null}
&amp#27;[38;5;20m[20f193de]&amp#27;[0m&amp#27;[38;5;-119m[AndroidUiautomator2Driver@ddc5]&amp#27;[0m Responding to client with driver.click() result: null
&amp#27;[38;5;20m[20f193de]&amp#27;[0m&amp#27;[38;5;86m[HTTP]&amp#27;[0m &amp#27;[37m<-- POST /session/20f193de-fda8-48bd-8393-53df76ef7a99/element/00000000-0000-09d2-ffff-ffff00000020/click &amp#27;[39m&amp#27;[32m200&amp#27;[39m &amp#27;[90m118 ms - 14&amp#27;[39m &amp#27;[90m&amp#27;[39m
&amp#27;[38;5;20m[20f193de]&amp#27;[0m&amp#27;[38;5;86m[HTTP]&amp#27;[0m &amp#27;[37m-->&amp#27;[39m &amp#27;[37mPOST&amp#27;[39m &amp#27;[37m/session/20f193de-fda8-48bd-8393-53df76ef7a99/element&amp#27;[39m &amp#27;[90m{"using":"id","value":"android:id/text1"}&amp#27;[39m
&amp#27;[38;5;20m[20f193de]&amp#27;[0m&amp#27;[38;5;-119m[AndroidUiautomator2Driver@ddc5]&amp#27;[0m Calling AppiumDriver.findElement() with args: ["id","android:id/text1","20f193de-fda8-48bd-8393-53df76ef7a99"]
&amp#27;[38;5;20m[20f193de]&amp#27;[0m&amp#27;[38;5;-119m[AndroidUiautomator2Driver@ddc5]&amp#27;[0m Valid locator strategies for this request: xpath, id, class name, accessibility id, css selector, -android uiautomator
&amp#27;[38;5;20m[20f193de]&amp#27;[0m&amp#27;[38;5;-119m[AndroidUiautomator2Driver@ddc5]&amp#27;[0m Waiting up to 0 ms for condition
&amp#27;[38;5;20m[20f193de]&amp#27;[0m&amp#27;[38;5;-119m[AndroidUiautomator2Driver@ddc5]&amp#27;[0m Matched '/element' to command name 'findElement'
&amp#27;[38;5;20m[20f193de]&amp#27;[0m&amp#27;[38;5;-119m[AndroidUiautomator2Driver@ddc5]&amp#27;[0m Proxying [POST /element] to [POST http://127.0.0.1:8202/session/a97c70fa-db6f-41aa-a7df-6d29a9adbb2c/element] with body: {"strategy":"id","selector":"android:id/text1","context":"","multiple":false}
&amp#27;[38;5;20m[20f193de]&amp#27;[0m&amp#27;[38;5;-119m[AndroidUiautomator2Driver@ddc5]&amp#27;[0m Got response with status 200: {"sessionId":"a97c70fa-db6f-41aa-a7df-6d29a9adbb2c","value":{"ELEMENT":"00000000-0000-09d2-ffff-ffff00000024","element-6066-11e4-a52e-4f735466cecf":"00000000-0000-09d2-ffff-ffff00000024"}}
&amp#27;[38;5;20m[20f193de]&amp#27;[0m&amp#27;[38;5;-119m[AndroidUiautomator2Driver@ddc5]&amp#27;[0m Responding to client with driver.findElement() result: {"element-6066-11e4-a52e-4f735466cecf":"00000000-0000-09d2-ffff-ffff00000024","ELEMENT":"00000000-0000-09d2-ffff-ffff00000024"}
&amp#27;[38;5;20m[20f193de]&amp#27;[0m&amp#27;[38;5;86m[HTTP]&amp#27;[0m &amp#27;[37m<-- POST /session/20f193de-fda8-48bd-8393-53df76ef7a99/element &amp#27;[39m&amp#27;[32m200&amp#27;[39m &amp#27;[90m595 ms - 137&amp#27;[39m &amp#27;[90m&amp#27;[39m
&amp#27;[38;5;20m[20f193de]&amp#27;[0m&amp#27;[38;5;86m[HTTP]&amp#27;[0m &amp#27;[37m-->&amp#27;[39m &amp#27;[37mPOST&amp#27;[39m &amp#27;[37m/session/20f193de-fda8-48bd-8393-53df76ef7a99/element/00000000-0000-09d2-ffff-ffff00000024/click&amp#27;[39m &amp#27;[90m{"id":"00000000-0000-09d2-ffff-ffff00000024"}&amp#27;[39m
&amp#27;[38;5;20m[20f193de]&amp#27;[0m&amp#27;[38;5;-119m[AndroidUiautomator2Driver@ddc5]&amp#27;[0m Calling AppiumDriver.click() with args: ["00000000-0000-09d2-ffff-ffff00000024","20f193de-fda8-48bd-8393-53df76ef7a99"]
&amp#27;[38;5;20m[20f193de]&amp#27;[0m&amp#27;[38;5;-119m[AndroidUiautomator2Driver@ddc5]&amp#27;[0m Matched '/element/00000000-0000-09d2-ffff-ffff00000024/click' to command name 'click'
&amp#27;[38;5;20m[20f193de]&amp#27;[0m&amp#27;[38;5;-119m[AndroidUiautomator2Driver@ddc5]&amp#27;[0m Proxying [POST /element/00000000-0000-09d2-ffff-ffff00000024/click] to [POST http://127.0.0.1:8202/session/a97c70fa-db6f-41aa-a7df-6d29a9adbb2c/element/00000000-0000-09d2-ffff-ffff00000024/click] with body: {"element":"00000000-0000-09d2-ffff-ffff00000024"}
&amp#27;[38;5;20m[20f193de]&amp#27;[0m&amp#27;[38;5;-119m[AndroidUiautomator2Driver@ddc5]&amp#27;[0m Got response with status 200: {"sessionId":"a97c70fa-db6f-41aa-a7df-6d29a9adbb2c","value":null}
&amp#27;[38;5;20m[20f193de]&amp#27;[0m&amp#27;[38;5;-119m[AndroidUiautomator2Driver@ddc5]&amp#27;[0m Responding to client with driver.click() result: null
&amp#27;[38;5;20m[20f193de]&amp#27;[0m&amp#27;[38;5;86m[HTTP]&amp#27;[0m &amp#27;[37m<-- POST /session/20f193de-fda8-48bd-8393-53df76ef7a99/element/00000000-0000-09d2-ffff-ffff00000024/click &amp#27;[39m&amp#27;[32m200&amp#27;[39m &amp#27;[90m131 ms - 14&amp#27;[39m &amp#27;[90m&amp#27;[39m
&amp#27;[38;5;20m[20f193de]&amp#27;[0m&amp#27;[38;5;86m[HTTP]&amp#27;[0m &amp#27;[37m-->&amp#27;[39m &amp#27;[37mPOST&amp#27;[39m &amp#27;[37m/session/20f193de-fda8-48bd-8393-53df76ef7a99/element&amp#27;[39m &amp#27;[90m{"using":"-android uiautomator","value":"new UiScrollable(new UiSelector()).scrollIntoView(text(\"Argentina\"));"}&amp#27;[39m
&amp#27;[38;5;20m[20f193de]&amp#27;[0m&amp#27;[38;5;-119m[AndroidUiautomator2Driver@ddc5]&amp#27;[0m Calling AppiumDriver.findElement() with args: ["-android uiautomator","new UiScrollable(new UiSelector()).scrollIntoView(text(\"Argentina\"));","20f193de-fda8-48bd-8393-53df76ef7a99"]
&amp#27;[38;5;20m[20f193de]&amp#27;[0m&amp#27;[38;5;-119m[AndroidUiautomator2Driver@ddc5]&amp#27;[0m Valid locator strategies for this request: xpath, id, class name, accessibility id, css selector, -android uiautomator
&amp#27;[38;5;20m[20f193de]&amp#27;[0m&amp#27;[38;5;-119m[AndroidUiautomator2Driver@ddc5]&amp#27;[0m Waiting up to 0 ms for condition
&amp#27;[38;5;20m[20f193de]&amp#27;[0m&amp#27;[38;5;-119m[AndroidUiautomator2Driver@ddc5]&amp#27;[0m Matched '/element' to command name 'findElement'
&amp#27;[38;5;20m[20f193de]&amp#27;[0m&amp#27;[38;5;-119m[AndroidUiautomator2Driver@ddc5]&amp#27;[0m Proxying [POST /element] to [POST http://127.0.0.1:8202/session/a97c70fa-db6f-41aa-a7df-6d29a9adbb2c/element] with body: {"strategy":"-android uiautomator","selector":"new UiScrollable(new UiSelector()).scrollIntoView(text(\"Argentina\"));","context":"","multiple":false}
&amp#27;[38;5;20m[20f193de]&amp#27;[0m&amp#27;[38;5;-119m[AndroidUiautomator2Driver@ddc5]&amp#27;[0m Got response with status 200: {"sessionId":"a97c70fa-db6f-41aa-a7df-6d29a9adbb2c","value":{"ELEMENT":"00000000-0000-09d3-ffff-ffff00000032","element-6066-11e4-a52e-4f735466cecf":"00000000-0000-09d3-ffff-ffff00000032"}}
&amp#27;[38;5;20m[20f193de]&amp#27;[0m&amp#27;[38;5;-119m[AndroidUiautomator2Driver@ddc5]&amp#27;[0m Responding to client with driver.findElement() result: {"element-6066-11e4-a52e-4f735466cecf":"00000000-0000-09d3-ffff-ffff00000032","ELEMENT":"00000000-0000-09d3-ffff-ffff00000032"}
&amp#27;[38;5;20m[20f193de]&amp#27;[0m&amp#27;[38;5;86m[HTTP]&amp#27;[0m &amp#27;[37m<-- POST /session/20f193de-fda8-48bd-8393-53df76ef7a99/element &amp#27;[39m&amp#27;[32m200&amp#27;[39m &amp#27;[90m4635 ms - 137&amp#27;[39m &amp#27;[90m&amp#27;[39m
&amp#27;[38;5;20m[20f193de]&amp#27;[0m&amp#27;[38;5;86m[HTTP]&amp#27;[0m &amp#27;[37m-->&amp#27;[39m &amp#27;[37mPOST&amp#27;[39m &amp#27;[37m/session/20f193de-fda8-48bd-8393-53df76ef7a99/element&amp#27;[39m &amp#27;[90m{"using":"xpath","value":"//android.widget.TextView[@text='Argentina']"}&amp#27;[39m
&amp#27;[38;5;20m[20f193de]&amp#27;[0m&amp#27;[38;5;-119m[AndroidUiautomator2Driver@ddc5]&amp#27;[0m Calling AppiumDriver.findElement() with args: ["xpath","//android.widget.TextView[@text='Argentina']","20f193de-fda8-48bd-8393-53df76ef7a99"]
&amp#27;[38;5;20m[20f193de]&amp#27;[0m&amp#27;[38;5;-119m[AndroidUiautomator2Driver@ddc5]&amp#27;[0m Valid locator strategies for this request: xpath, id, class name, accessibility id, css selector, -android uiautomator
&amp#27;[38;5;20m[20f193de]&amp#27;[0m&amp#27;[38;5;-119m[AndroidUiautomator2Driver@ddc5]&amp#27;[0m Waiting up to 0 ms for condition
&amp#27;[38;5;20m[20f193de]&amp#27;[0m&amp#27;[38;5;-119m[AndroidUiautomator2Driver@ddc5]&amp#27;[0m Matched '/element' to command name 'findElement'
&amp#27;[38;5;20m[20f193de]&amp#27;[0m&amp#27;[38;5;-119m[AndroidUiautomator2Driver@ddc5]&amp#27;[0m Proxying [POST /element] to [POST http://127.0.0.1:8202/session/a97c70fa-db6f-41aa-a7df-6d29a9adbb2c/element] with body: {"strategy":"xpath","selector":"//android.widget.TextView[@text='Argentina']","context":"","multiple":false}
&amp#27;[38;5;20m[20f193de]&amp#27;[0m&amp#27;[38;5;-119m[AndroidUiautomator2Driver@ddc5]&amp#27;[0m Got response with status 200: {"sessionId":"a97c70fa-db6f-41aa-a7df-6d29a9adbb2c","value":{"ELEMENT":"00000000-0000-09d3-ffff-ffff00000032","element-6066-11e4-a52e-4f735466cecf":"00000000-0000-09d3-ffff-ffff00000032"}}
&amp#27;[38;5;20m[20f193de]&amp#27;[0m&amp#27;[38;5;-119m[AndroidUiautomator2Driver@ddc5]&amp#27;[0m Responding to client with driver.findElement() result: {"element-6066-11e4-a52e-4f735466cecf":"00000000-0000-09d3-ffff-ffff00000032","ELEMENT":"00000000-0000-09d3-ffff-ffff00000032"}
&amp#27;[38;5;20m[20f193de]&amp#27;[0m&amp#27;[38;5;86m[HTTP]&amp#27;[0m &amp#27;[37m<-- POST /session/20f193de-fda8-48bd-8393-53df76ef7a99/element &amp#27;[39m&amp#27;[32m200&amp#27;[39m &amp#27;[90m603 ms - 137&amp#27;[39m &amp#27;[90m&amp#27;[39m
&amp#27;[38;5;20m[20f193de]&amp#27;[0m&amp#27;[38;5;86m[HTTP]&amp#27;[0m &amp#27;[37m-->&amp#27;[39m &amp#27;[37mPOST&amp#27;[39m &amp#27;[37m/session/20f193de-fda8-48bd-8393-53df76ef7a99/element/00000000-0000-09d3-ffff-ffff00000032/click&amp#27;[39m &amp#27;[90m{"id":"00000000-0000-09d3-ffff-ffff00000032"}&amp#27;[39m
&amp#27;[38;5;20m[20f193de]&amp#27;[0m&amp#27;[38;5;-119m[AndroidUiautomator2Driver@ddc5]&amp#27;[0m Calling AppiumDriver.click() with args: ["00000000-0000-09d3-ffff-ffff00000032","20f193de-fda8-48bd-8393-53df76ef7a99"]
&amp#27;[38;5;20m[20f193de]&amp#27;[0m&amp#27;[38;5;-119m[AndroidUiautomator2Driver@ddc5]&amp#27;[0m Matched '/element/00000000-0000-09d3-ffff-ffff00000032/click' to command name 'click'
&amp#27;[38;5;20m[20f193de]&amp#27;[0m&amp#27;[38;5;-119m[AndroidUiautomator2Driver@ddc5]&amp#27;[0m Proxying [POST /element/00000000-0000-09d3-ffff-ffff00000032/click] to [POST http://127.0.0.1:8202/session/a97c70fa-db6f-41aa-a7df-6d29a9adbb2c/element/00000000-0000-09d3-ffff-ffff00000032/click] with body: {"element":"00000000-0000-09d3-ffff-ffff00000032"}
&amp#27;[38;5;20m[20f193de]&amp#27;[0m&amp#27;[38;5;-119m[AndroidUiautomator2Driver@ddc5]&amp#27;[0m Got response with status 200: {"sessionId":"a97c70fa-db6f-41aa-a7df-6d29a9adbb2c","value":null}
&amp#27;[38;5;20m[20f193de]&amp#27;[0m&amp#27;[38;5;-119m[AndroidUiautomator2Driver@ddc5]&amp#27;[0m Responding to client with driver.click() result: null
&amp#27;[38;5;20m[20f193de]&amp#27;[0m&amp#27;[38;5;86m[HTTP]&amp#27;[0m &amp#27;[37m<-- POST /session/20f193de-fda8-48bd-8393-53df76ef7a99/element/00000000-0000-09d3-ffff-ffff00000032/click &amp#27;[39m&amp#27;[32m200&amp#27;[39m &amp#27;[90m1216 ms - 14&amp#27;[39m &amp#27;[90m&amp#27;[39m
&amp#27;[38;5;20m[20f193de]&amp#27;[0m&amp#27;[38;5;86m[HTTP]&amp#27;[0m &amp#27;[37m-->&amp#27;[39m &amp#27;[37mPOST&amp#27;[39m &amp#27;[37m/session/20f193de-fda8-48bd-8393-53df76ef7a99/element&amp#27;[39m &amp#27;[90m{"using":"id","value":"com.androidsample.generalstore:id/btnLetsShop"}&amp#27;[39m
&amp#27;[38;5;20m[20f193de]&amp#27;[0m&amp#27;[38;5;-119m[AndroidUiautomator2Driver@ddc5]&amp#27;[0m Calling AppiumDriver.findElement() with args: ["id","com.androidsample.generalstore:id/btnLetsShop","20f193de-fda8-48bd-8393-53df76ef7a99"]
&amp#27;[38;5;20m[20f193de]&amp#27;[0m&amp#27;[38;5;-119m[AndroidUiautomator2Driver@ddc5]&amp#27;[0m Valid locator strategies for this request: xpath, id, class name, accessibility id, css selector, -android uiautomator
&amp#27;[38;5;20m[20f193de]&amp#27;[0m&amp#27;[38;5;-119m[AndroidUiautomator2Driver@ddc5]&amp#27;[0m Waiting up to 0 ms for condition
&amp#27;[38;5;20m[20f193de]&amp#27;[0m&amp#27;[38;5;-119m[AndroidUiautomator2Driver@ddc5]&amp#27;[0m Matched '/element' to command name 'findElement'
&amp#27;[38;5;20m[20f193de]&amp#27;[0m&amp#27;[38;5;-119m[AndroidUiautomator2Driver@ddc5]&amp#27;[0m Proxying [POST /element] to [POST http://127.0.0.1:8202/session/a97c70fa-db6f-41aa-a7df-6d29a9adbb2c/element] with body: {"strategy":"id","selector":"com.androidsample.generalstore:id/btnLetsShop","context":"","multiple":false}
&amp#27;[38;5;20m[20f193de]&amp#27;[0m&amp#27;[38;5;-119m[AndroidUiautomator2Driver@ddc5]&amp#27;[0m Got response with status 200: {"sessionId":"a97c70fa-db6f-41aa-a7df-6d29a9adbb2c","value":{"ELEMENT":"00000000-0000-09d2-ffff-ffff00000021","element-6066-11e4-a52e-4f735466cecf":"00000000-0000-09d2-ffff-ffff00000021"}}
&amp#27;[38;5;20m[20f193de]&amp#27;[0m&amp#27;[38;5;-119m[AndroidUiautomator2Driver@ddc5]&amp#27;[0m Responding to client with driver.findElement() result: {"element-6066-11e4-a52e-4f735466cecf":"00000000-0000-09d2-ffff-ffff00000021","ELEMENT":"00000000-0000-09d2-ffff-ffff00000021"}
&amp#27;[38;5;20m[20f193de]&amp#27;[0m&amp#27;[38;5;86m[HTTP]&amp#27;[0m &amp#27;[37m<-- POST /session/20f193de-fda8-48bd-8393-53df76ef7a99/element &amp#27;[39m&amp#27;[32m200&amp#27;[39m &amp#27;[90m69 ms - 137&amp#27;[39m &amp#27;[90m&amp#27;[39m
&amp#27;[38;5;20m[20f193de]&amp#27;[0m&amp#27;[38;5;86m[HTTP]&amp#27;[0m &amp#27;[37m-->&amp#27;[39m &amp#27;[37mPOST&amp#27;[39m &amp#27;[37m/session/20f193de-fda8-48bd-8393-53df76ef7a99/element/00000000-0000-09d2-ffff-ffff00000021/click&amp#27;[39m &amp#27;[90m{"id":"00000000-0000-09d2-ffff-ffff00000021"}&amp#27;[39m
&amp#27;[38;5;20m[20f193de]&amp#27;[0m&amp#27;[38;5;-119m[AndroidUiautomator2Driver@ddc5]&amp#27;[0m Calling AppiumDriver.click() with args: ["00000000-0000-09d2-ffff-ffff00000021","20f193de-fda8-48bd-8393-53df76ef7a99"]
&amp#27;[38;5;20m[20f193de]&amp#27;[0m&amp#27;[38;5;-119m[AndroidUiautomator2Driver@ddc5]&amp#27;[0m Matched '/element/00000000-0000-09d2-ffff-ffff00000021/click' to command name 'click'
&amp#27;[38;5;20m[20f193de]&amp#27;[0m&amp#27;[38;5;-119m[AndroidUiautomator2Driver@ddc5]&amp#27;[0m Proxying [POST /element/00000000-0000-09d2-ffff-ffff00000021/click] to [POST http://127.0.0.1:8202/session/a97c70fa-db6f-41aa-a7df-6d29a9adbb2c/element/00000000-0000-09d2-ffff-ffff00000021/click] with body: {"element":"00000000-0000-09d2-ffff-ffff00000021"}
&amp#27;[38;5;20m[20f193de]&amp#27;[0m&amp#27;[38;5;-119m[AndroidUiautomator2Driver@ddc5]&amp#27;[0m Got response with status 200: {"sessionId":"a97c70fa-db6f-41aa-a7df-6d29a9adbb2c","value":null}
&amp#27;[38;5;20m[20f193de]&amp#27;[0m&amp#27;[38;5;-119m[AndroidUiautomator2Driver@ddc5]&amp#27;[0m Responding to client with driver.click() result: null
&amp#27;[38;5;20m[20f193de]&amp#27;[0m&amp#27;[38;5;86m[HTTP]&amp#27;[0m &amp#27;[37m<-- POST /session/20f193de-fda8-48bd-8393-53df76ef7a99/element/00000000-0000-09d2-ffff-ffff00000021/click &amp#27;[39m&amp#27;[32m200&amp#27;[39m &amp#27;[90m105 ms - 14&amp#27;[39m &amp#27;[90m&amp#27;[39m
&amp#27;[38;5;20m[20f193de]&amp#27;[0m&amp#27;[38;5;86m[HTTP]&amp#27;[0m &amp#27;[37m-->&amp#27;[39m &amp#27;[37mGET&amp#27;[39m &amp#27;[37m/session/20f193de-fda8-48bd-8393-53df76ef7a99/screenshot&amp#27;[39m &amp#27;[90m{}&amp#27;[39m
&amp#27;[38;5;20m[20f193de]&amp#27;[0m&amp#27;[38;5;-119m[AndroidUiautomator2Driver@ddc5]&amp#27;[0m Calling AppiumDriver.getScreenshot() with args: ["20f193de-fda8-48bd-8393-53df76ef7a99"]
&amp#27;[38;5;20m[20f193de]&amp#27;[0m&amp#27;[38;5;-119m[AndroidUiautomator2Driver@ddc5]&amp#27;[0m Matched '/screenshot' to command name 'getScreenshot'
&amp#27;[38;5;20m[20f193de]&amp#27;[0m&amp#27;[38;5;-119m[AndroidUiautomator2Driver@ddc5]&amp#27;[0m Proxying [GET /screenshot] to [GET http://127.0.0.1:8202/session/a97c70fa-db6f-41aa-a7df-6d29a9adbb2c/screenshot] with no body
&amp#27;[38;5;20m[20f193de]&amp#27;[0m&amp#27;[38;5;-119m[AndroidUiautomator2Driver@ddc5]&amp#27;[0m Got response with status 200: {"sessionId":"a97c70fa-db6f-41aa-a7df-6d29a9adbb2c","value":"iVBORw0KGgoAAAANSUhEUgAABDgAAAjoCAYAAAA5jhrUAAAAAXNSR0IArs4c6QAAAARzQklUCAgICHwIZIgAACAASURBVHic7N13nBT1/cfx98zsXuMa9USQpkEsKIJdjAhGjb1EoxgVS1Q0scVomhFiNxo1mmhig2j4xYrYSxRRBNHQohFBpR1Fyh13HFzZ3Zn5/YF33t7u3u3dbZvb19MHwk79zIFy+97P9/s1un9+nisAAAAAAAAPM9NdAAAAAAAAQGcRcAAAAAAAAM8j4AAAAAAAAJ5HwAEAAAAAADyPgAMAAAAAAHgeAQcAAAAAAPA8Ag4AAAAAAOB5BBwAAAAAAMDzCDgAAAAAAIDnEXAAAAAAAADPI+AAAAAAAACeR8ABAAAAAAA8j4ADAAAAAAB4HgEHAAAAAADwPAIOAAAAAADgeQQcAAAAAADA8wg4AAAAAACA5xFwAAAAAAAAzyPgAAAAAAAAnkfAAQAAAAAAPI+AAwAAAAAAeB4BBwAAAAAA8DwCDgAAAAAA4HkEHAAAAAAAwPMIOAAAAAAAgOf50l0AkAkMGTIafzZ2/FqSXEmu62rHP/r2396VLc8JAAAAIPsQcCBrGTLkM0ztmrOTpu1yjQb5e7d6/MrgJp1dfq+WB75RyHU8EwJky3MCAAAA8SixCrR37gANzxugErNAe+cNUInVrWl/tb1dn9WvVrVTq0/rV+uzhtWqtmvTUuvogmF6aeCv4zr2pFW3a3btF0muKLMRcCArFZn5+n2fMzSh+5Gy4hypNcjfW3OH3CZbjqZueU+TNz6jGqcuyZV2TrY8JwAAANCaAf5eOq5opI4rGqXRBcPaPP74olFhr2fXfqHXaubrtZoFWh3cnKwy0UlG98/P4+NZZA2fYWlij2M0qc+Z+m6ARse4cjV547P6a+UbCrl2gipMjGx5TgAAAKA1owuG6dIeR0cEFp3x...
&amp#27;[38;5;20m[20f193de]&amp#27;[0m&amp#27;[38;5;-119m[AndroidUiautomator2Driver@ddc5]&amp#27;[0m Responding to client with driver.getScreenshot() result: "iVBORw0KGgoAAAANSUhEUgAABDgAAAjoCAYAAAA5jhrUAAAAAXNSR0IArs4c6QAAAARzQklUCAgICHwIZIgAACAASURBVHic7N13nBT1/cfx98zsXuMa9USQpkEsKIJdjAhGjb1EoxgVS1Q0scVomhFiNxo1mmhig2j4xYrYSxRRBNHQohFBpR1Fyh13HFzZ3Zn5/YF33t7u3u3dbZvb19MHwk79zIFy+97P9/s1un9+nisAAAAAAAAPM9NdAAAAAAAAQGcRcAAAAAAAAM8j4AAAAAAAAJ5HwAEAAAAAADyPgAMAAAAAAHgeAQcAAAAAAPA8Ag4AAAAAAOB5BBwAAAAAAMDzCDgAAAAAAIDnEXAAAAAAAADPI+AAAAAAAACeR8ABAAAAAAA8j4ADAAAAAAB4HgEHAAAAAADwPAIOAAAAAADgeQQcAAAAAADA8wg4AAAAAACA5xFwAAAAAAAAzyPgAAAAAAAAnkfAAQAAAAAAPI+AAwAAAAAAeB4BBwAAAAAA8DwCDgAAAAAA4HkEHAAAAAAAwPMIOAAAAAAAgOf50l0AkAkMGTIafzZ2/FqSXEmu62rHP/r2396VLc8JAAAAIPsQcCBrGTLkM0ztmrOTpu1yjQb5e7d6/MrgJp1dfq+WB75RyHU8EwJky3MCAAAA8SixCrR37gANzxugErNAe+cNUInVrWl/tb1dn9WvVrVTq0/rV+uzhtWqtmvTUuvogmF6aeCv4zr2pFW3a3btF0muKLMRcCArFZn5+n2fMzSh+5Gy4hypNcjfW3OH3CZbjqZueU+TNz6jGqcuyZV2TrY8JwAAANCaAf5eOq5opI4rGqXRBcPaPP74olFhr2fXfqHXaubrtZoFWh3cnKwy0UlG98/P4+NZZA2fYWlij2M0qc+Z+m6ARse4cjV547P6a+UbCrl2gipMjGx5TgAAAKA1owuG6dIeR0cEFp3xas18/a3yrZR0S9DB0T4EHMgKhgwVmXmaOfgPGpzTJ6HXXhHYqLErb9JWuy7t...
&amp#27;[38;5;20m[20f193de]&amp#27;[0m&amp#27;[38;5;86m[HTTP]&amp#27;[0m &amp#27;[37m<-- GET /session/20f193de-fda8-48bd-8393-53df76ef7a99/screenshot &amp#27;[39m&amp#27;[32m200&amp#27;[39m &amp#27;[90m1101 ms - 345700&amp#27;[39m &amp#27;[90m&amp#27;[39m
]]></system-out>
  </testcase>
  <testcase name="setUp[1, 1](0)" classname="org.testCase.TestCase3" time="3.409">
    <failure message="Could not start a new session. Response code 500. Message: An unknown server-side error occurred while processing the command. Original error: Device R3CRC00KHBT was not in the list of connected devices &#10;Host info: host: &apos;ELSA&apos;, ip: &apos;192.168.2.20&apos;&#10;Build info: version: &apos;4.33.0&apos;, revision: &apos;2c6aaad03a&apos;&#10;System info: os.name: &apos;Windows 11&apos;, os.arch: &apos;amd64&apos;, os.version: &apos;10.0&apos;, java.version: &apos;11.0.26&apos;&#10;Driver info: io.appium.java_client.android.AndroidDriver&#10;Command: [null, newSession {capabilities=[{appium:appActivity=com.androidsample.generalstore.SplashActivity, appium:appPackage=com.androidsample.generalstore, appium:automationName=UiAutomator2, appium:deviceName=Samsung_Galaxy_S21, appium:noReset=true, platformName=ANDROID, appium:platformVersion=10.0, appium:systemPort=8201, appium:udid=R3CRC00KHBT}], desiredCapabilities=Capabilities {appActivity: com.androidsample.generalst..., appPackage: com.androidsample.generalstore, automationName: UiAutomator2, deviceName: Samsung_Galaxy_S21, noReset: true, platformName: ANDROID, platformVersion: 10.0, systemPort: 8201, udid: R3CRC00KHBT}}]&#10;Capabilities {appActivity: com.androidsample.generalst..., appPackage: com.androidsample.generalstore, automationName: UiAutomator2, deviceName: Samsung_Galaxy_S21, noReset: true, platformName: ANDROID, platformVersion: 10.0, systemPort: 8201, udid: R3CRC00KHBT}" type="org.openqa.selenium.SessionNotCreatedException"><![CDATA[org.openqa.selenium.SessionNotCreatedException: 
Could not start a new session. Response code 500. Message: An unknown server-side error occurred while processing the command. Original error: Device R3CRC00KHBT was not in the list of connected devices 
Host info: host: 'ELSA', ip: '192.168.2.20'
Build info: version: '4.33.0', revision: '2c6aaad03a'
System info: os.name: 'Windows 11', os.arch: 'amd64', os.version: '10.0', java.version: '11.0.26'
Driver info: io.appium.java_client.android.AndroidDriver
Command: [null, newSession {capabilities=[{appium:appActivity=com.androidsample.generalstore.SplashActivity, appium:appPackage=com.androidsample.generalstore, appium:automationName=UiAutomator2, appium:deviceName=Samsung_Galaxy_S21, appium:noReset=true, platformName=ANDROID, appium:platformVersion=10.0, appium:systemPort=8201, appium:udid=R3CRC00KHBT}], desiredCapabilities=Capabilities {appActivity: com.androidsample.generalst..., appPackage: com.androidsample.generalstore, automationName: UiAutomator2, deviceName: Samsung_Galaxy_S21, noReset: true, platformName: ANDROID, platformVersion: 10.0, systemPort: 8201, udid: R3CRC00KHBT}}]
Capabilities {appActivity: com.androidsample.generalst..., appPackage: com.androidsample.generalstore, automationName: UiAutomator2, deviceName: Samsung_Galaxy_S21, noReset: true, platformName: ANDROID, platformVersion: 10.0, systemPort: 8201, udid: R3CRC00KHBT}
	at org.openqa.selenium.remote.ProtocolHandshake.createSession(ProtocolHandshake.java:140)
	at java.base/jdk.internal.reflect.NativeMethodAccessorImpl.invoke0(Native Method)
	at java.base/jdk.internal.reflect.NativeMethodAccessorImpl.invoke(NativeMethodAccessorImpl.java:62)
	at java.base/jdk.internal.reflect.DelegatingMethodAccessorImpl.invoke(DelegatingMethodAccessorImpl.java:43)
	at java.base/java.lang.reflect.Method.invoke(Method.java:566)
	at io.appium.java_client.remote.AppiumProtocolHandshake.createSession(AppiumProtocolHandshake.java:133)
	at io.appium.java_client.remote.AppiumProtocolHandshake.createSession(AppiumProtocolHandshake.java:102)
	at io.appium.java_client.remote.AppiumCommandExecutor.createSession(AppiumCommandExecutor.java:182)
	at io.appium.java_client.remote.AppiumCommandExecutor.execute(AppiumCommandExecutor.java:250)
	at org.openqa.selenium.remote.RemoteWebDriver.execute(RemoteWebDriver.java:602)
	at io.appium.java_client.AppiumDriver.startSession(AppiumDriver.java:274)
	at org.openqa.selenium.remote.RemoteWebDriver.<init>(RemoteWebDriver.java:163)
	at io.appium.java_client.AppiumDriver.<init>(AppiumDriver.java:89)
	at io.appium.java_client.AppiumDriver.<init>(AppiumDriver.java:101)
	at io.appium.java_client.android.AndroidDriver.<init>(AndroidDriver.java:113)
	at org.appium.TestUtils.BaseTest.setUp(BaseTest.java:45)
	at java.base/jdk.internal.reflect.NativeMethodAccessorImpl.invoke0(Native Method)
	at java.base/jdk.internal.reflect.NativeMethodAccessorImpl.invoke(NativeMethodAccessorImpl.java:62)
	at java.base/jdk.internal.reflect.DelegatingMethodAccessorImpl.invoke(DelegatingMethodAccessorImpl.java:43)
	at java.base/java.lang.reflect.Method.invoke(Method.java:566)
	at org.testng.internal.invokers.MethodInvocationHelper.invokeMethod(MethodInvocationHelper.java:141)
	at org.testng.internal.invokers.MethodInvocationHelper.invokeMethodConsideringTimeout(MethodInvocationHelper.java:71)
	at org.testng.internal.invokers.ConfigInvoker.invokeConfigurationMethod(ConfigInvoker.java:400)
	at org.testng.internal.invokers.ConfigInvoker.invokeConfigurations(ConfigInvoker.java:333)
	at org.testng.internal.invokers.TestMethodWorker.invokeBeforeClassMethods(TestMethodWorker.java:188)
	at org.testng.internal.invokers.TestMethodWorker.run(TestMethodWorker.java:128)
	at java.base/java.util.ArrayList.forEach(ArrayList.java:1541)
	at org.testng.TestRunner.privateRun(TestRunner.java:741)
	at org.testng.TestRunner.run(TestRunner.java:616)
	at org.testng.SuiteRunner.runTest(SuiteRunner.java:421)
	at org.testng.SuiteRunner$SuiteWorker.run(SuiteRunner.java:463)
	at org.testng.internal.thread.ThreadUtil.lambda$execute$0(ThreadUtil.java:64)
	at java.base/java.util.concurrent.FutureTask.run(FutureTask.java:264)
	at java.base/java.util.concurrent.ThreadPoolExecutor.runWorker(ThreadPoolExecutor.java:1128)
	at java.base/java.util.concurrent.ThreadPoolExecutor$Worker.run(ThreadPoolExecutor.java:628)
	at java.base/java.lang.Thread.run(Thread.java:834)
]]></failure>
    <system-out><![CDATA[&amp#27;[38;5;86m[HTTP]&amp#27;[0m &amp#27;[37m-->&amp#27;[39m &amp#27;[37mGET&amp#27;[39m &amp#27;[37m/status&amp#27;[39m &amp#27;[90m{}&amp#27;[39m
&amp#27;[38;5;70m[AppiumDriver@81e4]&amp#27;[0m Calling AppiumDriver.getStatus() with args: []
&amp#27;[38;5;70m[AppiumDriver@81e4]&amp#27;[0m Responding to client with driver.getStatus() result: {"ready":true,"message":"The server is ready to accept new connections","build":{"version":"2.19.0"}}
Appium server stopped
✅ Test completed for device: Samsung_Galaxy_S21
&amp#27;[38;5;53m[2a6d443c]&amp#27;[0m&amp#27;[38;5;203m[AppiumDriver@822c]&amp#27;[0m New AndroidUiautomator2Driver session created successfully, session 2a6d443c-6598-4892-9b23-57159ce89693 added to master session list
&amp#27;[38;5;53m[2a6d443c]&amp#27;[0m&amp#27;[38;5;203m[AppiumDriver@822c]&amp#27;[0m Event 'newSessionStarted' logged at 1750356232977 (14:03:52 GMT-0400 (Eastern Daylight Saving Time))
&amp#27;[38;5;53m[2a6d443c]&amp#27;[0m&amp#27;[38;5;-121m[AndroidUiautomator2Driver@7a5e]&amp#27;[0m Cached the protocol value 'W3C' for the new session 2a6d443c-6598-4892-9b23-57159ce89693
&amp#27;[38;5;53m[2a6d443c]&amp#27;[0m&amp#27;[38;5;-121m[AndroidUiautomator2Driver@7a5e]&amp#27;[0m Responding to client with driver.createSession() result: {"capabilities":{"platformName":"ANDROID","appActivity":"com.androidsample.generalstore.SplashActivity","appPackage":"com.androidsample.generalstore","automationName":"UiAutomator2","deviceName":"CTLID18120801016","noReset":true,"platformVersion":"10","systemPort":8202,"udid":"CTLID18120801016","platform":"LINUX","webStorageEnabled":false,"takesScreenshot":true,"javascriptEnabled":true,"databaseEnabled":false,"networkConnectionEnabled":true,"locationContextEnabled":false,"warnings":{},"desired":{"platformName":"ANDROID","appActivity":"com.androidsample.generalstore.SplashActivity","appPackage":"com.androidsample.generalstore","automationName":"UiAutomator2","deviceName":"Nokia","noReset":true,"platformVersion":"11.0","systemPort":8202,"udid":"CTLID18120801016"},"deviceUDID":"CTLID18120801016","pixelRatio":"2.625","statBarHeight":89,"viewportRect":{"left":0,"top":89,"width":1080,"height":2191},"deviceApiLevel":29,"deviceManufacturer":"HMD Global","deviceModel":"Nokia 7.1","deviceScreenSize":"1080x2280","dev...
&amp#27;[38;5;53m[2a6d443c]&amp#27;[0m&amp#27;[38;5;86m[HTTP]&amp#27;[0m &amp#27;[37m<-- POST /session &amp#27;[39m&amp#27;[32m200&amp#27;[39m &amp#27;[90m8530 ms - 1105&amp#27;[39m &amp#27;[90m&amp#27;[39m
&amp#27;[38;5;53m[2a6d443c]&amp#27;[0m&amp#27;[38;5;86m[HTTP]&amp#27;[0m &amp#27;[37m-->&amp#27;[39m &amp#27;[37mPOST&amp#27;[39m &amp#27;[37m/session/2a6d443c-6598-4892-9b23-57159ce89693/execute/sync&amp#27;[39m &amp#27;[90m{"script":"mobile: getCurrentActivity","args":[]}&amp#27;[39m
&amp#27;[38;5;53m[2a6d443c]&amp#27;[0m&amp#27;[38;5;-121m[AndroidUiautomator2Driver@7a5e]&amp#27;[0m Calling AppiumDriver.execute() with args: ["mobile: getCurrentActivity",[],"2a6d443c-6598-4892-9b23-57159ce89693"]
&amp#27;[38;5;53m[2a6d443c]&amp#27;[0m&amp#27;[38;5;229m[ADB]&amp#27;[0m Getting focused package and activity
&amp#27;[38;5;53m[2a6d443c]&amp#27;[0m&amp#27;[38;5;229m[ADB]&amp#27;[0m Running 'C:\Users\sajus\AppData\Local\Android\Sdk\platform-tools\adb.exe -P 5037 -s CTLID18120801016 shell dumpsys window displays'
&amp#27;[38;5;53m[2a6d443c]&amp#27;[0m&amp#27;[38;5;-121m[AndroidUiautomator2Driver@7a5e]&amp#27;[0m Responding to client with driver.execute() result: ".SplashActivity"
&amp#27;[38;5;53m[2a6d443c]&amp#27;[0m&amp#27;[38;5;86m[HTTP]&amp#27;[0m &amp#27;[37m<-- POST /session/2a6d443c-6598-4892-9b23-57159ce89693/execute/sync &amp#27;[39m&amp#27;[32m200&amp#27;[39m &amp#27;[90m165 ms - 27&amp#27;[39m &amp#27;[90m&amp#27;[39m
Current Activity: .SplashActivity
&amp#27;[38;5;112m[Appium]&amp#27;[0m Welcome to Appium v2.19.0
&amp#27;[38;5;112m[Appium]&amp#27;[0m Non-default server args:
&amp#27;[38;5;112m[Appium]&amp#27;[0m { port: &amp#27;[33m4724&amp#27;[39m }
&amp#27;[38;5;112m[Appium]&amp#27;[0m The autodetected Appium home path: C:\Users\sajus\.appium
&amp#27;[38;5;112m[Appium]&amp#27;[0m Attempting to load driver uiautomator2...
&amp#27;[38;5;112m[Appium]&amp#27;[0m Requiring driver at C:\Users\sajus\.appium\node_modules\appium-uiautomator2-driver\build\index.js
&amp#27;[38;5;112m[Appium]&amp#27;[0m AndroidUiautomator2Driver has been successfully loaded in 1.087s
&amp#27;[38;5;112m[Appium]&amp#27;[0m Appium REST http interface listener started on http://0.0.0.0:4724
&amp#27;[38;5;112m[Appium]&amp#27;[0m You can provide the following URLs in your client code to connect to this server:
	http://192.168.2.20:4724/
	http://127.0.0.1:4724/ (only accessible from the same host)
&amp#27;[38;5;112m[Appium]&amp#27;[0m Available drivers:
&amp#27;[38;5;112m[Appium]&amp#27;[0m   - uiautomator2@4.2.3 (automationName 'UiAutomator2')
&amp#27;[38;5;112m[Appium]&amp#27;[0m No plugins have been installed. Use the "appium plugin" command to install the one(s) you want to use.
&amp#27;[38;5;86m[HTTP]&amp#27;[0m &amp#27;[37m-->&amp#27;[39m &amp#27;[37mGET&amp#27;[39m &amp#27;[37m/status&amp#27;[39m &amp#27;[90m{}&amp#27;[39m
&amp#27;[38;5;204m[AppiumDriver@f3eb]&amp#27;[0m Calling AppiumDriver.getStatus() with args: []
&amp#27;[38;5;204m[AppiumDriver@f3eb]&amp#27;[0m Responding to client with driver.getStatus() result: {"ready":true,"message":"The server is ready to accept new connections","build":{"version":"2.19.0"}}
Appium server started on port: 4724
&amp#27;[38;5;86m[HTTP]&amp#27;[0m &amp#27;[37m<-- GET /status &amp#27;[39m&amp#27;[32m200&amp#27;[39m &amp#27;[90m6 ms - 111&amp#27;[39m &amp#27;[90m&amp#27;[39m
&amp#27;[38;5;86m[HTTP]&amp#27;[0m Request idempotency key: eca81bd4-a71d-42e0-9f7c-bdde46c71375
&amp#27;[38;5;86m[HTTP]&amp#27;[0m &amp#27;[37m-->&amp#27;[39m &amp#27;[37mPOST&amp#27;[39m &amp#27;[37m/session&amp#27;[39m &amp#27;[90m{"capabilities":{"firstMatch":[{}],"alwaysMatch":{"appium:appActivity":"com.androidsample.generalstore.SplashActivity","appium:appPackage":"com.androidsample.generalstore","appium:automationName":"UiAutomator2","appium:deviceName":"Samsung_Galaxy_S21","appium:noReset":true,"appium:platformVersion":"10.0","appium:systemPort":8201,"appium:udid":"R3CRC00KHBT","platformName":"ANDROID"}}}&amp#27;[39m
&amp#27;[38;5;204m[AppiumDriver@f3eb]&amp#27;[0m Calling AppiumDriver.createSession() with args: [null,null,{"firstMatch":[{}],"alwaysMatch":{"appium:appActivity":"com.androidsample.generalstore.SplashActivity","appium:appPackage":"com.androidsample.generalstore","appium:automationName":"UiAutomator2","appium:deviceName":"Samsung_Galaxy_S21","appium:noReset":true,"appium:platformVersion":"10.0","appium:systemPort":8201,"appium:udid":"R3CRC00KHBT","platformName":"ANDROID"}}]
&amp#27;[38;5;204m[AppiumDriver@f3eb]&amp#27;[0m Event 'newSessionRequested' logged at 1750356236836 (14:03:56 GMT-0400 (Eastern Daylight Saving Time))
&amp#27;[38;5;112m[Appium]&amp#27;[0m Attempting to find matching driver for automationName 'UiAutomator2' and platformName 'ANDROID'
&amp#27;[38;5;112m[Appium]&amp#27;[0m The 'uiautomator2' driver was installed and matched caps.
&amp#27;[38;5;112m[Appium]&amp#27;[0m Will require it at C:\Users\sajus\.appium\node_modules\appium-uiautomator2-driver
&amp#27;[38;5;112m[Appium]&amp#27;[0m Requiring driver at C:\Users\sajus\.appium\node_modules\appium-uiautomator2-driver\build\index.js
&amp#27;[38;5;204m[AppiumDriver@f3eb]&amp#27;[0m Appium v2.19.0 creating new AndroidUiautomator2Driver (v4.2.3) session
&amp#27;[38;5;204m[AppiumDriver@f3eb]&amp#27;[0m Checking BaseDriver versions for Appium and AndroidUiautomator2Driver
&amp#27;[38;5;204m[AppiumDriver@f3eb]&amp#27;[0m Appium's BaseDriver version is 9.18.0
&amp#27;[38;5;204m[AppiumDriver@f3eb]&amp#27;[0m AndroidUiautomator2Driver's BaseDriver version is 9.18.0
&amp#27;[38;5;-168m[AndroidUiautomator2Driver@0d78]&amp#27;[0m 
&amp#27;[38;5;-168m[AndroidUiautomator2Driver@0d78]&amp#27;[0m Creating session with W3C capabilities: {
  "alwaysMatch": {
    "platformName": "ANDROID",
    "appium:appActivity": "com.androidsample.generalstore.SplashActivity",
    "appium:appPackage": "com.androidsample.generalstore",
    "appium:automationName": "UiAutomator2",
    "appium:deviceName": "Samsung_Galaxy_S21",
    "appium:noReset": true,
    "appium:platformVersion": "10.0",
    "appium:systemPort": 8201,
    "appium:udid": "R3CRC00KHBT"
  },
  "firstMatch": [
    {}
  ]
}
&amp#27;[38;5;23m[f9d63b5d]&amp#27;[0m&amp#27;[38;5;-168m[AndroidUiautomator2Driver@0d78]&amp#27;[0m Session created with session id: f9d63b5d-d69c-40fb-8559-179e7a35795b
&amp#27;[38;5;23m[f9d63b5d]&amp#27;[0m&amp#27;[38;5;229m[ADB]&amp#27;[0m Found 3 'build-tools' folders under 'C:\Users\sajus\AppData\Local\Android\Sdk' (newest first):
&amp#27;[38;5;23m[f9d63b5d]&amp#27;[0m&amp#27;[38;5;229m[ADB]&amp#27;[0m     C:\Users\sajus\AppData\Local\Android\Sdk\build-tools\36.0.0
&amp#27;[38;5;23m[f9d63b5d]&amp#27;[0m&amp#27;[38;5;229m[ADB]&amp#27;[0m     C:\Users\sajus\AppData\Local\Android\Sdk\build-tools\35.0.1
&amp#27;[38;5;23m[f9d63b5d]&amp#27;[0m&amp#27;[38;5;229m[ADB]&amp#27;[0m     C:\Users\sajus\AppData\Local\Android\Sdk\build-tools\35.0.0
&amp#27;[38;5;23m[f9d63b5d]&amp#27;[0m&amp#27;[38;5;229m[ADB]&amp#27;[0m Using 'adb.exe' from 'C:\Users\sajus\AppData\Local\Android\Sdk\platform-tools\adb.exe'
&amp#27;[38;5;23m[f9d63b5d]&amp#27;[0m&amp#27;[38;5;229m[ADB]&amp#27;[0m Running 'C:\Users\sajus\AppData\Local\Android\Sdk\platform-tools\adb.exe -P 5037 start-server'
&amp#27;[38;5;23m[f9d63b5d]&amp#27;[0m&amp#27;[38;5;-168m[AndroidUiautomator2Driver@0d78]&amp#27;[0m Retrieving device list
&amp#27;[38;5;23m[f9d63b5d]&amp#27;[0m&amp#27;[38;5;229m[ADB]&amp#27;[0m Trying to find connected Android devices
&amp#27;[38;5;23m[f9d63b5d]&amp#27;[0m&amp#27;[38;5;229m[ADB]&amp#27;[0m Getting connected devices
&amp#27;[38;5;23m[f9d63b5d]&amp#27;[0m&amp#27;[38;5;229m[ADB]&amp#27;[0m Connected devices: [{"udid":"CTLID18120801016","state":"device"}]
&amp#27;[38;5;23m[f9d63b5d]&amp#27;[0m&amp#27;[38;5;-168m[AndroidUiautomator2Driver@0d78]&amp#27;[0m Device R3CRC00KHBT was not in the list of connected devices
&amp#27;[38;5;23m[f9d63b5d]&amp#27;[0m&amp#27;[38;5;-168m[AndroidUiautomator2Driver@0d78]&amp#27;[0m Deleting UiAutomator2 session
&amp#27;[38;5;23m[f9d63b5d]&amp#27;[0m&amp#27;[38;5;204m[AppiumDriver@f3eb]&amp#27;[0m Event 'newSessionStarted' logged at 1750356237014 (14:03:57 GMT-0400 (Eastern Daylight Saving Time))
&amp#27;[38;5;23m[f9d63b5d]&amp#27;[0m&amp#27;[38;5;204m[AppiumDriver@f3eb]&amp#27;[0m Encountered internal error running command: Error: Device R3CRC00KHBT was not in the list of connected devices
    at Object.errorWithException (C:\Users\JenkinsUser\AppData\Roaming\npm\node_modules\appium\node_modules\@appium\support\lib\logging.js:41:45)
    at AndroidUiautomator2Driver.getDeviceInfoFromCaps (C:\Users\sajus\.appium\node_modules\appium-uiautomator2-driver\node_modules\appium-android-driver\lib\commands\device\common.js:46:24)
    at AndroidUiautomator2Driver.createSession (C:\Users\sajus\.appium\node_modules\appium-uiautomator2-driver\lib\driver.ts:357:30)
    at AppiumDriver.createSession (C:\Users\JenkinsUser\AppData\Roaming\npm\node_modules\appium\lib\appium.js:379:35)
&amp#27;[38;5;23m[f9d63b5d]&amp#27;[0m&amp#27;[38;5;86m[HTTP]&amp#27;[0m &amp#27;[37m<-- POST /session &amp#27;[39m&amp#27;[31m500&amp#27;[39m &amp#27;[90m219 ms - 696&amp#27;[39m &amp#27;[90m&amp#27;[39m
]]></system-out>
  </testcase>
  <testcase name="ThirdCase" classname="org.testCase.TestCase3" time="0">
    <skipped message="Could not start a new session. Response code 500. Message: An unknown server-side error occurred while processing the command. Original error: Device R3CRC00KHBT was not in the list of connected devices &#10;Host info: host: &apos;ELSA&apos;, ip: &apos;192.168.2.20&apos;&#10;Build info: version: &apos;4.33.0&apos;, revision: &apos;2c6aaad03a&apos;&#10;System info: os.name: &apos;Windows 11&apos;, os.arch: &apos;amd64&apos;, os.version: &apos;10.0&apos;, java.version: &apos;11.0.26&apos;&#10;Driver info: io.appium.java_client.android.AndroidDriver&#10;Command: [null, newSession {capabilities=[{appium:appActivity=com.androidsample.generalstore.SplashActivity, appium:appPackage=com.androidsample.generalstore, appium:automationName=UiAutomator2, appium:deviceName=Samsung_Galaxy_S21, appium:noReset=true, platformName=ANDROID, appium:platformVersion=10.0, appium:systemPort=8201, appium:udid=R3CRC00KHBT}], desiredCapabilities=Capabilities {appActivity: com.androidsample.generalst..., appPackage: com.androidsample.generalstore, automationName: UiAutomator2, deviceName: Samsung_Galaxy_S21, noReset: true, platformName: ANDROID, platformVersion: 10.0, systemPort: 8201, udid: R3CRC00KHBT}}]&#10;Capabilities {appActivity: com.androidsample.generalst..., appPackage: com.androidsample.generalstore, automationName: UiAutomator2, deviceName: Samsung_Galaxy_S21, noReset: true, platformName: ANDROID, platformVersion: 10.0, systemPort: 8201, udid: R3CRC00KHBT}"/>
  </testcase>
  <testcase name="ThirdCase" classname="org.testCase.TestCase3" time="29.002">
    <system-out><![CDATA[&amp#27;[38;5;20m[20f193de]&amp#27;[0m&amp#27;[38;5;86m[HTTP]&amp#27;[0m &amp#27;[37m-->&amp#27;[39m &amp#27;[37mPOST&amp#27;[39m &amp#27;[37m/session/20f193de-fda8-48bd-8393-53df76ef7a99/execute/sync&amp#27;[39m &amp#27;[90m{"script":"mobile: isAppInstalled","args":[{"bundleId":"com.androidsample.generalstore","appId":"com.androidsample.generalstore"}]}&amp#27;[39m
&amp#27;[38;5;20m[20f193de]&amp#27;[0m&amp#27;[38;5;-119m[AndroidUiautomator2Driver@ddc5]&amp#27;[0m Calling AppiumDriver.execute() with args: ["mobile: isAppInstalled",[{"bundleId":"com.androidsample.generalstore","appId":"com.androidsample.generalstore"}],"20f193de-fda8-48bd-8393-53df76ef7a99"]
&amp#27;[38;5;20m[20f193de]&amp#27;[0m&amp#27;[38;5;123m[BaseDriver]&amp#27;[0m The following script arguments are not known and will be ignored: bundleId
&amp#27;[38;5;20m[20f193de]&amp#27;[0m&amp#27;[38;5;229m[ADB]&amp#27;[0m Getting install status for com.androidsample.generalstore
&amp#27;[38;5;20m[20f193de]&amp#27;[0m&amp#27;[38;5;229m[ADB]&amp#27;[0m Running 'C:\Users\sajus\AppData\Local\Android\Sdk\platform-tools\adb.exe -P 5037 -s CTLID18120801016 shell cmd package list packages'
&amp#27;[38;5;20m[20f193de]&amp#27;[0m&amp#27;[38;5;229m[ADB]&amp#27;[0m 'com.androidsample.generalstore' is installed
&amp#27;[38;5;20m[20f193de]&amp#27;[0m&amp#27;[38;5;-119m[AndroidUiautomator2Driver@ddc5]&amp#27;[0m Responding to client with driver.execute() result: true
&amp#27;[38;5;20m[20f193de]&amp#27;[0m&amp#27;[38;5;86m[HTTP]&amp#27;[0m &amp#27;[37m<-- POST /session/20f193de-fda8-48bd-8393-53df76ef7a99/execute/sync &amp#27;[39m&amp#27;[32m200&amp#27;[39m &amp#27;[90m583 ms - 14&amp#27;[39m &amp#27;[90m&amp#27;[39m
&amp#27;[38;5;20m[20f193de]&amp#27;[0m&amp#27;[38;5;86m[HTTP]&amp#27;[0m &amp#27;[37m-->&amp#27;[39m &amp#27;[37mPOST&amp#27;[39m &amp#27;[37m/session/20f193de-fda8-48bd-8393-53df76ef7a99/execute/sync&amp#27;[39m &amp#27;[90m{"script":"mobile: terminateApp","args":[{"bundleId":"com.androidsample.generalstore","appId":"com.androidsample.generalstore"}]}&amp#27;[39m
&amp#27;[38;5;20m[20f193de]&amp#27;[0m&amp#27;[38;5;-119m[AndroidUiautomator2Driver@ddc5]&amp#27;[0m Calling AppiumDriver.execute() with args: ["mobile: terminateApp",[{"bundleId":"com.androidsample.generalstore","appId":"com.androidsample.generalstore"}],"20f193de-fda8-48bd-8393-53df76ef7a99"]
&amp#27;[38;5;20m[20f193de]&amp#27;[0m&amp#27;[38;5;123m[BaseDriver]&amp#27;[0m The following script arguments are not known and will be ignored: bundleId
&amp#27;[38;5;20m[20f193de]&amp#27;[0m&amp#27;[38;5;-119m[AndroidUiautomator2Driver@ddc5]&amp#27;[0m Terminating 'com.androidsample.generalstore'
&amp#27;[38;5;20m[20f193de]&amp#27;[0m&amp#27;[38;5;229m[ADB]&amp#27;[0m Getting IDs of all 'com.androidsample.generalstore' processes
&amp#27;[38;5;20m[20f193de]&amp#27;[0m&amp#27;[38;5;229m[ADB]&amp#27;[0m Running 'C:\Users\sajus\AppData\Local\Android\Sdk\platform-tools\adb.exe -P 5037 -s CTLID18120801016 shell pgrep -f \(\[\[:blank:\]\]\|\^\)com\.androidsample\.generalstore\(:\[a-zA-Z0-9_-\]\+\)\?\(\[\[:blank:\]\]\|\$\)'
&amp#27;[38;5;20m[20f193de]&amp#27;[0m&amp#27;[38;5;229m[ADB]&amp#27;[0m Running 'C:\Users\sajus\AppData\Local\Android\Sdk\platform-tools\adb.exe -P 5037 -s CTLID18120801016 shell am force-stop com.androidsample.generalstore'
&amp#27;[38;5;20m[20f193de]&amp#27;[0m&amp#27;[38;5;-119m[AndroidUiautomator2Driver@ddc5]&amp#27;[0m Querying the state of 'com.androidsample.generalstore'
&amp#27;[38;5;20m[20f193de]&amp#27;[0m&amp#27;[38;5;229m[ADB]&amp#27;[0m Getting install status for com.androidsample.generalstore
&amp#27;[38;5;20m[20f193de]&amp#27;[0m&amp#27;[38;5;229m[ADB]&amp#27;[0m Running 'C:\Users\sajus\AppData\Local\Android\Sdk\platform-tools\adb.exe -P 5037 -s CTLID18120801016 shell cmd package list packages'
&amp#27;[38;5;20m[20f193de]&amp#27;[0m&amp#27;[38;5;229m[ADB]&amp#27;[0m 'com.androidsample.generalstore' is installed
&amp#27;[38;5;20m[20f193de]&amp#27;[0m&amp#27;[38;5;229m[ADB]&amp#27;[0m Getting IDs of all 'com.androidsample.generalstore' processes
&amp#27;[38;5;20m[20f193de]&amp#27;[0m&amp#27;[38;5;229m[ADB]&amp#27;[0m Running 'C:\Users\sajus\AppData\Local\Android\Sdk\platform-tools\adb.exe -P 5037 -s CTLID18120801016 shell pgrep -f \(\[\[:blank:\]\]\|\^\)com\.androidsample\.generalstore\(:\[a-zA-Z0-9_-\]\+\)\?\(\[\[:blank:\]\]\|\$\)'
&amp#27;[38;5;20m[20f193de]&amp#27;[0m&amp#27;[38;5;-119m[AndroidUiautomator2Driver@ddc5]&amp#27;[0m 'com.androidsample.generalstore' has been successfully terminated
&amp#27;[38;5;20m[20f193de]&amp#27;[0m&amp#27;[38;5;-119m[AndroidUiautomator2Driver@ddc5]&amp#27;[0m Responding to client with driver.execute() result: true
&amp#27;[38;5;20m[20f193de]&amp#27;[0m&amp#27;[38;5;86m[HTTP]&amp#27;[0m &amp#27;[37m<-- POST /session/20f193de-fda8-48bd-8393-53df76ef7a99/execute/sync &amp#27;[39m&amp#27;[32m200&amp#27;[39m &amp#27;[90m1115 ms - 14&amp#27;[39m &amp#27;[90m&amp#27;[39m
🛑 App terminated: com.androidsample.generalstore
&amp#27;[38;5;20m[20f193de]&amp#27;[0m&amp#27;[38;5;86m[HTTP]&amp#27;[0m &amp#27;[37m-->&amp#27;[39m &amp#27;[37mDELETE&amp#27;[39m &amp#27;[37m/session/20f193de-fda8-48bd-8393-53df76ef7a99&amp#27;[39m &amp#27;[90m{}&amp#27;[39m
&amp#27;[38;5;20m[20f193de]&amp#27;[0m&amp#27;[38;5;-119m[AndroidUiautomator2Driver@ddc5]&amp#27;[0m Calling AppiumDriver.deleteSession() with args: ["20f193de-fda8-48bd-8393-53df76ef7a99"]
&amp#27;[38;5;20m[20f193de]&amp#27;[0m&amp#27;[38;5;54m[AppiumDriver@06b4]&amp#27;[0m Event 'quitSessionRequested' logged at 1750356282074 (14:04:42 GMT-0400 (Eastern Daylight Saving Time))
&amp#27;[38;5;20m[20f193de]&amp#27;[0m&amp#27;[38;5;54m[AppiumDriver@06b4]&amp#27;[0m Removing session 20f193de-fda8-48bd-8393-53df76ef7a99 from our master session list
&amp#27;[38;5;20m[20f193de]&amp#27;[0m&amp#27;[38;5;-119m[AndroidUiautomator2Driver@ddc5]&amp#27;[0m Deleting UiAutomator2 session
&amp#27;[38;5;20m[20f193de]&amp#27;[0m&amp#27;[38;5;-119m[AndroidUiautomator2Driver@ddc5]&amp#27;[0m Deleting UiAutomator2 server session
&amp#27;[38;5;20m[20f193de]&amp#27;[0m&amp#27;[38;5;-119m[AndroidUiautomator2Driver@ddc5]&amp#27;[0m Proxying [DELETE /] to [DELETE http://127.0.0.1:8202/session/a97c70fa-db6f-41aa-a7df-6d29a9adbb2c] with no body
&amp#27;[38;5;20m[20f193de]&amp#27;[0m&amp#27;[38;5;-119m[AndroidUiautomator2Driver@ddc5]&amp#27;[0m Got response with status 200: {"sessionId":"a97c70fa-db6f-41aa-a7df-6d29a9adbb2c","value":null}
&amp#27;[38;5;20m[20f193de]&amp#27;[0m&amp#27;[38;5;229m[ADB]&amp#27;[0m Getting IDs of all 'io.appium.uiautomator2.server' processes
&amp#27;[38;5;20m[20f193de]&amp#27;[0m&amp#27;[38;5;229m[ADB]&amp#27;[0m Running 'C:\Users\sajus\AppData\Local\Android\Sdk\platform-tools\adb.exe -P 5037 -s CTLID18120801016 shell pgrep -f \(\[\[:blank:\]\]\|\^\)io\.appium\.uiautomator2\.server\(:\[a-zA-Z0-9_-\]\+\)\?\(\[\[:blank:\]\]\|\$\)'
&amp#27;[38;5;20m[20f193de]&amp#27;[0m&amp#27;[38;5;-119m[AndroidUiautomator2Driver@ddc5]&amp#27;[0m [Instrumentation] io.appium.uiautomator2.server.test.AppiumUiAutomator2Server:.
&amp#27;[38;5;20m[20f193de]&amp#27;[0m&amp#27;[38;5;-119m[AndroidUiautomator2Driver@ddc5]&amp#27;[0m [Instrumentation] 
&amp#27;[38;5;20m[20f193de]&amp#27;[0m&amp#27;[38;5;-119m[AndroidUiautomator2Driver@ddc5]&amp#27;[0m [Instrumentation] Time: 24.273
&amp#27;[38;5;20m[20f193de]&amp#27;[0m&amp#27;[38;5;-119m[AndroidUiautomator2Driver@ddc5]&amp#27;[0m [Instrumentation] 
&amp#27;[38;5;20m[20f193de]&amp#27;[0m&amp#27;[38;5;-119m[AndroidUiautomator2Driver@ddc5]&amp#27;[0m [Instrumentation] OK (1 test)
&amp#27;[38;5;20m[20f193de]&amp#27;[0m&amp#27;[38;5;-119m[AndroidUiautomator2Driver@ddc5]&amp#27;[0m [Instrumentation] 
&amp#27;[38;5;20m[20f193de]&amp#27;[0m&amp#27;[38;5;-119m[AndroidUiautomator2Driver@ddc5]&amp#27;[0m [Instrumentation] 
&amp#27;[38;5;20m[20f193de]&amp#27;[0m&amp#27;[38;5;-119m[AndroidUiautomator2Driver@ddc5]&amp#27;[0m [Instrumentation] The process has exited with code null, signal SIGTERM
&amp#27;[38;5;20m[20f193de]&amp#27;[0m&amp#27;[38;5;229m[ADB]&amp#27;[0m Running 'C:\Users\sajus\AppData\Local\Android\Sdk\platform-tools\adb.exe -P 5037 -s CTLID18120801016 shell am force-stop io.appium.uiautomator2.server'
&amp#27;[38;5;20m[20f193de]&amp#27;[0m&amp#27;[38;5;229m[ADB]&amp#27;[0m Running 'C:\Users\sajus\AppData\Local\Android\Sdk\platform-tools\adb.exe -P 5037 -s CTLID18120801016 shell am force-stop io.appium.uiautomator2.server.test'
&amp#27;[38;5;20m[20f193de]&amp#27;[0m&amp#27;[38;5;229m[ADB]&amp#27;[0m Running 'C:\Users\sajus\AppData\Local\Android\Sdk\platform-tools\adb.exe -P 5037 -s CTLID18120801016 shell dumpsys activity services io.appium.settings/.recorder.RecorderService'
&amp#27;[38;5;20m[20f193de]&amp#27;[0m&amp#27;[38;5;229m[ADB]&amp#27;[0m Removing forwarded port socket connection: 8202 
&amp#27;[38;5;20m[20f193de]&amp#27;[0m&amp#27;[38;5;229m[ADB]&amp#27;[0m Running 'C:\Users\sajus\AppData\Local\Android\Sdk\platform-tools\adb.exe -P 5037 -s CTLID18120801016 forward --remove tcp:8202'
&amp#27;[38;5;20m[20f193de]&amp#27;[0m&amp#27;[38;5;-119m[AndroidUiautomator2Driver@ddc5]&amp#27;[0m Restoring hidden api policy to the device default configuration
&amp#27;[38;5;20m[20f193de]&amp#27;[0m&amp#27;[38;5;229m[ADB]&amp#27;[0m Running 'C:\Users\sajus\AppData\Local\Android\Sdk\platform-tools\adb.exe -P 5037 -s CTLID18120801016 shell 'settings delete global hidden_api_policy_pre_p_apps;settings delete global hidden_api_policy_p_apps;settings delete global hidden_api_policy''
&amp#27;[38;5;20m[20f193de]&amp#27;[0m&amp#27;[38;5;160m[Logcat]&amp#27;[0m Stopping logcat capture
&amp#27;[38;5;20m[20f193de]&amp#27;[0m&amp#27;[38;5;54m[AppiumDriver@06b4]&amp#27;[0m Event 'quitSessionFinished' logged at 1750356283105 (14:04:43 GMT-0400 (Eastern Daylight Saving Time))
&amp#27;[38;5;20m[20f193de]&amp#27;[0m&amp#27;[38;5;54m[AppiumDriver@06b4]&amp#27;[0m Received response: null
&amp#27;[38;5;20m[20f193de]&amp#27;[0m&amp#27;[38;5;54m[AppiumDriver@06b4]&amp#27;[0m But deleting session, so not returning
&amp#27;[38;5;20m[20f193de]&amp#27;[0m&amp#27;[38;5;54m[AppiumDriver@06b4]&amp#27;[0m Responding to client with driver.deleteSession() result: null
&amp#27;[38;5;20m[20f193de]&amp#27;[0m&amp#27;[38;5;86m[HTTP]&amp#27;[0m &amp#27;[37m<-- DELETE /session/20f193de-fda8-48bd-8393-53df76ef7a99 &amp#27;[39m&amp#27;[32m200&amp#27;[39m &amp#27;[90m1035 ms - 14&amp#27;[39m &amp#27;[90m&amp#27;[39m
&amp#27;[38;5;86m[HTTP]&amp#27;[0m &amp#27;[37m-->&amp#27;[39m &amp#27;[37mGET&amp#27;[39m &amp#27;[37m/status&amp#27;[39m &amp#27;[90m{}&amp#27;[39m
&amp#27;[38;5;54m[AppiumDriver@06b4]&amp#27;[0m Calling AppiumDriver.getStatus() with args: []
&amp#27;[38;5;54m[AppiumDriver@06b4]&amp#27;[0m Responding to client with driver.getStatus() result: {"ready":true,"message":"The server is ready to accept new connections","build":{"version":"2.19.0"}}
&amp#27;[38;5;86m[HTTP]&amp#27;[0m &amp#27;[37m<-- GET /status &amp#27;[39m&amp#27;[32m200&amp#27;[39m &amp#27;[90m1 ms - 111&amp#27;[39m &amp#27;[90m&amp#27;[39m
Appium server stopped
✅ Test completed for device: Nokia
&amp#27;[38;5;112m[Appium]&amp#27;[0m Welcome to Appium v2.19.0
&amp#27;[38;5;112m[Appium]&amp#27;[0m The autodetected Appium home path: C:\Users\sajus\.appium
&amp#27;[38;5;112m[Appium]&amp#27;[0m Attempting to load driver uiautomator2...
&amp#27;[38;5;112m[Appium]&amp#27;[0m Requiring driver at C:\Users\sajus\.appium\node_modules\appium-uiautomator2-driver\build\index.js
&amp#27;[38;5;112m[Appium]&amp#27;[0m AndroidUiautomator2Driver has been successfully loaded in 2.636s
&amp#27;[38;5;112m[Appium]&amp#27;[0m Appium REST http interface listener started on http://0.0.0.0:4723
&amp#27;[38;5;112m[Appium]&amp#27;[0m You can provide the following URLs in your client code to connect to this server:
	http://192.168.2.20:4723/
	http://127.0.0.1:4723/ (only accessible from the same host)
&amp#27;[38;5;112m[Appium]&amp#27;[0m Available drivers:
&amp#27;[38;5;112m[Appium]&amp#27;[0m   - uiautomator2@4.2.3 (automationName 'UiAutomator2')
&amp#27;[38;5;112m[Appium]&amp#27;[0m No plugins have been installed. Use the "appium plugin" command to install the one(s) you want to use.
&amp#27;[38;5;86m[HTTP]&amp#27;[0m &amp#27;[37m-->&amp#27;[39m &amp#27;[37mGET&amp#27;[39m &amp#27;[37m/status&amp#27;[39m &amp#27;[90m{}&amp#27;[39m
&amp#27;[38;5;91m[AppiumDriver@3813]&amp#27;[0m Calling AppiumDriver.getStatus() with args: []
&amp#27;[38;5;91m[AppiumDriver@3813]&amp#27;[0m Responding to client with driver.getStatus() result: {"ready":true,"message":"The server is ready to accept new connections","build":{"version":"2.19.0"}}
Appium server started on port: 4723
&amp#27;[38;5;86m[HTTP]&amp#27;[0m &amp#27;[37m<-- GET /status &amp#27;[39m&amp#27;[32m200&amp#27;[39m &amp#27;[90m44 ms - 111&amp#27;[39m &amp#27;[90m&amp#27;[39m
&amp#27;[38;5;86m[HTTP]&amp#27;[0m Request idempotency key: dd9a8456-352b-4af0-9b7b-4d8618d1bba2
&amp#27;[38;5;86m[HTTP]&amp#27;[0m &amp#27;[37m-->&amp#27;[39m &amp#27;[37mPOST&amp#27;[39m &amp#27;[37m/session&amp#27;[39m &amp#27;[90m{"capabilities":{"firstMatch":[{}],"alwaysMatch":{"appium:appActivity":"com.androidsample.generalstore.SplashActivity","appium:appPackage":"com.androidsample.generalstore","appium:automationName":"UiAutomator2","appium:deviceName":"Nokia","appium:noReset":true,"appium:platformVersion":"11.0","appium:systemPort":8202,"appium:udid":"CTLID18120801016","platformName":"ANDROID"}}}&amp#27;[39m
&amp#27;[38;5;91m[AppiumDriver@3813]&amp#27;[0m Calling AppiumDriver.createSession() with args: [null,null,{"firstMatch":[{}],"alwaysMatch":{"appium:appActivity":"com.androidsample.generalstore.SplashActivity","appium:appPackage":"com.androidsample.generalstore","appium:automationName":"UiAutomator2","appium:deviceName":"Nokia","appium:noReset":true,"appium:platformVersion":"11.0","appium:systemPort":8202,"appium:udid":"CTLID18120801016","platformName":"ANDROID"}}]
&amp#27;[38;5;91m[AppiumDriver@3813]&amp#27;[0m Event 'newSessionRequested' logged at 1750356294291 (14:04:54 GMT-0400 (Eastern Daylight Saving Time))
&amp#27;[38;5;112m[Appium]&amp#27;[0m Attempting to find matching driver for automationName 'UiAutomator2' and platformName 'ANDROID'
&amp#27;[38;5;112m[Appium]&amp#27;[0m The 'uiautomator2' driver was installed and matched caps.
&amp#27;[38;5;112m[Appium]&amp#27;[0m Will require it at C:\Users\sajus\.appium\node_modules\appium-uiautomator2-driver
&amp#27;[38;5;112m[Appium]&amp#27;[0m Requiring driver at C:\Users\sajus\.appium\node_modules\appium-uiautomator2-driver\build\index.js
&amp#27;[38;5;91m[AppiumDriver@3813]&amp#27;[0m Appium v2.19.0 creating new AndroidUiautomator2Driver (v4.2.3) session
&amp#27;[38;5;91m[AppiumDriver@3813]&amp#27;[0m Checking BaseDriver versions for Appium and AndroidUiautomator2Driver
&amp#27;[38;5;91m[AppiumDriver@3813]&amp#27;[0m Appium's BaseDriver version is 9.18.0
&amp#27;[38;5;91m[AppiumDriver@3813]&amp#27;[0m AndroidUiautomator2Driver's BaseDriver version is 9.18.0
&amp#27;[38;5;-137m[AndroidUiautomator2Driver@896a]&amp#27;[0m 
&amp#27;[38;5;-137m[AndroidUiautomator2Driver@896a]&amp#27;[0m Creating session with W3C capabilities: {
  "alwaysMatch": {
    "platformName": "ANDROID",
    "appium:appActivity": "com.androidsample.generalstore.SplashActivity",
    "appium:appPackage": "com.androidsample.generalstore",
    "appium:automationName": "UiAutomator2",
    "appium:deviceName": "Nokia",
    "appium:noReset": true,
    "appium:platformVersion": "11.0",
    "appium:systemPort": 8202,
    "appium:udid": "CTLID18120801016"
  },
  "firstMatch": [
    {}
  ]
}
&amp#27;[38;5;150m[38c6d4a9]&amp#27;[0m&amp#27;[38;5;-137m[AndroidUiautomator2Driver@896a]&amp#27;[0m Session created with session id: 38c6d4a9-c84c-4a4b-8a1b-6bd8075dc307
&amp#27;[38;5;150m[38c6d4a9]&amp#27;[0m&amp#27;[38;5;229m[ADB]&amp#27;[0m Found 3 'build-tools' folders under 'C:\Users\sajus\AppData\Local\Android\Sdk' (newest first):
&amp#27;[38;5;150m[38c6d4a9]&amp#27;[0m&amp#27;[38;5;229m[ADB]&amp#27;[0m     C:\Users\sajus\AppData\Local\Android\Sdk\build-tools\36.0.0
&amp#27;[38;5;150m[38c6d4a9]&amp#27;[0m&amp#27;[38;5;229m[ADB]&amp#27;[0m     C:\Users\sajus\AppData\Local\Android\Sdk\build-tools\35.0.1
&amp#27;[38;5;150m[38c6d4a9]&amp#27;[0m&amp#27;[38;5;229m[ADB]&amp#27;[0m     C:\Users\sajus\AppData\Local\Android\Sdk\build-tools\35.0.0
&amp#27;[38;5;150m[38c6d4a9]&amp#27;[0m&amp#27;[38;5;229m[ADB]&amp#27;[0m Using 'adb.exe' from 'C:\Users\sajus\AppData\Local\Android\Sdk\platform-tools\adb.exe'
&amp#27;[38;5;150m[38c6d4a9]&amp#27;[0m&amp#27;[38;5;229m[ADB]&amp#27;[0m Running 'C:\Users\sajus\AppData\Local\Android\Sdk\platform-tools\adb.exe -P 5037 start-server'
&amp#27;[38;5;150m[38c6d4a9]&amp#27;[0m&amp#27;[38;5;-137m[AndroidUiautomator2Driver@896a]&amp#27;[0m Retrieving device list
&amp#27;[38;5;150m[38c6d4a9]&amp#27;[0m&amp#27;[38;5;229m[ADB]&amp#27;[0m Trying to find connected Android devices
&amp#27;[38;5;150m[38c6d4a9]&amp#27;[0m&amp#27;[38;5;229m[ADB]&amp#27;[0m Getting connected devices
&amp#27;[38;5;150m[38c6d4a9]&amp#27;[0m&amp#27;[38;5;229m[ADB]&amp#27;[0m Connected devices: [{"udid":"CTLID18120801016","state":"device"}]
&amp#27;[38;5;150m[38c6d4a9]&amp#27;[0m&amp#27;[38;5;-137m[AndroidUiautomator2Driver@896a]&amp#27;[0m Using device: CTLID18120801016
&amp#27;[38;5;150m[38c6d4a9]&amp#27;[0m&amp#27;[38;5;229m[ADB]&amp#27;[0m Using 'adb.exe' from 'C:\Users\sajus\AppData\Local\Android\Sdk\platform-tools\adb.exe'
&amp#27;[38;5;150m[38c6d4a9]&amp#27;[0m&amp#27;[38;5;229m[ADB]&amp#27;[0m Running 'C:\Users\sajus\AppData\Local\Android\Sdk\platform-tools\adb.exe -P 5037 start-server'
&amp#27;[38;5;150m[38c6d4a9]&amp#27;[0m&amp#27;[38;5;229m[ADB]&amp#27;[0m Setting device id to CTLID18120801016
&amp#27;[38;5;150m[38c6d4a9]&amp#27;[0m&amp#27;[38;5;-137m[AndroidUiautomator2Driver@896a]&amp#27;[0m Starting 'com.androidsample.generalstore' directly on the device
&amp#27;[38;5;150m[38c6d4a9]&amp#27;[0m&amp#27;[38;5;229m[ADB]&amp#27;[0m Running 'C:\Users\sajus\AppData\Local\Android\Sdk\platform-tools\adb.exe -P 5037 -s CTLID18120801016 shell getprop ro.build.version.sdk'
&amp#27;[38;5;150m[38c6d4a9]&amp#27;[0m&amp#27;[38;5;229m[ADB]&amp#27;[0m Current device property 'ro.build.version.sdk': 29
&amp#27;[38;5;150m[38c6d4a9]&amp#27;[0m&amp#27;[38;5;229m[ADB]&amp#27;[0m Getting device platform version
&amp#27;[38;5;150m[38c6d4a9]&amp#27;[0m&amp#27;[38;5;229m[ADB]&amp#27;[0m Running 'C:\Users\sajus\AppData\Local\Android\Sdk\platform-tools\adb.exe -P 5037 -s CTLID18120801016 shell getprop ro.build.version.release'
&amp#27;[38;5;150m[38c6d4a9]&amp#27;[0m&amp#27;[38;5;229m[ADB]&amp#27;[0m Current device property 'ro.build.version.release': 10
&amp#27;[38;5;150m[38c6d4a9]&amp#27;[0m&amp#27;[38;5;229m[ADB]&amp#27;[0m Device API level: 29
&amp#27;[38;5;150m[38c6d4a9]&amp#27;[0m&amp#27;[38;5;-137m[AndroidUiautomator2Driver@896a]&amp#27;[0m Relaxing hidden api policy
&amp#27;[38;5;150m[38c6d4a9]&amp#27;[0m&amp#27;[38;5;229m[ADB]&amp#27;[0m Running 'C:\Users\sajus\AppData\Local\Android\Sdk\platform-tools\adb.exe -P 5037 -s CTLID18120801016 shell 'settings put global hidden_api_policy_pre_p_apps 1;settings put global hidden_api_policy_p_apps 1;settings put global hidden_api_policy 1''
&amp#27;[38;5;150m[38c6d4a9]&amp#27;[0m&amp#27;[38;5;-137m[AndroidUiautomator2Driver@896a]&amp#27;[0m Pushing settings apk to the device...
&amp#27;[38;5;150m[38c6d4a9]&amp#27;[0m&amp#27;[38;5;229m[ADB]&amp#27;[0m Getting package info for 'io.appium.settings'
&amp#27;[38;5;150m[38c6d4a9]&amp#27;[0m&amp#27;[38;5;229m[ADB]&amp#27;[0m Running 'C:\Users\sajus\AppData\Local\Android\Sdk\platform-tools\adb.exe -P 5037 -s CTLID18120801016 shell dumpsys package io.appium.settings'
&amp#27;[38;5;150m[38c6d4a9]&amp#27;[0m&amp#27;[38;5;229m[ADB]&amp#27;[0m Using 'aapt2.exe' from 'C:\Users\sajus\AppData\Local\Android\Sdk\build-tools\36.0.0\aapt2.exe'
&amp#27;[38;5;150m[38c6d4a9]&amp#27;[0m&amp#27;[38;5;229m[ADB]&amp#27;[0m Reading package manifest: 'C:\\Users\\sajus\\AppData\\Local\\Android\\Sdk\\build-tools\\36.0.0\\aapt2.exe dump badging C:\\Users\\sajus\\.appium\\node_modules\\appium-uiautomator2-driver\\node_modules\\io.appium.settings\\apks\\settings_apk-debug.apk'
&amp#27;[38;5;150m[38c6d4a9]&amp#27;[0m&amp#27;[38;5;229m[ADB]&amp#27;[0m The version name of the installed 'io.appium.settings' is greater or equal to the application version name ('5.14.8' >= '5.14.8')
&amp#27;[38;5;150m[38c6d4a9]&amp#27;[0m&amp#27;[38;5;229m[ADB]&amp#27;[0m There is no need to install/upgrade 'C:\Users\sajus\.appium\node_modules\appium-uiautomator2-driver\node_modules\io.appium.settings\apks\settings_apk-debug.apk'
&amp#27;[38;5;150m[38c6d4a9]&amp#27;[0m&amp#27;[38;5;229m[ADB]&amp#27;[0m Running 'C:\Users\sajus\AppData\Local\Android\Sdk\platform-tools\adb.exe -P 5037 -s CTLID18120801016 shell dumpsys activity services io.appium.settings'
&amp#27;[38;5;150m[38c6d4a9]&amp#27;[0m&amp#27;[38;5;-137m[AndroidUiautomator2Driver@896a]&amp#27;[0m io.appium.settings is already running. There is no need to reset its permissions.
&amp#27;[38;5;150m[38c6d4a9]&amp#27;[0m&amp#27;[38;5;160m[Logcat]&amp#27;[0m Starting logs capture with command: C:\\Users\\sajus\\AppData\\Local\\Android\\Sdk\\platform-tools\\adb.exe -P 5037 -s CTLID18120801016 logcat -v threadtime
&amp#27;[38;5;150m[38c6d4a9]&amp#27;[0m&amp#27;[38;5;229m[ADB]&amp#27;[0m Running 'C:\Users\sajus\AppData\Local\Android\Sdk\platform-tools\adb.exe -P 5037 -s CTLID18120801016 shell appops set io.appium.settings android:mock_location allow'
&amp#27;[38;5;150m[38c6d4a9]&amp#27;[0m&amp#27;[38;5;229m[ADB]&amp#27;[0m Running 'C:\Users\sajus\AppData\Local\Android\Sdk\platform-tools\adb.exe -P 5037 -s CTLID18120801016 shell "[ -e '/data/local/tmp/mock_apps.json' ] && echo __PASS__"'
&amp#27;[38;5;150m[38c6d4a9]&amp#27;[0m&amp#27;[38;5;229m[ADB]&amp#27;[0m Running 'C:\Users\sajus\AppData\Local\Android\Sdk\platform-tools\adb.exe -P 5037 -s CTLID18120801016 shell cat /data/local/tmp/mock_apps.json'
&amp#27;[38;5;150m[38c6d4a9]&amp#27;[0m&amp#27;[38;5;-137m[AndroidUiautomator2Driver@896a]&amp#27;[0m Forwarding UiAutomator2 Server port 6790 to local port 8202
&amp#27;[38;5;150m[38c6d4a9]&amp#27;[0m&amp#27;[38;5;229m[ADB]&amp#27;[0m Forwarding system: 8202 to device: 6790
&amp#27;[38;5;150m[38c6d4a9]&amp#27;[0m&amp#27;[38;5;229m[ADB]&amp#27;[0m Running 'C:\Users\sajus\AppData\Local\Android\Sdk\platform-tools\adb.exe -P 5037 -s CTLID18120801016 forward tcp:8202 tcp:6790'
&amp#27;[38;5;150m[38c6d4a9]&amp#27;[0m&amp#27;[38;5;-137m[AndroidUiautomator2Driver@896a]&amp#27;[0m UIA2Proxy options: {"server":"127.0.0.1","port":8202,"keepAlive":true,"scheme":"http","base":"","reqBasePath":"","sessionId":null,"timeout":240000}
&amp#27;[38;5;150m[38c6d4a9]&amp#27;[0m&amp#27;[38;5;229m[ADB]&amp#27;[0m Getting package info for 'io.appium.uiautomator2.server'
&amp#27;[38;5;150m[38c6d4a9]&amp#27;[0m&amp#27;[38;5;229m[ADB]&amp#27;[0m Running 'C:\Users\sajus\AppData\Local\Android\Sdk\platform-tools\adb.exe -P 5037 -s CTLID18120801016 shell dumpsys package io.appium.uiautomator2.server'
&amp#27;[38;5;150m[38c6d4a9]&amp#27;[0m&amp#27;[38;5;229m[ADB]&amp#27;[0m Getting install status for io.appium.uiautomator2.server.test
&amp#27;[38;5;150m[38c6d4a9]&amp#27;[0m&amp#27;[38;5;-137m[AndroidUiautomator2Driver@896a]&amp#27;[0m No app capability. Assuming it is already on the device
&amp#27;[38;5;150m[38c6d4a9]&amp#27;[0m&amp#27;[38;5;229m[ADB]&amp#27;[0m Running 'C:\Users\sajus\AppData\Local\Android\Sdk\platform-tools\adb.exe -P 5037 -s CTLID18120801016 shell cmd package list packages'
&amp#27;[38;5;150m[38c6d4a9]&amp#27;[0m&amp#27;[38;5;229m[ADB]&amp#27;[0m Reading package manifest: 'C:\\Users\\sajus\\AppData\\Local\\Android\\Sdk\\build-tools\\36.0.0\\aapt2.exe dump badging C:\\Users\\sajus\\.appium\\node_modules\\appium-uiautomator2-driver\\node_modules\\appium-uiautomator2-server\\apks\\appium-uiautomator2-server-v7.5.2.apk'
&amp#27;[38;5;150m[38c6d4a9]&amp#27;[0m&amp#27;[38;5;229m[ADB]&amp#27;[0m 'io.appium.uiautomator2.server.test' is installed
&amp#27;[38;5;150m[38c6d4a9]&amp#27;[0m&amp#27;[38;5;229m[ADB]&amp#27;[0m The version name of the installed 'io.appium.uiautomator2.server' is greater or equal to the application version name ('7.5.2' >= '7.5.2')
&amp#27;[38;5;150m[38c6d4a9]&amp#27;[0m&amp#27;[38;5;-137m[AndroidUiautomator2Driver@896a]&amp#27;[0m Server packages status: [{"installState":"sameVersionInstalled","appPath":"C:\\Users\\sajus\\.appium\\node_modules\\appium-uiautomator2-driver\\node_modules\\appium-uiautomator2-server\\apks\\appium-uiautomator2-server-v7.5.2.apk","appId":"io.appium.uiautomator2.server"},{"installState":"sameVersionInstalled","appPath":"C:\\Users\\sajus\\.appium\\node_modules\\appium-uiautomator2-driver\\node_modules\\appium-uiautomator2-server\\apks\\appium-uiautomator2-server-debug-androidTest.apk","appId":"io.appium.uiautomator2.server.test"}]
&amp#27;[38;5;150m[38c6d4a9]&amp#27;[0m&amp#27;[38;5;-137m[AndroidUiautomator2Driver@896a]&amp#27;[0m Server packages are not going to be (re)installed
&amp#27;[38;5;150m[38c6d4a9]&amp#27;[0m&amp#27;[38;5;-137m[AndroidUiautomator2Driver@896a]&amp#27;[0m Waiting up to 30000ms for services to be available
&amp#27;[38;5;150m[38c6d4a9]&amp#27;[0m&amp#27;[38;5;229m[ADB]&amp#27;[0m Running 'C:\Users\sajus\AppData\Local\Android\Sdk\platform-tools\adb.exe -P 5037 -s CTLID18120801016 shell pm list instrumentation'
&amp#27;[38;5;150m[38c6d4a9]&amp#27;[0m&amp#27;[38;5;-137m[AndroidUiautomator2Driver@896a]&amp#27;[0m Instrumentation target 'io.appium.uiautomator2.server.test/androidx.test.runner.AndroidJUnitRunner' is available
&amp#27;[38;5;150m[38c6d4a9]&amp#27;[0m&amp#27;[38;5;229m[ADB]&amp#27;[0m Adding packages ["io.appium.settings","io.appium.uiautomator2.server","io.appium.uiautomator2.server.test"] to Doze whitelist
&amp#27;[38;5;150m[38c6d4a9]&amp#27;[0m&amp#27;[38;5;229m[ADB]&amp#27;[0m Got the following command chunks to execute: [["dumpsys","deviceidle","whitelist","+io.appium.settings",";","dumpsys","deviceidle","whitelist","+io.appium.uiautomator2.server",";","dumpsys","deviceidle","whitelist","+io.appium.uiautomator2.server.test",";"]]
&amp#27;[38;5;150m[38c6d4a9]&amp#27;[0m&amp#27;[38;5;229m[ADB]&amp#27;[0m Running 'C:\Users\sajus\AppData\Local\Android\Sdk\platform-tools\adb.exe -P 5037 -s CTLID18120801016 shell dumpsys deviceidle whitelist +io.appium.settings ; dumpsys deviceidle whitelist +io.appium.uiautomator2.server ; dumpsys deviceidle whitelist +io.appium.uiautomator2.server.test ;'
&amp#27;[38;5;150m[38c6d4a9]&amp#27;[0m&amp#27;[38;5;-137m[AndroidUiautomator2Driver@896a]&amp#27;[0m Performing shallow cleanup of automation leftovers
&amp#27;[38;5;150m[38c6d4a9]&amp#27;[0m&amp#27;[38;5;-137m[AndroidUiautomator2Driver@896a]&amp#27;[0m No obsolete sessions have been detected (socket hang up)
&amp#27;[38;5;150m[38c6d4a9]&amp#27;[0m&amp#27;[38;5;229m[ADB]&amp#27;[0m Running 'C:\Users\sajus\AppData\Local\Android\Sdk\platform-tools\adb.exe -P 5037 -s CTLID18120801016 shell am force-stop io.appium.uiautomator2.server'
&amp#27;[38;5;150m[38c6d4a9]&amp#27;[0m&amp#27;[38;5;229m[ADB]&amp#27;[0m Running 'C:\Users\sajus\AppData\Local\Android\Sdk\platform-tools\adb.exe -P 5037 -s CTLID18120801016 shell am force-stop io.appium.uiautomator2.server.test'
&amp#27;[38;5;150m[38c6d4a9]&amp#27;[0m&amp#27;[38;5;-137m[AndroidUiautomator2Driver@896a]&amp#27;[0m Starting UIAutomator2 server 7.5.2
&amp#27;[38;5;150m[38c6d4a9]&amp#27;[0m&amp#27;[38;5;-137m[AndroidUiautomator2Driver@896a]&amp#27;[0m Using UIAutomator2 server from 'C:\Users\sajus\.appium\node_modules\appium-uiautomator2-driver\node_modules\appium-uiautomator2-server\apks\appium-uiautomator2-server-v7.5.2.apk' and test from 'C:\Users\sajus\.appium\node_modules\appium-uiautomator2-driver\node_modules\appium-uiautomator2-server\apks\appium-uiautomator2-server-debug-androidTest.apk'
&amp#27;[38;5;150m[38c6d4a9]&amp#27;[0m&amp#27;[38;5;-137m[AndroidUiautomator2Driver@896a]&amp#27;[0m Waiting up to 30000ms for UiAutomator2 to be online...
&amp#27;[38;5;150m[38c6d4a9]&amp#27;[0m&amp#27;[38;5;229m[ADB]&amp#27;[0m Creating ADB subprocess with args: ["-P","5037","-s","CTLID18120801016","shell","am","instrument","-w","-e","disableAnalytics","true","io.appium.uiautomator2.server.test/androidx.test.runner.AndroidJUnitRunner"]
&amp#27;[38;5;150m[38c6d4a9]&amp#27;[0m&amp#27;[38;5;-137m[AndroidUiautomator2Driver@896a]&amp#27;[0m Matched '/status' to command name 'getStatus'
&amp#27;[38;5;150m[38c6d4a9]&amp#27;[0m&amp#27;[38;5;-137m[AndroidUiautomator2Driver@896a]&amp#27;[0m Proxying [GET /status] to [GET http://127.0.0.1:8202/status] with no body
&amp#27;[38;5;150m[38c6d4a9]&amp#27;[0m&amp#27;[38;5;-137m[AndroidUiautomator2Driver@896a]&amp#27;[0m socket hang up
&amp#27;[38;5;150m[38c6d4a9]&amp#27;[0m&amp#27;[38;5;-137m[AndroidUiautomator2Driver@896a]&amp#27;[0m Matched '/status' to command name 'getStatus'
&amp#27;[38;5;150m[38c6d4a9]&amp#27;[0m&amp#27;[38;5;-137m[AndroidUiautomator2Driver@896a]&amp#27;[0m Proxying [GET /status] to [GET http://127.0.0.1:8202/status] with no body
&amp#27;[38;5;150m[38c6d4a9]&amp#27;[0m&amp#27;[38;5;-137m[AndroidUiautomator2Driver@896a]&amp#27;[0m socket hang up
&amp#27;[38;5;150m[38c6d4a9]&amp#27;[0m&amp#27;[38;5;-137m[AndroidUiautomator2Driver@896a]&amp#27;[0m [Instrumentation] 
&amp#27;[38;5;150m[38c6d4a9]&amp#27;[0m&amp#27;[38;5;-137m[AndroidUiautomator2Driver@896a]&amp#27;[0m Matched '/status' to command name 'getStatus'
&amp#27;[38;5;150m[38c6d4a9]&amp#27;[0m&amp#27;[38;5;-137m[AndroidUiautomator2Driver@896a]&amp#27;[0m Proxying [GET /status] to [GET http://127.0.0.1:8202/status] with no body
&amp#27;[38;5;150m[38c6d4a9]&amp#27;[0m&amp#27;[38;5;-137m[AndroidUiautomator2Driver@896a]&amp#27;[0m socket hang up
&amp#27;[38;5;150m[38c6d4a9]&amp#27;[0m&amp#27;[38;5;-137m[AndroidUiautomator2Driver@896a]&amp#27;[0m Matched '/status' to command name 'getStatus'
&amp#27;[38;5;150m[38c6d4a9]&amp#27;[0m&amp#27;[38;5;-137m[AndroidUiautomator2Driver@896a]&amp#27;[0m Proxying [GET /status] to [GET http://127.0.0.1:8202/status] with no body
&amp#27;[38;5;150m[38c6d4a9]&amp#27;[0m&amp#27;[38;5;-137m[AndroidUiautomator2Driver@896a]&amp#27;[0m Got response with status 200: {"sessionId":"None","value":{"message":"UiAutomator2 Server is ready to accept commands","ready":true}}
&amp#27;[38;5;150m[38c6d4a9]&amp#27;[0m&amp#27;[38;5;-137m[AndroidUiautomator2Driver@896a]&amp#27;[0m The initialization of the instrumentation process took 3353ms
&amp#27;[38;5;150m[38c6d4a9]&amp#27;[0m&amp#27;[38;5;-137m[AndroidUiautomator2Driver@896a]&amp#27;[0m Matched '/session' to command name 'createSession'
&amp#27;[38;5;150m[38c6d4a9]&amp#27;[0m&amp#27;[38;5;-137m[AndroidUiautomator2Driver@896a]&amp#27;[0m Proxying [POST /session] to [POST http://127.0.0.1:8202/session] with body: {"capabilities":{"firstMatch":[{"platformName":"ANDROID","appActivity":"com.androidsample.generalstore.SplashActivity","appPackage":"com.androidsample.generalstore","automationName":"UiAutomator2","deviceName":"CTLID18120801016","noReset":true,"platformVersion":"11.0","systemPort":8202,"udid":"CTLID18120801016","platform":"LINUX","webStorageEnabled":false,"takesScreenshot":true,"javascriptEnabled":true,"databaseEnabled":false,"networkConnectionEnabled":true,"locationContextEnabled":false,"warnings":{},"desired":{"platformName":"ANDROID","appActivity":"com.androidsample.generalstore.SplashActivity","appPackage":"com.androidsample.generalstore","automationName":"UiAutomator2","deviceName":"Nokia","noReset":true,"platformVersion":"11.0","systemPort":8202,"udid":"CTLID18120801016"},"deviceUDID":"CTLID18120801016"}],"alwaysMatch":{}}}
&amp#27;[38;5;150m[38c6d4a9]&amp#27;[0m&amp#27;[38;5;-137m[AndroidUiautomator2Driver@896a]&amp#27;[0m Got response with status 200: {"sessionId":"0db7bf62-a6c2-409c-859a-28e256927f30","value":{"capabilities":{"firstMatch":[{"platformName":"ANDROID","appActivity":"com.androidsample.generalstore.SplashActivity","appPackage":"com.androidsample.generalstore","automationName":"UiAutomator2","deviceName":"CTLID18120801016","noReset":true,"platformVersion":"11.0","systemPort":8202,"udid":"CTLID18120801016","platform":"LINUX","webStorageEnabled":false,"takesScreenshot":true,"javascriptEnabled":true,"databaseEnabled":false,"networkConnectionEnabled":true,"locationContextEnabled":false,"warnings":{},"desired":{"platformName":"ANDROID","appActivity":"com.androidsample.generalstore.SplashActivity","appPackage":"com.androidsample.generalstore","automationName":"UiAutomator2","deviceName":"Nokia","noReset":true,"platformVersion":"11.0","systemPort":8202,"udid":"CTLID18120801016"},"deviceUDID":"CTLID18120801016"}],"alwaysMatch":{}},"sessionId":"0db7bf62-a6c2-409c-859a-28e256927f30"}}
&amp#27;[38;5;150m[38c6d4a9]&amp#27;[0m&amp#27;[38;5;-137m[AndroidUiautomator2Driver@896a]&amp#27;[0m Determined the downstream protocol as 'W3C'
&amp#27;[38;5;150m[38c6d4a9]&amp#27;[0m&amp#27;[38;5;-137m[AndroidUiautomator2Driver@896a]&amp#27;[0m Proxying [GET /appium/device/pixel_ratio] to [GET http://127.0.0.1:8202/session/0db7bf62-a6c2-409c-859a-28e256927f30/appium/device/pixel_ratio] with no body
&amp#27;[38;5;150m[38c6d4a9]&amp#27;[0m&amp#27;[38;5;-137m[AndroidUiautomator2Driver@896a]&amp#27;[0m Matched '/appium/device/system_bars' to command name 'getSystemBars'
&amp#27;[38;5;150m[38c6d4a9]&amp#27;[0m&amp#27;[38;5;-137m[AndroidUiautomator2Driver@896a]&amp#27;[0m Proxying [GET /appium/device/system_bars] to [GET http://127.0.0.1:8202/session/0db7bf62-a6c2-409c-859a-28e256927f30/appium/device/system_bars] with no body
&amp#27;[38;5;150m[38c6d4a9]&amp#27;[0m&amp#27;[38;5;-137m[AndroidUiautomator2Driver@896a]&amp#27;[0m Matched '/window/current/size' to command name 'getWindowSize'
&amp#27;[38;5;150m[38c6d4a9]&amp#27;[0m&amp#27;[38;5;-137m[AndroidUiautomator2Driver@896a]&amp#27;[0m Proxying [GET /window/current/size] to [GET http://127.0.0.1:8202/session/0db7bf62-a6c2-409c-859a-28e256927f30/window/current/size] with no body
&amp#27;[38;5;150m[38c6d4a9]&amp#27;[0m&amp#27;[38;5;-137m[AndroidUiautomator2Driver@896a]&amp#27;[0m Proxying [GET /appium/device/info] to [GET http://127.0.0.1:8202/session/0db7bf62-a6c2-409c-859a-28e256927f30/appium/device/info] with no body
&amp#27;[38;5;150m[38c6d4a9]&amp#27;[0m&amp#27;[38;5;229m[ADB]&amp#27;[0m Running 'C:\Users\sajus\AppData\Local\Android\Sdk\platform-tools\adb.exe -P 5037 -s CTLID18120801016 shell dumpsys window'
&amp#27;[38;5;150m[38c6d4a9]&amp#27;[0m&amp#27;[38;5;229m[ADB]&amp#27;[0m Running 'C:\Users\sajus\AppData\Local\Android\Sdk\platform-tools\adb.exe -P 5037 -s CTLID18120801016 shell dumpsys power'
&amp#27;[38;5;150m[38c6d4a9]&amp#27;[0m&amp#27;[38;5;-137m[AndroidUiautomator2Driver@896a]&amp#27;[0m Got response with status 200: {"sessionId":"0db7bf62-a6c2-409c-859a-28e256927f30","value":2.625}
&amp#27;[38;5;150m[38c6d4a9]&amp#27;[0m&amp#27;[38;5;-137m[AndroidUiautomator2Driver@896a]&amp#27;[0m Got response with status 200: {"sessionId":"0db7bf62-a6c2-409c-859a-28e256927f30","value":{"statusBar":89}}
&amp#27;[38;5;150m[38c6d4a9]&amp#27;[0m&amp#27;[38;5;-137m[AndroidUiautomator2Driver@896a]&amp#27;[0m Got response with status 200: {"sessionId":"0db7bf62-a6c2-409c-859a-28e256927f30","value":{"height":2280,"width":1080}}
&amp#27;[38;5;150m[38c6d4a9]&amp#27;[0m&amp#27;[38;5;-137m[AndroidUiautomator2Driver@896a]&amp#27;[0m Got response with status 200: {"sessionId":"0db7bf62-a6c2-409c-859a-28e256927f30","value":{"androidId":"7be9e4e610cc4454","apiVersion":"29","bluetooth":{"state":"OFF"},"brand":"Nokia","carrierName":"","displayDensity":420,"locale":"en_IN","manufacturer":"HMD Global","model":"Nokia 7.1","networks":[{"capabilities":{"SSID":null,"linkDownBandwidthKbps":1048576,"linkUpstreamBandwidthKbps":1048576,"networkCapabilities":"NET_CAPABILITY_NOT_METERED,NET_CAPABILITY_INTERNET,NET_CAPABILITY_NOT_RESTRICTED,NET_CAPABILITY_TRUSTED,NET_CAPABILITY_NOT_VPN,NET_CAPABILITY_VALIDATED,NET_CAPABILITY_NOT_ROAMING,NET_CAPABILITY_FOREGROUND,NET_CAPABILITY_NOT_CONGESTED,NET_CAPABILITY_NOT_SUSPENDED","signalStrength":-55,"transportTypes":"TRANSPORT_WIFI"},"detailedState":"CONNECTED","extraInfo":null,"isAvailable":true,"isConnected":true,"isFailover":false,"isRoaming":false,"state":"CONNECTED","subtype":0,"subtypeName":"","type":1,"typeName":"WIFI"}],"platformVersion":"10","realDisplaySize":"1080x2280","timeZone":"America/Toronto"}}
&amp#27;[38;5;150m[38c6d4a9]&amp#27;[0m&amp#27;[38;5;-137m[AndroidUiautomator2Driver@896a]&amp#27;[0m Screen already unlocked, doing nothing
&amp#27;[38;5;150m[38c6d4a9]&amp#27;[0m&amp#27;[38;5;-137m[AndroidUiautomator2Driver@896a]&amp#27;[0m Starting 'com.androidsample.generalstore/com.androidsample.generalstore.SplashActivity' and waiting for 'com.androidsample.generalstore/com.androidsample.generalstore.SplashActivity'
&amp#27;[38;5;150m[38c6d4a9]&amp#27;[0m&amp#27;[38;5;229m[ADB]&amp#27;[0m Getting IDs of all 'com.androidsample.generalstore' processes
&amp#27;[38;5;150m[38c6d4a9]&amp#27;[0m&amp#27;[38;5;229m[ADB]&amp#27;[0m Running 'C:\Users\sajus\AppData\Local\Android\Sdk\platform-tools\adb.exe -P 5037 -s CTLID18120801016 shell 'pgrep --help; echo $?''
&amp#27;[38;5;150m[38c6d4a9]&amp#27;[0m&amp#27;[38;5;229m[ADB]&amp#27;[0m Running 'C:\Users\sajus\AppData\Local\Android\Sdk\platform-tools\adb.exe -P 5037 -s CTLID18120801016 shell pgrep -f \(\[\[:blank:\]\]\|\^\)com\.androidsample\.generalstore\(:\[a-zA-Z0-9_-\]\+\)\?\(\[\[:blank:\]\]\|\$\)'
&amp#27;[38;5;150m[38c6d4a9]&amp#27;[0m&amp#27;[38;5;229m[ADB]&amp#27;[0m Running 'C:\Users\sajus\AppData\Local\Android\Sdk\platform-tools\adb.exe -P 5037 -s CTLID18120801016 shell am start-activity -W -n com.androidsample.generalstore/com.androidsample.generalstore.SplashActivity -S -a android.intent.action.MAIN -c android.intent.category.LAUNCHER -f 0x10200000'
&amp#27;[38;5;150m[38c6d4a9]&amp#27;[0m&amp#27;[38;5;91m[AppiumDriver@3813]&amp#27;[0m New AndroidUiautomator2Driver session created successfully, session 38c6d4a9-c84c-4a4b-8a1b-6bd8075dc307 added to master session list
&amp#27;[38;5;150m[38c6d4a9]&amp#27;[0m&amp#27;[38;5;91m[AppiumDriver@3813]&amp#27;[0m Event 'newSessionStarted' logged at 1750356302886 (14:05:02 GMT-0400 (Eastern Daylight Saving Time))
&amp#27;[38;5;150m[38c6d4a9]&amp#27;[0m&amp#27;[38;5;-137m[AndroidUiautomator2Driver@896a]&amp#27;[0m Cached the protocol value 'W3C' for the new session 38c6d4a9-c84c-4a4b-8a1b-6bd8075dc307
&amp#27;[38;5;150m[38c6d4a9]&amp#27;[0m&amp#27;[38;5;-137m[AndroidUiautomator2Driver@896a]&amp#27;[0m Responding to client with driver.createSession() result: {"capabilities":{"platformName":"ANDROID","appActivity":"com.androidsample.generalstore.SplashActivity","appPackage":"com.androidsample.generalstore","automationName":"UiAutomator2","deviceName":"CTLID18120801016","noReset":true,"platformVersion":"10","systemPort":8202,"udid":"CTLID18120801016","platform":"LINUX","webStorageEnabled":false,"takesScreenshot":true,"javascriptEnabled":true,"databaseEnabled":false,"networkConnectionEnabled":true,"locationContextEnabled":false,"warnings":{},"desired":{"platformName":"ANDROID","appActivity":"com.androidsample.generalstore.SplashActivity","appPackage":"com.androidsample.generalstore","automationName":"UiAutomator2","deviceName":"Nokia","noReset":true,"platformVersion":"11.0","systemPort":8202,"udid":"CTLID18120801016"},"deviceUDID":"CTLID18120801016","pixelRatio":"2.625","statBarHeight":89,"viewportRect":{"left":0,"top":89,"width":1080,"height":2191},"deviceApiLevel":29,"deviceManufacturer":"HMD Global","deviceModel":"Nokia 7.1","deviceScreenSize":"1080x2280","dev...
&amp#27;[38;5;150m[38c6d4a9]&amp#27;[0m&amp#27;[38;5;86m[HTTP]&amp#27;[0m &amp#27;[37m<-- POST /session &amp#27;[39m&amp#27;[32m200&amp#27;[39m &amp#27;[90m8599 ms - 1105&amp#27;[39m &amp#27;[90m&amp#27;[39m
&amp#27;[38;5;150m[38c6d4a9]&amp#27;[0m&amp#27;[38;5;86m[HTTP]&amp#27;[0m &amp#27;[37m-->&amp#27;[39m &amp#27;[37mPOST&amp#27;[39m &amp#27;[37m/session/38c6d4a9-c84c-4a4b-8a1b-6bd8075dc307/element&amp#27;[39m &amp#27;[90m{"using":"id","value":"com.androidsample.generalstore:id/nameField"}&amp#27;[39m
&amp#27;[38;5;150m[38c6d4a9]&amp#27;[0m&amp#27;[38;5;-137m[AndroidUiautomator2Driver@896a]&amp#27;[0m Calling AppiumDriver.findElement() with args: ["id","com.androidsample.generalstore:id/nameField","38c6d4a9-c84c-4a4b-8a1b-6bd8075dc307"]
&amp#27;[38;5;150m[38c6d4a9]&amp#27;[0m&amp#27;[38;5;-137m[AndroidUiautomator2Driver@896a]&amp#27;[0m Valid locator strategies for this request: xpath, id, class name, accessibility id, css selector, -android uiautomator
&amp#27;[38;5;150m[38c6d4a9]&amp#27;[0m&amp#27;[38;5;-137m[AndroidUiautomator2Driver@896a]&amp#27;[0m Waiting up to 0 ms for condition
&amp#27;[38;5;150m[38c6d4a9]&amp#27;[0m&amp#27;[38;5;-137m[AndroidUiautomator2Driver@896a]&amp#27;[0m Matched '/element' to command name 'findElement'
&amp#27;[38;5;150m[38c6d4a9]&amp#27;[0m&amp#27;[38;5;-137m[AndroidUiautomator2Driver@896a]&amp#27;[0m Proxying [POST /element] to [POST http://127.0.0.1:8202/session/0db7bf62-a6c2-409c-859a-28e256927f30/element] with body: {"strategy":"id","selector":"com.androidsample.generalstore:id/nameField","context":"","multiple":false}
&amp#27;[38;5;150m[38c6d4a9]&amp#27;[0m&amp#27;[38;5;-137m[AndroidUiautomator2Driver@896a]&amp#27;[0m Got response with status 200: {"sessionId":"0db7bf62-a6c2-409c-859a-28e256927f30","value":{"ELEMENT":"00000000-0000-09de-ffff-ffff0000001c","element-6066-11e4-a52e-4f735466cecf":"00000000-0000-09de-ffff-ffff0000001c"}}
&amp#27;[38;5;150m[38c6d4a9]&amp#27;[0m&amp#27;[38;5;-137m[AndroidUiautomator2Driver@896a]&amp#27;[0m Responding to client with driver.findElement() result: {"element-6066-11e4-a52e-4f735466cecf":"00000000-0000-09de-ffff-ffff0000001c","ELEMENT":"00000000-0000-09de-ffff-ffff0000001c"}
&amp#27;[38;5;150m[38c6d4a9]&amp#27;[0m&amp#27;[38;5;86m[HTTP]&amp#27;[0m &amp#27;[37m<-- POST /session/38c6d4a9-c84c-4a4b-8a1b-6bd8075dc307/element &amp#27;[39m&amp#27;[32m200&amp#27;[39m &amp#27;[90m162 ms - 137&amp#27;[39m &amp#27;[90m&amp#27;[39m
&amp#27;[38;5;150m[38c6d4a9]&amp#27;[0m&amp#27;[38;5;86m[HTTP]&amp#27;[0m &amp#27;[37m-->&amp#27;[39m &amp#27;[37mPOST&amp#27;[39m &amp#27;[37m/session/38c6d4a9-c84c-4a4b-8a1b-6bd8075dc307/element/00000000-0000-09de-ffff-ffff0000001c/value&amp#27;[39m &amp#27;[90m{"id":"00000000-0000-09de-ffff-ffff0000001c","text":"danny","value":["d","a","n","n","y"]}&amp#27;[39m
&amp#27;[38;5;150m[38c6d4a9]&amp#27;[0m&amp#27;[38;5;-137m[AndroidUiautomator2Driver@896a]&amp#27;[0m Calling AppiumDriver.setValue() with args: [["d","a","n","n","y"],"00000000-0000-09de-ffff-ffff0000001c","38c6d4a9-c84c-4a4b-8a1b-6bd8075dc307"]
&amp#27;[38;5;150m[38c6d4a9]&amp#27;[0m&amp#27;[38;5;-137m[AndroidUiautomator2Driver@896a]&amp#27;[0m Matched '/element/00000000-0000-09de-ffff-ffff0000001c/value' to command name 'setValue'
&amp#27;[38;5;150m[38c6d4a9]&amp#27;[0m&amp#27;[38;5;-137m[AndroidUiautomator2Driver@896a]&amp#27;[0m Added 'value' property ["d","a","n","n","y"] to 'setValue' request body
&amp#27;[38;5;150m[38c6d4a9]&amp#27;[0m&amp#27;[38;5;-137m[AndroidUiautomator2Driver@896a]&amp#27;[0m Proxying [POST /element/00000000-0000-09de-ffff-ffff0000001c/value] to [POST http://127.0.0.1:8202/session/0db7bf62-a6c2-409c-859a-28e256927f30/element/00000000-0000-09de-ffff-ffff0000001c/value] with body: {"elementId":"00000000-0000-09de-ffff-ffff0000001c","text":"danny","replace":false,"value":["d","a","n","n","y"]}
&amp#27;[38;5;150m[38c6d4a9]&amp#27;[0m&amp#27;[38;5;-137m[AndroidUiautomator2Driver@896a]&amp#27;[0m Got response with status 200: {"sessionId":"0db7bf62-a6c2-409c-859a-28e256927f30","value":null}
&amp#27;[38;5;150m[38c6d4a9]&amp#27;[0m&amp#27;[38;5;-137m[AndroidUiautomator2Driver@896a]&amp#27;[0m Responding to client with driver.setValue() result: null
&amp#27;[38;5;150m[38c6d4a9]&amp#27;[0m&amp#27;[38;5;86m[HTTP]&amp#27;[0m &amp#27;[37m<-- POST /session/38c6d4a9-c84c-4a4b-8a1b-6bd8075dc307/element/00000000-0000-09de-ffff-ffff0000001c/value &amp#27;[39m&amp#27;[32m200&amp#27;[39m &amp#27;[90m667 ms - 14&amp#27;[39m &amp#27;[90m&amp#27;[39m
&amp#27;[38;5;150m[38c6d4a9]&amp#27;[0m&amp#27;[38;5;86m[HTTP]&amp#27;[0m &amp#27;[37m-->&amp#27;[39m &amp#27;[37mGET&amp#27;[39m &amp#27;[37m/session/38c6d4a9-c84c-4a4b-8a1b-6bd8075dc307/screenshot&amp#27;[39m &amp#27;[90m{}&amp#27;[39m
&amp#27;[38;5;150m[38c6d4a9]&amp#27;[0m&amp#27;[38;5;-137m[AndroidUiautomator2Driver@896a]&amp#27;[0m Calling AppiumDriver.getScreenshot() with args: ["38c6d4a9-c84c-4a4b-8a1b-6bd8075dc307"]
&amp#27;[38;5;150m[38c6d4a9]&amp#27;[0m&amp#27;[38;5;-137m[AndroidUiautomator2Driver@896a]&amp#27;[0m Matched '/screenshot' to command name 'getScreenshot'
&amp#27;[38;5;150m[38c6d4a9]&amp#27;[0m&amp#27;[38;5;-137m[AndroidUiautomator2Driver@896a]&amp#27;[0m Proxying [GET /screenshot] to [GET http://127.0.0.1:8202/session/0db7bf62-a6c2-409c-859a-28e256927f30/screenshot] with no body
&amp#27;[38;5;150m[38c6d4a9]&amp#27;[0m&amp#27;[38;5;-137m[AndroidUiautomator2Driver@896a]&amp#27;[0m Got response with status 200: {"sessionId":"0db7bf62-a6c2-409c-859a-28e256927f30","value":"iVBORw0KGgoAAAANSUhEUgAABDgAAAjoCAYAAAA5jhrUAAAAAXNSR0IArs4c6QAAAARzQklUCAgICHwIZIgAACAASURBVHic7N13nFxV/f/x97n3zrZkd9M2IaQRCKGG3glK+dKCgFIEQvmC8kNAxAKKgAiIoCAoSlXALyggChJAioACSu+9BEiAFEJ6sptsmZl7z++PKTuzc2f77O7Nvp48QjK3nHvO3Ho+c+45Zvh7J1gBAAAAAABEmNPfGQAAAAAAAOgpAhwAAAAAACDyCHAAAAAAAIDII8ABAAAAAAAijwAHAAAAAACIPAIcAAAAAAAg8ghwAAAAAACAyCPAAQAAAAAAIo8ABwAAAAAAiDwCHAAAAAAAIPIIcAAAAAAAgMgjwAEAAAAAACKPAAcAAAAAAIg8AhwAAAAAACDyCHAAAAAAAIDII8ABAAAAAAAijwAHAAAAAACIPAIcAAAAAAAg8ghwAAAAAACAyCPAAQAAAAAAIo8ABwAAAAAAiDwCHAAAAAAAIPIIcAAAAAAAgMgjwAEAAAAAACKPAAcAAAAAAIg8r78zAAwERkYm87dJ/VuSrCRrrVL/Kf3/6Bos5QQAAAAw+BDgwKBlZOQZRxuVrac7J3xfG8Tq2l3+08RSHTP/N5ob/0JJG0QmCDBYygkAAAB0Rq1bpS3LJ2paxUTVOlXasmKiat0h2fmr/bV6p3meVgeNert5nt5pmafVfmO/5HV61aZ6YNK5nVr2kM9+oWcaPyhxjgY2AhwYlKqdSv109JE6cfhecjv5ptYGsTo9v+Fl8hXotpVP6eIlf1ND0FTinPbMYCknAAAA0J6JsVGaUb2dZlRvr+lVm3a4/EHV2+d9fqbxAz3c8KoebnhN8xLLSpVN9JAZ/t4J/DyLQcMzrk4bsb8uGv11tb6g0T1WVhcvuVvXr/inktbvpRz2jsFSTgAAAKA906s21bdG...
&amp#27;[38;5;150m[38c6d4a9]&amp#27;[0m&amp#27;[38;5;-137m[AndroidUiautomator2Driver@896a]&amp#27;[0m Responding to client with driver.getScreenshot() result: "iVBORw0KGgoAAAANSUhEUgAABDgAAAjoCAYAAAA5jhrUAAAAAXNSR0IArs4c6QAAAARzQklUCAgICHwIZIgAACAASURBVHic7N13nFxV/f/x97n3zrZkd9M2IaQRCKGG3glK+dKCgFIEQvmC8kNAxAKKgAiIoCAoSlXALyggChJAioACSu+9BEiAFEJ6sptsmZl7z++PKTuzc2f77O7Nvp48QjK3nHvO3Ho+c+45Zvh7J1gBAAAAAABEmNPfGQAAAAAAAOgpAhwAAAAAACDyCHAAAAAAAIDII8ABAAAAAAAijwAHAAAAAACIPAIcAAAAAAAg8ghwAAAAAACAyCPAAQAAAAAAIo8ABwAAAAAAiDwCHAAAAAAAIPIIcAAAAAAAgMgjwAEAAAAAACKPAAcAAAAAAIg8AhwAAAAAACDyCHAAAAAAAIDII8ABAAAAAAAijwAHAAAAAACIPAIcAAAAAAAg8ghwAAAAAACAyCPAAQAAAAAAIo8ABwAAAAAAiDwCHAAAAAAAIPIIcAAAAAAAgMgjwAEAAAAAACKPAAcAAAAAAIg8r78zAAwERkYm87dJ/VuSrCRrrVL/Kf3/6Bos5QQAAAAw+BDgwKBlZOQZRxuVrac7J3xfG8Tq2l3+08RSHTP/N5ob/0JJG0QmCDBYygkAAAB0Rq1bpS3LJ2paxUTVOlXasmKiat0h2fmr/bV6p3meVgeNert5nt5pmafVfmO/5HV61aZ6YNK5nVr2kM9+oWcaPyhxjgY2AhwYlKqdSv109JE6cfhecjv5ptYGsTo9v+Fl8hXotpVP6eIlf1ND0FTinPbMYCknAAAA0J6JsVGaUb2dZlRvr+lVm3a4/EHV2+d9fqbxAz3c8KoebnhN8xLLSpVN9JAZ/t4J/DyLQcMzrk4bsb8uGv11tb6g0T1WVhcvuVvXr/inktbvpRz2jsFSTgAAAKA906s21bdG7FcQsOiJhxpe1e9XPNYnrSVowdE1BDgwKBgZVTsVenLyzzS5bHSvpv1JfIn2...
&amp#27;[38;5;150m[38c6d4a9]&amp#27;[0m&amp#27;[38;5;86m[HTTP]&amp#27;[0m &amp#27;[37m<-- GET /session/38c6d4a9-c84c-4a4b-8a1b-6bd8075dc307/screenshot &amp#27;[39m&amp#27;[32m200&amp#27;[39m &amp#27;[90m1187 ms - 600780&amp#27;[39m &amp#27;[90m&amp#27;[39m
&amp#27;[38;5;150m[38c6d4a9]&amp#27;[0m&amp#27;[38;5;86m[HTTP]&amp#27;[0m &amp#27;[37m-->&amp#27;[39m &amp#27;[37mGET&amp#27;[39m &amp#27;[37m/session/38c6d4a9-c84c-4a4b-8a1b-6bd8075dc307/screenshot&amp#27;[39m &amp#27;[90m{}&amp#27;[39m
&amp#27;[38;5;150m[38c6d4a9]&amp#27;[0m&amp#27;[38;5;-137m[AndroidUiautomator2Driver@896a]&amp#27;[0m Calling AppiumDriver.getScreenshot() with args: ["38c6d4a9-c84c-4a4b-8a1b-6bd8075dc307"]
&amp#27;[38;5;150m[38c6d4a9]&amp#27;[0m&amp#27;[38;5;-137m[AndroidUiautomator2Driver@896a]&amp#27;[0m Matched '/screenshot' to command name 'getScreenshot'
&amp#27;[38;5;150m[38c6d4a9]&amp#27;[0m&amp#27;[38;5;-137m[AndroidUiautomator2Driver@896a]&amp#27;[0m Proxying [GET /screenshot] to [GET http://127.0.0.1:8202/session/0db7bf62-a6c2-409c-859a-28e256927f30/screenshot] with no body
&amp#27;[38;5;150m[38c6d4a9]&amp#27;[0m&amp#27;[38;5;-137m[AndroidUiautomator2Driver@896a]&amp#27;[0m Got response with status 200: {"sessionId":"0db7bf62-a6c2-409c-859a-28e256927f30","value":"iVBORw0KGgoAAAANSUhEUgAABDgAAAjoCAYAAAA5jhrUAAAAAXNSR0IArs4c6QAAAARzQklUCAgICHwIZIgAACAASURBVHic7N13nFxV/f/x97n3zrZkd9M2IaQRCKGG3glK+dKCgFIEQvmC8kNAxAKKgAiIoCAoSlXALyggChJAioACSu+9BEiAFEJ6sptsmZl7z++PKTuzc2f77O7Nvp48QjK3nHvO3Ho+c+45Zvh7J1gBAAAAAABEmNPfGQAAAAAAAOgpAhwAAAAAACDyCHAAAAAAAIDII8ABAAAAAAAijwAHAAAAAACIPAIcAAAAAAAg8ghwAAAAAACAyCPAAQAAAAAAIo8ABwAAAAAAiDwCHAAAAAAAIPIIcAAAAAAAgMgjwAEAAAAAACKPAAcAAAAAAIg8AhwAAAAAACDyCHAAAAAAAIDII8ABAAAAAAAijwAHAAAAAACIPAIcAAAAAAAg8ghwAAAAAACAyCPAAQAAAAAAIo8ABwAAAAAAiDwCHAAAAAAAIPIIcAAAAAAAgMgjwAEAAAAAACKPAAcAAAAAAIg8r78zAAwERkYm87dJ/VuSrCRrrVL/Kf3/6Bos5QQAAAAw+BDgwKBlZOQZRxuVrac7J3xfG8Tq2l3+08RSHTP/N5ob/0JJG0QmCDBYygkAAAB0Rq1bpS3LJ2paxUTVOlXasmKiat0h2fmr/bV6p3meVgeNert5nt5pmafVfmO/5HV61aZ6YNK5nVr2kM9+oWcaPyhxjgY2AhwYlKqdSv109JE6cfhecjv5ptYGsTo9v+Fl8hXotpVP6eIlf1ND0FTinPbMYCknAAAA0J6JsVGaUb2dZlRvr+lVm3a4/EHV2+d9fqbxAz3c8KoebnhN8xLLSpVN9JAZ/t4J/DyLQcMzrk4bsb8uGv11tb6g0T1WVhcvuVvXr/inktbvpRz2jsFSTgAAAKA906s21bdG...
&amp#27;[38;5;150m[38c6d4a9]&amp#27;[0m&amp#27;[38;5;-137m[AndroidUiautomator2Driver@896a]&amp#27;[0m Responding to client with driver.getScreenshot() result: "iVBORw0KGgoAAAANSUhEUgAABDgAAAjoCAYAAAA5jhrUAAAAAXNSR0IArs4c6QAAAARzQklUCAgICHwIZIgAACAASURBVHic7N13nFxV/f/x97n3zrZkd9M2IaQRCKGG3glK+dKCgFIEQvmC8kNAxAKKgAiIoCAoSlXALyggChJAioACSu+9BEiAFEJ6sptsmZl7z++PKTuzc2f77O7Nvp48QjK3nHvO3Ho+c+45Zvh7J1gBAAAAAABEmNPfGQAAAAAAAOgpAhwAAAAAACDyCHAAAAAAAIDII8ABAAAAAAAijwAHAAAAAACIPAIcAAAAAAAg8ghwAAAAAACAyCPAAQAAAAAAIo8ABwAAAAAAiDwCHAAAAAAAIPIIcAAAAAAAgMgjwAEAAAAAACKPAAcAAAAAAIg8AhwAAAAAACDyCHAAAAAAAIDII8ABAAAAAAAijwAHAAAAAACIPAIcAAAAAAAg8ghwAAAAAACAyCPAAQAAAAAAIo8ABwAAAAAAiDwCHAAAAAAAIPIIcAAAAAAAgMgjwAEAAAAAACKPAAcAAAAAAIg8r78zAAwERkYm87dJ/VuSrCRrrVL/Kf3/6Bos5QQAAAAw+BDgwKBlZOQZRxuVrac7J3xfG8Tq2l3+08RSHTP/N5ob/0JJG0QmCDBYygkAAAB0Rq1bpS3LJ2paxUTVOlXasmKiat0h2fmr/bV6p3meVgeNert5nt5pmafVfmO/5HV61aZ6YNK5nVr2kM9+oWcaPyhxjgY2AhwYlKqdSv109JE6cfhecjv5ptYGsTo9v+Fl8hXotpVP6eIlf1ND0FTinPbMYCknAAAA0J6JsVGaUb2dZlRvr+lVm3a4/EHV2+d9fqbxAz3c8KoebnhN8xLLSpVN9JAZ/t4J/DyLQcMzrk4bsb8uGv11tb6g0T1WVhcvuVvXr/inktbvpRz2jsFSTgAAAKA906s21bdG7FcQsOiJhxpe1e9XPNYnrSVowdE1BDgwKBgZVTsVenLyzzS5bHSvpv1JfIn2...
&amp#27;[38;5;150m[38c6d4a9]&amp#27;[0m&amp#27;[38;5;86m[HTTP]&amp#27;[0m &amp#27;[37m<-- GET /session/38c6d4a9-c84c-4a4b-8a1b-6bd8075dc307/screenshot &amp#27;[39m&amp#27;[32m200&amp#27;[39m &amp#27;[90m1224 ms - 600780&amp#27;[39m &amp#27;[90m&amp#27;[39m
&amp#27;[38;5;150m[38c6d4a9]&amp#27;[0m&amp#27;[38;5;86m[HTTP]&amp#27;[0m &amp#27;[37m-->&amp#27;[39m &amp#27;[37mPOST&amp#27;[39m &amp#27;[37m/session/38c6d4a9-c84c-4a4b-8a1b-6bd8075dc307/execute/sync&amp#27;[39m &amp#27;[90m{"script":"mobile: hideKeyboard","args":[]}&amp#27;[39m
&amp#27;[38;5;150m[38c6d4a9]&amp#27;[0m&amp#27;[38;5;-137m[AndroidUiautomator2Driver@896a]&amp#27;[0m Calling AppiumDriver.execute() with args: ["mobile: hideKeyboard",[],"38c6d4a9-c84c-4a4b-8a1b-6bd8075dc307"]
&amp#27;[38;5;150m[38c6d4a9]&amp#27;[0m&amp#27;[38;5;229m[ADB]&amp#27;[0m Running 'C:\Users\sajus\AppData\Local\Android\Sdk\platform-tools\adb.exe -P 5037 -s CTLID18120801016 shell dumpsys input_method'
&amp#27;[38;5;150m[38c6d4a9]&amp#27;[0m&amp#27;[38;5;229m[ADB]&amp#27;[0m Keyboard has no UI; no closing necessary
&amp#27;[38;5;150m[38c6d4a9]&amp#27;[0m&amp#27;[38;5;-137m[AndroidUiautomator2Driver@896a]&amp#27;[0m Responding to client with driver.execute() result: false
&amp#27;[38;5;150m[38c6d4a9]&amp#27;[0m&amp#27;[38;5;86m[HTTP]&amp#27;[0m &amp#27;[37m<-- POST /session/38c6d4a9-c84c-4a4b-8a1b-6bd8075dc307/execute/sync &amp#27;[39m&amp#27;[32m200&amp#27;[39m &amp#27;[90m790 ms - 15&amp#27;[39m &amp#27;[90m&amp#27;[39m
&amp#27;[38;5;150m[38c6d4a9]&amp#27;[0m&amp#27;[38;5;86m[HTTP]&amp#27;[0m &amp#27;[37m-->&amp#27;[39m &amp#27;[37mPOST&amp#27;[39m &amp#27;[37m/session/38c6d4a9-c84c-4a4b-8a1b-6bd8075dc307/element&amp#27;[39m &amp#27;[90m{"using":"id","value":"com.androidsample.generalstore:id/radioFemale"}&amp#27;[39m
&amp#27;[38;5;150m[38c6d4a9]&amp#27;[0m&amp#27;[38;5;-137m[AndroidUiautomator2Driver@896a]&amp#27;[0m Calling AppiumDriver.findElement() with args: ["id","com.androidsample.generalstore:id/radioFemale","38c6d4a9-c84c-4a4b-8a1b-6bd8075dc307"]
&amp#27;[38;5;150m[38c6d4a9]&amp#27;[0m&amp#27;[38;5;-137m[AndroidUiautomator2Driver@896a]&amp#27;[0m Valid locator strategies for this request: xpath, id, class name, accessibility id, css selector, -android uiautomator
&amp#27;[38;5;150m[38c6d4a9]&amp#27;[0m&amp#27;[38;5;-137m[AndroidUiautomator2Driver@896a]&amp#27;[0m Waiting up to 0 ms for condition
&amp#27;[38;5;150m[38c6d4a9]&amp#27;[0m&amp#27;[38;5;-137m[AndroidUiautomator2Driver@896a]&amp#27;[0m Matched '/element' to command name 'findElement'
&amp#27;[38;5;150m[38c6d4a9]&amp#27;[0m&amp#27;[38;5;-137m[AndroidUiautomator2Driver@896a]&amp#27;[0m Proxying [POST /element] to [POST http://127.0.0.1:8202/session/0db7bf62-a6c2-409c-859a-28e256927f30/element] with body: {"strategy":"id","selector":"com.androidsample.generalstore:id/radioFemale","context":"","multiple":false}
&amp#27;[38;5;150m[38c6d4a9]&amp#27;[0m&amp#27;[38;5;-137m[AndroidUiautomator2Driver@896a]&amp#27;[0m Got response with status 200: {"sessionId":"0db7bf62-a6c2-409c-859a-28e256927f30","value":{"ELEMENT":"00000000-0000-09de-ffff-ffff00000020","element-6066-11e4-a52e-4f735466cecf":"00000000-0000-09de-ffff-ffff00000020"}}
&amp#27;[38;5;150m[38c6d4a9]&amp#27;[0m&amp#27;[38;5;-137m[AndroidUiautomator2Driver@896a]&amp#27;[0m Responding to client with driver.findElement() result: {"element-6066-11e4-a52e-4f735466cecf":"00000000-0000-09de-ffff-ffff00000020","ELEMENT":"00000000-0000-09de-ffff-ffff00000020"}
&amp#27;[38;5;150m[38c6d4a9]&amp#27;[0m&amp#27;[38;5;86m[HTTP]&amp#27;[0m &amp#27;[37m<-- POST /session/38c6d4a9-c84c-4a4b-8a1b-6bd8075dc307/element &amp#27;[39m&amp#27;[32m200&amp#27;[39m &amp#27;[90m100 ms - 137&amp#27;[39m &amp#27;[90m&amp#27;[39m
&amp#27;[38;5;150m[38c6d4a9]&amp#27;[0m&amp#27;[38;5;86m[HTTP]&amp#27;[0m &amp#27;[37m-->&amp#27;[39m &amp#27;[37mPOST&amp#27;[39m &amp#27;[37m/session/38c6d4a9-c84c-4a4b-8a1b-6bd8075dc307/element/00000000-0000-09de-ffff-ffff00000020/click&amp#27;[39m &amp#27;[90m{"id":"00000000-0000-09de-ffff-ffff00000020"}&amp#27;[39m
&amp#27;[38;5;150m[38c6d4a9]&amp#27;[0m&amp#27;[38;5;-137m[AndroidUiautomator2Driver@896a]&amp#27;[0m Calling AppiumDriver.click() with args: ["00000000-0000-09de-ffff-ffff00000020","38c6d4a9-c84c-4a4b-8a1b-6bd8075dc307"]
&amp#27;[38;5;150m[38c6d4a9]&amp#27;[0m&amp#27;[38;5;-137m[AndroidUiautomator2Driver@896a]&amp#27;[0m Matched '/element/00000000-0000-09de-ffff-ffff00000020/click' to command name 'click'
&amp#27;[38;5;150m[38c6d4a9]&amp#27;[0m&amp#27;[38;5;-137m[AndroidUiautomator2Driver@896a]&amp#27;[0m Proxying [POST /element/00000000-0000-09de-ffff-ffff00000020/click] to [POST http://127.0.0.1:8202/session/0db7bf62-a6c2-409c-859a-28e256927f30/element/00000000-0000-09de-ffff-ffff00000020/click] with body: {"element":"00000000-0000-09de-ffff-ffff00000020"}
&amp#27;[38;5;150m[38c6d4a9]&amp#27;[0m&amp#27;[38;5;-137m[AndroidUiautomator2Driver@896a]&amp#27;[0m Got response with status 200: {"sessionId":"0db7bf62-a6c2-409c-859a-28e256927f30","value":null}
&amp#27;[38;5;150m[38c6d4a9]&amp#27;[0m&amp#27;[38;5;-137m[AndroidUiautomator2Driver@896a]&amp#27;[0m Responding to client with driver.click() result: null
&amp#27;[38;5;150m[38c6d4a9]&amp#27;[0m&amp#27;[38;5;86m[HTTP]&amp#27;[0m &amp#27;[37m<-- POST /session/38c6d4a9-c84c-4a4b-8a1b-6bd8075dc307/element/00000000-0000-09de-ffff-ffff00000020/click &amp#27;[39m&amp#27;[32m200&amp#27;[39m &amp#27;[90m101 ms - 14&amp#27;[39m &amp#27;[90m&amp#27;[39m
&amp#27;[38;5;150m[38c6d4a9]&amp#27;[0m&amp#27;[38;5;86m[HTTP]&amp#27;[0m &amp#27;[37m-->&amp#27;[39m &amp#27;[37mGET&amp#27;[39m &amp#27;[37m/session/38c6d4a9-c84c-4a4b-8a1b-6bd8075dc307/screenshot&amp#27;[39m &amp#27;[90m{}&amp#27;[39m
&amp#27;[38;5;150m[38c6d4a9]&amp#27;[0m&amp#27;[38;5;-137m[AndroidUiautomator2Driver@896a]&amp#27;[0m Calling AppiumDriver.getScreenshot() with args: ["38c6d4a9-c84c-4a4b-8a1b-6bd8075dc307"]
&amp#27;[38;5;150m[38c6d4a9]&amp#27;[0m&amp#27;[38;5;-137m[AndroidUiautomator2Driver@896a]&amp#27;[0m Matched '/screenshot' to command name 'getScreenshot'
&amp#27;[38;5;150m[38c6d4a9]&amp#27;[0m&amp#27;[38;5;-137m[AndroidUiautomator2Driver@896a]&amp#27;[0m Proxying [GET /screenshot] to [GET http://127.0.0.1:8202/session/0db7bf62-a6c2-409c-859a-28e256927f30/screenshot] with no body
&amp#27;[38;5;150m[38c6d4a9]&amp#27;[0m&amp#27;[38;5;-137m[AndroidUiautomator2Driver@896a]&amp#27;[0m Got response with status 200: {"sessionId":"0db7bf62-a6c2-409c-859a-28e256927f30","value":"iVBORw0KGgoAAAANSUhEUgAABDgAAAjoCAYAAAA5jhrUAAAAAXNSR0IArs4c6QAAAARzQklUCAgICHwIZIgAACAASURBVHic7N13nFxV/f/x97n3zrZkd9M2IaQRCKGG3glK+dKCgFIEQvmC8kNAxAKKgAiIoCAoSlXALyggChJAioACSu+9BEiAFEJ6sptsmZl7z++PKTuzc2f77O7Nvp48QjK3nHvO3Ho+c+45Zvh7J1gBAAAAAABEmNPfGQAAAAAAAOgpAhwAAAAAACDyCHAAAAAAAIDII8ABAAAAAAAijwAHAAAAAACIPAIcAAAAAAAg8ghwAAAAAACAyCPAAQAAAAAAIo8ABwAAAAAAiDwCHAAAAAAAIPIIcAAAAAAAgMgjwAEAAAAAACKPAAcAAAAAAIg8AhwAAAAAACDyCHAAAAAAAIDII8ABAAAAAAAijwAHAAAAAACIPAIcAAAAAAAg8ghwAAAAAACAyCPAAQAAAAAAIo8ABwAAAAAAiDwCHAAAAAAAIPIIcAAAAAAAgMgjwAEAAAAAACKPAAcAAAAAAIg8r78zAAwERkYm87dJ/VuSrCRrrVL/Kf3/6Bos5QQAAAAw+BDgwKBlZOQZRxuVrac7J3xfG8Tq2l3+08RSHTP/N5ob/0JJG0QmCDBYygkAAAB0Rq1bpS3LJ2paxUTVOlXasmKiat0h2fmr/bV6p3meVgeNert5nt5pmafVfmO/5HV61aZ6YNK5nVr2kM9+oWcaPyhxjgY2AhwYlKqdSv109JE6cfhecjv5ptYGsTo9v+Fl8hXotpVP6eIlf1ND0FTinPbMYCknAAAA0J6JsVGaUb2dZlRvr+lVm3a4/EHV2+d9fqbxAz3c8KoebnhN8xLLSpVN9JAZ/t4J/DyLQcMzrk4bsb8uGv11tb6g0T1WVhcvuVvXr/inktbvpRz2jsFSTgAAAKA906s21bdG...
&amp#27;[38;5;150m[38c6d4a9]&amp#27;[0m&amp#27;[38;5;-137m[AndroidUiautomator2Driver@896a]&amp#27;[0m Responding to client with driver.getScreenshot() result: "iVBORw0KGgoAAAANSUhEUgAABDgAAAjoCAYAAAA5jhrUAAAAAXNSR0IArs4c6QAAAARzQklUCAgICHwIZIgAACAASURBVHic7N13nFxV/f/x97n3zrZkd9M2IaQRCKGG3glK+dKCgFIEQvmC8kNAxAKKgAiIoCAoSlXALyggChJAioACSu+9BEiAFEJ6sptsmZl7z++PKTuzc2f77O7Nvp48QjK3nHvO3Ho+c+45Zvh7J1gBAAAAAABEmNPfGQAAAAAAAOgpAhwAAAAAACDyCHAAAAAAAIDII8ABAAAAAAAijwAHAAAAAACIPAIcAAAAAAAg8ghwAAAAAACAyCPAAQAAAAAAIo8ABwAAAAAAiDwCHAAAAAAAIPIIcAAAAAAAgMgjwAEAAAAAACKPAAcAAAAAAIg8AhwAAAAAACDyCHAAAAAAAIDII8ABAAAAAAAijwAHAAAAAACIPAIcAAAAAAAg8ghwAAAAAACAyCPAAQAAAAAAIo8ABwAAAAAAiDwCHAAAAAAAIPIIcAAAAAAAgMgjwAEAAAAAACKPAAcAAAAAAIg8r78zAAwERkYm87dJ/VuSrCRrrVL/Kf3/6Bos5QQAAAAw+BDgwKBlZOQZRxuVrac7J3xfG8Tq2l3+08RSHTP/N5ob/0JJG0QmCDBYygkAAAB0Rq1bpS3LJ2paxUTVOlXasmKiat0h2fmr/bV6p3meVgeNert5nt5pmafVfmO/5HV61aZ6YNK5nVr2kM9+oWcaPyhxjgY2AhwYlKqdSv109JE6cfhecjv5ptYGsTo9v+Fl8hXotpVP6eIlf1ND0FTinPbMYCknAAAA0J6JsVGaUb2dZlRvr+lVm3a4/EHV2+d9fqbxAz3c8KoebnhN8xLLSpVN9JAZ/t4J/DyLQcMzrk4bsb8uGv11tb6g0T1WVhcvuVvXr/inktbvpRz2jsFSTgAAAKA906s21bdG7FcQsOiJhxpe1e9XPNYnrSVowdE1BDgwKBgZVTsVenLyzzS5bHSvpv1JfIn2...
&amp#27;[38;5;150m[38c6d4a9]&amp#27;[0m&amp#27;[38;5;86m[HTTP]&amp#27;[0m &amp#27;[37m<-- GET /session/38c6d4a9-c84c-4a4b-8a1b-6bd8075dc307/screenshot &amp#27;[39m&amp#27;[32m200&amp#27;[39m &amp#27;[90m1156 ms - 600280&amp#27;[39m &amp#27;[90m&amp#27;[39m
&amp#27;[38;5;150m[38c6d4a9]&amp#27;[0m&amp#27;[38;5;86m[HTTP]&amp#27;[0m &amp#27;[37m-->&amp#27;[39m &amp#27;[37mGET&amp#27;[39m &amp#27;[37m/session/38c6d4a9-c84c-4a4b-8a1b-6bd8075dc307/screenshot&amp#27;[39m &amp#27;[90m{}&amp#27;[39m
&amp#27;[38;5;150m[38c6d4a9]&amp#27;[0m&amp#27;[38;5;-137m[AndroidUiautomator2Driver@896a]&amp#27;[0m Calling AppiumDriver.getScreenshot() with args: ["38c6d4a9-c84c-4a4b-8a1b-6bd8075dc307"]
&amp#27;[38;5;150m[38c6d4a9]&amp#27;[0m&amp#27;[38;5;-137m[AndroidUiautomator2Driver@896a]&amp#27;[0m Matched '/screenshot' to command name 'getScreenshot'
&amp#27;[38;5;150m[38c6d4a9]&amp#27;[0m&amp#27;[38;5;-137m[AndroidUiautomator2Driver@896a]&amp#27;[0m Proxying [GET /screenshot] to [GET http://127.0.0.1:8202/session/0db7bf62-a6c2-409c-859a-28e256927f30/screenshot] with no body
&amp#27;[38;5;150m[38c6d4a9]&amp#27;[0m&amp#27;[38;5;-137m[AndroidUiautomator2Driver@896a]&amp#27;[0m Got response with status 200: {"sessionId":"0db7bf62-a6c2-409c-859a-28e256927f30","value":"iVBORw0KGgoAAAANSUhEUgAABDgAAAjoCAYAAAA5jhrUAAAAAXNSR0IArs4c6QAAAARzQklUCAgICHwIZIgAACAASURBVHic7N13nFxV/f/x97n3zrZkd9M2IaQRCKGG3glK+dKCgFIEQvmC8kNAxAKKgAiIoCAoSlXALyggChJAioACSu+9BEiAFEJ6sptsmZl7z++PKTuzc2f77O7Nvp48QjK3nHvO3Ho+c+45Zvh7J1gBAAAAAABEmNPfGQAAAAAAAOgpAhwAAAAAACDyCHAAAAAAAIDII8ABAAAAAAAijwAHAAAAAACIPAIcAAAAAAAg8ghwAAAAAACAyCPAAQAAAAAAIo8ABwAAAAAAiDwCHAAAAAAAIPIIcAAAAAAAgMgjwAEAAAAAACKPAAcAAAAAAIg8AhwAAAAAACDyCHAAAAAAAIDII8ABAAAAAAAijwAHAAAAAACIPAIcAAAAAAAg8ghwAAAAAACAyCPAAQAAAAAAIo8ABwAAAAAAiDwCHAAAAAAAIPIIcAAAAAAAgMgjwAEAAAAAACKPAAcAAAAAAIg8r78zAAwERkYm87dJ/VuSrCRrrVL/Kf3/6Bos5QQAAAAw+BDgwKBlZOQZRxuVrac7J3xfG8Tq2l3+08RSHTP/N5ob/0JJG0QmCDBYygkAAAB0Rq1bpS3LJ2paxUTVOlXasmKiat0h2fmr/bV6p3meVgeNert5nt5pmafVfmO/5HV61aZ6YNK5nVr2kM9+oWcaPyhxjgY2AhwYlKqdSv109JE6cfhecjv5ptYGsTo9v+Fl8hXotpVP6eIlf1ND0FTinPbMYCknAAAA0J6JsVGaUb2dZlRvr+lVm3a4/EHV2+d9fqbxAz3c8KoebnhN8xLLSpVN9JAZ/t4J/DyLQcMzrk4bsb8uGv11tb6g0T1WVhcvuVvXr/inktbvpRz2jsFSTgAAAKA906s21bdG...
&amp#27;[38;5;150m[38c6d4a9]&amp#27;[0m&amp#27;[38;5;-137m[AndroidUiautomator2Driver@896a]&amp#27;[0m Responding to client with driver.getScreenshot() result: "iVBORw0KGgoAAAANSUhEUgAABDgAAAjoCAYAAAA5jhrUAAAAAXNSR0IArs4c6QAAAARzQklUCAgICHwIZIgAACAASURBVHic7N13nFxV/f/x97n3zrZkd9M2IaQRCKGG3glK+dKCgFIEQvmC8kNAxAKKgAiIoCAoSlXALyggChJAioACSu+9BEiAFEJ6sptsmZl7z++PKTuzc2f77O7Nvp48QjK3nHvO3Ho+c+45Zvh7J1gBAAAAAABEmNPfGQAAAAAAAOgpAhwAAAAAACDyCHAAAAAAAIDII8ABAAAAAAAijwAHAAAAAACIPAIcAAAAAAAg8ghwAAAAAACAyCPAAQAAAAAAIo8ABwAAAAAAiDwCHAAAAAAAIPIIcAAAAAAAgMgjwAEAAAAAACKPAAcAAAAAAIg8AhwAAAAAACDyCHAAAAAAAIDII8ABAAAAAAAijwAHAAAAAACIPAIcAAAAAAAg8ghwAAAAAACAyCPAAQAAAAAAIo8ABwAAAAAAiDwCHAAAAAAAIPIIcAAAAAAAgMgjwAEAAAAAACKPAAcAAAAAAIg8r78zAAwERkYm87dJ/VuSrCRrrVL/Kf3/6Bos5QQAAAAw+BDgwKBlZOQZRxuVrac7J3xfG8Tq2l3+08RSHTP/N5ob/0JJG0QmCDBYygkAAAB0Rq1bpS3LJ2paxUTVOlXasmKiat0h2fmr/bV6p3meVgeNert5nt5pmafVfmO/5HV61aZ6YNK5nVr2kM9+oWcaPyhxjgY2AhwYlKqdSv109JE6cfhecjv5ptYGsTo9v+Fl8hXotpVP6eIlf1ND0FTinPbMYCknAAAA0J6JsVGaUb2dZlRvr+lVm3a4/EHV2+d9fqbxAz3c8KoebnhN8xLLSpVN9JAZ/t4J/DyLQcMzrk4bsb8uGv11tb6g0T1WVhcvuVvXr/inktbvpRz2jsFSTgAAAKA906s21bdG7FcQsOiJhxpe1e9XPNYnrSVowdE1BDgwKBgZVTsVenLyzzS5bHSvpv1JfIn2...
&amp#27;[38;5;150m[38c6d4a9]&amp#27;[0m&amp#27;[38;5;86m[HTTP]&amp#27;[0m &amp#27;[37m<-- GET /session/38c6d4a9-c84c-4a4b-8a1b-6bd8075dc307/screenshot &amp#27;[39m&amp#27;[32m200&amp#27;[39m &amp#27;[90m1226 ms - 600784&amp#27;[39m &amp#27;[90m&amp#27;[39m
&amp#27;[38;5;150m[38c6d4a9]&amp#27;[0m&amp#27;[38;5;86m[HTTP]&amp#27;[0m &amp#27;[37m-->&amp#27;[39m &amp#27;[37mPOST&amp#27;[39m &amp#27;[37m/session/38c6d4a9-c84c-4a4b-8a1b-6bd8075dc307/element&amp#27;[39m &amp#27;[90m{"using":"id","value":"android:id/text1"}&amp#27;[39m
&amp#27;[38;5;150m[38c6d4a9]&amp#27;[0m&amp#27;[38;5;-137m[AndroidUiautomator2Driver@896a]&amp#27;[0m Calling AppiumDriver.findElement() with args: ["id","android:id/text1","38c6d4a9-c84c-4a4b-8a1b-6bd8075dc307"]
&amp#27;[38;5;150m[38c6d4a9]&amp#27;[0m&amp#27;[38;5;-137m[AndroidUiautomator2Driver@896a]&amp#27;[0m Valid locator strategies for this request: xpath, id, class name, accessibility id, css selector, -android uiautomator
&amp#27;[38;5;150m[38c6d4a9]&amp#27;[0m&amp#27;[38;5;-137m[AndroidUiautomator2Driver@896a]&amp#27;[0m Waiting up to 0 ms for condition
&amp#27;[38;5;150m[38c6d4a9]&amp#27;[0m&amp#27;[38;5;-137m[AndroidUiautomator2Driver@896a]&amp#27;[0m Matched '/element' to command name 'findElement'
&amp#27;[38;5;150m[38c6d4a9]&amp#27;[0m&amp#27;[38;5;-137m[AndroidUiautomator2Driver@896a]&amp#27;[0m Proxying [POST /element] to [POST http://127.0.0.1:8202/session/0db7bf62-a6c2-409c-859a-28e256927f30/element] with body: {"strategy":"id","selector":"android:id/text1","context":"","multiple":false}
&amp#27;[38;5;150m[38c6d4a9]&amp#27;[0m&amp#27;[38;5;-137m[AndroidUiautomator2Driver@896a]&amp#27;[0m Got response with status 200: {"sessionId":"0db7bf62-a6c2-409c-859a-28e256927f30","value":{"ELEMENT":"00000000-0000-09de-ffff-ffff00000024","element-6066-11e4-a52e-4f735466cecf":"00000000-0000-09de-ffff-ffff00000024"}}
&amp#27;[38;5;150m[38c6d4a9]&amp#27;[0m&amp#27;[38;5;-137m[AndroidUiautomator2Driver@896a]&amp#27;[0m Responding to client with driver.findElement() result: {"element-6066-11e4-a52e-4f735466cecf":"00000000-0000-09de-ffff-ffff00000024","ELEMENT":"00000000-0000-09de-ffff-ffff00000024"}
&amp#27;[38;5;150m[38c6d4a9]&amp#27;[0m&amp#27;[38;5;86m[HTTP]&amp#27;[0m &amp#27;[37m<-- POST /session/38c6d4a9-c84c-4a4b-8a1b-6bd8075dc307/element &amp#27;[39m&amp#27;[32m200&amp#27;[39m &amp#27;[90m111 ms - 137&amp#27;[39m &amp#27;[90m&amp#27;[39m
&amp#27;[38;5;150m[38c6d4a9]&amp#27;[0m&amp#27;[38;5;86m[HTTP]&amp#27;[0m &amp#27;[37m-->&amp#27;[39m &amp#27;[37mPOST&amp#27;[39m &amp#27;[37m/session/38c6d4a9-c84c-4a4b-8a1b-6bd8075dc307/element/00000000-0000-09de-ffff-ffff00000024/click&amp#27;[39m &amp#27;[90m{"id":"00000000-0000-09de-ffff-ffff00000024"}&amp#27;[39m
&amp#27;[38;5;150m[38c6d4a9]&amp#27;[0m&amp#27;[38;5;-137m[AndroidUiautomator2Driver@896a]&amp#27;[0m Calling AppiumDriver.click() with args: ["00000000-0000-09de-ffff-ffff00000024","38c6d4a9-c84c-4a4b-8a1b-6bd8075dc307"]
&amp#27;[38;5;150m[38c6d4a9]&amp#27;[0m&amp#27;[38;5;-137m[AndroidUiautomator2Driver@896a]&amp#27;[0m Matched '/element/00000000-0000-09de-ffff-ffff00000024/click' to command name 'click'
&amp#27;[38;5;150m[38c6d4a9]&amp#27;[0m&amp#27;[38;5;-137m[AndroidUiautomator2Driver@896a]&amp#27;[0m Proxying [POST /element/00000000-0000-09de-ffff-ffff00000024/click] to [POST http://127.0.0.1:8202/session/0db7bf62-a6c2-409c-859a-28e256927f30/element/00000000-0000-09de-ffff-ffff00000024/click] with body: {"element":"00000000-0000-09de-ffff-ffff00000024"}
&amp#27;[38;5;150m[38c6d4a9]&amp#27;[0m&amp#27;[38;5;-137m[AndroidUiautomator2Driver@896a]&amp#27;[0m Got response with status 200: {"sessionId":"0db7bf62-a6c2-409c-859a-28e256927f30","value":null}
&amp#27;[38;5;150m[38c6d4a9]&amp#27;[0m&amp#27;[38;5;-137m[AndroidUiautomator2Driver@896a]&amp#27;[0m Responding to client with driver.click() result: null
&amp#27;[38;5;150m[38c6d4a9]&amp#27;[0m&amp#27;[38;5;86m[HTTP]&amp#27;[0m &amp#27;[37m<-- POST /session/38c6d4a9-c84c-4a4b-8a1b-6bd8075dc307/element/00000000-0000-09de-ffff-ffff00000024/click &amp#27;[39m&amp#27;[32m200&amp#27;[39m &amp#27;[90m168 ms - 14&amp#27;[39m &amp#27;[90m&amp#27;[39m
&amp#27;[38;5;150m[38c6d4a9]&amp#27;[0m&amp#27;[38;5;86m[HTTP]&amp#27;[0m &amp#27;[37m-->&amp#27;[39m &amp#27;[37mGET&amp#27;[39m &amp#27;[37m/session/38c6d4a9-c84c-4a4b-8a1b-6bd8075dc307/screenshot&amp#27;[39m &amp#27;[90m{}&amp#27;[39m
&amp#27;[38;5;150m[38c6d4a9]&amp#27;[0m&amp#27;[38;5;-137m[AndroidUiautomator2Driver@896a]&amp#27;[0m Calling AppiumDriver.getScreenshot() with args: ["38c6d4a9-c84c-4a4b-8a1b-6bd8075dc307"]
&amp#27;[38;5;150m[38c6d4a9]&amp#27;[0m&amp#27;[38;5;-137m[AndroidUiautomator2Driver@896a]&amp#27;[0m Matched '/screenshot' to command name 'getScreenshot'
&amp#27;[38;5;150m[38c6d4a9]&amp#27;[0m&amp#27;[38;5;-137m[AndroidUiautomator2Driver@896a]&amp#27;[0m Proxying [GET /screenshot] to [GET http://127.0.0.1:8202/session/0db7bf62-a6c2-409c-859a-28e256927f30/screenshot] with no body
&amp#27;[38;5;150m[38c6d4a9]&amp#27;[0m&amp#27;[38;5;-137m[AndroidUiautomator2Driver@896a]&amp#27;[0m Got response with status 200: {"sessionId":"0db7bf62-a6c2-409c-859a-28e256927f30","value":"iVBORw0KGgoAAAANSUhEUgAABDgAAAjoCAYAAAA5jhrUAAAAAXNSR0IArs4c6QAAAARzQklUCAgICHwIZIgAACAASURBVHic7N13nFxV/f/x97n3zrZkd9M2IaQRCKGG3glK+dKCgFIEQvmC8kNAxAKKgAiIoCAoSlXALyggChJAioACSu+9BEiAFEJ6sptsmZl7z++PKTuzc2f77O7Nvp48QjK3nHvO3Ho+c+45Zvh7J1gBAAAAAABEmNPfGQAAAAAAAOgpAhwAAAAAACDyCHAAAAAAAIDII8ABAAAAAAAijwAHAAAAAACIPAIcAAAAAAAg8ghwAAAAAACAyCPAAQAAAAAAIo8ABwAAAAAAiDwCHAAAAAAAIPIIcAAAAAAAgMgjwAEAAAAAACKPAAcAAAAAAIg8AhwAAAAAACDyCHAAAAAAAIDII8ABAAAAAAAijwAHAAAAAACIPAIcAAAAAAAg8ghwAAAAAACAyCPAAQAAAAAAIo8ABwAAAAAAiDwCHAAAAAAAIPIIcAAAAAAAgMgjwAEAAAAAACKPAAcAAAAAAIg8r78zAAwERkYm87dJ/VuSrCRrrVL/Kf3/6Bos5QQAAAAw+BDgwKBlZOQZRxuVrac7J3xfG8Tq2l3+08RSHTP/N5ob/0JJG0QmCDBYygkAAAB0Rq1bpS3LJ2paxUTVOlXasmKiat0h2fmr/bV6p3meVgeNert5nt5pmafVfmO/5HV61aZ6YNK5nVr2kM9+oWcaPyhxjgY2AhwYlKqdSv109JE6cfhecjv5ptYGsTo9v+Fl8hXotpVP6eIlf1ND0FTinPbMYCknAAAA0J6JsVGaUb2dZlRvr+lVm3a4/EHV2+d9fqbxAz3c8KoebnhN8xLLSpVN9JAZ/t4J/DyLQcMzrk4bsb8uGv11tb6g0T1WVhcvuVvXr/inktbvpRz2jsFSTgAAAKA906s21bdG...
&amp#27;[38;5;150m[38c6d4a9]&amp#27;[0m&amp#27;[38;5;-137m[AndroidUiautomator2Driver@896a]&amp#27;[0m Responding to client with driver.getScreenshot() result: "iVBORw0KGgoAAAANSUhEUgAABDgAAAjoCAYAAAA5jhrUAAAAAXNSR0IArs4c6QAAAARzQklUCAgICHwIZIgAACAASURBVHic7N13nFxV/f/x97n3zrZkd9M2IaQRCKGG3glK+dKCgFIEQvmC8kNAxAKKgAiIoCAoSlXALyggChJAioACSu+9BEiAFEJ6sptsmZl7z++PKTuzc2f77O7Nvp48QjK3nHvO3Ho+c+45Zvh7J1gBAAAAAABEmNPfGQAAAAAAAOgpAhwAAAAAACDyCHAAAAAAAIDII8ABAAAAAAAijwAHAAAAAACIPAIcAAAAAAAg8ghwAAAAAACAyCPAAQAAAAAAIo8ABwAAAAAAiDwCHAAAAAAAIPIIcAAAAAAAgMgjwAEAAAAAACKPAAcAAAAAAIg8AhwAAAAAACDyCHAAAAAAAIDII8ABAAAAAAAijwAHAAAAAACIPAIcAAAAAAAg8ghwAAAAAACAyCPAAQAAAAAAIo8ABwAAAAAAiDwCHAAAAAAAIPIIcAAAAAAAgMgjwAEAAAAAACKPAAcAAAAAAIg8r78zAAwERkYm87dJ/VuSrCRrrVL/Kf3/6Bos5QQAAAAw+BDgwKBlZOQZRxuVrac7J3xfG8Tq2l3+08RSHTP/N5ob/0JJG0QmCDBYygkAAAB0Rq1bpS3LJ2paxUTVOlXasmKiat0h2fmr/bV6p3meVgeNert5nt5pmafVfmO/5HV61aZ6YNK5nVr2kM9+oWcaPyhxjgY2AhwYlKqdSv109JE6cfhecjv5ptYGsTo9v+Fl8hXotpVP6eIlf1ND0FTinPbMYCknAAAA0J6JsVGaUb2dZlRvr+lVm3a4/EHV2+d9fqbxAz3c8KoebnhN8xLLSpVN9JAZ/t4J/DyLQcMzrk4bsb8uGv11tb6g0T1WVhcvuVvXr/inktbvpRz2jsFSTgAAAKA906s21bdG7FcQsOiJhxpe1e9XPNYnrSVowdE1BDgwKBgZVTsVenLyzzS5bHSvpv1JfIn2...
&amp#27;[38;5;150m[38c6d4a9]&amp#27;[0m&amp#27;[38;5;86m[HTTP]&amp#27;[0m &amp#27;[37m<-- GET /session/38c6d4a9-c84c-4a4b-8a1b-6bd8075dc307/screenshot &amp#27;[39m&amp#27;[32m200&amp#27;[39m &amp#27;[90m1219 ms - 613524&amp#27;[39m &amp#27;[90m&amp#27;[39m
&amp#27;[38;5;150m[38c6d4a9]&amp#27;[0m&amp#27;[38;5;86m[HTTP]&amp#27;[0m &amp#27;[37m-->&amp#27;[39m &amp#27;[37mGET&amp#27;[39m &amp#27;[37m/session/38c6d4a9-c84c-4a4b-8a1b-6bd8075dc307/screenshot&amp#27;[39m &amp#27;[90m{}&amp#27;[39m
&amp#27;[38;5;150m[38c6d4a9]&amp#27;[0m&amp#27;[38;5;-137m[AndroidUiautomator2Driver@896a]&amp#27;[0m Calling AppiumDriver.getScreenshot() with args: ["38c6d4a9-c84c-4a4b-8a1b-6bd8075dc307"]
&amp#27;[38;5;150m[38c6d4a9]&amp#27;[0m&amp#27;[38;5;-137m[AndroidUiautomator2Driver@896a]&amp#27;[0m Matched '/screenshot' to command name 'getScreenshot'
&amp#27;[38;5;150m[38c6d4a9]&amp#27;[0m&amp#27;[38;5;-137m[AndroidUiautomator2Driver@896a]&amp#27;[0m Proxying [GET /screenshot] to [GET http://127.0.0.1:8202/session/0db7bf62-a6c2-409c-859a-28e256927f30/screenshot] with no body
&amp#27;[38;5;150m[38c6d4a9]&amp#27;[0m&amp#27;[38;5;-137m[AndroidUiautomator2Driver@896a]&amp#27;[0m Got response with status 200: {"sessionId":"0db7bf62-a6c2-409c-859a-28e256927f30","value":"iVBORw0KGgoAAAANSUhEUgAABDgAAAjoCAYAAAA5jhrUAAAAAXNSR0IArs4c6QAAAARzQklUCAgICHwIZIgAACAASURBVHic7N13nFxV/f/x97n3zrZkd9M2IaQRCKGG3glK+dKCgFIEQvmC8kNAxAKKgAiIoCAoSlXALyggChJAioACSu+9BEiAFEJ6sptsmZl7z++PKTuzc2f77O7Nvp48QjK3nHvO3Ho+c+45Zvh7J1gBAAAAAABEmNPfGQAAAAAAAOgpAhwAAAAAACDyCHAAAAAAAIDII8ABAAAAAAAijwAHAAAAAACIPAIcAAAAAAAg8ghwAAAAAACAyCPAAQAAAAAAIo8ABwAAAAAAiDwCHAAAAAAAIPIIcAAAAAAAgMgjwAEAAAAAACKPAAcAAAAAAIg8AhwAAAAAACDyCHAAAAAAAIDII8ABAAAAAAAijwAHAAAAAACIPAIcAAAAAAAg8ghwAAAAAACAyCPAAQAAAAAAIo8ABwAAAAAAiDwCHAAAAAAAIPIIcAAAAAAAgMgjwAEAAAAAACKPAAcAAAAAAIg8r78zAAwERkYm87dJ/VuSrCRrrVL/Kf3/6Bos5QQAAAAw+BDgwKBlZOQZRxuVrac7J3xfG8Tq2l3+08RSHTP/N5ob/0JJG0QmCDBYygkAAAB0Rq1bpS3LJ2paxUTVOlXasmKiat0h2fmr/bV6p3meVgeNert5nt5pmafVfmO/5HV61aZ6YNK5nVr2kM9+oWcaPyhxjgY2AhwYlKqdSv109JE6cfhecjv5ptYGsTo9v+Fl8hXotpVP6eIlf1ND0FTinPbMYCknAAAA0J6JsVGaUb2dZlRvr+lVm3a4/EHV2+d9fqbxAz3c8KoebnhN8xLLSpVN9JAZ/t4J/DyLQcMzrk4bsb8uGv11tb6g0T1WVhcvuVvXr/inktbvpRz2jsFSTgAAAKA906s21bdG...
&amp#27;[38;5;150m[38c6d4a9]&amp#27;[0m&amp#27;[38;5;-137m[AndroidUiautomator2Driver@896a]&amp#27;[0m Responding to client with driver.getScreenshot() result: "iVBORw0KGgoAAAANSUhEUgAABDgAAAjoCAYAAAA5jhrUAAAAAXNSR0IArs4c6QAAAARzQklUCAgICHwIZIgAACAASURBVHic7N13nFxV/f/x97n3zrZkd9M2IaQRCKGG3glK+dKCgFIEQvmC8kNAxAKKgAiIoCAoSlXALyggChJAioACSu+9BEiAFEJ6sptsmZl7z++PKTuzc2f77O7Nvp48QjK3nHvO3Ho+c+45Zvh7J1gBAAAAAABEmNPfGQAAAAAAAOgpAhwAAAAAACDyCHAAAAAAAIDII8ABAAAAAAAijwAHAAAAAACIPAIcAAAAAAAg8ghwAAAAAACAyCPAAQAAAAAAIo8ABwAAAAAAiDwCHAAAAAAAIPIIcAAAAAAAgMgjwAEAAAAAACKPAAcAAAAAAIg8AhwAAAAAACDyCHAAAAAAAIDII8ABAAAAAAAijwAHAAAAAACIPAIcAAAAAAAg8ghwAAAAAACAyCPAAQAAAAAAIo8ABwAAAAAAiDwCHAAAAAAAIPIIcAAAAAAAgMgjwAEAAAAAACKPAAcAAAAAAIg8r78zAAwERkYm87dJ/VuSrCRrrVL/Kf3/6Bos5QQAAAAw+BDgwKBlZOQZRxuVrac7J3xfG8Tq2l3+08RSHTP/N5ob/0JJG0QmCDBYygkAAAB0Rq1bpS3LJ2paxUTVOlXasmKiat0h2fmr/bV6p3meVgeNert5nt5pmafVfmO/5HV61aZ6YNK5nVr2kM9+oWcaPyhxjgY2AhwYlKqdSv109JE6cfhecjv5ptYGsTo9v+Fl8hXotpVP6eIlf1ND0FTinPbMYCknAAAA0J6JsVGaUb2dZlRvr+lVm3a4/EHV2+d9fqbxAz3c8KoebnhN8xLLSpVN9JAZ/t4J/DyLQcMzrk4bsb8uGv11tb6g0T1WVhcvuVvXr/inktbvpRz2jsFSTgAAAKA906s21bdG7FcQsOiJhxpe1e9XPNYnrSVowdE1BDgwKBgZVTsVenLyzzS5bHSvpv1JfIn2...
&amp#27;[38;5;150m[38c6d4a9]&amp#27;[0m&amp#27;[38;5;86m[HTTP]&amp#27;[0m &amp#27;[37m<-- GET /session/38c6d4a9-c84c-4a4b-8a1b-6bd8075dc307/screenshot &amp#27;[39m&amp#27;[32m200&amp#27;[39m &amp#27;[90m1196 ms - 620716&amp#27;[39m &amp#27;[90m&amp#27;[39m
&amp#27;[38;5;150m[38c6d4a9]&amp#27;[0m&amp#27;[38;5;86m[HTTP]&amp#27;[0m &amp#27;[37m-->&amp#27;[39m &amp#27;[37mPOST&amp#27;[39m &amp#27;[37m/session/38c6d4a9-c84c-4a4b-8a1b-6bd8075dc307/element&amp#27;[39m &amp#27;[90m{"using":"-android uiautomator","value":"new UiScrollable(new UiSelector()).scrollIntoView(text(\"Argentina\"));"}&amp#27;[39m
&amp#27;[38;5;150m[38c6d4a9]&amp#27;[0m&amp#27;[38;5;-137m[AndroidUiautomator2Driver@896a]&amp#27;[0m Calling AppiumDriver.findElement() with args: ["-android uiautomator","new UiScrollable(new UiSelector()).scrollIntoView(text(\"Argentina\"));","38c6d4a9-c84c-4a4b-8a1b-6bd8075dc307"]
&amp#27;[38;5;150m[38c6d4a9]&amp#27;[0m&amp#27;[38;5;-137m[AndroidUiautomator2Driver@896a]&amp#27;[0m Valid locator strategies for this request: xpath, id, class name, accessibility id, css selector, -android uiautomator
&amp#27;[38;5;150m[38c6d4a9]&amp#27;[0m&amp#27;[38;5;-137m[AndroidUiautomator2Driver@896a]&amp#27;[0m Waiting up to 0 ms for condition
&amp#27;[38;5;150m[38c6d4a9]&amp#27;[0m&amp#27;[38;5;-137m[AndroidUiautomator2Driver@896a]&amp#27;[0m Matched '/element' to command name 'findElement'
&amp#27;[38;5;150m[38c6d4a9]&amp#27;[0m&amp#27;[38;5;-137m[AndroidUiautomator2Driver@896a]&amp#27;[0m Proxying [POST /element] to [POST http://127.0.0.1:8202/session/0db7bf62-a6c2-409c-859a-28e256927f30/element] with body: {"strategy":"-android uiautomator","selector":"new UiScrollable(new UiSelector()).scrollIntoView(text(\"Argentina\"));","context":"","multiple":false}
&amp#27;[38;5;150m[38c6d4a9]&amp#27;[0m&amp#27;[38;5;-137m[AndroidUiautomator2Driver@896a]&amp#27;[0m Got response with status 200: {"sessionId":"0db7bf62-a6c2-409c-859a-28e256927f30","value":{"ELEMENT":"00000000-0000-09df-ffff-ffff00000032","element-6066-11e4-a52e-4f735466cecf":"00000000-0000-09df-ffff-ffff00000032"}}
&amp#27;[38;5;150m[38c6d4a9]&amp#27;[0m&amp#27;[38;5;-137m[AndroidUiautomator2Driver@896a]&amp#27;[0m Responding to client with driver.findElement() result: {"element-6066-11e4-a52e-4f735466cecf":"00000000-0000-09df-ffff-ffff00000032","ELEMENT":"00000000-0000-09df-ffff-ffff00000032"}
&amp#27;[38;5;150m[38c6d4a9]&amp#27;[0m&amp#27;[38;5;86m[HTTP]&amp#27;[0m &amp#27;[37m<-- POST /session/38c6d4a9-c84c-4a4b-8a1b-6bd8075dc307/element &amp#27;[39m&amp#27;[32m200&amp#27;[39m &amp#27;[90m3528 ms - 137&amp#27;[39m &amp#27;[90m&amp#27;[39m
&amp#27;[38;5;150m[38c6d4a9]&amp#27;[0m&amp#27;[38;5;86m[HTTP]&amp#27;[0m &amp#27;[37m-->&amp#27;[39m &amp#27;[37mPOST&amp#27;[39m &amp#27;[37m/session/38c6d4a9-c84c-4a4b-8a1b-6bd8075dc307/element&amp#27;[39m &amp#27;[90m{"using":"xpath","value":"//android.widget.TextView[@text='Argentina']"}&amp#27;[39m
&amp#27;[38;5;150m[38c6d4a9]&amp#27;[0m&amp#27;[38;5;-137m[AndroidUiautomator2Driver@896a]&amp#27;[0m Calling AppiumDriver.findElement() with args: ["xpath","//android.widget.TextView[@text='Argentina']","38c6d4a9-c84c-4a4b-8a1b-6bd8075dc307"]
&amp#27;[38;5;150m[38c6d4a9]&amp#27;[0m&amp#27;[38;5;-137m[AndroidUiautomator2Driver@896a]&amp#27;[0m Valid locator strategies for this request: xpath, id, class name, accessibility id, css selector, -android uiautomator
&amp#27;[38;5;150m[38c6d4a9]&amp#27;[0m&amp#27;[38;5;-137m[AndroidUiautomator2Driver@896a]&amp#27;[0m Waiting up to 0 ms for condition
&amp#27;[38;5;150m[38c6d4a9]&amp#27;[0m&amp#27;[38;5;-137m[AndroidUiautomator2Driver@896a]&amp#27;[0m Matched '/element' to command name 'findElement'
&amp#27;[38;5;150m[38c6d4a9]&amp#27;[0m&amp#27;[38;5;-137m[AndroidUiautomator2Driver@896a]&amp#27;[0m Proxying [POST /element] to [POST http://127.0.0.1:8202/session/0db7bf62-a6c2-409c-859a-28e256927f30/element] with body: {"strategy":"xpath","selector":"//android.widget.TextView[@text='Argentina']","context":"","multiple":false}
&amp#27;[38;5;150m[38c6d4a9]&amp#27;[0m&amp#27;[38;5;-137m[AndroidUiautomator2Driver@896a]&amp#27;[0m Got response with status 200: {"sessionId":"0db7bf62-a6c2-409c-859a-28e256927f30","value":{"ELEMENT":"00000000-0000-09df-ffff-ffff00000032","element-6066-11e4-a52e-4f735466cecf":"00000000-0000-09df-ffff-ffff00000032"}}
&amp#27;[38;5;150m[38c6d4a9]&amp#27;[0m&amp#27;[38;5;-137m[AndroidUiautomator2Driver@896a]&amp#27;[0m Responding to client with driver.findElement() result: {"element-6066-11e4-a52e-4f735466cecf":"00000000-0000-09df-ffff-ffff00000032","ELEMENT":"00000000-0000-09df-ffff-ffff00000032"}
&amp#27;[38;5;150m[38c6d4a9]&amp#27;[0m&amp#27;[38;5;86m[HTTP]&amp#27;[0m &amp#27;[37m<-- POST /session/38c6d4a9-c84c-4a4b-8a1b-6bd8075dc307/element &amp#27;[39m&amp#27;[32m200&amp#27;[39m &amp#27;[90m544 ms - 137&amp#27;[39m &amp#27;[90m&amp#27;[39m
&amp#27;[38;5;150m[38c6d4a9]&amp#27;[0m&amp#27;[38;5;86m[HTTP]&amp#27;[0m &amp#27;[37m-->&amp#27;[39m &amp#27;[37mPOST&amp#27;[39m &amp#27;[37m/session/38c6d4a9-c84c-4a4b-8a1b-6bd8075dc307/element/00000000-0000-09df-ffff-ffff00000032/click&amp#27;[39m &amp#27;[90m{"id":"00000000-0000-09df-ffff-ffff00000032"}&amp#27;[39m
&amp#27;[38;5;150m[38c6d4a9]&amp#27;[0m&amp#27;[38;5;-137m[AndroidUiautomator2Driver@896a]&amp#27;[0m Calling AppiumDriver.click() with args: ["00000000-0000-09df-ffff-ffff00000032","38c6d4a9-c84c-4a4b-8a1b-6bd8075dc307"]
&amp#27;[38;5;150m[38c6d4a9]&amp#27;[0m&amp#27;[38;5;-137m[AndroidUiautomator2Driver@896a]&amp#27;[0m Matched '/element/00000000-0000-09df-ffff-ffff00000032/click' to command name 'click'
&amp#27;[38;5;150m[38c6d4a9]&amp#27;[0m&amp#27;[38;5;-137m[AndroidUiautomator2Driver@896a]&amp#27;[0m Proxying [POST /element/00000000-0000-09df-ffff-ffff00000032/click] to [POST http://127.0.0.1:8202/session/0db7bf62-a6c2-409c-859a-28e256927f30/element/00000000-0000-09df-ffff-ffff00000032/click] with body: {"element":"00000000-0000-09df-ffff-ffff00000032"}
&amp#27;[38;5;150m[38c6d4a9]&amp#27;[0m&amp#27;[38;5;-137m[AndroidUiautomator2Driver@896a]&amp#27;[0m Got response with status 200: {"sessionId":"0db7bf62-a6c2-409c-859a-28e256927f30","value":null}
&amp#27;[38;5;150m[38c6d4a9]&amp#27;[0m&amp#27;[38;5;-137m[AndroidUiautomator2Driver@896a]&amp#27;[0m Responding to client with driver.click() result: null
&amp#27;[38;5;150m[38c6d4a9]&amp#27;[0m&amp#27;[38;5;86m[HTTP]&amp#27;[0m &amp#27;[37m<-- POST /session/38c6d4a9-c84c-4a4b-8a1b-6bd8075dc307/element/00000000-0000-09df-ffff-ffff00000032/click &amp#27;[39m&amp#27;[32m200&amp#27;[39m &amp#27;[90m706 ms - 14&amp#27;[39m &amp#27;[90m&amp#27;[39m
&amp#27;[38;5;150m[38c6d4a9]&amp#27;[0m&amp#27;[38;5;86m[HTTP]&amp#27;[0m &amp#27;[37m-->&amp#27;[39m &amp#27;[37mGET&amp#27;[39m &amp#27;[37m/session/38c6d4a9-c84c-4a4b-8a1b-6bd8075dc307/screenshot&amp#27;[39m &amp#27;[90m{}&amp#27;[39m
&amp#27;[38;5;150m[38c6d4a9]&amp#27;[0m&amp#27;[38;5;-137m[AndroidUiautomator2Driver@896a]&amp#27;[0m Calling AppiumDriver.getScreenshot() with args: ["38c6d4a9-c84c-4a4b-8a1b-6bd8075dc307"]
&amp#27;[38;5;150m[38c6d4a9]&amp#27;[0m&amp#27;[38;5;-137m[AndroidUiautomator2Driver@896a]&amp#27;[0m Matched '/screenshot' to command name 'getScreenshot'
&amp#27;[38;5;150m[38c6d4a9]&amp#27;[0m&amp#27;[38;5;-137m[AndroidUiautomator2Driver@896a]&amp#27;[0m Proxying [GET /screenshot] to [GET http://127.0.0.1:8202/session/0db7bf62-a6c2-409c-859a-28e256927f30/screenshot] with no body
&amp#27;[38;5;150m[38c6d4a9]&amp#27;[0m&amp#27;[38;5;-137m[AndroidUiautomator2Driver@896a]&amp#27;[0m Got response with status 200: {"sessionId":"0db7bf62-a6c2-409c-859a-28e256927f30","value":"iVBORw0KGgoAAAANSUhEUgAABDgAAAjoCAYAAAA5jhrUAAAAAXNSR0IArs4c6QAAAARzQklUCAgICHwIZIgAACAASURBVHic7N13nFxV/f/x97n3zrZkd9M2IaQRCKGG3glK+dKCgFIEQvmC8kNAxAKKgAiIoCAoSlXALyggChJAioACSu+9BEiAFEJ6sptsmZl7z++PKTuzc2f77O7Nvp48QjK3nHvO3Ho+c+45Zvh7J1gBAAAAAABEmNPfGQAAAAAAAOgpAhwAAAAAACDyCHAAAAAAAIDII8ABAAAAAAAijwAHAAAAAACIPAIcAAAAAAAg8ghwAAAAAACAyCPAAQAAAAAAIo8ABwAAAAAAiDwCHAAAAAAAIPIIcAAAAAAAgMgjwAEAAAAAACKPAAcAAAAAAIg8AhwAAAAAACDyCHAAAAAAAIDII8ABAAAAAAAijwAHAAAAAACIPAIcAAAAAAAg8ghwAAAAAACAyCPAAQAAAAAAIo8ABwAAAAAAiDwCHAAAAAAAIPIIcAAAAAAAgMgjwAEAAAAAACKPAAcAAAAAAIg8r78zAAwERkYm87dJ/VuSrCRrrVL/Kf3/6Bos5QQAAAAw+BDgwKBlZOQZRxuVrac7J3xfG8Tq2l3+08RSHTP/N5ob/0JJG0QmCDBYygkAAAB0Rq1bpS3LJ2paxUTVOlXasmKiat0h2fmr/bV6p3meVgeNert5nt5pmafVfmO/5HV61aZ6YNK5nVr2kM9+oWcaPyhxjgY2AhwYlKqdSv109JE6cfhecjv5ptYGsTo9v+Fl8hXotpVP6eIlf1ND0FTinPbMYCknAAAA0J6JsVGaUb2dZlRvr+lVm3a4/EHV2+d9fqbxAz3c8KoebnhN8xLLSpVN9JAZ/t4J/DyLQcMzrk4bsb8uGv11tb6g0T1WVhcvuVvXr/inktbvpRz2jsFSTgAAAKA906s21bdG...
&amp#27;[38;5;150m[38c6d4a9]&amp#27;[0m&amp#27;[38;5;-137m[AndroidUiautomator2Driver@896a]&amp#27;[0m Responding to client with driver.getScreenshot() result: "iVBORw0KGgoAAAANSUhEUgAABDgAAAjoCAYAAAA5jhrUAAAAAXNSR0IArs4c6QAAAARzQklUCAgICHwIZIgAACAASURBVHic7N13nFxV/f/x97n3zrZkd9M2IaQRCKGG3glK+dKCgFIEQvmC8kNAxAKKgAiIoCAoSlXALyggChJAioACSu+9BEiAFEJ6sptsmZl7z++PKTuzc2f77O7Nvp48QjK3nHvO3Ho+c+45Zvh7J1gBAAAAAABEmNPfGQAAAAAAAOgpAhwAAAAAACDyCHAAAAAAAIDII8ABAAAAAAAijwAHAAAAAACIPAIcAAAAAAAg8ghwAAAAAACAyCPAAQAAAAAAIo8ABwAAAAAAiDwCHAAAAAAAIPIIcAAAAAAAgMgjwAEAAAAAACKPAAcAAAAAAIg8AhwAAAAAACDyCHAAAAAAAIDII8ABAAAAAAAijwAHAAAAAACIPAIcAAAAAAAg8ghwAAAAAACAyCPAAQAAAAAAIo8ABwAAAAAAiDwCHAAAAAAAIPIIcAAAAAAAgMgjwAEAAAAAACKPAAcAAAAAAIg8r78zAAwERkYm87dJ/VuSrCRrrVL/Kf3/6Bos5QQAAAAw+BDgwKBlZOQZRxuVrac7J3xfG8Tq2l3+08RSHTP/N5ob/0JJG0QmCDBYygkAAAB0Rq1bpS3LJ2paxUTVOlXasmKiat0h2fmr/bV6p3meVgeNert5nt5pmafVfmO/5HV61aZ6YNK5nVr2kM9+oWcaPyhxjgY2AhwYlKqdSv109JE6cfhecjv5ptYGsTo9v+Fl8hXotpVP6eIlf1ND0FTinPbMYCknAAAA0J6JsVGaUb2dZlRvr+lVm3a4/EHV2+d9fqbxAz3c8KoebnhN8xLLSpVN9JAZ/t4J/DyLQcMzrk4bsb8uGv11tb6g0T1WVhcvuVvXr/inktbvpRz2jsFSTgAAAKA906s21bdG7FcQsOiJhxpe1e9XPNYnrSVowdE1BDgwKBgZVTsVenLyzzS5bHSvpv1JfIn2...
&amp#27;[38;5;150m[38c6d4a9]&amp#27;[0m&amp#27;[38;5;86m[HTTP]&amp#27;[0m &amp#27;[37m<-- GET /session/38c6d4a9-c84c-4a4b-8a1b-6bd8075dc307/screenshot &amp#27;[39m&amp#27;[32m200&amp#27;[39m &amp#27;[90m1222 ms - 599568&amp#27;[39m &amp#27;[90m&amp#27;[39m
&amp#27;[38;5;150m[38c6d4a9]&amp#27;[0m&amp#27;[38;5;86m[HTTP]&amp#27;[0m &amp#27;[37m-->&amp#27;[39m &amp#27;[37mGET&amp#27;[39m &amp#27;[37m/session/38c6d4a9-c84c-4a4b-8a1b-6bd8075dc307/screenshot&amp#27;[39m &amp#27;[90m{}&amp#27;[39m
&amp#27;[38;5;150m[38c6d4a9]&amp#27;[0m&amp#27;[38;5;-137m[AndroidUiautomator2Driver@896a]&amp#27;[0m Calling AppiumDriver.getScreenshot() with args: ["38c6d4a9-c84c-4a4b-8a1b-6bd8075dc307"]
&amp#27;[38;5;150m[38c6d4a9]&amp#27;[0m&amp#27;[38;5;-137m[AndroidUiautomator2Driver@896a]&amp#27;[0m Matched '/screenshot' to command name 'getScreenshot'
&amp#27;[38;5;150m[38c6d4a9]&amp#27;[0m&amp#27;[38;5;-137m[AndroidUiautomator2Driver@896a]&amp#27;[0m Proxying [GET /screenshot] to [GET http://127.0.0.1:8202/session/0db7bf62-a6c2-409c-859a-28e256927f30/screenshot] with no body
&amp#27;[38;5;150m[38c6d4a9]&amp#27;[0m&amp#27;[38;5;-137m[AndroidUiautomator2Driver@896a]&amp#27;[0m Got response with status 200: {"sessionId":"0db7bf62-a6c2-409c-859a-28e256927f30","value":"iVBORw0KGgoAAAANSUhEUgAABDgAAAjoCAYAAAA5jhrUAAAAAXNSR0IArs4c6QAAAARzQklUCAgICHwIZIgAACAASURBVHic7N13nFxV/f/x97n3zrZkd9M2IaQRCKGG3glK+dKCgFIEQvmC8kNAxAKKgAiIoCAoSlXALyggChJAioACSu+9BEiAFEJ6sptsmZl7z++PKTuzc2f77O7Nvp48QjK3nHvO3Ho+c+45Zvh7J1gBAAAAAABEmNPfGQAAAAAAAOgpAhwAAAAAACDyCHAAAAAAAIDII8ABAAAAAAAijwAHAAAAAACIPAIcAAAAAAAg8ghwAAAAAACAyCPAAQAAAAAAIo8ABwAAAAAAiDwCHAAAAAAAIPIIcAAAAAAAgMgjwAEAAAAAACKPAAcAAAAAAIg8AhwAAAAAACDyCHAAAAAAAIDII8ABAAAAAAAijwAHAAAAAACIPAIcAAAAAAAg8ghwAAAAAACAyCPAAQAAAAAAIo8ABwAAAAAAiDwCHAAAAAAAIPIIcAAAAAAAgMgjwAEAAAAAACKPAAcAAAAAAIg8r78zAAwERkYm87dJ/VuSrCRrrVL/Kf3/6Bos5QQAAAAw+BDgwKBlZOQZRxuVrac7J3xfG8Tq2l3+08RSHTP/N5ob/0JJG0QmCDBYygkAAAB0Rq1bpS3LJ2paxUTVOlXasmKiat0h2fmr/bV6p3meVgeNert5nt5pmafVfmO/5HV61aZ6YNK5nVr2kM9+oWcaPyhxjgY2AhwYlKqdSv109JE6cfhecjv5ptYGsTo9v+Fl8hXotpVP6eIlf1ND0FTinPbMYCknAAAA0J6JsVGaUb2dZlRvr+lVm3a4/EHV2+d9fqbxAz3c8KoebnhN8xLLSpVN9JAZ/t4J/DyLQcMzrk4bsb8uGv11tb6g0T1WVhcvuVvXr/inktbvpRz2jsFSTgAAAKA906s21bdG...
&amp#27;[38;5;150m[38c6d4a9]&amp#27;[0m&amp#27;[38;5;-137m[AndroidUiautomator2Driver@896a]&amp#27;[0m Responding to client with driver.getScreenshot() result: "iVBORw0KGgoAAAANSUhEUgAABDgAAAjoCAYAAAA5jhrUAAAAAXNSR0IArs4c6QAAAARzQklUCAgICHwIZIgAACAASURBVHic7N13nFxV/f/x97n3zrZkd9M2IaQRCKGG3glK+dKCgFIEQvmC8kNAxAKKgAiIoCAoSlXALyggChJAioACSu+9BEiAFEJ6sptsmZl7z++PKTuzc2f77O7Nvp48QjK3nHvO3Ho+c+45Zvh7J1gBAAAAAABEmNPfGQAAAAAAAOgpAhwAAAAAACDyCHAAAAAAAIDII8ABAAAAAAAijwAHAAAAAACIPAIcAAAAAAAg8ghwAAAAAACAyCPAAQAAAAAAIo8ABwAAAAAAiDwCHAAAAAAAIPIIcAAAAAAAgMgjwAEAAAAAACKPAAcAAAAAAIg8AhwAAAAAACDyCHAAAAAAAIDII8ABAAAAAAAijwAHAAAAAACIPAIcAAAAAAAg8ghwAAAAAACAyCPAAQAAAAAAIo8ABwAAAAAAiDwCHAAAAAAAIPIIcAAAAAAAgMgjwAEAAAAAACKPAAcAAAAAAIg8r78zAAwERkYm87dJ/VuSrCRrrVL/Kf3/6Bos5QQAAAAw+BDgwKBlZOQZRxuVrac7J3xfG8Tq2l3+08RSHTP/N5ob/0JJG0QmCDBYygkAAAB0Rq1bpS3LJ2paxUTVOlXasmKiat0h2fmr/bV6p3meVgeNert5nt5pmafVfmO/5HV61aZ6YNK5nVr2kM9+oWcaPyhxjgY2AhwYlKqdSv109JE6cfhecjv5ptYGsTo9v+Fl8hXotpVP6eIlf1ND0FTinPbMYCknAAAA0J6JsVGaUb2dZlRvr+lVm3a4/EHV2+d9fqbxAz3c8KoebnhN8xLLSpVN9JAZ/t4J/DyLQcMzrk4bsb8uGv11tb6g0T1WVhcvuVvXr/inktbvpRz2jsFSTgAAAKA906s21bdG7FcQsOiJhxpe1e9XPNYnrSVowdE1BDgwKBgZVTsVenLyzzS5bHSvpv1JfIn2...
&amp#27;[38;5;150m[38c6d4a9]&amp#27;[0m&amp#27;[38;5;86m[HTTP]&amp#27;[0m &amp#27;[37m<-- GET /session/38c6d4a9-c84c-4a4b-8a1b-6bd8075dc307/screenshot &amp#27;[39m&amp#27;[32m200&amp#27;[39m &amp#27;[90m1241 ms - 599568&amp#27;[39m &amp#27;[90m&amp#27;[39m
&amp#27;[38;5;150m[38c6d4a9]&amp#27;[0m&amp#27;[38;5;86m[HTTP]&amp#27;[0m &amp#27;[37m-->&amp#27;[39m &amp#27;[37mPOST&amp#27;[39m &amp#27;[37m/session/38c6d4a9-c84c-4a4b-8a1b-6bd8075dc307/element&amp#27;[39m &amp#27;[90m{"using":"id","value":"com.androidsample.generalstore:id/btnLetsShop"}&amp#27;[39m
&amp#27;[38;5;150m[38c6d4a9]&amp#27;[0m&amp#27;[38;5;-137m[AndroidUiautomator2Driver@896a]&amp#27;[0m Calling AppiumDriver.findElement() with args: ["id","com.androidsample.generalstore:id/btnLetsShop","38c6d4a9-c84c-4a4b-8a1b-6bd8075dc307"]
&amp#27;[38;5;150m[38c6d4a9]&amp#27;[0m&amp#27;[38;5;-137m[AndroidUiautomator2Driver@896a]&amp#27;[0m Valid locator strategies for this request: xpath, id, class name, accessibility id, css selector, -android uiautomator
&amp#27;[38;5;150m[38c6d4a9]&amp#27;[0m&amp#27;[38;5;-137m[AndroidUiautomator2Driver@896a]&amp#27;[0m Waiting up to 0 ms for condition
&amp#27;[38;5;150m[38c6d4a9]&amp#27;[0m&amp#27;[38;5;-137m[AndroidUiautomator2Driver@896a]&amp#27;[0m Matched '/element' to command name 'findElement'
&amp#27;[38;5;150m[38c6d4a9]&amp#27;[0m&amp#27;[38;5;-137m[AndroidUiautomator2Driver@896a]&amp#27;[0m Proxying [POST /element] to [POST http://127.0.0.1:8202/session/0db7bf62-a6c2-409c-859a-28e256927f30/element] with body: {"strategy":"id","selector":"com.androidsample.generalstore:id/btnLetsShop","context":"","multiple":false}
&amp#27;[38;5;150m[38c6d4a9]&amp#27;[0m&amp#27;[38;5;-137m[AndroidUiautomator2Driver@896a]&amp#27;[0m Got response with status 200: {"sessionId":"0db7bf62-a6c2-409c-859a-28e256927f30","value":{"ELEMENT":"00000000-0000-09de-ffff-ffff00000021","element-6066-11e4-a52e-4f735466cecf":"00000000-0000-09de-ffff-ffff00000021"}}
&amp#27;[38;5;150m[38c6d4a9]&amp#27;[0m&amp#27;[38;5;-137m[AndroidUiautomator2Driver@896a]&amp#27;[0m Responding to client with driver.findElement() result: {"element-6066-11e4-a52e-4f735466cecf":"00000000-0000-09de-ffff-ffff00000021","ELEMENT":"00000000-0000-09de-ffff-ffff00000021"}
&amp#27;[38;5;150m[38c6d4a9]&amp#27;[0m&amp#27;[38;5;86m[HTTP]&amp#27;[0m &amp#27;[37m<-- POST /session/38c6d4a9-c84c-4a4b-8a1b-6bd8075dc307/element &amp#27;[39m&amp#27;[32m200&amp#27;[39m &amp#27;[90m91 ms - 137&amp#27;[39m &amp#27;[90m&amp#27;[39m
&amp#27;[38;5;150m[38c6d4a9]&amp#27;[0m&amp#27;[38;5;86m[HTTP]&amp#27;[0m &amp#27;[37m-->&amp#27;[39m &amp#27;[37mPOST&amp#27;[39m &amp#27;[37m/session/38c6d4a9-c84c-4a4b-8a1b-6bd8075dc307/element/00000000-0000-09de-ffff-ffff00000021/click&amp#27;[39m &amp#27;[90m{"id":"00000000-0000-09de-ffff-ffff00000021"}&amp#27;[39m
&amp#27;[38;5;150m[38c6d4a9]&amp#27;[0m&amp#27;[38;5;-137m[AndroidUiautomator2Driver@896a]&amp#27;[0m Calling AppiumDriver.click() with args: ["00000000-0000-09de-ffff-ffff00000021","38c6d4a9-c84c-4a4b-8a1b-6bd8075dc307"]
&amp#27;[38;5;150m[38c6d4a9]&amp#27;[0m&amp#27;[38;5;-137m[AndroidUiautomator2Driver@896a]&amp#27;[0m Matched '/element/00000000-0000-09de-ffff-ffff00000021/click' to command name 'click'
&amp#27;[38;5;150m[38c6d4a9]&amp#27;[0m&amp#27;[38;5;-137m[AndroidUiautomator2Driver@896a]&amp#27;[0m Proxying [POST /element/00000000-0000-09de-ffff-ffff00000021/click] to [POST http://127.0.0.1:8202/session/0db7bf62-a6c2-409c-859a-28e256927f30/element/00000000-0000-09de-ffff-ffff00000021/click] with body: {"element":"00000000-0000-09de-ffff-ffff00000021"}
&amp#27;[38;5;150m[38c6d4a9]&amp#27;[0m&amp#27;[38;5;-137m[AndroidUiautomator2Driver@896a]&amp#27;[0m Got response with status 200: {"sessionId":"0db7bf62-a6c2-409c-859a-28e256927f30","value":null}
&amp#27;[38;5;150m[38c6d4a9]&amp#27;[0m&amp#27;[38;5;-137m[AndroidUiautomator2Driver@896a]&amp#27;[0m Responding to client with driver.click() result: null
&amp#27;[38;5;150m[38c6d4a9]&amp#27;[0m&amp#27;[38;5;86m[HTTP]&amp#27;[0m &amp#27;[37m<-- POST /session/38c6d4a9-c84c-4a4b-8a1b-6bd8075dc307/element/00000000-0000-09de-ffff-ffff00000021/click &amp#27;[39m&amp#27;[32m200&amp#27;[39m &amp#27;[90m120 ms - 14&amp#27;[39m &amp#27;[90m&amp#27;[39m
&amp#27;[38;5;150m[38c6d4a9]&amp#27;[0m&amp#27;[38;5;86m[HTTP]&amp#27;[0m &amp#27;[37m-->&amp#27;[39m &amp#27;[37mGET&amp#27;[39m &amp#27;[37m/session/38c6d4a9-c84c-4a4b-8a1b-6bd8075dc307/screenshot&amp#27;[39m &amp#27;[90m{}&amp#27;[39m
&amp#27;[38;5;150m[38c6d4a9]&amp#27;[0m&amp#27;[38;5;-137m[AndroidUiautomator2Driver@896a]&amp#27;[0m Calling AppiumDriver.getScreenshot() with args: ["38c6d4a9-c84c-4a4b-8a1b-6bd8075dc307"]
&amp#27;[38;5;150m[38c6d4a9]&amp#27;[0m&amp#27;[38;5;-137m[AndroidUiautomator2Driver@896a]&amp#27;[0m Matched '/screenshot' to command name 'getScreenshot'
&amp#27;[38;5;150m[38c6d4a9]&amp#27;[0m&amp#27;[38;5;-137m[AndroidUiautomator2Driver@896a]&amp#27;[0m Proxying [GET /screenshot] to [GET http://127.0.0.1:8202/session/0db7bf62-a6c2-409c-859a-28e256927f30/screenshot] with no body
&amp#27;[38;5;150m[38c6d4a9]&amp#27;[0m&amp#27;[38;5;-137m[AndroidUiautomator2Driver@896a]&amp#27;[0m Got response with status 200: {"sessionId":"0db7bf62-a6c2-409c-859a-28e256927f30","value":"iVBORw0KGgoAAAANSUhEUgAABDgAAAjoCAYAAAA5jhrUAAAAAXNSR0IArs4c6QAAAARzQklUCAgICHwIZIgAACAASURBVHic7N13nFxV/f/x97n3zrZkd9M2IaQRCKGG3glK+dKCgFIEQvmC8kNAxAKKgAiIoCAoSlXALyggChJAioACSu+9BEiAFEJ6sptsmZl7z++PKTuzc2f77O7Nvp48QjK3nHvO3Ho+c+45Zvh7J1gBAAAAAABEmNPfGQAAAAAAAOgpAhwAAAAAACDyCHAAAAAAAIDII8ABAAAAAAAijwAHAAAAAACIPAIcAAAAAAAg8ghwAAAAAACAyCPAAQAAAAAAIo8ABwAAAAAAiDwCHAAAAAAAIPIIcAAAAAAAgMgjwAEAAAAAACKPAAcAAAAAAIg8AhwAAAAAACDyCHAAAAAAAIDII8ABAAAAAAAijwAHAAAAAACIPAIcAAAAAAAg8ghwAAAAAACAyCPAAQAAAAAAIo8ABwAAAAAAiDwCHAAAAAAAIPIIcAAAAAAAgMgjwAEAAAAAACKPAAcAAAAAAIg8r78zAAwERkYm87dJ/VuSrCRrrVL/Kf3/6Bos5QQAAAAw+BDgwKBlZOQZRxuVrac7J3xfG8Tq2l3+08RSHTP/N5ob/0JJG0QmCDBYygkAAAB0Rq1bpS3LJ2paxUTVOlXasmKiat0h2fmr/bV6p3meVgeNert5nt5pmafVfmO/5HV61aZ6YNK5nVr2kM9+oWcaPyhxjgY2AhwYlKqdSv109JE6cfhecjv5ptYGsTo9v+Fl8hXotpVP6eIlf1ND0FTinPbMYCknAAAA0J6JsVGaUb2dZlRvr+lVm3a4/EHV2+d9fqbxAz3c8KoebnhN8xLLSpVN9JAZ/t4J/DyLQcMzrk4bsb8uGv11tb6g0T1WVhcvuVvXr/inktbvpRz2jsFSTgAAAKA906s21bdG...
&amp#27;[38;5;150m[38c6d4a9]&amp#27;[0m&amp#27;[38;5;-137m[AndroidUiautomator2Driver@896a]&amp#27;[0m Responding to client with driver.getScreenshot() result: "iVBORw0KGgoAAAANSUhEUgAABDgAAAjoCAYAAAA5jhrUAAAAAXNSR0IArs4c6QAAAARzQklUCAgICHwIZIgAACAASURBVHic7N13nFxV/f/x97n3zrZkd9M2IaQRCKGG3glK+dKCgFIEQvmC8kNAxAKKgAiIoCAoSlXALyggChJAioACSu+9BEiAFEJ6sptsmZl7z++PKTuzc2f77O7Nvp48QjK3nHvO3Ho+c+45Zvh7J1gBAAAAAABEmNPfGQAAAAAAAOgpAhwAAAAAACDyCHAAAAAAAIDII8ABAAAAAAAijwAHAAAAAACIPAIcAAAAAAAg8ghwAAAAAACAyCPAAQAAAAAAIo8ABwAAAAAAiDwCHAAAAAAAIPIIcAAAAAAAgMgjwAEAAAAAACKPAAcAAAAAAIg8AhwAAAAAACDyCHAAAAAAAIDII8ABAAAAAAAijwAHAAAAAACIPAIcAAAAAAAg8ghwAAAAAACAyCPAAQAAAAAAIo8ABwAAAAAAiDwCHAAAAAAAIPIIcAAAAAAAgMgjwAEAAAAAACKPAAcAAAAAAIg8r78zAAwERkYm87dJ/VuSrCRrrVL/Kf3/6Bos5QQAAAAw+BDgwKBlZOQZRxuVrac7J3xfG8Tq2l3+08RSHTP/N5ob/0JJG0QmCDBYygkAAAB0Rq1bpS3LJ2paxUTVOlXasmKiat0h2fmr/bV6p3meVgeNert5nt5pmafVfmO/5HV61aZ6YNK5nVr2kM9+oWcaPyhxjgY2AhwYlKqdSv109JE6cfhecjv5ptYGsTo9v+Fl8hXotpVP6eIlf1ND0FTinPbMYCknAAAA0J6JsVGaUb2dZlRvr+lVm3a4/EHV2+d9fqbxAz3c8KoebnhN8xLLSpVN9JAZ/t4J/DyLQcMzrk4bsb8uGv11tb6g0T1WVhcvuVvXr/inktbvpRz2jsFSTgAAAKA906s21bdG7FcQsOiJhxpe1e9XPNYnrSVowdE1BDgwKBgZVTsVenLyzzS5bHSvpv1JfIn2...
&amp#27;[38;5;150m[38c6d4a9]&amp#27;[0m&amp#27;[38;5;86m[HTTP]&amp#27;[0m &amp#27;[37m<-- GET /session/38c6d4a9-c84c-4a4b-8a1b-6bd8075dc307/screenshot &amp#27;[39m&amp#27;[32m200&amp#27;[39m &amp#27;[90m1196 ms - 598864&amp#27;[39m &amp#27;[90m&amp#27;[39m
&amp#27;[38;5;150m[38c6d4a9]&amp#27;[0m&amp#27;[38;5;86m[HTTP]&amp#27;[0m &amp#27;[37m-->&amp#27;[39m &amp#27;[37mGET&amp#27;[39m &amp#27;[37m/session/38c6d4a9-c84c-4a4b-8a1b-6bd8075dc307/screenshot&amp#27;[39m &amp#27;[90m{}&amp#27;[39m
&amp#27;[38;5;150m[38c6d4a9]&amp#27;[0m&amp#27;[38;5;-137m[AndroidUiautomator2Driver@896a]&amp#27;[0m Calling AppiumDriver.getScreenshot() with args: ["38c6d4a9-c84c-4a4b-8a1b-6bd8075dc307"]
&amp#27;[38;5;150m[38c6d4a9]&amp#27;[0m&amp#27;[38;5;-137m[AndroidUiautomator2Driver@896a]&amp#27;[0m Matched '/screenshot' to command name 'getScreenshot'
&amp#27;[38;5;150m[38c6d4a9]&amp#27;[0m&amp#27;[38;5;-137m[AndroidUiautomator2Driver@896a]&amp#27;[0m Proxying [GET /screenshot] to [GET http://127.0.0.1:8202/session/0db7bf62-a6c2-409c-859a-28e256927f30/screenshot] with no body
&amp#27;[38;5;150m[38c6d4a9]&amp#27;[0m&amp#27;[38;5;-137m[AndroidUiautomator2Driver@896a]&amp#27;[0m Got response with status 200: {"sessionId":"0db7bf62-a6c2-409c-859a-28e256927f30","value":"iVBORw0KGgoAAAANSUhEUgAABDgAAAjoCAYAAAA5jhrUAAAAAXNSR0IArs4c6QAAAARzQklUCAgICHwIZIgAACAASURBVHic7N15fBT1/cfx98zs5iIXBIjIjRTwQBG8xYpi1Xof9cKqeNR6tF5t9VetFepttWq11dYLqqX1xPusIoogWgTrgSJ3OORIyAE5dndmfn9gYja7m2yS3exO9vXsg5/unJ8J+CPzzvf7+Ro9vzzbFQAAAAAAgIeZqS4AAAAAAACgswg4AAAAAACA5xFwAAAAAAAAzyPgAAAAAAAAnkfAAQAAAAAAPI+AAwAAAAAAeB4BBwAAAAAA8DwCDgAAAAAA4HkEHAAAAAAAwPMIOAAAAAAAgOcRcAAAAAAAAM8j4AAAAAAAAJ5HwAEAAAAAADyPgAMAAAAAAHgeAQcAAAAAAPA8Ag4AAAAAAOB5BBwAAAAAAMDzCDgAAAAAAIDnEXAAAAAAAADPI+AAAAAAAACeR8ABAAAAAAA8j4ADAAAAAAB4HgEHAAAAAADwPAIOAAAAAADgeQQcAAAAAADA83ypLgBIB4YMGY3/NLb/uyS5klzX1fb/6bv/612Z8pwAAAAAMg8BBzKWIUM+w9ROWTtoxsArNcTfp9XjVwY36Yyyu7U88K1CruOZECBTnhMAAACIR5GVp92yB2l0ziAVmXnaLWeQiqweTfur7G36vH61qpxafVa/Wp83rFaVXZuSWsfnjdKLg38b17HHrbpVc2q/SnJF6Y2AAxmpwMzV7/ueosk9D5EV50ytIf4+mjfsFtlyNH3Lu5q68SnVOHVJrrRzMuU5AQAAgNYM8vfWUQVjdVTBOI3PG9Xm8UcXjAv7PKf2K71as0Cv1nyi1cHNySoTnWT0/PJsfjyLjOEzLF3c6whN6Xuqvp+g0TGuXE3d+LT+WvG6Qq6doAoTI1OeEwAAAGjN+LxR+nmvwyMC...
&amp#27;[38;5;150m[38c6d4a9]&amp#27;[0m&amp#27;[38;5;-137m[AndroidUiautomator2Driver@896a]&amp#27;[0m Responding to client with driver.getScreenshot() result: "iVBORw0KGgoAAAANSUhEUgAABDgAAAjoCAYAAAA5jhrUAAAAAXNSR0IArs4c6QAAAARzQklUCAgICHwIZIgAACAASURBVHic7N15fBT1/cfx98zs5iIXBIjIjRTwQBG8xYpi1Xof9cKqeNR6tF5t9VetFepttWq11dYLqqX1xPusIoogWgTrgSJ3OORIyAE5dndmfn9gYja7m2yS3exO9vXsg5/unJ8J+CPzzvf7+Ro9vzzbFQAAAAAAgIeZqS4AAAAAAACgswg4AAAAAACA5xFwAAAAAAAAzyPgAAAAAAAAnkfAAQAAAAAAPI+AAwAAAAAAeB4BBwAAAAAA8DwCDgAAAAAA4HkEHAAAAAAAwPMIOAAAAAAAgOcRcAAAAAAAAM8j4AAAAAAAAJ5HwAEAAAAAADyPgAMAAAAAAHgeAQcAAAAAAPA8Ag4AAAAAAOB5BBwAAAAAAMDzCDgAAAAAAIDnEXAAAAAAAADPI+AAAAAAAACeR8ABAAAAAAA8j4ADAAAAAAB4HgEHAAAAAADwPAIOAAAAAADgeQQcAAAAAADA83ypLgBIB4YMGY3/NLb/uyS5klzX1fb/6bv/612Z8pwAAAAAMg8BBzKWIUM+w9ROWTtoxsArNcTfp9XjVwY36Yyyu7U88K1CruOZECBTnhMAAACIR5GVp92yB2l0ziAVmXnaLWeQiqweTfur7G36vH61qpxafVa/Wp83rFaVXZuSWsfnjdKLg38b17HHrbpVc2q/SnJF6Y2AAxmpwMzV7/ueosk9D5EV50ytIf4+mjfsFtlyNH3Lu5q68SnVOHVJrrRzMuU5AQAAgNYM8vfWUQVjdVTBOI3PG9Xm8UcXjAv7PKf2K71as0Cv1nyi1cHNySoTnWT0/PJsfjyLjOEzLF3c6whN6Xuqvp+g0TGuXE3d+LT+WvG6Qq6doAoTI1OeEwAAAGjN+LxR+nmvwyMCi854pWaB/lbxZpeMlmAER/sQcCAjGDJUYOZo1tA/aGhW34Ree0Vgow5deYOq...
&amp#27;[38;5;150m[38c6d4a9]&amp#27;[0m&amp#27;[38;5;86m[HTTP]&amp#27;[0m &amp#27;[37m<-- GET /session/38c6d4a9-c84c-4a4b-8a1b-6bd8075dc307/screenshot &amp#27;[39m&amp#27;[32m200&amp#27;[39m &amp#27;[90m930 ms - 346712&amp#27;[39m &amp#27;[90m&amp#27;[39m
&amp#27;[38;5;150m[38c6d4a9]&amp#27;[0m&amp#27;[38;5;86m[HTTP]&amp#27;[0m &amp#27;[37m-->&amp#27;[39m &amp#27;[37mGET&amp#27;[39m &amp#27;[37m/session/38c6d4a9-c84c-4a4b-8a1b-6bd8075dc307/screenshot&amp#27;[39m &amp#27;[90m{}&amp#27;[39m
&amp#27;[38;5;150m[38c6d4a9]&amp#27;[0m&amp#27;[38;5;-137m[AndroidUiautomator2Driver@896a]&amp#27;[0m Calling AppiumDriver.getScreenshot() with args: ["38c6d4a9-c84c-4a4b-8a1b-6bd8075dc307"]
&amp#27;[38;5;150m[38c6d4a9]&amp#27;[0m&amp#27;[38;5;-137m[AndroidUiautomator2Driver@896a]&amp#27;[0m Matched '/screenshot' to command name 'getScreenshot'
&amp#27;[38;5;150m[38c6d4a9]&amp#27;[0m&amp#27;[38;5;-137m[AndroidUiautomator2Driver@896a]&amp#27;[0m Proxying [GET /screenshot] to [GET http://127.0.0.1:8202/session/0db7bf62-a6c2-409c-859a-28e256927f30/screenshot] with no body
&amp#27;[38;5;150m[38c6d4a9]&amp#27;[0m&amp#27;[38;5;-137m[AndroidUiautomator2Driver@896a]&amp#27;[0m Got response with status 200: {"sessionId":"0db7bf62-a6c2-409c-859a-28e256927f30","value":"iVBORw0KGgoAAAANSUhEUgAABDgAAAjoCAYAAAA5jhrUAAAAAXNSR0IArs4c6QAAAARzQklUCAgICHwIZIgAACAASURBVHic7N15fBT1/cfx98zs5iIXBIjIjRTwQBG8xYpi1Xof9cKqeNR6tF5t9VetFepttWq11dYLqqX1xPusIoogWgTrgSJ3OORIyAE5dndmfn9gYja7m2yS3exO9vXsg5/unJ8J+CPzzvf7+Ro9vzzbFQAAAAAAgIeZqS4AAAAAAACgswg4AAAAAACA5xFwAAAAAAAAzyPgAAAAAAAAnkfAAQAAAAAAPI+AAwAAAAAAeB4BBwAAAAAA8DwCDgAAAAAA4HkEHAAAAAAAwPMIOAAAAAAAgOcRcAAAAAAAAM8j4AAAAAAAAJ5HwAEAAAAAADyPgAMAAAAAAHgeAQcAAAAAAPA8Ag4AAAAAAOB5BBwAAAAAAMDzCDgAAAAAAIDnEXAAAAAAAADPI+AAAAAAAACeR8ABAAAAAAA8j4ADAAAAAAB4HgEHAAAAAADwPAIOAAAAAADgeQQcAAAAAADA83ypLgBIB4YMGY3/NLb/uyS5klzX1fb/6bv/612Z8pwAAAAAMg8BBzKWIUM+w9ROWTtoxsArNcTfp9XjVwY36Yyyu7U88K1CruOZECBTnhMAAACIR5GVp92yB2l0ziAVmXnaLWeQiqweTfur7G36vH61qpxafVa/Wp83rFaVXZuSWsfnjdKLg38b17HHrbpVc2q/SnJF6Y2AAxmpwMzV7/ueosk9D5EV50ytIf4+mjfsFtlyNH3Lu5q68SnVOHVJrrRzMuU5AQAAgNYM8vfWUQVjdVTBOI3PG9Xm8UcXjAv7PKf2K71as0Cv1nyi1cHNySoTnWT0/PJsfjyLjOEzLF3c6whN6Xuqvp+g0TGuXE3d+LT+WvG6Qq6doAoTI1OeEwAAAGjN+LxR+nmvwyMC...
&amp#27;[38;5;150m[38c6d4a9]&amp#27;[0m&amp#27;[38;5;-137m[AndroidUiautomator2Driver@896a]&amp#27;[0m Responding to client with driver.getScreenshot() result: "iVBORw0KGgoAAAANSUhEUgAABDgAAAjoCAYAAAA5jhrUAAAAAXNSR0IArs4c6QAAAARzQklUCAgICHwIZIgAACAASURBVHic7N15fBT1/cfx98zs5iIXBIjIjRTwQBG8xYpi1Xof9cKqeNR6tF5t9VetFepttWq11dYLqqX1xPusIoogWgTrgSJ3OORIyAE5dndmfn9gYja7m2yS3exO9vXsg5/unJ8J+CPzzvf7+Ro9vzzbFQAAAAAAgIeZqS4AAAAAAACgswg4AAAAAACA5xFwAAAAAAAAzyPgAAAAAAAAnkfAAQAAAAAAPI+AAwAAAAAAeB4BBwAAAAAA8DwCDgAAAAAA4HkEHAAAAAAAwPMIOAAAAAAAgOcRcAAAAAAAAM8j4AAAAAAAAJ5HwAEAAAAAADyPgAMAAAAAAHgeAQcAAAAAAPA8Ag4AAAAAAOB5BBwAAAAAAMDzCDgAAAAAAIDnEXAAAAAAAADPI+AAAAAAAACeR8ABAAAAAAA8j4ADAAAAAAB4HgEHAAAAAADwPAIOAAAAAADgeQQcAAAAAADA83ypLgBIB4YMGY3/NLb/uyS5klzX1fb/6bv/612Z8pwAAAAAMg8BBzKWIUM+w9ROWTtoxsArNcTfp9XjVwY36Yyyu7U88K1CruOZECBTnhMAAACIR5GVp92yB2l0ziAVmXnaLWeQiqweTfur7G36vH61qpxafVa/Wp83rFaVXZuSWsfnjdKLg38b17HHrbpVc2q/SnJF6Y2AAxmpwMzV7/ueosk9D5EV50ytIf4+mjfsFtlyNH3Lu5q68SnVOHVJrrRzMuU5AQAAgNYM8vfWUQVjdVTBOI3PG9Xm8UcXjAv7PKf2K71as0Cv1nyi1cHNySoTnWT0/PJsfjyLjOEzLF3c6whN6Xuqvp+g0TGuXE3d+LT+WvG6Qq6doAoTI1OeEwAAAGjN+LxR+nmvwyMCi854pWaB/lbxZpeMlmAER/sQcCAjGDJUYOZo1tA/aGhW34Ree0Vgow5deYOq...
&amp#27;[38;5;150m[38c6d4a9]&amp#27;[0m&amp#27;[38;5;86m[HTTP]&amp#27;[0m &amp#27;[37m<-- GET /session/38c6d4a9-c84c-4a4b-8a1b-6bd8075dc307/screenshot &amp#27;[39m&amp#27;[32m200&amp#27;[39m &amp#27;[90m953 ms - 346712&amp#27;[39m &amp#27;[90m&amp#27;[39m
]]></system-out>
  </testcase>
</testsuite>