<?xml version="1.0" encoding="UTF-8"?>
<testsuite xmlns:xsi="http://www.w3.org/2001/XMLSchema-instance" xsi:noNamespaceSchemaLocation="https://maven.apache.org/surefire/maven-surefire-plugin/xsd/surefire-test-report-3.0.xsd" version="3.0" name="TestSuite" time="46.846" tests="4" errors="0" skipped="0" failures="0">
  <properties>
    <property name="sun.desktop" value="windows"/>
    <property name="awt.toolkit" value="sun.awt.windows.WToolkit"/>
    <property name="java.specification.version" value="11"/>
    <property name="sun.cpu.isalist" value="amd64"/>
    <property name="sun.jnu.encoding" value="Cp1252"/>
    <property name="java.class.path" value="C:\Users\sajus\IdeaProjects\appium_Device\target\test-classes;C:\Users\sajus\IdeaProjects\appium_Device\target\classes;C:\Users\sajus\.m2\repository\io\appium\java-client\8.5.1\java-client-8.5.1.jar;C:\Users\sajus\.m2\repository\org\seleniumhq\selenium\selenium-api\4.33.0\selenium-api-4.33.0.jar;C:\Users\sajus\.m2\repository\org\jspecify\jspecify\1.0.0\jspecify-1.0.0.jar;C:\Users\sajus\.m2\repository\org\seleniumhq\selenium\selenium-support\4.33.0\selenium-support-4.33.0.jar;C:\Users\sajus\.m2\repository\com\google\code\gson\gson\2.10.1\gson-2.10.1.jar;C:\Users\sajus\.m2\repository\commons-validator\commons-validator\1.7\commons-validator-1.7.jar;C:\Users\sajus\.m2\repository\commons-beanutils\commons-beanutils\1.9.4\commons-beanutils-1.9.4.jar;C:\Users\sajus\.m2\repository\commons-digester\commons-digester\2.1\commons-digester-2.1.jar;C:\Users\sajus\.m2\repository\commons-logging\commons-logging\1.2\commons-logging-1.2.jar;C:\Users\sajus\.m2\repository\commons-collections\commons-collections\3.2.2\commons-collections-3.2.2.jar;C:\Users\sajus\.m2\repository\org\apache\commons\commons-lang3\3.12.0\commons-lang3-3.12.0.jar;C:\Users\sajus\.m2\repository\commons-io\commons-io\2.12.0\commons-io-2.12.0.jar;C:\Users\sajus\.m2\repository\org\slf4j\slf4j-api\2.0.7\slf4j-api-2.0.7.jar;C:\Users\sajus\.m2\repository\org\seleniumhq\selenium\selenium-java\4.8.0\selenium-java-4.8.0.jar;C:\Users\sajus\.m2\repository\org\seleniumhq\selenium\selenium-chrome-driver\4.8.0\selenium-chrome-driver-4.8.0.jar;C:\Users\sajus\.m2\repository\com\google\auto\service\auto-service\1.0.1\auto-service-1.0.1.jar;C:\Users\sajus\.m2\repository\com\google\auto\auto-common\1.2\auto-common-1.2.jar;C:\Users\sajus\.m2\repository\org\seleniumhq\selenium\selenium-chromium-driver\4.8.0\selenium-chromium-driver-4.8.0.jar;C:\Users\sajus\.m2\repository\org\seleniumhq\selenium\selenium-devtools-v107\4.8.0\selenium-devtools-v107-4.8.0.jar;C:\Users\sajus\.m2\repository\org\seleniumhq\selenium\selenium-devtools-v108\4.8.0\selenium-devtools-v108-4.8.0.jar;C:\Users\sajus\.m2\repository\org\seleniumhq\selenium\selenium-devtools-v109\4.8.0\selenium-devtools-v109-4.8.0.jar;C:\Users\sajus\.m2\repository\org\seleniumhq\selenium\selenium-devtools-v85\4.8.0\selenium-devtools-v85-4.8.0.jar;C:\Users\sajus\.m2\repository\org\seleniumhq\selenium\selenium-edge-driver\4.8.0\selenium-edge-driver-4.8.0.jar;C:\Users\sajus\.m2\repository\org\seleniumhq\selenium\selenium-firefox-driver\4.8.0\selenium-firefox-driver-4.8.0.jar;C:\Users\sajus\.m2\repository\org\seleniumhq\selenium\selenium-ie-driver\4.8.0\selenium-ie-driver-4.8.0.jar;C:\Users\sajus\.m2\repository\org\seleniumhq\selenium\selenium-safari-driver\4.8.0\selenium-safari-driver-4.8.0.jar;C:\Users\sajus\.m2\repository\org\seleniumhq\selenium\selenium-remote-driver\4.13.0\selenium-remote-driver-4.13.0.jar;C:\Users\sajus\.m2\repository\com\google\auto\service\auto-service-annotations\1.1.1\auto-service-annotations-1.1.1.jar;C:\Users\sajus\.m2\repository\com\google\guava\guava\32.1.2-jre\guava-32.1.2-jre.jar;C:\Users\sajus\.m2\repository\com\google\guava\failureaccess\1.0.1\failureaccess-1.0.1.jar;C:\Users\sajus\.m2\repository\com\google\guava\listenablefuture\9999.0-empty-to-avoid-conflict-with-guava\listenablefuture-9999.0-empty-to-avoid-conflict-with-guava.jar;C:\Users\sajus\.m2\repository\com\google\code\findbugs\jsr305\3.0.2\jsr305-3.0.2.jar;C:\Users\sajus\.m2\repository\org\checkerframework\checker-qual\3.33.0\checker-qual-3.33.0.jar;C:\Users\sajus\.m2\repository\com\google\errorprone\error_prone_annotations\2.18.0\error_prone_annotations-2.18.0.jar;C:\Users\sajus\.m2\repository\com\google\j2objc\j2objc-annotations\2.8\j2objc-annotations-2.8.jar;C:\Users\sajus\.m2\repository\io\netty\netty-buffer\4.1.96.Final\netty-buffer-4.1.96.Final.jar;C:\Users\sajus\.m2\repository\io\netty\netty-codec-http\4.1.96.Final\netty-codec-http-4.1.96.Final.jar;C:\Users\sajus\.m2\repository\io\netty\netty-codec\4.1.96.Final\netty-codec-4.1.96.Final.jar;C:\Users\sajus\.m2\repository\io\netty\netty-handler\4.1.96.Final\netty-handler-4.1.96.Final.jar;C:\Users\sajus\.m2\repository\io\netty\netty-common\4.1.96.Final\netty-common-4.1.96.Final.jar;C:\Users\sajus\.m2\repository\io\netty\netty-transport-classes-epoll\4.1.96.Final\netty-transport-classes-epoll-4.1.96.Final.jar;C:\Users\sajus\.m2\repository\io\netty\netty-transport-classes-kqueue\4.1.96.Final\netty-transport-classes-kqueue-4.1.96.Final.jar;C:\Users\sajus\.m2\repository\io\netty\netty-transport-native-epoll\4.1.96.Final\netty-transport-native-epoll-4.1.96.Final.jar;C:\Users\sajus\.m2\repository\io\netty\netty-transport-native-kqueue\4.1.96.Final\netty-transport-native-kqueue-4.1.96.Final.jar;C:\Users\sajus\.m2\repository\io\netty\netty-transport-native-unix-common\4.1.96.Final\netty-transport-native-unix-common-4.1.96.Final.jar;C:\Users\sajus\.m2\repository\io\netty\netty-transport\4.1.96.Final\netty-transport-4.1.96.Final.jar;C:\Users\sajus\.m2\repository\io\netty\netty-resolver\4.1.96.Final\netty-resolver-4.1.96.Final.jar;C:\Users\sajus\.m2\repository\io\opentelemetry\opentelemetry-api\1.28.0\opentelemetry-api-1.28.0.jar;C:\Users\sajus\.m2\repository\io\opentelemetry\opentelemetry-context\1.28.0\opentelemetry-context-1.28.0.jar;C:\Users\sajus\.m2\repository\io\opentelemetry\opentelemetry-exporter-logging\1.28.0\opentelemetry-exporter-logging-1.28.0.jar;C:\Users\sajus\.m2\repository\io\opentelemetry\opentelemetry-sdk-metrics\1.28.0\opentelemetry-sdk-metrics-1.28.0.jar;C:\Users\sajus\.m2\repository\io\opentelemetry\opentelemetry-extension-incubator\1.28.0-alpha\opentelemetry-extension-incubator-1.28.0-alpha.jar;C:\Users\sajus\.m2\repository\io\opentelemetry\opentelemetry-sdk-logs\1.28.0\opentelemetry-sdk-logs-1.28.0.jar;C:\Users\sajus\.m2\repository\io\opentelemetry\opentelemetry-sdk-common\1.28.0\opentelemetry-sdk-common-1.28.0.jar;C:\Users\sajus\.m2\repository\io\opentelemetry\opentelemetry-sdk-extension-autoconfigure-spi\1.28.0\opentelemetry-sdk-extension-autoconfigure-spi-1.28.0.jar;C:\Users\sajus\.m2\repository\io\opentelemetry\opentelemetry-sdk-extension-autoconfigure\1.28.0\opentelemetry-sdk-extension-autoconfigure-1.28.0.jar;C:\Users\sajus\.m2\repository\io\opentelemetry\opentelemetry-api-events\1.28.0-alpha\opentelemetry-api-events-1.28.0-alpha.jar;C:\Users\sajus\.m2\repository\io\opentelemetry\opentelemetry-sdk-trace\1.28.0\opentelemetry-sdk-trace-1.28.0.jar;C:\Users\sajus\.m2\repository\io\opentelemetry\opentelemetry-sdk\1.28.0\opentelemetry-sdk-1.28.0.jar;C:\Users\sajus\.m2\repository\io\opentelemetry\opentelemetry-semconv\1.28.0-alpha\opentelemetry-semconv-1.28.0-alpha.jar;C:\Users\sajus\.m2\repository\net\bytebuddy\byte-buddy\1.14.5\byte-buddy-1.14.5.jar;C:\Users\sajus\.m2\repository\org\asynchttpclient\async-http-client\2.12.3\async-http-client-2.12.3.jar;C:\Users\sajus\.m2\repository\org\asynchttpclient\async-http-client-netty-utils\2.12.3\async-http-client-netty-utils-2.12.3.jar;C:\Users\sajus\.m2\repository\io\netty\netty-codec-socks\4.1.60.Final\netty-codec-socks-4.1.60.Final.jar;C:\Users\sajus\.m2\repository\io\netty\netty-handler-proxy\4.1.60.Final\netty-handler-proxy-4.1.60.Final.jar;C:\Users\sajus\.m2\repository\io\netty\netty-transport-native-epoll\4.1.60.Final\netty-transport-native-epoll-4.1.60.Final-linux-x86_64.jar;C:\Users\sajus\.m2\repository\io\netty\netty-transport-native-kqueue\4.1.60.Final\netty-transport-native-kqueue-4.1.60.Final-osx-x86_64.jar;C:\Users\sajus\.m2\repository\org\reactivestreams\reactive-streams\1.0.3\reactive-streams-1.0.3.jar;C:\Users\sajus\.m2\repository\com\typesafe\netty\netty-reactive-streams\2.0.4\netty-reactive-streams-2.0.4.jar;C:\Users\sajus\.m2\repository\com\sun\activation\jakarta.activation\1.2.2\jakarta.activation-1.2.2.jar;C:\Users\sajus\.m2\repository\org\seleniumhq\selenium\selenium-http\4.13.0\selenium-http-4.13.0.jar;C:\Users\sajus\.m2\repository\dev\failsafe\failsafe\3.3.2\failsafe-3.3.2.jar;C:\Users\sajus\.m2\repository\org\seleniumhq\selenium\selenium-json\4.13.0\selenium-json-4.13.0.jar;C:\Users\sajus\.m2\repository\org\seleniumhq\selenium\selenium-manager\4.13.0\selenium-manager-4.13.0.jar;C:\Users\sajus\.m2\repository\org\seleniumhq\selenium\selenium-os\4.13.0\selenium-os-4.13.0.jar;C:\Users\sajus\.m2\repository\org\apache\commons\commons-exec\1.3\commons-exec-1.3.jar;C:\Users\sajus\.m2\repository\org\testng\testng\7.11.0\testng-7.11.0.jar;C:\Users\sajus\.m2\repository\org\jcommander\jcommander\1.83\jcommander-1.83.jar;C:\Users\sajus\.m2\repository\org\webjars\jquery\3.7.1\jquery-3.7.1.jar;C:\Users\sajus\.m2\repository\com\aventstack\extentreports\5.0.9\extentreports-5.0.9.jar;C:\Users\sajus\.m2\repository\io\reactivex\rxjava3\rxjava\3.0.4\rxjava-3.0.4.jar;C:\Users\sajus\.m2\repository\org\freemarker\freemarker\2.3.30\freemarker-2.3.30.jar;C:\Users\sajus\.m2\repository\org\projectlombok\lombok\1.18.12\lombok-1.18.12.jar;C:\Users\sajus\.m2\repository\com\fasterxml\jackson\core\jackson-databind\2.15.2\jackson-databind-2.15.2.jar;C:\Users\sajus\.m2\repository\com\fasterxml\jackson\core\jackson-annotations\2.15.2\jackson-annotations-2.15.2.jar;C:\Users\sajus\.m2\repository\com\fasterxml\jackson\core\jackson-core\2.15.2\jackson-core-2.15.2.jar;C:\Users\sajus\.m2\repository\org\apache\logging\log4j\log4j-core\2.20.0\log4j-core-2.20.0.jar;C:\Users\sajus\.m2\repository\org\apache\logging\log4j\log4j-api\2.20.0\log4j-api-2.20.0.jar;C:\Users\sajus\.m2\repository\org\slf4j\slf4j-simple\2.0.9\slf4j-simple-2.0.9.jar;C:\Users\sajus\.m2\repository\com\beust\jcommander\1.82\jcommander-1.82.jar;"/>
    <property name="java.vm.vendor" value="Oracle Corporation"/>
    <property name="sun.arch.data.model" value="64"/>
    <property name="user.variant" value=""/>
    <property name="java.vendor.url" value="https://openjdk.java.net/"/>
    <property name="user.timezone" value="America/Toronto"/>
    <property name="java.vm.specification.version" value="11"/>
    <property name="os.name" value="Windows 11"/>
    <property name="sun.java.launcher" value="SUN_STANDARD"/>
    <property name="user.country" value="CA"/>
    <property name="sun.boot.library.path" value="C:\Program Files\jdk-11.0.26\bin"/>
    <property name="sun.java.command" value="C:\Users\sajus\AppData\Local\Temp\surefire12676464004596690186\surefirebooter-20250617174629316_3.jar C:\Users\sajus\AppData\Local\Temp\surefire12676464004596690186 2025-06-17T17-46-28_769-jvmRun1 surefire-20250617174629316_1tmp surefire_0-20250617174629316_2tmp"/>
    <property name="jdk.debug" value="release"/>
    <property name="surefire.test.class.path" value="C:\Users\sajus\IdeaProjects\appium_Device\target\test-classes;C:\Users\sajus\IdeaProjects\appium_Device\target\classes;C:\Users\sajus\.m2\repository\io\appium\java-client\8.5.1\java-client-8.5.1.jar;C:\Users\sajus\.m2\repository\org\seleniumhq\selenium\selenium-api\4.33.0\selenium-api-4.33.0.jar;C:\Users\sajus\.m2\repository\org\jspecify\jspecify\1.0.0\jspecify-1.0.0.jar;C:\Users\sajus\.m2\repository\org\seleniumhq\selenium\selenium-support\4.33.0\selenium-support-4.33.0.jar;C:\Users\sajus\.m2\repository\com\google\code\gson\gson\2.10.1\gson-2.10.1.jar;C:\Users\sajus\.m2\repository\commons-validator\commons-validator\1.7\commons-validator-1.7.jar;C:\Users\sajus\.m2\repository\commons-beanutils\commons-beanutils\1.9.4\commons-beanutils-1.9.4.jar;C:\Users\sajus\.m2\repository\commons-digester\commons-digester\2.1\commons-digester-2.1.jar;C:\Users\sajus\.m2\repository\commons-logging\commons-logging\1.2\commons-logging-1.2.jar;C:\Users\sajus\.m2\repository\commons-collections\commons-collections\3.2.2\commons-collections-3.2.2.jar;C:\Users\sajus\.m2\repository\org\apache\commons\commons-lang3\3.12.0\commons-lang3-3.12.0.jar;C:\Users\sajus\.m2\repository\commons-io\commons-io\2.12.0\commons-io-2.12.0.jar;C:\Users\sajus\.m2\repository\org\slf4j\slf4j-api\2.0.7\slf4j-api-2.0.7.jar;C:\Users\sajus\.m2\repository\org\seleniumhq\selenium\selenium-java\4.8.0\selenium-java-4.8.0.jar;C:\Users\sajus\.m2\repository\org\seleniumhq\selenium\selenium-chrome-driver\4.8.0\selenium-chrome-driver-4.8.0.jar;C:\Users\sajus\.m2\repository\com\google\auto\service\auto-service\1.0.1\auto-service-1.0.1.jar;C:\Users\sajus\.m2\repository\com\google\auto\auto-common\1.2\auto-common-1.2.jar;C:\Users\sajus\.m2\repository\org\seleniumhq\selenium\selenium-chromium-driver\4.8.0\selenium-chromium-driver-4.8.0.jar;C:\Users\sajus\.m2\repository\org\seleniumhq\selenium\selenium-devtools-v107\4.8.0\selenium-devtools-v107-4.8.0.jar;C:\Users\sajus\.m2\repository\org\seleniumhq\selenium\selenium-devtools-v108\4.8.0\selenium-devtools-v108-4.8.0.jar;C:\Users\sajus\.m2\repository\org\seleniumhq\selenium\selenium-devtools-v109\4.8.0\selenium-devtools-v109-4.8.0.jar;C:\Users\sajus\.m2\repository\org\seleniumhq\selenium\selenium-devtools-v85\4.8.0\selenium-devtools-v85-4.8.0.jar;C:\Users\sajus\.m2\repository\org\seleniumhq\selenium\selenium-edge-driver\4.8.0\selenium-edge-driver-4.8.0.jar;C:\Users\sajus\.m2\repository\org\seleniumhq\selenium\selenium-firefox-driver\4.8.0\selenium-firefox-driver-4.8.0.jar;C:\Users\sajus\.m2\repository\org\seleniumhq\selenium\selenium-ie-driver\4.8.0\selenium-ie-driver-4.8.0.jar;C:\Users\sajus\.m2\repository\org\seleniumhq\selenium\selenium-safari-driver\4.8.0\selenium-safari-driver-4.8.0.jar;C:\Users\sajus\.m2\repository\org\seleniumhq\selenium\selenium-remote-driver\4.13.0\selenium-remote-driver-4.13.0.jar;C:\Users\sajus\.m2\repository\com\google\auto\service\auto-service-annotations\1.1.1\auto-service-annotations-1.1.1.jar;C:\Users\sajus\.m2\repository\com\google\guava\guava\32.1.2-jre\guava-32.1.2-jre.jar;C:\Users\sajus\.m2\repository\com\google\guava\failureaccess\1.0.1\failureaccess-1.0.1.jar;C:\Users\sajus\.m2\repository\com\google\guava\listenablefuture\9999.0-empty-to-avoid-conflict-with-guava\listenablefuture-9999.0-empty-to-avoid-conflict-with-guava.jar;C:\Users\sajus\.m2\repository\com\google\code\findbugs\jsr305\3.0.2\jsr305-3.0.2.jar;C:\Users\sajus\.m2\repository\org\checkerframework\checker-qual\3.33.0\checker-qual-3.33.0.jar;C:\Users\sajus\.m2\repository\com\google\errorprone\error_prone_annotations\2.18.0\error_prone_annotations-2.18.0.jar;C:\Users\sajus\.m2\repository\com\google\j2objc\j2objc-annotations\2.8\j2objc-annotations-2.8.jar;C:\Users\sajus\.m2\repository\io\netty\netty-buffer\4.1.96.Final\netty-buffer-4.1.96.Final.jar;C:\Users\sajus\.m2\repository\io\netty\netty-codec-http\4.1.96.Final\netty-codec-http-4.1.96.Final.jar;C:\Users\sajus\.m2\repository\io\netty\netty-codec\4.1.96.Final\netty-codec-4.1.96.Final.jar;C:\Users\sajus\.m2\repository\io\netty\netty-handler\4.1.96.Final\netty-handler-4.1.96.Final.jar;C:\Users\sajus\.m2\repository\io\netty\netty-common\4.1.96.Final\netty-common-4.1.96.Final.jar;C:\Users\sajus\.m2\repository\io\netty\netty-transport-classes-epoll\4.1.96.Final\netty-transport-classes-epoll-4.1.96.Final.jar;C:\Users\sajus\.m2\repository\io\netty\netty-transport-classes-kqueue\4.1.96.Final\netty-transport-classes-kqueue-4.1.96.Final.jar;C:\Users\sajus\.m2\repository\io\netty\netty-transport-native-epoll\4.1.96.Final\netty-transport-native-epoll-4.1.96.Final.jar;C:\Users\sajus\.m2\repository\io\netty\netty-transport-native-kqueue\4.1.96.Final\netty-transport-native-kqueue-4.1.96.Final.jar;C:\Users\sajus\.m2\repository\io\netty\netty-transport-native-unix-common\4.1.96.Final\netty-transport-native-unix-common-4.1.96.Final.jar;C:\Users\sajus\.m2\repository\io\netty\netty-transport\4.1.96.Final\netty-transport-4.1.96.Final.jar;C:\Users\sajus\.m2\repository\io\netty\netty-resolver\4.1.96.Final\netty-resolver-4.1.96.Final.jar;C:\Users\sajus\.m2\repository\io\opentelemetry\opentelemetry-api\1.28.0\opentelemetry-api-1.28.0.jar;C:\Users\sajus\.m2\repository\io\opentelemetry\opentelemetry-context\1.28.0\opentelemetry-context-1.28.0.jar;C:\Users\sajus\.m2\repository\io\opentelemetry\opentelemetry-exporter-logging\1.28.0\opentelemetry-exporter-logging-1.28.0.jar;C:\Users\sajus\.m2\repository\io\opentelemetry\opentelemetry-sdk-metrics\1.28.0\opentelemetry-sdk-metrics-1.28.0.jar;C:\Users\sajus\.m2\repository\io\opentelemetry\opentelemetry-extension-incubator\1.28.0-alpha\opentelemetry-extension-incubator-1.28.0-alpha.jar;C:\Users\sajus\.m2\repository\io\opentelemetry\opentelemetry-sdk-logs\1.28.0\opentelemetry-sdk-logs-1.28.0.jar;C:\Users\sajus\.m2\repository\io\opentelemetry\opentelemetry-sdk-common\1.28.0\opentelemetry-sdk-common-1.28.0.jar;C:\Users\sajus\.m2\repository\io\opentelemetry\opentelemetry-sdk-extension-autoconfigure-spi\1.28.0\opentelemetry-sdk-extension-autoconfigure-spi-1.28.0.jar;C:\Users\sajus\.m2\repository\io\opentelemetry\opentelemetry-sdk-extension-autoconfigure\1.28.0\opentelemetry-sdk-extension-autoconfigure-1.28.0.jar;C:\Users\sajus\.m2\repository\io\opentelemetry\opentelemetry-api-events\1.28.0-alpha\opentelemetry-api-events-1.28.0-alpha.jar;C:\Users\sajus\.m2\repository\io\opentelemetry\opentelemetry-sdk-trace\1.28.0\opentelemetry-sdk-trace-1.28.0.jar;C:\Users\sajus\.m2\repository\io\opentelemetry\opentelemetry-sdk\1.28.0\opentelemetry-sdk-1.28.0.jar;C:\Users\sajus\.m2\repository\io\opentelemetry\opentelemetry-semconv\1.28.0-alpha\opentelemetry-semconv-1.28.0-alpha.jar;C:\Users\sajus\.m2\repository\net\bytebuddy\byte-buddy\1.14.5\byte-buddy-1.14.5.jar;C:\Users\sajus\.m2\repository\org\asynchttpclient\async-http-client\2.12.3\async-http-client-2.12.3.jar;C:\Users\sajus\.m2\repository\org\asynchttpclient\async-http-client-netty-utils\2.12.3\async-http-client-netty-utils-2.12.3.jar;C:\Users\sajus\.m2\repository\io\netty\netty-codec-socks\4.1.60.Final\netty-codec-socks-4.1.60.Final.jar;C:\Users\sajus\.m2\repository\io\netty\netty-handler-proxy\4.1.60.Final\netty-handler-proxy-4.1.60.Final.jar;C:\Users\sajus\.m2\repository\io\netty\netty-transport-native-epoll\4.1.60.Final\netty-transport-native-epoll-4.1.60.Final-linux-x86_64.jar;C:\Users\sajus\.m2\repository\io\netty\netty-transport-native-kqueue\4.1.60.Final\netty-transport-native-kqueue-4.1.60.Final-osx-x86_64.jar;C:\Users\sajus\.m2\repository\org\reactivestreams\reactive-streams\1.0.3\reactive-streams-1.0.3.jar;C:\Users\sajus\.m2\repository\com\typesafe\netty\netty-reactive-streams\2.0.4\netty-reactive-streams-2.0.4.jar;C:\Users\sajus\.m2\repository\com\sun\activation\jakarta.activation\1.2.2\jakarta.activation-1.2.2.jar;C:\Users\sajus\.m2\repository\org\seleniumhq\selenium\selenium-http\4.13.0\selenium-http-4.13.0.jar;C:\Users\sajus\.m2\repository\dev\failsafe\failsafe\3.3.2\failsafe-3.3.2.jar;C:\Users\sajus\.m2\repository\org\seleniumhq\selenium\selenium-json\4.13.0\selenium-json-4.13.0.jar;C:\Users\sajus\.m2\repository\org\seleniumhq\selenium\selenium-manager\4.13.0\selenium-manager-4.13.0.jar;C:\Users\sajus\.m2\repository\org\seleniumhq\selenium\selenium-os\4.13.0\selenium-os-4.13.0.jar;C:\Users\sajus\.m2\repository\org\apache\commons\commons-exec\1.3\commons-exec-1.3.jar;C:\Users\sajus\.m2\repository\org\testng\testng\7.11.0\testng-7.11.0.jar;C:\Users\sajus\.m2\repository\org\jcommander\jcommander\1.83\jcommander-1.83.jar;C:\Users\sajus\.m2\repository\org\webjars\jquery\3.7.1\jquery-3.7.1.jar;C:\Users\sajus\.m2\repository\com\aventstack\extentreports\5.0.9\extentreports-5.0.9.jar;C:\Users\sajus\.m2\repository\io\reactivex\rxjava3\rxjava\3.0.4\rxjava-3.0.4.jar;C:\Users\sajus\.m2\repository\org\freemarker\freemarker\2.3.30\freemarker-2.3.30.jar;C:\Users\sajus\.m2\repository\org\projectlombok\lombok\1.18.12\lombok-1.18.12.jar;C:\Users\sajus\.m2\repository\com\fasterxml\jackson\core\jackson-databind\2.15.2\jackson-databind-2.15.2.jar;C:\Users\sajus\.m2\repository\com\fasterxml\jackson\core\jackson-annotations\2.15.2\jackson-annotations-2.15.2.jar;C:\Users\sajus\.m2\repository\com\fasterxml\jackson\core\jackson-core\2.15.2\jackson-core-2.15.2.jar;C:\Users\sajus\.m2\repository\org\apache\logging\log4j\log4j-core\2.20.0\log4j-core-2.20.0.jar;C:\Users\sajus\.m2\repository\org\apache\logging\log4j\log4j-api\2.20.0\log4j-api-2.20.0.jar;C:\Users\sajus\.m2\repository\org\slf4j\slf4j-simple\2.0.9\slf4j-simple-2.0.9.jar;C:\Users\sajus\.m2\repository\com\beust\jcommander\1.82\jcommander-1.82.jar;"/>
    <property name="sun.cpu.endian" value="little"/>
    <property name="user.home" value="C:\Users\sajus"/>
    <property name="user.language" value="en"/>
    <property name="java.specification.vendor" value="Oracle Corporation"/>
    <property name="java.version.date" value="2025-01-21"/>
    <property name="java.home" value="C:\Program Files\jdk-11.0.26"/>
    <property name="file.separator" value="\"/>
    <property name="basedir" value="C:\Users\sajus\IdeaProjects\appium_Device"/>
    <property name="java.vm.compressedOopsMode" value="32-bit"/>
    <property name="line.separator" value="&#10;"/>
    <property name="java.specification.name" value="Java Platform API Specification"/>
    <property name="java.vm.specification.vendor" value="Oracle Corporation"/>
    <property name="java.awt.graphicsenv" value="sun.awt.Win32GraphicsEnvironment"/>
    <property name="surefire.real.class.path" value="C:\Users\sajus\AppData\Local\Temp\surefire12676464004596690186\surefirebooter-20250617174629316_3.jar"/>
    <property name="user.script" value=""/>
    <property name="sun.management.compiler" value="HotSpot 64-Bit Tiered Compilers"/>
    <property name="java.runtime.version" value="11.0.26+7-LTS-187"/>
    <property name="user.name" value="sajus"/>
    <property name="path.separator" value=";"/>
    <property name="os.version" value="10.0"/>
    <property name="java.runtime.name" value="Java(TM) SE Runtime Environment"/>
    <property name="file.encoding" value="Cp1252"/>
    <property name="java.vm.name" value="Java HotSpot(TM) 64-Bit Server VM"/>
    <property name="java.vendor.version" value="18.9"/>
    <property name="localRepository" value="C:\Users\sajus\.m2\repository"/>
    <property name="java.vendor.url.bug" value="https://bugreport.java.com/bugreport/"/>
    <property name="java.io.tmpdir" value="C:\Users\sajus\AppData\Local\Temp\"/>
    <property name="java.version" value="11.0.26"/>
    <property name="user.dir" value="C:\Users\sajus\IdeaProjects\appium_Device"/>
    <property name="os.arch" value="amd64"/>
    <property name="java.vm.specification.name" value="Java Virtual Machine Specification"/>
    <property name="java.awt.printerjob" value="sun.awt.windows.WPrinterJob"/>
    <property name="sun.os.patch.level" value=""/>
    <property name="java.library.path" value="C:\Program Files\jdk-11.0.26\bin;C:\WINDOWS\Sun\Java\bin;C:\WINDOWS\system32;C:\WINDOWS;C:\WINDOWS\system32;C:\WINDOWS;C:\WINDOWS\System32\Wbem;C:\WINDOWS\System32\WindowsPowerShell\v1.0\;C:\WINDOWS\System32\OpenSSH\;C:\Program Files\dotnet\;C:\Program Files\nodejs\;C:\Users\sajus\AppData\Local\Android\Sdk\tools\bin;C:\Users\sajus\AppData\Local\Android\Sdk\platform-tools;C:\Program Files\jdk-11.0.26\bin;C:\Program Files\apache-maven-3.9.9\apache-maven-3.9.9\bin;C:\Program Files\Git\cmd;C:\Users\sajus\AppData\Local\Microsoft\WindowsApps;C:\Users\sajus\AppData\Local\Programs\Microsoft VS Code\bin;C:\Users\sajus\AppData\Roaming\npm;;."/>
    <property name="java.vendor" value="Oracle Corporation"/>
    <property name="java.vm.info" value="mixed mode"/>
    <property name="java.vm.version" value="11.0.26+7-LTS-187"/>
    <property name="java.specification.maintenance.version" value="3"/>
    <property name="sun.io.unicode.encoding" value="UnicodeLittle"/>
    <property name="java.class.version" value="55.0"/>
  </properties>
  <testcase name="FirstCase" classname="org.testCase.TestCase1" time="5.796">
    <system-out><![CDATA[&amp#27;[38;5;112m[Appium]&amp#27;[0m Welcome to Appium v2.18.0
&amp#27;[38;5;112m[Appium]&amp#27;[0m The autodetected Appium home path: C:\Users\sajus\.appium
&amp#27;[38;5;112m[Appium]&amp#27;[0m Attempting to load driver uiautomator2...
&amp#27;[38;5;112m[Appium]&amp#27;[0m Requiring driver at C:\Users\sajus\.appium\node_modules\appium-uiautomator2-driver\build\index.js
&amp#27;[38;5;112m[Appium]&amp#27;[0m Welcome to Appium v2.18.0
&amp#27;[38;5;112m[Appium]&amp#27;[0m Non-default server args:
&amp#27;[38;5;112m[Appium]&amp#27;[0m { port: &amp#27;[33m4724&amp#27;[39m }
&amp#27;[38;5;112m[Appium]&amp#27;[0m The autodetected Appium home path: C:\Users\sajus\.appium
&amp#27;[38;5;112m[Appium]&amp#27;[0m Attempting to load driver uiautomator2...
&amp#27;[38;5;112m[Appium]&amp#27;[0m Requiring driver at C:\Users\sajus\.appium\node_modules\appium-uiautomator2-driver\build\index.js
&amp#27;[38;5;112m[Appium]&amp#27;[0m AndroidUiautomator2Driver has been successfully loaded in 1.305s
&amp#27;[38;5;112m[Appium]&amp#27;[0m AndroidUiautomator2Driver has been successfully loaded in 1.298s
&amp#27;[38;5;112m[Appium]&amp#27;[0m Appium REST http interface listener started on http://0.0.0.0:4723
&amp#27;[38;5;112m[Appium]&amp#27;[0m Appium REST http interface listener started on http://0.0.0.0:4724
&amp#27;[38;5;112m[Appium]&amp#27;[0m You can provide the following URLs in your client code to connect to this server:
	http://192.168.2.20:4724/
	http://127.0.0.1:4724/ (only accessible from the same host)
&amp#27;[38;5;112m[Appium]&amp#27;[0m You can provide the following URLs in your client code to connect to this server:
	http://192.168.2.20:4723/
	http://127.0.0.1:4723/ (only accessible from the same host)
&amp#27;[38;5;112m[Appium]&amp#27;[0m Available drivers:
&amp#27;[38;5;112m[Appium]&amp#27;[0m   - uiautomator2@4.2.3 (automationName 'UiAutomator2')
&amp#27;[38;5;112m[Appium]&amp#27;[0m Available drivers:
&amp#27;[38;5;112m[Appium]&amp#27;[0m   - uiautomator2@4.2.3 (automationName 'UiAutomator2')
&amp#27;[38;5;112m[Appium]&amp#27;[0m No plugins have been installed. Use the "appium plugin" command to install the one(s) you want to use.
&amp#27;[38;5;112m[Appium]&amp#27;[0m No plugins have been installed. Use the "appium plugin" command to install the one(s) you want to use.
&amp#27;[38;5;86m[HTTP]&amp#27;[0m &amp#27;[37m-->&amp#27;[39m &amp#27;[37mGET&amp#27;[39m &amp#27;[37m/status&amp#27;[39m &amp#27;[90m{}&amp#27;[39m
&amp#27;[38;5;39m[AppiumDriver@5262]&amp#27;[0m Calling AppiumDriver.getStatus() with args: []
&amp#27;[38;5;39m[AppiumDriver@5262]&amp#27;[0m Responding to client with driver.getStatus() result: {"ready":true,"message":"The server is ready to accept new connections","build":{"version":"2.18.0"}}
&amp#27;[38;5;86m[HTTP]&amp#27;[0m &amp#27;[37m<-- GET /status &amp#27;[39m&amp#27;[32m200&amp#27;[39m &amp#27;[90m7 ms - 111&amp#27;[39m &amp#27;[90m&amp#27;[39m
Appium server started on port: 4723
&amp#27;[38;5;86m[HTTP]&amp#27;[0m &amp#27;[37m-->&amp#27;[39m &amp#27;[37mGET&amp#27;[39m &amp#27;[37m/status&amp#27;[39m &amp#27;[90m{}&amp#27;[39m
&amp#27;[38;5;39m[AppiumDriver@b577]&amp#27;[0m Calling AppiumDriver.getStatus() with args: []
&amp#27;[38;5;39m[AppiumDriver@b577]&amp#27;[0m Responding to client with driver.getStatus() result: {"ready":true,"message":"The server is ready to accept new connections","build":{"version":"2.18.0"}}
Appium server started on port: 4724
&amp#27;[38;5;86m[HTTP]&amp#27;[0m &amp#27;[37m<-- GET /status &amp#27;[39m&amp#27;[32m200&amp#27;[39m &amp#27;[90m10 ms - 111&amp#27;[39m &amp#27;[90m&amp#27;[39m
&amp#27;[38;5;86m[HTTP]&amp#27;[0m Request idempotency key: 88fd8204-4cf1-49c9-a0e3-18ac9bd8a383
&amp#27;[38;5;86m[HTTP]&amp#27;[0m Request idempotency key: 5bcb65bb-8d47-491d-a7e4-4652153c063a
&amp#27;[38;5;86m[HTTP]&amp#27;[0m &amp#27;[37m-->&amp#27;[39m &amp#27;[37mPOST&amp#27;[39m &amp#27;[37m/session&amp#27;[39m &amp#27;[90m{"capabilities":{"firstMatch":[{}],"alwaysMatch":{"appium:appActivity":"com.androidsample.generalstore.SplashActivity","appium:appPackage":"com.androidsample.generalstore","appium:automationName":"UiAutomator2","appium:deviceName":"Nokia","appium:noReset":true,"appium:platformVersion":"11.0","appium:systemPort":8200,"appium:udid":"CTLID18120801016","platformName":"ANDROID"}}}&amp#27;[39m
&amp#27;[38;5;86m[HTTP]&amp#27;[0m &amp#27;[37m-->&amp#27;[39m &amp#27;[37mPOST&amp#27;[39m &amp#27;[37m/session&amp#27;[39m &amp#27;[90m{"capabilities":{"firstMatch":[{}],"alwaysMatch":{"appium:appActivity":"com.androidsample.generalstore.SplashActivity","appium:appPackage":"com.androidsample.generalstore","appium:automationName":"UiAutomator2","appium:deviceName":"Samsung_Galaxy_S21","appium:noReset":true,"appium:platformVersion":"10.0","appium:systemPort":8201,"appium:udid":"R3CRC00KHBT","platformName":"ANDROID"}}}&amp#27;[39m
&amp#27;[38;5;39m[AppiumDriver@5262]&amp#27;[0m Calling AppiumDriver.createSession() with args: [null,null,{"firstMatch":[{}],"alwaysMatch":{"appium:appActivity":"com.androidsample.generalstore.SplashActivity","appium:appPackage":"com.androidsample.generalstore","appium:automationName":"UiAutomator2","appium:deviceName":"Nokia","appium:noReset":true,"appium:platformVersion":"11.0","appium:systemPort":8200,"appium:udid":"CTLID18120801016","platformName":"ANDROID"}}]
&amp#27;[38;5;39m[AppiumDriver@5262]&amp#27;[0m Event 'newSessionRequested' logged at 1750196796118 (17:46:36 GMT-0400 (Eastern Daylight Saving Time))
&amp#27;[38;5;39m[AppiumDriver@b577]&amp#27;[0m Calling AppiumDriver.createSession() with args: [null,null,{"firstMatch":[{}],"alwaysMatch":{"appium:appActivity":"com.androidsample.generalstore.SplashActivity","appium:appPackage":"com.androidsample.generalstore","appium:automationName":"UiAutomator2","appium:deviceName":"Samsung_Galaxy_S21","appium:noReset":true,"appium:platformVersion":"10.0","appium:systemPort":8201,"appium:udid":"R3CRC00KHBT","platformName":"ANDROID"}}]
&amp#27;[38;5;39m[AppiumDriver@b577]&amp#27;[0m Event 'newSessionRequested' logged at 1750196796119 (17:46:36 GMT-0400 (Eastern Daylight Saving Time))
&amp#27;[38;5;112m[Appium]&amp#27;[0m Attempting to find matching driver for automationName 'UiAutomator2' and platformName 'ANDROID'
&amp#27;[38;5;112m[Appium]&amp#27;[0m The 'uiautomator2' driver was installed and matched caps.
&amp#27;[38;5;112m[Appium]&amp#27;[0m Will require it at C:\Users\sajus\.appium\node_modules\appium-uiautomator2-driver
&amp#27;[38;5;112m[Appium]&amp#27;[0m Attempting to find matching driver for automationName 'UiAutomator2' and platformName 'ANDROID'
&amp#27;[38;5;112m[Appium]&amp#27;[0m Requiring driver at C:\Users\sajus\.appium\node_modules\appium-uiautomator2-driver\build\index.js
&amp#27;[38;5;112m[Appium]&amp#27;[0m The 'uiautomator2' driver was installed and matched caps.
&amp#27;[38;5;112m[Appium]&amp#27;[0m Will require it at C:\Users\sajus\.appium\node_modules\appium-uiautomator2-driver
&amp#27;[38;5;39m[AppiumDriver@5262]&amp#27;[0m Appium v2.18.0 creating new AndroidUiautomator2Driver (v4.2.3) session
&amp#27;[38;5;39m[AppiumDriver@5262]&amp#27;[0m Checking BaseDriver versions for Appium and AndroidUiautomator2Driver
&amp#27;[38;5;39m[AppiumDriver@5262]&amp#27;[0m Appium's BaseDriver version is 9.17.0
&amp#27;[38;5;39m[AppiumDriver@5262]&amp#27;[0m AndroidUiautomator2Driver's BaseDriver version is 9.17.0
&amp#27;[38;5;112m[Appium]&amp#27;[0m Requiring driver at C:\Users\sajus\.appium\node_modules\appium-uiautomator2-driver\build\index.js
&amp#27;[38;5;39m[AppiumDriver@b577]&amp#27;[0m Appium v2.18.0 creating new AndroidUiautomator2Driver (v4.2.3) session
&amp#27;[38;5;39m[AppiumDriver@b577]&amp#27;[0m Checking BaseDriver versions for Appium and AndroidUiautomator2Driver
&amp#27;[38;5;39m[AppiumDriver@b577]&amp#27;[0m Appium's BaseDriver version is 9.17.0
&amp#27;[38;5;39m[AppiumDriver@b577]&amp#27;[0m AndroidUiautomator2Driver's BaseDriver version is 9.17.0
&amp#27;[38;5;-1m[AndroidUiautomator2Driver@b884]&amp#27;[0m 
&amp#27;[38;5;-1m[AndroidUiautomator2Driver@b884]&amp#27;[0m Creating session with W3C capabilities: {
  "alwaysMatch": {
    "platformName": "ANDROID",
    "appium:appActivity": "com.androidsample.generalstore.SplashActivity",
    "appium:appPackage": "com.androidsample.generalstore",
    "appium:automationName": "UiAutomator2",
    "appium:deviceName": "Nokia",
    "appium:noReset": true,
    "appium:platformVersion": "11.0",
    "appium:systemPort": 8200,
    "appium:udid": "CTLID18120801016"
  },
  "firstMatch": [
    {}
  ]
}
&amp#27;[38;5;-45m[AndroidUiautomator2Driver@898e]&amp#27;[0m 
&amp#27;[38;5;-45m[AndroidUiautomator2Driver@898e]&amp#27;[0m Creating session with W3C capabilities: {
  "alwaysMatch": {
    "platformName": "ANDROID",
    "appium:appActivity": "com.androidsample.generalstore.SplashActivity",
    "appium:appPackage": "com.androidsample.generalstore",
    "appium:automationName": "UiAutomator2",
    "appium:deviceName": "Samsung_Galaxy_S21",
    "appium:noReset": true,
    "appium:platformVersion": "10.0",
    "appium:systemPort": 8201,
    "appium:udid": "R3CRC00KHBT"
  },
  "firstMatch": [
    {}
  ]
}
&amp#27;[38;5;158m[e4b9327d]&amp#27;[0m&amp#27;[38;5;-1m[AndroidUiautomator2Driver@b884]&amp#27;[0m Session created with session id: e4b9327d-a86b-47dd-bcfc-80edcb4a3afb
&amp#27;[38;5;69m[4a861e75]&amp#27;[0m&amp#27;[38;5;-45m[AndroidUiautomator2Driver@898e]&amp#27;[0m Session created with session id: 4a861e75-f64d-490b-bb86-6ab06f76ed92
&amp#27;[38;5;158m[e4b9327d]&amp#27;[0m&amp#27;[38;5;229m[ADB]&amp#27;[0m Found 3 'build-tools' folders under 'C:\Users\sajus\AppData\Local\Android\Sdk' (newest first):
&amp#27;[38;5;158m[e4b9327d]&amp#27;[0m&amp#27;[38;5;229m[ADB]&amp#27;[0m     C:\Users\sajus\AppData\Local\Android\Sdk\build-tools\36.0.0
&amp#27;[38;5;158m[e4b9327d]&amp#27;[0m&amp#27;[38;5;229m[ADB]&amp#27;[0m     C:\Users\sajus\AppData\Local\Android\Sdk\build-tools\35.0.1
&amp#27;[38;5;158m[e4b9327d]&amp#27;[0m&amp#27;[38;5;229m[ADB]&amp#27;[0m     C:\Users\sajus\AppData\Local\Android\Sdk\build-tools\35.0.0
&amp#27;[38;5;69m[4a861e75]&amp#27;[0m&amp#27;[38;5;229m[ADB]&amp#27;[0m Found 3 'build-tools' folders under 'C:\Users\sajus\AppData\Local\Android\Sdk' (newest first):
&amp#27;[38;5;69m[4a861e75]&amp#27;[0m&amp#27;[38;5;229m[ADB]&amp#27;[0m     C:\Users\sajus\AppData\Local\Android\Sdk\build-tools\36.0.0
&amp#27;[38;5;69m[4a861e75]&amp#27;[0m&amp#27;[38;5;229m[ADB]&amp#27;[0m     C:\Users\sajus\AppData\Local\Android\Sdk\build-tools\35.0.1
&amp#27;[38;5;158m[e4b9327d]&amp#27;[0m&amp#27;[38;5;229m[ADB]&amp#27;[0m Using 'adb.exe' from 'C:\Users\sajus\AppData\Local\Android\Sdk\platform-tools\adb.exe'
&amp#27;[38;5;69m[4a861e75]&amp#27;[0m&amp#27;[38;5;229m[ADB]&amp#27;[0m     C:\Users\sajus\AppData\Local\Android\Sdk\build-tools\35.0.0
&amp#27;[38;5;158m[e4b9327d]&amp#27;[0m&amp#27;[38;5;229m[ADB]&amp#27;[0m Running 'C:\Users\sajus\AppData\Local\Android\Sdk\platform-tools\adb.exe -P 5037 start-server'
&amp#27;[38;5;69m[4a861e75]&amp#27;[0m&amp#27;[38;5;229m[ADB]&amp#27;[0m Using 'adb.exe' from 'C:\Users\sajus\AppData\Local\Android\Sdk\platform-tools\adb.exe'
&amp#27;[38;5;69m[4a861e75]&amp#27;[0m&amp#27;[38;5;229m[ADB]&amp#27;[0m Running 'C:\Users\sajus\AppData\Local\Android\Sdk\platform-tools\adb.exe -P 5037 start-server'
&amp#27;[38;5;158m[e4b9327d]&amp#27;[0m&amp#27;[38;5;-1m[AndroidUiautomator2Driver@b884]&amp#27;[0m Retrieving device list
&amp#27;[38;5;158m[e4b9327d]&amp#27;[0m&amp#27;[38;5;229m[ADB]&amp#27;[0m Trying to find connected Android devices
&amp#27;[38;5;69m[4a861e75]&amp#27;[0m&amp#27;[38;5;-45m[AndroidUiautomator2Driver@898e]&amp#27;[0m Retrieving device list
&amp#27;[38;5;69m[4a861e75]&amp#27;[0m&amp#27;[38;5;229m[ADB]&amp#27;[0m Trying to find connected Android devices
&amp#27;[38;5;158m[e4b9327d]&amp#27;[0m&amp#27;[38;5;229m[ADB]&amp#27;[0m Getting connected devices
&amp#27;[38;5;69m[4a861e75]&amp#27;[0m&amp#27;[38;5;229m[ADB]&amp#27;[0m Getting connected devices
&amp#27;[38;5;69m[4a861e75]&amp#27;[0m&amp#27;[38;5;229m[ADB]&amp#27;[0m Connected devices: [{"udid":"CTLID18120801016","state":"device"},{"udid":"R3CRC00KHBT","state":"device"}]
&amp#27;[38;5;69m[4a861e75]&amp#27;[0m&amp#27;[38;5;-45m[AndroidUiautomator2Driver@898e]&amp#27;[0m Using device: R3CRC00KHBT
&amp#27;[38;5;69m[4a861e75]&amp#27;[0m&amp#27;[38;5;229m[ADB]&amp#27;[0m Using 'adb.exe' from 'C:\Users\sajus\AppData\Local\Android\Sdk\platform-tools\adb.exe'
&amp#27;[38;5;69m[4a861e75]&amp#27;[0m&amp#27;[38;5;229m[ADB]&amp#27;[0m Running 'C:\Users\sajus\AppData\Local\Android\Sdk\platform-tools\adb.exe -P 5037 start-server'
&amp#27;[38;5;158m[e4b9327d]&amp#27;[0m&amp#27;[38;5;229m[ADB]&amp#27;[0m Connected devices: [{"udid":"CTLID18120801016","state":"device"},{"udid":"R3CRC00KHBT","state":"device"}]
&amp#27;[38;5;158m[e4b9327d]&amp#27;[0m&amp#27;[38;5;-1m[AndroidUiautomator2Driver@b884]&amp#27;[0m Using device: CTLID18120801016
&amp#27;[38;5;158m[e4b9327d]&amp#27;[0m&amp#27;[38;5;229m[ADB]&amp#27;[0m Using 'adb.exe' from 'C:\Users\sajus\AppData\Local\Android\Sdk\platform-tools\adb.exe'
&amp#27;[38;5;158m[e4b9327d]&amp#27;[0m&amp#27;[38;5;229m[ADB]&amp#27;[0m Running 'C:\Users\sajus\AppData\Local\Android\Sdk\platform-tools\adb.exe -P 5037 start-server'
&amp#27;[38;5;69m[4a861e75]&amp#27;[0m&amp#27;[38;5;229m[ADB]&amp#27;[0m Setting device id to R3CRC00KHBT
&amp#27;[38;5;69m[4a861e75]&amp#27;[0m&amp#27;[38;5;-45m[AndroidUiautomator2Driver@898e]&amp#27;[0m Starting 'com.androidsample.generalstore' directly on the device
&amp#27;[38;5;69m[4a861e75]&amp#27;[0m&amp#27;[38;5;229m[ADB]&amp#27;[0m Running 'C:\Users\sajus\AppData\Local\Android\Sdk\platform-tools\adb.exe -P 5037 -s R3CRC00KHBT shell getprop ro.build.version.sdk'
&amp#27;[38;5;158m[e4b9327d]&amp#27;[0m&amp#27;[38;5;229m[ADB]&amp#27;[0m Setting device id to CTLID18120801016
&amp#27;[38;5;158m[e4b9327d]&amp#27;[0m&amp#27;[38;5;-1m[AndroidUiautomator2Driver@b884]&amp#27;[0m Starting 'com.androidsample.generalstore' directly on the device
&amp#27;[38;5;158m[e4b9327d]&amp#27;[0m&amp#27;[38;5;229m[ADB]&amp#27;[0m Running 'C:\Users\sajus\AppData\Local\Android\Sdk\platform-tools\adb.exe -P 5037 -s CTLID18120801016 shell getprop ro.build.version.sdk'
&amp#27;[38;5;158m[e4b9327d]&amp#27;[0m&amp#27;[38;5;229m[ADB]&amp#27;[0m Current device property 'ro.build.version.sdk': 29
&amp#27;[38;5;158m[e4b9327d]&amp#27;[0m&amp#27;[38;5;229m[ADB]&amp#27;[0m Getting device platform version
&amp#27;[38;5;158m[e4b9327d]&amp#27;[0m&amp#27;[38;5;229m[ADB]&amp#27;[0m Running 'C:\Users\sajus\AppData\Local\Android\Sdk\platform-tools\adb.exe -P 5037 -s CTLID18120801016 shell getprop ro.build.version.release'
&amp#27;[38;5;69m[4a861e75]&amp#27;[0m&amp#27;[38;5;229m[ADB]&amp#27;[0m Current device property 'ro.build.version.sdk': 35
&amp#27;[38;5;69m[4a861e75]&amp#27;[0m&amp#27;[38;5;229m[ADB]&amp#27;[0m Getting device platform version
&amp#27;[38;5;69m[4a861e75]&amp#27;[0m&amp#27;[38;5;229m[ADB]&amp#27;[0m Running 'C:\Users\sajus\AppData\Local\Android\Sdk\platform-tools\adb.exe -P 5037 -s R3CRC00KHBT shell getprop ro.build.version.release'
&amp#27;[38;5;158m[e4b9327d]&amp#27;[0m&amp#27;[38;5;229m[ADB]&amp#27;[0m Current device property 'ro.build.version.release': 10
&amp#27;[38;5;158m[e4b9327d]&amp#27;[0m&amp#27;[38;5;229m[ADB]&amp#27;[0m Device API level: 29
&amp#27;[38;5;158m[e4b9327d]&amp#27;[0m&amp#27;[38;5;-1m[AndroidUiautomator2Driver@b884]&amp#27;[0m Relaxing hidden api policy
&amp#27;[38;5;158m[e4b9327d]&amp#27;[0m&amp#27;[38;5;229m[ADB]&amp#27;[0m Running 'C:\Users\sajus\AppData\Local\Android\Sdk\platform-tools\adb.exe -P 5037 -s CTLID18120801016 shell 'settings put global hidden_api_policy_pre_p_apps 1;settings put global hidden_api_policy_p_apps 1;settings put global hidden_api_policy 1''
&amp#27;[38;5;69m[4a861e75]&amp#27;[0m&amp#27;[38;5;229m[ADB]&amp#27;[0m Current device property 'ro.build.version.release': 15
&amp#27;[38;5;69m[4a861e75]&amp#27;[0m&amp#27;[38;5;229m[ADB]&amp#27;[0m Device API level: 35
&amp#27;[38;5;69m[4a861e75]&amp#27;[0m&amp#27;[38;5;-45m[AndroidUiautomator2Driver@898e]&amp#27;[0m Relaxing hidden api policy
&amp#27;[38;5;69m[4a861e75]&amp#27;[0m&amp#27;[38;5;229m[ADB]&amp#27;[0m Running 'C:\Users\sajus\AppData\Local\Android\Sdk\platform-tools\adb.exe -P 5037 -s R3CRC00KHBT shell 'settings put global hidden_api_policy_pre_p_apps 1;settings put global hidden_api_policy_p_apps 1;settings put global hidden_api_policy 1''
&amp#27;[38;5;158m[e4b9327d]&amp#27;[0m&amp#27;[38;5;-1m[AndroidUiautomator2Driver@b884]&amp#27;[0m Pushing settings apk to the device...
&amp#27;[38;5;158m[e4b9327d]&amp#27;[0m&amp#27;[38;5;229m[ADB]&amp#27;[0m Getting package info for 'io.appium.settings'
&amp#27;[38;5;158m[e4b9327d]&amp#27;[0m&amp#27;[38;5;229m[ADB]&amp#27;[0m Running 'C:\Users\sajus\AppData\Local\Android\Sdk\platform-tools\adb.exe -P 5037 -s CTLID18120801016 shell dumpsys package io.appium.settings'
&amp#27;[38;5;69m[4a861e75]&amp#27;[0m&amp#27;[38;5;-45m[AndroidUiautomator2Driver@898e]&amp#27;[0m Pushing settings apk to the device...
&amp#27;[38;5;69m[4a861e75]&amp#27;[0m&amp#27;[38;5;229m[ADB]&amp#27;[0m Getting package info for 'io.appium.settings'
&amp#27;[38;5;69m[4a861e75]&amp#27;[0m&amp#27;[38;5;229m[ADB]&amp#27;[0m Running 'C:\Users\sajus\AppData\Local\Android\Sdk\platform-tools\adb.exe -P 5037 -s R3CRC00KHBT shell dumpsys package io.appium.settings'
&amp#27;[38;5;158m[e4b9327d]&amp#27;[0m&amp#27;[38;5;229m[ADB]&amp#27;[0m Using 'aapt2.exe' from 'C:\Users\sajus\AppData\Local\Android\Sdk\build-tools\36.0.0\aapt2.exe'
&amp#27;[38;5;158m[e4b9327d]&amp#27;[0m&amp#27;[38;5;229m[ADB]&amp#27;[0m Reading package manifest: 'C:\\Users\\sajus\\AppData\\Local\\Android\\Sdk\\build-tools\\36.0.0\\aapt2.exe dump badging C:\\Users\\sajus\\.appium\\node_modules\\appium-uiautomator2-driver\\node_modules\\io.appium.settings\\apks\\settings_apk-debug.apk'
&amp#27;[38;5;158m[e4b9327d]&amp#27;[0m&amp#27;[38;5;229m[ADB]&amp#27;[0m The version name of the installed 'io.appium.settings' is greater or equal to the application version name ('5.14.8' >= '5.14.8')
&amp#27;[38;5;158m[e4b9327d]&amp#27;[0m&amp#27;[38;5;229m[ADB]&amp#27;[0m There is no need to install/upgrade 'C:\Users\sajus\.appium\node_modules\appium-uiautomator2-driver\node_modules\io.appium.settings\apks\settings_apk-debug.apk'
&amp#27;[38;5;158m[e4b9327d]&amp#27;[0m&amp#27;[38;5;229m[ADB]&amp#27;[0m Running 'C:\Users\sajus\AppData\Local\Android\Sdk\platform-tools\adb.exe -P 5037 -s CTLID18120801016 shell dumpsys activity services io.appium.settings'
&amp#27;[38;5;69m[4a861e75]&amp#27;[0m&amp#27;[38;5;229m[ADB]&amp#27;[0m Using 'aapt2.exe' from 'C:\Users\sajus\AppData\Local\Android\Sdk\build-tools\36.0.0\aapt2.exe'
&amp#27;[38;5;69m[4a861e75]&amp#27;[0m&amp#27;[38;5;229m[ADB]&amp#27;[0m Reading package manifest: 'C:\\Users\\sajus\\AppData\\Local\\Android\\Sdk\\build-tools\\36.0.0\\aapt2.exe dump badging C:\\Users\\sajus\\.appium\\node_modules\\appium-uiautomator2-driver\\node_modules\\io.appium.settings\\apks\\settings_apk-debug.apk'
&amp#27;[38;5;69m[4a861e75]&amp#27;[0m&amp#27;[38;5;229m[ADB]&amp#27;[0m The version name of the installed 'io.appium.settings' is greater or equal to the application version name ('5.14.8' >= '5.14.8')
&amp#27;[38;5;69m[4a861e75]&amp#27;[0m&amp#27;[38;5;229m[ADB]&amp#27;[0m There is no need to install/upgrade 'C:\Users\sajus\.appium\node_modules\appium-uiautomator2-driver\node_modules\io.appium.settings\apks\settings_apk-debug.apk'
&amp#27;[38;5;69m[4a861e75]&amp#27;[0m&amp#27;[38;5;229m[ADB]&amp#27;[0m Running 'C:\Users\sajus\AppData\Local\Android\Sdk\platform-tools\adb.exe -P 5037 -s R3CRC00KHBT shell dumpsys activity services io.appium.settings'
&amp#27;[38;5;158m[e4b9327d]&amp#27;[0m&amp#27;[38;5;-1m[AndroidUiautomator2Driver@b884]&amp#27;[0m io.appium.settings is already running. There is no need to reset its permissions.
&amp#27;[38;5;158m[e4b9327d]&amp#27;[0m&amp#27;[38;5;160m[Logcat]&amp#27;[0m Starting logs capture with command: C:\\Users\\sajus\\AppData\\Local\\Android\\Sdk\\platform-tools\\adb.exe -P 5037 -s CTLID18120801016 logcat -v threadtime
&amp#27;[38;5;158m[e4b9327d]&amp#27;[0m&amp#27;[38;5;229m[ADB]&amp#27;[0m Running 'C:\Users\sajus\AppData\Local\Android\Sdk\platform-tools\adb.exe -P 5037 -s CTLID18120801016 shell appops set io.appium.settings android:mock_location allow'
&amp#27;[38;5;69m[4a861e75]&amp#27;[0m&amp#27;[38;5;-45m[AndroidUiautomator2Driver@898e]&amp#27;[0m io.appium.settings is already running. There is no need to reset its permissions.
&amp#27;[38;5;69m[4a861e75]&amp#27;[0m&amp#27;[38;5;160m[Logcat]&amp#27;[0m Starting logs capture with command: C:\\Users\\sajus\\AppData\\Local\\Android\\Sdk\\platform-tools\\adb.exe -P 5037 -s R3CRC00KHBT logcat -v threadtime
&amp#27;[38;5;69m[4a861e75]&amp#27;[0m&amp#27;[38;5;229m[ADB]&amp#27;[0m Running 'C:\Users\sajus\AppData\Local\Android\Sdk\platform-tools\adb.exe -P 5037 -s R3CRC00KHBT shell appops set io.appium.settings android:mock_location allow'
&amp#27;[38;5;158m[e4b9327d]&amp#27;[0m&amp#27;[38;5;229m[ADB]&amp#27;[0m Running 'C:\Users\sajus\AppData\Local\Android\Sdk\platform-tools\adb.exe -P 5037 -s CTLID18120801016 shell "[ -e '/data/local/tmp/mock_apps.json' ] && echo __PASS__"'
&amp#27;[38;5;158m[e4b9327d]&amp#27;[0m&amp#27;[38;5;229m[ADB]&amp#27;[0m Running 'C:\Users\sajus\AppData\Local\Android\Sdk\platform-tools\adb.exe -P 5037 -s CTLID18120801016 shell cat /data/local/tmp/mock_apps.json'
&amp#27;[38;5;69m[4a861e75]&amp#27;[0m&amp#27;[38;5;229m[ADB]&amp#27;[0m Running 'C:\Users\sajus\AppData\Local\Android\Sdk\platform-tools\adb.exe -P 5037 -s R3CRC00KHBT shell "[ -e '/data/local/tmp/mock_apps.json' ] && echo __PASS__"'
&amp#27;[38;5;158m[e4b9327d]&amp#27;[0m&amp#27;[38;5;-1m[AndroidUiautomator2Driver@b884]&amp#27;[0m Forwarding UiAutomator2 Server port 6790 to local port 8200
&amp#27;[38;5;158m[e4b9327d]&amp#27;[0m&amp#27;[38;5;229m[ADB]&amp#27;[0m Forwarding system: 8200 to device: 6790
&amp#27;[38;5;158m[e4b9327d]&amp#27;[0m&amp#27;[38;5;229m[ADB]&amp#27;[0m Running 'C:\Users\sajus\AppData\Local\Android\Sdk\platform-tools\adb.exe -P 5037 -s CTLID18120801016 forward tcp:8200 tcp:6790'
&amp#27;[38;5;69m[4a861e75]&amp#27;[0m&amp#27;[38;5;229m[ADB]&amp#27;[0m Running 'C:\Users\sajus\AppData\Local\Android\Sdk\platform-tools\adb.exe -P 5037 -s R3CRC00KHBT shell cat /data/local/tmp/mock_apps.json'
&amp#27;[38;5;158m[e4b9327d]&amp#27;[0m&amp#27;[38;5;-1m[AndroidUiautomator2Driver@b884]&amp#27;[0m UIA2Proxy options: {"server":"127.0.0.1","port":8200,"keepAlive":true,"scheme":"http","base":"","reqBasePath":"","sessionId":null,"timeout":240000}
&amp#27;[38;5;158m[e4b9327d]&amp#27;[0m&amp#27;[38;5;229m[ADB]&amp#27;[0m Getting package info for 'io.appium.uiautomator2.server'
&amp#27;[38;5;158m[e4b9327d]&amp#27;[0m&amp#27;[38;5;229m[ADB]&amp#27;[0m Running 'C:\Users\sajus\AppData\Local\Android\Sdk\platform-tools\adb.exe -P 5037 -s CTLID18120801016 shell dumpsys package io.appium.uiautomator2.server'
&amp#27;[38;5;158m[e4b9327d]&amp#27;[0m&amp#27;[38;5;229m[ADB]&amp#27;[0m Getting install status for io.appium.uiautomator2.server.test
&amp#27;[38;5;158m[e4b9327d]&amp#27;[0m&amp#27;[38;5;-1m[AndroidUiautomator2Driver@b884]&amp#27;[0m No app capability. Assuming it is already on the device
&amp#27;[38;5;158m[e4b9327d]&amp#27;[0m&amp#27;[38;5;229m[ADB]&amp#27;[0m Running 'C:\Users\sajus\AppData\Local\Android\Sdk\platform-tools\adb.exe -P 5037 -s CTLID18120801016 shell cmd package list packages'
&amp#27;[38;5;158m[e4b9327d]&amp#27;[0m&amp#27;[38;5;229m[ADB]&amp#27;[0m Reading package manifest: 'C:\\Users\\sajus\\AppData\\Local\\Android\\Sdk\\build-tools\\36.0.0\\aapt2.exe dump badging C:\\Users\\sajus\\.appium\\node_modules\\appium-uiautomator2-driver\\node_modules\\appium-uiautomator2-server\\apks\\appium-uiautomator2-server-v7.5.2.apk'
&amp#27;[38;5;69m[4a861e75]&amp#27;[0m&amp#27;[38;5;-45m[AndroidUiautomator2Driver@898e]&amp#27;[0m Forwarding UiAutomator2 Server port 6790 to local port 8201
&amp#27;[38;5;69m[4a861e75]&amp#27;[0m&amp#27;[38;5;229m[ADB]&amp#27;[0m Forwarding system: 8201 to device: 6790
&amp#27;[38;5;69m[4a861e75]&amp#27;[0m&amp#27;[38;5;229m[ADB]&amp#27;[0m Running 'C:\Users\sajus\AppData\Local\Android\Sdk\platform-tools\adb.exe -P 5037 -s R3CRC00KHBT forward tcp:8201 tcp:6790'
&amp#27;[38;5;158m[e4b9327d]&amp#27;[0m&amp#27;[38;5;229m[ADB]&amp#27;[0m 'io.appium.uiautomator2.server.test' is installed
&amp#27;[38;5;69m[4a861e75]&amp#27;[0m&amp#27;[38;5;-45m[AndroidUiautomator2Driver@898e]&amp#27;[0m UIA2Proxy options: {"server":"127.0.0.1","port":8201,"keepAlive":true,"scheme":"http","base":"","reqBasePath":"","sessionId":null,"timeout":240000}
&amp#27;[38;5;69m[4a861e75]&amp#27;[0m&amp#27;[38;5;229m[ADB]&amp#27;[0m Getting package info for 'io.appium.uiautomator2.server'
&amp#27;[38;5;69m[4a861e75]&amp#27;[0m&amp#27;[38;5;229m[ADB]&amp#27;[0m Running 'C:\Users\sajus\AppData\Local\Android\Sdk\platform-tools\adb.exe -P 5037 -s R3CRC00KHBT shell dumpsys package io.appium.uiautomator2.server'
&amp#27;[38;5;69m[4a861e75]&amp#27;[0m&amp#27;[38;5;229m[ADB]&amp#27;[0m Getting install status for io.appium.uiautomator2.server.test
&amp#27;[38;5;69m[4a861e75]&amp#27;[0m&amp#27;[38;5;-45m[AndroidUiautomator2Driver@898e]&amp#27;[0m No app capability. Assuming it is already on the device
&amp#27;[38;5;69m[4a861e75]&amp#27;[0m&amp#27;[38;5;229m[ADB]&amp#27;[0m Running 'C:\Users\sajus\AppData\Local\Android\Sdk\platform-tools\adb.exe -P 5037 -s R3CRC00KHBT shell cmd package list packages'
&amp#27;[38;5;158m[e4b9327d]&amp#27;[0m&amp#27;[38;5;229m[ADB]&amp#27;[0m The version name of the installed 'io.appium.uiautomator2.server' is greater or equal to the application version name ('7.5.2' >= '7.5.2')
&amp#27;[38;5;158m[e4b9327d]&amp#27;[0m&amp#27;[38;5;-1m[AndroidUiautomator2Driver@b884]&amp#27;[0m Server packages status: [{"installState":"sameVersionInstalled","appPath":"C:\\Users\\sajus\\.appium\\node_modules\\appium-uiautomator2-driver\\node_modules\\appium-uiautomator2-server\\apks\\appium-uiautomator2-server-v7.5.2.apk","appId":"io.appium.uiautomator2.server"},{"installState":"sameVersionInstalled","appPath":"C:\\Users\\sajus\\.appium\\node_modules\\appium-uiautomator2-driver\\node_modules\\appium-uiautomator2-server\\apks\\appium-uiautomator2-server-debug-androidTest.apk","appId":"io.appium.uiautomator2.server.test"}]
&amp#27;[38;5;158m[e4b9327d]&amp#27;[0m&amp#27;[38;5;-1m[AndroidUiautomator2Driver@b884]&amp#27;[0m Server packages are not going to be (re)installed
&amp#27;[38;5;158m[e4b9327d]&amp#27;[0m&amp#27;[38;5;-1m[AndroidUiautomator2Driver@b884]&amp#27;[0m Waiting up to 30000ms for services to be available
&amp#27;[38;5;158m[e4b9327d]&amp#27;[0m&amp#27;[38;5;229m[ADB]&amp#27;[0m Running 'C:\Users\sajus\AppData\Local\Android\Sdk\platform-tools\adb.exe -P 5037 -s CTLID18120801016 shell pm list instrumentation'
&amp#27;[38;5;69m[4a861e75]&amp#27;[0m&amp#27;[38;5;229m[ADB]&amp#27;[0m Reading package manifest: 'C:\\Users\\sajus\\AppData\\Local\\Android\\Sdk\\build-tools\\36.0.0\\aapt2.exe dump badging C:\\Users\\sajus\\.appium\\node_modules\\appium-uiautomator2-driver\\node_modules\\appium-uiautomator2-server\\apks\\appium-uiautomator2-server-v7.5.2.apk'
&amp#27;[38;5;69m[4a861e75]&amp#27;[0m&amp#27;[38;5;229m[ADB]&amp#27;[0m 'io.appium.uiautomator2.server.test' is installed
&amp#27;[38;5;69m[4a861e75]&amp#27;[0m&amp#27;[38;5;229m[ADB]&amp#27;[0m The version name of the installed 'io.appium.uiautomator2.server' is greater or equal to the application version name ('7.5.2' >= '7.5.2')
&amp#27;[38;5;69m[4a861e75]&amp#27;[0m&amp#27;[38;5;-45m[AndroidUiautomator2Driver@898e]&amp#27;[0m Server packages status: [{"installState":"sameVersionInstalled","appPath":"C:\\Users\\sajus\\.appium\\node_modules\\appium-uiautomator2-driver\\node_modules\\appium-uiautomator2-server\\apks\\appium-uiautomator2-server-v7.5.2.apk","appId":"io.appium.uiautomator2.server"},{"installState":"sameVersionInstalled","appPath":"C:\\Users\\sajus\\.appium\\node_modules\\appium-uiautomator2-driver\\node_modules\\appium-uiautomator2-server\\apks\\appium-uiautomator2-server-debug-androidTest.apk","appId":"io.appium.uiautomator2.server.test"}]
&amp#27;[38;5;69m[4a861e75]&amp#27;[0m&amp#27;[38;5;-45m[AndroidUiautomator2Driver@898e]&amp#27;[0m Server packages are not going to be (re)installed
&amp#27;[38;5;69m[4a861e75]&amp#27;[0m&amp#27;[38;5;-45m[AndroidUiautomator2Driver@898e]&amp#27;[0m Waiting up to 30000ms for services to be available
&amp#27;[38;5;69m[4a861e75]&amp#27;[0m&amp#27;[38;5;229m[ADB]&amp#27;[0m Running 'C:\Users\sajus\AppData\Local\Android\Sdk\platform-tools\adb.exe -P 5037 -s R3CRC00KHBT shell pm list instrumentation'
&amp#27;[38;5;158m[e4b9327d]&amp#27;[0m&amp#27;[38;5;-1m[AndroidUiautomator2Driver@b884]&amp#27;[0m Instrumentation target 'io.appium.uiautomator2.server.test/androidx.test.runner.AndroidJUnitRunner' is available
&amp#27;[38;5;158m[e4b9327d]&amp#27;[0m&amp#27;[38;5;229m[ADB]&amp#27;[0m Adding packages ["io.appium.settings","io.appium.uiautomator2.server","io.appium.uiautomator2.server.test"] to Doze whitelist
&amp#27;[38;5;158m[e4b9327d]&amp#27;[0m&amp#27;[38;5;229m[ADB]&amp#27;[0m Got the following command chunks to execute: [["dumpsys","deviceidle","whitelist","+io.appium.settings",";","dumpsys","deviceidle","whitelist","+io.appium.uiautomator2.server",";","dumpsys","deviceidle","whitelist","+io.appium.uiautomator2.server.test",";"]]
&amp#27;[38;5;158m[e4b9327d]&amp#27;[0m&amp#27;[38;5;229m[ADB]&amp#27;[0m Running 'C:\Users\sajus\AppData\Local\Android\Sdk\platform-tools\adb.exe -P 5037 -s CTLID18120801016 shell dumpsys deviceidle whitelist +io.appium.settings ; dumpsys deviceidle whitelist +io.appium.uiautomator2.server ; dumpsys deviceidle whitelist +io.appium.uiautomator2.server.test ;'
&amp#27;[38;5;69m[4a861e75]&amp#27;[0m&amp#27;[38;5;-45m[AndroidUiautomator2Driver@898e]&amp#27;[0m Instrumentation target 'io.appium.uiautomator2.server.test/androidx.test.runner.AndroidJUnitRunner' is available
&amp#27;[38;5;69m[4a861e75]&amp#27;[0m&amp#27;[38;5;229m[ADB]&amp#27;[0m Adding packages ["io.appium.settings","io.appium.uiautomator2.server","io.appium.uiautomator2.server.test"] to Doze whitelist
&amp#27;[38;5;69m[4a861e75]&amp#27;[0m&amp#27;[38;5;229m[ADB]&amp#27;[0m Got the following command chunks to execute: [["dumpsys","deviceidle","whitelist","+io.appium.settings",";","dumpsys","deviceidle","whitelist","+io.appium.uiautomator2.server",";","dumpsys","deviceidle","whitelist","+io.appium.uiautomator2.server.test",";"]]
&amp#27;[38;5;69m[4a861e75]&amp#27;[0m&amp#27;[38;5;229m[ADB]&amp#27;[0m Running 'C:\Users\sajus\AppData\Local\Android\Sdk\platform-tools\adb.exe -P 5037 -s R3CRC00KHBT shell dumpsys deviceidle whitelist +io.appium.settings ; dumpsys deviceidle whitelist +io.appium.uiautomator2.server ; dumpsys deviceidle whitelist +io.appium.uiautomator2.server.test ;'
&amp#27;[38;5;158m[e4b9327d]&amp#27;[0m&amp#27;[38;5;-1m[AndroidUiautomator2Driver@b884]&amp#27;[0m Performing shallow cleanup of automation leftovers
&amp#27;[38;5;158m[e4b9327d]&amp#27;[0m&amp#27;[38;5;-1m[AndroidUiautomator2Driver@b884]&amp#27;[0m No obsolete sessions have been detected (socket hang up)
&amp#27;[38;5;158m[e4b9327d]&amp#27;[0m&amp#27;[38;5;229m[ADB]&amp#27;[0m Running 'C:\Users\sajus\AppData\Local\Android\Sdk\platform-tools\adb.exe -P 5037 -s CTLID18120801016 shell am force-stop io.appium.uiautomator2.server'
&amp#27;[38;5;158m[e4b9327d]&amp#27;[0m&amp#27;[38;5;229m[ADB]&amp#27;[0m Running 'C:\Users\sajus\AppData\Local\Android\Sdk\platform-tools\adb.exe -P 5037 -s CTLID18120801016 shell am force-stop io.appium.uiautomator2.server.test'
&amp#27;[38;5;69m[4a861e75]&amp#27;[0m&amp#27;[38;5;-45m[AndroidUiautomator2Driver@898e]&amp#27;[0m Performing shallow cleanup of automation leftovers
&amp#27;[38;5;158m[e4b9327d]&amp#27;[0m&amp#27;[38;5;-1m[AndroidUiautomator2Driver@b884]&amp#27;[0m Starting UIAutomator2 server 7.5.2
&amp#27;[38;5;158m[e4b9327d]&amp#27;[0m&amp#27;[38;5;-1m[AndroidUiautomator2Driver@b884]&amp#27;[0m Using UIAutomator2 server from 'C:\Users\sajus\.appium\node_modules\appium-uiautomator2-driver\node_modules\appium-uiautomator2-server\apks\appium-uiautomator2-server-v7.5.2.apk' and test from 'C:\Users\sajus\.appium\node_modules\appium-uiautomator2-driver\node_modules\appium-uiautomator2-server\apks\appium-uiautomator2-server-debug-androidTest.apk'
&amp#27;[38;5;158m[e4b9327d]&amp#27;[0m&amp#27;[38;5;-1m[AndroidUiautomator2Driver@b884]&amp#27;[0m Waiting up to 30000ms for UiAutomator2 to be online...
&amp#27;[38;5;158m[e4b9327d]&amp#27;[0m&amp#27;[38;5;229m[ADB]&amp#27;[0m Creating ADB subprocess with args: ["-P","5037","-s","CTLID18120801016","shell","am","instrument","-w","-e","disableAnalytics","true","io.appium.uiautomator2.server.test/androidx.test.runner.AndroidJUnitRunner"]
&amp#27;[38;5;69m[4a861e75]&amp#27;[0m&amp#27;[38;5;-45m[AndroidUiautomator2Driver@898e]&amp#27;[0m No obsolete sessions have been detected (socket hang up)
&amp#27;[38;5;69m[4a861e75]&amp#27;[0m&amp#27;[38;5;229m[ADB]&amp#27;[0m Running 'C:\Users\sajus\AppData\Local\Android\Sdk\platform-tools\adb.exe -P 5037 -s R3CRC00KHBT shell am force-stop io.appium.uiautomator2.server'
&amp#27;[38;5;158m[e4b9327d]&amp#27;[0m&amp#27;[38;5;-1m[AndroidUiautomator2Driver@b884]&amp#27;[0m Matched '/status' to command name 'getStatus'
&amp#27;[38;5;69m[4a861e75]&amp#27;[0m&amp#27;[38;5;229m[ADB]&amp#27;[0m Running 'C:\Users\sajus\AppData\Local\Android\Sdk\platform-tools\adb.exe -P 5037 -s R3CRC00KHBT shell am force-stop io.appium.uiautomator2.server.test'
&amp#27;[38;5;158m[e4b9327d]&amp#27;[0m&amp#27;[38;5;-1m[AndroidUiautomator2Driver@b884]&amp#27;[0m Proxying [GET /status] to [GET http://127.0.0.1:8200/status] with no body
&amp#27;[38;5;158m[e4b9327d]&amp#27;[0m&amp#27;[38;5;-1m[AndroidUiautomator2Driver@b884]&amp#27;[0m socket hang up
&amp#27;[38;5;69m[4a861e75]&amp#27;[0m&amp#27;[38;5;-45m[AndroidUiautomator2Driver@898e]&amp#27;[0m Starting UIAutomator2 server 7.5.2
&amp#27;[38;5;69m[4a861e75]&amp#27;[0m&amp#27;[38;5;-45m[AndroidUiautomator2Driver@898e]&amp#27;[0m Using UIAutomator2 server from 'C:\Users\sajus\.appium\node_modules\appium-uiautomator2-driver\node_modules\appium-uiautomator2-server\apks\appium-uiautomator2-server-v7.5.2.apk' and test from 'C:\Users\sajus\.appium\node_modules\appium-uiautomator2-driver\node_modules\appium-uiautomator2-server\apks\appium-uiautomator2-server-debug-androidTest.apk'
&amp#27;[38;5;69m[4a861e75]&amp#27;[0m&amp#27;[38;5;-45m[AndroidUiautomator2Driver@898e]&amp#27;[0m Waiting up to 30000ms for UiAutomator2 to be online...
&amp#27;[38;5;69m[4a861e75]&amp#27;[0m&amp#27;[38;5;229m[ADB]&amp#27;[0m Creating ADB subprocess with args: ["-P","5037","-s","R3CRC00KHBT","shell","am","instrument","-w","-e","disableAnalytics","true","io.appium.uiautomator2.server.test/androidx.test.runner.AndroidJUnitRunner"]
&amp#27;[38;5;69m[4a861e75]&amp#27;[0m&amp#27;[38;5;-45m[AndroidUiautomator2Driver@898e]&amp#27;[0m Matched '/status' to command name 'getStatus'
&amp#27;[38;5;69m[4a861e75]&amp#27;[0m&amp#27;[38;5;-45m[AndroidUiautomator2Driver@898e]&amp#27;[0m Proxying [GET /status] to [GET http://127.0.0.1:8201/status] with no body
&amp#27;[38;5;69m[4a861e75]&amp#27;[0m&amp#27;[38;5;-45m[AndroidUiautomator2Driver@898e]&amp#27;[0m socket hang up
&amp#27;[38;5;69m[4a861e75]&amp#27;[0m&amp#27;[38;5;-45m[AndroidUiautomator2Driver@898e]&amp#27;[0m [Instrumentation] 
&amp#27;[38;5;158m[e4b9327d]&amp#27;[0m&amp#27;[38;5;-1m[AndroidUiautomator2Driver@b884]&amp#27;[0m Matched '/status' to command name 'getStatus'
&amp#27;[38;5;158m[e4b9327d]&amp#27;[0m&amp#27;[38;5;-1m[AndroidUiautomator2Driver@b884]&amp#27;[0m Proxying [GET /status] to [GET http://127.0.0.1:8200/status] with no body
&amp#27;[38;5;158m[e4b9327d]&amp#27;[0m&amp#27;[38;5;-1m[AndroidUiautomator2Driver@b884]&amp#27;[0m socket hang up
&amp#27;[38;5;69m[4a861e75]&amp#27;[0m&amp#27;[38;5;-45m[AndroidUiautomator2Driver@898e]&amp#27;[0m Matched '/status' to command name 'getStatus'
&amp#27;[38;5;69m[4a861e75]&amp#27;[0m&amp#27;[38;5;-45m[AndroidUiautomator2Driver@898e]&amp#27;[0m Proxying [GET /status] to [GET http://127.0.0.1:8201/status] with no body
&amp#27;[38;5;69m[4a861e75]&amp#27;[0m&amp#27;[38;5;-45m[AndroidUiautomator2Driver@898e]&amp#27;[0m Got response with status 200: {"sessionId":"None","value":{"message":"UiAutomator2 Server is ready to accept commands","ready":true}}
&amp#27;[38;5;69m[4a861e75]&amp#27;[0m&amp#27;[38;5;-45m[AndroidUiautomator2Driver@898e]&amp#27;[0m The initialization of the instrumentation process took 1122ms
&amp#27;[38;5;69m[4a861e75]&amp#27;[0m&amp#27;[38;5;-45m[AndroidUiautomator2Driver@898e]&amp#27;[0m Matched '/session' to command name 'createSession'
&amp#27;[38;5;69m[4a861e75]&amp#27;[0m&amp#27;[38;5;-45m[AndroidUiautomator2Driver@898e]&amp#27;[0m Proxying [POST /session] to [POST http://127.0.0.1:8201/session] with body: {"capabilities":{"firstMatch":[{"platformName":"ANDROID","appActivity":"com.androidsample.generalstore.SplashActivity","appPackage":"com.androidsample.generalstore","automationName":"UiAutomator2","deviceName":"R3CRC00KHBT","noReset":true,"platformVersion":"10.0","systemPort":8201,"udid":"R3CRC00KHBT","platform":"LINUX","webStorageEnabled":false,"takesScreenshot":true,"javascriptEnabled":true,"databaseEnabled":false,"networkConnectionEnabled":true,"locationContextEnabled":false,"warnings":{},"desired":{"platformName":"ANDROID","appActivity":"com.androidsample.generalstore.SplashActivity","appPackage":"com.androidsample.generalstore","automationName":"UiAutomator2","deviceName":"Samsung_Galaxy_S21","noReset":true,"platformVersion":"10.0","systemPort":8201,"udid":"R3CRC00KHBT"},"deviceUDID":"R3CRC00KHBT"}],"alwaysMatch":{}}}
&amp#27;[38;5;69m[4a861e75]&amp#27;[0m&amp#27;[38;5;-45m[AndroidUiautomator2Driver@898e]&amp#27;[0m Got response with status 200: {"sessionId":"2aee4503-27f8-41ba-96e2-30d0b9f7b808","value":{"capabilities":{"firstMatch":[{"platformName":"ANDROID","appActivity":"com.androidsample.generalstore.SplashActivity","appPackage":"com.androidsample.generalstore","automationName":"UiAutomator2","deviceName":"R3CRC00KHBT","noReset":true,"platformVersion":"10.0","systemPort":8201,"udid":"R3CRC00KHBT","platform":"LINUX","webStorageEnabled":false,"takesScreenshot":true,"javascriptEnabled":true,"databaseEnabled":false,"networkConnectionEnabled":true,"locationContextEnabled":false,"warnings":{},"desired":{"platformName":"ANDROID","appActivity":"com.androidsample.generalstore.SplashActivity","appPackage":"com.androidsample.generalstore","automationName":"UiAutomator2","deviceName":"Samsung_Galaxy_S21","noReset":true,"platformVersion":"10.0","systemPort":8201,"udid":"R3CRC00KHBT"},"deviceUDID":"R3CRC00KHBT"}],"alwaysMatch":{}},"sessionId":"2aee4503-27f8-41ba-96e2-30d0b9f7b808"}}
&amp#27;[38;5;69m[4a861e75]&amp#27;[0m&amp#27;[38;5;-45m[AndroidUiautomator2Driver@898e]&amp#27;[0m Determined the downstream protocol as 'W3C'
&amp#27;[38;5;69m[4a861e75]&amp#27;[0m&amp#27;[38;5;-45m[AndroidUiautomator2Driver@898e]&amp#27;[0m Proxying [GET /appium/device/pixel_ratio] to [GET http://127.0.0.1:8201/session/2aee4503-27f8-41ba-96e2-30d0b9f7b808/appium/device/pixel_ratio] with no body
&amp#27;[38;5;69m[4a861e75]&amp#27;[0m&amp#27;[38;5;-45m[AndroidUiautomator2Driver@898e]&amp#27;[0m Matched '/appium/device/system_bars' to command name 'getSystemBars'
&amp#27;[38;5;69m[4a861e75]&amp#27;[0m&amp#27;[38;5;-45m[AndroidUiautomator2Driver@898e]&amp#27;[0m Proxying [GET /appium/device/system_bars] to [GET http://127.0.0.1:8201/session/2aee4503-27f8-41ba-96e2-30d0b9f7b808/appium/device/system_bars] with no body
&amp#27;[38;5;69m[4a861e75]&amp#27;[0m&amp#27;[38;5;-45m[AndroidUiautomator2Driver@898e]&amp#27;[0m Matched '/window/current/size' to command name 'getWindowSize'
&amp#27;[38;5;69m[4a861e75]&amp#27;[0m&amp#27;[38;5;-45m[AndroidUiautomator2Driver@898e]&amp#27;[0m Proxying [GET /window/current/size] to [GET http://127.0.0.1:8201/session/2aee4503-27f8-41ba-96e2-30d0b9f7b808/window/current/size] with no body
&amp#27;[38;5;69m[4a861e75]&amp#27;[0m&amp#27;[38;5;-45m[AndroidUiautomator2Driver@898e]&amp#27;[0m Proxying [GET /appium/device/info] to [GET http://127.0.0.1:8201/session/2aee4503-27f8-41ba-96e2-30d0b9f7b808/appium/device/info] with no body
&amp#27;[38;5;69m[4a861e75]&amp#27;[0m&amp#27;[38;5;229m[ADB]&amp#27;[0m Running 'C:\Users\sajus\AppData\Local\Android\Sdk\platform-tools\adb.exe -P 5037 -s R3CRC00KHBT shell dumpsys window'
&amp#27;[38;5;69m[4a861e75]&amp#27;[0m&amp#27;[38;5;229m[ADB]&amp#27;[0m Running 'C:\Users\sajus\AppData\Local\Android\Sdk\platform-tools\adb.exe -P 5037 -s R3CRC00KHBT shell dumpsys power'
&amp#27;[38;5;69m[4a861e75]&amp#27;[0m&amp#27;[38;5;-45m[AndroidUiautomator2Driver@898e]&amp#27;[0m Got response with status 200: {"sessionId":"2aee4503-27f8-41ba-96e2-30d0b9f7b808","value":3}
&amp#27;[38;5;69m[4a861e75]&amp#27;[0m&amp#27;[38;5;-45m[AndroidUiautomator2Driver@898e]&amp#27;[0m Got response with status 200: {"sessionId":"2aee4503-27f8-41ba-96e2-30d0b9f7b808","value":{"height":2400,"width":1080}}
&amp#27;[38;5;69m[4a861e75]&amp#27;[0m&amp#27;[38;5;-45m[AndroidUiautomator2Driver@898e]&amp#27;[0m Got response with status 200: {"sessionId":"2aee4503-27f8-41ba-96e2-30d0b9f7b808","value":{"statusBar":80}}
&amp#27;[38;5;69m[4a861e75]&amp#27;[0m&amp#27;[38;5;-45m[AndroidUiautomator2Driver@898e]&amp#27;[0m Got response with status 200: {"sessionId":"2aee4503-27f8-41ba-96e2-30d0b9f7b808","value":{"androidId":"f27012414286a658","apiVersion":"35","bluetooth":{"state":"ON"},"brand":"samsung","carrierName":"","displayDensity":480,"locale":"en_CA","manufacturer":"samsung","model":"SM-G991W","networks":[{"capabilities":{"SSID":null,"linkDownBandwidthKbps":282299,"linkUpstreamBandwidthKbps":1421,"networkCapabilities":"NET_CAPABILITY_NOT_METERED,NET_CAPABILITY_INTERNET,NET_CAPABILITY_NOT_RESTRICTED,NET_CAPABILITY_TRUSTED,NET_CAPABILITY_NOT_VPN,NET_CAPABILITY_VALIDATED,NET_CAPABILITY_NOT_ROAMING,NET_CAPABILITY_FOREGROUND,NET_CAPABILITY_NOT_CONGESTED,NET_CAPABILITY_NOT_SUSPENDED","signalStrength":-52,"transportTypes":"TRANSPORT_WIFI"},"detailedState":"CONNECTED","extraInfo":"","isAvailable":true,"isConnected":true,"isFailover":false,"isRoaming":false,"state":"CONNECTED","subtype":-1,"subtypeName":"","type":1,"typeName":"WIFI"}],"platformVersion":"15","realDisplaySize":"1080x2400","timeZone":"America/New_York"}}
&amp#27;[38;5;69m[4a861e75]&amp#27;[0m&amp#27;[38;5;-45m[AndroidUiautomator2Driver@898e]&amp#27;[0m Screen already unlocked, doing nothing
&amp#27;[38;5;69m[4a861e75]&amp#27;[0m&amp#27;[38;5;-45m[AndroidUiautomator2Driver@898e]&amp#27;[0m Starting 'com.androidsample.generalstore/com.androidsample.generalstore.SplashActivity' and waiting for 'com.androidsample.generalstore/com.androidsample.generalstore.SplashActivity'
&amp#27;[38;5;69m[4a861e75]&amp#27;[0m&amp#27;[38;5;229m[ADB]&amp#27;[0m Getting IDs of all 'com.androidsample.generalstore' processes
&amp#27;[38;5;69m[4a861e75]&amp#27;[0m&amp#27;[38;5;229m[ADB]&amp#27;[0m Running 'C:\Users\sajus\AppData\Local\Android\Sdk\platform-tools\adb.exe -P 5037 -s R3CRC00KHBT shell 'pgrep --help; echo $?''
&amp#27;[38;5;158m[e4b9327d]&amp#27;[0m&amp#27;[38;5;-1m[AndroidUiautomator2Driver@b884]&amp#27;[0m [Instrumentation] 
&amp#27;[38;5;69m[4a861e75]&amp#27;[0m&amp#27;[38;5;229m[ADB]&amp#27;[0m Running 'C:\Users\sajus\AppData\Local\Android\Sdk\platform-tools\adb.exe -P 5037 -s R3CRC00KHBT shell pgrep -f \(\[\[:blank:\]\]\|\^\)com\.androidsample\.generalstore\(:\[a-zA-Z0-9_-\]\+\)\?\(\[\[:blank:\]\]\|\$\)'
&amp#27;[38;5;69m[4a861e75]&amp#27;[0m&amp#27;[38;5;229m[ADB]&amp#27;[0m Running 'C:\Users\sajus\AppData\Local\Android\Sdk\platform-tools\adb.exe -P 5037 -s R3CRC00KHBT shell am start-activity -W -n com.androidsample.generalstore/com.androidsample.generalstore.SplashActivity -S -a android.intent.action.MAIN -c android.intent.category.LAUNCHER -f 0x10200000'
&amp#27;[38;5;158m[e4b9327d]&amp#27;[0m&amp#27;[38;5;-1m[AndroidUiautomator2Driver@b884]&amp#27;[0m Matched '/status' to command name 'getStatus'
&amp#27;[38;5;158m[e4b9327d]&amp#27;[0m&amp#27;[38;5;-1m[AndroidUiautomator2Driver@b884]&amp#27;[0m Proxying [GET /status] to [GET http://127.0.0.1:8200/status] with no body
&amp#27;[38;5;158m[e4b9327d]&amp#27;[0m&amp#27;[38;5;-1m[AndroidUiautomator2Driver@b884]&amp#27;[0m Got response with status 200: {"sessionId":"None","value":{"message":"UiAutomator2 Server is ready to accept commands","ready":true}}
&amp#27;[38;5;158m[e4b9327d]&amp#27;[0m&amp#27;[38;5;-1m[AndroidUiautomator2Driver@b884]&amp#27;[0m The initialization of the instrumentation process took 2208ms
&amp#27;[38;5;158m[e4b9327d]&amp#27;[0m&amp#27;[38;5;-1m[AndroidUiautomator2Driver@b884]&amp#27;[0m Matched '/session' to command name 'createSession'
&amp#27;[38;5;158m[e4b9327d]&amp#27;[0m&amp#27;[38;5;-1m[AndroidUiautomator2Driver@b884]&amp#27;[0m Proxying [POST /session] to [POST http://127.0.0.1:8200/session] with body: {"capabilities":{"firstMatch":[{"platformName":"ANDROID","appActivity":"com.androidsample.generalstore.SplashActivity","appPackage":"com.androidsample.generalstore","automationName":"UiAutomator2","deviceName":"CTLID18120801016","noReset":true,"platformVersion":"11.0","systemPort":8200,"udid":"CTLID18120801016","platform":"LINUX","webStorageEnabled":false,"takesScreenshot":true,"javascriptEnabled":true,"databaseEnabled":false,"networkConnectionEnabled":true,"locationContextEnabled":false,"warnings":{},"desired":{"platformName":"ANDROID","appActivity":"com.androidsample.generalstore.SplashActivity","appPackage":"com.androidsample.generalstore","automationName":"UiAutomator2","deviceName":"Nokia","noReset":true,"platformVersion":"11.0","systemPort":8200,"udid":"CTLID18120801016"},"deviceUDID":"CTLID18120801016"}],"alwaysMatch":{}}}
&amp#27;[38;5;158m[e4b9327d]&amp#27;[0m&amp#27;[38;5;-1m[AndroidUiautomator2Driver@b884]&amp#27;[0m Got response with status 200: {"sessionId":"dfb07948-f395-4f8e-9363-90af58fd22e7","value":{"capabilities":{"firstMatch":[{"platformName":"ANDROID","appActivity":"com.androidsample.generalstore.SplashActivity","appPackage":"com.androidsample.generalstore","automationName":"UiAutomator2","deviceName":"CTLID18120801016","noReset":true,"platformVersion":"11.0","systemPort":8200,"udid":"CTLID18120801016","platform":"LINUX","webStorageEnabled":false,"takesScreenshot":true,"javascriptEnabled":true,"databaseEnabled":false,"networkConnectionEnabled":true,"locationContextEnabled":false,"warnings":{},"desired":{"platformName":"ANDROID","appActivity":"com.androidsample.generalstore.SplashActivity","appPackage":"com.androidsample.generalstore","automationName":"UiAutomator2","deviceName":"Nokia","noReset":true,"platformVersion":"11.0","systemPort":8200,"udid":"CTLID18120801016"},"deviceUDID":"CTLID18120801016"}],"alwaysMatch":{}},"sessionId":"dfb07948-f395-4f8e-9363-90af58fd22e7"}}
&amp#27;[38;5;158m[e4b9327d]&amp#27;[0m&amp#27;[38;5;-1m[AndroidUiautomator2Driver@b884]&amp#27;[0m Determined the downstream protocol as 'W3C'
&amp#27;[38;5;158m[e4b9327d]&amp#27;[0m&amp#27;[38;5;-1m[AndroidUiautomator2Driver@b884]&amp#27;[0m Proxying [GET /appium/device/pixel_ratio] to [GET http://127.0.0.1:8200/session/dfb07948-f395-4f8e-9363-90af58fd22e7/appium/device/pixel_ratio] with no body
&amp#27;[38;5;158m[e4b9327d]&amp#27;[0m&amp#27;[38;5;-1m[AndroidUiautomator2Driver@b884]&amp#27;[0m Matched '/appium/device/system_bars' to command name 'getSystemBars'
&amp#27;[38;5;158m[e4b9327d]&amp#27;[0m&amp#27;[38;5;-1m[AndroidUiautomator2Driver@b884]&amp#27;[0m Proxying [GET /appium/device/system_bars] to [GET http://127.0.0.1:8200/session/dfb07948-f395-4f8e-9363-90af58fd22e7/appium/device/system_bars] with no body
&amp#27;[38;5;158m[e4b9327d]&amp#27;[0m&amp#27;[38;5;-1m[AndroidUiautomator2Driver@b884]&amp#27;[0m Matched '/window/current/size' to command name 'getWindowSize'
&amp#27;[38;5;158m[e4b9327d]&amp#27;[0m&amp#27;[38;5;-1m[AndroidUiautomator2Driver@b884]&amp#27;[0m Proxying [GET /window/current/size] to [GET http://127.0.0.1:8200/session/dfb07948-f395-4f8e-9363-90af58fd22e7/window/current/size] with no body
&amp#27;[38;5;158m[e4b9327d]&amp#27;[0m&amp#27;[38;5;-1m[AndroidUiautomator2Driver@b884]&amp#27;[0m Proxying [GET /appium/device/info] to [GET http://127.0.0.1:8200/session/dfb07948-f395-4f8e-9363-90af58fd22e7/appium/device/info] with no body
&amp#27;[38;5;158m[e4b9327d]&amp#27;[0m&amp#27;[38;5;229m[ADB]&amp#27;[0m Running 'C:\Users\sajus\AppData\Local\Android\Sdk\platform-tools\adb.exe -P 5037 -s CTLID18120801016 shell dumpsys window'
&amp#27;[38;5;158m[e4b9327d]&amp#27;[0m&amp#27;[38;5;229m[ADB]&amp#27;[0m Running 'C:\Users\sajus\AppData\Local\Android\Sdk\platform-tools\adb.exe -P 5037 -s CTLID18120801016 shell dumpsys power'
&amp#27;[38;5;158m[e4b9327d]&amp#27;[0m&amp#27;[38;5;-1m[AndroidUiautomator2Driver@b884]&amp#27;[0m Got response with status 200: {"sessionId":"dfb07948-f395-4f8e-9363-90af58fd22e7","value":2.625}
&amp#27;[38;5;158m[e4b9327d]&amp#27;[0m&amp#27;[38;5;-1m[AndroidUiautomator2Driver@b884]&amp#27;[0m Got response with status 200: {"sessionId":"dfb07948-f395-4f8e-9363-90af58fd22e7","value":{"height":2280,"width":1080}}
&amp#27;[38;5;158m[e4b9327d]&amp#27;[0m&amp#27;[38;5;-1m[AndroidUiautomator2Driver@b884]&amp#27;[0m Got response with status 200: {"sessionId":"dfb07948-f395-4f8e-9363-90af58fd22e7","value":{"statusBar":89}}
&amp#27;[38;5;158m[e4b9327d]&amp#27;[0m&amp#27;[38;5;-1m[AndroidUiautomator2Driver@b884]&amp#27;[0m Screen already unlocked, doing nothing
&amp#27;[38;5;158m[e4b9327d]&amp#27;[0m&amp#27;[38;5;-1m[AndroidUiautomator2Driver@b884]&amp#27;[0m Starting 'com.androidsample.generalstore/com.androidsample.generalstore.SplashActivity' and waiting for 'com.androidsample.generalstore/com.androidsample.generalstore.SplashActivity'
&amp#27;[38;5;158m[e4b9327d]&amp#27;[0m&amp#27;[38;5;229m[ADB]&amp#27;[0m Getting IDs of all 'com.androidsample.generalstore' processes
&amp#27;[38;5;158m[e4b9327d]&amp#27;[0m&amp#27;[38;5;229m[ADB]&amp#27;[0m Running 'C:\Users\sajus\AppData\Local\Android\Sdk\platform-tools\adb.exe -P 5037 -s CTLID18120801016 shell 'pgrep --help; echo $?''
&amp#27;[38;5;69m[4a861e75]&amp#27;[0m&amp#27;[38;5;39m[AppiumDriver@b577]&amp#27;[0m New AndroidUiautomator2Driver session created successfully, session 4a861e75-f64d-490b-bb86-6ab06f76ed92 added to master session list
&amp#27;[38;5;69m[4a861e75]&amp#27;[0m&amp#27;[38;5;39m[AppiumDriver@b577]&amp#27;[0m Event 'newSessionStarted' logged at 1750196800496 (17:46:40 GMT-0400 (Eastern Daylight Saving Time))
&amp#27;[38;5;69m[4a861e75]&amp#27;[0m&amp#27;[38;5;-45m[AndroidUiautomator2Driver@898e]&amp#27;[0m Cached the protocol value 'W3C' for the new session 4a861e75-f64d-490b-bb86-6ab06f76ed92
&amp#27;[38;5;69m[4a861e75]&amp#27;[0m&amp#27;[38;5;-45m[AndroidUiautomator2Driver@898e]&amp#27;[0m Responding to client with driver.createSession() result: {"capabilities":{"platformName":"ANDROID","appActivity":"com.androidsample.generalstore.SplashActivity","appPackage":"com.androidsample.generalstore","automationName":"UiAutomator2","deviceName":"R3CRC00KHBT","noReset":true,"platformVersion":"15","systemPort":8201,"udid":"R3CRC00KHBT","platform":"LINUX","webStorageEnabled":false,"takesScreenshot":true,"javascriptEnabled":true,"databaseEnabled":false,"networkConnectionEnabled":true,"locationContextEnabled":false,"warnings":{},"desired":{"platformName":"ANDROID","appActivity":"com.androidsample.generalstore.SplashActivity","appPackage":"com.androidsample.generalstore","automationName":"UiAutomator2","deviceName":"Samsung_Galaxy_S21","noReset":true,"platformVersion":"10.0","systemPort":8201,"udid":"R3CRC00KHBT"},"deviceUDID":"R3CRC00KHBT","pixelRatio":"3","statBarHeight":80,"viewportRect":{"left":0,"top":80,"width":1080,"height":2320},"deviceApiLevel":35,"deviceManufacturer":"samsung","deviceModel":"SM-G991W","deviceScreenSize":"1080x2400","deviceScreenDensit...
&amp#27;[38;5;69m[4a861e75]&amp#27;[0m&amp#27;[38;5;86m[HTTP]&amp#27;[0m &amp#27;[37m<-- POST /session &amp#27;[39m&amp#27;[32m200&amp#27;[39m &amp#27;[90m4380 ms - 1090&amp#27;[39m &amp#27;[90m&amp#27;[39m
&amp#27;[38;5;158m[e4b9327d]&amp#27;[0m&amp#27;[38;5;-1m[AndroidUiautomator2Driver@b884]&amp#27;[0m Got response with status 200: {"sessionId":"dfb07948-f395-4f8e-9363-90af58fd22e7","value":{"androidId":"7be9e4e610cc4454","apiVersion":"29","bluetooth":{"state":"OFF"},"brand":"Nokia","carrierName":"","displayDensity":420,"locale":"en_IN","manufacturer":"HMD Global","model":"Nokia 7.1","networks":[{"capabilities":{"SSID":null,"linkDownBandwidthKbps":1048576,"linkUpstreamBandwidthKbps":1048576,"networkCapabilities":"NET_CAPABILITY_NOT_METERED,NET_CAPABILITY_INTERNET,NET_CAPABILITY_NOT_RESTRICTED,NET_CAPABILITY_TRUSTED,NET_CAPABILITY_NOT_VPN,NET_CAPABILITY_VALIDATED,NET_CAPABILITY_NOT_ROAMING,NET_CAPABILITY_FOREGROUND,NET_CAPABILITY_NOT_CONGESTED,NET_CAPABILITY_NOT_SUSPENDED","signalStrength":-55,"transportTypes":"TRANSPORT_WIFI"},"detailedState":"CONNECTED","extraInfo":null,"isAvailable":true,"isConnected":true,"isFailover":false,"isRoaming":false,"state":"CONNECTED","subtype":0,"subtypeName":"","type":1,"typeName":"WIFI"}],"platformVersion":"10","realDisplaySize":"1080x2280","timeZone":"America/Toronto"}}
&amp#27;[38;5;158m[e4b9327d]&amp#27;[0m&amp#27;[38;5;229m[ADB]&amp#27;[0m Running 'C:\Users\sajus\AppData\Local\Android\Sdk\platform-tools\adb.exe -P 5037 -s CTLID18120801016 shell pgrep -f \(\[\[:blank:\]\]\|\^\)com\.androidsample\.generalstore\(:\[a-zA-Z0-9_-\]\+\)\?\(\[\[:blank:\]\]\|\$\)'
Device: Samsung_Galaxy_S21
&amp#27;[38;5;69m[4a861e75]&amp#27;[0m&amp#27;[38;5;86m[HTTP]&amp#27;[0m &amp#27;[37m-->&amp#27;[39m &amp#27;[37mPOST&amp#27;[39m &amp#27;[37m/session/4a861e75-f64d-490b-bb86-6ab06f76ed92/execute/sync&amp#27;[39m &amp#27;[90m{"script":"mobile: getCurrentActivity","args":[]}&amp#27;[39m
&amp#27;[38;5;69m[4a861e75]&amp#27;[0m&amp#27;[38;5;-45m[AndroidUiautomator2Driver@898e]&amp#27;[0m Calling AppiumDriver.execute() with args: ["mobile: getCurrentActivity",[],"4a861e75-f64d-490b-bb86-6ab06f76ed92"]
&amp#27;[38;5;69m[4a861e75]&amp#27;[0m&amp#27;[38;5;229m[ADB]&amp#27;[0m Getting focused package and activity
&amp#27;[38;5;69m[4a861e75]&amp#27;[0m&amp#27;[38;5;229m[ADB]&amp#27;[0m Running 'C:\Users\sajus\AppData\Local\Android\Sdk\platform-tools\adb.exe -P 5037 -s R3CRC00KHBT shell dumpsys window displays'
&amp#27;[38;5;158m[e4b9327d]&amp#27;[0m&amp#27;[38;5;229m[ADB]&amp#27;[0m Running 'C:\Users\sajus\AppData\Local\Android\Sdk\platform-tools\adb.exe -P 5037 -s CTLID18120801016 shell am start-activity -W -n com.androidsample.generalstore/com.androidsample.generalstore.SplashActivity -S -a android.intent.action.MAIN -c android.intent.category.LAUNCHER -f 0x10200000'
&amp#27;[38;5;69m[4a861e75]&amp#27;[0m&amp#27;[38;5;-45m[AndroidUiautomator2Driver@898e]&amp#27;[0m Responding to client with driver.execute() result: ".SplashActivity"
&amp#27;[38;5;69m[4a861e75]&amp#27;[0m&amp#27;[38;5;86m[HTTP]&amp#27;[0m &amp#27;[37m<-- POST /session/4a861e75-f64d-490b-bb86-6ab06f76ed92/execute/sync &amp#27;[39m&amp#27;[32m200&amp#27;[39m &amp#27;[90m112 ms - 27&amp#27;[39m &amp#27;[90m&amp#27;[39m
Current Activity: .SplashActivity
&amp#27;[38;5;158m[e4b9327d]&amp#27;[0m&amp#27;[38;5;39m[AppiumDriver@5262]&amp#27;[0m New AndroidUiautomator2Driver session created successfully, session e4b9327d-a86b-47dd-bcfc-80edcb4a3afb added to master session list
&amp#27;[38;5;158m[e4b9327d]&amp#27;[0m&amp#27;[38;5;39m[AppiumDriver@5262]&amp#27;[0m Event 'newSessionStarted' logged at 1750196801322 (17:46:41 GMT-0400 (Eastern Daylight Saving Time))
&amp#27;[38;5;158m[e4b9327d]&amp#27;[0m&amp#27;[38;5;-1m[AndroidUiautomator2Driver@b884]&amp#27;[0m Cached the protocol value 'W3C' for the new session e4b9327d-a86b-47dd-bcfc-80edcb4a3afb
&amp#27;[38;5;158m[e4b9327d]&amp#27;[0m&amp#27;[38;5;-1m[AndroidUiautomator2Driver@b884]&amp#27;[0m Responding to client with driver.createSession() result: {"capabilities":{"platformName":"ANDROID","appActivity":"com.androidsample.generalstore.SplashActivity","appPackage":"com.androidsample.generalstore","automationName":"UiAutomator2","deviceName":"CTLID18120801016","noReset":true,"platformVersion":"10","systemPort":8200,"udid":"CTLID18120801016","platform":"LINUX","webStorageEnabled":false,"takesScreenshot":true,"javascriptEnabled":true,"databaseEnabled":false,"networkConnectionEnabled":true,"locationContextEnabled":false,"warnings":{},"desired":{"platformName":"ANDROID","appActivity":"com.androidsample.generalstore.SplashActivity","appPackage":"com.androidsample.generalstore","automationName":"UiAutomator2","deviceName":"Nokia","noReset":true,"platformVersion":"11.0","systemPort":8200,"udid":"CTLID18120801016"},"deviceUDID":"CTLID18120801016","pixelRatio":"2.625","statBarHeight":89,"viewportRect":{"left":0,"top":89,"width":1080,"height":2191},"deviceApiLevel":29,"deviceManufacturer":"HMD Global","deviceModel":"Nokia 7.1","deviceScreenSize":"1080x2280","dev...
&amp#27;[38;5;158m[e4b9327d]&amp#27;[0m&amp#27;[38;5;86m[HTTP]&amp#27;[0m &amp#27;[37m<-- POST /session &amp#27;[39m&amp#27;[32m200&amp#27;[39m &amp#27;[90m5207 ms - 1105&amp#27;[39m &amp#27;[90m&amp#27;[39m
Device: Nokia
&amp#27;[38;5;158m[e4b9327d]&amp#27;[0m&amp#27;[38;5;86m[HTTP]&amp#27;[0m &amp#27;[37m-->&amp#27;[39m &amp#27;[37mPOST&amp#27;[39m &amp#27;[37m/session/e4b9327d-a86b-47dd-bcfc-80edcb4a3afb/execute/sync&amp#27;[39m &amp#27;[90m{"script":"mobile: getCurrentActivity","args":[]}&amp#27;[39m
&amp#27;[38;5;158m[e4b9327d]&amp#27;[0m&amp#27;[38;5;-1m[AndroidUiautomator2Driver@b884]&amp#27;[0m Calling AppiumDriver.execute() with args: ["mobile: getCurrentActivity",[],"e4b9327d-a86b-47dd-bcfc-80edcb4a3afb"]
&amp#27;[38;5;158m[e4b9327d]&amp#27;[0m&amp#27;[38;5;229m[ADB]&amp#27;[0m Getting focused package and activity
&amp#27;[38;5;158m[e4b9327d]&amp#27;[0m&amp#27;[38;5;229m[ADB]&amp#27;[0m Running 'C:\Users\sajus\AppData\Local\Android\Sdk\platform-tools\adb.exe -P 5037 -s CTLID18120801016 shell dumpsys window displays'
&amp#27;[38;5;158m[e4b9327d]&amp#27;[0m&amp#27;[38;5;-1m[AndroidUiautomator2Driver@b884]&amp#27;[0m Responding to client with driver.execute() result: ".SplashActivity"
&amp#27;[38;5;158m[e4b9327d]&amp#27;[0m&amp#27;[38;5;86m[HTTP]&amp#27;[0m &amp#27;[37m<-- POST /session/e4b9327d-a86b-47dd-bcfc-80edcb4a3afb/execute/sync &amp#27;[39m&amp#27;[32m200&amp#27;[39m &amp#27;[90m148 ms - 27&amp#27;[39m &amp#27;[90m&amp#27;[39m
Current Activity: .SplashActivity
&amp#27;[38;5;69m[4a861e75]&amp#27;[0m&amp#27;[38;5;86m[HTTP]&amp#27;[0m &amp#27;[37m-->&amp#27;[39m &amp#27;[37mPOST&amp#27;[39m &amp#27;[37m/session/4a861e75-f64d-490b-bb86-6ab06f76ed92/element&amp#27;[39m &amp#27;[90m{"using":"id","value":"com.androidsample.generalstore:id/btnLetsShop"}&amp#27;[39m
&amp#27;[38;5;69m[4a861e75]&amp#27;[0m&amp#27;[38;5;-45m[AndroidUiautomator2Driver@898e]&amp#27;[0m Calling AppiumDriver.findElement() with args: ["id","com.androidsample.generalstore:id/btnLetsShop","4a861e75-f64d-490b-bb86-6ab06f76ed92"]
&amp#27;[38;5;69m[4a861e75]&amp#27;[0m&amp#27;[38;5;-45m[AndroidUiautomator2Driver@898e]&amp#27;[0m Valid locator strategies for this request: xpath, id, class name, accessibility id, css selector, -android uiautomator
&amp#27;[38;5;69m[4a861e75]&amp#27;[0m&amp#27;[38;5;-45m[AndroidUiautomator2Driver@898e]&amp#27;[0m Waiting up to 0 ms for condition
&amp#27;[38;5;69m[4a861e75]&amp#27;[0m&amp#27;[38;5;-45m[AndroidUiautomator2Driver@898e]&amp#27;[0m Matched '/element' to command name 'findElement'
&amp#27;[38;5;69m[4a861e75]&amp#27;[0m&amp#27;[38;5;-45m[AndroidUiautomator2Driver@898e]&amp#27;[0m Proxying [POST /element] to [POST http://127.0.0.1:8201/session/2aee4503-27f8-41ba-96e2-30d0b9f7b808/element] with body: {"strategy":"id","selector":"com.androidsample.generalstore:id/btnLetsShop","context":"","multiple":false}
&amp#27;[38;5;69m[4a861e75]&amp#27;[0m&amp#27;[38;5;-45m[AndroidUiautomator2Driver@898e]&amp#27;[0m Got response with status 200: {"sessionId":"2aee4503-27f8-41ba-96e2-30d0b9f7b808","value":{"ELEMENT":"00000000-0000-0db0-ffff-ffff00000021","element-6066-11e4-a52e-4f735466cecf":"00000000-0000-0db0-ffff-ffff00000021"}}
&amp#27;[38;5;69m[4a861e75]&amp#27;[0m&amp#27;[38;5;-45m[AndroidUiautomator2Driver@898e]&amp#27;[0m Responding to client with driver.findElement() result: {"element-6066-11e4-a52e-4f735466cecf":"00000000-0000-0db0-ffff-ffff00000021","ELEMENT":"00000000-0000-0db0-ffff-ffff00000021"}
&amp#27;[38;5;69m[4a861e75]&amp#27;[0m&amp#27;[38;5;86m[HTTP]&amp#27;[0m &amp#27;[37m<-- POST /session/4a861e75-f64d-490b-bb86-6ab06f76ed92/element &amp#27;[39m&amp#27;[32m200&amp#27;[39m &amp#27;[90m72 ms - 137&amp#27;[39m &amp#27;[90m&amp#27;[39m
&amp#27;[38;5;69m[4a861e75]&amp#27;[0m&amp#27;[38;5;86m[HTTP]&amp#27;[0m &amp#27;[37m-->&amp#27;[39m &amp#27;[37mPOST&amp#27;[39m &amp#27;[37m/session/4a861e75-f64d-490b-bb86-6ab06f76ed92/element/00000000-0000-0db0-ffff-ffff00000021/click&amp#27;[39m &amp#27;[90m{"id":"00000000-0000-0db0-ffff-ffff00000021"}&amp#27;[39m
&amp#27;[38;5;69m[4a861e75]&amp#27;[0m&amp#27;[38;5;-45m[AndroidUiautomator2Driver@898e]&amp#27;[0m Calling AppiumDriver.click() with args: ["00000000-0000-0db0-ffff-ffff00000021","4a861e75-f64d-490b-bb86-6ab06f76ed92"]
&amp#27;[38;5;69m[4a861e75]&amp#27;[0m&amp#27;[38;5;-45m[AndroidUiautomator2Driver@898e]&amp#27;[0m Matched '/element/00000000-0000-0db0-ffff-ffff00000021/click' to command name 'click'
&amp#27;[38;5;69m[4a861e75]&amp#27;[0m&amp#27;[38;5;-45m[AndroidUiautomator2Driver@898e]&amp#27;[0m Proxying [POST /element/00000000-0000-0db0-ffff-ffff00000021/click] to [POST http://127.0.0.1:8201/session/2aee4503-27f8-41ba-96e2-30d0b9f7b808/element/00000000-0000-0db0-ffff-ffff00000021/click] with body: {"element":"00000000-0000-0db0-ffff-ffff00000021"}
&amp#27;[38;5;69m[4a861e75]&amp#27;[0m&amp#27;[38;5;-45m[AndroidUiautomator2Driver@898e]&amp#27;[0m Got response with status 200: {"sessionId":"2aee4503-27f8-41ba-96e2-30d0b9f7b808","value":null}
&amp#27;[38;5;69m[4a861e75]&amp#27;[0m&amp#27;[38;5;-45m[AndroidUiautomator2Driver@898e]&amp#27;[0m Responding to client with driver.click() result: null
&amp#27;[38;5;69m[4a861e75]&amp#27;[0m&amp#27;[38;5;86m[HTTP]&amp#27;[0m &amp#27;[37m<-- POST /session/4a861e75-f64d-490b-bb86-6ab06f76ed92/element/00000000-0000-0db0-ffff-ffff00000021/click &amp#27;[39m&amp#27;[32m200&amp#27;[39m &amp#27;[90m108 ms - 14&amp#27;[39m &amp#27;[90m&amp#27;[39m
&amp#27;[38;5;69m[4a861e75]&amp#27;[0m&amp#27;[38;5;86m[HTTP]&amp#27;[0m &amp#27;[37m-->&amp#27;[39m &amp#27;[37mPOST&amp#27;[39m &amp#27;[37m/session/4a861e75-f64d-490b-bb86-6ab06f76ed92/element&amp#27;[39m &amp#27;[90m{"using":"xpath","value":"//android.widget.Toast[@text='Please enter your name']"}&amp#27;[39m
&amp#27;[38;5;69m[4a861e75]&amp#27;[0m&amp#27;[38;5;-45m[AndroidUiautomator2Driver@898e]&amp#27;[0m Calling AppiumDriver.findElement() with args: ["xpath","//android.widget.Toast[@text='Please enter your name']","4a861e75-f64d-490b-bb86-6ab06f76ed92"]
&amp#27;[38;5;69m[4a861e75]&amp#27;[0m&amp#27;[38;5;-45m[AndroidUiautomator2Driver@898e]&amp#27;[0m Valid locator strategies for this request: xpath, id, class name, accessibility id, css selector, -android uiautomator
&amp#27;[38;5;69m[4a861e75]&amp#27;[0m&amp#27;[38;5;-45m[AndroidUiautomator2Driver@898e]&amp#27;[0m Waiting up to 0 ms for condition
&amp#27;[38;5;69m[4a861e75]&amp#27;[0m&amp#27;[38;5;-45m[AndroidUiautomator2Driver@898e]&amp#27;[0m Matched '/element' to command name 'findElement'
&amp#27;[38;5;69m[4a861e75]&amp#27;[0m&amp#27;[38;5;-45m[AndroidUiautomator2Driver@898e]&amp#27;[0m Proxying [POST /element] to [POST http://127.0.0.1:8201/session/2aee4503-27f8-41ba-96e2-30d0b9f7b808/element] with body: {"strategy":"xpath","selector":"//android.widget.Toast[@text='Please enter your name']","context":"","multiple":false}
&amp#27;[38;5;69m[4a861e75]&amp#27;[0m&amp#27;[38;5;-45m[AndroidUiautomator2Driver@898e]&amp#27;[0m Got response with status 200: {"sessionId":"2aee4503-27f8-41ba-96e2-30d0b9f7b808","value":{"ELEMENT":"e238ccbb-9cf4-48a5-926a-8e4c9cdabec2","element-6066-11e4-a52e-4f735466cecf":"e238ccbb-9cf4-48a5-926a-8e4c9cdabec2"}}
&amp#27;[38;5;69m[4a861e75]&amp#27;[0m&amp#27;[38;5;-45m[AndroidUiautomator2Driver@898e]&amp#27;[0m Responding to client with driver.findElement() result: {"element-6066-11e4-a52e-4f735466cecf":"e238ccbb-9cf4-48a5-926a-8e4c9cdabec2","ELEMENT":"e238ccbb-9cf4-48a5-926a-8e4c9cdabec2"}
&amp#27;[38;5;69m[4a861e75]&amp#27;[0m&amp#27;[38;5;86m[HTTP]&amp#27;[0m &amp#27;[37m<-- POST /session/4a861e75-f64d-490b-bb86-6ab06f76ed92/element &amp#27;[39m&amp#27;[32m200&amp#27;[39m &amp#27;[90m217 ms - 137&amp#27;[39m &amp#27;[90m&amp#27;[39m
&amp#27;[38;5;69m[4a861e75]&amp#27;[0m&amp#27;[38;5;86m[HTTP]&amp#27;[0m &amp#27;[37m-->&amp#27;[39m &amp#27;[37mGET&amp#27;[39m &amp#27;[37m/session/4a861e75-f64d-490b-bb86-6ab06f76ed92/element/e238ccbb-9cf4-48a5-926a-8e4c9cdabec2/text&amp#27;[39m &amp#27;[90m{}&amp#27;[39m
&amp#27;[38;5;69m[4a861e75]&amp#27;[0m&amp#27;[38;5;-45m[AndroidUiautomator2Driver@898e]&amp#27;[0m Driver proxy active, passing request on via HTTP proxy
&amp#27;[38;5;69m[4a861e75]&amp#27;[0m&amp#27;[38;5;-45m[AndroidUiautomator2Driver@898e]&amp#27;[0m Matched '/session/4a861e75-f64d-490b-bb86-6ab06f76ed92/element/e238ccbb-9cf4-48a5-926a-8e4c9cdabec2/text' to command name 'getText'
&amp#27;[38;5;69m[4a861e75]&amp#27;[0m&amp#27;[38;5;-45m[AndroidUiautomator2Driver@898e]&amp#27;[0m Proxying [GET /session/4a861e75-f64d-490b-bb86-6ab06f76ed92/element/e238ccbb-9cf4-48a5-926a-8e4c9cdabec2/text] to [GET http://127.0.0.1:8201/session/2aee4503-27f8-41ba-96e2-30d0b9f7b808/element/e238ccbb-9cf4-48a5-926a-8e4c9cdabec2/text] with no body
&amp#27;[38;5;69m[4a861e75]&amp#27;[0m&amp#27;[38;5;-45m[AndroidUiautomator2Driver@898e]&amp#27;[0m Got response with status 200: {"sessionId":"2aee4503-27f8-41ba-96e2-30d0b9f7b808","value":"Please enter your name"}
&amp#27;[38;5;69m[4a861e75]&amp#27;[0m&amp#27;[38;5;-45m[AndroidUiautomator2Driver@898e]&amp#27;[0m Replacing sessionId 2aee4503-27f8-41ba-96e2-30d0b9f7b808 with 4a861e75-f64d-490b-bb86-6ab06f76ed92
&amp#27;[38;5;69m[4a861e75]&amp#27;[0m&amp#27;[38;5;86m[HTTP]&amp#27;[0m &amp#27;[37m<-- GET /session/4a861e75-f64d-490b-bb86-6ab06f76ed92/element/e238ccbb-9cf4-48a5-926a-8e4c9cdabec2/text &amp#27;[39m&amp#27;[32m200&amp#27;[39m &amp#27;[90m315 ms - 85&amp#27;[39m &amp#27;[90m&amp#27;[39m
Please enter your name
&amp#27;[38;5;69m[4a861e75]&amp#27;[0m&amp#27;[38;5;86m[HTTP]&amp#27;[0m &amp#27;[37m-->&amp#27;[39m &amp#27;[37mGET&amp#27;[39m &amp#27;[37m/session/4a861e75-f64d-490b-bb86-6ab06f76ed92/screenshot&amp#27;[39m &amp#27;[90m{}&amp#27;[39m
&amp#27;[38;5;69m[4a861e75]&amp#27;[0m&amp#27;[38;5;-45m[AndroidUiautomator2Driver@898e]&amp#27;[0m Calling AppiumDriver.getScreenshot() with args: ["4a861e75-f64d-490b-bb86-6ab06f76ed92"]
&amp#27;[38;5;69m[4a861e75]&amp#27;[0m&amp#27;[38;5;-45m[AndroidUiautomator2Driver@898e]&amp#27;[0m Matched '/screenshot' to command name 'getScreenshot'
&amp#27;[38;5;69m[4a861e75]&amp#27;[0m&amp#27;[38;5;-45m[AndroidUiautomator2Driver@898e]&amp#27;[0m Proxying [GET /screenshot] to [GET http://127.0.0.1:8201/session/2aee4503-27f8-41ba-96e2-30d0b9f7b808/screenshot] with no body
&amp#27;[38;5;158m[e4b9327d]&amp#27;[0m&amp#27;[38;5;86m[HTTP]&amp#27;[0m &amp#27;[37m-->&amp#27;[39m &amp#27;[37mPOST&amp#27;[39m &amp#27;[37m/session/e4b9327d-a86b-47dd-bcfc-80edcb4a3afb/element&amp#27;[39m &amp#27;[90m{"using":"id","value":"com.androidsample.generalstore:id/btnLetsShop"}&amp#27;[39m
&amp#27;[38;5;158m[e4b9327d]&amp#27;[0m&amp#27;[38;5;-1m[AndroidUiautomator2Driver@b884]&amp#27;[0m Calling AppiumDriver.findElement() with args: ["id","com.androidsample.generalstore:id/btnLetsShop","e4b9327d-a86b-47dd-bcfc-80edcb4a3afb"]
&amp#27;[38;5;158m[e4b9327d]&amp#27;[0m&amp#27;[38;5;-1m[AndroidUiautomator2Driver@b884]&amp#27;[0m Valid locator strategies for this request: xpath, id, class name, accessibility id, css selector, -android uiautomator
&amp#27;[38;5;158m[e4b9327d]&amp#27;[0m&amp#27;[38;5;-1m[AndroidUiautomator2Driver@b884]&amp#27;[0m Waiting up to 0 ms for condition
&amp#27;[38;5;158m[e4b9327d]&amp#27;[0m&amp#27;[38;5;-1m[AndroidUiautomator2Driver@b884]&amp#27;[0m Matched '/element' to command name 'findElement'
&amp#27;[38;5;158m[e4b9327d]&amp#27;[0m&amp#27;[38;5;-1m[AndroidUiautomator2Driver@b884]&amp#27;[0m Proxying [POST /element] to [POST http://127.0.0.1:8200/session/dfb07948-f395-4f8e-9363-90af58fd22e7/element] with body: {"strategy":"id","selector":"com.androidsample.generalstore:id/btnLetsShop","context":"","multiple":false}
&amp#27;[38;5;158m[e4b9327d]&amp#27;[0m&amp#27;[38;5;-1m[AndroidUiautomator2Driver@b884]&amp#27;[0m Got response with status 200: {"sessionId":"dfb07948-f395-4f8e-9363-90af58fd22e7","value":{"ELEMENT":"00000000-0000-03d2-ffff-ffff00000021","element-6066-11e4-a52e-4f735466cecf":"00000000-0000-03d2-ffff-ffff00000021"}}
&amp#27;[38;5;158m[e4b9327d]&amp#27;[0m&amp#27;[38;5;-1m[AndroidUiautomator2Driver@b884]&amp#27;[0m Responding to client with driver.findElement() result: {"element-6066-11e4-a52e-4f735466cecf":"00000000-0000-03d2-ffff-ffff00000021","ELEMENT":"00000000-0000-03d2-ffff-ffff00000021"}
&amp#27;[38;5;158m[e4b9327d]&amp#27;[0m&amp#27;[38;5;86m[HTTP]&amp#27;[0m &amp#27;[37m<-- POST /session/e4b9327d-a86b-47dd-bcfc-80edcb4a3afb/element &amp#27;[39m&amp#27;[32m200&amp#27;[39m &amp#27;[90m70 ms - 137&amp#27;[39m &amp#27;[90m&amp#27;[39m
&amp#27;[38;5;158m[e4b9327d]&amp#27;[0m&amp#27;[38;5;86m[HTTP]&amp#27;[0m &amp#27;[37m-->&amp#27;[39m &amp#27;[37mPOST&amp#27;[39m &amp#27;[37m/session/e4b9327d-a86b-47dd-bcfc-80edcb4a3afb/element/00000000-0000-03d2-ffff-ffff00000021/click&amp#27;[39m &amp#27;[90m{"id":"00000000-0000-03d2-ffff-ffff00000021"}&amp#27;[39m
&amp#27;[38;5;158m[e4b9327d]&amp#27;[0m&amp#27;[38;5;-1m[AndroidUiautomator2Driver@b884]&amp#27;[0m Calling AppiumDriver.click() with args: ["00000000-0000-03d2-ffff-ffff00000021","e4b9327d-a86b-47dd-bcfc-80edcb4a3afb"]
&amp#27;[38;5;158m[e4b9327d]&amp#27;[0m&amp#27;[38;5;-1m[AndroidUiautomator2Driver@b884]&amp#27;[0m Matched '/element/00000000-0000-03d2-ffff-ffff00000021/click' to command name 'click'
&amp#27;[38;5;158m[e4b9327d]&amp#27;[0m&amp#27;[38;5;-1m[AndroidUiautomator2Driver@b884]&amp#27;[0m Proxying [POST /element/00000000-0000-03d2-ffff-ffff00000021/click] to [POST http://127.0.0.1:8200/session/dfb07948-f395-4f8e-9363-90af58fd22e7/element/00000000-0000-03d2-ffff-ffff00000021/click] with body: {"element":"00000000-0000-03d2-ffff-ffff00000021"}
&amp#27;[38;5;158m[e4b9327d]&amp#27;[0m&amp#27;[38;5;-1m[AndroidUiautomator2Driver@b884]&amp#27;[0m Got response with status 200: {"sessionId":"dfb07948-f395-4f8e-9363-90af58fd22e7","value":null}
&amp#27;[38;5;158m[e4b9327d]&amp#27;[0m&amp#27;[38;5;-1m[AndroidUiautomator2Driver@b884]&amp#27;[0m Responding to client with driver.click() result: null
&amp#27;[38;5;158m[e4b9327d]&amp#27;[0m&amp#27;[38;5;86m[HTTP]&amp#27;[0m &amp#27;[37m<-- POST /session/e4b9327d-a86b-47dd-bcfc-80edcb4a3afb/element/00000000-0000-03d2-ffff-ffff00000021/click &amp#27;[39m&amp#27;[32m200&amp#27;[39m &amp#27;[90m57 ms - 14&amp#27;[39m &amp#27;[90m&amp#27;[39m
&amp#27;[38;5;158m[e4b9327d]&amp#27;[0m&amp#27;[38;5;86m[HTTP]&amp#27;[0m &amp#27;[37m-->&amp#27;[39m &amp#27;[37mPOST&amp#27;[39m &amp#27;[37m/session/e4b9327d-a86b-47dd-bcfc-80edcb4a3afb/element&amp#27;[39m &amp#27;[90m{"using":"xpath","value":"//android.widget.Toast[@text='Please enter your name']"}&amp#27;[39m
&amp#27;[38;5;158m[e4b9327d]&amp#27;[0m&amp#27;[38;5;-1m[AndroidUiautomator2Driver@b884]&amp#27;[0m Calling AppiumDriver.findElement() with args: ["xpath","//android.widget.Toast[@text='Please enter your name']","e4b9327d-a86b-47dd-bcfc-80edcb4a3afb"]
&amp#27;[38;5;158m[e4b9327d]&amp#27;[0m&amp#27;[38;5;-1m[AndroidUiautomator2Driver@b884]&amp#27;[0m Valid locator strategies for this request: xpath, id, class name, accessibility id, css selector, -android uiautomator
&amp#27;[38;5;158m[e4b9327d]&amp#27;[0m&amp#27;[38;5;-1m[AndroidUiautomator2Driver@b884]&amp#27;[0m Waiting up to 0 ms for condition
&amp#27;[38;5;158m[e4b9327d]&amp#27;[0m&amp#27;[38;5;-1m[AndroidUiautomator2Driver@b884]&amp#27;[0m Matched '/element' to command name 'findElement'
&amp#27;[38;5;158m[e4b9327d]&amp#27;[0m&amp#27;[38;5;-1m[AndroidUiautomator2Driver@b884]&amp#27;[0m Proxying [POST /element] to [POST http://127.0.0.1:8200/session/dfb07948-f395-4f8e-9363-90af58fd22e7/element] with body: {"strategy":"xpath","selector":"//android.widget.Toast[@text='Please enter your name']","context":"","multiple":false}
&amp#27;[38;5;69m[4a861e75]&amp#27;[0m&amp#27;[38;5;-45m[AndroidUiautomator2Driver@898e]&amp#27;[0m Got response with status 200: {"sessionId":"2aee4503-27f8-41ba-96e2-30d0b9f7b808","value":"iVBORw0KGgoAAAANSUhEUgAABDgAAAlgCAYAAABtGofVAAAAAXNSR0IArs4c6QAAAARzQklUCAgICHwIZIgAACAASURBVHic7N13eBzVvT7w98zMVq16l5vc5IZ7xTamm2pKqKGGkkAoIeSSkITcH5DADQmQhCSEEEoCCc2EZhswBodig3vvvciSLKt37U77/WFJkbQ7q91V3dX7yXOfi+fMnj0a7+jxvHvO94jknTeZICIiIiIiIiKKYlJvD4CIiIiIiIiIqLMYcBARERERERFR1GPAQURERERERERRjwEHEREREREREUU9BhxEREREREREFPUYcBARERERERFR1GPAQURERERERERRjwEHEREREREREUU9BhxEREREREREFPUYcBARERERERFR1GPAQURERERERERRjwEHEREREREREUU9BhxEREREREREFPUYcBARERERERFR1GPAQURERERERERRjwEHEREREREREUU9BhxEREREREREFPUYcBARERERERFR1GPAQURERERERERRjwEHEREREREREUU9BhxEREREREREFPUYcBARERERERFR1GPAQURERERERERRjwEHEREREREREUU9BhxEREREREREFPUYcBARERERERFR1GPAQURERERERERRjwEHEREREREREUU9BhxEREREREREFPWU3h4AERERERERUV8iIJCmxGOWKw9jHQORY0tBtpKMLCUJLsnRI2NoMLwo0ipwXKtEoVqOnd5jWN2wF6VaDUyYPTKGaMOAg4iIiIiIiPo1AYE4yYFcewbmeybiNPcYjHUMhCJ68ZFZ9mCALbXNIc3UsMObjxV1u7CsdgsOqyWoN7wMPJqI5J038UoQERERERFRvyMgEC85kefIwUXxU3FpwgwkSu7eHlZIKvRavFe9Bstqt2CPtwA1RmO/DzoYcBAREREREVG/I0FgsC0N...
&amp#27;[38;5;69m[4a861e75]&amp#27;[0m&amp#27;[38;5;-45m[AndroidUiautomator2Driver@898e]&amp#27;[0m Responding to client with driver.getScreenshot() result: "iVBORw0KGgoAAAANSUhEUgAABDgAAAlgCAYAAABtGofVAAAAAXNSR0IArs4c6QAAAARzQklUCAgICHwIZIgAACAASURBVHic7N13eBzVvT7w98zMVq16l5vc5IZ7xTamm2pKqKGGkkAoIeSSkITcH5DADQmQhCSEEEoCCc2EZhswBodig3vvvciSLKt37U77/WFJkbQ7q91V3dX7yXOfi+fMnj0a7+jxvHvO94jknTeZICIiIiIiIiKKYlJvD4CIiIiIiIiIqLMYcBARERERERFR1GPAQURERERERERRjwEHEREREREREUU9BhxEREREREREFPUYcBARERERERFR1GPAQURERERERERRjwEHEREREREREUU9BhxEREREREREFPUYcBARERERERFR1GPAQURERERERERRjwEHEREREREREUU9BhxEREREREREFPUYcBARERERERFR1GPAQURERERERERRjwEHEREREREREUU9BhxEREREREREFPUYcBARERERERFR1GPAQURERERERERRjwEHEREREREREUU9BhxEREREREREFPUYcBARERERERFR1GPAQURERERERERRjwEHEREREREREUU9BhxEREREREREFPUYcBARERERERFR1GPAQURERERERERRjwEHEREREREREUU9BhxEREREREREFPWU3h4AERERERERUV8iIJCmxGOWKw9jHQORY0tBtpKMLCUJLsnRI2NoMLwo0ipwXKtEoVqOnd5jWN2wF6VaDUyYPTKGaMOAg4iIiIiIiPo1AYE4yYFcewbmeybiNPcYjHUMhCJ68ZFZ9mCALbXNIc3UsMObjxV1u7CsdgsOqyWoN7wMPJqI5J038UoQERERERFRvyMgEC85kefIwUXxU3FpwgwkSu7eHlZIKvRavFe9Bstqt2CPtwA1RmO/DzoYcBAREREREVG/I0FgsC0N30qchYs8UzHYngYpyspUGjBw1FeKD2s34N9Vq5CvlvXrkIMBBxEREREREfU7...
&amp#27;[38;5;69m[4a861e75]&amp#27;[0m&amp#27;[38;5;86m[HTTP]&amp#27;[0m &amp#27;[37m<-- GET /session/4a861e75-f64d-490b-bb86-6ab06f76ed92/screenshot &amp#27;[39m&amp#27;[32m200&amp#27;[39m &amp#27;[90m598 ms - 700732&amp#27;[39m &amp#27;[90m&amp#27;[39m
]]></system-out>
  </testcase>
  <testcase name="FirstCase" classname="org.testCase.TestCase1" time="6.998">
    <system-out><![CDATA[&amp#27;[38;5;69m[4a861e75]&amp#27;[0m&amp#27;[38;5;86m[HTTP]&amp#27;[0m &amp#27;[37m-->&amp#27;[39m &amp#27;[37mPOST&amp#27;[39m &amp#27;[37m/session/4a861e75-f64d-490b-bb86-6ab06f76ed92/execute/sync&amp#27;[39m &amp#27;[90m{"script":"mobile: isAppInstalled","args":[{"bundleId":"com.androidsample.generalstore","appId":"com.androidsample.generalstore"}]}&amp#27;[39m
&amp#27;[38;5;69m[4a861e75]&amp#27;[0m&amp#27;[38;5;-45m[AndroidUiautomator2Driver@898e]&amp#27;[0m Calling AppiumDriver.execute() with args: ["mobile: isAppInstalled",[{"bundleId":"com.androidsample.generalstore","appId":"com.androidsample.generalstore"}],"4a861e75-f64d-490b-bb86-6ab06f76ed92"]
&amp#27;[38;5;69m[4a861e75]&amp#27;[0m&amp#27;[38;5;123m[BaseDriver]&amp#27;[0m The following script arguments are not known and will be ignored: bundleId
&amp#27;[38;5;69m[4a861e75]&amp#27;[0m&amp#27;[38;5;229m[ADB]&amp#27;[0m Getting install status for com.androidsample.generalstore
&amp#27;[38;5;69m[4a861e75]&amp#27;[0m&amp#27;[38;5;229m[ADB]&amp#27;[0m Running 'C:\Users\sajus\AppData\Local\Android\Sdk\platform-tools\adb.exe -P 5037 -s R3CRC00KHBT shell cmd package list packages'
&amp#27;[38;5;158m[e4b9327d]&amp#27;[0m&amp#27;[38;5;-1m[AndroidUiautomator2Driver@b884]&amp#27;[0m Got response with status 200: {"sessionId":"dfb07948-f395-4f8e-9363-90af58fd22e7","value":{"ELEMENT":"f4a8b3e0-85e9-4844-8bec-9c731443c44b","element-6066-11e4-a52e-4f735466cecf":"f4a8b3e0-85e9-4844-8bec-9c731443c44b"}}
&amp#27;[38;5;158m[e4b9327d]&amp#27;[0m&amp#27;[38;5;-1m[AndroidUiautomator2Driver@b884]&amp#27;[0m Responding to client with driver.findElement() result: {"element-6066-11e4-a52e-4f735466cecf":"f4a8b3e0-85e9-4844-8bec-9c731443c44b","ELEMENT":"f4a8b3e0-85e9-4844-8bec-9c731443c44b"}
&amp#27;[38;5;158m[e4b9327d]&amp#27;[0m&amp#27;[38;5;86m[HTTP]&amp#27;[0m &amp#27;[37m<-- POST /session/e4b9327d-a86b-47dd-bcfc-80edcb4a3afb/element &amp#27;[39m&amp#27;[32m200&amp#27;[39m &amp#27;[90m526 ms - 137&amp#27;[39m &amp#27;[90m&amp#27;[39m
&amp#27;[38;5;158m[e4b9327d]&amp#27;[0m&amp#27;[38;5;86m[HTTP]&amp#27;[0m &amp#27;[37m-->&amp#27;[39m &amp#27;[37mGET&amp#27;[39m &amp#27;[37m/session/e4b9327d-a86b-47dd-bcfc-80edcb4a3afb/element/f4a8b3e0-85e9-4844-8bec-9c731443c44b/text&amp#27;[39m &amp#27;[90m{}&amp#27;[39m
&amp#27;[38;5;158m[e4b9327d]&amp#27;[0m&amp#27;[38;5;-1m[AndroidUiautomator2Driver@b884]&amp#27;[0m Driver proxy active, passing request on via HTTP proxy
&amp#27;[38;5;158m[e4b9327d]&amp#27;[0m&amp#27;[38;5;-1m[AndroidUiautomator2Driver@b884]&amp#27;[0m Matched '/session/e4b9327d-a86b-47dd-bcfc-80edcb4a3afb/element/f4a8b3e0-85e9-4844-8bec-9c731443c44b/text' to command name 'getText'
&amp#27;[38;5;158m[e4b9327d]&amp#27;[0m&amp#27;[38;5;-1m[AndroidUiautomator2Driver@b884]&amp#27;[0m Proxying [GET /session/e4b9327d-a86b-47dd-bcfc-80edcb4a3afb/element/f4a8b3e0-85e9-4844-8bec-9c731443c44b/text] to [GET http://127.0.0.1:8200/session/dfb07948-f395-4f8e-9363-90af58fd22e7/element/f4a8b3e0-85e9-4844-8bec-9c731443c44b/text] with no body
&amp#27;[38;5;158m[e4b9327d]&amp#27;[0m&amp#27;[38;5;-1m[AndroidUiautomator2Driver@b884]&amp#27;[0m Got response with status 200: {"sessionId":"dfb07948-f395-4f8e-9363-90af58fd22e7","value":"Please enter your name"}
&amp#27;[38;5;158m[e4b9327d]&amp#27;[0m&amp#27;[38;5;-1m[AndroidUiautomator2Driver@b884]&amp#27;[0m Replacing sessionId dfb07948-f395-4f8e-9363-90af58fd22e7 with e4b9327d-a86b-47dd-bcfc-80edcb4a3afb
&amp#27;[38;5;158m[e4b9327d]&amp#27;[0m&amp#27;[38;5;86m[HTTP]&amp#27;[0m &amp#27;[37m<-- GET /session/e4b9327d-a86b-47dd-bcfc-80edcb4a3afb/element/f4a8b3e0-85e9-4844-8bec-9c731443c44b/text &amp#27;[39m&amp#27;[32m200&amp#27;[39m &amp#27;[90m67 ms - 85&amp#27;[39m &amp#27;[90m&amp#27;[39m
Please enter your name
&amp#27;[38;5;158m[e4b9327d]&amp#27;[0m&amp#27;[38;5;86m[HTTP]&amp#27;[0m &amp#27;[37m-->&amp#27;[39m &amp#27;[37mGET&amp#27;[39m &amp#27;[37m/session/e4b9327d-a86b-47dd-bcfc-80edcb4a3afb/screenshot&amp#27;[39m &amp#27;[90m{}&amp#27;[39m
&amp#27;[38;5;158m[e4b9327d]&amp#27;[0m&amp#27;[38;5;-1m[AndroidUiautomator2Driver@b884]&amp#27;[0m Calling AppiumDriver.getScreenshot() with args: ["e4b9327d-a86b-47dd-bcfc-80edcb4a3afb"]
&amp#27;[38;5;158m[e4b9327d]&amp#27;[0m&amp#27;[38;5;-1m[AndroidUiautomator2Driver@b884]&amp#27;[0m Matched '/screenshot' to command name 'getScreenshot'
&amp#27;[38;5;158m[e4b9327d]&amp#27;[0m&amp#27;[38;5;-1m[AndroidUiautomator2Driver@b884]&amp#27;[0m Proxying [GET /screenshot] to [GET http://127.0.0.1:8200/session/dfb07948-f395-4f8e-9363-90af58fd22e7/screenshot] with no body
&amp#27;[38;5;69m[4a861e75]&amp#27;[0m&amp#27;[38;5;229m[ADB]&amp#27;[0m 'com.androidsample.generalstore' is installed
&amp#27;[38;5;69m[4a861e75]&amp#27;[0m&amp#27;[38;5;-45m[AndroidUiautomator2Driver@898e]&amp#27;[0m Responding to client with driver.execute() result: true
&amp#27;[38;5;69m[4a861e75]&amp#27;[0m&amp#27;[38;5;86m[HTTP]&amp#27;[0m &amp#27;[37m<-- POST /session/4a861e75-f64d-490b-bb86-6ab06f76ed92/execute/sync &amp#27;[39m&amp#27;[32m200&amp#27;[39m &amp#27;[90m107 ms - 14&amp#27;[39m &amp#27;[90m&amp#27;[39m
&amp#27;[38;5;69m[4a861e75]&amp#27;[0m&amp#27;[38;5;86m[HTTP]&amp#27;[0m &amp#27;[37m-->&amp#27;[39m &amp#27;[37mPOST&amp#27;[39m &amp#27;[37m/session/4a861e75-f64d-490b-bb86-6ab06f76ed92/execute/sync&amp#27;[39m &amp#27;[90m{"script":"mobile: terminateApp","args":[{"bundleId":"com.androidsample.generalstore","appId":"com.androidsample.generalstore"}]}&amp#27;[39m
&amp#27;[38;5;69m[4a861e75]&amp#27;[0m&amp#27;[38;5;-45m[AndroidUiautomator2Driver@898e]&amp#27;[0m Calling AppiumDriver.execute() with args: ["mobile: terminateApp",[{"bundleId":"com.androidsample.generalstore","appId":"com.androidsample.generalstore"}],"4a861e75-f64d-490b-bb86-6ab06f76ed92"]
&amp#27;[38;5;69m[4a861e75]&amp#27;[0m&amp#27;[38;5;123m[BaseDriver]&amp#27;[0m The following script arguments are not known and will be ignored: bundleId
&amp#27;[38;5;69m[4a861e75]&amp#27;[0m&amp#27;[38;5;-45m[AndroidUiautomator2Driver@898e]&amp#27;[0m Terminating 'com.androidsample.generalstore'
&amp#27;[38;5;69m[4a861e75]&amp#27;[0m&amp#27;[38;5;229m[ADB]&amp#27;[0m Getting IDs of all 'com.androidsample.generalstore' processes
&amp#27;[38;5;69m[4a861e75]&amp#27;[0m&amp#27;[38;5;229m[ADB]&amp#27;[0m Running 'C:\Users\sajus\AppData\Local\Android\Sdk\platform-tools\adb.exe -P 5037 -s R3CRC00KHBT shell pgrep -f \(\[\[:blank:\]\]\|\^\)com\.androidsample\.generalstore\(:\[a-zA-Z0-9_-\]\+\)\?\(\[\[:blank:\]\]\|\$\)'
&amp#27;[38;5;69m[4a861e75]&amp#27;[0m&amp#27;[38;5;229m[ADB]&amp#27;[0m Running 'C:\Users\sajus\AppData\Local\Android\Sdk\platform-tools\adb.exe -P 5037 -s R3CRC00KHBT shell am force-stop com.androidsample.generalstore'
&amp#27;[38;5;69m[4a861e75]&amp#27;[0m&amp#27;[38;5;-45m[AndroidUiautomator2Driver@898e]&amp#27;[0m Querying the state of 'com.androidsample.generalstore'
&amp#27;[38;5;69m[4a861e75]&amp#27;[0m&amp#27;[38;5;229m[ADB]&amp#27;[0m Getting install status for com.androidsample.generalstore
&amp#27;[38;5;69m[4a861e75]&amp#27;[0m&amp#27;[38;5;229m[ADB]&amp#27;[0m Running 'C:\Users\sajus\AppData\Local\Android\Sdk\platform-tools\adb.exe -P 5037 -s R3CRC00KHBT shell cmd package list packages'
&amp#27;[38;5;69m[4a861e75]&amp#27;[0m&amp#27;[38;5;229m[ADB]&amp#27;[0m 'com.androidsample.generalstore' is installed
&amp#27;[38;5;69m[4a861e75]&amp#27;[0m&amp#27;[38;5;229m[ADB]&amp#27;[0m Getting IDs of all 'com.androidsample.generalstore' processes
&amp#27;[38;5;69m[4a861e75]&amp#27;[0m&amp#27;[38;5;229m[ADB]&amp#27;[0m Running 'C:\Users\sajus\AppData\Local\Android\Sdk\platform-tools\adb.exe -P 5037 -s R3CRC00KHBT shell pgrep -f \(\[\[:blank:\]\]\|\^\)com\.androidsample\.generalstore\(:\[a-zA-Z0-9_-\]\+\)\?\(\[\[:blank:\]\]\|\$\)'
&amp#27;[38;5;69m[4a861e75]&amp#27;[0m&amp#27;[38;5;-45m[AndroidUiautomator2Driver@898e]&amp#27;[0m 'com.androidsample.generalstore' has been successfully terminated
&amp#27;[38;5;69m[4a861e75]&amp#27;[0m&amp#27;[38;5;-45m[AndroidUiautomator2Driver@898e]&amp#27;[0m Responding to client with driver.execute() result: true
&amp#27;[38;5;69m[4a861e75]&amp#27;[0m&amp#27;[38;5;86m[HTTP]&amp#27;[0m &amp#27;[37m<-- POST /session/4a861e75-f64d-490b-bb86-6ab06f76ed92/execute/sync &amp#27;[39m&amp#27;[32m200&amp#27;[39m &amp#27;[90m557 ms - 14&amp#27;[39m &amp#27;[90m&amp#27;[39m
🛑 App terminated: com.androidsample.generalstore
&amp#27;[38;5;69m[4a861e75]&amp#27;[0m&amp#27;[38;5;86m[HTTP]&amp#27;[0m &amp#27;[37m-->&amp#27;[39m &amp#27;[37mDELETE&amp#27;[39m &amp#27;[37m/session/4a861e75-f64d-490b-bb86-6ab06f76ed92&amp#27;[39m &amp#27;[90m{}&amp#27;[39m
&amp#27;[38;5;69m[4a861e75]&amp#27;[0m&amp#27;[38;5;-45m[AndroidUiautomator2Driver@898e]&amp#27;[0m Calling AppiumDriver.deleteSession() with args: ["4a861e75-f64d-490b-bb86-6ab06f76ed92"]
&amp#27;[38;5;69m[4a861e75]&amp#27;[0m&amp#27;[38;5;39m[AppiumDriver@b577]&amp#27;[0m Event 'quitSessionRequested' logged at 1750196807832 (17:46:47 GMT-0400 (Eastern Daylight Saving Time))
&amp#27;[38;5;69m[4a861e75]&amp#27;[0m&amp#27;[38;5;39m[AppiumDriver@b577]&amp#27;[0m Removing session 4a861e75-f64d-490b-bb86-6ab06f76ed92 from our master session list
&amp#27;[38;5;69m[4a861e75]&amp#27;[0m&amp#27;[38;5;-45m[AndroidUiautomator2Driver@898e]&amp#27;[0m Deleting UiAutomator2 session
&amp#27;[38;5;69m[4a861e75]&amp#27;[0m&amp#27;[38;5;-45m[AndroidUiautomator2Driver@898e]&amp#27;[0m Deleting UiAutomator2 server session
&amp#27;[38;5;69m[4a861e75]&amp#27;[0m&amp#27;[38;5;-45m[AndroidUiautomator2Driver@898e]&amp#27;[0m Proxying [DELETE /] to [DELETE http://127.0.0.1:8201/session/2aee4503-27f8-41ba-96e2-30d0b9f7b808] with no body
&amp#27;[38;5;69m[4a861e75]&amp#27;[0m&amp#27;[38;5;-45m[AndroidUiautomator2Driver@898e]&amp#27;[0m Got response with status 200: {"sessionId":"2aee4503-27f8-41ba-96e2-30d0b9f7b808","value":null}
&amp#27;[38;5;69m[4a861e75]&amp#27;[0m&amp#27;[38;5;229m[ADB]&amp#27;[0m Getting IDs of all 'io.appium.uiautomator2.server' processes
&amp#27;[38;5;69m[4a861e75]&amp#27;[0m&amp#27;[38;5;229m[ADB]&amp#27;[0m Running 'C:\Users\sajus\AppData\Local\Android\Sdk\platform-tools\adb.exe -P 5037 -s R3CRC00KHBT shell pgrep -f \(\[\[:blank:\]\]\|\^\)io\.appium\.uiautomator2\.server\(:\[a-zA-Z0-9_-\]\+\)\?\(\[\[:blank:\]\]\|\$\)'
&amp#27;[38;5;69m[4a861e75]&amp#27;[0m&amp#27;[38;5;-45m[AndroidUiautomator2Driver@898e]&amp#27;[0m [Instrumentation] io.appium.uiautomator2.server.test.AppiumUiAutomator2Server:.
&amp#27;[38;5;69m[4a861e75]&amp#27;[0m&amp#27;[38;5;-45m[AndroidUiautomator2Driver@898e]&amp#27;[0m [Instrumentation] 
&amp#27;[38;5;69m[4a861e75]&amp#27;[0m&amp#27;[38;5;-45m[AndroidUiautomator2Driver@898e]&amp#27;[0m [Instrumentation] Time: 8.994
&amp#27;[38;5;69m[4a861e75]&amp#27;[0m&amp#27;[38;5;-45m[AndroidUiautomator2Driver@898e]&amp#27;[0m [Instrumentation] 
&amp#27;[38;5;69m[4a861e75]&amp#27;[0m&amp#27;[38;5;-45m[AndroidUiautomator2Driver@898e]&amp#27;[0m [Instrumentation] OK (1 test)
&amp#27;[38;5;69m[4a861e75]&amp#27;[0m&amp#27;[38;5;-45m[AndroidUiautomator2Driver@898e]&amp#27;[0m [Instrumentation] 
&amp#27;[38;5;69m[4a861e75]&amp#27;[0m&amp#27;[38;5;-45m[AndroidUiautomator2Driver@898e]&amp#27;[0m [Instrumentation] 
&amp#27;[38;5;69m[4a861e75]&amp#27;[0m&amp#27;[38;5;-45m[AndroidUiautomator2Driver@898e]&amp#27;[0m [Instrumentation] The process has exited with code 0, signal null
&amp#27;[38;5;69m[4a861e75]&amp#27;[0m&amp#27;[38;5;229m[ADB]&amp#27;[0m Running 'C:\Users\sajus\AppData\Local\Android\Sdk\platform-tools\adb.exe -P 5037 -s R3CRC00KHBT shell am force-stop io.appium.uiautomator2.server'
&amp#27;[38;5;69m[4a861e75]&amp#27;[0m&amp#27;[38;5;229m[ADB]&amp#27;[0m Running 'C:\Users\sajus\AppData\Local\Android\Sdk\platform-tools\adb.exe -P 5037 -s R3CRC00KHBT shell am force-stop io.appium.uiautomator2.server.test'
&amp#27;[38;5;69m[4a861e75]&amp#27;[0m&amp#27;[38;5;229m[ADB]&amp#27;[0m Running 'C:\Users\sajus\AppData\Local\Android\Sdk\platform-tools\adb.exe -P 5037 -s R3CRC00KHBT shell dumpsys activity services io.appium.settings/.recorder.RecorderService'
&amp#27;[38;5;69m[4a861e75]&amp#27;[0m&amp#27;[38;5;229m[ADB]&amp#27;[0m Removing forwarded port socket connection: 8201 
&amp#27;[38;5;69m[4a861e75]&amp#27;[0m&amp#27;[38;5;229m[ADB]&amp#27;[0m Running 'C:\Users\sajus\AppData\Local\Android\Sdk\platform-tools\adb.exe -P 5037 -s R3CRC00KHBT forward --remove tcp:8201'
&amp#27;[38;5;69m[4a861e75]&amp#27;[0m&amp#27;[38;5;-45m[AndroidUiautomator2Driver@898e]&amp#27;[0m Restoring hidden api policy to the device default configuration
&amp#27;[38;5;69m[4a861e75]&amp#27;[0m&amp#27;[38;5;229m[ADB]&amp#27;[0m Running 'C:\Users\sajus\AppData\Local\Android\Sdk\platform-tools\adb.exe -P 5037 -s R3CRC00KHBT shell 'settings delete global hidden_api_policy_pre_p_apps;settings delete global hidden_api_policy_p_apps;settings delete global hidden_api_policy''
&amp#27;[38;5;158m[e4b9327d]&amp#27;[0m&amp#27;[38;5;-1m[AndroidUiautomator2Driver@b884]&amp#27;[0m Got response with status 200: {"sessionId":"dfb07948-f395-4f8e-9363-90af58fd22e7","value":"iVBORw0KGgoAAAANSUhEUgAABDgAAAjoCAYAAAA5jhrUAAAAAXNSR0IArs4c6QAAAARzQklUCAgICHwIZIgAACAASURBVHic7N13nB9F/cfx98zu9+5yyeXSQ0hIgoRQpIVeglKkKlVEiYKg/BQQQUWxIHZREBUFFAUURBAFAVFAQCnSRUA6oZNCDAlpR659vzvz++Pb7/Z7ufa9u829njxCsm12Zvt8vrOzZuxzx3kBAAAAAAAkmB3sDAAAAAAAAPQVAQ4AAAAAAJB4BDgAAAAAAEDiEeAAAAAAAACJR4ADAAAAAAAkHgEOAAAAAACQeAQ4AAAAAABA4hHgAAAAAAAAiUeAAwAAAAAAJB4BDgAAAAAAkHgEOAAAAAAAQOIR4AAAAAAAAIlHgAMAAAAAACQeAQ4AAAAAAJB4BDgAAAAAAEDiEeAAAAAAAACJR4ADAAAAAAAkHgEOAAAAAACQeAQ4AAAAAABA4hHgAAAAAAAAiUeAAwAAAAAAJB4BDgAAAAAAkHgEOAAAAAAAQOIR4AAAAAAAAIlHgAMAAAAAACReONgZAIYCIyOT/9tk/y1JXpL3Xtn/lPt/cg2XcgIAAAAYfghwYNgyMgqN1SY1G+iajT6vmamJXc7/enqZjln4U73a/j9lvEtMEGC4lBMAAADojsagXlvVTtfWddPVaOu1Vd10NQYjC9NXR2v1TOsCrXbNerp1gZ5pW6DVUfOg5HVu/ea6ecZXuzXvoW/8QPc3v1DlHA1tBDgwLDXYEfrGpA/p+LF7K+jmm1ozUxP10LvOUSSnK1feo2+/9Sc1uZYq57Rvhks5AQAAgK5MT03QwQ3b6+CGHTS3fvN1zv/+hh3Khu9vfkG3Nj2mW5se14L08mplE31kxj53HD/PYtgITaCTxx2gb006WsUXNHrHy+vbb12nX6z4uzI+6qcc9o/hUk4AAACgK3PrN9enx+3f...
&amp#27;[38;5;158m[e4b9327d]&amp#27;[0m&amp#27;[38;5;-1m[AndroidUiautomator2Driver@b884]&amp#27;[0m Responding to client with driver.getScreenshot() result: "iVBORw0KGgoAAAANSUhEUgAABDgAAAjoCAYAAAA5jhrUAAAAAXNSR0IArs4c6QAAAARzQklUCAgICHwIZIgAACAASURBVHic7N13nB9F/cfx98zu9+5yyeXSQ0hIgoRQpIVeglKkKlVEiYKg/BQQQUWxIHZREBUFFAUURBAFAVFAQCnSRUA6oZNCDAlpR659vzvz++Pb7/Z7ufa9u829njxCsm12Zvt8vrOzZuxzx3kBAAAAAAAkmB3sDAAAAAAAAPQVAQ4AAAAAAJB4BDgAAAAAAEDiEeAAAAAAAACJR4ADAAAAAAAkHgEOAAAAAACQeAQ4AAAAAABA4hHgAAAAAAAAiUeAAwAAAAAAJB4BDgAAAAAAkHgEOAAAAAAAQOIR4AAAAAAAAIlHgAMAAAAAACQeAQ4AAAAAAJB4BDgAAAAAAEDiEeAAAAAAAACJR4ADAAAAAAAkHgEOAAAAAACQeAQ4AAAAAABA4hHgAAAAAAAAiUeAAwAAAAAAJB4BDgAAAAAAkHgEOAAAAAAAQOIR4AAAAAAAAIlHgAMAAAAAACReONgZAIYCIyOT/9tk/y1JXpL3Xtn/lPt/cg2XcgIAAAAYfghwYNgyMgqN1SY1G+iajT6vmamJXc7/enqZjln4U73a/j9lvEtMEGC4lBMAAADojsagXlvVTtfWddPVaOu1Vd10NQYjC9NXR2v1TOsCrXbNerp1gZ5pW6DVUfOg5HVu/ea6ecZXuzXvoW/8QPc3v1DlHA1tBDgwLDXYEfrGpA/p+LF7K+jmm1ozUxP10LvOUSSnK1feo2+/9Sc1uZYq57Rvhks5AQAAgK5MT03QwQ3b6+CGHTS3fvN1zv/+hh3Khu9vfkG3Nj2mW5se14L08mplE31kxj53HD/PYtgITaCTxx2gb006WsUXNHrHy+vbb12nX6z4uzI+6qcc9o/hUk4AAACgK3PrN9enx+3fKWDRF7c0PaZfrbhjQFpL0IKjZwhwYFgwMmqwdbp74+9o45pJ/Zr2a+1vaZ/X...
&amp#27;[38;5;158m[e4b9327d]&amp#27;[0m&amp#27;[38;5;86m[HTTP]&amp#27;[0m &amp#27;[37m<-- GET /session/e4b9327d-a86b-47dd-bcfc-80edcb4a3afb/screenshot &amp#27;[39m&amp#27;[32m200&amp#27;[39m &amp#27;[90m1079 ms - 614932&amp#27;[39m &amp#27;[90m&amp#27;[39m
]]></system-out>
  </testcase>
  <testcase name="SecondCase" classname="org.testCase.TestCase2" time="14.198">
    <system-out><![CDATA[&amp#27;[38;5;158m[e4b9327d]&amp#27;[0m&amp#27;[38;5;86m[HTTP]&amp#27;[0m &amp#27;[37m-->&amp#27;[39m &amp#27;[37mPOST&amp#27;[39m &amp#27;[37m/session/e4b9327d-a86b-47dd-bcfc-80edcb4a3afb/execute/sync&amp#27;[39m &amp#27;[90m{"script":"mobile: isAppInstalled","args":[{"bundleId":"com.androidsample.generalstore","appId":"com.androidsample.generalstore"}]}&amp#27;[39m
&amp#27;[38;5;158m[e4b9327d]&amp#27;[0m&amp#27;[38;5;-1m[AndroidUiautomator2Driver@b884]&amp#27;[0m Calling AppiumDriver.execute() with args: ["mobile: isAppInstalled",[{"bundleId":"com.androidsample.generalstore","appId":"com.androidsample.generalstore"}],"e4b9327d-a86b-47dd-bcfc-80edcb4a3afb"]
&amp#27;[38;5;158m[e4b9327d]&amp#27;[0m&amp#27;[38;5;123m[BaseDriver]&amp#27;[0m The following script arguments are not known and will be ignored: bundleId
&amp#27;[38;5;158m[e4b9327d]&amp#27;[0m&amp#27;[38;5;229m[ADB]&amp#27;[0m Getting install status for com.androidsample.generalstore
&amp#27;[38;5;158m[e4b9327d]&amp#27;[0m&amp#27;[38;5;229m[ADB]&amp#27;[0m Running 'C:\Users\sajus\AppData\Local\Android\Sdk\platform-tools\adb.exe -P 5037 -s CTLID18120801016 shell cmd package list packages'
&amp#27;[38;5;69m[4a861e75]&amp#27;[0m&amp#27;[38;5;160m[Logcat]&amp#27;[0m Stopping logcat capture
&amp#27;[38;5;69m[4a861e75]&amp#27;[0m&amp#27;[38;5;39m[AppiumDriver@b577]&amp#27;[0m Event 'quitSessionFinished' logged at 1750196808443 (17:46:48 GMT-0400 (Eastern Daylight Saving Time))
&amp#27;[38;5;69m[4a861e75]&amp#27;[0m&amp#27;[38;5;39m[AppiumDriver@b577]&amp#27;[0m Received response: null
&amp#27;[38;5;69m[4a861e75]&amp#27;[0m&amp#27;[38;5;39m[AppiumDriver@b577]&amp#27;[0m But deleting session, so not returning
&amp#27;[38;5;69m[4a861e75]&amp#27;[0m&amp#27;[38;5;39m[AppiumDriver@b577]&amp#27;[0m Responding to client with driver.deleteSession() result: null
&amp#27;[38;5;69m[4a861e75]&amp#27;[0m&amp#27;[38;5;86m[HTTP]&amp#27;[0m &amp#27;[37m<-- DELETE /session/4a861e75-f64d-490b-bb86-6ab06f76ed92 &amp#27;[39m&amp#27;[32m200&amp#27;[39m &amp#27;[90m612 ms - 14&amp#27;[39m &amp#27;[90m&amp#27;[39m
&amp#27;[38;5;86m[HTTP]&amp#27;[0m &amp#27;[37m-->&amp#27;[39m &amp#27;[37mGET&amp#27;[39m &amp#27;[37m/status&amp#27;[39m &amp#27;[90m{}&amp#27;[39m
&amp#27;[38;5;39m[AppiumDriver@b577]&amp#27;[0m Calling AppiumDriver.getStatus() with args: []
&amp#27;[38;5;39m[AppiumDriver@b577]&amp#27;[0m Responding to client with driver.getStatus() result: {"ready":true,"message":"The server is ready to accept new connections","build":{"version":"2.18.0"}}
&amp#27;[38;5;86m[HTTP]&amp#27;[0m &amp#27;[37m<-- GET /status &amp#27;[39m&amp#27;[32m200&amp#27;[39m &amp#27;[90m2 ms - 111&amp#27;[39m &amp#27;[90m&amp#27;[39m
&amp#27;[38;5;158m[e4b9327d]&amp#27;[0m&amp#27;[38;5;229m[ADB]&amp#27;[0m 'com.androidsample.generalstore' is installed
&amp#27;[38;5;158m[e4b9327d]&amp#27;[0m&amp#27;[38;5;-1m[AndroidUiautomator2Driver@b884]&amp#27;[0m Responding to client with driver.execute() result: true
&amp#27;[38;5;158m[e4b9327d]&amp#27;[0m&amp#27;[38;5;86m[HTTP]&amp#27;[0m &amp#27;[37m<-- POST /session/e4b9327d-a86b-47dd-bcfc-80edcb4a3afb/execute/sync &amp#27;[39m&amp#27;[32m200&amp#27;[39m &amp#27;[90m100 ms - 14&amp#27;[39m &amp#27;[90m&amp#27;[39m
&amp#27;[38;5;158m[e4b9327d]&amp#27;[0m&amp#27;[38;5;86m[HTTP]&amp#27;[0m &amp#27;[37m-->&amp#27;[39m &amp#27;[37mPOST&amp#27;[39m &amp#27;[37m/session/e4b9327d-a86b-47dd-bcfc-80edcb4a3afb/execute/sync&amp#27;[39m &amp#27;[90m{"script":"mobile: terminateApp","args":[{"bundleId":"com.androidsample.generalstore","appId":"com.androidsample.generalstore"}]}&amp#27;[39m
&amp#27;[38;5;158m[e4b9327d]&amp#27;[0m&amp#27;[38;5;-1m[AndroidUiautomator2Driver@b884]&amp#27;[0m Calling AppiumDriver.execute() with args: ["mobile: terminateApp",[{"bundleId":"com.androidsample.generalstore","appId":"com.androidsample.generalstore"}],"e4b9327d-a86b-47dd-bcfc-80edcb4a3afb"]
&amp#27;[38;5;158m[e4b9327d]&amp#27;[0m&amp#27;[38;5;123m[BaseDriver]&amp#27;[0m The following script arguments are not known and will be ignored: bundleId
&amp#27;[38;5;158m[e4b9327d]&amp#27;[0m&amp#27;[38;5;-1m[AndroidUiautomator2Driver@b884]&amp#27;[0m Terminating 'com.androidsample.generalstore'
&amp#27;[38;5;158m[e4b9327d]&amp#27;[0m&amp#27;[38;5;229m[ADB]&amp#27;[0m Getting IDs of all 'com.androidsample.generalstore' processes
&amp#27;[38;5;158m[e4b9327d]&amp#27;[0m&amp#27;[38;5;229m[ADB]&amp#27;[0m Running 'C:\Users\sajus\AppData\Local\Android\Sdk\platform-tools\adb.exe -P 5037 -s CTLID18120801016 shell pgrep -f \(\[\[:blank:\]\]\|\^\)com\.androidsample\.generalstore\(:\[a-zA-Z0-9_-\]\+\)\?\(\[\[:blank:\]\]\|\$\)'
Appium server stopped
✅ Test completed for device: Samsung_Galaxy_S21
&amp#27;[38;5;158m[e4b9327d]&amp#27;[0m&amp#27;[38;5;229m[ADB]&amp#27;[0m Running 'C:\Users\sajus\AppData\Local\Android\Sdk\platform-tools\adb.exe -P 5037 -s CTLID18120801016 shell am force-stop com.androidsample.generalstore'
&amp#27;[38;5;158m[e4b9327d]&amp#27;[0m&amp#27;[38;5;-1m[AndroidUiautomator2Driver@b884]&amp#27;[0m Querying the state of 'com.androidsample.generalstore'
&amp#27;[38;5;158m[e4b9327d]&amp#27;[0m&amp#27;[38;5;229m[ADB]&amp#27;[0m Getting install status for com.androidsample.generalstore
&amp#27;[38;5;158m[e4b9327d]&amp#27;[0m&amp#27;[38;5;229m[ADB]&amp#27;[0m Running 'C:\Users\sajus\AppData\Local\Android\Sdk\platform-tools\adb.exe -P 5037 -s CTLID18120801016 shell cmd package list packages'
&amp#27;[38;5;158m[e4b9327d]&amp#27;[0m&amp#27;[38;5;229m[ADB]&amp#27;[0m 'com.androidsample.generalstore' is installed
&amp#27;[38;5;158m[e4b9327d]&amp#27;[0m&amp#27;[38;5;229m[ADB]&amp#27;[0m Getting IDs of all 'com.androidsample.generalstore' processes
&amp#27;[38;5;158m[e4b9327d]&amp#27;[0m&amp#27;[38;5;229m[ADB]&amp#27;[0m Running 'C:\Users\sajus\AppData\Local\Android\Sdk\platform-tools\adb.exe -P 5037 -s CTLID18120801016 shell pgrep -f \(\[\[:blank:\]\]\|\^\)com\.androidsample\.generalstore\(:\[a-zA-Z0-9_-\]\+\)\?\(\[\[:blank:\]\]\|\$\)'
&amp#27;[38;5;158m[e4b9327d]&amp#27;[0m&amp#27;[38;5;-1m[AndroidUiautomator2Driver@b884]&amp#27;[0m 'com.androidsample.generalstore' has been successfully terminated
&amp#27;[38;5;158m[e4b9327d]&amp#27;[0m&amp#27;[38;5;-1m[AndroidUiautomator2Driver@b884]&amp#27;[0m Responding to client with driver.execute() result: true
&amp#27;[38;5;158m[e4b9327d]&amp#27;[0m&amp#27;[38;5;86m[HTTP]&amp#27;[0m &amp#27;[37m<-- POST /session/e4b9327d-a86b-47dd-bcfc-80edcb4a3afb/execute/sync &amp#27;[39m&amp#27;[32m200&amp#27;[39m &amp#27;[90m500 ms - 14&amp#27;[39m &amp#27;[90m&amp#27;[39m
🛑 App terminated: com.androidsample.generalstore
&amp#27;[38;5;158m[e4b9327d]&amp#27;[0m&amp#27;[38;5;86m[HTTP]&amp#27;[0m &amp#27;[37m-->&amp#27;[39m &amp#27;[37mDELETE&amp#27;[39m &amp#27;[37m/session/e4b9327d-a86b-47dd-bcfc-80edcb4a3afb&amp#27;[39m &amp#27;[90m{}&amp#27;[39m
&amp#27;[38;5;158m[e4b9327d]&amp#27;[0m&amp#27;[38;5;-1m[AndroidUiautomator2Driver@b884]&amp#27;[0m Calling AppiumDriver.deleteSession() with args: ["e4b9327d-a86b-47dd-bcfc-80edcb4a3afb"]
&amp#27;[38;5;158m[e4b9327d]&amp#27;[0m&amp#27;[38;5;39m[AppiumDriver@5262]&amp#27;[0m Event 'quitSessionRequested' logged at 1750196808965 (17:46:48 GMT-0400 (Eastern Daylight Saving Time))
&amp#27;[38;5;158m[e4b9327d]&amp#27;[0m&amp#27;[38;5;39m[AppiumDriver@5262]&amp#27;[0m Removing session e4b9327d-a86b-47dd-bcfc-80edcb4a3afb from our master session list
&amp#27;[38;5;158m[e4b9327d]&amp#27;[0m&amp#27;[38;5;-1m[AndroidUiautomator2Driver@b884]&amp#27;[0m Deleting UiAutomator2 session
&amp#27;[38;5;158m[e4b9327d]&amp#27;[0m&amp#27;[38;5;-1m[AndroidUiautomator2Driver@b884]&amp#27;[0m Deleting UiAutomator2 server session
&amp#27;[38;5;158m[e4b9327d]&amp#27;[0m&amp#27;[38;5;-1m[AndroidUiautomator2Driver@b884]&amp#27;[0m Proxying [DELETE /] to [DELETE http://127.0.0.1:8200/session/dfb07948-f395-4f8e-9363-90af58fd22e7] with no body
&amp#27;[38;5;158m[e4b9327d]&amp#27;[0m&amp#27;[38;5;-1m[AndroidUiautomator2Driver@b884]&amp#27;[0m Got response with status 200: {"sessionId":"dfb07948-f395-4f8e-9363-90af58fd22e7","value":null}
&amp#27;[38;5;158m[e4b9327d]&amp#27;[0m&amp#27;[38;5;229m[ADB]&amp#27;[0m Getting IDs of all 'io.appium.uiautomator2.server' processes
&amp#27;[38;5;158m[e4b9327d]&amp#27;[0m&amp#27;[38;5;229m[ADB]&amp#27;[0m Running 'C:\Users\sajus\AppData\Local\Android\Sdk\platform-tools\adb.exe -P 5037 -s CTLID18120801016 shell pgrep -f \(\[\[:blank:\]\]\|\^\)io\.appium\.uiautomator2\.server\(:\[a-zA-Z0-9_-\]\+\)\?\(\[\[:blank:\]\]\|\$\)'
&amp#27;[38;5;158m[e4b9327d]&amp#27;[0m&amp#27;[38;5;-1m[AndroidUiautomator2Driver@b884]&amp#27;[0m [Instrumentation] io.appium.uiautomator2.server.test.AppiumUiAutomator2Server:.
&amp#27;[38;5;158m[e4b9327d]&amp#27;[0m&amp#27;[38;5;-1m[AndroidUiautomator2Driver@b884]&amp#27;[0m [Instrumentation] 
&amp#27;[38;5;158m[e4b9327d]&amp#27;[0m&amp#27;[38;5;-1m[AndroidUiautomator2Driver@b884]&amp#27;[0m [Instrumentation] Time: 9.336
&amp#27;[38;5;158m[e4b9327d]&amp#27;[0m&amp#27;[38;5;-1m[AndroidUiautomator2Driver@b884]&amp#27;[0m [Instrumentation] 
&amp#27;[38;5;158m[e4b9327d]&amp#27;[0m&amp#27;[38;5;-1m[AndroidUiautomator2Driver@b884]&amp#27;[0m [Instrumentation] OK (1 test)
&amp#27;[38;5;158m[e4b9327d]&amp#27;[0m&amp#27;[38;5;-1m[AndroidUiautomator2Driver@b884]&amp#27;[0m [Instrumentation] 
&amp#27;[38;5;158m[e4b9327d]&amp#27;[0m&amp#27;[38;5;-1m[AndroidUiautomator2Driver@b884]&amp#27;[0m [Instrumentation] 
&amp#27;[38;5;158m[e4b9327d]&amp#27;[0m&amp#27;[38;5;-1m[AndroidUiautomator2Driver@b884]&amp#27;[0m [Instrumentation] The process has exited with code null, signal SIGTERM
&amp#27;[38;5;158m[e4b9327d]&amp#27;[0m&amp#27;[38;5;229m[ADB]&amp#27;[0m Running 'C:\Users\sajus\AppData\Local\Android\Sdk\platform-tools\adb.exe -P 5037 -s CTLID18120801016 shell am force-stop io.appium.uiautomator2.server'
&amp#27;[38;5;158m[e4b9327d]&amp#27;[0m&amp#27;[38;5;229m[ADB]&amp#27;[0m Running 'C:\Users\sajus\AppData\Local\Android\Sdk\platform-tools\adb.exe -P 5037 -s CTLID18120801016 shell am force-stop io.appium.uiautomator2.server.test'
&amp#27;[38;5;158m[e4b9327d]&amp#27;[0m&amp#27;[38;5;229m[ADB]&amp#27;[0m Running 'C:\Users\sajus\AppData\Local\Android\Sdk\platform-tools\adb.exe -P 5037 -s CTLID18120801016 shell dumpsys activity services io.appium.settings/.recorder.RecorderService'
&amp#27;[38;5;158m[e4b9327d]&amp#27;[0m&amp#27;[38;5;229m[ADB]&amp#27;[0m Removing forwarded port socket connection: 8200 
&amp#27;[38;5;158m[e4b9327d]&amp#27;[0m&amp#27;[38;5;229m[ADB]&amp#27;[0m Running 'C:\Users\sajus\AppData\Local\Android\Sdk\platform-tools\adb.exe -P 5037 -s CTLID18120801016 forward --remove tcp:8200'
&amp#27;[38;5;158m[e4b9327d]&amp#27;[0m&amp#27;[38;5;-1m[AndroidUiautomator2Driver@b884]&amp#27;[0m Restoring hidden api policy to the device default configuration
&amp#27;[38;5;158m[e4b9327d]&amp#27;[0m&amp#27;[38;5;229m[ADB]&amp#27;[0m Running 'C:\Users\sajus\AppData\Local\Android\Sdk\platform-tools\adb.exe -P 5037 -s CTLID18120801016 shell 'settings delete global hidden_api_policy_pre_p_apps;settings delete global hidden_api_policy_p_apps;settings delete global hidden_api_policy''
&amp#27;[38;5;158m[e4b9327d]&amp#27;[0m&amp#27;[38;5;160m[Logcat]&amp#27;[0m Stopping logcat capture
&amp#27;[38;5;158m[e4b9327d]&amp#27;[0m&amp#27;[38;5;39m[AppiumDriver@5262]&amp#27;[0m Event 'quitSessionFinished' logged at 1750196809557 (17:46:49 GMT-0400 (Eastern Daylight Saving Time))
&amp#27;[38;5;158m[e4b9327d]&amp#27;[0m&amp#27;[38;5;39m[AppiumDriver@5262]&amp#27;[0m Received response: null
&amp#27;[38;5;158m[e4b9327d]&amp#27;[0m&amp#27;[38;5;39m[AppiumDriver@5262]&amp#27;[0m But deleting session, so not returning
&amp#27;[38;5;158m[e4b9327d]&amp#27;[0m&amp#27;[38;5;39m[AppiumDriver@5262]&amp#27;[0m Responding to client with driver.deleteSession() result: null
&amp#27;[38;5;158m[e4b9327d]&amp#27;[0m&amp#27;[38;5;86m[HTTP]&amp#27;[0m &amp#27;[37m<-- DELETE /session/e4b9327d-a86b-47dd-bcfc-80edcb4a3afb &amp#27;[39m&amp#27;[32m200&amp#27;[39m &amp#27;[90m594 ms - 14&amp#27;[39m &amp#27;[90m&amp#27;[39m
&amp#27;[38;5;86m[HTTP]&amp#27;[0m &amp#27;[37m-->&amp#27;[39m &amp#27;[37mGET&amp#27;[39m &amp#27;[37m/status&amp#27;[39m &amp#27;[90m{}&amp#27;[39m
&amp#27;[38;5;39m[AppiumDriver@5262]&amp#27;[0m Calling AppiumDriver.getStatus() with args: []
&amp#27;[38;5;39m[AppiumDriver@5262]&amp#27;[0m Responding to client with driver.getStatus() result: {"ready":true,"message":"The server is ready to accept new connections","build":{"version":"2.18.0"}}
&amp#27;[38;5;86m[HTTP]&amp#27;[0m &amp#27;[37m<-- GET /status &amp#27;[39m&amp#27;[32m200&amp#27;[39m &amp#27;[90m1 ms - 111&amp#27;[39m &amp#27;[90m&amp#27;[39m
Appium server stopped
✅ Test completed for device: Nokia
&amp#27;[38;5;112m[Appium]&amp#27;[0m Welcome to Appium v2.18.0
&amp#27;[38;5;112m[Appium]&amp#27;[0m Non-default server args:
&amp#27;[38;5;112m[Appium]&amp#27;[0m { port: &amp#27;[33m4724&amp#27;[39m }
&amp#27;[38;5;112m[Appium]&amp#27;[0m The autodetected Appium home path: C:\Users\sajus\.appium
&amp#27;[38;5;112m[Appium]&amp#27;[0m Attempting to load driver uiautomator2...
&amp#27;[38;5;112m[Appium]&amp#27;[0m Requiring driver at C:\Users\sajus\.appium\node_modules\appium-uiautomator2-driver\build\index.js
&amp#27;[38;5;112m[Appium]&amp#27;[0m AndroidUiautomator2Driver has been successfully loaded in 1.625s
&amp#27;[38;5;112m[Appium]&amp#27;[0m Welcome to Appium v2.18.0
&amp#27;[38;5;112m[Appium]&amp#27;[0m The autodetected Appium home path: C:\Users\sajus\.appium
&amp#27;[38;5;112m[Appium]&amp#27;[0m Attempting to load driver uiautomator2...
&amp#27;[38;5;112m[Appium]&amp#27;[0m Requiring driver at C:\Users\sajus\.appium\node_modules\appium-uiautomator2-driver\build\index.js
&amp#27;[38;5;112m[Appium]&amp#27;[0m Appium REST http interface listener started on http://0.0.0.0:4724
&amp#27;[38;5;112m[Appium]&amp#27;[0m You can provide the following URLs in your client code to connect to this server:
	http://192.168.2.20:4724/
	http://127.0.0.1:4724/ (only accessible from the same host)
&amp#27;[38;5;112m[Appium]&amp#27;[0m Available drivers:
&amp#27;[38;5;112m[Appium]&amp#27;[0m   - uiautomator2@4.2.3 (automationName 'UiAutomator2')
&amp#27;[38;5;112m[Appium]&amp#27;[0m No plugins have been installed. Use the "appium plugin" command to install the one(s) you want to use.
&amp#27;[38;5;86m[HTTP]&amp#27;[0m &amp#27;[37m-->&amp#27;[39m &amp#27;[37mGET&amp#27;[39m &amp#27;[37m/status&amp#27;[39m &amp#27;[90m{}&amp#27;[39m
&amp#27;[38;5;123m[AppiumDriver@3017]&amp#27;[0m Calling AppiumDriver.getStatus() with args: []
&amp#27;[38;5;123m[AppiumDriver@3017]&amp#27;[0m Responding to client with driver.getStatus() result: {"ready":true,"message":"The server is ready to accept new connections","build":{"version":"2.18.0"}}
Appium server started on port: 4724
&amp#27;[38;5;86m[HTTP]&amp#27;[0m &amp#27;[37m<-- GET /status &amp#27;[39m&amp#27;[32m200&amp#27;[39m &amp#27;[90m6 ms - 111&amp#27;[39m &amp#27;[90m&amp#27;[39m
&amp#27;[38;5;86m[HTTP]&amp#27;[0m Request idempotency key: 8e84ee27-4c12-4170-8ba7-45af9e37bd85
&amp#27;[38;5;86m[HTTP]&amp#27;[0m &amp#27;[37m-->&amp#27;[39m &amp#27;[37mPOST&amp#27;[39m &amp#27;[37m/session&amp#27;[39m &amp#27;[90m{"capabilities":{"firstMatch":[{}],"alwaysMatch":{"appium:appActivity":"com.androidsample.generalstore.SplashActivity","appium:appPackage":"com.androidsample.generalstore","appium:automationName":"UiAutomator2","appium:deviceName":"Samsung_Galaxy_S21","appium:noReset":true,"appium:platformVersion":"10.0","appium:systemPort":8201,"appium:udid":"R3CRC00KHBT","platformName":"ANDROID"}}}&amp#27;[39m
&amp#27;[38;5;123m[AppiumDriver@3017]&amp#27;[0m Calling AppiumDriver.createSession() with args: [null,null,{"firstMatch":[{}],"alwaysMatch":{"appium:appActivity":"com.androidsample.generalstore.SplashActivity","appium:appPackage":"com.androidsample.generalstore","appium:automationName":"UiAutomator2","appium:deviceName":"Samsung_Galaxy_S21","appium:noReset":true,"appium:platformVersion":"10.0","appium:systemPort":8201,"appium:udid":"R3CRC00KHBT","platformName":"ANDROID"}}]
&amp#27;[38;5;123m[AppiumDriver@3017]&amp#27;[0m Event 'newSessionRequested' logged at 1750196812313 (17:46:52 GMT-0400 (Eastern Daylight Saving Time))
&amp#27;[38;5;112m[Appium]&amp#27;[0m Attempting to find matching driver for automationName 'UiAutomator2' and platformName 'ANDROID'
&amp#27;[38;5;112m[Appium]&amp#27;[0m The 'uiautomator2' driver was installed and matched caps.
&amp#27;[38;5;112m[Appium]&amp#27;[0m Will require it at C:\Users\sajus\.appium\node_modules\appium-uiautomator2-driver
&amp#27;[38;5;112m[Appium]&amp#27;[0m Requiring driver at C:\Users\sajus\.appium\node_modules\appium-uiautomator2-driver\build\index.js
&amp#27;[38;5;123m[AppiumDriver@3017]&amp#27;[0m Appium v2.18.0 creating new AndroidUiautomator2Driver (v4.2.3) session
&amp#27;[38;5;123m[AppiumDriver@3017]&amp#27;[0m Checking BaseDriver versions for Appium and AndroidUiautomator2Driver
&amp#27;[38;5;123m[AppiumDriver@3017]&amp#27;[0m Appium's BaseDriver version is 9.17.0
&amp#27;[38;5;123m[AppiumDriver@3017]&amp#27;[0m AndroidUiautomator2Driver's BaseDriver version is 9.17.0
&amp#27;[38;5;-115m[AndroidUiautomator2Driver@a38b]&amp#27;[0m 
&amp#27;[38;5;-115m[AndroidUiautomator2Driver@a38b]&amp#27;[0m Creating session with W3C capabilities: {
  "alwaysMatch": {
    "platformName": "ANDROID",
    "appium:appActivity": "com.androidsample.generalstore.SplashActivity",
    "appium:appPackage": "com.androidsample.generalstore",
    "appium:automationName": "UiAutomator2",
    "appium:deviceName": "Samsung_Galaxy_S21",
    "appium:noReset": true,
    "appium:platformVersion": "10.0",
    "appium:systemPort": 8201,
    "appium:udid": "R3CRC00KHBT"
  },
  "firstMatch": [
    {}
  ]
}
&amp#27;[38;5;150m[a0a2e2b5]&amp#27;[0m&amp#27;[38;5;-115m[AndroidUiautomator2Driver@a38b]&amp#27;[0m Session created with session id: a0a2e2b5-93f2-486a-b88d-89c61b7f2ccd
&amp#27;[38;5;150m[a0a2e2b5]&amp#27;[0m&amp#27;[38;5;229m[ADB]&amp#27;[0m Found 3 'build-tools' folders under 'C:\Users\sajus\AppData\Local\Android\Sdk' (newest first):
&amp#27;[38;5;150m[a0a2e2b5]&amp#27;[0m&amp#27;[38;5;229m[ADB]&amp#27;[0m     C:\Users\sajus\AppData\Local\Android\Sdk\build-tools\36.0.0
&amp#27;[38;5;150m[a0a2e2b5]&amp#27;[0m&amp#27;[38;5;229m[ADB]&amp#27;[0m     C:\Users\sajus\AppData\Local\Android\Sdk\build-tools\35.0.1
&amp#27;[38;5;150m[a0a2e2b5]&amp#27;[0m&amp#27;[38;5;229m[ADB]&amp#27;[0m     C:\Users\sajus\AppData\Local\Android\Sdk\build-tools\35.0.0
&amp#27;[38;5;150m[a0a2e2b5]&amp#27;[0m&amp#27;[38;5;229m[ADB]&amp#27;[0m Using 'adb.exe' from 'C:\Users\sajus\AppData\Local\Android\Sdk\platform-tools\adb.exe'
&amp#27;[38;5;150m[a0a2e2b5]&amp#27;[0m&amp#27;[38;5;229m[ADB]&amp#27;[0m Running 'C:\Users\sajus\AppData\Local\Android\Sdk\platform-tools\adb.exe -P 5037 start-server'
&amp#27;[38;5;150m[a0a2e2b5]&amp#27;[0m&amp#27;[38;5;-115m[AndroidUiautomator2Driver@a38b]&amp#27;[0m Retrieving device list
&amp#27;[38;5;150m[a0a2e2b5]&amp#27;[0m&amp#27;[38;5;229m[ADB]&amp#27;[0m Trying to find connected Android devices
&amp#27;[38;5;150m[a0a2e2b5]&amp#27;[0m&amp#27;[38;5;229m[ADB]&amp#27;[0m Getting connected devices
&amp#27;[38;5;150m[a0a2e2b5]&amp#27;[0m&amp#27;[38;5;229m[ADB]&amp#27;[0m Connected devices: [{"udid":"CTLID18120801016","state":"device"},{"udid":"R3CRC00KHBT","state":"device"}]
&amp#27;[38;5;150m[a0a2e2b5]&amp#27;[0m&amp#27;[38;5;-115m[AndroidUiautomator2Driver@a38b]&amp#27;[0m Using device: R3CRC00KHBT
&amp#27;[38;5;150m[a0a2e2b5]&amp#27;[0m&amp#27;[38;5;229m[ADB]&amp#27;[0m Using 'adb.exe' from 'C:\Users\sajus\AppData\Local\Android\Sdk\platform-tools\adb.exe'
&amp#27;[38;5;150m[a0a2e2b5]&amp#27;[0m&amp#27;[38;5;229m[ADB]&amp#27;[0m Running 'C:\Users\sajus\AppData\Local\Android\Sdk\platform-tools\adb.exe -P 5037 start-server'
&amp#27;[38;5;150m[a0a2e2b5]&amp#27;[0m&amp#27;[38;5;229m[ADB]&amp#27;[0m Setting device id to R3CRC00KHBT
&amp#27;[38;5;150m[a0a2e2b5]&amp#27;[0m&amp#27;[38;5;-115m[AndroidUiautomator2Driver@a38b]&amp#27;[0m Starting 'com.androidsample.generalstore' directly on the device
&amp#27;[38;5;150m[a0a2e2b5]&amp#27;[0m&amp#27;[38;5;229m[ADB]&amp#27;[0m Running 'C:\Users\sajus\AppData\Local\Android\Sdk\platform-tools\adb.exe -P 5037 -s R3CRC00KHBT shell getprop ro.build.version.sdk'
&amp#27;[38;5;150m[a0a2e2b5]&amp#27;[0m&amp#27;[38;5;229m[ADB]&amp#27;[0m Current device property 'ro.build.version.sdk': 35
&amp#27;[38;5;150m[a0a2e2b5]&amp#27;[0m&amp#27;[38;5;229m[ADB]&amp#27;[0m Getting device platform version
&amp#27;[38;5;150m[a0a2e2b5]&amp#27;[0m&amp#27;[38;5;229m[ADB]&amp#27;[0m Running 'C:\Users\sajus\AppData\Local\Android\Sdk\platform-tools\adb.exe -P 5037 -s R3CRC00KHBT shell getprop ro.build.version.release'
&amp#27;[38;5;150m[a0a2e2b5]&amp#27;[0m&amp#27;[38;5;229m[ADB]&amp#27;[0m Current device property 'ro.build.version.release': 15
&amp#27;[38;5;150m[a0a2e2b5]&amp#27;[0m&amp#27;[38;5;229m[ADB]&amp#27;[0m Device API level: 35
&amp#27;[38;5;150m[a0a2e2b5]&amp#27;[0m&amp#27;[38;5;-115m[AndroidUiautomator2Driver@a38b]&amp#27;[0m Relaxing hidden api policy
&amp#27;[38;5;150m[a0a2e2b5]&amp#27;[0m&amp#27;[38;5;229m[ADB]&amp#27;[0m Running 'C:\Users\sajus\AppData\Local\Android\Sdk\platform-tools\adb.exe -P 5037 -s R3CRC00KHBT shell 'settings put global hidden_api_policy_pre_p_apps 1;settings put global hidden_api_policy_p_apps 1;settings put global hidden_api_policy 1''
&amp#27;[38;5;150m[a0a2e2b5]&amp#27;[0m&amp#27;[38;5;-115m[AndroidUiautomator2Driver@a38b]&amp#27;[0m Pushing settings apk to the device...
&amp#27;[38;5;150m[a0a2e2b5]&amp#27;[0m&amp#27;[38;5;229m[ADB]&amp#27;[0m Getting package info for 'io.appium.settings'
&amp#27;[38;5;150m[a0a2e2b5]&amp#27;[0m&amp#27;[38;5;229m[ADB]&amp#27;[0m Running 'C:\Users\sajus\AppData\Local\Android\Sdk\platform-tools\adb.exe -P 5037 -s R3CRC00KHBT shell dumpsys package io.appium.settings'
&amp#27;[38;5;150m[a0a2e2b5]&amp#27;[0m&amp#27;[38;5;229m[ADB]&amp#27;[0m Using 'aapt2.exe' from 'C:\Users\sajus\AppData\Local\Android\Sdk\build-tools\36.0.0\aapt2.exe'
&amp#27;[38;5;150m[a0a2e2b5]&amp#27;[0m&amp#27;[38;5;229m[ADB]&amp#27;[0m Reading package manifest: 'C:\\Users\\sajus\\AppData\\Local\\Android\\Sdk\\build-tools\\36.0.0\\aapt2.exe dump badging C:\\Users\\sajus\\.appium\\node_modules\\appium-uiautomator2-driver\\node_modules\\io.appium.settings\\apks\\settings_apk-debug.apk'
&amp#27;[38;5;150m[a0a2e2b5]&amp#27;[0m&amp#27;[38;5;229m[ADB]&amp#27;[0m The version name of the installed 'io.appium.settings' is greater or equal to the application version name ('5.14.8' >= '5.14.8')
&amp#27;[38;5;150m[a0a2e2b5]&amp#27;[0m&amp#27;[38;5;229m[ADB]&amp#27;[0m There is no need to install/upgrade 'C:\Users\sajus\.appium\node_modules\appium-uiautomator2-driver\node_modules\io.appium.settings\apks\settings_apk-debug.apk'
&amp#27;[38;5;150m[a0a2e2b5]&amp#27;[0m&amp#27;[38;5;229m[ADB]&amp#27;[0m Running 'C:\Users\sajus\AppData\Local\Android\Sdk\platform-tools\adb.exe -P 5037 -s R3CRC00KHBT shell dumpsys activity services io.appium.settings'
&amp#27;[38;5;150m[a0a2e2b5]&amp#27;[0m&amp#27;[38;5;-115m[AndroidUiautomator2Driver@a38b]&amp#27;[0m io.appium.settings is already running. There is no need to reset its permissions.
&amp#27;[38;5;150m[a0a2e2b5]&amp#27;[0m&amp#27;[38;5;160m[Logcat]&amp#27;[0m Starting logs capture with command: C:\\Users\\sajus\\AppData\\Local\\Android\\Sdk\\platform-tools\\adb.exe -P 5037 -s R3CRC00KHBT logcat -v threadtime
&amp#27;[38;5;150m[a0a2e2b5]&amp#27;[0m&amp#27;[38;5;229m[ADB]&amp#27;[0m Running 'C:\Users\sajus\AppData\Local\Android\Sdk\platform-tools\adb.exe -P 5037 -s R3CRC00KHBT shell appops set io.appium.settings android:mock_location allow'
&amp#27;[38;5;112m[Appium]&amp#27;[0m AndroidUiautomator2Driver has been successfully loaded in 1.037s
&amp#27;[38;5;112m[Appium]&amp#27;[0m Appium REST http interface listener started on http://0.0.0.0:4723
&amp#27;[38;5;112m[Appium]&amp#27;[0m You can provide the following URLs in your client code to connect to this server:
	http://192.168.2.20:4723/
	http://127.0.0.1:4723/ (only accessible from the same host)
&amp#27;[38;5;112m[Appium]&amp#27;[0m Available drivers:
&amp#27;[38;5;112m[Appium]&amp#27;[0m   - uiautomator2@4.2.3 (automationName 'UiAutomator2')
&amp#27;[38;5;112m[Appium]&amp#27;[0m No plugins have been installed. Use the "appium plugin" command to install the one(s) you want to use.
&amp#27;[38;5;150m[a0a2e2b5]&amp#27;[0m&amp#27;[38;5;229m[ADB]&amp#27;[0m Running 'C:\Users\sajus\AppData\Local\Android\Sdk\platform-tools\adb.exe -P 5037 -s R3CRC00KHBT shell "[ -e '/data/local/tmp/mock_apps.json' ] && echo __PASS__"'
&amp#27;[38;5;150m[a0a2e2b5]&amp#27;[0m&amp#27;[38;5;229m[ADB]&amp#27;[0m Running 'C:\Users\sajus\AppData\Local\Android\Sdk\platform-tools\adb.exe -P 5037 -s R3CRC00KHBT shell cat /data/local/tmp/mock_apps.json'
&amp#27;[38;5;86m[HTTP]&amp#27;[0m &amp#27;[37m-->&amp#27;[39m &amp#27;[37mGET&amp#27;[39m &amp#27;[37m/status&amp#27;[39m &amp#27;[90m{}&amp#27;[39m
&amp#27;[38;5;193m[AppiumDriver@ddcb]&amp#27;[0m Calling AppiumDriver.getStatus() with args: []
&amp#27;[38;5;193m[AppiumDriver@ddcb]&amp#27;[0m Responding to client with driver.getStatus() result: {"ready":true,"message":"The server is ready to accept new connections","build":{"version":"2.18.0"}}
Appium server started on port: 4723
&amp#27;[38;5;86m[HTTP]&amp#27;[0m &amp#27;[37m<-- GET /status &amp#27;[39m&amp#27;[32m200&amp#27;[39m &amp#27;[90m7 ms - 111&amp#27;[39m &amp#27;[90m&amp#27;[39m
&amp#27;[38;5;86m[HTTP]&amp#27;[0m Request idempotency key: d842a82b-afcf-4aad-8007-1691dd285bee
&amp#27;[38;5;86m[HTTP]&amp#27;[0m &amp#27;[37m-->&amp#27;[39m &amp#27;[37mPOST&amp#27;[39m &amp#27;[37m/session&amp#27;[39m &amp#27;[90m{"capabilities":{"firstMatch":[{}],"alwaysMatch":{"appium:appActivity":"com.androidsample.generalstore.SplashActivity","appium:appPackage":"com.androidsample.generalstore","appium:automationName":"UiAutomator2","appium:deviceName":"Nokia","appium:noReset":true,"appium:platformVersion":"11.0","appium:systemPort":8200,"appium:udid":"CTLID18120801016","platformName":"ANDROID"}}}&amp#27;[39m
&amp#27;[38;5;193m[AppiumDriver@ddcb]&amp#27;[0m Calling AppiumDriver.createSession() with args: [null,null,{"firstMatch":[{}],"alwaysMatch":{"appium:appActivity":"com.androidsample.generalstore.SplashActivity","appium:appPackage":"com.androidsample.generalstore","appium:automationName":"UiAutomator2","appium:deviceName":"Nokia","appium:noReset":true,"appium:platformVersion":"11.0","appium:systemPort":8200,"appium:udid":"CTLID18120801016","platformName":"ANDROID"}}]
&amp#27;[38;5;193m[AppiumDriver@ddcb]&amp#27;[0m Event 'newSessionRequested' logged at 1750196813366 (17:46:53 GMT-0400 (Eastern Daylight Saving Time))
&amp#27;[38;5;112m[Appium]&amp#27;[0m Attempting to find matching driver for automationName 'UiAutomator2' and platformName 'ANDROID'
&amp#27;[38;5;112m[Appium]&amp#27;[0m The 'uiautomator2' driver was installed and matched caps.
&amp#27;[38;5;112m[Appium]&amp#27;[0m Will require it at C:\Users\sajus\.appium\node_modules\appium-uiautomator2-driver
&amp#27;[38;5;112m[Appium]&amp#27;[0m Requiring driver at C:\Users\sajus\.appium\node_modules\appium-uiautomator2-driver\build\index.js
&amp#27;[38;5;193m[AppiumDriver@ddcb]&amp#27;[0m Appium v2.18.0 creating new AndroidUiautomator2Driver (v4.2.3) session
&amp#27;[38;5;193m[AppiumDriver@ddcb]&amp#27;[0m Checking BaseDriver versions for Appium and AndroidUiautomator2Driver
&amp#27;[38;5;193m[AppiumDriver@ddcb]&amp#27;[0m Appium's BaseDriver version is 9.17.0
&amp#27;[38;5;193m[AppiumDriver@ddcb]&amp#27;[0m AndroidUiautomator2Driver's BaseDriver version is 9.17.0
&amp#27;[38;5;11m[AndroidUiautomator2Driver@527f]&amp#27;[0m 
&amp#27;[38;5;11m[AndroidUiautomator2Driver@527f]&amp#27;[0m Creating session with W3C capabilities: {
  "alwaysMatch": {
    "platformName": "ANDROID",
    "appium:appActivity": "com.androidsample.generalstore.SplashActivity",
    "appium:appPackage": "com.androidsample.generalstore",
    "appium:automationName": "UiAutomator2",
    "appium:deviceName": "Nokia",
    "appium:noReset": true,
    "appium:platformVersion": "11.0",
    "appium:systemPort": 8200,
    "appium:udid": "CTLID18120801016"
  },
  "firstMatch": [
    {}
  ]
}
&amp#27;[38;5;99m[ef8ca653]&amp#27;[0m&amp#27;[38;5;11m[AndroidUiautomator2Driver@527f]&amp#27;[0m Session created with session id: ef8ca653-57d8-4774-9c31-15976d70f6dc
&amp#27;[38;5;99m[ef8ca653]&amp#27;[0m&amp#27;[38;5;229m[ADB]&amp#27;[0m Found 3 'build-tools' folders under 'C:\Users\sajus\AppData\Local\Android\Sdk' (newest first):
&amp#27;[38;5;99m[ef8ca653]&amp#27;[0m&amp#27;[38;5;229m[ADB]&amp#27;[0m     C:\Users\sajus\AppData\Local\Android\Sdk\build-tools\36.0.0
&amp#27;[38;5;99m[ef8ca653]&amp#27;[0m&amp#27;[38;5;229m[ADB]&amp#27;[0m     C:\Users\sajus\AppData\Local\Android\Sdk\build-tools\35.0.1
&amp#27;[38;5;99m[ef8ca653]&amp#27;[0m&amp#27;[38;5;229m[ADB]&amp#27;[0m     C:\Users\sajus\AppData\Local\Android\Sdk\build-tools\35.0.0
&amp#27;[38;5;99m[ef8ca653]&amp#27;[0m&amp#27;[38;5;229m[ADB]&amp#27;[0m Using 'adb.exe' from 'C:\Users\sajus\AppData\Local\Android\Sdk\platform-tools\adb.exe'
&amp#27;[38;5;99m[ef8ca653]&amp#27;[0m&amp#27;[38;5;229m[ADB]&amp#27;[0m Running 'C:\Users\sajus\AppData\Local\Android\Sdk\platform-tools\adb.exe -P 5037 start-server'
&amp#27;[38;5;150m[a0a2e2b5]&amp#27;[0m&amp#27;[38;5;-115m[AndroidUiautomator2Driver@a38b]&amp#27;[0m Forwarding UiAutomator2 Server port 6790 to local port 8201
&amp#27;[38;5;150m[a0a2e2b5]&amp#27;[0m&amp#27;[38;5;229m[ADB]&amp#27;[0m Forwarding system: 8201 to device: 6790
&amp#27;[38;5;150m[a0a2e2b5]&amp#27;[0m&amp#27;[38;5;229m[ADB]&amp#27;[0m Running 'C:\Users\sajus\AppData\Local\Android\Sdk\platform-tools\adb.exe -P 5037 -s R3CRC00KHBT forward tcp:8201 tcp:6790'
&amp#27;[38;5;99m[ef8ca653]&amp#27;[0m&amp#27;[38;5;11m[AndroidUiautomator2Driver@527f]&amp#27;[0m Retrieving device list
&amp#27;[38;5;99m[ef8ca653]&amp#27;[0m&amp#27;[38;5;229m[ADB]&amp#27;[0m Trying to find connected Android devices
&amp#27;[38;5;99m[ef8ca653]&amp#27;[0m&amp#27;[38;5;229m[ADB]&amp#27;[0m Getting connected devices
&amp#27;[38;5;150m[a0a2e2b5]&amp#27;[0m&amp#27;[38;5;-115m[AndroidUiautomator2Driver@a38b]&amp#27;[0m UIA2Proxy options: {"server":"127.0.0.1","port":8201,"keepAlive":true,"scheme":"http","base":"","reqBasePath":"","sessionId":null,"timeout":240000}
&amp#27;[38;5;150m[a0a2e2b5]&amp#27;[0m&amp#27;[38;5;229m[ADB]&amp#27;[0m Getting package info for 'io.appium.uiautomator2.server'
&amp#27;[38;5;150m[a0a2e2b5]&amp#27;[0m&amp#27;[38;5;229m[ADB]&amp#27;[0m Running 'C:\Users\sajus\AppData\Local\Android\Sdk\platform-tools\adb.exe -P 5037 -s R3CRC00KHBT shell dumpsys package io.appium.uiautomator2.server'
&amp#27;[38;5;99m[ef8ca653]&amp#27;[0m&amp#27;[38;5;229m[ADB]&amp#27;[0m Connected devices: [{"udid":"CTLID18120801016","state":"device"},{"udid":"R3CRC00KHBT","state":"device"}]
&amp#27;[38;5;150m[a0a2e2b5]&amp#27;[0m&amp#27;[38;5;229m[ADB]&amp#27;[0m Getting install status for io.appium.uiautomator2.server.test
&amp#27;[38;5;150m[a0a2e2b5]&amp#27;[0m&amp#27;[38;5;-115m[AndroidUiautomator2Driver@a38b]&amp#27;[0m No app capability. Assuming it is already on the device
&amp#27;[38;5;99m[ef8ca653]&amp#27;[0m&amp#27;[38;5;11m[AndroidUiautomator2Driver@527f]&amp#27;[0m Using device: CTLID18120801016
&amp#27;[38;5;150m[a0a2e2b5]&amp#27;[0m&amp#27;[38;5;229m[ADB]&amp#27;[0m Running 'C:\Users\sajus\AppData\Local\Android\Sdk\platform-tools\adb.exe -P 5037 -s R3CRC00KHBT shell cmd package list packages'
&amp#27;[38;5;99m[ef8ca653]&amp#27;[0m&amp#27;[38;5;229m[ADB]&amp#27;[0m Using 'adb.exe' from 'C:\Users\sajus\AppData\Local\Android\Sdk\platform-tools\adb.exe'
&amp#27;[38;5;99m[ef8ca653]&amp#27;[0m&amp#27;[38;5;229m[ADB]&amp#27;[0m Running 'C:\Users\sajus\AppData\Local\Android\Sdk\platform-tools\adb.exe -P 5037 start-server'
&amp#27;[38;5;99m[ef8ca653]&amp#27;[0m&amp#27;[38;5;229m[ADB]&amp#27;[0m Setting device id to CTLID18120801016
&amp#27;[38;5;99m[ef8ca653]&amp#27;[0m&amp#27;[38;5;11m[AndroidUiautomator2Driver@527f]&amp#27;[0m Starting 'com.androidsample.generalstore' directly on the device
&amp#27;[38;5;99m[ef8ca653]&amp#27;[0m&amp#27;[38;5;229m[ADB]&amp#27;[0m Running 'C:\Users\sajus\AppData\Local\Android\Sdk\platform-tools\adb.exe -P 5037 -s CTLID18120801016 shell getprop ro.build.version.sdk'
&amp#27;[38;5;150m[a0a2e2b5]&amp#27;[0m&amp#27;[38;5;229m[ADB]&amp#27;[0m Reading package manifest: 'C:\\Users\\sajus\\AppData\\Local\\Android\\Sdk\\build-tools\\36.0.0\\aapt2.exe dump badging C:\\Users\\sajus\\.appium\\node_modules\\appium-uiautomator2-driver\\node_modules\\appium-uiautomator2-server\\apks\\appium-uiautomator2-server-v7.5.2.apk'
&amp#27;[38;5;150m[a0a2e2b5]&amp#27;[0m&amp#27;[38;5;229m[ADB]&amp#27;[0m 'io.appium.uiautomator2.server.test' is installed
&amp#27;[38;5;150m[a0a2e2b5]&amp#27;[0m&amp#27;[38;5;229m[ADB]&amp#27;[0m The version name of the installed 'io.appium.uiautomator2.server' is greater or equal to the application version name ('7.5.2' >= '7.5.2')
&amp#27;[38;5;150m[a0a2e2b5]&amp#27;[0m&amp#27;[38;5;-115m[AndroidUiautomator2Driver@a38b]&amp#27;[0m Server packages status: [{"installState":"sameVersionInstalled","appPath":"C:\\Users\\sajus\\.appium\\node_modules\\appium-uiautomator2-driver\\node_modules\\appium-uiautomator2-server\\apks\\appium-uiautomator2-server-v7.5.2.apk","appId":"io.appium.uiautomator2.server"},{"installState":"sameVersionInstalled","appPath":"C:\\Users\\sajus\\.appium\\node_modules\\appium-uiautomator2-driver\\node_modules\\appium-uiautomator2-server\\apks\\appium-uiautomator2-server-debug-androidTest.apk","appId":"io.appium.uiautomator2.server.test"}]
&amp#27;[38;5;150m[a0a2e2b5]&amp#27;[0m&amp#27;[38;5;-115m[AndroidUiautomator2Driver@a38b]&amp#27;[0m Server packages are not going to be (re)installed
&amp#27;[38;5;150m[a0a2e2b5]&amp#27;[0m&amp#27;[38;5;-115m[AndroidUiautomator2Driver@a38b]&amp#27;[0m Waiting up to 30000ms for services to be available
&amp#27;[38;5;150m[a0a2e2b5]&amp#27;[0m&amp#27;[38;5;229m[ADB]&amp#27;[0m Running 'C:\Users\sajus\AppData\Local\Android\Sdk\platform-tools\adb.exe -P 5037 -s R3CRC00KHBT shell pm list instrumentation'
&amp#27;[38;5;99m[ef8ca653]&amp#27;[0m&amp#27;[38;5;229m[ADB]&amp#27;[0m Current device property 'ro.build.version.sdk': 29
&amp#27;[38;5;99m[ef8ca653]&amp#27;[0m&amp#27;[38;5;229m[ADB]&amp#27;[0m Getting device platform version
&amp#27;[38;5;99m[ef8ca653]&amp#27;[0m&amp#27;[38;5;229m[ADB]&amp#27;[0m Running 'C:\Users\sajus\AppData\Local\Android\Sdk\platform-tools\adb.exe -P 5037 -s CTLID18120801016 shell getprop ro.build.version.release'
&amp#27;[38;5;99m[ef8ca653]&amp#27;[0m&amp#27;[38;5;229m[ADB]&amp#27;[0m Current device property 'ro.build.version.release': 10
&amp#27;[38;5;99m[ef8ca653]&amp#27;[0m&amp#27;[38;5;229m[ADB]&amp#27;[0m Device API level: 29
&amp#27;[38;5;99m[ef8ca653]&amp#27;[0m&amp#27;[38;5;11m[AndroidUiautomator2Driver@527f]&amp#27;[0m Relaxing hidden api policy
&amp#27;[38;5;99m[ef8ca653]&amp#27;[0m&amp#27;[38;5;229m[ADB]&amp#27;[0m Running 'C:\Users\sajus\AppData\Local\Android\Sdk\platform-tools\adb.exe -P 5037 -s CTLID18120801016 shell 'settings put global hidden_api_policy_pre_p_apps 1;settings put global hidden_api_policy_p_apps 1;settings put global hidden_api_policy 1''
&amp#27;[38;5;150m[a0a2e2b5]&amp#27;[0m&amp#27;[38;5;-115m[AndroidUiautomator2Driver@a38b]&amp#27;[0m Instrumentation target 'io.appium.uiautomator2.server.test/androidx.test.runner.AndroidJUnitRunner' is available
&amp#27;[38;5;150m[a0a2e2b5]&amp#27;[0m&amp#27;[38;5;229m[ADB]&amp#27;[0m Adding packages ["io.appium.settings","io.appium.uiautomator2.server","io.appium.uiautomator2.server.test"] to Doze whitelist
&amp#27;[38;5;150m[a0a2e2b5]&amp#27;[0m&amp#27;[38;5;229m[ADB]&amp#27;[0m Got the following command chunks to execute: [["dumpsys","deviceidle","whitelist","+io.appium.settings",";","dumpsys","deviceidle","whitelist","+io.appium.uiautomator2.server",";","dumpsys","deviceidle","whitelist","+io.appium.uiautomator2.server.test",";"]]
&amp#27;[38;5;150m[a0a2e2b5]&amp#27;[0m&amp#27;[38;5;229m[ADB]&amp#27;[0m Running 'C:\Users\sajus\AppData\Local\Android\Sdk\platform-tools\adb.exe -P 5037 -s R3CRC00KHBT shell dumpsys deviceidle whitelist +io.appium.settings ; dumpsys deviceidle whitelist +io.appium.uiautomator2.server ; dumpsys deviceidle whitelist +io.appium.uiautomator2.server.test ;'
&amp#27;[38;5;99m[ef8ca653]&amp#27;[0m&amp#27;[38;5;11m[AndroidUiautomator2Driver@527f]&amp#27;[0m Pushing settings apk to the device...
&amp#27;[38;5;99m[ef8ca653]&amp#27;[0m&amp#27;[38;5;229m[ADB]&amp#27;[0m Getting package info for 'io.appium.settings'
&amp#27;[38;5;99m[ef8ca653]&amp#27;[0m&amp#27;[38;5;229m[ADB]&amp#27;[0m Running 'C:\Users\sajus\AppData\Local\Android\Sdk\platform-tools\adb.exe -P 5037 -s CTLID18120801016 shell dumpsys package io.appium.settings'
&amp#27;[38;5;99m[ef8ca653]&amp#27;[0m&amp#27;[38;5;229m[ADB]&amp#27;[0m Using 'aapt2.exe' from 'C:\Users\sajus\AppData\Local\Android\Sdk\build-tools\36.0.0\aapt2.exe'
&amp#27;[38;5;99m[ef8ca653]&amp#27;[0m&amp#27;[38;5;229m[ADB]&amp#27;[0m Reading package manifest: 'C:\\Users\\sajus\\AppData\\Local\\Android\\Sdk\\build-tools\\36.0.0\\aapt2.exe dump badging C:\\Users\\sajus\\.appium\\node_modules\\appium-uiautomator2-driver\\node_modules\\io.appium.settings\\apks\\settings_apk-debug.apk'
&amp#27;[38;5;150m[a0a2e2b5]&amp#27;[0m&amp#27;[38;5;-115m[AndroidUiautomator2Driver@a38b]&amp#27;[0m Performing shallow cleanup of automation leftovers
&amp#27;[38;5;99m[ef8ca653]&amp#27;[0m&amp#27;[38;5;229m[ADB]&amp#27;[0m The version name of the installed 'io.appium.settings' is greater or equal to the application version name ('5.14.8' >= '5.14.8')
&amp#27;[38;5;99m[ef8ca653]&amp#27;[0m&amp#27;[38;5;229m[ADB]&amp#27;[0m There is no need to install/upgrade 'C:\Users\sajus\.appium\node_modules\appium-uiautomator2-driver\node_modules\io.appium.settings\apks\settings_apk-debug.apk'
&amp#27;[38;5;99m[ef8ca653]&amp#27;[0m&amp#27;[38;5;229m[ADB]&amp#27;[0m Running 'C:\Users\sajus\AppData\Local\Android\Sdk\platform-tools\adb.exe -P 5037 -s CTLID18120801016 shell dumpsys activity services io.appium.settings'
&amp#27;[38;5;150m[a0a2e2b5]&amp#27;[0m&amp#27;[38;5;-115m[AndroidUiautomator2Driver@a38b]&amp#27;[0m No obsolete sessions have been detected (socket hang up)
&amp#27;[38;5;150m[a0a2e2b5]&amp#27;[0m&amp#27;[38;5;229m[ADB]&amp#27;[0m Running 'C:\Users\sajus\AppData\Local\Android\Sdk\platform-tools\adb.exe -P 5037 -s R3CRC00KHBT shell am force-stop io.appium.uiautomator2.server'
&amp#27;[38;5;99m[ef8ca653]&amp#27;[0m&amp#27;[38;5;11m[AndroidUiautomator2Driver@527f]&amp#27;[0m io.appium.settings is already running. There is no need to reset its permissions.
&amp#27;[38;5;99m[ef8ca653]&amp#27;[0m&amp#27;[38;5;160m[Logcat]&amp#27;[0m Starting logs capture with command: C:\\Users\\sajus\\AppData\\Local\\Android\\Sdk\\platform-tools\\adb.exe -P 5037 -s CTLID18120801016 logcat -v threadtime
&amp#27;[38;5;150m[a0a2e2b5]&amp#27;[0m&amp#27;[38;5;229m[ADB]&amp#27;[0m Running 'C:\Users\sajus\AppData\Local\Android\Sdk\platform-tools\adb.exe -P 5037 -s R3CRC00KHBT shell am force-stop io.appium.uiautomator2.server.test'
&amp#27;[38;5;99m[ef8ca653]&amp#27;[0m&amp#27;[38;5;229m[ADB]&amp#27;[0m Running 'C:\Users\sajus\AppData\Local\Android\Sdk\platform-tools\adb.exe -P 5037 -s CTLID18120801016 shell appops set io.appium.settings android:mock_location allow'
&amp#27;[38;5;150m[a0a2e2b5]&amp#27;[0m&amp#27;[38;5;-115m[AndroidUiautomator2Driver@a38b]&amp#27;[0m Starting UIAutomator2 server 7.5.2
&amp#27;[38;5;150m[a0a2e2b5]&amp#27;[0m&amp#27;[38;5;-115m[AndroidUiautomator2Driver@a38b]&amp#27;[0m Using UIAutomator2 server from 'C:\Users\sajus\.appium\node_modules\appium-uiautomator2-driver\node_modules\appium-uiautomator2-server\apks\appium-uiautomator2-server-v7.5.2.apk' and test from 'C:\Users\sajus\.appium\node_modules\appium-uiautomator2-driver\node_modules\appium-uiautomator2-server\apks\appium-uiautomator2-server-debug-androidTest.apk'
&amp#27;[38;5;150m[a0a2e2b5]&amp#27;[0m&amp#27;[38;5;-115m[AndroidUiautomator2Driver@a38b]&amp#27;[0m Waiting up to 30000ms for UiAutomator2 to be online...
&amp#27;[38;5;150m[a0a2e2b5]&amp#27;[0m&amp#27;[38;5;229m[ADB]&amp#27;[0m Creating ADB subprocess with args: ["-P","5037","-s","R3CRC00KHBT","shell","am","instrument","-w","-e","disableAnalytics","true","io.appium.uiautomator2.server.test/androidx.test.runner.AndroidJUnitRunner"]
&amp#27;[38;5;99m[ef8ca653]&amp#27;[0m&amp#27;[38;5;229m[ADB]&amp#27;[0m Running 'C:\Users\sajus\AppData\Local\Android\Sdk\platform-tools\adb.exe -P 5037 -s CTLID18120801016 shell "[ -e '/data/local/tmp/mock_apps.json' ] && echo __PASS__"'
&amp#27;[38;5;150m[a0a2e2b5]&amp#27;[0m&amp#27;[38;5;-115m[AndroidUiautomator2Driver@a38b]&amp#27;[0m Matched '/status' to command name 'getStatus'
&amp#27;[38;5;150m[a0a2e2b5]&amp#27;[0m&amp#27;[38;5;-115m[AndroidUiautomator2Driver@a38b]&amp#27;[0m Proxying [GET /status] to [GET http://127.0.0.1:8201/status] with no body
&amp#27;[38;5;99m[ef8ca653]&amp#27;[0m&amp#27;[38;5;229m[ADB]&amp#27;[0m Running 'C:\Users\sajus\AppData\Local\Android\Sdk\platform-tools\adb.exe -P 5037 -s CTLID18120801016 shell cat /data/local/tmp/mock_apps.json'
&amp#27;[38;5;150m[a0a2e2b5]&amp#27;[0m&amp#27;[38;5;-115m[AndroidUiautomator2Driver@a38b]&amp#27;[0m socket hang up
&amp#27;[38;5;99m[ef8ca653]&amp#27;[0m&amp#27;[38;5;11m[AndroidUiautomator2Driver@527f]&amp#27;[0m Forwarding UiAutomator2 Server port 6790 to local port 8200
&amp#27;[38;5;99m[ef8ca653]&amp#27;[0m&amp#27;[38;5;229m[ADB]&amp#27;[0m Forwarding system: 8200 to device: 6790
&amp#27;[38;5;99m[ef8ca653]&amp#27;[0m&amp#27;[38;5;229m[ADB]&amp#27;[0m Running 'C:\Users\sajus\AppData\Local\Android\Sdk\platform-tools\adb.exe -P 5037 -s CTLID18120801016 forward tcp:8200 tcp:6790'
&amp#27;[38;5;99m[ef8ca653]&amp#27;[0m&amp#27;[38;5;11m[AndroidUiautomator2Driver@527f]&amp#27;[0m UIA2Proxy options: {"server":"127.0.0.1","port":8200,"keepAlive":true,"scheme":"http","base":"","reqBasePath":"","sessionId":null,"timeout":240000}
&amp#27;[38;5;99m[ef8ca653]&amp#27;[0m&amp#27;[38;5;229m[ADB]&amp#27;[0m Getting package info for 'io.appium.uiautomator2.server'
&amp#27;[38;5;99m[ef8ca653]&amp#27;[0m&amp#27;[38;5;229m[ADB]&amp#27;[0m Running 'C:\Users\sajus\AppData\Local\Android\Sdk\platform-tools\adb.exe -P 5037 -s CTLID18120801016 shell dumpsys package io.appium.uiautomator2.server'
&amp#27;[38;5;99m[ef8ca653]&amp#27;[0m&amp#27;[38;5;229m[ADB]&amp#27;[0m Getting install status for io.appium.uiautomator2.server.test
&amp#27;[38;5;99m[ef8ca653]&amp#27;[0m&amp#27;[38;5;11m[AndroidUiautomator2Driver@527f]&amp#27;[0m No app capability. Assuming it is already on the device
&amp#27;[38;5;99m[ef8ca653]&amp#27;[0m&amp#27;[38;5;229m[ADB]&amp#27;[0m Running 'C:\Users\sajus\AppData\Local\Android\Sdk\platform-tools\adb.exe -P 5037 -s CTLID18120801016 shell cmd package list packages'
&amp#27;[38;5;99m[ef8ca653]&amp#27;[0m&amp#27;[38;5;229m[ADB]&amp#27;[0m Reading package manifest: 'C:\\Users\\sajus\\AppData\\Local\\Android\\Sdk\\build-tools\\36.0.0\\aapt2.exe dump badging C:\\Users\\sajus\\.appium\\node_modules\\appium-uiautomator2-driver\\node_modules\\appium-uiautomator2-server\\apks\\appium-uiautomator2-server-v7.5.2.apk'
&amp#27;[38;5;99m[ef8ca653]&amp#27;[0m&amp#27;[38;5;229m[ADB]&amp#27;[0m 'io.appium.uiautomator2.server.test' is installed
&amp#27;[38;5;99m[ef8ca653]&amp#27;[0m&amp#27;[38;5;229m[ADB]&amp#27;[0m The version name of the installed 'io.appium.uiautomator2.server' is greater or equal to the application version name ('7.5.2' >= '7.5.2')
&amp#27;[38;5;99m[ef8ca653]&amp#27;[0m&amp#27;[38;5;11m[AndroidUiautomator2Driver@527f]&amp#27;[0m Server packages status: [{"installState":"sameVersionInstalled","appPath":"C:\\Users\\sajus\\.appium\\node_modules\\appium-uiautomator2-driver\\node_modules\\appium-uiautomator2-server\\apks\\appium-uiautomator2-server-v7.5.2.apk","appId":"io.appium.uiautomator2.server"},{"installState":"sameVersionInstalled","appPath":"C:\\Users\\sajus\\.appium\\node_modules\\appium-uiautomator2-driver\\node_modules\\appium-uiautomator2-server\\apks\\appium-uiautomator2-server-debug-androidTest.apk","appId":"io.appium.uiautomator2.server.test"}]
&amp#27;[38;5;99m[ef8ca653]&amp#27;[0m&amp#27;[38;5;11m[AndroidUiautomator2Driver@527f]&amp#27;[0m Server packages are not going to be (re)installed
&amp#27;[38;5;99m[ef8ca653]&amp#27;[0m&amp#27;[38;5;11m[AndroidUiautomator2Driver@527f]&amp#27;[0m Waiting up to 30000ms for services to be available
&amp#27;[38;5;99m[ef8ca653]&amp#27;[0m&amp#27;[38;5;229m[ADB]&amp#27;[0m Running 'C:\Users\sajus\AppData\Local\Android\Sdk\platform-tools\adb.exe -P 5037 -s CTLID18120801016 shell pm list instrumentation'
&amp#27;[38;5;99m[ef8ca653]&amp#27;[0m&amp#27;[38;5;11m[AndroidUiautomator2Driver@527f]&amp#27;[0m Instrumentation target 'io.appium.uiautomator2.server.test/androidx.test.runner.AndroidJUnitRunner' is available
&amp#27;[38;5;99m[ef8ca653]&amp#27;[0m&amp#27;[38;5;229m[ADB]&amp#27;[0m Adding packages ["io.appium.settings","io.appium.uiautomator2.server","io.appium.uiautomator2.server.test"] to Doze whitelist
&amp#27;[38;5;99m[ef8ca653]&amp#27;[0m&amp#27;[38;5;229m[ADB]&amp#27;[0m Got the following command chunks to execute: [["dumpsys","deviceidle","whitelist","+io.appium.settings",";","dumpsys","deviceidle","whitelist","+io.appium.uiautomator2.server",";","dumpsys","deviceidle","whitelist","+io.appium.uiautomator2.server.test",";"]]
&amp#27;[38;5;99m[ef8ca653]&amp#27;[0m&amp#27;[38;5;229m[ADB]&amp#27;[0m Running 'C:\Users\sajus\AppData\Local\Android\Sdk\platform-tools\adb.exe -P 5037 -s CTLID18120801016 shell dumpsys deviceidle whitelist +io.appium.settings ; dumpsys deviceidle whitelist +io.appium.uiautomator2.server ; dumpsys deviceidle whitelist +io.appium.uiautomator2.server.test ;'
&amp#27;[38;5;150m[a0a2e2b5]&amp#27;[0m&amp#27;[38;5;-115m[AndroidUiautomator2Driver@a38b]&amp#27;[0m [Instrumentation] 
&amp#27;[38;5;99m[ef8ca653]&amp#27;[0m&amp#27;[38;5;11m[AndroidUiautomator2Driver@527f]&amp#27;[0m Performing shallow cleanup of automation leftovers
&amp#27;[38;5;99m[ef8ca653]&amp#27;[0m&amp#27;[38;5;11m[AndroidUiautomator2Driver@527f]&amp#27;[0m No obsolete sessions have been detected (socket hang up)
&amp#27;[38;5;99m[ef8ca653]&amp#27;[0m&amp#27;[38;5;229m[ADB]&amp#27;[0m Running 'C:\Users\sajus\AppData\Local\Android\Sdk\platform-tools\adb.exe -P 5037 -s CTLID18120801016 shell am force-stop io.appium.uiautomator2.server'
&amp#27;[38;5;99m[ef8ca653]&amp#27;[0m&amp#27;[38;5;229m[ADB]&amp#27;[0m Running 'C:\Users\sajus\AppData\Local\Android\Sdk\platform-tools\adb.exe -P 5037 -s CTLID18120801016 shell am force-stop io.appium.uiautomator2.server.test'
&amp#27;[38;5;99m[ef8ca653]&amp#27;[0m&amp#27;[38;5;11m[AndroidUiautomator2Driver@527f]&amp#27;[0m Starting UIAutomator2 server 7.5.2
&amp#27;[38;5;99m[ef8ca653]&amp#27;[0m&amp#27;[38;5;11m[AndroidUiautomator2Driver@527f]&amp#27;[0m Using UIAutomator2 server from 'C:\Users\sajus\.appium\node_modules\appium-uiautomator2-driver\node_modules\appium-uiautomator2-server\apks\appium-uiautomator2-server-v7.5.2.apk' and test from 'C:\Users\sajus\.appium\node_modules\appium-uiautomator2-driver\node_modules\appium-uiautomator2-server\apks\appium-uiautomator2-server-debug-androidTest.apk'
&amp#27;[38;5;99m[ef8ca653]&amp#27;[0m&amp#27;[38;5;11m[AndroidUiautomator2Driver@527f]&amp#27;[0m Waiting up to 30000ms for UiAutomator2 to be online...
&amp#27;[38;5;99m[ef8ca653]&amp#27;[0m&amp#27;[38;5;229m[ADB]&amp#27;[0m Creating ADB subprocess with args: ["-P","5037","-s","CTLID18120801016","shell","am","instrument","-w","-e","disableAnalytics","true","io.appium.uiautomator2.server.test/androidx.test.runner.AndroidJUnitRunner"]
&amp#27;[38;5;99m[ef8ca653]&amp#27;[0m&amp#27;[38;5;11m[AndroidUiautomator2Driver@527f]&amp#27;[0m Matched '/status' to command name 'getStatus'
&amp#27;[38;5;99m[ef8ca653]&amp#27;[0m&amp#27;[38;5;11m[AndroidUiautomator2Driver@527f]&amp#27;[0m Proxying [GET /status] to [GET http://127.0.0.1:8200/status] with no body
&amp#27;[38;5;99m[ef8ca653]&amp#27;[0m&amp#27;[38;5;11m[AndroidUiautomator2Driver@527f]&amp#27;[0m socket hang up
&amp#27;[38;5;150m[a0a2e2b5]&amp#27;[0m&amp#27;[38;5;-115m[AndroidUiautomator2Driver@a38b]&amp#27;[0m Matched '/status' to command name 'getStatus'
&amp#27;[38;5;150m[a0a2e2b5]&amp#27;[0m&amp#27;[38;5;-115m[AndroidUiautomator2Driver@a38b]&amp#27;[0m Proxying [GET /status] to [GET http://127.0.0.1:8201/status] with no body
&amp#27;[38;5;150m[a0a2e2b5]&amp#27;[0m&amp#27;[38;5;-115m[AndroidUiautomator2Driver@a38b]&amp#27;[0m Got response with status 200: {"sessionId":"None","value":{"message":"UiAutomator2 Server is ready to accept commands","ready":true}}
&amp#27;[38;5;150m[a0a2e2b5]&amp#27;[0m&amp#27;[38;5;-115m[AndroidUiautomator2Driver@a38b]&amp#27;[0m The initialization of the instrumentation process took 1157ms
&amp#27;[38;5;150m[a0a2e2b5]&amp#27;[0m&amp#27;[38;5;-115m[AndroidUiautomator2Driver@a38b]&amp#27;[0m Matched '/session' to command name 'createSession'
&amp#27;[38;5;150m[a0a2e2b5]&amp#27;[0m&amp#27;[38;5;-115m[AndroidUiautomator2Driver@a38b]&amp#27;[0m Proxying [POST /session] to [POST http://127.0.0.1:8201/session] with body: {"capabilities":{"firstMatch":[{"platformName":"ANDROID","appActivity":"com.androidsample.generalstore.SplashActivity","appPackage":"com.androidsample.generalstore","automationName":"UiAutomator2","deviceName":"R3CRC00KHBT","noReset":true,"platformVersion":"10.0","systemPort":8201,"udid":"R3CRC00KHBT","platform":"LINUX","webStorageEnabled":false,"takesScreenshot":true,"javascriptEnabled":true,"databaseEnabled":false,"networkConnectionEnabled":true,"locationContextEnabled":false,"warnings":{},"desired":{"platformName":"ANDROID","appActivity":"com.androidsample.generalstore.SplashActivity","appPackage":"com.androidsample.generalstore","automationName":"UiAutomator2","deviceName":"Samsung_Galaxy_S21","noReset":true,"platformVersion":"10.0","systemPort":8201,"udid":"R3CRC00KHBT"},"deviceUDID":"R3CRC00KHBT"}],"alwaysMatch":{}}}
&amp#27;[38;5;150m[a0a2e2b5]&amp#27;[0m&amp#27;[38;5;-115m[AndroidUiautomator2Driver@a38b]&amp#27;[0m Got response with status 200: {"sessionId":"6a788953-bb05-4974-905e-3a6a885292ee","value":{"capabilities":{"firstMatch":[{"platformName":"ANDROID","appActivity":"com.androidsample.generalstore.SplashActivity","appPackage":"com.androidsample.generalstore","automationName":"UiAutomator2","deviceName":"R3CRC00KHBT","noReset":true,"platformVersion":"10.0","systemPort":8201,"udid":"R3CRC00KHBT","platform":"LINUX","webStorageEnabled":false,"takesScreenshot":true,"javascriptEnabled":true,"databaseEnabled":false,"networkConnectionEnabled":true,"locationContextEnabled":false,"warnings":{},"desired":{"platformName":"ANDROID","appActivity":"com.androidsample.generalstore.SplashActivity","appPackage":"com.androidsample.generalstore","automationName":"UiAutomator2","deviceName":"Samsung_Galaxy_S21","noReset":true,"platformVersion":"10.0","systemPort":8201,"udid":"R3CRC00KHBT"},"deviceUDID":"R3CRC00KHBT"}],"alwaysMatch":{}},"sessionId":"6a788953-bb05-4974-905e-3a6a885292ee"}}
&amp#27;[38;5;150m[a0a2e2b5]&amp#27;[0m&amp#27;[38;5;-115m[AndroidUiautomator2Driver@a38b]&amp#27;[0m Determined the downstream protocol as 'W3C'
&amp#27;[38;5;150m[a0a2e2b5]&amp#27;[0m&amp#27;[38;5;-115m[AndroidUiautomator2Driver@a38b]&amp#27;[0m Proxying [GET /appium/device/pixel_ratio] to [GET http://127.0.0.1:8201/session/6a788953-bb05-4974-905e-3a6a885292ee/appium/device/pixel_ratio] with no body
&amp#27;[38;5;150m[a0a2e2b5]&amp#27;[0m&amp#27;[38;5;-115m[AndroidUiautomator2Driver@a38b]&amp#27;[0m Matched '/appium/device/system_bars' to command name 'getSystemBars'
&amp#27;[38;5;150m[a0a2e2b5]&amp#27;[0m&amp#27;[38;5;-115m[AndroidUiautomator2Driver@a38b]&amp#27;[0m Proxying [GET /appium/device/system_bars] to [GET http://127.0.0.1:8201/session/6a788953-bb05-4974-905e-3a6a885292ee/appium/device/system_bars] with no body
&amp#27;[38;5;150m[a0a2e2b5]&amp#27;[0m&amp#27;[38;5;-115m[AndroidUiautomator2Driver@a38b]&amp#27;[0m Matched '/window/current/size' to command name 'getWindowSize'
&amp#27;[38;5;150m[a0a2e2b5]&amp#27;[0m&amp#27;[38;5;-115m[AndroidUiautomator2Driver@a38b]&amp#27;[0m Proxying [GET /window/current/size] to [GET http://127.0.0.1:8201/session/6a788953-bb05-4974-905e-3a6a885292ee/window/current/size] with no body
&amp#27;[38;5;150m[a0a2e2b5]&amp#27;[0m&amp#27;[38;5;-115m[AndroidUiautomator2Driver@a38b]&amp#27;[0m Proxying [GET /appium/device/info] to [GET http://127.0.0.1:8201/session/6a788953-bb05-4974-905e-3a6a885292ee/appium/device/info] with no body
&amp#27;[38;5;150m[a0a2e2b5]&amp#27;[0m&amp#27;[38;5;229m[ADB]&amp#27;[0m Running 'C:\Users\sajus\AppData\Local\Android\Sdk\platform-tools\adb.exe -P 5037 -s R3CRC00KHBT shell dumpsys window'
&amp#27;[38;5;150m[a0a2e2b5]&amp#27;[0m&amp#27;[38;5;229m[ADB]&amp#27;[0m Running 'C:\Users\sajus\AppData\Local\Android\Sdk\platform-tools\adb.exe -P 5037 -s R3CRC00KHBT shell dumpsys power'
&amp#27;[38;5;150m[a0a2e2b5]&amp#27;[0m&amp#27;[38;5;-115m[AndroidUiautomator2Driver@a38b]&amp#27;[0m Got response with status 200: {"sessionId":"6a788953-bb05-4974-905e-3a6a885292ee","value":3}
&amp#27;[38;5;150m[a0a2e2b5]&amp#27;[0m&amp#27;[38;5;-115m[AndroidUiautomator2Driver@a38b]&amp#27;[0m Got response with status 200: {"sessionId":"6a788953-bb05-4974-905e-3a6a885292ee","value":{"statusBar":80}}
&amp#27;[38;5;150m[a0a2e2b5]&amp#27;[0m&amp#27;[38;5;-115m[AndroidUiautomator2Driver@a38b]&amp#27;[0m Got response with status 200: {"sessionId":"6a788953-bb05-4974-905e-3a6a885292ee","value":{"height":2400,"width":1080}}
&amp#27;[38;5;150m[a0a2e2b5]&amp#27;[0m&amp#27;[38;5;-115m[AndroidUiautomator2Driver@a38b]&amp#27;[0m Got response with status 200: {"sessionId":"6a788953-bb05-4974-905e-3a6a885292ee","value":{"androidId":"f27012414286a658","apiVersion":"35","bluetooth":{"state":"ON"},"brand":"samsung","carrierName":"","displayDensity":480,"locale":"en_CA","manufacturer":"samsung","model":"SM-G991W","networks":[{"capabilities":{"SSID":null,"linkDownBandwidthKbps":282299,"linkUpstreamBandwidthKbps":1421,"networkCapabilities":"NET_CAPABILITY_NOT_METERED,NET_CAPABILITY_INTERNET,NET_CAPABILITY_NOT_RESTRICTED,NET_CAPABILITY_TRUSTED,NET_CAPABILITY_NOT_VPN,NET_CAPABILITY_VALIDATED,NET_CAPABILITY_NOT_ROAMING,NET_CAPABILITY_FOREGROUND,NET_CAPABILITY_NOT_CONGESTED,NET_CAPABILITY_NOT_SUSPENDED","signalStrength":-52,"transportTypes":"TRANSPORT_WIFI"},"detailedState":"CONNECTED","extraInfo":"","isAvailable":true,"isConnected":true,"isFailover":false,"isRoaming":false,"state":"CONNECTED","subtype":-1,"subtypeName":"","type":1,"typeName":"WIFI"}],"platformVersion":"15","realDisplaySize":"1080x2400","timeZone":"America/New_York"}}
&amp#27;[38;5;150m[a0a2e2b5]&amp#27;[0m&amp#27;[38;5;-115m[AndroidUiautomator2Driver@a38b]&amp#27;[0m Screen already unlocked, doing nothing
&amp#27;[38;5;150m[a0a2e2b5]&amp#27;[0m&amp#27;[38;5;-115m[AndroidUiautomator2Driver@a38b]&amp#27;[0m Starting 'com.androidsample.generalstore/com.androidsample.generalstore.SplashActivity' and waiting for 'com.androidsample.generalstore/com.androidsample.generalstore.SplashActivity'
&amp#27;[38;5;150m[a0a2e2b5]&amp#27;[0m&amp#27;[38;5;229m[ADB]&amp#27;[0m Getting IDs of all 'com.androidsample.generalstore' processes
&amp#27;[38;5;150m[a0a2e2b5]&amp#27;[0m&amp#27;[38;5;229m[ADB]&amp#27;[0m Running 'C:\Users\sajus\AppData\Local\Android\Sdk\platform-tools\adb.exe -P 5037 -s R3CRC00KHBT shell 'pgrep --help; echo $?''
&amp#27;[38;5;150m[a0a2e2b5]&amp#27;[0m&amp#27;[38;5;229m[ADB]&amp#27;[0m Running 'C:\Users\sajus\AppData\Local\Android\Sdk\platform-tools\adb.exe -P 5037 -s R3CRC00KHBT shell pgrep -f \(\[\[:blank:\]\]\|\^\)com\.androidsample\.generalstore\(:\[a-zA-Z0-9_-\]\+\)\?\(\[\[:blank:\]\]\|\$\)'
&amp#27;[38;5;150m[a0a2e2b5]&amp#27;[0m&amp#27;[38;5;229m[ADB]&amp#27;[0m Running 'C:\Users\sajus\AppData\Local\Android\Sdk\platform-tools\adb.exe -P 5037 -s R3CRC00KHBT shell am start-activity -W -n com.androidsample.generalstore/com.androidsample.generalstore.SplashActivity -S -a android.intent.action.MAIN -c android.intent.category.LAUNCHER -f 0x10200000'
&amp#27;[38;5;99m[ef8ca653]&amp#27;[0m&amp#27;[38;5;11m[AndroidUiautomator2Driver@527f]&amp#27;[0m Matched '/status' to command name 'getStatus'
&amp#27;[38;5;99m[ef8ca653]&amp#27;[0m&amp#27;[38;5;11m[AndroidUiautomator2Driver@527f]&amp#27;[0m Proxying [GET /status] to [GET http://127.0.0.1:8200/status] with no body
&amp#27;[38;5;99m[ef8ca653]&amp#27;[0m&amp#27;[38;5;11m[AndroidUiautomator2Driver@527f]&amp#27;[0m socket hang up
&amp#27;[38;5;150m[a0a2e2b5]&amp#27;[0m&amp#27;[38;5;123m[AppiumDriver@3017]&amp#27;[0m New AndroidUiautomator2Driver session created successfully, session a0a2e2b5-93f2-486a-b88d-89c61b7f2ccd added to master session list
&amp#27;[38;5;150m[a0a2e2b5]&amp#27;[0m&amp#27;[38;5;123m[AppiumDriver@3017]&amp#27;[0m Event 'newSessionStarted' logged at 1750196816535 (17:46:56 GMT-0400 (Eastern Daylight Saving Time))
&amp#27;[38;5;150m[a0a2e2b5]&amp#27;[0m&amp#27;[38;5;-115m[AndroidUiautomator2Driver@a38b]&amp#27;[0m Cached the protocol value 'W3C' for the new session a0a2e2b5-93f2-486a-b88d-89c61b7f2ccd
&amp#27;[38;5;150m[a0a2e2b5]&amp#27;[0m&amp#27;[38;5;-115m[AndroidUiautomator2Driver@a38b]&amp#27;[0m Responding to client with driver.createSession() result: {"capabilities":{"platformName":"ANDROID","appActivity":"com.androidsample.generalstore.SplashActivity","appPackage":"com.androidsample.generalstore","automationName":"UiAutomator2","deviceName":"R3CRC00KHBT","noReset":true,"platformVersion":"15","systemPort":8201,"udid":"R3CRC00KHBT","platform":"LINUX","webStorageEnabled":false,"takesScreenshot":true,"javascriptEnabled":true,"databaseEnabled":false,"networkConnectionEnabled":true,"locationContextEnabled":false,"warnings":{},"desired":{"platformName":"ANDROID","appActivity":"com.androidsample.generalstore.SplashActivity","appPackage":"com.androidsample.generalstore","automationName":"UiAutomator2","deviceName":"Samsung_Galaxy_S21","noReset":true,"platformVersion":"10.0","systemPort":8201,"udid":"R3CRC00KHBT"},"deviceUDID":"R3CRC00KHBT","pixelRatio":"3","statBarHeight":80,"viewportRect":{"left":0,"top":80,"width":1080,"height":2320},"deviceApiLevel":35,"deviceManufacturer":"samsung","deviceModel":"SM-G991W","deviceScreenSize":"1080x2400","deviceScreenDensit...
&amp#27;[38;5;150m[a0a2e2b5]&amp#27;[0m&amp#27;[38;5;86m[HTTP]&amp#27;[0m &amp#27;[37m<-- POST /session &amp#27;[39m&amp#27;[32m200&amp#27;[39m &amp#27;[90m4228 ms - 1090&amp#27;[39m &amp#27;[90m&amp#27;[39m
Device: Samsung_Galaxy_S21
&amp#27;[38;5;99m[ef8ca653]&amp#27;[0m&amp#27;[38;5;11m[AndroidUiautomator2Driver@527f]&amp#27;[0m [Instrumentation] 
&amp#27;[38;5;99m[ef8ca653]&amp#27;[0m&amp#27;[38;5;11m[AndroidUiautomator2Driver@527f]&amp#27;[0m Matched '/status' to command name 'getStatus'
&amp#27;[38;5;99m[ef8ca653]&amp#27;[0m&amp#27;[38;5;11m[AndroidUiautomator2Driver@527f]&amp#27;[0m Proxying [GET /status] to [GET http://127.0.0.1:8200/status] with no body
&amp#27;[38;5;99m[ef8ca653]&amp#27;[0m&amp#27;[38;5;11m[AndroidUiautomator2Driver@527f]&amp#27;[0m Got response with status 200: {"sessionId":"None","value":{"message":"UiAutomator2 Server is ready to accept commands","ready":true}}
&amp#27;[38;5;99m[ef8ca653]&amp#27;[0m&amp#27;[38;5;11m[AndroidUiautomator2Driver@527f]&amp#27;[0m The initialization of the instrumentation process took 2222ms
&amp#27;[38;5;99m[ef8ca653]&amp#27;[0m&amp#27;[38;5;11m[AndroidUiautomator2Driver@527f]&amp#27;[0m Matched '/session' to command name 'createSession'
&amp#27;[38;5;99m[ef8ca653]&amp#27;[0m&amp#27;[38;5;11m[AndroidUiautomator2Driver@527f]&amp#27;[0m Proxying [POST /session] to [POST http://127.0.0.1:8200/session] with body: {"capabilities":{"firstMatch":[{"platformName":"ANDROID","appActivity":"com.androidsample.generalstore.SplashActivity","appPackage":"com.androidsample.generalstore","automationName":"UiAutomator2","deviceName":"CTLID18120801016","noReset":true,"platformVersion":"11.0","systemPort":8200,"udid":"CTLID18120801016","platform":"LINUX","webStorageEnabled":false,"takesScreenshot":true,"javascriptEnabled":true,"databaseEnabled":false,"networkConnectionEnabled":true,"locationContextEnabled":false,"warnings":{},"desired":{"platformName":"ANDROID","appActivity":"com.androidsample.generalstore.SplashActivity","appPackage":"com.androidsample.generalstore","automationName":"UiAutomator2","deviceName":"Nokia","noReset":true,"platformVersion":"11.0","systemPort":8200,"udid":"CTLID18120801016"},"deviceUDID":"CTLID18120801016"}],"alwaysMatch":{}}}
&amp#27;[38;5;99m[ef8ca653]&amp#27;[0m&amp#27;[38;5;11m[AndroidUiautomator2Driver@527f]&amp#27;[0m Got response with status 200: {"sessionId":"80545848-da6f-420e-bfc8-d78f0a91b325","value":{"capabilities":{"firstMatch":[{"platformName":"ANDROID","appActivity":"com.androidsample.generalstore.SplashActivity","appPackage":"com.androidsample.generalstore","automationName":"UiAutomator2","deviceName":"CTLID18120801016","noReset":true,"platformVersion":"11.0","systemPort":8200,"udid":"CTLID18120801016","platform":"LINUX","webStorageEnabled":false,"takesScreenshot":true,"javascriptEnabled":true,"databaseEnabled":false,"networkConnectionEnabled":true,"locationContextEnabled":false,"warnings":{},"desired":{"platformName":"ANDROID","appActivity":"com.androidsample.generalstore.SplashActivity","appPackage":"com.androidsample.generalstore","automationName":"UiAutomator2","deviceName":"Nokia","noReset":true,"platformVersion":"11.0","systemPort":8200,"udid":"CTLID18120801016"},"deviceUDID":"CTLID18120801016"}],"alwaysMatch":{}},"sessionId":"80545848-da6f-420e-bfc8-d78f0a91b325"}}
&amp#27;[38;5;99m[ef8ca653]&amp#27;[0m&amp#27;[38;5;11m[AndroidUiautomator2Driver@527f]&amp#27;[0m Determined the downstream protocol as 'W3C'
&amp#27;[38;5;99m[ef8ca653]&amp#27;[0m&amp#27;[38;5;11m[AndroidUiautomator2Driver@527f]&amp#27;[0m Proxying [GET /appium/device/pixel_ratio] to [GET http://127.0.0.1:8200/session/80545848-da6f-420e-bfc8-d78f0a91b325/appium/device/pixel_ratio] with no body
&amp#27;[38;5;99m[ef8ca653]&amp#27;[0m&amp#27;[38;5;11m[AndroidUiautomator2Driver@527f]&amp#27;[0m Matched '/appium/device/system_bars' to command name 'getSystemBars'
&amp#27;[38;5;99m[ef8ca653]&amp#27;[0m&amp#27;[38;5;11m[AndroidUiautomator2Driver@527f]&amp#27;[0m Proxying [GET /appium/device/system_bars] to [GET http://127.0.0.1:8200/session/80545848-da6f-420e-bfc8-d78f0a91b325/appium/device/system_bars] with no body
&amp#27;[38;5;99m[ef8ca653]&amp#27;[0m&amp#27;[38;5;11m[AndroidUiautomator2Driver@527f]&amp#27;[0m Matched '/window/current/size' to command name 'getWindowSize'
&amp#27;[38;5;99m[ef8ca653]&amp#27;[0m&amp#27;[38;5;11m[AndroidUiautomator2Driver@527f]&amp#27;[0m Proxying [GET /window/current/size] to [GET http://127.0.0.1:8200/session/80545848-da6f-420e-bfc8-d78f0a91b325/window/current/size] with no body
&amp#27;[38;5;99m[ef8ca653]&amp#27;[0m&amp#27;[38;5;11m[AndroidUiautomator2Driver@527f]&amp#27;[0m Proxying [GET /appium/device/info] to [GET http://127.0.0.1:8200/session/80545848-da6f-420e-bfc8-d78f0a91b325/appium/device/info] with no body
&amp#27;[38;5;99m[ef8ca653]&amp#27;[0m&amp#27;[38;5;229m[ADB]&amp#27;[0m Running 'C:\Users\sajus\AppData\Local\Android\Sdk\platform-tools\adb.exe -P 5037 -s CTLID18120801016 shell dumpsys window'
&amp#27;[38;5;99m[ef8ca653]&amp#27;[0m&amp#27;[38;5;229m[ADB]&amp#27;[0m Running 'C:\Users\sajus\AppData\Local\Android\Sdk\platform-tools\adb.exe -P 5037 -s CTLID18120801016 shell dumpsys power'
&amp#27;[38;5;99m[ef8ca653]&amp#27;[0m&amp#27;[38;5;11m[AndroidUiautomator2Driver@527f]&amp#27;[0m Got response with status 200: {"sessionId":"80545848-da6f-420e-bfc8-d78f0a91b325","value":2.625}
&amp#27;[38;5;99m[ef8ca653]&amp#27;[0m&amp#27;[38;5;11m[AndroidUiautomator2Driver@527f]&amp#27;[0m Got response with status 200: {"sessionId":"80545848-da6f-420e-bfc8-d78f0a91b325","value":{"statusBar":89}}
&amp#27;[38;5;99m[ef8ca653]&amp#27;[0m&amp#27;[38;5;11m[AndroidUiautomator2Driver@527f]&amp#27;[0m Got response with status 200: {"sessionId":"80545848-da6f-420e-bfc8-d78f0a91b325","value":{"height":2280,"width":1080}}
&amp#27;[38;5;99m[ef8ca653]&amp#27;[0m&amp#27;[38;5;11m[AndroidUiautomator2Driver@527f]&amp#27;[0m Screen already unlocked, doing nothing
&amp#27;[38;5;99m[ef8ca653]&amp#27;[0m&amp#27;[38;5;11m[AndroidUiautomator2Driver@527f]&amp#27;[0m Starting 'com.androidsample.generalstore/com.androidsample.generalstore.SplashActivity' and waiting for 'com.androidsample.generalstore/com.androidsample.generalstore.SplashActivity'
&amp#27;[38;5;99m[ef8ca653]&amp#27;[0m&amp#27;[38;5;229m[ADB]&amp#27;[0m Getting IDs of all 'com.androidsample.generalstore' processes
&amp#27;[38;5;99m[ef8ca653]&amp#27;[0m&amp#27;[38;5;229m[ADB]&amp#27;[0m Running 'C:\Users\sajus\AppData\Local\Android\Sdk\platform-tools\adb.exe -P 5037 -s CTLID18120801016 shell 'pgrep --help; echo $?''
&amp#27;[38;5;99m[ef8ca653]&amp#27;[0m&amp#27;[38;5;11m[AndroidUiautomator2Driver@527f]&amp#27;[0m Got response with status 200: {"sessionId":"80545848-da6f-420e-bfc8-d78f0a91b325","value":{"androidId":"7be9e4e610cc4454","apiVersion":"29","bluetooth":{"state":"OFF"},"brand":"Nokia","carrierName":"","displayDensity":420,"locale":"en_IN","manufacturer":"HMD Global","model":"Nokia 7.1","networks":[{"capabilities":{"SSID":null,"linkDownBandwidthKbps":1048576,"linkUpstreamBandwidthKbps":1048576,"networkCapabilities":"NET_CAPABILITY_NOT_METERED,NET_CAPABILITY_INTERNET,NET_CAPABILITY_NOT_RESTRICTED,NET_CAPABILITY_TRUSTED,NET_CAPABILITY_NOT_VPN,NET_CAPABILITY_VALIDATED,NET_CAPABILITY_NOT_ROAMING,NET_CAPABILITY_FOREGROUND,NET_CAPABILITY_NOT_CONGESTED,NET_CAPABILITY_NOT_SUSPENDED","signalStrength":-55,"transportTypes":"TRANSPORT_WIFI"},"detailedState":"CONNECTED","extraInfo":null,"isAvailable":true,"isConnected":true,"isFailover":false,"isRoaming":false,"state":"CONNECTED","subtype":0,"subtypeName":"","type":1,"typeName":"WIFI"}],"platformVersion":"10","realDisplaySize":"1080x2280","timeZone":"America/Toronto"}}
&amp#27;[38;5;99m[ef8ca653]&amp#27;[0m&amp#27;[38;5;229m[ADB]&amp#27;[0m Running 'C:\Users\sajus\AppData\Local\Android\Sdk\platform-tools\adb.exe -P 5037 -s CTLID18120801016 shell pgrep -f \(\[\[:blank:\]\]\|\^\)com\.androidsample\.generalstore\(:\[a-zA-Z0-9_-\]\+\)\?\(\[\[:blank:\]\]\|\$\)'
&amp#27;[38;5;99m[ef8ca653]&amp#27;[0m&amp#27;[38;5;229m[ADB]&amp#27;[0m Running 'C:\Users\sajus\AppData\Local\Android\Sdk\platform-tools\adb.exe -P 5037 -s CTLID18120801016 shell am start-activity -W -n com.androidsample.generalstore/com.androidsample.generalstore.SplashActivity -S -a android.intent.action.MAIN -c android.intent.category.LAUNCHER -f 0x10200000'
&amp#27;[38;5;99m[ef8ca653]&amp#27;[0m&amp#27;[38;5;193m[AppiumDriver@ddcb]&amp#27;[0m New AndroidUiautomator2Driver session created successfully, session ef8ca653-57d8-4774-9c31-15976d70f6dc added to master session list
&amp#27;[38;5;99m[ef8ca653]&amp#27;[0m&amp#27;[38;5;193m[AppiumDriver@ddcb]&amp#27;[0m Event 'newSessionStarted' logged at 1750196818461 (17:46:58 GMT-0400 (Eastern Daylight Saving Time))
&amp#27;[38;5;99m[ef8ca653]&amp#27;[0m&amp#27;[38;5;11m[AndroidUiautomator2Driver@527f]&amp#27;[0m Cached the protocol value 'W3C' for the new session ef8ca653-57d8-4774-9c31-15976d70f6dc
&amp#27;[38;5;99m[ef8ca653]&amp#27;[0m&amp#27;[38;5;11m[AndroidUiautomator2Driver@527f]&amp#27;[0m Responding to client with driver.createSession() result: {"capabilities":{"platformName":"ANDROID","appActivity":"com.androidsample.generalstore.SplashActivity","appPackage":"com.androidsample.generalstore","automationName":"UiAutomator2","deviceName":"CTLID18120801016","noReset":true,"platformVersion":"10","systemPort":8200,"udid":"CTLID18120801016","platform":"LINUX","webStorageEnabled":false,"takesScreenshot":true,"javascriptEnabled":true,"databaseEnabled":false,"networkConnectionEnabled":true,"locationContextEnabled":false,"warnings":{},"desired":{"platformName":"ANDROID","appActivity":"com.androidsample.generalstore.SplashActivity","appPackage":"com.androidsample.generalstore","automationName":"UiAutomator2","deviceName":"Nokia","noReset":true,"platformVersion":"11.0","systemPort":8200,"udid":"CTLID18120801016"},"deviceUDID":"CTLID18120801016","pixelRatio":"2.625","statBarHeight":89,"viewportRect":{"left":0,"top":89,"width":1080,"height":2191},"deviceApiLevel":29,"deviceManufacturer":"HMD Global","deviceModel":"Nokia 7.1","deviceScreenSize":"1080x2280","dev...
&amp#27;[38;5;99m[ef8ca653]&amp#27;[0m&amp#27;[38;5;86m[HTTP]&amp#27;[0m &amp#27;[37m<-- POST /session &amp#27;[39m&amp#27;[32m200&amp#27;[39m &amp#27;[90m5100 ms - 1105&amp#27;[39m &amp#27;[90m&amp#27;[39m
Device: Nokia
&amp#27;[38;5;150m[a0a2e2b5]&amp#27;[0m&amp#27;[38;5;86m[HTTP]&amp#27;[0m &amp#27;[37m-->&amp#27;[39m &amp#27;[37mPOST&amp#27;[39m &amp#27;[37m/session/a0a2e2b5-93f2-486a-b88d-89c61b7f2ccd/element&amp#27;[39m &amp#27;[90m{"using":"id","value":"com.androidsample.generalstore:id/nameField"}&amp#27;[39m
&amp#27;[38;5;150m[a0a2e2b5]&amp#27;[0m&amp#27;[38;5;-115m[AndroidUiautomator2Driver@a38b]&amp#27;[0m Calling AppiumDriver.findElement() with args: ["id","com.androidsample.generalstore:id/nameField","a0a2e2b5-93f2-486a-b88d-89c61b7f2ccd"]
&amp#27;[38;5;150m[a0a2e2b5]&amp#27;[0m&amp#27;[38;5;-115m[AndroidUiautomator2Driver@a38b]&amp#27;[0m Valid locator strategies for this request: xpath, id, class name, accessibility id, css selector, -android uiautomator
&amp#27;[38;5;150m[a0a2e2b5]&amp#27;[0m&amp#27;[38;5;-115m[AndroidUiautomator2Driver@a38b]&amp#27;[0m Waiting up to 0 ms for condition
&amp#27;[38;5;150m[a0a2e2b5]&amp#27;[0m&amp#27;[38;5;-115m[AndroidUiautomator2Driver@a38b]&amp#27;[0m Matched '/element' to command name 'findElement'
&amp#27;[38;5;150m[a0a2e2b5]&amp#27;[0m&amp#27;[38;5;-115m[AndroidUiautomator2Driver@a38b]&amp#27;[0m Proxying [POST /element] to [POST http://127.0.0.1:8201/session/6a788953-bb05-4974-905e-3a6a885292ee/element] with body: {"strategy":"id","selector":"com.androidsample.generalstore:id/nameField","context":"","multiple":false}
&amp#27;[38;5;150m[a0a2e2b5]&amp#27;[0m&amp#27;[38;5;-115m[AndroidUiautomator2Driver@a38b]&amp#27;[0m Got response with status 200: {"sessionId":"6a788953-bb05-4974-905e-3a6a885292ee","value":{"ELEMENT":"00000000-0000-0dc0-ffff-ffff0000001c","element-6066-11e4-a52e-4f735466cecf":"00000000-0000-0dc0-ffff-ffff0000001c"}}
&amp#27;[38;5;150m[a0a2e2b5]&amp#27;[0m&amp#27;[38;5;-115m[AndroidUiautomator2Driver@a38b]&amp#27;[0m Responding to client with driver.findElement() result: {"element-6066-11e4-a52e-4f735466cecf":"00000000-0000-0dc0-ffff-ffff0000001c","ELEMENT":"00000000-0000-0dc0-ffff-ffff0000001c"}
&amp#27;[38;5;150m[a0a2e2b5]&amp#27;[0m&amp#27;[38;5;86m[HTTP]&amp#27;[0m &amp#27;[37m<-- POST /session/a0a2e2b5-93f2-486a-b88d-89c61b7f2ccd/element &amp#27;[39m&amp#27;[32m200&amp#27;[39m &amp#27;[90m53 ms - 137&amp#27;[39m &amp#27;[90m&amp#27;[39m
&amp#27;[38;5;150m[a0a2e2b5]&amp#27;[0m&amp#27;[38;5;86m[HTTP]&amp#27;[0m &amp#27;[37m-->&amp#27;[39m &amp#27;[37mPOST&amp#27;[39m &amp#27;[37m/session/a0a2e2b5-93f2-486a-b88d-89c61b7f2ccd/element/00000000-0000-0dc0-ffff-ffff0000001c/value&amp#27;[39m &amp#27;[90m{"id":"00000000-0000-0dc0-ffff-ffff0000001c","text":"Steve Smith","value":["S","t","e","v","e"," ","S","m","i","t","h"]}&amp#27;[39m
&amp#27;[38;5;150m[a0a2e2b5]&amp#27;[0m&amp#27;[38;5;-115m[AndroidUiautomator2Driver@a38b]&amp#27;[0m Calling AppiumDriver.setValue() with args: [["S","t","e","v","e"," ","S","m","i","t","h"],"00000000-0000-0dc0-ffff-ffff0000001c","a0a2e2b5-93f2-486a-b88d-89c61b7f2ccd"]
&amp#27;[38;5;150m[a0a2e2b5]&amp#27;[0m&amp#27;[38;5;-115m[AndroidUiautomator2Driver@a38b]&amp#27;[0m Matched '/element/00000000-0000-0dc0-ffff-ffff0000001c/value' to command name 'setValue'
&amp#27;[38;5;150m[a0a2e2b5]&amp#27;[0m&amp#27;[38;5;-115m[AndroidUiautomator2Driver@a38b]&amp#27;[0m Added 'value' property ["S","t","e","v","e"," ","S","m","i","t","h"] to 'setValue' request body
&amp#27;[38;5;150m[a0a2e2b5]&amp#27;[0m&amp#27;[38;5;-115m[AndroidUiautomator2Driver@a38b]&amp#27;[0m Proxying [POST /element/00000000-0000-0dc0-ffff-ffff0000001c/value] to [POST http://127.0.0.1:8201/session/6a788953-bb05-4974-905e-3a6a885292ee/element/00000000-0000-0dc0-ffff-ffff0000001c/value] with body: {"elementId":"00000000-0000-0dc0-ffff-ffff0000001c","text":"Steve Smith","replace":false,"value":["S","t","e","v","e"," ","S","m","i","t","h"]}
&amp#27;[38;5;150m[a0a2e2b5]&amp#27;[0m&amp#27;[38;5;-115m[AndroidUiautomator2Driver@a38b]&amp#27;[0m Got response with status 200: {"sessionId":"6a788953-bb05-4974-905e-3a6a885292ee","value":null}
&amp#27;[38;5;150m[a0a2e2b5]&amp#27;[0m&amp#27;[38;5;-115m[AndroidUiautomator2Driver@a38b]&amp#27;[0m Responding to client with driver.setValue() result: null
&amp#27;[38;5;150m[a0a2e2b5]&amp#27;[0m&amp#27;[38;5;86m[HTTP]&amp#27;[0m &amp#27;[37m<-- POST /session/a0a2e2b5-93f2-486a-b88d-89c61b7f2ccd/element/00000000-0000-0dc0-ffff-ffff0000001c/value &amp#27;[39m&amp#27;[32m200&amp#27;[39m &amp#27;[90m557 ms - 14&amp#27;[39m &amp#27;[90m&amp#27;[39m
&amp#27;[38;5;150m[a0a2e2b5]&amp#27;[0m&amp#27;[38;5;86m[HTTP]&amp#27;[0m &amp#27;[37m-->&amp#27;[39m &amp#27;[37mPOST&amp#27;[39m &amp#27;[37m/session/a0a2e2b5-93f2-486a-b88d-89c61b7f2ccd/execute/sync&amp#27;[39m &amp#27;[90m{"script":"mobile: hideKeyboard","args":[]}&amp#27;[39m
&amp#27;[38;5;150m[a0a2e2b5]&amp#27;[0m&amp#27;[38;5;-115m[AndroidUiautomator2Driver@a38b]&amp#27;[0m Calling AppiumDriver.execute() with args: ["mobile: hideKeyboard",[],"a0a2e2b5-93f2-486a-b88d-89c61b7f2ccd"]
&amp#27;[38;5;150m[a0a2e2b5]&amp#27;[0m&amp#27;[38;5;229m[ADB]&amp#27;[0m Running 'C:\Users\sajus\AppData\Local\Android\Sdk\platform-tools\adb.exe -P 5037 -s R3CRC00KHBT shell dumpsys input_method'
&amp#27;[38;5;150m[a0a2e2b5]&amp#27;[0m&amp#27;[38;5;229m[ADB]&amp#27;[0m Keyboard has no UI; no closing necessary
&amp#27;[38;5;150m[a0a2e2b5]&amp#27;[0m&amp#27;[38;5;-115m[AndroidUiautomator2Driver@a38b]&amp#27;[0m Responding to client with driver.execute() result: false
&amp#27;[38;5;150m[a0a2e2b5]&amp#27;[0m&amp#27;[38;5;86m[HTTP]&amp#27;[0m &amp#27;[37m<-- POST /session/a0a2e2b5-93f2-486a-b88d-89c61b7f2ccd/execute/sync &amp#27;[39m&amp#27;[32m200&amp#27;[39m &amp#27;[90m409 ms - 15&amp#27;[39m &amp#27;[90m&amp#27;[39m
&amp#27;[38;5;150m[a0a2e2b5]&amp#27;[0m&amp#27;[38;5;86m[HTTP]&amp#27;[0m &amp#27;[37m-->&amp#27;[39m &amp#27;[37mPOST&amp#27;[39m &amp#27;[37m/session/a0a2e2b5-93f2-486a-b88d-89c61b7f2ccd/element&amp#27;[39m &amp#27;[90m{"using":"id","value":"com.androidsample.generalstore:id/radioFemale"}&amp#27;[39m
&amp#27;[38;5;150m[a0a2e2b5]&amp#27;[0m&amp#27;[38;5;-115m[AndroidUiautomator2Driver@a38b]&amp#27;[0m Calling AppiumDriver.findElement() with args: ["id","com.androidsample.generalstore:id/radioFemale","a0a2e2b5-93f2-486a-b88d-89c61b7f2ccd"]
&amp#27;[38;5;150m[a0a2e2b5]&amp#27;[0m&amp#27;[38;5;-115m[AndroidUiautomator2Driver@a38b]&amp#27;[0m Valid locator strategies for this request: xpath, id, class name, accessibility id, css selector, -android uiautomator
&amp#27;[38;5;150m[a0a2e2b5]&amp#27;[0m&amp#27;[38;5;-115m[AndroidUiautomator2Driver@a38b]&amp#27;[0m Waiting up to 0 ms for condition
&amp#27;[38;5;150m[a0a2e2b5]&amp#27;[0m&amp#27;[38;5;-115m[AndroidUiautomator2Driver@a38b]&amp#27;[0m Matched '/element' to command name 'findElement'
&amp#27;[38;5;150m[a0a2e2b5]&amp#27;[0m&amp#27;[38;5;-115m[AndroidUiautomator2Driver@a38b]&amp#27;[0m Proxying [POST /element] to [POST http://127.0.0.1:8201/session/6a788953-bb05-4974-905e-3a6a885292ee/element] with body: {"strategy":"id","selector":"com.androidsample.generalstore:id/radioFemale","context":"","multiple":false}
&amp#27;[38;5;150m[a0a2e2b5]&amp#27;[0m&amp#27;[38;5;-115m[AndroidUiautomator2Driver@a38b]&amp#27;[0m Got response with status 200: {"sessionId":"6a788953-bb05-4974-905e-3a6a885292ee","value":{"ELEMENT":"00000000-0000-0dc0-ffff-ffff00000020","element-6066-11e4-a52e-4f735466cecf":"00000000-0000-0dc0-ffff-ffff00000020"}}
&amp#27;[38;5;150m[a0a2e2b5]&amp#27;[0m&amp#27;[38;5;-115m[AndroidUiautomator2Driver@a38b]&amp#27;[0m Responding to client with driver.findElement() result: {"element-6066-11e4-a52e-4f735466cecf":"00000000-0000-0dc0-ffff-ffff00000020","ELEMENT":"00000000-0000-0dc0-ffff-ffff00000020"}
&amp#27;[38;5;150m[a0a2e2b5]&amp#27;[0m&amp#27;[38;5;86m[HTTP]&amp#27;[0m &amp#27;[37m<-- POST /session/a0a2e2b5-93f2-486a-b88d-89c61b7f2ccd/element &amp#27;[39m&amp#27;[32m200&amp#27;[39m &amp#27;[90m122 ms - 137&amp#27;[39m &amp#27;[90m&amp#27;[39m
&amp#27;[38;5;150m[a0a2e2b5]&amp#27;[0m&amp#27;[38;5;86m[HTTP]&amp#27;[0m &amp#27;[37m-->&amp#27;[39m &amp#27;[37mPOST&amp#27;[39m &amp#27;[37m/session/a0a2e2b5-93f2-486a-b88d-89c61b7f2ccd/element/00000000-0000-0dc0-ffff-ffff00000020/click&amp#27;[39m &amp#27;[90m{"id":"00000000-0000-0dc0-ffff-ffff00000020"}&amp#27;[39m
&amp#27;[38;5;150m[a0a2e2b5]&amp#27;[0m&amp#27;[38;5;-115m[AndroidUiautomator2Driver@a38b]&amp#27;[0m Calling AppiumDriver.click() with args: ["00000000-0000-0dc0-ffff-ffff00000020","a0a2e2b5-93f2-486a-b88d-89c61b7f2ccd"]
&amp#27;[38;5;150m[a0a2e2b5]&amp#27;[0m&amp#27;[38;5;-115m[AndroidUiautomator2Driver@a38b]&amp#27;[0m Matched '/element/00000000-0000-0dc0-ffff-ffff00000020/click' to command name 'click'
&amp#27;[38;5;150m[a0a2e2b5]&amp#27;[0m&amp#27;[38;5;-115m[AndroidUiautomator2Driver@a38b]&amp#27;[0m Proxying [POST /element/00000000-0000-0dc0-ffff-ffff00000020/click] to [POST http://127.0.0.1:8201/session/6a788953-bb05-4974-905e-3a6a885292ee/element/00000000-0000-0dc0-ffff-ffff00000020/click] with body: {"element":"00000000-0000-0dc0-ffff-ffff00000020"}
&amp#27;[38;5;150m[a0a2e2b5]&amp#27;[0m&amp#27;[38;5;-115m[AndroidUiautomator2Driver@a38b]&amp#27;[0m Got response with status 200: {"sessionId":"6a788953-bb05-4974-905e-3a6a885292ee","value":null}
&amp#27;[38;5;150m[a0a2e2b5]&amp#27;[0m&amp#27;[38;5;-115m[AndroidUiautomator2Driver@a38b]&amp#27;[0m Responding to client with driver.click() result: null
&amp#27;[38;5;150m[a0a2e2b5]&amp#27;[0m&amp#27;[38;5;86m[HTTP]&amp#27;[0m &amp#27;[37m<-- POST /session/a0a2e2b5-93f2-486a-b88d-89c61b7f2ccd/element/00000000-0000-0dc0-ffff-ffff00000020/click &amp#27;[39m&amp#27;[32m200&amp#27;[39m &amp#27;[90m692 ms - 14&amp#27;[39m &amp#27;[90m&amp#27;[39m
&amp#27;[38;5;150m[a0a2e2b5]&amp#27;[0m&amp#27;[38;5;86m[HTTP]&amp#27;[0m &amp#27;[37m-->&amp#27;[39m &amp#27;[37mPOST&amp#27;[39m &amp#27;[37m/session/a0a2e2b5-93f2-486a-b88d-89c61b7f2ccd/element&amp#27;[39m &amp#27;[90m{"using":"id","value":"android:id/text1"}&amp#27;[39m
&amp#27;[38;5;150m[a0a2e2b5]&amp#27;[0m&amp#27;[38;5;-115m[AndroidUiautomator2Driver@a38b]&amp#27;[0m Calling AppiumDriver.findElement() with args: ["id","android:id/text1","a0a2e2b5-93f2-486a-b88d-89c61b7f2ccd"]
&amp#27;[38;5;150m[a0a2e2b5]&amp#27;[0m&amp#27;[38;5;-115m[AndroidUiautomator2Driver@a38b]&amp#27;[0m Valid locator strategies for this request: xpath, id, class name, accessibility id, css selector, -android uiautomator
&amp#27;[38;5;150m[a0a2e2b5]&amp#27;[0m&amp#27;[38;5;-115m[AndroidUiautomator2Driver@a38b]&amp#27;[0m Waiting up to 0 ms for condition
&amp#27;[38;5;150m[a0a2e2b5]&amp#27;[0m&amp#27;[38;5;-115m[AndroidUiautomator2Driver@a38b]&amp#27;[0m Matched '/element' to command name 'findElement'
&amp#27;[38;5;150m[a0a2e2b5]&amp#27;[0m&amp#27;[38;5;-115m[AndroidUiautomator2Driver@a38b]&amp#27;[0m Proxying [POST /element] to [POST http://127.0.0.1:8201/session/6a788953-bb05-4974-905e-3a6a885292ee/element] with body: {"strategy":"id","selector":"android:id/text1","context":"","multiple":false}
&amp#27;[38;5;99m[ef8ca653]&amp#27;[0m&amp#27;[38;5;86m[HTTP]&amp#27;[0m &amp#27;[37m-->&amp#27;[39m &amp#27;[37mPOST&amp#27;[39m &amp#27;[37m/session/ef8ca653-57d8-4774-9c31-15976d70f6dc/element&amp#27;[39m &amp#27;[90m{"using":"id","value":"com.androidsample.generalstore:id/nameField"}&amp#27;[39m
&amp#27;[38;5;99m[ef8ca653]&amp#27;[0m&amp#27;[38;5;11m[AndroidUiautomator2Driver@527f]&amp#27;[0m Calling AppiumDriver.findElement() with args: ["id","com.androidsample.generalstore:id/nameField","ef8ca653-57d8-4774-9c31-15976d70f6dc"]
&amp#27;[38;5;99m[ef8ca653]&amp#27;[0m&amp#27;[38;5;11m[AndroidUiautomator2Driver@527f]&amp#27;[0m Valid locator strategies for this request: xpath, id, class name, accessibility id, css selector, -android uiautomator
&amp#27;[38;5;99m[ef8ca653]&amp#27;[0m&amp#27;[38;5;11m[AndroidUiautomator2Driver@527f]&amp#27;[0m Waiting up to 0 ms for condition
&amp#27;[38;5;99m[ef8ca653]&amp#27;[0m&amp#27;[38;5;11m[AndroidUiautomator2Driver@527f]&amp#27;[0m Matched '/element' to command name 'findElement'
&amp#27;[38;5;99m[ef8ca653]&amp#27;[0m&amp#27;[38;5;11m[AndroidUiautomator2Driver@527f]&amp#27;[0m Proxying [POST /element] to [POST http://127.0.0.1:8200/session/80545848-da6f-420e-bfc8-d78f0a91b325/element] with body: {"strategy":"id","selector":"com.androidsample.generalstore:id/nameField","context":"","multiple":false}
&amp#27;[38;5;150m[a0a2e2b5]&amp#27;[0m&amp#27;[38;5;-115m[AndroidUiautomator2Driver@a38b]&amp#27;[0m Got response with status 200: {"sessionId":"6a788953-bb05-4974-905e-3a6a885292ee","value":{"ELEMENT":"00000000-0000-0dc0-ffff-ffff00000024","element-6066-11e4-a52e-4f735466cecf":"00000000-0000-0dc0-ffff-ffff00000024"}}
&amp#27;[38;5;150m[a0a2e2b5]&amp#27;[0m&amp#27;[38;5;-115m[AndroidUiautomator2Driver@a38b]&amp#27;[0m Responding to client with driver.findElement() result: {"element-6066-11e4-a52e-4f735466cecf":"00000000-0000-0dc0-ffff-ffff00000024","ELEMENT":"00000000-0000-0dc0-ffff-ffff00000024"}
&amp#27;[38;5;150m[a0a2e2b5]&amp#27;[0m&amp#27;[38;5;86m[HTTP]&amp#27;[0m &amp#27;[37m<-- POST /session/a0a2e2b5-93f2-486a-b88d-89c61b7f2ccd/element &amp#27;[39m&amp#27;[32m200&amp#27;[39m &amp#27;[90m67 ms - 137&amp#27;[39m &amp#27;[90m&amp#27;[39m
&amp#27;[38;5;150m[a0a2e2b5]&amp#27;[0m&amp#27;[38;5;86m[HTTP]&amp#27;[0m &amp#27;[37m-->&amp#27;[39m &amp#27;[37mPOST&amp#27;[39m &amp#27;[37m/session/a0a2e2b5-93f2-486a-b88d-89c61b7f2ccd/element/00000000-0000-0dc0-ffff-ffff00000024/click&amp#27;[39m &amp#27;[90m{"id":"00000000-0000-0dc0-ffff-ffff00000024"}&amp#27;[39m
&amp#27;[38;5;150m[a0a2e2b5]&amp#27;[0m&amp#27;[38;5;-115m[AndroidUiautomator2Driver@a38b]&amp#27;[0m Calling AppiumDriver.click() with args: ["00000000-0000-0dc0-ffff-ffff00000024","a0a2e2b5-93f2-486a-b88d-89c61b7f2ccd"]
&amp#27;[38;5;150m[a0a2e2b5]&amp#27;[0m&amp#27;[38;5;-115m[AndroidUiautomator2Driver@a38b]&amp#27;[0m Matched '/element/00000000-0000-0dc0-ffff-ffff00000024/click' to command name 'click'
&amp#27;[38;5;150m[a0a2e2b5]&amp#27;[0m&amp#27;[38;5;-115m[AndroidUiautomator2Driver@a38b]&amp#27;[0m Proxying [POST /element/00000000-0000-0dc0-ffff-ffff00000024/click] to [POST http://127.0.0.1:8201/session/6a788953-bb05-4974-905e-3a6a885292ee/element/00000000-0000-0dc0-ffff-ffff00000024/click] with body: {"element":"00000000-0000-0dc0-ffff-ffff00000024"}
&amp#27;[38;5;99m[ef8ca653]&amp#27;[0m&amp#27;[38;5;11m[AndroidUiautomator2Driver@527f]&amp#27;[0m Got response with status 200: {"sessionId":"80545848-da6f-420e-bfc8-d78f0a91b325","value":{"ELEMENT":"00000000-0000-03dd-ffff-ffff0000001c","element-6066-11e4-a52e-4f735466cecf":"00000000-0000-03dd-ffff-ffff0000001c"}}
&amp#27;[38;5;99m[ef8ca653]&amp#27;[0m&amp#27;[38;5;11m[AndroidUiautomator2Driver@527f]&amp#27;[0m Responding to client with driver.findElement() result: {"element-6066-11e4-a52e-4f735466cecf":"00000000-0000-03dd-ffff-ffff0000001c","ELEMENT":"00000000-0000-03dd-ffff-ffff0000001c"}
&amp#27;[38;5;99m[ef8ca653]&amp#27;[0m&amp#27;[38;5;86m[HTTP]&amp#27;[0m &amp#27;[37m<-- POST /session/ef8ca653-57d8-4774-9c31-15976d70f6dc/element &amp#27;[39m&amp#27;[32m200&amp#27;[39m &amp#27;[90m72 ms - 137&amp#27;[39m &amp#27;[90m&amp#27;[39m
&amp#27;[38;5;99m[ef8ca653]&amp#27;[0m&amp#27;[38;5;86m[HTTP]&amp#27;[0m &amp#27;[37m-->&amp#27;[39m &amp#27;[37mPOST&amp#27;[39m &amp#27;[37m/session/ef8ca653-57d8-4774-9c31-15976d70f6dc/element/00000000-0000-03dd-ffff-ffff0000001c/value&amp#27;[39m &amp#27;[90m{"id":"00000000-0000-03dd-ffff-ffff0000001c","text":"Steve Smith","value":["S","t","e","v","e"," ","S","m","i","t","h"]}&amp#27;[39m
&amp#27;[38;5;99m[ef8ca653]&amp#27;[0m&amp#27;[38;5;11m[AndroidUiautomator2Driver@527f]&amp#27;[0m Calling AppiumDriver.setValue() with args: [["S","t","e","v","e"," ","S","m","i","t","h"],"00000000-0000-03dd-ffff-ffff0000001c","ef8ca653-57d8-4774-9c31-15976d70f6dc"]
&amp#27;[38;5;99m[ef8ca653]&amp#27;[0m&amp#27;[38;5;11m[AndroidUiautomator2Driver@527f]&amp#27;[0m Matched '/element/00000000-0000-03dd-ffff-ffff0000001c/value' to command name 'setValue'
&amp#27;[38;5;99m[ef8ca653]&amp#27;[0m&amp#27;[38;5;11m[AndroidUiautomator2Driver@527f]&amp#27;[0m Added 'value' property ["S","t","e","v","e"," ","S","m","i","t","h"] to 'setValue' request body
&amp#27;[38;5;99m[ef8ca653]&amp#27;[0m&amp#27;[38;5;11m[AndroidUiautomator2Driver@527f]&amp#27;[0m Proxying [POST /element/00000000-0000-03dd-ffff-ffff0000001c/value] to [POST http://127.0.0.1:8200/session/80545848-da6f-420e-bfc8-d78f0a91b325/element/00000000-0000-03dd-ffff-ffff0000001c/value] with body: {"elementId":"00000000-0000-03dd-ffff-ffff0000001c","text":"Steve Smith","replace":false,"value":["S","t","e","v","e"," ","S","m","i","t","h"]}
&amp#27;[38;5;150m[a0a2e2b5]&amp#27;[0m&amp#27;[38;5;-115m[AndroidUiautomator2Driver@a38b]&amp#27;[0m Got response with status 200: {"sessionId":"6a788953-bb05-4974-905e-3a6a885292ee","value":null}
&amp#27;[38;5;150m[a0a2e2b5]&amp#27;[0m&amp#27;[38;5;-115m[AndroidUiautomator2Driver@a38b]&amp#27;[0m Responding to client with driver.click() result: null
&amp#27;[38;5;150m[a0a2e2b5]&amp#27;[0m&amp#27;[38;5;86m[HTTP]&amp#27;[0m &amp#27;[37m<-- POST /session/a0a2e2b5-93f2-486a-b88d-89c61b7f2ccd/element/00000000-0000-0dc0-ffff-ffff00000024/click &amp#27;[39m&amp#27;[32m200&amp#27;[39m &amp#27;[90m77 ms - 14&amp#27;[39m &amp#27;[90m&amp#27;[39m
&amp#27;[38;5;150m[a0a2e2b5]&amp#27;[0m&amp#27;[38;5;86m[HTTP]&amp#27;[0m &amp#27;[37m-->&amp#27;[39m &amp#27;[37mPOST&amp#27;[39m &amp#27;[37m/session/a0a2e2b5-93f2-486a-b88d-89c61b7f2ccd/element&amp#27;[39m &amp#27;[90m{"using":"-android uiautomator","value":"new UiScrollable(new UiSelector()).scrollIntoView(text(\"Argentina\"));"}&amp#27;[39m
&amp#27;[38;5;150m[a0a2e2b5]&amp#27;[0m&amp#27;[38;5;-115m[AndroidUiautomator2Driver@a38b]&amp#27;[0m Calling AppiumDriver.findElement() with args: ["-android uiautomator","new UiScrollable(new UiSelector()).scrollIntoView(text(\"Argentina\"));","a0a2e2b5-93f2-486a-b88d-89c61b7f2ccd"]
&amp#27;[38;5;150m[a0a2e2b5]&amp#27;[0m&amp#27;[38;5;-115m[AndroidUiautomator2Driver@a38b]&amp#27;[0m Valid locator strategies for this request: xpath, id, class name, accessibility id, css selector, -android uiautomator
&amp#27;[38;5;150m[a0a2e2b5]&amp#27;[0m&amp#27;[38;5;-115m[AndroidUiautomator2Driver@a38b]&amp#27;[0m Waiting up to 0 ms for condition
&amp#27;[38;5;150m[a0a2e2b5]&amp#27;[0m&amp#27;[38;5;-115m[AndroidUiautomator2Driver@a38b]&amp#27;[0m Matched '/element' to command name 'findElement'
&amp#27;[38;5;150m[a0a2e2b5]&amp#27;[0m&amp#27;[38;5;-115m[AndroidUiautomator2Driver@a38b]&amp#27;[0m Proxying [POST /element] to [POST http://127.0.0.1:8201/session/6a788953-bb05-4974-905e-3a6a885292ee/element] with body: {"strategy":"-android uiautomator","selector":"new UiScrollable(new UiSelector()).scrollIntoView(text(\"Argentina\"));","context":"","multiple":false}
&amp#27;[38;5;99m[ef8ca653]&amp#27;[0m&amp#27;[38;5;11m[AndroidUiautomator2Driver@527f]&amp#27;[0m Got response with status 200: {"sessionId":"80545848-da6f-420e-bfc8-d78f0a91b325","value":null}
&amp#27;[38;5;99m[ef8ca653]&amp#27;[0m&amp#27;[38;5;11m[AndroidUiautomator2Driver@527f]&amp#27;[0m Responding to client with driver.setValue() result: null
&amp#27;[38;5;99m[ef8ca653]&amp#27;[0m&amp#27;[38;5;86m[HTTP]&amp#27;[0m &amp#27;[37m<-- POST /session/ef8ca653-57d8-4774-9c31-15976d70f6dc/element/00000000-0000-03dd-ffff-ffff0000001c/value &amp#27;[39m&amp#27;[32m200&amp#27;[39m &amp#27;[90m836 ms - 14&amp#27;[39m &amp#27;[90m&amp#27;[39m
&amp#27;[38;5;99m[ef8ca653]&amp#27;[0m&amp#27;[38;5;86m[HTTP]&amp#27;[0m &amp#27;[37m-->&amp#27;[39m &amp#27;[37mPOST&amp#27;[39m &amp#27;[37m/session/ef8ca653-57d8-4774-9c31-15976d70f6dc/execute/sync&amp#27;[39m &amp#27;[90m{"script":"mobile: hideKeyboard","args":[]}&amp#27;[39m
&amp#27;[38;5;99m[ef8ca653]&amp#27;[0m&amp#27;[38;5;11m[AndroidUiautomator2Driver@527f]&amp#27;[0m Calling AppiumDriver.execute() with args: ["mobile: hideKeyboard",[],"ef8ca653-57d8-4774-9c31-15976d70f6dc"]
&amp#27;[38;5;99m[ef8ca653]&amp#27;[0m&amp#27;[38;5;229m[ADB]&amp#27;[0m Running 'C:\Users\sajus\AppData\Local\Android\Sdk\platform-tools\adb.exe -P 5037 -s CTLID18120801016 shell dumpsys input_method'
&amp#27;[38;5;99m[ef8ca653]&amp#27;[0m&amp#27;[38;5;229m[ADB]&amp#27;[0m Keyboard has no UI; no closing necessary
&amp#27;[38;5;99m[ef8ca653]&amp#27;[0m&amp#27;[38;5;11m[AndroidUiautomator2Driver@527f]&amp#27;[0m Responding to client with driver.execute() result: false
&amp#27;[38;5;99m[ef8ca653]&amp#27;[0m&amp#27;[38;5;86m[HTTP]&amp#27;[0m &amp#27;[37m<-- POST /session/ef8ca653-57d8-4774-9c31-15976d70f6dc/execute/sync &amp#27;[39m&amp#27;[32m200&amp#27;[39m &amp#27;[90m693 ms - 15&amp#27;[39m &amp#27;[90m&amp#27;[39m
&amp#27;[38;5;99m[ef8ca653]&amp#27;[0m&amp#27;[38;5;86m[HTTP]&amp#27;[0m &amp#27;[37m-->&amp#27;[39m &amp#27;[37mPOST&amp#27;[39m &amp#27;[37m/session/ef8ca653-57d8-4774-9c31-15976d70f6dc/element&amp#27;[39m &amp#27;[90m{"using":"id","value":"com.androidsample.generalstore:id/radioFemale"}&amp#27;[39m
&amp#27;[38;5;99m[ef8ca653]&amp#27;[0m&amp#27;[38;5;11m[AndroidUiautomator2Driver@527f]&amp#27;[0m Calling AppiumDriver.findElement() with args: ["id","com.androidsample.generalstore:id/radioFemale","ef8ca653-57d8-4774-9c31-15976d70f6dc"]
&amp#27;[38;5;99m[ef8ca653]&amp#27;[0m&amp#27;[38;5;11m[AndroidUiautomator2Driver@527f]&amp#27;[0m Valid locator strategies for this request: xpath, id, class name, accessibility id, css selector, -android uiautomator
&amp#27;[38;5;99m[ef8ca653]&amp#27;[0m&amp#27;[38;5;11m[AndroidUiautomator2Driver@527f]&amp#27;[0m Waiting up to 0 ms for condition
&amp#27;[38;5;99m[ef8ca653]&amp#27;[0m&amp#27;[38;5;11m[AndroidUiautomator2Driver@527f]&amp#27;[0m Matched '/element' to command name 'findElement'
&amp#27;[38;5;99m[ef8ca653]&amp#27;[0m&amp#27;[38;5;11m[AndroidUiautomator2Driver@527f]&amp#27;[0m Proxying [POST /element] to [POST http://127.0.0.1:8200/session/80545848-da6f-420e-bfc8-d78f0a91b325/element] with body: {"strategy":"id","selector":"com.androidsample.generalstore:id/radioFemale","context":"","multiple":false}
&amp#27;[38;5;99m[ef8ca653]&amp#27;[0m&amp#27;[38;5;11m[AndroidUiautomator2Driver@527f]&amp#27;[0m Got response with status 200: {"sessionId":"80545848-da6f-420e-bfc8-d78f0a91b325","value":{"ELEMENT":"00000000-0000-03dd-ffff-ffff00000020","element-6066-11e4-a52e-4f735466cecf":"00000000-0000-03dd-ffff-ffff00000020"}}
&amp#27;[38;5;99m[ef8ca653]&amp#27;[0m&amp#27;[38;5;11m[AndroidUiautomator2Driver@527f]&amp#27;[0m Responding to client with driver.findElement() result: {"element-6066-11e4-a52e-4f735466cecf":"00000000-0000-03dd-ffff-ffff00000020","ELEMENT":"00000000-0000-03dd-ffff-ffff00000020"}
&amp#27;[38;5;99m[ef8ca653]&amp#27;[0m&amp#27;[38;5;86m[HTTP]&amp#27;[0m &amp#27;[37m<-- POST /session/ef8ca653-57d8-4774-9c31-15976d70f6dc/element &amp#27;[39m&amp#27;[32m200&amp#27;[39m &amp#27;[90m38 ms - 137&amp#27;[39m &amp#27;[90m&amp#27;[39m
&amp#27;[38;5;99m[ef8ca653]&amp#27;[0m&amp#27;[38;5;86m[HTTP]&amp#27;[0m &amp#27;[37m-->&amp#27;[39m &amp#27;[37mPOST&amp#27;[39m &amp#27;[37m/session/ef8ca653-57d8-4774-9c31-15976d70f6dc/element/00000000-0000-03dd-ffff-ffff00000020/click&amp#27;[39m &amp#27;[90m{"id":"00000000-0000-03dd-ffff-ffff00000020"}&amp#27;[39m
&amp#27;[38;5;99m[ef8ca653]&amp#27;[0m&amp#27;[38;5;11m[AndroidUiautomator2Driver@527f]&amp#27;[0m Calling AppiumDriver.click() with args: ["00000000-0000-03dd-ffff-ffff00000020","ef8ca653-57d8-4774-9c31-15976d70f6dc"]
&amp#27;[38;5;99m[ef8ca653]&amp#27;[0m&amp#27;[38;5;11m[AndroidUiautomator2Driver@527f]&amp#27;[0m Matched '/element/00000000-0000-03dd-ffff-ffff00000020/click' to command name 'click'
&amp#27;[38;5;99m[ef8ca653]&amp#27;[0m&amp#27;[38;5;11m[AndroidUiautomator2Driver@527f]&amp#27;[0m Proxying [POST /element/00000000-0000-03dd-ffff-ffff00000020/click] to [POST http://127.0.0.1:8200/session/80545848-da6f-420e-bfc8-d78f0a91b325/element/00000000-0000-03dd-ffff-ffff00000020/click] with body: {"element":"00000000-0000-03dd-ffff-ffff00000020"}
&amp#27;[38;5;99m[ef8ca653]&amp#27;[0m&amp#27;[38;5;11m[AndroidUiautomator2Driver@527f]&amp#27;[0m Got response with status 200: {"sessionId":"80545848-da6f-420e-bfc8-d78f0a91b325","value":null}
&amp#27;[38;5;99m[ef8ca653]&amp#27;[0m&amp#27;[38;5;11m[AndroidUiautomator2Driver@527f]&amp#27;[0m Responding to client with driver.click() result: null
&amp#27;[38;5;99m[ef8ca653]&amp#27;[0m&amp#27;[38;5;86m[HTTP]&amp#27;[0m &amp#27;[37m<-- POST /session/ef8ca653-57d8-4774-9c31-15976d70f6dc/element/00000000-0000-03dd-ffff-ffff00000020/click &amp#27;[39m&amp#27;[32m200&amp#27;[39m &amp#27;[90m56 ms - 14&amp#27;[39m &amp#27;[90m&amp#27;[39m
&amp#27;[38;5;99m[ef8ca653]&amp#27;[0m&amp#27;[38;5;86m[HTTP]&amp#27;[0m &amp#27;[37m-->&amp#27;[39m &amp#27;[37mPOST&amp#27;[39m &amp#27;[37m/session/ef8ca653-57d8-4774-9c31-15976d70f6dc/element&amp#27;[39m &amp#27;[90m{"using":"id","value":"android:id/text1"}&amp#27;[39m
&amp#27;[38;5;99m[ef8ca653]&amp#27;[0m&amp#27;[38;5;11m[AndroidUiautomator2Driver@527f]&amp#27;[0m Calling AppiumDriver.findElement() with args: ["id","android:id/text1","ef8ca653-57d8-4774-9c31-15976d70f6dc"]
&amp#27;[38;5;99m[ef8ca653]&amp#27;[0m&amp#27;[38;5;11m[AndroidUiautomator2Driver@527f]&amp#27;[0m Valid locator strategies for this request: xpath, id, class name, accessibility id, css selector, -android uiautomator
&amp#27;[38;5;99m[ef8ca653]&amp#27;[0m&amp#27;[38;5;11m[AndroidUiautomator2Driver@527f]&amp#27;[0m Waiting up to 0 ms for condition
&amp#27;[38;5;99m[ef8ca653]&amp#27;[0m&amp#27;[38;5;11m[AndroidUiautomator2Driver@527f]&amp#27;[0m Matched '/element' to command name 'findElement'
&amp#27;[38;5;99m[ef8ca653]&amp#27;[0m&amp#27;[38;5;11m[AndroidUiautomator2Driver@527f]&amp#27;[0m Proxying [POST /element] to [POST http://127.0.0.1:8200/session/80545848-da6f-420e-bfc8-d78f0a91b325/element] with body: {"strategy":"id","selector":"android:id/text1","context":"","multiple":false}
&amp#27;[38;5;99m[ef8ca653]&amp#27;[0m&amp#27;[38;5;11m[AndroidUiautomator2Driver@527f]&amp#27;[0m Got response with status 200: {"sessionId":"80545848-da6f-420e-bfc8-d78f0a91b325","value":{"ELEMENT":"00000000-0000-03dd-ffff-ffff00000024","element-6066-11e4-a52e-4f735466cecf":"00000000-0000-03dd-ffff-ffff00000024"}}
&amp#27;[38;5;99m[ef8ca653]&amp#27;[0m&amp#27;[38;5;11m[AndroidUiautomator2Driver@527f]&amp#27;[0m Responding to client with driver.findElement() result: {"element-6066-11e4-a52e-4f735466cecf":"00000000-0000-03dd-ffff-ffff00000024","ELEMENT":"00000000-0000-03dd-ffff-ffff00000024"}
&amp#27;[38;5;99m[ef8ca653]&amp#27;[0m&amp#27;[38;5;86m[HTTP]&amp#27;[0m &amp#27;[37m<-- POST /session/ef8ca653-57d8-4774-9c31-15976d70f6dc/element &amp#27;[39m&amp#27;[32m200&amp#27;[39m &amp#27;[90m516 ms - 137&amp#27;[39m &amp#27;[90m&amp#27;[39m
&amp#27;[38;5;99m[ef8ca653]&amp#27;[0m&amp#27;[38;5;86m[HTTP]&amp#27;[0m &amp#27;[37m-->&amp#27;[39m &amp#27;[37mPOST&amp#27;[39m &amp#27;[37m/session/ef8ca653-57d8-4774-9c31-15976d70f6dc/element/00000000-0000-03dd-ffff-ffff00000024/click&amp#27;[39m &amp#27;[90m{"id":"00000000-0000-03dd-ffff-ffff00000024"}&amp#27;[39m
&amp#27;[38;5;99m[ef8ca653]&amp#27;[0m&amp#27;[38;5;11m[AndroidUiautomator2Driver@527f]&amp#27;[0m Calling AppiumDriver.click() with args: ["00000000-0000-03dd-ffff-ffff00000024","ef8ca653-57d8-4774-9c31-15976d70f6dc"]
&amp#27;[38;5;99m[ef8ca653]&amp#27;[0m&amp#27;[38;5;11m[AndroidUiautomator2Driver@527f]&amp#27;[0m Matched '/element/00000000-0000-03dd-ffff-ffff00000024/click' to command name 'click'
&amp#27;[38;5;99m[ef8ca653]&amp#27;[0m&amp#27;[38;5;11m[AndroidUiautomator2Driver@527f]&amp#27;[0m Proxying [POST /element/00000000-0000-03dd-ffff-ffff00000024/click] to [POST http://127.0.0.1:8200/session/80545848-da6f-420e-bfc8-d78f0a91b325/element/00000000-0000-03dd-ffff-ffff00000024/click] with body: {"element":"00000000-0000-03dd-ffff-ffff00000024"}
&amp#27;[38;5;99m[ef8ca653]&amp#27;[0m&amp#27;[38;5;11m[AndroidUiautomator2Driver@527f]&amp#27;[0m Got response with status 200: {"sessionId":"80545848-da6f-420e-bfc8-d78f0a91b325","value":null}
&amp#27;[38;5;99m[ef8ca653]&amp#27;[0m&amp#27;[38;5;11m[AndroidUiautomator2Driver@527f]&amp#27;[0m Responding to client with driver.click() result: null
&amp#27;[38;5;99m[ef8ca653]&amp#27;[0m&amp#27;[38;5;86m[HTTP]&amp#27;[0m &amp#27;[37m<-- POST /session/ef8ca653-57d8-4774-9c31-15976d70f6dc/element/00000000-0000-03dd-ffff-ffff00000024/click &amp#27;[39m&amp#27;[32m200&amp#27;[39m &amp#27;[90m65 ms - 14&amp#27;[39m &amp#27;[90m&amp#27;[39m
&amp#27;[38;5;99m[ef8ca653]&amp#27;[0m&amp#27;[38;5;86m[HTTP]&amp#27;[0m &amp#27;[37m-->&amp#27;[39m &amp#27;[37mPOST&amp#27;[39m &amp#27;[37m/session/ef8ca653-57d8-4774-9c31-15976d70f6dc/element&amp#27;[39m &amp#27;[90m{"using":"-android uiautomator","value":"new UiScrollable(new UiSelector()).scrollIntoView(text(\"Argentina\"));"}&amp#27;[39m
&amp#27;[38;5;99m[ef8ca653]&amp#27;[0m&amp#27;[38;5;11m[AndroidUiautomator2Driver@527f]&amp#27;[0m Calling AppiumDriver.findElement() with args: ["-android uiautomator","new UiScrollable(new UiSelector()).scrollIntoView(text(\"Argentina\"));","ef8ca653-57d8-4774-9c31-15976d70f6dc"]
&amp#27;[38;5;99m[ef8ca653]&amp#27;[0m&amp#27;[38;5;11m[AndroidUiautomator2Driver@527f]&amp#27;[0m Valid locator strategies for this request: xpath, id, class name, accessibility id, css selector, -android uiautomator
&amp#27;[38;5;99m[ef8ca653]&amp#27;[0m&amp#27;[38;5;11m[AndroidUiautomator2Driver@527f]&amp#27;[0m Waiting up to 0 ms for condition
&amp#27;[38;5;99m[ef8ca653]&amp#27;[0m&amp#27;[38;5;11m[AndroidUiautomator2Driver@527f]&amp#27;[0m Matched '/element' to command name 'findElement'
&amp#27;[38;5;99m[ef8ca653]&amp#27;[0m&amp#27;[38;5;11m[AndroidUiautomator2Driver@527f]&amp#27;[0m Proxying [POST /element] to [POST http://127.0.0.1:8200/session/80545848-da6f-420e-bfc8-d78f0a91b325/element] with body: {"strategy":"-android uiautomator","selector":"new UiScrollable(new UiSelector()).scrollIntoView(text(\"Argentina\"));","context":"","multiple":false}
&amp#27;[38;5;150m[a0a2e2b5]&amp#27;[0m&amp#27;[38;5;-115m[AndroidUiautomator2Driver@a38b]&amp#27;[0m Got response with status 200: {"sessionId":"6a788953-bb05-4974-905e-3a6a885292ee","value":{"ELEMENT":"00000000-0000-0dc1-ffff-ffff00000029","element-6066-11e4-a52e-4f735466cecf":"00000000-0000-0dc1-ffff-ffff00000029"}}
&amp#27;[38;5;150m[a0a2e2b5]&amp#27;[0m&amp#27;[38;5;-115m[AndroidUiautomator2Driver@a38b]&amp#27;[0m Responding to client with driver.findElement() result: {"element-6066-11e4-a52e-4f735466cecf":"00000000-0000-0dc1-ffff-ffff00000029","ELEMENT":"00000000-0000-0dc1-ffff-ffff00000029"}
&amp#27;[38;5;150m[a0a2e2b5]&amp#27;[0m&amp#27;[38;5;86m[HTTP]&amp#27;[0m &amp#27;[37m<-- POST /session/a0a2e2b5-93f2-486a-b88d-89c61b7f2ccd/element &amp#27;[39m&amp#27;[32m200&amp#27;[39m &amp#27;[90m4540 ms - 137&amp#27;[39m &amp#27;[90m&amp#27;[39m
&amp#27;[38;5;150m[a0a2e2b5]&amp#27;[0m&amp#27;[38;5;86m[HTTP]&amp#27;[0m &amp#27;[37m-->&amp#27;[39m &amp#27;[37mPOST&amp#27;[39m &amp#27;[37m/session/a0a2e2b5-93f2-486a-b88d-89c61b7f2ccd/element&amp#27;[39m &amp#27;[90m{"using":"xpath","value":"//android.widget.TextView[@text='Argentina']"}&amp#27;[39m
&amp#27;[38;5;150m[a0a2e2b5]&amp#27;[0m&amp#27;[38;5;-115m[AndroidUiautomator2Driver@a38b]&amp#27;[0m Calling AppiumDriver.findElement() with args: ["xpath","//android.widget.TextView[@text='Argentina']","a0a2e2b5-93f2-486a-b88d-89c61b7f2ccd"]
&amp#27;[38;5;150m[a0a2e2b5]&amp#27;[0m&amp#27;[38;5;-115m[AndroidUiautomator2Driver@a38b]&amp#27;[0m Valid locator strategies for this request: xpath, id, class name, accessibility id, css selector, -android uiautomator
&amp#27;[38;5;150m[a0a2e2b5]&amp#27;[0m&amp#27;[38;5;-115m[AndroidUiautomator2Driver@a38b]&amp#27;[0m Waiting up to 0 ms for condition
&amp#27;[38;5;150m[a0a2e2b5]&amp#27;[0m&amp#27;[38;5;-115m[AndroidUiautomator2Driver@a38b]&amp#27;[0m Matched '/element' to command name 'findElement'
&amp#27;[38;5;150m[a0a2e2b5]&amp#27;[0m&amp#27;[38;5;-115m[AndroidUiautomator2Driver@a38b]&amp#27;[0m Proxying [POST /element] to [POST http://127.0.0.1:8201/session/6a788953-bb05-4974-905e-3a6a885292ee/element] with body: {"strategy":"xpath","selector":"//android.widget.TextView[@text='Argentina']","context":"","multiple":false}
&amp#27;[38;5;150m[a0a2e2b5]&amp#27;[0m&amp#27;[38;5;-115m[AndroidUiautomator2Driver@a38b]&amp#27;[0m Got response with status 200: {"sessionId":"6a788953-bb05-4974-905e-3a6a885292ee","value":{"ELEMENT":"00000000-0000-0dc1-ffff-ffff00000029","element-6066-11e4-a52e-4f735466cecf":"00000000-0000-0dc1-ffff-ffff00000029"}}
&amp#27;[38;5;150m[a0a2e2b5]&amp#27;[0m&amp#27;[38;5;-115m[AndroidUiautomator2Driver@a38b]&amp#27;[0m Responding to client with driver.findElement() result: {"element-6066-11e4-a52e-4f735466cecf":"00000000-0000-0dc1-ffff-ffff00000029","ELEMENT":"00000000-0000-0dc1-ffff-ffff00000029"}
&amp#27;[38;5;150m[a0a2e2b5]&amp#27;[0m&amp#27;[38;5;86m[HTTP]&amp#27;[0m &amp#27;[37m<-- POST /session/a0a2e2b5-93f2-486a-b88d-89c61b7f2ccd/element &amp#27;[39m&amp#27;[32m200&amp#27;[39m &amp#27;[90m231 ms - 137&amp#27;[39m &amp#27;[90m&amp#27;[39m
&amp#27;[38;5;150m[a0a2e2b5]&amp#27;[0m&amp#27;[38;5;86m[HTTP]&amp#27;[0m &amp#27;[37m-->&amp#27;[39m &amp#27;[37mPOST&amp#27;[39m &amp#27;[37m/session/a0a2e2b5-93f2-486a-b88d-89c61b7f2ccd/element/00000000-0000-0dc1-ffff-ffff00000029/click&amp#27;[39m &amp#27;[90m{"id":"00000000-0000-0dc1-ffff-ffff00000029"}&amp#27;[39m
&amp#27;[38;5;150m[a0a2e2b5]&amp#27;[0m&amp#27;[38;5;-115m[AndroidUiautomator2Driver@a38b]&amp#27;[0m Calling AppiumDriver.click() with args: ["00000000-0000-0dc1-ffff-ffff00000029","a0a2e2b5-93f2-486a-b88d-89c61b7f2ccd"]
&amp#27;[38;5;150m[a0a2e2b5]&amp#27;[0m&amp#27;[38;5;-115m[AndroidUiautomator2Driver@a38b]&amp#27;[0m Matched '/element/00000000-0000-0dc1-ffff-ffff00000029/click' to command name 'click'
&amp#27;[38;5;150m[a0a2e2b5]&amp#27;[0m&amp#27;[38;5;-115m[AndroidUiautomator2Driver@a38b]&amp#27;[0m Proxying [POST /element/00000000-0000-0dc1-ffff-ffff00000029/click] to [POST http://127.0.0.1:8201/session/6a788953-bb05-4974-905e-3a6a885292ee/element/00000000-0000-0dc1-ffff-ffff00000029/click] with body: {"element":"00000000-0000-0dc1-ffff-ffff00000029"}
&amp#27;[38;5;150m[a0a2e2b5]&amp#27;[0m&amp#27;[38;5;-115m[AndroidUiautomator2Driver@a38b]&amp#27;[0m Got response with status 200: {"sessionId":"6a788953-bb05-4974-905e-3a6a885292ee","value":null}
&amp#27;[38;5;150m[a0a2e2b5]&amp#27;[0m&amp#27;[38;5;-115m[AndroidUiautomator2Driver@a38b]&amp#27;[0m Responding to client with driver.click() result: null
&amp#27;[38;5;150m[a0a2e2b5]&amp#27;[0m&amp#27;[38;5;86m[HTTP]&amp#27;[0m &amp#27;[37m<-- POST /session/a0a2e2b5-93f2-486a-b88d-89c61b7f2ccd/element/00000000-0000-0dc1-ffff-ffff00000029/click &amp#27;[39m&amp#27;[32m200&amp#27;[39m &amp#27;[90m652 ms - 14&amp#27;[39m &amp#27;[90m&amp#27;[39m
&amp#27;[38;5;150m[a0a2e2b5]&amp#27;[0m&amp#27;[38;5;86m[HTTP]&amp#27;[0m &amp#27;[37m-->&amp#27;[39m &amp#27;[37mPOST&amp#27;[39m &amp#27;[37m/session/a0a2e2b5-93f2-486a-b88d-89c61b7f2ccd/element&amp#27;[39m &amp#27;[90m{"using":"id","value":"com.androidsample.generalstore:id/btnLetsShop"}&amp#27;[39m
&amp#27;[38;5;150m[a0a2e2b5]&amp#27;[0m&amp#27;[38;5;-115m[AndroidUiautomator2Driver@a38b]&amp#27;[0m Calling AppiumDriver.findElement() with args: ["id","com.androidsample.generalstore:id/btnLetsShop","a0a2e2b5-93f2-486a-b88d-89c61b7f2ccd"]
&amp#27;[38;5;150m[a0a2e2b5]&amp#27;[0m&amp#27;[38;5;-115m[AndroidUiautomator2Driver@a38b]&amp#27;[0m Valid locator strategies for this request: xpath, id, class name, accessibility id, css selector, -android uiautomator
&amp#27;[38;5;150m[a0a2e2b5]&amp#27;[0m&amp#27;[38;5;-115m[AndroidUiautomator2Driver@a38b]&amp#27;[0m Waiting up to 0 ms for condition
&amp#27;[38;5;150m[a0a2e2b5]&amp#27;[0m&amp#27;[38;5;-115m[AndroidUiautomator2Driver@a38b]&amp#27;[0m Matched '/element' to command name 'findElement'
&amp#27;[38;5;150m[a0a2e2b5]&amp#27;[0m&amp#27;[38;5;-115m[AndroidUiautomator2Driver@a38b]&amp#27;[0m Proxying [POST /element] to [POST http://127.0.0.1:8201/session/6a788953-bb05-4974-905e-3a6a885292ee/element] with body: {"strategy":"id","selector":"com.androidsample.generalstore:id/btnLetsShop","context":"","multiple":false}
&amp#27;[38;5;150m[a0a2e2b5]&amp#27;[0m&amp#27;[38;5;-115m[AndroidUiautomator2Driver@a38b]&amp#27;[0m Got response with status 200: {"sessionId":"6a788953-bb05-4974-905e-3a6a885292ee","value":{"ELEMENT":"00000000-0000-0dc0-ffff-ffff00000021","element-6066-11e4-a52e-4f735466cecf":"00000000-0000-0dc0-ffff-ffff00000021"}}
&amp#27;[38;5;150m[a0a2e2b5]&amp#27;[0m&amp#27;[38;5;-115m[AndroidUiautomator2Driver@a38b]&amp#27;[0m Responding to client with driver.findElement() result: {"element-6066-11e4-a52e-4f735466cecf":"00000000-0000-0dc0-ffff-ffff00000021","ELEMENT":"00000000-0000-0dc0-ffff-ffff00000021"}
&amp#27;[38;5;150m[a0a2e2b5]&amp#27;[0m&amp#27;[38;5;86m[HTTP]&amp#27;[0m &amp#27;[37m<-- POST /session/a0a2e2b5-93f2-486a-b88d-89c61b7f2ccd/element &amp#27;[39m&amp#27;[32m200&amp#27;[39m &amp#27;[90m67 ms - 137&amp#27;[39m &amp#27;[90m&amp#27;[39m
&amp#27;[38;5;150m[a0a2e2b5]&amp#27;[0m&amp#27;[38;5;86m[HTTP]&amp#27;[0m &amp#27;[37m-->&amp#27;[39m &amp#27;[37mPOST&amp#27;[39m &amp#27;[37m/session/a0a2e2b5-93f2-486a-b88d-89c61b7f2ccd/element/00000000-0000-0dc0-ffff-ffff00000021/click&amp#27;[39m &amp#27;[90m{"id":"00000000-0000-0dc0-ffff-ffff00000021"}&amp#27;[39m
&amp#27;[38;5;150m[a0a2e2b5]&amp#27;[0m&amp#27;[38;5;-115m[AndroidUiautomator2Driver@a38b]&amp#27;[0m Calling AppiumDriver.click() with args: ["00000000-0000-0dc0-ffff-ffff00000021","a0a2e2b5-93f2-486a-b88d-89c61b7f2ccd"]
&amp#27;[38;5;150m[a0a2e2b5]&amp#27;[0m&amp#27;[38;5;-115m[AndroidUiautomator2Driver@a38b]&amp#27;[0m Matched '/element/00000000-0000-0dc0-ffff-ffff00000021/click' to command name 'click'
&amp#27;[38;5;150m[a0a2e2b5]&amp#27;[0m&amp#27;[38;5;-115m[AndroidUiautomator2Driver@a38b]&amp#27;[0m Proxying [POST /element/00000000-0000-0dc0-ffff-ffff00000021/click] to [POST http://127.0.0.1:8201/session/6a788953-bb05-4974-905e-3a6a885292ee/element/00000000-0000-0dc0-ffff-ffff00000021/click] with body: {"element":"00000000-0000-0dc0-ffff-ffff00000021"}
&amp#27;[38;5;150m[a0a2e2b5]&amp#27;[0m&amp#27;[38;5;-115m[AndroidUiautomator2Driver@a38b]&amp#27;[0m Got response with status 200: {"sessionId":"6a788953-bb05-4974-905e-3a6a885292ee","value":null}
&amp#27;[38;5;150m[a0a2e2b5]&amp#27;[0m&amp#27;[38;5;-115m[AndroidUiautomator2Driver@a38b]&amp#27;[0m Responding to client with driver.click() result: null
&amp#27;[38;5;150m[a0a2e2b5]&amp#27;[0m&amp#27;[38;5;86m[HTTP]&amp#27;[0m &amp#27;[37m<-- POST /session/a0a2e2b5-93f2-486a-b88d-89c61b7f2ccd/element/00000000-0000-0dc0-ffff-ffff00000021/click &amp#27;[39m&amp#27;[32m200&amp#27;[39m &amp#27;[90m93 ms - 14&amp#27;[39m &amp#27;[90m&amp#27;[39m
&amp#27;[38;5;99m[ef8ca653]&amp#27;[0m&amp#27;[38;5;11m[AndroidUiautomator2Driver@527f]&amp#27;[0m Got response with status 200: {"sessionId":"80545848-da6f-420e-bfc8-d78f0a91b325","value":{"ELEMENT":"00000000-0000-03de-ffff-ffff00000032","element-6066-11e4-a52e-4f735466cecf":"00000000-0000-03de-ffff-ffff00000032"}}
&amp#27;[38;5;99m[ef8ca653]&amp#27;[0m&amp#27;[38;5;11m[AndroidUiautomator2Driver@527f]&amp#27;[0m Responding to client with driver.findElement() result: {"element-6066-11e4-a52e-4f735466cecf":"00000000-0000-03de-ffff-ffff00000032","ELEMENT":"00000000-0000-03de-ffff-ffff00000032"}
&amp#27;[38;5;99m[ef8ca653]&amp#27;[0m&amp#27;[38;5;86m[HTTP]&amp#27;[0m &amp#27;[37m<-- POST /session/ef8ca653-57d8-4774-9c31-15976d70f6dc/element &amp#27;[39m&amp#27;[32m200&amp#27;[39m &amp#27;[90m3930 ms - 137&amp#27;[39m &amp#27;[90m&amp#27;[39m
&amp#27;[38;5;99m[ef8ca653]&amp#27;[0m&amp#27;[38;5;86m[HTTP]&amp#27;[0m &amp#27;[37m-->&amp#27;[39m &amp#27;[37mPOST&amp#27;[39m &amp#27;[37m/session/ef8ca653-57d8-4774-9c31-15976d70f6dc/element&amp#27;[39m &amp#27;[90m{"using":"xpath","value":"//android.widget.TextView[@text='Argentina']"}&amp#27;[39m
&amp#27;[38;5;99m[ef8ca653]&amp#27;[0m&amp#27;[38;5;11m[AndroidUiautomator2Driver@527f]&amp#27;[0m Calling AppiumDriver.findElement() with args: ["xpath","//android.widget.TextView[@text='Argentina']","ef8ca653-57d8-4774-9c31-15976d70f6dc"]
&amp#27;[38;5;99m[ef8ca653]&amp#27;[0m&amp#27;[38;5;11m[AndroidUiautomator2Driver@527f]&amp#27;[0m Valid locator strategies for this request: xpath, id, class name, accessibility id, css selector, -android uiautomator
&amp#27;[38;5;99m[ef8ca653]&amp#27;[0m&amp#27;[38;5;11m[AndroidUiautomator2Driver@527f]&amp#27;[0m Waiting up to 0 ms for condition
&amp#27;[38;5;99m[ef8ca653]&amp#27;[0m&amp#27;[38;5;11m[AndroidUiautomator2Driver@527f]&amp#27;[0m Matched '/element' to command name 'findElement'
&amp#27;[38;5;99m[ef8ca653]&amp#27;[0m&amp#27;[38;5;11m[AndroidUiautomator2Driver@527f]&amp#27;[0m Proxying [POST /element] to [POST http://127.0.0.1:8200/session/80545848-da6f-420e-bfc8-d78f0a91b325/element] with body: {"strategy":"xpath","selector":"//android.widget.TextView[@text='Argentina']","context":"","multiple":false}
&amp#27;[38;5;99m[ef8ca653]&amp#27;[0m&amp#27;[38;5;11m[AndroidUiautomator2Driver@527f]&amp#27;[0m Got response with status 200: {"sessionId":"80545848-da6f-420e-bfc8-d78f0a91b325","value":{"ELEMENT":"00000000-0000-03de-ffff-ffff00000032","element-6066-11e4-a52e-4f735466cecf":"00000000-0000-03de-ffff-ffff00000032"}}
&amp#27;[38;5;99m[ef8ca653]&amp#27;[0m&amp#27;[38;5;11m[AndroidUiautomator2Driver@527f]&amp#27;[0m Responding to client with driver.findElement() result: {"element-6066-11e4-a52e-4f735466cecf":"00000000-0000-03de-ffff-ffff00000032","ELEMENT":"00000000-0000-03de-ffff-ffff00000032"}
&amp#27;[38;5;99m[ef8ca653]&amp#27;[0m&amp#27;[38;5;86m[HTTP]&amp#27;[0m &amp#27;[37m<-- POST /session/ef8ca653-57d8-4774-9c31-15976d70f6dc/element &amp#27;[39m&amp#27;[32m200&amp#27;[39m &amp#27;[90m456 ms - 137&amp#27;[39m &amp#27;[90m&amp#27;[39m
&amp#27;[38;5;99m[ef8ca653]&amp#27;[0m&amp#27;[38;5;86m[HTTP]&amp#27;[0m &amp#27;[37m-->&amp#27;[39m &amp#27;[37mPOST&amp#27;[39m &amp#27;[37m/session/ef8ca653-57d8-4774-9c31-15976d70f6dc/element/00000000-0000-03de-ffff-ffff00000032/click&amp#27;[39m &amp#27;[90m{"id":"00000000-0000-03de-ffff-ffff00000032"}&amp#27;[39m
&amp#27;[38;5;99m[ef8ca653]&amp#27;[0m&amp#27;[38;5;11m[AndroidUiautomator2Driver@527f]&amp#27;[0m Calling AppiumDriver.click() with args: ["00000000-0000-03de-ffff-ffff00000032","ef8ca653-57d8-4774-9c31-15976d70f6dc"]
&amp#27;[38;5;99m[ef8ca653]&amp#27;[0m&amp#27;[38;5;11m[AndroidUiautomator2Driver@527f]&amp#27;[0m Matched '/element/00000000-0000-03de-ffff-ffff00000032/click' to command name 'click'
&amp#27;[38;5;99m[ef8ca653]&amp#27;[0m&amp#27;[38;5;11m[AndroidUiautomator2Driver@527f]&amp#27;[0m Proxying [POST /element/00000000-0000-03de-ffff-ffff00000032/click] to [POST http://127.0.0.1:8200/session/80545848-da6f-420e-bfc8-d78f0a91b325/element/00000000-0000-03de-ffff-ffff00000032/click] with body: {"element":"00000000-0000-03de-ffff-ffff00000032"}
&amp#27;[38;5;99m[ef8ca653]&amp#27;[0m&amp#27;[38;5;11m[AndroidUiautomator2Driver@527f]&amp#27;[0m Got response with status 200: {"sessionId":"80545848-da6f-420e-bfc8-d78f0a91b325","value":null}
&amp#27;[38;5;99m[ef8ca653]&amp#27;[0m&amp#27;[38;5;11m[AndroidUiautomator2Driver@527f]&amp#27;[0m Responding to client with driver.click() result: null
&amp#27;[38;5;99m[ef8ca653]&amp#27;[0m&amp#27;[38;5;86m[HTTP]&amp#27;[0m &amp#27;[37m<-- POST /session/ef8ca653-57d8-4774-9c31-15976d70f6dc/element/00000000-0000-03de-ffff-ffff00000032/click &amp#27;[39m&amp#27;[32m200&amp#27;[39m &amp#27;[90m1070 ms - 14&amp#27;[39m &amp#27;[90m&amp#27;[39m
&amp#27;[38;5;99m[ef8ca653]&amp#27;[0m&amp#27;[38;5;86m[HTTP]&amp#27;[0m &amp#27;[37m-->&amp#27;[39m &amp#27;[37mPOST&amp#27;[39m &amp#27;[37m/session/ef8ca653-57d8-4774-9c31-15976d70f6dc/element&amp#27;[39m &amp#27;[90m{"using":"id","value":"com.androidsample.generalstore:id/btnLetsShop"}&amp#27;[39m
&amp#27;[38;5;99m[ef8ca653]&amp#27;[0m&amp#27;[38;5;11m[AndroidUiautomator2Driver@527f]&amp#27;[0m Calling AppiumDriver.findElement() with args: ["id","com.androidsample.generalstore:id/btnLetsShop","ef8ca653-57d8-4774-9c31-15976d70f6dc"]
&amp#27;[38;5;99m[ef8ca653]&amp#27;[0m&amp#27;[38;5;11m[AndroidUiautomator2Driver@527f]&amp#27;[0m Valid locator strategies for this request: xpath, id, class name, accessibility id, css selector, -android uiautomator
&amp#27;[38;5;99m[ef8ca653]&amp#27;[0m&amp#27;[38;5;11m[AndroidUiautomator2Driver@527f]&amp#27;[0m Waiting up to 0 ms for condition
&amp#27;[38;5;99m[ef8ca653]&amp#27;[0m&amp#27;[38;5;11m[AndroidUiautomator2Driver@527f]&amp#27;[0m Matched '/element' to command name 'findElement'
&amp#27;[38;5;99m[ef8ca653]&amp#27;[0m&amp#27;[38;5;11m[AndroidUiautomator2Driver@527f]&amp#27;[0m Proxying [POST /element] to [POST http://127.0.0.1:8200/session/80545848-da6f-420e-bfc8-d78f0a91b325/element] with body: {"strategy":"id","selector":"com.androidsample.generalstore:id/btnLetsShop","context":"","multiple":false}
&amp#27;[38;5;99m[ef8ca653]&amp#27;[0m&amp#27;[38;5;11m[AndroidUiautomator2Driver@527f]&amp#27;[0m Got response with status 200: {"sessionId":"80545848-da6f-420e-bfc8-d78f0a91b325","value":{"ELEMENT":"00000000-0000-03dd-ffff-ffff00000021","element-6066-11e4-a52e-4f735466cecf":"00000000-0000-03dd-ffff-ffff00000021"}}
&amp#27;[38;5;99m[ef8ca653]&amp#27;[0m&amp#27;[38;5;11m[AndroidUiautomator2Driver@527f]&amp#27;[0m Responding to client with driver.findElement() result: {"element-6066-11e4-a52e-4f735466cecf":"00000000-0000-03dd-ffff-ffff00000021","ELEMENT":"00000000-0000-03dd-ffff-ffff00000021"}
&amp#27;[38;5;99m[ef8ca653]&amp#27;[0m&amp#27;[38;5;86m[HTTP]&amp#27;[0m &amp#27;[37m<-- POST /session/ef8ca653-57d8-4774-9c31-15976d70f6dc/element &amp#27;[39m&amp#27;[32m200&amp#27;[39m &amp#27;[90m35 ms - 137&amp#27;[39m &amp#27;[90m&amp#27;[39m
&amp#27;[38;5;99m[ef8ca653]&amp#27;[0m&amp#27;[38;5;86m[HTTP]&amp#27;[0m &amp#27;[37m-->&amp#27;[39m &amp#27;[37mPOST&amp#27;[39m &amp#27;[37m/session/ef8ca653-57d8-4774-9c31-15976d70f6dc/element/00000000-0000-03dd-ffff-ffff00000021/click&amp#27;[39m &amp#27;[90m{"id":"00000000-0000-03dd-ffff-ffff00000021"}&amp#27;[39m
&amp#27;[38;5;99m[ef8ca653]&amp#27;[0m&amp#27;[38;5;11m[AndroidUiautomator2Driver@527f]&amp#27;[0m Calling AppiumDriver.click() with args: ["00000000-0000-03dd-ffff-ffff00000021","ef8ca653-57d8-4774-9c31-15976d70f6dc"]
&amp#27;[38;5;99m[ef8ca653]&amp#27;[0m&amp#27;[38;5;11m[AndroidUiautomator2Driver@527f]&amp#27;[0m Matched '/element/00000000-0000-03dd-ffff-ffff00000021/click' to command name 'click'
&amp#27;[38;5;99m[ef8ca653]&amp#27;[0m&amp#27;[38;5;11m[AndroidUiautomator2Driver@527f]&amp#27;[0m Proxying [POST /element/00000000-0000-03dd-ffff-ffff00000021/click] to [POST http://127.0.0.1:8200/session/80545848-da6f-420e-bfc8-d78f0a91b325/element/00000000-0000-03dd-ffff-ffff00000021/click] with body: {"element":"00000000-0000-03dd-ffff-ffff00000021"}
&amp#27;[38;5;99m[ef8ca653]&amp#27;[0m&amp#27;[38;5;11m[AndroidUiautomator2Driver@527f]&amp#27;[0m Got response with status 200: {"sessionId":"80545848-da6f-420e-bfc8-d78f0a91b325","value":null}
&amp#27;[38;5;99m[ef8ca653]&amp#27;[0m&amp#27;[38;5;11m[AndroidUiautomator2Driver@527f]&amp#27;[0m Responding to client with driver.click() result: null
&amp#27;[38;5;99m[ef8ca653]&amp#27;[0m&amp#27;[38;5;86m[HTTP]&amp#27;[0m &amp#27;[37m<-- POST /session/ef8ca653-57d8-4774-9c31-15976d70f6dc/element/00000000-0000-03dd-ffff-ffff00000021/click &amp#27;[39m&amp#27;[32m200&amp#27;[39m &amp#27;[90m65 ms - 14&amp#27;[39m &amp#27;[90m&amp#27;[39m
&amp#27;[38;5;150m[a0a2e2b5]&amp#27;[0m&amp#27;[38;5;86m[HTTP]&amp#27;[0m &amp#27;[37m-->&amp#27;[39m &amp#27;[37mGET&amp#27;[39m &amp#27;[37m/session/a0a2e2b5-93f2-486a-b88d-89c61b7f2ccd/screenshot&amp#27;[39m &amp#27;[90m{}&amp#27;[39m
&amp#27;[38;5;150m[a0a2e2b5]&amp#27;[0m&amp#27;[38;5;-115m[AndroidUiautomator2Driver@a38b]&amp#27;[0m Calling AppiumDriver.getScreenshot() with args: ["a0a2e2b5-93f2-486a-b88d-89c61b7f2ccd"]
&amp#27;[38;5;150m[a0a2e2b5]&amp#27;[0m&amp#27;[38;5;-115m[AndroidUiautomator2Driver@a38b]&amp#27;[0m Matched '/screenshot' to command name 'getScreenshot'
&amp#27;[38;5;150m[a0a2e2b5]&amp#27;[0m&amp#27;[38;5;-115m[AndroidUiautomator2Driver@a38b]&amp#27;[0m Proxying [GET /screenshot] to [GET http://127.0.0.1:8201/session/6a788953-bb05-4974-905e-3a6a885292ee/screenshot] with no body
&amp#27;[38;5;150m[a0a2e2b5]&amp#27;[0m&amp#27;[38;5;-115m[AndroidUiautomator2Driver@a38b]&amp#27;[0m Got response with status 200: {"sessionId":"6a788953-bb05-4974-905e-3a6a885292ee","value":"iVBORw0KGgoAAAANSUhEUgAABDgAAAlgCAYAAABtGofVAAAAAXNSR0IArs4c6QAAAARzQklUCAgICHwIZIgAACAASURBVHic7N13fFXl/Qfwz3POuTN7EhKQDQFkyhIQEfdAsVrr3rZW7a9a2zpqt927jrpbbZ2tC7dCQYaAMmXvEcgge93k3jOe3x8kaZJ7bnJv1s1NPu++fq+fnvGc7w0gOZ88z/cRKTuulyAiIiIiIiIiimFKtAsgIiIiIiIiIuosBhxEREREREREFPMYcBARERERERFRzGPAQUREREREREQxjwEHEREREREREcU8BhxEREREREREFPMYcBARERERERFRzGPAQUREREREREQxjwEHEREREREREcU8BhxEREREREREFPMYcBARERERERFRzGPAQUREREREREQxjwEHEREREREREcU8BhxEREREREREFPMYcBARERERERFRzGPAQUREREREREQxjwEHEREREREREcU8BhxEREREREREFPMYcBARERERERFRzGPAQUREREREREQxjwEHEREREREREcU8BhxEREREREREFPMYcBARERERERFRzGPAQUREREREREQxjwEHEREREREREcU8BhxEREREREREFPMYcBARERERERFRzGPAQUREREREREQxjwEHEREREREREcU8LdoFEBEREREREfUmAgLpWgJmeUZjnGsQsh2pGKilIEtLhkdx9UgNdZYfBUY5Co0K5Otl2OE/irV1e1BiVENC9kgNsYYBBxEREREREfVrAgJxigtDnZk4J34STvOOxTjXIGgiiq/MajxyHGktDhnSwHZ/HlbW7sTHNVtwSC+Gz/Iz8GggUnZcz68EERERERER9TsCAgmKG6Nd2bgw4RRckjgDSYo32mWFpdyswZtV6/BxzRbs9h9DtVXf74MOBhxERERERETU7ygQOMmRjq8kzcKF...
&amp#27;[38;5;150m[a0a2e2b5]&amp#27;[0m&amp#27;[38;5;-115m[AndroidUiautomator2Driver@a38b]&amp#27;[0m Responding to client with driver.getScreenshot() result: "iVBORw0KGgoAAAANSUhEUgAABDgAAAlgCAYAAABtGofVAAAAAXNSR0IArs4c6QAAAARzQklUCAgICHwIZIgAACAASURBVHic7N13fFXl/Qfwz3POuTN7EhKQDQFkyhIQEfdAsVrr3rZW7a9a2zpqt927jrpbbZ2tC7dCQYaAMmXvEcgge93k3jOe3x8kaZJ7bnJv1s1NPu++fq+fnvGc7w0gOZ88z/cRKTuulyAiIiIiIiIiimFKtAsgIiIiIiIiIuosBhxEREREREREFPMYcBARERERERFRzGPAQUREREREREQxjwEHEREREREREcU8BhxEREREREREFPMYcBARERERERFRzGPAQUREREREREQxjwEHEREREREREcU8BhxEREREREREFPMYcBARERERERFRzGPAQUREREREREQxjwEHEREREREREcU8BhxEREREREREFPMYcBARERERERFRzGPAQUREREREREQxjwEHEREREREREcU8BhxEREREREREFPMYcBARERERERFRzGPAQUREREREREQxjwEHEREREREREcU8BhxEREREREREFPMYcBARERERERFRzGPAQUREREREREQxjwEHEREREREREcU8BhxEREREREREFPMYcBARERERERFRzGPAQUREREREREQxjwEHEREREREREcU8LdoFEBEREREREfUmAgLpWgJmeUZjnGsQsh2pGKilIEtLhkdx9UgNdZYfBUY5Co0K5Otl2OE/irV1e1BiVENC9kgNsYYBBxEREREREfVrAgJxigtDnZk4J34STvOOxTjXIGgiiq/MajxyHGktDhnSwHZ/HlbW7sTHNVtwSC+Gz/Iz8GggUnZcz68EERERERER9TsCAgmKG6Nd2bgw4RRckjgDSYo32mWFpdyswZtV6/BxzRbs9h9DtVXf74MOBhxERERERETU7ygQOMmRjq8kzcKF8afgJGc6lBhrU2nBwpFACd6r2YD/VK5Bnl7ar0MOBhxERERERETU74x3DcZd...
&amp#27;[38;5;150m[a0a2e2b5]&amp#27;[0m&amp#27;[38;5;86m[HTTP]&amp#27;[0m &amp#27;[37m<-- GET /session/a0a2e2b5-93f2-486a-b88d-89c61b7f2ccd/screenshot &amp#27;[39m&amp#27;[32m200&amp#27;[39m &amp#27;[90m445 ms - 381084&amp#27;[39m &amp#27;[90m&amp#27;[39m
]]></system-out>
  </testcase>
  <testcase name="SecondCase" classname="org.testCase.TestCase2" time="16.729">
    <system-out><![CDATA[&amp#27;[38;5;150m[a0a2e2b5]&amp#27;[0m&amp#27;[38;5;86m[HTTP]&amp#27;[0m &amp#27;[37m-->&amp#27;[39m &amp#27;[37mPOST&amp#27;[39m &amp#27;[37m/session/a0a2e2b5-93f2-486a-b88d-89c61b7f2ccd/execute/sync&amp#27;[39m &amp#27;[90m{"script":"mobile: isAppInstalled","args":[{"bundleId":"com.androidsample.generalstore","appId":"com.androidsample.generalstore"}]}&amp#27;[39m
&amp#27;[38;5;150m[a0a2e2b5]&amp#27;[0m&amp#27;[38;5;-115m[AndroidUiautomator2Driver@a38b]&amp#27;[0m Calling AppiumDriver.execute() with args: ["mobile: isAppInstalled",[{"bundleId":"com.androidsample.generalstore","appId":"com.androidsample.generalstore"}],"a0a2e2b5-93f2-486a-b88d-89c61b7f2ccd"]
&amp#27;[38;5;150m[a0a2e2b5]&amp#27;[0m&amp#27;[38;5;123m[BaseDriver]&amp#27;[0m The following script arguments are not known and will be ignored: bundleId
&amp#27;[38;5;150m[a0a2e2b5]&amp#27;[0m&amp#27;[38;5;229m[ADB]&amp#27;[0m Getting install status for com.androidsample.generalstore
&amp#27;[38;5;150m[a0a2e2b5]&amp#27;[0m&amp#27;[38;5;229m[ADB]&amp#27;[0m Running 'C:\Users\sajus\AppData\Local\Android\Sdk\platform-tools\adb.exe -P 5037 -s R3CRC00KHBT shell cmd package list packages'
&amp#27;[38;5;150m[a0a2e2b5]&amp#27;[0m&amp#27;[38;5;229m[ADB]&amp#27;[0m 'com.androidsample.generalstore' is installed
&amp#27;[38;5;150m[a0a2e2b5]&amp#27;[0m&amp#27;[38;5;-115m[AndroidUiautomator2Driver@a38b]&amp#27;[0m Responding to client with driver.execute() result: true
&amp#27;[38;5;150m[a0a2e2b5]&amp#27;[0m&amp#27;[38;5;86m[HTTP]&amp#27;[0m &amp#27;[37m<-- POST /session/a0a2e2b5-93f2-486a-b88d-89c61b7f2ccd/execute/sync &amp#27;[39m&amp#27;[32m200&amp#27;[39m &amp#27;[90m119 ms - 14&amp#27;[39m &amp#27;[90m&amp#27;[39m
&amp#27;[38;5;150m[a0a2e2b5]&amp#27;[0m&amp#27;[38;5;86m[HTTP]&amp#27;[0m &amp#27;[37m-->&amp#27;[39m &amp#27;[37mPOST&amp#27;[39m &amp#27;[37m/session/a0a2e2b5-93f2-486a-b88d-89c61b7f2ccd/execute/sync&amp#27;[39m &amp#27;[90m{"script":"mobile: terminateApp","args":[{"bundleId":"com.androidsample.generalstore","appId":"com.androidsample.generalstore"}]}&amp#27;[39m
&amp#27;[38;5;150m[a0a2e2b5]&amp#27;[0m&amp#27;[38;5;-115m[AndroidUiautomator2Driver@a38b]&amp#27;[0m Calling AppiumDriver.execute() with args: ["mobile: terminateApp",[{"bundleId":"com.androidsample.generalstore","appId":"com.androidsample.generalstore"}],"a0a2e2b5-93f2-486a-b88d-89c61b7f2ccd"]
&amp#27;[38;5;150m[a0a2e2b5]&amp#27;[0m&amp#27;[38;5;123m[BaseDriver]&amp#27;[0m The following script arguments are not known and will be ignored: bundleId
&amp#27;[38;5;150m[a0a2e2b5]&amp#27;[0m&amp#27;[38;5;-115m[AndroidUiautomator2Driver@a38b]&amp#27;[0m Terminating 'com.androidsample.generalstore'
&amp#27;[38;5;150m[a0a2e2b5]&amp#27;[0m&amp#27;[38;5;229m[ADB]&amp#27;[0m Getting IDs of all 'com.androidsample.generalstore' processes
&amp#27;[38;5;150m[a0a2e2b5]&amp#27;[0m&amp#27;[38;5;229m[ADB]&amp#27;[0m Running 'C:\Users\sajus\AppData\Local\Android\Sdk\platform-tools\adb.exe -P 5037 -s R3CRC00KHBT shell pgrep -f \(\[\[:blank:\]\]\|\^\)com\.androidsample\.generalstore\(:\[a-zA-Z0-9_-\]\+\)\?\(\[\[:blank:\]\]\|\$\)'
&amp#27;[38;5;150m[a0a2e2b5]&amp#27;[0m&amp#27;[38;5;229m[ADB]&amp#27;[0m Running 'C:\Users\sajus\AppData\Local\Android\Sdk\platform-tools\adb.exe -P 5037 -s R3CRC00KHBT shell am force-stop com.androidsample.generalstore'
&amp#27;[38;5;150m[a0a2e2b5]&amp#27;[0m&amp#27;[38;5;-115m[AndroidUiautomator2Driver@a38b]&amp#27;[0m Querying the state of 'com.androidsample.generalstore'
&amp#27;[38;5;150m[a0a2e2b5]&amp#27;[0m&amp#27;[38;5;229m[ADB]&amp#27;[0m Getting install status for com.androidsample.generalstore
&amp#27;[38;5;150m[a0a2e2b5]&amp#27;[0m&amp#27;[38;5;229m[ADB]&amp#27;[0m Running 'C:\Users\sajus\AppData\Local\Android\Sdk\platform-tools\adb.exe -P 5037 -s R3CRC00KHBT shell cmd package list packages'
&amp#27;[38;5;150m[a0a2e2b5]&amp#27;[0m&amp#27;[38;5;229m[ADB]&amp#27;[0m 'com.androidsample.generalstore' is installed
&amp#27;[38;5;150m[a0a2e2b5]&amp#27;[0m&amp#27;[38;5;229m[ADB]&amp#27;[0m Getting IDs of all 'com.androidsample.generalstore' processes
&amp#27;[38;5;150m[a0a2e2b5]&amp#27;[0m&amp#27;[38;5;229m[ADB]&amp#27;[0m Running 'C:\Users\sajus\AppData\Local\Android\Sdk\platform-tools\adb.exe -P 5037 -s R3CRC00KHBT shell pgrep -f \(\[\[:blank:\]\]\|\^\)com\.androidsample\.generalstore\(:\[a-zA-Z0-9_-\]\+\)\?\(\[\[:blank:\]\]\|\$\)'
&amp#27;[38;5;150m[a0a2e2b5]&amp#27;[0m&amp#27;[38;5;-115m[AndroidUiautomator2Driver@a38b]&amp#27;[0m 'com.androidsample.generalstore' has been successfully terminated
&amp#27;[38;5;150m[a0a2e2b5]&amp#27;[0m&amp#27;[38;5;-115m[AndroidUiautomator2Driver@a38b]&amp#27;[0m Responding to client with driver.execute() result: true
&amp#27;[38;5;150m[a0a2e2b5]&amp#27;[0m&amp#27;[38;5;86m[HTTP]&amp#27;[0m &amp#27;[37m<-- POST /session/a0a2e2b5-93f2-486a-b88d-89c61b7f2ccd/execute/sync &amp#27;[39m&amp#27;[32m200&amp#27;[39m &amp#27;[90m565 ms - 14&amp#27;[39m &amp#27;[90m&amp#27;[39m
🛑 App terminated: com.androidsample.generalstore
&amp#27;[38;5;150m[a0a2e2b5]&amp#27;[0m&amp#27;[38;5;86m[HTTP]&amp#27;[0m &amp#27;[37m-->&amp#27;[39m &amp#27;[37mDELETE&amp#27;[39m &amp#27;[37m/session/a0a2e2b5-93f2-486a-b88d-89c61b7f2ccd&amp#27;[39m &amp#27;[90m{}&amp#27;[39m
&amp#27;[38;5;150m[a0a2e2b5]&amp#27;[0m&amp#27;[38;5;-115m[AndroidUiautomator2Driver@a38b]&amp#27;[0m Calling AppiumDriver.deleteSession() with args: ["a0a2e2b5-93f2-486a-b88d-89c61b7f2ccd"]
&amp#27;[38;5;150m[a0a2e2b5]&amp#27;[0m&amp#27;[38;5;123m[AppiumDriver@3017]&amp#27;[0m Event 'quitSessionRequested' logged at 1750196833364 (17:47:13 GMT-0400 (Eastern Daylight Saving Time))
&amp#27;[38;5;150m[a0a2e2b5]&amp#27;[0m&amp#27;[38;5;123m[AppiumDriver@3017]&amp#27;[0m Removing session a0a2e2b5-93f2-486a-b88d-89c61b7f2ccd from our master session list
&amp#27;[38;5;150m[a0a2e2b5]&amp#27;[0m&amp#27;[38;5;-115m[AndroidUiautomator2Driver@a38b]&amp#27;[0m Deleting UiAutomator2 session
&amp#27;[38;5;150m[a0a2e2b5]&amp#27;[0m&amp#27;[38;5;-115m[AndroidUiautomator2Driver@a38b]&amp#27;[0m Deleting UiAutomator2 server session
&amp#27;[38;5;150m[a0a2e2b5]&amp#27;[0m&amp#27;[38;5;-115m[AndroidUiautomator2Driver@a38b]&amp#27;[0m Proxying [DELETE /] to [DELETE http://127.0.0.1:8201/session/6a788953-bb05-4974-905e-3a6a885292ee] with no body
&amp#27;[38;5;150m[a0a2e2b5]&amp#27;[0m&amp#27;[38;5;-115m[AndroidUiautomator2Driver@a38b]&amp#27;[0m Got response with status 200: {"sessionId":"6a788953-bb05-4974-905e-3a6a885292ee","value":null}
&amp#27;[38;5;150m[a0a2e2b5]&amp#27;[0m&amp#27;[38;5;229m[ADB]&amp#27;[0m Getting IDs of all 'io.appium.uiautomator2.server' processes
&amp#27;[38;5;150m[a0a2e2b5]&amp#27;[0m&amp#27;[38;5;229m[ADB]&amp#27;[0m Running 'C:\Users\sajus\AppData\Local\Android\Sdk\platform-tools\adb.exe -P 5037 -s R3CRC00KHBT shell pgrep -f \(\[\[:blank:\]\]\|\^\)io\.appium\.uiautomator2\.server\(:\[a-zA-Z0-9_-\]\+\)\?\(\[\[:blank:\]\]\|\$\)'
&amp#27;[38;5;150m[a0a2e2b5]&amp#27;[0m&amp#27;[38;5;-115m[AndroidUiautomator2Driver@a38b]&amp#27;[0m [Instrumentation] io.appium.uiautomator2.server.test.AppiumUiAutomator2Server:.
&amp#27;[38;5;150m[a0a2e2b5]&amp#27;[0m&amp#27;[38;5;-115m[AndroidUiautomator2Driver@a38b]&amp#27;[0m [Instrumentation] 
&amp#27;[38;5;150m[a0a2e2b5]&amp#27;[0m&amp#27;[38;5;-115m[AndroidUiautomator2Driver@a38b]&amp#27;[0m [Instrumentation] Time: 18.518
&amp#27;[38;5;150m[a0a2e2b5]&amp#27;[0m&amp#27;[38;5;-115m[AndroidUiautomator2Driver@a38b]&amp#27;[0m [Instrumentation] 
&amp#27;[38;5;150m[a0a2e2b5]&amp#27;[0m&amp#27;[38;5;-115m[AndroidUiautomator2Driver@a38b]&amp#27;[0m [Instrumentation] OK (1 test)
&amp#27;[38;5;150m[a0a2e2b5]&amp#27;[0m&amp#27;[38;5;-115m[AndroidUiautomator2Driver@a38b]&amp#27;[0m [Instrumentation] 
&amp#27;[38;5;150m[a0a2e2b5]&amp#27;[0m&amp#27;[38;5;-115m[AndroidUiautomator2Driver@a38b]&amp#27;[0m [Instrumentation] 
&amp#27;[38;5;150m[a0a2e2b5]&amp#27;[0m&amp#27;[38;5;-115m[AndroidUiautomator2Driver@a38b]&amp#27;[0m [Instrumentation] The process has exited with code 0, signal null
&amp#27;[38;5;150m[a0a2e2b5]&amp#27;[0m&amp#27;[38;5;229m[ADB]&amp#27;[0m Running 'C:\Users\sajus\AppData\Local\Android\Sdk\platform-tools\adb.exe -P 5037 -s R3CRC00KHBT shell am force-stop io.appium.uiautomator2.server'
&amp#27;[38;5;150m[a0a2e2b5]&amp#27;[0m&amp#27;[38;5;229m[ADB]&amp#27;[0m Running 'C:\Users\sajus\AppData\Local\Android\Sdk\platform-tools\adb.exe -P 5037 -s R3CRC00KHBT shell am force-stop io.appium.uiautomator2.server.test'
&amp#27;[38;5;150m[a0a2e2b5]&amp#27;[0m&amp#27;[38;5;229m[ADB]&amp#27;[0m Running 'C:\Users\sajus\AppData\Local\Android\Sdk\platform-tools\adb.exe -P 5037 -s R3CRC00KHBT shell dumpsys activity services io.appium.settings/.recorder.RecorderService'
&amp#27;[38;5;150m[a0a2e2b5]&amp#27;[0m&amp#27;[38;5;229m[ADB]&amp#27;[0m Removing forwarded port socket connection: 8201 
&amp#27;[38;5;150m[a0a2e2b5]&amp#27;[0m&amp#27;[38;5;229m[ADB]&amp#27;[0m Running 'C:\Users\sajus\AppData\Local\Android\Sdk\platform-tools\adb.exe -P 5037 -s R3CRC00KHBT forward --remove tcp:8201'
&amp#27;[38;5;150m[a0a2e2b5]&amp#27;[0m&amp#27;[38;5;-115m[AndroidUiautomator2Driver@a38b]&amp#27;[0m Restoring hidden api policy to the device default configuration
&amp#27;[38;5;150m[a0a2e2b5]&amp#27;[0m&amp#27;[38;5;229m[ADB]&amp#27;[0m Running 'C:\Users\sajus\AppData\Local\Android\Sdk\platform-tools\adb.exe -P 5037 -s R3CRC00KHBT shell 'settings delete global hidden_api_policy_pre_p_apps;settings delete global hidden_api_policy_p_apps;settings delete global hidden_api_policy''
&amp#27;[38;5;150m[a0a2e2b5]&amp#27;[0m&amp#27;[38;5;160m[Logcat]&amp#27;[0m Stopping logcat capture
&amp#27;[38;5;150m[a0a2e2b5]&amp#27;[0m&amp#27;[38;5;123m[AppiumDriver@3017]&amp#27;[0m Event 'quitSessionFinished' logged at 1750196833942 (17:47:13 GMT-0400 (Eastern Daylight Saving Time))
&amp#27;[38;5;150m[a0a2e2b5]&amp#27;[0m&amp#27;[38;5;123m[AppiumDriver@3017]&amp#27;[0m Received response: null
&amp#27;[38;5;150m[a0a2e2b5]&amp#27;[0m&amp#27;[38;5;123m[AppiumDriver@3017]&amp#27;[0m But deleting session, so not returning
&amp#27;[38;5;150m[a0a2e2b5]&amp#27;[0m&amp#27;[38;5;123m[AppiumDriver@3017]&amp#27;[0m Responding to client with driver.deleteSession() result: null
&amp#27;[38;5;150m[a0a2e2b5]&amp#27;[0m&amp#27;[38;5;86m[HTTP]&amp#27;[0m &amp#27;[37m<-- DELETE /session/a0a2e2b5-93f2-486a-b88d-89c61b7f2ccd &amp#27;[39m&amp#27;[32m200&amp#27;[39m &amp#27;[90m579 ms - 14&amp#27;[39m &amp#27;[90m&amp#27;[39m
&amp#27;[38;5;86m[HTTP]&amp#27;[0m &amp#27;[37m-->&amp#27;[39m &amp#27;[37mGET&amp#27;[39m &amp#27;[37m/status&amp#27;[39m &amp#27;[90m{}&amp#27;[39m
&amp#27;[38;5;123m[AppiumDriver@3017]&amp#27;[0m Calling AppiumDriver.getStatus() with args: []
&amp#27;[38;5;123m[AppiumDriver@3017]&amp#27;[0m Responding to client with driver.getStatus() result: {"ready":true,"message":"The server is ready to accept new connections","build":{"version":"2.18.0"}}
&amp#27;[38;5;86m[HTTP]&amp#27;[0m &amp#27;[37m<-- GET /status &amp#27;[39m&amp#27;[32m200&amp#27;[39m &amp#27;[90m2 ms - 111&amp#27;[39m &amp#27;[90m&amp#27;[39m
Appium server stopped
✅ Test completed for device: Samsung_Galaxy_S21

📊 Test Summary:
✔  Passed:  3
✖  Failed:  0
➖ Skipped: 0
Σ  Total:   3
&amp#27;[38;5;99m[ef8ca653]&amp#27;[0m&amp#27;[38;5;86m[HTTP]&amp#27;[0m &amp#27;[37m-->&amp#27;[39m &amp#27;[37mGET&amp#27;[39m &amp#27;[37m/session/ef8ca653-57d8-4774-9c31-15976d70f6dc/screenshot&amp#27;[39m &amp#27;[90m{}&amp#27;[39m
&amp#27;[38;5;99m[ef8ca653]&amp#27;[0m&amp#27;[38;5;11m[AndroidUiautomator2Driver@527f]&amp#27;[0m Calling AppiumDriver.getScreenshot() with args: ["ef8ca653-57d8-4774-9c31-15976d70f6dc"]
&amp#27;[38;5;99m[ef8ca653]&amp#27;[0m&amp#27;[38;5;11m[AndroidUiautomator2Driver@527f]&amp#27;[0m Matched '/screenshot' to command name 'getScreenshot'
&amp#27;[38;5;99m[ef8ca653]&amp#27;[0m&amp#27;[38;5;11m[AndroidUiautomator2Driver@527f]&amp#27;[0m Proxying [GET /screenshot] to [GET http://127.0.0.1:8200/session/80545848-da6f-420e-bfc8-d78f0a91b325/screenshot] with no body
&amp#27;[38;5;99m[ef8ca653]&amp#27;[0m&amp#27;[38;5;11m[AndroidUiautomator2Driver@527f]&amp#27;[0m Got response with status 200: {"sessionId":"80545848-da6f-420e-bfc8-d78f0a91b325","value":"iVBORw0KGgoAAAANSUhEUgAABDgAAAjoCAYAAAA5jhrUAAAAAXNSR0IArs4c6QAAAARzQklUCAgICHwIZIgAACAASURBVHic7N13nF1lnT/w77n3ziQTkpk0CDVFEFBBeoeVotiQprAIK0WxYAP7z91Vwa6ra0EFFQQWZVVQmlhwaYoUWSAsKl1IQhHSC5nM3HJ+f+CMmcydybQ7956Z99tXDPfcU77PRMncz3yf50mm/eXkNAAAAAAyLFfvAgAAAACGS8ABAAAAZJ6AAwAAAMg8AQcAAACQeQIOAAAAIPMEHAAAAEDmCTgAAACAzBNwAAAAAJkn4AAAAAAyT8ABAAAAZJ6AAwAAAMg8AQcAAACQeQIOAAAAIPMEHAAAAEDmCTgAAACAzBNwAAAAAJkn4AAAAAAyT8ABAAAAZJ6AAwAAAMg8AQcAAACQeQIOAAAAIPMEHAAAAEDmCTgAAACAzBNwAAAAAJkn4AAAAAAyr1DvAqARJJFE0vV78sI/R0SkEZGmabzwn/j7f2fXeBknAAAw/gg4GLeSSKKQ5GLb5s3jsm0+EHObNu33/CeKi+PNi74Wf+38W5TSSmZCgPEyTgAAGIi2/KTYacLs2Hni7GjLTYqdJs6Otvwm3e+vLD8ff1q3MFZW1sb96xbGnzoWxsry2rrUeuCkHeOaOR8f0LlHLvhC3Lr2wRpX1NgEHIxLU3It8cnNjotTpx0S+QHO1JrbtGnc/qLPRzkqccnym+Oc534aqyvtNa50eMbLOAEAoD+zm2bG66bsHq+bskccOGnHjZ7/+il79Hh969oH45er745frr4nFhaX1KpMhimZ9peT/XiWcaOQ5OOM6a+Oszc7Pv4xQWNo0kjjnOcuj+8s+3WU0vIIVTgyxss4AQCgPwdO2jHeOf3wXoHFcFy3+u747rLrR6VbQgfH4Ag4GBeSSGJKbmLcNO/TMa95sxG9...
&amp#27;[38;5;99m[ef8ca653]&amp#27;[0m&amp#27;[38;5;11m[AndroidUiautomator2Driver@527f]&amp#27;[0m Responding to client with driver.getScreenshot() result: "iVBORw0KGgoAAAANSUhEUgAABDgAAAjoCAYAAAA5jhrUAAAAAXNSR0IArs4c6QAAAARzQklUCAgICHwIZIgAACAASURBVHic7N13nF1lnT/w77n3ziQTkpk0CDVFEFBBeoeVotiQprAIK0WxYAP7z91Vwa6ra0EFFQQWZVVQmlhwaYoUWSAsKl1IQhHSC5nM3HJ+f+CMmcydybQ7956Z99tXDPfcU77PRMncz3yf50mm/eXkNAAAAAAyLFfvAgAAAACGS8ABAAAAZJ6AAwAAAMg8AQcAAACQeQIOAAAAIPMEHAAAAEDmCTgAAACAzBNwAAAAAJkn4AAAAAAyT8ABAAAAZJ6AAwAAAMg8AQcAAACQeQIOAAAAIPMEHAAAAEDmCTgAAACAzBNwAAAAAJkn4AAAAAAyT8ABAAAAZJ6AAwAAAMg8AQcAAACQeQIOAAAAIPMEHAAAAEDmCTgAAACAzBNwAAAAAJkn4AAAAAAyr1DvAqARJJFE0vV78sI/R0SkEZGmabzwn/j7f2fXeBknAAAw/gg4GLeSSKKQ5GLb5s3jsm0+EHObNu33/CeKi+PNi74Wf+38W5TSSmZCgPEyTgAAGIi2/KTYacLs2Hni7GjLTYqdJs6Otvwm3e+vLD8ff1q3MFZW1sb96xbGnzoWxsry2rrUeuCkHeOaOR8f0LlHLvhC3Lr2wRpX1NgEHIxLU3It8cnNjotTpx0S+QHO1JrbtGnc/qLPRzkqccnym+Oc534aqyvtNa50eMbLOAEAoD+zm2bG66bsHq+bskccOGnHjZ7/+il79Hh969oH45er745frr4nFhaX1KpMhimZ9peT/XiWcaOQ5OOM6a+Oszc7Pv4xQWNo0kjjnOcuj+8s+3WU0vIIVTgyxss4AQCgPwdO2jHeOf3wXoHFcFy3+u747rLrR6VbQgfH4Ag4GBeSSGJKbmLcNO/TMa95sxG99+Odz8WhT3wqVpXb6z6dY7yMEwAA+nPgpB3jo5se02+3xqLiku5ujPv/PiWl...
&amp#27;[38;5;99m[ef8ca653]&amp#27;[0m&amp#27;[38;5;86m[HTTP]&amp#27;[0m &amp#27;[37m<-- GET /session/ef8ca653-57d8-4774-9c31-15976d70f6dc/screenshot &amp#27;[39m&amp#27;[32m200&amp#27;[39m &amp#27;[90m789 ms - 344720&amp#27;[39m &amp#27;[90m&amp#27;[39m
]]></system-out>
  </testcase>
</testsuite>