<?xml version="1.0" encoding="UTF-8"?>
<testsuite xmlns:xsi="http://www.w3.org/2001/XMLSchema-instance" xsi:noNamespaceSchemaLocation="https://maven.apache.org/surefire/maven-surefire-plugin/xsd/surefire-test-report-3.0.xsd" version="3.0" name="TestSuite" time="74.601" tests="6" errors="0" skipped="0" failures="0">
  <properties>
    <property name="sun.desktop" value="windows"/>
    <property name="awt.toolkit" value="sun.awt.windows.WToolkit"/>
    <property name="java.specification.version" value="11"/>
    <property name="sun.cpu.isalist" value="amd64"/>
    <property name="sun.jnu.encoding" value="Cp1252"/>
    <property name="java.class.path" value="C:\Users\sajus\IdeaProjects\appium_Device\target\test-classes;C:\Users\sajus\IdeaProjects\appium_Device\target\classes;C:\Users\sajus\.m2\repository\io\appium\java-client\8.5.1\java-client-8.5.1.jar;C:\Users\sajus\.m2\repository\org\seleniumhq\selenium\selenium-api\4.33.0\selenium-api-4.33.0.jar;C:\Users\sajus\.m2\repository\org\jspecify\jspecify\1.0.0\jspecify-1.0.0.jar;C:\Users\sajus\.m2\repository\org\seleniumhq\selenium\selenium-support\4.33.0\selenium-support-4.33.0.jar;C:\Users\sajus\.m2\repository\com\google\code\gson\gson\2.10.1\gson-2.10.1.jar;C:\Users\sajus\.m2\repository\commons-validator\commons-validator\1.7\commons-validator-1.7.jar;C:\Users\sajus\.m2\repository\commons-beanutils\commons-beanutils\1.9.4\commons-beanutils-1.9.4.jar;C:\Users\sajus\.m2\repository\commons-digester\commons-digester\2.1\commons-digester-2.1.jar;C:\Users\sajus\.m2\repository\commons-logging\commons-logging\1.2\commons-logging-1.2.jar;C:\Users\sajus\.m2\repository\commons-collections\commons-collections\3.2.2\commons-collections-3.2.2.jar;C:\Users\sajus\.m2\repository\org\apache\commons\commons-lang3\3.12.0\commons-lang3-3.12.0.jar;C:\Users\sajus\.m2\repository\commons-io\commons-io\2.12.0\commons-io-2.12.0.jar;C:\Users\sajus\.m2\repository\org\slf4j\slf4j-api\2.0.7\slf4j-api-2.0.7.jar;C:\Users\sajus\.m2\repository\org\seleniumhq\selenium\selenium-java\4.8.0\selenium-java-4.8.0.jar;C:\Users\sajus\.m2\repository\org\seleniumhq\selenium\selenium-chrome-driver\4.8.0\selenium-chrome-driver-4.8.0.jar;C:\Users\sajus\.m2\repository\com\google\auto\service\auto-service\1.0.1\auto-service-1.0.1.jar;C:\Users\sajus\.m2\repository\com\google\auto\auto-common\1.2\auto-common-1.2.jar;C:\Users\sajus\.m2\repository\org\seleniumhq\selenium\selenium-chromium-driver\4.8.0\selenium-chromium-driver-4.8.0.jar;C:\Users\sajus\.m2\repository\org\seleniumhq\selenium\selenium-devtools-v107\4.8.0\selenium-devtools-v107-4.8.0.jar;C:\Users\sajus\.m2\repository\org\seleniumhq\selenium\selenium-devtools-v108\4.8.0\selenium-devtools-v108-4.8.0.jar;C:\Users\sajus\.m2\repository\org\seleniumhq\selenium\selenium-devtools-v109\4.8.0\selenium-devtools-v109-4.8.0.jar;C:\Users\sajus\.m2\repository\org\seleniumhq\selenium\selenium-devtools-v85\4.8.0\selenium-devtools-v85-4.8.0.jar;C:\Users\sajus\.m2\repository\org\seleniumhq\selenium\selenium-edge-driver\4.8.0\selenium-edge-driver-4.8.0.jar;C:\Users\sajus\.m2\repository\org\seleniumhq\selenium\selenium-firefox-driver\4.8.0\selenium-firefox-driver-4.8.0.jar;C:\Users\sajus\.m2\repository\org\seleniumhq\selenium\selenium-ie-driver\4.8.0\selenium-ie-driver-4.8.0.jar;C:\Users\sajus\.m2\repository\org\seleniumhq\selenium\selenium-safari-driver\4.8.0\selenium-safari-driver-4.8.0.jar;C:\Users\sajus\.m2\repository\org\seleniumhq\selenium\selenium-remote-driver\4.13.0\selenium-remote-driver-4.13.0.jar;C:\Users\sajus\.m2\repository\com\google\auto\service\auto-service-annotations\1.1.1\auto-service-annotations-1.1.1.jar;C:\Users\sajus\.m2\repository\com\google\guava\guava\32.1.2-jre\guava-32.1.2-jre.jar;C:\Users\sajus\.m2\repository\com\google\guava\failureaccess\1.0.1\failureaccess-1.0.1.jar;C:\Users\sajus\.m2\repository\com\google\guava\listenablefuture\9999.0-empty-to-avoid-conflict-with-guava\listenablefuture-9999.0-empty-to-avoid-conflict-with-guava.jar;C:\Users\sajus\.m2\repository\com\google\code\findbugs\jsr305\3.0.2\jsr305-3.0.2.jar;C:\Users\sajus\.m2\repository\org\checkerframework\checker-qual\3.33.0\checker-qual-3.33.0.jar;C:\Users\sajus\.m2\repository\com\google\errorprone\error_prone_annotations\2.18.0\error_prone_annotations-2.18.0.jar;C:\Users\sajus\.m2\repository\com\google\j2objc\j2objc-annotations\2.8\j2objc-annotations-2.8.jar;C:\Users\sajus\.m2\repository\io\netty\netty-buffer\4.1.96.Final\netty-buffer-4.1.96.Final.jar;C:\Users\sajus\.m2\repository\io\netty\netty-codec-http\4.1.96.Final\netty-codec-http-4.1.96.Final.jar;C:\Users\sajus\.m2\repository\io\netty\netty-codec\4.1.96.Final\netty-codec-4.1.96.Final.jar;C:\Users\sajus\.m2\repository\io\netty\netty-handler\4.1.96.Final\netty-handler-4.1.96.Final.jar;C:\Users\sajus\.m2\repository\io\netty\netty-common\4.1.96.Final\netty-common-4.1.96.Final.jar;C:\Users\sajus\.m2\repository\io\netty\netty-transport-classes-epoll\4.1.96.Final\netty-transport-classes-epoll-4.1.96.Final.jar;C:\Users\sajus\.m2\repository\io\netty\netty-transport-classes-kqueue\4.1.96.Final\netty-transport-classes-kqueue-4.1.96.Final.jar;C:\Users\sajus\.m2\repository\io\netty\netty-transport-native-epoll\4.1.96.Final\netty-transport-native-epoll-4.1.96.Final.jar;C:\Users\sajus\.m2\repository\io\netty\netty-transport-native-kqueue\4.1.96.Final\netty-transport-native-kqueue-4.1.96.Final.jar;C:\Users\sajus\.m2\repository\io\netty\netty-transport-native-unix-common\4.1.96.Final\netty-transport-native-unix-common-4.1.96.Final.jar;C:\Users\sajus\.m2\repository\io\netty\netty-transport\4.1.96.Final\netty-transport-4.1.96.Final.jar;C:\Users\sajus\.m2\repository\io\netty\netty-resolver\4.1.96.Final\netty-resolver-4.1.96.Final.jar;C:\Users\sajus\.m2\repository\io\opentelemetry\opentelemetry-api\1.28.0\opentelemetry-api-1.28.0.jar;C:\Users\sajus\.m2\repository\io\opentelemetry\opentelemetry-context\1.28.0\opentelemetry-context-1.28.0.jar;C:\Users\sajus\.m2\repository\io\opentelemetry\opentelemetry-exporter-logging\1.28.0\opentelemetry-exporter-logging-1.28.0.jar;C:\Users\sajus\.m2\repository\io\opentelemetry\opentelemetry-sdk-metrics\1.28.0\opentelemetry-sdk-metrics-1.28.0.jar;C:\Users\sajus\.m2\repository\io\opentelemetry\opentelemetry-extension-incubator\1.28.0-alpha\opentelemetry-extension-incubator-1.28.0-alpha.jar;C:\Users\sajus\.m2\repository\io\opentelemetry\opentelemetry-sdk-logs\1.28.0\opentelemetry-sdk-logs-1.28.0.jar;C:\Users\sajus\.m2\repository\io\opentelemetry\opentelemetry-sdk-common\1.28.0\opentelemetry-sdk-common-1.28.0.jar;C:\Users\sajus\.m2\repository\io\opentelemetry\opentelemetry-sdk-extension-autoconfigure-spi\1.28.0\opentelemetry-sdk-extension-autoconfigure-spi-1.28.0.jar;C:\Users\sajus\.m2\repository\io\opentelemetry\opentelemetry-sdk-extension-autoconfigure\1.28.0\opentelemetry-sdk-extension-autoconfigure-1.28.0.jar;C:\Users\sajus\.m2\repository\io\opentelemetry\opentelemetry-api-events\1.28.0-alpha\opentelemetry-api-events-1.28.0-alpha.jar;C:\Users\sajus\.m2\repository\io\opentelemetry\opentelemetry-sdk-trace\1.28.0\opentelemetry-sdk-trace-1.28.0.jar;C:\Users\sajus\.m2\repository\io\opentelemetry\opentelemetry-sdk\1.28.0\opentelemetry-sdk-1.28.0.jar;C:\Users\sajus\.m2\repository\io\opentelemetry\opentelemetry-semconv\1.28.0-alpha\opentelemetry-semconv-1.28.0-alpha.jar;C:\Users\sajus\.m2\repository\net\bytebuddy\byte-buddy\1.14.5\byte-buddy-1.14.5.jar;C:\Users\sajus\.m2\repository\org\asynchttpclient\async-http-client\2.12.3\async-http-client-2.12.3.jar;C:\Users\sajus\.m2\repository\org\asynchttpclient\async-http-client-netty-utils\2.12.3\async-http-client-netty-utils-2.12.3.jar;C:\Users\sajus\.m2\repository\io\netty\netty-codec-socks\4.1.60.Final\netty-codec-socks-4.1.60.Final.jar;C:\Users\sajus\.m2\repository\io\netty\netty-handler-proxy\4.1.60.Final\netty-handler-proxy-4.1.60.Final.jar;C:\Users\sajus\.m2\repository\io\netty\netty-transport-native-epoll\4.1.60.Final\netty-transport-native-epoll-4.1.60.Final-linux-x86_64.jar;C:\Users\sajus\.m2\repository\io\netty\netty-transport-native-kqueue\4.1.60.Final\netty-transport-native-kqueue-4.1.60.Final-osx-x86_64.jar;C:\Users\sajus\.m2\repository\org\reactivestreams\reactive-streams\1.0.3\reactive-streams-1.0.3.jar;C:\Users\sajus\.m2\repository\com\typesafe\netty\netty-reactive-streams\2.0.4\netty-reactive-streams-2.0.4.jar;C:\Users\sajus\.m2\repository\com\sun\activation\jakarta.activation\1.2.2\jakarta.activation-1.2.2.jar;C:\Users\sajus\.m2\repository\org\seleniumhq\selenium\selenium-http\4.13.0\selenium-http-4.13.0.jar;C:\Users\sajus\.m2\repository\dev\failsafe\failsafe\3.3.2\failsafe-3.3.2.jar;C:\Users\sajus\.m2\repository\org\seleniumhq\selenium\selenium-json\4.13.0\selenium-json-4.13.0.jar;C:\Users\sajus\.m2\repository\org\seleniumhq\selenium\selenium-manager\4.13.0\selenium-manager-4.13.0.jar;C:\Users\sajus\.m2\repository\org\seleniumhq\selenium\selenium-os\4.13.0\selenium-os-4.13.0.jar;C:\Users\sajus\.m2\repository\org\apache\commons\commons-exec\1.3\commons-exec-1.3.jar;C:\Users\sajus\.m2\repository\org\testng\testng\7.11.0\testng-7.11.0.jar;C:\Users\sajus\.m2\repository\org\jcommander\jcommander\1.83\jcommander-1.83.jar;C:\Users\sajus\.m2\repository\org\webjars\jquery\3.7.1\jquery-3.7.1.jar;C:\Users\sajus\.m2\repository\com\aventstack\extentreports\5.0.9\extentreports-5.0.9.jar;C:\Users\sajus\.m2\repository\io\reactivex\rxjava3\rxjava\3.0.4\rxjava-3.0.4.jar;C:\Users\sajus\.m2\repository\org\freemarker\freemarker\2.3.30\freemarker-2.3.30.jar;C:\Users\sajus\.m2\repository\com\fasterxml\jackson\core\jackson-databind\2.15.2\jackson-databind-2.15.2.jar;C:\Users\sajus\.m2\repository\com\fasterxml\jackson\core\jackson-annotations\2.15.2\jackson-annotations-2.15.2.jar;C:\Users\sajus\.m2\repository\com\fasterxml\jackson\core\jackson-core\2.15.2\jackson-core-2.15.2.jar;C:\Users\sajus\.m2\repository\org\apache\logging\log4j\log4j-core\2.20.0\log4j-core-2.20.0.jar;C:\Users\sajus\.m2\repository\org\apache\logging\log4j\log4j-api\2.20.0\log4j-api-2.20.0.jar;C:\Users\sajus\.m2\repository\org\slf4j\slf4j-simple\2.0.9\slf4j-simple-2.0.9.jar;C:\Users\sajus\.m2\repository\org\projectlombok\lombok\1.18.28\lombok-1.18.28.jar;C:\Users\sajus\.m2\repository\com\beust\jcommander\1.82\jcommander-1.82.jar;"/>
    <property name="java.vm.vendor" value="Oracle Corporation"/>
    <property name="sun.arch.data.model" value="64"/>
    <property name="user.variant" value=""/>
    <property name="java.vendor.url" value="https://openjdk.java.net/"/>
    <property name="user.timezone" value="America/Toronto"/>
    <property name="java.vm.specification.version" value="11"/>
    <property name="os.name" value="Windows 11"/>
    <property name="sun.java.launcher" value="SUN_STANDARD"/>
    <property name="user.country" value="CA"/>
    <property name="sun.boot.library.path" value="C:\Program Files\jdk-11.0.26\bin"/>
    <property name="sun.java.command" value="C:\Users\sajus\AppData\Local\Temp\surefire12616626324667687368\surefirebooter-20250618010017590_3.jar C:\Users\sajus\AppData\Local\Temp\surefire12616626324667687368 2025-06-18T01-00-17_011-jvmRun1 surefire-20250618010017590_1tmp surefire_0-20250618010017590_2tmp"/>
    <property name="jdk.debug" value="release"/>
    <property name="surefire.test.class.path" value="C:\Users\sajus\IdeaProjects\appium_Device\target\test-classes;C:\Users\sajus\IdeaProjects\appium_Device\target\classes;C:\Users\sajus\.m2\repository\io\appium\java-client\8.5.1\java-client-8.5.1.jar;C:\Users\sajus\.m2\repository\org\seleniumhq\selenium\selenium-api\4.33.0\selenium-api-4.33.0.jar;C:\Users\sajus\.m2\repository\org\jspecify\jspecify\1.0.0\jspecify-1.0.0.jar;C:\Users\sajus\.m2\repository\org\seleniumhq\selenium\selenium-support\4.33.0\selenium-support-4.33.0.jar;C:\Users\sajus\.m2\repository\com\google\code\gson\gson\2.10.1\gson-2.10.1.jar;C:\Users\sajus\.m2\repository\commons-validator\commons-validator\1.7\commons-validator-1.7.jar;C:\Users\sajus\.m2\repository\commons-beanutils\commons-beanutils\1.9.4\commons-beanutils-1.9.4.jar;C:\Users\sajus\.m2\repository\commons-digester\commons-digester\2.1\commons-digester-2.1.jar;C:\Users\sajus\.m2\repository\commons-logging\commons-logging\1.2\commons-logging-1.2.jar;C:\Users\sajus\.m2\repository\commons-collections\commons-collections\3.2.2\commons-collections-3.2.2.jar;C:\Users\sajus\.m2\repository\org\apache\commons\commons-lang3\3.12.0\commons-lang3-3.12.0.jar;C:\Users\sajus\.m2\repository\commons-io\commons-io\2.12.0\commons-io-2.12.0.jar;C:\Users\sajus\.m2\repository\org\slf4j\slf4j-api\2.0.7\slf4j-api-2.0.7.jar;C:\Users\sajus\.m2\repository\org\seleniumhq\selenium\selenium-java\4.8.0\selenium-java-4.8.0.jar;C:\Users\sajus\.m2\repository\org\seleniumhq\selenium\selenium-chrome-driver\4.8.0\selenium-chrome-driver-4.8.0.jar;C:\Users\sajus\.m2\repository\com\google\auto\service\auto-service\1.0.1\auto-service-1.0.1.jar;C:\Users\sajus\.m2\repository\com\google\auto\auto-common\1.2\auto-common-1.2.jar;C:\Users\sajus\.m2\repository\org\seleniumhq\selenium\selenium-chromium-driver\4.8.0\selenium-chromium-driver-4.8.0.jar;C:\Users\sajus\.m2\repository\org\seleniumhq\selenium\selenium-devtools-v107\4.8.0\selenium-devtools-v107-4.8.0.jar;C:\Users\sajus\.m2\repository\org\seleniumhq\selenium\selenium-devtools-v108\4.8.0\selenium-devtools-v108-4.8.0.jar;C:\Users\sajus\.m2\repository\org\seleniumhq\selenium\selenium-devtools-v109\4.8.0\selenium-devtools-v109-4.8.0.jar;C:\Users\sajus\.m2\repository\org\seleniumhq\selenium\selenium-devtools-v85\4.8.0\selenium-devtools-v85-4.8.0.jar;C:\Users\sajus\.m2\repository\org\seleniumhq\selenium\selenium-edge-driver\4.8.0\selenium-edge-driver-4.8.0.jar;C:\Users\sajus\.m2\repository\org\seleniumhq\selenium\selenium-firefox-driver\4.8.0\selenium-firefox-driver-4.8.0.jar;C:\Users\sajus\.m2\repository\org\seleniumhq\selenium\selenium-ie-driver\4.8.0\selenium-ie-driver-4.8.0.jar;C:\Users\sajus\.m2\repository\org\seleniumhq\selenium\selenium-safari-driver\4.8.0\selenium-safari-driver-4.8.0.jar;C:\Users\sajus\.m2\repository\org\seleniumhq\selenium\selenium-remote-driver\4.13.0\selenium-remote-driver-4.13.0.jar;C:\Users\sajus\.m2\repository\com\google\auto\service\auto-service-annotations\1.1.1\auto-service-annotations-1.1.1.jar;C:\Users\sajus\.m2\repository\com\google\guava\guava\32.1.2-jre\guava-32.1.2-jre.jar;C:\Users\sajus\.m2\repository\com\google\guava\failureaccess\1.0.1\failureaccess-1.0.1.jar;C:\Users\sajus\.m2\repository\com\google\guava\listenablefuture\9999.0-empty-to-avoid-conflict-with-guava\listenablefuture-9999.0-empty-to-avoid-conflict-with-guava.jar;C:\Users\sajus\.m2\repository\com\google\code\findbugs\jsr305\3.0.2\jsr305-3.0.2.jar;C:\Users\sajus\.m2\repository\org\checkerframework\checker-qual\3.33.0\checker-qual-3.33.0.jar;C:\Users\sajus\.m2\repository\com\google\errorprone\error_prone_annotations\2.18.0\error_prone_annotations-2.18.0.jar;C:\Users\sajus\.m2\repository\com\google\j2objc\j2objc-annotations\2.8\j2objc-annotations-2.8.jar;C:\Users\sajus\.m2\repository\io\netty\netty-buffer\4.1.96.Final\netty-buffer-4.1.96.Final.jar;C:\Users\sajus\.m2\repository\io\netty\netty-codec-http\4.1.96.Final\netty-codec-http-4.1.96.Final.jar;C:\Users\sajus\.m2\repository\io\netty\netty-codec\4.1.96.Final\netty-codec-4.1.96.Final.jar;C:\Users\sajus\.m2\repository\io\netty\netty-handler\4.1.96.Final\netty-handler-4.1.96.Final.jar;C:\Users\sajus\.m2\repository\io\netty\netty-common\4.1.96.Final\netty-common-4.1.96.Final.jar;C:\Users\sajus\.m2\repository\io\netty\netty-transport-classes-epoll\4.1.96.Final\netty-transport-classes-epoll-4.1.96.Final.jar;C:\Users\sajus\.m2\repository\io\netty\netty-transport-classes-kqueue\4.1.96.Final\netty-transport-classes-kqueue-4.1.96.Final.jar;C:\Users\sajus\.m2\repository\io\netty\netty-transport-native-epoll\4.1.96.Final\netty-transport-native-epoll-4.1.96.Final.jar;C:\Users\sajus\.m2\repository\io\netty\netty-transport-native-kqueue\4.1.96.Final\netty-transport-native-kqueue-4.1.96.Final.jar;C:\Users\sajus\.m2\repository\io\netty\netty-transport-native-unix-common\4.1.96.Final\netty-transport-native-unix-common-4.1.96.Final.jar;C:\Users\sajus\.m2\repository\io\netty\netty-transport\4.1.96.Final\netty-transport-4.1.96.Final.jar;C:\Users\sajus\.m2\repository\io\netty\netty-resolver\4.1.96.Final\netty-resolver-4.1.96.Final.jar;C:\Users\sajus\.m2\repository\io\opentelemetry\opentelemetry-api\1.28.0\opentelemetry-api-1.28.0.jar;C:\Users\sajus\.m2\repository\io\opentelemetry\opentelemetry-context\1.28.0\opentelemetry-context-1.28.0.jar;C:\Users\sajus\.m2\repository\io\opentelemetry\opentelemetry-exporter-logging\1.28.0\opentelemetry-exporter-logging-1.28.0.jar;C:\Users\sajus\.m2\repository\io\opentelemetry\opentelemetry-sdk-metrics\1.28.0\opentelemetry-sdk-metrics-1.28.0.jar;C:\Users\sajus\.m2\repository\io\opentelemetry\opentelemetry-extension-incubator\1.28.0-alpha\opentelemetry-extension-incubator-1.28.0-alpha.jar;C:\Users\sajus\.m2\repository\io\opentelemetry\opentelemetry-sdk-logs\1.28.0\opentelemetry-sdk-logs-1.28.0.jar;C:\Users\sajus\.m2\repository\io\opentelemetry\opentelemetry-sdk-common\1.28.0\opentelemetry-sdk-common-1.28.0.jar;C:\Users\sajus\.m2\repository\io\opentelemetry\opentelemetry-sdk-extension-autoconfigure-spi\1.28.0\opentelemetry-sdk-extension-autoconfigure-spi-1.28.0.jar;C:\Users\sajus\.m2\repository\io\opentelemetry\opentelemetry-sdk-extension-autoconfigure\1.28.0\opentelemetry-sdk-extension-autoconfigure-1.28.0.jar;C:\Users\sajus\.m2\repository\io\opentelemetry\opentelemetry-api-events\1.28.0-alpha\opentelemetry-api-events-1.28.0-alpha.jar;C:\Users\sajus\.m2\repository\io\opentelemetry\opentelemetry-sdk-trace\1.28.0\opentelemetry-sdk-trace-1.28.0.jar;C:\Users\sajus\.m2\repository\io\opentelemetry\opentelemetry-sdk\1.28.0\opentelemetry-sdk-1.28.0.jar;C:\Users\sajus\.m2\repository\io\opentelemetry\opentelemetry-semconv\1.28.0-alpha\opentelemetry-semconv-1.28.0-alpha.jar;C:\Users\sajus\.m2\repository\net\bytebuddy\byte-buddy\1.14.5\byte-buddy-1.14.5.jar;C:\Users\sajus\.m2\repository\org\asynchttpclient\async-http-client\2.12.3\async-http-client-2.12.3.jar;C:\Users\sajus\.m2\repository\org\asynchttpclient\async-http-client-netty-utils\2.12.3\async-http-client-netty-utils-2.12.3.jar;C:\Users\sajus\.m2\repository\io\netty\netty-codec-socks\4.1.60.Final\netty-codec-socks-4.1.60.Final.jar;C:\Users\sajus\.m2\repository\io\netty\netty-handler-proxy\4.1.60.Final\netty-handler-proxy-4.1.60.Final.jar;C:\Users\sajus\.m2\repository\io\netty\netty-transport-native-epoll\4.1.60.Final\netty-transport-native-epoll-4.1.60.Final-linux-x86_64.jar;C:\Users\sajus\.m2\repository\io\netty\netty-transport-native-kqueue\4.1.60.Final\netty-transport-native-kqueue-4.1.60.Final-osx-x86_64.jar;C:\Users\sajus\.m2\repository\org\reactivestreams\reactive-streams\1.0.3\reactive-streams-1.0.3.jar;C:\Users\sajus\.m2\repository\com\typesafe\netty\netty-reactive-streams\2.0.4\netty-reactive-streams-2.0.4.jar;C:\Users\sajus\.m2\repository\com\sun\activation\jakarta.activation\1.2.2\jakarta.activation-1.2.2.jar;C:\Users\sajus\.m2\repository\org\seleniumhq\selenium\selenium-http\4.13.0\selenium-http-4.13.0.jar;C:\Users\sajus\.m2\repository\dev\failsafe\failsafe\3.3.2\failsafe-3.3.2.jar;C:\Users\sajus\.m2\repository\org\seleniumhq\selenium\selenium-json\4.13.0\selenium-json-4.13.0.jar;C:\Users\sajus\.m2\repository\org\seleniumhq\selenium\selenium-manager\4.13.0\selenium-manager-4.13.0.jar;C:\Users\sajus\.m2\repository\org\seleniumhq\selenium\selenium-os\4.13.0\selenium-os-4.13.0.jar;C:\Users\sajus\.m2\repository\org\apache\commons\commons-exec\1.3\commons-exec-1.3.jar;C:\Users\sajus\.m2\repository\org\testng\testng\7.11.0\testng-7.11.0.jar;C:\Users\sajus\.m2\repository\org\jcommander\jcommander\1.83\jcommander-1.83.jar;C:\Users\sajus\.m2\repository\org\webjars\jquery\3.7.1\jquery-3.7.1.jar;C:\Users\sajus\.m2\repository\com\aventstack\extentreports\5.0.9\extentreports-5.0.9.jar;C:\Users\sajus\.m2\repository\io\reactivex\rxjava3\rxjava\3.0.4\rxjava-3.0.4.jar;C:\Users\sajus\.m2\repository\org\freemarker\freemarker\2.3.30\freemarker-2.3.30.jar;C:\Users\sajus\.m2\repository\com\fasterxml\jackson\core\jackson-databind\2.15.2\jackson-databind-2.15.2.jar;C:\Users\sajus\.m2\repository\com\fasterxml\jackson\core\jackson-annotations\2.15.2\jackson-annotations-2.15.2.jar;C:\Users\sajus\.m2\repository\com\fasterxml\jackson\core\jackson-core\2.15.2\jackson-core-2.15.2.jar;C:\Users\sajus\.m2\repository\org\apache\logging\log4j\log4j-core\2.20.0\log4j-core-2.20.0.jar;C:\Users\sajus\.m2\repository\org\apache\logging\log4j\log4j-api\2.20.0\log4j-api-2.20.0.jar;C:\Users\sajus\.m2\repository\org\slf4j\slf4j-simple\2.0.9\slf4j-simple-2.0.9.jar;C:\Users\sajus\.m2\repository\org\projectlombok\lombok\1.18.28\lombok-1.18.28.jar;C:\Users\sajus\.m2\repository\com\beust\jcommander\1.82\jcommander-1.82.jar;"/>
    <property name="sun.cpu.endian" value="little"/>
    <property name="user.home" value="C:\Users\sajus"/>
    <property name="user.language" value="en"/>
    <property name="java.specification.vendor" value="Oracle Corporation"/>
    <property name="java.version.date" value="2025-01-21"/>
    <property name="java.home" value="C:\Program Files\jdk-11.0.26"/>
    <property name="file.separator" value="\"/>
    <property name="basedir" value="C:\Users\sajus\IdeaProjects\appium_Device"/>
    <property name="java.vm.compressedOopsMode" value="32-bit"/>
    <property name="line.separator" value="&#10;"/>
    <property name="java.specification.name" value="Java Platform API Specification"/>
    <property name="java.vm.specification.vendor" value="Oracle Corporation"/>
    <property name="java.awt.graphicsenv" value="sun.awt.Win32GraphicsEnvironment"/>
    <property name="surefire.real.class.path" value="C:\Users\sajus\AppData\Local\Temp\surefire12616626324667687368\surefirebooter-20250618010017590_3.jar"/>
    <property name="user.script" value=""/>
    <property name="sun.management.compiler" value="HotSpot 64-Bit Tiered Compilers"/>
    <property name="java.runtime.version" value="11.0.26+7-LTS-187"/>
    <property name="user.name" value="sajus"/>
    <property name="path.separator" value=";"/>
    <property name="os.version" value="10.0"/>
    <property name="java.runtime.name" value="Java(TM) SE Runtime Environment"/>
    <property name="file.encoding" value="Cp1252"/>
    <property name="java.vm.name" value="Java HotSpot(TM) 64-Bit Server VM"/>
    <property name="java.vendor.version" value="18.9"/>
    <property name="localRepository" value="C:\Users\sajus\.m2\repository"/>
    <property name="java.vendor.url.bug" value="https://bugreport.java.com/bugreport/"/>
    <property name="java.io.tmpdir" value="C:\Users\sajus\AppData\Local\Temp\"/>
    <property name="java.version" value="11.0.26"/>
    <property name="user.dir" value="C:\Users\sajus\IdeaProjects\appium_Device"/>
    <property name="os.arch" value="amd64"/>
    <property name="java.vm.specification.name" value="Java Virtual Machine Specification"/>
    <property name="java.awt.printerjob" value="sun.awt.windows.WPrinterJob"/>
    <property name="sun.os.patch.level" value=""/>
    <property name="java.library.path" value="C:\Program Files\jdk-11.0.26\bin;C:\WINDOWS\Sun\Java\bin;C:\WINDOWS\system32;C:\WINDOWS;C:\WINDOWS\system32;C:\WINDOWS;C:\WINDOWS\System32\Wbem;C:\WINDOWS\System32\WindowsPowerShell\v1.0\;C:\WINDOWS\System32\OpenSSH\;C:\Program Files\dotnet\;C:\Program Files\nodejs\;C:\Users\sajus\AppData\Local\Android\Sdk\tools\bin;C:\Users\sajus\AppData\Local\Android\Sdk\platform-tools;C:\Program Files\jdk-11.0.26\bin;C:\Program Files\apache-maven-3.9.9\apache-maven-3.9.9\bin;C:\Program Files\Git\cmd;C:\Users\sajus\AppData\Local\Microsoft\WindowsApps;C:\Users\sajus\AppData\Local\Programs\Microsoft VS Code\bin;C:\Users\sajus\AppData\Roaming\npm;;."/>
    <property name="java.vendor" value="Oracle Corporation"/>
    <property name="java.vm.info" value="mixed mode"/>
    <property name="java.vm.version" value="11.0.26+7-LTS-187"/>
    <property name="java.specification.maintenance.version" value="3"/>
    <property name="sun.io.unicode.encoding" value="UnicodeLittle"/>
    <property name="java.class.version" value="55.0"/>
  </properties>
  <testcase name="FirstCase" classname="org.testCase.TestCase1" time="6.036">
    <system-out><![CDATA[&amp#27;[38;5;112m[Appium]&amp#27;[0m Welcome to Appium v2.18.0
&amp#27;[38;5;112m[Appium]&amp#27;[0m Non-default server args:
&amp#27;[38;5;112m[Appium]&amp#27;[0m { port: &amp#27;[33m4724&amp#27;[39m }
&amp#27;[38;5;112m[Appium]&amp#27;[0m The autodetected Appium home path: C:\Users\sajus\.appium
&amp#27;[38;5;112m[Appium]&amp#27;[0m Attempting to load driver uiautomator2...
&amp#27;[38;5;112m[Appium]&amp#27;[0m Requiring driver at C:\Users\sajus\.appium\node_modules\appium-uiautomator2-driver\build\index.js
&amp#27;[38;5;112m[Appium]&amp#27;[0m Welcome to Appium v2.18.0
&amp#27;[38;5;112m[Appium]&amp#27;[0m The autodetected Appium home path: C:\Users\sajus\.appium
&amp#27;[38;5;112m[Appium]&amp#27;[0m Attempting to load driver uiautomator2...
&amp#27;[38;5;112m[Appium]&amp#27;[0m Requiring driver at C:\Users\sajus\.appium\node_modules\appium-uiautomator2-driver\build\index.js
&amp#27;[38;5;112m[Appium]&amp#27;[0m AndroidUiautomator2Driver has been successfully loaded in 1.374s
&amp#27;[38;5;112m[Appium]&amp#27;[0m AndroidUiautomator2Driver has been successfully loaded in 1.420s
&amp#27;[38;5;112m[Appium]&amp#27;[0m Appium REST http interface listener started on http://0.0.0.0:4723
&amp#27;[38;5;112m[Appium]&amp#27;[0m Appium REST http interface listener started on http://0.0.0.0:4724
&amp#27;[38;5;112m[Appium]&amp#27;[0m You can provide the following URLs in your client code to connect to this server:
	http://192.168.2.20:4723/
	http://127.0.0.1:4723/ (only accessible from the same host)
&amp#27;[38;5;112m[Appium]&amp#27;[0m You can provide the following URLs in your client code to connect to this server:
	http://192.168.2.20:4724/
	http://127.0.0.1:4724/ (only accessible from the same host)
&amp#27;[38;5;112m[Appium]&amp#27;[0m Available drivers:
&amp#27;[38;5;112m[Appium]&amp#27;[0m   - uiautomator2@4.2.3 (automationName 'UiAutomator2')
&amp#27;[38;5;112m[Appium]&amp#27;[0m Available drivers:
&amp#27;[38;5;112m[Appium]&amp#27;[0m   - uiautomator2@4.2.3 (automationName 'UiAutomator2')
&amp#27;[38;5;112m[Appium]&amp#27;[0m No plugins have been installed. Use the "appium plugin" command to install the one(s) you want to use.
&amp#27;[38;5;112m[Appium]&amp#27;[0m No plugins have been installed. Use the "appium plugin" command to install the one(s) you want to use.
&amp#27;[38;5;86m[HTTP]&amp#27;[0m &amp#27;[37m-->&amp#27;[39m &amp#27;[37mGET&amp#27;[39m &amp#27;[37m/status&amp#27;[39m &amp#27;[90m{}&amp#27;[39m
&amp#27;[38;5;86m[HTTP]&amp#27;[0m &amp#27;[37m-->&amp#27;[39m &amp#27;[37mGET&amp#27;[39m &amp#27;[37m/status&amp#27;[39m &amp#27;[90m{}&amp#27;[39m
&amp#27;[38;5;109m[AppiumDriver@f599]&amp#27;[0m Calling AppiumDriver.getStatus() with args: []
&amp#27;[38;5;55m[AppiumDriver@6ca7]&amp#27;[0m Calling AppiumDriver.getStatus() with args: []
&amp#27;[38;5;55m[AppiumDriver@6ca7]&amp#27;[0m Responding to client with driver.getStatus() result: {"ready":true,"message":"The server is ready to accept new connections","build":{"version":"2.18.0"}}
&amp#27;[38;5;109m[AppiumDriver@f599]&amp#27;[0m Responding to client with driver.getStatus() result: {"ready":true,"message":"The server is ready to accept new connections","build":{"version":"2.18.0"}}
&amp#27;[38;5;86m[HTTP]&amp#27;[0m &amp#27;[37m<-- GET /status &amp#27;[39m&amp#27;[32m200&amp#27;[39m &amp#27;[90m22 ms - 111&amp#27;[39m &amp#27;[90m&amp#27;[39m
&amp#27;[38;5;86m[HTTP]&amp#27;[0m &amp#27;[37m<-- GET /status &amp#27;[39m&amp#27;[32m200&amp#27;[39m &amp#27;[90m22 ms - 111&amp#27;[39m &amp#27;[90m&amp#27;[39m
Appium server started on port: 4724
Appium server started on port: 4723
&amp#27;[38;5;86m[HTTP]&amp#27;[0m Request idempotency key: e30069bd-9e2b-44c0-9189-7ecb5d0bcafc
&amp#27;[38;5;86m[HTTP]&amp#27;[0m Request idempotency key: cc890c0b-6b35-4961-ad32-72575f999339
&amp#27;[38;5;86m[HTTP]&amp#27;[0m &amp#27;[37m-->&amp#27;[39m &amp#27;[37mPOST&amp#27;[39m &amp#27;[37m/session&amp#27;[39m &amp#27;[90m{"capabilities":{"firstMatch":[{}],"alwaysMatch":{"appium:appActivity":"com.androidsample.generalstore.SplashActivity","appium:appPackage":"com.androidsample.generalstore","appium:automationName":"UiAutomator2","appium:deviceName":"Samsung_Galaxy_S21","appium:noReset":true,"appium:platformVersion":"10.0","appium:systemPort":8201,"appium:udid":"R3CRC00KHBT","platformName":"ANDROID"}}}&amp#27;[39m
&amp#27;[38;5;86m[HTTP]&amp#27;[0m &amp#27;[37m-->&amp#27;[39m &amp#27;[37mPOST&amp#27;[39m &amp#27;[37m/session&amp#27;[39m &amp#27;[90m{"capabilities":{"firstMatch":[{}],"alwaysMatch":{"appium:appActivity":"com.androidsample.generalstore.SplashActivity","appium:appPackage":"com.androidsample.generalstore","appium:automationName":"UiAutomator2","appium:deviceName":"Nokia","appium:noReset":true,"appium:platformVersion":"11.0","appium:systemPort":8202,"appium:udid":"CTLID18120801016","platformName":"ANDROID"}}}&amp#27;[39m
&amp#27;[38;5;55m[AppiumDriver@6ca7]&amp#27;[0m Calling AppiumDriver.createSession() with args: [null,null,{"firstMatch":[{}],"alwaysMatch":{"appium:appActivity":"com.androidsample.generalstore.SplashActivity","appium:appPackage":"com.androidsample.generalstore","appium:automationName":"UiAutomator2","appium:deviceName":"Samsung_Galaxy_S21","appium:noReset":true,"appium:platformVersion":"10.0","appium:systemPort":8201,"appium:udid":"R3CRC00KHBT","platformName":"ANDROID"}}]
&amp#27;[38;5;109m[AppiumDriver@f599]&amp#27;[0m Calling AppiumDriver.createSession() with args: [null,null,{"firstMatch":[{}],"alwaysMatch":{"appium:appActivity":"com.androidsample.generalstore.SplashActivity","appium:appPackage":"com.androidsample.generalstore","appium:automationName":"UiAutomator2","appium:deviceName":"Nokia","appium:noReset":true,"appium:platformVersion":"11.0","appium:systemPort":8202,"appium:udid":"CTLID18120801016","platformName":"ANDROID"}}]
&amp#27;[38;5;109m[AppiumDriver@f599]&amp#27;[0m Event 'newSessionRequested' logged at 1750222824501 (01:00:24 GMT-0400 (Eastern Daylight Saving Time))
&amp#27;[38;5;55m[AppiumDriver@6ca7]&amp#27;[0m Event 'newSessionRequested' logged at 1750222824500 (01:00:24 GMT-0400 (Eastern Daylight Saving Time))
&amp#27;[38;5;112m[Appium]&amp#27;[0m Attempting to find matching driver for automationName 'UiAutomator2' and platformName 'ANDROID'
&amp#27;[38;5;112m[Appium]&amp#27;[0m Attempting to find matching driver for automationName 'UiAutomator2' and platformName 'ANDROID'
&amp#27;[38;5;112m[Appium]&amp#27;[0m The 'uiautomator2' driver was installed and matched caps.
&amp#27;[38;5;112m[Appium]&amp#27;[0m The 'uiautomator2' driver was installed and matched caps.
&amp#27;[38;5;112m[Appium]&amp#27;[0m Will require it at C:\Users\sajus\.appium\node_modules\appium-uiautomator2-driver
&amp#27;[38;5;112m[Appium]&amp#27;[0m Will require it at C:\Users\sajus\.appium\node_modules\appium-uiautomator2-driver
&amp#27;[38;5;112m[Appium]&amp#27;[0m Requiring driver at C:\Users\sajus\.appium\node_modules\appium-uiautomator2-driver\build\index.js
&amp#27;[38;5;112m[Appium]&amp#27;[0m Requiring driver at C:\Users\sajus\.appium\node_modules\appium-uiautomator2-driver\build\index.js
&amp#27;[38;5;55m[AppiumDriver@6ca7]&amp#27;[0m Appium v2.18.0 creating new AndroidUiautomator2Driver (v4.2.3) session
&amp#27;[38;5;109m[AppiumDriver@f599]&amp#27;[0m Appium v2.18.0 creating new AndroidUiautomator2Driver (v4.2.3) session
&amp#27;[38;5;109m[AppiumDriver@f599]&amp#27;[0m Checking BaseDriver versions for Appium and AndroidUiautomator2Driver
&amp#27;[38;5;55m[AppiumDriver@6ca7]&amp#27;[0m Checking BaseDriver versions for Appium and AndroidUiautomator2Driver
&amp#27;[38;5;109m[AppiumDriver@f599]&amp#27;[0m Appium's BaseDriver version is 9.17.0
&amp#27;[38;5;55m[AppiumDriver@6ca7]&amp#27;[0m Appium's BaseDriver version is 9.17.0
&amp#27;[38;5;109m[AppiumDriver@f599]&amp#27;[0m AndroidUiautomator2Driver's BaseDriver version is 9.17.0
&amp#27;[38;5;55m[AppiumDriver@6ca7]&amp#27;[0m AndroidUiautomator2Driver's BaseDriver version is 9.17.0
&amp#27;[38;5;-21m[AndroidUiautomator2Driver@c46c]&amp#27;[0m 
&amp#27;[38;5;-102m[AndroidUiautomator2Driver@1dfb]&amp#27;[0m 
&amp#27;[38;5;-21m[AndroidUiautomator2Driver@c46c]&amp#27;[0m Creating session with W3C capabilities: {
  "alwaysMatch": {
    "platformName": "ANDROID",
    "appium:appActivity": "com.androidsample.generalstore.SplashActivity",
    "appium:appPackage": "com.androidsample.generalstore",
    "appium:automationName": "UiAutomator2",
    "appium:deviceName": "Samsung_Galaxy_S21",
    "appium:noReset": true,
    "appium:platformVersion": "10.0",
    "appium:systemPort": 8201,
    "appium:udid": "R3CRC00KHBT"
  },
  "firstMatch": [
    {}
  ]
}
&amp#27;[38;5;-102m[AndroidUiautomator2Driver@1dfb]&amp#27;[0m Creating session with W3C capabilities: {
  "alwaysMatch": {
    "platformName": "ANDROID",
    "appium:appActivity": "com.androidsample.generalstore.SplashActivity",
    "appium:appPackage": "com.androidsample.generalstore",
    "appium:automationName": "UiAutomator2",
    "appium:deviceName": "Nokia",
    "appium:noReset": true,
    "appium:platformVersion": "11.0",
    "appium:systemPort": 8202,
    "appium:udid": "CTLID18120801016"
  },
  "firstMatch": [
    {}
  ]
}
&amp#27;[38;5;206m[1b12c775]&amp#27;[0m&amp#27;[38;5;-102m[AndroidUiautomator2Driver@1dfb]&amp#27;[0m Session created with session id: 1b12c775-d662-47e6-8e2c-2f8d395bd470
&amp#27;[38;5;134m[93894a4f]&amp#27;[0m&amp#27;[38;5;-21m[AndroidUiautomator2Driver@c46c]&amp#27;[0m Session created with session id: 93894a4f-9272-4eeb-bdcc-496143537dd3
&amp#27;[38;5;134m[93894a4f]&amp#27;[0m&amp#27;[38;5;229m[ADB]&amp#27;[0m Found 3 'build-tools' folders under 'C:\Users\sajus\AppData\Local\Android\Sdk' (newest first):
&amp#27;[38;5;206m[1b12c775]&amp#27;[0m&amp#27;[38;5;229m[ADB]&amp#27;[0m Found 3 'build-tools' folders under 'C:\Users\sajus\AppData\Local\Android\Sdk' (newest first):
&amp#27;[38;5;206m[1b12c775]&amp#27;[0m&amp#27;[38;5;229m[ADB]&amp#27;[0m     C:\Users\sajus\AppData\Local\Android\Sdk\build-tools\36.0.0
&amp#27;[38;5;206m[1b12c775]&amp#27;[0m&amp#27;[38;5;229m[ADB]&amp#27;[0m     C:\Users\sajus\AppData\Local\Android\Sdk\build-tools\35.0.1
&amp#27;[38;5;134m[93894a4f]&amp#27;[0m&amp#27;[38;5;229m[ADB]&amp#27;[0m     C:\Users\sajus\AppData\Local\Android\Sdk\build-tools\36.0.0
&amp#27;[38;5;134m[93894a4f]&amp#27;[0m&amp#27;[38;5;229m[ADB]&amp#27;[0m     C:\Users\sajus\AppData\Local\Android\Sdk\build-tools\35.0.1
&amp#27;[38;5;134m[93894a4f]&amp#27;[0m&amp#27;[38;5;229m[ADB]&amp#27;[0m     C:\Users\sajus\AppData\Local\Android\Sdk\build-tools\35.0.0
&amp#27;[38;5;206m[1b12c775]&amp#27;[0m&amp#27;[38;5;229m[ADB]&amp#27;[0m     C:\Users\sajus\AppData\Local\Android\Sdk\build-tools\35.0.0
&amp#27;[38;5;206m[1b12c775]&amp#27;[0m&amp#27;[38;5;229m[ADB]&amp#27;[0m Using 'adb.exe' from 'C:\Users\sajus\AppData\Local\Android\Sdk\platform-tools\adb.exe'
&amp#27;[38;5;134m[93894a4f]&amp#27;[0m&amp#27;[38;5;229m[ADB]&amp#27;[0m Using 'adb.exe' from 'C:\Users\sajus\AppData\Local\Android\Sdk\platform-tools\adb.exe'
&amp#27;[38;5;134m[93894a4f]&amp#27;[0m&amp#27;[38;5;229m[ADB]&amp#27;[0m Running 'C:\Users\sajus\AppData\Local\Android\Sdk\platform-tools\adb.exe -P 5037 start-server'
&amp#27;[38;5;206m[1b12c775]&amp#27;[0m&amp#27;[38;5;229m[ADB]&amp#27;[0m Running 'C:\Users\sajus\AppData\Local\Android\Sdk\platform-tools\adb.exe -P 5037 start-server'
&amp#27;[38;5;134m[93894a4f]&amp#27;[0m&amp#27;[38;5;-21m[AndroidUiautomator2Driver@c46c]&amp#27;[0m Retrieving device list
&amp#27;[38;5;134m[93894a4f]&amp#27;[0m&amp#27;[38;5;229m[ADB]&amp#27;[0m Trying to find connected Android devices
&amp#27;[38;5;134m[93894a4f]&amp#27;[0m&amp#27;[38;5;229m[ADB]&amp#27;[0m Getting connected devices
&amp#27;[38;5;206m[1b12c775]&amp#27;[0m&amp#27;[38;5;-102m[AndroidUiautomator2Driver@1dfb]&amp#27;[0m Retrieving device list
&amp#27;[38;5;206m[1b12c775]&amp#27;[0m&amp#27;[38;5;229m[ADB]&amp#27;[0m Trying to find connected Android devices
&amp#27;[38;5;206m[1b12c775]&amp#27;[0m&amp#27;[38;5;229m[ADB]&amp#27;[0m Getting connected devices
&amp#27;[38;5;206m[1b12c775]&amp#27;[0m&amp#27;[38;5;229m[ADB]&amp#27;[0m Connected devices: [{"udid":"CTLID18120801016","state":"device"},{"udid":"R3CRC00KHBT","state":"device"}]
&amp#27;[38;5;134m[93894a4f]&amp#27;[0m&amp#27;[38;5;229m[ADB]&amp#27;[0m Connected devices: [{"udid":"CTLID18120801016","state":"device"},{"udid":"R3CRC00KHBT","state":"device"}]
&amp#27;[38;5;206m[1b12c775]&amp#27;[0m&amp#27;[38;5;-102m[AndroidUiautomator2Driver@1dfb]&amp#27;[0m Using device: CTLID18120801016
&amp#27;[38;5;134m[93894a4f]&amp#27;[0m&amp#27;[38;5;-21m[AndroidUiautomator2Driver@c46c]&amp#27;[0m Using device: R3CRC00KHBT
&amp#27;[38;5;206m[1b12c775]&amp#27;[0m&amp#27;[38;5;229m[ADB]&amp#27;[0m Using 'adb.exe' from 'C:\Users\sajus\AppData\Local\Android\Sdk\platform-tools\adb.exe'
&amp#27;[38;5;134m[93894a4f]&amp#27;[0m&amp#27;[38;5;229m[ADB]&amp#27;[0m Using 'adb.exe' from 'C:\Users\sajus\AppData\Local\Android\Sdk\platform-tools\adb.exe'
&amp#27;[38;5;206m[1b12c775]&amp#27;[0m&amp#27;[38;5;229m[ADB]&amp#27;[0m Running 'C:\Users\sajus\AppData\Local\Android\Sdk\platform-tools\adb.exe -P 5037 start-server'
&amp#27;[38;5;134m[93894a4f]&amp#27;[0m&amp#27;[38;5;229m[ADB]&amp#27;[0m Running 'C:\Users\sajus\AppData\Local\Android\Sdk\platform-tools\adb.exe -P 5037 start-server'
&amp#27;[38;5;134m[93894a4f]&amp#27;[0m&amp#27;[38;5;229m[ADB]&amp#27;[0m Setting device id to R3CRC00KHBT
&amp#27;[38;5;134m[93894a4f]&amp#27;[0m&amp#27;[38;5;-21m[AndroidUiautomator2Driver@c46c]&amp#27;[0m Starting 'com.androidsample.generalstore' directly on the device
&amp#27;[38;5;206m[1b12c775]&amp#27;[0m&amp#27;[38;5;229m[ADB]&amp#27;[0m Setting device id to CTLID18120801016
&amp#27;[38;5;206m[1b12c775]&amp#27;[0m&amp#27;[38;5;-102m[AndroidUiautomator2Driver@1dfb]&amp#27;[0m Starting 'com.androidsample.generalstore' directly on the device
&amp#27;[38;5;134m[93894a4f]&amp#27;[0m&amp#27;[38;5;229m[ADB]&amp#27;[0m Running 'C:\Users\sajus\AppData\Local\Android\Sdk\platform-tools\adb.exe -P 5037 -s R3CRC00KHBT shell getprop ro.build.version.sdk'
&amp#27;[38;5;206m[1b12c775]&amp#27;[0m&amp#27;[38;5;229m[ADB]&amp#27;[0m Running 'C:\Users\sajus\AppData\Local\Android\Sdk\platform-tools\adb.exe -P 5037 -s CTLID18120801016 shell getprop ro.build.version.sdk'
&amp#27;[38;5;206m[1b12c775]&amp#27;[0m&amp#27;[38;5;229m[ADB]&amp#27;[0m Current device property 'ro.build.version.sdk': 29
&amp#27;[38;5;206m[1b12c775]&amp#27;[0m&amp#27;[38;5;229m[ADB]&amp#27;[0m Getting device platform version
&amp#27;[38;5;206m[1b12c775]&amp#27;[0m&amp#27;[38;5;229m[ADB]&amp#27;[0m Running 'C:\Users\sajus\AppData\Local\Android\Sdk\platform-tools\adb.exe -P 5037 -s CTLID18120801016 shell getprop ro.build.version.release'
&amp#27;[38;5;134m[93894a4f]&amp#27;[0m&amp#27;[38;5;229m[ADB]&amp#27;[0m Current device property 'ro.build.version.sdk': 35
&amp#27;[38;5;134m[93894a4f]&amp#27;[0m&amp#27;[38;5;229m[ADB]&amp#27;[0m Getting device platform version
&amp#27;[38;5;134m[93894a4f]&amp#27;[0m&amp#27;[38;5;229m[ADB]&amp#27;[0m Running 'C:\Users\sajus\AppData\Local\Android\Sdk\platform-tools\adb.exe -P 5037 -s R3CRC00KHBT shell getprop ro.build.version.release'
&amp#27;[38;5;206m[1b12c775]&amp#27;[0m&amp#27;[38;5;229m[ADB]&amp#27;[0m Current device property 'ro.build.version.release': 10
&amp#27;[38;5;206m[1b12c775]&amp#27;[0m&amp#27;[38;5;229m[ADB]&amp#27;[0m Device API level: 29
&amp#27;[38;5;206m[1b12c775]&amp#27;[0m&amp#27;[38;5;-102m[AndroidUiautomator2Driver@1dfb]&amp#27;[0m Relaxing hidden api policy
&amp#27;[38;5;206m[1b12c775]&amp#27;[0m&amp#27;[38;5;229m[ADB]&amp#27;[0m Running 'C:\Users\sajus\AppData\Local\Android\Sdk\platform-tools\adb.exe -P 5037 -s CTLID18120801016 shell 'settings put global hidden_api_policy_pre_p_apps 1;settings put global hidden_api_policy_p_apps 1;settings put global hidden_api_policy 1''
&amp#27;[38;5;206m[1b12c775]&amp#27;[0m&amp#27;[38;5;-102m[AndroidUiautomator2Driver@1dfb]&amp#27;[0m Pushing settings apk to the device...
&amp#27;[38;5;206m[1b12c775]&amp#27;[0m&amp#27;[38;5;229m[ADB]&amp#27;[0m Getting package info for 'io.appium.settings'
&amp#27;[38;5;206m[1b12c775]&amp#27;[0m&amp#27;[38;5;229m[ADB]&amp#27;[0m Running 'C:\Users\sajus\AppData\Local\Android\Sdk\platform-tools\adb.exe -P 5037 -s CTLID18120801016 shell dumpsys package io.appium.settings'
&amp#27;[38;5;134m[93894a4f]&amp#27;[0m&amp#27;[38;5;229m[ADB]&amp#27;[0m Current device property 'ro.build.version.release': 15
&amp#27;[38;5;134m[93894a4f]&amp#27;[0m&amp#27;[38;5;229m[ADB]&amp#27;[0m Device API level: 35
&amp#27;[38;5;134m[93894a4f]&amp#27;[0m&amp#27;[38;5;-21m[AndroidUiautomator2Driver@c46c]&amp#27;[0m Relaxing hidden api policy
&amp#27;[38;5;134m[93894a4f]&amp#27;[0m&amp#27;[38;5;229m[ADB]&amp#27;[0m Running 'C:\Users\sajus\AppData\Local\Android\Sdk\platform-tools\adb.exe -P 5037 -s R3CRC00KHBT shell 'settings put global hidden_api_policy_pre_p_apps 1;settings put global hidden_api_policy_p_apps 1;settings put global hidden_api_policy 1''
&amp#27;[38;5;134m[93894a4f]&amp#27;[0m&amp#27;[38;5;-21m[AndroidUiautomator2Driver@c46c]&amp#27;[0m Pushing settings apk to the device...
&amp#27;[38;5;134m[93894a4f]&amp#27;[0m&amp#27;[38;5;229m[ADB]&amp#27;[0m Getting package info for 'io.appium.settings'
&amp#27;[38;5;134m[93894a4f]&amp#27;[0m&amp#27;[38;5;229m[ADB]&amp#27;[0m Running 'C:\Users\sajus\AppData\Local\Android\Sdk\platform-tools\adb.exe -P 5037 -s R3CRC00KHBT shell dumpsys package io.appium.settings'
&amp#27;[38;5;206m[1b12c775]&amp#27;[0m&amp#27;[38;5;229m[ADB]&amp#27;[0m Using 'aapt2.exe' from 'C:\Users\sajus\AppData\Local\Android\Sdk\build-tools\36.0.0\aapt2.exe'
&amp#27;[38;5;206m[1b12c775]&amp#27;[0m&amp#27;[38;5;229m[ADB]&amp#27;[0m Reading package manifest: 'C:\\Users\\sajus\\AppData\\Local\\Android\\Sdk\\build-tools\\36.0.0\\aapt2.exe dump badging C:\\Users\\sajus\\.appium\\node_modules\\appium-uiautomator2-driver\\node_modules\\io.appium.settings\\apks\\settings_apk-debug.apk'
&amp#27;[38;5;206m[1b12c775]&amp#27;[0m&amp#27;[38;5;229m[ADB]&amp#27;[0m The version name of the installed 'io.appium.settings' is greater or equal to the application version name ('5.14.8' >= '5.14.8')
&amp#27;[38;5;206m[1b12c775]&amp#27;[0m&amp#27;[38;5;229m[ADB]&amp#27;[0m There is no need to install/upgrade 'C:\Users\sajus\.appium\node_modules\appium-uiautomator2-driver\node_modules\io.appium.settings\apks\settings_apk-debug.apk'
&amp#27;[38;5;206m[1b12c775]&amp#27;[0m&amp#27;[38;5;229m[ADB]&amp#27;[0m Running 'C:\Users\sajus\AppData\Local\Android\Sdk\platform-tools\adb.exe -P 5037 -s CTLID18120801016 shell dumpsys activity services io.appium.settings'
&amp#27;[38;5;134m[93894a4f]&amp#27;[0m&amp#27;[38;5;229m[ADB]&amp#27;[0m Using 'aapt2.exe' from 'C:\Users\sajus\AppData\Local\Android\Sdk\build-tools\36.0.0\aapt2.exe'
&amp#27;[38;5;134m[93894a4f]&amp#27;[0m&amp#27;[38;5;229m[ADB]&amp#27;[0m Reading package manifest: 'C:\\Users\\sajus\\AppData\\Local\\Android\\Sdk\\build-tools\\36.0.0\\aapt2.exe dump badging C:\\Users\\sajus\\.appium\\node_modules\\appium-uiautomator2-driver\\node_modules\\io.appium.settings\\apks\\settings_apk-debug.apk'
&amp#27;[38;5;206m[1b12c775]&amp#27;[0m&amp#27;[38;5;-102m[AndroidUiautomator2Driver@1dfb]&amp#27;[0m io.appium.settings is already running. There is no need to reset its permissions.
&amp#27;[38;5;206m[1b12c775]&amp#27;[0m&amp#27;[38;5;160m[Logcat]&amp#27;[0m Starting logs capture with command: C:\\Users\\sajus\\AppData\\Local\\Android\\Sdk\\platform-tools\\adb.exe -P 5037 -s CTLID18120801016 logcat -v threadtime
&amp#27;[38;5;134m[93894a4f]&amp#27;[0m&amp#27;[38;5;229m[ADB]&amp#27;[0m The version name of the installed 'io.appium.settings' is greater or equal to the application version name ('5.14.8' >= '5.14.8')
&amp#27;[38;5;134m[93894a4f]&amp#27;[0m&amp#27;[38;5;229m[ADB]&amp#27;[0m There is no need to install/upgrade 'C:\Users\sajus\.appium\node_modules\appium-uiautomator2-driver\node_modules\io.appium.settings\apks\settings_apk-debug.apk'
&amp#27;[38;5;134m[93894a4f]&amp#27;[0m&amp#27;[38;5;229m[ADB]&amp#27;[0m Running 'C:\Users\sajus\AppData\Local\Android\Sdk\platform-tools\adb.exe -P 5037 -s R3CRC00KHBT shell dumpsys activity services io.appium.settings'
&amp#27;[38;5;206m[1b12c775]&amp#27;[0m&amp#27;[38;5;229m[ADB]&amp#27;[0m Running 'C:\Users\sajus\AppData\Local\Android\Sdk\platform-tools\adb.exe -P 5037 -s CTLID18120801016 shell appops set io.appium.settings android:mock_location allow'
&amp#27;[38;5;206m[1b12c775]&amp#27;[0m&amp#27;[38;5;229m[ADB]&amp#27;[0m Running 'C:\Users\sajus\AppData\Local\Android\Sdk\platform-tools\adb.exe -P 5037 -s CTLID18120801016 shell "[ -e '/data/local/tmp/mock_apps.json' ] && echo __PASS__"'
&amp#27;[38;5;134m[93894a4f]&amp#27;[0m&amp#27;[38;5;-21m[AndroidUiautomator2Driver@c46c]&amp#27;[0m io.appium.settings is already running. There is no need to reset its permissions.
&amp#27;[38;5;134m[93894a4f]&amp#27;[0m&amp#27;[38;5;160m[Logcat]&amp#27;[0m Starting logs capture with command: C:\\Users\\sajus\\AppData\\Local\\Android\\Sdk\\platform-tools\\adb.exe -P 5037 -s R3CRC00KHBT logcat -v threadtime
&amp#27;[38;5;134m[93894a4f]&amp#27;[0m&amp#27;[38;5;229m[ADB]&amp#27;[0m Running 'C:\Users\sajus\AppData\Local\Android\Sdk\platform-tools\adb.exe -P 5037 -s R3CRC00KHBT shell appops set io.appium.settings android:mock_location allow'
&amp#27;[38;5;206m[1b12c775]&amp#27;[0m&amp#27;[38;5;229m[ADB]&amp#27;[0m Running 'C:\Users\sajus\AppData\Local\Android\Sdk\platform-tools\adb.exe -P 5037 -s CTLID18120801016 shell cat /data/local/tmp/mock_apps.json'
&amp#27;[38;5;206m[1b12c775]&amp#27;[0m&amp#27;[38;5;-102m[AndroidUiautomator2Driver@1dfb]&amp#27;[0m Forwarding UiAutomator2 Server port 6790 to local port 8202
&amp#27;[38;5;134m[93894a4f]&amp#27;[0m&amp#27;[38;5;229m[ADB]&amp#27;[0m Running 'C:\Users\sajus\AppData\Local\Android\Sdk\platform-tools\adb.exe -P 5037 -s R3CRC00KHBT shell "[ -e '/data/local/tmp/mock_apps.json' ] && echo __PASS__"'
&amp#27;[38;5;206m[1b12c775]&amp#27;[0m&amp#27;[38;5;229m[ADB]&amp#27;[0m Forwarding system: 8202 to device: 6790
&amp#27;[38;5;206m[1b12c775]&amp#27;[0m&amp#27;[38;5;229m[ADB]&amp#27;[0m Running 'C:\Users\sajus\AppData\Local\Android\Sdk\platform-tools\adb.exe -P 5037 -s CTLID18120801016 forward tcp:8202 tcp:6790'
&amp#27;[38;5;206m[1b12c775]&amp#27;[0m&amp#27;[38;5;-102m[AndroidUiautomator2Driver@1dfb]&amp#27;[0m UIA2Proxy options: {"server":"127.0.0.1","port":8202,"keepAlive":true,"scheme":"http","base":"","reqBasePath":"","sessionId":null,"timeout":240000}
&amp#27;[38;5;206m[1b12c775]&amp#27;[0m&amp#27;[38;5;229m[ADB]&amp#27;[0m Getting package info for 'io.appium.uiautomator2.server'
&amp#27;[38;5;206m[1b12c775]&amp#27;[0m&amp#27;[38;5;229m[ADB]&amp#27;[0m Running 'C:\Users\sajus\AppData\Local\Android\Sdk\platform-tools\adb.exe -P 5037 -s CTLID18120801016 shell dumpsys package io.appium.uiautomator2.server'
&amp#27;[38;5;134m[93894a4f]&amp#27;[0m&amp#27;[38;5;229m[ADB]&amp#27;[0m Running 'C:\Users\sajus\AppData\Local\Android\Sdk\platform-tools\adb.exe -P 5037 -s R3CRC00KHBT shell cat /data/local/tmp/mock_apps.json'
&amp#27;[38;5;206m[1b12c775]&amp#27;[0m&amp#27;[38;5;229m[ADB]&amp#27;[0m Getting install status for io.appium.uiautomator2.server.test
&amp#27;[38;5;206m[1b12c775]&amp#27;[0m&amp#27;[38;5;-102m[AndroidUiautomator2Driver@1dfb]&amp#27;[0m No app capability. Assuming it is already on the device
&amp#27;[38;5;206m[1b12c775]&amp#27;[0m&amp#27;[38;5;229m[ADB]&amp#27;[0m Running 'C:\Users\sajus\AppData\Local\Android\Sdk\platform-tools\adb.exe -P 5037 -s CTLID18120801016 shell cmd package list packages'
&amp#27;[38;5;206m[1b12c775]&amp#27;[0m&amp#27;[38;5;229m[ADB]&amp#27;[0m Reading package manifest: 'C:\\Users\\sajus\\AppData\\Local\\Android\\Sdk\\build-tools\\36.0.0\\aapt2.exe dump badging C:\\Users\\sajus\\.appium\\node_modules\\appium-uiautomator2-driver\\node_modules\\appium-uiautomator2-server\\apks\\appium-uiautomator2-server-v7.5.2.apk'
&amp#27;[38;5;134m[93894a4f]&amp#27;[0m&amp#27;[38;5;-21m[AndroidUiautomator2Driver@c46c]&amp#27;[0m Forwarding UiAutomator2 Server port 6790 to local port 8201
&amp#27;[38;5;206m[1b12c775]&amp#27;[0m&amp#27;[38;5;229m[ADB]&amp#27;[0m 'io.appium.uiautomator2.server.test' is installed
&amp#27;[38;5;134m[93894a4f]&amp#27;[0m&amp#27;[38;5;229m[ADB]&amp#27;[0m Forwarding system: 8201 to device: 6790
&amp#27;[38;5;134m[93894a4f]&amp#27;[0m&amp#27;[38;5;229m[ADB]&amp#27;[0m Running 'C:\Users\sajus\AppData\Local\Android\Sdk\platform-tools\adb.exe -P 5037 -s R3CRC00KHBT forward tcp:8201 tcp:6790'
&amp#27;[38;5;134m[93894a4f]&amp#27;[0m&amp#27;[38;5;-21m[AndroidUiautomator2Driver@c46c]&amp#27;[0m UIA2Proxy options: {"server":"127.0.0.1","port":8201,"keepAlive":true,"scheme":"http","base":"","reqBasePath":"","sessionId":null,"timeout":240000}
&amp#27;[38;5;134m[93894a4f]&amp#27;[0m&amp#27;[38;5;229m[ADB]&amp#27;[0m Getting package info for 'io.appium.uiautomator2.server'
&amp#27;[38;5;134m[93894a4f]&amp#27;[0m&amp#27;[38;5;229m[ADB]&amp#27;[0m Running 'C:\Users\sajus\AppData\Local\Android\Sdk\platform-tools\adb.exe -P 5037 -s R3CRC00KHBT shell dumpsys package io.appium.uiautomator2.server'
&amp#27;[38;5;134m[93894a4f]&amp#27;[0m&amp#27;[38;5;229m[ADB]&amp#27;[0m Getting install status for io.appium.uiautomator2.server.test
&amp#27;[38;5;134m[93894a4f]&amp#27;[0m&amp#27;[38;5;-21m[AndroidUiautomator2Driver@c46c]&amp#27;[0m No app capability. Assuming it is already on the device
&amp#27;[38;5;134m[93894a4f]&amp#27;[0m&amp#27;[38;5;229m[ADB]&amp#27;[0m Running 'C:\Users\sajus\AppData\Local\Android\Sdk\platform-tools\adb.exe -P 5037 -s R3CRC00KHBT shell cmd package list packages'
&amp#27;[38;5;206m[1b12c775]&amp#27;[0m&amp#27;[38;5;229m[ADB]&amp#27;[0m The version name of the installed 'io.appium.uiautomator2.server' is greater or equal to the application version name ('7.5.2' >= '7.5.2')
&amp#27;[38;5;206m[1b12c775]&amp#27;[0m&amp#27;[38;5;-102m[AndroidUiautomator2Driver@1dfb]&amp#27;[0m Server packages status: [{"installState":"sameVersionInstalled","appPath":"C:\\Users\\sajus\\.appium\\node_modules\\appium-uiautomator2-driver\\node_modules\\appium-uiautomator2-server\\apks\\appium-uiautomator2-server-v7.5.2.apk","appId":"io.appium.uiautomator2.server"},{"installState":"sameVersionInstalled","appPath":"C:\\Users\\sajus\\.appium\\node_modules\\appium-uiautomator2-driver\\node_modules\\appium-uiautomator2-server\\apks\\appium-uiautomator2-server-debug-androidTest.apk","appId":"io.appium.uiautomator2.server.test"}]
&amp#27;[38;5;206m[1b12c775]&amp#27;[0m&amp#27;[38;5;-102m[AndroidUiautomator2Driver@1dfb]&amp#27;[0m Server packages are not going to be (re)installed
&amp#27;[38;5;206m[1b12c775]&amp#27;[0m&amp#27;[38;5;-102m[AndroidUiautomator2Driver@1dfb]&amp#27;[0m Waiting up to 30000ms for services to be available
&amp#27;[38;5;206m[1b12c775]&amp#27;[0m&amp#27;[38;5;229m[ADB]&amp#27;[0m Running 'C:\Users\sajus\AppData\Local\Android\Sdk\platform-tools\adb.exe -P 5037 -s CTLID18120801016 shell pm list instrumentation'
&amp#27;[38;5;134m[93894a4f]&amp#27;[0m&amp#27;[38;5;229m[ADB]&amp#27;[0m Reading package manifest: 'C:\\Users\\sajus\\AppData\\Local\\Android\\Sdk\\build-tools\\36.0.0\\aapt2.exe dump badging C:\\Users\\sajus\\.appium\\node_modules\\appium-uiautomator2-driver\\node_modules\\appium-uiautomator2-server\\apks\\appium-uiautomator2-server-v7.5.2.apk'
&amp#27;[38;5;134m[93894a4f]&amp#27;[0m&amp#27;[38;5;229m[ADB]&amp#27;[0m 'io.appium.uiautomator2.server.test' is installed
&amp#27;[38;5;206m[1b12c775]&amp#27;[0m&amp#27;[38;5;-102m[AndroidUiautomator2Driver@1dfb]&amp#27;[0m Instrumentation target 'io.appium.uiautomator2.server.test/androidx.test.runner.AndroidJUnitRunner' is available
&amp#27;[38;5;206m[1b12c775]&amp#27;[0m&amp#27;[38;5;229m[ADB]&amp#27;[0m Adding packages ["io.appium.settings","io.appium.uiautomator2.server","io.appium.uiautomator2.server.test"] to Doze whitelist
&amp#27;[38;5;206m[1b12c775]&amp#27;[0m&amp#27;[38;5;229m[ADB]&amp#27;[0m Got the following command chunks to execute: [["dumpsys","deviceidle","whitelist","+io.appium.settings",";","dumpsys","deviceidle","whitelist","+io.appium.uiautomator2.server",";","dumpsys","deviceidle","whitelist","+io.appium.uiautomator2.server.test",";"]]
&amp#27;[38;5;206m[1b12c775]&amp#27;[0m&amp#27;[38;5;229m[ADB]&amp#27;[0m Running 'C:\Users\sajus\AppData\Local\Android\Sdk\platform-tools\adb.exe -P 5037 -s CTLID18120801016 shell dumpsys deviceidle whitelist +io.appium.settings ; dumpsys deviceidle whitelist +io.appium.uiautomator2.server ; dumpsys deviceidle whitelist +io.appium.uiautomator2.server.test ;'
&amp#27;[38;5;134m[93894a4f]&amp#27;[0m&amp#27;[38;5;229m[ADB]&amp#27;[0m The version name of the installed 'io.appium.uiautomator2.server' is greater or equal to the application version name ('7.5.2' >= '7.5.2')
&amp#27;[38;5;134m[93894a4f]&amp#27;[0m&amp#27;[38;5;-21m[AndroidUiautomator2Driver@c46c]&amp#27;[0m Server packages status: [{"installState":"sameVersionInstalled","appPath":"C:\\Users\\sajus\\.appium\\node_modules\\appium-uiautomator2-driver\\node_modules\\appium-uiautomator2-server\\apks\\appium-uiautomator2-server-v7.5.2.apk","appId":"io.appium.uiautomator2.server"},{"installState":"sameVersionInstalled","appPath":"C:\\Users\\sajus\\.appium\\node_modules\\appium-uiautomator2-driver\\node_modules\\appium-uiautomator2-server\\apks\\appium-uiautomator2-server-debug-androidTest.apk","appId":"io.appium.uiautomator2.server.test"}]
&amp#27;[38;5;134m[93894a4f]&amp#27;[0m&amp#27;[38;5;-21m[AndroidUiautomator2Driver@c46c]&amp#27;[0m Server packages are not going to be (re)installed
&amp#27;[38;5;134m[93894a4f]&amp#27;[0m&amp#27;[38;5;-21m[AndroidUiautomator2Driver@c46c]&amp#27;[0m Waiting up to 30000ms for services to be available
&amp#27;[38;5;134m[93894a4f]&amp#27;[0m&amp#27;[38;5;229m[ADB]&amp#27;[0m Running 'C:\Users\sajus\AppData\Local\Android\Sdk\platform-tools\adb.exe -P 5037 -s R3CRC00KHBT shell pm list instrumentation'
&amp#27;[38;5;206m[1b12c775]&amp#27;[0m&amp#27;[38;5;-102m[AndroidUiautomator2Driver@1dfb]&amp#27;[0m Performing shallow cleanup of automation leftovers
&amp#27;[38;5;134m[93894a4f]&amp#27;[0m&amp#27;[38;5;-21m[AndroidUiautomator2Driver@c46c]&amp#27;[0m Instrumentation target 'io.appium.uiautomator2.server.test/androidx.test.runner.AndroidJUnitRunner' is available
&amp#27;[38;5;134m[93894a4f]&amp#27;[0m&amp#27;[38;5;229m[ADB]&amp#27;[0m Adding packages ["io.appium.settings","io.appium.uiautomator2.server","io.appium.uiautomator2.server.test"] to Doze whitelist
&amp#27;[38;5;134m[93894a4f]&amp#27;[0m&amp#27;[38;5;229m[ADB]&amp#27;[0m Got the following command chunks to execute: [["dumpsys","deviceidle","whitelist","+io.appium.settings",";","dumpsys","deviceidle","whitelist","+io.appium.uiautomator2.server",";","dumpsys","deviceidle","whitelist","+io.appium.uiautomator2.server.test",";"]]
&amp#27;[38;5;134m[93894a4f]&amp#27;[0m&amp#27;[38;5;229m[ADB]&amp#27;[0m Running 'C:\Users\sajus\AppData\Local\Android\Sdk\platform-tools\adb.exe -P 5037 -s R3CRC00KHBT shell dumpsys deviceidle whitelist +io.appium.settings ; dumpsys deviceidle whitelist +io.appium.uiautomator2.server ; dumpsys deviceidle whitelist +io.appium.uiautomator2.server.test ;'
&amp#27;[38;5;206m[1b12c775]&amp#27;[0m&amp#27;[38;5;-102m[AndroidUiautomator2Driver@1dfb]&amp#27;[0m No obsolete sessions have been detected (socket hang up)
&amp#27;[38;5;206m[1b12c775]&amp#27;[0m&amp#27;[38;5;229m[ADB]&amp#27;[0m Running 'C:\Users\sajus\AppData\Local\Android\Sdk\platform-tools\adb.exe -P 5037 -s CTLID18120801016 shell am force-stop io.appium.uiautomator2.server'
&amp#27;[38;5;206m[1b12c775]&amp#27;[0m&amp#27;[38;5;229m[ADB]&amp#27;[0m Running 'C:\Users\sajus\AppData\Local\Android\Sdk\platform-tools\adb.exe -P 5037 -s CTLID18120801016 shell am force-stop io.appium.uiautomator2.server.test'
&amp#27;[38;5;134m[93894a4f]&amp#27;[0m&amp#27;[38;5;-21m[AndroidUiautomator2Driver@c46c]&amp#27;[0m Performing shallow cleanup of automation leftovers
&amp#27;[38;5;206m[1b12c775]&amp#27;[0m&amp#27;[38;5;-102m[AndroidUiautomator2Driver@1dfb]&amp#27;[0m Starting UIAutomator2 server 7.5.2
&amp#27;[38;5;206m[1b12c775]&amp#27;[0m&amp#27;[38;5;-102m[AndroidUiautomator2Driver@1dfb]&amp#27;[0m Using UIAutomator2 server from 'C:\Users\sajus\.appium\node_modules\appium-uiautomator2-driver\node_modules\appium-uiautomator2-server\apks\appium-uiautomator2-server-v7.5.2.apk' and test from 'C:\Users\sajus\.appium\node_modules\appium-uiautomator2-driver\node_modules\appium-uiautomator2-server\apks\appium-uiautomator2-server-debug-androidTest.apk'
&amp#27;[38;5;206m[1b12c775]&amp#27;[0m&amp#27;[38;5;-102m[AndroidUiautomator2Driver@1dfb]&amp#27;[0m Waiting up to 30000ms for UiAutomator2 to be online...
&amp#27;[38;5;206m[1b12c775]&amp#27;[0m&amp#27;[38;5;229m[ADB]&amp#27;[0m Creating ADB subprocess with args: ["-P","5037","-s","CTLID18120801016","shell","am","instrument","-w","-e","disableAnalytics","true","io.appium.uiautomator2.server.test/androidx.test.runner.AndroidJUnitRunner"]
&amp#27;[38;5;134m[93894a4f]&amp#27;[0m&amp#27;[38;5;-21m[AndroidUiautomator2Driver@c46c]&amp#27;[0m No obsolete sessions have been detected (socket hang up)
&amp#27;[38;5;134m[93894a4f]&amp#27;[0m&amp#27;[38;5;229m[ADB]&amp#27;[0m Running 'C:\Users\sajus\AppData\Local\Android\Sdk\platform-tools\adb.exe -P 5037 -s R3CRC00KHBT shell am force-stop io.appium.uiautomator2.server'
&amp#27;[38;5;206m[1b12c775]&amp#27;[0m&amp#27;[38;5;-102m[AndroidUiautomator2Driver@1dfb]&amp#27;[0m Matched '/status' to command name 'getStatus'
&amp#27;[38;5;206m[1b12c775]&amp#27;[0m&amp#27;[38;5;-102m[AndroidUiautomator2Driver@1dfb]&amp#27;[0m Proxying [GET /status] to [GET http://127.0.0.1:8202/status] with no body
&amp#27;[38;5;134m[93894a4f]&amp#27;[0m&amp#27;[38;5;229m[ADB]&amp#27;[0m Running 'C:\Users\sajus\AppData\Local\Android\Sdk\platform-tools\adb.exe -P 5037 -s R3CRC00KHBT shell am force-stop io.appium.uiautomator2.server.test'
&amp#27;[38;5;206m[1b12c775]&amp#27;[0m&amp#27;[38;5;-102m[AndroidUiautomator2Driver@1dfb]&amp#27;[0m socket hang up
&amp#27;[38;5;134m[93894a4f]&amp#27;[0m&amp#27;[38;5;-21m[AndroidUiautomator2Driver@c46c]&amp#27;[0m Starting UIAutomator2 server 7.5.2
&amp#27;[38;5;134m[93894a4f]&amp#27;[0m&amp#27;[38;5;-21m[AndroidUiautomator2Driver@c46c]&amp#27;[0m Using UIAutomator2 server from 'C:\Users\sajus\.appium\node_modules\appium-uiautomator2-driver\node_modules\appium-uiautomator2-server\apks\appium-uiautomator2-server-v7.5.2.apk' and test from 'C:\Users\sajus\.appium\node_modules\appium-uiautomator2-driver\node_modules\appium-uiautomator2-server\apks\appium-uiautomator2-server-debug-androidTest.apk'
&amp#27;[38;5;134m[93894a4f]&amp#27;[0m&amp#27;[38;5;-21m[AndroidUiautomator2Driver@c46c]&amp#27;[0m Waiting up to 30000ms for UiAutomator2 to be online...
&amp#27;[38;5;134m[93894a4f]&amp#27;[0m&amp#27;[38;5;229m[ADB]&amp#27;[0m Creating ADB subprocess with args: ["-P","5037","-s","R3CRC00KHBT","shell","am","instrument","-w","-e","disableAnalytics","true","io.appium.uiautomator2.server.test/androidx.test.runner.AndroidJUnitRunner"]
&amp#27;[38;5;134m[93894a4f]&amp#27;[0m&amp#27;[38;5;-21m[AndroidUiautomator2Driver@c46c]&amp#27;[0m Matched '/status' to command name 'getStatus'
&amp#27;[38;5;134m[93894a4f]&amp#27;[0m&amp#27;[38;5;-21m[AndroidUiautomator2Driver@c46c]&amp#27;[0m Proxying [GET /status] to [GET http://127.0.0.1:8201/status] with no body
&amp#27;[38;5;134m[93894a4f]&amp#27;[0m&amp#27;[38;5;-21m[AndroidUiautomator2Driver@c46c]&amp#27;[0m socket hang up
&amp#27;[38;5;134m[93894a4f]&amp#27;[0m&amp#27;[38;5;-21m[AndroidUiautomator2Driver@c46c]&amp#27;[0m [Instrumentation] 
&amp#27;[38;5;206m[1b12c775]&amp#27;[0m&amp#27;[38;5;-102m[AndroidUiautomator2Driver@1dfb]&amp#27;[0m Matched '/status' to command name 'getStatus'
&amp#27;[38;5;206m[1b12c775]&amp#27;[0m&amp#27;[38;5;-102m[AndroidUiautomator2Driver@1dfb]&amp#27;[0m Proxying [GET /status] to [GET http://127.0.0.1:8202/status] with no body
&amp#27;[38;5;206m[1b12c775]&amp#27;[0m&amp#27;[38;5;-102m[AndroidUiautomator2Driver@1dfb]&amp#27;[0m socket hang up
&amp#27;[38;5;134m[93894a4f]&amp#27;[0m&amp#27;[38;5;-21m[AndroidUiautomator2Driver@c46c]&amp#27;[0m Matched '/status' to command name 'getStatus'
&amp#27;[38;5;134m[93894a4f]&amp#27;[0m&amp#27;[38;5;-21m[AndroidUiautomator2Driver@c46c]&amp#27;[0m Proxying [GET /status] to [GET http://127.0.0.1:8201/status] with no body
&amp#27;[38;5;134m[93894a4f]&amp#27;[0m&amp#27;[38;5;-21m[AndroidUiautomator2Driver@c46c]&amp#27;[0m Got response with status 200: {"sessionId":"None","value":{"message":"UiAutomator2 Server is ready to accept commands","ready":true}}
&amp#27;[38;5;134m[93894a4f]&amp#27;[0m&amp#27;[38;5;-21m[AndroidUiautomator2Driver@c46c]&amp#27;[0m The initialization of the instrumentation process took 1161ms
&amp#27;[38;5;134m[93894a4f]&amp#27;[0m&amp#27;[38;5;-21m[AndroidUiautomator2Driver@c46c]&amp#27;[0m Matched '/session' to command name 'createSession'
&amp#27;[38;5;134m[93894a4f]&amp#27;[0m&amp#27;[38;5;-21m[AndroidUiautomator2Driver@c46c]&amp#27;[0m Proxying [POST /session] to [POST http://127.0.0.1:8201/session] with body: {"capabilities":{"firstMatch":[{"platformName":"ANDROID","appActivity":"com.androidsample.generalstore.SplashActivity","appPackage":"com.androidsample.generalstore","automationName":"UiAutomator2","deviceName":"R3CRC00KHBT","noReset":true,"platformVersion":"10.0","systemPort":8201,"udid":"R3CRC00KHBT","platform":"LINUX","webStorageEnabled":false,"takesScreenshot":true,"javascriptEnabled":true,"databaseEnabled":false,"networkConnectionEnabled":true,"locationContextEnabled":false,"warnings":{},"desired":{"platformName":"ANDROID","appActivity":"com.androidsample.generalstore.SplashActivity","appPackage":"com.androidsample.generalstore","automationName":"UiAutomator2","deviceName":"Samsung_Galaxy_S21","noReset":true,"platformVersion":"10.0","systemPort":8201,"udid":"R3CRC00KHBT"},"deviceUDID":"R3CRC00KHBT"}],"alwaysMatch":{}}}
&amp#27;[38;5;134m[93894a4f]&amp#27;[0m&amp#27;[38;5;-21m[AndroidUiautomator2Driver@c46c]&amp#27;[0m Got response with status 200: {"sessionId":"a5d251d8-107e-41b6-b0b5-336814ba3da3","value":{"capabilities":{"firstMatch":[{"platformName":"ANDROID","appActivity":"com.androidsample.generalstore.SplashActivity","appPackage":"com.androidsample.generalstore","automationName":"UiAutomator2","deviceName":"R3CRC00KHBT","noReset":true,"platformVersion":"10.0","systemPort":8201,"udid":"R3CRC00KHBT","platform":"LINUX","webStorageEnabled":false,"takesScreenshot":true,"javascriptEnabled":true,"databaseEnabled":false,"networkConnectionEnabled":true,"locationContextEnabled":false,"warnings":{},"desired":{"platformName":"ANDROID","appActivity":"com.androidsample.generalstore.SplashActivity","appPackage":"com.androidsample.generalstore","automationName":"UiAutomator2","deviceName":"Samsung_Galaxy_S21","noReset":true,"platformVersion":"10.0","systemPort":8201,"udid":"R3CRC00KHBT"},"deviceUDID":"R3CRC00KHBT"}],"alwaysMatch":{}},"sessionId":"a5d251d8-107e-41b6-b0b5-336814ba3da3"}}
&amp#27;[38;5;134m[93894a4f]&amp#27;[0m&amp#27;[38;5;-21m[AndroidUiautomator2Driver@c46c]&amp#27;[0m Determined the downstream protocol as 'W3C'
&amp#27;[38;5;134m[93894a4f]&amp#27;[0m&amp#27;[38;5;-21m[AndroidUiautomator2Driver@c46c]&amp#27;[0m Proxying [GET /appium/device/pixel_ratio] to [GET http://127.0.0.1:8201/session/a5d251d8-107e-41b6-b0b5-336814ba3da3/appium/device/pixel_ratio] with no body
&amp#27;[38;5;134m[93894a4f]&amp#27;[0m&amp#27;[38;5;-21m[AndroidUiautomator2Driver@c46c]&amp#27;[0m Matched '/appium/device/system_bars' to command name 'getSystemBars'
&amp#27;[38;5;134m[93894a4f]&amp#27;[0m&amp#27;[38;5;-21m[AndroidUiautomator2Driver@c46c]&amp#27;[0m Proxying [GET /appium/device/system_bars] to [GET http://127.0.0.1:8201/session/a5d251d8-107e-41b6-b0b5-336814ba3da3/appium/device/system_bars] with no body
&amp#27;[38;5;134m[93894a4f]&amp#27;[0m&amp#27;[38;5;-21m[AndroidUiautomator2Driver@c46c]&amp#27;[0m Matched '/window/current/size' to command name 'getWindowSize'
&amp#27;[38;5;134m[93894a4f]&amp#27;[0m&amp#27;[38;5;-21m[AndroidUiautomator2Driver@c46c]&amp#27;[0m Proxying [GET /window/current/size] to [GET http://127.0.0.1:8201/session/a5d251d8-107e-41b6-b0b5-336814ba3da3/window/current/size] with no body
&amp#27;[38;5;134m[93894a4f]&amp#27;[0m&amp#27;[38;5;-21m[AndroidUiautomator2Driver@c46c]&amp#27;[0m Proxying [GET /appium/device/info] to [GET http://127.0.0.1:8201/session/a5d251d8-107e-41b6-b0b5-336814ba3da3/appium/device/info] with no body
&amp#27;[38;5;134m[93894a4f]&amp#27;[0m&amp#27;[38;5;229m[ADB]&amp#27;[0m Running 'C:\Users\sajus\AppData\Local\Android\Sdk\platform-tools\adb.exe -P 5037 -s R3CRC00KHBT shell dumpsys window'
&amp#27;[38;5;134m[93894a4f]&amp#27;[0m&amp#27;[38;5;229m[ADB]&amp#27;[0m Running 'C:\Users\sajus\AppData\Local\Android\Sdk\platform-tools\adb.exe -P 5037 -s R3CRC00KHBT shell dumpsys power'
&amp#27;[38;5;206m[1b12c775]&amp#27;[0m&amp#27;[38;5;-102m[AndroidUiautomator2Driver@1dfb]&amp#27;[0m [Instrumentation] 
&amp#27;[38;5;134m[93894a4f]&amp#27;[0m&amp#27;[38;5;-21m[AndroidUiautomator2Driver@c46c]&amp#27;[0m Got response with status 200: {"sessionId":"a5d251d8-107e-41b6-b0b5-336814ba3da3","value":3}
&amp#27;[38;5;134m[93894a4f]&amp#27;[0m&amp#27;[38;5;-21m[AndroidUiautomator2Driver@c46c]&amp#27;[0m Got response with status 200: {"sessionId":"a5d251d8-107e-41b6-b0b5-336814ba3da3","value":{"statusBar":80}}
&amp#27;[38;5;134m[93894a4f]&amp#27;[0m&amp#27;[38;5;-21m[AndroidUiautomator2Driver@c46c]&amp#27;[0m Got response with status 200: {"sessionId":"a5d251d8-107e-41b6-b0b5-336814ba3da3","value":{"height":2400,"width":1080}}
&amp#27;[38;5;134m[93894a4f]&amp#27;[0m&amp#27;[38;5;-21m[AndroidUiautomator2Driver@c46c]&amp#27;[0m Got response with status 200: {"sessionId":"a5d251d8-107e-41b6-b0b5-336814ba3da3","value":{"androidId":"f27012414286a658","apiVersion":"35","bluetooth":{"state":"ON"},"brand":"samsung","carrierName":"","displayDensity":480,"locale":"en_CA","manufacturer":"samsung","model":"SM-G991W","networks":[{"capabilities":{"SSID":null,"linkDownBandwidthKbps":282299,"linkUpstreamBandwidthKbps":1421,"networkCapabilities":"NET_CAPABILITY_NOT_METERED,NET_CAPABILITY_INTERNET,NET_CAPABILITY_NOT_RESTRICTED,NET_CAPABILITY_TRUSTED,NET_CAPABILITY_NOT_VPN,NET_CAPABILITY_VALIDATED,NET_CAPABILITY_NOT_ROAMING,NET_CAPABILITY_FOREGROUND,NET_CAPABILITY_NOT_CONGESTED,NET_CAPABILITY_NOT_SUSPENDED","signalStrength":-55,"transportTypes":"TRANSPORT_WIFI"},"detailedState":"CONNECTED","extraInfo":"","isAvailable":true,"isConnected":true,"isFailover":false,"isRoaming":false,"state":"CONNECTED","subtype":-1,"subtypeName":"","type":1,"typeName":"WIFI"}],"platformVersion":"15","realDisplaySize":"1080x2400","timeZone":"America/New_York"}}
&amp#27;[38;5;134m[93894a4f]&amp#27;[0m&amp#27;[38;5;-21m[AndroidUiautomator2Driver@c46c]&amp#27;[0m Screen already unlocked, doing nothing
&amp#27;[38;5;134m[93894a4f]&amp#27;[0m&amp#27;[38;5;-21m[AndroidUiautomator2Driver@c46c]&amp#27;[0m Starting 'com.androidsample.generalstore/com.androidsample.generalstore.SplashActivity' and waiting for 'com.androidsample.generalstore/com.androidsample.generalstore.SplashActivity'
&amp#27;[38;5;134m[93894a4f]&amp#27;[0m&amp#27;[38;5;229m[ADB]&amp#27;[0m Getting IDs of all 'com.androidsample.generalstore' processes
&amp#27;[38;5;134m[93894a4f]&amp#27;[0m&amp#27;[38;5;229m[ADB]&amp#27;[0m Running 'C:\Users\sajus\AppData\Local\Android\Sdk\platform-tools\adb.exe -P 5037 -s R3CRC00KHBT shell 'pgrep --help; echo $?''
&amp#27;[38;5;134m[93894a4f]&amp#27;[0m&amp#27;[38;5;229m[ADB]&amp#27;[0m Running 'C:\Users\sajus\AppData\Local\Android\Sdk\platform-tools\adb.exe -P 5037 -s R3CRC00KHBT shell pgrep -f \(\[\[:blank:\]\]\|\^\)com\.androidsample\.generalstore\(:\[a-zA-Z0-9_-\]\+\)\?\(\[\[:blank:\]\]\|\$\)'
&amp#27;[38;5;134m[93894a4f]&amp#27;[0m&amp#27;[38;5;229m[ADB]&amp#27;[0m Running 'C:\Users\sajus\AppData\Local\Android\Sdk\platform-tools\adb.exe -P 5037 -s R3CRC00KHBT shell am start-activity -W -n com.androidsample.generalstore/com.androidsample.generalstore.SplashActivity -S -a android.intent.action.MAIN -c android.intent.category.LAUNCHER -f 0x10200000'
&amp#27;[38;5;206m[1b12c775]&amp#27;[0m&amp#27;[38;5;-102m[AndroidUiautomator2Driver@1dfb]&amp#27;[0m Matched '/status' to command name 'getStatus'
&amp#27;[38;5;206m[1b12c775]&amp#27;[0m&amp#27;[38;5;-102m[AndroidUiautomator2Driver@1dfb]&amp#27;[0m Proxying [GET /status] to [GET http://127.0.0.1:8202/status] with no body
&amp#27;[38;5;206m[1b12c775]&amp#27;[0m&amp#27;[38;5;-102m[AndroidUiautomator2Driver@1dfb]&amp#27;[0m Got response with status 200: {"sessionId":"None","value":{"message":"UiAutomator2 Server is ready to accept commands","ready":true}}
&amp#27;[38;5;206m[1b12c775]&amp#27;[0m&amp#27;[38;5;-102m[AndroidUiautomator2Driver@1dfb]&amp#27;[0m The initialization of the instrumentation process took 2219ms
&amp#27;[38;5;206m[1b12c775]&amp#27;[0m&amp#27;[38;5;-102m[AndroidUiautomator2Driver@1dfb]&amp#27;[0m Matched '/session' to command name 'createSession'
&amp#27;[38;5;206m[1b12c775]&amp#27;[0m&amp#27;[38;5;-102m[AndroidUiautomator2Driver@1dfb]&amp#27;[0m Proxying [POST /session] to [POST http://127.0.0.1:8202/session] with body: {"capabilities":{"firstMatch":[{"platformName":"ANDROID","appActivity":"com.androidsample.generalstore.SplashActivity","appPackage":"com.androidsample.generalstore","automationName":"UiAutomator2","deviceName":"CTLID18120801016","noReset":true,"platformVersion":"11.0","systemPort":8202,"udid":"CTLID18120801016","platform":"LINUX","webStorageEnabled":false,"takesScreenshot":true,"javascriptEnabled":true,"databaseEnabled":false,"networkConnectionEnabled":true,"locationContextEnabled":false,"warnings":{},"desired":{"platformName":"ANDROID","appActivity":"com.androidsample.generalstore.SplashActivity","appPackage":"com.androidsample.generalstore","automationName":"UiAutomator2","deviceName":"Nokia","noReset":true,"platformVersion":"11.0","systemPort":8202,"udid":"CTLID18120801016"},"deviceUDID":"CTLID18120801016"}],"alwaysMatch":{}}}
&amp#27;[38;5;206m[1b12c775]&amp#27;[0m&amp#27;[38;5;-102m[AndroidUiautomator2Driver@1dfb]&amp#27;[0m Got response with status 200: {"sessionId":"ed54c7bc-adeb-42e0-9387-17b5d82c9495","value":{"capabilities":{"firstMatch":[{"platformName":"ANDROID","appActivity":"com.androidsample.generalstore.SplashActivity","appPackage":"com.androidsample.generalstore","automationName":"UiAutomator2","deviceName":"CTLID18120801016","noReset":true,"platformVersion":"11.0","systemPort":8202,"udid":"CTLID18120801016","platform":"LINUX","webStorageEnabled":false,"takesScreenshot":true,"javascriptEnabled":true,"databaseEnabled":false,"networkConnectionEnabled":true,"locationContextEnabled":false,"warnings":{},"desired":{"platformName":"ANDROID","appActivity":"com.androidsample.generalstore.SplashActivity","appPackage":"com.androidsample.generalstore","automationName":"UiAutomator2","deviceName":"Nokia","noReset":true,"platformVersion":"11.0","systemPort":8202,"udid":"CTLID18120801016"},"deviceUDID":"CTLID18120801016"}],"alwaysMatch":{}},"sessionId":"ed54c7bc-adeb-42e0-9387-17b5d82c9495"}}
&amp#27;[38;5;206m[1b12c775]&amp#27;[0m&amp#27;[38;5;-102m[AndroidUiautomator2Driver@1dfb]&amp#27;[0m Determined the downstream protocol as 'W3C'
&amp#27;[38;5;206m[1b12c775]&amp#27;[0m&amp#27;[38;5;-102m[AndroidUiautomator2Driver@1dfb]&amp#27;[0m Proxying [GET /appium/device/pixel_ratio] to [GET http://127.0.0.1:8202/session/ed54c7bc-adeb-42e0-9387-17b5d82c9495/appium/device/pixel_ratio] with no body
&amp#27;[38;5;206m[1b12c775]&amp#27;[0m&amp#27;[38;5;-102m[AndroidUiautomator2Driver@1dfb]&amp#27;[0m Matched '/appium/device/system_bars' to command name 'getSystemBars'
&amp#27;[38;5;206m[1b12c775]&amp#27;[0m&amp#27;[38;5;-102m[AndroidUiautomator2Driver@1dfb]&amp#27;[0m Proxying [GET /appium/device/system_bars] to [GET http://127.0.0.1:8202/session/ed54c7bc-adeb-42e0-9387-17b5d82c9495/appium/device/system_bars] with no body
&amp#27;[38;5;206m[1b12c775]&amp#27;[0m&amp#27;[38;5;-102m[AndroidUiautomator2Driver@1dfb]&amp#27;[0m Matched '/window/current/size' to command name 'getWindowSize'
&amp#27;[38;5;206m[1b12c775]&amp#27;[0m&amp#27;[38;5;-102m[AndroidUiautomator2Driver@1dfb]&amp#27;[0m Proxying [GET /window/current/size] to [GET http://127.0.0.1:8202/session/ed54c7bc-adeb-42e0-9387-17b5d82c9495/window/current/size] with no body
&amp#27;[38;5;206m[1b12c775]&amp#27;[0m&amp#27;[38;5;-102m[AndroidUiautomator2Driver@1dfb]&amp#27;[0m Proxying [GET /appium/device/info] to [GET http://127.0.0.1:8202/session/ed54c7bc-adeb-42e0-9387-17b5d82c9495/appium/device/info] with no body
&amp#27;[38;5;206m[1b12c775]&amp#27;[0m&amp#27;[38;5;229m[ADB]&amp#27;[0m Running 'C:\Users\sajus\AppData\Local\Android\Sdk\platform-tools\adb.exe -P 5037 -s CTLID18120801016 shell dumpsys window'
&amp#27;[38;5;206m[1b12c775]&amp#27;[0m&amp#27;[38;5;229m[ADB]&amp#27;[0m Running 'C:\Users\sajus\AppData\Local\Android\Sdk\platform-tools\adb.exe -P 5037 -s CTLID18120801016 shell dumpsys power'
&amp#27;[38;5;206m[1b12c775]&amp#27;[0m&amp#27;[38;5;-102m[AndroidUiautomator2Driver@1dfb]&amp#27;[0m Got response with status 200: {"sessionId":"ed54c7bc-adeb-42e0-9387-17b5d82c9495","value":2.625}
&amp#27;[38;5;206m[1b12c775]&amp#27;[0m&amp#27;[38;5;-102m[AndroidUiautomator2Driver@1dfb]&amp#27;[0m Got response with status 200: {"sessionId":"ed54c7bc-adeb-42e0-9387-17b5d82c9495","value":{"statusBar":89}}
&amp#27;[38;5;206m[1b12c775]&amp#27;[0m&amp#27;[38;5;-102m[AndroidUiautomator2Driver@1dfb]&amp#27;[0m Got response with status 200: {"sessionId":"ed54c7bc-adeb-42e0-9387-17b5d82c9495","value":{"height":2280,"width":1080}}
&amp#27;[38;5;206m[1b12c775]&amp#27;[0m&amp#27;[38;5;-102m[AndroidUiautomator2Driver@1dfb]&amp#27;[0m Screen already unlocked, doing nothing
&amp#27;[38;5;206m[1b12c775]&amp#27;[0m&amp#27;[38;5;-102m[AndroidUiautomator2Driver@1dfb]&amp#27;[0m Starting 'com.androidsample.generalstore/com.androidsample.generalstore.SplashActivity' and waiting for 'com.androidsample.generalstore/com.androidsample.generalstore.SplashActivity'
&amp#27;[38;5;206m[1b12c775]&amp#27;[0m&amp#27;[38;5;229m[ADB]&amp#27;[0m Getting IDs of all 'com.androidsample.generalstore' processes
&amp#27;[38;5;206m[1b12c775]&amp#27;[0m&amp#27;[38;5;229m[ADB]&amp#27;[0m Running 'C:\Users\sajus\AppData\Local\Android\Sdk\platform-tools\adb.exe -P 5037 -s CTLID18120801016 shell 'pgrep --help; echo $?''
&amp#27;[38;5;206m[1b12c775]&amp#27;[0m&amp#27;[38;5;-102m[AndroidUiautomator2Driver@1dfb]&amp#27;[0m Got response with status 200: {"sessionId":"ed54c7bc-adeb-42e0-9387-17b5d82c9495","value":{"androidId":"7be9e4e610cc4454","apiVersion":"29","bluetooth":{"state":"OFF"},"brand":"Nokia","carrierName":"","displayDensity":420,"locale":"en_IN","manufacturer":"HMD Global","model":"Nokia 7.1","networks":[{"capabilities":{"SSID":null,"linkDownBandwidthKbps":1048576,"linkUpstreamBandwidthKbps":1048576,"networkCapabilities":"NET_CAPABILITY_NOT_METERED,NET_CAPABILITY_INTERNET,NET_CAPABILITY_NOT_RESTRICTED,NET_CAPABILITY_TRUSTED,NET_CAPABILITY_NOT_VPN,NET_CAPABILITY_VALIDATED,NET_CAPABILITY_NOT_ROAMING,NET_CAPABILITY_FOREGROUND,NET_CAPABILITY_NOT_CONGESTED,NET_CAPABILITY_NOT_SUSPENDED","signalStrength":-55,"transportTypes":"TRANSPORT_WIFI"},"detailedState":"CONNECTED","extraInfo":null,"isAvailable":true,"isConnected":true,"isFailover":false,"isRoaming":false,"state":"CONNECTED","subtype":0,"subtypeName":"","type":1,"typeName":"WIFI"}],"platformVersion":"10","realDisplaySize":"1080x2280","timeZone":"America/Toronto"}}
&amp#27;[38;5;206m[1b12c775]&amp#27;[0m&amp#27;[38;5;229m[ADB]&amp#27;[0m Running 'C:\Users\sajus\AppData\Local\Android\Sdk\platform-tools\adb.exe -P 5037 -s CTLID18120801016 shell pgrep -f \(\[\[:blank:\]\]\|\^\)com\.androidsample\.generalstore\(:\[a-zA-Z0-9_-\]\+\)\?\(\[\[:blank:\]\]\|\$\)'
&amp#27;[38;5;134m[93894a4f]&amp#27;[0m&amp#27;[38;5;55m[AppiumDriver@6ca7]&amp#27;[0m New AndroidUiautomator2Driver session created successfully, session 93894a4f-9272-4eeb-bdcc-496143537dd3 added to master session list
&amp#27;[38;5;134m[93894a4f]&amp#27;[0m&amp#27;[38;5;55m[AppiumDriver@6ca7]&amp#27;[0m Event 'newSessionStarted' logged at 1750222828982 (01:00:28 GMT-0400 (Eastern Daylight Saving Time))
&amp#27;[38;5;134m[93894a4f]&amp#27;[0m&amp#27;[38;5;-21m[AndroidUiautomator2Driver@c46c]&amp#27;[0m Cached the protocol value 'W3C' for the new session 93894a4f-9272-4eeb-bdcc-496143537dd3
&amp#27;[38;5;134m[93894a4f]&amp#27;[0m&amp#27;[38;5;-21m[AndroidUiautomator2Driver@c46c]&amp#27;[0m Responding to client with driver.createSession() result: {"capabilities":{"platformName":"ANDROID","appActivity":"com.androidsample.generalstore.SplashActivity","appPackage":"com.androidsample.generalstore","automationName":"UiAutomator2","deviceName":"R3CRC00KHBT","noReset":true,"platformVersion":"15","systemPort":8201,"udid":"R3CRC00KHBT","platform":"LINUX","webStorageEnabled":false,"takesScreenshot":true,"javascriptEnabled":true,"databaseEnabled":false,"networkConnectionEnabled":true,"locationContextEnabled":false,"warnings":{},"desired":{"platformName":"ANDROID","appActivity":"com.androidsample.generalstore.SplashActivity","appPackage":"com.androidsample.generalstore","automationName":"UiAutomator2","deviceName":"Samsung_Galaxy_S21","noReset":true,"platformVersion":"10.0","systemPort":8201,"udid":"R3CRC00KHBT"},"deviceUDID":"R3CRC00KHBT","pixelRatio":"3","statBarHeight":80,"viewportRect":{"left":0,"top":80,"width":1080,"height":2320},"deviceApiLevel":35,"deviceManufacturer":"samsung","deviceModel":"SM-G991W","deviceScreenSize":"1080x2400","deviceScreenDensit...
&amp#27;[38;5;134m[93894a4f]&amp#27;[0m&amp#27;[38;5;86m[HTTP]&amp#27;[0m &amp#27;[37m<-- POST /session &amp#27;[39m&amp#27;[32m200&amp#27;[39m &amp#27;[90m4484 ms - 1090&amp#27;[39m &amp#27;[90m&amp#27;[39m
&amp#27;[38;5;206m[1b12c775]&amp#27;[0m&amp#27;[38;5;229m[ADB]&amp#27;[0m Running 'C:\Users\sajus\AppData\Local\Android\Sdk\platform-tools\adb.exe -P 5037 -s CTLID18120801016 shell am start-activity -W -n com.androidsample.generalstore/com.androidsample.generalstore.SplashActivity -S -a android.intent.action.MAIN -c android.intent.category.LAUNCHER -f 0x10200000'
&amp#27;[38;5;134m[93894a4f]&amp#27;[0m&amp#27;[38;5;86m[HTTP]&amp#27;[0m &amp#27;[37m-->&amp#27;[39m &amp#27;[37mPOST&amp#27;[39m &amp#27;[37m/session/93894a4f-9272-4eeb-bdcc-496143537dd3/execute/sync&amp#27;[39m &amp#27;[90m{"script":"mobile: getCurrentActivity","args":[]}&amp#27;[39m
&amp#27;[38;5;134m[93894a4f]&amp#27;[0m&amp#27;[38;5;-21m[AndroidUiautomator2Driver@c46c]&amp#27;[0m Calling AppiumDriver.execute() with args: ["mobile: getCurrentActivity",[],"93894a4f-9272-4eeb-bdcc-496143537dd3"]
&amp#27;[38;5;134m[93894a4f]&amp#27;[0m&amp#27;[38;5;229m[ADB]&amp#27;[0m Getting focused package and activity
&amp#27;[38;5;134m[93894a4f]&amp#27;[0m&amp#27;[38;5;229m[ADB]&amp#27;[0m Running 'C:\Users\sajus\AppData\Local\Android\Sdk\platform-tools\adb.exe -P 5037 -s R3CRC00KHBT shell dumpsys window displays'
&amp#27;[38;5;134m[93894a4f]&amp#27;[0m&amp#27;[38;5;-21m[AndroidUiautomator2Driver@c46c]&amp#27;[0m Responding to client with driver.execute() result: ".SplashActivity"
&amp#27;[38;5;134m[93894a4f]&amp#27;[0m&amp#27;[38;5;86m[HTTP]&amp#27;[0m &amp#27;[37m<-- POST /session/93894a4f-9272-4eeb-bdcc-496143537dd3/execute/sync &amp#27;[39m&amp#27;[32m200&amp#27;[39m &amp#27;[90m94 ms - 27&amp#27;[39m &amp#27;[90m&amp#27;[39m
Current Activity: .SplashActivity
&amp#27;[38;5;206m[1b12c775]&amp#27;[0m&amp#27;[38;5;109m[AppiumDriver@f599]&amp#27;[0m New AndroidUiautomator2Driver session created successfully, session 1b12c775-d662-47e6-8e2c-2f8d395bd470 added to master session list
&amp#27;[38;5;206m[1b12c775]&amp#27;[0m&amp#27;[38;5;109m[AppiumDriver@f599]&amp#27;[0m Event 'newSessionStarted' logged at 1750222829743 (01:00:29 GMT-0400 (Eastern Daylight Saving Time))
&amp#27;[38;5;206m[1b12c775]&amp#27;[0m&amp#27;[38;5;-102m[AndroidUiautomator2Driver@1dfb]&amp#27;[0m Cached the protocol value 'W3C' for the new session 1b12c775-d662-47e6-8e2c-2f8d395bd470
&amp#27;[38;5;206m[1b12c775]&amp#27;[0m&amp#27;[38;5;-102m[AndroidUiautomator2Driver@1dfb]&amp#27;[0m Responding to client with driver.createSession() result: {"capabilities":{"platformName":"ANDROID","appActivity":"com.androidsample.generalstore.SplashActivity","appPackage":"com.androidsample.generalstore","automationName":"UiAutomator2","deviceName":"CTLID18120801016","noReset":true,"platformVersion":"10","systemPort":8202,"udid":"CTLID18120801016","platform":"LINUX","webStorageEnabled":false,"takesScreenshot":true,"javascriptEnabled":true,"databaseEnabled":false,"networkConnectionEnabled":true,"locationContextEnabled":false,"warnings":{},"desired":{"platformName":"ANDROID","appActivity":"com.androidsample.generalstore.SplashActivity","appPackage":"com.androidsample.generalstore","automationName":"UiAutomator2","deviceName":"Nokia","noReset":true,"platformVersion":"11.0","systemPort":8202,"udid":"CTLID18120801016"},"deviceUDID":"CTLID18120801016","pixelRatio":"2.625","statBarHeight":89,"viewportRect":{"left":0,"top":89,"width":1080,"height":2191},"deviceApiLevel":29,"deviceManufacturer":"HMD Global","deviceModel":"Nokia 7.1","deviceScreenSize":"1080x2280","dev...
&amp#27;[38;5;206m[1b12c775]&amp#27;[0m&amp#27;[38;5;86m[HTTP]&amp#27;[0m &amp#27;[37m<-- POST /session &amp#27;[39m&amp#27;[32m200&amp#27;[39m &amp#27;[90m5244 ms - 1105&amp#27;[39m &amp#27;[90m&amp#27;[39m
&amp#27;[38;5;206m[1b12c775]&amp#27;[0m&amp#27;[38;5;86m[HTTP]&amp#27;[0m &amp#27;[37m-->&amp#27;[39m &amp#27;[37mPOST&amp#27;[39m &amp#27;[37m/session/1b12c775-d662-47e6-8e2c-2f8d395bd470/execute/sync&amp#27;[39m &amp#27;[90m{"script":"mobile: getCurrentActivity","args":[]}&amp#27;[39m
&amp#27;[38;5;206m[1b12c775]&amp#27;[0m&amp#27;[38;5;-102m[AndroidUiautomator2Driver@1dfb]&amp#27;[0m Calling AppiumDriver.execute() with args: ["mobile: getCurrentActivity",[],"1b12c775-d662-47e6-8e2c-2f8d395bd470"]
&amp#27;[38;5;206m[1b12c775]&amp#27;[0m&amp#27;[38;5;229m[ADB]&amp#27;[0m Getting focused package and activity
&amp#27;[38;5;206m[1b12c775]&amp#27;[0m&amp#27;[38;5;229m[ADB]&amp#27;[0m Running 'C:\Users\sajus\AppData\Local\Android\Sdk\platform-tools\adb.exe -P 5037 -s CTLID18120801016 shell dumpsys window displays'
&amp#27;[38;5;206m[1b12c775]&amp#27;[0m&amp#27;[38;5;-102m[AndroidUiautomator2Driver@1dfb]&amp#27;[0m Responding to client with driver.execute() result: ".SplashActivity"
&amp#27;[38;5;206m[1b12c775]&amp#27;[0m&amp#27;[38;5;86m[HTTP]&amp#27;[0m &amp#27;[37m<-- POST /session/1b12c775-d662-47e6-8e2c-2f8d395bd470/execute/sync &amp#27;[39m&amp#27;[32m200&amp#27;[39m &amp#27;[90m93 ms - 27&amp#27;[39m &amp#27;[90m&amp#27;[39m
Current Activity: .SplashActivity
&amp#27;[38;5;134m[93894a4f]&amp#27;[0m&amp#27;[38;5;86m[HTTP]&amp#27;[0m &amp#27;[37m-->&amp#27;[39m &amp#27;[37mPOST&amp#27;[39m &amp#27;[37m/session/93894a4f-9272-4eeb-bdcc-496143537dd3/element&amp#27;[39m &amp#27;[90m{"using":"id","value":"com.androidsample.generalstore:id/btnLetsShop"}&amp#27;[39m
&amp#27;[38;5;134m[93894a4f]&amp#27;[0m&amp#27;[38;5;-21m[AndroidUiautomator2Driver@c46c]&amp#27;[0m Calling AppiumDriver.findElement() with args: ["id","com.androidsample.generalstore:id/btnLetsShop","93894a4f-9272-4eeb-bdcc-496143537dd3"]
&amp#27;[38;5;134m[93894a4f]&amp#27;[0m&amp#27;[38;5;-21m[AndroidUiautomator2Driver@c46c]&amp#27;[0m Valid locator strategies for this request: xpath, id, class name, accessibility id, css selector, -android uiautomator
&amp#27;[38;5;134m[93894a4f]&amp#27;[0m&amp#27;[38;5;-21m[AndroidUiautomator2Driver@c46c]&amp#27;[0m Waiting up to 0 ms for condition
&amp#27;[38;5;134m[93894a4f]&amp#27;[0m&amp#27;[38;5;-21m[AndroidUiautomator2Driver@c46c]&amp#27;[0m Matched '/element' to command name 'findElement'
&amp#27;[38;5;134m[93894a4f]&amp#27;[0m&amp#27;[38;5;-21m[AndroidUiautomator2Driver@c46c]&amp#27;[0m Proxying [POST /element] to [POST http://127.0.0.1:8201/session/a5d251d8-107e-41b6-b0b5-336814ba3da3/element] with body: {"strategy":"id","selector":"com.androidsample.generalstore:id/btnLetsShop","context":"","multiple":false}
&amp#27;[38;5;134m[93894a4f]&amp#27;[0m&amp#27;[38;5;-21m[AndroidUiautomator2Driver@c46c]&amp#27;[0m Got response with status 200: {"sessionId":"a5d251d8-107e-41b6-b0b5-336814ba3da3","value":{"ELEMENT":"00000000-0000-11dd-ffff-ffff00000021","element-6066-11e4-a52e-4f735466cecf":"00000000-0000-11dd-ffff-ffff00000021"}}
&amp#27;[38;5;134m[93894a4f]&amp#27;[0m&amp#27;[38;5;-21m[AndroidUiautomator2Driver@c46c]&amp#27;[0m Responding to client with driver.findElement() result: {"element-6066-11e4-a52e-4f735466cecf":"00000000-0000-11dd-ffff-ffff00000021","ELEMENT":"00000000-0000-11dd-ffff-ffff00000021"}
&amp#27;[38;5;134m[93894a4f]&amp#27;[0m&amp#27;[38;5;86m[HTTP]&amp#27;[0m &amp#27;[37m<-- POST /session/93894a4f-9272-4eeb-bdcc-496143537dd3/element &amp#27;[39m&amp#27;[32m200&amp#27;[39m &amp#27;[90m49 ms - 137&amp#27;[39m &amp#27;[90m&amp#27;[39m
&amp#27;[38;5;134m[93894a4f]&amp#27;[0m&amp#27;[38;5;86m[HTTP]&amp#27;[0m &amp#27;[37m-->&amp#27;[39m &amp#27;[37mPOST&amp#27;[39m &amp#27;[37m/session/93894a4f-9272-4eeb-bdcc-496143537dd3/element/00000000-0000-11dd-ffff-ffff00000021/click&amp#27;[39m &amp#27;[90m{"id":"00000000-0000-11dd-ffff-ffff00000021"}&amp#27;[39m
&amp#27;[38;5;134m[93894a4f]&amp#27;[0m&amp#27;[38;5;-21m[AndroidUiautomator2Driver@c46c]&amp#27;[0m Calling AppiumDriver.click() with args: ["00000000-0000-11dd-ffff-ffff00000021","93894a4f-9272-4eeb-bdcc-496143537dd3"]
&amp#27;[38;5;134m[93894a4f]&amp#27;[0m&amp#27;[38;5;-21m[AndroidUiautomator2Driver@c46c]&amp#27;[0m Matched '/element/00000000-0000-11dd-ffff-ffff00000021/click' to command name 'click'
&amp#27;[38;5;134m[93894a4f]&amp#27;[0m&amp#27;[38;5;-21m[AndroidUiautomator2Driver@c46c]&amp#27;[0m Proxying [POST /element/00000000-0000-11dd-ffff-ffff00000021/click] to [POST http://127.0.0.1:8201/session/a5d251d8-107e-41b6-b0b5-336814ba3da3/element/00000000-0000-11dd-ffff-ffff00000021/click] with body: {"element":"00000000-0000-11dd-ffff-ffff00000021"}
&amp#27;[38;5;134m[93894a4f]&amp#27;[0m&amp#27;[38;5;-21m[AndroidUiautomator2Driver@c46c]&amp#27;[0m Got response with status 200: {"sessionId":"a5d251d8-107e-41b6-b0b5-336814ba3da3","value":null}
&amp#27;[38;5;134m[93894a4f]&amp#27;[0m&amp#27;[38;5;-21m[AndroidUiautomator2Driver@c46c]&amp#27;[0m Responding to client with driver.click() result: null
&amp#27;[38;5;134m[93894a4f]&amp#27;[0m&amp#27;[38;5;86m[HTTP]&amp#27;[0m &amp#27;[37m<-- POST /session/93894a4f-9272-4eeb-bdcc-496143537dd3/element/00000000-0000-11dd-ffff-ffff00000021/click &amp#27;[39m&amp#27;[32m200&amp#27;[39m &amp#27;[90m74 ms - 14&amp#27;[39m &amp#27;[90m&amp#27;[39m
&amp#27;[38;5;134m[93894a4f]&amp#27;[0m&amp#27;[38;5;86m[HTTP]&amp#27;[0m &amp#27;[37m-->&amp#27;[39m &amp#27;[37mPOST&amp#27;[39m &amp#27;[37m/session/93894a4f-9272-4eeb-bdcc-496143537dd3/element&amp#27;[39m &amp#27;[90m{"using":"xpath","value":"//android.widget.Toast[@text='Please enter your name']"}&amp#27;[39m
&amp#27;[38;5;134m[93894a4f]&amp#27;[0m&amp#27;[38;5;-21m[AndroidUiautomator2Driver@c46c]&amp#27;[0m Calling AppiumDriver.findElement() with args: ["xpath","//android.widget.Toast[@text='Please enter your name']","93894a4f-9272-4eeb-bdcc-496143537dd3"]
&amp#27;[38;5;134m[93894a4f]&amp#27;[0m&amp#27;[38;5;-21m[AndroidUiautomator2Driver@c46c]&amp#27;[0m Valid locator strategies for this request: xpath, id, class name, accessibility id, css selector, -android uiautomator
&amp#27;[38;5;134m[93894a4f]&amp#27;[0m&amp#27;[38;5;-21m[AndroidUiautomator2Driver@c46c]&amp#27;[0m Waiting up to 0 ms for condition
&amp#27;[38;5;134m[93894a4f]&amp#27;[0m&amp#27;[38;5;-21m[AndroidUiautomator2Driver@c46c]&amp#27;[0m Matched '/element' to command name 'findElement'
&amp#27;[38;5;134m[93894a4f]&amp#27;[0m&amp#27;[38;5;-21m[AndroidUiautomator2Driver@c46c]&amp#27;[0m Proxying [POST /element] to [POST http://127.0.0.1:8201/session/a5d251d8-107e-41b6-b0b5-336814ba3da3/element] with body: {"strategy":"xpath","selector":"//android.widget.Toast[@text='Please enter your name']","context":"","multiple":false}
&amp#27;[38;5;206m[1b12c775]&amp#27;[0m&amp#27;[38;5;86m[HTTP]&amp#27;[0m &amp#27;[37m-->&amp#27;[39m &amp#27;[37mPOST&amp#27;[39m &amp#27;[37m/session/1b12c775-d662-47e6-8e2c-2f8d395bd470/element&amp#27;[39m &amp#27;[90m{"using":"id","value":"com.androidsample.generalstore:id/btnLetsShop"}&amp#27;[39m
&amp#27;[38;5;206m[1b12c775]&amp#27;[0m&amp#27;[38;5;-102m[AndroidUiautomator2Driver@1dfb]&amp#27;[0m Calling AppiumDriver.findElement() with args: ["id","com.androidsample.generalstore:id/btnLetsShop","1b12c775-d662-47e6-8e2c-2f8d395bd470"]
&amp#27;[38;5;206m[1b12c775]&amp#27;[0m&amp#27;[38;5;-102m[AndroidUiautomator2Driver@1dfb]&amp#27;[0m Valid locator strategies for this request: xpath, id, class name, accessibility id, css selector, -android uiautomator
&amp#27;[38;5;206m[1b12c775]&amp#27;[0m&amp#27;[38;5;-102m[AndroidUiautomator2Driver@1dfb]&amp#27;[0m Waiting up to 0 ms for condition
&amp#27;[38;5;206m[1b12c775]&amp#27;[0m&amp#27;[38;5;-102m[AndroidUiautomator2Driver@1dfb]&amp#27;[0m Matched '/element' to command name 'findElement'
&amp#27;[38;5;206m[1b12c775]&amp#27;[0m&amp#27;[38;5;-102m[AndroidUiautomator2Driver@1dfb]&amp#27;[0m Proxying [POST /element] to [POST http://127.0.0.1:8202/session/ed54c7bc-adeb-42e0-9387-17b5d82c9495/element] with body: {"strategy":"id","selector":"com.androidsample.generalstore:id/btnLetsShop","context":"","multiple":false}
&amp#27;[38;5;206m[1b12c775]&amp#27;[0m&amp#27;[38;5;-102m[AndroidUiautomator2Driver@1dfb]&amp#27;[0m Got response with status 200: {"sessionId":"ed54c7bc-adeb-42e0-9387-17b5d82c9495","value":{"ELEMENT":"00000000-0000-069b-ffff-ffff00000021","element-6066-11e4-a52e-4f735466cecf":"00000000-0000-069b-ffff-ffff00000021"}}
&amp#27;[38;5;206m[1b12c775]&amp#27;[0m&amp#27;[38;5;-102m[AndroidUiautomator2Driver@1dfb]&amp#27;[0m Responding to client with driver.findElement() result: {"element-6066-11e4-a52e-4f735466cecf":"00000000-0000-069b-ffff-ffff00000021","ELEMENT":"00000000-0000-069b-ffff-ffff00000021"}
&amp#27;[38;5;206m[1b12c775]&amp#27;[0m&amp#27;[38;5;86m[HTTP]&amp#27;[0m &amp#27;[37m<-- POST /session/1b12c775-d662-47e6-8e2c-2f8d395bd470/element &amp#27;[39m&amp#27;[32m200&amp#27;[39m &amp#27;[90m71 ms - 137&amp#27;[39m &amp#27;[90m&amp#27;[39m
&amp#27;[38;5;206m[1b12c775]&amp#27;[0m&amp#27;[38;5;86m[HTTP]&amp#27;[0m &amp#27;[37m-->&amp#27;[39m &amp#27;[37mPOST&amp#27;[39m &amp#27;[37m/session/1b12c775-d662-47e6-8e2c-2f8d395bd470/element/00000000-0000-069b-ffff-ffff00000021/click&amp#27;[39m &amp#27;[90m{"id":"00000000-0000-069b-ffff-ffff00000021"}&amp#27;[39m
&amp#27;[38;5;206m[1b12c775]&amp#27;[0m&amp#27;[38;5;-102m[AndroidUiautomator2Driver@1dfb]&amp#27;[0m Calling AppiumDriver.click() with args: ["00000000-0000-069b-ffff-ffff00000021","1b12c775-d662-47e6-8e2c-2f8d395bd470"]
&amp#27;[38;5;206m[1b12c775]&amp#27;[0m&amp#27;[38;5;-102m[AndroidUiautomator2Driver@1dfb]&amp#27;[0m Matched '/element/00000000-0000-069b-ffff-ffff00000021/click' to command name 'click'
&amp#27;[38;5;206m[1b12c775]&amp#27;[0m&amp#27;[38;5;-102m[AndroidUiautomator2Driver@1dfb]&amp#27;[0m Proxying [POST /element/00000000-0000-069b-ffff-ffff00000021/click] to [POST http://127.0.0.1:8202/session/ed54c7bc-adeb-42e0-9387-17b5d82c9495/element/00000000-0000-069b-ffff-ffff00000021/click] with body: {"element":"00000000-0000-069b-ffff-ffff00000021"}
&amp#27;[38;5;206m[1b12c775]&amp#27;[0m&amp#27;[38;5;-102m[AndroidUiautomator2Driver@1dfb]&amp#27;[0m Got response with status 200: {"sessionId":"ed54c7bc-adeb-42e0-9387-17b5d82c9495","value":null}
&amp#27;[38;5;206m[1b12c775]&amp#27;[0m&amp#27;[38;5;-102m[AndroidUiautomator2Driver@1dfb]&amp#27;[0m Responding to client with driver.click() result: null
&amp#27;[38;5;206m[1b12c775]&amp#27;[0m&amp#27;[38;5;86m[HTTP]&amp#27;[0m &amp#27;[37m<-- POST /session/1b12c775-d662-47e6-8e2c-2f8d395bd470/element/00000000-0000-069b-ffff-ffff00000021/click &amp#27;[39m&amp#27;[32m200&amp#27;[39m &amp#27;[90m73 ms - 14&amp#27;[39m &amp#27;[90m&amp#27;[39m
&amp#27;[38;5;206m[1b12c775]&amp#27;[0m&amp#27;[38;5;86m[HTTP]&amp#27;[0m &amp#27;[37m-->&amp#27;[39m &amp#27;[37mPOST&amp#27;[39m &amp#27;[37m/session/1b12c775-d662-47e6-8e2c-2f8d395bd470/element&amp#27;[39m &amp#27;[90m{"using":"xpath","value":"//android.widget.Toast[@text='Please enter your name']"}&amp#27;[39m
&amp#27;[38;5;206m[1b12c775]&amp#27;[0m&amp#27;[38;5;-102m[AndroidUiautomator2Driver@1dfb]&amp#27;[0m Calling AppiumDriver.findElement() with args: ["xpath","//android.widget.Toast[@text='Please enter your name']","1b12c775-d662-47e6-8e2c-2f8d395bd470"]
&amp#27;[38;5;206m[1b12c775]&amp#27;[0m&amp#27;[38;5;-102m[AndroidUiautomator2Driver@1dfb]&amp#27;[0m Valid locator strategies for this request: xpath, id, class name, accessibility id, css selector, -android uiautomator
&amp#27;[38;5;206m[1b12c775]&amp#27;[0m&amp#27;[38;5;-102m[AndroidUiautomator2Driver@1dfb]&amp#27;[0m Waiting up to 0 ms for condition
&amp#27;[38;5;206m[1b12c775]&amp#27;[0m&amp#27;[38;5;-102m[AndroidUiautomator2Driver@1dfb]&amp#27;[0m Matched '/element' to command name 'findElement'
&amp#27;[38;5;206m[1b12c775]&amp#27;[0m&amp#27;[38;5;-102m[AndroidUiautomator2Driver@1dfb]&amp#27;[0m Proxying [POST /element] to [POST http://127.0.0.1:8202/session/ed54c7bc-adeb-42e0-9387-17b5d82c9495/element] with body: {"strategy":"xpath","selector":"//android.widget.Toast[@text='Please enter your name']","context":"","multiple":false}
&amp#27;[38;5;134m[93894a4f]&amp#27;[0m&amp#27;[38;5;-21m[AndroidUiautomator2Driver@c46c]&amp#27;[0m Got response with status 200: {"sessionId":"a5d251d8-107e-41b6-b0b5-336814ba3da3","value":{"ELEMENT":"fb563d4a-8c0e-4681-a37e-98f1e56eec63","element-6066-11e4-a52e-4f735466cecf":"fb563d4a-8c0e-4681-a37e-98f1e56eec63"}}
&amp#27;[38;5;134m[93894a4f]&amp#27;[0m&amp#27;[38;5;-21m[AndroidUiautomator2Driver@c46c]&amp#27;[0m Responding to client with driver.findElement() result: {"element-6066-11e4-a52e-4f735466cecf":"fb563d4a-8c0e-4681-a37e-98f1e56eec63","ELEMENT":"fb563d4a-8c0e-4681-a37e-98f1e56eec63"}
&amp#27;[38;5;134m[93894a4f]&amp#27;[0m&amp#27;[38;5;86m[HTTP]&amp#27;[0m &amp#27;[37m<-- POST /session/93894a4f-9272-4eeb-bdcc-496143537dd3/element &amp#27;[39m&amp#27;[32m200&amp#27;[39m &amp#27;[90m703 ms - 137&amp#27;[39m &amp#27;[90m&amp#27;[39m
&amp#27;[38;5;134m[93894a4f]&amp#27;[0m&amp#27;[38;5;86m[HTTP]&amp#27;[0m &amp#27;[37m-->&amp#27;[39m &amp#27;[37mGET&amp#27;[39m &amp#27;[37m/session/93894a4f-9272-4eeb-bdcc-496143537dd3/element/fb563d4a-8c0e-4681-a37e-98f1e56eec63/text&amp#27;[39m &amp#27;[90m{}&amp#27;[39m
&amp#27;[38;5;134m[93894a4f]&amp#27;[0m&amp#27;[38;5;-21m[AndroidUiautomator2Driver@c46c]&amp#27;[0m Driver proxy active, passing request on via HTTP proxy
&amp#27;[38;5;134m[93894a4f]&amp#27;[0m&amp#27;[38;5;-21m[AndroidUiautomator2Driver@c46c]&amp#27;[0m Matched '/session/93894a4f-9272-4eeb-bdcc-496143537dd3/element/fb563d4a-8c0e-4681-a37e-98f1e56eec63/text' to command name 'getText'
&amp#27;[38;5;134m[93894a4f]&amp#27;[0m&amp#27;[38;5;-21m[AndroidUiautomator2Driver@c46c]&amp#27;[0m Proxying [GET /session/93894a4f-9272-4eeb-bdcc-496143537dd3/element/fb563d4a-8c0e-4681-a37e-98f1e56eec63/text] to [GET http://127.0.0.1:8201/session/a5d251d8-107e-41b6-b0b5-336814ba3da3/element/fb563d4a-8c0e-4681-a37e-98f1e56eec63/text] with no body
&amp#27;[38;5;134m[93894a4f]&amp#27;[0m&amp#27;[38;5;-21m[AndroidUiautomator2Driver@c46c]&amp#27;[0m Got response with status 200: {"sessionId":"a5d251d8-107e-41b6-b0b5-336814ba3da3","value":"Please enter your name"}
&amp#27;[38;5;134m[93894a4f]&amp#27;[0m&amp#27;[38;5;-21m[AndroidUiautomator2Driver@c46c]&amp#27;[0m Replacing sessionId a5d251d8-107e-41b6-b0b5-336814ba3da3 with 93894a4f-9272-4eeb-bdcc-496143537dd3
&amp#27;[38;5;134m[93894a4f]&amp#27;[0m&amp#27;[38;5;86m[HTTP]&amp#27;[0m &amp#27;[37m<-- GET /session/93894a4f-9272-4eeb-bdcc-496143537dd3/element/fb563d4a-8c0e-4681-a37e-98f1e56eec63/text &amp#27;[39m&amp#27;[32m200&amp#27;[39m &amp#27;[90m40 ms - 85&amp#27;[39m &amp#27;[90m&amp#27;[39m
Please enter your name
&amp#27;[38;5;134m[93894a4f]&amp#27;[0m&amp#27;[38;5;86m[HTTP]&amp#27;[0m &amp#27;[37m-->&amp#27;[39m &amp#27;[37mGET&amp#27;[39m &amp#27;[37m/session/93894a4f-9272-4eeb-bdcc-496143537dd3/screenshot&amp#27;[39m &amp#27;[90m{}&amp#27;[39m
&amp#27;[38;5;134m[93894a4f]&amp#27;[0m&amp#27;[38;5;-21m[AndroidUiautomator2Driver@c46c]&amp#27;[0m Calling AppiumDriver.getScreenshot() with args: ["93894a4f-9272-4eeb-bdcc-496143537dd3"]
&amp#27;[38;5;134m[93894a4f]&amp#27;[0m&amp#27;[38;5;-21m[AndroidUiautomator2Driver@c46c]&amp#27;[0m Matched '/screenshot' to command name 'getScreenshot'
&amp#27;[38;5;134m[93894a4f]&amp#27;[0m&amp#27;[38;5;-21m[AndroidUiautomator2Driver@c46c]&amp#27;[0m Proxying [GET /screenshot] to [GET http://127.0.0.1:8201/session/a5d251d8-107e-41b6-b0b5-336814ba3da3/screenshot] with no body
&amp#27;[38;5;206m[1b12c775]&amp#27;[0m&amp#27;[38;5;-102m[AndroidUiautomator2Driver@1dfb]&amp#27;[0m Got response with status 200: {"sessionId":"ed54c7bc-adeb-42e0-9387-17b5d82c9495","value":{"ELEMENT":"d9cf9d59-1f34-4db0-b5a6-6ad2463d7423","element-6066-11e4-a52e-4f735466cecf":"d9cf9d59-1f34-4db0-b5a6-6ad2463d7423"}}
&amp#27;[38;5;206m[1b12c775]&amp#27;[0m&amp#27;[38;5;-102m[AndroidUiautomator2Driver@1dfb]&amp#27;[0m Responding to client with driver.findElement() result: {"element-6066-11e4-a52e-4f735466cecf":"d9cf9d59-1f34-4db0-b5a6-6ad2463d7423","ELEMENT":"d9cf9d59-1f34-4db0-b5a6-6ad2463d7423"}
&amp#27;[38;5;206m[1b12c775]&amp#27;[0m&amp#27;[38;5;86m[HTTP]&amp#27;[0m &amp#27;[37m<-- POST /session/1b12c775-d662-47e6-8e2c-2f8d395bd470/element &amp#27;[39m&amp#27;[32m200&amp#27;[39m &amp#27;[90m506 ms - 137&amp#27;[39m &amp#27;[90m&amp#27;[39m
&amp#27;[38;5;206m[1b12c775]&amp#27;[0m&amp#27;[38;5;86m[HTTP]&amp#27;[0m &amp#27;[37m-->&amp#27;[39m &amp#27;[37mGET&amp#27;[39m &amp#27;[37m/session/1b12c775-d662-47e6-8e2c-2f8d395bd470/element/d9cf9d59-1f34-4db0-b5a6-6ad2463d7423/text&amp#27;[39m &amp#27;[90m{}&amp#27;[39m
&amp#27;[38;5;206m[1b12c775]&amp#27;[0m&amp#27;[38;5;-102m[AndroidUiautomator2Driver@1dfb]&amp#27;[0m Driver proxy active, passing request on via HTTP proxy
&amp#27;[38;5;206m[1b12c775]&amp#27;[0m&amp#27;[38;5;-102m[AndroidUiautomator2Driver@1dfb]&amp#27;[0m Matched '/session/1b12c775-d662-47e6-8e2c-2f8d395bd470/element/d9cf9d59-1f34-4db0-b5a6-6ad2463d7423/text' to command name 'getText'
&amp#27;[38;5;206m[1b12c775]&amp#27;[0m&amp#27;[38;5;-102m[AndroidUiautomator2Driver@1dfb]&amp#27;[0m Proxying [GET /session/1b12c775-d662-47e6-8e2c-2f8d395bd470/element/d9cf9d59-1f34-4db0-b5a6-6ad2463d7423/text] to [GET http://127.0.0.1:8202/session/ed54c7bc-adeb-42e0-9387-17b5d82c9495/element/d9cf9d59-1f34-4db0-b5a6-6ad2463d7423/text] with no body
&amp#27;[38;5;206m[1b12c775]&amp#27;[0m&amp#27;[38;5;-102m[AndroidUiautomator2Driver@1dfb]&amp#27;[0m Got response with status 200: {"sessionId":"ed54c7bc-adeb-42e0-9387-17b5d82c9495","value":"Please enter your name"}
&amp#27;[38;5;206m[1b12c775]&amp#27;[0m&amp#27;[38;5;-102m[AndroidUiautomator2Driver@1dfb]&amp#27;[0m Replacing sessionId ed54c7bc-adeb-42e0-9387-17b5d82c9495 with 1b12c775-d662-47e6-8e2c-2f8d395bd470
&amp#27;[38;5;206m[1b12c775]&amp#27;[0m&amp#27;[38;5;86m[HTTP]&amp#27;[0m &amp#27;[37m<-- GET /session/1b12c775-d662-47e6-8e2c-2f8d395bd470/element/d9cf9d59-1f34-4db0-b5a6-6ad2463d7423/text &amp#27;[39m&amp#27;[32m200&amp#27;[39m &amp#27;[90m68 ms - 85&amp#27;[39m &amp#27;[90m&amp#27;[39m
Please enter your name
&amp#27;[38;5;206m[1b12c775]&amp#27;[0m&amp#27;[38;5;86m[HTTP]&amp#27;[0m &amp#27;[37m-->&amp#27;[39m &amp#27;[37mGET&amp#27;[39m &amp#27;[37m/session/1b12c775-d662-47e6-8e2c-2f8d395bd470/screenshot&amp#27;[39m &amp#27;[90m{}&amp#27;[39m
&amp#27;[38;5;206m[1b12c775]&amp#27;[0m&amp#27;[38;5;-102m[AndroidUiautomator2Driver@1dfb]&amp#27;[0m Calling AppiumDriver.getScreenshot() with args: ["1b12c775-d662-47e6-8e2c-2f8d395bd470"]
&amp#27;[38;5;206m[1b12c775]&amp#27;[0m&amp#27;[38;5;-102m[AndroidUiautomator2Driver@1dfb]&amp#27;[0m Matched '/screenshot' to command name 'getScreenshot'
&amp#27;[38;5;206m[1b12c775]&amp#27;[0m&amp#27;[38;5;-102m[AndroidUiautomator2Driver@1dfb]&amp#27;[0m Proxying [GET /screenshot] to [GET http://127.0.0.1:8202/session/ed54c7bc-adeb-42e0-9387-17b5d82c9495/screenshot] with no body
&amp#27;[38;5;134m[93894a4f]&amp#27;[0m&amp#27;[38;5;-21m[AndroidUiautomator2Driver@c46c]&amp#27;[0m Got response with status 200: {"sessionId":"a5d251d8-107e-41b6-b0b5-336814ba3da3","value":"iVBORw0KGgoAAAANSUhEUgAABDgAAAlgCAYAAABtGofVAAAAAXNSR0IArs4c6QAAAARzQklUCAgICHwIZIgAACAASURBVHic7N13nFxV/f/x9713yvaetum9EUglAULoQUooUkSlCKIggor161d/X1Hha4OvFRtYUOmdUAMRJMEQSIBAeu/JJpvtbWZu+f2R7LqbnTvby2xeTx8+NHPunHvmZi4P7nvO+Rwjd+21ngAAAAAAAJKY2dMDAAAAAAAA6CgCDgAAAAAAkPQIOAAAAAAAQNIj4AAAAAAAAEmPgAMAAAAAACQ9Ag4AAAAAAJD0CDgAAAAAAEDSI+AAAAAAAABJj4ADAAAAAAAkPQIOAAAAAACQ9Ag4AAAAAABA0iPgAAAAAAAASY+AAwAAAAAAJD0CDgAAAAAAkPQIOAAAAAAAQNIj4AAAAAAAAEmPgAMAAAAAACQ9Ag4AAAAAAJD0CDgAAAAAAEDSI+AAAAAAAABJj4ADAAAAAAAkPQIOAAAAAACQ9Ag4AAAAAABA0iPgAAAAAAAASY+AAwAAAAAAJD0CDgAAAAAAkPQIOAAAAAAAQNIj4AAAAAAAAEmPgAMAAAAAACS9QE8PAAAAAACA3sSQoYJApuakjtOk8BAVBvM0KJCrgYEcpZrhbhlDrRvRPrtU++0y7Y2VaG1kt96u3ahiu1KevG4ZQ7Ih4AAAAAAAHNMMGUo3wxoR6q/5GSfo1LSJmhQeooDRg4/MVoYGB/ObvGR7ttZEdmlJ9Totqlql7bGDqnEjBB5HGLlrr+VKAAAAAACOOYYMZZopGhcu1AWZM3Rx1onKNtN6elitUupU6emK5VpUtUobIntU6dYd80EHAQcAAAAA4JhjytCwYIE+nj1HF2TM0LBQgcwkK1PpytXOaLFeqFqpJ8qXaVfs0DEdchBwAAAAAACOOZPDQ3Vr/nk6NW1it9XV6Cq1bkSv...
&amp#27;[38;5;134m[93894a4f]&amp#27;[0m&amp#27;[38;5;-21m[AndroidUiautomator2Driver@c46c]&amp#27;[0m Responding to client with driver.getScreenshot() result: "iVBORw0KGgoAAAANSUhEUgAABDgAAAlgCAYAAABtGofVAAAAAXNSR0IArs4c6QAAAARzQklUCAgICHwIZIgAACAASURBVHic7N13nFxV/f/x9713yvaetum9EUglAULoQUooUkSlCKIggor161d/X1Hha4OvFRtYUOmdUAMRJMEQSIBAeu/JJpvtbWZu+f2R7LqbnTvby2xeTx8+NHPunHvmZi4P7nvO+Rwjd+21ngAAAAAAAJKY2dMDAAAAAAAA6CgCDgAAAAAAkPQIOAAAAAAAQNIj4AAAAAAAAEmPgAMAAAAAACQ9Ag4AAAAAAJD0CDgAAAAAAEDSI+AAAAAAAABJj4ADAAAAAAAkPQIOAAAAAACQ9Ag4AAAAAABA0iPgAAAAAAAASY+AAwAAAAAAJD0CDgAAAAAAkPQIOAAAAAAAQNIj4AAAAAAAAEmPgAMAAAAAACQ9Ag4AAAAAAJD0CDgAAAAAAEDSI+AAAAAAAABJj4ADAAAAAAAkPQIOAAAAAACQ9Ag4AAAAAABA0iPgAAAAAAAASY+AAwAAAAAAJD0CDgAAAAAAkPQIOAAAAAAAQNIj4AAAAAAAAEmPgAMAAAAAACS9QE8PAAAAAACA3sSQoYJApuakjtOk8BAVBvM0KJCrgYEcpZrhbhlDrRvRPrtU++0y7Y2VaG1kt96u3ahiu1KevG4ZQ7Ih4AAAAAAAHNMMGUo3wxoR6q/5GSfo1LSJmhQeooDRg4/MVoYGB/ObvGR7ttZEdmlJ9Totqlql7bGDqnEjBB5HGLlrr+VKAAAAAACOOYYMZZopGhcu1AWZM3Rx1onKNtN6elitUupU6emK5VpUtUobIntU6dYd80EHAQcAAAAA4JhjytCwYIE+nj1HF2TM0LBQgcwkK1PpytXOaLFeqFqpJ8qXaVfs0DEdchBwAAAAAACOOZPDQ3Vr/nk6NW1it9XV6Cq1bkSvV6/Rb0pe0obInp4eTo+hBgcAAAAA9DKjQwM1JWWY+llZkqSoZ+uQU6kiu1yH...
&amp#27;[38;5;134m[93894a4f]&amp#27;[0m&amp#27;[38;5;86m[HTTP]&amp#27;[0m &amp#27;[37m<-- GET /session/93894a4f-9272-4eeb-bdcc-496143537dd3/screenshot &amp#27;[39m&amp#27;[32m200&amp#27;[39m &amp#27;[90m581 ms - 698988&amp#27;[39m &amp#27;[90m&amp#27;[39m
]]></system-out>
  </testcase>
  <testcase name="FirstCase" classname="org.testCase.TestCase1" time="6.937">
    <system-out><![CDATA[&amp#27;[38;5;134m[93894a4f]&amp#27;[0m&amp#27;[38;5;86m[HTTP]&amp#27;[0m &amp#27;[37m-->&amp#27;[39m &amp#27;[37mPOST&amp#27;[39m &amp#27;[37m/session/93894a4f-9272-4eeb-bdcc-496143537dd3/execute/sync&amp#27;[39m &amp#27;[90m{"script":"mobile: isAppInstalled","args":[{"bundleId":"com.androidsample.generalstore","appId":"com.androidsample.generalstore"}]}&amp#27;[39m
&amp#27;[38;5;134m[93894a4f]&amp#27;[0m&amp#27;[38;5;-21m[AndroidUiautomator2Driver@c46c]&amp#27;[0m Calling AppiumDriver.execute() with args: ["mobile: isAppInstalled",[{"bundleId":"com.androidsample.generalstore","appId":"com.androidsample.generalstore"}],"93894a4f-9272-4eeb-bdcc-496143537dd3"]
&amp#27;[38;5;134m[93894a4f]&amp#27;[0m&amp#27;[38;5;123m[BaseDriver]&amp#27;[0m The following script arguments are not known and will be ignored: bundleId
&amp#27;[38;5;134m[93894a4f]&amp#27;[0m&amp#27;[38;5;229m[ADB]&amp#27;[0m Getting install status for com.androidsample.generalstore
&amp#27;[38;5;134m[93894a4f]&amp#27;[0m&amp#27;[38;5;229m[ADB]&amp#27;[0m Running 'C:\Users\sajus\AppData\Local\Android\Sdk\platform-tools\adb.exe -P 5037 -s R3CRC00KHBT shell cmd package list packages'
&amp#27;[38;5;134m[93894a4f]&amp#27;[0m&amp#27;[38;5;229m[ADB]&amp#27;[0m 'com.androidsample.generalstore' is installed
&amp#27;[38;5;134m[93894a4f]&amp#27;[0m&amp#27;[38;5;-21m[AndroidUiautomator2Driver@c46c]&amp#27;[0m Responding to client with driver.execute() result: true
&amp#27;[38;5;134m[93894a4f]&amp#27;[0m&amp#27;[38;5;86m[HTTP]&amp#27;[0m &amp#27;[37m<-- POST /session/93894a4f-9272-4eeb-bdcc-496143537dd3/execute/sync &amp#27;[39m&amp#27;[32m200&amp#27;[39m &amp#27;[90m108 ms - 14&amp#27;[39m &amp#27;[90m&amp#27;[39m
&amp#27;[38;5;134m[93894a4f]&amp#27;[0m&amp#27;[38;5;86m[HTTP]&amp#27;[0m &amp#27;[37m-->&amp#27;[39m &amp#27;[37mPOST&amp#27;[39m &amp#27;[37m/session/93894a4f-9272-4eeb-bdcc-496143537dd3/execute/sync&amp#27;[39m &amp#27;[90m{"script":"mobile: terminateApp","args":[{"bundleId":"com.androidsample.generalstore","appId":"com.androidsample.generalstore"}]}&amp#27;[39m
&amp#27;[38;5;134m[93894a4f]&amp#27;[0m&amp#27;[38;5;-21m[AndroidUiautomator2Driver@c46c]&amp#27;[0m Calling AppiumDriver.execute() with args: ["mobile: terminateApp",[{"bundleId":"com.androidsample.generalstore","appId":"com.androidsample.generalstore"}],"93894a4f-9272-4eeb-bdcc-496143537dd3"]
&amp#27;[38;5;134m[93894a4f]&amp#27;[0m&amp#27;[38;5;123m[BaseDriver]&amp#27;[0m The following script arguments are not known and will be ignored: bundleId
&amp#27;[38;5;134m[93894a4f]&amp#27;[0m&amp#27;[38;5;-21m[AndroidUiautomator2Driver@c46c]&amp#27;[0m Terminating 'com.androidsample.generalstore'
&amp#27;[38;5;134m[93894a4f]&amp#27;[0m&amp#27;[38;5;229m[ADB]&amp#27;[0m Getting IDs of all 'com.androidsample.generalstore' processes
&amp#27;[38;5;134m[93894a4f]&amp#27;[0m&amp#27;[38;5;229m[ADB]&amp#27;[0m Running 'C:\Users\sajus\AppData\Local\Android\Sdk\platform-tools\adb.exe -P 5037 -s R3CRC00KHBT shell pgrep -f \(\[\[:blank:\]\]\|\^\)com\.androidsample\.generalstore\(:\[a-zA-Z0-9_-\]\+\)\?\(\[\[:blank:\]\]\|\$\)'
&amp#27;[38;5;134m[93894a4f]&amp#27;[0m&amp#27;[38;5;229m[ADB]&amp#27;[0m Running 'C:\Users\sajus\AppData\Local\Android\Sdk\platform-tools\adb.exe -P 5037 -s R3CRC00KHBT shell am force-stop com.androidsample.generalstore'
&amp#27;[38;5;134m[93894a4f]&amp#27;[0m&amp#27;[38;5;-21m[AndroidUiautomator2Driver@c46c]&amp#27;[0m Querying the state of 'com.androidsample.generalstore'
&amp#27;[38;5;134m[93894a4f]&amp#27;[0m&amp#27;[38;5;229m[ADB]&amp#27;[0m Getting install status for com.androidsample.generalstore
&amp#27;[38;5;134m[93894a4f]&amp#27;[0m&amp#27;[38;5;229m[ADB]&amp#27;[0m Running 'C:\Users\sajus\AppData\Local\Android\Sdk\platform-tools\adb.exe -P 5037 -s R3CRC00KHBT shell cmd package list packages'
&amp#27;[38;5;134m[93894a4f]&amp#27;[0m&amp#27;[38;5;229m[ADB]&amp#27;[0m 'com.androidsample.generalstore' is installed
&amp#27;[38;5;134m[93894a4f]&amp#27;[0m&amp#27;[38;5;229m[ADB]&amp#27;[0m Getting IDs of all 'com.androidsample.generalstore' processes
&amp#27;[38;5;134m[93894a4f]&amp#27;[0m&amp#27;[38;5;229m[ADB]&amp#27;[0m Running 'C:\Users\sajus\AppData\Local\Android\Sdk\platform-tools\adb.exe -P 5037 -s R3CRC00KHBT shell pgrep -f \(\[\[:blank:\]\]\|\^\)com\.androidsample\.generalstore\(:\[a-zA-Z0-9_-\]\+\)\?\(\[\[:blank:\]\]\|\$\)'
&amp#27;[38;5;134m[93894a4f]&amp#27;[0m&amp#27;[38;5;-21m[AndroidUiautomator2Driver@c46c]&amp#27;[0m 'com.androidsample.generalstore' has been successfully terminated
&amp#27;[38;5;134m[93894a4f]&amp#27;[0m&amp#27;[38;5;-21m[AndroidUiautomator2Driver@c46c]&amp#27;[0m Responding to client with driver.execute() result: true
&amp#27;[38;5;134m[93894a4f]&amp#27;[0m&amp#27;[38;5;86m[HTTP]&amp#27;[0m &amp#27;[37m<-- POST /session/93894a4f-9272-4eeb-bdcc-496143537dd3/execute/sync &amp#27;[39m&amp#27;[32m200&amp#27;[39m &amp#27;[90m580 ms - 14&amp#27;[39m &amp#27;[90m&amp#27;[39m
🛑 App terminated: com.androidsample.generalstore
&amp#27;[38;5;134m[93894a4f]&amp#27;[0m&amp#27;[38;5;86m[HTTP]&amp#27;[0m &amp#27;[37m-->&amp#27;[39m &amp#27;[37mDELETE&amp#27;[39m &amp#27;[37m/session/93894a4f-9272-4eeb-bdcc-496143537dd3&amp#27;[39m &amp#27;[90m{}&amp#27;[39m
&amp#27;[38;5;134m[93894a4f]&amp#27;[0m&amp#27;[38;5;-21m[AndroidUiautomator2Driver@c46c]&amp#27;[0m Calling AppiumDriver.deleteSession() with args: ["93894a4f-9272-4eeb-bdcc-496143537dd3"]
&amp#27;[38;5;134m[93894a4f]&amp#27;[0m&amp#27;[38;5;55m[AppiumDriver@6ca7]&amp#27;[0m Event 'quitSessionRequested' logged at 1750222836497 (01:00:36 GMT-0400 (Eastern Daylight Saving Time))
&amp#27;[38;5;134m[93894a4f]&amp#27;[0m&amp#27;[38;5;55m[AppiumDriver@6ca7]&amp#27;[0m Removing session 93894a4f-9272-4eeb-bdcc-496143537dd3 from our master session list
&amp#27;[38;5;134m[93894a4f]&amp#27;[0m&amp#27;[38;5;-21m[AndroidUiautomator2Driver@c46c]&amp#27;[0m Deleting UiAutomator2 session
&amp#27;[38;5;134m[93894a4f]&amp#27;[0m&amp#27;[38;5;-21m[AndroidUiautomator2Driver@c46c]&amp#27;[0m Deleting UiAutomator2 server session
&amp#27;[38;5;134m[93894a4f]&amp#27;[0m&amp#27;[38;5;-21m[AndroidUiautomator2Driver@c46c]&amp#27;[0m Proxying [DELETE /] to [DELETE http://127.0.0.1:8201/session/a5d251d8-107e-41b6-b0b5-336814ba3da3] with no body
&amp#27;[38;5;134m[93894a4f]&amp#27;[0m&amp#27;[38;5;-21m[AndroidUiautomator2Driver@c46c]&amp#27;[0m Got response with status 200: {"sessionId":"a5d251d8-107e-41b6-b0b5-336814ba3da3","value":null}
&amp#27;[38;5;134m[93894a4f]&amp#27;[0m&amp#27;[38;5;229m[ADB]&amp#27;[0m Getting IDs of all 'io.appium.uiautomator2.server' processes
&amp#27;[38;5;134m[93894a4f]&amp#27;[0m&amp#27;[38;5;229m[ADB]&amp#27;[0m Running 'C:\Users\sajus\AppData\Local\Android\Sdk\platform-tools\adb.exe -P 5037 -s R3CRC00KHBT shell pgrep -f \(\[\[:blank:\]\]\|\^\)io\.appium\.uiautomator2\.server\(:\[a-zA-Z0-9_-\]\+\)\?\(\[\[:blank:\]\]\|\$\)'
&amp#27;[38;5;134m[93894a4f]&amp#27;[0m&amp#27;[38;5;-21m[AndroidUiautomator2Driver@c46c]&amp#27;[0m [Instrumentation] io.appium.uiautomator2.server.test.AppiumUiAutomator2Server:.
&amp#27;[38;5;134m[93894a4f]&amp#27;[0m&amp#27;[38;5;-21m[AndroidUiautomator2Driver@c46c]&amp#27;[0m [Instrumentation] 
&amp#27;[38;5;134m[93894a4f]&amp#27;[0m&amp#27;[38;5;-21m[AndroidUiautomator2Driver@c46c]&amp#27;[0m [Instrumentation] Time: 9.258
&amp#27;[38;5;134m[93894a4f]&amp#27;[0m&amp#27;[38;5;-21m[AndroidUiautomator2Driver@c46c]&amp#27;[0m [Instrumentation] 
&amp#27;[38;5;134m[93894a4f]&amp#27;[0m&amp#27;[38;5;-21m[AndroidUiautomator2Driver@c46c]&amp#27;[0m [Instrumentation] OK (1 test)
&amp#27;[38;5;134m[93894a4f]&amp#27;[0m&amp#27;[38;5;-21m[AndroidUiautomator2Driver@c46c]&amp#27;[0m [Instrumentation] 
&amp#27;[38;5;134m[93894a4f]&amp#27;[0m&amp#27;[38;5;-21m[AndroidUiautomator2Driver@c46c]&amp#27;[0m [Instrumentation] 
&amp#27;[38;5;134m[93894a4f]&amp#27;[0m&amp#27;[38;5;-21m[AndroidUiautomator2Driver@c46c]&amp#27;[0m [Instrumentation] The process has exited with code 0, signal null
&amp#27;[38;5;134m[93894a4f]&amp#27;[0m&amp#27;[38;5;229m[ADB]&amp#27;[0m Running 'C:\Users\sajus\AppData\Local\Android\Sdk\platform-tools\adb.exe -P 5037 -s R3CRC00KHBT shell am force-stop io.appium.uiautomator2.server'
&amp#27;[38;5;206m[1b12c775]&amp#27;[0m&amp#27;[38;5;-102m[AndroidUiautomator2Driver@1dfb]&amp#27;[0m Got response with status 200: {"sessionId":"ed54c7bc-adeb-42e0-9387-17b5d82c9495","value":"iVBORw0KGgoAAAANSUhEUgAABDgAAAjoCAYAAAA5jhrUAAAAAXNSR0IArs4c6QAAAARzQklUCAgICHwIZIgAACAASURBVHic7N13nB9Vvf/x9zkz391NYBMSSEJLQpeONAHFAlxEkGIvKIher1cEKyrXjhWxIorlAv7gKkVBQBS5wFVQmoiI9I4QQglJSINks9+Zc35/zMz3O9/9znf7d3cn+3ryCMl3yplzpp7zmTMzZsZ9x3oBAAAAAACUmB3vDAAAAAAAAIwUAQ4AAAAAAFB6BDgAAAAAAEDpEeAAAAAAAAClR4ADAAAAAACUHgEOAAAAAABQegQ4AAAAAABA6RHgAAAAAAAApUeAAwAAAAAAlB4BDgAAAAAAUHoEOAAAAAAAQOkR4AAAAAAAAKVHgAMAAAAAAJQeAQ4AAAAAAFB6BDgAAAAAAEDpEeAAAAAAAAClR4ADAAAAAACUHgEOAAAAAABQegQ4AAAAAABA6RHgAAAAAAAApUeAAwAAAAAAlB4BDgAAAAAAUHoEOAAAAAAAQOkR4AAAAAAAAKVHgAMAAAAAAJReON4ZACYCIyOT/W2Sf0uSl+S9V/Kf0v+X12QpJwAAAIDJhwAHJi0jo9BYbd2xsS6Y+3FtUZnV7/SPVxfrnU9+X4/1PqvIu9IEASZLOQEAAIDBmB5M1c6d87RL1zxNt1O1c9c8TQ/Wq41fEb+oe3oWaIVbrbt7FuietQu0Il49Lnndf+r2umL+ZwY17ZFPnKobVz/Q5hxNbAQ4MCl12yn64uy36rgZBygY5JNaW1Rm6ZatvqFYTuctu15ffu7XWuXWtDmnIzNZygkAAAD0Z15lIx3WvYcO695T+0/dfsDpX9+9Z8PvG1c/oD+sul1/WPUPLaguaVc2MUJmxn3HcnsWk0ZoAh0/8xCdMvttqj+gMTxeXl9+7mL9+Pn/VeTjUcrh6Jgs5QQAAAD6...
&amp#27;[38;5;206m[1b12c775]&amp#27;[0m&amp#27;[38;5;-102m[AndroidUiautomator2Driver@1dfb]&amp#27;[0m Responding to client with driver.getScreenshot() result: "iVBORw0KGgoAAAANSUhEUgAABDgAAAjoCAYAAAA5jhrUAAAAAXNSR0IArs4c6QAAAARzQklUCAgICHwIZIgAACAASURBVHic7N13nB9Vvf/x9zkz391NYBMSSEJLQpeONAHFAlxEkGIvKIher1cEKyrXjhWxIorlAv7gKkVBQBS5wFVQmoiI9I4QQglJSINks9+Zc35/zMz3O9/9znf7d3cn+3ryCMl3yplzpp7zmTMzZsZ9x3oBAAAAAACUmB3vDAAAAAAAAIwUAQ4AAAAAAFB6BDgAAAAAAEDpEeAAAAAAAAClR4ADAAAAAACUHgEOAAAAAABQegQ4AAAAAABA6RHgAAAAAAAApUeAAwAAAAAAlB4BDgAAAAAAUHoEOAAAAAAAQOkR4AAAAAAAAKVHgAMAAAAAAJQeAQ4AAAAAAFB6BDgAAAAAAEDpEeAAAAAAAAClR4ADAAAAAACUHgEOAAAAAABQegQ4AAAAAABA6RHgAAAAAAAApUeAAwAAAAAAlB4BDgAAAAAAUHoEOAAAAAAAQOkR4AAAAAAAAKVHgAMAAAAAAJReON4ZACYCIyOT/W2Sf0uSl+S9V/Kf0v+X12QpJwAAAIDJhwAHJi0jo9BYbd2xsS6Y+3FtUZnV7/SPVxfrnU9+X4/1PqvIu9IEASZLOQEAAIDBmB5M1c6d87RL1zxNt1O1c9c8TQ/Wq41fEb+oe3oWaIVbrbt7FuietQu0Il49Lnndf+r2umL+ZwY17ZFPnKobVz/Q5hxNbAQ4MCl12yn64uy36rgZBygY5JNaW1Rm6ZatvqFYTuctu15ffu7XWuXWtDmnIzNZygkAAAD0Z15lIx3WvYcO695T+0/dfsDpX9+9Z8PvG1c/oD+sul1/WPUPLaguaVc2MUJmxn3HcnsWk0ZoAh0/8xCdMvttqj+gMTxeXl9+7mL9+Pn/VeTjUcrh6Jgs5QQAAAD6s//U7fWfM1/bFLAYiStX3a6fPX/NmPSWoAfH0BDgwKRgZNRtu3Tdll/Rlh2z...
&amp#27;[38;5;206m[1b12c775]&amp#27;[0m&amp#27;[38;5;86m[HTTP]&amp#27;[0m &amp#27;[37m<-- GET /session/1b12c775-d662-47e6-8e2c-2f8d395bd470/screenshot &amp#27;[39m&amp#27;[32m200&amp#27;[39m &amp#27;[90m1067 ms - 613344&amp#27;[39m &amp#27;[90m&amp#27;[39m
]]></system-out>
  </testcase>
  <testcase name="SecondCase" classname="org.testCase.TestCase2" time="14.333">
    <system-out><![CDATA[&amp#27;[38;5;134m[93894a4f]&amp#27;[0m&amp#27;[38;5;229m[ADB]&amp#27;[0m Running 'C:\Users\sajus\AppData\Local\Android\Sdk\platform-tools\adb.exe -P 5037 -s R3CRC00KHBT shell am force-stop io.appium.uiautomator2.server.test'
&amp#27;[38;5;206m[1b12c775]&amp#27;[0m&amp#27;[38;5;86m[HTTP]&amp#27;[0m &amp#27;[37m-->&amp#27;[39m &amp#27;[37mPOST&amp#27;[39m &amp#27;[37m/session/1b12c775-d662-47e6-8e2c-2f8d395bd470/execute/sync&amp#27;[39m &amp#27;[90m{"script":"mobile: isAppInstalled","args":[{"bundleId":"com.androidsample.generalstore","appId":"com.androidsample.generalstore"}]}&amp#27;[39m
&amp#27;[38;5;206m[1b12c775]&amp#27;[0m&amp#27;[38;5;-102m[AndroidUiautomator2Driver@1dfb]&amp#27;[0m Calling AppiumDriver.execute() with args: ["mobile: isAppInstalled",[{"bundleId":"com.androidsample.generalstore","appId":"com.androidsample.generalstore"}],"1b12c775-d662-47e6-8e2c-2f8d395bd470"]
&amp#27;[38;5;206m[1b12c775]&amp#27;[0m&amp#27;[38;5;123m[BaseDriver]&amp#27;[0m The following script arguments are not known and will be ignored: bundleId
&amp#27;[38;5;206m[1b12c775]&amp#27;[0m&amp#27;[38;5;229m[ADB]&amp#27;[0m Getting install status for com.androidsample.generalstore
&amp#27;[38;5;206m[1b12c775]&amp#27;[0m&amp#27;[38;5;229m[ADB]&amp#27;[0m Running 'C:\Users\sajus\AppData\Local\Android\Sdk\platform-tools\adb.exe -P 5037 -s CTLID18120801016 shell cmd package list packages'
&amp#27;[38;5;206m[1b12c775]&amp#27;[0m&amp#27;[38;5;229m[ADB]&amp#27;[0m 'com.androidsample.generalstore' is installed
&amp#27;[38;5;206m[1b12c775]&amp#27;[0m&amp#27;[38;5;-102m[AndroidUiautomator2Driver@1dfb]&amp#27;[0m Responding to client with driver.execute() result: true
&amp#27;[38;5;206m[1b12c775]&amp#27;[0m&amp#27;[38;5;86m[HTTP]&amp#27;[0m &amp#27;[37m<-- POST /session/1b12c775-d662-47e6-8e2c-2f8d395bd470/execute/sync &amp#27;[39m&amp#27;[32m200&amp#27;[39m &amp#27;[90m107 ms - 14&amp#27;[39m &amp#27;[90m&amp#27;[39m
&amp#27;[38;5;206m[1b12c775]&amp#27;[0m&amp#27;[38;5;86m[HTTP]&amp#27;[0m &amp#27;[37m-->&amp#27;[39m &amp#27;[37mPOST&amp#27;[39m &amp#27;[37m/session/1b12c775-d662-47e6-8e2c-2f8d395bd470/execute/sync&amp#27;[39m &amp#27;[90m{"script":"mobile: terminateApp","args":[{"bundleId":"com.androidsample.generalstore","appId":"com.androidsample.generalstore"}]}&amp#27;[39m
&amp#27;[38;5;206m[1b12c775]&amp#27;[0m&amp#27;[38;5;-102m[AndroidUiautomator2Driver@1dfb]&amp#27;[0m Calling AppiumDriver.execute() with args: ["mobile: terminateApp",[{"bundleId":"com.androidsample.generalstore","appId":"com.androidsample.generalstore"}],"1b12c775-d662-47e6-8e2c-2f8d395bd470"]
&amp#27;[38;5;206m[1b12c775]&amp#27;[0m&amp#27;[38;5;123m[BaseDriver]&amp#27;[0m The following script arguments are not known and will be ignored: bundleId
&amp#27;[38;5;206m[1b12c775]&amp#27;[0m&amp#27;[38;5;-102m[AndroidUiautomator2Driver@1dfb]&amp#27;[0m Terminating 'com.androidsample.generalstore'
&amp#27;[38;5;206m[1b12c775]&amp#27;[0m&amp#27;[38;5;229m[ADB]&amp#27;[0m Getting IDs of all 'com.androidsample.generalstore' processes
&amp#27;[38;5;206m[1b12c775]&amp#27;[0m&amp#27;[38;5;229m[ADB]&amp#27;[0m Running 'C:\Users\sajus\AppData\Local\Android\Sdk\platform-tools\adb.exe -P 5037 -s CTLID18120801016 shell pgrep -f \(\[\[:blank:\]\]\|\^\)com\.androidsample\.generalstore\(:\[a-zA-Z0-9_-\]\+\)\?\(\[\[:blank:\]\]\|\$\)'
&amp#27;[38;5;134m[93894a4f]&amp#27;[0m&amp#27;[38;5;229m[ADB]&amp#27;[0m Running 'C:\Users\sajus\AppData\Local\Android\Sdk\platform-tools\adb.exe -P 5037 -s R3CRC00KHBT shell dumpsys activity services io.appium.settings/.recorder.RecorderService'
&amp#27;[38;5;134m[93894a4f]&amp#27;[0m&amp#27;[38;5;229m[ADB]&amp#27;[0m Removing forwarded port socket connection: 8201 
&amp#27;[38;5;134m[93894a4f]&amp#27;[0m&amp#27;[38;5;229m[ADB]&amp#27;[0m Running 'C:\Users\sajus\AppData\Local\Android\Sdk\platform-tools\adb.exe -P 5037 -s R3CRC00KHBT forward --remove tcp:8201'
&amp#27;[38;5;206m[1b12c775]&amp#27;[0m&amp#27;[38;5;229m[ADB]&amp#27;[0m Running 'C:\Users\sajus\AppData\Local\Android\Sdk\platform-tools\adb.exe -P 5037 -s CTLID18120801016 shell am force-stop com.androidsample.generalstore'
&amp#27;[38;5;134m[93894a4f]&amp#27;[0m&amp#27;[38;5;-21m[AndroidUiautomator2Driver@c46c]&amp#27;[0m Restoring hidden api policy to the device default configuration
&amp#27;[38;5;134m[93894a4f]&amp#27;[0m&amp#27;[38;5;229m[ADB]&amp#27;[0m Running 'C:\Users\sajus\AppData\Local\Android\Sdk\platform-tools\adb.exe -P 5037 -s R3CRC00KHBT shell 'settings delete global hidden_api_policy_pre_p_apps;settings delete global hidden_api_policy_p_apps;settings delete global hidden_api_policy''
&amp#27;[38;5;206m[1b12c775]&amp#27;[0m&amp#27;[38;5;-102m[AndroidUiautomator2Driver@1dfb]&amp#27;[0m Querying the state of 'com.androidsample.generalstore'
&amp#27;[38;5;206m[1b12c775]&amp#27;[0m&amp#27;[38;5;229m[ADB]&amp#27;[0m Getting install status for com.androidsample.generalstore
&amp#27;[38;5;206m[1b12c775]&amp#27;[0m&amp#27;[38;5;229m[ADB]&amp#27;[0m Running 'C:\Users\sajus\AppData\Local\Android\Sdk\platform-tools\adb.exe -P 5037 -s CTLID18120801016 shell cmd package list packages'
&amp#27;[38;5;134m[93894a4f]&amp#27;[0m&amp#27;[38;5;160m[Logcat]&amp#27;[0m Stopping logcat capture
&amp#27;[38;5;134m[93894a4f]&amp#27;[0m&amp#27;[38;5;55m[AppiumDriver@6ca7]&amp#27;[0m Event 'quitSessionFinished' logged at 1750222837201 (01:00:37 GMT-0400 (Eastern Daylight Saving Time))
&amp#27;[38;5;134m[93894a4f]&amp#27;[0m&amp#27;[38;5;55m[AppiumDriver@6ca7]&amp#27;[0m Received response: null
&amp#27;[38;5;134m[93894a4f]&amp#27;[0m&amp#27;[38;5;55m[AppiumDriver@6ca7]&amp#27;[0m But deleting session, so not returning
&amp#27;[38;5;134m[93894a4f]&amp#27;[0m&amp#27;[38;5;55m[AppiumDriver@6ca7]&amp#27;[0m Responding to client with driver.deleteSession() result: null
&amp#27;[38;5;134m[93894a4f]&amp#27;[0m&amp#27;[38;5;86m[HTTP]&amp#27;[0m &amp#27;[37m<-- DELETE /session/93894a4f-9272-4eeb-bdcc-496143537dd3 &amp#27;[39m&amp#27;[32m200&amp#27;[39m &amp#27;[90m705 ms - 14&amp#27;[39m &amp#27;[90m&amp#27;[39m
&amp#27;[38;5;86m[HTTP]&amp#27;[0m &amp#27;[37m-->&amp#27;[39m &amp#27;[37mGET&amp#27;[39m &amp#27;[37m/status&amp#27;[39m &amp#27;[90m{}&amp#27;[39m
&amp#27;[38;5;55m[AppiumDriver@6ca7]&amp#27;[0m Calling AppiumDriver.getStatus() with args: []
&amp#27;[38;5;55m[AppiumDriver@6ca7]&amp#27;[0m Responding to client with driver.getStatus() result: {"ready":true,"message":"The server is ready to accept new connections","build":{"version":"2.18.0"}}
&amp#27;[38;5;86m[HTTP]&amp#27;[0m &amp#27;[37m<-- GET /status &amp#27;[39m&amp#27;[32m200&amp#27;[39m &amp#27;[90m1 ms - 111&amp#27;[39m &amp#27;[90m&amp#27;[39m
&amp#27;[38;5;206m[1b12c775]&amp#27;[0m&amp#27;[38;5;229m[ADB]&amp#27;[0m 'com.androidsample.generalstore' is installed
&amp#27;[38;5;206m[1b12c775]&amp#27;[0m&amp#27;[38;5;229m[ADB]&amp#27;[0m Getting IDs of all 'com.androidsample.generalstore' processes
&amp#27;[38;5;206m[1b12c775]&amp#27;[0m&amp#27;[38;5;229m[ADB]&amp#27;[0m Running 'C:\Users\sajus\AppData\Local\Android\Sdk\platform-tools\adb.exe -P 5037 -s CTLID18120801016 shell pgrep -f \(\[\[:blank:\]\]\|\^\)com\.androidsample\.generalstore\(:\[a-zA-Z0-9_-\]\+\)\?\(\[\[:blank:\]\]\|\$\)'
Appium server stopped
✅ Test completed for device: Samsung_Galaxy_S21
&amp#27;[38;5;206m[1b12c775]&amp#27;[0m&amp#27;[38;5;-102m[AndroidUiautomator2Driver@1dfb]&amp#27;[0m 'com.androidsample.generalstore' has been successfully terminated
&amp#27;[38;5;206m[1b12c775]&amp#27;[0m&amp#27;[38;5;-102m[AndroidUiautomator2Driver@1dfb]&amp#27;[0m Responding to client with driver.execute() result: true
&amp#27;[38;5;206m[1b12c775]&amp#27;[0m&amp#27;[38;5;86m[HTTP]&amp#27;[0m &amp#27;[37m<-- POST /session/1b12c775-d662-47e6-8e2c-2f8d395bd470/execute/sync &amp#27;[39m&amp#27;[32m200&amp#27;[39m &amp#27;[90m534 ms - 14&amp#27;[39m &amp#27;[90m&amp#27;[39m
🛑 App terminated: com.androidsample.generalstore
&amp#27;[38;5;206m[1b12c775]&amp#27;[0m&amp#27;[38;5;86m[HTTP]&amp#27;[0m &amp#27;[37m-->&amp#27;[39m &amp#27;[37mDELETE&amp#27;[39m &amp#27;[37m/session/1b12c775-d662-47e6-8e2c-2f8d395bd470&amp#27;[39m &amp#27;[90m{}&amp#27;[39m
&amp#27;[38;5;206m[1b12c775]&amp#27;[0m&amp#27;[38;5;-102m[AndroidUiautomator2Driver@1dfb]&amp#27;[0m Calling AppiumDriver.deleteSession() with args: ["1b12c775-d662-47e6-8e2c-2f8d395bd470"]
&amp#27;[38;5;206m[1b12c775]&amp#27;[0m&amp#27;[38;5;109m[AppiumDriver@f599]&amp#27;[0m Event 'quitSessionRequested' logged at 1750222837347 (01:00:37 GMT-0400 (Eastern Daylight Saving Time))
&amp#27;[38;5;206m[1b12c775]&amp#27;[0m&amp#27;[38;5;109m[AppiumDriver@f599]&amp#27;[0m Removing session 1b12c775-d662-47e6-8e2c-2f8d395bd470 from our master session list
&amp#27;[38;5;206m[1b12c775]&amp#27;[0m&amp#27;[38;5;-102m[AndroidUiautomator2Driver@1dfb]&amp#27;[0m Deleting UiAutomator2 session
&amp#27;[38;5;206m[1b12c775]&amp#27;[0m&amp#27;[38;5;-102m[AndroidUiautomator2Driver@1dfb]&amp#27;[0m Deleting UiAutomator2 server session
&amp#27;[38;5;206m[1b12c775]&amp#27;[0m&amp#27;[38;5;-102m[AndroidUiautomator2Driver@1dfb]&amp#27;[0m Proxying [DELETE /] to [DELETE http://127.0.0.1:8202/session/ed54c7bc-adeb-42e0-9387-17b5d82c9495] with no body
&amp#27;[38;5;206m[1b12c775]&amp#27;[0m&amp#27;[38;5;-102m[AndroidUiautomator2Driver@1dfb]&amp#27;[0m Got response with status 200: {"sessionId":"ed54c7bc-adeb-42e0-9387-17b5d82c9495","value":null}
&amp#27;[38;5;206m[1b12c775]&amp#27;[0m&amp#27;[38;5;229m[ADB]&amp#27;[0m Getting IDs of all 'io.appium.uiautomator2.server' processes
&amp#27;[38;5;206m[1b12c775]&amp#27;[0m&amp#27;[38;5;229m[ADB]&amp#27;[0m Running 'C:\Users\sajus\AppData\Local\Android\Sdk\platform-tools\adb.exe -P 5037 -s CTLID18120801016 shell pgrep -f \(\[\[:blank:\]\]\|\^\)io\.appium\.uiautomator2\.server\(:\[a-zA-Z0-9_-\]\+\)\?\(\[\[:blank:\]\]\|\$\)'
&amp#27;[38;5;206m[1b12c775]&amp#27;[0m&amp#27;[38;5;-102m[AndroidUiautomator2Driver@1dfb]&amp#27;[0m [Instrumentation] io.appium.uiautomator2.server.test.AppiumUiAutomator2Server:.
&amp#27;[38;5;206m[1b12c775]&amp#27;[0m&amp#27;[38;5;-102m[AndroidUiautomator2Driver@1dfb]&amp#27;[0m [Instrumentation] 
&amp#27;[38;5;206m[1b12c775]&amp#27;[0m&amp#27;[38;5;-102m[AndroidUiautomator2Driver@1dfb]&amp#27;[0m [Instrumentation] Time: 9.355
&amp#27;[38;5;206m[1b12c775]&amp#27;[0m&amp#27;[38;5;-102m[AndroidUiautomator2Driver@1dfb]&amp#27;[0m [Instrumentation] 
&amp#27;[38;5;206m[1b12c775]&amp#27;[0m&amp#27;[38;5;-102m[AndroidUiautomator2Driver@1dfb]&amp#27;[0m [Instrumentation] OK (1 test)
&amp#27;[38;5;206m[1b12c775]&amp#27;[0m&amp#27;[38;5;-102m[AndroidUiautomator2Driver@1dfb]&amp#27;[0m [Instrumentation] 
&amp#27;[38;5;206m[1b12c775]&amp#27;[0m&amp#27;[38;5;-102m[AndroidUiautomator2Driver@1dfb]&amp#27;[0m [Instrumentation] 
&amp#27;[38;5;206m[1b12c775]&amp#27;[0m&amp#27;[38;5;-102m[AndroidUiautomator2Driver@1dfb]&amp#27;[0m [Instrumentation] The process has exited with code null, signal SIGTERM
&amp#27;[38;5;206m[1b12c775]&amp#27;[0m&amp#27;[38;5;229m[ADB]&amp#27;[0m Running 'C:\Users\sajus\AppData\Local\Android\Sdk\platform-tools\adb.exe -P 5037 -s CTLID18120801016 shell am force-stop io.appium.uiautomator2.server'
&amp#27;[38;5;206m[1b12c775]&amp#27;[0m&amp#27;[38;5;229m[ADB]&amp#27;[0m Running 'C:\Users\sajus\AppData\Local\Android\Sdk\platform-tools\adb.exe -P 5037 -s CTLID18120801016 shell am force-stop io.appium.uiautomator2.server.test'
&amp#27;[38;5;206m[1b12c775]&amp#27;[0m&amp#27;[38;5;229m[ADB]&amp#27;[0m Running 'C:\Users\sajus\AppData\Local\Android\Sdk\platform-tools\adb.exe -P 5037 -s CTLID18120801016 shell dumpsys activity services io.appium.settings/.recorder.RecorderService'
&amp#27;[38;5;206m[1b12c775]&amp#27;[0m&amp#27;[38;5;229m[ADB]&amp#27;[0m Removing forwarded port socket connection: 8202 
&amp#27;[38;5;206m[1b12c775]&amp#27;[0m&amp#27;[38;5;229m[ADB]&amp#27;[0m Running 'C:\Users\sajus\AppData\Local\Android\Sdk\platform-tools\adb.exe -P 5037 -s CTLID18120801016 forward --remove tcp:8202'
&amp#27;[38;5;206m[1b12c775]&amp#27;[0m&amp#27;[38;5;-102m[AndroidUiautomator2Driver@1dfb]&amp#27;[0m Restoring hidden api policy to the device default configuration
&amp#27;[38;5;206m[1b12c775]&amp#27;[0m&amp#27;[38;5;229m[ADB]&amp#27;[0m Running 'C:\Users\sajus\AppData\Local\Android\Sdk\platform-tools\adb.exe -P 5037 -s CTLID18120801016 shell 'settings delete global hidden_api_policy_pre_p_apps;settings delete global hidden_api_policy_p_apps;settings delete global hidden_api_policy''
&amp#27;[38;5;206m[1b12c775]&amp#27;[0m&amp#27;[38;5;160m[Logcat]&amp#27;[0m Stopping logcat capture
&amp#27;[38;5;206m[1b12c775]&amp#27;[0m&amp#27;[38;5;109m[AppiumDriver@f599]&amp#27;[0m Event 'quitSessionFinished' logged at 1750222838016 (01:00:38 GMT-0400 (Eastern Daylight Saving Time))
&amp#27;[38;5;206m[1b12c775]&amp#27;[0m&amp#27;[38;5;109m[AppiumDriver@f599]&amp#27;[0m Received response: null
&amp#27;[38;5;206m[1b12c775]&amp#27;[0m&amp#27;[38;5;109m[AppiumDriver@f599]&amp#27;[0m But deleting session, so not returning
&amp#27;[38;5;206m[1b12c775]&amp#27;[0m&amp#27;[38;5;109m[AppiumDriver@f599]&amp#27;[0m Responding to client with driver.deleteSession() result: null
&amp#27;[38;5;206m[1b12c775]&amp#27;[0m&amp#27;[38;5;86m[HTTP]&amp#27;[0m &amp#27;[37m<-- DELETE /session/1b12c775-d662-47e6-8e2c-2f8d395bd470 &amp#27;[39m&amp#27;[32m200&amp#27;[39m &amp#27;[90m670 ms - 14&amp#27;[39m &amp#27;[90m&amp#27;[39m
&amp#27;[38;5;86m[HTTP]&amp#27;[0m &amp#27;[37m-->&amp#27;[39m &amp#27;[37mGET&amp#27;[39m &amp#27;[37m/status&amp#27;[39m &amp#27;[90m{}&amp#27;[39m
&amp#27;[38;5;109m[AppiumDriver@f599]&amp#27;[0m Calling AppiumDriver.getStatus() with args: []
&amp#27;[38;5;109m[AppiumDriver@f599]&amp#27;[0m Responding to client with driver.getStatus() result: {"ready":true,"message":"The server is ready to accept new connections","build":{"version":"2.18.0"}}
&amp#27;[38;5;86m[HTTP]&amp#27;[0m &amp#27;[37m<-- GET /status &amp#27;[39m&amp#27;[32m200&amp#27;[39m &amp#27;[90m1 ms - 111&amp#27;[39m &amp#27;[90m&amp#27;[39m
Appium server stopped
✅ Test completed for device: Nokia
&amp#27;[38;5;112m[Appium]&amp#27;[0m Welcome to Appium v2.18.0
&amp#27;[38;5;112m[Appium]&amp#27;[0m Non-default server args:
&amp#27;[38;5;112m[Appium]&amp#27;[0m { port: &amp#27;[33m4724&amp#27;[39m }
&amp#27;[38;5;112m[Appium]&amp#27;[0m The autodetected Appium home path: C:\Users\sajus\.appium
&amp#27;[38;5;112m[Appium]&amp#27;[0m Attempting to load driver uiautomator2...
&amp#27;[38;5;112m[Appium]&amp#27;[0m Requiring driver at C:\Users\sajus\.appium\node_modules\appium-uiautomator2-driver\build\index.js
&amp#27;[38;5;112m[Appium]&amp#27;[0m Welcome to Appium v2.18.0
&amp#27;[38;5;112m[Appium]&amp#27;[0m The autodetected Appium home path: C:\Users\sajus\.appium
&amp#27;[38;5;112m[Appium]&amp#27;[0m Attempting to load driver uiautomator2...
&amp#27;[38;5;112m[Appium]&amp#27;[0m Requiring driver at C:\Users\sajus\.appium\node_modules\appium-uiautomator2-driver\build\index.js
&amp#27;[38;5;112m[Appium]&amp#27;[0m AndroidUiautomator2Driver has been successfully loaded in 0.863s
&amp#27;[38;5;112m[Appium]&amp#27;[0m Appium REST http interface listener started on http://0.0.0.0:4724
&amp#27;[38;5;112m[Appium]&amp#27;[0m You can provide the following URLs in your client code to connect to this server:
	http://192.168.2.20:4724/
	http://127.0.0.1:4724/ (only accessible from the same host)
&amp#27;[38;5;112m[Appium]&amp#27;[0m Available drivers:
&amp#27;[38;5;112m[Appium]&amp#27;[0m   - uiautomator2@4.2.3 (automationName 'UiAutomator2')
&amp#27;[38;5;112m[Appium]&amp#27;[0m No plugins have been installed. Use the "appium plugin" command to install the one(s) you want to use.
&amp#27;[38;5;86m[HTTP]&amp#27;[0m &amp#27;[37m-->&amp#27;[39m &amp#27;[37mGET&amp#27;[39m &amp#27;[37m/status&amp#27;[39m &amp#27;[90m{}&amp#27;[39m
&amp#27;[38;5;72m[AppiumDriver@ebb7]&amp#27;[0m Calling AppiumDriver.getStatus() with args: []
&amp#27;[38;5;72m[AppiumDriver@ebb7]&amp#27;[0m Responding to client with driver.getStatus() result: {"ready":true,"message":"The server is ready to accept new connections","build":{"version":"2.18.0"}}
Appium server started on port: 4724
&amp#27;[38;5;86m[HTTP]&amp#27;[0m &amp#27;[37m<-- GET /status &amp#27;[39m&amp#27;[32m200&amp#27;[39m &amp#27;[90m4 ms - 111&amp#27;[39m &amp#27;[90m&amp#27;[39m
&amp#27;[38;5;86m[HTTP]&amp#27;[0m Request idempotency key: 2e2e8bf1-70d8-4525-8807-12d091d91bd3
&amp#27;[38;5;86m[HTTP]&amp#27;[0m &amp#27;[37m-->&amp#27;[39m &amp#27;[37mPOST&amp#27;[39m &amp#27;[37m/session&amp#27;[39m &amp#27;[90m{"capabilities":{"firstMatch":[{}],"alwaysMatch":{"appium:appActivity":"com.androidsample.generalstore.SplashActivity","appium:appPackage":"com.androidsample.generalstore","appium:automationName":"UiAutomator2","appium:deviceName":"Samsung_Galaxy_S21","appium:noReset":true,"appium:platformVersion":"10.0","appium:systemPort":8201,"appium:udid":"R3CRC00KHBT","platformName":"ANDROID"}}}&amp#27;[39m
&amp#27;[38;5;72m[AppiumDriver@ebb7]&amp#27;[0m Calling AppiumDriver.createSession() with args: [null,null,{"firstMatch":[{}],"alwaysMatch":{"appium:appActivity":"com.androidsample.generalstore.SplashActivity","appium:appPackage":"com.androidsample.generalstore","appium:automationName":"UiAutomator2","appium:deviceName":"Samsung_Galaxy_S21","appium:noReset":true,"appium:platformVersion":"10.0","appium:systemPort":8201,"appium:udid":"R3CRC00KHBT","platformName":"ANDROID"}}]
&amp#27;[38;5;72m[AppiumDriver@ebb7]&amp#27;[0m Event 'newSessionRequested' logged at 1750222840071 (01:00:40 GMT-0400 (Eastern Daylight Saving Time))
&amp#27;[38;5;112m[Appium]&amp#27;[0m Attempting to find matching driver for automationName 'UiAutomator2' and platformName 'ANDROID'
&amp#27;[38;5;112m[Appium]&amp#27;[0m The 'uiautomator2' driver was installed and matched caps.
&amp#27;[38;5;112m[Appium]&amp#27;[0m Will require it at C:\Users\sajus\.appium\node_modules\appium-uiautomator2-driver
&amp#27;[38;5;112m[Appium]&amp#27;[0m Requiring driver at C:\Users\sajus\.appium\node_modules\appium-uiautomator2-driver\build\index.js
&amp#27;[38;5;72m[AppiumDriver@ebb7]&amp#27;[0m Appium v2.18.0 creating new AndroidUiautomator2Driver (v4.2.3) session
&amp#27;[38;5;72m[AppiumDriver@ebb7]&amp#27;[0m Checking BaseDriver versions for Appium and AndroidUiautomator2Driver
&amp#27;[38;5;72m[AppiumDriver@ebb7]&amp#27;[0m Appium's BaseDriver version is 9.17.0
&amp#27;[38;5;72m[AppiumDriver@ebb7]&amp#27;[0m AndroidUiautomator2Driver's BaseDriver version is 9.17.0
&amp#27;[38;5;-152m[AndroidUiautomator2Driver@ba59]&amp#27;[0m 
&amp#27;[38;5;-152m[AndroidUiautomator2Driver@ba59]&amp#27;[0m Creating session with W3C capabilities: {
  "alwaysMatch": {
    "platformName": "ANDROID",
    "appium:appActivity": "com.androidsample.generalstore.SplashActivity",
    "appium:appPackage": "com.androidsample.generalstore",
    "appium:automationName": "UiAutomator2",
    "appium:deviceName": "Samsung_Galaxy_S21",
    "appium:noReset": true,
    "appium:platformVersion": "10.0",
    "appium:systemPort": 8201,
    "appium:udid": "R3CRC00KHBT"
  },
  "firstMatch": [
    {}
  ]
}
&amp#27;[38;5;97m[63122b2e]&amp#27;[0m&amp#27;[38;5;-152m[AndroidUiautomator2Driver@ba59]&amp#27;[0m Session created with session id: 63122b2e-ea1b-4c1d-b990-3398be94a2d9
&amp#27;[38;5;97m[63122b2e]&amp#27;[0m&amp#27;[38;5;229m[ADB]&amp#27;[0m Found 3 'build-tools' folders under 'C:\Users\sajus\AppData\Local\Android\Sdk' (newest first):
&amp#27;[38;5;97m[63122b2e]&amp#27;[0m&amp#27;[38;5;229m[ADB]&amp#27;[0m     C:\Users\sajus\AppData\Local\Android\Sdk\build-tools\36.0.0
&amp#27;[38;5;97m[63122b2e]&amp#27;[0m&amp#27;[38;5;229m[ADB]&amp#27;[0m     C:\Users\sajus\AppData\Local\Android\Sdk\build-tools\35.0.1
&amp#27;[38;5;97m[63122b2e]&amp#27;[0m&amp#27;[38;5;229m[ADB]&amp#27;[0m     C:\Users\sajus\AppData\Local\Android\Sdk\build-tools\35.0.0
&amp#27;[38;5;97m[63122b2e]&amp#27;[0m&amp#27;[38;5;229m[ADB]&amp#27;[0m Using 'adb.exe' from 'C:\Users\sajus\AppData\Local\Android\Sdk\platform-tools\adb.exe'
&amp#27;[38;5;97m[63122b2e]&amp#27;[0m&amp#27;[38;5;229m[ADB]&amp#27;[0m Running 'C:\Users\sajus\AppData\Local\Android\Sdk\platform-tools\adb.exe -P 5037 start-server'
&amp#27;[38;5;97m[63122b2e]&amp#27;[0m&amp#27;[38;5;-152m[AndroidUiautomator2Driver@ba59]&amp#27;[0m Retrieving device list
&amp#27;[38;5;97m[63122b2e]&amp#27;[0m&amp#27;[38;5;229m[ADB]&amp#27;[0m Trying to find connected Android devices
&amp#27;[38;5;97m[63122b2e]&amp#27;[0m&amp#27;[38;5;229m[ADB]&amp#27;[0m Getting connected devices
&amp#27;[38;5;97m[63122b2e]&amp#27;[0m&amp#27;[38;5;229m[ADB]&amp#27;[0m Connected devices: [{"udid":"CTLID18120801016","state":"device"},{"udid":"R3CRC00KHBT","state":"device"}]
&amp#27;[38;5;97m[63122b2e]&amp#27;[0m&amp#27;[38;5;-152m[AndroidUiautomator2Driver@ba59]&amp#27;[0m Using device: R3CRC00KHBT
&amp#27;[38;5;97m[63122b2e]&amp#27;[0m&amp#27;[38;5;229m[ADB]&amp#27;[0m Using 'adb.exe' from 'C:\Users\sajus\AppData\Local\Android\Sdk\platform-tools\adb.exe'
&amp#27;[38;5;97m[63122b2e]&amp#27;[0m&amp#27;[38;5;229m[ADB]&amp#27;[0m Running 'C:\Users\sajus\AppData\Local\Android\Sdk\platform-tools\adb.exe -P 5037 start-server'
&amp#27;[38;5;97m[63122b2e]&amp#27;[0m&amp#27;[38;5;229m[ADB]&amp#27;[0m Setting device id to R3CRC00KHBT
&amp#27;[38;5;97m[63122b2e]&amp#27;[0m&amp#27;[38;5;-152m[AndroidUiautomator2Driver@ba59]&amp#27;[0m Starting 'com.androidsample.generalstore' directly on the device
&amp#27;[38;5;97m[63122b2e]&amp#27;[0m&amp#27;[38;5;229m[ADB]&amp#27;[0m Running 'C:\Users\sajus\AppData\Local\Android\Sdk\platform-tools\adb.exe -P 5037 -s R3CRC00KHBT shell getprop ro.build.version.sdk'
&amp#27;[38;5;97m[63122b2e]&amp#27;[0m&amp#27;[38;5;229m[ADB]&amp#27;[0m Current device property 'ro.build.version.sdk': 35
&amp#27;[38;5;97m[63122b2e]&amp#27;[0m&amp#27;[38;5;229m[ADB]&amp#27;[0m Getting device platform version
&amp#27;[38;5;97m[63122b2e]&amp#27;[0m&amp#27;[38;5;229m[ADB]&amp#27;[0m Running 'C:\Users\sajus\AppData\Local\Android\Sdk\platform-tools\adb.exe -P 5037 -s R3CRC00KHBT shell getprop ro.build.version.release'
&amp#27;[38;5;97m[63122b2e]&amp#27;[0m&amp#27;[38;5;229m[ADB]&amp#27;[0m Current device property 'ro.build.version.release': 15
&amp#27;[38;5;97m[63122b2e]&amp#27;[0m&amp#27;[38;5;229m[ADB]&amp#27;[0m Device API level: 35
&amp#27;[38;5;97m[63122b2e]&amp#27;[0m&amp#27;[38;5;-152m[AndroidUiautomator2Driver@ba59]&amp#27;[0m Relaxing hidden api policy
&amp#27;[38;5;97m[63122b2e]&amp#27;[0m&amp#27;[38;5;229m[ADB]&amp#27;[0m Running 'C:\Users\sajus\AppData\Local\Android\Sdk\platform-tools\adb.exe -P 5037 -s R3CRC00KHBT shell 'settings put global hidden_api_policy_pre_p_apps 1;settings put global hidden_api_policy_p_apps 1;settings put global hidden_api_policy 1''
&amp#27;[38;5;97m[63122b2e]&amp#27;[0m&amp#27;[38;5;-152m[AndroidUiautomator2Driver@ba59]&amp#27;[0m Pushing settings apk to the device...
&amp#27;[38;5;97m[63122b2e]&amp#27;[0m&amp#27;[38;5;229m[ADB]&amp#27;[0m Getting package info for 'io.appium.settings'
&amp#27;[38;5;97m[63122b2e]&amp#27;[0m&amp#27;[38;5;229m[ADB]&amp#27;[0m Running 'C:\Users\sajus\AppData\Local\Android\Sdk\platform-tools\adb.exe -P 5037 -s R3CRC00KHBT shell dumpsys package io.appium.settings'
&amp#27;[38;5;97m[63122b2e]&amp#27;[0m&amp#27;[38;5;229m[ADB]&amp#27;[0m Using 'aapt2.exe' from 'C:\Users\sajus\AppData\Local\Android\Sdk\build-tools\36.0.0\aapt2.exe'
&amp#27;[38;5;97m[63122b2e]&amp#27;[0m&amp#27;[38;5;229m[ADB]&amp#27;[0m Reading package manifest: 'C:\\Users\\sajus\\AppData\\Local\\Android\\Sdk\\build-tools\\36.0.0\\aapt2.exe dump badging C:\\Users\\sajus\\.appium\\node_modules\\appium-uiautomator2-driver\\node_modules\\io.appium.settings\\apks\\settings_apk-debug.apk'
&amp#27;[38;5;112m[Appium]&amp#27;[0m AndroidUiautomator2Driver has been successfully loaded in 0.879s
&amp#27;[38;5;112m[Appium]&amp#27;[0m Appium REST http interface listener started on http://0.0.0.0:4723
&amp#27;[38;5;112m[Appium]&amp#27;[0m You can provide the following URLs in your client code to connect to this server:
	http://192.168.2.20:4723/
	http://127.0.0.1:4723/ (only accessible from the same host)
&amp#27;[38;5;112m[Appium]&amp#27;[0m Available drivers:
&amp#27;[38;5;112m[Appium]&amp#27;[0m   - uiautomator2@4.2.3 (automationName 'UiAutomator2')
&amp#27;[38;5;112m[Appium]&amp#27;[0m No plugins have been installed. Use the "appium plugin" command to install the one(s) you want to use.
&amp#27;[38;5;97m[63122b2e]&amp#27;[0m&amp#27;[38;5;229m[ADB]&amp#27;[0m The version name of the installed 'io.appium.settings' is greater or equal to the application version name ('5.14.8' >= '5.14.8')
&amp#27;[38;5;97m[63122b2e]&amp#27;[0m&amp#27;[38;5;229m[ADB]&amp#27;[0m There is no need to install/upgrade 'C:\Users\sajus\.appium\node_modules\appium-uiautomator2-driver\node_modules\io.appium.settings\apks\settings_apk-debug.apk'
&amp#27;[38;5;97m[63122b2e]&amp#27;[0m&amp#27;[38;5;229m[ADB]&amp#27;[0m Running 'C:\Users\sajus\AppData\Local\Android\Sdk\platform-tools\adb.exe -P 5037 -s R3CRC00KHBT shell dumpsys activity services io.appium.settings'
&amp#27;[38;5;97m[63122b2e]&amp#27;[0m&amp#27;[38;5;-152m[AndroidUiautomator2Driver@ba59]&amp#27;[0m io.appium.settings is already running. There is no need to reset its permissions.
&amp#27;[38;5;97m[63122b2e]&amp#27;[0m&amp#27;[38;5;160m[Logcat]&amp#27;[0m Starting logs capture with command: C:\\Users\\sajus\\AppData\\Local\\Android\\Sdk\\platform-tools\\adb.exe -P 5037 -s R3CRC00KHBT logcat -v threadtime
&amp#27;[38;5;97m[63122b2e]&amp#27;[0m&amp#27;[38;5;229m[ADB]&amp#27;[0m Running 'C:\Users\sajus\AppData\Local\Android\Sdk\platform-tools\adb.exe -P 5037 -s R3CRC00KHBT shell appops set io.appium.settings android:mock_location allow'
&amp#27;[38;5;86m[HTTP]&amp#27;[0m &amp#27;[37m-->&amp#27;[39m &amp#27;[37mGET&amp#27;[39m &amp#27;[37m/status&amp#27;[39m &amp#27;[90m{}&amp#27;[39m
&amp#27;[38;5;192m[AppiumDriver@941b]&amp#27;[0m Calling AppiumDriver.getStatus() with args: []
&amp#27;[38;5;192m[AppiumDriver@941b]&amp#27;[0m Responding to client with driver.getStatus() result: {"ready":true,"message":"The server is ready to accept new connections","build":{"version":"2.18.0"}}
Appium server started on port: 4723
&amp#27;[38;5;86m[HTTP]&amp#27;[0m &amp#27;[37m<-- GET /status &amp#27;[39m&amp#27;[32m200&amp#27;[39m &amp#27;[90m5 ms - 111&amp#27;[39m &amp#27;[90m&amp#27;[39m
&amp#27;[38;5;86m[HTTP]&amp#27;[0m Request idempotency key: 5104ce98-a259-4a04-8613-0744c1d69b6a
&amp#27;[38;5;86m[HTTP]&amp#27;[0m &amp#27;[37m-->&amp#27;[39m &amp#27;[37mPOST&amp#27;[39m &amp#27;[37m/session&amp#27;[39m &amp#27;[90m{"capabilities":{"firstMatch":[{}],"alwaysMatch":{"appium:appActivity":"com.androidsample.generalstore.SplashActivity","appium:appPackage":"com.androidsample.generalstore","appium:automationName":"UiAutomator2","appium:deviceName":"Nokia","appium:noReset":true,"appium:platformVersion":"11.0","appium:systemPort":8202,"appium:udid":"CTLID18120801016","platformName":"ANDROID"}}}&amp#27;[39m
&amp#27;[38;5;192m[AppiumDriver@941b]&amp#27;[0m Calling AppiumDriver.createSession() with args: [null,null,{"firstMatch":[{}],"alwaysMatch":{"appium:appActivity":"com.androidsample.generalstore.SplashActivity","appium:appPackage":"com.androidsample.generalstore","appium:automationName":"UiAutomator2","appium:deviceName":"Nokia","appium:noReset":true,"appium:platformVersion":"11.0","appium:systemPort":8202,"appium:udid":"CTLID18120801016","platformName":"ANDROID"}}]
&amp#27;[38;5;192m[AppiumDriver@941b]&amp#27;[0m Event 'newSessionRequested' logged at 1750222840897 (01:00:40 GMT-0400 (Eastern Daylight Saving Time))
&amp#27;[38;5;112m[Appium]&amp#27;[0m Attempting to find matching driver for automationName 'UiAutomator2' and platformName 'ANDROID'
&amp#27;[38;5;112m[Appium]&amp#27;[0m The 'uiautomator2' driver was installed and matched caps.
&amp#27;[38;5;112m[Appium]&amp#27;[0m Will require it at C:\Users\sajus\.appium\node_modules\appium-uiautomator2-driver
&amp#27;[38;5;112m[Appium]&amp#27;[0m Requiring driver at C:\Users\sajus\.appium\node_modules\appium-uiautomator2-driver\build\index.js
&amp#27;[38;5;192m[AppiumDriver@941b]&amp#27;[0m Appium v2.18.0 creating new AndroidUiautomator2Driver (v4.2.3) session
&amp#27;[38;5;192m[AppiumDriver@941b]&amp#27;[0m Checking BaseDriver versions for Appium and AndroidUiautomator2Driver
&amp#27;[38;5;192m[AppiumDriver@941b]&amp#27;[0m Appium's BaseDriver version is 9.17.0
&amp#27;[38;5;192m[AppiumDriver@941b]&amp#27;[0m AndroidUiautomator2Driver's BaseDriver version is 9.17.0
&amp#27;[38;5;-93m[AndroidUiautomator2Driver@6f7e]&amp#27;[0m 
&amp#27;[38;5;-93m[AndroidUiautomator2Driver@6f7e]&amp#27;[0m Creating session with W3C capabilities: {
  "alwaysMatch": {
    "platformName": "ANDROID",
    "appium:appActivity": "com.androidsample.generalstore.SplashActivity",
    "appium:appPackage": "com.androidsample.generalstore",
    "appium:automationName": "UiAutomator2",
    "appium:deviceName": "Nokia",
    "appium:noReset": true,
    "appium:platformVersion": "11.0",
    "appium:systemPort": 8202,
    "appium:udid": "CTLID18120801016"
  },
  "firstMatch": [
    {}
  ]
}
&amp#27;[38;5;90m[1fad679b]&amp#27;[0m&amp#27;[38;5;-93m[AndroidUiautomator2Driver@6f7e]&amp#27;[0m Session created with session id: 1fad679b-b6ff-4133-953b-a03543cc369f
&amp#27;[38;5;90m[1fad679b]&amp#27;[0m&amp#27;[38;5;229m[ADB]&amp#27;[0m Found 3 'build-tools' folders under 'C:\Users\sajus\AppData\Local\Android\Sdk' (newest first):
&amp#27;[38;5;90m[1fad679b]&amp#27;[0m&amp#27;[38;5;229m[ADB]&amp#27;[0m     C:\Users\sajus\AppData\Local\Android\Sdk\build-tools\36.0.0
&amp#27;[38;5;90m[1fad679b]&amp#27;[0m&amp#27;[38;5;229m[ADB]&amp#27;[0m     C:\Users\sajus\AppData\Local\Android\Sdk\build-tools\35.0.1
&amp#27;[38;5;90m[1fad679b]&amp#27;[0m&amp#27;[38;5;229m[ADB]&amp#27;[0m     C:\Users\sajus\AppData\Local\Android\Sdk\build-tools\35.0.0
&amp#27;[38;5;90m[1fad679b]&amp#27;[0m&amp#27;[38;5;229m[ADB]&amp#27;[0m Using 'adb.exe' from 'C:\Users\sajus\AppData\Local\Android\Sdk\platform-tools\adb.exe'
&amp#27;[38;5;90m[1fad679b]&amp#27;[0m&amp#27;[38;5;229m[ADB]&amp#27;[0m Running 'C:\Users\sajus\AppData\Local\Android\Sdk\platform-tools\adb.exe -P 5037 start-server'
&amp#27;[38;5;97m[63122b2e]&amp#27;[0m&amp#27;[38;5;229m[ADB]&amp#27;[0m Running 'C:\Users\sajus\AppData\Local\Android\Sdk\platform-tools\adb.exe -P 5037 -s R3CRC00KHBT shell "[ -e '/data/local/tmp/mock_apps.json' ] && echo __PASS__"'
&amp#27;[38;5;90m[1fad679b]&amp#27;[0m&amp#27;[38;5;-93m[AndroidUiautomator2Driver@6f7e]&amp#27;[0m Retrieving device list
&amp#27;[38;5;90m[1fad679b]&amp#27;[0m&amp#27;[38;5;229m[ADB]&amp#27;[0m Trying to find connected Android devices
&amp#27;[38;5;90m[1fad679b]&amp#27;[0m&amp#27;[38;5;229m[ADB]&amp#27;[0m Getting connected devices
&amp#27;[38;5;97m[63122b2e]&amp#27;[0m&amp#27;[38;5;229m[ADB]&amp#27;[0m Running 'C:\Users\sajus\AppData\Local\Android\Sdk\platform-tools\adb.exe -P 5037 -s R3CRC00KHBT shell cat /data/local/tmp/mock_apps.json'
&amp#27;[38;5;90m[1fad679b]&amp#27;[0m&amp#27;[38;5;229m[ADB]&amp#27;[0m Connected devices: [{"udid":"CTLID18120801016","state":"device"},{"udid":"R3CRC00KHBT","state":"device"}]
&amp#27;[38;5;90m[1fad679b]&amp#27;[0m&amp#27;[38;5;-93m[AndroidUiautomator2Driver@6f7e]&amp#27;[0m Using device: CTLID18120801016
&amp#27;[38;5;90m[1fad679b]&amp#27;[0m&amp#27;[38;5;229m[ADB]&amp#27;[0m Using 'adb.exe' from 'C:\Users\sajus\AppData\Local\Android\Sdk\platform-tools\adb.exe'
&amp#27;[38;5;90m[1fad679b]&amp#27;[0m&amp#27;[38;5;229m[ADB]&amp#27;[0m Running 'C:\Users\sajus\AppData\Local\Android\Sdk\platform-tools\adb.exe -P 5037 start-server'
&amp#27;[38;5;90m[1fad679b]&amp#27;[0m&amp#27;[38;5;229m[ADB]&amp#27;[0m Setting device id to CTLID18120801016
&amp#27;[38;5;90m[1fad679b]&amp#27;[0m&amp#27;[38;5;-93m[AndroidUiautomator2Driver@6f7e]&amp#27;[0m Starting 'com.androidsample.generalstore' directly on the device
&amp#27;[38;5;90m[1fad679b]&amp#27;[0m&amp#27;[38;5;229m[ADB]&amp#27;[0m Running 'C:\Users\sajus\AppData\Local\Android\Sdk\platform-tools\adb.exe -P 5037 -s CTLID18120801016 shell getprop ro.build.version.sdk'
&amp#27;[38;5;97m[63122b2e]&amp#27;[0m&amp#27;[38;5;-152m[AndroidUiautomator2Driver@ba59]&amp#27;[0m Forwarding UiAutomator2 Server port 6790 to local port 8201
&amp#27;[38;5;97m[63122b2e]&amp#27;[0m&amp#27;[38;5;229m[ADB]&amp#27;[0m Forwarding system: 8201 to device: 6790
&amp#27;[38;5;97m[63122b2e]&amp#27;[0m&amp#27;[38;5;229m[ADB]&amp#27;[0m Running 'C:\Users\sajus\AppData\Local\Android\Sdk\platform-tools\adb.exe -P 5037 -s R3CRC00KHBT forward tcp:8201 tcp:6790'
&amp#27;[38;5;97m[63122b2e]&amp#27;[0m&amp#27;[38;5;-152m[AndroidUiautomator2Driver@ba59]&amp#27;[0m UIA2Proxy options: {"server":"127.0.0.1","port":8201,"keepAlive":true,"scheme":"http","base":"","reqBasePath":"","sessionId":null,"timeout":240000}
&amp#27;[38;5;97m[63122b2e]&amp#27;[0m&amp#27;[38;5;229m[ADB]&amp#27;[0m Getting package info for 'io.appium.uiautomator2.server'
&amp#27;[38;5;97m[63122b2e]&amp#27;[0m&amp#27;[38;5;229m[ADB]&amp#27;[0m Running 'C:\Users\sajus\AppData\Local\Android\Sdk\platform-tools\adb.exe -P 5037 -s R3CRC00KHBT shell dumpsys package io.appium.uiautomator2.server'
&amp#27;[38;5;90m[1fad679b]&amp#27;[0m&amp#27;[38;5;229m[ADB]&amp#27;[0m Current device property 'ro.build.version.sdk': 29
&amp#27;[38;5;90m[1fad679b]&amp#27;[0m&amp#27;[38;5;229m[ADB]&amp#27;[0m Getting device platform version
&amp#27;[38;5;90m[1fad679b]&amp#27;[0m&amp#27;[38;5;229m[ADB]&amp#27;[0m Running 'C:\Users\sajus\AppData\Local\Android\Sdk\platform-tools\adb.exe -P 5037 -s CTLID18120801016 shell getprop ro.build.version.release'
&amp#27;[38;5;97m[63122b2e]&amp#27;[0m&amp#27;[38;5;229m[ADB]&amp#27;[0m Getting install status for io.appium.uiautomator2.server.test
&amp#27;[38;5;97m[63122b2e]&amp#27;[0m&amp#27;[38;5;-152m[AndroidUiautomator2Driver@ba59]&amp#27;[0m No app capability. Assuming it is already on the device
&amp#27;[38;5;97m[63122b2e]&amp#27;[0m&amp#27;[38;5;229m[ADB]&amp#27;[0m Running 'C:\Users\sajus\AppData\Local\Android\Sdk\platform-tools\adb.exe -P 5037 -s R3CRC00KHBT shell cmd package list packages'
&amp#27;[38;5;90m[1fad679b]&amp#27;[0m&amp#27;[38;5;229m[ADB]&amp#27;[0m Current device property 'ro.build.version.release': 10
&amp#27;[38;5;90m[1fad679b]&amp#27;[0m&amp#27;[38;5;229m[ADB]&amp#27;[0m Device API level: 29
&amp#27;[38;5;90m[1fad679b]&amp#27;[0m&amp#27;[38;5;-93m[AndroidUiautomator2Driver@6f7e]&amp#27;[0m Relaxing hidden api policy
&amp#27;[38;5;90m[1fad679b]&amp#27;[0m&amp#27;[38;5;229m[ADB]&amp#27;[0m Running 'C:\Users\sajus\AppData\Local\Android\Sdk\platform-tools\adb.exe -P 5037 -s CTLID18120801016 shell 'settings put global hidden_api_policy_pre_p_apps 1;settings put global hidden_api_policy_p_apps 1;settings put global hidden_api_policy 1''
&amp#27;[38;5;97m[63122b2e]&amp#27;[0m&amp#27;[38;5;229m[ADB]&amp#27;[0m Reading package manifest: 'C:\\Users\\sajus\\AppData\\Local\\Android\\Sdk\\build-tools\\36.0.0\\aapt2.exe dump badging C:\\Users\\sajus\\.appium\\node_modules\\appium-uiautomator2-driver\\node_modules\\appium-uiautomator2-server\\apks\\appium-uiautomator2-server-v7.5.2.apk'
&amp#27;[38;5;90m[1fad679b]&amp#27;[0m&amp#27;[38;5;-93m[AndroidUiautomator2Driver@6f7e]&amp#27;[0m Pushing settings apk to the device...
&amp#27;[38;5;90m[1fad679b]&amp#27;[0m&amp#27;[38;5;229m[ADB]&amp#27;[0m Getting package info for 'io.appium.settings'
&amp#27;[38;5;90m[1fad679b]&amp#27;[0m&amp#27;[38;5;229m[ADB]&amp#27;[0m Running 'C:\Users\sajus\AppData\Local\Android\Sdk\platform-tools\adb.exe -P 5037 -s CTLID18120801016 shell dumpsys package io.appium.settings'
&amp#27;[38;5;97m[63122b2e]&amp#27;[0m&amp#27;[38;5;229m[ADB]&amp#27;[0m 'io.appium.uiautomator2.server.test' is installed
&amp#27;[38;5;97m[63122b2e]&amp#27;[0m&amp#27;[38;5;229m[ADB]&amp#27;[0m The version name of the installed 'io.appium.uiautomator2.server' is greater or equal to the application version name ('7.5.2' >= '7.5.2')
&amp#27;[38;5;97m[63122b2e]&amp#27;[0m&amp#27;[38;5;-152m[AndroidUiautomator2Driver@ba59]&amp#27;[0m Server packages status: [{"installState":"sameVersionInstalled","appPath":"C:\\Users\\sajus\\.appium\\node_modules\\appium-uiautomator2-driver\\node_modules\\appium-uiautomator2-server\\apks\\appium-uiautomator2-server-v7.5.2.apk","appId":"io.appium.uiautomator2.server"},{"installState":"sameVersionInstalled","appPath":"C:\\Users\\sajus\\.appium\\node_modules\\appium-uiautomator2-driver\\node_modules\\appium-uiautomator2-server\\apks\\appium-uiautomator2-server-debug-androidTest.apk","appId":"io.appium.uiautomator2.server.test"}]
&amp#27;[38;5;97m[63122b2e]&amp#27;[0m&amp#27;[38;5;-152m[AndroidUiautomator2Driver@ba59]&amp#27;[0m Server packages are not going to be (re)installed
&amp#27;[38;5;97m[63122b2e]&amp#27;[0m&amp#27;[38;5;-152m[AndroidUiautomator2Driver@ba59]&amp#27;[0m Waiting up to 30000ms for services to be available
&amp#27;[38;5;97m[63122b2e]&amp#27;[0m&amp#27;[38;5;229m[ADB]&amp#27;[0m Running 'C:\Users\sajus\AppData\Local\Android\Sdk\platform-tools\adb.exe -P 5037 -s R3CRC00KHBT shell pm list instrumentation'
&amp#27;[38;5;90m[1fad679b]&amp#27;[0m&amp#27;[38;5;229m[ADB]&amp#27;[0m Using 'aapt2.exe' from 'C:\Users\sajus\AppData\Local\Android\Sdk\build-tools\36.0.0\aapt2.exe'
&amp#27;[38;5;90m[1fad679b]&amp#27;[0m&amp#27;[38;5;229m[ADB]&amp#27;[0m Reading package manifest: 'C:\\Users\\sajus\\AppData\\Local\\Android\\Sdk\\build-tools\\36.0.0\\aapt2.exe dump badging C:\\Users\\sajus\\.appium\\node_modules\\appium-uiautomator2-driver\\node_modules\\io.appium.settings\\apks\\settings_apk-debug.apk'
&amp#27;[38;5;90m[1fad679b]&amp#27;[0m&amp#27;[38;5;229m[ADB]&amp#27;[0m The version name of the installed 'io.appium.settings' is greater or equal to the application version name ('5.14.8' >= '5.14.8')
&amp#27;[38;5;90m[1fad679b]&amp#27;[0m&amp#27;[38;5;229m[ADB]&amp#27;[0m There is no need to install/upgrade 'C:\Users\sajus\.appium\node_modules\appium-uiautomator2-driver\node_modules\io.appium.settings\apks\settings_apk-debug.apk'
&amp#27;[38;5;90m[1fad679b]&amp#27;[0m&amp#27;[38;5;229m[ADB]&amp#27;[0m Running 'C:\Users\sajus\AppData\Local\Android\Sdk\platform-tools\adb.exe -P 5037 -s CTLID18120801016 shell dumpsys activity services io.appium.settings'
&amp#27;[38;5;97m[63122b2e]&amp#27;[0m&amp#27;[38;5;-152m[AndroidUiautomator2Driver@ba59]&amp#27;[0m Instrumentation target 'io.appium.uiautomator2.server.test/androidx.test.runner.AndroidJUnitRunner' is available
&amp#27;[38;5;97m[63122b2e]&amp#27;[0m&amp#27;[38;5;229m[ADB]&amp#27;[0m Adding packages ["io.appium.settings","io.appium.uiautomator2.server","io.appium.uiautomator2.server.test"] to Doze whitelist
&amp#27;[38;5;97m[63122b2e]&amp#27;[0m&amp#27;[38;5;229m[ADB]&amp#27;[0m Got the following command chunks to execute: [["dumpsys","deviceidle","whitelist","+io.appium.settings",";","dumpsys","deviceidle","whitelist","+io.appium.uiautomator2.server",";","dumpsys","deviceidle","whitelist","+io.appium.uiautomator2.server.test",";"]]
&amp#27;[38;5;97m[63122b2e]&amp#27;[0m&amp#27;[38;5;229m[ADB]&amp#27;[0m Running 'C:\Users\sajus\AppData\Local\Android\Sdk\platform-tools\adb.exe -P 5037 -s R3CRC00KHBT shell dumpsys deviceidle whitelist +io.appium.settings ; dumpsys deviceidle whitelist +io.appium.uiautomator2.server ; dumpsys deviceidle whitelist +io.appium.uiautomator2.server.test ;'
&amp#27;[38;5;90m[1fad679b]&amp#27;[0m&amp#27;[38;5;-93m[AndroidUiautomator2Driver@6f7e]&amp#27;[0m io.appium.settings is already running. There is no need to reset its permissions.
&amp#27;[38;5;90m[1fad679b]&amp#27;[0m&amp#27;[38;5;160m[Logcat]&amp#27;[0m Starting logs capture with command: C:\\Users\\sajus\\AppData\\Local\\Android\\Sdk\\platform-tools\\adb.exe -P 5037 -s CTLID18120801016 logcat -v threadtime
&amp#27;[38;5;90m[1fad679b]&amp#27;[0m&amp#27;[38;5;229m[ADB]&amp#27;[0m Running 'C:\Users\sajus\AppData\Local\Android\Sdk\platform-tools\adb.exe -P 5037 -s CTLID18120801016 shell appops set io.appium.settings android:mock_location allow'
&amp#27;[38;5;97m[63122b2e]&amp#27;[0m&amp#27;[38;5;-152m[AndroidUiautomator2Driver@ba59]&amp#27;[0m Performing shallow cleanup of automation leftovers
&amp#27;[38;5;97m[63122b2e]&amp#27;[0m&amp#27;[38;5;-152m[AndroidUiautomator2Driver@ba59]&amp#27;[0m No obsolete sessions have been detected (socket hang up)
&amp#27;[38;5;97m[63122b2e]&amp#27;[0m&amp#27;[38;5;229m[ADB]&amp#27;[0m Running 'C:\Users\sajus\AppData\Local\Android\Sdk\platform-tools\adb.exe -P 5037 -s R3CRC00KHBT shell am force-stop io.appium.uiautomator2.server'
&amp#27;[38;5;90m[1fad679b]&amp#27;[0m&amp#27;[38;5;229m[ADB]&amp#27;[0m Running 'C:\Users\sajus\AppData\Local\Android\Sdk\platform-tools\adb.exe -P 5037 -s CTLID18120801016 shell "[ -e '/data/local/tmp/mock_apps.json' ] && echo __PASS__"'
&amp#27;[38;5;97m[63122b2e]&amp#27;[0m&amp#27;[38;5;229m[ADB]&amp#27;[0m Running 'C:\Users\sajus\AppData\Local\Android\Sdk\platform-tools\adb.exe -P 5037 -s R3CRC00KHBT shell am force-stop io.appium.uiautomator2.server.test'
&amp#27;[38;5;90m[1fad679b]&amp#27;[0m&amp#27;[38;5;229m[ADB]&amp#27;[0m Running 'C:\Users\sajus\AppData\Local\Android\Sdk\platform-tools\adb.exe -P 5037 -s CTLID18120801016 shell cat /data/local/tmp/mock_apps.json'
&amp#27;[38;5;90m[1fad679b]&amp#27;[0m&amp#27;[38;5;-93m[AndroidUiautomator2Driver@6f7e]&amp#27;[0m Forwarding UiAutomator2 Server port 6790 to local port 8202
&amp#27;[38;5;90m[1fad679b]&amp#27;[0m&amp#27;[38;5;229m[ADB]&amp#27;[0m Forwarding system: 8202 to device: 6790
&amp#27;[38;5;90m[1fad679b]&amp#27;[0m&amp#27;[38;5;229m[ADB]&amp#27;[0m Running 'C:\Users\sajus\AppData\Local\Android\Sdk\platform-tools\adb.exe -P 5037 -s CTLID18120801016 forward tcp:8202 tcp:6790'
&amp#27;[38;5;97m[63122b2e]&amp#27;[0m&amp#27;[38;5;-152m[AndroidUiautomator2Driver@ba59]&amp#27;[0m Starting UIAutomator2 server 7.5.2
&amp#27;[38;5;97m[63122b2e]&amp#27;[0m&amp#27;[38;5;-152m[AndroidUiautomator2Driver@ba59]&amp#27;[0m Using UIAutomator2 server from 'C:\Users\sajus\.appium\node_modules\appium-uiautomator2-driver\node_modules\appium-uiautomator2-server\apks\appium-uiautomator2-server-v7.5.2.apk' and test from 'C:\Users\sajus\.appium\node_modules\appium-uiautomator2-driver\node_modules\appium-uiautomator2-server\apks\appium-uiautomator2-server-debug-androidTest.apk'
&amp#27;[38;5;97m[63122b2e]&amp#27;[0m&amp#27;[38;5;-152m[AndroidUiautomator2Driver@ba59]&amp#27;[0m Waiting up to 30000ms for UiAutomator2 to be online...
&amp#27;[38;5;97m[63122b2e]&amp#27;[0m&amp#27;[38;5;229m[ADB]&amp#27;[0m Creating ADB subprocess with args: ["-P","5037","-s","R3CRC00KHBT","shell","am","instrument","-w","-e","disableAnalytics","true","io.appium.uiautomator2.server.test/androidx.test.runner.AndroidJUnitRunner"]
&amp#27;[38;5;90m[1fad679b]&amp#27;[0m&amp#27;[38;5;-93m[AndroidUiautomator2Driver@6f7e]&amp#27;[0m UIA2Proxy options: {"server":"127.0.0.1","port":8202,"keepAlive":true,"scheme":"http","base":"","reqBasePath":"","sessionId":null,"timeout":240000}
&amp#27;[38;5;90m[1fad679b]&amp#27;[0m&amp#27;[38;5;229m[ADB]&amp#27;[0m Getting package info for 'io.appium.uiautomator2.server'
&amp#27;[38;5;90m[1fad679b]&amp#27;[0m&amp#27;[38;5;229m[ADB]&amp#27;[0m Running 'C:\Users\sajus\AppData\Local\Android\Sdk\platform-tools\adb.exe -P 5037 -s CTLID18120801016 shell dumpsys package io.appium.uiautomator2.server'
&amp#27;[38;5;97m[63122b2e]&amp#27;[0m&amp#27;[38;5;-152m[AndroidUiautomator2Driver@ba59]&amp#27;[0m Matched '/status' to command name 'getStatus'
&amp#27;[38;5;97m[63122b2e]&amp#27;[0m&amp#27;[38;5;-152m[AndroidUiautomator2Driver@ba59]&amp#27;[0m Proxying [GET /status] to [GET http://127.0.0.1:8201/status] with no body
&amp#27;[38;5;90m[1fad679b]&amp#27;[0m&amp#27;[38;5;229m[ADB]&amp#27;[0m Getting install status for io.appium.uiautomator2.server.test
&amp#27;[38;5;90m[1fad679b]&amp#27;[0m&amp#27;[38;5;-93m[AndroidUiautomator2Driver@6f7e]&amp#27;[0m No app capability. Assuming it is already on the device
&amp#27;[38;5;90m[1fad679b]&amp#27;[0m&amp#27;[38;5;229m[ADB]&amp#27;[0m Running 'C:\Users\sajus\AppData\Local\Android\Sdk\platform-tools\adb.exe -P 5037 -s CTLID18120801016 shell cmd package list packages'
&amp#27;[38;5;97m[63122b2e]&amp#27;[0m&amp#27;[38;5;-152m[AndroidUiautomator2Driver@ba59]&amp#27;[0m socket hang up
&amp#27;[38;5;90m[1fad679b]&amp#27;[0m&amp#27;[38;5;229m[ADB]&amp#27;[0m Reading package manifest: 'C:\\Users\\sajus\\AppData\\Local\\Android\\Sdk\\build-tools\\36.0.0\\aapt2.exe dump badging C:\\Users\\sajus\\.appium\\node_modules\\appium-uiautomator2-driver\\node_modules\\appium-uiautomator2-server\\apks\\appium-uiautomator2-server-v7.5.2.apk'
&amp#27;[38;5;90m[1fad679b]&amp#27;[0m&amp#27;[38;5;229m[ADB]&amp#27;[0m 'io.appium.uiautomator2.server.test' is installed
&amp#27;[38;5;90m[1fad679b]&amp#27;[0m&amp#27;[38;5;229m[ADB]&amp#27;[0m The version name of the installed 'io.appium.uiautomator2.server' is greater or equal to the application version name ('7.5.2' >= '7.5.2')
&amp#27;[38;5;90m[1fad679b]&amp#27;[0m&amp#27;[38;5;-93m[AndroidUiautomator2Driver@6f7e]&amp#27;[0m Server packages status: [{"installState":"sameVersionInstalled","appPath":"C:\\Users\\sajus\\.appium\\node_modules\\appium-uiautomator2-driver\\node_modules\\appium-uiautomator2-server\\apks\\appium-uiautomator2-server-v7.5.2.apk","appId":"io.appium.uiautomator2.server"},{"installState":"sameVersionInstalled","appPath":"C:\\Users\\sajus\\.appium\\node_modules\\appium-uiautomator2-driver\\node_modules\\appium-uiautomator2-server\\apks\\appium-uiautomator2-server-debug-androidTest.apk","appId":"io.appium.uiautomator2.server.test"}]
&amp#27;[38;5;90m[1fad679b]&amp#27;[0m&amp#27;[38;5;-93m[AndroidUiautomator2Driver@6f7e]&amp#27;[0m Server packages are not going to be (re)installed
&amp#27;[38;5;90m[1fad679b]&amp#27;[0m&amp#27;[38;5;-93m[AndroidUiautomator2Driver@6f7e]&amp#27;[0m Waiting up to 30000ms for services to be available
&amp#27;[38;5;90m[1fad679b]&amp#27;[0m&amp#27;[38;5;229m[ADB]&amp#27;[0m Running 'C:\Users\sajus\AppData\Local\Android\Sdk\platform-tools\adb.exe -P 5037 -s CTLID18120801016 shell pm list instrumentation'
&amp#27;[38;5;90m[1fad679b]&amp#27;[0m&amp#27;[38;5;-93m[AndroidUiautomator2Driver@6f7e]&amp#27;[0m Instrumentation target 'io.appium.uiautomator2.server.test/androidx.test.runner.AndroidJUnitRunner' is available
&amp#27;[38;5;90m[1fad679b]&amp#27;[0m&amp#27;[38;5;229m[ADB]&amp#27;[0m Adding packages ["io.appium.settings","io.appium.uiautomator2.server","io.appium.uiautomator2.server.test"] to Doze whitelist
&amp#27;[38;5;90m[1fad679b]&amp#27;[0m&amp#27;[38;5;229m[ADB]&amp#27;[0m Got the following command chunks to execute: [["dumpsys","deviceidle","whitelist","+io.appium.settings",";","dumpsys","deviceidle","whitelist","+io.appium.uiautomator2.server",";","dumpsys","deviceidle","whitelist","+io.appium.uiautomator2.server.test",";"]]
&amp#27;[38;5;90m[1fad679b]&amp#27;[0m&amp#27;[38;5;229m[ADB]&amp#27;[0m Running 'C:\Users\sajus\AppData\Local\Android\Sdk\platform-tools\adb.exe -P 5037 -s CTLID18120801016 shell dumpsys deviceidle whitelist +io.appium.settings ; dumpsys deviceidle whitelist +io.appium.uiautomator2.server ; dumpsys deviceidle whitelist +io.appium.uiautomator2.server.test ;'
&amp#27;[38;5;90m[1fad679b]&amp#27;[0m&amp#27;[38;5;-93m[AndroidUiautomator2Driver@6f7e]&amp#27;[0m Performing shallow cleanup of automation leftovers
&amp#27;[38;5;90m[1fad679b]&amp#27;[0m&amp#27;[38;5;-93m[AndroidUiautomator2Driver@6f7e]&amp#27;[0m No obsolete sessions have been detected (socket hang up)
&amp#27;[38;5;90m[1fad679b]&amp#27;[0m&amp#27;[38;5;229m[ADB]&amp#27;[0m Running 'C:\Users\sajus\AppData\Local\Android\Sdk\platform-tools\adb.exe -P 5037 -s CTLID18120801016 shell am force-stop io.appium.uiautomator2.server'
&amp#27;[38;5;90m[1fad679b]&amp#27;[0m&amp#27;[38;5;229m[ADB]&amp#27;[0m Running 'C:\Users\sajus\AppData\Local\Android\Sdk\platform-tools\adb.exe -P 5037 -s CTLID18120801016 shell am force-stop io.appium.uiautomator2.server.test'
&amp#27;[38;5;97m[63122b2e]&amp#27;[0m&amp#27;[38;5;-152m[AndroidUiautomator2Driver@ba59]&amp#27;[0m [Instrumentation] 
&amp#27;[38;5;90m[1fad679b]&amp#27;[0m&amp#27;[38;5;-93m[AndroidUiautomator2Driver@6f7e]&amp#27;[0m Starting UIAutomator2 server 7.5.2
&amp#27;[38;5;90m[1fad679b]&amp#27;[0m&amp#27;[38;5;-93m[AndroidUiautomator2Driver@6f7e]&amp#27;[0m Using UIAutomator2 server from 'C:\Users\sajus\.appium\node_modules\appium-uiautomator2-driver\node_modules\appium-uiautomator2-server\apks\appium-uiautomator2-server-v7.5.2.apk' and test from 'C:\Users\sajus\.appium\node_modules\appium-uiautomator2-driver\node_modules\appium-uiautomator2-server\apks\appium-uiautomator2-server-debug-androidTest.apk'
&amp#27;[38;5;90m[1fad679b]&amp#27;[0m&amp#27;[38;5;-93m[AndroidUiautomator2Driver@6f7e]&amp#27;[0m Waiting up to 30000ms for UiAutomator2 to be online...
&amp#27;[38;5;90m[1fad679b]&amp#27;[0m&amp#27;[38;5;229m[ADB]&amp#27;[0m Creating ADB subprocess with args: ["-P","5037","-s","CTLID18120801016","shell","am","instrument","-w","-e","disableAnalytics","true","io.appium.uiautomator2.server.test/androidx.test.runner.AndroidJUnitRunner"]
&amp#27;[38;5;90m[1fad679b]&amp#27;[0m&amp#27;[38;5;-93m[AndroidUiautomator2Driver@6f7e]&amp#27;[0m Matched '/status' to command name 'getStatus'
&amp#27;[38;5;90m[1fad679b]&amp#27;[0m&amp#27;[38;5;-93m[AndroidUiautomator2Driver@6f7e]&amp#27;[0m Proxying [GET /status] to [GET http://127.0.0.1:8202/status] with no body
&amp#27;[38;5;90m[1fad679b]&amp#27;[0m&amp#27;[38;5;-93m[AndroidUiautomator2Driver@6f7e]&amp#27;[0m socket hang up
&amp#27;[38;5;97m[63122b2e]&amp#27;[0m&amp#27;[38;5;-152m[AndroidUiautomator2Driver@ba59]&amp#27;[0m Matched '/status' to command name 'getStatus'
&amp#27;[38;5;97m[63122b2e]&amp#27;[0m&amp#27;[38;5;-152m[AndroidUiautomator2Driver@ba59]&amp#27;[0m Proxying [GET /status] to [GET http://127.0.0.1:8201/status] with no body
&amp#27;[38;5;97m[63122b2e]&amp#27;[0m&amp#27;[38;5;-152m[AndroidUiautomator2Driver@ba59]&amp#27;[0m Got response with status 200: {"sessionId":"None","value":{"message":"UiAutomator2 Server is ready to accept commands","ready":true}}
&amp#27;[38;5;97m[63122b2e]&amp#27;[0m&amp#27;[38;5;-152m[AndroidUiautomator2Driver@ba59]&amp#27;[0m The initialization of the instrumentation process took 1161ms
&amp#27;[38;5;97m[63122b2e]&amp#27;[0m&amp#27;[38;5;-152m[AndroidUiautomator2Driver@ba59]&amp#27;[0m Matched '/session' to command name 'createSession'
&amp#27;[38;5;97m[63122b2e]&amp#27;[0m&amp#27;[38;5;-152m[AndroidUiautomator2Driver@ba59]&amp#27;[0m Proxying [POST /session] to [POST http://127.0.0.1:8201/session] with body: {"capabilities":{"firstMatch":[{"platformName":"ANDROID","appActivity":"com.androidsample.generalstore.SplashActivity","appPackage":"com.androidsample.generalstore","automationName":"UiAutomator2","deviceName":"R3CRC00KHBT","noReset":true,"platformVersion":"10.0","systemPort":8201,"udid":"R3CRC00KHBT","platform":"LINUX","webStorageEnabled":false,"takesScreenshot":true,"javascriptEnabled":true,"databaseEnabled":false,"networkConnectionEnabled":true,"locationContextEnabled":false,"warnings":{},"desired":{"platformName":"ANDROID","appActivity":"com.androidsample.generalstore.SplashActivity","appPackage":"com.androidsample.generalstore","automationName":"UiAutomator2","deviceName":"Samsung_Galaxy_S21","noReset":true,"platformVersion":"10.0","systemPort":8201,"udid":"R3CRC00KHBT"},"deviceUDID":"R3CRC00KHBT"}],"alwaysMatch":{}}}
&amp#27;[38;5;97m[63122b2e]&amp#27;[0m&amp#27;[38;5;-152m[AndroidUiautomator2Driver@ba59]&amp#27;[0m Got response with status 200: {"sessionId":"759db73d-7218-4bdf-aa3f-19de9b1db89d","value":{"capabilities":{"firstMatch":[{"platformName":"ANDROID","appActivity":"com.androidsample.generalstore.SplashActivity","appPackage":"com.androidsample.generalstore","automationName":"UiAutomator2","deviceName":"R3CRC00KHBT","noReset":true,"platformVersion":"10.0","systemPort":8201,"udid":"R3CRC00KHBT","platform":"LINUX","webStorageEnabled":false,"takesScreenshot":true,"javascriptEnabled":true,"databaseEnabled":false,"networkConnectionEnabled":true,"locationContextEnabled":false,"warnings":{},"desired":{"platformName":"ANDROID","appActivity":"com.androidsample.generalstore.SplashActivity","appPackage":"com.androidsample.generalstore","automationName":"UiAutomator2","deviceName":"Samsung_Galaxy_S21","noReset":true,"platformVersion":"10.0","systemPort":8201,"udid":"R3CRC00KHBT"},"deviceUDID":"R3CRC00KHBT"}],"alwaysMatch":{}},"sessionId":"759db73d-7218-4bdf-aa3f-19de9b1db89d"}}
&amp#27;[38;5;97m[63122b2e]&amp#27;[0m&amp#27;[38;5;-152m[AndroidUiautomator2Driver@ba59]&amp#27;[0m Determined the downstream protocol as 'W3C'
&amp#27;[38;5;97m[63122b2e]&amp#27;[0m&amp#27;[38;5;-152m[AndroidUiautomator2Driver@ba59]&amp#27;[0m Proxying [GET /appium/device/pixel_ratio] to [GET http://127.0.0.1:8201/session/759db73d-7218-4bdf-aa3f-19de9b1db89d/appium/device/pixel_ratio] with no body
&amp#27;[38;5;97m[63122b2e]&amp#27;[0m&amp#27;[38;5;-152m[AndroidUiautomator2Driver@ba59]&amp#27;[0m Matched '/appium/device/system_bars' to command name 'getSystemBars'
&amp#27;[38;5;97m[63122b2e]&amp#27;[0m&amp#27;[38;5;-152m[AndroidUiautomator2Driver@ba59]&amp#27;[0m Proxying [GET /appium/device/system_bars] to [GET http://127.0.0.1:8201/session/759db73d-7218-4bdf-aa3f-19de9b1db89d/appium/device/system_bars] with no body
&amp#27;[38;5;97m[63122b2e]&amp#27;[0m&amp#27;[38;5;-152m[AndroidUiautomator2Driver@ba59]&amp#27;[0m Matched '/window/current/size' to command name 'getWindowSize'
&amp#27;[38;5;97m[63122b2e]&amp#27;[0m&amp#27;[38;5;-152m[AndroidUiautomator2Driver@ba59]&amp#27;[0m Proxying [GET /window/current/size] to [GET http://127.0.0.1:8201/session/759db73d-7218-4bdf-aa3f-19de9b1db89d/window/current/size] with no body
&amp#27;[38;5;97m[63122b2e]&amp#27;[0m&amp#27;[38;5;-152m[AndroidUiautomator2Driver@ba59]&amp#27;[0m Proxying [GET /appium/device/info] to [GET http://127.0.0.1:8201/session/759db73d-7218-4bdf-aa3f-19de9b1db89d/appium/device/info] with no body
&amp#27;[38;5;97m[63122b2e]&amp#27;[0m&amp#27;[38;5;229m[ADB]&amp#27;[0m Running 'C:\Users\sajus\AppData\Local\Android\Sdk\platform-tools\adb.exe -P 5037 -s R3CRC00KHBT shell dumpsys window'
&amp#27;[38;5;97m[63122b2e]&amp#27;[0m&amp#27;[38;5;229m[ADB]&amp#27;[0m Running 'C:\Users\sajus\AppData\Local\Android\Sdk\platform-tools\adb.exe -P 5037 -s R3CRC00KHBT shell dumpsys power'
&amp#27;[38;5;97m[63122b2e]&amp#27;[0m&amp#27;[38;5;-152m[AndroidUiautomator2Driver@ba59]&amp#27;[0m Got response with status 200: {"sessionId":"759db73d-7218-4bdf-aa3f-19de9b1db89d","value":3}
&amp#27;[38;5;97m[63122b2e]&amp#27;[0m&amp#27;[38;5;-152m[AndroidUiautomator2Driver@ba59]&amp#27;[0m Got response with status 200: {"sessionId":"759db73d-7218-4bdf-aa3f-19de9b1db89d","value":{"height":2400,"width":1080}}
&amp#27;[38;5;97m[63122b2e]&amp#27;[0m&amp#27;[38;5;-152m[AndroidUiautomator2Driver@ba59]&amp#27;[0m Got response with status 200: {"sessionId":"759db73d-7218-4bdf-aa3f-19de9b1db89d","value":{"statusBar":80}}
&amp#27;[38;5;97m[63122b2e]&amp#27;[0m&amp#27;[38;5;-152m[AndroidUiautomator2Driver@ba59]&amp#27;[0m Got response with status 200: {"sessionId":"759db73d-7218-4bdf-aa3f-19de9b1db89d","value":{"androidId":"f27012414286a658","apiVersion":"35","bluetooth":{"state":"ON"},"brand":"samsung","carrierName":"","displayDensity":480,"locale":"en_CA","manufacturer":"samsung","model":"SM-G991W","networks":[{"capabilities":{"SSID":null,"linkDownBandwidthKbps":282299,"linkUpstreamBandwidthKbps":1421,"networkCapabilities":"NET_CAPABILITY_NOT_METERED,NET_CAPABILITY_INTERNET,NET_CAPABILITY_NOT_RESTRICTED,NET_CAPABILITY_TRUSTED,NET_CAPABILITY_NOT_VPN,NET_CAPABILITY_VALIDATED,NET_CAPABILITY_NOT_ROAMING,NET_CAPABILITY_FOREGROUND,NET_CAPABILITY_NOT_CONGESTED,NET_CAPABILITY_NOT_SUSPENDED","signalStrength":-55,"transportTypes":"TRANSPORT_WIFI"},"detailedState":"CONNECTED","extraInfo":"","isAvailable":true,"isConnected":true,"isFailover":false,"isRoaming":false,"state":"CONNECTED","subtype":-1,"subtypeName":"","type":1,"typeName":"WIFI"}],"platformVersion":"15","realDisplaySize":"1080x2400","timeZone":"America/New_York"}}
&amp#27;[38;5;97m[63122b2e]&amp#27;[0m&amp#27;[38;5;-152m[AndroidUiautomator2Driver@ba59]&amp#27;[0m Screen already unlocked, doing nothing
&amp#27;[38;5;97m[63122b2e]&amp#27;[0m&amp#27;[38;5;-152m[AndroidUiautomator2Driver@ba59]&amp#27;[0m Starting 'com.androidsample.generalstore/com.androidsample.generalstore.SplashActivity' and waiting for 'com.androidsample.generalstore/com.androidsample.generalstore.SplashActivity'
&amp#27;[38;5;97m[63122b2e]&amp#27;[0m&amp#27;[38;5;229m[ADB]&amp#27;[0m Getting IDs of all 'com.androidsample.generalstore' processes
&amp#27;[38;5;97m[63122b2e]&amp#27;[0m&amp#27;[38;5;229m[ADB]&amp#27;[0m Running 'C:\Users\sajus\AppData\Local\Android\Sdk\platform-tools\adb.exe -P 5037 -s R3CRC00KHBT shell 'pgrep --help; echo $?''
&amp#27;[38;5;97m[63122b2e]&amp#27;[0m&amp#27;[38;5;229m[ADB]&amp#27;[0m Running 'C:\Users\sajus\AppData\Local\Android\Sdk\platform-tools\adb.exe -P 5037 -s R3CRC00KHBT shell pgrep -f \(\[\[:blank:\]\]\|\^\)com\.androidsample\.generalstore\(:\[a-zA-Z0-9_-\]\+\)\?\(\[\[:blank:\]\]\|\$\)'
&amp#27;[38;5;97m[63122b2e]&amp#27;[0m&amp#27;[38;5;229m[ADB]&amp#27;[0m Running 'C:\Users\sajus\AppData\Local\Android\Sdk\platform-tools\adb.exe -P 5037 -s R3CRC00KHBT shell am start-activity -W -n com.androidsample.generalstore/com.androidsample.generalstore.SplashActivity -S -a android.intent.action.MAIN -c android.intent.category.LAUNCHER -f 0x10200000'
&amp#27;[38;5;90m[1fad679b]&amp#27;[0m&amp#27;[38;5;-93m[AndroidUiautomator2Driver@6f7e]&amp#27;[0m Matched '/status' to command name 'getStatus'
&amp#27;[38;5;90m[1fad679b]&amp#27;[0m&amp#27;[38;5;-93m[AndroidUiautomator2Driver@6f7e]&amp#27;[0m Proxying [GET /status] to [GET http://127.0.0.1:8202/status] with no body
&amp#27;[38;5;90m[1fad679b]&amp#27;[0m&amp#27;[38;5;-93m[AndroidUiautomator2Driver@6f7e]&amp#27;[0m socket hang up
&amp#27;[38;5;97m[63122b2e]&amp#27;[0m&amp#27;[38;5;72m[AppiumDriver@ebb7]&amp#27;[0m New AndroidUiautomator2Driver session created successfully, session 63122b2e-ea1b-4c1d-b990-3398be94a2d9 added to master session list
&amp#27;[38;5;97m[63122b2e]&amp#27;[0m&amp#27;[38;5;72m[AppiumDriver@ebb7]&amp#27;[0m Event 'newSessionStarted' logged at 1750222844089 (01:00:44 GMT-0400 (Eastern Daylight Saving Time))
&amp#27;[38;5;97m[63122b2e]&amp#27;[0m&amp#27;[38;5;-152m[AndroidUiautomator2Driver@ba59]&amp#27;[0m Cached the protocol value 'W3C' for the new session 63122b2e-ea1b-4c1d-b990-3398be94a2d9
&amp#27;[38;5;97m[63122b2e]&amp#27;[0m&amp#27;[38;5;-152m[AndroidUiautomator2Driver@ba59]&amp#27;[0m Responding to client with driver.createSession() result: {"capabilities":{"platformName":"ANDROID","appActivity":"com.androidsample.generalstore.SplashActivity","appPackage":"com.androidsample.generalstore","automationName":"UiAutomator2","deviceName":"R3CRC00KHBT","noReset":true,"platformVersion":"15","systemPort":8201,"udid":"R3CRC00KHBT","platform":"LINUX","webStorageEnabled":false,"takesScreenshot":true,"javascriptEnabled":true,"databaseEnabled":false,"networkConnectionEnabled":true,"locationContextEnabled":false,"warnings":{},"desired":{"platformName":"ANDROID","appActivity":"com.androidsample.generalstore.SplashActivity","appPackage":"com.androidsample.generalstore","automationName":"UiAutomator2","deviceName":"Samsung_Galaxy_S21","noReset":true,"platformVersion":"10.0","systemPort":8201,"udid":"R3CRC00KHBT"},"deviceUDID":"R3CRC00KHBT","pixelRatio":"3","statBarHeight":80,"viewportRect":{"left":0,"top":80,"width":1080,"height":2320},"deviceApiLevel":35,"deviceManufacturer":"samsung","deviceModel":"SM-G991W","deviceScreenSize":"1080x2400","deviceScreenDensit...
&amp#27;[38;5;97m[63122b2e]&amp#27;[0m&amp#27;[38;5;86m[HTTP]&amp#27;[0m &amp#27;[37m<-- POST /session &amp#27;[39m&amp#27;[32m200&amp#27;[39m &amp#27;[90m4020 ms - 1090&amp#27;[39m &amp#27;[90m&amp#27;[39m
&amp#27;[38;5;90m[1fad679b]&amp#27;[0m&amp#27;[38;5;-93m[AndroidUiautomator2Driver@6f7e]&amp#27;[0m [Instrumentation] 
&amp#27;[38;5;90m[1fad679b]&amp#27;[0m&amp#27;[38;5;-93m[AndroidUiautomator2Driver@6f7e]&amp#27;[0m Matched '/status' to command name 'getStatus'
&amp#27;[38;5;90m[1fad679b]&amp#27;[0m&amp#27;[38;5;-93m[AndroidUiautomator2Driver@6f7e]&amp#27;[0m Proxying [GET /status] to [GET http://127.0.0.1:8202/status] with no body
&amp#27;[38;5;90m[1fad679b]&amp#27;[0m&amp#27;[38;5;-93m[AndroidUiautomator2Driver@6f7e]&amp#27;[0m Got response with status 200: {"sessionId":"None","value":{"message":"UiAutomator2 Server is ready to accept commands","ready":true}}
&amp#27;[38;5;90m[1fad679b]&amp#27;[0m&amp#27;[38;5;-93m[AndroidUiautomator2Driver@6f7e]&amp#27;[0m The initialization of the instrumentation process took 2225ms
&amp#27;[38;5;90m[1fad679b]&amp#27;[0m&amp#27;[38;5;-93m[AndroidUiautomator2Driver@6f7e]&amp#27;[0m Matched '/session' to command name 'createSession'
&amp#27;[38;5;90m[1fad679b]&amp#27;[0m&amp#27;[38;5;-93m[AndroidUiautomator2Driver@6f7e]&amp#27;[0m Proxying [POST /session] to [POST http://127.0.0.1:8202/session] with body: {"capabilities":{"firstMatch":[{"platformName":"ANDROID","appActivity":"com.androidsample.generalstore.SplashActivity","appPackage":"com.androidsample.generalstore","automationName":"UiAutomator2","deviceName":"CTLID18120801016","noReset":true,"platformVersion":"11.0","systemPort":8202,"udid":"CTLID18120801016","platform":"LINUX","webStorageEnabled":false,"takesScreenshot":true,"javascriptEnabled":true,"databaseEnabled":false,"networkConnectionEnabled":true,"locationContextEnabled":false,"warnings":{},"desired":{"platformName":"ANDROID","appActivity":"com.androidsample.generalstore.SplashActivity","appPackage":"com.androidsample.generalstore","automationName":"UiAutomator2","deviceName":"Nokia","noReset":true,"platformVersion":"11.0","systemPort":8202,"udid":"CTLID18120801016"},"deviceUDID":"CTLID18120801016"}],"alwaysMatch":{}}}
&amp#27;[38;5;90m[1fad679b]&amp#27;[0m&amp#27;[38;5;-93m[AndroidUiautomator2Driver@6f7e]&amp#27;[0m Got response with status 200: {"sessionId":"6a2bbb1e-7801-4233-8202-8a09541404df","value":{"capabilities":{"firstMatch":[{"platformName":"ANDROID","appActivity":"com.androidsample.generalstore.SplashActivity","appPackage":"com.androidsample.generalstore","automationName":"UiAutomator2","deviceName":"CTLID18120801016","noReset":true,"platformVersion":"11.0","systemPort":8202,"udid":"CTLID18120801016","platform":"LINUX","webStorageEnabled":false,"takesScreenshot":true,"javascriptEnabled":true,"databaseEnabled":false,"networkConnectionEnabled":true,"locationContextEnabled":false,"warnings":{},"desired":{"platformName":"ANDROID","appActivity":"com.androidsample.generalstore.SplashActivity","appPackage":"com.androidsample.generalstore","automationName":"UiAutomator2","deviceName":"Nokia","noReset":true,"platformVersion":"11.0","systemPort":8202,"udid":"CTLID18120801016"},"deviceUDID":"CTLID18120801016"}],"alwaysMatch":{}},"sessionId":"6a2bbb1e-7801-4233-8202-8a09541404df"}}
&amp#27;[38;5;90m[1fad679b]&amp#27;[0m&amp#27;[38;5;-93m[AndroidUiautomator2Driver@6f7e]&amp#27;[0m Determined the downstream protocol as 'W3C'
&amp#27;[38;5;90m[1fad679b]&amp#27;[0m&amp#27;[38;5;-93m[AndroidUiautomator2Driver@6f7e]&amp#27;[0m Proxying [GET /appium/device/pixel_ratio] to [GET http://127.0.0.1:8202/session/6a2bbb1e-7801-4233-8202-8a09541404df/appium/device/pixel_ratio] with no body
&amp#27;[38;5;90m[1fad679b]&amp#27;[0m&amp#27;[38;5;-93m[AndroidUiautomator2Driver@6f7e]&amp#27;[0m Matched '/appium/device/system_bars' to command name 'getSystemBars'
&amp#27;[38;5;90m[1fad679b]&amp#27;[0m&amp#27;[38;5;-93m[AndroidUiautomator2Driver@6f7e]&amp#27;[0m Proxying [GET /appium/device/system_bars] to [GET http://127.0.0.1:8202/session/6a2bbb1e-7801-4233-8202-8a09541404df/appium/device/system_bars] with no body
&amp#27;[38;5;90m[1fad679b]&amp#27;[0m&amp#27;[38;5;-93m[AndroidUiautomator2Driver@6f7e]&amp#27;[0m Matched '/window/current/size' to command name 'getWindowSize'
&amp#27;[38;5;90m[1fad679b]&amp#27;[0m&amp#27;[38;5;-93m[AndroidUiautomator2Driver@6f7e]&amp#27;[0m Proxying [GET /window/current/size] to [GET http://127.0.0.1:8202/session/6a2bbb1e-7801-4233-8202-8a09541404df/window/current/size] with no body
&amp#27;[38;5;90m[1fad679b]&amp#27;[0m&amp#27;[38;5;-93m[AndroidUiautomator2Driver@6f7e]&amp#27;[0m Proxying [GET /appium/device/info] to [GET http://127.0.0.1:8202/session/6a2bbb1e-7801-4233-8202-8a09541404df/appium/device/info] with no body
&amp#27;[38;5;90m[1fad679b]&amp#27;[0m&amp#27;[38;5;229m[ADB]&amp#27;[0m Running 'C:\Users\sajus\AppData\Local\Android\Sdk\platform-tools\adb.exe -P 5037 -s CTLID18120801016 shell dumpsys window'
&amp#27;[38;5;90m[1fad679b]&amp#27;[0m&amp#27;[38;5;229m[ADB]&amp#27;[0m Running 'C:\Users\sajus\AppData\Local\Android\Sdk\platform-tools\adb.exe -P 5037 -s CTLID18120801016 shell dumpsys power'
&amp#27;[38;5;90m[1fad679b]&amp#27;[0m&amp#27;[38;5;-93m[AndroidUiautomator2Driver@6f7e]&amp#27;[0m Got response with status 200: {"sessionId":"6a2bbb1e-7801-4233-8202-8a09541404df","value":2.625}
&amp#27;[38;5;90m[1fad679b]&amp#27;[0m&amp#27;[38;5;-93m[AndroidUiautomator2Driver@6f7e]&amp#27;[0m Got response with status 200: {"sessionId":"6a2bbb1e-7801-4233-8202-8a09541404df","value":{"statusBar":89}}
&amp#27;[38;5;90m[1fad679b]&amp#27;[0m&amp#27;[38;5;-93m[AndroidUiautomator2Driver@6f7e]&amp#27;[0m Got response with status 200: {"sessionId":"6a2bbb1e-7801-4233-8202-8a09541404df","value":{"height":2280,"width":1080}}
&amp#27;[38;5;90m[1fad679b]&amp#27;[0m&amp#27;[38;5;-93m[AndroidUiautomator2Driver@6f7e]&amp#27;[0m Screen already unlocked, doing nothing
&amp#27;[38;5;90m[1fad679b]&amp#27;[0m&amp#27;[38;5;-93m[AndroidUiautomator2Driver@6f7e]&amp#27;[0m Starting 'com.androidsample.generalstore/com.androidsample.generalstore.SplashActivity' and waiting for 'com.androidsample.generalstore/com.androidsample.generalstore.SplashActivity'
&amp#27;[38;5;90m[1fad679b]&amp#27;[0m&amp#27;[38;5;229m[ADB]&amp#27;[0m Getting IDs of all 'com.androidsample.generalstore' processes
&amp#27;[38;5;90m[1fad679b]&amp#27;[0m&amp#27;[38;5;229m[ADB]&amp#27;[0m Running 'C:\Users\sajus\AppData\Local\Android\Sdk\platform-tools\adb.exe -P 5037 -s CTLID18120801016 shell 'pgrep --help; echo $?''
&amp#27;[38;5;90m[1fad679b]&amp#27;[0m&amp#27;[38;5;-93m[AndroidUiautomator2Driver@6f7e]&amp#27;[0m Got response with status 200: {"sessionId":"6a2bbb1e-7801-4233-8202-8a09541404df","value":{"androidId":"7be9e4e610cc4454","apiVersion":"29","bluetooth":{"state":"OFF"},"brand":"Nokia","carrierName":"","displayDensity":420,"locale":"en_IN","manufacturer":"HMD Global","model":"Nokia 7.1","networks":[{"capabilities":{"SSID":null,"linkDownBandwidthKbps":1048576,"linkUpstreamBandwidthKbps":1048576,"networkCapabilities":"NET_CAPABILITY_NOT_METERED,NET_CAPABILITY_INTERNET,NET_CAPABILITY_NOT_RESTRICTED,NET_CAPABILITY_TRUSTED,NET_CAPABILITY_NOT_VPN,NET_CAPABILITY_VALIDATED,NET_CAPABILITY_NOT_ROAMING,NET_CAPABILITY_FOREGROUND,NET_CAPABILITY_NOT_CONGESTED,NET_CAPABILITY_NOT_SUSPENDED","signalStrength":-55,"transportTypes":"TRANSPORT_WIFI"},"detailedState":"CONNECTED","extraInfo":null,"isAvailable":true,"isConnected":true,"isFailover":false,"isRoaming":false,"state":"CONNECTED","subtype":0,"subtypeName":"","type":1,"typeName":"WIFI"}],"platformVersion":"10","realDisplaySize":"1080x2280","timeZone":"America/Toronto"}}
&amp#27;[38;5;90m[1fad679b]&amp#27;[0m&amp#27;[38;5;229m[ADB]&amp#27;[0m Running 'C:\Users\sajus\AppData\Local\Android\Sdk\platform-tools\adb.exe -P 5037 -s CTLID18120801016 shell pgrep -f \(\[\[:blank:\]\]\|\^\)com\.androidsample\.generalstore\(:\[a-zA-Z0-9_-\]\+\)\?\(\[\[:blank:\]\]\|\$\)'
&amp#27;[38;5;90m[1fad679b]&amp#27;[0m&amp#27;[38;5;229m[ADB]&amp#27;[0m Running 'C:\Users\sajus\AppData\Local\Android\Sdk\platform-tools\adb.exe -P 5037 -s CTLID18120801016 shell am start-activity -W -n com.androidsample.generalstore/com.androidsample.generalstore.SplashActivity -S -a android.intent.action.MAIN -c android.intent.category.LAUNCHER -f 0x10200000'
&amp#27;[38;5;90m[1fad679b]&amp#27;[0m&amp#27;[38;5;192m[AppiumDriver@941b]&amp#27;[0m New AndroidUiautomator2Driver session created successfully, session 1fad679b-b6ff-4133-953b-a03543cc369f added to master session list
&amp#27;[38;5;90m[1fad679b]&amp#27;[0m&amp#27;[38;5;192m[AppiumDriver@941b]&amp#27;[0m Event 'newSessionStarted' logged at 1750222845924 (01:00:45 GMT-0400 (Eastern Daylight Saving Time))
&amp#27;[38;5;90m[1fad679b]&amp#27;[0m&amp#27;[38;5;-93m[AndroidUiautomator2Driver@6f7e]&amp#27;[0m Cached the protocol value 'W3C' for the new session 1fad679b-b6ff-4133-953b-a03543cc369f
&amp#27;[38;5;90m[1fad679b]&amp#27;[0m&amp#27;[38;5;-93m[AndroidUiautomator2Driver@6f7e]&amp#27;[0m Responding to client with driver.createSession() result: {"capabilities":{"platformName":"ANDROID","appActivity":"com.androidsample.generalstore.SplashActivity","appPackage":"com.androidsample.generalstore","automationName":"UiAutomator2","deviceName":"CTLID18120801016","noReset":true,"platformVersion":"10","systemPort":8202,"udid":"CTLID18120801016","platform":"LINUX","webStorageEnabled":false,"takesScreenshot":true,"javascriptEnabled":true,"databaseEnabled":false,"networkConnectionEnabled":true,"locationContextEnabled":false,"warnings":{},"desired":{"platformName":"ANDROID","appActivity":"com.androidsample.generalstore.SplashActivity","appPackage":"com.androidsample.generalstore","automationName":"UiAutomator2","deviceName":"Nokia","noReset":true,"platformVersion":"11.0","systemPort":8202,"udid":"CTLID18120801016"},"deviceUDID":"CTLID18120801016","pixelRatio":"2.625","statBarHeight":89,"viewportRect":{"left":0,"top":89,"width":1080,"height":2191},"deviceApiLevel":29,"deviceManufacturer":"HMD Global","deviceModel":"Nokia 7.1","deviceScreenSize":"1080x2280","dev...
&amp#27;[38;5;90m[1fad679b]&amp#27;[0m&amp#27;[38;5;86m[HTTP]&amp#27;[0m &amp#27;[37m<-- POST /session &amp#27;[39m&amp#27;[32m200&amp#27;[39m &amp#27;[90m5029 ms - 1105&amp#27;[39m &amp#27;[90m&amp#27;[39m
&amp#27;[38;5;97m[63122b2e]&amp#27;[0m&amp#27;[38;5;86m[HTTP]&amp#27;[0m &amp#27;[37m-->&amp#27;[39m &amp#27;[37mPOST&amp#27;[39m &amp#27;[37m/session/63122b2e-ea1b-4c1d-b990-3398be94a2d9/element&amp#27;[39m &amp#27;[90m{"using":"id","value":"com.androidsample.generalstore:id/nameField"}&amp#27;[39m
&amp#27;[38;5;97m[63122b2e]&amp#27;[0m&amp#27;[38;5;-152m[AndroidUiautomator2Driver@ba59]&amp#27;[0m Calling AppiumDriver.findElement() with args: ["id","com.androidsample.generalstore:id/nameField","63122b2e-ea1b-4c1d-b990-3398be94a2d9"]
&amp#27;[38;5;97m[63122b2e]&amp#27;[0m&amp#27;[38;5;-152m[AndroidUiautomator2Driver@ba59]&amp#27;[0m Valid locator strategies for this request: xpath, id, class name, accessibility id, css selector, -android uiautomator
&amp#27;[38;5;97m[63122b2e]&amp#27;[0m&amp#27;[38;5;-152m[AndroidUiautomator2Driver@ba59]&amp#27;[0m Waiting up to 0 ms for condition
&amp#27;[38;5;97m[63122b2e]&amp#27;[0m&amp#27;[38;5;-152m[AndroidUiautomator2Driver@ba59]&amp#27;[0m Matched '/element' to command name 'findElement'
&amp#27;[38;5;97m[63122b2e]&amp#27;[0m&amp#27;[38;5;-152m[AndroidUiautomator2Driver@ba59]&amp#27;[0m Proxying [POST /element] to [POST http://127.0.0.1:8201/session/759db73d-7218-4bdf-aa3f-19de9b1db89d/element] with body: {"strategy":"id","selector":"com.androidsample.generalstore:id/nameField","context":"","multiple":false}
&amp#27;[38;5;97m[63122b2e]&amp#27;[0m&amp#27;[38;5;-152m[AndroidUiautomator2Driver@ba59]&amp#27;[0m Got response with status 200: {"sessionId":"759db73d-7218-4bdf-aa3f-19de9b1db89d","value":{"ELEMENT":"00000000-0000-11ed-ffff-ffff0000001c","element-6066-11e4-a52e-4f735466cecf":"00000000-0000-11ed-ffff-ffff0000001c"}}
&amp#27;[38;5;97m[63122b2e]&amp#27;[0m&amp#27;[38;5;-152m[AndroidUiautomator2Driver@ba59]&amp#27;[0m Responding to client with driver.findElement() result: {"element-6066-11e4-a52e-4f735466cecf":"00000000-0000-11ed-ffff-ffff0000001c","ELEMENT":"00000000-0000-11ed-ffff-ffff0000001c"}
&amp#27;[38;5;97m[63122b2e]&amp#27;[0m&amp#27;[38;5;86m[HTTP]&amp#27;[0m &amp#27;[37m<-- POST /session/63122b2e-ea1b-4c1d-b990-3398be94a2d9/element &amp#27;[39m&amp#27;[32m200&amp#27;[39m &amp#27;[90m79 ms - 137&amp#27;[39m &amp#27;[90m&amp#27;[39m
&amp#27;[38;5;97m[63122b2e]&amp#27;[0m&amp#27;[38;5;86m[HTTP]&amp#27;[0m &amp#27;[37m-->&amp#27;[39m &amp#27;[37mPOST&amp#27;[39m &amp#27;[37m/session/63122b2e-ea1b-4c1d-b990-3398be94a2d9/element/00000000-0000-11ed-ffff-ffff0000001c/value&amp#27;[39m &amp#27;[90m{"id":"00000000-0000-11ed-ffff-ffff0000001c","text":"Steve Smith","value":["S","t","e","v","e"," ","S","m","i","t","h"]}&amp#27;[39m
&amp#27;[38;5;97m[63122b2e]&amp#27;[0m&amp#27;[38;5;-152m[AndroidUiautomator2Driver@ba59]&amp#27;[0m Calling AppiumDriver.setValue() with args: [["S","t","e","v","e"," ","S","m","i","t","h"],"00000000-0000-11ed-ffff-ffff0000001c","63122b2e-ea1b-4c1d-b990-3398be94a2d9"]
&amp#27;[38;5;97m[63122b2e]&amp#27;[0m&amp#27;[38;5;-152m[AndroidUiautomator2Driver@ba59]&amp#27;[0m Matched '/element/00000000-0000-11ed-ffff-ffff0000001c/value' to command name 'setValue'
&amp#27;[38;5;97m[63122b2e]&amp#27;[0m&amp#27;[38;5;-152m[AndroidUiautomator2Driver@ba59]&amp#27;[0m Added 'value' property ["S","t","e","v","e"," ","S","m","i","t","h"] to 'setValue' request body
&amp#27;[38;5;97m[63122b2e]&amp#27;[0m&amp#27;[38;5;-152m[AndroidUiautomator2Driver@ba59]&amp#27;[0m Proxying [POST /element/00000000-0000-11ed-ffff-ffff0000001c/value] to [POST http://127.0.0.1:8201/session/759db73d-7218-4bdf-aa3f-19de9b1db89d/element/00000000-0000-11ed-ffff-ffff0000001c/value] with body: {"elementId":"00000000-0000-11ed-ffff-ffff0000001c","text":"Steve Smith","replace":false,"value":["S","t","e","v","e"," ","S","m","i","t","h"]}
&amp#27;[38;5;97m[63122b2e]&amp#27;[0m&amp#27;[38;5;-152m[AndroidUiautomator2Driver@ba59]&amp#27;[0m Got response with status 200: {"sessionId":"759db73d-7218-4bdf-aa3f-19de9b1db89d","value":null}
&amp#27;[38;5;97m[63122b2e]&amp#27;[0m&amp#27;[38;5;-152m[AndroidUiautomator2Driver@ba59]&amp#27;[0m Responding to client with driver.setValue() result: null
&amp#27;[38;5;97m[63122b2e]&amp#27;[0m&amp#27;[38;5;86m[HTTP]&amp#27;[0m &amp#27;[37m<-- POST /session/63122b2e-ea1b-4c1d-b990-3398be94a2d9/element/00000000-0000-11ed-ffff-ffff0000001c/value &amp#27;[39m&amp#27;[32m200&amp#27;[39m &amp#27;[90m575 ms - 14&amp#27;[39m &amp#27;[90m&amp#27;[39m
&amp#27;[38;5;97m[63122b2e]&amp#27;[0m&amp#27;[38;5;86m[HTTP]&amp#27;[0m &amp#27;[37m-->&amp#27;[39m &amp#27;[37mPOST&amp#27;[39m &amp#27;[37m/session/63122b2e-ea1b-4c1d-b990-3398be94a2d9/execute/sync&amp#27;[39m &amp#27;[90m{"script":"mobile: hideKeyboard","args":[]}&amp#27;[39m
&amp#27;[38;5;97m[63122b2e]&amp#27;[0m&amp#27;[38;5;-152m[AndroidUiautomator2Driver@ba59]&amp#27;[0m Calling AppiumDriver.execute() with args: ["mobile: hideKeyboard",[],"63122b2e-ea1b-4c1d-b990-3398be94a2d9"]
&amp#27;[38;5;97m[63122b2e]&amp#27;[0m&amp#27;[38;5;229m[ADB]&amp#27;[0m Running 'C:\Users\sajus\AppData\Local\Android\Sdk\platform-tools\adb.exe -P 5037 -s R3CRC00KHBT shell dumpsys input_method'
&amp#27;[38;5;97m[63122b2e]&amp#27;[0m&amp#27;[38;5;229m[ADB]&amp#27;[0m Keyboard has no UI; no closing necessary
&amp#27;[38;5;97m[63122b2e]&amp#27;[0m&amp#27;[38;5;-152m[AndroidUiautomator2Driver@ba59]&amp#27;[0m Responding to client with driver.execute() result: false
&amp#27;[38;5;97m[63122b2e]&amp#27;[0m&amp#27;[38;5;86m[HTTP]&amp#27;[0m &amp#27;[37m<-- POST /session/63122b2e-ea1b-4c1d-b990-3398be94a2d9/execute/sync &amp#27;[39m&amp#27;[32m200&amp#27;[39m &amp#27;[90m185 ms - 15&amp#27;[39m &amp#27;[90m&amp#27;[39m
&amp#27;[38;5;97m[63122b2e]&amp#27;[0m&amp#27;[38;5;86m[HTTP]&amp#27;[0m &amp#27;[37m-->&amp#27;[39m &amp#27;[37mPOST&amp#27;[39m &amp#27;[37m/session/63122b2e-ea1b-4c1d-b990-3398be94a2d9/element&amp#27;[39m &amp#27;[90m{"using":"id","value":"com.androidsample.generalstore:id/radioFemale"}&amp#27;[39m
&amp#27;[38;5;97m[63122b2e]&amp#27;[0m&amp#27;[38;5;-152m[AndroidUiautomator2Driver@ba59]&amp#27;[0m Calling AppiumDriver.findElement() with args: ["id","com.androidsample.generalstore:id/radioFemale","63122b2e-ea1b-4c1d-b990-3398be94a2d9"]
&amp#27;[38;5;97m[63122b2e]&amp#27;[0m&amp#27;[38;5;-152m[AndroidUiautomator2Driver@ba59]&amp#27;[0m Valid locator strategies for this request: xpath, id, class name, accessibility id, css selector, -android uiautomator
&amp#27;[38;5;97m[63122b2e]&amp#27;[0m&amp#27;[38;5;-152m[AndroidUiautomator2Driver@ba59]&amp#27;[0m Waiting up to 0 ms for condition
&amp#27;[38;5;97m[63122b2e]&amp#27;[0m&amp#27;[38;5;-152m[AndroidUiautomator2Driver@ba59]&amp#27;[0m Matched '/element' to command name 'findElement'
&amp#27;[38;5;97m[63122b2e]&amp#27;[0m&amp#27;[38;5;-152m[AndroidUiautomator2Driver@ba59]&amp#27;[0m Proxying [POST /element] to [POST http://127.0.0.1:8201/session/759db73d-7218-4bdf-aa3f-19de9b1db89d/element] with body: {"strategy":"id","selector":"com.androidsample.generalstore:id/radioFemale","context":"","multiple":false}
&amp#27;[38;5;97m[63122b2e]&amp#27;[0m&amp#27;[38;5;-152m[AndroidUiautomator2Driver@ba59]&amp#27;[0m Got response with status 200: {"sessionId":"759db73d-7218-4bdf-aa3f-19de9b1db89d","value":{"ELEMENT":"00000000-0000-11ed-ffff-ffff00000020","element-6066-11e4-a52e-4f735466cecf":"00000000-0000-11ed-ffff-ffff00000020"}}
&amp#27;[38;5;97m[63122b2e]&amp#27;[0m&amp#27;[38;5;-152m[AndroidUiautomator2Driver@ba59]&amp#27;[0m Responding to client with driver.findElement() result: {"element-6066-11e4-a52e-4f735466cecf":"00000000-0000-11ed-ffff-ffff00000020","ELEMENT":"00000000-0000-11ed-ffff-ffff00000020"}
&amp#27;[38;5;97m[63122b2e]&amp#27;[0m&amp#27;[38;5;86m[HTTP]&amp#27;[0m &amp#27;[37m<-- POST /session/63122b2e-ea1b-4c1d-b990-3398be94a2d9/element &amp#27;[39m&amp#27;[32m200&amp#27;[39m &amp#27;[90m342 ms - 137&amp#27;[39m &amp#27;[90m&amp#27;[39m
&amp#27;[38;5;97m[63122b2e]&amp#27;[0m&amp#27;[38;5;86m[HTTP]&amp#27;[0m &amp#27;[37m-->&amp#27;[39m &amp#27;[37mPOST&amp#27;[39m &amp#27;[37m/session/63122b2e-ea1b-4c1d-b990-3398be94a2d9/element/00000000-0000-11ed-ffff-ffff00000020/click&amp#27;[39m &amp#27;[90m{"id":"00000000-0000-11ed-ffff-ffff00000020"}&amp#27;[39m
&amp#27;[38;5;97m[63122b2e]&amp#27;[0m&amp#27;[38;5;-152m[AndroidUiautomator2Driver@ba59]&amp#27;[0m Calling AppiumDriver.click() with args: ["00000000-0000-11ed-ffff-ffff00000020","63122b2e-ea1b-4c1d-b990-3398be94a2d9"]
&amp#27;[38;5;97m[63122b2e]&amp#27;[0m&amp#27;[38;5;-152m[AndroidUiautomator2Driver@ba59]&amp#27;[0m Matched '/element/00000000-0000-11ed-ffff-ffff00000020/click' to command name 'click'
&amp#27;[38;5;97m[63122b2e]&amp#27;[0m&amp#27;[38;5;-152m[AndroidUiautomator2Driver@ba59]&amp#27;[0m Proxying [POST /element/00000000-0000-11ed-ffff-ffff00000020/click] to [POST http://127.0.0.1:8201/session/759db73d-7218-4bdf-aa3f-19de9b1db89d/element/00000000-0000-11ed-ffff-ffff00000020/click] with body: {"element":"00000000-0000-11ed-ffff-ffff00000020"}
&amp#27;[38;5;90m[1fad679b]&amp#27;[0m&amp#27;[38;5;86m[HTTP]&amp#27;[0m &amp#27;[37m-->&amp#27;[39m &amp#27;[37mPOST&amp#27;[39m &amp#27;[37m/session/1fad679b-b6ff-4133-953b-a03543cc369f/element&amp#27;[39m &amp#27;[90m{"using":"id","value":"com.androidsample.generalstore:id/nameField"}&amp#27;[39m
&amp#27;[38;5;90m[1fad679b]&amp#27;[0m&amp#27;[38;5;-93m[AndroidUiautomator2Driver@6f7e]&amp#27;[0m Calling AppiumDriver.findElement() with args: ["id","com.androidsample.generalstore:id/nameField","1fad679b-b6ff-4133-953b-a03543cc369f"]
&amp#27;[38;5;90m[1fad679b]&amp#27;[0m&amp#27;[38;5;-93m[AndroidUiautomator2Driver@6f7e]&amp#27;[0m Valid locator strategies for this request: xpath, id, class name, accessibility id, css selector, -android uiautomator
&amp#27;[38;5;90m[1fad679b]&amp#27;[0m&amp#27;[38;5;-93m[AndroidUiautomator2Driver@6f7e]&amp#27;[0m Waiting up to 0 ms for condition
&amp#27;[38;5;90m[1fad679b]&amp#27;[0m&amp#27;[38;5;-93m[AndroidUiautomator2Driver@6f7e]&amp#27;[0m Matched '/element' to command name 'findElement'
&amp#27;[38;5;90m[1fad679b]&amp#27;[0m&amp#27;[38;5;-93m[AndroidUiautomator2Driver@6f7e]&amp#27;[0m Proxying [POST /element] to [POST http://127.0.0.1:8202/session/6a2bbb1e-7801-4233-8202-8a09541404df/element] with body: {"strategy":"id","selector":"com.androidsample.generalstore:id/nameField","context":"","multiple":false}
&amp#27;[38;5;90m[1fad679b]&amp#27;[0m&amp#27;[38;5;-93m[AndroidUiautomator2Driver@6f7e]&amp#27;[0m Got response with status 200: {"sessionId":"6a2bbb1e-7801-4233-8202-8a09541404df","value":{"ELEMENT":"00000000-0000-06a6-ffff-ffff0000001c","element-6066-11e4-a52e-4f735466cecf":"00000000-0000-06a6-ffff-ffff0000001c"}}
&amp#27;[38;5;90m[1fad679b]&amp#27;[0m&amp#27;[38;5;-93m[AndroidUiautomator2Driver@6f7e]&amp#27;[0m Responding to client with driver.findElement() result: {"element-6066-11e4-a52e-4f735466cecf":"00000000-0000-06a6-ffff-ffff0000001c","ELEMENT":"00000000-0000-06a6-ffff-ffff0000001c"}
&amp#27;[38;5;90m[1fad679b]&amp#27;[0m&amp#27;[38;5;86m[HTTP]&amp#27;[0m &amp#27;[37m<-- POST /session/1fad679b-b6ff-4133-953b-a03543cc369f/element &amp#27;[39m&amp#27;[32m200&amp#27;[39m &amp#27;[90m71 ms - 137&amp#27;[39m &amp#27;[90m&amp#27;[39m
&amp#27;[38;5;97m[63122b2e]&amp#27;[0m&amp#27;[38;5;-152m[AndroidUiautomator2Driver@ba59]&amp#27;[0m Got response with status 200: {"sessionId":"759db73d-7218-4bdf-aa3f-19de9b1db89d","value":null}
&amp#27;[38;5;97m[63122b2e]&amp#27;[0m&amp#27;[38;5;-152m[AndroidUiautomator2Driver@ba59]&amp#27;[0m Responding to client with driver.click() result: null
&amp#27;[38;5;97m[63122b2e]&amp#27;[0m&amp#27;[38;5;86m[HTTP]&amp#27;[0m &amp#27;[37m<-- POST /session/63122b2e-ea1b-4c1d-b990-3398be94a2d9/element/00000000-0000-11ed-ffff-ffff00000020/click &amp#27;[39m&amp#27;[32m200&amp#27;[39m &amp#27;[90m691 ms - 14&amp#27;[39m &amp#27;[90m&amp#27;[39m
&amp#27;[38;5;90m[1fad679b]&amp#27;[0m&amp#27;[38;5;86m[HTTP]&amp#27;[0m &amp#27;[37m-->&amp#27;[39m &amp#27;[37mPOST&amp#27;[39m &amp#27;[37m/session/1fad679b-b6ff-4133-953b-a03543cc369f/element/00000000-0000-06a6-ffff-ffff0000001c/value&amp#27;[39m &amp#27;[90m{"id":"00000000-0000-06a6-ffff-ffff0000001c","text":"Steve Smith","value":["S","t","e","v","e"," ","S","m","i","t","h"]}&amp#27;[39m
&amp#27;[38;5;90m[1fad679b]&amp#27;[0m&amp#27;[38;5;-93m[AndroidUiautomator2Driver@6f7e]&amp#27;[0m Calling AppiumDriver.setValue() with args: [["S","t","e","v","e"," ","S","m","i","t","h"],"00000000-0000-06a6-ffff-ffff0000001c","1fad679b-b6ff-4133-953b-a03543cc369f"]
&amp#27;[38;5;90m[1fad679b]&amp#27;[0m&amp#27;[38;5;-93m[AndroidUiautomator2Driver@6f7e]&amp#27;[0m Matched '/element/00000000-0000-06a6-ffff-ffff0000001c/value' to command name 'setValue'
&amp#27;[38;5;97m[63122b2e]&amp#27;[0m&amp#27;[38;5;86m[HTTP]&amp#27;[0m &amp#27;[37m-->&amp#27;[39m &amp#27;[37mPOST&amp#27;[39m &amp#27;[37m/session/63122b2e-ea1b-4c1d-b990-3398be94a2d9/element&amp#27;[39m &amp#27;[90m{"using":"id","value":"android:id/text1"}&amp#27;[39m
&amp#27;[38;5;90m[1fad679b]&amp#27;[0m&amp#27;[38;5;-93m[AndroidUiautomator2Driver@6f7e]&amp#27;[0m Added 'value' property ["S","t","e","v","e"," ","S","m","i","t","h"] to 'setValue' request body
&amp#27;[38;5;90m[1fad679b]&amp#27;[0m&amp#27;[38;5;-93m[AndroidUiautomator2Driver@6f7e]&amp#27;[0m Proxying [POST /element/00000000-0000-06a6-ffff-ffff0000001c/value] to [POST http://127.0.0.1:8202/session/6a2bbb1e-7801-4233-8202-8a09541404df/element/00000000-0000-06a6-ffff-ffff0000001c/value] with body: {"elementId":"00000000-0000-06a6-ffff-ffff0000001c","text":"Steve Smith","replace":false,"value":["S","t","e","v","e"," ","S","m","i","t","h"]}
&amp#27;[38;5;97m[63122b2e]&amp#27;[0m&amp#27;[38;5;-152m[AndroidUiautomator2Driver@ba59]&amp#27;[0m Calling AppiumDriver.findElement() with args: ["id","android:id/text1","63122b2e-ea1b-4c1d-b990-3398be94a2d9"]
&amp#27;[38;5;97m[63122b2e]&amp#27;[0m&amp#27;[38;5;-152m[AndroidUiautomator2Driver@ba59]&amp#27;[0m Valid locator strategies for this request: xpath, id, class name, accessibility id, css selector, -android uiautomator
&amp#27;[38;5;97m[63122b2e]&amp#27;[0m&amp#27;[38;5;-152m[AndroidUiautomator2Driver@ba59]&amp#27;[0m Waiting up to 0 ms for condition
&amp#27;[38;5;97m[63122b2e]&amp#27;[0m&amp#27;[38;5;-152m[AndroidUiautomator2Driver@ba59]&amp#27;[0m Matched '/element' to command name 'findElement'
&amp#27;[38;5;97m[63122b2e]&amp#27;[0m&amp#27;[38;5;-152m[AndroidUiautomator2Driver@ba59]&amp#27;[0m Proxying [POST /element] to [POST http://127.0.0.1:8201/session/759db73d-7218-4bdf-aa3f-19de9b1db89d/element] with body: {"strategy":"id","selector":"android:id/text1","context":"","multiple":false}
&amp#27;[38;5;97m[63122b2e]&amp#27;[0m&amp#27;[38;5;-152m[AndroidUiautomator2Driver@ba59]&amp#27;[0m Got response with status 200: {"sessionId":"759db73d-7218-4bdf-aa3f-19de9b1db89d","value":{"ELEMENT":"00000000-0000-11ed-ffff-ffff00000024","element-6066-11e4-a52e-4f735466cecf":"00000000-0000-11ed-ffff-ffff00000024"}}
&amp#27;[38;5;97m[63122b2e]&amp#27;[0m&amp#27;[38;5;-152m[AndroidUiautomator2Driver@ba59]&amp#27;[0m Responding to client with driver.findElement() result: {"element-6066-11e4-a52e-4f735466cecf":"00000000-0000-11ed-ffff-ffff00000024","ELEMENT":"00000000-0000-11ed-ffff-ffff00000024"}
&amp#27;[38;5;97m[63122b2e]&amp#27;[0m&amp#27;[38;5;86m[HTTP]&amp#27;[0m &amp#27;[37m<-- POST /session/63122b2e-ea1b-4c1d-b990-3398be94a2d9/element &amp#27;[39m&amp#27;[32m200&amp#27;[39m &amp#27;[90m64 ms - 137&amp#27;[39m &amp#27;[90m&amp#27;[39m
&amp#27;[38;5;97m[63122b2e]&amp#27;[0m&amp#27;[38;5;86m[HTTP]&amp#27;[0m &amp#27;[37m-->&amp#27;[39m &amp#27;[37mPOST&amp#27;[39m &amp#27;[37m/session/63122b2e-ea1b-4c1d-b990-3398be94a2d9/element/00000000-0000-11ed-ffff-ffff00000024/click&amp#27;[39m &amp#27;[90m{"id":"00000000-0000-11ed-ffff-ffff00000024"}&amp#27;[39m
&amp#27;[38;5;97m[63122b2e]&amp#27;[0m&amp#27;[38;5;-152m[AndroidUiautomator2Driver@ba59]&amp#27;[0m Calling AppiumDriver.click() with args: ["00000000-0000-11ed-ffff-ffff00000024","63122b2e-ea1b-4c1d-b990-3398be94a2d9"]
&amp#27;[38;5;97m[63122b2e]&amp#27;[0m&amp#27;[38;5;-152m[AndroidUiautomator2Driver@ba59]&amp#27;[0m Matched '/element/00000000-0000-11ed-ffff-ffff00000024/click' to command name 'click'
&amp#27;[38;5;97m[63122b2e]&amp#27;[0m&amp#27;[38;5;-152m[AndroidUiautomator2Driver@ba59]&amp#27;[0m Proxying [POST /element/00000000-0000-11ed-ffff-ffff00000024/click] to [POST http://127.0.0.1:8201/session/759db73d-7218-4bdf-aa3f-19de9b1db89d/element/00000000-0000-11ed-ffff-ffff00000024/click] with body: {"element":"00000000-0000-11ed-ffff-ffff00000024"}
&amp#27;[38;5;97m[63122b2e]&amp#27;[0m&amp#27;[38;5;-152m[AndroidUiautomator2Driver@ba59]&amp#27;[0m Got response with status 200: {"sessionId":"759db73d-7218-4bdf-aa3f-19de9b1db89d","value":null}
&amp#27;[38;5;97m[63122b2e]&amp#27;[0m&amp#27;[38;5;-152m[AndroidUiautomator2Driver@ba59]&amp#27;[0m Responding to client with driver.click() result: null
&amp#27;[38;5;97m[63122b2e]&amp#27;[0m&amp#27;[38;5;86m[HTTP]&amp#27;[0m &amp#27;[37m<-- POST /session/63122b2e-ea1b-4c1d-b990-3398be94a2d9/element/00000000-0000-11ed-ffff-ffff00000024/click &amp#27;[39m&amp#27;[32m200&amp#27;[39m &amp#27;[90m92 ms - 14&amp#27;[39m &amp#27;[90m&amp#27;[39m
&amp#27;[38;5;97m[63122b2e]&amp#27;[0m&amp#27;[38;5;86m[HTTP]&amp#27;[0m &amp#27;[37m-->&amp#27;[39m &amp#27;[37mPOST&amp#27;[39m &amp#27;[37m/session/63122b2e-ea1b-4c1d-b990-3398be94a2d9/element&amp#27;[39m &amp#27;[90m{"using":"-android uiautomator","value":"new UiScrollable(new UiSelector()).scrollIntoView(text(\"Argentina\"));"}&amp#27;[39m
&amp#27;[38;5;97m[63122b2e]&amp#27;[0m&amp#27;[38;5;-152m[AndroidUiautomator2Driver@ba59]&amp#27;[0m Calling AppiumDriver.findElement() with args: ["-android uiautomator","new UiScrollable(new UiSelector()).scrollIntoView(text(\"Argentina\"));","63122b2e-ea1b-4c1d-b990-3398be94a2d9"]
&amp#27;[38;5;97m[63122b2e]&amp#27;[0m&amp#27;[38;5;-152m[AndroidUiautomator2Driver@ba59]&amp#27;[0m Valid locator strategies for this request: xpath, id, class name, accessibility id, css selector, -android uiautomator
&amp#27;[38;5;97m[63122b2e]&amp#27;[0m&amp#27;[38;5;-152m[AndroidUiautomator2Driver@ba59]&amp#27;[0m Waiting up to 0 ms for condition
&amp#27;[38;5;97m[63122b2e]&amp#27;[0m&amp#27;[38;5;-152m[AndroidUiautomator2Driver@ba59]&amp#27;[0m Matched '/element' to command name 'findElement'
&amp#27;[38;5;97m[63122b2e]&amp#27;[0m&amp#27;[38;5;-152m[AndroidUiautomator2Driver@ba59]&amp#27;[0m Proxying [POST /element] to [POST http://127.0.0.1:8201/session/759db73d-7218-4bdf-aa3f-19de9b1db89d/element] with body: {"strategy":"-android uiautomator","selector":"new UiScrollable(new UiSelector()).scrollIntoView(text(\"Argentina\"));","context":"","multiple":false}
&amp#27;[38;5;90m[1fad679b]&amp#27;[0m&amp#27;[38;5;-93m[AndroidUiautomator2Driver@6f7e]&amp#27;[0m Got response with status 200: {"sessionId":"6a2bbb1e-7801-4233-8202-8a09541404df","value":null}
&amp#27;[38;5;90m[1fad679b]&amp#27;[0m&amp#27;[38;5;-93m[AndroidUiautomator2Driver@6f7e]&amp#27;[0m Responding to client with driver.setValue() result: null
&amp#27;[38;5;90m[1fad679b]&amp#27;[0m&amp#27;[38;5;86m[HTTP]&amp#27;[0m &amp#27;[37m<-- POST /session/1fad679b-b6ff-4133-953b-a03543cc369f/element/00000000-0000-06a6-ffff-ffff0000001c/value &amp#27;[39m&amp#27;[32m200&amp#27;[39m &amp#27;[90m556 ms - 14&amp#27;[39m &amp#27;[90m&amp#27;[39m
&amp#27;[38;5;90m[1fad679b]&amp#27;[0m&amp#27;[38;5;86m[HTTP]&amp#27;[0m &amp#27;[37m-->&amp#27;[39m &amp#27;[37mPOST&amp#27;[39m &amp#27;[37m/session/1fad679b-b6ff-4133-953b-a03543cc369f/execute/sync&amp#27;[39m &amp#27;[90m{"script":"mobile: hideKeyboard","args":[]}&amp#27;[39m
&amp#27;[38;5;90m[1fad679b]&amp#27;[0m&amp#27;[38;5;-93m[AndroidUiautomator2Driver@6f7e]&amp#27;[0m Calling AppiumDriver.execute() with args: ["mobile: hideKeyboard",[],"1fad679b-b6ff-4133-953b-a03543cc369f"]
&amp#27;[38;5;90m[1fad679b]&amp#27;[0m&amp#27;[38;5;229m[ADB]&amp#27;[0m Running 'C:\Users\sajus\AppData\Local\Android\Sdk\platform-tools\adb.exe -P 5037 -s CTLID18120801016 shell dumpsys input_method'
&amp#27;[38;5;90m[1fad679b]&amp#27;[0m&amp#27;[38;5;229m[ADB]&amp#27;[0m Keyboard has no UI; no closing necessary
&amp#27;[38;5;90m[1fad679b]&amp#27;[0m&amp#27;[38;5;-93m[AndroidUiautomator2Driver@6f7e]&amp#27;[0m Responding to client with driver.execute() result: false
&amp#27;[38;5;90m[1fad679b]&amp#27;[0m&amp#27;[38;5;86m[HTTP]&amp#27;[0m &amp#27;[37m<-- POST /session/1fad679b-b6ff-4133-953b-a03543cc369f/execute/sync &amp#27;[39m&amp#27;[32m200&amp#27;[39m &amp#27;[90m668 ms - 15&amp#27;[39m &amp#27;[90m&amp#27;[39m
&amp#27;[38;5;90m[1fad679b]&amp#27;[0m&amp#27;[38;5;86m[HTTP]&amp#27;[0m &amp#27;[37m-->&amp#27;[39m &amp#27;[37mPOST&amp#27;[39m &amp#27;[37m/session/1fad679b-b6ff-4133-953b-a03543cc369f/element&amp#27;[39m &amp#27;[90m{"using":"id","value":"com.androidsample.generalstore:id/radioFemale"}&amp#27;[39m
&amp#27;[38;5;90m[1fad679b]&amp#27;[0m&amp#27;[38;5;-93m[AndroidUiautomator2Driver@6f7e]&amp#27;[0m Calling AppiumDriver.findElement() with args: ["id","com.androidsample.generalstore:id/radioFemale","1fad679b-b6ff-4133-953b-a03543cc369f"]
&amp#27;[38;5;90m[1fad679b]&amp#27;[0m&amp#27;[38;5;-93m[AndroidUiautomator2Driver@6f7e]&amp#27;[0m Valid locator strategies for this request: xpath, id, class name, accessibility id, css selector, -android uiautomator
&amp#27;[38;5;90m[1fad679b]&amp#27;[0m&amp#27;[38;5;-93m[AndroidUiautomator2Driver@6f7e]&amp#27;[0m Waiting up to 0 ms for condition
&amp#27;[38;5;90m[1fad679b]&amp#27;[0m&amp#27;[38;5;-93m[AndroidUiautomator2Driver@6f7e]&amp#27;[0m Matched '/element' to command name 'findElement'
&amp#27;[38;5;90m[1fad679b]&amp#27;[0m&amp#27;[38;5;-93m[AndroidUiautomator2Driver@6f7e]&amp#27;[0m Proxying [POST /element] to [POST http://127.0.0.1:8202/session/6a2bbb1e-7801-4233-8202-8a09541404df/element] with body: {"strategy":"id","selector":"com.androidsample.generalstore:id/radioFemale","context":"","multiple":false}
&amp#27;[38;5;90m[1fad679b]&amp#27;[0m&amp#27;[38;5;-93m[AndroidUiautomator2Driver@6f7e]&amp#27;[0m Got response with status 200: {"sessionId":"6a2bbb1e-7801-4233-8202-8a09541404df","value":{"ELEMENT":"00000000-0000-06a6-ffff-ffff00000020","element-6066-11e4-a52e-4f735466cecf":"00000000-0000-06a6-ffff-ffff00000020"}}
&amp#27;[38;5;90m[1fad679b]&amp#27;[0m&amp#27;[38;5;-93m[AndroidUiautomator2Driver@6f7e]&amp#27;[0m Responding to client with driver.findElement() result: {"element-6066-11e4-a52e-4f735466cecf":"00000000-0000-06a6-ffff-ffff00000020","ELEMENT":"00000000-0000-06a6-ffff-ffff00000020"}
&amp#27;[38;5;90m[1fad679b]&amp#27;[0m&amp#27;[38;5;86m[HTTP]&amp#27;[0m &amp#27;[37m<-- POST /session/1fad679b-b6ff-4133-953b-a03543cc369f/element &amp#27;[39m&amp#27;[32m200&amp#27;[39m &amp#27;[90m42 ms - 137&amp#27;[39m &amp#27;[90m&amp#27;[39m
&amp#27;[38;5;90m[1fad679b]&amp#27;[0m&amp#27;[38;5;86m[HTTP]&amp#27;[0m &amp#27;[37m-->&amp#27;[39m &amp#27;[37mPOST&amp#27;[39m &amp#27;[37m/session/1fad679b-b6ff-4133-953b-a03543cc369f/element/00000000-0000-06a6-ffff-ffff00000020/click&amp#27;[39m &amp#27;[90m{"id":"00000000-0000-06a6-ffff-ffff00000020"}&amp#27;[39m
&amp#27;[38;5;90m[1fad679b]&amp#27;[0m&amp#27;[38;5;-93m[AndroidUiautomator2Driver@6f7e]&amp#27;[0m Calling AppiumDriver.click() with args: ["00000000-0000-06a6-ffff-ffff00000020","1fad679b-b6ff-4133-953b-a03543cc369f"]
&amp#27;[38;5;90m[1fad679b]&amp#27;[0m&amp#27;[38;5;-93m[AndroidUiautomator2Driver@6f7e]&amp#27;[0m Matched '/element/00000000-0000-06a6-ffff-ffff00000020/click' to command name 'click'
&amp#27;[38;5;90m[1fad679b]&amp#27;[0m&amp#27;[38;5;-93m[AndroidUiautomator2Driver@6f7e]&amp#27;[0m Proxying [POST /element/00000000-0000-06a6-ffff-ffff00000020/click] to [POST http://127.0.0.1:8202/session/6a2bbb1e-7801-4233-8202-8a09541404df/element/00000000-0000-06a6-ffff-ffff00000020/click] with body: {"element":"00000000-0000-06a6-ffff-ffff00000020"}
&amp#27;[38;5;90m[1fad679b]&amp#27;[0m&amp#27;[38;5;-93m[AndroidUiautomator2Driver@6f7e]&amp#27;[0m Got response with status 200: {"sessionId":"6a2bbb1e-7801-4233-8202-8a09541404df","value":null}
&amp#27;[38;5;90m[1fad679b]&amp#27;[0m&amp#27;[38;5;-93m[AndroidUiautomator2Driver@6f7e]&amp#27;[0m Responding to client with driver.click() result: null
&amp#27;[38;5;90m[1fad679b]&amp#27;[0m&amp#27;[38;5;86m[HTTP]&amp#27;[0m &amp#27;[37m<-- POST /session/1fad679b-b6ff-4133-953b-a03543cc369f/element/00000000-0000-06a6-ffff-ffff00000020/click &amp#27;[39m&amp#27;[32m200&amp#27;[39m &amp#27;[90m69 ms - 14&amp#27;[39m &amp#27;[90m&amp#27;[39m
&amp#27;[38;5;90m[1fad679b]&amp#27;[0m&amp#27;[38;5;86m[HTTP]&amp#27;[0m &amp#27;[37m-->&amp#27;[39m &amp#27;[37mPOST&amp#27;[39m &amp#27;[37m/session/1fad679b-b6ff-4133-953b-a03543cc369f/element&amp#27;[39m &amp#27;[90m{"using":"id","value":"android:id/text1"}&amp#27;[39m
&amp#27;[38;5;90m[1fad679b]&amp#27;[0m&amp#27;[38;5;-93m[AndroidUiautomator2Driver@6f7e]&amp#27;[0m Calling AppiumDriver.findElement() with args: ["id","android:id/text1","1fad679b-b6ff-4133-953b-a03543cc369f"]
&amp#27;[38;5;90m[1fad679b]&amp#27;[0m&amp#27;[38;5;-93m[AndroidUiautomator2Driver@6f7e]&amp#27;[0m Valid locator strategies for this request: xpath, id, class name, accessibility id, css selector, -android uiautomator
&amp#27;[38;5;90m[1fad679b]&amp#27;[0m&amp#27;[38;5;-93m[AndroidUiautomator2Driver@6f7e]&amp#27;[0m Waiting up to 0 ms for condition
&amp#27;[38;5;90m[1fad679b]&amp#27;[0m&amp#27;[38;5;-93m[AndroidUiautomator2Driver@6f7e]&amp#27;[0m Matched '/element' to command name 'findElement'
&amp#27;[38;5;90m[1fad679b]&amp#27;[0m&amp#27;[38;5;-93m[AndroidUiautomator2Driver@6f7e]&amp#27;[0m Proxying [POST /element] to [POST http://127.0.0.1:8202/session/6a2bbb1e-7801-4233-8202-8a09541404df/element] with body: {"strategy":"id","selector":"android:id/text1","context":"","multiple":false}
&amp#27;[38;5;90m[1fad679b]&amp#27;[0m&amp#27;[38;5;-93m[AndroidUiautomator2Driver@6f7e]&amp#27;[0m Got response with status 200: {"sessionId":"6a2bbb1e-7801-4233-8202-8a09541404df","value":{"ELEMENT":"00000000-0000-06a6-ffff-ffff00000024","element-6066-11e4-a52e-4f735466cecf":"00000000-0000-06a6-ffff-ffff00000024"}}
&amp#27;[38;5;90m[1fad679b]&amp#27;[0m&amp#27;[38;5;-93m[AndroidUiautomator2Driver@6f7e]&amp#27;[0m Responding to client with driver.findElement() result: {"element-6066-11e4-a52e-4f735466cecf":"00000000-0000-06a6-ffff-ffff00000024","ELEMENT":"00000000-0000-06a6-ffff-ffff00000024"}
&amp#27;[38;5;90m[1fad679b]&amp#27;[0m&amp#27;[38;5;86m[HTTP]&amp#27;[0m &amp#27;[37m<-- POST /session/1fad679b-b6ff-4133-953b-a03543cc369f/element &amp#27;[39m&amp#27;[32m200&amp#27;[39m &amp#27;[90m524 ms - 137&amp#27;[39m &amp#27;[90m&amp#27;[39m
&amp#27;[38;5;90m[1fad679b]&amp#27;[0m&amp#27;[38;5;86m[HTTP]&amp#27;[0m &amp#27;[37m-->&amp#27;[39m &amp#27;[37mPOST&amp#27;[39m &amp#27;[37m/session/1fad679b-b6ff-4133-953b-a03543cc369f/element/00000000-0000-06a6-ffff-ffff00000024/click&amp#27;[39m &amp#27;[90m{"id":"00000000-0000-06a6-ffff-ffff00000024"}&amp#27;[39m
&amp#27;[38;5;90m[1fad679b]&amp#27;[0m&amp#27;[38;5;-93m[AndroidUiautomator2Driver@6f7e]&amp#27;[0m Calling AppiumDriver.click() with args: ["00000000-0000-06a6-ffff-ffff00000024","1fad679b-b6ff-4133-953b-a03543cc369f"]
&amp#27;[38;5;90m[1fad679b]&amp#27;[0m&amp#27;[38;5;-93m[AndroidUiautomator2Driver@6f7e]&amp#27;[0m Matched '/element/00000000-0000-06a6-ffff-ffff00000024/click' to command name 'click'
&amp#27;[38;5;90m[1fad679b]&amp#27;[0m&amp#27;[38;5;-93m[AndroidUiautomator2Driver@6f7e]&amp#27;[0m Proxying [POST /element/00000000-0000-06a6-ffff-ffff00000024/click] to [POST http://127.0.0.1:8202/session/6a2bbb1e-7801-4233-8202-8a09541404df/element/00000000-0000-06a6-ffff-ffff00000024/click] with body: {"element":"00000000-0000-06a6-ffff-ffff00000024"}
&amp#27;[38;5;90m[1fad679b]&amp#27;[0m&amp#27;[38;5;-93m[AndroidUiautomator2Driver@6f7e]&amp#27;[0m Got response with status 200: {"sessionId":"6a2bbb1e-7801-4233-8202-8a09541404df","value":null}
&amp#27;[38;5;90m[1fad679b]&amp#27;[0m&amp#27;[38;5;-93m[AndroidUiautomator2Driver@6f7e]&amp#27;[0m Responding to client with driver.click() result: null
&amp#27;[38;5;90m[1fad679b]&amp#27;[0m&amp#27;[38;5;86m[HTTP]&amp#27;[0m &amp#27;[37m<-- POST /session/1fad679b-b6ff-4133-953b-a03543cc369f/element/00000000-0000-06a6-ffff-ffff00000024/click &amp#27;[39m&amp#27;[32m200&amp#27;[39m &amp#27;[90m67 ms - 14&amp#27;[39m &amp#27;[90m&amp#27;[39m
&amp#27;[38;5;90m[1fad679b]&amp#27;[0m&amp#27;[38;5;86m[HTTP]&amp#27;[0m &amp#27;[37m-->&amp#27;[39m &amp#27;[37mPOST&amp#27;[39m &amp#27;[37m/session/1fad679b-b6ff-4133-953b-a03543cc369f/element&amp#27;[39m &amp#27;[90m{"using":"-android uiautomator","value":"new UiScrollable(new UiSelector()).scrollIntoView(text(\"Argentina\"));"}&amp#27;[39m
&amp#27;[38;5;90m[1fad679b]&amp#27;[0m&amp#27;[38;5;-93m[AndroidUiautomator2Driver@6f7e]&amp#27;[0m Calling AppiumDriver.findElement() with args: ["-android uiautomator","new UiScrollable(new UiSelector()).scrollIntoView(text(\"Argentina\"));","1fad679b-b6ff-4133-953b-a03543cc369f"]
&amp#27;[38;5;90m[1fad679b]&amp#27;[0m&amp#27;[38;5;-93m[AndroidUiautomator2Driver@6f7e]&amp#27;[0m Valid locator strategies for this request: xpath, id, class name, accessibility id, css selector, -android uiautomator
&amp#27;[38;5;90m[1fad679b]&amp#27;[0m&amp#27;[38;5;-93m[AndroidUiautomator2Driver@6f7e]&amp#27;[0m Waiting up to 0 ms for condition
&amp#27;[38;5;90m[1fad679b]&amp#27;[0m&amp#27;[38;5;-93m[AndroidUiautomator2Driver@6f7e]&amp#27;[0m Matched '/element' to command name 'findElement'
&amp#27;[38;5;90m[1fad679b]&amp#27;[0m&amp#27;[38;5;-93m[AndroidUiautomator2Driver@6f7e]&amp#27;[0m Proxying [POST /element] to [POST http://127.0.0.1:8202/session/6a2bbb1e-7801-4233-8202-8a09541404df/element] with body: {"strategy":"-android uiautomator","selector":"new UiScrollable(new UiSelector()).scrollIntoView(text(\"Argentina\"));","context":"","multiple":false}
&amp#27;[38;5;97m[63122b2e]&amp#27;[0m&amp#27;[38;5;-152m[AndroidUiautomator2Driver@ba59]&amp#27;[0m Got response with status 200: {"sessionId":"759db73d-7218-4bdf-aa3f-19de9b1db89d","value":{"ELEMENT":"00000000-0000-11ee-ffff-ffff00000029","element-6066-11e4-a52e-4f735466cecf":"00000000-0000-11ee-ffff-ffff00000029"}}
&amp#27;[38;5;97m[63122b2e]&amp#27;[0m&amp#27;[38;5;-152m[AndroidUiautomator2Driver@ba59]&amp#27;[0m Responding to client with driver.findElement() result: {"element-6066-11e4-a52e-4f735466cecf":"00000000-0000-11ee-ffff-ffff00000029","ELEMENT":"00000000-0000-11ee-ffff-ffff00000029"}
&amp#27;[38;5;97m[63122b2e]&amp#27;[0m&amp#27;[38;5;86m[HTTP]&amp#27;[0m &amp#27;[37m<-- POST /session/63122b2e-ea1b-4c1d-b990-3398be94a2d9/element &amp#27;[39m&amp#27;[32m200&amp#27;[39m &amp#27;[90m4508 ms - 137&amp#27;[39m &amp#27;[90m&amp#27;[39m
&amp#27;[38;5;97m[63122b2e]&amp#27;[0m&amp#27;[38;5;86m[HTTP]&amp#27;[0m &amp#27;[37m-->&amp#27;[39m &amp#27;[37mPOST&amp#27;[39m &amp#27;[37m/session/63122b2e-ea1b-4c1d-b990-3398be94a2d9/element&amp#27;[39m &amp#27;[90m{"using":"xpath","value":"//android.widget.TextView[@text='Argentina']"}&amp#27;[39m
&amp#27;[38;5;97m[63122b2e]&amp#27;[0m&amp#27;[38;5;-152m[AndroidUiautomator2Driver@ba59]&amp#27;[0m Calling AppiumDriver.findElement() with args: ["xpath","//android.widget.TextView[@text='Argentina']","63122b2e-ea1b-4c1d-b990-3398be94a2d9"]
&amp#27;[38;5;97m[63122b2e]&amp#27;[0m&amp#27;[38;5;-152m[AndroidUiautomator2Driver@ba59]&amp#27;[0m Valid locator strategies for this request: xpath, id, class name, accessibility id, css selector, -android uiautomator
&amp#27;[38;5;97m[63122b2e]&amp#27;[0m&amp#27;[38;5;-152m[AndroidUiautomator2Driver@ba59]&amp#27;[0m Waiting up to 0 ms for condition
&amp#27;[38;5;97m[63122b2e]&amp#27;[0m&amp#27;[38;5;-152m[AndroidUiautomator2Driver@ba59]&amp#27;[0m Matched '/element' to command name 'findElement'
&amp#27;[38;5;97m[63122b2e]&amp#27;[0m&amp#27;[38;5;-152m[AndroidUiautomator2Driver@ba59]&amp#27;[0m Proxying [POST /element] to [POST http://127.0.0.1:8201/session/759db73d-7218-4bdf-aa3f-19de9b1db89d/element] with body: {"strategy":"xpath","selector":"//android.widget.TextView[@text='Argentina']","context":"","multiple":false}
&amp#27;[38;5;97m[63122b2e]&amp#27;[0m&amp#27;[38;5;-152m[AndroidUiautomator2Driver@ba59]&amp#27;[0m Got response with status 200: {"sessionId":"759db73d-7218-4bdf-aa3f-19de9b1db89d","value":{"ELEMENT":"00000000-0000-11ee-ffff-ffff00000029","element-6066-11e4-a52e-4f735466cecf":"00000000-0000-11ee-ffff-ffff00000029"}}
&amp#27;[38;5;97m[63122b2e]&amp#27;[0m&amp#27;[38;5;-152m[AndroidUiautomator2Driver@ba59]&amp#27;[0m Responding to client with driver.findElement() result: {"element-6066-11e4-a52e-4f735466cecf":"00000000-0000-11ee-ffff-ffff00000029","ELEMENT":"00000000-0000-11ee-ffff-ffff00000029"}
&amp#27;[38;5;97m[63122b2e]&amp#27;[0m&amp#27;[38;5;86m[HTTP]&amp#27;[0m &amp#27;[37m<-- POST /session/63122b2e-ea1b-4c1d-b990-3398be94a2d9/element &amp#27;[39m&amp#27;[32m200&amp#27;[39m &amp#27;[90m227 ms - 137&amp#27;[39m &amp#27;[90m&amp#27;[39m
&amp#27;[38;5;97m[63122b2e]&amp#27;[0m&amp#27;[38;5;86m[HTTP]&amp#27;[0m &amp#27;[37m-->&amp#27;[39m &amp#27;[37mPOST&amp#27;[39m &amp#27;[37m/session/63122b2e-ea1b-4c1d-b990-3398be94a2d9/element/00000000-0000-11ee-ffff-ffff00000029/click&amp#27;[39m &amp#27;[90m{"id":"00000000-0000-11ee-ffff-ffff00000029"}&amp#27;[39m
&amp#27;[38;5;97m[63122b2e]&amp#27;[0m&amp#27;[38;5;-152m[AndroidUiautomator2Driver@ba59]&amp#27;[0m Calling AppiumDriver.click() with args: ["00000000-0000-11ee-ffff-ffff00000029","63122b2e-ea1b-4c1d-b990-3398be94a2d9"]
&amp#27;[38;5;97m[63122b2e]&amp#27;[0m&amp#27;[38;5;-152m[AndroidUiautomator2Driver@ba59]&amp#27;[0m Matched '/element/00000000-0000-11ee-ffff-ffff00000029/click' to command name 'click'
&amp#27;[38;5;97m[63122b2e]&amp#27;[0m&amp#27;[38;5;-152m[AndroidUiautomator2Driver@ba59]&amp#27;[0m Proxying [POST /element/00000000-0000-11ee-ffff-ffff00000029/click] to [POST http://127.0.0.1:8201/session/759db73d-7218-4bdf-aa3f-19de9b1db89d/element/00000000-0000-11ee-ffff-ffff00000029/click] with body: {"element":"00000000-0000-11ee-ffff-ffff00000029"}
&amp#27;[38;5;97m[63122b2e]&amp#27;[0m&amp#27;[38;5;-152m[AndroidUiautomator2Driver@ba59]&amp#27;[0m Got response with status 200: {"sessionId":"759db73d-7218-4bdf-aa3f-19de9b1db89d","value":null}
&amp#27;[38;5;97m[63122b2e]&amp#27;[0m&amp#27;[38;5;-152m[AndroidUiautomator2Driver@ba59]&amp#27;[0m Responding to client with driver.click() result: null
&amp#27;[38;5;97m[63122b2e]&amp#27;[0m&amp#27;[38;5;86m[HTTP]&amp#27;[0m &amp#27;[37m<-- POST /session/63122b2e-ea1b-4c1d-b990-3398be94a2d9/element/00000000-0000-11ee-ffff-ffff00000029/click &amp#27;[39m&amp#27;[32m200&amp#27;[39m &amp#27;[90m662 ms - 14&amp#27;[39m &amp#27;[90m&amp#27;[39m
&amp#27;[38;5;97m[63122b2e]&amp#27;[0m&amp#27;[38;5;86m[HTTP]&amp#27;[0m &amp#27;[37m-->&amp#27;[39m &amp#27;[37mPOST&amp#27;[39m &amp#27;[37m/session/63122b2e-ea1b-4c1d-b990-3398be94a2d9/element&amp#27;[39m &amp#27;[90m{"using":"id","value":"com.androidsample.generalstore:id/btnLetsShop"}&amp#27;[39m
&amp#27;[38;5;97m[63122b2e]&amp#27;[0m&amp#27;[38;5;-152m[AndroidUiautomator2Driver@ba59]&amp#27;[0m Calling AppiumDriver.findElement() with args: ["id","com.androidsample.generalstore:id/btnLetsShop","63122b2e-ea1b-4c1d-b990-3398be94a2d9"]
&amp#27;[38;5;97m[63122b2e]&amp#27;[0m&amp#27;[38;5;-152m[AndroidUiautomator2Driver@ba59]&amp#27;[0m Valid locator strategies for this request: xpath, id, class name, accessibility id, css selector, -android uiautomator
&amp#27;[38;5;97m[63122b2e]&amp#27;[0m&amp#27;[38;5;-152m[AndroidUiautomator2Driver@ba59]&amp#27;[0m Waiting up to 0 ms for condition
&amp#27;[38;5;97m[63122b2e]&amp#27;[0m&amp#27;[38;5;-152m[AndroidUiautomator2Driver@ba59]&amp#27;[0m Matched '/element' to command name 'findElement'
&amp#27;[38;5;97m[63122b2e]&amp#27;[0m&amp#27;[38;5;-152m[AndroidUiautomator2Driver@ba59]&amp#27;[0m Proxying [POST /element] to [POST http://127.0.0.1:8201/session/759db73d-7218-4bdf-aa3f-19de9b1db89d/element] with body: {"strategy":"id","selector":"com.androidsample.generalstore:id/btnLetsShop","context":"","multiple":false}
&amp#27;[38;5;97m[63122b2e]&amp#27;[0m&amp#27;[38;5;-152m[AndroidUiautomator2Driver@ba59]&amp#27;[0m Got response with status 200: {"sessionId":"759db73d-7218-4bdf-aa3f-19de9b1db89d","value":{"ELEMENT":"00000000-0000-11ed-ffff-ffff00000021","element-6066-11e4-a52e-4f735466cecf":"00000000-0000-11ed-ffff-ffff00000021"}}
&amp#27;[38;5;97m[63122b2e]&amp#27;[0m&amp#27;[38;5;-152m[AndroidUiautomator2Driver@ba59]&amp#27;[0m Responding to client with driver.findElement() result: {"element-6066-11e4-a52e-4f735466cecf":"00000000-0000-11ed-ffff-ffff00000021","ELEMENT":"00000000-0000-11ed-ffff-ffff00000021"}
&amp#27;[38;5;97m[63122b2e]&amp#27;[0m&amp#27;[38;5;86m[HTTP]&amp#27;[0m &amp#27;[37m<-- POST /session/63122b2e-ea1b-4c1d-b990-3398be94a2d9/element &amp#27;[39m&amp#27;[32m200&amp#27;[39m &amp#27;[90m70 ms - 137&amp#27;[39m &amp#27;[90m&amp#27;[39m
&amp#27;[38;5;97m[63122b2e]&amp#27;[0m&amp#27;[38;5;86m[HTTP]&amp#27;[0m &amp#27;[37m-->&amp#27;[39m &amp#27;[37mPOST&amp#27;[39m &amp#27;[37m/session/63122b2e-ea1b-4c1d-b990-3398be94a2d9/element/00000000-0000-11ed-ffff-ffff00000021/click&amp#27;[39m &amp#27;[90m{"id":"00000000-0000-11ed-ffff-ffff00000021"}&amp#27;[39m
&amp#27;[38;5;97m[63122b2e]&amp#27;[0m&amp#27;[38;5;-152m[AndroidUiautomator2Driver@ba59]&amp#27;[0m Calling AppiumDriver.click() with args: ["00000000-0000-11ed-ffff-ffff00000021","63122b2e-ea1b-4c1d-b990-3398be94a2d9"]
&amp#27;[38;5;97m[63122b2e]&amp#27;[0m&amp#27;[38;5;-152m[AndroidUiautomator2Driver@ba59]&amp#27;[0m Matched '/element/00000000-0000-11ed-ffff-ffff00000021/click' to command name 'click'
&amp#27;[38;5;97m[63122b2e]&amp#27;[0m&amp#27;[38;5;-152m[AndroidUiautomator2Driver@ba59]&amp#27;[0m Proxying [POST /element/00000000-0000-11ed-ffff-ffff00000021/click] to [POST http://127.0.0.1:8201/session/759db73d-7218-4bdf-aa3f-19de9b1db89d/element/00000000-0000-11ed-ffff-ffff00000021/click] with body: {"element":"00000000-0000-11ed-ffff-ffff00000021"}
&amp#27;[38;5;97m[63122b2e]&amp#27;[0m&amp#27;[38;5;-152m[AndroidUiautomator2Driver@ba59]&amp#27;[0m Got response with status 200: {"sessionId":"759db73d-7218-4bdf-aa3f-19de9b1db89d","value":null}
&amp#27;[38;5;97m[63122b2e]&amp#27;[0m&amp#27;[38;5;-152m[AndroidUiautomator2Driver@ba59]&amp#27;[0m Responding to client with driver.click() result: null
&amp#27;[38;5;97m[63122b2e]&amp#27;[0m&amp#27;[38;5;86m[HTTP]&amp#27;[0m &amp#27;[37m<-- POST /session/63122b2e-ea1b-4c1d-b990-3398be94a2d9/element/00000000-0000-11ed-ffff-ffff00000021/click &amp#27;[39m&amp#27;[32m200&amp#27;[39m &amp#27;[90m84 ms - 14&amp#27;[39m &amp#27;[90m&amp#27;[39m
&amp#27;[38;5;90m[1fad679b]&amp#27;[0m&amp#27;[38;5;-93m[AndroidUiautomator2Driver@6f7e]&amp#27;[0m Got response with status 200: {"sessionId":"6a2bbb1e-7801-4233-8202-8a09541404df","value":{"ELEMENT":"00000000-0000-06a7-ffff-ffff00000032","element-6066-11e4-a52e-4f735466cecf":"00000000-0000-06a7-ffff-ffff00000032"}}
&amp#27;[38;5;90m[1fad679b]&amp#27;[0m&amp#27;[38;5;-93m[AndroidUiautomator2Driver@6f7e]&amp#27;[0m Responding to client with driver.findElement() result: {"element-6066-11e4-a52e-4f735466cecf":"00000000-0000-06a7-ffff-ffff00000032","ELEMENT":"00000000-0000-06a7-ffff-ffff00000032"}
&amp#27;[38;5;90m[1fad679b]&amp#27;[0m&amp#27;[38;5;86m[HTTP]&amp#27;[0m &amp#27;[37m<-- POST /session/1fad679b-b6ff-4133-953b-a03543cc369f/element &amp#27;[39m&amp#27;[32m200&amp#27;[39m &amp#27;[90m3946 ms - 137&amp#27;[39m &amp#27;[90m&amp#27;[39m
&amp#27;[38;5;90m[1fad679b]&amp#27;[0m&amp#27;[38;5;86m[HTTP]&amp#27;[0m &amp#27;[37m-->&amp#27;[39m &amp#27;[37mPOST&amp#27;[39m &amp#27;[37m/session/1fad679b-b6ff-4133-953b-a03543cc369f/element&amp#27;[39m &amp#27;[90m{"using":"xpath","value":"//android.widget.TextView[@text='Argentina']"}&amp#27;[39m
&amp#27;[38;5;90m[1fad679b]&amp#27;[0m&amp#27;[38;5;-93m[AndroidUiautomator2Driver@6f7e]&amp#27;[0m Calling AppiumDriver.findElement() with args: ["xpath","//android.widget.TextView[@text='Argentina']","1fad679b-b6ff-4133-953b-a03543cc369f"]
&amp#27;[38;5;90m[1fad679b]&amp#27;[0m&amp#27;[38;5;-93m[AndroidUiautomator2Driver@6f7e]&amp#27;[0m Valid locator strategies for this request: xpath, id, class name, accessibility id, css selector, -android uiautomator
&amp#27;[38;5;90m[1fad679b]&amp#27;[0m&amp#27;[38;5;-93m[AndroidUiautomator2Driver@6f7e]&amp#27;[0m Waiting up to 0 ms for condition
&amp#27;[38;5;90m[1fad679b]&amp#27;[0m&amp#27;[38;5;-93m[AndroidUiautomator2Driver@6f7e]&amp#27;[0m Matched '/element' to command name 'findElement'
&amp#27;[38;5;90m[1fad679b]&amp#27;[0m&amp#27;[38;5;-93m[AndroidUiautomator2Driver@6f7e]&amp#27;[0m Proxying [POST /element] to [POST http://127.0.0.1:8202/session/6a2bbb1e-7801-4233-8202-8a09541404df/element] with body: {"strategy":"xpath","selector":"//android.widget.TextView[@text='Argentina']","context":"","multiple":false}
&amp#27;[38;5;90m[1fad679b]&amp#27;[0m&amp#27;[38;5;-93m[AndroidUiautomator2Driver@6f7e]&amp#27;[0m Got response with status 200: {"sessionId":"6a2bbb1e-7801-4233-8202-8a09541404df","value":{"ELEMENT":"00000000-0000-06a7-ffff-ffff00000032","element-6066-11e4-a52e-4f735466cecf":"00000000-0000-06a7-ffff-ffff00000032"}}
&amp#27;[38;5;90m[1fad679b]&amp#27;[0m&amp#27;[38;5;-93m[AndroidUiautomator2Driver@6f7e]&amp#27;[0m Responding to client with driver.findElement() result: {"element-6066-11e4-a52e-4f735466cecf":"00000000-0000-06a7-ffff-ffff00000032","ELEMENT":"00000000-0000-06a7-ffff-ffff00000032"}
&amp#27;[38;5;90m[1fad679b]&amp#27;[0m&amp#27;[38;5;86m[HTTP]&amp#27;[0m &amp#27;[37m<-- POST /session/1fad679b-b6ff-4133-953b-a03543cc369f/element &amp#27;[39m&amp#27;[32m200&amp#27;[39m &amp#27;[90m431 ms - 137&amp#27;[39m &amp#27;[90m&amp#27;[39m
&amp#27;[38;5;90m[1fad679b]&amp#27;[0m&amp#27;[38;5;86m[HTTP]&amp#27;[0m &amp#27;[37m-->&amp#27;[39m &amp#27;[37mPOST&amp#27;[39m &amp#27;[37m/session/1fad679b-b6ff-4133-953b-a03543cc369f/element/00000000-0000-06a7-ffff-ffff00000032/click&amp#27;[39m &amp#27;[90m{"id":"00000000-0000-06a7-ffff-ffff00000032"}&amp#27;[39m
&amp#27;[38;5;90m[1fad679b]&amp#27;[0m&amp#27;[38;5;-93m[AndroidUiautomator2Driver@6f7e]&amp#27;[0m Calling AppiumDriver.click() with args: ["00000000-0000-06a7-ffff-ffff00000032","1fad679b-b6ff-4133-953b-a03543cc369f"]
&amp#27;[38;5;90m[1fad679b]&amp#27;[0m&amp#27;[38;5;-93m[AndroidUiautomator2Driver@6f7e]&amp#27;[0m Matched '/element/00000000-0000-06a7-ffff-ffff00000032/click' to command name 'click'
&amp#27;[38;5;90m[1fad679b]&amp#27;[0m&amp#27;[38;5;-93m[AndroidUiautomator2Driver@6f7e]&amp#27;[0m Proxying [POST /element/00000000-0000-06a7-ffff-ffff00000032/click] to [POST http://127.0.0.1:8202/session/6a2bbb1e-7801-4233-8202-8a09541404df/element/00000000-0000-06a7-ffff-ffff00000032/click] with body: {"element":"00000000-0000-06a7-ffff-ffff00000032"}
&amp#27;[38;5;90m[1fad679b]&amp#27;[0m&amp#27;[38;5;-93m[AndroidUiautomator2Driver@6f7e]&amp#27;[0m Got response with status 200: {"sessionId":"6a2bbb1e-7801-4233-8202-8a09541404df","value":null}
&amp#27;[38;5;90m[1fad679b]&amp#27;[0m&amp#27;[38;5;-93m[AndroidUiautomator2Driver@6f7e]&amp#27;[0m Responding to client with driver.click() result: null
&amp#27;[38;5;90m[1fad679b]&amp#27;[0m&amp#27;[38;5;86m[HTTP]&amp#27;[0m &amp#27;[37m<-- POST /session/1fad679b-b6ff-4133-953b-a03543cc369f/element/00000000-0000-06a7-ffff-ffff00000032/click &amp#27;[39m&amp#27;[32m200&amp#27;[39m &amp#27;[90m602 ms - 14&amp#27;[39m &amp#27;[90m&amp#27;[39m
&amp#27;[38;5;90m[1fad679b]&amp#27;[0m&amp#27;[38;5;86m[HTTP]&amp#27;[0m &amp#27;[37m-->&amp#27;[39m &amp#27;[37mPOST&amp#27;[39m &amp#27;[37m/session/1fad679b-b6ff-4133-953b-a03543cc369f/element&amp#27;[39m &amp#27;[90m{"using":"id","value":"com.androidsample.generalstore:id/btnLetsShop"}&amp#27;[39m
&amp#27;[38;5;90m[1fad679b]&amp#27;[0m&amp#27;[38;5;-93m[AndroidUiautomator2Driver@6f7e]&amp#27;[0m Calling AppiumDriver.findElement() with args: ["id","com.androidsample.generalstore:id/btnLetsShop","1fad679b-b6ff-4133-953b-a03543cc369f"]
&amp#27;[38;5;90m[1fad679b]&amp#27;[0m&amp#27;[38;5;-93m[AndroidUiautomator2Driver@6f7e]&amp#27;[0m Valid locator strategies for this request: xpath, id, class name, accessibility id, css selector, -android uiautomator
&amp#27;[38;5;90m[1fad679b]&amp#27;[0m&amp#27;[38;5;-93m[AndroidUiautomator2Driver@6f7e]&amp#27;[0m Waiting up to 0 ms for condition
&amp#27;[38;5;90m[1fad679b]&amp#27;[0m&amp#27;[38;5;-93m[AndroidUiautomator2Driver@6f7e]&amp#27;[0m Matched '/element' to command name 'findElement'
&amp#27;[38;5;90m[1fad679b]&amp#27;[0m&amp#27;[38;5;-93m[AndroidUiautomator2Driver@6f7e]&amp#27;[0m Proxying [POST /element] to [POST http://127.0.0.1:8202/session/6a2bbb1e-7801-4233-8202-8a09541404df/element] with body: {"strategy":"id","selector":"com.androidsample.generalstore:id/btnLetsShop","context":"","multiple":false}
&amp#27;[38;5;90m[1fad679b]&amp#27;[0m&amp#27;[38;5;-93m[AndroidUiautomator2Driver@6f7e]&amp#27;[0m Got response with status 200: {"sessionId":"6a2bbb1e-7801-4233-8202-8a09541404df","value":{"ELEMENT":"00000000-0000-06a6-ffff-ffff00000021","element-6066-11e4-a52e-4f735466cecf":"00000000-0000-06a6-ffff-ffff00000021"}}
&amp#27;[38;5;90m[1fad679b]&amp#27;[0m&amp#27;[38;5;-93m[AndroidUiautomator2Driver@6f7e]&amp#27;[0m Responding to client with driver.findElement() result: {"element-6066-11e4-a52e-4f735466cecf":"00000000-0000-06a6-ffff-ffff00000021","ELEMENT":"00000000-0000-06a6-ffff-ffff00000021"}
&amp#27;[38;5;90m[1fad679b]&amp#27;[0m&amp#27;[38;5;86m[HTTP]&amp#27;[0m &amp#27;[37m<-- POST /session/1fad679b-b6ff-4133-953b-a03543cc369f/element &amp#27;[39m&amp#27;[32m200&amp#27;[39m &amp#27;[90m30 ms - 137&amp#27;[39m &amp#27;[90m&amp#27;[39m
&amp#27;[38;5;90m[1fad679b]&amp#27;[0m&amp#27;[38;5;86m[HTTP]&amp#27;[0m &amp#27;[37m-->&amp#27;[39m &amp#27;[37mPOST&amp#27;[39m &amp#27;[37m/session/1fad679b-b6ff-4133-953b-a03543cc369f/element/00000000-0000-06a6-ffff-ffff00000021/click&amp#27;[39m &amp#27;[90m{"id":"00000000-0000-06a6-ffff-ffff00000021"}&amp#27;[39m
&amp#27;[38;5;90m[1fad679b]&amp#27;[0m&amp#27;[38;5;-93m[AndroidUiautomator2Driver@6f7e]&amp#27;[0m Calling AppiumDriver.click() with args: ["00000000-0000-06a6-ffff-ffff00000021","1fad679b-b6ff-4133-953b-a03543cc369f"]
&amp#27;[38;5;90m[1fad679b]&amp#27;[0m&amp#27;[38;5;-93m[AndroidUiautomator2Driver@6f7e]&amp#27;[0m Matched '/element/00000000-0000-06a6-ffff-ffff00000021/click' to command name 'click'
&amp#27;[38;5;90m[1fad679b]&amp#27;[0m&amp#27;[38;5;-93m[AndroidUiautomator2Driver@6f7e]&amp#27;[0m Proxying [POST /element/00000000-0000-06a6-ffff-ffff00000021/click] to [POST http://127.0.0.1:8202/session/6a2bbb1e-7801-4233-8202-8a09541404df/element/00000000-0000-06a6-ffff-ffff00000021/click] with body: {"element":"00000000-0000-06a6-ffff-ffff00000021"}
&amp#27;[38;5;90m[1fad679b]&amp#27;[0m&amp#27;[38;5;-93m[AndroidUiautomator2Driver@6f7e]&amp#27;[0m Got response with status 200: {"sessionId":"6a2bbb1e-7801-4233-8202-8a09541404df","value":null}
&amp#27;[38;5;90m[1fad679b]&amp#27;[0m&amp#27;[38;5;-93m[AndroidUiautomator2Driver@6f7e]&amp#27;[0m Responding to client with driver.click() result: null
&amp#27;[38;5;90m[1fad679b]&amp#27;[0m&amp#27;[38;5;86m[HTTP]&amp#27;[0m &amp#27;[37m<-- POST /session/1fad679b-b6ff-4133-953b-a03543cc369f/element/00000000-0000-06a6-ffff-ffff00000021/click &amp#27;[39m&amp#27;[32m200&amp#27;[39m &amp#27;[90m68 ms - 14&amp#27;[39m &amp#27;[90m&amp#27;[39m
&amp#27;[38;5;97m[63122b2e]&amp#27;[0m&amp#27;[38;5;86m[HTTP]&amp#27;[0m &amp#27;[37m-->&amp#27;[39m &amp#27;[37mGET&amp#27;[39m &amp#27;[37m/session/63122b2e-ea1b-4c1d-b990-3398be94a2d9/screenshot&amp#27;[39m &amp#27;[90m{}&amp#27;[39m
&amp#27;[38;5;97m[63122b2e]&amp#27;[0m&amp#27;[38;5;-152m[AndroidUiautomator2Driver@ba59]&amp#27;[0m Calling AppiumDriver.getScreenshot() with args: ["63122b2e-ea1b-4c1d-b990-3398be94a2d9"]
&amp#27;[38;5;97m[63122b2e]&amp#27;[0m&amp#27;[38;5;-152m[AndroidUiautomator2Driver@ba59]&amp#27;[0m Matched '/screenshot' to command name 'getScreenshot'
&amp#27;[38;5;97m[63122b2e]&amp#27;[0m&amp#27;[38;5;-152m[AndroidUiautomator2Driver@ba59]&amp#27;[0m Proxying [GET /screenshot] to [GET http://127.0.0.1:8201/session/759db73d-7218-4bdf-aa3f-19de9b1db89d/screenshot] with no body
&amp#27;[38;5;97m[63122b2e]&amp#27;[0m&amp#27;[38;5;-152m[AndroidUiautomator2Driver@ba59]&amp#27;[0m Got response with status 200: {"sessionId":"759db73d-7218-4bdf-aa3f-19de9b1db89d","value":"iVBORw0KGgoAAAANSUhEUgAABDgAAAlgCAYAAABtGofVAAAAAXNSR0IArs4c6QAAAARzQklUCAgICHwIZIgAACAASURBVHic7N13eBzV2Tbw+8zMVvVqSe694YobtjEGDMQYUwIhkNAxCQHyBsKbQkLaG9IhfIQSAoYEEkJJaKaDHRsXjMEV915kSZYlq0ur3Snn+8OSImlnpV1Jq9VK9y9XruApZ56VHbx77znPEWm7bpAgIiIiIiIiIopjSqwLICIiIiIiIiLqLAYcRERERERERBT3GHAQERERERERUdxjwEFEREREREREcY8BBxERERERERHFPQYcRERERERERBT3GHAQERERERERUdxjwEFEREREREREcY8BBxERERERERHFPQYcRERERERERBT3GHAQERERERERUdxjwEFEREREREREcY8BBxERERERERHFPQYcRERERERERBT3GHAQERERERERUdxjwEFEREREREREcY8BBxERERERERHFPQYcRERERERERBT3GHAQERERERERUdxjwEFEREREREREcY8BBxERERERERHFPQYcRERERERERBT3GHAQERERERERUdxjwEFEREREREREcY8BBxERERERERHFPQYcRERERERERBT3GHAQERERERERUdxjwEFEREREREREcY8BBxERERERERHFPS3WBRARERERERH1JAICmVoSZnlGYZxrAPIc6cjV0pCjpcKjuLqlBp/lR5FRjhNGBQr1MuzyH8envn0oNaohIbulhnjDgIOIiIiIiIj6NAGBBMWFIc5sXJg4CWd7x2KcawA0EcOPzGoi+jsyWhwypIGd/nysqd2ND2u24YhegjrLz8CjgUjbdQN/EkRERERERNTnCAgkKW6McuVhUdKZuCx5BlIUb6zLCku5WYPXqzbgw5pt2OsvQLVV3+eDDgYcRERERERE1OcoEBjk...
&amp#27;[38;5;97m[63122b2e]&amp#27;[0m&amp#27;[38;5;-152m[AndroidUiautomator2Driver@ba59]&amp#27;[0m Responding to client with driver.getScreenshot() result: "iVBORw0KGgoAAAANSUhEUgAABDgAAAlgCAYAAABtGofVAAAAAXNSR0IArs4c6QAAAARzQklUCAgICHwIZIgAACAASURBVHic7N13eBzV2Tbw+8zMVvVqSe694YobtjEGDMQYUwIhkNAxCQHyBsKbQkLaG9IhfIQSAoYEEkJJaKaDHRsXjMEV915kSZYlq0ur3Snn+8OSImlnpV1Jq9VK9y9XruApZ56VHbx77znPEWm7bpAgIiIiIiIiIopjSqwLICIiIiIiIiLqLAYcRERERERERBT3GHAQERERERERUdxjwEFEREREREREcY8BBxERERERERHFPQYcRERERERERBT3GHAQERERERERUdxjwEFEREREREREcY8BBxERERERERHFPQYcRERERERERBT3GHAQERERERERUdxjwEFEREREREREcY8BBxERERERERHFPQYcRERERERERBT3GHAQERERERERUdxjwEFEREREREREcY8BBxERERERERHFPQYcRERERERERBT3GHAQERERERERUdxjwEFEREREREREcY8BBxERERERERHFPQYcRERERERERBT3GHAQERERERERUdxjwEFEREREREREcY8BBxERERERERHFPQYcRERERERERBT3GHAQERERERERUdxjwEFEREREREREcY8BBxERERERERHFPS3WBRARERERERH1JAICmVoSZnlGYZxrAPIc6cjV0pCjpcKjuLqlBp/lR5FRjhNGBQr1MuzyH8envn0oNaohIbulhnjDgIOIiIiIiIj6NAGBBMWFIc5sXJg4CWd7x2KcawA0EcOPzGoi+jsyWhwypIGd/nysqd2ND2u24YhegjrLz8CjgUjbdQN/EkRERERERNTnCAgkKW6McuVhUdKZuCx5BlIUb6zLCku5WYPXqzbgw5pt2OsvQLVV3+eDDgYcRERERERE1OcoEBjkyMSXU2ZhUeKZGOTMhBJnbSotWDgWKMU7NZvw78r1yNdP9emQgwEHERERERER...
&amp#27;[38;5;97m[63122b2e]&amp#27;[0m&amp#27;[38;5;86m[HTTP]&amp#27;[0m &amp#27;[37m<-- GET /session/63122b2e-ea1b-4c1d-b990-3398be94a2d9/screenshot &amp#27;[39m&amp#27;[32m200&amp#27;[39m &amp#27;[90m465 ms - 380184&amp#27;[39m &amp#27;[90m&amp#27;[39m
]]></system-out>
  </testcase>
  <testcase name="SecondCase" classname="org.testCase.TestCase2" time="15.95">
    <system-out><![CDATA[&amp#27;[38;5;97m[63122b2e]&amp#27;[0m&amp#27;[38;5;86m[HTTP]&amp#27;[0m &amp#27;[37m-->&amp#27;[39m &amp#27;[37mPOST&amp#27;[39m &amp#27;[37m/session/63122b2e-ea1b-4c1d-b990-3398be94a2d9/execute/sync&amp#27;[39m &amp#27;[90m{"script":"mobile: isAppInstalled","args":[{"bundleId":"com.androidsample.generalstore","appId":"com.androidsample.generalstore"}]}&amp#27;[39m
&amp#27;[38;5;97m[63122b2e]&amp#27;[0m&amp#27;[38;5;-152m[AndroidUiautomator2Driver@ba59]&amp#27;[0m Calling AppiumDriver.execute() with args: ["mobile: isAppInstalled",[{"bundleId":"com.androidsample.generalstore","appId":"com.androidsample.generalstore"}],"63122b2e-ea1b-4c1d-b990-3398be94a2d9"]
&amp#27;[38;5;97m[63122b2e]&amp#27;[0m&amp#27;[38;5;123m[BaseDriver]&amp#27;[0m The following script arguments are not known and will be ignored: bundleId
&amp#27;[38;5;97m[63122b2e]&amp#27;[0m&amp#27;[38;5;229m[ADB]&amp#27;[0m Getting install status for com.androidsample.generalstore
&amp#27;[38;5;97m[63122b2e]&amp#27;[0m&amp#27;[38;5;229m[ADB]&amp#27;[0m Running 'C:\Users\sajus\AppData\Local\Android\Sdk\platform-tools\adb.exe -P 5037 -s R3CRC00KHBT shell cmd package list packages'
&amp#27;[38;5;97m[63122b2e]&amp#27;[0m&amp#27;[38;5;229m[ADB]&amp#27;[0m 'com.androidsample.generalstore' is installed
&amp#27;[38;5;97m[63122b2e]&amp#27;[0m&amp#27;[38;5;-152m[AndroidUiautomator2Driver@ba59]&amp#27;[0m Responding to client with driver.execute() result: true
&amp#27;[38;5;97m[63122b2e]&amp#27;[0m&amp#27;[38;5;86m[HTTP]&amp#27;[0m &amp#27;[37m<-- POST /session/63122b2e-ea1b-4c1d-b990-3398be94a2d9/execute/sync &amp#27;[39m&amp#27;[32m200&amp#27;[39m &amp#27;[90m111 ms - 14&amp#27;[39m &amp#27;[90m&amp#27;[39m
&amp#27;[38;5;97m[63122b2e]&amp#27;[0m&amp#27;[38;5;86m[HTTP]&amp#27;[0m &amp#27;[37m-->&amp#27;[39m &amp#27;[37mPOST&amp#27;[39m &amp#27;[37m/session/63122b2e-ea1b-4c1d-b990-3398be94a2d9/execute/sync&amp#27;[39m &amp#27;[90m{"script":"mobile: terminateApp","args":[{"bundleId":"com.androidsample.generalstore","appId":"com.androidsample.generalstore"}]}&amp#27;[39m
&amp#27;[38;5;97m[63122b2e]&amp#27;[0m&amp#27;[38;5;-152m[AndroidUiautomator2Driver@ba59]&amp#27;[0m Calling AppiumDriver.execute() with args: ["mobile: terminateApp",[{"bundleId":"com.androidsample.generalstore","appId":"com.androidsample.generalstore"}],"63122b2e-ea1b-4c1d-b990-3398be94a2d9"]
&amp#27;[38;5;97m[63122b2e]&amp#27;[0m&amp#27;[38;5;123m[BaseDriver]&amp#27;[0m The following script arguments are not known and will be ignored: bundleId
&amp#27;[38;5;97m[63122b2e]&amp#27;[0m&amp#27;[38;5;-152m[AndroidUiautomator2Driver@ba59]&amp#27;[0m Terminating 'com.androidsample.generalstore'
&amp#27;[38;5;97m[63122b2e]&amp#27;[0m&amp#27;[38;5;229m[ADB]&amp#27;[0m Getting IDs of all 'com.androidsample.generalstore' processes
&amp#27;[38;5;97m[63122b2e]&amp#27;[0m&amp#27;[38;5;229m[ADB]&amp#27;[0m Running 'C:\Users\sajus\AppData\Local\Android\Sdk\platform-tools\adb.exe -P 5037 -s R3CRC00KHBT shell pgrep -f \(\[\[:blank:\]\]\|\^\)com\.androidsample\.generalstore\(:\[a-zA-Z0-9_-\]\+\)\?\(\[\[:blank:\]\]\|\$\)'
&amp#27;[38;5;97m[63122b2e]&amp#27;[0m&amp#27;[38;5;229m[ADB]&amp#27;[0m Running 'C:\Users\sajus\AppData\Local\Android\Sdk\platform-tools\adb.exe -P 5037 -s R3CRC00KHBT shell am force-stop com.androidsample.generalstore'
&amp#27;[38;5;97m[63122b2e]&amp#27;[0m&amp#27;[38;5;-152m[AndroidUiautomator2Driver@ba59]&amp#27;[0m Querying the state of 'com.androidsample.generalstore'
&amp#27;[38;5;97m[63122b2e]&amp#27;[0m&amp#27;[38;5;229m[ADB]&amp#27;[0m Getting install status for com.androidsample.generalstore
&amp#27;[38;5;97m[63122b2e]&amp#27;[0m&amp#27;[38;5;229m[ADB]&amp#27;[0m Running 'C:\Users\sajus\AppData\Local\Android\Sdk\platform-tools\adb.exe -P 5037 -s R3CRC00KHBT shell cmd package list packages'
&amp#27;[38;5;97m[63122b2e]&amp#27;[0m&amp#27;[38;5;229m[ADB]&amp#27;[0m 'com.androidsample.generalstore' is installed
&amp#27;[38;5;97m[63122b2e]&amp#27;[0m&amp#27;[38;5;229m[ADB]&amp#27;[0m Getting IDs of all 'com.androidsample.generalstore' processes
&amp#27;[38;5;97m[63122b2e]&amp#27;[0m&amp#27;[38;5;229m[ADB]&amp#27;[0m Running 'C:\Users\sajus\AppData\Local\Android\Sdk\platform-tools\adb.exe -P 5037 -s R3CRC00KHBT shell pgrep -f \(\[\[:blank:\]\]\|\^\)com\.androidsample\.generalstore\(:\[a-zA-Z0-9_-\]\+\)\?\(\[\[:blank:\]\]\|\$\)'
&amp#27;[38;5;97m[63122b2e]&amp#27;[0m&amp#27;[38;5;-152m[AndroidUiautomator2Driver@ba59]&amp#27;[0m 'com.androidsample.generalstore' has been successfully terminated
&amp#27;[38;5;97m[63122b2e]&amp#27;[0m&amp#27;[38;5;-152m[AndroidUiautomator2Driver@ba59]&amp#27;[0m Responding to client with driver.execute() result: true
&amp#27;[38;5;97m[63122b2e]&amp#27;[0m&amp#27;[38;5;86m[HTTP]&amp#27;[0m &amp#27;[37m<-- POST /session/63122b2e-ea1b-4c1d-b990-3398be94a2d9/execute/sync &amp#27;[39m&amp#27;[32m200&amp#27;[39m &amp#27;[90m549 ms - 14&amp#27;[39m &amp#27;[90m&amp#27;[39m
🛑 App terminated: com.androidsample.generalstore
&amp#27;[38;5;97m[63122b2e]&amp#27;[0m&amp#27;[38;5;86m[HTTP]&amp#27;[0m &amp#27;[37m-->&amp#27;[39m &amp#27;[37mDELETE&amp#27;[39m &amp#27;[37m/session/63122b2e-ea1b-4c1d-b990-3398be94a2d9&amp#27;[39m &amp#27;[90m{}&amp#27;[39m
&amp#27;[38;5;97m[63122b2e]&amp#27;[0m&amp#27;[38;5;-152m[AndroidUiautomator2Driver@ba59]&amp#27;[0m Calling AppiumDriver.deleteSession() with args: ["63122b2e-ea1b-4c1d-b990-3398be94a2d9"]
&amp#27;[38;5;97m[63122b2e]&amp#27;[0m&amp#27;[38;5;72m[AppiumDriver@ebb7]&amp#27;[0m Event 'quitSessionRequested' logged at 1750222860934 (01:01:00 GMT-0400 (Eastern Daylight Saving Time))
&amp#27;[38;5;97m[63122b2e]&amp#27;[0m&amp#27;[38;5;72m[AppiumDriver@ebb7]&amp#27;[0m Removing session 63122b2e-ea1b-4c1d-b990-3398be94a2d9 from our master session list
&amp#27;[38;5;97m[63122b2e]&amp#27;[0m&amp#27;[38;5;-152m[AndroidUiautomator2Driver@ba59]&amp#27;[0m Deleting UiAutomator2 session
&amp#27;[38;5;97m[63122b2e]&amp#27;[0m&amp#27;[38;5;-152m[AndroidUiautomator2Driver@ba59]&amp#27;[0m Deleting UiAutomator2 server session
&amp#27;[38;5;97m[63122b2e]&amp#27;[0m&amp#27;[38;5;-152m[AndroidUiautomator2Driver@ba59]&amp#27;[0m Proxying [DELETE /] to [DELETE http://127.0.0.1:8201/session/759db73d-7218-4bdf-aa3f-19de9b1db89d] with no body
&amp#27;[38;5;97m[63122b2e]&amp#27;[0m&amp#27;[38;5;-152m[AndroidUiautomator2Driver@ba59]&amp#27;[0m Got response with status 200: {"sessionId":"759db73d-7218-4bdf-aa3f-19de9b1db89d","value":null}
&amp#27;[38;5;97m[63122b2e]&amp#27;[0m&amp#27;[38;5;229m[ADB]&amp#27;[0m Getting IDs of all 'io.appium.uiautomator2.server' processes
&amp#27;[38;5;97m[63122b2e]&amp#27;[0m&amp#27;[38;5;229m[ADB]&amp#27;[0m Running 'C:\Users\sajus\AppData\Local\Android\Sdk\platform-tools\adb.exe -P 5037 -s R3CRC00KHBT shell pgrep -f \(\[\[:blank:\]\]\|\^\)io\.appium\.uiautomator2\.server\(:\[a-zA-Z0-9_-\]\+\)\?\(\[\[:blank:\]\]\|\$\)'
&amp#27;[38;5;97m[63122b2e]&amp#27;[0m&amp#27;[38;5;-152m[AndroidUiautomator2Driver@ba59]&amp#27;[0m [Instrumentation] io.appium.uiautomator2.server.test.AppiumUiAutomator2Server:.
&amp#27;[38;5;97m[63122b2e]&amp#27;[0m&amp#27;[38;5;-152m[AndroidUiautomator2Driver@ba59]&amp#27;[0m [Instrumentation] 
&amp#27;[38;5;97m[63122b2e]&amp#27;[0m&amp#27;[38;5;-152m[AndroidUiautomator2Driver@ba59]&amp#27;[0m [Instrumentation] Time: 18.428
&amp#27;[38;5;97m[63122b2e]&amp#27;[0m&amp#27;[38;5;-152m[AndroidUiautomator2Driver@ba59]&amp#27;[0m [Instrumentation] 
&amp#27;[38;5;97m[63122b2e]&amp#27;[0m&amp#27;[38;5;-152m[AndroidUiautomator2Driver@ba59]&amp#27;[0m [Instrumentation] OK (1 test)
&amp#27;[38;5;97m[63122b2e]&amp#27;[0m&amp#27;[38;5;-152m[AndroidUiautomator2Driver@ba59]&amp#27;[0m [Instrumentation] 
&amp#27;[38;5;97m[63122b2e]&amp#27;[0m&amp#27;[38;5;-152m[AndroidUiautomator2Driver@ba59]&amp#27;[0m [Instrumentation] 
&amp#27;[38;5;97m[63122b2e]&amp#27;[0m&amp#27;[38;5;-152m[AndroidUiautomator2Driver@ba59]&amp#27;[0m [Instrumentation] The process has exited with code 0, signal null
&amp#27;[38;5;97m[63122b2e]&amp#27;[0m&amp#27;[38;5;229m[ADB]&amp#27;[0m Running 'C:\Users\sajus\AppData\Local\Android\Sdk\platform-tools\adb.exe -P 5037 -s R3CRC00KHBT shell am force-stop io.appium.uiautomator2.server'
&amp#27;[38;5;90m[1fad679b]&amp#27;[0m&amp#27;[38;5;86m[HTTP]&amp#27;[0m &amp#27;[37m-->&amp#27;[39m &amp#27;[37mGET&amp#27;[39m &amp#27;[37m/session/1fad679b-b6ff-4133-953b-a03543cc369f/screenshot&amp#27;[39m &amp#27;[90m{}&amp#27;[39m
&amp#27;[38;5;90m[1fad679b]&amp#27;[0m&amp#27;[38;5;-93m[AndroidUiautomator2Driver@6f7e]&amp#27;[0m Calling AppiumDriver.getScreenshot() with args: ["1fad679b-b6ff-4133-953b-a03543cc369f"]
&amp#27;[38;5;90m[1fad679b]&amp#27;[0m&amp#27;[38;5;-93m[AndroidUiautomator2Driver@6f7e]&amp#27;[0m Matched '/screenshot' to command name 'getScreenshot'
&amp#27;[38;5;90m[1fad679b]&amp#27;[0m&amp#27;[38;5;-93m[AndroidUiautomator2Driver@6f7e]&amp#27;[0m Proxying [GET /screenshot] to [GET http://127.0.0.1:8202/session/6a2bbb1e-7801-4233-8202-8a09541404df/screenshot] with no body
&amp#27;[38;5;97m[63122b2e]&amp#27;[0m&amp#27;[38;5;229m[ADB]&amp#27;[0m Running 'C:\Users\sajus\AppData\Local\Android\Sdk\platform-tools\adb.exe -P 5037 -s R3CRC00KHBT shell am force-stop io.appium.uiautomator2.server.test'
&amp#27;[38;5;97m[63122b2e]&amp#27;[0m&amp#27;[38;5;229m[ADB]&amp#27;[0m Running 'C:\Users\sajus\AppData\Local\Android\Sdk\platform-tools\adb.exe -P 5037 -s R3CRC00KHBT shell dumpsys activity services io.appium.settings/.recorder.RecorderService'
&amp#27;[38;5;97m[63122b2e]&amp#27;[0m&amp#27;[38;5;229m[ADB]&amp#27;[0m Removing forwarded port socket connection: 8201 
&amp#27;[38;5;97m[63122b2e]&amp#27;[0m&amp#27;[38;5;229m[ADB]&amp#27;[0m Running 'C:\Users\sajus\AppData\Local\Android\Sdk\platform-tools\adb.exe -P 5037 -s R3CRC00KHBT forward --remove tcp:8201'
&amp#27;[38;5;97m[63122b2e]&amp#27;[0m&amp#27;[38;5;-152m[AndroidUiautomator2Driver@ba59]&amp#27;[0m Restoring hidden api policy to the device default configuration
&amp#27;[38;5;97m[63122b2e]&amp#27;[0m&amp#27;[38;5;229m[ADB]&amp#27;[0m Running 'C:\Users\sajus\AppData\Local\Android\Sdk\platform-tools\adb.exe -P 5037 -s R3CRC00KHBT shell 'settings delete global hidden_api_policy_pre_p_apps;settings delete global hidden_api_policy_p_apps;settings delete global hidden_api_policy''
&amp#27;[38;5;97m[63122b2e]&amp#27;[0m&amp#27;[38;5;160m[Logcat]&amp#27;[0m Stopping logcat capture
&amp#27;[38;5;97m[63122b2e]&amp#27;[0m&amp#27;[38;5;72m[AppiumDriver@ebb7]&amp#27;[0m Event 'quitSessionFinished' logged at 1750222861524 (01:01:01 GMT-0400 (Eastern Daylight Saving Time))
&amp#27;[38;5;97m[63122b2e]&amp#27;[0m&amp#27;[38;5;72m[AppiumDriver@ebb7]&amp#27;[0m Received response: null
&amp#27;[38;5;97m[63122b2e]&amp#27;[0m&amp#27;[38;5;72m[AppiumDriver@ebb7]&amp#27;[0m But deleting session, so not returning
&amp#27;[38;5;97m[63122b2e]&amp#27;[0m&amp#27;[38;5;72m[AppiumDriver@ebb7]&amp#27;[0m Responding to client with driver.deleteSession() result: null
&amp#27;[38;5;97m[63122b2e]&amp#27;[0m&amp#27;[38;5;86m[HTTP]&amp#27;[0m &amp#27;[37m<-- DELETE /session/63122b2e-ea1b-4c1d-b990-3398be94a2d9 &amp#27;[39m&amp#27;[32m200&amp#27;[39m &amp#27;[90m591 ms - 14&amp#27;[39m &amp#27;[90m&amp#27;[39m
&amp#27;[38;5;86m[HTTP]&amp#27;[0m &amp#27;[37m-->&amp#27;[39m &amp#27;[37mGET&amp#27;[39m &amp#27;[37m/status&amp#27;[39m &amp#27;[90m{}&amp#27;[39m
&amp#27;[38;5;72m[AppiumDriver@ebb7]&amp#27;[0m Calling AppiumDriver.getStatus() with args: []
&amp#27;[38;5;72m[AppiumDriver@ebb7]&amp#27;[0m Responding to client with driver.getStatus() result: {"ready":true,"message":"The server is ready to accept new connections","build":{"version":"2.18.0"}}
&amp#27;[38;5;86m[HTTP]&amp#27;[0m &amp#27;[37m<-- GET /status &amp#27;[39m&amp#27;[32m200&amp#27;[39m &amp#27;[90m1 ms - 111&amp#27;[39m &amp#27;[90m&amp#27;[39m
Appium server stopped
✅ Test completed for device: Samsung_Galaxy_S21
&amp#27;[38;5;90m[1fad679b]&amp#27;[0m&amp#27;[38;5;-93m[AndroidUiautomator2Driver@6f7e]&amp#27;[0m Got response with status 200: {"sessionId":"6a2bbb1e-7801-4233-8202-8a09541404df","value":"iVBORw0KGgoAAAANSUhEUgAABDgAAAjoCAYAAAA5jhrUAAAAAXNSR0IArs4c6QAAAARzQklUCAgICHwIZIgAACAASURBVHic7N15nBxlnT/wb3X3TA6SyQVEziSAgApyiwiuHB67yiEqHqgcXrsoK3is/HRXhfUA3XW9F3YFgUWzCiqXeMAioBwii4QV5RRIwmHIOUnIJNNdXb8/cGJmpmcyM5me7pp+v3nF0FX1VH2fiSGpzzxHMuMPJ2UBAAAAkGOFRhcAAAAAsKUEHAAAAEDuCTgAAACA3BNwAAAAALkn4AAAAAByT8ABAAAA5J6AAwAAAMg9AQcAAACQewIOAAAAIPcEHAAAAEDuCTgAAACA3BNwAAAAALkn4AAAAAByT8ABAAAA5J6AAwAAAMg9AQcAAACQewIOAAAAIPcEHAAAAEDuCTgAAACA3BNwAAAAALkn4AAAAAByT8ABAAAA5J6AAwAAAMg9AQcAAACQewIOAAAAIPdKjS4AmkESSSQ9PyfP/XtERBYRWZbFc//En/83v1qlnwAAQOsRcNCykkiilBRi1/bnxfydPhRz27YZ9PrHy0vjbYu/HI92/ykqWTU3IUCr9BMAAIZiWnFy7DVh59h74s4xrTA59pq4c0wrbrXxfGf6bNy3flF0VtfF79Yvivs2LIrOdF1Daj1s8p5xzZyPD+naYxeeG7eue6DOFTU3AQctaWphUnxq2xPilBlHRHGIM7Xmtm0Td+zy+UijGpeuvDnOeebyWFPtqnOlW6ZV+gkAAIPZuW3reO3U/eO1Uw+IwybvudnrXzf1gF6fb133QPxkzd3xkzW/jUXlZfUqky2UzPjDSb49S8soJcU4beZr4uxt3xx/maAxMllkcc4zV8S/r/hZVLJ0lCocHa3STwAAGMxhk/eMv5356n6BxZa4bs3d8R8rrh+T0RJGcAyPgIOWkEQSUwsT46Z5...
&amp#27;[38;5;90m[1fad679b]&amp#27;[0m&amp#27;[38;5;-93m[AndroidUiautomator2Driver@6f7e]&amp#27;[0m Responding to client with driver.getScreenshot() result: "iVBORw0KGgoAAAANSUhEUgAABDgAAAjoCAYAAAA5jhrUAAAAAXNSR0IArs4c6QAAAARzQklUCAgICHwIZIgAACAASURBVHic7N15nBxlnT/wb3X3TA6SyQVEziSAgApyiwiuHB67yiEqHqgcXrsoK3is/HRXhfUA3XW9F3YFgUWzCiqXeMAioBwii4QV5RRIwmHIOUnIJNNdXb8/cGJmpmcyM5me7pp+v3nF0FX1VH2fiSGpzzxHMuMPJ2UBAAAAkGOFRhcAAAAAsKUEHAAAAEDuCTgAAACA3BNwAAAAALkn4AAAAAByT8ABAAAA5J6AAwAAAMg9AQcAAACQewIOAAAAIPcEHAAAAEDuCTgAAACA3BNwAAAAALkn4AAAAAByT8ABAAAA5J6AAwAAAMg9AQcAAACQewIOAAAAIPcEHAAAAEDuCTgAAACA3BNwAAAAALkn4AAAAAByT8ABAAAA5J6AAwAAAMg9AQcAAACQewIOAAAAIPdKjS4AmkESSSQ9PyfP/XtERBYRWZbFc//En/83v1qlnwAAQOsRcNCykkiilBRi1/bnxfydPhRz27YZ9PrHy0vjbYu/HI92/ykqWTU3IUCr9BMAAIZiWnFy7DVh59h74s4xrTA59pq4c0wrbrXxfGf6bNy3flF0VtfF79Yvivs2LIrOdF1Daj1s8p5xzZyPD+naYxeeG7eue6DOFTU3AQctaWphUnxq2xPilBlHRHGIM7Xmtm0Td+zy+UijGpeuvDnOeebyWFPtqnOlW6ZV+gkAAIPZuW3reO3U/eO1Uw+IwybvudnrXzf1gF6fb133QPxkzd3xkzW/jUXlZfUqky2UzPjDSb49S8soJcU4beZr4uxt3xx/maAxMllkcc4zV8S/r/hZVLJ0lCocHa3STwAAGMxhk/eMv5356n6BxZa4bs3d8R8rrh+T0RJGcAyPgIOWkEQSUwsT46Z5/xzz2rcd1Xs/1v1MHPn4p2N12tXw6Ryt0k8AABjMYZP3jI9tc/yQRmuM1K3r...
&amp#27;[38;5;90m[1fad679b]&amp#27;[0m&amp#27;[38;5;86m[HTTP]&amp#27;[0m &amp#27;[37m<-- GET /session/1fad679b-b6ff-4133-953b-a03543cc369f/screenshot &amp#27;[39m&amp#27;[32m200&amp#27;[39m &amp#27;[90m791 ms - 343216&amp#27;[39m &amp#27;[90m&amp#27;[39m
]]></system-out>
  </testcase>
  <testcase name="ThirdCase" classname="org.testCase.TestCase3" time="15.407">
    <system-out><![CDATA[&amp#27;[38;5;90m[1fad679b]&amp#27;[0m&amp#27;[38;5;86m[HTTP]&amp#27;[0m &amp#27;[37m-->&amp#27;[39m &amp#27;[37mPOST&amp#27;[39m &amp#27;[37m/session/1fad679b-b6ff-4133-953b-a03543cc369f/execute/sync&amp#27;[39m &amp#27;[90m{"script":"mobile: isAppInstalled","args":[{"bundleId":"com.androidsample.generalstore","appId":"com.androidsample.generalstore"}]}&amp#27;[39m
&amp#27;[38;5;90m[1fad679b]&amp#27;[0m&amp#27;[38;5;-93m[AndroidUiautomator2Driver@6f7e]&amp#27;[0m Calling AppiumDriver.execute() with args: ["mobile: isAppInstalled",[{"bundleId":"com.androidsample.generalstore","appId":"com.androidsample.generalstore"}],"1fad679b-b6ff-4133-953b-a03543cc369f"]
&amp#27;[38;5;90m[1fad679b]&amp#27;[0m&amp#27;[38;5;123m[BaseDriver]&amp#27;[0m The following script arguments are not known and will be ignored: bundleId
&amp#27;[38;5;90m[1fad679b]&amp#27;[0m&amp#27;[38;5;229m[ADB]&amp#27;[0m Getting install status for com.androidsample.generalstore
&amp#27;[38;5;90m[1fad679b]&amp#27;[0m&amp#27;[38;5;229m[ADB]&amp#27;[0m Running 'C:\Users\sajus\AppData\Local\Android\Sdk\platform-tools\adb.exe -P 5037 -s CTLID18120801016 shell cmd package list packages'
&amp#27;[38;5;90m[1fad679b]&amp#27;[0m&amp#27;[38;5;229m[ADB]&amp#27;[0m 'com.androidsample.generalstore' is installed
&amp#27;[38;5;90m[1fad679b]&amp#27;[0m&amp#27;[38;5;-93m[AndroidUiautomator2Driver@6f7e]&amp#27;[0m Responding to client with driver.execute() result: true
&amp#27;[38;5;90m[1fad679b]&amp#27;[0m&amp#27;[38;5;86m[HTTP]&amp#27;[0m &amp#27;[37m<-- POST /session/1fad679b-b6ff-4133-953b-a03543cc369f/execute/sync &amp#27;[39m&amp#27;[32m200&amp#27;[39m &amp#27;[90m123 ms - 14&amp#27;[39m &amp#27;[90m&amp#27;[39m
&amp#27;[38;5;90m[1fad679b]&amp#27;[0m&amp#27;[38;5;86m[HTTP]&amp#27;[0m &amp#27;[37m-->&amp#27;[39m &amp#27;[37mPOST&amp#27;[39m &amp#27;[37m/session/1fad679b-b6ff-4133-953b-a03543cc369f/execute/sync&amp#27;[39m &amp#27;[90m{"script":"mobile: terminateApp","args":[{"bundleId":"com.androidsample.generalstore","appId":"com.androidsample.generalstore"}]}&amp#27;[39m
&amp#27;[38;5;90m[1fad679b]&amp#27;[0m&amp#27;[38;5;-93m[AndroidUiautomator2Driver@6f7e]&amp#27;[0m Calling AppiumDriver.execute() with args: ["mobile: terminateApp",[{"bundleId":"com.androidsample.generalstore","appId":"com.androidsample.generalstore"}],"1fad679b-b6ff-4133-953b-a03543cc369f"]
&amp#27;[38;5;90m[1fad679b]&amp#27;[0m&amp#27;[38;5;123m[BaseDriver]&amp#27;[0m The following script arguments are not known and will be ignored: bundleId
&amp#27;[38;5;90m[1fad679b]&amp#27;[0m&amp#27;[38;5;-93m[AndroidUiautomator2Driver@6f7e]&amp#27;[0m Terminating 'com.androidsample.generalstore'
&amp#27;[38;5;90m[1fad679b]&amp#27;[0m&amp#27;[38;5;229m[ADB]&amp#27;[0m Getting IDs of all 'com.androidsample.generalstore' processes
&amp#27;[38;5;90m[1fad679b]&amp#27;[0m&amp#27;[38;5;229m[ADB]&amp#27;[0m Running 'C:\Users\sajus\AppData\Local\Android\Sdk\platform-tools\adb.exe -P 5037 -s CTLID18120801016 shell pgrep -f \(\[\[:blank:\]\]\|\^\)com\.androidsample\.generalstore\(:\[a-zA-Z0-9_-\]\+\)\?\(\[\[:blank:\]\]\|\$\)'
&amp#27;[38;5;90m[1fad679b]&amp#27;[0m&amp#27;[38;5;229m[ADB]&amp#27;[0m Running 'C:\Users\sajus\AppData\Local\Android\Sdk\platform-tools\adb.exe -P 5037 -s CTLID18120801016 shell am force-stop com.androidsample.generalstore'
&amp#27;[38;5;90m[1fad679b]&amp#27;[0m&amp#27;[38;5;-93m[AndroidUiautomator2Driver@6f7e]&amp#27;[0m Querying the state of 'com.androidsample.generalstore'
&amp#27;[38;5;90m[1fad679b]&amp#27;[0m&amp#27;[38;5;229m[ADB]&amp#27;[0m Getting install status for com.androidsample.generalstore
&amp#27;[38;5;90m[1fad679b]&amp#27;[0m&amp#27;[38;5;229m[ADB]&amp#27;[0m Running 'C:\Users\sajus\AppData\Local\Android\Sdk\platform-tools\adb.exe -P 5037 -s CTLID18120801016 shell cmd package list packages'
&amp#27;[38;5;90m[1fad679b]&amp#27;[0m&amp#27;[38;5;229m[ADB]&amp#27;[0m 'com.androidsample.generalstore' is installed
&amp#27;[38;5;90m[1fad679b]&amp#27;[0m&amp#27;[38;5;229m[ADB]&amp#27;[0m Getting IDs of all 'com.androidsample.generalstore' processes
&amp#27;[38;5;90m[1fad679b]&amp#27;[0m&amp#27;[38;5;229m[ADB]&amp#27;[0m Running 'C:\Users\sajus\AppData\Local\Android\Sdk\platform-tools\adb.exe -P 5037 -s CTLID18120801016 shell pgrep -f \(\[\[:blank:\]\]\|\^\)com\.androidsample\.generalstore\(:\[a-zA-Z0-9_-\]\+\)\?\(\[\[:blank:\]\]\|\$\)'
&amp#27;[38;5;90m[1fad679b]&amp#27;[0m&amp#27;[38;5;-93m[AndroidUiautomator2Driver@6f7e]&amp#27;[0m 'com.androidsample.generalstore' has been successfully terminated
&amp#27;[38;5;90m[1fad679b]&amp#27;[0m&amp#27;[38;5;-93m[AndroidUiautomator2Driver@6f7e]&amp#27;[0m Responding to client with driver.execute() result: true
&amp#27;[38;5;90m[1fad679b]&amp#27;[0m&amp#27;[38;5;86m[HTTP]&amp#27;[0m &amp#27;[37m<-- POST /session/1fad679b-b6ff-4133-953b-a03543cc369f/execute/sync &amp#27;[39m&amp#27;[32m200&amp#27;[39m &amp#27;[90m473 ms - 14&amp#27;[39m &amp#27;[90m&amp#27;[39m
🛑 App terminated: com.androidsample.generalstore
&amp#27;[38;5;90m[1fad679b]&amp#27;[0m&amp#27;[38;5;86m[HTTP]&amp#27;[0m &amp#27;[37m-->&amp#27;[39m &amp#27;[37mDELETE&amp#27;[39m &amp#27;[37m/session/1fad679b-b6ff-4133-953b-a03543cc369f&amp#27;[39m &amp#27;[90m{}&amp#27;[39m
&amp#27;[38;5;90m[1fad679b]&amp#27;[0m&amp#27;[38;5;-93m[AndroidUiautomator2Driver@6f7e]&amp#27;[0m Calling AppiumDriver.deleteSession() with args: ["1fad679b-b6ff-4133-953b-a03543cc369f"]
&amp#27;[38;5;90m[1fad679b]&amp#27;[0m&amp#27;[38;5;192m[AppiumDriver@941b]&amp#27;[0m Event 'quitSessionRequested' logged at 1750222862488 (01:01:02 GMT-0400 (Eastern Daylight Saving Time))
&amp#27;[38;5;90m[1fad679b]&amp#27;[0m&amp#27;[38;5;192m[AppiumDriver@941b]&amp#27;[0m Removing session 1fad679b-b6ff-4133-953b-a03543cc369f from our master session list
&amp#27;[38;5;90m[1fad679b]&amp#27;[0m&amp#27;[38;5;-93m[AndroidUiautomator2Driver@6f7e]&amp#27;[0m Deleting UiAutomator2 session
&amp#27;[38;5;90m[1fad679b]&amp#27;[0m&amp#27;[38;5;-93m[AndroidUiautomator2Driver@6f7e]&amp#27;[0m Deleting UiAutomator2 server session
&amp#27;[38;5;90m[1fad679b]&amp#27;[0m&amp#27;[38;5;-93m[AndroidUiautomator2Driver@6f7e]&amp#27;[0m Proxying [DELETE /] to [DELETE http://127.0.0.1:8202/session/6a2bbb1e-7801-4233-8202-8a09541404df] with no body
&amp#27;[38;5;90m[1fad679b]&amp#27;[0m&amp#27;[38;5;-93m[AndroidUiautomator2Driver@6f7e]&amp#27;[0m Got response with status 200: {"sessionId":"6a2bbb1e-7801-4233-8202-8a09541404df","value":null}
&amp#27;[38;5;90m[1fad679b]&amp#27;[0m&amp#27;[38;5;229m[ADB]&amp#27;[0m Getting IDs of all 'io.appium.uiautomator2.server' processes
&amp#27;[38;5;90m[1fad679b]&amp#27;[0m&amp#27;[38;5;229m[ADB]&amp#27;[0m Running 'C:\Users\sajus\AppData\Local\Android\Sdk\platform-tools\adb.exe -P 5037 -s CTLID18120801016 shell pgrep -f \(\[\[:blank:\]\]\|\^\)io\.appium\.uiautomator2\.server\(:\[a-zA-Z0-9_-\]\+\)\?\(\[\[:blank:\]\]\|\$\)'
&amp#27;[38;5;90m[1fad679b]&amp#27;[0m&amp#27;[38;5;-93m[AndroidUiautomator2Driver@6f7e]&amp#27;[0m [Instrumentation] io.appium.uiautomator2.server.test.AppiumUiAutomator2Server:.
&amp#27;[38;5;90m[1fad679b]&amp#27;[0m&amp#27;[38;5;-93m[AndroidUiautomator2Driver@6f7e]&amp#27;[0m [Instrumentation] 
&amp#27;[38;5;90m[1fad679b]&amp#27;[0m&amp#27;[38;5;-93m[AndroidUiautomator2Driver@6f7e]&amp#27;[0m [Instrumentation] Time: 18.3
&amp#27;[38;5;90m[1fad679b]&amp#27;[0m&amp#27;[38;5;-93m[AndroidUiautomator2Driver@6f7e]&amp#27;[0m [Instrumentation] 
&amp#27;[38;5;90m[1fad679b]&amp#27;[0m&amp#27;[38;5;-93m[AndroidUiautomator2Driver@6f7e]&amp#27;[0m [Instrumentation] OK (1 test)
&amp#27;[38;5;90m[1fad679b]&amp#27;[0m&amp#27;[38;5;-93m[AndroidUiautomator2Driver@6f7e]&amp#27;[0m [Instrumentation] 
&amp#27;[38;5;90m[1fad679b]&amp#27;[0m&amp#27;[38;5;-93m[AndroidUiautomator2Driver@6f7e]&amp#27;[0m [Instrumentation] 
&amp#27;[38;5;90m[1fad679b]&amp#27;[0m&amp#27;[38;5;-93m[AndroidUiautomator2Driver@6f7e]&amp#27;[0m [Instrumentation] The process has exited with code null, signal SIGTERM
&amp#27;[38;5;90m[1fad679b]&amp#27;[0m&amp#27;[38;5;229m[ADB]&amp#27;[0m Running 'C:\Users\sajus\AppData\Local\Android\Sdk\platform-tools\adb.exe -P 5037 -s CTLID18120801016 shell am force-stop io.appium.uiautomator2.server'
&amp#27;[38;5;90m[1fad679b]&amp#27;[0m&amp#27;[38;5;229m[ADB]&amp#27;[0m Running 'C:\Users\sajus\AppData\Local\Android\Sdk\platform-tools\adb.exe -P 5037 -s CTLID18120801016 shell am force-stop io.appium.uiautomator2.server.test'
&amp#27;[38;5;90m[1fad679b]&amp#27;[0m&amp#27;[38;5;229m[ADB]&amp#27;[0m Running 'C:\Users\sajus\AppData\Local\Android\Sdk\platform-tools\adb.exe -P 5037 -s CTLID18120801016 shell dumpsys activity services io.appium.settings/.recorder.RecorderService'
&amp#27;[38;5;90m[1fad679b]&amp#27;[0m&amp#27;[38;5;229m[ADB]&amp#27;[0m Removing forwarded port socket connection: 8202 
&amp#27;[38;5;90m[1fad679b]&amp#27;[0m&amp#27;[38;5;229m[ADB]&amp#27;[0m Running 'C:\Users\sajus\AppData\Local\Android\Sdk\platform-tools\adb.exe -P 5037 -s CTLID18120801016 forward --remove tcp:8202'
&amp#27;[38;5;90m[1fad679b]&amp#27;[0m&amp#27;[38;5;-93m[AndroidUiautomator2Driver@6f7e]&amp#27;[0m Restoring hidden api policy to the device default configuration
&amp#27;[38;5;90m[1fad679b]&amp#27;[0m&amp#27;[38;5;229m[ADB]&amp#27;[0m Running 'C:\Users\sajus\AppData\Local\Android\Sdk\platform-tools\adb.exe -P 5037 -s CTLID18120801016 shell 'settings delete global hidden_api_policy_pre_p_apps;settings delete global hidden_api_policy_p_apps;settings delete global hidden_api_policy''
&amp#27;[38;5;90m[1fad679b]&amp#27;[0m&amp#27;[38;5;160m[Logcat]&amp#27;[0m Stopping logcat capture
&amp#27;[38;5;90m[1fad679b]&amp#27;[0m&amp#27;[38;5;192m[AppiumDriver@941b]&amp#27;[0m Event 'quitSessionFinished' logged at 1750222863053 (01:01:03 GMT-0400 (Eastern Daylight Saving Time))
&amp#27;[38;5;90m[1fad679b]&amp#27;[0m&amp#27;[38;5;192m[AppiumDriver@941b]&amp#27;[0m Received response: null
&amp#27;[38;5;90m[1fad679b]&amp#27;[0m&amp#27;[38;5;192m[AppiumDriver@941b]&amp#27;[0m But deleting session, so not returning
&amp#27;[38;5;90m[1fad679b]&amp#27;[0m&amp#27;[38;5;192m[AppiumDriver@941b]&amp#27;[0m Responding to client with driver.deleteSession() result: null
&amp#27;[38;5;90m[1fad679b]&amp#27;[0m&amp#27;[38;5;86m[HTTP]&amp#27;[0m &amp#27;[37m<-- DELETE /session/1fad679b-b6ff-4133-953b-a03543cc369f &amp#27;[39m&amp#27;[32m200&amp#27;[39m &amp#27;[90m567 ms - 14&amp#27;[39m &amp#27;[90m&amp#27;[39m
&amp#27;[38;5;86m[HTTP]&amp#27;[0m &amp#27;[37m-->&amp#27;[39m &amp#27;[37mGET&amp#27;[39m &amp#27;[37m/status&amp#27;[39m &amp#27;[90m{}&amp#27;[39m
&amp#27;[38;5;192m[AppiumDriver@941b]&amp#27;[0m Calling AppiumDriver.getStatus() with args: []
&amp#27;[38;5;192m[AppiumDriver@941b]&amp#27;[0m Responding to client with driver.getStatus() result: {"ready":true,"message":"The server is ready to accept new connections","build":{"version":"2.18.0"}}
&amp#27;[38;5;86m[HTTP]&amp#27;[0m &amp#27;[37m<-- GET /status &amp#27;[39m&amp#27;[32m200&amp#27;[39m &amp#27;[90m1 ms - 111&amp#27;[39m &amp#27;[90m&amp#27;[39m
Appium server stopped
✅ Test completed for device: Nokia
&amp#27;[38;5;112m[Appium]&amp#27;[0m Welcome to Appium v2.18.0
&amp#27;[38;5;112m[Appium]&amp#27;[0m Non-default server args:
&amp#27;[38;5;112m[Appium]&amp#27;[0m { port: &amp#27;[33m4724&amp#27;[39m }
&amp#27;[38;5;112m[Appium]&amp#27;[0m The autodetected Appium home path: C:\Users\sajus\.appium
&amp#27;[38;5;112m[Appium]&amp#27;[0m Attempting to load driver uiautomator2...
&amp#27;[38;5;112m[Appium]&amp#27;[0m Requiring driver at C:\Users\sajus\.appium\node_modules\appium-uiautomator2-driver\build\index.js
&amp#27;[38;5;112m[Appium]&amp#27;[0m AndroidUiautomator2Driver has been successfully loaded in 0.938s
&amp#27;[38;5;112m[Appium]&amp#27;[0m Appium REST http interface listener started on http://0.0.0.0:4724
&amp#27;[38;5;112m[Appium]&amp#27;[0m You can provide the following URLs in your client code to connect to this server:
	http://192.168.2.20:4724/
	http://127.0.0.1:4724/ (only accessible from the same host)
&amp#27;[38;5;112m[Appium]&amp#27;[0m Available drivers:
&amp#27;[38;5;112m[Appium]&amp#27;[0m   - uiautomator2@4.2.3 (automationName 'UiAutomator2')
&amp#27;[38;5;112m[Appium]&amp#27;[0m No plugins have been installed. Use the "appium plugin" command to install the one(s) you want to use.
&amp#27;[38;5;86m[HTTP]&amp#27;[0m &amp#27;[37m-->&amp#27;[39m &amp#27;[37mGET&amp#27;[39m &amp#27;[37m/status&amp#27;[39m &amp#27;[90m{}&amp#27;[39m
&amp#27;[38;5;128m[AppiumDriver@ed41]&amp#27;[0m Calling AppiumDriver.getStatus() with args: []
&amp#27;[38;5;128m[AppiumDriver@ed41]&amp#27;[0m Responding to client with driver.getStatus() result: {"ready":true,"message":"The server is ready to accept new connections","build":{"version":"2.18.0"}}
Appium server started on port: 4724
&amp#27;[38;5;86m[HTTP]&amp#27;[0m &amp#27;[37m<-- GET /status &amp#27;[39m&amp#27;[32m200&amp#27;[39m &amp#27;[90m4 ms - 111&amp#27;[39m &amp#27;[90m&amp#27;[39m
&amp#27;[38;5;86m[HTTP]&amp#27;[0m Request idempotency key: 0c02f280-1b16-405b-8e26-216711e2e0f1
&amp#27;[38;5;86m[HTTP]&amp#27;[0m &amp#27;[37m-->&amp#27;[39m &amp#27;[37mPOST&amp#27;[39m &amp#27;[37m/session&amp#27;[39m &amp#27;[90m{"capabilities":{"firstMatch":[{}],"alwaysMatch":{"appium:appActivity":"com.androidsample.generalstore.SplashActivity","appium:appPackage":"com.androidsample.generalstore","appium:automationName":"UiAutomator2","appium:deviceName":"Samsung_Galaxy_S21","appium:noReset":true,"appium:platformVersion":"10.0","appium:systemPort":8201,"appium:udid":"R3CRC00KHBT","platformName":"ANDROID"}}}&amp#27;[39m
&amp#27;[38;5;128m[AppiumDriver@ed41]&amp#27;[0m Calling AppiumDriver.createSession() with args: [null,null,{"firstMatch":[{}],"alwaysMatch":{"appium:appActivity":"com.androidsample.generalstore.SplashActivity","appium:appPackage":"com.androidsample.generalstore","appium:automationName":"UiAutomator2","appium:deviceName":"Samsung_Galaxy_S21","appium:noReset":true,"appium:platformVersion":"10.0","appium:systemPort":8201,"appium:udid":"R3CRC00KHBT","platformName":"ANDROID"}}]
&amp#27;[38;5;128m[AppiumDriver@ed41]&amp#27;[0m Event 'newSessionRequested' logged at 1750222864377 (01:01:04 GMT-0400 (Eastern Daylight Saving Time))
&amp#27;[38;5;112m[Appium]&amp#27;[0m Attempting to find matching driver for automationName 'UiAutomator2' and platformName 'ANDROID'
&amp#27;[38;5;112m[Appium]&amp#27;[0m The 'uiautomator2' driver was installed and matched caps.
&amp#27;[38;5;112m[Appium]&amp#27;[0m Will require it at C:\Users\sajus\.appium\node_modules\appium-uiautomator2-driver
&amp#27;[38;5;112m[Appium]&amp#27;[0m Requiring driver at C:\Users\sajus\.appium\node_modules\appium-uiautomator2-driver\build\index.js
&amp#27;[38;5;128m[AppiumDriver@ed41]&amp#27;[0m Appium v2.18.0 creating new AndroidUiautomator2Driver (v4.2.3) session
&amp#27;[38;5;128m[AppiumDriver@ed41]&amp#27;[0m Checking BaseDriver versions for Appium and AndroidUiautomator2Driver
&amp#27;[38;5;128m[AppiumDriver@ed41]&amp#27;[0m Appium's BaseDriver version is 9.17.0
&amp#27;[38;5;128m[AppiumDriver@ed41]&amp#27;[0m AndroidUiautomator2Driver's BaseDriver version is 9.17.0
&amp#27;[38;5;4m[AndroidUiautomator2Driver@808c]&amp#27;[0m 
&amp#27;[38;5;4m[AndroidUiautomator2Driver@808c]&amp#27;[0m Creating session with W3C capabilities: {
  "alwaysMatch": {
    "platformName": "ANDROID",
    "appium:appActivity": "com.androidsample.generalstore.SplashActivity",
    "appium:appPackage": "com.androidsample.generalstore",
    "appium:automationName": "UiAutomator2",
    "appium:deviceName": "Samsung_Galaxy_S21",
    "appium:noReset": true,
    "appium:platformVersion": "10.0",
    "appium:systemPort": 8201,
    "appium:udid": "R3CRC00KHBT"
  },
  "firstMatch": [
    {}
  ]
}
&amp#27;[38;5;194m[55708041]&amp#27;[0m&amp#27;[38;5;4m[AndroidUiautomator2Driver@808c]&amp#27;[0m Session created with session id: 55708041-befe-44f6-a79b-60daa6ec8bfd
&amp#27;[38;5;194m[55708041]&amp#27;[0m&amp#27;[38;5;229m[ADB]&amp#27;[0m Found 3 'build-tools' folders under 'C:\Users\sajus\AppData\Local\Android\Sdk' (newest first):
&amp#27;[38;5;194m[55708041]&amp#27;[0m&amp#27;[38;5;229m[ADB]&amp#27;[0m     C:\Users\sajus\AppData\Local\Android\Sdk\build-tools\36.0.0
&amp#27;[38;5;194m[55708041]&amp#27;[0m&amp#27;[38;5;229m[ADB]&amp#27;[0m     C:\Users\sajus\AppData\Local\Android\Sdk\build-tools\35.0.1
&amp#27;[38;5;194m[55708041]&amp#27;[0m&amp#27;[38;5;229m[ADB]&amp#27;[0m     C:\Users\sajus\AppData\Local\Android\Sdk\build-tools\35.0.0
&amp#27;[38;5;194m[55708041]&amp#27;[0m&amp#27;[38;5;229m[ADB]&amp#27;[0m Using 'adb.exe' from 'C:\Users\sajus\AppData\Local\Android\Sdk\platform-tools\adb.exe'
&amp#27;[38;5;194m[55708041]&amp#27;[0m&amp#27;[38;5;229m[ADB]&amp#27;[0m Running 'C:\Users\sajus\AppData\Local\Android\Sdk\platform-tools\adb.exe -P 5037 start-server'
&amp#27;[38;5;194m[55708041]&amp#27;[0m&amp#27;[38;5;4m[AndroidUiautomator2Driver@808c]&amp#27;[0m Retrieving device list
&amp#27;[38;5;194m[55708041]&amp#27;[0m&amp#27;[38;5;229m[ADB]&amp#27;[0m Trying to find connected Android devices
&amp#27;[38;5;194m[55708041]&amp#27;[0m&amp#27;[38;5;229m[ADB]&amp#27;[0m Getting connected devices
&amp#27;[38;5;194m[55708041]&amp#27;[0m&amp#27;[38;5;229m[ADB]&amp#27;[0m Connected devices: [{"udid":"CTLID18120801016","state":"device"},{"udid":"R3CRC00KHBT","state":"device"}]
&amp#27;[38;5;194m[55708041]&amp#27;[0m&amp#27;[38;5;4m[AndroidUiautomator2Driver@808c]&amp#27;[0m Using device: R3CRC00KHBT
&amp#27;[38;5;194m[55708041]&amp#27;[0m&amp#27;[38;5;229m[ADB]&amp#27;[0m Using 'adb.exe' from 'C:\Users\sajus\AppData\Local\Android\Sdk\platform-tools\adb.exe'
&amp#27;[38;5;194m[55708041]&amp#27;[0m&amp#27;[38;5;229m[ADB]&amp#27;[0m Running 'C:\Users\sajus\AppData\Local\Android\Sdk\platform-tools\adb.exe -P 5037 start-server'
&amp#27;[38;5;194m[55708041]&amp#27;[0m&amp#27;[38;5;229m[ADB]&amp#27;[0m Setting device id to R3CRC00KHBT
&amp#27;[38;5;194m[55708041]&amp#27;[0m&amp#27;[38;5;4m[AndroidUiautomator2Driver@808c]&amp#27;[0m Starting 'com.androidsample.generalstore' directly on the device
&amp#27;[38;5;194m[55708041]&amp#27;[0m&amp#27;[38;5;229m[ADB]&amp#27;[0m Running 'C:\Users\sajus\AppData\Local\Android\Sdk\platform-tools\adb.exe -P 5037 -s R3CRC00KHBT shell getprop ro.build.version.sdk'
&amp#27;[38;5;194m[55708041]&amp#27;[0m&amp#27;[38;5;229m[ADB]&amp#27;[0m Current device property 'ro.build.version.sdk': 35
&amp#27;[38;5;194m[55708041]&amp#27;[0m&amp#27;[38;5;229m[ADB]&amp#27;[0m Getting device platform version
&amp#27;[38;5;194m[55708041]&amp#27;[0m&amp#27;[38;5;229m[ADB]&amp#27;[0m Running 'C:\Users\sajus\AppData\Local\Android\Sdk\platform-tools\adb.exe -P 5037 -s R3CRC00KHBT shell getprop ro.build.version.release'
&amp#27;[38;5;112m[Appium]&amp#27;[0m Welcome to Appium v2.18.0
&amp#27;[38;5;112m[Appium]&amp#27;[0m The autodetected Appium home path: C:\Users\sajus\.appium
&amp#27;[38;5;112m[Appium]&amp#27;[0m Attempting to load driver uiautomator2...
&amp#27;[38;5;112m[Appium]&amp#27;[0m Requiring driver at C:\Users\sajus\.appium\node_modules\appium-uiautomator2-driver\build\index.js
&amp#27;[38;5;194m[55708041]&amp#27;[0m&amp#27;[38;5;229m[ADB]&amp#27;[0m Current device property 'ro.build.version.release': 15
&amp#27;[38;5;194m[55708041]&amp#27;[0m&amp#27;[38;5;229m[ADB]&amp#27;[0m Device API level: 35
&amp#27;[38;5;194m[55708041]&amp#27;[0m&amp#27;[38;5;4m[AndroidUiautomator2Driver@808c]&amp#27;[0m Relaxing hidden api policy
&amp#27;[38;5;194m[55708041]&amp#27;[0m&amp#27;[38;5;229m[ADB]&amp#27;[0m Running 'C:\Users\sajus\AppData\Local\Android\Sdk\platform-tools\adb.exe -P 5037 -s R3CRC00KHBT shell 'settings put global hidden_api_policy_pre_p_apps 1;settings put global hidden_api_policy_p_apps 1;settings put global hidden_api_policy 1''
&amp#27;[38;5;194m[55708041]&amp#27;[0m&amp#27;[38;5;4m[AndroidUiautomator2Driver@808c]&amp#27;[0m Pushing settings apk to the device...
&amp#27;[38;5;194m[55708041]&amp#27;[0m&amp#27;[38;5;229m[ADB]&amp#27;[0m Getting package info for 'io.appium.settings'
&amp#27;[38;5;194m[55708041]&amp#27;[0m&amp#27;[38;5;229m[ADB]&amp#27;[0m Running 'C:\Users\sajus\AppData\Local\Android\Sdk\platform-tools\adb.exe -P 5037 -s R3CRC00KHBT shell dumpsys package io.appium.settings'
&amp#27;[38;5;194m[55708041]&amp#27;[0m&amp#27;[38;5;229m[ADB]&amp#27;[0m Using 'aapt2.exe' from 'C:\Users\sajus\AppData\Local\Android\Sdk\build-tools\36.0.0\aapt2.exe'
&amp#27;[38;5;194m[55708041]&amp#27;[0m&amp#27;[38;5;229m[ADB]&amp#27;[0m Reading package manifest: 'C:\\Users\\sajus\\AppData\\Local\\Android\\Sdk\\build-tools\\36.0.0\\aapt2.exe dump badging C:\\Users\\sajus\\.appium\\node_modules\\appium-uiautomator2-driver\\node_modules\\io.appium.settings\\apks\\settings_apk-debug.apk'
&amp#27;[38;5;194m[55708041]&amp#27;[0m&amp#27;[38;5;229m[ADB]&amp#27;[0m The version name of the installed 'io.appium.settings' is greater or equal to the application version name ('5.14.8' >= '5.14.8')
&amp#27;[38;5;194m[55708041]&amp#27;[0m&amp#27;[38;5;229m[ADB]&amp#27;[0m There is no need to install/upgrade 'C:\Users\sajus\.appium\node_modules\appium-uiautomator2-driver\node_modules\io.appium.settings\apks\settings_apk-debug.apk'
&amp#27;[38;5;194m[55708041]&amp#27;[0m&amp#27;[38;5;229m[ADB]&amp#27;[0m Running 'C:\Users\sajus\AppData\Local\Android\Sdk\platform-tools\adb.exe -P 5037 -s R3CRC00KHBT shell dumpsys activity services io.appium.settings'
&amp#27;[38;5;194m[55708041]&amp#27;[0m&amp#27;[38;5;4m[AndroidUiautomator2Driver@808c]&amp#27;[0m io.appium.settings is already running. There is no need to reset its permissions.
&amp#27;[38;5;194m[55708041]&amp#27;[0m&amp#27;[38;5;160m[Logcat]&amp#27;[0m Starting logs capture with command: C:\\Users\\sajus\\AppData\\Local\\Android\\Sdk\\platform-tools\\adb.exe -P 5037 -s R3CRC00KHBT logcat -v threadtime
&amp#27;[38;5;194m[55708041]&amp#27;[0m&amp#27;[38;5;229m[ADB]&amp#27;[0m Running 'C:\Users\sajus\AppData\Local\Android\Sdk\platform-tools\adb.exe -P 5037 -s R3CRC00KHBT shell appops set io.appium.settings android:mock_location allow'
&amp#27;[38;5;194m[55708041]&amp#27;[0m&amp#27;[38;5;229m[ADB]&amp#27;[0m Running 'C:\Users\sajus\AppData\Local\Android\Sdk\platform-tools\adb.exe -P 5037 -s R3CRC00KHBT shell "[ -e '/data/local/tmp/mock_apps.json' ] && echo __PASS__"'
&amp#27;[38;5;194m[55708041]&amp#27;[0m&amp#27;[38;5;229m[ADB]&amp#27;[0m Running 'C:\Users\sajus\AppData\Local\Android\Sdk\platform-tools\adb.exe -P 5037 -s R3CRC00KHBT shell cat /data/local/tmp/mock_apps.json'
&amp#27;[38;5;194m[55708041]&amp#27;[0m&amp#27;[38;5;4m[AndroidUiautomator2Driver@808c]&amp#27;[0m Forwarding UiAutomator2 Server port 6790 to local port 8201
&amp#27;[38;5;194m[55708041]&amp#27;[0m&amp#27;[38;5;229m[ADB]&amp#27;[0m Forwarding system: 8201 to device: 6790
&amp#27;[38;5;194m[55708041]&amp#27;[0m&amp#27;[38;5;229m[ADB]&amp#27;[0m Running 'C:\Users\sajus\AppData\Local\Android\Sdk\platform-tools\adb.exe -P 5037 -s R3CRC00KHBT forward tcp:8201 tcp:6790'
&amp#27;[38;5;194m[55708041]&amp#27;[0m&amp#27;[38;5;4m[AndroidUiautomator2Driver@808c]&amp#27;[0m UIA2Proxy options: {"server":"127.0.0.1","port":8201,"keepAlive":true,"scheme":"http","base":"","reqBasePath":"","sessionId":null,"timeout":240000}
&amp#27;[38;5;194m[55708041]&amp#27;[0m&amp#27;[38;5;229m[ADB]&amp#27;[0m Getting package info for 'io.appium.uiautomator2.server'
&amp#27;[38;5;194m[55708041]&amp#27;[0m&amp#27;[38;5;229m[ADB]&amp#27;[0m Running 'C:\Users\sajus\AppData\Local\Android\Sdk\platform-tools\adb.exe -P 5037 -s R3CRC00KHBT shell dumpsys package io.appium.uiautomator2.server'
&amp#27;[38;5;194m[55708041]&amp#27;[0m&amp#27;[38;5;229m[ADB]&amp#27;[0m Getting install status for io.appium.uiautomator2.server.test
&amp#27;[38;5;194m[55708041]&amp#27;[0m&amp#27;[38;5;4m[AndroidUiautomator2Driver@808c]&amp#27;[0m No app capability. Assuming it is already on the device
&amp#27;[38;5;194m[55708041]&amp#27;[0m&amp#27;[38;5;229m[ADB]&amp#27;[0m Running 'C:\Users\sajus\AppData\Local\Android\Sdk\platform-tools\adb.exe -P 5037 -s R3CRC00KHBT shell cmd package list packages'
&amp#27;[38;5;194m[55708041]&amp#27;[0m&amp#27;[38;5;229m[ADB]&amp#27;[0m Reading package manifest: 'C:\\Users\\sajus\\AppData\\Local\\Android\\Sdk\\build-tools\\36.0.0\\aapt2.exe dump badging C:\\Users\\sajus\\.appium\\node_modules\\appium-uiautomator2-driver\\node_modules\\appium-uiautomator2-server\\apks\\appium-uiautomator2-server-v7.5.2.apk'
&amp#27;[38;5;112m[Appium]&amp#27;[0m AndroidUiautomator2Driver has been successfully loaded in 0.942s
&amp#27;[38;5;194m[55708041]&amp#27;[0m&amp#27;[38;5;229m[ADB]&amp#27;[0m 'io.appium.uiautomator2.server.test' is installed
&amp#27;[38;5;112m[Appium]&amp#27;[0m Appium REST http interface listener started on http://0.0.0.0:4723
&amp#27;[38;5;112m[Appium]&amp#27;[0m You can provide the following URLs in your client code to connect to this server:
	http://192.168.2.20:4723/
	http://127.0.0.1:4723/ (only accessible from the same host)
&amp#27;[38;5;112m[Appium]&amp#27;[0m Available drivers:
&amp#27;[38;5;112m[Appium]&amp#27;[0m   - uiautomator2@4.2.3 (automationName 'UiAutomator2')
&amp#27;[38;5;112m[Appium]&amp#27;[0m No plugins have been installed. Use the "appium plugin" command to install the one(s) you want to use.
&amp#27;[38;5;194m[55708041]&amp#27;[0m&amp#27;[38;5;229m[ADB]&amp#27;[0m The version name of the installed 'io.appium.uiautomator2.server' is greater or equal to the application version name ('7.5.2' >= '7.5.2')
&amp#27;[38;5;194m[55708041]&amp#27;[0m&amp#27;[38;5;4m[AndroidUiautomator2Driver@808c]&amp#27;[0m Server packages status: [{"installState":"sameVersionInstalled","appPath":"C:\\Users\\sajus\\.appium\\node_modules\\appium-uiautomator2-driver\\node_modules\\appium-uiautomator2-server\\apks\\appium-uiautomator2-server-v7.5.2.apk","appId":"io.appium.uiautomator2.server"},{"installState":"sameVersionInstalled","appPath":"C:\\Users\\sajus\\.appium\\node_modules\\appium-uiautomator2-driver\\node_modules\\appium-uiautomator2-server\\apks\\appium-uiautomator2-server-debug-androidTest.apk","appId":"io.appium.uiautomator2.server.test"}]
&amp#27;[38;5;194m[55708041]&amp#27;[0m&amp#27;[38;5;4m[AndroidUiautomator2Driver@808c]&amp#27;[0m Server packages are not going to be (re)installed
&amp#27;[38;5;194m[55708041]&amp#27;[0m&amp#27;[38;5;4m[AndroidUiautomator2Driver@808c]&amp#27;[0m Waiting up to 30000ms for services to be available
&amp#27;[38;5;194m[55708041]&amp#27;[0m&amp#27;[38;5;229m[ADB]&amp#27;[0m Running 'C:\Users\sajus\AppData\Local\Android\Sdk\platform-tools\adb.exe -P 5037 -s R3CRC00KHBT shell pm list instrumentation'
&amp#27;[38;5;86m[HTTP]&amp#27;[0m &amp#27;[37m-->&amp#27;[39m &amp#27;[37mGET&amp#27;[39m &amp#27;[37m/status&amp#27;[39m &amp#27;[90m{}&amp#27;[39m
&amp#27;[38;5;152m[AppiumDriver@0af1]&amp#27;[0m Calling AppiumDriver.getStatus() with args: []
&amp#27;[38;5;152m[AppiumDriver@0af1]&amp#27;[0m Responding to client with driver.getStatus() result: {"ready":true,"message":"The server is ready to accept new connections","build":{"version":"2.18.0"}}
Appium server started on port: 4723
&amp#27;[38;5;86m[HTTP]&amp#27;[0m &amp#27;[37m<-- GET /status &amp#27;[39m&amp#27;[32m200&amp#27;[39m &amp#27;[90m5 ms - 111&amp#27;[39m &amp#27;[90m&amp#27;[39m
&amp#27;[38;5;86m[HTTP]&amp#27;[0m Request idempotency key: 77d0914b-b196-412d-a798-20f768d5162b
&amp#27;[38;5;194m[55708041]&amp#27;[0m&amp#27;[38;5;4m[AndroidUiautomator2Driver@808c]&amp#27;[0m Instrumentation target 'io.appium.uiautomator2.server.test/androidx.test.runner.AndroidJUnitRunner' is available
&amp#27;[38;5;194m[55708041]&amp#27;[0m&amp#27;[38;5;229m[ADB]&amp#27;[0m Adding packages ["io.appium.settings","io.appium.uiautomator2.server","io.appium.uiautomator2.server.test"] to Doze whitelist
&amp#27;[38;5;194m[55708041]&amp#27;[0m&amp#27;[38;5;229m[ADB]&amp#27;[0m Got the following command chunks to execute: [["dumpsys","deviceidle","whitelist","+io.appium.settings",";","dumpsys","deviceidle","whitelist","+io.appium.uiautomator2.server",";","dumpsys","deviceidle","whitelist","+io.appium.uiautomator2.server.test",";"]]
&amp#27;[38;5;194m[55708041]&amp#27;[0m&amp#27;[38;5;229m[ADB]&amp#27;[0m Running 'C:\Users\sajus\AppData\Local\Android\Sdk\platform-tools\adb.exe -P 5037 -s R3CRC00KHBT shell dumpsys deviceidle whitelist +io.appium.settings ; dumpsys deviceidle whitelist +io.appium.uiautomator2.server ; dumpsys deviceidle whitelist +io.appium.uiautomator2.server.test ;'
&amp#27;[38;5;86m[HTTP]&amp#27;[0m &amp#27;[37m-->&amp#27;[39m &amp#27;[37mPOST&amp#27;[39m &amp#27;[37m/session&amp#27;[39m &amp#27;[90m{"capabilities":{"firstMatch":[{}],"alwaysMatch":{"appium:appActivity":"com.androidsample.generalstore.SplashActivity","appium:appPackage":"com.androidsample.generalstore","appium:automationName":"UiAutomator2","appium:deviceName":"Nokia","appium:noReset":true,"appium:platformVersion":"11.0","appium:systemPort":8202,"appium:udid":"CTLID18120801016","platformName":"ANDROID"}}}&amp#27;[39m
&amp#27;[38;5;152m[AppiumDriver@0af1]&amp#27;[0m Calling AppiumDriver.createSession() with args: [null,null,{"firstMatch":[{}],"alwaysMatch":{"appium:appActivity":"com.androidsample.generalstore.SplashActivity","appium:appPackage":"com.androidsample.generalstore","appium:automationName":"UiAutomator2","appium:deviceName":"Nokia","appium:noReset":true,"appium:platformVersion":"11.0","appium:systemPort":8202,"appium:udid":"CTLID18120801016","platformName":"ANDROID"}}]
&amp#27;[38;5;152m[AppiumDriver@0af1]&amp#27;[0m Event 'newSessionRequested' logged at 1750222865934 (01:01:05 GMT-0400 (Eastern Daylight Saving Time))
&amp#27;[38;5;112m[Appium]&amp#27;[0m Attempting to find matching driver for automationName 'UiAutomator2' and platformName 'ANDROID'
&amp#27;[38;5;112m[Appium]&amp#27;[0m The 'uiautomator2' driver was installed and matched caps.
&amp#27;[38;5;112m[Appium]&amp#27;[0m Will require it at C:\Users\sajus\.appium\node_modules\appium-uiautomator2-driver
&amp#27;[38;5;112m[Appium]&amp#27;[0m Requiring driver at C:\Users\sajus\.appium\node_modules\appium-uiautomator2-driver\build\index.js
&amp#27;[38;5;152m[AppiumDriver@0af1]&amp#27;[0m Appium v2.18.0 creating new AndroidUiautomator2Driver (v4.2.3) session
&amp#27;[38;5;152m[AppiumDriver@0af1]&amp#27;[0m Checking BaseDriver versions for Appium and AndroidUiautomator2Driver
&amp#27;[38;5;152m[AppiumDriver@0af1]&amp#27;[0m Appium's BaseDriver version is 9.17.0
&amp#27;[38;5;152m[AppiumDriver@0af1]&amp#27;[0m AndroidUiautomator2Driver's BaseDriver version is 9.17.0
&amp#27;[38;5;-135m[AndroidUiautomator2Driver@2273]&amp#27;[0m 
&amp#27;[38;5;-135m[AndroidUiautomator2Driver@2273]&amp#27;[0m Creating session with W3C capabilities: {
  "alwaysMatch": {
    "platformName": "ANDROID",
    "appium:appActivity": "com.androidsample.generalstore.SplashActivity",
    "appium:appPackage": "com.androidsample.generalstore",
    "appium:automationName": "UiAutomator2",
    "appium:deviceName": "Nokia",
    "appium:noReset": true,
    "appium:platformVersion": "11.0",
    "appium:systemPort": 8202,
    "appium:udid": "CTLID18120801016"
  },
  "firstMatch": [
    {}
  ]
}
&amp#27;[38;5;70m[ade9d096]&amp#27;[0m&amp#27;[38;5;-135m[AndroidUiautomator2Driver@2273]&amp#27;[0m Session created with session id: ade9d096-5067-47c7-9c97-3fe91456d453
&amp#27;[38;5;70m[ade9d096]&amp#27;[0m&amp#27;[38;5;229m[ADB]&amp#27;[0m Found 3 'build-tools' folders under 'C:\Users\sajus\AppData\Local\Android\Sdk' (newest first):
&amp#27;[38;5;70m[ade9d096]&amp#27;[0m&amp#27;[38;5;229m[ADB]&amp#27;[0m     C:\Users\sajus\AppData\Local\Android\Sdk\build-tools\36.0.0
&amp#27;[38;5;70m[ade9d096]&amp#27;[0m&amp#27;[38;5;229m[ADB]&amp#27;[0m     C:\Users\sajus\AppData\Local\Android\Sdk\build-tools\35.0.1
&amp#27;[38;5;70m[ade9d096]&amp#27;[0m&amp#27;[38;5;229m[ADB]&amp#27;[0m     C:\Users\sajus\AppData\Local\Android\Sdk\build-tools\35.0.0
&amp#27;[38;5;70m[ade9d096]&amp#27;[0m&amp#27;[38;5;229m[ADB]&amp#27;[0m Using 'adb.exe' from 'C:\Users\sajus\AppData\Local\Android\Sdk\platform-tools\adb.exe'
&amp#27;[38;5;70m[ade9d096]&amp#27;[0m&amp#27;[38;5;229m[ADB]&amp#27;[0m Running 'C:\Users\sajus\AppData\Local\Android\Sdk\platform-tools\adb.exe -P 5037 start-server'
&amp#27;[38;5;70m[ade9d096]&amp#27;[0m&amp#27;[38;5;-135m[AndroidUiautomator2Driver@2273]&amp#27;[0m Retrieving device list
&amp#27;[38;5;70m[ade9d096]&amp#27;[0m&amp#27;[38;5;229m[ADB]&amp#27;[0m Trying to find connected Android devices
&amp#27;[38;5;70m[ade9d096]&amp#27;[0m&amp#27;[38;5;229m[ADB]&amp#27;[0m Getting connected devices
&amp#27;[38;5;194m[55708041]&amp#27;[0m&amp#27;[38;5;4m[AndroidUiautomator2Driver@808c]&amp#27;[0m Performing shallow cleanup of automation leftovers
&amp#27;[38;5;70m[ade9d096]&amp#27;[0m&amp#27;[38;5;229m[ADB]&amp#27;[0m Connected devices: [{"udid":"CTLID18120801016","state":"device"},{"udid":"R3CRC00KHBT","state":"device"}]
&amp#27;[38;5;70m[ade9d096]&amp#27;[0m&amp#27;[38;5;-135m[AndroidUiautomator2Driver@2273]&amp#27;[0m Using device: CTLID18120801016
&amp#27;[38;5;70m[ade9d096]&amp#27;[0m&amp#27;[38;5;229m[ADB]&amp#27;[0m Using 'adb.exe' from 'C:\Users\sajus\AppData\Local\Android\Sdk\platform-tools\adb.exe'
&amp#27;[38;5;70m[ade9d096]&amp#27;[0m&amp#27;[38;5;229m[ADB]&amp#27;[0m Running 'C:\Users\sajus\AppData\Local\Android\Sdk\platform-tools\adb.exe -P 5037 start-server'
&amp#27;[38;5;70m[ade9d096]&amp#27;[0m&amp#27;[38;5;229m[ADB]&amp#27;[0m Setting device id to CTLID18120801016
&amp#27;[38;5;70m[ade9d096]&amp#27;[0m&amp#27;[38;5;-135m[AndroidUiautomator2Driver@2273]&amp#27;[0m Starting 'com.androidsample.generalstore' directly on the device
&amp#27;[38;5;70m[ade9d096]&amp#27;[0m&amp#27;[38;5;229m[ADB]&amp#27;[0m Running 'C:\Users\sajus\AppData\Local\Android\Sdk\platform-tools\adb.exe -P 5037 -s CTLID18120801016 shell getprop ro.build.version.sdk'
&amp#27;[38;5;194m[55708041]&amp#27;[0m&amp#27;[38;5;4m[AndroidUiautomator2Driver@808c]&amp#27;[0m No obsolete sessions have been detected (socket hang up)
&amp#27;[38;5;194m[55708041]&amp#27;[0m&amp#27;[38;5;229m[ADB]&amp#27;[0m Running 'C:\Users\sajus\AppData\Local\Android\Sdk\platform-tools\adb.exe -P 5037 -s R3CRC00KHBT shell am force-stop io.appium.uiautomator2.server'
&amp#27;[38;5;194m[55708041]&amp#27;[0m&amp#27;[38;5;229m[ADB]&amp#27;[0m Running 'C:\Users\sajus\AppData\Local\Android\Sdk\platform-tools\adb.exe -P 5037 -s R3CRC00KHBT shell am force-stop io.appium.uiautomator2.server.test'
&amp#27;[38;5;70m[ade9d096]&amp#27;[0m&amp#27;[38;5;229m[ADB]&amp#27;[0m Current device property 'ro.build.version.sdk': 29
&amp#27;[38;5;70m[ade9d096]&amp#27;[0m&amp#27;[38;5;229m[ADB]&amp#27;[0m Getting device platform version
&amp#27;[38;5;70m[ade9d096]&amp#27;[0m&amp#27;[38;5;229m[ADB]&amp#27;[0m Running 'C:\Users\sajus\AppData\Local\Android\Sdk\platform-tools\adb.exe -P 5037 -s CTLID18120801016 shell getprop ro.build.version.release'
&amp#27;[38;5;70m[ade9d096]&amp#27;[0m&amp#27;[38;5;229m[ADB]&amp#27;[0m Current device property 'ro.build.version.release': 10
&amp#27;[38;5;70m[ade9d096]&amp#27;[0m&amp#27;[38;5;229m[ADB]&amp#27;[0m Device API level: 29
&amp#27;[38;5;70m[ade9d096]&amp#27;[0m&amp#27;[38;5;-135m[AndroidUiautomator2Driver@2273]&amp#27;[0m Relaxing hidden api policy
&amp#27;[38;5;70m[ade9d096]&amp#27;[0m&amp#27;[38;5;229m[ADB]&amp#27;[0m Running 'C:\Users\sajus\AppData\Local\Android\Sdk\platform-tools\adb.exe -P 5037 -s CTLID18120801016 shell 'settings put global hidden_api_policy_pre_p_apps 1;settings put global hidden_api_policy_p_apps 1;settings put global hidden_api_policy 1''
&amp#27;[38;5;194m[55708041]&amp#27;[0m&amp#27;[38;5;4m[AndroidUiautomator2Driver@808c]&amp#27;[0m Starting UIAutomator2 server 7.5.2
&amp#27;[38;5;194m[55708041]&amp#27;[0m&amp#27;[38;5;4m[AndroidUiautomator2Driver@808c]&amp#27;[0m Using UIAutomator2 server from 'C:\Users\sajus\.appium\node_modules\appium-uiautomator2-driver\node_modules\appium-uiautomator2-server\apks\appium-uiautomator2-server-v7.5.2.apk' and test from 'C:\Users\sajus\.appium\node_modules\appium-uiautomator2-driver\node_modules\appium-uiautomator2-server\apks\appium-uiautomator2-server-debug-androidTest.apk'
&amp#27;[38;5;194m[55708041]&amp#27;[0m&amp#27;[38;5;4m[AndroidUiautomator2Driver@808c]&amp#27;[0m Waiting up to 30000ms for UiAutomator2 to be online...
&amp#27;[38;5;194m[55708041]&amp#27;[0m&amp#27;[38;5;229m[ADB]&amp#27;[0m Creating ADB subprocess with args: ["-P","5037","-s","R3CRC00KHBT","shell","am","instrument","-w","-e","disableAnalytics","true","io.appium.uiautomator2.server.test/androidx.test.runner.AndroidJUnitRunner"]
&amp#27;[38;5;70m[ade9d096]&amp#27;[0m&amp#27;[38;5;-135m[AndroidUiautomator2Driver@2273]&amp#27;[0m Pushing settings apk to the device...
&amp#27;[38;5;70m[ade9d096]&amp#27;[0m&amp#27;[38;5;229m[ADB]&amp#27;[0m Getting package info for 'io.appium.settings'
&amp#27;[38;5;70m[ade9d096]&amp#27;[0m&amp#27;[38;5;229m[ADB]&amp#27;[0m Running 'C:\Users\sajus\AppData\Local\Android\Sdk\platform-tools\adb.exe -P 5037 -s CTLID18120801016 shell dumpsys package io.appium.settings'
&amp#27;[38;5;194m[55708041]&amp#27;[0m&amp#27;[38;5;4m[AndroidUiautomator2Driver@808c]&amp#27;[0m Matched '/status' to command name 'getStatus'
&amp#27;[38;5;194m[55708041]&amp#27;[0m&amp#27;[38;5;4m[AndroidUiautomator2Driver@808c]&amp#27;[0m Proxying [GET /status] to [GET http://127.0.0.1:8201/status] with no body
&amp#27;[38;5;194m[55708041]&amp#27;[0m&amp#27;[38;5;4m[AndroidUiautomator2Driver@808c]&amp#27;[0m socket hang up
&amp#27;[38;5;70m[ade9d096]&amp#27;[0m&amp#27;[38;5;229m[ADB]&amp#27;[0m Using 'aapt2.exe' from 'C:\Users\sajus\AppData\Local\Android\Sdk\build-tools\36.0.0\aapt2.exe'
&amp#27;[38;5;70m[ade9d096]&amp#27;[0m&amp#27;[38;5;229m[ADB]&amp#27;[0m Reading package manifest: 'C:\\Users\\sajus\\AppData\\Local\\Android\\Sdk\\build-tools\\36.0.0\\aapt2.exe dump badging C:\\Users\\sajus\\.appium\\node_modules\\appium-uiautomator2-driver\\node_modules\\io.appium.settings\\apks\\settings_apk-debug.apk'
&amp#27;[38;5;70m[ade9d096]&amp#27;[0m&amp#27;[38;5;229m[ADB]&amp#27;[0m The version name of the installed 'io.appium.settings' is greater or equal to the application version name ('5.14.8' >= '5.14.8')
&amp#27;[38;5;70m[ade9d096]&amp#27;[0m&amp#27;[38;5;229m[ADB]&amp#27;[0m There is no need to install/upgrade 'C:\Users\sajus\.appium\node_modules\appium-uiautomator2-driver\node_modules\io.appium.settings\apks\settings_apk-debug.apk'
&amp#27;[38;5;70m[ade9d096]&amp#27;[0m&amp#27;[38;5;229m[ADB]&amp#27;[0m Running 'C:\Users\sajus\AppData\Local\Android\Sdk\platform-tools\adb.exe -P 5037 -s CTLID18120801016 shell dumpsys activity services io.appium.settings'
&amp#27;[38;5;70m[ade9d096]&amp#27;[0m&amp#27;[38;5;-135m[AndroidUiautomator2Driver@2273]&amp#27;[0m io.appium.settings is already running. There is no need to reset its permissions.
&amp#27;[38;5;70m[ade9d096]&amp#27;[0m&amp#27;[38;5;160m[Logcat]&amp#27;[0m Starting logs capture with command: C:\\Users\\sajus\\AppData\\Local\\Android\\Sdk\\platform-tools\\adb.exe -P 5037 -s CTLID18120801016 logcat -v threadtime
&amp#27;[38;5;70m[ade9d096]&amp#27;[0m&amp#27;[38;5;229m[ADB]&amp#27;[0m Running 'C:\Users\sajus\AppData\Local\Android\Sdk\platform-tools\adb.exe -P 5037 -s CTLID18120801016 shell appops set io.appium.settings android:mock_location allow'
&amp#27;[38;5;70m[ade9d096]&amp#27;[0m&amp#27;[38;5;229m[ADB]&amp#27;[0m Running 'C:\Users\sajus\AppData\Local\Android\Sdk\platform-tools\adb.exe -P 5037 -s CTLID18120801016 shell "[ -e '/data/local/tmp/mock_apps.json' ] && echo __PASS__"'
&amp#27;[38;5;70m[ade9d096]&amp#27;[0m&amp#27;[38;5;229m[ADB]&amp#27;[0m Running 'C:\Users\sajus\AppData\Local\Android\Sdk\platform-tools\adb.exe -P 5037 -s CTLID18120801016 shell cat /data/local/tmp/mock_apps.json'
&amp#27;[38;5;194m[55708041]&amp#27;[0m&amp#27;[38;5;4m[AndroidUiautomator2Driver@808c]&amp#27;[0m [Instrumentation] 
&amp#27;[38;5;70m[ade9d096]&amp#27;[0m&amp#27;[38;5;-135m[AndroidUiautomator2Driver@2273]&amp#27;[0m Forwarding UiAutomator2 Server port 6790 to local port 8202
&amp#27;[38;5;70m[ade9d096]&amp#27;[0m&amp#27;[38;5;229m[ADB]&amp#27;[0m Forwarding system: 8202 to device: 6790
&amp#27;[38;5;70m[ade9d096]&amp#27;[0m&amp#27;[38;5;229m[ADB]&amp#27;[0m Running 'C:\Users\sajus\AppData\Local\Android\Sdk\platform-tools\adb.exe -P 5037 -s CTLID18120801016 forward tcp:8202 tcp:6790'
&amp#27;[38;5;70m[ade9d096]&amp#27;[0m&amp#27;[38;5;-135m[AndroidUiautomator2Driver@2273]&amp#27;[0m UIA2Proxy options: {"server":"127.0.0.1","port":8202,"keepAlive":true,"scheme":"http","base":"","reqBasePath":"","sessionId":null,"timeout":240000}
&amp#27;[38;5;70m[ade9d096]&amp#27;[0m&amp#27;[38;5;229m[ADB]&amp#27;[0m Getting package info for 'io.appium.uiautomator2.server'
&amp#27;[38;5;70m[ade9d096]&amp#27;[0m&amp#27;[38;5;229m[ADB]&amp#27;[0m Running 'C:\Users\sajus\AppData\Local\Android\Sdk\platform-tools\adb.exe -P 5037 -s CTLID18120801016 shell dumpsys package io.appium.uiautomator2.server'
&amp#27;[38;5;70m[ade9d096]&amp#27;[0m&amp#27;[38;5;229m[ADB]&amp#27;[0m Getting install status for io.appium.uiautomator2.server.test
&amp#27;[38;5;70m[ade9d096]&amp#27;[0m&amp#27;[38;5;-135m[AndroidUiautomator2Driver@2273]&amp#27;[0m No app capability. Assuming it is already on the device
&amp#27;[38;5;70m[ade9d096]&amp#27;[0m&amp#27;[38;5;229m[ADB]&amp#27;[0m Running 'C:\Users\sajus\AppData\Local\Android\Sdk\platform-tools\adb.exe -P 5037 -s CTLID18120801016 shell cmd package list packages'
&amp#27;[38;5;70m[ade9d096]&amp#27;[0m&amp#27;[38;5;229m[ADB]&amp#27;[0m Reading package manifest: 'C:\\Users\\sajus\\AppData\\Local\\Android\\Sdk\\build-tools\\36.0.0\\aapt2.exe dump badging C:\\Users\\sajus\\.appium\\node_modules\\appium-uiautomator2-driver\\node_modules\\appium-uiautomator2-server\\apks\\appium-uiautomator2-server-v7.5.2.apk'
&amp#27;[38;5;70m[ade9d096]&amp#27;[0m&amp#27;[38;5;229m[ADB]&amp#27;[0m 'io.appium.uiautomator2.server.test' is installed
&amp#27;[38;5;70m[ade9d096]&amp#27;[0m&amp#27;[38;5;229m[ADB]&amp#27;[0m The version name of the installed 'io.appium.uiautomator2.server' is greater or equal to the application version name ('7.5.2' >= '7.5.2')
&amp#27;[38;5;70m[ade9d096]&amp#27;[0m&amp#27;[38;5;-135m[AndroidUiautomator2Driver@2273]&amp#27;[0m Server packages status: [{"installState":"sameVersionInstalled","appPath":"C:\\Users\\sajus\\.appium\\node_modules\\appium-uiautomator2-driver\\node_modules\\appium-uiautomator2-server\\apks\\appium-uiautomator2-server-v7.5.2.apk","appId":"io.appium.uiautomator2.server"},{"installState":"sameVersionInstalled","appPath":"C:\\Users\\sajus\\.appium\\node_modules\\appium-uiautomator2-driver\\node_modules\\appium-uiautomator2-server\\apks\\appium-uiautomator2-server-debug-androidTest.apk","appId":"io.appium.uiautomator2.server.test"}]
&amp#27;[38;5;70m[ade9d096]&amp#27;[0m&amp#27;[38;5;-135m[AndroidUiautomator2Driver@2273]&amp#27;[0m Server packages are not going to be (re)installed
&amp#27;[38;5;70m[ade9d096]&amp#27;[0m&amp#27;[38;5;-135m[AndroidUiautomator2Driver@2273]&amp#27;[0m Waiting up to 30000ms for services to be available
&amp#27;[38;5;70m[ade9d096]&amp#27;[0m&amp#27;[38;5;229m[ADB]&amp#27;[0m Running 'C:\Users\sajus\AppData\Local\Android\Sdk\platform-tools\adb.exe -P 5037 -s CTLID18120801016 shell pm list instrumentation'
&amp#27;[38;5;70m[ade9d096]&amp#27;[0m&amp#27;[38;5;-135m[AndroidUiautomator2Driver@2273]&amp#27;[0m Instrumentation target 'io.appium.uiautomator2.server.test/androidx.test.runner.AndroidJUnitRunner' is available
&amp#27;[38;5;70m[ade9d096]&amp#27;[0m&amp#27;[38;5;229m[ADB]&amp#27;[0m Adding packages ["io.appium.settings","io.appium.uiautomator2.server","io.appium.uiautomator2.server.test"] to Doze whitelist
&amp#27;[38;5;70m[ade9d096]&amp#27;[0m&amp#27;[38;5;229m[ADB]&amp#27;[0m Got the following command chunks to execute: [["dumpsys","deviceidle","whitelist","+io.appium.settings",";","dumpsys","deviceidle","whitelist","+io.appium.uiautomator2.server",";","dumpsys","deviceidle","whitelist","+io.appium.uiautomator2.server.test",";"]]
&amp#27;[38;5;70m[ade9d096]&amp#27;[0m&amp#27;[38;5;229m[ADB]&amp#27;[0m Running 'C:\Users\sajus\AppData\Local\Android\Sdk\platform-tools\adb.exe -P 5037 -s CTLID18120801016 shell dumpsys deviceidle whitelist +io.appium.settings ; dumpsys deviceidle whitelist +io.appium.uiautomator2.server ; dumpsys deviceidle whitelist +io.appium.uiautomator2.server.test ;'
&amp#27;[38;5;194m[55708041]&amp#27;[0m&amp#27;[38;5;4m[AndroidUiautomator2Driver@808c]&amp#27;[0m Matched '/status' to command name 'getStatus'
&amp#27;[38;5;194m[55708041]&amp#27;[0m&amp#27;[38;5;4m[AndroidUiautomator2Driver@808c]&amp#27;[0m Proxying [GET /status] to [GET http://127.0.0.1:8201/status] with no body
&amp#27;[38;5;194m[55708041]&amp#27;[0m&amp#27;[38;5;4m[AndroidUiautomator2Driver@808c]&amp#27;[0m Got response with status 200: {"sessionId":"None","value":{"message":"UiAutomator2 Server is ready to accept commands","ready":true}}
&amp#27;[38;5;194m[55708041]&amp#27;[0m&amp#27;[38;5;4m[AndroidUiautomator2Driver@808c]&amp#27;[0m The initialization of the instrumentation process took 1138ms
&amp#27;[38;5;194m[55708041]&amp#27;[0m&amp#27;[38;5;4m[AndroidUiautomator2Driver@808c]&amp#27;[0m Matched '/session' to command name 'createSession'
&amp#27;[38;5;194m[55708041]&amp#27;[0m&amp#27;[38;5;4m[AndroidUiautomator2Driver@808c]&amp#27;[0m Proxying [POST /session] to [POST http://127.0.0.1:8201/session] with body: {"capabilities":{"firstMatch":[{"platformName":"ANDROID","appActivity":"com.androidsample.generalstore.SplashActivity","appPackage":"com.androidsample.generalstore","automationName":"UiAutomator2","deviceName":"R3CRC00KHBT","noReset":true,"platformVersion":"10.0","systemPort":8201,"udid":"R3CRC00KHBT","platform":"LINUX","webStorageEnabled":false,"takesScreenshot":true,"javascriptEnabled":true,"databaseEnabled":false,"networkConnectionEnabled":true,"locationContextEnabled":false,"warnings":{},"desired":{"platformName":"ANDROID","appActivity":"com.androidsample.generalstore.SplashActivity","appPackage":"com.androidsample.generalstore","automationName":"UiAutomator2","deviceName":"Samsung_Galaxy_S21","noReset":true,"platformVersion":"10.0","systemPort":8201,"udid":"R3CRC00KHBT"},"deviceUDID":"R3CRC00KHBT"}],"alwaysMatch":{}}}
&amp#27;[38;5;70m[ade9d096]&amp#27;[0m&amp#27;[38;5;-135m[AndroidUiautomator2Driver@2273]&amp#27;[0m Performing shallow cleanup of automation leftovers
&amp#27;[38;5;194m[55708041]&amp#27;[0m&amp#27;[38;5;4m[AndroidUiautomator2Driver@808c]&amp#27;[0m Got response with status 200: {"sessionId":"5c8254f6-41c9-4eea-a5aa-85f671ef49e6","value":{"capabilities":{"firstMatch":[{"platformName":"ANDROID","appActivity":"com.androidsample.generalstore.SplashActivity","appPackage":"com.androidsample.generalstore","automationName":"UiAutomator2","deviceName":"R3CRC00KHBT","noReset":true,"platformVersion":"10.0","systemPort":8201,"udid":"R3CRC00KHBT","platform":"LINUX","webStorageEnabled":false,"takesScreenshot":true,"javascriptEnabled":true,"databaseEnabled":false,"networkConnectionEnabled":true,"locationContextEnabled":false,"warnings":{},"desired":{"platformName":"ANDROID","appActivity":"com.androidsample.generalstore.SplashActivity","appPackage":"com.androidsample.generalstore","automationName":"UiAutomator2","deviceName":"Samsung_Galaxy_S21","noReset":true,"platformVersion":"10.0","systemPort":8201,"udid":"R3CRC00KHBT"},"deviceUDID":"R3CRC00KHBT"}],"alwaysMatch":{}},"sessionId":"5c8254f6-41c9-4eea-a5aa-85f671ef49e6"}}
&amp#27;[38;5;194m[55708041]&amp#27;[0m&amp#27;[38;5;4m[AndroidUiautomator2Driver@808c]&amp#27;[0m Determined the downstream protocol as 'W3C'
&amp#27;[38;5;194m[55708041]&amp#27;[0m&amp#27;[38;5;4m[AndroidUiautomator2Driver@808c]&amp#27;[0m Proxying [GET /appium/device/pixel_ratio] to [GET http://127.0.0.1:8201/session/5c8254f6-41c9-4eea-a5aa-85f671ef49e6/appium/device/pixel_ratio] with no body
&amp#27;[38;5;194m[55708041]&amp#27;[0m&amp#27;[38;5;4m[AndroidUiautomator2Driver@808c]&amp#27;[0m Matched '/appium/device/system_bars' to command name 'getSystemBars'
&amp#27;[38;5;194m[55708041]&amp#27;[0m&amp#27;[38;5;4m[AndroidUiautomator2Driver@808c]&amp#27;[0m Proxying [GET /appium/device/system_bars] to [GET http://127.0.0.1:8201/session/5c8254f6-41c9-4eea-a5aa-85f671ef49e6/appium/device/system_bars] with no body
&amp#27;[38;5;194m[55708041]&amp#27;[0m&amp#27;[38;5;4m[AndroidUiautomator2Driver@808c]&amp#27;[0m Matched '/window/current/size' to command name 'getWindowSize'
&amp#27;[38;5;194m[55708041]&amp#27;[0m&amp#27;[38;5;4m[AndroidUiautomator2Driver@808c]&amp#27;[0m Proxying [GET /window/current/size] to [GET http://127.0.0.1:8201/session/5c8254f6-41c9-4eea-a5aa-85f671ef49e6/window/current/size] with no body
&amp#27;[38;5;194m[55708041]&amp#27;[0m&amp#27;[38;5;4m[AndroidUiautomator2Driver@808c]&amp#27;[0m Proxying [GET /appium/device/info] to [GET http://127.0.0.1:8201/session/5c8254f6-41c9-4eea-a5aa-85f671ef49e6/appium/device/info] with no body
&amp#27;[38;5;194m[55708041]&amp#27;[0m&amp#27;[38;5;229m[ADB]&amp#27;[0m Running 'C:\Users\sajus\AppData\Local\Android\Sdk\platform-tools\adb.exe -P 5037 -s R3CRC00KHBT shell dumpsys window'
&amp#27;[38;5;194m[55708041]&amp#27;[0m&amp#27;[38;5;229m[ADB]&amp#27;[0m Running 'C:\Users\sajus\AppData\Local\Android\Sdk\platform-tools\adb.exe -P 5037 -s R3CRC00KHBT shell dumpsys power'
&amp#27;[38;5;70m[ade9d096]&amp#27;[0m&amp#27;[38;5;-135m[AndroidUiautomator2Driver@2273]&amp#27;[0m No obsolete sessions have been detected (socket hang up)
&amp#27;[38;5;70m[ade9d096]&amp#27;[0m&amp#27;[38;5;229m[ADB]&amp#27;[0m Running 'C:\Users\sajus\AppData\Local\Android\Sdk\platform-tools\adb.exe -P 5037 -s CTLID18120801016 shell am force-stop io.appium.uiautomator2.server'
&amp#27;[38;5;194m[55708041]&amp#27;[0m&amp#27;[38;5;4m[AndroidUiautomator2Driver@808c]&amp#27;[0m Got response with status 200: {"sessionId":"5c8254f6-41c9-4eea-a5aa-85f671ef49e6","value":3}
&amp#27;[38;5;194m[55708041]&amp#27;[0m&amp#27;[38;5;4m[AndroidUiautomator2Driver@808c]&amp#27;[0m Got response with status 200: {"sessionId":"5c8254f6-41c9-4eea-a5aa-85f671ef49e6","value":{"height":2400,"width":1080}}
&amp#27;[38;5;194m[55708041]&amp#27;[0m&amp#27;[38;5;4m[AndroidUiautomator2Driver@808c]&amp#27;[0m Got response with status 200: {"sessionId":"5c8254f6-41c9-4eea-a5aa-85f671ef49e6","value":{"statusBar":80}}
&amp#27;[38;5;70m[ade9d096]&amp#27;[0m&amp#27;[38;5;229m[ADB]&amp#27;[0m Running 'C:\Users\sajus\AppData\Local\Android\Sdk\platform-tools\adb.exe -P 5037 -s CTLID18120801016 shell am force-stop io.appium.uiautomator2.server.test'
&amp#27;[38;5;194m[55708041]&amp#27;[0m&amp#27;[38;5;4m[AndroidUiautomator2Driver@808c]&amp#27;[0m Got response with status 200: {"sessionId":"5c8254f6-41c9-4eea-a5aa-85f671ef49e6","value":{"androidId":"f27012414286a658","apiVersion":"35","bluetooth":{"state":"ON"},"brand":"samsung","carrierName":"","displayDensity":480,"locale":"en_CA","manufacturer":"samsung","model":"SM-G991W","networks":[{"capabilities":{"SSID":null,"linkDownBandwidthKbps":282299,"linkUpstreamBandwidthKbps":1421,"networkCapabilities":"NET_CAPABILITY_NOT_METERED,NET_CAPABILITY_INTERNET,NET_CAPABILITY_NOT_RESTRICTED,NET_CAPABILITY_TRUSTED,NET_CAPABILITY_NOT_VPN,NET_CAPABILITY_VALIDATED,NET_CAPABILITY_NOT_ROAMING,NET_CAPABILITY_FOREGROUND,NET_CAPABILITY_NOT_CONGESTED,NET_CAPABILITY_NOT_SUSPENDED","signalStrength":-55,"transportTypes":"TRANSPORT_WIFI"},"detailedState":"CONNECTED","extraInfo":"","isAvailable":true,"isConnected":true,"isFailover":false,"isRoaming":false,"state":"CONNECTED","subtype":-1,"subtypeName":"","type":1,"typeName":"WIFI"}],"platformVersion":"15","realDisplaySize":"1080x2400","timeZone":"America/New_York"}}
&amp#27;[38;5;194m[55708041]&amp#27;[0m&amp#27;[38;5;4m[AndroidUiautomator2Driver@808c]&amp#27;[0m Screen already unlocked, doing nothing
&amp#27;[38;5;194m[55708041]&amp#27;[0m&amp#27;[38;5;4m[AndroidUiautomator2Driver@808c]&amp#27;[0m Starting 'com.androidsample.generalstore/com.androidsample.generalstore.SplashActivity' and waiting for 'com.androidsample.generalstore/com.androidsample.generalstore.SplashActivity'
&amp#27;[38;5;194m[55708041]&amp#27;[0m&amp#27;[38;5;229m[ADB]&amp#27;[0m Getting IDs of all 'com.androidsample.generalstore' processes
&amp#27;[38;5;194m[55708041]&amp#27;[0m&amp#27;[38;5;229m[ADB]&amp#27;[0m Running 'C:\Users\sajus\AppData\Local\Android\Sdk\platform-tools\adb.exe -P 5037 -s R3CRC00KHBT shell 'pgrep --help; echo $?''
&amp#27;[38;5;70m[ade9d096]&amp#27;[0m&amp#27;[38;5;-135m[AndroidUiautomator2Driver@2273]&amp#27;[0m Starting UIAutomator2 server 7.5.2
&amp#27;[38;5;70m[ade9d096]&amp#27;[0m&amp#27;[38;5;-135m[AndroidUiautomator2Driver@2273]&amp#27;[0m Using UIAutomator2 server from 'C:\Users\sajus\.appium\node_modules\appium-uiautomator2-driver\node_modules\appium-uiautomator2-server\apks\appium-uiautomator2-server-v7.5.2.apk' and test from 'C:\Users\sajus\.appium\node_modules\appium-uiautomator2-driver\node_modules\appium-uiautomator2-server\apks\appium-uiautomator2-server-debug-androidTest.apk'
&amp#27;[38;5;70m[ade9d096]&amp#27;[0m&amp#27;[38;5;-135m[AndroidUiautomator2Driver@2273]&amp#27;[0m Waiting up to 30000ms for UiAutomator2 to be online...
&amp#27;[38;5;70m[ade9d096]&amp#27;[0m&amp#27;[38;5;229m[ADB]&amp#27;[0m Creating ADB subprocess with args: ["-P","5037","-s","CTLID18120801016","shell","am","instrument","-w","-e","disableAnalytics","true","io.appium.uiautomator2.server.test/androidx.test.runner.AndroidJUnitRunner"]
&amp#27;[38;5;194m[55708041]&amp#27;[0m&amp#27;[38;5;229m[ADB]&amp#27;[0m Running 'C:\Users\sajus\AppData\Local\Android\Sdk\platform-tools\adb.exe -P 5037 -s R3CRC00KHBT shell pgrep -f \(\[\[:blank:\]\]\|\^\)com\.androidsample\.generalstore\(:\[a-zA-Z0-9_-\]\+\)\?\(\[\[:blank:\]\]\|\$\)'
&amp#27;[38;5;70m[ade9d096]&amp#27;[0m&amp#27;[38;5;-135m[AndroidUiautomator2Driver@2273]&amp#27;[0m Matched '/status' to command name 'getStatus'
&amp#27;[38;5;70m[ade9d096]&amp#27;[0m&amp#27;[38;5;-135m[AndroidUiautomator2Driver@2273]&amp#27;[0m Proxying [GET /status] to [GET http://127.0.0.1:8202/status] with no body
&amp#27;[38;5;70m[ade9d096]&amp#27;[0m&amp#27;[38;5;-135m[AndroidUiautomator2Driver@2273]&amp#27;[0m socket hang up
&amp#27;[38;5;194m[55708041]&amp#27;[0m&amp#27;[38;5;229m[ADB]&amp#27;[0m Running 'C:\Users\sajus\AppData\Local\Android\Sdk\platform-tools\adb.exe -P 5037 -s R3CRC00KHBT shell am start-activity -W -n com.androidsample.generalstore/com.androidsample.generalstore.SplashActivity -S -a android.intent.action.MAIN -c android.intent.category.LAUNCHER -f 0x10200000'
&amp#27;[38;5;194m[55708041]&amp#27;[0m&amp#27;[38;5;128m[AppiumDriver@ed41]&amp#27;[0m New AndroidUiautomator2Driver session created successfully, session 55708041-befe-44f6-a79b-60daa6ec8bfd added to master session list
&amp#27;[38;5;194m[55708041]&amp#27;[0m&amp#27;[38;5;128m[AppiumDriver@ed41]&amp#27;[0m Event 'newSessionStarted' logged at 1750222868642 (01:01:08 GMT-0400 (Eastern Daylight Saving Time))
&amp#27;[38;5;194m[55708041]&amp#27;[0m&amp#27;[38;5;4m[AndroidUiautomator2Driver@808c]&amp#27;[0m Cached the protocol value 'W3C' for the new session 55708041-befe-44f6-a79b-60daa6ec8bfd
&amp#27;[38;5;194m[55708041]&amp#27;[0m&amp#27;[38;5;4m[AndroidUiautomator2Driver@808c]&amp#27;[0m Responding to client with driver.createSession() result: {"capabilities":{"platformName":"ANDROID","appActivity":"com.androidsample.generalstore.SplashActivity","appPackage":"com.androidsample.generalstore","automationName":"UiAutomator2","deviceName":"R3CRC00KHBT","noReset":true,"platformVersion":"15","systemPort":8201,"udid":"R3CRC00KHBT","platform":"LINUX","webStorageEnabled":false,"takesScreenshot":true,"javascriptEnabled":true,"databaseEnabled":false,"networkConnectionEnabled":true,"locationContextEnabled":false,"warnings":{},"desired":{"platformName":"ANDROID","appActivity":"com.androidsample.generalstore.SplashActivity","appPackage":"com.androidsample.generalstore","automationName":"UiAutomator2","deviceName":"Samsung_Galaxy_S21","noReset":true,"platformVersion":"10.0","systemPort":8201,"udid":"R3CRC00KHBT"},"deviceUDID":"R3CRC00KHBT","pixelRatio":"3","statBarHeight":80,"viewportRect":{"left":0,"top":80,"width":1080,"height":2320},"deviceApiLevel":35,"deviceManufacturer":"samsung","deviceModel":"SM-G991W","deviceScreenSize":"1080x2400","deviceScreenDensit...
&amp#27;[38;5;194m[55708041]&amp#27;[0m&amp#27;[38;5;86m[HTTP]&amp#27;[0m &amp#27;[37m<-- POST /session &amp#27;[39m&amp#27;[32m200&amp#27;[39m &amp#27;[90m4267 ms - 1090&amp#27;[39m &amp#27;[90m&amp#27;[39m
&amp#27;[38;5;70m[ade9d096]&amp#27;[0m&amp#27;[38;5;-135m[AndroidUiautomator2Driver@2273]&amp#27;[0m Matched '/status' to command name 'getStatus'
&amp#27;[38;5;70m[ade9d096]&amp#27;[0m&amp#27;[38;5;-135m[AndroidUiautomator2Driver@2273]&amp#27;[0m Proxying [GET /status] to [GET http://127.0.0.1:8202/status] with no body
&amp#27;[38;5;70m[ade9d096]&amp#27;[0m&amp#27;[38;5;-135m[AndroidUiautomator2Driver@2273]&amp#27;[0m socket hang up
&amp#27;[38;5;70m[ade9d096]&amp#27;[0m&amp#27;[38;5;-135m[AndroidUiautomator2Driver@2273]&amp#27;[0m [Instrumentation] 
&amp#27;[38;5;70m[ade9d096]&amp#27;[0m&amp#27;[38;5;-135m[AndroidUiautomator2Driver@2273]&amp#27;[0m Matched '/status' to command name 'getStatus'
&amp#27;[38;5;70m[ade9d096]&amp#27;[0m&amp#27;[38;5;-135m[AndroidUiautomator2Driver@2273]&amp#27;[0m Proxying [GET /status] to [GET http://127.0.0.1:8202/status] with no body
&amp#27;[38;5;70m[ade9d096]&amp#27;[0m&amp#27;[38;5;-135m[AndroidUiautomator2Driver@2273]&amp#27;[0m Got response with status 200: {"sessionId":"None","value":{"message":"UiAutomator2 Server is ready to accept commands","ready":true}}
&amp#27;[38;5;70m[ade9d096]&amp#27;[0m&amp#27;[38;5;-135m[AndroidUiautomator2Driver@2273]&amp#27;[0m The initialization of the instrumentation process took 2217ms
&amp#27;[38;5;70m[ade9d096]&amp#27;[0m&amp#27;[38;5;-135m[AndroidUiautomator2Driver@2273]&amp#27;[0m Matched '/session' to command name 'createSession'
&amp#27;[38;5;70m[ade9d096]&amp#27;[0m&amp#27;[38;5;-135m[AndroidUiautomator2Driver@2273]&amp#27;[0m Proxying [POST /session] to [POST http://127.0.0.1:8202/session] with body: {"capabilities":{"firstMatch":[{"platformName":"ANDROID","appActivity":"com.androidsample.generalstore.SplashActivity","appPackage":"com.androidsample.generalstore","automationName":"UiAutomator2","deviceName":"CTLID18120801016","noReset":true,"platformVersion":"11.0","systemPort":8202,"udid":"CTLID18120801016","platform":"LINUX","webStorageEnabled":false,"takesScreenshot":true,"javascriptEnabled":true,"databaseEnabled":false,"networkConnectionEnabled":true,"locationContextEnabled":false,"warnings":{},"desired":{"platformName":"ANDROID","appActivity":"com.androidsample.generalstore.SplashActivity","appPackage":"com.androidsample.generalstore","automationName":"UiAutomator2","deviceName":"Nokia","noReset":true,"platformVersion":"11.0","systemPort":8202,"udid":"CTLID18120801016"},"deviceUDID":"CTLID18120801016"}],"alwaysMatch":{}}}
&amp#27;[38;5;70m[ade9d096]&amp#27;[0m&amp#27;[38;5;-135m[AndroidUiautomator2Driver@2273]&amp#27;[0m Got response with status 200: {"sessionId":"4722cfec-51bd-4f11-b655-5a48ac1f92c5","value":{"capabilities":{"firstMatch":[{"platformName":"ANDROID","appActivity":"com.androidsample.generalstore.SplashActivity","appPackage":"com.androidsample.generalstore","automationName":"UiAutomator2","deviceName":"CTLID18120801016","noReset":true,"platformVersion":"11.0","systemPort":8202,"udid":"CTLID18120801016","platform":"LINUX","webStorageEnabled":false,"takesScreenshot":true,"javascriptEnabled":true,"databaseEnabled":false,"networkConnectionEnabled":true,"locationContextEnabled":false,"warnings":{},"desired":{"platformName":"ANDROID","appActivity":"com.androidsample.generalstore.SplashActivity","appPackage":"com.androidsample.generalstore","automationName":"UiAutomator2","deviceName":"Nokia","noReset":true,"platformVersion":"11.0","systemPort":8202,"udid":"CTLID18120801016"},"deviceUDID":"CTLID18120801016"}],"alwaysMatch":{}},"sessionId":"4722cfec-51bd-4f11-b655-5a48ac1f92c5"}}
&amp#27;[38;5;70m[ade9d096]&amp#27;[0m&amp#27;[38;5;-135m[AndroidUiautomator2Driver@2273]&amp#27;[0m Determined the downstream protocol as 'W3C'
&amp#27;[38;5;70m[ade9d096]&amp#27;[0m&amp#27;[38;5;-135m[AndroidUiautomator2Driver@2273]&amp#27;[0m Proxying [GET /appium/device/pixel_ratio] to [GET http://127.0.0.1:8202/session/4722cfec-51bd-4f11-b655-5a48ac1f92c5/appium/device/pixel_ratio] with no body
&amp#27;[38;5;70m[ade9d096]&amp#27;[0m&amp#27;[38;5;-135m[AndroidUiautomator2Driver@2273]&amp#27;[0m Matched '/appium/device/system_bars' to command name 'getSystemBars'
&amp#27;[38;5;70m[ade9d096]&amp#27;[0m&amp#27;[38;5;-135m[AndroidUiautomator2Driver@2273]&amp#27;[0m Proxying [GET /appium/device/system_bars] to [GET http://127.0.0.1:8202/session/4722cfec-51bd-4f11-b655-5a48ac1f92c5/appium/device/system_bars] with no body
&amp#27;[38;5;70m[ade9d096]&amp#27;[0m&amp#27;[38;5;-135m[AndroidUiautomator2Driver@2273]&amp#27;[0m Matched '/window/current/size' to command name 'getWindowSize'
&amp#27;[38;5;70m[ade9d096]&amp#27;[0m&amp#27;[38;5;-135m[AndroidUiautomator2Driver@2273]&amp#27;[0m Proxying [GET /window/current/size] to [GET http://127.0.0.1:8202/session/4722cfec-51bd-4f11-b655-5a48ac1f92c5/window/current/size] with no body
&amp#27;[38;5;70m[ade9d096]&amp#27;[0m&amp#27;[38;5;-135m[AndroidUiautomator2Driver@2273]&amp#27;[0m Proxying [GET /appium/device/info] to [GET http://127.0.0.1:8202/session/4722cfec-51bd-4f11-b655-5a48ac1f92c5/appium/device/info] with no body
&amp#27;[38;5;70m[ade9d096]&amp#27;[0m&amp#27;[38;5;229m[ADB]&amp#27;[0m Running 'C:\Users\sajus\AppData\Local\Android\Sdk\platform-tools\adb.exe -P 5037 -s CTLID18120801016 shell dumpsys window'
&amp#27;[38;5;70m[ade9d096]&amp#27;[0m&amp#27;[38;5;229m[ADB]&amp#27;[0m Running 'C:\Users\sajus\AppData\Local\Android\Sdk\platform-tools\adb.exe -P 5037 -s CTLID18120801016 shell dumpsys power'
&amp#27;[38;5;70m[ade9d096]&amp#27;[0m&amp#27;[38;5;-135m[AndroidUiautomator2Driver@2273]&amp#27;[0m Got response with status 200: {"sessionId":"4722cfec-51bd-4f11-b655-5a48ac1f92c5","value":2.625}
&amp#27;[38;5;70m[ade9d096]&amp#27;[0m&amp#27;[38;5;-135m[AndroidUiautomator2Driver@2273]&amp#27;[0m Got response with status 200: {"sessionId":"4722cfec-51bd-4f11-b655-5a48ac1f92c5","value":{"height":2280,"width":1080}}
&amp#27;[38;5;70m[ade9d096]&amp#27;[0m&amp#27;[38;5;-135m[AndroidUiautomator2Driver@2273]&amp#27;[0m Got response with status 200: {"sessionId":"4722cfec-51bd-4f11-b655-5a48ac1f92c5","value":{"statusBar":89}}
&amp#27;[38;5;70m[ade9d096]&amp#27;[0m&amp#27;[38;5;-135m[AndroidUiautomator2Driver@2273]&amp#27;[0m Got response with status 200: {"sessionId":"4722cfec-51bd-4f11-b655-5a48ac1f92c5","value":{"androidId":"7be9e4e610cc4454","apiVersion":"29","bluetooth":{"state":"OFF"},"brand":"Nokia","carrierName":"","displayDensity":420,"locale":"en_IN","manufacturer":"HMD Global","model":"Nokia 7.1","networks":[{"capabilities":{"SSID":null,"linkDownBandwidthKbps":1048576,"linkUpstreamBandwidthKbps":1048576,"networkCapabilities":"NET_CAPABILITY_NOT_METERED,NET_CAPABILITY_INTERNET,NET_CAPABILITY_NOT_RESTRICTED,NET_CAPABILITY_TRUSTED,NET_CAPABILITY_NOT_VPN,NET_CAPABILITY_VALIDATED,NET_CAPABILITY_NOT_ROAMING,NET_CAPABILITY_FOREGROUND,NET_CAPABILITY_NOT_CONGESTED,NET_CAPABILITY_NOT_SUSPENDED","signalStrength":-55,"transportTypes":"TRANSPORT_WIFI"},"detailedState":"CONNECTED","extraInfo":null,"isAvailable":true,"isConnected":true,"isFailover":false,"isRoaming":false,"state":"CONNECTED","subtype":0,"subtypeName":"","type":1,"typeName":"WIFI"}],"platformVersion":"10","realDisplaySize":"1080x2280","timeZone":"America/Toronto"}}
&amp#27;[38;5;70m[ade9d096]&amp#27;[0m&amp#27;[38;5;-135m[AndroidUiautomator2Driver@2273]&amp#27;[0m Screen already unlocked, doing nothing
&amp#27;[38;5;70m[ade9d096]&amp#27;[0m&amp#27;[38;5;-135m[AndroidUiautomator2Driver@2273]&amp#27;[0m Starting 'com.androidsample.generalstore/com.androidsample.generalstore.SplashActivity' and waiting for 'com.androidsample.generalstore/com.androidsample.generalstore.SplashActivity'
&amp#27;[38;5;70m[ade9d096]&amp#27;[0m&amp#27;[38;5;229m[ADB]&amp#27;[0m Getting IDs of all 'com.androidsample.generalstore' processes
&amp#27;[38;5;70m[ade9d096]&amp#27;[0m&amp#27;[38;5;229m[ADB]&amp#27;[0m Running 'C:\Users\sajus\AppData\Local\Android\Sdk\platform-tools\adb.exe -P 5037 -s CTLID18120801016 shell 'pgrep --help; echo $?''
&amp#27;[38;5;70m[ade9d096]&amp#27;[0m&amp#27;[38;5;229m[ADB]&amp#27;[0m Running 'C:\Users\sajus\AppData\Local\Android\Sdk\platform-tools\adb.exe -P 5037 -s CTLID18120801016 shell pgrep -f \(\[\[:blank:\]\]\|\^\)com\.androidsample\.generalstore\(:\[a-zA-Z0-9_-\]\+\)\?\(\[\[:blank:\]\]\|\$\)'
&amp#27;[38;5;70m[ade9d096]&amp#27;[0m&amp#27;[38;5;229m[ADB]&amp#27;[0m Running 'C:\Users\sajus\AppData\Local\Android\Sdk\platform-tools\adb.exe -P 5037 -s CTLID18120801016 shell am start-activity -W -n com.androidsample.generalstore/com.androidsample.generalstore.SplashActivity -S -a android.intent.action.MAIN -c android.intent.category.LAUNCHER -f 0x10200000'
&amp#27;[38;5;70m[ade9d096]&amp#27;[0m&amp#27;[38;5;152m[AppiumDriver@0af1]&amp#27;[0m New AndroidUiautomator2Driver session created successfully, session ade9d096-5067-47c7-9c97-3fe91456d453 added to master session list
&amp#27;[38;5;70m[ade9d096]&amp#27;[0m&amp#27;[38;5;152m[AppiumDriver@0af1]&amp#27;[0m Event 'newSessionStarted' logged at 1750222871151 (01:01:11 GMT-0400 (Eastern Daylight Saving Time))
&amp#27;[38;5;70m[ade9d096]&amp#27;[0m&amp#27;[38;5;-135m[AndroidUiautomator2Driver@2273]&amp#27;[0m Cached the protocol value 'W3C' for the new session ade9d096-5067-47c7-9c97-3fe91456d453
&amp#27;[38;5;70m[ade9d096]&amp#27;[0m&amp#27;[38;5;-135m[AndroidUiautomator2Driver@2273]&amp#27;[0m Responding to client with driver.createSession() result: {"capabilities":{"platformName":"ANDROID","appActivity":"com.androidsample.generalstore.SplashActivity","appPackage":"com.androidsample.generalstore","automationName":"UiAutomator2","deviceName":"CTLID18120801016","noReset":true,"platformVersion":"10","systemPort":8202,"udid":"CTLID18120801016","platform":"LINUX","webStorageEnabled":false,"takesScreenshot":true,"javascriptEnabled":true,"databaseEnabled":false,"networkConnectionEnabled":true,"locationContextEnabled":false,"warnings":{},"desired":{"platformName":"ANDROID","appActivity":"com.androidsample.generalstore.SplashActivity","appPackage":"com.androidsample.generalstore","automationName":"UiAutomator2","deviceName":"Nokia","noReset":true,"platformVersion":"11.0","systemPort":8202,"udid":"CTLID18120801016"},"deviceUDID":"CTLID18120801016","pixelRatio":"2.625","statBarHeight":89,"viewportRect":{"left":0,"top":89,"width":1080,"height":2191},"deviceApiLevel":29,"deviceManufacturer":"HMD Global","deviceModel":"Nokia 7.1","deviceScreenSize":"1080x2280","dev...
&amp#27;[38;5;70m[ade9d096]&amp#27;[0m&amp#27;[38;5;86m[HTTP]&amp#27;[0m &amp#27;[37m<-- POST /session &amp#27;[39m&amp#27;[32m200&amp#27;[39m &amp#27;[90m5220 ms - 1105&amp#27;[39m &amp#27;[90m&amp#27;[39m
&amp#27;[38;5;194m[55708041]&amp#27;[0m&amp#27;[38;5;86m[HTTP]&amp#27;[0m &amp#27;[37m-->&amp#27;[39m &amp#27;[37mPOST&amp#27;[39m &amp#27;[37m/session/55708041-befe-44f6-a79b-60daa6ec8bfd/element&amp#27;[39m &amp#27;[90m{"using":"id","value":"com.androidsample.generalstore:id/nameField"}&amp#27;[39m
&amp#27;[38;5;194m[55708041]&amp#27;[0m&amp#27;[38;5;4m[AndroidUiautomator2Driver@808c]&amp#27;[0m Calling AppiumDriver.findElement() with args: ["id","com.androidsample.generalstore:id/nameField","55708041-befe-44f6-a79b-60daa6ec8bfd"]
&amp#27;[38;5;194m[55708041]&amp#27;[0m&amp#27;[38;5;4m[AndroidUiautomator2Driver@808c]&amp#27;[0m Valid locator strategies for this request: xpath, id, class name, accessibility id, css selector, -android uiautomator
&amp#27;[38;5;194m[55708041]&amp#27;[0m&amp#27;[38;5;4m[AndroidUiautomator2Driver@808c]&amp#27;[0m Waiting up to 0 ms for condition
&amp#27;[38;5;194m[55708041]&amp#27;[0m&amp#27;[38;5;4m[AndroidUiautomator2Driver@808c]&amp#27;[0m Matched '/element' to command name 'findElement'
&amp#27;[38;5;194m[55708041]&amp#27;[0m&amp#27;[38;5;4m[AndroidUiautomator2Driver@808c]&amp#27;[0m Proxying [POST /element] to [POST http://127.0.0.1:8201/session/5c8254f6-41c9-4eea-a5aa-85f671ef49e6/element] with body: {"strategy":"id","selector":"com.androidsample.generalstore:id/nameField","context":"","multiple":false}
&amp#27;[38;5;194m[55708041]&amp#27;[0m&amp#27;[38;5;4m[AndroidUiautomator2Driver@808c]&amp#27;[0m Got response with status 200: {"sessionId":"5c8254f6-41c9-4eea-a5aa-85f671ef49e6","value":{"ELEMENT":"00000000-0000-11fe-ffff-ffff0000001c","element-6066-11e4-a52e-4f735466cecf":"00000000-0000-11fe-ffff-ffff0000001c"}}
&amp#27;[38;5;194m[55708041]&amp#27;[0m&amp#27;[38;5;4m[AndroidUiautomator2Driver@808c]&amp#27;[0m Responding to client with driver.findElement() result: {"element-6066-11e4-a52e-4f735466cecf":"00000000-0000-11fe-ffff-ffff0000001c","ELEMENT":"00000000-0000-11fe-ffff-ffff0000001c"}
&amp#27;[38;5;194m[55708041]&amp#27;[0m&amp#27;[38;5;86m[HTTP]&amp#27;[0m &amp#27;[37m<-- POST /session/55708041-befe-44f6-a79b-60daa6ec8bfd/element &amp#27;[39m&amp#27;[32m200&amp#27;[39m &amp#27;[90m72 ms - 137&amp#27;[39m &amp#27;[90m&amp#27;[39m
&amp#27;[38;5;194m[55708041]&amp#27;[0m&amp#27;[38;5;86m[HTTP]&amp#27;[0m &amp#27;[37m-->&amp#27;[39m &amp#27;[37mPOST&amp#27;[39m &amp#27;[37m/session/55708041-befe-44f6-a79b-60daa6ec8bfd/element/00000000-0000-11fe-ffff-ffff0000001c/value&amp#27;[39m &amp#27;[90m{"id":"00000000-0000-11fe-ffff-ffff0000001c","text":"gogan","value":["g","o","g","a","n"]}&amp#27;[39m
&amp#27;[38;5;194m[55708041]&amp#27;[0m&amp#27;[38;5;4m[AndroidUiautomator2Driver@808c]&amp#27;[0m Calling AppiumDriver.setValue() with args: [["g","o","g","a","n"],"00000000-0000-11fe-ffff-ffff0000001c","55708041-befe-44f6-a79b-60daa6ec8bfd"]
&amp#27;[38;5;194m[55708041]&amp#27;[0m&amp#27;[38;5;4m[AndroidUiautomator2Driver@808c]&amp#27;[0m Matched '/element/00000000-0000-11fe-ffff-ffff0000001c/value' to command name 'setValue'
&amp#27;[38;5;194m[55708041]&amp#27;[0m&amp#27;[38;5;4m[AndroidUiautomator2Driver@808c]&amp#27;[0m Added 'value' property ["g","o","g","a","n"] to 'setValue' request body
&amp#27;[38;5;194m[55708041]&amp#27;[0m&amp#27;[38;5;4m[AndroidUiautomator2Driver@808c]&amp#27;[0m Proxying [POST /element/00000000-0000-11fe-ffff-ffff0000001c/value] to [POST http://127.0.0.1:8201/session/5c8254f6-41c9-4eea-a5aa-85f671ef49e6/element/00000000-0000-11fe-ffff-ffff0000001c/value] with body: {"elementId":"00000000-0000-11fe-ffff-ffff0000001c","text":"gogan","replace":false,"value":["g","o","g","a","n"]}
&amp#27;[38;5;194m[55708041]&amp#27;[0m&amp#27;[38;5;4m[AndroidUiautomator2Driver@808c]&amp#27;[0m Got response with status 200: {"sessionId":"5c8254f6-41c9-4eea-a5aa-85f671ef49e6","value":null}
&amp#27;[38;5;194m[55708041]&amp#27;[0m&amp#27;[38;5;4m[AndroidUiautomator2Driver@808c]&amp#27;[0m Responding to client with driver.setValue() result: null
&amp#27;[38;5;194m[55708041]&amp#27;[0m&amp#27;[38;5;86m[HTTP]&amp#27;[0m &amp#27;[37m<-- POST /session/55708041-befe-44f6-a79b-60daa6ec8bfd/element/00000000-0000-11fe-ffff-ffff0000001c/value &amp#27;[39m&amp#27;[32m200&amp#27;[39m &amp#27;[90m578 ms - 14&amp#27;[39m &amp#27;[90m&amp#27;[39m
&amp#27;[38;5;194m[55708041]&amp#27;[0m&amp#27;[38;5;86m[HTTP]&amp#27;[0m &amp#27;[37m-->&amp#27;[39m &amp#27;[37mGET&amp#27;[39m &amp#27;[37m/session/55708041-befe-44f6-a79b-60daa6ec8bfd/screenshot&amp#27;[39m &amp#27;[90m{}&amp#27;[39m
&amp#27;[38;5;194m[55708041]&amp#27;[0m&amp#27;[38;5;4m[AndroidUiautomator2Driver@808c]&amp#27;[0m Calling AppiumDriver.getScreenshot() with args: ["55708041-befe-44f6-a79b-60daa6ec8bfd"]
&amp#27;[38;5;194m[55708041]&amp#27;[0m&amp#27;[38;5;4m[AndroidUiautomator2Driver@808c]&amp#27;[0m Matched '/screenshot' to command name 'getScreenshot'
&amp#27;[38;5;194m[55708041]&amp#27;[0m&amp#27;[38;5;4m[AndroidUiautomator2Driver@808c]&amp#27;[0m Proxying [GET /screenshot] to [GET http://127.0.0.1:8201/session/5c8254f6-41c9-4eea-a5aa-85f671ef49e6/screenshot] with no body
&amp#27;[38;5;194m[55708041]&amp#27;[0m&amp#27;[38;5;4m[AndroidUiautomator2Driver@808c]&amp#27;[0m Got response with status 200: {"sessionId":"5c8254f6-41c9-4eea-a5aa-85f671ef49e6","value":"iVBORw0KGgoAAAANSUhEUgAABDgAAAlgCAYAAABtGofVAAAAAXNSR0IArs4c6QAAAARzQklUCAgICHwIZIgAACAASURBVHic7N13nFx1vf/x9zlnyva+KZveG4EUQgKE0IOUUKSICngpCiIW1Ou9Xv1d0QvXBteKDSyo9E6QEkCQgEkgAUJI7z2bbLa3mTnl90ey65Y5s73M5vX04UMz3zPf852TOTw47/l+P18jd911ngAAAAAAAJKY2dcDAAAAAAAA6CoCDgAAAAAAkPQIOAAAAAAAQNIj4AAAAAAAAEmPgAMAAAAAACQ9Ag4AAAAAAJD0CDgAAAAAAEDSI+AAAAAAAABJj4ADAAAAAAAkPQIOAAAAAACQ9Ag4AAAAAABA0iPgAAAAAAAASY+AAwAAAAAAJD0CDgAAAAAAkPQIOAAAAAAAQNIj4AAAAAAAAEmPgAMAAAAAACQ9Ag4AAAAAAJD0CDgAAAAAAEDSI+AAAAAAAABJj4ADAAAAAAAkPQIOAAAAAACQ9Ag4AAAAAABA0iPgAAAAAAAASY+AAwAAAAAAJD0CDgAAAAAAkPQIOAAAAAAAQNIj4AAAAAAAAEmPgAMAAAAAACS9QF8PAAAAAACA/sSQoYJApualTtTU8HAVBfM0NJCrIYEcpZrhXhlDnRvRfrtMB+xy7YuVal1kj5bXbVKJXSVPXq+MIdkQcAAAAAAAjmmGDKWbYY0ODdLCjBN0WtoUTQ0PV8Dow0dmK0PDgvnNXrI9W2sju7W0Zr2WVK/Wjtgh1boRAo+jjNx113ElAAAAAADHHEOGMs0UTQwX6cLM2bok6yRlm2l9Pax2KXOq9XTlCi2pXq2Nkb2qcuuP+aCDgAMAAAAAcMwxZWhksEAfz56nCzNma2SoQGaSlal05WpXtER/q16lJyqWaXfs8DEdchBwAAAAAACOOdPCI3Rb/vk6LW1Kr9XV6Cl1...
&amp#27;[38;5;194m[55708041]&amp#27;[0m&amp#27;[38;5;4m[AndroidUiautomator2Driver@808c]&amp#27;[0m Responding to client with driver.getScreenshot() result: "iVBORw0KGgoAAAANSUhEUgAABDgAAAlgCAYAAABtGofVAAAAAXNSR0IArs4c6QAAAARzQklUCAgICHwIZIgAACAASURBVHic7N13nFx1vf/x9zlnyva+KZveG4EUQgKE0IOUUKSICngpCiIW1Ou9Xv1d0QvXBteKDSyo9E6QEkCQgEkgAUJI7z2bbLa3mTnl90ey65Y5s73M5vX04UMz3zPf852TOTw47/l+P18jd911ngAAAAAAAJKY2dcDAAAAAAAA6CoCDgAAAAAAkPQIOAAAAAAAQNIj4AAAAAAAAEmPgAMAAAAAACQ9Ag4AAAAAAJD0CDgAAAAAAEDSI+AAAAAAAABJj4ADAAAAAAAkPQIOAAAAAACQ9Ag4AAAAAABA0iPgAAAAAAAASY+AAwAAAAAAJD0CDgAAAAAAkPQIOAAAAAAAQNIj4AAAAAAAAEmPgAMAAAAAACQ9Ag4AAAAAAJD0CDgAAAAAAEDSI+AAAAAAAABJj4ADAAAAAAAkPQIOAAAAAACQ9Ag4AAAAAABA0iPgAAAAAAAASY+AAwAAAAAAJD0CDgAAAAAAkPQIOAAAAAAAQNIj4AAAAAAAAEmPgAMAAAAAACS9QF8PAAAAAACA/sSQoYJApualTtTU8HAVBfM0NJCrIYEcpZrhXhlDnRvRfrtMB+xy7YuVal1kj5bXbVKJXSVPXq+MIdkQcAAAAAAAjmmGDKWbYY0ODdLCjBN0WtoUTQ0PV8Dow0dmK0PDgvnNXrI9W2sju7W0Zr2WVK/Wjtgh1boRAo+jjNx113ElAAAAAADHHEOGMs0UTQwX6cLM2bok6yRlm2l9Pax2KXOq9XTlCi2pXq2Nkb2qcuuP+aCDgAMAAAAAcMwxZWhksEAfz56nCzNma2SoQGaSlal05WpXtER/q16lJyqWaXfs8DEdchBwAAAAAACOOdPCI3Rb/vk6LW1Kr9XV6Cl1bkSv16zVL0tf1MbI3r4eTp+hBgcAAAAA9DPjQkM0PWWkCq0sSVLUs3XYqVKx...
&amp#27;[38;5;194m[55708041]&amp#27;[0m&amp#27;[38;5;86m[HTTP]&amp#27;[0m &amp#27;[37m<-- GET /session/55708041-befe-44f6-a79b-60daa6ec8bfd/screenshot &amp#27;[39m&amp#27;[32m200&amp#27;[39m &amp#27;[90m606 ms - 683572&amp#27;[39m &amp#27;[90m&amp#27;[39m
&amp#27;[38;5;194m[55708041]&amp#27;[0m&amp#27;[38;5;86m[HTTP]&amp#27;[0m &amp#27;[37m-->&amp#27;[39m &amp#27;[37mPOST&amp#27;[39m &amp#27;[37m/session/55708041-befe-44f6-a79b-60daa6ec8bfd/execute/sync&amp#27;[39m &amp#27;[90m{"script":"mobile: hideKeyboard","args":[]}&amp#27;[39m
&amp#27;[38;5;194m[55708041]&amp#27;[0m&amp#27;[38;5;4m[AndroidUiautomator2Driver@808c]&amp#27;[0m Calling AppiumDriver.execute() with args: ["mobile: hideKeyboard",[],"55708041-befe-44f6-a79b-60daa6ec8bfd"]
&amp#27;[38;5;194m[55708041]&amp#27;[0m&amp#27;[38;5;229m[ADB]&amp#27;[0m Running 'C:\Users\sajus\AppData\Local\Android\Sdk\platform-tools\adb.exe -P 5037 -s R3CRC00KHBT shell dumpsys input_method'
&amp#27;[38;5;194m[55708041]&amp#27;[0m&amp#27;[38;5;229m[ADB]&amp#27;[0m Keyboard has no UI; no closing necessary
&amp#27;[38;5;194m[55708041]&amp#27;[0m&amp#27;[38;5;4m[AndroidUiautomator2Driver@808c]&amp#27;[0m Responding to client with driver.execute() result: false
&amp#27;[38;5;194m[55708041]&amp#27;[0m&amp#27;[38;5;86m[HTTP]&amp#27;[0m &amp#27;[37m<-- POST /session/55708041-befe-44f6-a79b-60daa6ec8bfd/execute/sync &amp#27;[39m&amp#27;[32m200&amp#27;[39m &amp#27;[90m197 ms - 15&amp#27;[39m &amp#27;[90m&amp#27;[39m
&amp#27;[38;5;194m[55708041]&amp#27;[0m&amp#27;[38;5;86m[HTTP]&amp#27;[0m &amp#27;[37m-->&amp#27;[39m &amp#27;[37mPOST&amp#27;[39m &amp#27;[37m/session/55708041-befe-44f6-a79b-60daa6ec8bfd/element&amp#27;[39m &amp#27;[90m{"using":"id","value":"com.androidsample.generalstore:id/radioMale"}&amp#27;[39m
&amp#27;[38;5;194m[55708041]&amp#27;[0m&amp#27;[38;5;4m[AndroidUiautomator2Driver@808c]&amp#27;[0m Calling AppiumDriver.findElement() with args: ["id","com.androidsample.generalstore:id/radioMale","55708041-befe-44f6-a79b-60daa6ec8bfd"]
&amp#27;[38;5;194m[55708041]&amp#27;[0m&amp#27;[38;5;4m[AndroidUiautomator2Driver@808c]&amp#27;[0m Valid locator strategies for this request: xpath, id, class name, accessibility id, css selector, -android uiautomator
&amp#27;[38;5;194m[55708041]&amp#27;[0m&amp#27;[38;5;4m[AndroidUiautomator2Driver@808c]&amp#27;[0m Waiting up to 0 ms for condition
&amp#27;[38;5;194m[55708041]&amp#27;[0m&amp#27;[38;5;4m[AndroidUiautomator2Driver@808c]&amp#27;[0m Matched '/element' to command name 'findElement'
&amp#27;[38;5;194m[55708041]&amp#27;[0m&amp#27;[38;5;4m[AndroidUiautomator2Driver@808c]&amp#27;[0m Proxying [POST /element] to [POST http://127.0.0.1:8201/session/5c8254f6-41c9-4eea-a5aa-85f671ef49e6/element] with body: {"strategy":"id","selector":"com.androidsample.generalstore:id/radioMale","context":"","multiple":false}
&amp#27;[38;5;194m[55708041]&amp#27;[0m&amp#27;[38;5;4m[AndroidUiautomator2Driver@808c]&amp#27;[0m Got response with status 200: {"sessionId":"5c8254f6-41c9-4eea-a5aa-85f671ef49e6","value":{"ELEMENT":"00000000-0000-11fe-ffff-ffff0000001f","element-6066-11e4-a52e-4f735466cecf":"00000000-0000-11fe-ffff-ffff0000001f"}}
&amp#27;[38;5;194m[55708041]&amp#27;[0m&amp#27;[38;5;4m[AndroidUiautomator2Driver@808c]&amp#27;[0m Responding to client with driver.findElement() result: {"element-6066-11e4-a52e-4f735466cecf":"00000000-0000-11fe-ffff-ffff0000001f","ELEMENT":"00000000-0000-11fe-ffff-ffff0000001f"}
&amp#27;[38;5;194m[55708041]&amp#27;[0m&amp#27;[38;5;86m[HTTP]&amp#27;[0m &amp#27;[37m<-- POST /session/55708041-befe-44f6-a79b-60daa6ec8bfd/element &amp#27;[39m&amp#27;[32m200&amp#27;[39m &amp#27;[90m40 ms - 137&amp#27;[39m &amp#27;[90m&amp#27;[39m
&amp#27;[38;5;194m[55708041]&amp#27;[0m&amp#27;[38;5;86m[HTTP]&amp#27;[0m &amp#27;[37m-->&amp#27;[39m &amp#27;[37mPOST&amp#27;[39m &amp#27;[37m/session/55708041-befe-44f6-a79b-60daa6ec8bfd/element/00000000-0000-11fe-ffff-ffff0000001f/click&amp#27;[39m &amp#27;[90m{"id":"00000000-0000-11fe-ffff-ffff0000001f"}&amp#27;[39m
&amp#27;[38;5;194m[55708041]&amp#27;[0m&amp#27;[38;5;4m[AndroidUiautomator2Driver@808c]&amp#27;[0m Calling AppiumDriver.click() with args: ["00000000-0000-11fe-ffff-ffff0000001f","55708041-befe-44f6-a79b-60daa6ec8bfd"]
&amp#27;[38;5;194m[55708041]&amp#27;[0m&amp#27;[38;5;4m[AndroidUiautomator2Driver@808c]&amp#27;[0m Matched '/element/00000000-0000-11fe-ffff-ffff0000001f/click' to command name 'click'
&amp#27;[38;5;194m[55708041]&amp#27;[0m&amp#27;[38;5;4m[AndroidUiautomator2Driver@808c]&amp#27;[0m Proxying [POST /element/00000000-0000-11fe-ffff-ffff0000001f/click] to [POST http://127.0.0.1:8201/session/5c8254f6-41c9-4eea-a5aa-85f671ef49e6/element/00000000-0000-11fe-ffff-ffff0000001f/click] with body: {"element":"00000000-0000-11fe-ffff-ffff0000001f"}
&amp#27;[38;5;194m[55708041]&amp#27;[0m&amp#27;[38;5;4m[AndroidUiautomator2Driver@808c]&amp#27;[0m Got response with status 200: {"sessionId":"5c8254f6-41c9-4eea-a5aa-85f671ef49e6","value":null}
&amp#27;[38;5;194m[55708041]&amp#27;[0m&amp#27;[38;5;4m[AndroidUiautomator2Driver@808c]&amp#27;[0m Responding to client with driver.click() result: null
&amp#27;[38;5;194m[55708041]&amp#27;[0m&amp#27;[38;5;86m[HTTP]&amp#27;[0m &amp#27;[37m<-- POST /session/55708041-befe-44f6-a79b-60daa6ec8bfd/element/00000000-0000-11fe-ffff-ffff0000001f/click &amp#27;[39m&amp#27;[32m200&amp#27;[39m &amp#27;[90m579 ms - 14&amp#27;[39m &amp#27;[90m&amp#27;[39m
&amp#27;[38;5;194m[55708041]&amp#27;[0m&amp#27;[38;5;86m[HTTP]&amp#27;[0m &amp#27;[37m-->&amp#27;[39m &amp#27;[37mGET&amp#27;[39m &amp#27;[37m/session/55708041-befe-44f6-a79b-60daa6ec8bfd/screenshot&amp#27;[39m &amp#27;[90m{}&amp#27;[39m
&amp#27;[38;5;194m[55708041]&amp#27;[0m&amp#27;[38;5;4m[AndroidUiautomator2Driver@808c]&amp#27;[0m Calling AppiumDriver.getScreenshot() with args: ["55708041-befe-44f6-a79b-60daa6ec8bfd"]
&amp#27;[38;5;194m[55708041]&amp#27;[0m&amp#27;[38;5;4m[AndroidUiautomator2Driver@808c]&amp#27;[0m Matched '/screenshot' to command name 'getScreenshot'
&amp#27;[38;5;194m[55708041]&amp#27;[0m&amp#27;[38;5;4m[AndroidUiautomator2Driver@808c]&amp#27;[0m Proxying [GET /screenshot] to [GET http://127.0.0.1:8201/session/5c8254f6-41c9-4eea-a5aa-85f671ef49e6/screenshot] with no body
&amp#27;[38;5;70m[ade9d096]&amp#27;[0m&amp#27;[38;5;86m[HTTP]&amp#27;[0m &amp#27;[37m-->&amp#27;[39m &amp#27;[37mPOST&amp#27;[39m &amp#27;[37m/session/ade9d096-5067-47c7-9c97-3fe91456d453/element&amp#27;[39m &amp#27;[90m{"using":"id","value":"com.androidsample.generalstore:id/nameField"}&amp#27;[39m
&amp#27;[38;5;70m[ade9d096]&amp#27;[0m&amp#27;[38;5;-135m[AndroidUiautomator2Driver@2273]&amp#27;[0m Calling AppiumDriver.findElement() with args: ["id","com.androidsample.generalstore:id/nameField","ade9d096-5067-47c7-9c97-3fe91456d453"]
&amp#27;[38;5;70m[ade9d096]&amp#27;[0m&amp#27;[38;5;-135m[AndroidUiautomator2Driver@2273]&amp#27;[0m Valid locator strategies for this request: xpath, id, class name, accessibility id, css selector, -android uiautomator
&amp#27;[38;5;70m[ade9d096]&amp#27;[0m&amp#27;[38;5;-135m[AndroidUiautomator2Driver@2273]&amp#27;[0m Waiting up to 0 ms for condition
&amp#27;[38;5;70m[ade9d096]&amp#27;[0m&amp#27;[38;5;-135m[AndroidUiautomator2Driver@2273]&amp#27;[0m Matched '/element' to command name 'findElement'
&amp#27;[38;5;70m[ade9d096]&amp#27;[0m&amp#27;[38;5;-135m[AndroidUiautomator2Driver@2273]&amp#27;[0m Proxying [POST /element] to [POST http://127.0.0.1:8202/session/4722cfec-51bd-4f11-b655-5a48ac1f92c5/element] with body: {"strategy":"id","selector":"com.androidsample.generalstore:id/nameField","context":"","multiple":false}
&amp#27;[38;5;70m[ade9d096]&amp#27;[0m&amp#27;[38;5;-135m[AndroidUiautomator2Driver@2273]&amp#27;[0m Got response with status 200: {"sessionId":"4722cfec-51bd-4f11-b655-5a48ac1f92c5","value":{"ELEMENT":"00000000-0000-06b2-ffff-ffff0000001c","element-6066-11e4-a52e-4f735466cecf":"00000000-0000-06b2-ffff-ffff0000001c"}}
&amp#27;[38;5;70m[ade9d096]&amp#27;[0m&amp#27;[38;5;-135m[AndroidUiautomator2Driver@2273]&amp#27;[0m Responding to client with driver.findElement() result: {"element-6066-11e4-a52e-4f735466cecf":"00000000-0000-06b2-ffff-ffff0000001c","ELEMENT":"00000000-0000-06b2-ffff-ffff0000001c"}
&amp#27;[38;5;70m[ade9d096]&amp#27;[0m&amp#27;[38;5;86m[HTTP]&amp#27;[0m &amp#27;[37m<-- POST /session/ade9d096-5067-47c7-9c97-3fe91456d453/element &amp#27;[39m&amp#27;[32m200&amp#27;[39m &amp#27;[90m76 ms - 137&amp#27;[39m &amp#27;[90m&amp#27;[39m
&amp#27;[38;5;70m[ade9d096]&amp#27;[0m&amp#27;[38;5;86m[HTTP]&amp#27;[0m &amp#27;[37m-->&amp#27;[39m &amp#27;[37mPOST&amp#27;[39m &amp#27;[37m/session/ade9d096-5067-47c7-9c97-3fe91456d453/element/00000000-0000-06b2-ffff-ffff0000001c/value&amp#27;[39m &amp#27;[90m{"id":"00000000-0000-06b2-ffff-ffff0000001c","text":"danny","value":["d","a","n","n","y"]}&amp#27;[39m
&amp#27;[38;5;70m[ade9d096]&amp#27;[0m&amp#27;[38;5;-135m[AndroidUiautomator2Driver@2273]&amp#27;[0m Calling AppiumDriver.setValue() with args: [["d","a","n","n","y"],"00000000-0000-06b2-ffff-ffff0000001c","ade9d096-5067-47c7-9c97-3fe91456d453"]
&amp#27;[38;5;70m[ade9d096]&amp#27;[0m&amp#27;[38;5;-135m[AndroidUiautomator2Driver@2273]&amp#27;[0m Matched '/element/00000000-0000-06b2-ffff-ffff0000001c/value' to command name 'setValue'
&amp#27;[38;5;70m[ade9d096]&amp#27;[0m&amp#27;[38;5;-135m[AndroidUiautomator2Driver@2273]&amp#27;[0m Added 'value' property ["d","a","n","n","y"] to 'setValue' request body
&amp#27;[38;5;70m[ade9d096]&amp#27;[0m&amp#27;[38;5;-135m[AndroidUiautomator2Driver@2273]&amp#27;[0m Proxying [POST /element/00000000-0000-06b2-ffff-ffff0000001c/value] to [POST http://127.0.0.1:8202/session/4722cfec-51bd-4f11-b655-5a48ac1f92c5/element/00000000-0000-06b2-ffff-ffff0000001c/value] with body: {"elementId":"00000000-0000-06b2-ffff-ffff0000001c","text":"danny","replace":false,"value":["d","a","n","n","y"]}
&amp#27;[38;5;194m[55708041]&amp#27;[0m&amp#27;[38;5;4m[AndroidUiautomator2Driver@808c]&amp#27;[0m Got response with status 200: {"sessionId":"5c8254f6-41c9-4eea-a5aa-85f671ef49e6","value":"iVBORw0KGgoAAAANSUhEUgAABDgAAAlgCAYAAABtGofVAAAAAXNSR0IArs4c6QAAAARzQklUCAgICHwIZIgAACAASURBVHic7N13nFx1vf/x9zlnyva+KZveG4EUQgKE0IOUUKSICngpCiIW1Ou9Xv1d0QvXBteKDSyo9E6QEkCQgEkgAUJI7z2bbLa3mTnl90ey65Y5s73M5vX04UMz3zPf852TOTw47/l+P18jd911ngAAAAAAAJKY2dcDAAAAAAAA6CoCDgAAAAAAkPQIOAAAAAAAQNIj4AAAAAAAAEmPgAMAAAAAACQ9Ag4AAAAAAJD0CDgAAAAAAEDSI+AAAAAAAABJj4ADAAAAAAAkPQIOAAAAAACQ9Ag4AAAAAABA0iPgAAAAAAAASY+AAwAAAAAAJD0CDgAAAAAAkPQIOAAAAAAAQNIj4AAAAAAAAEmPgAMAAAAAACQ9Ag4AAAAAAJD0CDgAAAAAAEDSI+AAAAAAAABJj4ADAAAAAAAkPQIOAAAAAACQ9Ag4AAAAAABA0iPgAAAAAAAASY+AAwAAAAAAJD0CDgAAAAAAkPQIOAAAAAAAQNIj4AAAAAAAAEmPgAMAAAAAACS9QF8PAAAAAACA/sSQoYJApualTtTU8HAVBfM0NJCrIYEcpZrhXhlDnRvRfrtMB+xy7YuVal1kj5bXbVKJXSVPXq+MIdkQcAAAAAAAjmmGDKWbYY0ODdLCjBN0WtoUTQ0PV8Dow0dmK0PDgvnNXrI9W2sju7W0Zr2WVK/Wjtgh1boRAo+jjNx113ElAAAAAADHHEOGMs0UTQwX6cLM2bok6yRlm2l9Pax2KXOq9XTlCi2pXq2Nkb2qcuuP+aCDgAMAAAAAcMwxZWhksEAfz56nCzNma2SoQGaSlal05WpXtER/q16lJyqWaXfs8DEdchBwAAAAAACOOdPCI3Rb/vk6LW1Kr9XV6Cl1...
&amp#27;[38;5;194m[55708041]&amp#27;[0m&amp#27;[38;5;4m[AndroidUiautomator2Driver@808c]&amp#27;[0m Responding to client with driver.getScreenshot() result: "iVBORw0KGgoAAAANSUhEUgAABDgAAAlgCAYAAABtGofVAAAAAXNSR0IArs4c6QAAAARzQklUCAgICHwIZIgAACAASURBVHic7N13nFx1vf/x9zlnyva+KZveG4EUQgKE0IOUUKSICngpCiIW1Ou9Xv1d0QvXBteKDSyo9E6QEkCQgEkgAUJI7z2bbLa3mTnl90ey65Y5s73M5vX04UMz3zPf852TOTw47/l+P18jd911ngAAAAAAAJKY2dcDAAAAAAAA6CoCDgAAAAAAkPQIOAAAAAAAQNIj4AAAAAAAAEmPgAMAAAAAACQ9Ag4AAAAAAJD0CDgAAAAAAEDSI+AAAAAAAABJj4ADAAAAAAAkPQIOAAAAAACQ9Ag4AAAAAABA0iPgAAAAAAAASY+AAwAAAAAAJD0CDgAAAAAAkPQIOAAAAAAAQNIj4AAAAAAAAEmPgAMAAAAAACQ9Ag4AAAAAAJD0CDgAAAAAAEDSI+AAAAAAAABJj4ADAAAAAAAkPQIOAAAAAACQ9Ag4AAAAAABA0iPgAAAAAAAASY+AAwAAAAAAJD0CDgAAAAAAkPQIOAAAAAAAQNIj4AAAAAAAAEmPgAMAAAAAACS9QF8PAAAAAACA/sSQoYJApualTtTU8HAVBfM0NJCrIYEcpZrhXhlDnRvRfrtMB+xy7YuVal1kj5bXbVKJXSVPXq+MIdkQcAAAAAAAjmmGDKWbYY0ODdLCjBN0WtoUTQ0PV8Dow0dmK0PDgvnNXrI9W2sju7W0Zr2WVK/Wjtgh1boRAo+jjNx113ElAAAAAADHHEOGMs0UTQwX6cLM2bok6yRlm2l9Pax2KXOq9XTlCi2pXq2Nkb2qcuuP+aCDgAMAAAAAcMwxZWhksEAfz56nCzNma2SoQGaSlal05WpXtER/q16lJyqWaXfs8DEdchBwAAAAAACOOdPCI3Rb/vk6LW1Kr9XV6Cl1bkSv16zVL0tf1MbI3r4eTp+hBgcAAAAA9DPjQkM0PWWkCq0sSVLUs3XYqVKx...
&amp#27;[38;5;194m[55708041]&amp#27;[0m&amp#27;[38;5;86m[HTTP]&amp#27;[0m &amp#27;[37m<-- GET /session/55708041-befe-44f6-a79b-60daa6ec8bfd/screenshot &amp#27;[39m&amp#27;[32m200&amp#27;[39m &amp#27;[90m561 ms - 683572&amp#27;[39m &amp#27;[90m&amp#27;[39m
&amp#27;[38;5;194m[55708041]&amp#27;[0m&amp#27;[38;5;86m[HTTP]&amp#27;[0m &amp#27;[37m-->&amp#27;[39m &amp#27;[37mPOST&amp#27;[39m &amp#27;[37m/session/55708041-befe-44f6-a79b-60daa6ec8bfd/element&amp#27;[39m &amp#27;[90m{"using":"id","value":"android:id/text1"}&amp#27;[39m
&amp#27;[38;5;194m[55708041]&amp#27;[0m&amp#27;[38;5;4m[AndroidUiautomator2Driver@808c]&amp#27;[0m Calling AppiumDriver.findElement() with args: ["id","android:id/text1","55708041-befe-44f6-a79b-60daa6ec8bfd"]
&amp#27;[38;5;194m[55708041]&amp#27;[0m&amp#27;[38;5;4m[AndroidUiautomator2Driver@808c]&amp#27;[0m Valid locator strategies for this request: xpath, id, class name, accessibility id, css selector, -android uiautomator
&amp#27;[38;5;194m[55708041]&amp#27;[0m&amp#27;[38;5;4m[AndroidUiautomator2Driver@808c]&amp#27;[0m Waiting up to 0 ms for condition
&amp#27;[38;5;194m[55708041]&amp#27;[0m&amp#27;[38;5;4m[AndroidUiautomator2Driver@808c]&amp#27;[0m Matched '/element' to command name 'findElement'
&amp#27;[38;5;194m[55708041]&amp#27;[0m&amp#27;[38;5;4m[AndroidUiautomator2Driver@808c]&amp#27;[0m Proxying [POST /element] to [POST http://127.0.0.1:8201/session/5c8254f6-41c9-4eea-a5aa-85f671ef49e6/element] with body: {"strategy":"id","selector":"android:id/text1","context":"","multiple":false}
&amp#27;[38;5;194m[55708041]&amp#27;[0m&amp#27;[38;5;4m[AndroidUiautomator2Driver@808c]&amp#27;[0m Got response with status 200: {"sessionId":"5c8254f6-41c9-4eea-a5aa-85f671ef49e6","value":{"ELEMENT":"00000000-0000-11fe-ffff-ffff00000024","element-6066-11e4-a52e-4f735466cecf":"00000000-0000-11fe-ffff-ffff00000024"}}
&amp#27;[38;5;194m[55708041]&amp#27;[0m&amp#27;[38;5;4m[AndroidUiautomator2Driver@808c]&amp#27;[0m Responding to client with driver.findElement() result: {"element-6066-11e4-a52e-4f735466cecf":"00000000-0000-11fe-ffff-ffff00000024","ELEMENT":"00000000-0000-11fe-ffff-ffff00000024"}
&amp#27;[38;5;194m[55708041]&amp#27;[0m&amp#27;[38;5;86m[HTTP]&amp#27;[0m &amp#27;[37m<-- POST /session/55708041-befe-44f6-a79b-60daa6ec8bfd/element &amp#27;[39m&amp#27;[32m200&amp#27;[39m &amp#27;[90m35 ms - 137&amp#27;[39m &amp#27;[90m&amp#27;[39m
&amp#27;[38;5;194m[55708041]&amp#27;[0m&amp#27;[38;5;86m[HTTP]&amp#27;[0m &amp#27;[37m-->&amp#27;[39m &amp#27;[37mPOST&amp#27;[39m &amp#27;[37m/session/55708041-befe-44f6-a79b-60daa6ec8bfd/element/00000000-0000-11fe-ffff-ffff00000024/click&amp#27;[39m &amp#27;[90m{"id":"00000000-0000-11fe-ffff-ffff00000024"}&amp#27;[39m
&amp#27;[38;5;194m[55708041]&amp#27;[0m&amp#27;[38;5;4m[AndroidUiautomator2Driver@808c]&amp#27;[0m Calling AppiumDriver.click() with args: ["00000000-0000-11fe-ffff-ffff00000024","55708041-befe-44f6-a79b-60daa6ec8bfd"]
&amp#27;[38;5;194m[55708041]&amp#27;[0m&amp#27;[38;5;4m[AndroidUiautomator2Driver@808c]&amp#27;[0m Matched '/element/00000000-0000-11fe-ffff-ffff00000024/click' to command name 'click'
&amp#27;[38;5;194m[55708041]&amp#27;[0m&amp#27;[38;5;4m[AndroidUiautomator2Driver@808c]&amp#27;[0m Proxying [POST /element/00000000-0000-11fe-ffff-ffff00000024/click] to [POST http://127.0.0.1:8201/session/5c8254f6-41c9-4eea-a5aa-85f671ef49e6/element/00000000-0000-11fe-ffff-ffff00000024/click] with body: {"element":"00000000-0000-11fe-ffff-ffff00000024"}
&amp#27;[38;5;194m[55708041]&amp#27;[0m&amp#27;[38;5;4m[AndroidUiautomator2Driver@808c]&amp#27;[0m Got response with status 200: {"sessionId":"5c8254f6-41c9-4eea-a5aa-85f671ef49e6","value":null}
&amp#27;[38;5;194m[55708041]&amp#27;[0m&amp#27;[38;5;4m[AndroidUiautomator2Driver@808c]&amp#27;[0m Responding to client with driver.click() result: null
&amp#27;[38;5;194m[55708041]&amp#27;[0m&amp#27;[38;5;86m[HTTP]&amp#27;[0m &amp#27;[37m<-- POST /session/55708041-befe-44f6-a79b-60daa6ec8bfd/element/00000000-0000-11fe-ffff-ffff00000024/click &amp#27;[39m&amp#27;[32m200&amp#27;[39m &amp#27;[90m90 ms - 14&amp#27;[39m &amp#27;[90m&amp#27;[39m
&amp#27;[38;5;194m[55708041]&amp#27;[0m&amp#27;[38;5;86m[HTTP]&amp#27;[0m &amp#27;[37m-->&amp#27;[39m &amp#27;[37mGET&amp#27;[39m &amp#27;[37m/session/55708041-befe-44f6-a79b-60daa6ec8bfd/screenshot&amp#27;[39m &amp#27;[90m{}&amp#27;[39m
&amp#27;[38;5;194m[55708041]&amp#27;[0m&amp#27;[38;5;4m[AndroidUiautomator2Driver@808c]&amp#27;[0m Calling AppiumDriver.getScreenshot() with args: ["55708041-befe-44f6-a79b-60daa6ec8bfd"]
&amp#27;[38;5;194m[55708041]&amp#27;[0m&amp#27;[38;5;4m[AndroidUiautomator2Driver@808c]&amp#27;[0m Matched '/screenshot' to command name 'getScreenshot'
&amp#27;[38;5;194m[55708041]&amp#27;[0m&amp#27;[38;5;4m[AndroidUiautomator2Driver@808c]&amp#27;[0m Proxying [GET /screenshot] to [GET http://127.0.0.1:8201/session/5c8254f6-41c9-4eea-a5aa-85f671ef49e6/screenshot] with no body
&amp#27;[38;5;70m[ade9d096]&amp#27;[0m&amp#27;[38;5;-135m[AndroidUiautomator2Driver@2273]&amp#27;[0m Got response with status 200: {"sessionId":"4722cfec-51bd-4f11-b655-5a48ac1f92c5","value":null}
&amp#27;[38;5;70m[ade9d096]&amp#27;[0m&amp#27;[38;5;-135m[AndroidUiautomator2Driver@2273]&amp#27;[0m Responding to client with driver.setValue() result: null
&amp#27;[38;5;70m[ade9d096]&amp#27;[0m&amp#27;[38;5;86m[HTTP]&amp#27;[0m &amp#27;[37m<-- POST /session/ade9d096-5067-47c7-9c97-3fe91456d453/element/00000000-0000-06b2-ffff-ffff0000001c/value &amp#27;[39m&amp#27;[32m200&amp#27;[39m &amp#27;[90m559 ms - 14&amp#27;[39m &amp#27;[90m&amp#27;[39m
&amp#27;[38;5;70m[ade9d096]&amp#27;[0m&amp#27;[38;5;86m[HTTP]&amp#27;[0m &amp#27;[37m-->&amp#27;[39m &amp#27;[37mGET&amp#27;[39m &amp#27;[37m/session/ade9d096-5067-47c7-9c97-3fe91456d453/screenshot&amp#27;[39m &amp#27;[90m{}&amp#27;[39m
&amp#27;[38;5;70m[ade9d096]&amp#27;[0m&amp#27;[38;5;-135m[AndroidUiautomator2Driver@2273]&amp#27;[0m Calling AppiumDriver.getScreenshot() with args: ["ade9d096-5067-47c7-9c97-3fe91456d453"]
&amp#27;[38;5;70m[ade9d096]&amp#27;[0m&amp#27;[38;5;-135m[AndroidUiautomator2Driver@2273]&amp#27;[0m Matched '/screenshot' to command name 'getScreenshot'
&amp#27;[38;5;70m[ade9d096]&amp#27;[0m&amp#27;[38;5;-135m[AndroidUiautomator2Driver@2273]&amp#27;[0m Proxying [GET /screenshot] to [GET http://127.0.0.1:8202/session/4722cfec-51bd-4f11-b655-5a48ac1f92c5/screenshot] with no body
&amp#27;[38;5;194m[55708041]&amp#27;[0m&amp#27;[38;5;4m[AndroidUiautomator2Driver@808c]&amp#27;[0m Got response with status 200: {"sessionId":"5c8254f6-41c9-4eea-a5aa-85f671ef49e6","value":"iVBORw0KGgoAAAANSUhEUgAABDgAAAlgCAYAAABtGofVAAAAAXNSR0IArs4c6QAAAARzQklUCAgICHwIZIgAACAASURBVHic7N13nFx1vf/x9zlnyva+KZveG4EUQgKE0IOUUKSICngpCiIW1Ou9Xv1d0QvXBteKDSyo9E6QEkCQgEkgAUJI7z2bbLa3mTnl90ey65Y5s73M5vX04UMz3zPf852TOTw47/l+P18jd911ngAAAAAAAJKY2dcDAAAAAAAA6CoCDgAAAAAAkPQIOAAAAAAAQNIj4AAAAAAAAEmPgAMAAAAAACQ9Ag4AAAAAAJD0CDgAAAAAAEDSI+AAAAAAAABJj4ADAAAAAAAkPQIOAAAAAACQ9Ag4AAAAAABA0iPgAAAAAAAASY+AAwAAAAAAJD0CDgAAAAAAkPQIOAAAAAAAQNIj4AAAAAAAAEmPgAMAAAAAACQ9Ag4AAAAAAJD0CDgAAAAAAEDSI+AAAAAAAABJj4ADAAAAAAAkPQIOAAAAAACQ9Ag4AAAAAABA0iPgAAAAAAAASY+AAwAAAAAAJD0CDgAAAAAAkPQIOAAAAAAAQNIj4AAAAAAAAEmPgAMAAAAAACS9QF8PAAAAAACA/sSQoYJApualTtTU8HAVBfM0NJCrIYEcpZrhXhlDnRvRfrtMB+xy7YuVal1kj5bXbVKJXSVPXq+MIdkQcAAAAAAAjmmGDKWbYY0ODdLCjBN0WtoUTQ0PV8Dow0dmK0PDgvnNXrI9W2sju7W0Zr2WVK/Wjtgh1boRAo+jjNx113ElAAAAAADHHEOGMs0UTQwX6cLM2bok6yRlm2l9Pax2KXOq9XTlCi2pXq2Nkb2qcuuP+aCDgAMAAAAAcMwxZWhksEAfz56nCzNma2SoQGaSlal05WpXtER/q16lJyqWaXfs8DEdchBwAAAAAACOOdPCI3Rb/vk6LW1Kr9XV6Cl1...
&amp#27;[38;5;194m[55708041]&amp#27;[0m&amp#27;[38;5;4m[AndroidUiautomator2Driver@808c]&amp#27;[0m Responding to client with driver.getScreenshot() result: "iVBORw0KGgoAAAANSUhEUgAABDgAAAlgCAYAAABtGofVAAAAAXNSR0IArs4c6QAAAARzQklUCAgICHwIZIgAACAASURBVHic7N13nFx1vf/x9zlnyva+KZveG4EUQgKE0IOUUKSICngpCiIW1Ou9Xv1d0QvXBteKDSyo9E6QEkCQgEkgAUJI7z2bbLa3mTnl90ey65Y5s73M5vX04UMz3zPf852TOTw47/l+P18jd911ngAAAAAAAJKY2dcDAAAAAAAA6CoCDgAAAAAAkPQIOAAAAAAAQNIj4AAAAAAAAEmPgAMAAAAAACQ9Ag4AAAAAAJD0CDgAAAAAAEDSI+AAAAAAAABJj4ADAAAAAAAkPQIOAAAAAACQ9Ag4AAAAAABA0iPgAAAAAAAASY+AAwAAAAAAJD0CDgAAAAAAkPQIOAAAAAAAQNIj4AAAAAAAAEmPgAMAAAAAACQ9Ag4AAAAAAJD0CDgAAAAAAEDSI+AAAAAAAABJj4ADAAAAAAAkPQIOAAAAAACQ9Ag4AAAAAABA0iPgAAAAAAAASY+AAwAAAAAAJD0CDgAAAAAAkPQIOAAAAAAAQNIj4AAAAAAAAEmPgAMAAAAAACS9QF8PAAAAAACA/sSQoYJApualTtTU8HAVBfM0NJCrIYEcpZrhXhlDnRvRfrtMB+xy7YuVal1kj5bXbVKJXSVPXq+MIdkQcAAAAAAAjmmGDKWbYY0ODdLCjBN0WtoUTQ0PV8Dow0dmK0PDgvnNXrI9W2sju7W0Zr2WVK/Wjtgh1boRAo+jjNx113ElAAAAAADHHEOGMs0UTQwX6cLM2bok6yRlm2l9Pax2KXOq9XTlCi2pXq2Nkb2qcuuP+aCDgAMAAAAAcMwxZWhksEAfz56nCzNma2SoQGaSlal05WpXtER/q16lJyqWaXfs8DEdchBwAAAAAACOOdPCI3Rb/vk6LW1Kr9XV6Cl1bkSv16zVL0tf1MbI3r4eTp+hBgcAAAAA9DPjQkM0PWWkCq0sSVLUs3XYqVKx...
&amp#27;[38;5;194m[55708041]&amp#27;[0m&amp#27;[38;5;86m[HTTP]&amp#27;[0m &amp#27;[37m<-- GET /session/55708041-befe-44f6-a79b-60daa6ec8bfd/screenshot &amp#27;[39m&amp#27;[32m200&amp#27;[39m &amp#27;[90m518 ms - 696376&amp#27;[39m &amp#27;[90m&amp#27;[39m
&amp#27;[38;5;194m[55708041]&amp#27;[0m&amp#27;[38;5;86m[HTTP]&amp#27;[0m &amp#27;[37m-->&amp#27;[39m &amp#27;[37mPOST&amp#27;[39m &amp#27;[37m/session/55708041-befe-44f6-a79b-60daa6ec8bfd/element&amp#27;[39m &amp#27;[90m{"using":"-android uiautomator","value":"new UiScrollable(new UiSelector()).scrollIntoView(text(\"Argentina\"));"}&amp#27;[39m
&amp#27;[38;5;194m[55708041]&amp#27;[0m&amp#27;[38;5;4m[AndroidUiautomator2Driver@808c]&amp#27;[0m Calling AppiumDriver.findElement() with args: ["-android uiautomator","new UiScrollable(new UiSelector()).scrollIntoView(text(\"Argentina\"));","55708041-befe-44f6-a79b-60daa6ec8bfd"]
&amp#27;[38;5;194m[55708041]&amp#27;[0m&amp#27;[38;5;4m[AndroidUiautomator2Driver@808c]&amp#27;[0m Valid locator strategies for this request: xpath, id, class name, accessibility id, css selector, -android uiautomator
&amp#27;[38;5;194m[55708041]&amp#27;[0m&amp#27;[38;5;4m[AndroidUiautomator2Driver@808c]&amp#27;[0m Waiting up to 0 ms for condition
&amp#27;[38;5;194m[55708041]&amp#27;[0m&amp#27;[38;5;4m[AndroidUiautomator2Driver@808c]&amp#27;[0m Matched '/element' to command name 'findElement'
&amp#27;[38;5;194m[55708041]&amp#27;[0m&amp#27;[38;5;4m[AndroidUiautomator2Driver@808c]&amp#27;[0m Proxying [POST /element] to [POST http://127.0.0.1:8201/session/5c8254f6-41c9-4eea-a5aa-85f671ef49e6/element] with body: {"strategy":"-android uiautomator","selector":"new UiScrollable(new UiSelector()).scrollIntoView(text(\"Argentina\"));","context":"","multiple":false}
&amp#27;[38;5;70m[ade9d096]&amp#27;[0m&amp#27;[38;5;-135m[AndroidUiautomator2Driver@2273]&amp#27;[0m Got response with status 200: {"sessionId":"4722cfec-51bd-4f11-b655-5a48ac1f92c5","value":"iVBORw0KGgoAAAANSUhEUgAABDgAAAjoCAYAAAA5jhrUAAAAAXNSR0IArs4c6QAAAARzQklUCAgICHwIZIgAACAASURBVHic7N13nB1V/f/x9zkzd3cTsgkJJJGWAALSkSaoWIAvIihgLyiIfv36tWD3ay/Yexcr+IOvgigoiiICXwWliYiIIh2EEEpISGez2Ttzzu+Pmbl37t65W+/d3dl9PXmE5E45c87Ucz5zZsbMv/VkLwAAAAAAgBKzk50BAAAAAACA8SLAAQAAAAAASo8ABwAAAAAAKD0CHAAAAAAAoPQIcAAAAAAAgNIjwAEAAAAAAEqPAAcAAAAAACg9AhwAAAAAAKD0CHAAAAAAAIDSI8ABAAAAAABKjwAHAAAAAAAoPQIcAAAAAACg9AhwAAAAAACA0iPAAQAAAAAASo8ABwAAAAAAKD0CHAAAAAAAoPQIcAAAAAAAgNIjwAEAAAAAAEqPAAcAAAAAACg9AhwAAAAAAKD0CHAAAAAAAIDSI8ABAAAAAABKjwAHAAAAAAAoPQIcAAAAAACg9AhwAAAAAACA0gsnOwPAVGBkZLK/TfJvSfKSvPdK/lP6//KaKeUEAAAAMPMQ4MCMZWQUGqsndj1B5+7wTu1YWTjk9PdVV+qVD3xV9w48osi70gQBZko5AQAAgJGYF8zW3t1LtE/PEs2zs7V3zxLNC7aojV8XP65b+pdpnevTP/uX6ZbNy7Qu7puUvB42e3ddtPQDI5r2+Ps/q6v7bu9wjqY2AhyYkXrtLH100Ut1yvzDFYzwSa0dKwt13c6fUSyns9dcqY8/+jNtcJs6nNPxmSnlBAAAAIaypLK1ju09QMf2HqjDZu8+7PTP6z2w4ffVfbfrtxtu1G83/E3Lqqs6lU2Mk5l/68ncnsWMEZpAb1pwtE5b9DLVH9AYGy+vjz96vr69+neKfNymHLbHTCknAAAAMJTD...
&amp#27;[38;5;70m[ade9d096]&amp#27;[0m&amp#27;[38;5;-135m[AndroidUiautomator2Driver@2273]&amp#27;[0m Responding to client with driver.getScreenshot() result: "iVBORw0KGgoAAAANSUhEUgAABDgAAAjoCAYAAAA5jhrUAAAAAXNSR0IArs4c6QAAAARzQklUCAgICHwIZIgAACAASURBVHic7N13nB1V/f/x9zkzd3cTsgkJJJGWAALSkSaoWIAvIihgLyiIfv36tWD3ay/Yexcr+IOvgigoiiICXwWliYiIIh2EEEpISGez2Ttzzu+Pmbl37t65W+/d3dl9PXmE5E45c87Ucz5zZsbMv/VkLwAAAAAAgBKzk50BAAAAAACA8SLAAQAAAAAASo8ABwAAAAAAKD0CHAAAAAAAoPQIcAAAAAAAgNIjwAEAAAAAAEqPAAcAAAAAACg9AhwAAAAAAKD0CHAAAAAAAIDSI8ABAAAAAABKjwAHAAAAAAAoPQIcAAAAAACg9AhwAAAAAACA0iPAAQAAAAAASo8ABwAAAAAAKD0CHAAAAAAAoPQIcAAAAAAAgNIjwAEAAAAAAEqPAAcAAAAAACg9AhwAAAAAAKD0CHAAAAAAAIDSI8ABAAAAAABKjwAHAAAAAAAoPQIcAAAAAACg9AhwAAAAAACA0gsnOwPAVGBkZLK/TfJvSfKSvPdK/lP6//KaKeUEAAAAMPMQ4MCMZWQUGqsndj1B5+7wTu1YWTjk9PdVV+qVD3xV9w48osi70gQBZko5AQAAgJGYF8zW3t1LtE/PEs2zs7V3zxLNC7aojV8XP65b+pdpnevTP/uX6ZbNy7Qu7puUvB42e3ddtPQDI5r2+Ps/q6v7bu9wjqY2AhyYkXrtLH100Ut1yvzDFYzwSa0dKwt13c6fUSyns9dcqY8/+jNtcJs6nNPxmSnlBAAAAIaypLK1ju09QMf2HqjDZu8+7PTP6z2w4ffVfbfrtxtu1G83/E3Lqqs6lU2Mk5l/68ncnsWMEZpAb1pwtE5b9DLVH9AYGy+vjz96vr69+neKfNymHLbHTCknAAAAMJTDZu+u/17wnKaAxXhcvOFGfW/1ZRPSW4IeHKNDgAMzgpFRr+3RFTt9Qjt1LWpr...
&amp#27;[38;5;70m[ade9d096]&amp#27;[0m&amp#27;[38;5;86m[HTTP]&amp#27;[0m &amp#27;[37m<-- GET /session/ade9d096-5067-47c7-9c97-3fe91456d453/screenshot &amp#27;[39m&amp#27;[32m200&amp#27;[39m &amp#27;[90m1057 ms - 598704&amp#27;[39m &amp#27;[90m&amp#27;[39m
&amp#27;[38;5;70m[ade9d096]&amp#27;[0m&amp#27;[38;5;86m[HTTP]&amp#27;[0m &amp#27;[37m-->&amp#27;[39m &amp#27;[37mPOST&amp#27;[39m &amp#27;[37m/session/ade9d096-5067-47c7-9c97-3fe91456d453/execute/sync&amp#27;[39m &amp#27;[90m{"script":"mobile: hideKeyboard","args":[]}&amp#27;[39m
&amp#27;[38;5;70m[ade9d096]&amp#27;[0m&amp#27;[38;5;-135m[AndroidUiautomator2Driver@2273]&amp#27;[0m Calling AppiumDriver.execute() with args: ["mobile: hideKeyboard",[],"ade9d096-5067-47c7-9c97-3fe91456d453"]
&amp#27;[38;5;70m[ade9d096]&amp#27;[0m&amp#27;[38;5;229m[ADB]&amp#27;[0m Running 'C:\Users\sajus\AppData\Local\Android\Sdk\platform-tools\adb.exe -P 5037 -s CTLID18120801016 shell dumpsys input_method'
&amp#27;[38;5;70m[ade9d096]&amp#27;[0m&amp#27;[38;5;229m[ADB]&amp#27;[0m Keyboard has no UI; no closing necessary
&amp#27;[38;5;70m[ade9d096]&amp#27;[0m&amp#27;[38;5;-135m[AndroidUiautomator2Driver@2273]&amp#27;[0m Responding to client with driver.execute() result: false
&amp#27;[38;5;70m[ade9d096]&amp#27;[0m&amp#27;[38;5;86m[HTTP]&amp#27;[0m &amp#27;[37m<-- POST /session/ade9d096-5067-47c7-9c97-3fe91456d453/execute/sync &amp#27;[39m&amp#27;[32m200&amp#27;[39m &amp#27;[90m673 ms - 15&amp#27;[39m &amp#27;[90m&amp#27;[39m
&amp#27;[38;5;70m[ade9d096]&amp#27;[0m&amp#27;[38;5;86m[HTTP]&amp#27;[0m &amp#27;[37m-->&amp#27;[39m &amp#27;[37mPOST&amp#27;[39m &amp#27;[37m/session/ade9d096-5067-47c7-9c97-3fe91456d453/element&amp#27;[39m &amp#27;[90m{"using":"id","value":"com.androidsample.generalstore:id/radioFemale"}&amp#27;[39m
&amp#27;[38;5;70m[ade9d096]&amp#27;[0m&amp#27;[38;5;-135m[AndroidUiautomator2Driver@2273]&amp#27;[0m Calling AppiumDriver.findElement() with args: ["id","com.androidsample.generalstore:id/radioFemale","ade9d096-5067-47c7-9c97-3fe91456d453"]
&amp#27;[38;5;70m[ade9d096]&amp#27;[0m&amp#27;[38;5;-135m[AndroidUiautomator2Driver@2273]&amp#27;[0m Valid locator strategies for this request: xpath, id, class name, accessibility id, css selector, -android uiautomator
&amp#27;[38;5;70m[ade9d096]&amp#27;[0m&amp#27;[38;5;-135m[AndroidUiautomator2Driver@2273]&amp#27;[0m Waiting up to 0 ms for condition
&amp#27;[38;5;70m[ade9d096]&amp#27;[0m&amp#27;[38;5;-135m[AndroidUiautomator2Driver@2273]&amp#27;[0m Matched '/element' to command name 'findElement'
&amp#27;[38;5;70m[ade9d096]&amp#27;[0m&amp#27;[38;5;-135m[AndroidUiautomator2Driver@2273]&amp#27;[0m Proxying [POST /element] to [POST http://127.0.0.1:8202/session/4722cfec-51bd-4f11-b655-5a48ac1f92c5/element] with body: {"strategy":"id","selector":"com.androidsample.generalstore:id/radioFemale","context":"","multiple":false}
&amp#27;[38;5;70m[ade9d096]&amp#27;[0m&amp#27;[38;5;-135m[AndroidUiautomator2Driver@2273]&amp#27;[0m Got response with status 200: {"sessionId":"4722cfec-51bd-4f11-b655-5a48ac1f92c5","value":{"ELEMENT":"00000000-0000-06b2-ffff-ffff00000020","element-6066-11e4-a52e-4f735466cecf":"00000000-0000-06b2-ffff-ffff00000020"}}
&amp#27;[38;5;70m[ade9d096]&amp#27;[0m&amp#27;[38;5;-135m[AndroidUiautomator2Driver@2273]&amp#27;[0m Responding to client with driver.findElement() result: {"element-6066-11e4-a52e-4f735466cecf":"00000000-0000-06b2-ffff-ffff00000020","ELEMENT":"00000000-0000-06b2-ffff-ffff00000020"}
&amp#27;[38;5;70m[ade9d096]&amp#27;[0m&amp#27;[38;5;86m[HTTP]&amp#27;[0m &amp#27;[37m<-- POST /session/ade9d096-5067-47c7-9c97-3fe91456d453/element &amp#27;[39m&amp#27;[32m200&amp#27;[39m &amp#27;[90m38 ms - 137&amp#27;[39m &amp#27;[90m&amp#27;[39m
&amp#27;[38;5;70m[ade9d096]&amp#27;[0m&amp#27;[38;5;86m[HTTP]&amp#27;[0m &amp#27;[37m-->&amp#27;[39m &amp#27;[37mPOST&amp#27;[39m &amp#27;[37m/session/ade9d096-5067-47c7-9c97-3fe91456d453/element/00000000-0000-06b2-ffff-ffff00000020/click&amp#27;[39m &amp#27;[90m{"id":"00000000-0000-06b2-ffff-ffff00000020"}&amp#27;[39m
&amp#27;[38;5;70m[ade9d096]&amp#27;[0m&amp#27;[38;5;-135m[AndroidUiautomator2Driver@2273]&amp#27;[0m Calling AppiumDriver.click() with args: ["00000000-0000-06b2-ffff-ffff00000020","ade9d096-5067-47c7-9c97-3fe91456d453"]
&amp#27;[38;5;70m[ade9d096]&amp#27;[0m&amp#27;[38;5;-135m[AndroidUiautomator2Driver@2273]&amp#27;[0m Matched '/element/00000000-0000-06b2-ffff-ffff00000020/click' to command name 'click'
&amp#27;[38;5;70m[ade9d096]&amp#27;[0m&amp#27;[38;5;-135m[AndroidUiautomator2Driver@2273]&amp#27;[0m Proxying [POST /element/00000000-0000-06b2-ffff-ffff00000020/click] to [POST http://127.0.0.1:8202/session/4722cfec-51bd-4f11-b655-5a48ac1f92c5/element/00000000-0000-06b2-ffff-ffff00000020/click] with body: {"element":"00000000-0000-06b2-ffff-ffff00000020"}
&amp#27;[38;5;70m[ade9d096]&amp#27;[0m&amp#27;[38;5;-135m[AndroidUiautomator2Driver@2273]&amp#27;[0m Got response with status 200: {"sessionId":"4722cfec-51bd-4f11-b655-5a48ac1f92c5","value":null}
&amp#27;[38;5;70m[ade9d096]&amp#27;[0m&amp#27;[38;5;-135m[AndroidUiautomator2Driver@2273]&amp#27;[0m Responding to client with driver.click() result: null
&amp#27;[38;5;70m[ade9d096]&amp#27;[0m&amp#27;[38;5;86m[HTTP]&amp#27;[0m &amp#27;[37m<-- POST /session/ade9d096-5067-47c7-9c97-3fe91456d453/element/00000000-0000-06b2-ffff-ffff00000020/click &amp#27;[39m&amp#27;[32m200&amp#27;[39m &amp#27;[90m60 ms - 14&amp#27;[39m &amp#27;[90m&amp#27;[39m
&amp#27;[38;5;70m[ade9d096]&amp#27;[0m&amp#27;[38;5;86m[HTTP]&amp#27;[0m &amp#27;[37m-->&amp#27;[39m &amp#27;[37mGET&amp#27;[39m &amp#27;[37m/session/ade9d096-5067-47c7-9c97-3fe91456d453/screenshot&amp#27;[39m &amp#27;[90m{}&amp#27;[39m
&amp#27;[38;5;70m[ade9d096]&amp#27;[0m&amp#27;[38;5;-135m[AndroidUiautomator2Driver@2273]&amp#27;[0m Calling AppiumDriver.getScreenshot() with args: ["ade9d096-5067-47c7-9c97-3fe91456d453"]
&amp#27;[38;5;70m[ade9d096]&amp#27;[0m&amp#27;[38;5;-135m[AndroidUiautomator2Driver@2273]&amp#27;[0m Matched '/screenshot' to command name 'getScreenshot'
&amp#27;[38;5;70m[ade9d096]&amp#27;[0m&amp#27;[38;5;-135m[AndroidUiautomator2Driver@2273]&amp#27;[0m Proxying [GET /screenshot] to [GET http://127.0.0.1:8202/session/4722cfec-51bd-4f11-b655-5a48ac1f92c5/screenshot] with no body
&amp#27;[38;5;70m[ade9d096]&amp#27;[0m&amp#27;[38;5;-135m[AndroidUiautomator2Driver@2273]&amp#27;[0m Got response with status 200: {"sessionId":"4722cfec-51bd-4f11-b655-5a48ac1f92c5","value":"iVBORw0KGgoAAAANSUhEUgAABDgAAAjoCAYAAAA5jhrUAAAAAXNSR0IArs4c6QAAAARzQklUCAgICHwIZIgAACAASURBVHic7N13nB1V/f/x9zkzd3cTsgkJJJGWAALSkSaoWIAvIihgLyiIfv36tWD3ay/Yexcr+IOvgigoiiICXwWliYiIIh2EEEpISGez2Ttzzu+Pmbl37t65W+/d3dl9PXmE5E45c87Ucz5zZsbMv/VkLwAAAAAAgBKzk50BAAAAAACA8SLAAQAAAAAASo8ABwAAAAAAKD0CHAAAAAAAoPQIcAAAAAAAgNIjwAEAAAAAAEqPAAcAAAAAACg9AhwAAAAAAKD0CHAAAAAAAIDSI8ABAAAAAABKjwAHAAAAAAAoPQIcAAAAAACg9AhwAAAAAACA0iPAAQAAAAAASo8ABwAAAAAAKD0CHAAAAAAAoPQIcAAAAAAAgNIjwAEAAAAAAEqPAAcAAAAAACg9AhwAAAAAAKD0CHAAAAAAAIDSI8ABAAAAAABKjwAHAAAAAAAoPQIcAAAAAACg9AhwAAAAAACA0gsnOwPAVGBkZLK/TfJvSfKSvPdK/lP6//KaKeUEAAAAMPMQ4MCMZWQUGqsndj1B5+7wTu1YWTjk9PdVV+qVD3xV9w48osi70gQBZko5AQAAgJGYF8zW3t1LtE/PEs2zs7V3zxLNC7aojV8XP65b+pdpnevTP/uX6ZbNy7Qu7puUvB42e3ddtPQDI5r2+Ps/q6v7bu9wjqY2AhyYkXrtLH100Ut1yvzDFYzwSa0dKwt13c6fUSyns9dcqY8/+jNtcJs6nNPxmSnlBAAAAIaypLK1ju09QMf2HqjDZu8+7PTP6z2w4ffVfbfrtxtu1G83/E3Lqqs6lU2Mk5l/68ncnsWMEZpAb1pwtE5b9DLVH9AYGy+vjz96vr69+neKfNymHLbHTCknAAAAMJTD...
&amp#27;[38;5;70m[ade9d096]&amp#27;[0m&amp#27;[38;5;-135m[AndroidUiautomator2Driver@2273]&amp#27;[0m Responding to client with driver.getScreenshot() result: "iVBORw0KGgoAAAANSUhEUgAABDgAAAjoCAYAAAA5jhrUAAAAAXNSR0IArs4c6QAAAARzQklUCAgICHwIZIgAACAASURBVHic7N13nB1V/f/x9zkzd3cTsgkJJJGWAALSkSaoWIAvIihgLyiIfv36tWD3ay/Yexcr+IOvgigoiiICXwWliYiIIh2EEEpISGez2Ttzzu+Pmbl37t65W+/d3dl9PXmE5E45c87Ucz5zZsbMv/VkLwAAAAAAgBKzk50BAAAAAACA8SLAAQAAAAAASo8ABwAAAAAAKD0CHAAAAAAAoPQIcAAAAAAAgNIjwAEAAAAAAEqPAAcAAAAAACg9AhwAAAAAAKD0CHAAAAAAAIDSI8ABAAAAAABKjwAHAAAAAAAoPQIcAAAAAACg9AhwAAAAAACA0iPAAQAAAAAASo8ABwAAAAAAKD0CHAAAAAAAoPQIcAAAAAAAgNIjwAEAAAAAAEqPAAcAAAAAACg9AhwAAAAAAKD0CHAAAAAAAIDSI8ABAAAAAABKjwAHAAAAAAAoPQIcAAAAAACg9AhwAAAAAACA0gsnOwPAVGBkZLK/TfJvSfKSvPdK/lP6//KaKeUEAAAAMPMQ4MCMZWQUGqsndj1B5+7wTu1YWTjk9PdVV+qVD3xV9w48osi70gQBZko5AQAAgJGYF8zW3t1LtE/PEs2zs7V3zxLNC7aojV8XP65b+pdpnevTP/uX6ZbNy7Qu7puUvB42e3ddtPQDI5r2+Ps/q6v7bu9wjqY2AhyYkXrtLH100Ut1yvzDFYzwSa0dKwt13c6fUSyns9dcqY8/+jNtcJs6nNPxmSnlBAAAAIaypLK1ju09QMf2HqjDZu8+7PTP6z2w4ffVfbfrtxtu1G83/E3Lqqs6lU2Mk5l/68ncnsWMEZpAb1pwtE5b9DLVH9AYGy+vjz96vr69+neKfNymHLbHTCknAAAAMJTDZu+u/17wnKaAxXhcvOFGfW/1ZRPSW4IeHKNDgAMzgpFRr+3RFTt9Qjt1LWpr...
&amp#27;[38;5;70m[ade9d096]&amp#27;[0m&amp#27;[38;5;86m[HTTP]&amp#27;[0m &amp#27;[37m<-- GET /session/ade9d096-5067-47c7-9c97-3fe91456d453/screenshot &amp#27;[39m&amp#27;[32m200&amp#27;[39m &amp#27;[90m1041 ms - 599416&amp#27;[39m &amp#27;[90m&amp#27;[39m
&amp#27;[38;5;70m[ade9d096]&amp#27;[0m&amp#27;[38;5;86m[HTTP]&amp#27;[0m &amp#27;[37m-->&amp#27;[39m &amp#27;[37mPOST&amp#27;[39m &amp#27;[37m/session/ade9d096-5067-47c7-9c97-3fe91456d453/element&amp#27;[39m &amp#27;[90m{"using":"id","value":"android:id/text1"}&amp#27;[39m
&amp#27;[38;5;70m[ade9d096]&amp#27;[0m&amp#27;[38;5;-135m[AndroidUiautomator2Driver@2273]&amp#27;[0m Calling AppiumDriver.findElement() with args: ["id","android:id/text1","ade9d096-5067-47c7-9c97-3fe91456d453"]
&amp#27;[38;5;70m[ade9d096]&amp#27;[0m&amp#27;[38;5;-135m[AndroidUiautomator2Driver@2273]&amp#27;[0m Valid locator strategies for this request: xpath, id, class name, accessibility id, css selector, -android uiautomator
&amp#27;[38;5;70m[ade9d096]&amp#27;[0m&amp#27;[38;5;-135m[AndroidUiautomator2Driver@2273]&amp#27;[0m Waiting up to 0 ms for condition
&amp#27;[38;5;70m[ade9d096]&amp#27;[0m&amp#27;[38;5;-135m[AndroidUiautomator2Driver@2273]&amp#27;[0m Matched '/element' to command name 'findElement'
&amp#27;[38;5;70m[ade9d096]&amp#27;[0m&amp#27;[38;5;-135m[AndroidUiautomator2Driver@2273]&amp#27;[0m Proxying [POST /element] to [POST http://127.0.0.1:8202/session/4722cfec-51bd-4f11-b655-5a48ac1f92c5/element] with body: {"strategy":"id","selector":"android:id/text1","context":"","multiple":false}
&amp#27;[38;5;70m[ade9d096]&amp#27;[0m&amp#27;[38;5;-135m[AndroidUiautomator2Driver@2273]&amp#27;[0m Got response with status 200: {"sessionId":"4722cfec-51bd-4f11-b655-5a48ac1f92c5","value":{"ELEMENT":"00000000-0000-06b2-ffff-ffff00000024","element-6066-11e4-a52e-4f735466cecf":"00000000-0000-06b2-ffff-ffff00000024"}}
&amp#27;[38;5;70m[ade9d096]&amp#27;[0m&amp#27;[38;5;-135m[AndroidUiautomator2Driver@2273]&amp#27;[0m Responding to client with driver.findElement() result: {"element-6066-11e4-a52e-4f735466cecf":"00000000-0000-06b2-ffff-ffff00000024","ELEMENT":"00000000-0000-06b2-ffff-ffff00000024"}
&amp#27;[38;5;70m[ade9d096]&amp#27;[0m&amp#27;[38;5;86m[HTTP]&amp#27;[0m &amp#27;[37m<-- POST /session/ade9d096-5067-47c7-9c97-3fe91456d453/element &amp#27;[39m&amp#27;[32m200&amp#27;[39m &amp#27;[90m37 ms - 137&amp#27;[39m &amp#27;[90m&amp#27;[39m
&amp#27;[38;5;70m[ade9d096]&amp#27;[0m&amp#27;[38;5;86m[HTTP]&amp#27;[0m &amp#27;[37m-->&amp#27;[39m &amp#27;[37mPOST&amp#27;[39m &amp#27;[37m/session/ade9d096-5067-47c7-9c97-3fe91456d453/element/00000000-0000-06b2-ffff-ffff00000024/click&amp#27;[39m &amp#27;[90m{"id":"00000000-0000-06b2-ffff-ffff00000024"}&amp#27;[39m
&amp#27;[38;5;70m[ade9d096]&amp#27;[0m&amp#27;[38;5;-135m[AndroidUiautomator2Driver@2273]&amp#27;[0m Calling AppiumDriver.click() with args: ["00000000-0000-06b2-ffff-ffff00000024","ade9d096-5067-47c7-9c97-3fe91456d453"]
&amp#27;[38;5;70m[ade9d096]&amp#27;[0m&amp#27;[38;5;-135m[AndroidUiautomator2Driver@2273]&amp#27;[0m Matched '/element/00000000-0000-06b2-ffff-ffff00000024/click' to command name 'click'
&amp#27;[38;5;70m[ade9d096]&amp#27;[0m&amp#27;[38;5;-135m[AndroidUiautomator2Driver@2273]&amp#27;[0m Proxying [POST /element/00000000-0000-06b2-ffff-ffff00000024/click] to [POST http://127.0.0.1:8202/session/4722cfec-51bd-4f11-b655-5a48ac1f92c5/element/00000000-0000-06b2-ffff-ffff00000024/click] with body: {"element":"00000000-0000-06b2-ffff-ffff00000024"}
&amp#27;[38;5;70m[ade9d096]&amp#27;[0m&amp#27;[38;5;-135m[AndroidUiautomator2Driver@2273]&amp#27;[0m Got response with status 200: {"sessionId":"4722cfec-51bd-4f11-b655-5a48ac1f92c5","value":null}
&amp#27;[38;5;70m[ade9d096]&amp#27;[0m&amp#27;[38;5;-135m[AndroidUiautomator2Driver@2273]&amp#27;[0m Responding to client with driver.click() result: null
&amp#27;[38;5;70m[ade9d096]&amp#27;[0m&amp#27;[38;5;86m[HTTP]&amp#27;[0m &amp#27;[37m<-- POST /session/ade9d096-5067-47c7-9c97-3fe91456d453/element/00000000-0000-06b2-ffff-ffff00000024/click &amp#27;[39m&amp#27;[32m200&amp#27;[39m &amp#27;[90m66 ms - 14&amp#27;[39m &amp#27;[90m&amp#27;[39m
&amp#27;[38;5;70m[ade9d096]&amp#27;[0m&amp#27;[38;5;86m[HTTP]&amp#27;[0m &amp#27;[37m-->&amp#27;[39m &amp#27;[37mGET&amp#27;[39m &amp#27;[37m/session/ade9d096-5067-47c7-9c97-3fe91456d453/screenshot&amp#27;[39m &amp#27;[90m{}&amp#27;[39m
&amp#27;[38;5;70m[ade9d096]&amp#27;[0m&amp#27;[38;5;-135m[AndroidUiautomator2Driver@2273]&amp#27;[0m Calling AppiumDriver.getScreenshot() with args: ["ade9d096-5067-47c7-9c97-3fe91456d453"]
&amp#27;[38;5;70m[ade9d096]&amp#27;[0m&amp#27;[38;5;-135m[AndroidUiautomator2Driver@2273]&amp#27;[0m Matched '/screenshot' to command name 'getScreenshot'
&amp#27;[38;5;70m[ade9d096]&amp#27;[0m&amp#27;[38;5;-135m[AndroidUiautomator2Driver@2273]&amp#27;[0m Proxying [GET /screenshot] to [GET http://127.0.0.1:8202/session/4722cfec-51bd-4f11-b655-5a48ac1f92c5/screenshot] with no body
&amp#27;[38;5;70m[ade9d096]&amp#27;[0m&amp#27;[38;5;-135m[AndroidUiautomator2Driver@2273]&amp#27;[0m Got response with status 200: {"sessionId":"4722cfec-51bd-4f11-b655-5a48ac1f92c5","value":"iVBORw0KGgoAAAANSUhEUgAABDgAAAjoCAYAAAA5jhrUAAAAAXNSR0IArs4c6QAAAARzQklUCAgICHwIZIgAACAASURBVHic7N13nB1V/f/x9zkzd3cTsgkJJJGWAALSkSaoWIAvIihgLyiIfv36tWD3ay/Yexcr+IOvgigoiiICXwWliYiIIh2EEEpISGez2Ttzzu+Pmbl37t65W+/d3dl9PXmE5E45c87Ucz5zZsbMv/VkLwAAAAAAgBKzk50BAAAAAACA8SLAAQAAAAAASo8ABwAAAAAAKD0CHAAAAAAAoPQIcAAAAAAAgNIjwAEAAAAAAEqPAAcAAAAAACg9AhwAAAAAAKD0CHAAAAAAAIDSI8ABAAAAAABKjwAHAAAAAAAoPQIcAAAAAACg9AhwAAAAAACA0iPAAQAAAAAASo8ABwAAAAAAKD0CHAAAAAAAoPQIcAAAAAAAgNIjwAEAAAAAAEqPAAcAAAAAACg9AhwAAAAAAKD0CHAAAAAAAIDSI8ABAAAAAABKjwAHAAAAAAAoPQIcAAAAAACg9AhwAAAAAACA0gsnOwPAVGBkZLK/TfJvSfKSvPdK/lP6//KaKeUEAAAAMPMQ4MCMZWQUGqsndj1B5+7wTu1YWTjk9PdVV+qVD3xV9w48osi70gQBZko5AQAAgJGYF8zW3t1LtE/PEs2zs7V3zxLNC7aojV8XP65b+pdpnevTP/uX6ZbNy7Qu7puUvB42e3ddtPQDI5r2+Ps/q6v7bu9wjqY2AhyYkXrtLH100Ut1yvzDFYzwSa0dKwt13c6fUSyns9dcqY8/+jNtcJs6nNPxmSnlBAAAAIaypLK1ju09QMf2HqjDZu8+7PTP6z2w4ffVfbfrtxtu1G83/E3Lqqs6lU2Mk5l/68ncnsWMEZpAb1pwtE5b9DLVH9AYGy+vjz96vr69+neKfNymHLbHTCknAAAAMJTD...
&amp#27;[38;5;70m[ade9d096]&amp#27;[0m&amp#27;[38;5;-135m[AndroidUiautomator2Driver@2273]&amp#27;[0m Responding to client with driver.getScreenshot() result: "iVBORw0KGgoAAAANSUhEUgAABDgAAAjoCAYAAAA5jhrUAAAAAXNSR0IArs4c6QAAAARzQklUCAgICHwIZIgAACAASURBVHic7N13nB1V/f/x9zkzd3cTsgkJJJGWAALSkSaoWIAvIihgLyiIfv36tWD3ay/Yexcr+IOvgigoiiICXwWliYiIIh2EEEpISGez2Ttzzu+Pmbl37t65W+/d3dl9PXmE5E45c87Ucz5zZsbMv/VkLwAAAAAAgBKzk50BAAAAAACA8SLAAQAAAAAASo8ABwAAAAAAKD0CHAAAAAAAoPQIcAAAAAAAgNIjwAEAAAAAAEqPAAcAAAAAACg9AhwAAAAAAKD0CHAAAAAAAIDSI8ABAAAAAABKjwAHAAAAAAAoPQIcAAAAAACg9AhwAAAAAACA0iPAAQAAAAAASo8ABwAAAAAAKD0CHAAAAAAAoPQIcAAAAAAAgNIjwAEAAAAAAEqPAAcAAAAAACg9AhwAAAAAAKD0CHAAAAAAAIDSI8ABAAAAAABKjwAHAAAAAAAoPQIcAAAAAACg9AhwAAAAAACA0gsnOwPAVGBkZLK/TfJvSfKSvPdK/lP6//KaKeUEAAAAMPMQ4MCMZWQUGqsndj1B5+7wTu1YWTjk9PdVV+qVD3xV9w48osi70gQBZko5AQAAgJGYF8zW3t1LtE/PEs2zs7V3zxLNC7aojV8XP65b+pdpnevTP/uX6ZbNy7Qu7puUvB42e3ddtPQDI5r2+Ps/q6v7bu9wjqY2AhyYkXrtLH100Ut1yvzDFYzwSa0dKwt13c6fUSyns9dcqY8/+jNtcJs6nNPxmSnlBAAAAIaypLK1ju09QMf2HqjDZu8+7PTP6z2w4ffVfbfrtxtu1G83/E3Lqqs6lU2Mk5l/68ncnsWMEZpAb1pwtE5b9DLVH9AYGy+vjz96vr69+neKfNymHLbHTCknAAAAMJTDZu+u/17wnKaAxXhcvOFGfW/1ZRPSW4IeHKNDgAMzgpFRr+3RFTt9Qjt1LWpr...
&amp#27;[38;5;70m[ade9d096]&amp#27;[0m&amp#27;[38;5;86m[HTTP]&amp#27;[0m &amp#27;[37m<-- GET /session/ade9d096-5067-47c7-9c97-3fe91456d453/screenshot &amp#27;[39m&amp#27;[32m200&amp#27;[39m &amp#27;[90m1066 ms - 615780&amp#27;[39m &amp#27;[90m&amp#27;[39m
&amp#27;[38;5;70m[ade9d096]&amp#27;[0m&amp#27;[38;5;86m[HTTP]&amp#27;[0m &amp#27;[37m-->&amp#27;[39m &amp#27;[37mPOST&amp#27;[39m &amp#27;[37m/session/ade9d096-5067-47c7-9c97-3fe91456d453/element&amp#27;[39m &amp#27;[90m{"using":"-android uiautomator","value":"new UiScrollable(new UiSelector()).scrollIntoView(text(\"Argentina\"));"}&amp#27;[39m
&amp#27;[38;5;70m[ade9d096]&amp#27;[0m&amp#27;[38;5;-135m[AndroidUiautomator2Driver@2273]&amp#27;[0m Calling AppiumDriver.findElement() with args: ["-android uiautomator","new UiScrollable(new UiSelector()).scrollIntoView(text(\"Argentina\"));","ade9d096-5067-47c7-9c97-3fe91456d453"]
&amp#27;[38;5;70m[ade9d096]&amp#27;[0m&amp#27;[38;5;-135m[AndroidUiautomator2Driver@2273]&amp#27;[0m Valid locator strategies for this request: xpath, id, class name, accessibility id, css selector, -android uiautomator
&amp#27;[38;5;70m[ade9d096]&amp#27;[0m&amp#27;[38;5;-135m[AndroidUiautomator2Driver@2273]&amp#27;[0m Waiting up to 0 ms for condition
&amp#27;[38;5;70m[ade9d096]&amp#27;[0m&amp#27;[38;5;-135m[AndroidUiautomator2Driver@2273]&amp#27;[0m Matched '/element' to command name 'findElement'
&amp#27;[38;5;70m[ade9d096]&amp#27;[0m&amp#27;[38;5;-135m[AndroidUiautomator2Driver@2273]&amp#27;[0m Proxying [POST /element] to [POST http://127.0.0.1:8202/session/4722cfec-51bd-4f11-b655-5a48ac1f92c5/element] with body: {"strategy":"-android uiautomator","selector":"new UiScrollable(new UiSelector()).scrollIntoView(text(\"Argentina\"));","context":"","multiple":false}
&amp#27;[38;5;194m[55708041]&amp#27;[0m&amp#27;[38;5;4m[AndroidUiautomator2Driver@808c]&amp#27;[0m Got response with status 200: {"sessionId":"5c8254f6-41c9-4eea-a5aa-85f671ef49e6","value":{"ELEMENT":"00000000-0000-11ff-ffff-ffff00000029","element-6066-11e4-a52e-4f735466cecf":"00000000-0000-11ff-ffff-ffff00000029"}}
&amp#27;[38;5;194m[55708041]&amp#27;[0m&amp#27;[38;5;4m[AndroidUiautomator2Driver@808c]&amp#27;[0m Responding to client with driver.findElement() result: {"element-6066-11e4-a52e-4f735466cecf":"00000000-0000-11ff-ffff-ffff00000029","ELEMENT":"00000000-0000-11ff-ffff-ffff00000029"}
&amp#27;[38;5;194m[55708041]&amp#27;[0m&amp#27;[38;5;86m[HTTP]&amp#27;[0m &amp#27;[37m<-- POST /session/55708041-befe-44f6-a79b-60daa6ec8bfd/element &amp#27;[39m&amp#27;[32m200&amp#27;[39m &amp#27;[90m3904 ms - 137&amp#27;[39m &amp#27;[90m&amp#27;[39m
&amp#27;[38;5;194m[55708041]&amp#27;[0m&amp#27;[38;5;86m[HTTP]&amp#27;[0m &amp#27;[37m-->&amp#27;[39m &amp#27;[37mPOST&amp#27;[39m &amp#27;[37m/session/55708041-befe-44f6-a79b-60daa6ec8bfd/element&amp#27;[39m &amp#27;[90m{"using":"xpath","value":"//android.widget.TextView[@text='Argentina']"}&amp#27;[39m
&amp#27;[38;5;194m[55708041]&amp#27;[0m&amp#27;[38;5;4m[AndroidUiautomator2Driver@808c]&amp#27;[0m Calling AppiumDriver.findElement() with args: ["xpath","//android.widget.TextView[@text='Argentina']","55708041-befe-44f6-a79b-60daa6ec8bfd"]
&amp#27;[38;5;194m[55708041]&amp#27;[0m&amp#27;[38;5;4m[AndroidUiautomator2Driver@808c]&amp#27;[0m Valid locator strategies for this request: xpath, id, class name, accessibility id, css selector, -android uiautomator
&amp#27;[38;5;194m[55708041]&amp#27;[0m&amp#27;[38;5;4m[AndroidUiautomator2Driver@808c]&amp#27;[0m Waiting up to 0 ms for condition
&amp#27;[38;5;194m[55708041]&amp#27;[0m&amp#27;[38;5;4m[AndroidUiautomator2Driver@808c]&amp#27;[0m Matched '/element' to command name 'findElement'
&amp#27;[38;5;194m[55708041]&amp#27;[0m&amp#27;[38;5;4m[AndroidUiautomator2Driver@808c]&amp#27;[0m Proxying [POST /element] to [POST http://127.0.0.1:8201/session/5c8254f6-41c9-4eea-a5aa-85f671ef49e6/element] with body: {"strategy":"xpath","selector":"//android.widget.TextView[@text='Argentina']","context":"","multiple":false}
&amp#27;[38;5;194m[55708041]&amp#27;[0m&amp#27;[38;5;4m[AndroidUiautomator2Driver@808c]&amp#27;[0m Got response with status 200: {"sessionId":"5c8254f6-41c9-4eea-a5aa-85f671ef49e6","value":{"ELEMENT":"00000000-0000-11ff-ffff-ffff00000029","element-6066-11e4-a52e-4f735466cecf":"00000000-0000-11ff-ffff-ffff00000029"}}
&amp#27;[38;5;194m[55708041]&amp#27;[0m&amp#27;[38;5;4m[AndroidUiautomator2Driver@808c]&amp#27;[0m Responding to client with driver.findElement() result: {"element-6066-11e4-a52e-4f735466cecf":"00000000-0000-11ff-ffff-ffff00000029","ELEMENT":"00000000-0000-11ff-ffff-ffff00000029"}
&amp#27;[38;5;194m[55708041]&amp#27;[0m&amp#27;[38;5;86m[HTTP]&amp#27;[0m &amp#27;[37m<-- POST /session/55708041-befe-44f6-a79b-60daa6ec8bfd/element &amp#27;[39m&amp#27;[32m200&amp#27;[39m &amp#27;[90m214 ms - 137&amp#27;[39m &amp#27;[90m&amp#27;[39m
&amp#27;[38;5;194m[55708041]&amp#27;[0m&amp#27;[38;5;86m[HTTP]&amp#27;[0m &amp#27;[37m-->&amp#27;[39m &amp#27;[37mPOST&amp#27;[39m &amp#27;[37m/session/55708041-befe-44f6-a79b-60daa6ec8bfd/element/00000000-0000-11ff-ffff-ffff00000029/click&amp#27;[39m &amp#27;[90m{"id":"00000000-0000-11ff-ffff-ffff00000029"}&amp#27;[39m
&amp#27;[38;5;194m[55708041]&amp#27;[0m&amp#27;[38;5;4m[AndroidUiautomator2Driver@808c]&amp#27;[0m Calling AppiumDriver.click() with args: ["00000000-0000-11ff-ffff-ffff00000029","55708041-befe-44f6-a79b-60daa6ec8bfd"]
&amp#27;[38;5;194m[55708041]&amp#27;[0m&amp#27;[38;5;4m[AndroidUiautomator2Driver@808c]&amp#27;[0m Matched '/element/00000000-0000-11ff-ffff-ffff00000029/click' to command name 'click'
&amp#27;[38;5;194m[55708041]&amp#27;[0m&amp#27;[38;5;4m[AndroidUiautomator2Driver@808c]&amp#27;[0m Proxying [POST /element/00000000-0000-11ff-ffff-ffff00000029/click] to [POST http://127.0.0.1:8201/session/5c8254f6-41c9-4eea-a5aa-85f671ef49e6/element/00000000-0000-11ff-ffff-ffff00000029/click] with body: {"element":"00000000-0000-11ff-ffff-ffff00000029"}
&amp#27;[38;5;194m[55708041]&amp#27;[0m&amp#27;[38;5;4m[AndroidUiautomator2Driver@808c]&amp#27;[0m Got response with status 200: {"sessionId":"5c8254f6-41c9-4eea-a5aa-85f671ef49e6","value":null}
&amp#27;[38;5;194m[55708041]&amp#27;[0m&amp#27;[38;5;4m[AndroidUiautomator2Driver@808c]&amp#27;[0m Responding to client with driver.click() result: null
&amp#27;[38;5;194m[55708041]&amp#27;[0m&amp#27;[38;5;86m[HTTP]&amp#27;[0m &amp#27;[37m<-- POST /session/55708041-befe-44f6-a79b-60daa6ec8bfd/element/00000000-0000-11ff-ffff-ffff00000029/click &amp#27;[39m&amp#27;[32m200&amp#27;[39m &amp#27;[90m656 ms - 14&amp#27;[39m &amp#27;[90m&amp#27;[39m
&amp#27;[38;5;194m[55708041]&amp#27;[0m&amp#27;[38;5;86m[HTTP]&amp#27;[0m &amp#27;[37m-->&amp#27;[39m &amp#27;[37mGET&amp#27;[39m &amp#27;[37m/session/55708041-befe-44f6-a79b-60daa6ec8bfd/screenshot&amp#27;[39m &amp#27;[90m{}&amp#27;[39m
&amp#27;[38;5;194m[55708041]&amp#27;[0m&amp#27;[38;5;4m[AndroidUiautomator2Driver@808c]&amp#27;[0m Calling AppiumDriver.getScreenshot() with args: ["55708041-befe-44f6-a79b-60daa6ec8bfd"]
&amp#27;[38;5;194m[55708041]&amp#27;[0m&amp#27;[38;5;4m[AndroidUiautomator2Driver@808c]&amp#27;[0m Matched '/screenshot' to command name 'getScreenshot'
&amp#27;[38;5;194m[55708041]&amp#27;[0m&amp#27;[38;5;4m[AndroidUiautomator2Driver@808c]&amp#27;[0m Proxying [GET /screenshot] to [GET http://127.0.0.1:8201/session/5c8254f6-41c9-4eea-a5aa-85f671ef49e6/screenshot] with no body
&amp#27;[38;5;194m[55708041]&amp#27;[0m&amp#27;[38;5;4m[AndroidUiautomator2Driver@808c]&amp#27;[0m Got response with status 200: {"sessionId":"5c8254f6-41c9-4eea-a5aa-85f671ef49e6","value":"iVBORw0KGgoAAAANSUhEUgAABDgAAAlgCAYAAABtGofVAAAAAXNSR0IArs4c6QAAAARzQklUCAgICHwIZIgAACAASURBVHic7N13nFx1vf/x9zlnyva+KZveG4EUQgKE0IOUUKSICngpCiIW1Ou9Xv1d0QvXBteKDSyo9E6QEkCQgEkgAUJI7z2bbLa3mTnl90ey65Y5s73M5vX04UMz3zPf852TOTw47/l+P18jd911ngAAAAAAAJKY2dcDAAAAAAAA6CoCDgAAAAAAkPQIOAAAAAAAQNIj4AAAAAAAAEmPgAMAAAAAACQ9Ag4AAAAAAJD0CDgAAAAAAEDSI+AAAAAAAABJj4ADAAAAAAAkPQIOAAAAAACQ9Ag4AAAAAABA0iPgAAAAAAAASY+AAwAAAAAAJD0CDgAAAAAAkPQIOAAAAAAAQNIj4AAAAAAAAEmPgAMAAAAAACQ9Ag4AAAAAAJD0CDgAAAAAAEDSI+AAAAAAAABJj4ADAAAAAAAkPQIOAAAAAACQ9Ag4AAAAAABA0iPgAAAAAAAASY+AAwAAAAAAJD0CDgAAAAAAkPQIOAAAAAAAQNIj4AAAAAAAAEmPgAMAAAAAACS9QF8PAAAAAACA/sSQoYJApualTtTU8HAVBfM0NJCrIYEcpZrhXhlDnRvRfrtMB+xy7YuVal1kj5bXbVKJXSVPXq+MIdkQcAAAAAAAjmmGDKWbYY0ODdLCjBN0WtoUTQ0PV8Dow0dmK0PDgvnNXrI9W2sju7W0Zr2WVK/Wjtgh1boRAo+jjNx113ElAAAAAADHHEOGMs0UTQwX6cLM2bok6yRlm2l9Pax2KXOq9XTlCi2pXq2Nkb2qcuuP+aCDgAMAAAAAcMwxZWhksEAfz56nCzNma2SoQGaSlal05WpXtER/q16lJyqWaXfs8DEdchBwAAAAAACOOdPCI3Rb/vk6LW1Kr9XV6Cl1...
&amp#27;[38;5;194m[55708041]&amp#27;[0m&amp#27;[38;5;4m[AndroidUiautomator2Driver@808c]&amp#27;[0m Responding to client with driver.getScreenshot() result: "iVBORw0KGgoAAAANSUhEUgAABDgAAAlgCAYAAABtGofVAAAAAXNSR0IArs4c6QAAAARzQklUCAgICHwIZIgAACAASURBVHic7N13nFx1vf/x9zlnyva+KZveG4EUQgKE0IOUUKSICngpCiIW1Ou9Xv1d0QvXBteKDSyo9E6QEkCQgEkgAUJI7z2bbLa3mTnl90ey65Y5s73M5vX04UMz3zPf852TOTw47/l+P18jd911ngAAAAAAAJKY2dcDAAAAAAAA6CoCDgAAAAAAkPQIOAAAAAAAQNIj4AAAAAAAAEmPgAMAAAAAACQ9Ag4AAAAAAJD0CDgAAAAAAEDSI+AAAAAAAABJj4ADAAAAAAAkPQIOAAAAAACQ9Ag4AAAAAABA0iPgAAAAAAAASY+AAwAAAAAAJD0CDgAAAAAAkPQIOAAAAAAAQNIj4AAAAAAAAEmPgAMAAAAAACQ9Ag4AAAAAAJD0CDgAAAAAAEDSI+AAAAAAAABJj4ADAAAAAAAkPQIOAAAAAACQ9Ag4AAAAAABA0iPgAAAAAAAASY+AAwAAAAAAJD0CDgAAAAAAkPQIOAAAAAAAQNIj4AAAAAAAAEmPgAMAAAAAACS9QF8PAAAAAACA/sSQoYJApualTtTU8HAVBfM0NJCrIYEcpZrhXhlDnRvRfrtMB+xy7YuVal1kj5bXbVKJXSVPXq+MIdkQcAAAAAAAjmmGDKWbYY0ODdLCjBN0WtoUTQ0PV8Dow0dmK0PDgvnNXrI9W2sju7W0Zr2WVK/Wjtgh1boRAo+jjNx113ElAAAAAADHHEOGMs0UTQwX6cLM2bok6yRlm2l9Pax2KXOq9XTlCi2pXq2Nkb2qcuuP+aCDgAMAAAAAcMwxZWhksEAfz56nCzNma2SoQGaSlal05WpXtER/q16lJyqWaXfs8DEdchBwAAAAAACOOdPCI3Rb/vk6LW1Kr9XV6Cl1bkSv16zVL0tf1MbI3r4eTp+hBgcAAAAA9DPjQkM0PWWkCq0sSVLUs3XYqVKx...
&amp#27;[38;5;194m[55708041]&amp#27;[0m&amp#27;[38;5;86m[HTTP]&amp#27;[0m &amp#27;[37m<-- GET /session/55708041-befe-44f6-a79b-60daa6ec8bfd/screenshot &amp#27;[39m&amp#27;[32m200&amp#27;[39m &amp#27;[90m545 ms - 682272&amp#27;[39m &amp#27;[90m&amp#27;[39m
&amp#27;[38;5;194m[55708041]&amp#27;[0m&amp#27;[38;5;86m[HTTP]&amp#27;[0m &amp#27;[37m-->&amp#27;[39m &amp#27;[37mPOST&amp#27;[39m &amp#27;[37m/session/55708041-befe-44f6-a79b-60daa6ec8bfd/element&amp#27;[39m &amp#27;[90m{"using":"id","value":"com.androidsample.generalstore:id/btnLetsShop"}&amp#27;[39m
&amp#27;[38;5;194m[55708041]&amp#27;[0m&amp#27;[38;5;4m[AndroidUiautomator2Driver@808c]&amp#27;[0m Calling AppiumDriver.findElement() with args: ["id","com.androidsample.generalstore:id/btnLetsShop","55708041-befe-44f6-a79b-60daa6ec8bfd"]
&amp#27;[38;5;194m[55708041]&amp#27;[0m&amp#27;[38;5;4m[AndroidUiautomator2Driver@808c]&amp#27;[0m Valid locator strategies for this request: xpath, id, class name, accessibility id, css selector, -android uiautomator
&amp#27;[38;5;194m[55708041]&amp#27;[0m&amp#27;[38;5;4m[AndroidUiautomator2Driver@808c]&amp#27;[0m Waiting up to 0 ms for condition
&amp#27;[38;5;194m[55708041]&amp#27;[0m&amp#27;[38;5;4m[AndroidUiautomator2Driver@808c]&amp#27;[0m Matched '/element' to command name 'findElement'
&amp#27;[38;5;194m[55708041]&amp#27;[0m&amp#27;[38;5;4m[AndroidUiautomator2Driver@808c]&amp#27;[0m Proxying [POST /element] to [POST http://127.0.0.1:8201/session/5c8254f6-41c9-4eea-a5aa-85f671ef49e6/element] with body: {"strategy":"id","selector":"com.androidsample.generalstore:id/btnLetsShop","context":"","multiple":false}
&amp#27;[38;5;194m[55708041]&amp#27;[0m&amp#27;[38;5;4m[AndroidUiautomator2Driver@808c]&amp#27;[0m Got response with status 200: {"sessionId":"5c8254f6-41c9-4eea-a5aa-85f671ef49e6","value":{"ELEMENT":"00000000-0000-11fe-ffff-ffff00000021","element-6066-11e4-a52e-4f735466cecf":"00000000-0000-11fe-ffff-ffff00000021"}}
&amp#27;[38;5;194m[55708041]&amp#27;[0m&amp#27;[38;5;4m[AndroidUiautomator2Driver@808c]&amp#27;[0m Responding to client with driver.findElement() result: {"element-6066-11e4-a52e-4f735466cecf":"00000000-0000-11fe-ffff-ffff00000021","ELEMENT":"00000000-0000-11fe-ffff-ffff00000021"}
&amp#27;[38;5;194m[55708041]&amp#27;[0m&amp#27;[38;5;86m[HTTP]&amp#27;[0m &amp#27;[37m<-- POST /session/55708041-befe-44f6-a79b-60daa6ec8bfd/element &amp#27;[39m&amp#27;[32m200&amp#27;[39m &amp#27;[90m51 ms - 137&amp#27;[39m &amp#27;[90m&amp#27;[39m
&amp#27;[38;5;194m[55708041]&amp#27;[0m&amp#27;[38;5;86m[HTTP]&amp#27;[0m &amp#27;[37m-->&amp#27;[39m &amp#27;[37mPOST&amp#27;[39m &amp#27;[37m/session/55708041-befe-44f6-a79b-60daa6ec8bfd/element/00000000-0000-11fe-ffff-ffff00000021/click&amp#27;[39m &amp#27;[90m{"id":"00000000-0000-11fe-ffff-ffff00000021"}&amp#27;[39m
&amp#27;[38;5;194m[55708041]&amp#27;[0m&amp#27;[38;5;4m[AndroidUiautomator2Driver@808c]&amp#27;[0m Calling AppiumDriver.click() with args: ["00000000-0000-11fe-ffff-ffff00000021","55708041-befe-44f6-a79b-60daa6ec8bfd"]
&amp#27;[38;5;194m[55708041]&amp#27;[0m&amp#27;[38;5;4m[AndroidUiautomator2Driver@808c]&amp#27;[0m Matched '/element/00000000-0000-11fe-ffff-ffff00000021/click' to command name 'click'
&amp#27;[38;5;194m[55708041]&amp#27;[0m&amp#27;[38;5;4m[AndroidUiautomator2Driver@808c]&amp#27;[0m Proxying [POST /element/00000000-0000-11fe-ffff-ffff00000021/click] to [POST http://127.0.0.1:8201/session/5c8254f6-41c9-4eea-a5aa-85f671ef49e6/element/00000000-0000-11fe-ffff-ffff00000021/click] with body: {"element":"00000000-0000-11fe-ffff-ffff00000021"}
&amp#27;[38;5;194m[55708041]&amp#27;[0m&amp#27;[38;5;4m[AndroidUiautomator2Driver@808c]&amp#27;[0m Got response with status 200: {"sessionId":"5c8254f6-41c9-4eea-a5aa-85f671ef49e6","value":null}
&amp#27;[38;5;194m[55708041]&amp#27;[0m&amp#27;[38;5;4m[AndroidUiautomator2Driver@808c]&amp#27;[0m Responding to client with driver.click() result: null
&amp#27;[38;5;194m[55708041]&amp#27;[0m&amp#27;[38;5;86m[HTTP]&amp#27;[0m &amp#27;[37m<-- POST /session/55708041-befe-44f6-a79b-60daa6ec8bfd/element/00000000-0000-11fe-ffff-ffff00000021/click &amp#27;[39m&amp#27;[32m200&amp#27;[39m &amp#27;[90m95 ms - 14&amp#27;[39m &amp#27;[90m&amp#27;[39m
&amp#27;[38;5;194m[55708041]&amp#27;[0m&amp#27;[38;5;86m[HTTP]&amp#27;[0m &amp#27;[37m-->&amp#27;[39m &amp#27;[37mGET&amp#27;[39m &amp#27;[37m/session/55708041-befe-44f6-a79b-60daa6ec8bfd/screenshot&amp#27;[39m &amp#27;[90m{}&amp#27;[39m
&amp#27;[38;5;194m[55708041]&amp#27;[0m&amp#27;[38;5;4m[AndroidUiautomator2Driver@808c]&amp#27;[0m Calling AppiumDriver.getScreenshot() with args: ["55708041-befe-44f6-a79b-60daa6ec8bfd"]
&amp#27;[38;5;194m[55708041]&amp#27;[0m&amp#27;[38;5;4m[AndroidUiautomator2Driver@808c]&amp#27;[0m Matched '/screenshot' to command name 'getScreenshot'
&amp#27;[38;5;194m[55708041]&amp#27;[0m&amp#27;[38;5;4m[AndroidUiautomator2Driver@808c]&amp#27;[0m Proxying [GET /screenshot] to [GET http://127.0.0.1:8201/session/5c8254f6-41c9-4eea-a5aa-85f671ef49e6/screenshot] with no body
&amp#27;[38;5;194m[55708041]&amp#27;[0m&amp#27;[38;5;4m[AndroidUiautomator2Driver@808c]&amp#27;[0m Got response with status 200: {"sessionId":"5c8254f6-41c9-4eea-a5aa-85f671ef49e6","value":"iVBORw0KGgoAAAANSUhEUgAABDgAAAlgCAYAAABtGofVAAAAAXNSR0IArs4c6QAAAARzQklUCAgICHwIZIgAACAASURBVHic7N13nFx1vf/x9zlnyva+m930QjolIZBCCyX0GgEVBEUEFcTu9acX9WK71wKi4kUF0SuCAtJ77yWFhIQ00nvZZHudnZlzzu+PZJctc2Z7mcnr+Xj4MJnvme/5zmEOD857vt/P18hdeZUrAAAAAACABFM5476WP5uDOA4AAAAAAIA+QcABAAAAAAASHgEHAAAAAABIeAQcAAAAAAAg4RFwAAAAAACAhEfAAQAAAAAAEh4BBwAAAAAASHgEHAAAAAAAIOERcAAAAAAAgIRHwAEAAAAAABIeAQcAAAAAAEh4BBwAAAAAACDhEXAAAAAAAICER8ABAAAAAAASHgEHAAAAAABIeAQcAAAAAAAg4RFwAAAAAACAhEfAAQAAAAAAEh4BBwAAAAAASHgEHAAAAAAAIOERcAAAAAAAgIRHwAEAAAAAABIeAQcAAAAAAEh4BBwAAAAAACDhEXAAAAAAAICER8ABAAAAAAASHgEHAAAAAABIeAQcAAAAAAAg4RFwAAAAAACAhOcb7AEAAAAAADCUGDJU4MvU3PRJmpYySsP9eSrx56rYn6tUIzAgY2h0w9obqdS+SKX2RCq0NrRTi+o3qCxaK1fugIwh0RBwAAAAAAAOa4YMpZtBjQ0U6aysGTo5Y5qmpYyUz7AGdVwj/Hlt/h51ba0J7dRbdWv1Ys0KbQsfUIPTROBxiJG78iquBAAAAADgsGPIUKaVqknB4To/e5Yuzp6tbCttsIfVJZV2vR6rWqQXa1ZofdMe1dqNh2XQUTnjvpY/M4MDAAAAAHDYMWVodKBQn8iZq/OzZml0oFCmYQz2sLos10rXNXmn6/SMo/RMzTI9XPWudobLD8uQoxkBBwAAAADg...
&amp#27;[38;5;194m[55708041]&amp#27;[0m&amp#27;[38;5;4m[AndroidUiautomator2Driver@808c]&amp#27;[0m Responding to client with driver.getScreenshot() result: "iVBORw0KGgoAAAANSUhEUgAABDgAAAlgCAYAAABtGofVAAAAAXNSR0IArs4c6QAAAARzQklUCAgICHwIZIgAACAASURBVHic7N13nFx1vf/x9zlnyva+m930QjolIZBCCyX0GgEVBEUEFcTu9acX9WK71wKi4kUF0SuCAtJ77yWFhIQ00nvZZHudnZlzzu+PZJctc2Z7mcnr+Xj4MJnvme/5zmEOD857vt/P18hdeZUrAAAAAACABFM5476WP5uDOA4AAAAAAIA+QcABAAAAAAASHgEHAAAAAABIeAQcAAAAAAAg4RFwAAAAAACAhEfAAQAAAAAAEh4BBwAAAAAASHgEHAAAAAAAIOERcAAAAAAAgIRHwAEAAAAAABIeAQcAAAAAAEh4BBwAAAAAACDhEXAAAAAAAICER8ABAAAAAAASHgEHAAAAAABIeAQcAAAAAAAg4RFwAAAAAACAhEfAAQAAAAAAEh4BBwAAAAAASHgEHAAAAAAAIOERcAAAAAAAgIRHwAEAAAAAABIeAQcAAAAAAEh4BBwAAAAAACDhEXAAAAAAAICER8ABAAAAAAASHgEHAAAAAABIeAQcAAAAAAAg4RFwAAAAAACAhOcb7AEAAAAAADCUGDJU4MvU3PRJmpYySsP9eSrx56rYn6tUIzAgY2h0w9obqdS+SKX2RCq0NrRTi+o3qCxaK1fugIwh0RBwAAAAAAAOa4YMpZtBjQ0U6aysGTo5Y5qmpYyUz7AGdVwj/Hlt/h51ba0J7dRbdWv1Ys0KbQsfUIPTROBxiJG78iquBAAAAADgsGPIUKaVqknB4To/e5Yuzp6tbCttsIfVJZV2vR6rWqQXa1ZofdMe1dqNh2XQUTnjvpY/M4MDAAAAAHDYMWVodKBQn8iZq/OzZml0oFCmYQz2sLos10rXNXmn6/SMo/RMzTI9XPWudobLD8uQoxkBBwAAAADgsDM1ZaRuKjxfJ2dMVao5MHU1+pppGBobLNK1+WdoXHCY/nDgWa0P7R7sYQ0a...
&amp#27;[38;5;194m[55708041]&amp#27;[0m&amp#27;[38;5;86m[HTTP]&amp#27;[0m &amp#27;[37m<-- GET /session/55708041-befe-44f6-a79b-60daa6ec8bfd/screenshot &amp#27;[39m&amp#27;[32m200&amp#27;[39m &amp#27;[90m497 ms - 686064&amp#27;[39m &amp#27;[90m&amp#27;[39m
&amp#27;[38;5;70m[ade9d096]&amp#27;[0m&amp#27;[38;5;-135m[AndroidUiautomator2Driver@2273]&amp#27;[0m Got response with status 200: {"sessionId":"4722cfec-51bd-4f11-b655-5a48ac1f92c5","value":{"ELEMENT":"00000000-0000-06b3-ffff-ffff00000032","element-6066-11e4-a52e-4f735466cecf":"00000000-0000-06b3-ffff-ffff00000032"}}
&amp#27;[38;5;70m[ade9d096]&amp#27;[0m&amp#27;[38;5;-135m[AndroidUiautomator2Driver@2273]&amp#27;[0m Responding to client with driver.findElement() result: {"element-6066-11e4-a52e-4f735466cecf":"00000000-0000-06b3-ffff-ffff00000032","ELEMENT":"00000000-0000-06b3-ffff-ffff00000032"}
&amp#27;[38;5;70m[ade9d096]&amp#27;[0m&amp#27;[38;5;86m[HTTP]&amp#27;[0m &amp#27;[37m<-- POST /session/ade9d096-5067-47c7-9c97-3fe91456d453/element &amp#27;[39m&amp#27;[32m200&amp#27;[39m &amp#27;[90m3028 ms - 137&amp#27;[39m &amp#27;[90m&amp#27;[39m
&amp#27;[38;5;70m[ade9d096]&amp#27;[0m&amp#27;[38;5;86m[HTTP]&amp#27;[0m &amp#27;[37m-->&amp#27;[39m &amp#27;[37mPOST&amp#27;[39m &amp#27;[37m/session/ade9d096-5067-47c7-9c97-3fe91456d453/element&amp#27;[39m &amp#27;[90m{"using":"xpath","value":"//android.widget.TextView[@text='Argentina']"}&amp#27;[39m
&amp#27;[38;5;70m[ade9d096]&amp#27;[0m&amp#27;[38;5;-135m[AndroidUiautomator2Driver@2273]&amp#27;[0m Calling AppiumDriver.findElement() with args: ["xpath","//android.widget.TextView[@text='Argentina']","ade9d096-5067-47c7-9c97-3fe91456d453"]
&amp#27;[38;5;70m[ade9d096]&amp#27;[0m&amp#27;[38;5;-135m[AndroidUiautomator2Driver@2273]&amp#27;[0m Valid locator strategies for this request: xpath, id, class name, accessibility id, css selector, -android uiautomator
&amp#27;[38;5;70m[ade9d096]&amp#27;[0m&amp#27;[38;5;-135m[AndroidUiautomator2Driver@2273]&amp#27;[0m Waiting up to 0 ms for condition
&amp#27;[38;5;70m[ade9d096]&amp#27;[0m&amp#27;[38;5;-135m[AndroidUiautomator2Driver@2273]&amp#27;[0m Matched '/element' to command name 'findElement'
&amp#27;[38;5;70m[ade9d096]&amp#27;[0m&amp#27;[38;5;-135m[AndroidUiautomator2Driver@2273]&amp#27;[0m Proxying [POST /element] to [POST http://127.0.0.1:8202/session/4722cfec-51bd-4f11-b655-5a48ac1f92c5/element] with body: {"strategy":"xpath","selector":"//android.widget.TextView[@text='Argentina']","context":"","multiple":false}
&amp#27;[38;5;70m[ade9d096]&amp#27;[0m&amp#27;[38;5;-135m[AndroidUiautomator2Driver@2273]&amp#27;[0m Got response with status 200: {"sessionId":"4722cfec-51bd-4f11-b655-5a48ac1f92c5","value":{"ELEMENT":"00000000-0000-06b3-ffff-ffff00000032","element-6066-11e4-a52e-4f735466cecf":"00000000-0000-06b3-ffff-ffff00000032"}}
&amp#27;[38;5;70m[ade9d096]&amp#27;[0m&amp#27;[38;5;-135m[AndroidUiautomator2Driver@2273]&amp#27;[0m Responding to client with driver.findElement() result: {"element-6066-11e4-a52e-4f735466cecf":"00000000-0000-06b3-ffff-ffff00000032","ELEMENT":"00000000-0000-06b3-ffff-ffff00000032"}
&amp#27;[38;5;70m[ade9d096]&amp#27;[0m&amp#27;[38;5;86m[HTTP]&amp#27;[0m &amp#27;[37m<-- POST /session/ade9d096-5067-47c7-9c97-3fe91456d453/element &amp#27;[39m&amp#27;[32m200&amp#27;[39m &amp#27;[90m440 ms - 137&amp#27;[39m &amp#27;[90m&amp#27;[39m
&amp#27;[38;5;70m[ade9d096]&amp#27;[0m&amp#27;[38;5;86m[HTTP]&amp#27;[0m &amp#27;[37m-->&amp#27;[39m &amp#27;[37mPOST&amp#27;[39m &amp#27;[37m/session/ade9d096-5067-47c7-9c97-3fe91456d453/element/00000000-0000-06b3-ffff-ffff00000032/click&amp#27;[39m &amp#27;[90m{"id":"00000000-0000-06b3-ffff-ffff00000032"}&amp#27;[39m
&amp#27;[38;5;70m[ade9d096]&amp#27;[0m&amp#27;[38;5;-135m[AndroidUiautomator2Driver@2273]&amp#27;[0m Calling AppiumDriver.click() with args: ["00000000-0000-06b3-ffff-ffff00000032","ade9d096-5067-47c7-9c97-3fe91456d453"]
&amp#27;[38;5;70m[ade9d096]&amp#27;[0m&amp#27;[38;5;-135m[AndroidUiautomator2Driver@2273]&amp#27;[0m Matched '/element/00000000-0000-06b3-ffff-ffff00000032/click' to command name 'click'
&amp#27;[38;5;70m[ade9d096]&amp#27;[0m&amp#27;[38;5;-135m[AndroidUiautomator2Driver@2273]&amp#27;[0m Proxying [POST /element/00000000-0000-06b3-ffff-ffff00000032/click] to [POST http://127.0.0.1:8202/session/4722cfec-51bd-4f11-b655-5a48ac1f92c5/element/00000000-0000-06b3-ffff-ffff00000032/click] with body: {"element":"00000000-0000-06b3-ffff-ffff00000032"}
&amp#27;[38;5;70m[ade9d096]&amp#27;[0m&amp#27;[38;5;-135m[AndroidUiautomator2Driver@2273]&amp#27;[0m Got response with status 200: {"sessionId":"4722cfec-51bd-4f11-b655-5a48ac1f92c5","value":null}
&amp#27;[38;5;70m[ade9d096]&amp#27;[0m&amp#27;[38;5;-135m[AndroidUiautomator2Driver@2273]&amp#27;[0m Responding to client with driver.click() result: null
&amp#27;[38;5;70m[ade9d096]&amp#27;[0m&amp#27;[38;5;86m[HTTP]&amp#27;[0m &amp#27;[37m<-- POST /session/ade9d096-5067-47c7-9c97-3fe91456d453/element/00000000-0000-06b3-ffff-ffff00000032/click &amp#27;[39m&amp#27;[32m200&amp#27;[39m &amp#27;[90m614 ms - 14&amp#27;[39m &amp#27;[90m&amp#27;[39m
&amp#27;[38;5;70m[ade9d096]&amp#27;[0m&amp#27;[38;5;86m[HTTP]&amp#27;[0m &amp#27;[37m-->&amp#27;[39m &amp#27;[37mGET&amp#27;[39m &amp#27;[37m/session/ade9d096-5067-47c7-9c97-3fe91456d453/screenshot&amp#27;[39m &amp#27;[90m{}&amp#27;[39m
&amp#27;[38;5;70m[ade9d096]&amp#27;[0m&amp#27;[38;5;-135m[AndroidUiautomator2Driver@2273]&amp#27;[0m Calling AppiumDriver.getScreenshot() with args: ["ade9d096-5067-47c7-9c97-3fe91456d453"]
&amp#27;[38;5;70m[ade9d096]&amp#27;[0m&amp#27;[38;5;-135m[AndroidUiautomator2Driver@2273]&amp#27;[0m Matched '/screenshot' to command name 'getScreenshot'
&amp#27;[38;5;70m[ade9d096]&amp#27;[0m&amp#27;[38;5;-135m[AndroidUiautomator2Driver@2273]&amp#27;[0m Proxying [GET /screenshot] to [GET http://127.0.0.1:8202/session/4722cfec-51bd-4f11-b655-5a48ac1f92c5/screenshot] with no body
&amp#27;[38;5;70m[ade9d096]&amp#27;[0m&amp#27;[38;5;-135m[AndroidUiautomator2Driver@2273]&amp#27;[0m Got response with status 200: {"sessionId":"4722cfec-51bd-4f11-b655-5a48ac1f92c5","value":"iVBORw0KGgoAAAANSUhEUgAABDgAAAjoCAYAAAA5jhrUAAAAAXNSR0IArs4c6QAAAARzQklUCAgICHwIZIgAACAASURBVHic7N13nB1V/f/x9zkzd3cTsgkJJJGWAALSkSaoWIAvIihgLyiIfv36tWD3ay/Yexcr+IOvgigoiiICXwWliYiIIh2EEEpISGez2Ttzzu+Pmbl37t65W+/d3dl9PXmE5E45c87Ucz5zZsbMv/VkLwAAAAAAgBKzk50BAAAAAACA8SLAAQAAAAAASo8ABwAAAAAAKD0CHAAAAAAAoPQIcAAAAAAAgNIjwAEAAAAAAEqPAAcAAAAAACg9AhwAAAAAAKD0CHAAAAAAAIDSI8ABAAAAAABKjwAHAAAAAAAoPQIcAAAAAACg9AhwAAAAAACA0iPAAQAAAAAASo8ABwAAAAAAKD0CHAAAAAAAoPQIcAAAAAAAgNIjwAEAAAAAAEqPAAcAAAAAACg9AhwAAAAAAKD0CHAAAAAAAIDSI8ABAAAAAABKjwAHAAAAAAAoPQIcAAAAAACg9AhwAAAAAACA0gsnOwPAVGBkZLK/TfJvSfKSvPdK/lP6//KaKeUEAAAAMPMQ4MCMZWQUGqsndj1B5+7wTu1YWTjk9PdVV+qVD3xV9w48osi70gQBZko5AQAAgJGYF8zW3t1LtE/PEs2zs7V3zxLNC7aojV8XP65b+pdpnevTP/uX6ZbNy7Qu7puUvB42e3ddtPQDI5r2+Ps/q6v7bu9wjqY2AhyYkXrtLH100Ut1yvzDFYzwSa0dKwt13c6fUSyns9dcqY8/+jNtcJs6nNPxmSnlBAAAAIaypLK1ju09QMf2HqjDZu8+7PTP6z2w4ffVfbfrtxtu1G83/E3Lqqs6lU2Mk5l/68ncnsWMEZpAb1pwtE5b9DLVH9AYGy+vjz96vr69+neKfNymHLbHTCknAAAAMJTD...
&amp#27;[38;5;70m[ade9d096]&amp#27;[0m&amp#27;[38;5;-135m[AndroidUiautomator2Driver@2273]&amp#27;[0m Responding to client with driver.getScreenshot() result: "iVBORw0KGgoAAAANSUhEUgAABDgAAAjoCAYAAAA5jhrUAAAAAXNSR0IArs4c6QAAAARzQklUCAgICHwIZIgAACAASURBVHic7N13nB1V/f/x9zkzd3cTsgkJJJGWAALSkSaoWIAvIihgLyiIfv36tWD3ay/Yexcr+IOvgigoiiICXwWliYiIIh2EEEpISGez2Ttzzu+Pmbl37t65W+/d3dl9PXmE5E45c87Ucz5zZsbMv/VkLwAAAAAAgBKzk50BAAAAAACA8SLAAQAAAAAASo8ABwAAAAAAKD0CHAAAAAAAoPQIcAAAAAAAgNIjwAEAAAAAAEqPAAcAAAAAACg9AhwAAAAAAKD0CHAAAAAAAIDSI8ABAAAAAABKjwAHAAAAAAAoPQIcAAAAAACg9AhwAAAAAACA0iPAAQAAAAAASo8ABwAAAAAAKD0CHAAAAAAAoPQIcAAAAAAAgNIjwAEAAAAAAEqPAAcAAAAAACg9AhwAAAAAAKD0CHAAAAAAAIDSI8ABAAAAAABKjwAHAAAAAAAoPQIcAAAAAACg9AhwAAAAAACA0gsnOwPAVGBkZLK/TfJvSfKSvPdK/lP6//KaKeUEAAAAMPMQ4MCMZWQUGqsndj1B5+7wTu1YWTjk9PdVV+qVD3xV9w48osi70gQBZko5AQAAgJGYF8zW3t1LtE/PEs2zs7V3zxLNC7aojV8XP65b+pdpnevTP/uX6ZbNy7Qu7puUvB42e3ddtPQDI5r2+Ps/q6v7bu9wjqY2AhyYkXrtLH100Ut1yvzDFYzwSa0dKwt13c6fUSyns9dcqY8/+jNtcJs6nNPxmSnlBAAAAIaypLK1ju09QMf2HqjDZu8+7PTP6z2w4ffVfbfrtxtu1G83/E3Lqqs6lU2Mk5l/68ncnsWMEZpAb1pwtE5b9DLVH9AYGy+vjz96vr69+neKfNymHLbHTCknAAAAMJTDZu+u/17wnKaAxXhcvOFGfW/1ZRPSW4IeHKNDgAMzgpFRr+3RFTt9Qjt1LWpr...
&amp#27;[38;5;70m[ade9d096]&amp#27;[0m&amp#27;[38;5;86m[HTTP]&amp#27;[0m &amp#27;[37m<-- GET /session/ade9d096-5067-47c7-9c97-3fe91456d453/screenshot &amp#27;[39m&amp#27;[32m200&amp#27;[39m &amp#27;[90m1073 ms - 597644&amp#27;[39m &amp#27;[90m&amp#27;[39m
&amp#27;[38;5;194m[55708041]&amp#27;[0m&amp#27;[38;5;86m[HTTP]&amp#27;[0m &amp#27;[37m-->&amp#27;[39m &amp#27;[37mGET&amp#27;[39m &amp#27;[37m/session/55708041-befe-44f6-a79b-60daa6ec8bfd/screenshot&amp#27;[39m &amp#27;[90m{}&amp#27;[39m
&amp#27;[38;5;194m[55708041]&amp#27;[0m&amp#27;[38;5;4m[AndroidUiautomator2Driver@808c]&amp#27;[0m Calling AppiumDriver.getScreenshot() with args: ["55708041-befe-44f6-a79b-60daa6ec8bfd"]
&amp#27;[38;5;194m[55708041]&amp#27;[0m&amp#27;[38;5;4m[AndroidUiautomator2Driver@808c]&amp#27;[0m Matched '/screenshot' to command name 'getScreenshot'
&amp#27;[38;5;194m[55708041]&amp#27;[0m&amp#27;[38;5;4m[AndroidUiautomator2Driver@808c]&amp#27;[0m Proxying [GET /screenshot] to [GET http://127.0.0.1:8201/session/5c8254f6-41c9-4eea-a5aa-85f671ef49e6/screenshot] with no body
&amp#27;[38;5;70m[ade9d096]&amp#27;[0m&amp#27;[38;5;86m[HTTP]&amp#27;[0m &amp#27;[37m-->&amp#27;[39m &amp#27;[37mPOST&amp#27;[39m &amp#27;[37m/session/ade9d096-5067-47c7-9c97-3fe91456d453/element&amp#27;[39m &amp#27;[90m{"using":"id","value":"com.androidsample.generalstore:id/btnLetsShop"}&amp#27;[39m
&amp#27;[38;5;70m[ade9d096]&amp#27;[0m&amp#27;[38;5;-135m[AndroidUiautomator2Driver@2273]&amp#27;[0m Calling AppiumDriver.findElement() with args: ["id","com.androidsample.generalstore:id/btnLetsShop","ade9d096-5067-47c7-9c97-3fe91456d453"]
&amp#27;[38;5;70m[ade9d096]&amp#27;[0m&amp#27;[38;5;-135m[AndroidUiautomator2Driver@2273]&amp#27;[0m Valid locator strategies for this request: xpath, id, class name, accessibility id, css selector, -android uiautomator
&amp#27;[38;5;70m[ade9d096]&amp#27;[0m&amp#27;[38;5;-135m[AndroidUiautomator2Driver@2273]&amp#27;[0m Waiting up to 0 ms for condition
&amp#27;[38;5;70m[ade9d096]&amp#27;[0m&amp#27;[38;5;-135m[AndroidUiautomator2Driver@2273]&amp#27;[0m Matched '/element' to command name 'findElement'
&amp#27;[38;5;70m[ade9d096]&amp#27;[0m&amp#27;[38;5;-135m[AndroidUiautomator2Driver@2273]&amp#27;[0m Proxying [POST /element] to [POST http://127.0.0.1:8202/session/4722cfec-51bd-4f11-b655-5a48ac1f92c5/element] with body: {"strategy":"id","selector":"com.androidsample.generalstore:id/btnLetsShop","context":"","multiple":false}
&amp#27;[38;5;70m[ade9d096]&amp#27;[0m&amp#27;[38;5;-135m[AndroidUiautomator2Driver@2273]&amp#27;[0m Got response with status 200: {"sessionId":"4722cfec-51bd-4f11-b655-5a48ac1f92c5","value":{"ELEMENT":"00000000-0000-06b2-ffff-ffff00000021","element-6066-11e4-a52e-4f735466cecf":"00000000-0000-06b2-ffff-ffff00000021"}}
&amp#27;[38;5;70m[ade9d096]&amp#27;[0m&amp#27;[38;5;-135m[AndroidUiautomator2Driver@2273]&amp#27;[0m Responding to client with driver.findElement() result: {"element-6066-11e4-a52e-4f735466cecf":"00000000-0000-06b2-ffff-ffff00000021","ELEMENT":"00000000-0000-06b2-ffff-ffff00000021"}
&amp#27;[38;5;70m[ade9d096]&amp#27;[0m&amp#27;[38;5;86m[HTTP]&amp#27;[0m &amp#27;[37m<-- POST /session/ade9d096-5067-47c7-9c97-3fe91456d453/element &amp#27;[39m&amp#27;[32m200&amp#27;[39m &amp#27;[90m32 ms - 137&amp#27;[39m &amp#27;[90m&amp#27;[39m
&amp#27;[38;5;70m[ade9d096]&amp#27;[0m&amp#27;[38;5;86m[HTTP]&amp#27;[0m &amp#27;[37m-->&amp#27;[39m &amp#27;[37mPOST&amp#27;[39m &amp#27;[37m/session/ade9d096-5067-47c7-9c97-3fe91456d453/element/00000000-0000-06b2-ffff-ffff00000021/click&amp#27;[39m &amp#27;[90m{"id":"00000000-0000-06b2-ffff-ffff00000021"}&amp#27;[39m
&amp#27;[38;5;70m[ade9d096]&amp#27;[0m&amp#27;[38;5;-135m[AndroidUiautomator2Driver@2273]&amp#27;[0m Calling AppiumDriver.click() with args: ["00000000-0000-06b2-ffff-ffff00000021","ade9d096-5067-47c7-9c97-3fe91456d453"]
&amp#27;[38;5;70m[ade9d096]&amp#27;[0m&amp#27;[38;5;-135m[AndroidUiautomator2Driver@2273]&amp#27;[0m Matched '/element/00000000-0000-06b2-ffff-ffff00000021/click' to command name 'click'
&amp#27;[38;5;70m[ade9d096]&amp#27;[0m&amp#27;[38;5;-135m[AndroidUiautomator2Driver@2273]&amp#27;[0m Proxying [POST /element/00000000-0000-06b2-ffff-ffff00000021/click] to [POST http://127.0.0.1:8202/session/4722cfec-51bd-4f11-b655-5a48ac1f92c5/element/00000000-0000-06b2-ffff-ffff00000021/click] with body: {"element":"00000000-0000-06b2-ffff-ffff00000021"}
&amp#27;[38;5;70m[ade9d096]&amp#27;[0m&amp#27;[38;5;-135m[AndroidUiautomator2Driver@2273]&amp#27;[0m Got response with status 200: {"sessionId":"4722cfec-51bd-4f11-b655-5a48ac1f92c5","value":null}
&amp#27;[38;5;70m[ade9d096]&amp#27;[0m&amp#27;[38;5;-135m[AndroidUiautomator2Driver@2273]&amp#27;[0m Responding to client with driver.click() result: null
&amp#27;[38;5;70m[ade9d096]&amp#27;[0m&amp#27;[38;5;86m[HTTP]&amp#27;[0m &amp#27;[37m<-- POST /session/ade9d096-5067-47c7-9c97-3fe91456d453/element/00000000-0000-06b2-ffff-ffff00000021/click &amp#27;[39m&amp#27;[32m200&amp#27;[39m &amp#27;[90m62 ms - 14&amp#27;[39m &amp#27;[90m&amp#27;[39m
&amp#27;[38;5;70m[ade9d096]&amp#27;[0m&amp#27;[38;5;86m[HTTP]&amp#27;[0m &amp#27;[37m-->&amp#27;[39m &amp#27;[37mGET&amp#27;[39m &amp#27;[37m/session/ade9d096-5067-47c7-9c97-3fe91456d453/screenshot&amp#27;[39m &amp#27;[90m{}&amp#27;[39m
&amp#27;[38;5;70m[ade9d096]&amp#27;[0m&amp#27;[38;5;-135m[AndroidUiautomator2Driver@2273]&amp#27;[0m Calling AppiumDriver.getScreenshot() with args: ["ade9d096-5067-47c7-9c97-3fe91456d453"]
&amp#27;[38;5;70m[ade9d096]&amp#27;[0m&amp#27;[38;5;-135m[AndroidUiautomator2Driver@2273]&amp#27;[0m Matched '/screenshot' to command name 'getScreenshot'
&amp#27;[38;5;70m[ade9d096]&amp#27;[0m&amp#27;[38;5;-135m[AndroidUiautomator2Driver@2273]&amp#27;[0m Proxying [GET /screenshot] to [GET http://127.0.0.1:8202/session/4722cfec-51bd-4f11-b655-5a48ac1f92c5/screenshot] with no body
&amp#27;[38;5;194m[55708041]&amp#27;[0m&amp#27;[38;5;4m[AndroidUiautomator2Driver@808c]&amp#27;[0m Got response with status 200: {"sessionId":"5c8254f6-41c9-4eea-a5aa-85f671ef49e6","value":"iVBORw0KGgoAAAANSUhEUgAABDgAAAlgCAYAAABtGofVAAAAAXNSR0IArs4c6QAAAARzQklUCAgICHwIZIgAACAASURBVHic7N13eBzV+Tbg58zMVvVqWXKvso1rjDvGgIEYYwyBUBI6JqHlFwghCQmpkE6Sj1ADhgAJNQGM6cWxccEYXHHvRbZkWbK6tNqdcr4/LAlJOyvtqq1Wem6uXMFTzrwrm8u7z57zHpGy41oJIiIiIiIiIqIYpkS7ACIiIiIiIiKi9mLAQUREREREREQxjwEHEREREREREcU8BhxEREREREREFPMYcBARERERERFRzGPAQUREREREREQxjwEHEREREREREcU8BhxEREREREREFPMYcBARERERERFRzGPAQUREREREREQxjwEHEREREREREcU8BhxEREREREREFPMYcBARERERERFRzGPAQUREREREREQxjwEHEREREREREcU8BhxEREREREREFPMYcBARERERERFRzGPAQUREREREREQxjwEHEREREREREcU8BhxEREREREREFPMYcBARERERERFRzGPAQUREREREREQxjwEHEREREREREcU8BhxEREREREREFPMYcBARERERERFRzGPAQUREREREREQxjwEHEREREREREcU8BhxEREREREREFPMYcBARERERERFRzNOiXQARERERERFRdyIgkK4lYJpnBEa7+iHbkYq+WgqytGR4FFeX1OCz/CgwSnHcKEO+XoId/qP4zLcHxUYlJGSX1BBrGHAQERERERFRryYgEKe4MMiZifPix+MM7yiMdvWDJqL4kVmNR44jrckhQxrY7s/Dquqd+LBqCw7pRaix/Aw86oiUHdfyJ0FERERERES9joBAguLGCFc25id8DQsTpyBJ8Ua7rLCUmlV4o2IdPqzagt3+Y6i0ant90MGAg4iIiIiIiHodBQIDHOn4...
&amp#27;[38;5;194m[55708041]&amp#27;[0m&amp#27;[38;5;4m[AndroidUiautomator2Driver@808c]&amp#27;[0m Responding to client with driver.getScreenshot() result: "iVBORw0KGgoAAAANSUhEUgAABDgAAAlgCAYAAABtGofVAAAAAXNSR0IArs4c6QAAAARzQklUCAgICHwIZIgAACAASURBVHic7N13eBzV+Tbg58zMVvVqWXKvso1rjDvGgIEYYwyBUBI6JqHlFwghCQmpkE6Sj1ADhgAJNQGM6cWxccEYXHHvRbZkWbK6tNqdcr4/LAlJOyvtqq1Wem6uXMFTzrwrm8u7z57zHpGy41oJIiIiIiIiIqIYpkS7ACIiIiIiIiKi9mLAQUREREREREQxjwEHEREREREREcU8BhxEREREREREFPMYcBARERERERFRzGPAQUREREREREQxjwEHEREREREREcU8BhxEREREREREFPMYcBARERERERFRzGPAQUREREREREQxjwEHEREREREREcU8BhxEREREREREFPMYcBARERERERFRzGPAQUREREREREQxjwEHEREREREREcU8BhxEREREREREFPMYcBARERERERFRzGPAQUREREREREQxjwEHEREREREREcU8BhxEREREREREFPMYcBARERERERFRzGPAQUREREREREQxjwEHEREREREREcU8BhxEREREREREFPMYcBARERERERFRzGPAQUREREREREQxjwEHEREREREREcU8BhxEREREREREFPMYcBARERERERFRzNOiXQARERERERFRdyIgkK4lYJpnBEa7+iHbkYq+WgqytGR4FFeX1OCz/CgwSnHcKEO+XoId/qP4zLcHxUYlJGSX1BBrGHAQERERERFRryYgEKe4MMiZifPix+MM7yiMdvWDJqL4kVmNR44jrckhQxrY7s/Dquqd+LBqCw7pRaix/Aw86oiUHdfyJ0FERERERES9joBAguLGCFc25id8DQsTpyBJ8Ua7rLCUmlV4o2IdPqzagt3+Y6i0ant90MGAg4iIiIiIiHodBQIDHOn4RtI0zI//GgY406HEWJtKCxaOBIrxTtUG/Ld8LfL0k7065GDAQURERERERL3O...
&amp#27;[38;5;194m[55708041]&amp#27;[0m&amp#27;[38;5;86m[HTTP]&amp#27;[0m &amp#27;[37m<-- GET /session/55708041-befe-44f6-a79b-60daa6ec8bfd/screenshot &amp#27;[39m&amp#27;[32m200&amp#27;[39m &amp#27;[90m365 ms - 380356&amp#27;[39m &amp#27;[90m&amp#27;[39m
]]></system-out>
  </testcase>
  <testcase name="ThirdCase" classname="org.testCase.TestCase3" time="20.081">
    <system-out><![CDATA[&amp#27;[38;5;194m[55708041]&amp#27;[0m&amp#27;[38;5;86m[HTTP]&amp#27;[0m &amp#27;[37m-->&amp#27;[39m &amp#27;[37mPOST&amp#27;[39m &amp#27;[37m/session/55708041-befe-44f6-a79b-60daa6ec8bfd/execute/sync&amp#27;[39m &amp#27;[90m{"script":"mobile: isAppInstalled","args":[{"bundleId":"com.androidsample.generalstore","appId":"com.androidsample.generalstore"}]}&amp#27;[39m
&amp#27;[38;5;194m[55708041]&amp#27;[0m&amp#27;[38;5;4m[AndroidUiautomator2Driver@808c]&amp#27;[0m Calling AppiumDriver.execute() with args: ["mobile: isAppInstalled",[{"bundleId":"com.androidsample.generalstore","appId":"com.androidsample.generalstore"}],"55708041-befe-44f6-a79b-60daa6ec8bfd"]
&amp#27;[38;5;194m[55708041]&amp#27;[0m&amp#27;[38;5;123m[BaseDriver]&amp#27;[0m The following script arguments are not known and will be ignored: bundleId
&amp#27;[38;5;194m[55708041]&amp#27;[0m&amp#27;[38;5;229m[ADB]&amp#27;[0m Getting install status for com.androidsample.generalstore
&amp#27;[38;5;194m[55708041]&amp#27;[0m&amp#27;[38;5;229m[ADB]&amp#27;[0m Running 'C:\Users\sajus\AppData\Local\Android\Sdk\platform-tools\adb.exe -P 5037 -s R3CRC00KHBT shell cmd package list packages'
&amp#27;[38;5;194m[55708041]&amp#27;[0m&amp#27;[38;5;229m[ADB]&amp#27;[0m 'com.androidsample.generalstore' is installed
&amp#27;[38;5;194m[55708041]&amp#27;[0m&amp#27;[38;5;4m[AndroidUiautomator2Driver@808c]&amp#27;[0m Responding to client with driver.execute() result: true
&amp#27;[38;5;194m[55708041]&amp#27;[0m&amp#27;[38;5;86m[HTTP]&amp#27;[0m &amp#27;[37m<-- POST /session/55708041-befe-44f6-a79b-60daa6ec8bfd/execute/sync &amp#27;[39m&amp#27;[32m200&amp#27;[39m &amp#27;[90m116 ms - 14&amp#27;[39m &amp#27;[90m&amp#27;[39m
&amp#27;[38;5;194m[55708041]&amp#27;[0m&amp#27;[38;5;86m[HTTP]&amp#27;[0m &amp#27;[37m-->&amp#27;[39m &amp#27;[37mPOST&amp#27;[39m &amp#27;[37m/session/55708041-befe-44f6-a79b-60daa6ec8bfd/execute/sync&amp#27;[39m &amp#27;[90m{"script":"mobile: terminateApp","args":[{"bundleId":"com.androidsample.generalstore","appId":"com.androidsample.generalstore"}]}&amp#27;[39m
&amp#27;[38;5;194m[55708041]&amp#27;[0m&amp#27;[38;5;4m[AndroidUiautomator2Driver@808c]&amp#27;[0m Calling AppiumDriver.execute() with args: ["mobile: terminateApp",[{"bundleId":"com.androidsample.generalstore","appId":"com.androidsample.generalstore"}],"55708041-befe-44f6-a79b-60daa6ec8bfd"]
&amp#27;[38;5;194m[55708041]&amp#27;[0m&amp#27;[38;5;123m[BaseDriver]&amp#27;[0m The following script arguments are not known and will be ignored: bundleId
&amp#27;[38;5;194m[55708041]&amp#27;[0m&amp#27;[38;5;4m[AndroidUiautomator2Driver@808c]&amp#27;[0m Terminating 'com.androidsample.generalstore'
&amp#27;[38;5;194m[55708041]&amp#27;[0m&amp#27;[38;5;229m[ADB]&amp#27;[0m Getting IDs of all 'com.androidsample.generalstore' processes
&amp#27;[38;5;194m[55708041]&amp#27;[0m&amp#27;[38;5;229m[ADB]&amp#27;[0m Running 'C:\Users\sajus\AppData\Local\Android\Sdk\platform-tools\adb.exe -P 5037 -s R3CRC00KHBT shell pgrep -f \(\[\[:blank:\]\]\|\^\)com\.androidsample\.generalstore\(:\[a-zA-Z0-9_-\]\+\)\?\(\[\[:blank:\]\]\|\$\)'
&amp#27;[38;5;194m[55708041]&amp#27;[0m&amp#27;[38;5;229m[ADB]&amp#27;[0m Running 'C:\Users\sajus\AppData\Local\Android\Sdk\platform-tools\adb.exe -P 5037 -s R3CRC00KHBT shell am force-stop com.androidsample.generalstore'
&amp#27;[38;5;194m[55708041]&amp#27;[0m&amp#27;[38;5;4m[AndroidUiautomator2Driver@808c]&amp#27;[0m Querying the state of 'com.androidsample.generalstore'
&amp#27;[38;5;194m[55708041]&amp#27;[0m&amp#27;[38;5;229m[ADB]&amp#27;[0m Getting install status for com.androidsample.generalstore
&amp#27;[38;5;194m[55708041]&amp#27;[0m&amp#27;[38;5;229m[ADB]&amp#27;[0m Running 'C:\Users\sajus\AppData\Local\Android\Sdk\platform-tools\adb.exe -P 5037 -s R3CRC00KHBT shell cmd package list packages'
&amp#27;[38;5;194m[55708041]&amp#27;[0m&amp#27;[38;5;229m[ADB]&amp#27;[0m 'com.androidsample.generalstore' is installed
&amp#27;[38;5;194m[55708041]&amp#27;[0m&amp#27;[38;5;229m[ADB]&amp#27;[0m Getting IDs of all 'com.androidsample.generalstore' processes
&amp#27;[38;5;194m[55708041]&amp#27;[0m&amp#27;[38;5;229m[ADB]&amp#27;[0m Running 'C:\Users\sajus\AppData\Local\Android\Sdk\platform-tools\adb.exe -P 5037 -s R3CRC00KHBT shell pgrep -f \(\[\[:blank:\]\]\|\^\)com\.androidsample\.generalstore\(:\[a-zA-Z0-9_-\]\+\)\?\(\[\[:blank:\]\]\|\$\)'
&amp#27;[38;5;194m[55708041]&amp#27;[0m&amp#27;[38;5;4m[AndroidUiautomator2Driver@808c]&amp#27;[0m 'com.androidsample.generalstore' has been successfully terminated
&amp#27;[38;5;194m[55708041]&amp#27;[0m&amp#27;[38;5;4m[AndroidUiautomator2Driver@808c]&amp#27;[0m Responding to client with driver.execute() result: true
&amp#27;[38;5;194m[55708041]&amp#27;[0m&amp#27;[38;5;86m[HTTP]&amp#27;[0m &amp#27;[37m<-- POST /session/55708041-befe-44f6-a79b-60daa6ec8bfd/execute/sync &amp#27;[39m&amp#27;[32m200&amp#27;[39m &amp#27;[90m592 ms - 14&amp#27;[39m &amp#27;[90m&amp#27;[39m
🛑 App terminated: com.androidsample.generalstore
&amp#27;[38;5;194m[55708041]&amp#27;[0m&amp#27;[38;5;86m[HTTP]&amp#27;[0m &amp#27;[37m-->&amp#27;[39m &amp#27;[37mDELETE&amp#27;[39m &amp#27;[37m/session/55708041-befe-44f6-a79b-60daa6ec8bfd&amp#27;[39m &amp#27;[90m{}&amp#27;[39m
&amp#27;[38;5;194m[55708041]&amp#27;[0m&amp#27;[38;5;4m[AndroidUiautomator2Driver@808c]&amp#27;[0m Calling AppiumDriver.deleteSession() with args: ["55708041-befe-44f6-a79b-60daa6ec8bfd"]
&amp#27;[38;5;194m[55708041]&amp#27;[0m&amp#27;[38;5;128m[AppiumDriver@ed41]&amp#27;[0m Event 'quitSessionRequested' logged at 1750222887310 (01:01:27 GMT-0400 (Eastern Daylight Saving Time))
&amp#27;[38;5;194m[55708041]&amp#27;[0m&amp#27;[38;5;128m[AppiumDriver@ed41]&amp#27;[0m Removing session 55708041-befe-44f6-a79b-60daa6ec8bfd from our master session list
&amp#27;[38;5;194m[55708041]&amp#27;[0m&amp#27;[38;5;4m[AndroidUiautomator2Driver@808c]&amp#27;[0m Deleting UiAutomator2 session
&amp#27;[38;5;194m[55708041]&amp#27;[0m&amp#27;[38;5;4m[AndroidUiautomator2Driver@808c]&amp#27;[0m Deleting UiAutomator2 server session
&amp#27;[38;5;194m[55708041]&amp#27;[0m&amp#27;[38;5;4m[AndroidUiautomator2Driver@808c]&amp#27;[0m Proxying [DELETE /] to [DELETE http://127.0.0.1:8201/session/5c8254f6-41c9-4eea-a5aa-85f671ef49e6] with no body
&amp#27;[38;5;194m[55708041]&amp#27;[0m&amp#27;[38;5;4m[AndroidUiautomator2Driver@808c]&amp#27;[0m Got response with status 200: {"sessionId":"5c8254f6-41c9-4eea-a5aa-85f671ef49e6","value":null}
&amp#27;[38;5;194m[55708041]&amp#27;[0m&amp#27;[38;5;229m[ADB]&amp#27;[0m Getting IDs of all 'io.appium.uiautomator2.server' processes
&amp#27;[38;5;194m[55708041]&amp#27;[0m&amp#27;[38;5;229m[ADB]&amp#27;[0m Running 'C:\Users\sajus\AppData\Local\Android\Sdk\platform-tools\adb.exe -P 5037 -s R3CRC00KHBT shell pgrep -f \(\[\[:blank:\]\]\|\^\)io\.appium\.uiautomator2\.server\(:\[a-zA-Z0-9_-\]\+\)\?\(\[\[:blank:\]\]\|\$\)'
&amp#27;[38;5;194m[55708041]&amp#27;[0m&amp#27;[38;5;4m[AndroidUiautomator2Driver@808c]&amp#27;[0m [Instrumentation] io.appium.uiautomator2.server.test.AppiumUiAutomator2Server:.
&amp#27;[38;5;194m[55708041]&amp#27;[0m&amp#27;[38;5;4m[AndroidUiautomator2Driver@808c]&amp#27;[0m [Instrumentation] 
&amp#27;[38;5;194m[55708041]&amp#27;[0m&amp#27;[38;5;4m[AndroidUiautomator2Driver@808c]&amp#27;[0m [Instrumentation] Time: 20.414
&amp#27;[38;5;194m[55708041]&amp#27;[0m&amp#27;[38;5;4m[AndroidUiautomator2Driver@808c]&amp#27;[0m [Instrumentation] 
&amp#27;[38;5;194m[55708041]&amp#27;[0m&amp#27;[38;5;4m[AndroidUiautomator2Driver@808c]&amp#27;[0m [Instrumentation] OK (1 test)
&amp#27;[38;5;194m[55708041]&amp#27;[0m&amp#27;[38;5;4m[AndroidUiautomator2Driver@808c]&amp#27;[0m [Instrumentation] 
&amp#27;[38;5;194m[55708041]&amp#27;[0m&amp#27;[38;5;4m[AndroidUiautomator2Driver@808c]&amp#27;[0m [Instrumentation] 
&amp#27;[38;5;194m[55708041]&amp#27;[0m&amp#27;[38;5;4m[AndroidUiautomator2Driver@808c]&amp#27;[0m [Instrumentation] The process has exited with code 0, signal null
&amp#27;[38;5;70m[ade9d096]&amp#27;[0m&amp#27;[38;5;-135m[AndroidUiautomator2Driver@2273]&amp#27;[0m Got response with status 200: {"sessionId":"4722cfec-51bd-4f11-b655-5a48ac1f92c5","value":"iVBORw0KGgoAAAANSUhEUgAABDgAAAjoCAYAAAA5jhrUAAAAAXNSR0IArs4c6QAAAARzQklUCAgICHwIZIgAACAASURBVHic7N13nB1V/f/x9zkzd3cTsgkJJJGWAALSkSaoWIAvIihgLyiIfv36tWD3ay/Yexcr+IOvgigoiiICXwWliYiIIh2EEEpISGez2Ttzzu+Pmbl37t65W+/d3dl9PXmE5E45c87Ucz5zZsbMv/VkLwAAAAAAgBKzk50BAAAAAACA8SLAAQAAAAAASo8ABwAAAAAAKD0CHAAAAAAAoPQIcAAAAAAAgNIjwAEAAAAAAEqPAAcAAAAAACg9AhwAAAAAAKD0CHAAAAAAAIDSI8ABAAAAAABKjwAHAAAAAAAoPQIcAAAAAACg9AhwAAAAAACA0iPAAQAAAAAASo8ABwAAAAAAKD0CHAAAAAAAoPQIcAAAAAAAgNIjwAEAAAAAAEqPAAcAAAAAACg9AhwAAAAAAKD0CHAAAAAAAIDSI8ABAAAAAABKjwAHAAAAAAAoPQIcAAAAAACg9AhwAAAAAACA0gsnOwPAVGBkZLK/TfJvSfKSvPdK/lP6//KaKeUEAAAAMPMQ4MCMZWQUGqsndj1B5+7wTu1YWTjk9PdVV+qVD3xV9w48osi70gQBZko5AQAAgJGYF8zW3t1LtE/PEs2zs7V3zxLNC7aojV8XP65b+pdpnevTP/uX6ZbNy7Qu7puUvB42e3ddtPQDI5r2+Ps/q6v7bu9wjqY2AhyYkXrtLH100Ut1yvzDFYzwSa0dKwt13c6fUSyns9dcqY8/+jNtcJs6nNPxmSnlBAAAAIaypLK1ju09QMf2HqjDZu8+7PTP6z2w4ffVfbfrtxtu1G83/E3Lqqs6lU2Mk5l/68ncnsWMEZpAb1pwtE5b9DLVH9AYGy+vjz96vr69+neKfNymHLbHTCknAAAAMJTD...
&amp#27;[38;5;70m[ade9d096]&amp#27;[0m&amp#27;[38;5;-135m[AndroidUiautomator2Driver@2273]&amp#27;[0m Responding to client with driver.getScreenshot() result: "iVBORw0KGgoAAAANSUhEUgAABDgAAAjoCAYAAAA5jhrUAAAAAXNSR0IArs4c6QAAAARzQklUCAgICHwIZIgAACAASURBVHic7N13nB1V/f/x9zkzd3cTsgkJJJGWAALSkSaoWIAvIihgLyiIfv36tWD3ay/Yexcr+IOvgigoiiICXwWliYiIIh2EEEpISGez2Ttzzu+Pmbl37t65W+/d3dl9PXmE5E45c87Ucz5zZsbMv/VkLwAAAAAAgBKzk50BAAAAAACA8SLAAQAAAAAASo8ABwAAAAAAKD0CHAAAAAAAoPQIcAAAAAAAgNIjwAEAAAAAAEqPAAcAAAAAACg9AhwAAAAAAKD0CHAAAAAAAIDSI8ABAAAAAABKjwAHAAAAAAAoPQIcAAAAAACg9AhwAAAAAACA0iPAAQAAAAAASo8ABwAAAAAAKD0CHAAAAAAAoPQIcAAAAAAAgNIjwAEAAAAAAEqPAAcAAAAAACg9AhwAAAAAAKD0CHAAAAAAAIDSI8ABAAAAAABKjwAHAAAAAAAoPQIcAAAAAACg9AhwAAAAAACA0gsnOwPAVGBkZLK/TfJvSfKSvPdK/lP6//KaKeUEAAAAMPMQ4MCMZWQUGqsndj1B5+7wTu1YWTjk9PdVV+qVD3xV9w48osi70gQBZko5AQAAgJGYF8zW3t1LtE/PEs2zs7V3zxLNC7aojV8XP65b+pdpnevTP/uX6ZbNy7Qu7puUvB42e3ddtPQDI5r2+Ps/q6v7bu9wjqY2AhyYkXrtLH100Ut1yvzDFYzwSa0dKwt13c6fUSyns9dcqY8/+jNtcJs6nNPxmSnlBAAAAIaypLK1ju09QMf2HqjDZu8+7PTP6z2w4ffVfbfrtxtu1G83/E3Lqqs6lU2Mk5l/68ncnsWMEZpAb1pwtE5b9DLVH9AYGy+vjz96vr69+neKfNymHLbHTCknAAAAMJTDZu+u/17wnKaAxXhcvOFGfW/1ZRPSW4IeHKNDgAMzgpFRr+3RFTt9Qjt1LWpr...
&amp#27;[38;5;70m[ade9d096]&amp#27;[0m&amp#27;[38;5;86m[HTTP]&amp#27;[0m &amp#27;[37m<-- GET /session/ade9d096-5067-47c7-9c97-3fe91456d453/screenshot &amp#27;[39m&amp#27;[32m200&amp#27;[39m &amp#27;[90m1102 ms - 597016&amp#27;[39m &amp#27;[90m&amp#27;[39m
&amp#27;[38;5;194m[55708041]&amp#27;[0m&amp#27;[38;5;229m[ADB]&amp#27;[0m Running 'C:\Users\sajus\AppData\Local\Android\Sdk\platform-tools\adb.exe -P 5037 -s R3CRC00KHBT shell am force-stop io.appium.uiautomator2.server'
&amp#27;[38;5;194m[55708041]&amp#27;[0m&amp#27;[38;5;229m[ADB]&amp#27;[0m Running 'C:\Users\sajus\AppData\Local\Android\Sdk\platform-tools\adb.exe -P 5037 -s R3CRC00KHBT shell am force-stop io.appium.uiautomator2.server.test'
&amp#27;[38;5;194m[55708041]&amp#27;[0m&amp#27;[38;5;229m[ADB]&amp#27;[0m Running 'C:\Users\sajus\AppData\Local\Android\Sdk\platform-tools\adb.exe -P 5037 -s R3CRC00KHBT shell dumpsys activity services io.appium.settings/.recorder.RecorderService'
&amp#27;[38;5;194m[55708041]&amp#27;[0m&amp#27;[38;5;229m[ADB]&amp#27;[0m Removing forwarded port socket connection: 8201 
&amp#27;[38;5;194m[55708041]&amp#27;[0m&amp#27;[38;5;229m[ADB]&amp#27;[0m Running 'C:\Users\sajus\AppData\Local\Android\Sdk\platform-tools\adb.exe -P 5037 -s R3CRC00KHBT forward --remove tcp:8201'
&amp#27;[38;5;194m[55708041]&amp#27;[0m&amp#27;[38;5;4m[AndroidUiautomator2Driver@808c]&amp#27;[0m Restoring hidden api policy to the device default configuration
&amp#27;[38;5;194m[55708041]&amp#27;[0m&amp#27;[38;5;229m[ADB]&amp#27;[0m Running 'C:\Users\sajus\AppData\Local\Android\Sdk\platform-tools\adb.exe -P 5037 -s R3CRC00KHBT shell 'settings delete global hidden_api_policy_pre_p_apps;settings delete global hidden_api_policy_p_apps;settings delete global hidden_api_policy''
&amp#27;[38;5;194m[55708041]&amp#27;[0m&amp#27;[38;5;160m[Logcat]&amp#27;[0m Stopping logcat capture
&amp#27;[38;5;194m[55708041]&amp#27;[0m&amp#27;[38;5;128m[AppiumDriver@ed41]&amp#27;[0m Event 'quitSessionFinished' logged at 1750222887965 (01:01:27 GMT-0400 (Eastern Daylight Saving Time))
&amp#27;[38;5;194m[55708041]&amp#27;[0m&amp#27;[38;5;128m[AppiumDriver@ed41]&amp#27;[0m Received response: null
&amp#27;[38;5;194m[55708041]&amp#27;[0m&amp#27;[38;5;128m[AppiumDriver@ed41]&amp#27;[0m But deleting session, so not returning
&amp#27;[38;5;194m[55708041]&amp#27;[0m&amp#27;[38;5;128m[AppiumDriver@ed41]&amp#27;[0m Responding to client with driver.deleteSession() result: null
&amp#27;[38;5;194m[55708041]&amp#27;[0m&amp#27;[38;5;86m[HTTP]&amp#27;[0m &amp#27;[37m<-- DELETE /session/55708041-befe-44f6-a79b-60daa6ec8bfd &amp#27;[39m&amp#27;[32m200&amp#27;[39m &amp#27;[90m656 ms - 14&amp#27;[39m &amp#27;[90m&amp#27;[39m
&amp#27;[38;5;86m[HTTP]&amp#27;[0m &amp#27;[37m-->&amp#27;[39m &amp#27;[37mGET&amp#27;[39m &amp#27;[37m/status&amp#27;[39m &amp#27;[90m{}&amp#27;[39m
&amp#27;[38;5;128m[AppiumDriver@ed41]&amp#27;[0m Calling AppiumDriver.getStatus() with args: []
&amp#27;[38;5;128m[AppiumDriver@ed41]&amp#27;[0m Responding to client with driver.getStatus() result: {"ready":true,"message":"The server is ready to accept new connections","build":{"version":"2.18.0"}}
Appium server stopped
✅ Test completed for device: Samsung_Galaxy_S21

📊 Test Summary:
✔  Passed:  5
✖  Failed:  0
➖ Skipped: 0
Σ  Total:   5
&amp#27;[38;5;70m[ade9d096]&amp#27;[0m&amp#27;[38;5;86m[HTTP]&amp#27;[0m &amp#27;[37m-->&amp#27;[39m &amp#27;[37mGET&amp#27;[39m &amp#27;[37m/session/ade9d096-5067-47c7-9c97-3fe91456d453/screenshot&amp#27;[39m &amp#27;[90m{}&amp#27;[39m
&amp#27;[38;5;70m[ade9d096]&amp#27;[0m&amp#27;[38;5;-135m[AndroidUiautomator2Driver@2273]&amp#27;[0m Calling AppiumDriver.getScreenshot() with args: ["ade9d096-5067-47c7-9c97-3fe91456d453"]
&amp#27;[38;5;70m[ade9d096]&amp#27;[0m&amp#27;[38;5;-135m[AndroidUiautomator2Driver@2273]&amp#27;[0m Matched '/screenshot' to command name 'getScreenshot'
&amp#27;[38;5;70m[ade9d096]&amp#27;[0m&amp#27;[38;5;-135m[AndroidUiautomator2Driver@2273]&amp#27;[0m Proxying [GET /screenshot] to [GET http://127.0.0.1:8202/session/4722cfec-51bd-4f11-b655-5a48ac1f92c5/screenshot] with no body
&amp#27;[38;5;70m[ade9d096]&amp#27;[0m&amp#27;[38;5;-135m[AndroidUiautomator2Driver@2273]&amp#27;[0m Got response with status 200: {"sessionId":"4722cfec-51bd-4f11-b655-5a48ac1f92c5","value":"iVBORw0KGgoAAAANSUhEUgAABDgAAAjoCAYAAAA5jhrUAAAAAXNSR0IArs4c6QAAAARzQklUCAgICHwIZIgAACAASURBVHic7N15nBxlnT/wb3X3TA6SyQVEziSAgApyiwiuHB67yiEqHqgcXrsoK3is/HRXhfUA3XW9F3YFgUWzCiqXeMAioBwii4QV5RRIwmHIOUnIJNNdXb8/cGJmpmcyM5me7pp+v3nF0FX1VH2fiSGpzzxHMuMPJ2UBAAAAkGOFRhcAAAAAsKUEHAAAAEDuCTgAAACA3BNwAAAAALkn4AAAAAByT8ABAAAA5J6AAwAAAMg9AQcAAACQewIOAAAAIPcEHAAAAEDuCTgAAACA3BNwAAAAALkn4AAAAAByT8ABAAAA5J6AAwAAAMg9AQcAAACQewIOAAAAIPcEHAAAAEDuCTgAAACA3BNwAAAAALkn4AAAAAByT8ABAAAA5J6AAwAAAMg9AQcAAACQewIOAAAAIPdKjS4AmkESSSQ9PyfP/XtERBYRWZbFc//En/83v1qlnwAAQOsRcNCykkiilBRi1/bnxfydPhRz27YZ9PrHy0vjbYu/HI92/ykqWTU3IUCr9BMAAIZiWnFy7DVh59h74s4xrTA59pq4c0wrbrXxfGf6bNy3flF0VtfF79Yvivs2LIrOdF1Daj1s8p5xzZyPD+naYxeeG7eue6DOFTU3AQctaWphUnxq2xPilBlHRHGIM7Xmtm0Td+zy+UijGpeuvDnOeebyWFPtqnOlW6ZV+gkAAIPZuW3reO3U/eO1Uw+IwybvudnrXzf1gF6fb133QPxkzd3xkzW/jUXlZfUqky2UzPjDSb49S8soJcU4beZr4uxt3xx/maAxMllkcc4zV8S/r/hZVLJ0lCocHa3STwAAGMxhk/eMv5356n6BxZa4bs3d8R8rrh+T0RJGcAyPgIOWkEQSUwsT46Z5...
&amp#27;[38;5;70m[ade9d096]&amp#27;[0m&amp#27;[38;5;-135m[AndroidUiautomator2Driver@2273]&amp#27;[0m Responding to client with driver.getScreenshot() result: "iVBORw0KGgoAAAANSUhEUgAABDgAAAjoCAYAAAA5jhrUAAAAAXNSR0IArs4c6QAAAARzQklUCAgICHwIZIgAACAASURBVHic7N15nBxlnT/wb3X3TA6SyQVEziSAgApyiwiuHB67yiEqHqgcXrsoK3is/HRXhfUA3XW9F3YFgUWzCiqXeMAioBwii4QV5RRIwmHIOUnIJNNdXb8/cGJmpmcyM5me7pp+v3nF0FX1VH2fiSGpzzxHMuMPJ2UBAAAAkGOFRhcAAAAAsKUEHAAAAEDuCTgAAACA3BNwAAAAALkn4AAAAAByT8ABAAAA5J6AAwAAAMg9AQcAAACQewIOAAAAIPcEHAAAAEDuCTgAAACA3BNwAAAAALkn4AAAAAByT8ABAAAA5J6AAwAAAMg9AQcAAACQewIOAAAAIPcEHAAAAEDuCTgAAACA3BNwAAAAALkn4AAAAAByT8ABAAAA5J6AAwAAAMg9AQcAAACQewIOAAAAIPdKjS4AmkESSSQ9PyfP/XtERBYRWZbFc//En/83v1qlnwAAQOsRcNCykkiilBRi1/bnxfydPhRz27YZ9PrHy0vjbYu/HI92/ykqWTU3IUCr9BMAAIZiWnFy7DVh59h74s4xrTA59pq4c0wrbrXxfGf6bNy3flF0VtfF79Yvivs2LIrOdF1Daj1s8p5xzZyPD+naYxeeG7eue6DOFTU3AQctaWphUnxq2xPilBlHRHGIM7Xmtm0Td+zy+UijGpeuvDnOeebyWFPtqnOlW6ZV+gkAAIPZuW3reO3U/eO1Uw+IwybvudnrXzf1gF6fb133QPxkzd3xkzW/jUXlZfUqky2UzPjDSb49S8soJcU4beZr4uxt3xx/maAxMllkcc4zV8S/r/hZVLJ0lCocHa3STwAAGMxhk/eMv5356n6BxZa4bs3d8R8rrh+T0RJGcAyPgIOWkEQSUwsT46Z5/xzz2rcd1Xs/1v1MHPn4p2N12tXw6Ryt0k8AABjMYZP3jI9tc/yQRmuM1K3r...
&amp#27;[38;5;70m[ade9d096]&amp#27;[0m&amp#27;[38;5;86m[HTTP]&amp#27;[0m &amp#27;[37m<-- GET /session/ade9d096-5067-47c7-9c97-3fe91456d453/screenshot &amp#27;[39m&amp#27;[32m200&amp#27;[39m &amp#27;[90m773 ms - 343216&amp#27;[39m &amp#27;[90m&amp#27;[39m
]]></system-out>
  </testcase>
</testsuite>