<?xml version="1.0" encoding="UTF-8"?>
<testsuite xmlns:xsi="http://www.w3.org/2001/XMLSchema-instance" xsi:noNamespaceSchemaLocation="https://maven.apache.org/surefire/maven-surefire-plugin/xsd/surefire-test-report-3.0.xsd" version="3.0" name="TestSuite" time="116.721" tests="9" errors="0" skipped="3" failures="3">
  <properties>
    <property name="sun.desktop" value="windows"/>
    <property name="awt.toolkit" value="sun.awt.windows.WToolkit"/>
    <property name="java.specification.version" value="11"/>
    <property name="sun.cpu.isalist" value="amd64"/>
    <property name="sun.jnu.encoding" value="Cp1252"/>
    <property name="java.class.path" value="C:\Users\sajus\IdeaProjects\appium_Device\target\test-classes;C:\Users\sajus\IdeaProjects\appium_Device\target\classes;C:\Users\sajus\.m2\repository\io\appium\java-client\8.5.1\java-client-8.5.1.jar;C:\Users\sajus\.m2\repository\org\seleniumhq\selenium\selenium-api\4.33.0\selenium-api-4.33.0.jar;C:\Users\sajus\.m2\repository\org\jspecify\jspecify\1.0.0\jspecify-1.0.0.jar;C:\Users\sajus\.m2\repository\org\seleniumhq\selenium\selenium-support\4.33.0\selenium-support-4.33.0.jar;C:\Users\sajus\.m2\repository\com\google\code\gson\gson\2.10.1\gson-2.10.1.jar;C:\Users\sajus\.m2\repository\commons-validator\commons-validator\1.7\commons-validator-1.7.jar;C:\Users\sajus\.m2\repository\commons-beanutils\commons-beanutils\1.9.4\commons-beanutils-1.9.4.jar;C:\Users\sajus\.m2\repository\commons-digester\commons-digester\2.1\commons-digester-2.1.jar;C:\Users\sajus\.m2\repository\commons-logging\commons-logging\1.2\commons-logging-1.2.jar;C:\Users\sajus\.m2\repository\commons-collections\commons-collections\3.2.2\commons-collections-3.2.2.jar;C:\Users\sajus\.m2\repository\org\apache\commons\commons-lang3\3.12.0\commons-lang3-3.12.0.jar;C:\Users\sajus\.m2\repository\commons-io\commons-io\2.12.0\commons-io-2.12.0.jar;C:\Users\sajus\.m2\repository\org\slf4j\slf4j-api\2.0.7\slf4j-api-2.0.7.jar;C:\Users\sajus\.m2\repository\org\seleniumhq\selenium\selenium-java\4.8.0\selenium-java-4.8.0.jar;C:\Users\sajus\.m2\repository\org\seleniumhq\selenium\selenium-chrome-driver\4.8.0\selenium-chrome-driver-4.8.0.jar;C:\Users\sajus\.m2\repository\com\google\auto\service\auto-service\1.0.1\auto-service-1.0.1.jar;C:\Users\sajus\.m2\repository\com\google\auto\auto-common\1.2\auto-common-1.2.jar;C:\Users\sajus\.m2\repository\org\seleniumhq\selenium\selenium-chromium-driver\4.8.0\selenium-chromium-driver-4.8.0.jar;C:\Users\sajus\.m2\repository\org\seleniumhq\selenium\selenium-devtools-v107\4.8.0\selenium-devtools-v107-4.8.0.jar;C:\Users\sajus\.m2\repository\org\seleniumhq\selenium\selenium-devtools-v108\4.8.0\selenium-devtools-v108-4.8.0.jar;C:\Users\sajus\.m2\repository\org\seleniumhq\selenium\selenium-devtools-v109\4.8.0\selenium-devtools-v109-4.8.0.jar;C:\Users\sajus\.m2\repository\org\seleniumhq\selenium\selenium-devtools-v85\4.8.0\selenium-devtools-v85-4.8.0.jar;C:\Users\sajus\.m2\repository\org\seleniumhq\selenium\selenium-edge-driver\4.8.0\selenium-edge-driver-4.8.0.jar;C:\Users\sajus\.m2\repository\org\seleniumhq\selenium\selenium-firefox-driver\4.8.0\selenium-firefox-driver-4.8.0.jar;C:\Users\sajus\.m2\repository\org\seleniumhq\selenium\selenium-ie-driver\4.8.0\selenium-ie-driver-4.8.0.jar;C:\Users\sajus\.m2\repository\org\seleniumhq\selenium\selenium-safari-driver\4.8.0\selenium-safari-driver-4.8.0.jar;C:\Users\sajus\.m2\repository\org\seleniumhq\selenium\selenium-remote-driver\4.13.0\selenium-remote-driver-4.13.0.jar;C:\Users\sajus\.m2\repository\com\google\auto\service\auto-service-annotations\1.1.1\auto-service-annotations-1.1.1.jar;C:\Users\sajus\.m2\repository\com\google\guava\guava\32.1.2-jre\guava-32.1.2-jre.jar;C:\Users\sajus\.m2\repository\com\google\guava\failureaccess\1.0.1\failureaccess-1.0.1.jar;C:\Users\sajus\.m2\repository\com\google\guava\listenablefuture\9999.0-empty-to-avoid-conflict-with-guava\listenablefuture-9999.0-empty-to-avoid-conflict-with-guava.jar;C:\Users\sajus\.m2\repository\com\google\code\findbugs\jsr305\3.0.2\jsr305-3.0.2.jar;C:\Users\sajus\.m2\repository\org\checkerframework\checker-qual\3.33.0\checker-qual-3.33.0.jar;C:\Users\sajus\.m2\repository\com\google\errorprone\error_prone_annotations\2.18.0\error_prone_annotations-2.18.0.jar;C:\Users\sajus\.m2\repository\com\google\j2objc\j2objc-annotations\2.8\j2objc-annotations-2.8.jar;C:\Users\sajus\.m2\repository\io\netty\netty-buffer\4.1.96.Final\netty-buffer-4.1.96.Final.jar;C:\Users\sajus\.m2\repository\io\netty\netty-codec-http\4.1.96.Final\netty-codec-http-4.1.96.Final.jar;C:\Users\sajus\.m2\repository\io\netty\netty-codec\4.1.96.Final\netty-codec-4.1.96.Final.jar;C:\Users\sajus\.m2\repository\io\netty\netty-handler\4.1.96.Final\netty-handler-4.1.96.Final.jar;C:\Users\sajus\.m2\repository\io\netty\netty-common\4.1.96.Final\netty-common-4.1.96.Final.jar;C:\Users\sajus\.m2\repository\io\netty\netty-transport-classes-epoll\4.1.96.Final\netty-transport-classes-epoll-4.1.96.Final.jar;C:\Users\sajus\.m2\repository\io\netty\netty-transport-classes-kqueue\4.1.96.Final\netty-transport-classes-kqueue-4.1.96.Final.jar;C:\Users\sajus\.m2\repository\io\netty\netty-transport-native-epoll\4.1.96.Final\netty-transport-native-epoll-4.1.96.Final.jar;C:\Users\sajus\.m2\repository\io\netty\netty-transport-native-kqueue\4.1.96.Final\netty-transport-native-kqueue-4.1.96.Final.jar;C:\Users\sajus\.m2\repository\io\netty\netty-transport-native-unix-common\4.1.96.Final\netty-transport-native-unix-common-4.1.96.Final.jar;C:\Users\sajus\.m2\repository\io\netty\netty-transport\4.1.96.Final\netty-transport-4.1.96.Final.jar;C:\Users\sajus\.m2\repository\io\netty\netty-resolver\4.1.96.Final\netty-resolver-4.1.96.Final.jar;C:\Users\sajus\.m2\repository\io\opentelemetry\opentelemetry-api\1.28.0\opentelemetry-api-1.28.0.jar;C:\Users\sajus\.m2\repository\io\opentelemetry\opentelemetry-context\1.28.0\opentelemetry-context-1.28.0.jar;C:\Users\sajus\.m2\repository\io\opentelemetry\opentelemetry-exporter-logging\1.28.0\opentelemetry-exporter-logging-1.28.0.jar;C:\Users\sajus\.m2\repository\io\opentelemetry\opentelemetry-sdk-metrics\1.28.0\opentelemetry-sdk-metrics-1.28.0.jar;C:\Users\sajus\.m2\repository\io\opentelemetry\opentelemetry-extension-incubator\1.28.0-alpha\opentelemetry-extension-incubator-1.28.0-alpha.jar;C:\Users\sajus\.m2\repository\io\opentelemetry\opentelemetry-sdk-logs\1.28.0\opentelemetry-sdk-logs-1.28.0.jar;C:\Users\sajus\.m2\repository\io\opentelemetry\opentelemetry-sdk-common\1.28.0\opentelemetry-sdk-common-1.28.0.jar;C:\Users\sajus\.m2\repository\io\opentelemetry\opentelemetry-sdk-extension-autoconfigure-spi\1.28.0\opentelemetry-sdk-extension-autoconfigure-spi-1.28.0.jar;C:\Users\sajus\.m2\repository\io\opentelemetry\opentelemetry-sdk-extension-autoconfigure\1.28.0\opentelemetry-sdk-extension-autoconfigure-1.28.0.jar;C:\Users\sajus\.m2\repository\io\opentelemetry\opentelemetry-api-events\1.28.0-alpha\opentelemetry-api-events-1.28.0-alpha.jar;C:\Users\sajus\.m2\repository\io\opentelemetry\opentelemetry-sdk-trace\1.28.0\opentelemetry-sdk-trace-1.28.0.jar;C:\Users\sajus\.m2\repository\io\opentelemetry\opentelemetry-sdk\1.28.0\opentelemetry-sdk-1.28.0.jar;C:\Users\sajus\.m2\repository\io\opentelemetry\opentelemetry-semconv\1.28.0-alpha\opentelemetry-semconv-1.28.0-alpha.jar;C:\Users\sajus\.m2\repository\net\bytebuddy\byte-buddy\1.14.5\byte-buddy-1.14.5.jar;C:\Users\sajus\.m2\repository\org\asynchttpclient\async-http-client\2.12.3\async-http-client-2.12.3.jar;C:\Users\sajus\.m2\repository\org\asynchttpclient\async-http-client-netty-utils\2.12.3\async-http-client-netty-utils-2.12.3.jar;C:\Users\sajus\.m2\repository\io\netty\netty-codec-socks\4.1.60.Final\netty-codec-socks-4.1.60.Final.jar;C:\Users\sajus\.m2\repository\io\netty\netty-handler-proxy\4.1.60.Final\netty-handler-proxy-4.1.60.Final.jar;C:\Users\sajus\.m2\repository\io\netty\netty-transport-native-epoll\4.1.60.Final\netty-transport-native-epoll-4.1.60.Final-linux-x86_64.jar;C:\Users\sajus\.m2\repository\io\netty\netty-transport-native-kqueue\4.1.60.Final\netty-transport-native-kqueue-4.1.60.Final-osx-x86_64.jar;C:\Users\sajus\.m2\repository\org\reactivestreams\reactive-streams\1.0.3\reactive-streams-1.0.3.jar;C:\Users\sajus\.m2\repository\com\typesafe\netty\netty-reactive-streams\2.0.4\netty-reactive-streams-2.0.4.jar;C:\Users\sajus\.m2\repository\com\sun\activation\jakarta.activation\1.2.2\jakarta.activation-1.2.2.jar;C:\Users\sajus\.m2\repository\org\seleniumhq\selenium\selenium-http\4.13.0\selenium-http-4.13.0.jar;C:\Users\sajus\.m2\repository\dev\failsafe\failsafe\3.3.2\failsafe-3.3.2.jar;C:\Users\sajus\.m2\repository\org\seleniumhq\selenium\selenium-json\4.13.0\selenium-json-4.13.0.jar;C:\Users\sajus\.m2\repository\org\seleniumhq\selenium\selenium-manager\4.13.0\selenium-manager-4.13.0.jar;C:\Users\sajus\.m2\repository\org\seleniumhq\selenium\selenium-os\4.13.0\selenium-os-4.13.0.jar;C:\Users\sajus\.m2\repository\org\apache\commons\commons-exec\1.3\commons-exec-1.3.jar;C:\Users\sajus\.m2\repository\org\testng\testng\7.11.0\testng-7.11.0.jar;C:\Users\sajus\.m2\repository\org\jcommander\jcommander\1.83\jcommander-1.83.jar;C:\Users\sajus\.m2\repository\org\webjars\jquery\3.7.1\jquery-3.7.1.jar;C:\Users\sajus\.m2\repository\com\aventstack\extentreports\5.0.9\extentreports-5.0.9.jar;C:\Users\sajus\.m2\repository\io\reactivex\rxjava3\rxjava\3.0.4\rxjava-3.0.4.jar;C:\Users\sajus\.m2\repository\org\freemarker\freemarker\2.3.30\freemarker-2.3.30.jar;C:\Users\sajus\.m2\repository\com\fasterxml\jackson\core\jackson-databind\2.15.2\jackson-databind-2.15.2.jar;C:\Users\sajus\.m2\repository\com\fasterxml\jackson\core\jackson-annotations\2.15.2\jackson-annotations-2.15.2.jar;C:\Users\sajus\.m2\repository\com\fasterxml\jackson\core\jackson-core\2.15.2\jackson-core-2.15.2.jar;C:\Users\sajus\.m2\repository\org\apache\logging\log4j\log4j-core\2.20.0\log4j-core-2.20.0.jar;C:\Users\sajus\.m2\repository\org\apache\logging\log4j\log4j-api\2.20.0\log4j-api-2.20.0.jar;C:\Users\sajus\.m2\repository\org\slf4j\slf4j-simple\2.0.9\slf4j-simple-2.0.9.jar;C:\Users\sajus\.m2\repository\org\projectlombok\lombok\1.18.28\lombok-1.18.28.jar;C:\Users\sajus\.m2\repository\com\beust\jcommander\1.82\jcommander-1.82.jar;C:\Users\sajus\.m2\repository\io\qameta\allure\allure-testng\2.29.0\allure-testng-2.29.0.jar;C:\Users\sajus\.m2\repository\io\qameta\allure\allure-java-commons\2.29.0\allure-java-commons-2.29.0.jar;C:\Users\sajus\.m2\repository\io\qameta\allure\allure-model\2.29.0\allure-model-2.29.0.jar;C:\Users\sajus\.m2\repository\io\qameta\allure\allure-test-filter\2.29.0\allure-test-filter-2.29.0.jar;C:\Users\sajus\.m2\repository\org\aspectj\aspectjweaver\1.9.20\aspectjweaver-1.9.20.jar;"/>
    <property name="java.vm.vendor" value="Oracle Corporation"/>
    <property name="sun.arch.data.model" value="64"/>
    <property name="user.variant" value=""/>
    <property name="java.vendor.url" value="https://openjdk.java.net/"/>
    <property name="user.timezone" value="America/Toronto"/>
    <property name="java.vm.specification.version" value="11"/>
    <property name="os.name" value="Windows 11"/>
    <property name="sun.java.launcher" value="SUN_STANDARD"/>
    <property name="user.country" value="CA"/>
    <property name="sun.boot.library.path" value="C:\Program Files\jdk-11.0.26\bin"/>
    <property name="sun.java.command" value="C:\Users\sajus\AppData\Local\Temp\surefire12174419937636708449\surefirebooter-20250619133736715_3.jar C:\Users\sajus\AppData\Local\Temp\surefire12174419937636708449 2025-06-19T13-37-36_057-jvmRun1 surefire-20250619133736715_1tmp surefire_0-20250619133736715_2tmp"/>
    <property name="jdk.debug" value="release"/>
    <property name="surefire.test.class.path" value="C:\Users\sajus\IdeaProjects\appium_Device\target\test-classes;C:\Users\sajus\IdeaProjects\appium_Device\target\classes;C:\Users\sajus\.m2\repository\io\appium\java-client\8.5.1\java-client-8.5.1.jar;C:\Users\sajus\.m2\repository\org\seleniumhq\selenium\selenium-api\4.33.0\selenium-api-4.33.0.jar;C:\Users\sajus\.m2\repository\org\jspecify\jspecify\1.0.0\jspecify-1.0.0.jar;C:\Users\sajus\.m2\repository\org\seleniumhq\selenium\selenium-support\4.33.0\selenium-support-4.33.0.jar;C:\Users\sajus\.m2\repository\com\google\code\gson\gson\2.10.1\gson-2.10.1.jar;C:\Users\sajus\.m2\repository\commons-validator\commons-validator\1.7\commons-validator-1.7.jar;C:\Users\sajus\.m2\repository\commons-beanutils\commons-beanutils\1.9.4\commons-beanutils-1.9.4.jar;C:\Users\sajus\.m2\repository\commons-digester\commons-digester\2.1\commons-digester-2.1.jar;C:\Users\sajus\.m2\repository\commons-logging\commons-logging\1.2\commons-logging-1.2.jar;C:\Users\sajus\.m2\repository\commons-collections\commons-collections\3.2.2\commons-collections-3.2.2.jar;C:\Users\sajus\.m2\repository\org\apache\commons\commons-lang3\3.12.0\commons-lang3-3.12.0.jar;C:\Users\sajus\.m2\repository\commons-io\commons-io\2.12.0\commons-io-2.12.0.jar;C:\Users\sajus\.m2\repository\org\slf4j\slf4j-api\2.0.7\slf4j-api-2.0.7.jar;C:\Users\sajus\.m2\repository\org\seleniumhq\selenium\selenium-java\4.8.0\selenium-java-4.8.0.jar;C:\Users\sajus\.m2\repository\org\seleniumhq\selenium\selenium-chrome-driver\4.8.0\selenium-chrome-driver-4.8.0.jar;C:\Users\sajus\.m2\repository\com\google\auto\service\auto-service\1.0.1\auto-service-1.0.1.jar;C:\Users\sajus\.m2\repository\com\google\auto\auto-common\1.2\auto-common-1.2.jar;C:\Users\sajus\.m2\repository\org\seleniumhq\selenium\selenium-chromium-driver\4.8.0\selenium-chromium-driver-4.8.0.jar;C:\Users\sajus\.m2\repository\org\seleniumhq\selenium\selenium-devtools-v107\4.8.0\selenium-devtools-v107-4.8.0.jar;C:\Users\sajus\.m2\repository\org\seleniumhq\selenium\selenium-devtools-v108\4.8.0\selenium-devtools-v108-4.8.0.jar;C:\Users\sajus\.m2\repository\org\seleniumhq\selenium\selenium-devtools-v109\4.8.0\selenium-devtools-v109-4.8.0.jar;C:\Users\sajus\.m2\repository\org\seleniumhq\selenium\selenium-devtools-v85\4.8.0\selenium-devtools-v85-4.8.0.jar;C:\Users\sajus\.m2\repository\org\seleniumhq\selenium\selenium-edge-driver\4.8.0\selenium-edge-driver-4.8.0.jar;C:\Users\sajus\.m2\repository\org\seleniumhq\selenium\selenium-firefox-driver\4.8.0\selenium-firefox-driver-4.8.0.jar;C:\Users\sajus\.m2\repository\org\seleniumhq\selenium\selenium-ie-driver\4.8.0\selenium-ie-driver-4.8.0.jar;C:\Users\sajus\.m2\repository\org\seleniumhq\selenium\selenium-safari-driver\4.8.0\selenium-safari-driver-4.8.0.jar;C:\Users\sajus\.m2\repository\org\seleniumhq\selenium\selenium-remote-driver\4.13.0\selenium-remote-driver-4.13.0.jar;C:\Users\sajus\.m2\repository\com\google\auto\service\auto-service-annotations\1.1.1\auto-service-annotations-1.1.1.jar;C:\Users\sajus\.m2\repository\com\google\guava\guava\32.1.2-jre\guava-32.1.2-jre.jar;C:\Users\sajus\.m2\repository\com\google\guava\failureaccess\1.0.1\failureaccess-1.0.1.jar;C:\Users\sajus\.m2\repository\com\google\guava\listenablefuture\9999.0-empty-to-avoid-conflict-with-guava\listenablefuture-9999.0-empty-to-avoid-conflict-with-guava.jar;C:\Users\sajus\.m2\repository\com\google\code\findbugs\jsr305\3.0.2\jsr305-3.0.2.jar;C:\Users\sajus\.m2\repository\org\checkerframework\checker-qual\3.33.0\checker-qual-3.33.0.jar;C:\Users\sajus\.m2\repository\com\google\errorprone\error_prone_annotations\2.18.0\error_prone_annotations-2.18.0.jar;C:\Users\sajus\.m2\repository\com\google\j2objc\j2objc-annotations\2.8\j2objc-annotations-2.8.jar;C:\Users\sajus\.m2\repository\io\netty\netty-buffer\4.1.96.Final\netty-buffer-4.1.96.Final.jar;C:\Users\sajus\.m2\repository\io\netty\netty-codec-http\4.1.96.Final\netty-codec-http-4.1.96.Final.jar;C:\Users\sajus\.m2\repository\io\netty\netty-codec\4.1.96.Final\netty-codec-4.1.96.Final.jar;C:\Users\sajus\.m2\repository\io\netty\netty-handler\4.1.96.Final\netty-handler-4.1.96.Final.jar;C:\Users\sajus\.m2\repository\io\netty\netty-common\4.1.96.Final\netty-common-4.1.96.Final.jar;C:\Users\sajus\.m2\repository\io\netty\netty-transport-classes-epoll\4.1.96.Final\netty-transport-classes-epoll-4.1.96.Final.jar;C:\Users\sajus\.m2\repository\io\netty\netty-transport-classes-kqueue\4.1.96.Final\netty-transport-classes-kqueue-4.1.96.Final.jar;C:\Users\sajus\.m2\repository\io\netty\netty-transport-native-epoll\4.1.96.Final\netty-transport-native-epoll-4.1.96.Final.jar;C:\Users\sajus\.m2\repository\io\netty\netty-transport-native-kqueue\4.1.96.Final\netty-transport-native-kqueue-4.1.96.Final.jar;C:\Users\sajus\.m2\repository\io\netty\netty-transport-native-unix-common\4.1.96.Final\netty-transport-native-unix-common-4.1.96.Final.jar;C:\Users\sajus\.m2\repository\io\netty\netty-transport\4.1.96.Final\netty-transport-4.1.96.Final.jar;C:\Users\sajus\.m2\repository\io\netty\netty-resolver\4.1.96.Final\netty-resolver-4.1.96.Final.jar;C:\Users\sajus\.m2\repository\io\opentelemetry\opentelemetry-api\1.28.0\opentelemetry-api-1.28.0.jar;C:\Users\sajus\.m2\repository\io\opentelemetry\opentelemetry-context\1.28.0\opentelemetry-context-1.28.0.jar;C:\Users\sajus\.m2\repository\io\opentelemetry\opentelemetry-exporter-logging\1.28.0\opentelemetry-exporter-logging-1.28.0.jar;C:\Users\sajus\.m2\repository\io\opentelemetry\opentelemetry-sdk-metrics\1.28.0\opentelemetry-sdk-metrics-1.28.0.jar;C:\Users\sajus\.m2\repository\io\opentelemetry\opentelemetry-extension-incubator\1.28.0-alpha\opentelemetry-extension-incubator-1.28.0-alpha.jar;C:\Users\sajus\.m2\repository\io\opentelemetry\opentelemetry-sdk-logs\1.28.0\opentelemetry-sdk-logs-1.28.0.jar;C:\Users\sajus\.m2\repository\io\opentelemetry\opentelemetry-sdk-common\1.28.0\opentelemetry-sdk-common-1.28.0.jar;C:\Users\sajus\.m2\repository\io\opentelemetry\opentelemetry-sdk-extension-autoconfigure-spi\1.28.0\opentelemetry-sdk-extension-autoconfigure-spi-1.28.0.jar;C:\Users\sajus\.m2\repository\io\opentelemetry\opentelemetry-sdk-extension-autoconfigure\1.28.0\opentelemetry-sdk-extension-autoconfigure-1.28.0.jar;C:\Users\sajus\.m2\repository\io\opentelemetry\opentelemetry-api-events\1.28.0-alpha\opentelemetry-api-events-1.28.0-alpha.jar;C:\Users\sajus\.m2\repository\io\opentelemetry\opentelemetry-sdk-trace\1.28.0\opentelemetry-sdk-trace-1.28.0.jar;C:\Users\sajus\.m2\repository\io\opentelemetry\opentelemetry-sdk\1.28.0\opentelemetry-sdk-1.28.0.jar;C:\Users\sajus\.m2\repository\io\opentelemetry\opentelemetry-semconv\1.28.0-alpha\opentelemetry-semconv-1.28.0-alpha.jar;C:\Users\sajus\.m2\repository\net\bytebuddy\byte-buddy\1.14.5\byte-buddy-1.14.5.jar;C:\Users\sajus\.m2\repository\org\asynchttpclient\async-http-client\2.12.3\async-http-client-2.12.3.jar;C:\Users\sajus\.m2\repository\org\asynchttpclient\async-http-client-netty-utils\2.12.3\async-http-client-netty-utils-2.12.3.jar;C:\Users\sajus\.m2\repository\io\netty\netty-codec-socks\4.1.60.Final\netty-codec-socks-4.1.60.Final.jar;C:\Users\sajus\.m2\repository\io\netty\netty-handler-proxy\4.1.60.Final\netty-handler-proxy-4.1.60.Final.jar;C:\Users\sajus\.m2\repository\io\netty\netty-transport-native-epoll\4.1.60.Final\netty-transport-native-epoll-4.1.60.Final-linux-x86_64.jar;C:\Users\sajus\.m2\repository\io\netty\netty-transport-native-kqueue\4.1.60.Final\netty-transport-native-kqueue-4.1.60.Final-osx-x86_64.jar;C:\Users\sajus\.m2\repository\org\reactivestreams\reactive-streams\1.0.3\reactive-streams-1.0.3.jar;C:\Users\sajus\.m2\repository\com\typesafe\netty\netty-reactive-streams\2.0.4\netty-reactive-streams-2.0.4.jar;C:\Users\sajus\.m2\repository\com\sun\activation\jakarta.activation\1.2.2\jakarta.activation-1.2.2.jar;C:\Users\sajus\.m2\repository\org\seleniumhq\selenium\selenium-http\4.13.0\selenium-http-4.13.0.jar;C:\Users\sajus\.m2\repository\dev\failsafe\failsafe\3.3.2\failsafe-3.3.2.jar;C:\Users\sajus\.m2\repository\org\seleniumhq\selenium\selenium-json\4.13.0\selenium-json-4.13.0.jar;C:\Users\sajus\.m2\repository\org\seleniumhq\selenium\selenium-manager\4.13.0\selenium-manager-4.13.0.jar;C:\Users\sajus\.m2\repository\org\seleniumhq\selenium\selenium-os\4.13.0\selenium-os-4.13.0.jar;C:\Users\sajus\.m2\repository\org\apache\commons\commons-exec\1.3\commons-exec-1.3.jar;C:\Users\sajus\.m2\repository\org\testng\testng\7.11.0\testng-7.11.0.jar;C:\Users\sajus\.m2\repository\org\jcommander\jcommander\1.83\jcommander-1.83.jar;C:\Users\sajus\.m2\repository\org\webjars\jquery\3.7.1\jquery-3.7.1.jar;C:\Users\sajus\.m2\repository\com\aventstack\extentreports\5.0.9\extentreports-5.0.9.jar;C:\Users\sajus\.m2\repository\io\reactivex\rxjava3\rxjava\3.0.4\rxjava-3.0.4.jar;C:\Users\sajus\.m2\repository\org\freemarker\freemarker\2.3.30\freemarker-2.3.30.jar;C:\Users\sajus\.m2\repository\com\fasterxml\jackson\core\jackson-databind\2.15.2\jackson-databind-2.15.2.jar;C:\Users\sajus\.m2\repository\com\fasterxml\jackson\core\jackson-annotations\2.15.2\jackson-annotations-2.15.2.jar;C:\Users\sajus\.m2\repository\com\fasterxml\jackson\core\jackson-core\2.15.2\jackson-core-2.15.2.jar;C:\Users\sajus\.m2\repository\org\apache\logging\log4j\log4j-core\2.20.0\log4j-core-2.20.0.jar;C:\Users\sajus\.m2\repository\org\apache\logging\log4j\log4j-api\2.20.0\log4j-api-2.20.0.jar;C:\Users\sajus\.m2\repository\org\slf4j\slf4j-simple\2.0.9\slf4j-simple-2.0.9.jar;C:\Users\sajus\.m2\repository\org\projectlombok\lombok\1.18.28\lombok-1.18.28.jar;C:\Users\sajus\.m2\repository\com\beust\jcommander\1.82\jcommander-1.82.jar;C:\Users\sajus\.m2\repository\io\qameta\allure\allure-testng\2.29.0\allure-testng-2.29.0.jar;C:\Users\sajus\.m2\repository\io\qameta\allure\allure-java-commons\2.29.0\allure-java-commons-2.29.0.jar;C:\Users\sajus\.m2\repository\io\qameta\allure\allure-model\2.29.0\allure-model-2.29.0.jar;C:\Users\sajus\.m2\repository\io\qameta\allure\allure-test-filter\2.29.0\allure-test-filter-2.29.0.jar;C:\Users\sajus\.m2\repository\org\aspectj\aspectjweaver\1.9.20\aspectjweaver-1.9.20.jar;"/>
    <property name="allure.results.directory" value="C:\Users\sajus\IdeaProjects\appium_Device\target/allure-results"/>
    <property name="sun.cpu.endian" value="little"/>
    <property name="user.home" value="C:\Users\sajus"/>
    <property name="user.language" value="en"/>
    <property name="java.specification.vendor" value="Oracle Corporation"/>
    <property name="java.version.date" value="2025-01-21"/>
    <property name="java.home" value="C:\Program Files\jdk-11.0.26"/>
    <property name="file.separator" value="\"/>
    <property name="basedir" value="C:\Users\sajus\IdeaProjects\appium_Device"/>
    <property name="java.vm.compressedOopsMode" value="32-bit"/>
    <property name="line.separator" value="&#10;"/>
    <property name="java.specification.name" value="Java Platform API Specification"/>
    <property name="java.vm.specification.vendor" value="Oracle Corporation"/>
    <property name="java.awt.graphicsenv" value="sun.awt.Win32GraphicsEnvironment"/>
    <property name="surefire.real.class.path" value="C:\Users\sajus\AppData\Local\Temp\surefire12174419937636708449\surefirebooter-20250619133736715_3.jar"/>
    <property name="user.script" value=""/>
    <property name="sun.management.compiler" value="HotSpot 64-Bit Tiered Compilers"/>
    <property name="java.runtime.version" value="11.0.26+7-LTS-187"/>
    <property name="user.name" value="sajus"/>
    <property name="path.separator" value=";"/>
    <property name="os.version" value="10.0"/>
    <property name="java.runtime.name" value="Java(TM) SE Runtime Environment"/>
    <property name="file.encoding" value="Cp1252"/>
    <property name="java.vm.name" value="Java HotSpot(TM) 64-Bit Server VM"/>
    <property name="java.vendor.version" value="18.9"/>
    <property name="localRepository" value="C:\Users\sajus\.m2\repository"/>
    <property name="java.vendor.url.bug" value="https://bugreport.java.com/bugreport/"/>
    <property name="java.io.tmpdir" value="C:\Users\sajus\AppData\Local\Temp\"/>
    <property name="java.version" value="11.0.26"/>
    <property name="user.dir" value="C:\Users\sajus\IdeaProjects\appium_Device"/>
    <property name="os.arch" value="amd64"/>
    <property name="java.vm.specification.name" value="Java Virtual Machine Specification"/>
    <property name="java.awt.printerjob" value="sun.awt.windows.WPrinterJob"/>
    <property name="sun.os.patch.level" value=""/>
    <property name="java.library.path" value="C:\Program Files\jdk-11.0.26\bin;C:\WINDOWS\Sun\Java\bin;C:\WINDOWS\system32;C:\WINDOWS;C:\WINDOWS\system32;C:\WINDOWS;C:\WINDOWS\System32\Wbem;C:\WINDOWS\System32\WindowsPowerShell\v1.0\;C:\WINDOWS\System32\OpenSSH\;C:\Program Files\dotnet\;C:\Program Files\nodejs\;C:\Users\sajus\AppData\Local\Android\Sdk\tools\bin;C:\Users\sajus\AppData\Local\Android\Sdk\platform-tools;C:\Program Files\jdk-11.0.26\bin;C:\Program Files\apache-maven-3.9.9\apache-maven-3.9.9\bin;C:\Program Files\Git\cmd;C:\Users\sajus\AppData\Local\Microsoft\WindowsApps;C:\Users\sajus\AppData\Local\Programs\Microsoft VS Code\bin;C:\Users\sajus\AppData\Roaming\npm;;."/>
    <property name="java.vendor" value="Oracle Corporation"/>
    <property name="java.vm.info" value="mixed mode"/>
    <property name="java.vm.version" value="11.0.26+7-LTS-187"/>
    <property name="java.specification.maintenance.version" value="3"/>
    <property name="sun.io.unicode.encoding" value="UnicodeLittle"/>
    <property name="java.class.version" value="55.0"/>
  </properties>
  <testcase name="setUp[1, 1](0)" classname="org.testCase.TestCase1" time="16.669">
    <failure message="Could not start a new session. Response code 500. Message: An unknown server-side error occurred while processing the command. Original error: Device R3CRC00KHBT was not in the list of connected devices &#10;Host info: host: &apos;ELSA&apos;, ip: &apos;192.168.2.20&apos;&#10;Build info: version: &apos;4.33.0&apos;, revision: &apos;2c6aaad03a&apos;&#10;System info: os.name: &apos;Windows 11&apos;, os.arch: &apos;amd64&apos;, os.version: &apos;10.0&apos;, java.version: &apos;11.0.26&apos;&#10;Driver info: io.appium.java_client.android.AndroidDriver&#10;Command: [null, newSession {capabilities=[{appium:appActivity=com.androidsample.generalstore.SplashActivity, appium:appPackage=com.androidsample.generalstore, appium:automationName=UiAutomator2, appium:deviceName=Samsung_Galaxy_S21, appium:noReset=true, platformName=ANDROID, appium:platformVersion=10.0, appium:systemPort=8201, appium:udid=R3CRC00KHBT}], desiredCapabilities=Capabilities {appActivity: com.androidsample.generalst..., appPackage: com.androidsample.generalstore, automationName: UiAutomator2, deviceName: Samsung_Galaxy_S21, noReset: true, platformName: ANDROID, platformVersion: 10.0, systemPort: 8201, udid: R3CRC00KHBT}}]&#10;Capabilities {appActivity: com.androidsample.generalst..., appPackage: com.androidsample.generalstore, automationName: UiAutomator2, deviceName: Samsung_Galaxy_S21, noReset: true, platformName: ANDROID, platformVersion: 10.0, systemPort: 8201, udid: R3CRC00KHBT}" type="org.openqa.selenium.SessionNotCreatedException"><![CDATA[org.openqa.selenium.SessionNotCreatedException: 
Could not start a new session. Response code 500. Message: An unknown server-side error occurred while processing the command. Original error: Device R3CRC00KHBT was not in the list of connected devices 
Host info: host: 'ELSA', ip: '192.168.2.20'
Build info: version: '4.33.0', revision: '2c6aaad03a'
System info: os.name: 'Windows 11', os.arch: 'amd64', os.version: '10.0', java.version: '11.0.26'
Driver info: io.appium.java_client.android.AndroidDriver
Command: [null, newSession {capabilities=[{appium:appActivity=com.androidsample.generalstore.SplashActivity, appium:appPackage=com.androidsample.generalstore, appium:automationName=UiAutomator2, appium:deviceName=Samsung_Galaxy_S21, appium:noReset=true, platformName=ANDROID, appium:platformVersion=10.0, appium:systemPort=8201, appium:udid=R3CRC00KHBT}], desiredCapabilities=Capabilities {appActivity: com.androidsample.generalst..., appPackage: com.androidsample.generalstore, automationName: UiAutomator2, deviceName: Samsung_Galaxy_S21, noReset: true, platformName: ANDROID, platformVersion: 10.0, systemPort: 8201, udid: R3CRC00KHBT}}]
Capabilities {appActivity: com.androidsample.generalst..., appPackage: com.androidsample.generalstore, automationName: UiAutomator2, deviceName: Samsung_Galaxy_S21, noReset: true, platformName: ANDROID, platformVersion: 10.0, systemPort: 8201, udid: R3CRC00KHBT}
	at org.openqa.selenium.remote.ProtocolHandshake.createSession(ProtocolHandshake.java:140)
	at java.base/jdk.internal.reflect.NativeMethodAccessorImpl.invoke0(Native Method)
	at java.base/jdk.internal.reflect.NativeMethodAccessorImpl.invoke(NativeMethodAccessorImpl.java:62)
	at java.base/jdk.internal.reflect.DelegatingMethodAccessorImpl.invoke(DelegatingMethodAccessorImpl.java:43)
	at java.base/java.lang.reflect.Method.invoke(Method.java:566)
	at io.appium.java_client.remote.AppiumProtocolHandshake.createSession(AppiumProtocolHandshake.java:133)
	at io.appium.java_client.remote.AppiumProtocolHandshake.createSession(AppiumProtocolHandshake.java:102)
	at io.appium.java_client.remote.AppiumCommandExecutor.createSession(AppiumCommandExecutor.java:182)
	at io.appium.java_client.remote.AppiumCommandExecutor.execute(AppiumCommandExecutor.java:250)
	at org.openqa.selenium.remote.RemoteWebDriver.execute(RemoteWebDriver.java:602)
	at io.appium.java_client.AppiumDriver.startSession(AppiumDriver.java:274)
	at org.openqa.selenium.remote.RemoteWebDriver.<init>(RemoteWebDriver.java:163)
	at io.appium.java_client.AppiumDriver.<init>(AppiumDriver.java:89)
	at io.appium.java_client.AppiumDriver.<init>(AppiumDriver.java:101)
	at io.appium.java_client.android.AndroidDriver.<init>(AndroidDriver.java:113)
	at org.appium.TestUtils.BaseTest.setUp(BaseTest.java:45)
	at java.base/jdk.internal.reflect.NativeMethodAccessorImpl.invoke0(Native Method)
	at java.base/jdk.internal.reflect.NativeMethodAccessorImpl.invoke(NativeMethodAccessorImpl.java:62)
	at java.base/jdk.internal.reflect.DelegatingMethodAccessorImpl.invoke(DelegatingMethodAccessorImpl.java:43)
	at java.base/java.lang.reflect.Method.invoke(Method.java:566)
	at org.testng.internal.invokers.MethodInvocationHelper.invokeMethod(MethodInvocationHelper.java:141)
	at org.testng.internal.invokers.MethodInvocationHelper.invokeMethodConsideringTimeout(MethodInvocationHelper.java:71)
	at org.testng.internal.invokers.ConfigInvoker.invokeConfigurationMethod(ConfigInvoker.java:400)
	at org.testng.internal.invokers.ConfigInvoker.invokeConfigurations(ConfigInvoker.java:333)
	at org.testng.internal.invokers.TestMethodWorker.invokeBeforeClassMethods(TestMethodWorker.java:188)
	at org.testng.internal.invokers.TestMethodWorker.run(TestMethodWorker.java:128)
	at java.base/java.util.ArrayList.forEach(ArrayList.java:1541)
	at org.testng.TestRunner.privateRun(TestRunner.java:741)
	at org.testng.TestRunner.run(TestRunner.java:616)
	at org.testng.SuiteRunner.runTest(SuiteRunner.java:421)
	at org.testng.SuiteRunner$SuiteWorker.run(SuiteRunner.java:463)
	at org.testng.internal.thread.ThreadUtil.lambda$execute$0(ThreadUtil.java:64)
	at java.base/java.util.concurrent.FutureTask.run(FutureTask.java:264)
	at java.base/java.util.concurrent.ThreadPoolExecutor.runWorker(ThreadPoolExecutor.java:1128)
	at java.base/java.util.concurrent.ThreadPoolExecutor$Worker.run(ThreadPoolExecutor.java:628)
	at java.base/java.lang.Thread.run(Thread.java:834)
]]></failure>
    <system-out><![CDATA[&amp#27;[38;5;112m[Appium]&amp#27;[0m Welcome to Appium v2.19.0
&amp#27;[38;5;112m[Appium]&amp#27;[0m Welcome to Appium v2.19.0
&amp#27;[38;5;112m[Appium]&amp#27;[0m The autodetected Appium home path: C:\Users\sajus\.appium
&amp#27;[38;5;112m[Appium]&amp#27;[0m Non-default server args:
&amp#27;[38;5;112m[Appium]&amp#27;[0m Attempting to load driver uiautomator2...
&amp#27;[38;5;112m[Appium]&amp#27;[0m { port: &amp#27;[33m4724&amp#27;[39m }
&amp#27;[38;5;112m[Appium]&amp#27;[0m The autodetected Appium home path: C:\Users\sajus\.appium
&amp#27;[38;5;112m[Appium]&amp#27;[0m Attempting to load driver uiautomator2...
&amp#27;[38;5;112m[Appium]&amp#27;[0m Requiring driver at C:\Users\sajus\.appium\node_modules\appium-uiautomator2-driver\build\index.js
&amp#27;[38;5;112m[Appium]&amp#27;[0m Requiring driver at C:\Users\sajus\.appium\node_modules\appium-uiautomator2-driver\build\index.js
&amp#27;[38;5;112m[Appium]&amp#27;[0m AndroidUiautomator2Driver has been successfully loaded in 2.246s
&amp#27;[38;5;112m[Appium]&amp#27;[0m AndroidUiautomator2Driver has been successfully loaded in 2.244s
&amp#27;[38;5;112m[Appium]&amp#27;[0m Appium REST http interface listener started on http://0.0.0.0:4724
&amp#27;[38;5;112m[Appium]&amp#27;[0m Appium REST http interface listener started on http://0.0.0.0:4723
&amp#27;[38;5;112m[Appium]&amp#27;[0m You can provide the following URLs in your client code to connect to this server:
	http://192.168.2.20:4723/
	http://127.0.0.1:4723/ (only accessible from the same host)
&amp#27;[38;5;112m[Appium]&amp#27;[0m You can provide the following URLs in your client code to connect to this server:
	http://192.168.2.20:4724/
	http://127.0.0.1:4724/ (only accessible from the same host)
&amp#27;[38;5;112m[Appium]&amp#27;[0m Available drivers:
&amp#27;[38;5;112m[Appium]&amp#27;[0m   - uiautomator2@4.2.3 (automationName 'UiAutomator2')
&amp#27;[38;5;112m[Appium]&amp#27;[0m Available drivers:
&amp#27;[38;5;112m[Appium]&amp#27;[0m   - uiautomator2@4.2.3 (automationName 'UiAutomator2')
&amp#27;[38;5;112m[Appium]&amp#27;[0m No plugins have been installed. Use the "appium plugin" command to install the one(s) you want to use.
&amp#27;[38;5;112m[Appium]&amp#27;[0m No plugins have been installed. Use the "appium plugin" command to install the one(s) you want to use.
&amp#27;[38;5;86m[HTTP]&amp#27;[0m &amp#27;[37m-->&amp#27;[39m &amp#27;[37mGET&amp#27;[39m &amp#27;[37m/status&amp#27;[39m &amp#27;[90m{}&amp#27;[39m
&amp#27;[38;5;86m[HTTP]&amp#27;[0m &amp#27;[37m-->&amp#27;[39m &amp#27;[37mGET&amp#27;[39m &amp#27;[37m/status&amp#27;[39m &amp#27;[90m{}&amp#27;[39m
&amp#27;[38;5;198m[AppiumDriver@0783]&amp#27;[0m Calling AppiumDriver.getStatus() with args: []
&amp#27;[38;5;119m[AppiumDriver@b2a8]&amp#27;[0m Calling AppiumDriver.getStatus() with args: []
&amp#27;[38;5;119m[AppiumDriver@b2a8]&amp#27;[0m Responding to client with driver.getStatus() result: {"ready":true,"message":"The server is ready to accept new connections","build":{"version":"2.19.0"}}
&amp#27;[38;5;198m[AppiumDriver@0783]&amp#27;[0m Responding to client with driver.getStatus() result: {"ready":true,"message":"The server is ready to accept new connections","build":{"version":"2.19.0"}}
&amp#27;[38;5;86m[HTTP]&amp#27;[0m &amp#27;[37m<-- GET /status &amp#27;[39m&amp#27;[32m200&amp#27;[39m &amp#27;[90m48 ms - 111&amp#27;[39m &amp#27;[90m&amp#27;[39m
&amp#27;[38;5;86m[HTTP]&amp#27;[0m &amp#27;[37m<-- GET /status &amp#27;[39m&amp#27;[32m200&amp#27;[39m &amp#27;[90m48 ms - 111&amp#27;[39m &amp#27;[90m&amp#27;[39m
Appium server started on port: 4723
Appium server started on port: 4724
&amp#27;[38;5;86m[HTTP]&amp#27;[0m Request idempotency key: 44cb77d5-3d5d-4e0e-a555-654fa7ec16d6
&amp#27;[38;5;86m[HTTP]&amp#27;[0m Request idempotency key: b59f1ff4-f98e-467f-9c64-0ab87812cc6a
&amp#27;[38;5;86m[HTTP]&amp#27;[0m &amp#27;[37m-->&amp#27;[39m &amp#27;[37mPOST&amp#27;[39m &amp#27;[37m/session&amp#27;[39m &amp#27;[90m{"capabilities":{"firstMatch":[{}],"alwaysMatch":{"appium:appActivity":"com.androidsample.generalstore.SplashActivity","appium:appPackage":"com.androidsample.generalstore","appium:automationName":"UiAutomator2","appium:deviceName":"Nokia","appium:noReset":true,"appium:platformVersion":"11.0","appium:systemPort":8202,"appium:udid":"CTLID18120801016","platformName":"ANDROID"}}}&amp#27;[39m
&amp#27;[38;5;86m[HTTP]&amp#27;[0m &amp#27;[37m-->&amp#27;[39m &amp#27;[37mPOST&amp#27;[39m &amp#27;[37m/session&amp#27;[39m &amp#27;[90m{"capabilities":{"firstMatch":[{}],"alwaysMatch":{"appium:appActivity":"com.androidsample.generalstore.SplashActivity","appium:appPackage":"com.androidsample.generalstore","appium:automationName":"UiAutomator2","appium:deviceName":"Samsung_Galaxy_S21","appium:noReset":true,"appium:platformVersion":"10.0","appium:systemPort":8201,"appium:udid":"R3CRC00KHBT","platformName":"ANDROID"}}}&amp#27;[39m
&amp#27;[38;5;198m[AppiumDriver@0783]&amp#27;[0m Calling AppiumDriver.createSession() with args: [null,null,{"firstMatch":[{}],"alwaysMatch":{"appium:appActivity":"com.androidsample.generalstore.SplashActivity","appium:appPackage":"com.androidsample.generalstore","appium:automationName":"UiAutomator2","appium:deviceName":"Nokia","appium:noReset":true,"appium:platformVersion":"11.0","appium:systemPort":8202,"appium:udid":"CTLID18120801016","platformName":"ANDROID"}}]
&amp#27;[38;5;119m[AppiumDriver@b2a8]&amp#27;[0m Calling AppiumDriver.createSession() with args: [null,null,{"firstMatch":[{}],"alwaysMatch":{"appium:appActivity":"com.androidsample.generalstore.SplashActivity","appium:appPackage":"com.androidsample.generalstore","appium:automationName":"UiAutomator2","appium:deviceName":"Samsung_Galaxy_S21","appium:noReset":true,"appium:platformVersion":"10.0","appium:systemPort":8201,"appium:udid":"R3CRC00KHBT","platformName":"ANDROID"}}]
&amp#27;[38;5;119m[AppiumDriver@b2a8]&amp#27;[0m Event 'newSessionRequested' logged at 1750354673744 (13:37:53 GMT-0400 (Eastern Daylight Saving Time))
&amp#27;[38;5;198m[AppiumDriver@0783]&amp#27;[0m Event 'newSessionRequested' logged at 1750354673743 (13:37:53 GMT-0400 (Eastern Daylight Saving Time))
&amp#27;[38;5;112m[Appium]&amp#27;[0m Attempting to find matching driver for automationName 'UiAutomator2' and platformName 'ANDROID'
&amp#27;[38;5;112m[Appium]&amp#27;[0m Attempting to find matching driver for automationName 'UiAutomator2' and platformName 'ANDROID'
&amp#27;[38;5;112m[Appium]&amp#27;[0m The 'uiautomator2' driver was installed and matched caps.
&amp#27;[38;5;112m[Appium]&amp#27;[0m Will require it at C:\Users\sajus\.appium\node_modules\appium-uiautomator2-driver
&amp#27;[38;5;112m[Appium]&amp#27;[0m The 'uiautomator2' driver was installed and matched caps.
&amp#27;[38;5;112m[Appium]&amp#27;[0m Will require it at C:\Users\sajus\.appium\node_modules\appium-uiautomator2-driver
&amp#27;[38;5;112m[Appium]&amp#27;[0m Requiring driver at C:\Users\sajus\.appium\node_modules\appium-uiautomator2-driver\build\index.js
&amp#27;[38;5;119m[AppiumDriver@b2a8]&amp#27;[0m Appium v2.19.0 creating new AndroidUiautomator2Driver (v4.2.3) session
&amp#27;[38;5;119m[AppiumDriver@b2a8]&amp#27;[0m Checking BaseDriver versions for Appium and AndroidUiautomator2Driver
&amp#27;[38;5;119m[AppiumDriver@b2a8]&amp#27;[0m Appium's BaseDriver version is 9.18.0
&amp#27;[38;5;119m[AppiumDriver@b2a8]&amp#27;[0m AndroidUiautomator2Driver's BaseDriver version is 9.18.0
&amp#27;[38;5;112m[Appium]&amp#27;[0m Requiring driver at C:\Users\sajus\.appium\node_modules\appium-uiautomator2-driver\build\index.js
&amp#27;[38;5;198m[AppiumDriver@0783]&amp#27;[0m Appium v2.19.0 creating new AndroidUiautomator2Driver (v4.2.3) session
&amp#27;[38;5;198m[AppiumDriver@0783]&amp#27;[0m Checking BaseDriver versions for Appium and AndroidUiautomator2Driver
&amp#27;[38;5;198m[AppiumDriver@0783]&amp#27;[0m Appium's BaseDriver version is 9.18.0
&amp#27;[38;5;198m[AppiumDriver@0783]&amp#27;[0m AndroidUiautomator2Driver's BaseDriver version is 9.18.0
&amp#27;[38;5;-148m[AndroidUiautomator2Driver@805d]&amp#27;[0m 
&amp#27;[38;5;-190m[AndroidUiautomator2Driver@4421]&amp#27;[0m 
&amp#27;[38;5;-148m[AndroidUiautomator2Driver@805d]&amp#27;[0m Creating session with W3C capabilities: {
  "alwaysMatch": {
    "platformName": "ANDROID",
    "appium:appActivity": "com.androidsample.generalstore.SplashActivity",
    "appium:appPackage": "com.androidsample.generalstore",
    "appium:automationName": "UiAutomator2",
    "appium:deviceName": "Samsung_Galaxy_S21",
    "appium:noReset": true,
    "appium:platformVersion": "10.0",
    "appium:systemPort": 8201,
    "appium:udid": "R3CRC00KHBT"
  },
  "firstMatch": [
    {}
  ]
}
&amp#27;[38;5;-190m[AndroidUiautomator2Driver@4421]&amp#27;[0m Creating session with W3C capabilities: {
  "alwaysMatch": {
    "platformName": "ANDROID",
    "appium:appActivity": "com.androidsample.generalstore.SplashActivity",
    "appium:appPackage": "com.androidsample.generalstore",
    "appium:automationName": "UiAutomator2",
    "appium:deviceName": "Nokia",
    "appium:noReset": true,
    "appium:platformVersion": "11.0",
    "appium:systemPort": 8202,
    "appium:udid": "CTLID18120801016"
  },
  "firstMatch": [
    {}
  ]
}
&amp#27;[38;5;88m[2c01322c]&amp#27;[0m&amp#27;[38;5;-148m[AndroidUiautomator2Driver@805d]&amp#27;[0m Session created with session id: 2c01322c-81c9-47f0-b506-03a6174980ad
&amp#27;[38;5;172m[ac437da3]&amp#27;[0m&amp#27;[38;5;-190m[AndroidUiautomator2Driver@4421]&amp#27;[0m Session created with session id: ac437da3-a107-4a43-be52-f5b544819db0
&amp#27;[38;5;172m[ac437da3]&amp#27;[0m&amp#27;[38;5;229m[ADB]&amp#27;[0m Found 3 'build-tools' folders under 'C:\Users\sajus\AppData\Local\Android\Sdk' (newest first):
&amp#27;[38;5;172m[ac437da3]&amp#27;[0m&amp#27;[38;5;229m[ADB]&amp#27;[0m     C:\Users\sajus\AppData\Local\Android\Sdk\build-tools\36.0.0
&amp#27;[38;5;172m[ac437da3]&amp#27;[0m&amp#27;[38;5;229m[ADB]&amp#27;[0m     C:\Users\sajus\AppData\Local\Android\Sdk\build-tools\35.0.1
&amp#27;[38;5;172m[ac437da3]&amp#27;[0m&amp#27;[38;5;229m[ADB]&amp#27;[0m     C:\Users\sajus\AppData\Local\Android\Sdk\build-tools\35.0.0
&amp#27;[38;5;172m[ac437da3]&amp#27;[0m&amp#27;[38;5;229m[ADB]&amp#27;[0m Using 'adb.exe' from 'C:\Users\sajus\AppData\Local\Android\Sdk\platform-tools\adb.exe'
&amp#27;[38;5;172m[ac437da3]&amp#27;[0m&amp#27;[38;5;229m[ADB]&amp#27;[0m Running 'C:\Users\sajus\AppData\Local\Android\Sdk\platform-tools\adb.exe -P 5037 start-server'
&amp#27;[38;5;88m[2c01322c]&amp#27;[0m&amp#27;[38;5;229m[ADB]&amp#27;[0m Found 3 'build-tools' folders under 'C:\Users\sajus\AppData\Local\Android\Sdk' (newest first):
&amp#27;[38;5;88m[2c01322c]&amp#27;[0m&amp#27;[38;5;229m[ADB]&amp#27;[0m     C:\Users\sajus\AppData\Local\Android\Sdk\build-tools\36.0.0
&amp#27;[38;5;88m[2c01322c]&amp#27;[0m&amp#27;[38;5;229m[ADB]&amp#27;[0m     C:\Users\sajus\AppData\Local\Android\Sdk\build-tools\35.0.1
&amp#27;[38;5;88m[2c01322c]&amp#27;[0m&amp#27;[38;5;229m[ADB]&amp#27;[0m     C:\Users\sajus\AppData\Local\Android\Sdk\build-tools\35.0.0
&amp#27;[38;5;88m[2c01322c]&amp#27;[0m&amp#27;[38;5;229m[ADB]&amp#27;[0m Using 'adb.exe' from 'C:\Users\sajus\AppData\Local\Android\Sdk\platform-tools\adb.exe'
&amp#27;[38;5;88m[2c01322c]&amp#27;[0m&amp#27;[38;5;229m[ADB]&amp#27;[0m Running 'C:\Users\sajus\AppData\Local\Android\Sdk\platform-tools\adb.exe -P 5037 start-server'
&amp#27;[38;5;172m[ac437da3]&amp#27;[0m&amp#27;[38;5;-190m[AndroidUiautomator2Driver@4421]&amp#27;[0m Retrieving device list
&amp#27;[38;5;172m[ac437da3]&amp#27;[0m&amp#27;[38;5;229m[ADB]&amp#27;[0m Trying to find connected Android devices
&amp#27;[38;5;172m[ac437da3]&amp#27;[0m&amp#27;[38;5;229m[ADB]&amp#27;[0m Getting connected devices
&amp#27;[38;5;88m[2c01322c]&amp#27;[0m&amp#27;[38;5;-148m[AndroidUiautomator2Driver@805d]&amp#27;[0m Retrieving device list
&amp#27;[38;5;88m[2c01322c]&amp#27;[0m&amp#27;[38;5;229m[ADB]&amp#27;[0m Trying to find connected Android devices
&amp#27;[38;5;88m[2c01322c]&amp#27;[0m&amp#27;[38;5;229m[ADB]&amp#27;[0m Getting connected devices
&amp#27;[38;5;172m[ac437da3]&amp#27;[0m&amp#27;[38;5;229m[ADB]&amp#27;[0m Connected devices: [{"udid":"CTLID18120801016","state":"device"}]
&amp#27;[38;5;172m[ac437da3]&amp#27;[0m&amp#27;[38;5;-190m[AndroidUiautomator2Driver@4421]&amp#27;[0m Using device: CTLID18120801016
&amp#27;[38;5;172m[ac437da3]&amp#27;[0m&amp#27;[38;5;229m[ADB]&amp#27;[0m Using 'adb.exe' from 'C:\Users\sajus\AppData\Local\Android\Sdk\platform-tools\adb.exe'
&amp#27;[38;5;172m[ac437da3]&amp#27;[0m&amp#27;[38;5;229m[ADB]&amp#27;[0m Running 'C:\Users\sajus\AppData\Local\Android\Sdk\platform-tools\adb.exe -P 5037 start-server'
&amp#27;[38;5;88m[2c01322c]&amp#27;[0m&amp#27;[38;5;229m[ADB]&amp#27;[0m Connected devices: [{"udid":"CTLID18120801016","state":"device"}]
&amp#27;[38;5;88m[2c01322c]&amp#27;[0m&amp#27;[38;5;-148m[AndroidUiautomator2Driver@805d]&amp#27;[0m Device R3CRC00KHBT was not in the list of connected devices
&amp#27;[38;5;88m[2c01322c]&amp#27;[0m&amp#27;[38;5;-148m[AndroidUiautomator2Driver@805d]&amp#27;[0m Deleting UiAutomator2 session
&amp#27;[38;5;88m[2c01322c]&amp#27;[0m&amp#27;[38;5;119m[AppiumDriver@b2a8]&amp#27;[0m Event 'newSessionStarted' logged at 1750354674076 (13:37:54 GMT-0400 (Eastern Daylight Saving Time))
&amp#27;[38;5;88m[2c01322c]&amp#27;[0m&amp#27;[38;5;119m[AppiumDriver@b2a8]&amp#27;[0m Encountered internal error running command: Error: Device R3CRC00KHBT was not in the list of connected devices
    at Object.errorWithException (C:\Users\JenkinsUser\AppData\Roaming\npm\node_modules\appium\node_modules\@appium\support\lib\logging.js:41:45)
    at AndroidUiautomator2Driver.getDeviceInfoFromCaps (C:\Users\sajus\.appium\node_modules\appium-uiautomator2-driver\node_modules\appium-android-driver\lib\commands\device\common.js:46:24)
    at AndroidUiautomator2Driver.createSession (C:\Users\sajus\.appium\node_modules\appium-uiautomator2-driver\lib\driver.ts:357:30)
    at AppiumDriver.createSession (C:\Users\JenkinsUser\AppData\Roaming\npm\node_modules\appium\lib\appium.js:379:35)
&amp#27;[38;5;88m[2c01322c]&amp#27;[0m&amp#27;[38;5;86m[HTTP]&amp#27;[0m &amp#27;[37m<-- POST /session &amp#27;[39m&amp#27;[31m500&amp#27;[39m &amp#27;[90m397 ms - 696&amp#27;[39m &amp#27;[90m&amp#27;[39m
&amp#27;[38;5;172m[ac437da3]&amp#27;[0m&amp#27;[38;5;229m[ADB]&amp#27;[0m Setting device id to CTLID18120801016
&amp#27;[38;5;172m[ac437da3]&amp#27;[0m&amp#27;[38;5;-190m[AndroidUiautomator2Driver@4421]&amp#27;[0m Starting 'com.androidsample.generalstore' directly on the device
&amp#27;[38;5;172m[ac437da3]&amp#27;[0m&amp#27;[38;5;229m[ADB]&amp#27;[0m Running 'C:\Users\sajus\AppData\Local\Android\Sdk\platform-tools\adb.exe -P 5037 -s CTLID18120801016 shell getprop ro.build.version.sdk'
&amp#27;[38;5;172m[ac437da3]&amp#27;[0m&amp#27;[38;5;229m[ADB]&amp#27;[0m Current device property 'ro.build.version.sdk': 29
&amp#27;[38;5;172m[ac437da3]&amp#27;[0m&amp#27;[38;5;229m[ADB]&amp#27;[0m Getting device platform version
&amp#27;[38;5;172m[ac437da3]&amp#27;[0m&amp#27;[38;5;229m[ADB]&amp#27;[0m Running 'C:\Users\sajus\AppData\Local\Android\Sdk\platform-tools\adb.exe -P 5037 -s CTLID18120801016 shell getprop ro.build.version.release'
&amp#27;[38;5;172m[ac437da3]&amp#27;[0m&amp#27;[38;5;229m[ADB]&amp#27;[0m Current device property 'ro.build.version.release': 10
&amp#27;[38;5;172m[ac437da3]&amp#27;[0m&amp#27;[38;5;229m[ADB]&amp#27;[0m Device API level: 29
&amp#27;[38;5;172m[ac437da3]&amp#27;[0m&amp#27;[38;5;-190m[AndroidUiautomator2Driver@4421]&amp#27;[0m Relaxing hidden api policy
&amp#27;[38;5;172m[ac437da3]&amp#27;[0m&amp#27;[38;5;229m[ADB]&amp#27;[0m Running 'C:\Users\sajus\AppData\Local\Android\Sdk\platform-tools\adb.exe -P 5037 -s CTLID18120801016 shell 'settings put global hidden_api_policy_pre_p_apps 1;settings put global hidden_api_policy_p_apps 1;settings put global hidden_api_policy 1''
&amp#27;[38;5;172m[ac437da3]&amp#27;[0m&amp#27;[38;5;-190m[AndroidUiautomator2Driver@4421]&amp#27;[0m Pushing settings apk to the device...
&amp#27;[38;5;172m[ac437da3]&amp#27;[0m&amp#27;[38;5;229m[ADB]&amp#27;[0m Getting package info for 'io.appium.settings'
&amp#27;[38;5;172m[ac437da3]&amp#27;[0m&amp#27;[38;5;229m[ADB]&amp#27;[0m Running 'C:\Users\sajus\AppData\Local\Android\Sdk\platform-tools\adb.exe -P 5037 -s CTLID18120801016 shell dumpsys package io.appium.settings'
&amp#27;[38;5;172m[ac437da3]&amp#27;[0m&amp#27;[38;5;229m[ADB]&amp#27;[0m Using 'aapt2.exe' from 'C:\Users\sajus\AppData\Local\Android\Sdk\build-tools\36.0.0\aapt2.exe'
&amp#27;[38;5;172m[ac437da3]&amp#27;[0m&amp#27;[38;5;229m[ADB]&amp#27;[0m Reading package manifest: 'C:\\Users\\sajus\\AppData\\Local\\Android\\Sdk\\build-tools\\36.0.0\\aapt2.exe dump badging C:\\Users\\sajus\\.appium\\node_modules\\appium-uiautomator2-driver\\node_modules\\io.appium.settings\\apks\\settings_apk-debug.apk'
]]></system-out>
    <system-err><![CDATA[[main] WARN org.testng.TestNG - Ignoring duplicate listener : io.qameta.allure.testng.AllureTestNg
[main] WARN org.testng.TestNG - Ignoring duplicate listener : io.qameta.allure.testng.AllureTestNg
[main] WARN org.testng.TestNG - Ignoring duplicate listener : io.qameta.allure.testng.AllureTestNg
]]></system-err>
  </testcase>
  <testcase name="FirstCase" classname="org.testCase.TestCase1" time="0">
    <skipped message="Could not start a new session. Response code 500. Message: An unknown server-side error occurred while processing the command. Original error: Device R3CRC00KHBT was not in the list of connected devices &#10;Host info: host: &apos;ELSA&apos;, ip: &apos;192.168.2.20&apos;&#10;Build info: version: &apos;4.33.0&apos;, revision: &apos;2c6aaad03a&apos;&#10;System info: os.name: &apos;Windows 11&apos;, os.arch: &apos;amd64&apos;, os.version: &apos;10.0&apos;, java.version: &apos;11.0.26&apos;&#10;Driver info: io.appium.java_client.android.AndroidDriver&#10;Command: [null, newSession {capabilities=[{appium:appActivity=com.androidsample.generalstore.SplashActivity, appium:appPackage=com.androidsample.generalstore, appium:automationName=UiAutomator2, appium:deviceName=Samsung_Galaxy_S21, appium:noReset=true, platformName=ANDROID, appium:platformVersion=10.0, appium:systemPort=8201, appium:udid=R3CRC00KHBT}], desiredCapabilities=Capabilities {appActivity: com.androidsample.generalst..., appPackage: com.androidsample.generalstore, automationName: UiAutomator2, deviceName: Samsung_Galaxy_S21, noReset: true, platformName: ANDROID, platformVersion: 10.0, systemPort: 8201, udid: R3CRC00KHBT}}]&#10;Capabilities {appActivity: com.androidsample.generalst..., appPackage: com.androidsample.generalstore, automationName: UiAutomator2, deviceName: Samsung_Galaxy_S21, noReset: true, platformName: ANDROID, platformVersion: 10.0, systemPort: 8201, udid: R3CRC00KHBT}"/>
  </testcase>
  <testcase name="FirstCase" classname="org.testCase.TestCase1" time="6.864">
    <system-out><![CDATA[&amp#27;[38;5;86m[HTTP]&amp#27;[0m &amp#27;[37m-->&amp#27;[39m &amp#27;[37mGET&amp#27;[39m &amp#27;[37m/status&amp#27;[39m &amp#27;[90m{}&amp#27;[39m
&amp#27;[38;5;206m[AppiumDriver@da23]&amp#27;[0m Calling AppiumDriver.getStatus() with args: []
&amp#27;[38;5;206m[AppiumDriver@da23]&amp#27;[0m Responding to client with driver.getStatus() result: {"ready":true,"message":"The server is ready to accept new connections","build":{"version":"2.19.0"}}
&amp#27;[38;5;172m[ac437da3]&amp#27;[0m&amp#27;[38;5;-190m[AndroidUiautomator2Driver@4421]&amp#27;[0m Got response with status 200: {"sessionId":"db8c43a4-b697-4b74-ae9a-b77c6f13be40","value":null}
&amp#27;[38;5;172m[ac437da3]&amp#27;[0m&amp#27;[38;5;-190m[AndroidUiautomator2Driver@4421]&amp#27;[0m Responding to client with driver.click() result: null
&amp#27;[38;5;172m[ac437da3]&amp#27;[0m&amp#27;[38;5;86m[HTTP]&amp#27;[0m &amp#27;[37m<-- POST /session/ac437da3-a107-4a43-be52-f5b544819db0/element/00000000-0000-09a4-ffff-ffff00000021/click &amp#27;[39m&amp#27;[32m200&amp#27;[39m &amp#27;[90m71 ms - 14&amp#27;[39m &amp#27;[90m&amp#27;[39m
Appium server stopped
✅ Test completed for device: Samsung_Galaxy_S21
&amp#27;[38;5;172m[ac437da3]&amp#27;[0m&amp#27;[38;5;86m[HTTP]&amp#27;[0m &amp#27;[37m-->&amp#27;[39m &amp#27;[37mGET&amp#27;[39m &amp#27;[37m/session/ac437da3-a107-4a43-be52-f5b544819db0/screenshot&amp#27;[39m &amp#27;[90m{}&amp#27;[39m
&amp#27;[38;5;172m[ac437da3]&amp#27;[0m&amp#27;[38;5;-190m[AndroidUiautomator2Driver@4421]&amp#27;[0m Calling AppiumDriver.getScreenshot() with args: ["ac437da3-a107-4a43-be52-f5b544819db0"]

📊 Test Summary:
✅ Passed:  0
&amp#27;[38;5;172m[ac437da3]&amp#27;[0m&amp#27;[38;5;-190m[AndroidUiautomator2Driver@4421]&amp#27;[0m Matched '/screenshot' to command name 'getScreenshot'
&amp#27;[38;5;172m[ac437da3]&amp#27;[0m&amp#27;[38;5;-190m[AndroidUiautomator2Driver@4421]&amp#27;[0m Proxying [GET /screenshot] to [GET http://127.0.0.1:8202/session/db8c43a4-b697-4b74-ae9a-b77c6f13be40/screenshot] with no body
❌ Failed:  0
⚠️ Skipped: 3
Σ  Total:   3
📝 Test Suite Finished: Report generated.
&amp#27;[38;5;172m[ac437da3]&amp#27;[0m&amp#27;[38;5;-190m[AndroidUiautomator2Driver@4421]&amp#27;[0m Got response with status 200: {"sessionId":"db8c43a4-b697-4b74-ae9a-b77c6f13be40","value":"iVBORw0KGgoAAAANSUhEUgAABDgAAAjoCAYAAAA5jhrUAAAAAXNSR0IArs4c6QAAAARzQklUCAgICHwIZIgAACAASURBVHic7N13nBXV3cfx75mZuw12l45IE0XEggqKFXtHY4sVy6PGGFtMYokpmthSTExibNGoiSUxRo2osWKNvSt2VCwU6Sy7wLZ7Z87zxy17d3fu9ru7w37evhB2yinT57dnzjEDPzrRCgAAAAAAIMKcni4AAAAAAABAZxHgAAAAAAAAkUeAAwAAAAAARB4BDgAAAAAAEHkEOAAAAAAAQOQR4AAAAAAAAJFHgAMAAAAAAEQeAQ4AAAAAABB5BDgAAAAAAEDkEeAAAAAAAACRR4ADAAAAAABEHgEOAAAAAAAQeQQ4AAAAAABA5BHgAAAAAAAAkUeAAwAAAAAARB4BDgAAAAAAEHkEOAAAAAAAQOQR4AAAAAAAAJFHgAMAAAAAAEQeAQ4AAAAAABB5BDgAAAAAAEDkEeAAAAAAAACRR4ADAAAAAABEHgEOAAAAAAAQeQQ4AAAAAABA5Hk9XQCgNzAyMum/TfLfkmQlWWuV/E+p/0dXX6knAAAAgL6HAAf6LCMjzzjaqGA93TX6R9ogNrTF5b+KL9Ox8/+kL+oXK2GDyAQB+ko9AQAAgLYod0u0ReEYTSoao3KnRFsUjVG52y8zv9Jfqw9q56kyqNb7tfP0Qd08VfrVPVLWaSUT9dDYn7Zp2YO//o1erP4kzyXq3QhwoE8qdYr1i2FH6qSBe8ht45daG8SG6pUNfy1fgW6veE6XLr1Hq4OaPJe0c/pKPQEAAICWjIkN0fTSKZpeuo2mlUxsdfkDS7dp9POL1Z/o0dVv6dHVb2tefHm+iolOMgM/OpFfz6LP8IyrMwbtp0uGHaWGDzQ6xsrq0qX36oaVjyth/S4qYdfoK/UEAAAAWjKtZKK+N2jfZgGLznhk...
&amp#27;[38;5;172m[ac437da3]&amp#27;[0m&amp#27;[38;5;-190m[AndroidUiautomator2Driver@4421]&amp#27;[0m Responding to client with driver.getScreenshot() result: "iVBORw0KGgoAAAANSUhEUgAABDgAAAjoCAYAAAA5jhrUAAAAAXNSR0IArs4c6QAAAARzQklUCAgICHwIZIgAACAASURBVHic7N13nBXV3cfx75mZuw12l45IE0XEggqKFXtHY4sVy6PGGFtMYokpmthSTExibNGoiSUxRo2osWKNvSt2VCwU6Sy7wLZ7Z87zxy17d3fu9ru7w37evhB2yinT57dnzjEDPzrRCgAAAAAAIMKcni4AAAAAAABAZxHgAAAAAAAAkUeAAwAAAAAARB4BDgAAAAAAEHkEOAAAAAAAQOQR4AAAAAAAAJFHgAMAAAAAAEQeAQ4AAAAAABB5BDgAAAAAAEDkEeAAAAAAAACRR4ADAAAAAABEHgEOAAAAAAAQeQQ4AAAAAABA5BHgAAAAAAAAkUeAAwAAAAAARB4BDgAAAAAAEHkEOAAAAAAAQOQR4AAAAAAAAJFHgAMAAAAAAEQeAQ4AAAAAABB5BDgAAAAAAEDkEeAAAAAAAACRR4ADAAAAAABEHgEOAAAAAAAQeQQ4AAAAAABA5Hk9XQCgNzAyMum/TfLfkmQlWWuV/E+p/0dXX6knAAAAgL6HAAf6LCMjzzjaqGA93TX6R9ogNrTF5b+KL9Ox8/+kL+oXK2GDyAQB+ko9AQAAgLYod0u0ReEYTSoao3KnRFsUjVG52y8zv9Jfqw9q56kyqNb7tfP0Qd08VfrVPVLWaSUT9dDYn7Zp2YO//o1erP4kzyXq3QhwoE8qdYr1i2FH6qSBe8ht45daG8SG6pUNfy1fgW6veE6XLr1Hq4OaPJe0c/pKPQEAAICWjIkN0fTSKZpeuo2mlUxsdfkDS7dp9POL1Z/o0dVv6dHVb2tefHm+iolOMgM/OpFfz6LP8IyrMwbtp0uGHaWGDzQ6xsrq0qX36oaVjyth/S4qYdfoK/UEAAAAWjKtZKK+N2jfZgGLznhk9Vu6aeWsbmktQQuO9iHAgT7ByKjUKdKz4y7TuIJhXZr2l/VLtedXv1SVX9Pj...
&amp#27;[38;5;172m[ac437da3]&amp#27;[0m&amp#27;[38;5;86m[HTTP]&amp#27;[0m &amp#27;[37m<-- GET /session/ac437da3-a107-4a43-be52-f5b544819db0/screenshot &amp#27;[39m&amp#27;[32m200&amp#27;[39m &amp#27;[90m1100 ms - 612040&amp#27;[39m &amp#27;[90m&amp#27;[39m
&amp#27;[38;5;172m[ac437da3]&amp#27;[0m&amp#27;[38;5;86m[HTTP]&amp#27;[0m &amp#27;[37m-->&amp#27;[39m &amp#27;[37mGET&amp#27;[39m &amp#27;[37m/session/ac437da3-a107-4a43-be52-f5b544819db0/screenshot&amp#27;[39m &amp#27;[90m{}&amp#27;[39m
&amp#27;[38;5;172m[ac437da3]&amp#27;[0m&amp#27;[38;5;-190m[AndroidUiautomator2Driver@4421]&amp#27;[0m Calling AppiumDriver.getScreenshot() with args: ["ac437da3-a107-4a43-be52-f5b544819db0"]
&amp#27;[38;5;172m[ac437da3]&amp#27;[0m&amp#27;[38;5;-190m[AndroidUiautomator2Driver@4421]&amp#27;[0m Matched '/screenshot' to command name 'getScreenshot'
&amp#27;[38;5;172m[ac437da3]&amp#27;[0m&amp#27;[38;5;-190m[AndroidUiautomator2Driver@4421]&amp#27;[0m Proxying [GET /screenshot] to [GET http://127.0.0.1:8202/session/db8c43a4-b697-4b74-ae9a-b77c6f13be40/screenshot] with no body
&amp#27;[38;5;172m[ac437da3]&amp#27;[0m&amp#27;[38;5;-190m[AndroidUiautomator2Driver@4421]&amp#27;[0m Got response with status 200: {"sessionId":"db8c43a4-b697-4b74-ae9a-b77c6f13be40","value":"iVBORw0KGgoAAAANSUhEUgAABDgAAAjoCAYAAAA5jhrUAAAAAXNSR0IArs4c6QAAAARzQklUCAgICHwIZIgAACAASURBVHic7N13nBXV3cfx75mZuw12l45IE0XEggqKFXtHY4sVy6PGGFtMYokpmthSTExibNGoiSUxRo2osWKNvSt2VCwU6Sy7wLZ7Z87zxy17d3fu9ru7w37evhB2yinT57dnzjEDPzrRCgAAAAAAIMKcni4AAAAAAABAZxHgAAAAAAAAkUeAAwAAAAAARB4BDgAAAAAAEHkEOAAAAAAAQOQR4AAAAAAAAJFHgAMAAAAAAEQeAQ4AAAAAABB5BDgAAAAAAEDkEeAAAAAAAACRR4ADAAAAAABEHgEOAAAAAAAQeQQ4AAAAAABA5BHgAAAAAAAAkUeAAwAAAAAARB4BDgAAAAAAEHkEOAAAAAAAQOQR4AAAAAAAAJFHgAMAAAAAAEQeAQ4AAAAAABB5BDgAAAAAAEDkEeAAAAAAAACRR4ADAAAAAABEHgEOAAAAAAAQeQQ4AAAAAABA5Hk9XQCgNzAyMum/TfLfkmQlWWuV/E+p/0dXX6knAAAAgL6HAAf6LCMjzzjaqGA93TX6R9ogNrTF5b+KL9Ox8/+kL+oXK2GDyAQB+ko9AQAAgLYod0u0ReEYTSoao3KnRFsUjVG52y8zv9Jfqw9q56kyqNb7tfP0Qd08VfrVPVLWaSUT9dDYn7Zp2YO//o1erP4kzyXq3QhwoE8qdYr1i2FH6qSBe8ht45daG8SG6pUNfy1fgW6veE6XLr1Hq4OaPJe0c/pKPQEAAICWjIkN0fTSKZpeuo2mlUxsdfkDS7dp9POL1Z/o0dVv6dHVb2tefHm+iolOMgM/OpFfz6LP8IyrMwbtp0uGHaWGDzQ6xsrq0qX36oaVjyth/S4qYdfoK/UEAAAAWjKtZKK+N2jfZgGLznhk...
&amp#27;[38;5;172m[ac437da3]&amp#27;[0m&amp#27;[38;5;-190m[AndroidUiautomator2Driver@4421]&amp#27;[0m Responding to client with driver.getScreenshot() result: "iVBORw0KGgoAAAANSUhEUgAABDgAAAjoCAYAAAA5jhrUAAAAAXNSR0IArs4c6QAAAARzQklUCAgICHwIZIgAACAASURBVHic7N13nBXV3cfx75mZuw12l45IE0XEggqKFXtHY4sVy6PGGFtMYokpmthSTExibNGoiSUxRo2osWKNvSt2VCwU6Sy7wLZ7Z87zxy17d3fu9ru7w37evhB2yinT57dnzjEDPzrRCgAAAAAAIMKcni4AAAAAAABAZxHgAAAAAAAAkUeAAwAAAAAARB4BDgAAAAAAEHkEOAAAAAAAQOQR4AAAAAAAAJFHgAMAAAAAAEQeAQ4AAAAAABB5BDgAAAAAAEDkEeAAAAAAAACRR4ADAAAAAABEHgEOAAAAAAAQeQQ4AAAAAABA5BHgAAAAAAAAkUeAAwAAAAAARB4BDgAAAAAAEHkEOAAAAAAAQOQR4AAAAAAAAJFHgAMAAAAAAEQeAQ4AAAAAABB5BDgAAAAAAEDkEeAAAAAAAACRR4ADAAAAAABEHgEOAAAAAAAQeQQ4AAAAAABA5Hk9XQCgNzAyMum/TfLfkmQlWWuV/E+p/0dXX6knAAAAgL6HAAf6LCMjzzjaqGA93TX6R9ogNrTF5b+KL9Ox8/+kL+oXK2GDyAQB+ko9AQAAgLYod0u0ReEYTSoao3KnRFsUjVG52y8zv9Jfqw9q56kyqNb7tfP0Qd08VfrVPVLWaSUT9dDYn7Zp2YO//o1erP4kzyXq3QhwoE8qdYr1i2FH6qSBe8ht45daG8SG6pUNfy1fgW6veE6XLr1Hq4OaPJe0c/pKPQEAAICWjIkN0fTSKZpeuo2mlUxsdfkDS7dp9POL1Z/o0dVv6dHVb2tefHm+iolOMgM/OpFfz6LP8IyrMwbtp0uGHaWGDzQ6xsrq0qX36oaVjyth/S4qYdfoK/UEAAAAWjKtZKK+N2jfZgGLznhk9Vu6aeWsbmktQQuO9iHAgT7ByKjUKdKz4y7TuIJhXZr2l/VLtedXv1SVX9Pj...
&amp#27;[38;5;172m[ac437da3]&amp#27;[0m&amp#27;[38;5;86m[HTTP]&amp#27;[0m &amp#27;[37m<-- GET /session/ac437da3-a107-4a43-be52-f5b544819db0/screenshot &amp#27;[39m&amp#27;[32m200&amp#27;[39m &amp#27;[90m1214 ms - 615492&amp#27;[39m &amp#27;[90m&amp#27;[39m
&amp#27;[38;5;172m[ac437da3]&amp#27;[0m&amp#27;[38;5;86m[HTTP]&amp#27;[0m &amp#27;[37m-->&amp#27;[39m &amp#27;[37mPOST&amp#27;[39m &amp#27;[37m/session/ac437da3-a107-4a43-be52-f5b544819db0/element&amp#27;[39m &amp#27;[90m{"using":"xpath","value":"//android.widget.Toast[@text='Please enter your name']"}&amp#27;[39m
&amp#27;[38;5;172m[ac437da3]&amp#27;[0m&amp#27;[38;5;-190m[AndroidUiautomator2Driver@4421]&amp#27;[0m Calling AppiumDriver.findElement() with args: ["xpath","//android.widget.Toast[@text='Please enter your name']","ac437da3-a107-4a43-be52-f5b544819db0"]
&amp#27;[38;5;172m[ac437da3]&amp#27;[0m&amp#27;[38;5;-190m[AndroidUiautomator2Driver@4421]&amp#27;[0m Valid locator strategies for this request: xpath, id, class name, accessibility id, css selector, -android uiautomator
&amp#27;[38;5;172m[ac437da3]&amp#27;[0m&amp#27;[38;5;-190m[AndroidUiautomator2Driver@4421]&amp#27;[0m Waiting up to 0 ms for condition
&amp#27;[38;5;172m[ac437da3]&amp#27;[0m&amp#27;[38;5;-190m[AndroidUiautomator2Driver@4421]&amp#27;[0m Matched '/element' to command name 'findElement'
&amp#27;[38;5;172m[ac437da3]&amp#27;[0m&amp#27;[38;5;-190m[AndroidUiautomator2Driver@4421]&amp#27;[0m Proxying [POST /element] to [POST http://127.0.0.1:8202/session/db8c43a4-b697-4b74-ae9a-b77c6f13be40/element] with body: {"strategy":"xpath","selector":"//android.widget.Toast[@text='Please enter your name']","context":"","multiple":false}
&amp#27;[38;5;172m[ac437da3]&amp#27;[0m&amp#27;[38;5;-190m[AndroidUiautomator2Driver@4421]&amp#27;[0m Got response with status 200: {"sessionId":"db8c43a4-b697-4b74-ae9a-b77c6f13be40","value":{"ELEMENT":"2255991f-d065-4750-b02d-c4d7a69369c2","element-6066-11e4-a52e-4f735466cecf":"2255991f-d065-4750-b02d-c4d7a69369c2"}}
&amp#27;[38;5;172m[ac437da3]&amp#27;[0m&amp#27;[38;5;-190m[AndroidUiautomator2Driver@4421]&amp#27;[0m Responding to client with driver.findElement() result: {"element-6066-11e4-a52e-4f735466cecf":"2255991f-d065-4750-b02d-c4d7a69369c2","ELEMENT":"2255991f-d065-4750-b02d-c4d7a69369c2"}
&amp#27;[38;5;172m[ac437da3]&amp#27;[0m&amp#27;[38;5;86m[HTTP]&amp#27;[0m &amp#27;[37m<-- POST /session/ac437da3-a107-4a43-be52-f5b544819db0/element &amp#27;[39m&amp#27;[32m200&amp#27;[39m &amp#27;[90m620 ms - 137&amp#27;[39m &amp#27;[90m&amp#27;[39m
&amp#27;[38;5;172m[ac437da3]&amp#27;[0m&amp#27;[38;5;86m[HTTP]&amp#27;[0m &amp#27;[37m-->&amp#27;[39m &amp#27;[37mGET&amp#27;[39m &amp#27;[37m/session/ac437da3-a107-4a43-be52-f5b544819db0/element/2255991f-d065-4750-b02d-c4d7a69369c2/text&amp#27;[39m &amp#27;[90m{}&amp#27;[39m
&amp#27;[38;5;172m[ac437da3]&amp#27;[0m&amp#27;[38;5;-190m[AndroidUiautomator2Driver@4421]&amp#27;[0m Driver proxy active, passing request on via HTTP proxy
&amp#27;[38;5;172m[ac437da3]&amp#27;[0m&amp#27;[38;5;-190m[AndroidUiautomator2Driver@4421]&amp#27;[0m Matched '/session/ac437da3-a107-4a43-be52-f5b544819db0/element/2255991f-d065-4750-b02d-c4d7a69369c2/text' to command name 'getText'
&amp#27;[38;5;172m[ac437da3]&amp#27;[0m&amp#27;[38;5;-190m[AndroidUiautomator2Driver@4421]&amp#27;[0m Proxying [GET /session/ac437da3-a107-4a43-be52-f5b544819db0/element/2255991f-d065-4750-b02d-c4d7a69369c2/text] to [GET http://127.0.0.1:8202/session/db8c43a4-b697-4b74-ae9a-b77c6f13be40/element/2255991f-d065-4750-b02d-c4d7a69369c2/text] with no body
&amp#27;[38;5;172m[ac437da3]&amp#27;[0m&amp#27;[38;5;-190m[AndroidUiautomator2Driver@4421]&amp#27;[0m Got response with status 200: {"sessionId":"db8c43a4-b697-4b74-ae9a-b77c6f13be40","value":"Please enter your name"}
&amp#27;[38;5;172m[ac437da3]&amp#27;[0m&amp#27;[38;5;-190m[AndroidUiautomator2Driver@4421]&amp#27;[0m Replacing sessionId db8c43a4-b697-4b74-ae9a-b77c6f13be40 with ac437da3-a107-4a43-be52-f5b544819db0
&amp#27;[38;5;172m[ac437da3]&amp#27;[0m&amp#27;[38;5;86m[HTTP]&amp#27;[0m &amp#27;[37m<-- GET /session/ac437da3-a107-4a43-be52-f5b544819db0/element/2255991f-d065-4750-b02d-c4d7a69369c2/text &amp#27;[39m&amp#27;[32m200&amp#27;[39m &amp#27;[90m71 ms - 85&amp#27;[39m &amp#27;[90m&amp#27;[39m
&amp#27;[38;5;172m[ac437da3]&amp#27;[0m&amp#27;[38;5;86m[HTTP]&amp#27;[0m &amp#27;[37m-->&amp#27;[39m &amp#27;[37mGET&amp#27;[39m &amp#27;[37m/session/ac437da3-a107-4a43-be52-f5b544819db0/screenshot&amp#27;[39m &amp#27;[90m{}&amp#27;[39m
&amp#27;[38;5;172m[ac437da3]&amp#27;[0m&amp#27;[38;5;-190m[AndroidUiautomator2Driver@4421]&amp#27;[0m Calling AppiumDriver.getScreenshot() with args: ["ac437da3-a107-4a43-be52-f5b544819db0"]
&amp#27;[38;5;172m[ac437da3]&amp#27;[0m&amp#27;[38;5;-190m[AndroidUiautomator2Driver@4421]&amp#27;[0m Matched '/screenshot' to command name 'getScreenshot'
&amp#27;[38;5;172m[ac437da3]&amp#27;[0m&amp#27;[38;5;-190m[AndroidUiautomator2Driver@4421]&amp#27;[0m Proxying [GET /screenshot] to [GET http://127.0.0.1:8202/session/db8c43a4-b697-4b74-ae9a-b77c6f13be40/screenshot] with no body
&amp#27;[38;5;172m[ac437da3]&amp#27;[0m&amp#27;[38;5;-190m[AndroidUiautomator2Driver@4421]&amp#27;[0m Got response with status 200: {"sessionId":"db8c43a4-b697-4b74-ae9a-b77c6f13be40","value":"iVBORw0KGgoAAAANSUhEUgAABDgAAAjoCAYAAAA5jhrUAAAAAXNSR0IArs4c6QAAAARzQklUCAgICHwIZIgAACAASURBVHic7N13nBXV3cfx75mZuw12l45IE0XEggqKFXtHY4sVy6PGGFtMYokpmthSTExibNGoiSUxRo2osWKNvSt2VCwU6Sy7wLZ7Z87zxy17d3fu9ru7w37evhB2yinT57dnzjEDPzrRCgAAAAAAIMKcni4AAAAAAABAZxHgAAAAAAAAkUeAAwAAAAAARB4BDgAAAAAAEHkEOAAAAAAAQOQR4AAAAAAAAJFHgAMAAAAAAEQeAQ4AAAAAABB5BDgAAAAAAEDkEeAAAAAAAACRR4ADAAAAAABEHgEOAAAAAAAQeQQ4AAAAAABA5BHgAAAAAAAAkUeAAwAAAAAARB4BDgAAAAAAEHkEOAAAAAAAQOQR4AAAAAAAAJFHgAMAAAAAAEQeAQ4AAAAAABB5BDgAAAAAAEDkEeAAAAAAAACRR4ADAAAAAABEHgEOAAAAAAAQeQQ4AAAAAABA5Hk9XQCgNzAyMum/TfLfkmQlWWuV/E+p/0dXX6knAAAAgL6HAAf6LCMjzzjaqGA93TX6R9ogNrTF5b+KL9Ox8/+kL+oXK2GDyAQB+ko9AQAAgLYod0u0ReEYTSoao3KnRFsUjVG52y8zv9Jfqw9q56kyqNb7tfP0Qd08VfrVPVLWaSUT9dDYn7Zp2YO//o1erP4kzyXq3QhwoE8qdYr1i2FH6qSBe8ht45daG8SG6pUNfy1fgW6veE6XLr1Hq4OaPJe0c/pKPQEAAICWjIkN0fTSKZpeuo2mlUxsdfkDS7dp9POL1Z/o0dVv6dHVb2tefHm+iolOMgM/OpFfz6LP8IyrMwbtp0uGHaWGDzQ6xsrq0qX36oaVjyth/S4qYdfoK/UEAAAAWjKtZKK+N2jfZgGLznhk...
&amp#27;[38;5;172m[ac437da3]&amp#27;[0m&amp#27;[38;5;-190m[AndroidUiautomator2Driver@4421]&amp#27;[0m Responding to client with driver.getScreenshot() result: "iVBORw0KGgoAAAANSUhEUgAABDgAAAjoCAYAAAA5jhrUAAAAAXNSR0IArs4c6QAAAARzQklUCAgICHwIZIgAACAASURBVHic7N13nBXV3cfx75mZuw12l45IE0XEggqKFXtHY4sVy6PGGFtMYokpmthSTExibNGoiSUxRo2osWKNvSt2VCwU6Sy7wLZ7Z87zxy17d3fu9ru7w37evhB2yinT57dnzjEDPzrRCgAAAAAAIMKcni4AAAAAAABAZxHgAAAAAAAAkUeAAwAAAAAARB4BDgAAAAAAEHkEOAAAAAAAQOQR4AAAAAAAAJFHgAMAAAAAAEQeAQ4AAAAAABB5BDgAAAAAAEDkEeAAAAAAAACRR4ADAAAAAABEHgEOAAAAAAAQeQQ4AAAAAABA5BHgAAAAAAAAkUeAAwAAAAAARB4BDgAAAAAAEHkEOAAAAAAAQOQR4AAAAAAAAJFHgAMAAAAAAEQeAQ4AAAAAABB5BDgAAAAAAEDkEeAAAAAAAACRR4ADAAAAAABEHgEOAAAAAAAQeQQ4AAAAAABA5Hk9XQCgNzAyMum/TfLfkmQlWWuV/E+p/0dXX6knAAAAgL6HAAf6LCMjzzjaqGA93TX6R9ogNrTF5b+KL9Ox8/+kL+oXK2GDyAQB+ko9AQAAgLYod0u0ReEYTSoao3KnRFsUjVG52y8zv9Jfqw9q56kyqNb7tfP0Qd08VfrVPVLWaSUT9dDYn7Zp2YO//o1erP4kzyXq3QhwoE8qdYr1i2FH6qSBe8ht45daG8SG6pUNfy1fgW6veE6XLr1Hq4OaPJe0c/pKPQEAAICWjIkN0fTSKZpeuo2mlUxsdfkDS7dp9POL1Z/o0dVv6dHVb2tefHm+iolOMgM/OpFfz6LP8IyrMwbtp0uGHaWGDzQ6xsrq0qX36oaVjyth/S4qYdfoK/UEAAAAWjKtZKK+N2jfZgGLznhk9Vu6aeWsbmktQQuO9iHAgT7ByKjUKdKz4y7TuIJhXZr2l/VLtedXv1SVX9Pj...
&amp#27;[38;5;172m[ac437da3]&amp#27;[0m&amp#27;[38;5;86m[HTTP]&amp#27;[0m &amp#27;[37m<-- GET /session/ac437da3-a107-4a43-be52-f5b544819db0/screenshot &amp#27;[39m&amp#27;[32m200&amp#27;[39m &amp#27;[90m1167 ms - 601480&amp#27;[39m &amp#27;[90m&amp#27;[39m
&amp#27;[38;5;172m[ac437da3]&amp#27;[0m&amp#27;[38;5;86m[HTTP]&amp#27;[0m &amp#27;[37m-->&amp#27;[39m &amp#27;[37mGET&amp#27;[39m &amp#27;[37m/session/ac437da3-a107-4a43-be52-f5b544819db0/screenshot&amp#27;[39m &amp#27;[90m{}&amp#27;[39m
&amp#27;[38;5;172m[ac437da3]&amp#27;[0m&amp#27;[38;5;-190m[AndroidUiautomator2Driver@4421]&amp#27;[0m Calling AppiumDriver.getScreenshot() with args: ["ac437da3-a107-4a43-be52-f5b544819db0"]
&amp#27;[38;5;172m[ac437da3]&amp#27;[0m&amp#27;[38;5;-190m[AndroidUiautomator2Driver@4421]&amp#27;[0m Matched '/screenshot' to command name 'getScreenshot'
&amp#27;[38;5;172m[ac437da3]&amp#27;[0m&amp#27;[38;5;-190m[AndroidUiautomator2Driver@4421]&amp#27;[0m Proxying [GET /screenshot] to [GET http://127.0.0.1:8202/session/db8c43a4-b697-4b74-ae9a-b77c6f13be40/screenshot] with no body
&amp#27;[38;5;172m[ac437da3]&amp#27;[0m&amp#27;[38;5;-190m[AndroidUiautomator2Driver@4421]&amp#27;[0m Got response with status 200: {"sessionId":"db8c43a4-b697-4b74-ae9a-b77c6f13be40","value":"iVBORw0KGgoAAAANSUhEUgAABDgAAAjoCAYAAAA5jhrUAAAAAXNSR0IArs4c6QAAAARzQklUCAgICHwIZIgAACAASURBVHic7N13nBXV3cfx75mZuw12l45IE0XEggqKFXtHY4sVy6PGGFtMYokpmthSTExibNGoiSUxRo2osWKNvSt2VCwU6Sy7wLZ7Z87zxy17d3fu9ru7w37evhB2yinT57dnzjEDPzrRCgAAAAAAIMKcni4AAAAAAABAZxHgAAAAAAAAkUeAAwAAAAAARB4BDgAAAAAAEHkEOAAAAAAAQOQR4AAAAAAAAJFHgAMAAAAAAEQeAQ4AAAAAABB5BDgAAAAAAEDkEeAAAAAAAACRR4ADAAAAAABEHgEOAAAAAAAQeQQ4AAAAAABA5BHgAAAAAAAAkUeAAwAAAAAARB4BDgAAAAAAEHkEOAAAAAAAQOQR4AAAAAAAAJFHgAMAAAAAAEQeAQ4AAAAAABB5BDgAAAAAAEDkEeAAAAAAAACRR4ADAAAAAABEHgEOAAAAAAAQeQQ4AAAAAABA5Hk9XQCgNzAyMum/TfLfkmQlWWuV/E+p/0dXX6knAAAAgL6HAAf6LCMjzzjaqGA93TX6R9ogNrTF5b+KL9Ox8/+kL+oXK2GDyAQB+ko9AQAAgLYod0u0ReEYTSoao3KnRFsUjVG52y8zv9Jfqw9q56kyqNb7tfP0Qd08VfrVPVLWaSUT9dDYn7Zp2YO//o1erP4kzyXq3QhwoE8qdYr1i2FH6qSBe8ht45daG8SG6pUNfy1fgW6veE6XLr1Hq4OaPJe0c/pKPQEAAICWjIkN0fTSKZpeuo2mlUxsdfkDS7dp9POL1Z/o0dVv6dHVb2tefHm+iolOMgM/OpFfz6LP8IyrMwbtp0uGHaWGDzQ6xsrq0qX36oaVjyth/S4qYdfoK/UEAAAAWjKtZKK+N2jfZgGLznhk...
&amp#27;[38;5;172m[ac437da3]&amp#27;[0m&amp#27;[38;5;-190m[AndroidUiautomator2Driver@4421]&amp#27;[0m Responding to client with driver.getScreenshot() result: "iVBORw0KGgoAAAANSUhEUgAABDgAAAjoCAYAAAA5jhrUAAAAAXNSR0IArs4c6QAAAARzQklUCAgICHwIZIgAACAASURBVHic7N13nBXV3cfx75mZuw12l45IE0XEggqKFXtHY4sVy6PGGFtMYokpmthSTExibNGoiSUxRo2osWKNvSt2VCwU6Sy7wLZ7Z87zxy17d3fu9ru7w37evhB2yinT57dnzjEDPzrRCgAAAAAAIMKcni4AAAAAAABAZxHgAAAAAAAAkUeAAwAAAAAARB4BDgAAAAAAEHkEOAAAAAAAQOQR4AAAAAAAAJFHgAMAAAAAAEQeAQ4AAAAAABB5BDgAAAAAAEDkEeAAAAAAAACRR4ADAAAAAABEHgEOAAAAAAAQeQQ4AAAAAABA5BHgAAAAAAAAkUeAAwAAAAAARB4BDgAAAAAAEHkEOAAAAAAAQOQR4AAAAAAAAJFHgAMAAAAAAEQeAQ4AAAAAABB5BDgAAAAAAEDkEeAAAAAAAACRR4ADAAAAAABEHgEOAAAAAAAQeQQ4AAAAAABA5Hk9XQCgNzAyMum/TfLfkmQlWWuV/E+p/0dXX6knAAAAgL6HAAf6LCMjzzjaqGA93TX6R9ogNrTF5b+KL9Ox8/+kL+oXK2GDyAQB+ko9AQAAgLYod0u0ReEYTSoao3KnRFsUjVG52y8zv9Jfqw9q56kyqNb7tfP0Qd08VfrVPVLWaSUT9dDYn7Zp2YO//o1erP4kzyXq3QhwoE8qdYr1i2FH6qSBe8ht45daG8SG6pUNfy1fgW6veE6XLr1Hq4OaPJe0c/pKPQEAAICWjIkN0fTSKZpeuo2mlUxsdfkDS7dp9POL1Z/o0dVv6dHVb2tefHm+iolOMgM/OpFfz6LP8IyrMwbtp0uGHaWGDzQ6xsrq0qX36oaVjyth/S4qYdfoK/UEAAAAWjKtZKK+N2jfZgGLznhk9Vu6aeWsbmktQQuO9iHAgT7ByKjUKdKz4y7TuIJhXZr2l/VLtedXv1SVX9Pj...
&amp#27;[38;5;172m[ac437da3]&amp#27;[0m&amp#27;[38;5;86m[HTTP]&amp#27;[0m &amp#27;[37m<-- GET /session/ac437da3-a107-4a43-be52-f5b544819db0/screenshot &amp#27;[39m&amp#27;[32m200&amp#27;[39m &amp#27;[90m1173 ms - 601480&amp#27;[39m &amp#27;[90m&amp#27;[39m
Toast Message: Please enter your name
&amp#27;[38;5;172m[ac437da3]&amp#27;[0m&amp#27;[38;5;86m[HTTP]&amp#27;[0m &amp#27;[37m-->&amp#27;[39m &amp#27;[37mGET&amp#27;[39m &amp#27;[37m/session/ac437da3-a107-4a43-be52-f5b544819db0/screenshot&amp#27;[39m &amp#27;[90m{}&amp#27;[39m
&amp#27;[38;5;172m[ac437da3]&amp#27;[0m&amp#27;[38;5;-190m[AndroidUiautomator2Driver@4421]&amp#27;[0m Calling AppiumDriver.getScreenshot() with args: ["ac437da3-a107-4a43-be52-f5b544819db0"]
&amp#27;[38;5;172m[ac437da3]&amp#27;[0m&amp#27;[38;5;-190m[AndroidUiautomator2Driver@4421]&amp#27;[0m Matched '/screenshot' to command name 'getScreenshot'
&amp#27;[38;5;172m[ac437da3]&amp#27;[0m&amp#27;[38;5;-190m[AndroidUiautomator2Driver@4421]&amp#27;[0m Proxying [GET /screenshot] to [GET http://127.0.0.1:8202/session/db8c43a4-b697-4b74-ae9a-b77c6f13be40/screenshot] with no body
&amp#27;[38;5;172m[ac437da3]&amp#27;[0m&amp#27;[38;5;-190m[AndroidUiautomator2Driver@4421]&amp#27;[0m Got response with status 200: {"sessionId":"db8c43a4-b697-4b74-ae9a-b77c6f13be40","value":"iVBORw0KGgoAAAANSUhEUgAABDgAAAjoCAYAAAA5jhrUAAAAAXNSR0IArs4c6QAAAARzQklUCAgICHwIZIgAACAASURBVHic7N13nBXV3cfx75mZuw12l45IE0XEggqKFXtHY4sVy6PGGFtMYokpmthSTExibNGoiSUxRo2osWKNvSt2VCwU6Sy7wLZ7Z87zxy17d3fu9ru7w37evhB2yinT57dnzjEDPzrRCgAAAAAAIMKcni4AAAAAAABAZxHgAAAAAAAAkUeAAwAAAAAARB4BDgAAAAAAEHkEOAAAAAAAQOQR4AAAAAAAAJFHgAMAAAAAAEQeAQ4AAAAAABB5BDgAAAAAAEDkEeAAAAAAAACRR4ADAAAAAABEHgEOAAAAAAAQeQQ4AAAAAABA5BHgAAAAAAAAkUeAAwAAAAAARB4BDgAAAAAAEHkEOAAAAAAAQOQR4AAAAAAAAJFHgAMAAAAAAEQeAQ4AAAAAABB5BDgAAAAAAEDkEeAAAAAAAACRR4ADAAAAAABEHgEOAAAAAAAQeQQ4AAAAAABA5Hk9XQCgNzAyMum/TfLfkmQlWWuV/E+p/0dXX6knAAAAgL6HAAf6LCMjzzjaqGA93TX6R9ogNrTF5b+KL9Ox8/+kL+oXK2GDyAQB+ko9AQAAgLYod0u0ReEYTSoao3KnRFsUjVG52y8zv9Jfqw9q56kyqNb7tfP0Qd08VfrVPVLWaSUT9dDYn7Zp2YO//o1erP4kzyXq3QhwoE8qdYr1i2FH6qSBe8ht45daG8SG6pUNfy1fgW6veE6XLr1Hq4OaPJe0c/pKPQEAAICWjIkN0fTSKZpeuo2mlUxsdfkDS7dp9POL1Z/o0dVv6dHVb2tefHm+iolOMgM/OpFfz6LP8IyrMwbtp0uGHaWGDzQ6xsrq0qX36oaVjyth/S4qYdfoK/UEAAAAWjKtZKK+N2jfZgGLznhk...
&amp#27;[38;5;172m[ac437da3]&amp#27;[0m&amp#27;[38;5;-190m[AndroidUiautomator2Driver@4421]&amp#27;[0m Responding to client with driver.getScreenshot() result: "iVBORw0KGgoAAAANSUhEUgAABDgAAAjoCAYAAAA5jhrUAAAAAXNSR0IArs4c6QAAAARzQklUCAgICHwIZIgAACAASURBVHic7N13nBXV3cfx75mZuw12l45IE0XEggqKFXtHY4sVy6PGGFtMYokpmthSTExibNGoiSUxRo2osWKNvSt2VCwU6Sy7wLZ7Z87zxy17d3fu9ru7w37evhB2yinT57dnzjEDPzrRCgAAAAAAIMKcni4AAAAAAABAZxHgAAAAAAAAkUeAAwAAAAAARB4BDgAAAAAAEHkEOAAAAAAAQOQR4AAAAAAAAJFHgAMAAAAAAEQeAQ4AAAAAABB5BDgAAAAAAEDkEeAAAAAAAACRR4ADAAAAAABEHgEOAAAAAAAQeQQ4AAAAAABA5BHgAAAAAAAAkUeAAwAAAAAARB4BDgAAAAAAEHkEOAAAAAAAQOQR4AAAAAAAAJFHgAMAAAAAAEQeAQ4AAAAAABB5BDgAAAAAAEDkEeAAAAAAAACRR4ADAAAAAABEHgEOAAAAAAAQeQQ4AAAAAABA5Hk9XQCgNzAyMum/TfLfkmQlWWuV/E+p/0dXX6knAAAAgL6HAAf6LCMjzzjaqGA93TX6R9ogNrTF5b+KL9Ox8/+kL+oXK2GDyAQB+ko9AQAAgLYod0u0ReEYTSoao3KnRFsUjVG52y8zv9Jfqw9q56kyqNb7tfP0Qd08VfrVPVLWaSUT9dDYn7Zp2YO//o1erP4kzyXq3QhwoE8qdYr1i2FH6qSBe8ht45daG8SG6pUNfy1fgW6veE6XLr1Hq4OaPJe0c/pKPQEAAICWjIkN0fTSKZpeuo2mlUxsdfkDS7dp9POL1Z/o0dVv6dHVb2tefHm+iolOMgM/OpFfz6LP8IyrMwbtp0uGHaWGDzQ6xsrq0qX36oaVjyth/S4qYdfoK/UEAAAAWjKtZKK+N2jfZgGLznhk9Vu6aeWsbmktQQuO9iHAgT7ByKjUKdKz4y7TuIJhXZr2l/VLtedXv1SVX9Pj...
&amp#27;[38;5;172m[ac437da3]&amp#27;[0m&amp#27;[38;5;86m[HTTP]&amp#27;[0m &amp#27;[37m<-- GET /session/ac437da3-a107-4a43-be52-f5b544819db0/screenshot &amp#27;[39m&amp#27;[32m200&amp#27;[39m &amp#27;[90m1168 ms - 601480&amp#27;[39m &amp#27;[90m&amp#27;[39m
]]></system-out>
  </testcase>
  <testcase name="setUp[1, 1](0)" classname="org.testCase.TestCase2" time="1.248">
    <failure message="Could not start a new session. Response code 500. Message: An unknown server-side error occurred while processing the command. Original error: Device R3CRC00KHBT was not in the list of connected devices &#10;Host info: host: &apos;ELSA&apos;, ip: &apos;192.168.2.20&apos;&#10;Build info: version: &apos;4.33.0&apos;, revision: &apos;2c6aaad03a&apos;&#10;System info: os.name: &apos;Windows 11&apos;, os.arch: &apos;amd64&apos;, os.version: &apos;10.0&apos;, java.version: &apos;11.0.26&apos;&#10;Driver info: io.appium.java_client.android.AndroidDriver&#10;Command: [null, newSession {capabilities=[{appium:appActivity=com.androidsample.generalstore.SplashActivity, appium:appPackage=com.androidsample.generalstore, appium:automationName=UiAutomator2, appium:deviceName=Samsung_Galaxy_S21, appium:noReset=true, platformName=ANDROID, appium:platformVersion=10.0, appium:systemPort=8201, appium:udid=R3CRC00KHBT}], desiredCapabilities=Capabilities {appActivity: com.androidsample.generalst..., appPackage: com.androidsample.generalstore, automationName: UiAutomator2, deviceName: Samsung_Galaxy_S21, noReset: true, platformName: ANDROID, platformVersion: 10.0, systemPort: 8201, udid: R3CRC00KHBT}}]&#10;Capabilities {appActivity: com.androidsample.generalst..., appPackage: com.androidsample.generalstore, automationName: UiAutomator2, deviceName: Samsung_Galaxy_S21, noReset: true, platformName: ANDROID, platformVersion: 10.0, systemPort: 8201, udid: R3CRC00KHBT}" type="org.openqa.selenium.SessionNotCreatedException"><![CDATA[org.openqa.selenium.SessionNotCreatedException: 
Could not start a new session. Response code 500. Message: An unknown server-side error occurred while processing the command. Original error: Device R3CRC00KHBT was not in the list of connected devices 
Host info: host: 'ELSA', ip: '192.168.2.20'
Build info: version: '4.33.0', revision: '2c6aaad03a'
System info: os.name: 'Windows 11', os.arch: 'amd64', os.version: '10.0', java.version: '11.0.26'
Driver info: io.appium.java_client.android.AndroidDriver
Command: [null, newSession {capabilities=[{appium:appActivity=com.androidsample.generalstore.SplashActivity, appium:appPackage=com.androidsample.generalstore, appium:automationName=UiAutomator2, appium:deviceName=Samsung_Galaxy_S21, appium:noReset=true, platformName=ANDROID, appium:platformVersion=10.0, appium:systemPort=8201, appium:udid=R3CRC00KHBT}], desiredCapabilities=Capabilities {appActivity: com.androidsample.generalst..., appPackage: com.androidsample.generalstore, automationName: UiAutomator2, deviceName: Samsung_Galaxy_S21, noReset: true, platformName: ANDROID, platformVersion: 10.0, systemPort: 8201, udid: R3CRC00KHBT}}]
Capabilities {appActivity: com.androidsample.generalst..., appPackage: com.androidsample.generalstore, automationName: UiAutomator2, deviceName: Samsung_Galaxy_S21, noReset: true, platformName: ANDROID, platformVersion: 10.0, systemPort: 8201, udid: R3CRC00KHBT}
	at org.openqa.selenium.remote.ProtocolHandshake.createSession(ProtocolHandshake.java:140)
	at java.base/jdk.internal.reflect.NativeMethodAccessorImpl.invoke0(Native Method)
	at java.base/jdk.internal.reflect.NativeMethodAccessorImpl.invoke(NativeMethodAccessorImpl.java:62)
	at java.base/jdk.internal.reflect.DelegatingMethodAccessorImpl.invoke(DelegatingMethodAccessorImpl.java:43)
	at java.base/java.lang.reflect.Method.invoke(Method.java:566)
	at io.appium.java_client.remote.AppiumProtocolHandshake.createSession(AppiumProtocolHandshake.java:133)
	at io.appium.java_client.remote.AppiumProtocolHandshake.createSession(AppiumProtocolHandshake.java:102)
	at io.appium.java_client.remote.AppiumCommandExecutor.createSession(AppiumCommandExecutor.java:182)
	at io.appium.java_client.remote.AppiumCommandExecutor.execute(AppiumCommandExecutor.java:250)
	at org.openqa.selenium.remote.RemoteWebDriver.execute(RemoteWebDriver.java:602)
	at io.appium.java_client.AppiumDriver.startSession(AppiumDriver.java:274)
	at org.openqa.selenium.remote.RemoteWebDriver.<init>(RemoteWebDriver.java:163)
	at io.appium.java_client.AppiumDriver.<init>(AppiumDriver.java:89)
	at io.appium.java_client.AppiumDriver.<init>(AppiumDriver.java:101)
	at io.appium.java_client.android.AndroidDriver.<init>(AndroidDriver.java:113)
	at org.appium.TestUtils.BaseTest.setUp(BaseTest.java:45)
	at java.base/jdk.internal.reflect.NativeMethodAccessorImpl.invoke0(Native Method)
	at java.base/jdk.internal.reflect.NativeMethodAccessorImpl.invoke(NativeMethodAccessorImpl.java:62)
	at java.base/jdk.internal.reflect.DelegatingMethodAccessorImpl.invoke(DelegatingMethodAccessorImpl.java:43)
	at java.base/java.lang.reflect.Method.invoke(Method.java:566)
	at org.testng.internal.invokers.MethodInvocationHelper.invokeMethod(MethodInvocationHelper.java:141)
	at org.testng.internal.invokers.MethodInvocationHelper.invokeMethodConsideringTimeout(MethodInvocationHelper.java:71)
	at org.testng.internal.invokers.ConfigInvoker.invokeConfigurationMethod(ConfigInvoker.java:400)
	at org.testng.internal.invokers.ConfigInvoker.invokeConfigurations(ConfigInvoker.java:333)
	at org.testng.internal.invokers.TestMethodWorker.invokeBeforeClassMethods(TestMethodWorker.java:188)
	at org.testng.internal.invokers.TestMethodWorker.run(TestMethodWorker.java:128)
	at java.base/java.util.ArrayList.forEach(ArrayList.java:1541)
	at org.testng.TestRunner.privateRun(TestRunner.java:741)
	at org.testng.TestRunner.run(TestRunner.java:616)
	at org.testng.SuiteRunner.runTest(SuiteRunner.java:421)
	at org.testng.SuiteRunner$SuiteWorker.run(SuiteRunner.java:463)
	at org.testng.internal.thread.ThreadUtil.lambda$execute$0(ThreadUtil.java:64)
	at java.base/java.util.concurrent.FutureTask.run(FutureTask.java:264)
	at java.base/java.util.concurrent.ThreadPoolExecutor.runWorker(ThreadPoolExecutor.java:1128)
	at java.base/java.util.concurrent.ThreadPoolExecutor$Worker.run(ThreadPoolExecutor.java:628)
	at java.base/java.lang.Thread.run(Thread.java:834)
]]></failure>
    <system-out><![CDATA[&amp#27;[38;5;86m[HTTP]&amp#27;[0m &amp#27;[37m-->&amp#27;[39m &amp#27;[37mGET&amp#27;[39m &amp#27;[37m/status&amp#27;[39m &amp#27;[90m{}&amp#27;[39m
&amp#27;[38;5;119m[AppiumDriver@b2a8]&amp#27;[0m Calling AppiumDriver.getStatus() with args: []
&amp#27;[38;5;119m[AppiumDriver@b2a8]&amp#27;[0m Responding to client with driver.getStatus() result: {"ready":true,"message":"The server is ready to accept new connections","build":{"version":"2.19.0"}}
&amp#27;[38;5;86m[HTTP]&amp#27;[0m &amp#27;[37m<-- GET /status &amp#27;[39m&amp#27;[32m200&amp#27;[39m &amp#27;[90m2 ms - 111&amp#27;[39m &amp#27;[90m&amp#27;[39m
&amp#27;[38;5;172m[ac437da3]&amp#27;[0m&amp#27;[38;5;229m[ADB]&amp#27;[0m The version name of the installed 'io.appium.settings' is greater or equal to the application version name ('5.14.8' >= '5.14.8')
&amp#27;[38;5;172m[ac437da3]&amp#27;[0m&amp#27;[38;5;229m[ADB]&amp#27;[0m There is no need to install/upgrade 'C:\Users\sajus\.appium\node_modules\appium-uiautomator2-driver\node_modules\io.appium.settings\apks\settings_apk-debug.apk'
&amp#27;[38;5;172m[ac437da3]&amp#27;[0m&amp#27;[38;5;229m[ADB]&amp#27;[0m Running 'C:\Users\sajus\AppData\Local\Android\Sdk\platform-tools\adb.exe -P 5037 -s CTLID18120801016 shell dumpsys activity services io.appium.settings'
Appium server stopped
✅ Test completed for device: Samsung_Galaxy_S21
&amp#27;[38;5;172m[ac437da3]&amp#27;[0m&amp#27;[38;5;-190m[AndroidUiautomator2Driver@4421]&amp#27;[0m io.appium.settings is already running. There is no need to reset its permissions.
&amp#27;[38;5;172m[ac437da3]&amp#27;[0m&amp#27;[38;5;160m[Logcat]&amp#27;[0m Starting logs capture with command: C:\\Users\\sajus\\AppData\\Local\\Android\\Sdk\\platform-tools\\adb.exe -P 5037 -s CTLID18120801016 logcat -v threadtime
&amp#27;[38;5;172m[ac437da3]&amp#27;[0m&amp#27;[38;5;229m[ADB]&amp#27;[0m Running 'C:\Users\sajus\AppData\Local\Android\Sdk\platform-tools\adb.exe -P 5037 -s CTLID18120801016 shell appops set io.appium.settings android:mock_location allow'
&amp#27;[38;5;172m[ac437da3]&amp#27;[0m&amp#27;[38;5;229m[ADB]&amp#27;[0m Running 'C:\Users\sajus\AppData\Local\Android\Sdk\platform-tools\adb.exe -P 5037 -s CTLID18120801016 shell "[ -e '/data/local/tmp/mock_apps.json' ] && echo __PASS__"'
&amp#27;[38;5;172m[ac437da3]&amp#27;[0m&amp#27;[38;5;229m[ADB]&amp#27;[0m Running 'C:\Users\sajus\AppData\Local\Android\Sdk\platform-tools\adb.exe -P 5037 -s CTLID18120801016 shell cat /data/local/tmp/mock_apps.json'
&amp#27;[38;5;172m[ac437da3]&amp#27;[0m&amp#27;[38;5;-190m[AndroidUiautomator2Driver@4421]&amp#27;[0m Forwarding UiAutomator2 Server port 6790 to local port 8202
&amp#27;[38;5;172m[ac437da3]&amp#27;[0m&amp#27;[38;5;229m[ADB]&amp#27;[0m Forwarding system: 8202 to device: 6790
&amp#27;[38;5;172m[ac437da3]&amp#27;[0m&amp#27;[38;5;229m[ADB]&amp#27;[0m Running 'C:\Users\sajus\AppData\Local\Android\Sdk\platform-tools\adb.exe -P 5037 -s CTLID18120801016 forward tcp:8202 tcp:6790'
&amp#27;[38;5;172m[ac437da3]&amp#27;[0m&amp#27;[38;5;-190m[AndroidUiautomator2Driver@4421]&amp#27;[0m UIA2Proxy options: {"server":"127.0.0.1","port":8202,"keepAlive":true,"scheme":"http","base":"","reqBasePath":"","sessionId":null,"timeout":240000}
&amp#27;[38;5;172m[ac437da3]&amp#27;[0m&amp#27;[38;5;229m[ADB]&amp#27;[0m Getting package info for 'io.appium.uiautomator2.server'
&amp#27;[38;5;172m[ac437da3]&amp#27;[0m&amp#27;[38;5;229m[ADB]&amp#27;[0m Running 'C:\Users\sajus\AppData\Local\Android\Sdk\platform-tools\adb.exe -P 5037 -s CTLID18120801016 shell dumpsys package io.appium.uiautomator2.server'
&amp#27;[38;5;172m[ac437da3]&amp#27;[0m&amp#27;[38;5;229m[ADB]&amp#27;[0m Getting install status for io.appium.uiautomator2.server.test
&amp#27;[38;5;172m[ac437da3]&amp#27;[0m&amp#27;[38;5;-190m[AndroidUiautomator2Driver@4421]&amp#27;[0m No app capability. Assuming it is already on the device
&amp#27;[38;5;172m[ac437da3]&amp#27;[0m&amp#27;[38;5;229m[ADB]&amp#27;[0m Running 'C:\Users\sajus\AppData\Local\Android\Sdk\platform-tools\adb.exe -P 5037 -s CTLID18120801016 shell cmd package list packages'
&amp#27;[38;5;172m[ac437da3]&amp#27;[0m&amp#27;[38;5;229m[ADB]&amp#27;[0m Reading package manifest: 'C:\\Users\\sajus\\AppData\\Local\\Android\\Sdk\\build-tools\\36.0.0\\aapt2.exe dump badging C:\\Users\\sajus\\.appium\\node_modules\\appium-uiautomator2-driver\\node_modules\\appium-uiautomator2-server\\apks\\appium-uiautomator2-server-v7.5.2.apk'
&amp#27;[38;5;172m[ac437da3]&amp#27;[0m&amp#27;[38;5;229m[ADB]&amp#27;[0m 'io.appium.uiautomator2.server.test' is installed
&amp#27;[38;5;172m[ac437da3]&amp#27;[0m&amp#27;[38;5;229m[ADB]&amp#27;[0m The version name of the installed 'io.appium.uiautomator2.server' is greater or equal to the application version name ('7.5.2' >= '7.5.2')
&amp#27;[38;5;172m[ac437da3]&amp#27;[0m&amp#27;[38;5;-190m[AndroidUiautomator2Driver@4421]&amp#27;[0m Server packages status: [{"installState":"sameVersionInstalled","appPath":"C:\\Users\\sajus\\.appium\\node_modules\\appium-uiautomator2-driver\\node_modules\\appium-uiautomator2-server\\apks\\appium-uiautomator2-server-v7.5.2.apk","appId":"io.appium.uiautomator2.server"},{"installState":"sameVersionInstalled","appPath":"C:\\Users\\sajus\\.appium\\node_modules\\appium-uiautomator2-driver\\node_modules\\appium-uiautomator2-server\\apks\\appium-uiautomator2-server-debug-androidTest.apk","appId":"io.appium.uiautomator2.server.test"}]
&amp#27;[38;5;172m[ac437da3]&amp#27;[0m&amp#27;[38;5;-190m[AndroidUiautomator2Driver@4421]&amp#27;[0m Server packages are not going to be (re)installed
&amp#27;[38;5;172m[ac437da3]&amp#27;[0m&amp#27;[38;5;-190m[AndroidUiautomator2Driver@4421]&amp#27;[0m Waiting up to 30000ms for services to be available
&amp#27;[38;5;172m[ac437da3]&amp#27;[0m&amp#27;[38;5;229m[ADB]&amp#27;[0m Running 'C:\Users\sajus\AppData\Local\Android\Sdk\platform-tools\adb.exe -P 5037 -s CTLID18120801016 shell pm list instrumentation'
&amp#27;[38;5;172m[ac437da3]&amp#27;[0m&amp#27;[38;5;-190m[AndroidUiautomator2Driver@4421]&amp#27;[0m Instrumentation target 'io.appium.uiautomator2.server.test/androidx.test.runner.AndroidJUnitRunner' is available
&amp#27;[38;5;172m[ac437da3]&amp#27;[0m&amp#27;[38;5;229m[ADB]&amp#27;[0m Adding packages ["io.appium.settings","io.appium.uiautomator2.server","io.appium.uiautomator2.server.test"] to Doze whitelist
&amp#27;[38;5;172m[ac437da3]&amp#27;[0m&amp#27;[38;5;229m[ADB]&amp#27;[0m Got the following command chunks to execute: [["dumpsys","deviceidle","whitelist","+io.appium.settings",";","dumpsys","deviceidle","whitelist","+io.appium.uiautomator2.server",";","dumpsys","deviceidle","whitelist","+io.appium.uiautomator2.server.test",";"]]
&amp#27;[38;5;172m[ac437da3]&amp#27;[0m&amp#27;[38;5;229m[ADB]&amp#27;[0m Running 'C:\Users\sajus\AppData\Local\Android\Sdk\platform-tools\adb.exe -P 5037 -s CTLID18120801016 shell dumpsys deviceidle whitelist +io.appium.settings ; dumpsys deviceidle whitelist +io.appium.uiautomator2.server ; dumpsys deviceidle whitelist +io.appium.uiautomator2.server.test ;'
&amp#27;[38;5;172m[ac437da3]&amp#27;[0m&amp#27;[38;5;-190m[AndroidUiautomator2Driver@4421]&amp#27;[0m Performing shallow cleanup of automation leftovers
&amp#27;[38;5;172m[ac437da3]&amp#27;[0m&amp#27;[38;5;-190m[AndroidUiautomator2Driver@4421]&amp#27;[0m No obsolete sessions have been detected (socket hang up)
&amp#27;[38;5;172m[ac437da3]&amp#27;[0m&amp#27;[38;5;229m[ADB]&amp#27;[0m Running 'C:\Users\sajus\AppData\Local\Android\Sdk\platform-tools\adb.exe -P 5037 -s CTLID18120801016 shell am force-stop io.appium.uiautomator2.server'
&amp#27;[38;5;172m[ac437da3]&amp#27;[0m&amp#27;[38;5;229m[ADB]&amp#27;[0m Running 'C:\Users\sajus\AppData\Local\Android\Sdk\platform-tools\adb.exe -P 5037 -s CTLID18120801016 shell am force-stop io.appium.uiautomator2.server.test'
&amp#27;[38;5;172m[ac437da3]&amp#27;[0m&amp#27;[38;5;-190m[AndroidUiautomator2Driver@4421]&amp#27;[0m Starting UIAutomator2 server 7.5.2
&amp#27;[38;5;172m[ac437da3]&amp#27;[0m&amp#27;[38;5;-190m[AndroidUiautomator2Driver@4421]&amp#27;[0m Using UIAutomator2 server from 'C:\Users\sajus\.appium\node_modules\appium-uiautomator2-driver\node_modules\appium-uiautomator2-server\apks\appium-uiautomator2-server-v7.5.2.apk' and test from 'C:\Users\sajus\.appium\node_modules\appium-uiautomator2-driver\node_modules\appium-uiautomator2-server\apks\appium-uiautomator2-server-debug-androidTest.apk'
&amp#27;[38;5;172m[ac437da3]&amp#27;[0m&amp#27;[38;5;-190m[AndroidUiautomator2Driver@4421]&amp#27;[0m Waiting up to 30000ms for UiAutomator2 to be online...
&amp#27;[38;5;172m[ac437da3]&amp#27;[0m&amp#27;[38;5;229m[ADB]&amp#27;[0m Creating ADB subprocess with args: ["-P","5037","-s","CTLID18120801016","shell","am","instrument","-w","-e","disableAnalytics","true","io.appium.uiautomator2.server.test/androidx.test.runner.AndroidJUnitRunner"]
&amp#27;[38;5;172m[ac437da3]&amp#27;[0m&amp#27;[38;5;-190m[AndroidUiautomator2Driver@4421]&amp#27;[0m Matched '/status' to command name 'getStatus'
&amp#27;[38;5;172m[ac437da3]&amp#27;[0m&amp#27;[38;5;-190m[AndroidUiautomator2Driver@4421]&amp#27;[0m Proxying [GET /status] to [GET http://127.0.0.1:8202/status] with no body
&amp#27;[38;5;172m[ac437da3]&amp#27;[0m&amp#27;[38;5;-190m[AndroidUiautomator2Driver@4421]&amp#27;[0m socket hang up
&amp#27;[38;5;172m[ac437da3]&amp#27;[0m&amp#27;[38;5;-190m[AndroidUiautomator2Driver@4421]&amp#27;[0m Matched '/status' to command name 'getStatus'
&amp#27;[38;5;172m[ac437da3]&amp#27;[0m&amp#27;[38;5;-190m[AndroidUiautomator2Driver@4421]&amp#27;[0m Proxying [GET /status] to [GET http://127.0.0.1:8202/status] with no body
&amp#27;[38;5;172m[ac437da3]&amp#27;[0m&amp#27;[38;5;-190m[AndroidUiautomator2Driver@4421]&amp#27;[0m socket hang up
&amp#27;[38;5;172m[ac437da3]&amp#27;[0m&amp#27;[38;5;-190m[AndroidUiautomator2Driver@4421]&amp#27;[0m [Instrumentation] 
&amp#27;[38;5;172m[ac437da3]&amp#27;[0m&amp#27;[38;5;-190m[AndroidUiautomator2Driver@4421]&amp#27;[0m Matched '/status' to command name 'getStatus'
&amp#27;[38;5;172m[ac437da3]&amp#27;[0m&amp#27;[38;5;-190m[AndroidUiautomator2Driver@4421]&amp#27;[0m Proxying [GET /status] to [GET http://127.0.0.1:8202/status] with no body
&amp#27;[38;5;172m[ac437da3]&amp#27;[0m&amp#27;[38;5;-190m[AndroidUiautomator2Driver@4421]&amp#27;[0m Got response with status 200: {"sessionId":"None","value":{"message":"UiAutomator2 Server is ready to accept commands","ready":true}}
&amp#27;[38;5;172m[ac437da3]&amp#27;[0m&amp#27;[38;5;-190m[AndroidUiautomator2Driver@4421]&amp#27;[0m The initialization of the instrumentation process took 2394ms
&amp#27;[38;5;172m[ac437da3]&amp#27;[0m&amp#27;[38;5;-190m[AndroidUiautomator2Driver@4421]&amp#27;[0m Matched '/session' to command name 'createSession'
&amp#27;[38;5;172m[ac437da3]&amp#27;[0m&amp#27;[38;5;-190m[AndroidUiautomator2Driver@4421]&amp#27;[0m Proxying [POST /session] to [POST http://127.0.0.1:8202/session] with body: {"capabilities":{"firstMatch":[{"platformName":"ANDROID","appActivity":"com.androidsample.generalstore.SplashActivity","appPackage":"com.androidsample.generalstore","automationName":"UiAutomator2","deviceName":"CTLID18120801016","noReset":true,"platformVersion":"11.0","systemPort":8202,"udid":"CTLID18120801016","platform":"LINUX","webStorageEnabled":false,"takesScreenshot":true,"javascriptEnabled":true,"databaseEnabled":false,"networkConnectionEnabled":true,"locationContextEnabled":false,"warnings":{},"desired":{"platformName":"ANDROID","appActivity":"com.androidsample.generalstore.SplashActivity","appPackage":"com.androidsample.generalstore","automationName":"UiAutomator2","deviceName":"Nokia","noReset":true,"platformVersion":"11.0","systemPort":8202,"udid":"CTLID18120801016"},"deviceUDID":"CTLID18120801016"}],"alwaysMatch":{}}}
&amp#27;[38;5;172m[ac437da3]&amp#27;[0m&amp#27;[38;5;-190m[AndroidUiautomator2Driver@4421]&amp#27;[0m Got response with status 200: {"sessionId":"db8c43a4-b697-4b74-ae9a-b77c6f13be40","value":{"capabilities":{"firstMatch":[{"platformName":"ANDROID","appActivity":"com.androidsample.generalstore.SplashActivity","appPackage":"com.androidsample.generalstore","automationName":"UiAutomator2","deviceName":"CTLID18120801016","noReset":true,"platformVersion":"11.0","systemPort":8202,"udid":"CTLID18120801016","platform":"LINUX","webStorageEnabled":false,"takesScreenshot":true,"javascriptEnabled":true,"databaseEnabled":false,"networkConnectionEnabled":true,"locationContextEnabled":false,"warnings":{},"desired":{"platformName":"ANDROID","appActivity":"com.androidsample.generalstore.SplashActivity","appPackage":"com.androidsample.generalstore","automationName":"UiAutomator2","deviceName":"Nokia","noReset":true,"platformVersion":"11.0","systemPort":8202,"udid":"CTLID18120801016"},"deviceUDID":"CTLID18120801016"}],"alwaysMatch":{}},"sessionId":"db8c43a4-b697-4b74-ae9a-b77c6f13be40"}}
&amp#27;[38;5;172m[ac437da3]&amp#27;[0m&amp#27;[38;5;-190m[AndroidUiautomator2Driver@4421]&amp#27;[0m Determined the downstream protocol as 'W3C'
&amp#27;[38;5;172m[ac437da3]&amp#27;[0m&amp#27;[38;5;-190m[AndroidUiautomator2Driver@4421]&amp#27;[0m Proxying [GET /appium/device/pixel_ratio] to [GET http://127.0.0.1:8202/session/db8c43a4-b697-4b74-ae9a-b77c6f13be40/appium/device/pixel_ratio] with no body
&amp#27;[38;5;172m[ac437da3]&amp#27;[0m&amp#27;[38;5;-190m[AndroidUiautomator2Driver@4421]&amp#27;[0m Matched '/appium/device/system_bars' to command name 'getSystemBars'
&amp#27;[38;5;172m[ac437da3]&amp#27;[0m&amp#27;[38;5;-190m[AndroidUiautomator2Driver@4421]&amp#27;[0m Proxying [GET /appium/device/system_bars] to [GET http://127.0.0.1:8202/session/db8c43a4-b697-4b74-ae9a-b77c6f13be40/appium/device/system_bars] with no body
&amp#27;[38;5;172m[ac437da3]&amp#27;[0m&amp#27;[38;5;-190m[AndroidUiautomator2Driver@4421]&amp#27;[0m Matched '/window/current/size' to command name 'getWindowSize'
&amp#27;[38;5;172m[ac437da3]&amp#27;[0m&amp#27;[38;5;-190m[AndroidUiautomator2Driver@4421]&amp#27;[0m Proxying [GET /window/current/size] to [GET http://127.0.0.1:8202/session/db8c43a4-b697-4b74-ae9a-b77c6f13be40/window/current/size] with no body
&amp#27;[38;5;172m[ac437da3]&amp#27;[0m&amp#27;[38;5;-190m[AndroidUiautomator2Driver@4421]&amp#27;[0m Proxying [GET /appium/device/info] to [GET http://127.0.0.1:8202/session/db8c43a4-b697-4b74-ae9a-b77c6f13be40/appium/device/info] with no body
&amp#27;[38;5;172m[ac437da3]&amp#27;[0m&amp#27;[38;5;229m[ADB]&amp#27;[0m Running 'C:\Users\sajus\AppData\Local\Android\Sdk\platform-tools\adb.exe -P 5037 -s CTLID18120801016 shell dumpsys window'
&amp#27;[38;5;112m[Appium]&amp#27;[0m Welcome to Appium v2.19.0
&amp#27;[38;5;112m[Appium]&amp#27;[0m Non-default server args:
&amp#27;[38;5;112m[Appium]&amp#27;[0m { port: &amp#27;[33m4724&amp#27;[39m }
&amp#27;[38;5;112m[Appium]&amp#27;[0m The autodetected Appium home path: C:\Users\sajus\.appium
&amp#27;[38;5;112m[Appium]&amp#27;[0m Attempting to load driver uiautomator2...
&amp#27;[38;5;112m[Appium]&amp#27;[0m Requiring driver at C:\Users\sajus\.appium\node_modules\appium-uiautomator2-driver\build\index.js
&amp#27;[38;5;172m[ac437da3]&amp#27;[0m&amp#27;[38;5;229m[ADB]&amp#27;[0m Running 'C:\Users\sajus\AppData\Local\Android\Sdk\platform-tools\adb.exe -P 5037 -s CTLID18120801016 shell dumpsys power'
&amp#27;[38;5;172m[ac437da3]&amp#27;[0m&amp#27;[38;5;-190m[AndroidUiautomator2Driver@4421]&amp#27;[0m Got response with status 200: {"sessionId":"db8c43a4-b697-4b74-ae9a-b77c6f13be40","value":2.625}
&amp#27;[38;5;172m[ac437da3]&amp#27;[0m&amp#27;[38;5;-190m[AndroidUiautomator2Driver@4421]&amp#27;[0m Got response with status 200: {"sessionId":"db8c43a4-b697-4b74-ae9a-b77c6f13be40","value":{"statusBar":89}}
&amp#27;[38;5;172m[ac437da3]&amp#27;[0m&amp#27;[38;5;-190m[AndroidUiautomator2Driver@4421]&amp#27;[0m Got response with status 200: {"sessionId":"db8c43a4-b697-4b74-ae9a-b77c6f13be40","value":{"height":2280,"width":1080}}
&amp#27;[38;5;172m[ac437da3]&amp#27;[0m&amp#27;[38;5;-190m[AndroidUiautomator2Driver@4421]&amp#27;[0m Got response with status 200: {"sessionId":"db8c43a4-b697-4b74-ae9a-b77c6f13be40","value":{"androidId":"7be9e4e610cc4454","apiVersion":"29","bluetooth":{"state":"OFF"},"brand":"Nokia","carrierName":"","displayDensity":420,"locale":"en_IN","manufacturer":"HMD Global","model":"Nokia 7.1","networks":[{"capabilities":{"SSID":null,"linkDownBandwidthKbps":1048576,"linkUpstreamBandwidthKbps":1048576,"networkCapabilities":"NET_CAPABILITY_NOT_METERED,NET_CAPABILITY_INTERNET,NET_CAPABILITY_NOT_RESTRICTED,NET_CAPABILITY_TRUSTED,NET_CAPABILITY_NOT_VPN,NET_CAPABILITY_VALIDATED,NET_CAPABILITY_NOT_ROAMING,NET_CAPABILITY_FOREGROUND,NET_CAPABILITY_NOT_CONGESTED,NET_CAPABILITY_NOT_SUSPENDED","signalStrength":-58,"transportTypes":"TRANSPORT_WIFI"},"detailedState":"CONNECTED","extraInfo":null,"isAvailable":true,"isConnected":true,"isFailover":false,"isRoaming":false,"state":"CONNECTED","subtype":0,"subtypeName":"","type":1,"typeName":"WIFI"}],"platformVersion":"10","realDisplaySize":"1080x2280","timeZone":"America/Toronto"}}
&amp#27;[38;5;172m[ac437da3]&amp#27;[0m&amp#27;[38;5;-190m[AndroidUiautomator2Driver@4421]&amp#27;[0m Screen already unlocked, doing nothing
&amp#27;[38;5;172m[ac437da3]&amp#27;[0m&amp#27;[38;5;-190m[AndroidUiautomator2Driver@4421]&amp#27;[0m Starting 'com.androidsample.generalstore/com.androidsample.generalstore.SplashActivity' and waiting for 'com.androidsample.generalstore/com.androidsample.generalstore.SplashActivity'
&amp#27;[38;5;172m[ac437da3]&amp#27;[0m&amp#27;[38;5;229m[ADB]&amp#27;[0m Getting IDs of all 'com.androidsample.generalstore' processes
&amp#27;[38;5;172m[ac437da3]&amp#27;[0m&amp#27;[38;5;229m[ADB]&amp#27;[0m Running 'C:\Users\sajus\AppData\Local\Android\Sdk\platform-tools\adb.exe -P 5037 -s CTLID18120801016 shell 'pgrep --help; echo $?''
&amp#27;[38;5;172m[ac437da3]&amp#27;[0m&amp#27;[38;5;229m[ADB]&amp#27;[0m Running 'C:\Users\sajus\AppData\Local\Android\Sdk\platform-tools\adb.exe -P 5037 -s CTLID18120801016 shell pgrep -f \(\[\[:blank:\]\]\|\^\)com\.androidsample\.generalstore\(:\[a-zA-Z0-9_-\]\+\)\?\(\[\[:blank:\]\]\|\$\)'
&amp#27;[38;5;172m[ac437da3]&amp#27;[0m&amp#27;[38;5;229m[ADB]&amp#27;[0m Running 'C:\Users\sajus\AppData\Local\Android\Sdk\platform-tools\adb.exe -P 5037 -s CTLID18120801016 shell am start-activity -W -n com.androidsample.generalstore/com.androidsample.generalstore.SplashActivity -S -a android.intent.action.MAIN -c android.intent.category.LAUNCHER -f 0x10200000'
&amp#27;[38;5;172m[ac437da3]&amp#27;[0m&amp#27;[38;5;198m[AppiumDriver@0783]&amp#27;[0m New AndroidUiautomator2Driver session created successfully, session ac437da3-a107-4a43-be52-f5b544819db0 added to master session list
&amp#27;[38;5;172m[ac437da3]&amp#27;[0m&amp#27;[38;5;198m[AppiumDriver@0783]&amp#27;[0m Event 'newSessionStarted' logged at 1750354680644 (13:38:00 GMT-0400 (Eastern Daylight Saving Time))
&amp#27;[38;5;172m[ac437da3]&amp#27;[0m&amp#27;[38;5;-190m[AndroidUiautomator2Driver@4421]&amp#27;[0m Cached the protocol value 'W3C' for the new session ac437da3-a107-4a43-be52-f5b544819db0
&amp#27;[38;5;172m[ac437da3]&amp#27;[0m&amp#27;[38;5;-190m[AndroidUiautomator2Driver@4421]&amp#27;[0m Responding to client with driver.createSession() result: {"capabilities":{"platformName":"ANDROID","appActivity":"com.androidsample.generalstore.SplashActivity","appPackage":"com.androidsample.generalstore","automationName":"UiAutomator2","deviceName":"CTLID18120801016","noReset":true,"platformVersion":"10","systemPort":8202,"udid":"CTLID18120801016","platform":"LINUX","webStorageEnabled":false,"takesScreenshot":true,"javascriptEnabled":true,"databaseEnabled":false,"networkConnectionEnabled":true,"locationContextEnabled":false,"warnings":{},"desired":{"platformName":"ANDROID","appActivity":"com.androidsample.generalstore.SplashActivity","appPackage":"com.androidsample.generalstore","automationName":"UiAutomator2","deviceName":"Nokia","noReset":true,"platformVersion":"11.0","systemPort":8202,"udid":"CTLID18120801016"},"deviceUDID":"CTLID18120801016","pixelRatio":"2.625","statBarHeight":89,"viewportRect":{"left":0,"top":89,"width":1080,"height":2191},"deviceApiLevel":29,"deviceManufacturer":"HMD Global","deviceModel":"Nokia 7.1","deviceScreenSize":"1080x2280","dev...
&amp#27;[38;5;172m[ac437da3]&amp#27;[0m&amp#27;[38;5;86m[HTTP]&amp#27;[0m &amp#27;[37m<-- POST /session &amp#27;[39m&amp#27;[32m200&amp#27;[39m &amp#27;[90m6906 ms - 1105&amp#27;[39m &amp#27;[90m&amp#27;[39m
&amp#27;[38;5;172m[ac437da3]&amp#27;[0m&amp#27;[38;5;86m[HTTP]&amp#27;[0m &amp#27;[37m-->&amp#27;[39m &amp#27;[37mPOST&amp#27;[39m &amp#27;[37m/session/ac437da3-a107-4a43-be52-f5b544819db0/execute/sync&amp#27;[39m &amp#27;[90m{"script":"mobile: getCurrentActivity","args":[]}&amp#27;[39m
&amp#27;[38;5;172m[ac437da3]&amp#27;[0m&amp#27;[38;5;-190m[AndroidUiautomator2Driver@4421]&amp#27;[0m Calling AppiumDriver.execute() with args: ["mobile: getCurrentActivity",[],"ac437da3-a107-4a43-be52-f5b544819db0"]
&amp#27;[38;5;172m[ac437da3]&amp#27;[0m&amp#27;[38;5;229m[ADB]&amp#27;[0m Getting focused package and activity
&amp#27;[38;5;172m[ac437da3]&amp#27;[0m&amp#27;[38;5;229m[ADB]&amp#27;[0m Running 'C:\Users\sajus\AppData\Local\Android\Sdk\platform-tools\adb.exe -P 5037 -s CTLID18120801016 shell dumpsys window displays'
&amp#27;[38;5;172m[ac437da3]&amp#27;[0m&amp#27;[38;5;-190m[AndroidUiautomator2Driver@4421]&amp#27;[0m Responding to client with driver.execute() result: ".SplashActivity"
&amp#27;[38;5;172m[ac437da3]&amp#27;[0m&amp#27;[38;5;86m[HTTP]&amp#27;[0m &amp#27;[37m<-- POST /session/ac437da3-a107-4a43-be52-f5b544819db0/execute/sync &amp#27;[39m&amp#27;[32m200&amp#27;[39m &amp#27;[90m155 ms - 27&amp#27;[39m &amp#27;[90m&amp#27;[39m
Current Activity: .SplashActivity
&amp#27;[38;5;112m[Appium]&amp#27;[0m AndroidUiautomator2Driver has been successfully loaded in 2.171s
&amp#27;[38;5;112m[Appium]&amp#27;[0m Appium REST http interface listener started on http://0.0.0.0:4724
&amp#27;[38;5;112m[Appium]&amp#27;[0m You can provide the following URLs in your client code to connect to this server:
	http://192.168.2.20:4724/
	http://127.0.0.1:4724/ (only accessible from the same host)
&amp#27;[38;5;112m[Appium]&amp#27;[0m Available drivers:
&amp#27;[38;5;112m[Appium]&amp#27;[0m   - uiautomator2@4.2.3 (automationName 'UiAutomator2')
&amp#27;[38;5;112m[Appium]&amp#27;[0m No plugins have been installed. Use the "appium plugin" command to install the one(s) you want to use.
&amp#27;[38;5;86m[HTTP]&amp#27;[0m &amp#27;[37m-->&amp#27;[39m &amp#27;[37mGET&amp#27;[39m &amp#27;[37m/status&amp#27;[39m &amp#27;[90m{}&amp#27;[39m
&amp#27;[38;5;210m[AppiumDriver@97ce]&amp#27;[0m Calling AppiumDriver.getStatus() with args: []
&amp#27;[38;5;210m[AppiumDriver@97ce]&amp#27;[0m Responding to client with driver.getStatus() result: {"ready":true,"message":"The server is ready to accept new connections","build":{"version":"2.19.0"}}
Appium server started on port: 4724
&amp#27;[38;5;86m[HTTP]&amp#27;[0m &amp#27;[37m<-- GET /status &amp#27;[39m&amp#27;[32m200&amp#27;[39m &amp#27;[90m10 ms - 111&amp#27;[39m &amp#27;[90m&amp#27;[39m
&amp#27;[38;5;86m[HTTP]&amp#27;[0m Request idempotency key: 61f12198-2501-46e7-ab2d-9e225a56b5e9
&amp#27;[38;5;86m[HTTP]&amp#27;[0m &amp#27;[37m-->&amp#27;[39m &amp#27;[37mPOST&amp#27;[39m &amp#27;[37m/session&amp#27;[39m &amp#27;[90m{"capabilities":{"firstMatch":[{}],"alwaysMatch":{"appium:appActivity":"com.androidsample.generalstore.SplashActivity","appium:appPackage":"com.androidsample.generalstore","appium:automationName":"UiAutomator2","appium:deviceName":"Samsung_Galaxy_S21","appium:noReset":true,"appium:platformVersion":"10.0","appium:systemPort":8201,"appium:udid":"R3CRC00KHBT","platformName":"ANDROID"}}}&amp#27;[39m
&amp#27;[38;5;210m[AppiumDriver@97ce]&amp#27;[0m Calling AppiumDriver.createSession() with args: [null,null,{"firstMatch":[{}],"alwaysMatch":{"appium:appActivity":"com.androidsample.generalstore.SplashActivity","appium:appPackage":"com.androidsample.generalstore","appium:automationName":"UiAutomator2","appium:deviceName":"Samsung_Galaxy_S21","appium:noReset":true,"appium:platformVersion":"10.0","appium:systemPort":8201,"appium:udid":"R3CRC00KHBT","platformName":"ANDROID"}}]
&amp#27;[38;5;210m[AppiumDriver@97ce]&amp#27;[0m Event 'newSessionRequested' logged at 1750354681695 (13:38:01 GMT-0400 (Eastern Daylight Saving Time))
&amp#27;[38;5;112m[Appium]&amp#27;[0m Attempting to find matching driver for automationName 'UiAutomator2' and platformName 'ANDROID'
&amp#27;[38;5;112m[Appium]&amp#27;[0m The 'uiautomator2' driver was installed and matched caps.
&amp#27;[38;5;112m[Appium]&amp#27;[0m Will require it at C:\Users\sajus\.appium\node_modules\appium-uiautomator2-driver
&amp#27;[38;5;112m[Appium]&amp#27;[0m Requiring driver at C:\Users\sajus\.appium\node_modules\appium-uiautomator2-driver\build\index.js
&amp#27;[38;5;210m[AppiumDriver@97ce]&amp#27;[0m Appium v2.19.0 creating new AndroidUiautomator2Driver (v4.2.3) session
&amp#27;[38;5;210m[AppiumDriver@97ce]&amp#27;[0m Checking BaseDriver versions for Appium and AndroidUiautomator2Driver
&amp#27;[38;5;210m[AppiumDriver@97ce]&amp#27;[0m Appium's BaseDriver version is 9.18.0
&amp#27;[38;5;210m[AppiumDriver@97ce]&amp#27;[0m AndroidUiautomator2Driver's BaseDriver version is 9.18.0
&amp#27;[38;5;-63m[AndroidUiautomator2Driver@9896]&amp#27;[0m 
&amp#27;[38;5;-63m[AndroidUiautomator2Driver@9896]&amp#27;[0m Creating session with W3C capabilities: {
  "alwaysMatch": {
    "platformName": "ANDROID",
    "appium:appActivity": "com.androidsample.generalstore.SplashActivity",
    "appium:appPackage": "com.androidsample.generalstore",
    "appium:automationName": "UiAutomator2",
    "appium:deviceName": "Samsung_Galaxy_S21",
    "appium:noReset": true,
    "appium:platformVersion": "10.0",
    "appium:systemPort": 8201,
    "appium:udid": "R3CRC00KHBT"
  },
  "firstMatch": [
    {}
  ]
}
&amp#27;[38;5;125m[d77ecb6e]&amp#27;[0m&amp#27;[38;5;-63m[AndroidUiautomator2Driver@9896]&amp#27;[0m Session created with session id: d77ecb6e-3916-43ee-94b8-9b95952168e5
&amp#27;[38;5;125m[d77ecb6e]&amp#27;[0m&amp#27;[38;5;229m[ADB]&amp#27;[0m Found 3 'build-tools' folders under 'C:\Users\sajus\AppData\Local\Android\Sdk' (newest first):
&amp#27;[38;5;125m[d77ecb6e]&amp#27;[0m&amp#27;[38;5;229m[ADB]&amp#27;[0m     C:\Users\sajus\AppData\Local\Android\Sdk\build-tools\36.0.0
&amp#27;[38;5;125m[d77ecb6e]&amp#27;[0m&amp#27;[38;5;229m[ADB]&amp#27;[0m     C:\Users\sajus\AppData\Local\Android\Sdk\build-tools\35.0.1
&amp#27;[38;5;125m[d77ecb6e]&amp#27;[0m&amp#27;[38;5;229m[ADB]&amp#27;[0m     C:\Users\sajus\AppData\Local\Android\Sdk\build-tools\35.0.0
&amp#27;[38;5;125m[d77ecb6e]&amp#27;[0m&amp#27;[38;5;229m[ADB]&amp#27;[0m Using 'adb.exe' from 'C:\Users\sajus\AppData\Local\Android\Sdk\platform-tools\adb.exe'
&amp#27;[38;5;125m[d77ecb6e]&amp#27;[0m&amp#27;[38;5;229m[ADB]&amp#27;[0m Running 'C:\Users\sajus\AppData\Local\Android\Sdk\platform-tools\adb.exe -P 5037 start-server'
&amp#27;[38;5;125m[d77ecb6e]&amp#27;[0m&amp#27;[38;5;-63m[AndroidUiautomator2Driver@9896]&amp#27;[0m Retrieving device list
&amp#27;[38;5;125m[d77ecb6e]&amp#27;[0m&amp#27;[38;5;229m[ADB]&amp#27;[0m Trying to find connected Android devices
&amp#27;[38;5;125m[d77ecb6e]&amp#27;[0m&amp#27;[38;5;229m[ADB]&amp#27;[0m Getting connected devices
&amp#27;[38;5;125m[d77ecb6e]&amp#27;[0m&amp#27;[38;5;229m[ADB]&amp#27;[0m Connected devices: [{"udid":"CTLID18120801016","state":"device"}]
&amp#27;[38;5;125m[d77ecb6e]&amp#27;[0m&amp#27;[38;5;-63m[AndroidUiautomator2Driver@9896]&amp#27;[0m Device R3CRC00KHBT was not in the list of connected devices
&amp#27;[38;5;125m[d77ecb6e]&amp#27;[0m&amp#27;[38;5;-63m[AndroidUiautomator2Driver@9896]&amp#27;[0m Deleting UiAutomator2 session
&amp#27;[38;5;125m[d77ecb6e]&amp#27;[0m&amp#27;[38;5;210m[AppiumDriver@97ce]&amp#27;[0m Event 'newSessionStarted' logged at 1750354681919 (13:38:01 GMT-0400 (Eastern Daylight Saving Time))
&amp#27;[38;5;125m[d77ecb6e]&amp#27;[0m&amp#27;[38;5;210m[AppiumDriver@97ce]&amp#27;[0m Encountered internal error running command: Error: Device R3CRC00KHBT was not in the list of connected devices
    at Object.errorWithException (C:\Users\JenkinsUser\AppData\Roaming\npm\node_modules\appium\node_modules\@appium\support\lib\logging.js:41:45)
    at AndroidUiautomator2Driver.getDeviceInfoFromCaps (C:\Users\sajus\.appium\node_modules\appium-uiautomator2-driver\node_modules\appium-android-driver\lib\commands\device\common.js:46:24)
    at AndroidUiautomator2Driver.createSession (C:\Users\sajus\.appium\node_modules\appium-uiautomator2-driver\lib\driver.ts:357:30)
    at AppiumDriver.createSession (C:\Users\JenkinsUser\AppData\Roaming\npm\node_modules\appium\lib\appium.js:379:35)
&amp#27;[38;5;125m[d77ecb6e]&amp#27;[0m&amp#27;[38;5;86m[HTTP]&amp#27;[0m &amp#27;[37m<-- POST /session &amp#27;[39m&amp#27;[31m500&amp#27;[39m &amp#27;[90m288 ms - 696&amp#27;[39m &amp#27;[90m&amp#27;[39m
]]></system-out>
  </testcase>
  <testcase name="SecondCase" classname="org.testCase.TestCase2" time="0">
    <skipped message="Could not start a new session. Response code 500. Message: An unknown server-side error occurred while processing the command. Original error: Device R3CRC00KHBT was not in the list of connected devices &#10;Host info: host: &apos;ELSA&apos;, ip: &apos;192.168.2.20&apos;&#10;Build info: version: &apos;4.33.0&apos;, revision: &apos;2c6aaad03a&apos;&#10;System info: os.name: &apos;Windows 11&apos;, os.arch: &apos;amd64&apos;, os.version: &apos;10.0&apos;, java.version: &apos;11.0.26&apos;&#10;Driver info: io.appium.java_client.android.AndroidDriver&#10;Command: [null, newSession {capabilities=[{appium:appActivity=com.androidsample.generalstore.SplashActivity, appium:appPackage=com.androidsample.generalstore, appium:automationName=UiAutomator2, appium:deviceName=Samsung_Galaxy_S21, appium:noReset=true, platformName=ANDROID, appium:platformVersion=10.0, appium:systemPort=8201, appium:udid=R3CRC00KHBT}], desiredCapabilities=Capabilities {appActivity: com.androidsample.generalst..., appPackage: com.androidsample.generalstore, automationName: UiAutomator2, deviceName: Samsung_Galaxy_S21, noReset: true, platformName: ANDROID, platformVersion: 10.0, systemPort: 8201, udid: R3CRC00KHBT}}]&#10;Capabilities {appActivity: com.androidsample.generalst..., appPackage: com.androidsample.generalstore, automationName: UiAutomator2, deviceName: Samsung_Galaxy_S21, noReset: true, platformName: ANDROID, platformVersion: 10.0, systemPort: 8201, udid: R3CRC00KHBT}"/>
  </testcase>
  <testcase name="SecondCase" classname="org.testCase.TestCase2" time="17.613">
    <system-out><![CDATA[&amp#27;[38;5;172m[ac437da3]&amp#27;[0m&amp#27;[38;5;86m[HTTP]&amp#27;[0m &amp#27;[37m-->&amp#27;[39m &amp#27;[37mPOST&amp#27;[39m &amp#27;[37m/session/ac437da3-a107-4a43-be52-f5b544819db0/execute/sync&amp#27;[39m &amp#27;[90m{"script":"mobile: isAppInstalled","args":[{"bundleId":"com.androidsample.generalstore","appId":"com.androidsample.generalstore"}]}&amp#27;[39m
&amp#27;[38;5;172m[ac437da3]&amp#27;[0m&amp#27;[38;5;-190m[AndroidUiautomator2Driver@4421]&amp#27;[0m Calling AppiumDriver.execute() with args: ["mobile: isAppInstalled",[{"bundleId":"com.androidsample.generalstore","appId":"com.androidsample.generalstore"}],"ac437da3-a107-4a43-be52-f5b544819db0"]
&amp#27;[38;5;172m[ac437da3]&amp#27;[0m&amp#27;[38;5;123m[BaseDriver]&amp#27;[0m The following script arguments are not known and will be ignored: bundleId
&amp#27;[38;5;172m[ac437da3]&amp#27;[0m&amp#27;[38;5;229m[ADB]&amp#27;[0m Getting install status for com.androidsample.generalstore
&amp#27;[38;5;172m[ac437da3]&amp#27;[0m&amp#27;[38;5;229m[ADB]&amp#27;[0m Running 'C:\Users\sajus\AppData\Local\Android\Sdk\platform-tools\adb.exe -P 5037 -s CTLID18120801016 shell cmd package list packages'
&amp#27;[38;5;172m[ac437da3]&amp#27;[0m&amp#27;[38;5;229m[ADB]&amp#27;[0m 'com.androidsample.generalstore' is installed
&amp#27;[38;5;172m[ac437da3]&amp#27;[0m&amp#27;[38;5;-190m[AndroidUiautomator2Driver@4421]&amp#27;[0m Responding to client with driver.execute() result: true
&amp#27;[38;5;172m[ac437da3]&amp#27;[0m&amp#27;[38;5;86m[HTTP]&amp#27;[0m &amp#27;[37m<-- POST /session/ac437da3-a107-4a43-be52-f5b544819db0/execute/sync &amp#27;[39m&amp#27;[32m200&amp#27;[39m &amp#27;[90m249 ms - 14&amp#27;[39m &amp#27;[90m&amp#27;[39m
&amp#27;[38;5;172m[ac437da3]&amp#27;[0m&amp#27;[38;5;86m[HTTP]&amp#27;[0m &amp#27;[37m-->&amp#27;[39m &amp#27;[37mPOST&amp#27;[39m &amp#27;[37m/session/ac437da3-a107-4a43-be52-f5b544819db0/execute/sync&amp#27;[39m &amp#27;[90m{"script":"mobile: terminateApp","args":[{"bundleId":"com.androidsample.generalstore","appId":"com.androidsample.generalstore"}]}&amp#27;[39m
&amp#27;[38;5;172m[ac437da3]&amp#27;[0m&amp#27;[38;5;-190m[AndroidUiautomator2Driver@4421]&amp#27;[0m Calling AppiumDriver.execute() with args: ["mobile: terminateApp",[{"bundleId":"com.androidsample.generalstore","appId":"com.androidsample.generalstore"}],"ac437da3-a107-4a43-be52-f5b544819db0"]
&amp#27;[38;5;172m[ac437da3]&amp#27;[0m&amp#27;[38;5;123m[BaseDriver]&amp#27;[0m The following script arguments are not known and will be ignored: bundleId
&amp#27;[38;5;172m[ac437da3]&amp#27;[0m&amp#27;[38;5;-190m[AndroidUiautomator2Driver@4421]&amp#27;[0m Terminating 'com.androidsample.generalstore'
&amp#27;[38;5;172m[ac437da3]&amp#27;[0m&amp#27;[38;5;229m[ADB]&amp#27;[0m Getting IDs of all 'com.androidsample.generalstore' processes
&amp#27;[38;5;172m[ac437da3]&amp#27;[0m&amp#27;[38;5;229m[ADB]&amp#27;[0m Running 'C:\Users\sajus\AppData\Local\Android\Sdk\platform-tools\adb.exe -P 5037 -s CTLID18120801016 shell pgrep -f \(\[\[:blank:\]\]\|\^\)com\.androidsample\.generalstore\(:\[a-zA-Z0-9_-\]\+\)\?\(\[\[:blank:\]\]\|\$\)'
&amp#27;[38;5;172m[ac437da3]&amp#27;[0m&amp#27;[38;5;229m[ADB]&amp#27;[0m Running 'C:\Users\sajus\AppData\Local\Android\Sdk\platform-tools\adb.exe -P 5037 -s CTLID18120801016 shell am force-stop com.androidsample.generalstore'
&amp#27;[38;5;172m[ac437da3]&amp#27;[0m&amp#27;[38;5;-190m[AndroidUiautomator2Driver@4421]&amp#27;[0m Querying the state of 'com.androidsample.generalstore'
&amp#27;[38;5;172m[ac437da3]&amp#27;[0m&amp#27;[38;5;229m[ADB]&amp#27;[0m Getting install status for com.androidsample.generalstore
&amp#27;[38;5;172m[ac437da3]&amp#27;[0m&amp#27;[38;5;229m[ADB]&amp#27;[0m Running 'C:\Users\sajus\AppData\Local\Android\Sdk\platform-tools\adb.exe -P 5037 -s CTLID18120801016 shell cmd package list packages'
&amp#27;[38;5;172m[ac437da3]&amp#27;[0m&amp#27;[38;5;229m[ADB]&amp#27;[0m 'com.androidsample.generalstore' is installed
&amp#27;[38;5;172m[ac437da3]&amp#27;[0m&amp#27;[38;5;229m[ADB]&amp#27;[0m Getting IDs of all 'com.androidsample.generalstore' processes
&amp#27;[38;5;172m[ac437da3]&amp#27;[0m&amp#27;[38;5;229m[ADB]&amp#27;[0m Running 'C:\Users\sajus\AppData\Local\Android\Sdk\platform-tools\adb.exe -P 5037 -s CTLID18120801016 shell pgrep -f \(\[\[:blank:\]\]\|\^\)com\.androidsample\.generalstore\(:\[a-zA-Z0-9_-\]\+\)\?\(\[\[:blank:\]\]\|\$\)'
&amp#27;[38;5;172m[ac437da3]&amp#27;[0m&amp#27;[38;5;-190m[AndroidUiautomator2Driver@4421]&amp#27;[0m 'com.androidsample.generalstore' has been successfully terminated
&amp#27;[38;5;172m[ac437da3]&amp#27;[0m&amp#27;[38;5;-190m[AndroidUiautomator2Driver@4421]&amp#27;[0m Responding to client with driver.execute() result: true
&amp#27;[38;5;172m[ac437da3]&amp#27;[0m&amp#27;[38;5;86m[HTTP]&amp#27;[0m &amp#27;[37m<-- POST /session/ac437da3-a107-4a43-be52-f5b544819db0/execute/sync &amp#27;[39m&amp#27;[32m200&amp#27;[39m &amp#27;[90m1064 ms - 14&amp#27;[39m &amp#27;[90m&amp#27;[39m
🛑 App terminated: com.androidsample.generalstore
&amp#27;[38;5;172m[ac437da3]&amp#27;[0m&amp#27;[38;5;86m[HTTP]&amp#27;[0m &amp#27;[37m-->&amp#27;[39m &amp#27;[37mDELETE&amp#27;[39m &amp#27;[37m/session/ac437da3-a107-4a43-be52-f5b544819db0&amp#27;[39m &amp#27;[90m{}&amp#27;[39m
&amp#27;[38;5;172m[ac437da3]&amp#27;[0m&amp#27;[38;5;-190m[AndroidUiautomator2Driver@4421]&amp#27;[0m Calling AppiumDriver.deleteSession() with args: ["ac437da3-a107-4a43-be52-f5b544819db0"]
&amp#27;[38;5;172m[ac437da3]&amp#27;[0m&amp#27;[38;5;198m[AppiumDriver@0783]&amp#27;[0m Event 'quitSessionRequested' logged at 1750354694465 (13:38:14 GMT-0400 (Eastern Daylight Saving Time))
&amp#27;[38;5;172m[ac437da3]&amp#27;[0m&amp#27;[38;5;198m[AppiumDriver@0783]&amp#27;[0m Removing session ac437da3-a107-4a43-be52-f5b544819db0 from our master session list
&amp#27;[38;5;172m[ac437da3]&amp#27;[0m&amp#27;[38;5;-190m[AndroidUiautomator2Driver@4421]&amp#27;[0m Deleting UiAutomator2 session
&amp#27;[38;5;172m[ac437da3]&amp#27;[0m&amp#27;[38;5;-190m[AndroidUiautomator2Driver@4421]&amp#27;[0m Deleting UiAutomator2 server session
&amp#27;[38;5;172m[ac437da3]&amp#27;[0m&amp#27;[38;5;-190m[AndroidUiautomator2Driver@4421]&amp#27;[0m Proxying [DELETE /] to [DELETE http://127.0.0.1:8202/session/db8c43a4-b697-4b74-ae9a-b77c6f13be40] with no body
&amp#27;[38;5;172m[ac437da3]&amp#27;[0m&amp#27;[38;5;-190m[AndroidUiautomator2Driver@4421]&amp#27;[0m Got response with status 200: {"sessionId":"db8c43a4-b697-4b74-ae9a-b77c6f13be40","value":null}
&amp#27;[38;5;172m[ac437da3]&amp#27;[0m&amp#27;[38;5;229m[ADB]&amp#27;[0m Getting IDs of all 'io.appium.uiautomator2.server' processes
&amp#27;[38;5;172m[ac437da3]&amp#27;[0m&amp#27;[38;5;229m[ADB]&amp#27;[0m Running 'C:\Users\sajus\AppData\Local\Android\Sdk\platform-tools\adb.exe -P 5037 -s CTLID18120801016 shell pgrep -f \(\[\[:blank:\]\]\|\^\)io\.appium\.uiautomator2\.server\(:\[a-zA-Z0-9_-\]\+\)\?\(\[\[:blank:\]\]\|\$\)'
&amp#27;[38;5;172m[ac437da3]&amp#27;[0m&amp#27;[38;5;-190m[AndroidUiautomator2Driver@4421]&amp#27;[0m [Instrumentation] io.appium.uiautomator2.server.test.AppiumUiAutomator2Server:.
&amp#27;[38;5;172m[ac437da3]&amp#27;[0m&amp#27;[38;5;-190m[AndroidUiautomator2Driver@4421]&amp#27;[0m [Instrumentation] 
&amp#27;[38;5;172m[ac437da3]&amp#27;[0m&amp#27;[38;5;-190m[AndroidUiautomator2Driver@4421]&amp#27;[0m [Instrumentation] Time: 16.01
&amp#27;[38;5;172m[ac437da3]&amp#27;[0m&amp#27;[38;5;-190m[AndroidUiautomator2Driver@4421]&amp#27;[0m [Instrumentation] 
&amp#27;[38;5;172m[ac437da3]&amp#27;[0m&amp#27;[38;5;-190m[AndroidUiautomator2Driver@4421]&amp#27;[0m [Instrumentation] OK (1 test)
&amp#27;[38;5;172m[ac437da3]&amp#27;[0m&amp#27;[38;5;-190m[AndroidUiautomator2Driver@4421]&amp#27;[0m [Instrumentation] 
&amp#27;[38;5;172m[ac437da3]&amp#27;[0m&amp#27;[38;5;-190m[AndroidUiautomator2Driver@4421]&amp#27;[0m [Instrumentation] 
&amp#27;[38;5;172m[ac437da3]&amp#27;[0m&amp#27;[38;5;-190m[AndroidUiautomator2Driver@4421]&amp#27;[0m [Instrumentation] The process has exited with code null, signal SIGTERM
&amp#27;[38;5;172m[ac437da3]&amp#27;[0m&amp#27;[38;5;229m[ADB]&amp#27;[0m Running 'C:\Users\sajus\AppData\Local\Android\Sdk\platform-tools\adb.exe -P 5037 -s CTLID18120801016 shell am force-stop io.appium.uiautomator2.server'
&amp#27;[38;5;172m[ac437da3]&amp#27;[0m&amp#27;[38;5;229m[ADB]&amp#27;[0m Running 'C:\Users\sajus\AppData\Local\Android\Sdk\platform-tools\adb.exe -P 5037 -s CTLID18120801016 shell am force-stop io.appium.uiautomator2.server.test'
&amp#27;[38;5;172m[ac437da3]&amp#27;[0m&amp#27;[38;5;229m[ADB]&amp#27;[0m Running 'C:\Users\sajus\AppData\Local\Android\Sdk\platform-tools\adb.exe -P 5037 -s CTLID18120801016 shell dumpsys activity services io.appium.settings/.recorder.RecorderService'
&amp#27;[38;5;172m[ac437da3]&amp#27;[0m&amp#27;[38;5;229m[ADB]&amp#27;[0m Removing forwarded port socket connection: 8202 
&amp#27;[38;5;172m[ac437da3]&amp#27;[0m&amp#27;[38;5;229m[ADB]&amp#27;[0m Running 'C:\Users\sajus\AppData\Local\Android\Sdk\platform-tools\adb.exe -P 5037 -s CTLID18120801016 forward --remove tcp:8202'
&amp#27;[38;5;172m[ac437da3]&amp#27;[0m&amp#27;[38;5;-190m[AndroidUiautomator2Driver@4421]&amp#27;[0m Restoring hidden api policy to the device default configuration
&amp#27;[38;5;172m[ac437da3]&amp#27;[0m&amp#27;[38;5;229m[ADB]&amp#27;[0m Running 'C:\Users\sajus\AppData\Local\Android\Sdk\platform-tools\adb.exe -P 5037 -s CTLID18120801016 shell 'settings delete global hidden_api_policy_pre_p_apps;settings delete global hidden_api_policy_p_apps;settings delete global hidden_api_policy''
&amp#27;[38;5;172m[ac437da3]&amp#27;[0m&amp#27;[38;5;160m[Logcat]&amp#27;[0m Stopping logcat capture
&amp#27;[38;5;172m[ac437da3]&amp#27;[0m&amp#27;[38;5;198m[AppiumDriver@0783]&amp#27;[0m Event 'quitSessionFinished' logged at 1750354695584 (13:38:15 GMT-0400 (Eastern Daylight Saving Time))
&amp#27;[38;5;172m[ac437da3]&amp#27;[0m&amp#27;[38;5;198m[AppiumDriver@0783]&amp#27;[0m Received response: null
&amp#27;[38;5;172m[ac437da3]&amp#27;[0m&amp#27;[38;5;198m[AppiumDriver@0783]&amp#27;[0m But deleting session, so not returning
&amp#27;[38;5;172m[ac437da3]&amp#27;[0m&amp#27;[38;5;198m[AppiumDriver@0783]&amp#27;[0m Responding to client with driver.deleteSession() result: null
&amp#27;[38;5;172m[ac437da3]&amp#27;[0m&amp#27;[38;5;86m[HTTP]&amp#27;[0m &amp#27;[37m<-- DELETE /session/ac437da3-a107-4a43-be52-f5b544819db0 &amp#27;[39m&amp#27;[32m200&amp#27;[39m &amp#27;[90m1120 ms - 14&amp#27;[39m &amp#27;[90m&amp#27;[39m
&amp#27;[38;5;86m[HTTP]&amp#27;[0m &amp#27;[37m-->&amp#27;[39m &amp#27;[37mGET&amp#27;[39m &amp#27;[37m/status&amp#27;[39m &amp#27;[90m{}&amp#27;[39m
&amp#27;[38;5;198m[AppiumDriver@0783]&amp#27;[0m Calling AppiumDriver.getStatus() with args: []
&amp#27;[38;5;198m[AppiumDriver@0783]&amp#27;[0m Responding to client with driver.getStatus() result: {"ready":true,"message":"The server is ready to accept new connections","build":{"version":"2.19.0"}}
&amp#27;[38;5;86m[HTTP]&amp#27;[0m &amp#27;[37m<-- GET /status &amp#27;[39m&amp#27;[32m200&amp#27;[39m &amp#27;[90m1 ms - 111&amp#27;[39m &amp#27;[90m&amp#27;[39m
Appium server stopped
✅ Test completed for device: Nokia
&amp#27;[38;5;112m[Appium]&amp#27;[0m Welcome to Appium v2.19.0
&amp#27;[38;5;112m[Appium]&amp#27;[0m The autodetected Appium home path: C:\Users\sajus\.appium
&amp#27;[38;5;112m[Appium]&amp#27;[0m Attempting to load driver uiautomator2...
&amp#27;[38;5;112m[Appium]&amp#27;[0m Requiring driver at C:\Users\sajus\.appium\node_modules\appium-uiautomator2-driver\build\index.js
&amp#27;[38;5;112m[Appium]&amp#27;[0m AndroidUiautomator2Driver has been successfully loaded in 1.761s
&amp#27;[38;5;112m[Appium]&amp#27;[0m Appium REST http interface listener started on http://0.0.0.0:4723
&amp#27;[38;5;112m[Appium]&amp#27;[0m You can provide the following URLs in your client code to connect to this server:
	http://192.168.2.20:4723/
	http://127.0.0.1:4723/ (only accessible from the same host)
&amp#27;[38;5;112m[Appium]&amp#27;[0m Available drivers:
&amp#27;[38;5;112m[Appium]&amp#27;[0m   - uiautomator2@4.2.3 (automationName 'UiAutomator2')
&amp#27;[38;5;112m[Appium]&amp#27;[0m No plugins have been installed. Use the "appium plugin" command to install the one(s) you want to use.
&amp#27;[38;5;86m[HTTP]&amp#27;[0m &amp#27;[37m-->&amp#27;[39m &amp#27;[37mGET&amp#27;[39m &amp#27;[37m/status&amp#27;[39m &amp#27;[90m{}&amp#27;[39m
&amp#27;[38;5;150m[AppiumDriver@ac62]&amp#27;[0m Calling AppiumDriver.getStatus() with args: []
&amp#27;[38;5;150m[AppiumDriver@ac62]&amp#27;[0m Responding to client with driver.getStatus() result: {"ready":true,"message":"The server is ready to accept new connections","build":{"version":"2.19.0"}}
Appium server started on port: 4723
&amp#27;[38;5;86m[HTTP]&amp#27;[0m &amp#27;[37m<-- GET /status &amp#27;[39m&amp#27;[32m200&amp#27;[39m &amp#27;[90m5 ms - 111&amp#27;[39m &amp#27;[90m&amp#27;[39m
&amp#27;[38;5;86m[HTTP]&amp#27;[0m Request idempotency key: 29040270-2bd5-49e2-8c30-fec26aa0b981
&amp#27;[38;5;86m[HTTP]&amp#27;[0m &amp#27;[37m-->&amp#27;[39m &amp#27;[37mPOST&amp#27;[39m &amp#27;[37m/session&amp#27;[39m &amp#27;[90m{"capabilities":{"firstMatch":[{}],"alwaysMatch":{"appium:appActivity":"com.androidsample.generalstore.SplashActivity","appium:appPackage":"com.androidsample.generalstore","appium:automationName":"UiAutomator2","appium:deviceName":"Nokia","appium:noReset":true,"appium:platformVersion":"11.0","appium:systemPort":8202,"appium:udid":"CTLID18120801016","platformName":"ANDROID"}}}&amp#27;[39m
&amp#27;[38;5;150m[AppiumDriver@ac62]&amp#27;[0m Calling AppiumDriver.createSession() with args: [null,null,{"firstMatch":[{}],"alwaysMatch":{"appium:appActivity":"com.androidsample.generalstore.SplashActivity","appium:appPackage":"com.androidsample.generalstore","appium:automationName":"UiAutomator2","appium:deviceName":"Nokia","appium:noReset":true,"appium:platformVersion":"11.0","appium:systemPort":8202,"appium:udid":"CTLID18120801016","platformName":"ANDROID"}}]
&amp#27;[38;5;150m[AppiumDriver@ac62]&amp#27;[0m Event 'newSessionRequested' logged at 1750354705923 (13:38:25 GMT-0400 (Eastern Daylight Saving Time))
&amp#27;[38;5;112m[Appium]&amp#27;[0m Attempting to find matching driver for automationName 'UiAutomator2' and platformName 'ANDROID'
&amp#27;[38;5;112m[Appium]&amp#27;[0m The 'uiautomator2' driver was installed and matched caps.
&amp#27;[38;5;112m[Appium]&amp#27;[0m Will require it at C:\Users\sajus\.appium\node_modules\appium-uiautomator2-driver
&amp#27;[38;5;112m[Appium]&amp#27;[0m Requiring driver at C:\Users\sajus\.appium\node_modules\appium-uiautomator2-driver\build\index.js
&amp#27;[38;5;150m[AppiumDriver@ac62]&amp#27;[0m Appium v2.19.0 creating new AndroidUiautomator2Driver (v4.2.3) session
&amp#27;[38;5;150m[AppiumDriver@ac62]&amp#27;[0m Checking BaseDriver versions for Appium and AndroidUiautomator2Driver
&amp#27;[38;5;150m[AppiumDriver@ac62]&amp#27;[0m Appium's BaseDriver version is 9.18.0
&amp#27;[38;5;150m[AppiumDriver@ac62]&amp#27;[0m AndroidUiautomator2Driver's BaseDriver version is 9.18.0
&amp#27;[38;5;-131m[AndroidUiautomator2Driver@a287]&amp#27;[0m 
&amp#27;[38;5;-131m[AndroidUiautomator2Driver@a287]&amp#27;[0m Creating session with W3C capabilities: {
  "alwaysMatch": {
    "platformName": "ANDROID",
    "appium:appActivity": "com.androidsample.generalstore.SplashActivity",
    "appium:appPackage": "com.androidsample.generalstore",
    "appium:automationName": "UiAutomator2",
    "appium:deviceName": "Nokia",
    "appium:noReset": true,
    "appium:platformVersion": "11.0",
    "appium:systemPort": 8202,
    "appium:udid": "CTLID18120801016"
  },
  "firstMatch": [
    {}
  ]
}
&amp#27;[38;5;73m[0fcc1468]&amp#27;[0m&amp#27;[38;5;-131m[AndroidUiautomator2Driver@a287]&amp#27;[0m Session created with session id: 0fcc1468-cb70-4ba9-a18b-982da9376537
&amp#27;[38;5;73m[0fcc1468]&amp#27;[0m&amp#27;[38;5;229m[ADB]&amp#27;[0m Found 3 'build-tools' folders under 'C:\Users\sajus\AppData\Local\Android\Sdk' (newest first):
&amp#27;[38;5;73m[0fcc1468]&amp#27;[0m&amp#27;[38;5;229m[ADB]&amp#27;[0m     C:\Users\sajus\AppData\Local\Android\Sdk\build-tools\36.0.0
&amp#27;[38;5;73m[0fcc1468]&amp#27;[0m&amp#27;[38;5;229m[ADB]&amp#27;[0m     C:\Users\sajus\AppData\Local\Android\Sdk\build-tools\35.0.1
&amp#27;[38;5;73m[0fcc1468]&amp#27;[0m&amp#27;[38;5;229m[ADB]&amp#27;[0m     C:\Users\sajus\AppData\Local\Android\Sdk\build-tools\35.0.0
&amp#27;[38;5;73m[0fcc1468]&amp#27;[0m&amp#27;[38;5;229m[ADB]&amp#27;[0m Using 'adb.exe' from 'C:\Users\sajus\AppData\Local\Android\Sdk\platform-tools\adb.exe'
&amp#27;[38;5;73m[0fcc1468]&amp#27;[0m&amp#27;[38;5;229m[ADB]&amp#27;[0m Running 'C:\Users\sajus\AppData\Local\Android\Sdk\platform-tools\adb.exe -P 5037 start-server'
&amp#27;[38;5;73m[0fcc1468]&amp#27;[0m&amp#27;[38;5;-131m[AndroidUiautomator2Driver@a287]&amp#27;[0m Retrieving device list
&amp#27;[38;5;73m[0fcc1468]&amp#27;[0m&amp#27;[38;5;229m[ADB]&amp#27;[0m Trying to find connected Android devices
&amp#27;[38;5;73m[0fcc1468]&amp#27;[0m&amp#27;[38;5;229m[ADB]&amp#27;[0m Getting connected devices
&amp#27;[38;5;73m[0fcc1468]&amp#27;[0m&amp#27;[38;5;229m[ADB]&amp#27;[0m Connected devices: [{"udid":"CTLID18120801016","state":"device"}]
&amp#27;[38;5;73m[0fcc1468]&amp#27;[0m&amp#27;[38;5;-131m[AndroidUiautomator2Driver@a287]&amp#27;[0m Using device: CTLID18120801016
&amp#27;[38;5;73m[0fcc1468]&amp#27;[0m&amp#27;[38;5;229m[ADB]&amp#27;[0m Using 'adb.exe' from 'C:\Users\sajus\AppData\Local\Android\Sdk\platform-tools\adb.exe'
&amp#27;[38;5;73m[0fcc1468]&amp#27;[0m&amp#27;[38;5;229m[ADB]&amp#27;[0m Running 'C:\Users\sajus\AppData\Local\Android\Sdk\platform-tools\adb.exe -P 5037 start-server'
&amp#27;[38;5;73m[0fcc1468]&amp#27;[0m&amp#27;[38;5;229m[ADB]&amp#27;[0m Setting device id to CTLID18120801016
&amp#27;[38;5;73m[0fcc1468]&amp#27;[0m&amp#27;[38;5;-131m[AndroidUiautomator2Driver@a287]&amp#27;[0m Starting 'com.androidsample.generalstore' directly on the device
&amp#27;[38;5;73m[0fcc1468]&amp#27;[0m&amp#27;[38;5;229m[ADB]&amp#27;[0m Running 'C:\Users\sajus\AppData\Local\Android\Sdk\platform-tools\adb.exe -P 5037 -s CTLID18120801016 shell getprop ro.build.version.sdk'
&amp#27;[38;5;73m[0fcc1468]&amp#27;[0m&amp#27;[38;5;229m[ADB]&amp#27;[0m Current device property 'ro.build.version.sdk': 29
&amp#27;[38;5;73m[0fcc1468]&amp#27;[0m&amp#27;[38;5;229m[ADB]&amp#27;[0m Getting device platform version
&amp#27;[38;5;73m[0fcc1468]&amp#27;[0m&amp#27;[38;5;229m[ADB]&amp#27;[0m Running 'C:\Users\sajus\AppData\Local\Android\Sdk\platform-tools\adb.exe -P 5037 -s CTLID18120801016 shell getprop ro.build.version.release'
&amp#27;[38;5;73m[0fcc1468]&amp#27;[0m&amp#27;[38;5;229m[ADB]&amp#27;[0m Current device property 'ro.build.version.release': 10
&amp#27;[38;5;73m[0fcc1468]&amp#27;[0m&amp#27;[38;5;229m[ADB]&amp#27;[0m Device API level: 29
&amp#27;[38;5;73m[0fcc1468]&amp#27;[0m&amp#27;[38;5;-131m[AndroidUiautomator2Driver@a287]&amp#27;[0m Relaxing hidden api policy
&amp#27;[38;5;73m[0fcc1468]&amp#27;[0m&amp#27;[38;5;229m[ADB]&amp#27;[0m Running 'C:\Users\sajus\AppData\Local\Android\Sdk\platform-tools\adb.exe -P 5037 -s CTLID18120801016 shell 'settings put global hidden_api_policy_pre_p_apps 1;settings put global hidden_api_policy_p_apps 1;settings put global hidden_api_policy 1''
&amp#27;[38;5;73m[0fcc1468]&amp#27;[0m&amp#27;[38;5;-131m[AndroidUiautomator2Driver@a287]&amp#27;[0m Pushing settings apk to the device...
&amp#27;[38;5;73m[0fcc1468]&amp#27;[0m&amp#27;[38;5;229m[ADB]&amp#27;[0m Getting package info for 'io.appium.settings'
&amp#27;[38;5;73m[0fcc1468]&amp#27;[0m&amp#27;[38;5;229m[ADB]&amp#27;[0m Running 'C:\Users\sajus\AppData\Local\Android\Sdk\platform-tools\adb.exe -P 5037 -s CTLID18120801016 shell dumpsys package io.appium.settings'
&amp#27;[38;5;73m[0fcc1468]&amp#27;[0m&amp#27;[38;5;229m[ADB]&amp#27;[0m Using 'aapt2.exe' from 'C:\Users\sajus\AppData\Local\Android\Sdk\build-tools\36.0.0\aapt2.exe'
&amp#27;[38;5;73m[0fcc1468]&amp#27;[0m&amp#27;[38;5;229m[ADB]&amp#27;[0m Reading package manifest: 'C:\\Users\\sajus\\AppData\\Local\\Android\\Sdk\\build-tools\\36.0.0\\aapt2.exe dump badging C:\\Users\\sajus\\.appium\\node_modules\\appium-uiautomator2-driver\\node_modules\\io.appium.settings\\apks\\settings_apk-debug.apk'
&amp#27;[38;5;73m[0fcc1468]&amp#27;[0m&amp#27;[38;5;229m[ADB]&amp#27;[0m The version name of the installed 'io.appium.settings' is greater or equal to the application version name ('5.14.8' >= '5.14.8')
&amp#27;[38;5;73m[0fcc1468]&amp#27;[0m&amp#27;[38;5;229m[ADB]&amp#27;[0m There is no need to install/upgrade 'C:\Users\sajus\.appium\node_modules\appium-uiautomator2-driver\node_modules\io.appium.settings\apks\settings_apk-debug.apk'
&amp#27;[38;5;73m[0fcc1468]&amp#27;[0m&amp#27;[38;5;229m[ADB]&amp#27;[0m Running 'C:\Users\sajus\AppData\Local\Android\Sdk\platform-tools\adb.exe -P 5037 -s CTLID18120801016 shell dumpsys activity services io.appium.settings'
&amp#27;[38;5;73m[0fcc1468]&amp#27;[0m&amp#27;[38;5;-131m[AndroidUiautomator2Driver@a287]&amp#27;[0m io.appium.settings is already running. There is no need to reset its permissions.
&amp#27;[38;5;73m[0fcc1468]&amp#27;[0m&amp#27;[38;5;160m[Logcat]&amp#27;[0m Starting logs capture with command: C:\\Users\\sajus\\AppData\\Local\\Android\\Sdk\\platform-tools\\adb.exe -P 5037 -s CTLID18120801016 logcat -v threadtime
&amp#27;[38;5;73m[0fcc1468]&amp#27;[0m&amp#27;[38;5;229m[ADB]&amp#27;[0m Running 'C:\Users\sajus\AppData\Local\Android\Sdk\platform-tools\adb.exe -P 5037 -s CTLID18120801016 shell appops set io.appium.settings android:mock_location allow'
&amp#27;[38;5;73m[0fcc1468]&amp#27;[0m&amp#27;[38;5;229m[ADB]&amp#27;[0m Running 'C:\Users\sajus\AppData\Local\Android\Sdk\platform-tools\adb.exe -P 5037 -s CTLID18120801016 shell "[ -e '/data/local/tmp/mock_apps.json' ] && echo __PASS__"'
&amp#27;[38;5;73m[0fcc1468]&amp#27;[0m&amp#27;[38;5;229m[ADB]&amp#27;[0m Running 'C:\Users\sajus\AppData\Local\Android\Sdk\platform-tools\adb.exe -P 5037 -s CTLID18120801016 shell cat /data/local/tmp/mock_apps.json'
&amp#27;[38;5;73m[0fcc1468]&amp#27;[0m&amp#27;[38;5;-131m[AndroidUiautomator2Driver@a287]&amp#27;[0m Forwarding UiAutomator2 Server port 6790 to local port 8202
&amp#27;[38;5;73m[0fcc1468]&amp#27;[0m&amp#27;[38;5;229m[ADB]&amp#27;[0m Forwarding system: 8202 to device: 6790
&amp#27;[38;5;73m[0fcc1468]&amp#27;[0m&amp#27;[38;5;229m[ADB]&amp#27;[0m Running 'C:\Users\sajus\AppData\Local\Android\Sdk\platform-tools\adb.exe -P 5037 -s CTLID18120801016 forward tcp:8202 tcp:6790'
&amp#27;[38;5;73m[0fcc1468]&amp#27;[0m&amp#27;[38;5;-131m[AndroidUiautomator2Driver@a287]&amp#27;[0m UIA2Proxy options: {"server":"127.0.0.1","port":8202,"keepAlive":true,"scheme":"http","base":"","reqBasePath":"","sessionId":null,"timeout":240000}
&amp#27;[38;5;73m[0fcc1468]&amp#27;[0m&amp#27;[38;5;229m[ADB]&amp#27;[0m Getting package info for 'io.appium.uiautomator2.server'
&amp#27;[38;5;73m[0fcc1468]&amp#27;[0m&amp#27;[38;5;229m[ADB]&amp#27;[0m Running 'C:\Users\sajus\AppData\Local\Android\Sdk\platform-tools\adb.exe -P 5037 -s CTLID18120801016 shell dumpsys package io.appium.uiautomator2.server'
&amp#27;[38;5;73m[0fcc1468]&amp#27;[0m&amp#27;[38;5;229m[ADB]&amp#27;[0m Getting install status for io.appium.uiautomator2.server.test
&amp#27;[38;5;73m[0fcc1468]&amp#27;[0m&amp#27;[38;5;-131m[AndroidUiautomator2Driver@a287]&amp#27;[0m No app capability. Assuming it is already on the device
&amp#27;[38;5;73m[0fcc1468]&amp#27;[0m&amp#27;[38;5;229m[ADB]&amp#27;[0m Running 'C:\Users\sajus\AppData\Local\Android\Sdk\platform-tools\adb.exe -P 5037 -s CTLID18120801016 shell cmd package list packages'
&amp#27;[38;5;73m[0fcc1468]&amp#27;[0m&amp#27;[38;5;229m[ADB]&amp#27;[0m Reading package manifest: 'C:\\Users\\sajus\\AppData\\Local\\Android\\Sdk\\build-tools\\36.0.0\\aapt2.exe dump badging C:\\Users\\sajus\\.appium\\node_modules\\appium-uiautomator2-driver\\node_modules\\appium-uiautomator2-server\\apks\\appium-uiautomator2-server-v7.5.2.apk'
&amp#27;[38;5;73m[0fcc1468]&amp#27;[0m&amp#27;[38;5;229m[ADB]&amp#27;[0m 'io.appium.uiautomator2.server.test' is installed
&amp#27;[38;5;73m[0fcc1468]&amp#27;[0m&amp#27;[38;5;229m[ADB]&amp#27;[0m The version name of the installed 'io.appium.uiautomator2.server' is greater or equal to the application version name ('7.5.2' >= '7.5.2')
&amp#27;[38;5;73m[0fcc1468]&amp#27;[0m&amp#27;[38;5;-131m[AndroidUiautomator2Driver@a287]&amp#27;[0m Server packages status: [{"installState":"sameVersionInstalled","appPath":"C:\\Users\\sajus\\.appium\\node_modules\\appium-uiautomator2-driver\\node_modules\\appium-uiautomator2-server\\apks\\appium-uiautomator2-server-v7.5.2.apk","appId":"io.appium.uiautomator2.server"},{"installState":"sameVersionInstalled","appPath":"C:\\Users\\sajus\\.appium\\node_modules\\appium-uiautomator2-driver\\node_modules\\appium-uiautomator2-server\\apks\\appium-uiautomator2-server-debug-androidTest.apk","appId":"io.appium.uiautomator2.server.test"}]
&amp#27;[38;5;73m[0fcc1468]&amp#27;[0m&amp#27;[38;5;-131m[AndroidUiautomator2Driver@a287]&amp#27;[0m Server packages are not going to be (re)installed
&amp#27;[38;5;73m[0fcc1468]&amp#27;[0m&amp#27;[38;5;-131m[AndroidUiautomator2Driver@a287]&amp#27;[0m Waiting up to 30000ms for services to be available
&amp#27;[38;5;73m[0fcc1468]&amp#27;[0m&amp#27;[38;5;229m[ADB]&amp#27;[0m Running 'C:\Users\sajus\AppData\Local\Android\Sdk\platform-tools\adb.exe -P 5037 -s CTLID18120801016 shell pm list instrumentation'
&amp#27;[38;5;73m[0fcc1468]&amp#27;[0m&amp#27;[38;5;-131m[AndroidUiautomator2Driver@a287]&amp#27;[0m Instrumentation target 'io.appium.uiautomator2.server.test/androidx.test.runner.AndroidJUnitRunner' is available
&amp#27;[38;5;73m[0fcc1468]&amp#27;[0m&amp#27;[38;5;229m[ADB]&amp#27;[0m Adding packages ["io.appium.settings","io.appium.uiautomator2.server","io.appium.uiautomator2.server.test"] to Doze whitelist
&amp#27;[38;5;73m[0fcc1468]&amp#27;[0m&amp#27;[38;5;229m[ADB]&amp#27;[0m Got the following command chunks to execute: [["dumpsys","deviceidle","whitelist","+io.appium.settings",";","dumpsys","deviceidle","whitelist","+io.appium.uiautomator2.server",";","dumpsys","deviceidle","whitelist","+io.appium.uiautomator2.server.test",";"]]
&amp#27;[38;5;73m[0fcc1468]&amp#27;[0m&amp#27;[38;5;229m[ADB]&amp#27;[0m Running 'C:\Users\sajus\AppData\Local\Android\Sdk\platform-tools\adb.exe -P 5037 -s CTLID18120801016 shell dumpsys deviceidle whitelist +io.appium.settings ; dumpsys deviceidle whitelist +io.appium.uiautomator2.server ; dumpsys deviceidle whitelist +io.appium.uiautomator2.server.test ;'
&amp#27;[38;5;73m[0fcc1468]&amp#27;[0m&amp#27;[38;5;-131m[AndroidUiautomator2Driver@a287]&amp#27;[0m Performing shallow cleanup of automation leftovers
&amp#27;[38;5;73m[0fcc1468]&amp#27;[0m&amp#27;[38;5;-131m[AndroidUiautomator2Driver@a287]&amp#27;[0m No obsolete sessions have been detected (socket hang up)
&amp#27;[38;5;73m[0fcc1468]&amp#27;[0m&amp#27;[38;5;229m[ADB]&amp#27;[0m Running 'C:\Users\sajus\AppData\Local\Android\Sdk\platform-tools\adb.exe -P 5037 -s CTLID18120801016 shell am force-stop io.appium.uiautomator2.server'
&amp#27;[38;5;73m[0fcc1468]&amp#27;[0m&amp#27;[38;5;229m[ADB]&amp#27;[0m Running 'C:\Users\sajus\AppData\Local\Android\Sdk\platform-tools\adb.exe -P 5037 -s CTLID18120801016 shell am force-stop io.appium.uiautomator2.server.test'
&amp#27;[38;5;73m[0fcc1468]&amp#27;[0m&amp#27;[38;5;-131m[AndroidUiautomator2Driver@a287]&amp#27;[0m Starting UIAutomator2 server 7.5.2
&amp#27;[38;5;73m[0fcc1468]&amp#27;[0m&amp#27;[38;5;-131m[AndroidUiautomator2Driver@a287]&amp#27;[0m Using UIAutomator2 server from 'C:\Users\sajus\.appium\node_modules\appium-uiautomator2-driver\node_modules\appium-uiautomator2-server\apks\appium-uiautomator2-server-v7.5.2.apk' and test from 'C:\Users\sajus\.appium\node_modules\appium-uiautomator2-driver\node_modules\appium-uiautomator2-server\apks\appium-uiautomator2-server-debug-androidTest.apk'
&amp#27;[38;5;73m[0fcc1468]&amp#27;[0m&amp#27;[38;5;-131m[AndroidUiautomator2Driver@a287]&amp#27;[0m Waiting up to 30000ms for UiAutomator2 to be online...
&amp#27;[38;5;73m[0fcc1468]&amp#27;[0m&amp#27;[38;5;229m[ADB]&amp#27;[0m Creating ADB subprocess with args: ["-P","5037","-s","CTLID18120801016","shell","am","instrument","-w","-e","disableAnalytics","true","io.appium.uiautomator2.server.test/androidx.test.runner.AndroidJUnitRunner"]
&amp#27;[38;5;73m[0fcc1468]&amp#27;[0m&amp#27;[38;5;-131m[AndroidUiautomator2Driver@a287]&amp#27;[0m Matched '/status' to command name 'getStatus'
&amp#27;[38;5;73m[0fcc1468]&amp#27;[0m&amp#27;[38;5;-131m[AndroidUiautomator2Driver@a287]&amp#27;[0m Proxying [GET /status] to [GET http://127.0.0.1:8202/status] with no body
&amp#27;[38;5;73m[0fcc1468]&amp#27;[0m&amp#27;[38;5;-131m[AndroidUiautomator2Driver@a287]&amp#27;[0m socket hang up
&amp#27;[38;5;73m[0fcc1468]&amp#27;[0m&amp#27;[38;5;-131m[AndroidUiautomator2Driver@a287]&amp#27;[0m Matched '/status' to command name 'getStatus'
&amp#27;[38;5;73m[0fcc1468]&amp#27;[0m&amp#27;[38;5;-131m[AndroidUiautomator2Driver@a287]&amp#27;[0m Proxying [GET /status] to [GET http://127.0.0.1:8202/status] with no body
&amp#27;[38;5;73m[0fcc1468]&amp#27;[0m&amp#27;[38;5;-131m[AndroidUiautomator2Driver@a287]&amp#27;[0m socket hang up
&amp#27;[38;5;73m[0fcc1468]&amp#27;[0m&amp#27;[38;5;-131m[AndroidUiautomator2Driver@a287]&amp#27;[0m [Instrumentation] 
&amp#27;[38;5;73m[0fcc1468]&amp#27;[0m&amp#27;[38;5;-131m[AndroidUiautomator2Driver@a287]&amp#27;[0m Matched '/status' to command name 'getStatus'
&amp#27;[38;5;73m[0fcc1468]&amp#27;[0m&amp#27;[38;5;-131m[AndroidUiautomator2Driver@a287]&amp#27;[0m Proxying [GET /status] to [GET http://127.0.0.1:8202/status] with no body
&amp#27;[38;5;73m[0fcc1468]&amp#27;[0m&amp#27;[38;5;-131m[AndroidUiautomator2Driver@a287]&amp#27;[0m socket hang up
&amp#27;[38;5;73m[0fcc1468]&amp#27;[0m&amp#27;[38;5;-131m[AndroidUiautomator2Driver@a287]&amp#27;[0m Matched '/status' to command name 'getStatus'
&amp#27;[38;5;73m[0fcc1468]&amp#27;[0m&amp#27;[38;5;-131m[AndroidUiautomator2Driver@a287]&amp#27;[0m Proxying [GET /status] to [GET http://127.0.0.1:8202/status] with no body
&amp#27;[38;5;73m[0fcc1468]&amp#27;[0m&amp#27;[38;5;-131m[AndroidUiautomator2Driver@a287]&amp#27;[0m Got response with status 200: {"sessionId":"None","value":{"message":"UiAutomator2 Server is ready to accept commands","ready":true}}
&amp#27;[38;5;73m[0fcc1468]&amp#27;[0m&amp#27;[38;5;-131m[AndroidUiautomator2Driver@a287]&amp#27;[0m The initialization of the instrumentation process took 3341ms
&amp#27;[38;5;73m[0fcc1468]&amp#27;[0m&amp#27;[38;5;-131m[AndroidUiautomator2Driver@a287]&amp#27;[0m Matched '/session' to command name 'createSession'
&amp#27;[38;5;73m[0fcc1468]&amp#27;[0m&amp#27;[38;5;-131m[AndroidUiautomator2Driver@a287]&amp#27;[0m Proxying [POST /session] to [POST http://127.0.0.1:8202/session] with body: {"capabilities":{"firstMatch":[{"platformName":"ANDROID","appActivity":"com.androidsample.generalstore.SplashActivity","appPackage":"com.androidsample.generalstore","automationName":"UiAutomator2","deviceName":"CTLID18120801016","noReset":true,"platformVersion":"11.0","systemPort":8202,"udid":"CTLID18120801016","platform":"LINUX","webStorageEnabled":false,"takesScreenshot":true,"javascriptEnabled":true,"databaseEnabled":false,"networkConnectionEnabled":true,"locationContextEnabled":false,"warnings":{},"desired":{"platformName":"ANDROID","appActivity":"com.androidsample.generalstore.SplashActivity","appPackage":"com.androidsample.generalstore","automationName":"UiAutomator2","deviceName":"Nokia","noReset":true,"platformVersion":"11.0","systemPort":8202,"udid":"CTLID18120801016"},"deviceUDID":"CTLID18120801016"}],"alwaysMatch":{}}}
&amp#27;[38;5;73m[0fcc1468]&amp#27;[0m&amp#27;[38;5;-131m[AndroidUiautomator2Driver@a287]&amp#27;[0m Got response with status 200: {"sessionId":"34e9d5d9-b800-474c-9814-532eebefd2f8","value":{"capabilities":{"firstMatch":[{"platformName":"ANDROID","appActivity":"com.androidsample.generalstore.SplashActivity","appPackage":"com.androidsample.generalstore","automationName":"UiAutomator2","deviceName":"CTLID18120801016","noReset":true,"platformVersion":"11.0","systemPort":8202,"udid":"CTLID18120801016","platform":"LINUX","webStorageEnabled":false,"takesScreenshot":true,"javascriptEnabled":true,"databaseEnabled":false,"networkConnectionEnabled":true,"locationContextEnabled":false,"warnings":{},"desired":{"platformName":"ANDROID","appActivity":"com.androidsample.generalstore.SplashActivity","appPackage":"com.androidsample.generalstore","automationName":"UiAutomator2","deviceName":"Nokia","noReset":true,"platformVersion":"11.0","systemPort":8202,"udid":"CTLID18120801016"},"deviceUDID":"CTLID18120801016"}],"alwaysMatch":{}},"sessionId":"34e9d5d9-b800-474c-9814-532eebefd2f8"}}
&amp#27;[38;5;73m[0fcc1468]&amp#27;[0m&amp#27;[38;5;-131m[AndroidUiautomator2Driver@a287]&amp#27;[0m Determined the downstream protocol as 'W3C'
&amp#27;[38;5;73m[0fcc1468]&amp#27;[0m&amp#27;[38;5;-131m[AndroidUiautomator2Driver@a287]&amp#27;[0m Proxying [GET /appium/device/pixel_ratio] to [GET http://127.0.0.1:8202/session/34e9d5d9-b800-474c-9814-532eebefd2f8/appium/device/pixel_ratio] with no body
&amp#27;[38;5;73m[0fcc1468]&amp#27;[0m&amp#27;[38;5;-131m[AndroidUiautomator2Driver@a287]&amp#27;[0m Matched '/appium/device/system_bars' to command name 'getSystemBars'
&amp#27;[38;5;73m[0fcc1468]&amp#27;[0m&amp#27;[38;5;-131m[AndroidUiautomator2Driver@a287]&amp#27;[0m Proxying [GET /appium/device/system_bars] to [GET http://127.0.0.1:8202/session/34e9d5d9-b800-474c-9814-532eebefd2f8/appium/device/system_bars] with no body
&amp#27;[38;5;73m[0fcc1468]&amp#27;[0m&amp#27;[38;5;-131m[AndroidUiautomator2Driver@a287]&amp#27;[0m Matched '/window/current/size' to command name 'getWindowSize'
&amp#27;[38;5;73m[0fcc1468]&amp#27;[0m&amp#27;[38;5;-131m[AndroidUiautomator2Driver@a287]&amp#27;[0m Proxying [GET /window/current/size] to [GET http://127.0.0.1:8202/session/34e9d5d9-b800-474c-9814-532eebefd2f8/window/current/size] with no body
&amp#27;[38;5;73m[0fcc1468]&amp#27;[0m&amp#27;[38;5;-131m[AndroidUiautomator2Driver@a287]&amp#27;[0m Proxying [GET /appium/device/info] to [GET http://127.0.0.1:8202/session/34e9d5d9-b800-474c-9814-532eebefd2f8/appium/device/info] with no body
&amp#27;[38;5;73m[0fcc1468]&amp#27;[0m&amp#27;[38;5;229m[ADB]&amp#27;[0m Running 'C:\Users\sajus\AppData\Local\Android\Sdk\platform-tools\adb.exe -P 5037 -s CTLID18120801016 shell dumpsys window'
&amp#27;[38;5;73m[0fcc1468]&amp#27;[0m&amp#27;[38;5;229m[ADB]&amp#27;[0m Running 'C:\Users\sajus\AppData\Local\Android\Sdk\platform-tools\adb.exe -P 5037 -s CTLID18120801016 shell dumpsys power'
&amp#27;[38;5;73m[0fcc1468]&amp#27;[0m&amp#27;[38;5;-131m[AndroidUiautomator2Driver@a287]&amp#27;[0m Got response with status 200: {"sessionId":"34e9d5d9-b800-474c-9814-532eebefd2f8","value":2.625}
&amp#27;[38;5;73m[0fcc1468]&amp#27;[0m&amp#27;[38;5;-131m[AndroidUiautomator2Driver@a287]&amp#27;[0m Got response with status 200: {"sessionId":"34e9d5d9-b800-474c-9814-532eebefd2f8","value":{"statusBar":89}}
&amp#27;[38;5;73m[0fcc1468]&amp#27;[0m&amp#27;[38;5;-131m[AndroidUiautomator2Driver@a287]&amp#27;[0m Got response with status 200: {"sessionId":"34e9d5d9-b800-474c-9814-532eebefd2f8","value":{"height":2280,"width":1080}}
&amp#27;[38;5;73m[0fcc1468]&amp#27;[0m&amp#27;[38;5;-131m[AndroidUiautomator2Driver@a287]&amp#27;[0m Screen already unlocked, doing nothing
&amp#27;[38;5;73m[0fcc1468]&amp#27;[0m&amp#27;[38;5;-131m[AndroidUiautomator2Driver@a287]&amp#27;[0m Starting 'com.androidsample.generalstore/com.androidsample.generalstore.SplashActivity' and waiting for 'com.androidsample.generalstore/com.androidsample.generalstore.SplashActivity'
&amp#27;[38;5;73m[0fcc1468]&amp#27;[0m&amp#27;[38;5;229m[ADB]&amp#27;[0m Getting IDs of all 'com.androidsample.generalstore' processes
&amp#27;[38;5;73m[0fcc1468]&amp#27;[0m&amp#27;[38;5;229m[ADB]&amp#27;[0m Running 'C:\Users\sajus\AppData\Local\Android\Sdk\platform-tools\adb.exe -P 5037 -s CTLID18120801016 shell 'pgrep --help; echo $?''
&amp#27;[38;5;73m[0fcc1468]&amp#27;[0m&amp#27;[38;5;-131m[AndroidUiautomator2Driver@a287]&amp#27;[0m Got response with status 200: {"sessionId":"34e9d5d9-b800-474c-9814-532eebefd2f8","value":{"androidId":"7be9e4e610cc4454","apiVersion":"29","bluetooth":{"state":"OFF"},"brand":"Nokia","carrierName":"","displayDensity":420,"locale":"en_IN","manufacturer":"HMD Global","model":"Nokia 7.1","networks":[{"capabilities":{"SSID":null,"linkDownBandwidthKbps":1048576,"linkUpstreamBandwidthKbps":1048576,"networkCapabilities":"NET_CAPABILITY_NOT_METERED,NET_CAPABILITY_INTERNET,NET_CAPABILITY_NOT_RESTRICTED,NET_CAPABILITY_TRUSTED,NET_CAPABILITY_NOT_VPN,NET_CAPABILITY_VALIDATED,NET_CAPABILITY_NOT_ROAMING,NET_CAPABILITY_FOREGROUND,NET_CAPABILITY_NOT_CONGESTED,NET_CAPABILITY_NOT_SUSPENDED","signalStrength":-58,"transportTypes":"TRANSPORT_WIFI"},"detailedState":"CONNECTED","extraInfo":null,"isAvailable":true,"isConnected":true,"isFailover":false,"isRoaming":false,"state":"CONNECTED","subtype":0,"subtypeName":"","type":1,"typeName":"WIFI"}],"platformVersion":"10","realDisplaySize":"1080x2280","timeZone":"America/Toronto"}}
&amp#27;[38;5;73m[0fcc1468]&amp#27;[0m&amp#27;[38;5;229m[ADB]&amp#27;[0m Running 'C:\Users\sajus\AppData\Local\Android\Sdk\platform-tools\adb.exe -P 5037 -s CTLID18120801016 shell pgrep -f \(\[\[:blank:\]\]\|\^\)com\.androidsample\.generalstore\(:\[a-zA-Z0-9_-\]\+\)\?\(\[\[:blank:\]\]\|\$\)'
&amp#27;[38;5;73m[0fcc1468]&amp#27;[0m&amp#27;[38;5;229m[ADB]&amp#27;[0m Running 'C:\Users\sajus\AppData\Local\Android\Sdk\platform-tools\adb.exe -P 5037 -s CTLID18120801016 shell am start-activity -W -n com.androidsample.generalstore/com.androidsample.generalstore.SplashActivity -S -a android.intent.action.MAIN -c android.intent.category.LAUNCHER -f 0x10200000'
&amp#27;[38;5;73m[0fcc1468]&amp#27;[0m&amp#27;[38;5;150m[AppiumDriver@ac62]&amp#27;[0m New AndroidUiautomator2Driver session created successfully, session 0fcc1468-cb70-4ba9-a18b-982da9376537 added to master session list
&amp#27;[38;5;73m[0fcc1468]&amp#27;[0m&amp#27;[38;5;150m[AppiumDriver@ac62]&amp#27;[0m Event 'newSessionStarted' logged at 1750354713164 (13:38:33 GMT-0400 (Eastern Daylight Saving Time))
&amp#27;[38;5;73m[0fcc1468]&amp#27;[0m&amp#27;[38;5;-131m[AndroidUiautomator2Driver@a287]&amp#27;[0m Cached the protocol value 'W3C' for the new session 0fcc1468-cb70-4ba9-a18b-982da9376537
&amp#27;[38;5;73m[0fcc1468]&amp#27;[0m&amp#27;[38;5;-131m[AndroidUiautomator2Driver@a287]&amp#27;[0m Responding to client with driver.createSession() result: {"capabilities":{"platformName":"ANDROID","appActivity":"com.androidsample.generalstore.SplashActivity","appPackage":"com.androidsample.generalstore","automationName":"UiAutomator2","deviceName":"CTLID18120801016","noReset":true,"platformVersion":"10","systemPort":8202,"udid":"CTLID18120801016","platform":"LINUX","webStorageEnabled":false,"takesScreenshot":true,"javascriptEnabled":true,"databaseEnabled":false,"networkConnectionEnabled":true,"locationContextEnabled":false,"warnings":{},"desired":{"platformName":"ANDROID","appActivity":"com.androidsample.generalstore.SplashActivity","appPackage":"com.androidsample.generalstore","automationName":"UiAutomator2","deviceName":"Nokia","noReset":true,"platformVersion":"11.0","systemPort":8202,"udid":"CTLID18120801016"},"deviceUDID":"CTLID18120801016","pixelRatio":"2.625","statBarHeight":89,"viewportRect":{"left":0,"top":89,"width":1080,"height":2191},"deviceApiLevel":29,"deviceManufacturer":"HMD Global","deviceModel":"Nokia 7.1","deviceScreenSize":"1080x2280","dev...
&amp#27;[38;5;73m[0fcc1468]&amp#27;[0m&amp#27;[38;5;86m[HTTP]&amp#27;[0m &amp#27;[37m<-- POST /session &amp#27;[39m&amp#27;[32m200&amp#27;[39m &amp#27;[90m7243 ms - 1105&amp#27;[39m &amp#27;[90m&amp#27;[39m
&amp#27;[38;5;73m[0fcc1468]&amp#27;[0m&amp#27;[38;5;86m[HTTP]&amp#27;[0m &amp#27;[37m-->&amp#27;[39m &amp#27;[37mPOST&amp#27;[39m &amp#27;[37m/session/0fcc1468-cb70-4ba9-a18b-982da9376537/element&amp#27;[39m &amp#27;[90m{"using":"id","value":"com.androidsample.generalstore:id/nameField"}&amp#27;[39m
&amp#27;[38;5;73m[0fcc1468]&amp#27;[0m&amp#27;[38;5;-131m[AndroidUiautomator2Driver@a287]&amp#27;[0m Calling AppiumDriver.findElement() with args: ["id","com.androidsample.generalstore:id/nameField","0fcc1468-cb70-4ba9-a18b-982da9376537"]
&amp#27;[38;5;73m[0fcc1468]&amp#27;[0m&amp#27;[38;5;-131m[AndroidUiautomator2Driver@a287]&amp#27;[0m Valid locator strategies for this request: xpath, id, class name, accessibility id, css selector, -android uiautomator
&amp#27;[38;5;73m[0fcc1468]&amp#27;[0m&amp#27;[38;5;-131m[AndroidUiautomator2Driver@a287]&amp#27;[0m Waiting up to 0 ms for condition
&amp#27;[38;5;73m[0fcc1468]&amp#27;[0m&amp#27;[38;5;-131m[AndroidUiautomator2Driver@a287]&amp#27;[0m Matched '/element' to command name 'findElement'
&amp#27;[38;5;73m[0fcc1468]&amp#27;[0m&amp#27;[38;5;-131m[AndroidUiautomator2Driver@a287]&amp#27;[0m Proxying [POST /element] to [POST http://127.0.0.1:8202/session/34e9d5d9-b800-474c-9814-532eebefd2f8/element] with body: {"strategy":"id","selector":"com.androidsample.generalstore:id/nameField","context":"","multiple":false}
&amp#27;[38;5;73m[0fcc1468]&amp#27;[0m&amp#27;[38;5;-131m[AndroidUiautomator2Driver@a287]&amp#27;[0m Got response with status 200: {"sessionId":"34e9d5d9-b800-474c-9814-532eebefd2f8","value":{"ELEMENT":"00000000-0000-09af-ffff-ffff0000001c","element-6066-11e4-a52e-4f735466cecf":"00000000-0000-09af-ffff-ffff0000001c"}}
&amp#27;[38;5;73m[0fcc1468]&amp#27;[0m&amp#27;[38;5;-131m[AndroidUiautomator2Driver@a287]&amp#27;[0m Responding to client with driver.findElement() result: {"element-6066-11e4-a52e-4f735466cecf":"00000000-0000-09af-ffff-ffff0000001c","ELEMENT":"00000000-0000-09af-ffff-ffff0000001c"}
&amp#27;[38;5;73m[0fcc1468]&amp#27;[0m&amp#27;[38;5;86m[HTTP]&amp#27;[0m &amp#27;[37m<-- POST /session/0fcc1468-cb70-4ba9-a18b-982da9376537/element &amp#27;[39m&amp#27;[32m200&amp#27;[39m &amp#27;[90m148 ms - 137&amp#27;[39m &amp#27;[90m&amp#27;[39m
&amp#27;[38;5;73m[0fcc1468]&amp#27;[0m&amp#27;[38;5;86m[HTTP]&amp#27;[0m &amp#27;[37m-->&amp#27;[39m &amp#27;[37mPOST&amp#27;[39m &amp#27;[37m/session/0fcc1468-cb70-4ba9-a18b-982da9376537/element/00000000-0000-09af-ffff-ffff0000001c/value&amp#27;[39m &amp#27;[90m{"id":"00000000-0000-09af-ffff-ffff0000001c","text":"Steve Smith","value":["S","t","e","v","e"," ","S","m","i","t","h"]}&amp#27;[39m
&amp#27;[38;5;73m[0fcc1468]&amp#27;[0m&amp#27;[38;5;-131m[AndroidUiautomator2Driver@a287]&amp#27;[0m Calling AppiumDriver.setValue() with args: [["S","t","e","v","e"," ","S","m","i","t","h"],"00000000-0000-09af-ffff-ffff0000001c","0fcc1468-cb70-4ba9-a18b-982da9376537"]
&amp#27;[38;5;73m[0fcc1468]&amp#27;[0m&amp#27;[38;5;-131m[AndroidUiautomator2Driver@a287]&amp#27;[0m Matched '/element/00000000-0000-09af-ffff-ffff0000001c/value' to command name 'setValue'
&amp#27;[38;5;73m[0fcc1468]&amp#27;[0m&amp#27;[38;5;-131m[AndroidUiautomator2Driver@a287]&amp#27;[0m Added 'value' property ["S","t","e","v","e"," ","S","m","i","t","h"] to 'setValue' request body
&amp#27;[38;5;73m[0fcc1468]&amp#27;[0m&amp#27;[38;5;-131m[AndroidUiautomator2Driver@a287]&amp#27;[0m Proxying [POST /element/00000000-0000-09af-ffff-ffff0000001c/value] to [POST http://127.0.0.1:8202/session/34e9d5d9-b800-474c-9814-532eebefd2f8/element/00000000-0000-09af-ffff-ffff0000001c/value] with body: {"elementId":"00000000-0000-09af-ffff-ffff0000001c","text":"Steve Smith","replace":false,"value":["S","t","e","v","e"," ","S","m","i","t","h"]}
&amp#27;[38;5;73m[0fcc1468]&amp#27;[0m&amp#27;[38;5;-131m[AndroidUiautomator2Driver@a287]&amp#27;[0m Got response with status 200: {"sessionId":"34e9d5d9-b800-474c-9814-532eebefd2f8","value":null}
&amp#27;[38;5;73m[0fcc1468]&amp#27;[0m&amp#27;[38;5;-131m[AndroidUiautomator2Driver@a287]&amp#27;[0m Responding to client with driver.setValue() result: null
&amp#27;[38;5;73m[0fcc1468]&amp#27;[0m&amp#27;[38;5;86m[HTTP]&amp#27;[0m &amp#27;[37m<-- POST /session/0fcc1468-cb70-4ba9-a18b-982da9376537/element/00000000-0000-09af-ffff-ffff0000001c/value &amp#27;[39m&amp#27;[32m200&amp#27;[39m &amp#27;[90m660 ms - 14&amp#27;[39m &amp#27;[90m&amp#27;[39m
&amp#27;[38;5;73m[0fcc1468]&amp#27;[0m&amp#27;[38;5;86m[HTTP]&amp#27;[0m &amp#27;[37m-->&amp#27;[39m &amp#27;[37mPOST&amp#27;[39m &amp#27;[37m/session/0fcc1468-cb70-4ba9-a18b-982da9376537/execute/sync&amp#27;[39m &amp#27;[90m{"script":"mobile: hideKeyboard","args":[]}&amp#27;[39m
&amp#27;[38;5;73m[0fcc1468]&amp#27;[0m&amp#27;[38;5;-131m[AndroidUiautomator2Driver@a287]&amp#27;[0m Calling AppiumDriver.execute() with args: ["mobile: hideKeyboard",[],"0fcc1468-cb70-4ba9-a18b-982da9376537"]
&amp#27;[38;5;73m[0fcc1468]&amp#27;[0m&amp#27;[38;5;229m[ADB]&amp#27;[0m Running 'C:\Users\sajus\AppData\Local\Android\Sdk\platform-tools\adb.exe -P 5037 -s CTLID18120801016 shell dumpsys input_method'
&amp#27;[38;5;73m[0fcc1468]&amp#27;[0m&amp#27;[38;5;229m[ADB]&amp#27;[0m Keyboard has no UI; no closing necessary
&amp#27;[38;5;73m[0fcc1468]&amp#27;[0m&amp#27;[38;5;-131m[AndroidUiautomator2Driver@a287]&amp#27;[0m Responding to client with driver.execute() result: false
&amp#27;[38;5;73m[0fcc1468]&amp#27;[0m&amp#27;[38;5;86m[HTTP]&amp#27;[0m &amp#27;[37m<-- POST /session/0fcc1468-cb70-4ba9-a18b-982da9376537/execute/sync &amp#27;[39m&amp#27;[32m200&amp#27;[39m &amp#27;[90m750 ms - 15&amp#27;[39m &amp#27;[90m&amp#27;[39m
&amp#27;[38;5;73m[0fcc1468]&amp#27;[0m&amp#27;[38;5;86m[HTTP]&amp#27;[0m &amp#27;[37m-->&amp#27;[39m &amp#27;[37mPOST&amp#27;[39m &amp#27;[37m/session/0fcc1468-cb70-4ba9-a18b-982da9376537/element&amp#27;[39m &amp#27;[90m{"using":"id","value":"com.androidsample.generalstore:id/radioFemale"}&amp#27;[39m
&amp#27;[38;5;73m[0fcc1468]&amp#27;[0m&amp#27;[38;5;-131m[AndroidUiautomator2Driver@a287]&amp#27;[0m Calling AppiumDriver.findElement() with args: ["id","com.androidsample.generalstore:id/radioFemale","0fcc1468-cb70-4ba9-a18b-982da9376537"]
&amp#27;[38;5;73m[0fcc1468]&amp#27;[0m&amp#27;[38;5;-131m[AndroidUiautomator2Driver@a287]&amp#27;[0m Valid locator strategies for this request: xpath, id, class name, accessibility id, css selector, -android uiautomator
&amp#27;[38;5;73m[0fcc1468]&amp#27;[0m&amp#27;[38;5;-131m[AndroidUiautomator2Driver@a287]&amp#27;[0m Waiting up to 0 ms for condition
&amp#27;[38;5;73m[0fcc1468]&amp#27;[0m&amp#27;[38;5;-131m[AndroidUiautomator2Driver@a287]&amp#27;[0m Matched '/element' to command name 'findElement'
&amp#27;[38;5;73m[0fcc1468]&amp#27;[0m&amp#27;[38;5;-131m[AndroidUiautomator2Driver@a287]&amp#27;[0m Proxying [POST /element] to [POST http://127.0.0.1:8202/session/34e9d5d9-b800-474c-9814-532eebefd2f8/element] with body: {"strategy":"id","selector":"com.androidsample.generalstore:id/radioFemale","context":"","multiple":false}
&amp#27;[38;5;73m[0fcc1468]&amp#27;[0m&amp#27;[38;5;-131m[AndroidUiautomator2Driver@a287]&amp#27;[0m Got response with status 200: {"sessionId":"34e9d5d9-b800-474c-9814-532eebefd2f8","value":{"ELEMENT":"00000000-0000-09af-ffff-ffff00000020","element-6066-11e4-a52e-4f735466cecf":"00000000-0000-09af-ffff-ffff00000020"}}
&amp#27;[38;5;73m[0fcc1468]&amp#27;[0m&amp#27;[38;5;-131m[AndroidUiautomator2Driver@a287]&amp#27;[0m Responding to client with driver.findElement() result: {"element-6066-11e4-a52e-4f735466cecf":"00000000-0000-09af-ffff-ffff00000020","ELEMENT":"00000000-0000-09af-ffff-ffff00000020"}
&amp#27;[38;5;73m[0fcc1468]&amp#27;[0m&amp#27;[38;5;86m[HTTP]&amp#27;[0m &amp#27;[37m<-- POST /session/0fcc1468-cb70-4ba9-a18b-982da9376537/element &amp#27;[39m&amp#27;[32m200&amp#27;[39m &amp#27;[90m81 ms - 137&amp#27;[39m &amp#27;[90m&amp#27;[39m
&amp#27;[38;5;73m[0fcc1468]&amp#27;[0m&amp#27;[38;5;86m[HTTP]&amp#27;[0m &amp#27;[37m-->&amp#27;[39m &amp#27;[37mPOST&amp#27;[39m &amp#27;[37m/session/0fcc1468-cb70-4ba9-a18b-982da9376537/element/00000000-0000-09af-ffff-ffff00000020/click&amp#27;[39m &amp#27;[90m{"id":"00000000-0000-09af-ffff-ffff00000020"}&amp#27;[39m
&amp#27;[38;5;73m[0fcc1468]&amp#27;[0m&amp#27;[38;5;-131m[AndroidUiautomator2Driver@a287]&amp#27;[0m Calling AppiumDriver.click() with args: ["00000000-0000-09af-ffff-ffff00000020","0fcc1468-cb70-4ba9-a18b-982da9376537"]
&amp#27;[38;5;73m[0fcc1468]&amp#27;[0m&amp#27;[38;5;-131m[AndroidUiautomator2Driver@a287]&amp#27;[0m Matched '/element/00000000-0000-09af-ffff-ffff00000020/click' to command name 'click'
&amp#27;[38;5;73m[0fcc1468]&amp#27;[0m&amp#27;[38;5;-131m[AndroidUiautomator2Driver@a287]&amp#27;[0m Proxying [POST /element/00000000-0000-09af-ffff-ffff00000020/click] to [POST http://127.0.0.1:8202/session/34e9d5d9-b800-474c-9814-532eebefd2f8/element/00000000-0000-09af-ffff-ffff00000020/click] with body: {"element":"00000000-0000-09af-ffff-ffff00000020"}
&amp#27;[38;5;73m[0fcc1468]&amp#27;[0m&amp#27;[38;5;-131m[AndroidUiautomator2Driver@a287]&amp#27;[0m Got response with status 200: {"sessionId":"34e9d5d9-b800-474c-9814-532eebefd2f8","value":null}
&amp#27;[38;5;73m[0fcc1468]&amp#27;[0m&amp#27;[38;5;-131m[AndroidUiautomator2Driver@a287]&amp#27;[0m Responding to client with driver.click() result: null
&amp#27;[38;5;73m[0fcc1468]&amp#27;[0m&amp#27;[38;5;86m[HTTP]&amp#27;[0m &amp#27;[37m<-- POST /session/0fcc1468-cb70-4ba9-a18b-982da9376537/element/00000000-0000-09af-ffff-ffff00000020/click &amp#27;[39m&amp#27;[32m200&amp#27;[39m &amp#27;[90m123 ms - 14&amp#27;[39m &amp#27;[90m&amp#27;[39m
&amp#27;[38;5;73m[0fcc1468]&amp#27;[0m&amp#27;[38;5;86m[HTTP]&amp#27;[0m &amp#27;[37m-->&amp#27;[39m &amp#27;[37mPOST&amp#27;[39m &amp#27;[37m/session/0fcc1468-cb70-4ba9-a18b-982da9376537/element&amp#27;[39m &amp#27;[90m{"using":"id","value":"android:id/text1"}&amp#27;[39m
&amp#27;[38;5;73m[0fcc1468]&amp#27;[0m&amp#27;[38;5;-131m[AndroidUiautomator2Driver@a287]&amp#27;[0m Calling AppiumDriver.findElement() with args: ["id","android:id/text1","0fcc1468-cb70-4ba9-a18b-982da9376537"]
&amp#27;[38;5;73m[0fcc1468]&amp#27;[0m&amp#27;[38;5;-131m[AndroidUiautomator2Driver@a287]&amp#27;[0m Valid locator strategies for this request: xpath, id, class name, accessibility id, css selector, -android uiautomator
&amp#27;[38;5;73m[0fcc1468]&amp#27;[0m&amp#27;[38;5;-131m[AndroidUiautomator2Driver@a287]&amp#27;[0m Waiting up to 0 ms for condition
&amp#27;[38;5;73m[0fcc1468]&amp#27;[0m&amp#27;[38;5;-131m[AndroidUiautomator2Driver@a287]&amp#27;[0m Matched '/element' to command name 'findElement'
&amp#27;[38;5;73m[0fcc1468]&amp#27;[0m&amp#27;[38;5;-131m[AndroidUiautomator2Driver@a287]&amp#27;[0m Proxying [POST /element] to [POST http://127.0.0.1:8202/session/34e9d5d9-b800-474c-9814-532eebefd2f8/element] with body: {"strategy":"id","selector":"android:id/text1","context":"","multiple":false}
&amp#27;[38;5;73m[0fcc1468]&amp#27;[0m&amp#27;[38;5;-131m[AndroidUiautomator2Driver@a287]&amp#27;[0m Got response with status 200: {"sessionId":"34e9d5d9-b800-474c-9814-532eebefd2f8","value":{"ELEMENT":"00000000-0000-09af-ffff-ffff00000024","element-6066-11e4-a52e-4f735466cecf":"00000000-0000-09af-ffff-ffff00000024"}}
&amp#27;[38;5;73m[0fcc1468]&amp#27;[0m&amp#27;[38;5;-131m[AndroidUiautomator2Driver@a287]&amp#27;[0m Responding to client with driver.findElement() result: {"element-6066-11e4-a52e-4f735466cecf":"00000000-0000-09af-ffff-ffff00000024","ELEMENT":"00000000-0000-09af-ffff-ffff00000024"}
&amp#27;[38;5;73m[0fcc1468]&amp#27;[0m&amp#27;[38;5;86m[HTTP]&amp#27;[0m &amp#27;[37m<-- POST /session/0fcc1468-cb70-4ba9-a18b-982da9376537/element &amp#27;[39m&amp#27;[32m200&amp#27;[39m &amp#27;[90m583 ms - 137&amp#27;[39m &amp#27;[90m&amp#27;[39m
&amp#27;[38;5;73m[0fcc1468]&amp#27;[0m&amp#27;[38;5;86m[HTTP]&amp#27;[0m &amp#27;[37m-->&amp#27;[39m &amp#27;[37mPOST&amp#27;[39m &amp#27;[37m/session/0fcc1468-cb70-4ba9-a18b-982da9376537/element/00000000-0000-09af-ffff-ffff00000024/click&amp#27;[39m &amp#27;[90m{"id":"00000000-0000-09af-ffff-ffff00000024"}&amp#27;[39m
&amp#27;[38;5;73m[0fcc1468]&amp#27;[0m&amp#27;[38;5;-131m[AndroidUiautomator2Driver@a287]&amp#27;[0m Calling AppiumDriver.click() with args: ["00000000-0000-09af-ffff-ffff00000024","0fcc1468-cb70-4ba9-a18b-982da9376537"]
&amp#27;[38;5;73m[0fcc1468]&amp#27;[0m&amp#27;[38;5;-131m[AndroidUiautomator2Driver@a287]&amp#27;[0m Matched '/element/00000000-0000-09af-ffff-ffff00000024/click' to command name 'click'
&amp#27;[38;5;73m[0fcc1468]&amp#27;[0m&amp#27;[38;5;-131m[AndroidUiautomator2Driver@a287]&amp#27;[0m Proxying [POST /element/00000000-0000-09af-ffff-ffff00000024/click] to [POST http://127.0.0.1:8202/session/34e9d5d9-b800-474c-9814-532eebefd2f8/element/00000000-0000-09af-ffff-ffff00000024/click] with body: {"element":"00000000-0000-09af-ffff-ffff00000024"}
&amp#27;[38;5;73m[0fcc1468]&amp#27;[0m&amp#27;[38;5;-131m[AndroidUiautomator2Driver@a287]&amp#27;[0m Got response with status 200: {"sessionId":"34e9d5d9-b800-474c-9814-532eebefd2f8","value":null}
&amp#27;[38;5;73m[0fcc1468]&amp#27;[0m&amp#27;[38;5;-131m[AndroidUiautomator2Driver@a287]&amp#27;[0m Responding to client with driver.click() result: null
&amp#27;[38;5;73m[0fcc1468]&amp#27;[0m&amp#27;[38;5;86m[HTTP]&amp#27;[0m &amp#27;[37m<-- POST /session/0fcc1468-cb70-4ba9-a18b-982da9376537/element/00000000-0000-09af-ffff-ffff00000024/click &amp#27;[39m&amp#27;[32m200&amp#27;[39m &amp#27;[90m101 ms - 14&amp#27;[39m &amp#27;[90m&amp#27;[39m
&amp#27;[38;5;73m[0fcc1468]&amp#27;[0m&amp#27;[38;5;86m[HTTP]&amp#27;[0m &amp#27;[37m-->&amp#27;[39m &amp#27;[37mPOST&amp#27;[39m &amp#27;[37m/session/0fcc1468-cb70-4ba9-a18b-982da9376537/element&amp#27;[39m &amp#27;[90m{"using":"-android uiautomator","value":"new UiScrollable(new UiSelector()).scrollIntoView(text(\"Argentina\"));"}&amp#27;[39m
&amp#27;[38;5;73m[0fcc1468]&amp#27;[0m&amp#27;[38;5;-131m[AndroidUiautomator2Driver@a287]&amp#27;[0m Calling AppiumDriver.findElement() with args: ["-android uiautomator","new UiScrollable(new UiSelector()).scrollIntoView(text(\"Argentina\"));","0fcc1468-cb70-4ba9-a18b-982da9376537"]
&amp#27;[38;5;73m[0fcc1468]&amp#27;[0m&amp#27;[38;5;-131m[AndroidUiautomator2Driver@a287]&amp#27;[0m Valid locator strategies for this request: xpath, id, class name, accessibility id, css selector, -android uiautomator
&amp#27;[38;5;73m[0fcc1468]&amp#27;[0m&amp#27;[38;5;-131m[AndroidUiautomator2Driver@a287]&amp#27;[0m Waiting up to 0 ms for condition
&amp#27;[38;5;73m[0fcc1468]&amp#27;[0m&amp#27;[38;5;-131m[AndroidUiautomator2Driver@a287]&amp#27;[0m Matched '/element' to command name 'findElement'
&amp#27;[38;5;73m[0fcc1468]&amp#27;[0m&amp#27;[38;5;-131m[AndroidUiautomator2Driver@a287]&amp#27;[0m Proxying [POST /element] to [POST http://127.0.0.1:8202/session/34e9d5d9-b800-474c-9814-532eebefd2f8/element] with body: {"strategy":"-android uiautomator","selector":"new UiScrollable(new UiSelector()).scrollIntoView(text(\"Argentina\"));","context":"","multiple":false}
&amp#27;[38;5;73m[0fcc1468]&amp#27;[0m&amp#27;[38;5;-131m[AndroidUiautomator2Driver@a287]&amp#27;[0m Got response with status 200: {"sessionId":"34e9d5d9-b800-474c-9814-532eebefd2f8","value":{"ELEMENT":"00000000-0000-09b0-ffff-ffff00000032","element-6066-11e4-a52e-4f735466cecf":"00000000-0000-09b0-ffff-ffff00000032"}}
&amp#27;[38;5;73m[0fcc1468]&amp#27;[0m&amp#27;[38;5;-131m[AndroidUiautomator2Driver@a287]&amp#27;[0m Responding to client with driver.findElement() result: {"element-6066-11e4-a52e-4f735466cecf":"00000000-0000-09b0-ffff-ffff00000032","ELEMENT":"00000000-0000-09b0-ffff-ffff00000032"}
&amp#27;[38;5;73m[0fcc1468]&amp#27;[0m&amp#27;[38;5;86m[HTTP]&amp#27;[0m &amp#27;[37m<-- POST /session/0fcc1468-cb70-4ba9-a18b-982da9376537/element &amp#27;[39m&amp#27;[32m200&amp#27;[39m &amp#27;[90m4496 ms - 137&amp#27;[39m &amp#27;[90m&amp#27;[39m
&amp#27;[38;5;73m[0fcc1468]&amp#27;[0m&amp#27;[38;5;86m[HTTP]&amp#27;[0m &amp#27;[37m-->&amp#27;[39m &amp#27;[37mPOST&amp#27;[39m &amp#27;[37m/session/0fcc1468-cb70-4ba9-a18b-982da9376537/element&amp#27;[39m &amp#27;[90m{"using":"xpath","value":"//android.widget.TextView[@text='Argentina']"}&amp#27;[39m
&amp#27;[38;5;73m[0fcc1468]&amp#27;[0m&amp#27;[38;5;-131m[AndroidUiautomator2Driver@a287]&amp#27;[0m Calling AppiumDriver.findElement() with args: ["xpath","//android.widget.TextView[@text='Argentina']","0fcc1468-cb70-4ba9-a18b-982da9376537"]
&amp#27;[38;5;73m[0fcc1468]&amp#27;[0m&amp#27;[38;5;-131m[AndroidUiautomator2Driver@a287]&amp#27;[0m Valid locator strategies for this request: xpath, id, class name, accessibility id, css selector, -android uiautomator
&amp#27;[38;5;73m[0fcc1468]&amp#27;[0m&amp#27;[38;5;-131m[AndroidUiautomator2Driver@a287]&amp#27;[0m Waiting up to 0 ms for condition
&amp#27;[38;5;73m[0fcc1468]&amp#27;[0m&amp#27;[38;5;-131m[AndroidUiautomator2Driver@a287]&amp#27;[0m Matched '/element' to command name 'findElement'
&amp#27;[38;5;73m[0fcc1468]&amp#27;[0m&amp#27;[38;5;-131m[AndroidUiautomator2Driver@a287]&amp#27;[0m Proxying [POST /element] to [POST http://127.0.0.1:8202/session/34e9d5d9-b800-474c-9814-532eebefd2f8/element] with body: {"strategy":"xpath","selector":"//android.widget.TextView[@text='Argentina']","context":"","multiple":false}
&amp#27;[38;5;73m[0fcc1468]&amp#27;[0m&amp#27;[38;5;-131m[AndroidUiautomator2Driver@a287]&amp#27;[0m Got response with status 200: {"sessionId":"34e9d5d9-b800-474c-9814-532eebefd2f8","value":{"ELEMENT":"00000000-0000-09b0-ffff-ffff00000032","element-6066-11e4-a52e-4f735466cecf":"00000000-0000-09b0-ffff-ffff00000032"}}
&amp#27;[38;5;73m[0fcc1468]&amp#27;[0m&amp#27;[38;5;-131m[AndroidUiautomator2Driver@a287]&amp#27;[0m Responding to client with driver.findElement() result: {"element-6066-11e4-a52e-4f735466cecf":"00000000-0000-09b0-ffff-ffff00000032","ELEMENT":"00000000-0000-09b0-ffff-ffff00000032"}
&amp#27;[38;5;73m[0fcc1468]&amp#27;[0m&amp#27;[38;5;86m[HTTP]&amp#27;[0m &amp#27;[37m<-- POST /session/0fcc1468-cb70-4ba9-a18b-982da9376537/element &amp#27;[39m&amp#27;[32m200&amp#27;[39m &amp#27;[90m538 ms - 137&amp#27;[39m &amp#27;[90m&amp#27;[39m
&amp#27;[38;5;73m[0fcc1468]&amp#27;[0m&amp#27;[38;5;86m[HTTP]&amp#27;[0m &amp#27;[37m-->&amp#27;[39m &amp#27;[37mPOST&amp#27;[39m &amp#27;[37m/session/0fcc1468-cb70-4ba9-a18b-982da9376537/element/00000000-0000-09b0-ffff-ffff00000032/click&amp#27;[39m &amp#27;[90m{"id":"00000000-0000-09b0-ffff-ffff00000032"}&amp#27;[39m
&amp#27;[38;5;73m[0fcc1468]&amp#27;[0m&amp#27;[38;5;-131m[AndroidUiautomator2Driver@a287]&amp#27;[0m Calling AppiumDriver.click() with args: ["00000000-0000-09b0-ffff-ffff00000032","0fcc1468-cb70-4ba9-a18b-982da9376537"]
&amp#27;[38;5;73m[0fcc1468]&amp#27;[0m&amp#27;[38;5;-131m[AndroidUiautomator2Driver@a287]&amp#27;[0m Matched '/element/00000000-0000-09b0-ffff-ffff00000032/click' to command name 'click'
&amp#27;[38;5;73m[0fcc1468]&amp#27;[0m&amp#27;[38;5;-131m[AndroidUiautomator2Driver@a287]&amp#27;[0m Proxying [POST /element/00000000-0000-09b0-ffff-ffff00000032/click] to [POST http://127.0.0.1:8202/session/34e9d5d9-b800-474c-9814-532eebefd2f8/element/00000000-0000-09b0-ffff-ffff00000032/click] with body: {"element":"00000000-0000-09b0-ffff-ffff00000032"}
&amp#27;[38;5;73m[0fcc1468]&amp#27;[0m&amp#27;[38;5;-131m[AndroidUiautomator2Driver@a287]&amp#27;[0m Got response with status 200: {"sessionId":"34e9d5d9-b800-474c-9814-532eebefd2f8","value":null}
&amp#27;[38;5;73m[0fcc1468]&amp#27;[0m&amp#27;[38;5;-131m[AndroidUiautomator2Driver@a287]&amp#27;[0m Responding to client with driver.click() result: null
&amp#27;[38;5;73m[0fcc1468]&amp#27;[0m&amp#27;[38;5;86m[HTTP]&amp#27;[0m &amp#27;[37m<-- POST /session/0fcc1468-cb70-4ba9-a18b-982da9376537/element/00000000-0000-09b0-ffff-ffff00000032/click &amp#27;[39m&amp#27;[32m200&amp#27;[39m &amp#27;[90m697 ms - 14&amp#27;[39m &amp#27;[90m&amp#27;[39m
&amp#27;[38;5;73m[0fcc1468]&amp#27;[0m&amp#27;[38;5;86m[HTTP]&amp#27;[0m &amp#27;[37m-->&amp#27;[39m &amp#27;[37mPOST&amp#27;[39m &amp#27;[37m/session/0fcc1468-cb70-4ba9-a18b-982da9376537/element&amp#27;[39m &amp#27;[90m{"using":"id","value":"com.androidsample.generalstore:id/btnLetsShop"}&amp#27;[39m
&amp#27;[38;5;73m[0fcc1468]&amp#27;[0m&amp#27;[38;5;-131m[AndroidUiautomator2Driver@a287]&amp#27;[0m Calling AppiumDriver.findElement() with args: ["id","com.androidsample.generalstore:id/btnLetsShop","0fcc1468-cb70-4ba9-a18b-982da9376537"]
&amp#27;[38;5;73m[0fcc1468]&amp#27;[0m&amp#27;[38;5;-131m[AndroidUiautomator2Driver@a287]&amp#27;[0m Valid locator strategies for this request: xpath, id, class name, accessibility id, css selector, -android uiautomator
&amp#27;[38;5;73m[0fcc1468]&amp#27;[0m&amp#27;[38;5;-131m[AndroidUiautomator2Driver@a287]&amp#27;[0m Waiting up to 0 ms for condition
&amp#27;[38;5;73m[0fcc1468]&amp#27;[0m&amp#27;[38;5;-131m[AndroidUiautomator2Driver@a287]&amp#27;[0m Matched '/element' to command name 'findElement'
&amp#27;[38;5;73m[0fcc1468]&amp#27;[0m&amp#27;[38;5;-131m[AndroidUiautomator2Driver@a287]&amp#27;[0m Proxying [POST /element] to [POST http://127.0.0.1:8202/session/34e9d5d9-b800-474c-9814-532eebefd2f8/element] with body: {"strategy":"id","selector":"com.androidsample.generalstore:id/btnLetsShop","context":"","multiple":false}
&amp#27;[38;5;73m[0fcc1468]&amp#27;[0m&amp#27;[38;5;-131m[AndroidUiautomator2Driver@a287]&amp#27;[0m Got response with status 200: {"sessionId":"34e9d5d9-b800-474c-9814-532eebefd2f8","value":{"ELEMENT":"00000000-0000-09af-ffff-ffff00000021","element-6066-11e4-a52e-4f735466cecf":"00000000-0000-09af-ffff-ffff00000021"}}
&amp#27;[38;5;73m[0fcc1468]&amp#27;[0m&amp#27;[38;5;-131m[AndroidUiautomator2Driver@a287]&amp#27;[0m Responding to client with driver.findElement() result: {"element-6066-11e4-a52e-4f735466cecf":"00000000-0000-09af-ffff-ffff00000021","ELEMENT":"00000000-0000-09af-ffff-ffff00000021"}
&amp#27;[38;5;73m[0fcc1468]&amp#27;[0m&amp#27;[38;5;86m[HTTP]&amp#27;[0m &amp#27;[37m<-- POST /session/0fcc1468-cb70-4ba9-a18b-982da9376537/element &amp#27;[39m&amp#27;[32m200&amp#27;[39m &amp#27;[90m83 ms - 137&amp#27;[39m &amp#27;[90m&amp#27;[39m
&amp#27;[38;5;73m[0fcc1468]&amp#27;[0m&amp#27;[38;5;86m[HTTP]&amp#27;[0m &amp#27;[37m-->&amp#27;[39m &amp#27;[37mPOST&amp#27;[39m &amp#27;[37m/session/0fcc1468-cb70-4ba9-a18b-982da9376537/element/00000000-0000-09af-ffff-ffff00000021/click&amp#27;[39m &amp#27;[90m{"id":"00000000-0000-09af-ffff-ffff00000021"}&amp#27;[39m
&amp#27;[38;5;73m[0fcc1468]&amp#27;[0m&amp#27;[38;5;-131m[AndroidUiautomator2Driver@a287]&amp#27;[0m Calling AppiumDriver.click() with args: ["00000000-0000-09af-ffff-ffff00000021","0fcc1468-cb70-4ba9-a18b-982da9376537"]
&amp#27;[38;5;73m[0fcc1468]&amp#27;[0m&amp#27;[38;5;-131m[AndroidUiautomator2Driver@a287]&amp#27;[0m Matched '/element/00000000-0000-09af-ffff-ffff00000021/click' to command name 'click'
&amp#27;[38;5;73m[0fcc1468]&amp#27;[0m&amp#27;[38;5;-131m[AndroidUiautomator2Driver@a287]&amp#27;[0m Proxying [POST /element/00000000-0000-09af-ffff-ffff00000021/click] to [POST http://127.0.0.1:8202/session/34e9d5d9-b800-474c-9814-532eebefd2f8/element/00000000-0000-09af-ffff-ffff00000021/click] with body: {"element":"00000000-0000-09af-ffff-ffff00000021"}
&amp#27;[38;5;73m[0fcc1468]&amp#27;[0m&amp#27;[38;5;-131m[AndroidUiautomator2Driver@a287]&amp#27;[0m Got response with status 200: {"sessionId":"34e9d5d9-b800-474c-9814-532eebefd2f8","value":null}
&amp#27;[38;5;73m[0fcc1468]&amp#27;[0m&amp#27;[38;5;-131m[AndroidUiautomator2Driver@a287]&amp#27;[0m Responding to client with driver.click() result: null
&amp#27;[38;5;73m[0fcc1468]&amp#27;[0m&amp#27;[38;5;86m[HTTP]&amp#27;[0m &amp#27;[37m<-- POST /session/0fcc1468-cb70-4ba9-a18b-982da9376537/element/00000000-0000-09af-ffff-ffff00000021/click &amp#27;[39m&amp#27;[32m200&amp#27;[39m &amp#27;[90m73 ms - 14&amp#27;[39m &amp#27;[90m&amp#27;[39m
&amp#27;[38;5;73m[0fcc1468]&amp#27;[0m&amp#27;[38;5;86m[HTTP]&amp#27;[0m &amp#27;[37m-->&amp#27;[39m &amp#27;[37mGET&amp#27;[39m &amp#27;[37m/session/0fcc1468-cb70-4ba9-a18b-982da9376537/screenshot&amp#27;[39m &amp#27;[90m{}&amp#27;[39m
&amp#27;[38;5;73m[0fcc1468]&amp#27;[0m&amp#27;[38;5;-131m[AndroidUiautomator2Driver@a287]&amp#27;[0m Calling AppiumDriver.getScreenshot() with args: ["0fcc1468-cb70-4ba9-a18b-982da9376537"]
&amp#27;[38;5;73m[0fcc1468]&amp#27;[0m&amp#27;[38;5;-131m[AndroidUiautomator2Driver@a287]&amp#27;[0m Matched '/screenshot' to command name 'getScreenshot'
&amp#27;[38;5;73m[0fcc1468]&amp#27;[0m&amp#27;[38;5;-131m[AndroidUiautomator2Driver@a287]&amp#27;[0m Proxying [GET /screenshot] to [GET http://127.0.0.1:8202/session/34e9d5d9-b800-474c-9814-532eebefd2f8/screenshot] with no body
&amp#27;[38;5;73m[0fcc1468]&amp#27;[0m&amp#27;[38;5;-131m[AndroidUiautomator2Driver@a287]&amp#27;[0m Got response with status 200: {"sessionId":"34e9d5d9-b800-474c-9814-532eebefd2f8","value":"iVBORw0KGgoAAAANSUhEUgAABDgAAAjoCAYAAAA5jhrUAAAAAXNSR0IArs4c6QAAAARzQklUCAgICHwIZIgAACAASURBVHic7N13nFTV/f/x9713Zhvb2KWIdCWABUUQK0YEowkSW2LDqFgjmtii8ftLNEJiI9FYY4kNxBA79tgRRRENTY0IFsrSYZdtbJu59/7+wF13dmZ2Z8vszN15PX0Q3Fs/d0nC3vd8zjlG9y/PdgUAAAAAAOBhZqILAAAAAAAAaC8CDgAAAAAA4HkEHAAAAAAAwPMIOAAAAAAAgOcRcAAAAAAAAM8j4AAAAAAAAJ5HwAEAAAAAADyPgAMAAAAAAHgeAQcAAAAAAPA8Ag4AAAAAAOB5BBwAAAAAAMDzCDgAAAAAAIDnEXAAAAAAAADPI+AAAAAAAACeR8ABAAAAAAA8j4ADAAAAAAB4HgEHAAAAAADwPAIOAAAAAADgeQQcAAAAAADA8wg4AAAAAACA5xFwAAAAAAAAzyPgAAAAAAAAnkfAAQAAAAAAPI+AAwAAAAAAeB4BBwAAAAAA8DxfogsAkoEhQ0b978auf5ckV5Lrutr1j77/T+9KlecEAAAAkHoIOJCyDBnyGab2TNtNc/pfqUH+ns0evyawTWcU3aHv6jYr6DqeCQFS5TkBAACAWORZWdo3fYBGZAxQnpmlfTMGKM/q1rC/zN6pL2rWqcyp0uc16/RF7TqV2VUJqXVs1nC9NPD/xXTs8Wtv0YKqr+JcUXIj4EBKyjEz9adep2hK96NkxThSa5C/pxbucbNsOZq14z1N3/q0KpzqOFfaPqnynAAAAEBzBvh7aGLOKE3MGa2xWcNbPP64nNEhXy+o+kqvVSzWaxVLtC6wPV5lop2M7l+ezcezSBk+w9LUgmM1rdep+mGARtu4cjV96zO6r+R1BV27gyrsGKnynAAAAEBzxmYN168LjgkLLNrj...
&amp#27;[38;5;73m[0fcc1468]&amp#27;[0m&amp#27;[38;5;-131m[AndroidUiautomator2Driver@a287]&amp#27;[0m Responding to client with driver.getScreenshot() result: "iVBORw0KGgoAAAANSUhEUgAABDgAAAjoCAYAAAA5jhrUAAAAAXNSR0IArs4c6QAAAARzQklUCAgICHwIZIgAACAASURBVHic7N13nFTV/f/x9713Zhvb2KWIdCWABUUQK0YEowkSW2LDqFgjmtii8ftLNEJiI9FYY4kNxBA79tgRRRENTY0IFsrSYZdtbJu59/7+wF13dmZ2Z8vszN15PX0Q3Fs/d0nC3vd8zjlG9y/PdgUAAAAAAOBhZqILAAAAAAAAaC8CDgAAAAAA4HkEHAAAAAAAwPMIOAAAAAAAgOcRcAAAAAAAAM8j4AAAAAAAAJ5HwAEAAAAAADyPgAMAAAAAAHgeAQcAAAAAAPA8Ag4AAAAAAOB5BBwAAAAAAMDzCDgAAAAAAIDnEXAAAAAAAADPI+AAAAAAAACeR8ABAAAAAAA8j4ADAAAAAAB4HgEHAAAAAADwPAIOAAAAAADgeQQcAAAAAADA8wg4AAAAAACA5xFwAAAAAAAAzyPgAAAAAAAAnkfAAQAAAAAAPI+AAwAAAAAAeB4BBwAAAAAA8DxfogsAkoEhQ0b978auf5ckV5Lrutr1j77/T+9KlecEAAAAkHoIOJCyDBnyGab2TNtNc/pfqUH+ns0evyawTWcU3aHv6jYr6DqeCQFS5TkBAACAWORZWdo3fYBGZAxQnpmlfTMGKM/q1rC/zN6pL2rWqcyp0uc16/RF7TqV2VUJqXVs1nC9NPD/xXTs8Wtv0YKqr+JcUXIj4EBKyjEz9adep2hK96NkxThSa5C/pxbucbNsOZq14z1N3/q0KpzqOFfaPqnynAAAAEBzBvh7aGLOKE3MGa2xWcNbPP64nNEhXy+o+kqvVSzWaxVLtC6wPV5lop2M7l+ezcezSBk+w9LUgmM1rdep+mGARtu4cjV96zO6r+R1BV27gyrsGKnynAAAAEBzxmYN168LjgkLLNrj1YrFerDkzU7plqCDo3UIOJASDBnKMTM0b/CfNTitV4dee3XdVo1fc4PK7eqE...
&amp#27;[38;5;73m[0fcc1468]&amp#27;[0m&amp#27;[38;5;86m[HTTP]&amp#27;[0m &amp#27;[37m<-- GET /session/0fcc1468-cb70-4ba9-a18b-982da9376537/screenshot &amp#27;[39m&amp#27;[32m200&amp#27;[39m &amp#27;[90m922 ms - 347128&amp#27;[39m &amp#27;[90m&amp#27;[39m
]]></system-out>
  </testcase>
  <testcase name="setUp[1, 1](0)" classname="org.testCase.TestCase3" time="4.116">
    <failure message="Could not start a new session. Response code 500. Message: An unknown server-side error occurred while processing the command. Original error: Device R3CRC00KHBT was not in the list of connected devices &#10;Host info: host: &apos;ELSA&apos;, ip: &apos;192.168.2.20&apos;&#10;Build info: version: &apos;4.33.0&apos;, revision: &apos;2c6aaad03a&apos;&#10;System info: os.name: &apos;Windows 11&apos;, os.arch: &apos;amd64&apos;, os.version: &apos;10.0&apos;, java.version: &apos;11.0.26&apos;&#10;Driver info: io.appium.java_client.android.AndroidDriver&#10;Command: [null, newSession {capabilities=[{appium:appActivity=com.androidsample.generalstore.SplashActivity, appium:appPackage=com.androidsample.generalstore, appium:automationName=UiAutomator2, appium:deviceName=Samsung_Galaxy_S21, appium:noReset=true, platformName=ANDROID, appium:platformVersion=10.0, appium:systemPort=8201, appium:udid=R3CRC00KHBT}], desiredCapabilities=Capabilities {appActivity: com.androidsample.generalst..., appPackage: com.androidsample.generalstore, automationName: UiAutomator2, deviceName: Samsung_Galaxy_S21, noReset: true, platformName: ANDROID, platformVersion: 10.0, systemPort: 8201, udid: R3CRC00KHBT}}]&#10;Capabilities {appActivity: com.androidsample.generalst..., appPackage: com.androidsample.generalstore, automationName: UiAutomator2, deviceName: Samsung_Galaxy_S21, noReset: true, platformName: ANDROID, platformVersion: 10.0, systemPort: 8201, udid: R3CRC00KHBT}" type="org.openqa.selenium.SessionNotCreatedException"><![CDATA[org.openqa.selenium.SessionNotCreatedException: 
Could not start a new session. Response code 500. Message: An unknown server-side error occurred while processing the command. Original error: Device R3CRC00KHBT was not in the list of connected devices 
Host info: host: 'ELSA', ip: '192.168.2.20'
Build info: version: '4.33.0', revision: '2c6aaad03a'
System info: os.name: 'Windows 11', os.arch: 'amd64', os.version: '10.0', java.version: '11.0.26'
Driver info: io.appium.java_client.android.AndroidDriver
Command: [null, newSession {capabilities=[{appium:appActivity=com.androidsample.generalstore.SplashActivity, appium:appPackage=com.androidsample.generalstore, appium:automationName=UiAutomator2, appium:deviceName=Samsung_Galaxy_S21, appium:noReset=true, platformName=ANDROID, appium:platformVersion=10.0, appium:systemPort=8201, appium:udid=R3CRC00KHBT}], desiredCapabilities=Capabilities {appActivity: com.androidsample.generalst..., appPackage: com.androidsample.generalstore, automationName: UiAutomator2, deviceName: Samsung_Galaxy_S21, noReset: true, platformName: ANDROID, platformVersion: 10.0, systemPort: 8201, udid: R3CRC00KHBT}}]
Capabilities {appActivity: com.androidsample.generalst..., appPackage: com.androidsample.generalstore, automationName: UiAutomator2, deviceName: Samsung_Galaxy_S21, noReset: true, platformName: ANDROID, platformVersion: 10.0, systemPort: 8201, udid: R3CRC00KHBT}
	at org.openqa.selenium.remote.ProtocolHandshake.createSession(ProtocolHandshake.java:140)
	at java.base/jdk.internal.reflect.NativeMethodAccessorImpl.invoke0(Native Method)
	at java.base/jdk.internal.reflect.NativeMethodAccessorImpl.invoke(NativeMethodAccessorImpl.java:62)
	at java.base/jdk.internal.reflect.DelegatingMethodAccessorImpl.invoke(DelegatingMethodAccessorImpl.java:43)
	at java.base/java.lang.reflect.Method.invoke(Method.java:566)
	at io.appium.java_client.remote.AppiumProtocolHandshake.createSession(AppiumProtocolHandshake.java:133)
	at io.appium.java_client.remote.AppiumProtocolHandshake.createSession(AppiumProtocolHandshake.java:102)
	at io.appium.java_client.remote.AppiumCommandExecutor.createSession(AppiumCommandExecutor.java:182)
	at io.appium.java_client.remote.AppiumCommandExecutor.execute(AppiumCommandExecutor.java:250)
	at org.openqa.selenium.remote.RemoteWebDriver.execute(RemoteWebDriver.java:602)
	at io.appium.java_client.AppiumDriver.startSession(AppiumDriver.java:274)
	at org.openqa.selenium.remote.RemoteWebDriver.<init>(RemoteWebDriver.java:163)
	at io.appium.java_client.AppiumDriver.<init>(AppiumDriver.java:89)
	at io.appium.java_client.AppiumDriver.<init>(AppiumDriver.java:101)
	at io.appium.java_client.android.AndroidDriver.<init>(AndroidDriver.java:113)
	at org.appium.TestUtils.BaseTest.setUp(BaseTest.java:45)
	at java.base/jdk.internal.reflect.NativeMethodAccessorImpl.invoke0(Native Method)
	at java.base/jdk.internal.reflect.NativeMethodAccessorImpl.invoke(NativeMethodAccessorImpl.java:62)
	at java.base/jdk.internal.reflect.DelegatingMethodAccessorImpl.invoke(DelegatingMethodAccessorImpl.java:43)
	at java.base/java.lang.reflect.Method.invoke(Method.java:566)
	at org.testng.internal.invokers.MethodInvocationHelper.invokeMethod(MethodInvocationHelper.java:141)
	at org.testng.internal.invokers.MethodInvocationHelper.invokeMethodConsideringTimeout(MethodInvocationHelper.java:71)
	at org.testng.internal.invokers.ConfigInvoker.invokeConfigurationMethod(ConfigInvoker.java:400)
	at org.testng.internal.invokers.ConfigInvoker.invokeConfigurations(ConfigInvoker.java:333)
	at org.testng.internal.invokers.TestMethodWorker.invokeBeforeClassMethods(TestMethodWorker.java:188)
	at org.testng.internal.invokers.TestMethodWorker.run(TestMethodWorker.java:128)
	at java.base/java.util.ArrayList.forEach(ArrayList.java:1541)
	at org.testng.TestRunner.privateRun(TestRunner.java:741)
	at org.testng.TestRunner.run(TestRunner.java:616)
	at org.testng.SuiteRunner.runTest(SuiteRunner.java:421)
	at org.testng.SuiteRunner$SuiteWorker.run(SuiteRunner.java:463)
	at org.testng.internal.thread.ThreadUtil.lambda$execute$0(ThreadUtil.java:64)
	at java.base/java.util.concurrent.FutureTask.run(FutureTask.java:264)
	at java.base/java.util.concurrent.ThreadPoolExecutor.runWorker(ThreadPoolExecutor.java:1128)
	at java.base/java.util.concurrent.ThreadPoolExecutor$Worker.run(ThreadPoolExecutor.java:628)
	at java.base/java.lang.Thread.run(Thread.java:834)
]]></failure>
    <system-out><![CDATA[&amp#27;[38;5;86m[HTTP]&amp#27;[0m &amp#27;[37m-->&amp#27;[39m &amp#27;[37mGET&amp#27;[39m &amp#27;[37m/status&amp#27;[39m &amp#27;[90m{}&amp#27;[39m
&amp#27;[38;5;210m[AppiumDriver@97ce]&amp#27;[0m Calling AppiumDriver.getStatus() with args: []
&amp#27;[38;5;210m[AppiumDriver@97ce]&amp#27;[0m Responding to client with driver.getStatus() result: {"ready":true,"message":"The server is ready to accept new connections","build":{"version":"2.19.0"}}
Appium server stopped
✅ Test completed for device: Samsung_Galaxy_S21
&amp#27;[38;5;112m[Appium]&amp#27;[0m Welcome to Appium v2.19.0
&amp#27;[38;5;112m[Appium]&amp#27;[0m Non-default server args:
&amp#27;[38;5;112m[Appium]&amp#27;[0m { port: &amp#27;[33m4724&amp#27;[39m }
&amp#27;[38;5;112m[Appium]&amp#27;[0m The autodetected Appium home path: C:\Users\sajus\.appium
&amp#27;[38;5;112m[Appium]&amp#27;[0m Attempting to load driver uiautomator2...
&amp#27;[38;5;112m[Appium]&amp#27;[0m Requiring driver at C:\Users\sajus\.appium\node_modules\appium-uiautomator2-driver\build\index.js
&amp#27;[38;5;112m[Appium]&amp#27;[0m AndroidUiautomator2Driver has been successfully loaded in 1.075s
&amp#27;[38;5;112m[Appium]&amp#27;[0m Appium REST http interface listener started on http://0.0.0.0:4724
&amp#27;[38;5;112m[Appium]&amp#27;[0m You can provide the following URLs in your client code to connect to this server:
	http://192.168.2.20:4724/
	http://127.0.0.1:4724/ (only accessible from the same host)
&amp#27;[38;5;112m[Appium]&amp#27;[0m Available drivers:
&amp#27;[38;5;112m[Appium]&amp#27;[0m   - uiautomator2@4.2.3 (automationName 'UiAutomator2')
&amp#27;[38;5;112m[Appium]&amp#27;[0m No plugins have been installed. Use the "appium plugin" command to install the one(s) you want to use.
&amp#27;[38;5;86m[HTTP]&amp#27;[0m &amp#27;[37m-->&amp#27;[39m &amp#27;[37mGET&amp#27;[39m &amp#27;[37m/status&amp#27;[39m &amp#27;[90m{}&amp#27;[39m
&amp#27;[38;5;206m[AppiumDriver@da23]&amp#27;[0m Calling AppiumDriver.getStatus() with args: []
&amp#27;[38;5;206m[AppiumDriver@da23]&amp#27;[0m Responding to client with driver.getStatus() result: {"ready":true,"message":"The server is ready to accept new connections","build":{"version":"2.19.0"}}
Appium server started on port: 4724
&amp#27;[38;5;86m[HTTP]&amp#27;[0m &amp#27;[37m<-- GET /status &amp#27;[39m&amp#27;[32m200&amp#27;[39m &amp#27;[90m8 ms - 111&amp#27;[39m &amp#27;[90m&amp#27;[39m
&amp#27;[38;5;86m[HTTP]&amp#27;[0m Request idempotency key: e983249e-8e28-42d4-853f-5f5132731b9e
&amp#27;[38;5;86m[HTTP]&amp#27;[0m &amp#27;[37m-->&amp#27;[39m &amp#27;[37mPOST&amp#27;[39m &amp#27;[37m/session&amp#27;[39m &amp#27;[90m{"capabilities":{"firstMatch":[{}],"alwaysMatch":{"appium:appActivity":"com.androidsample.generalstore.SplashActivity","appium:appPackage":"com.androidsample.generalstore","appium:automationName":"UiAutomator2","appium:deviceName":"Samsung_Galaxy_S21","appium:noReset":true,"appium:platformVersion":"10.0","appium:systemPort":8201,"appium:udid":"R3CRC00KHBT","platformName":"ANDROID"}}}&amp#27;[39m
&amp#27;[38;5;206m[AppiumDriver@da23]&amp#27;[0m Calling AppiumDriver.createSession() with args: [null,null,{"firstMatch":[{}],"alwaysMatch":{"appium:appActivity":"com.androidsample.generalstore.SplashActivity","appium:appPackage":"com.androidsample.generalstore","appium:automationName":"UiAutomator2","appium:deviceName":"Samsung_Galaxy_S21","appium:noReset":true,"appium:platformVersion":"10.0","appium:systemPort":8201,"appium:udid":"R3CRC00KHBT","platformName":"ANDROID"}}]
&amp#27;[38;5;206m[AppiumDriver@da23]&amp#27;[0m Event 'newSessionRequested' logged at 1750354685852 (13:38:05 GMT-0400 (Eastern Daylight Saving Time))
&amp#27;[38;5;112m[Appium]&amp#27;[0m Attempting to find matching driver for automationName 'UiAutomator2' and platformName 'ANDROID'
&amp#27;[38;5;112m[Appium]&amp#27;[0m The 'uiautomator2' driver was installed and matched caps.
&amp#27;[38;5;112m[Appium]&amp#27;[0m Will require it at C:\Users\sajus\.appium\node_modules\appium-uiautomator2-driver
&amp#27;[38;5;112m[Appium]&amp#27;[0m Requiring driver at C:\Users\sajus\.appium\node_modules\appium-uiautomator2-driver\build\index.js
&amp#27;[38;5;206m[AppiumDriver@da23]&amp#27;[0m Appium v2.19.0 creating new AndroidUiautomator2Driver (v4.2.3) session
&amp#27;[38;5;206m[AppiumDriver@da23]&amp#27;[0m Checking BaseDriver versions for Appium and AndroidUiautomator2Driver
&amp#27;[38;5;206m[AppiumDriver@da23]&amp#27;[0m Appium's BaseDriver version is 9.18.0
&amp#27;[38;5;206m[AppiumDriver@da23]&amp#27;[0m AndroidUiautomator2Driver's BaseDriver version is 9.18.0
&amp#27;[38;5;-118m[AndroidUiautomator2Driver@69ac]&amp#27;[0m 
&amp#27;[38;5;-118m[AndroidUiautomator2Driver@69ac]&amp#27;[0m Creating session with W3C capabilities: {
  "alwaysMatch": {
    "platformName": "ANDROID",
    "appium:appActivity": "com.androidsample.generalstore.SplashActivity",
    "appium:appPackage": "com.androidsample.generalstore",
    "appium:automationName": "UiAutomator2",
    "appium:deviceName": "Samsung_Galaxy_S21",
    "appium:noReset": true,
    "appium:platformVersion": "10.0",
    "appium:systemPort": 8201,
    "appium:udid": "R3CRC00KHBT"
  },
  "firstMatch": [
    {}
  ]
}
&amp#27;[38;5;156m[139f0aa3]&amp#27;[0m&amp#27;[38;5;-118m[AndroidUiautomator2Driver@69ac]&amp#27;[0m Session created with session id: 139f0aa3-fdab-46de-b183-48822ef7b6e7
&amp#27;[38;5;156m[139f0aa3]&amp#27;[0m&amp#27;[38;5;229m[ADB]&amp#27;[0m Found 3 'build-tools' folders under 'C:\Users\sajus\AppData\Local\Android\Sdk' (newest first):
&amp#27;[38;5;156m[139f0aa3]&amp#27;[0m&amp#27;[38;5;229m[ADB]&amp#27;[0m     C:\Users\sajus\AppData\Local\Android\Sdk\build-tools\36.0.0
&amp#27;[38;5;156m[139f0aa3]&amp#27;[0m&amp#27;[38;5;229m[ADB]&amp#27;[0m     C:\Users\sajus\AppData\Local\Android\Sdk\build-tools\35.0.1
&amp#27;[38;5;156m[139f0aa3]&amp#27;[0m&amp#27;[38;5;229m[ADB]&amp#27;[0m     C:\Users\sajus\AppData\Local\Android\Sdk\build-tools\35.0.0
&amp#27;[38;5;156m[139f0aa3]&amp#27;[0m&amp#27;[38;5;229m[ADB]&amp#27;[0m Using 'adb.exe' from 'C:\Users\sajus\AppData\Local\Android\Sdk\platform-tools\adb.exe'
&amp#27;[38;5;156m[139f0aa3]&amp#27;[0m&amp#27;[38;5;229m[ADB]&amp#27;[0m Running 'C:\Users\sajus\AppData\Local\Android\Sdk\platform-tools\adb.exe -P 5037 start-server'
&amp#27;[38;5;156m[139f0aa3]&amp#27;[0m&amp#27;[38;5;-118m[AndroidUiautomator2Driver@69ac]&amp#27;[0m Retrieving device list
&amp#27;[38;5;156m[139f0aa3]&amp#27;[0m&amp#27;[38;5;229m[ADB]&amp#27;[0m Trying to find connected Android devices
&amp#27;[38;5;156m[139f0aa3]&amp#27;[0m&amp#27;[38;5;229m[ADB]&amp#27;[0m Getting connected devices
&amp#27;[38;5;172m[ac437da3]&amp#27;[0m&amp#27;[38;5;86m[HTTP]&amp#27;[0m &amp#27;[37m-->&amp#27;[39m &amp#27;[37mPOST&amp#27;[39m &amp#27;[37m/session/ac437da3-a107-4a43-be52-f5b544819db0/element&amp#27;[39m &amp#27;[90m{"using":"id","value":"com.androidsample.generalstore:id/btnLetsShop"}&amp#27;[39m
&amp#27;[38;5;172m[ac437da3]&amp#27;[0m&amp#27;[38;5;-190m[AndroidUiautomator2Driver@4421]&amp#27;[0m Calling AppiumDriver.findElement() with args: ["id","com.androidsample.generalstore:id/btnLetsShop","ac437da3-a107-4a43-be52-f5b544819db0"]
&amp#27;[38;5;172m[ac437da3]&amp#27;[0m&amp#27;[38;5;-190m[AndroidUiautomator2Driver@4421]&amp#27;[0m Valid locator strategies for this request: xpath, id, class name, accessibility id, css selector, -android uiautomator
&amp#27;[38;5;172m[ac437da3]&amp#27;[0m&amp#27;[38;5;-190m[AndroidUiautomator2Driver@4421]&amp#27;[0m Waiting up to 0 ms for condition
&amp#27;[38;5;172m[ac437da3]&amp#27;[0m&amp#27;[38;5;-190m[AndroidUiautomator2Driver@4421]&amp#27;[0m Matched '/element' to command name 'findElement'
&amp#27;[38;5;172m[ac437da3]&amp#27;[0m&amp#27;[38;5;-190m[AndroidUiautomator2Driver@4421]&amp#27;[0m Proxying [POST /element] to [POST http://127.0.0.1:8202/session/db8c43a4-b697-4b74-ae9a-b77c6f13be40/element] with body: {"strategy":"id","selector":"com.androidsample.generalstore:id/btnLetsShop","context":"","multiple":false}
&amp#27;[38;5;156m[139f0aa3]&amp#27;[0m&amp#27;[38;5;229m[ADB]&amp#27;[0m Connected devices: [{"udid":"CTLID18120801016","state":"device"}]
&amp#27;[38;5;156m[139f0aa3]&amp#27;[0m&amp#27;[38;5;-118m[AndroidUiautomator2Driver@69ac]&amp#27;[0m Device R3CRC00KHBT was not in the list of connected devices
&amp#27;[38;5;156m[139f0aa3]&amp#27;[0m&amp#27;[38;5;-118m[AndroidUiautomator2Driver@69ac]&amp#27;[0m Deleting UiAutomator2 session
&amp#27;[38;5;156m[139f0aa3]&amp#27;[0m&amp#27;[38;5;206m[AppiumDriver@da23]&amp#27;[0m Event 'newSessionStarted' logged at 1750354686058 (13:38:06 GMT-0400 (Eastern Daylight Saving Time))
&amp#27;[38;5;172m[ac437da3]&amp#27;[0m&amp#27;[38;5;-190m[AndroidUiautomator2Driver@4421]&amp#27;[0m Got response with status 200: {"sessionId":"db8c43a4-b697-4b74-ae9a-b77c6f13be40","value":{"ELEMENT":"00000000-0000-09a4-ffff-ffff00000021","element-6066-11e4-a52e-4f735466cecf":"00000000-0000-09a4-ffff-ffff00000021"}}
&amp#27;[38;5;172m[ac437da3]&amp#27;[0m&amp#27;[38;5;-190m[AndroidUiautomator2Driver@4421]&amp#27;[0m Responding to client with driver.findElement() result: {"element-6066-11e4-a52e-4f735466cecf":"00000000-0000-09a4-ffff-ffff00000021","ELEMENT":"00000000-0000-09a4-ffff-ffff00000021"}
&amp#27;[38;5;172m[ac437da3]&amp#27;[0m&amp#27;[38;5;86m[HTTP]&amp#27;[0m &amp#27;[37m<-- POST /session/ac437da3-a107-4a43-be52-f5b544819db0/element &amp#27;[39m&amp#27;[32m200&amp#27;[39m &amp#27;[90m73 ms - 137&amp#27;[39m &amp#27;[90m&amp#27;[39m
&amp#27;[38;5;156m[139f0aa3]&amp#27;[0m&amp#27;[38;5;206m[AppiumDriver@da23]&amp#27;[0m Encountered internal error running command: Error: Device R3CRC00KHBT was not in the list of connected devices
    at Object.errorWithException (C:\Users\JenkinsUser\AppData\Roaming\npm\node_modules\appium\node_modules\@appium\support\lib\logging.js:41:45)
    at AndroidUiautomator2Driver.getDeviceInfoFromCaps (C:\Users\sajus\.appium\node_modules\appium-uiautomator2-driver\node_modules\appium-android-driver\lib\commands\device\common.js:46:24)
    at AndroidUiautomator2Driver.createSession (C:\Users\sajus\.appium\node_modules\appium-uiautomator2-driver\lib\driver.ts:357:30)
    at AppiumDriver.createSession (C:\Users\JenkinsUser\AppData\Roaming\npm\node_modules\appium\lib\appium.js:379:35)
&amp#27;[38;5;172m[ac437da3]&amp#27;[0m&amp#27;[38;5;86m[HTTP]&amp#27;[0m &amp#27;[37m-->&amp#27;[39m &amp#27;[37mPOST&amp#27;[39m &amp#27;[37m/session/ac437da3-a107-4a43-be52-f5b544819db0/element/00000000-0000-09a4-ffff-ffff00000021/click&amp#27;[39m &amp#27;[90m{"id":"00000000-0000-09a4-ffff-ffff00000021"}&amp#27;[39m
&amp#27;[38;5;172m[ac437da3]&amp#27;[0m&amp#27;[38;5;-190m[AndroidUiautomator2Driver@4421]&amp#27;[0m Calling AppiumDriver.click() with args: ["00000000-0000-09a4-ffff-ffff00000021","ac437da3-a107-4a43-be52-f5b544819db0"]
&amp#27;[38;5;172m[ac437da3]&amp#27;[0m&amp#27;[38;5;-190m[AndroidUiautomator2Driver@4421]&amp#27;[0m Matched '/element/00000000-0000-09a4-ffff-ffff00000021/click' to command name 'click'
&amp#27;[38;5;172m[ac437da3]&amp#27;[0m&amp#27;[38;5;-190m[AndroidUiautomator2Driver@4421]&amp#27;[0m Proxying [POST /element/00000000-0000-09a4-ffff-ffff00000021/click] to [POST http://127.0.0.1:8202/session/db8c43a4-b697-4b74-ae9a-b77c6f13be40/element/00000000-0000-09a4-ffff-ffff00000021/click] with body: {"element":"00000000-0000-09a4-ffff-ffff00000021"}
&amp#27;[38;5;156m[139f0aa3]&amp#27;[0m&amp#27;[38;5;86m[HTTP]&amp#27;[0m &amp#27;[37m<-- POST /session &amp#27;[39m&amp#27;[31m500&amp#27;[39m &amp#27;[90m255 ms - 696&amp#27;[39m &amp#27;[90m&amp#27;[39m
]]></system-out>
  </testcase>
  <testcase name="ThirdCase" classname="org.testCase.TestCase3" time="0">
    <skipped message="Could not start a new session. Response code 500. Message: An unknown server-side error occurred while processing the command. Original error: Device R3CRC00KHBT was not in the list of connected devices &#10;Host info: host: &apos;ELSA&apos;, ip: &apos;192.168.2.20&apos;&#10;Build info: version: &apos;4.33.0&apos;, revision: &apos;2c6aaad03a&apos;&#10;System info: os.name: &apos;Windows 11&apos;, os.arch: &apos;amd64&apos;, os.version: &apos;10.0&apos;, java.version: &apos;11.0.26&apos;&#10;Driver info: io.appium.java_client.android.AndroidDriver&#10;Command: [null, newSession {capabilities=[{appium:appActivity=com.androidsample.generalstore.SplashActivity, appium:appPackage=com.androidsample.generalstore, appium:automationName=UiAutomator2, appium:deviceName=Samsung_Galaxy_S21, appium:noReset=true, platformName=ANDROID, appium:platformVersion=10.0, appium:systemPort=8201, appium:udid=R3CRC00KHBT}], desiredCapabilities=Capabilities {appActivity: com.androidsample.generalst..., appPackage: com.androidsample.generalstore, automationName: UiAutomator2, deviceName: Samsung_Galaxy_S21, noReset: true, platformName: ANDROID, platformVersion: 10.0, systemPort: 8201, udid: R3CRC00KHBT}}]&#10;Capabilities {appActivity: com.androidsample.generalst..., appPackage: com.androidsample.generalstore, automationName: UiAutomator2, deviceName: Samsung_Galaxy_S21, noReset: true, platformName: ANDROID, platformVersion: 10.0, systemPort: 8201, udid: R3CRC00KHBT}"/>
  </testcase>
  <testcase name="ThirdCase" classname="org.testCase.TestCase3" time="28.309">
    <system-out><![CDATA[&amp#27;[38;5;73m[0fcc1468]&amp#27;[0m&amp#27;[38;5;86m[HTTP]&amp#27;[0m &amp#27;[37m-->&amp#27;[39m &amp#27;[37mPOST&amp#27;[39m &amp#27;[37m/session/0fcc1468-cb70-4ba9-a18b-982da9376537/execute/sync&amp#27;[39m &amp#27;[90m{"script":"mobile: isAppInstalled","args":[{"bundleId":"com.androidsample.generalstore","appId":"com.androidsample.generalstore"}]}&amp#27;[39m
&amp#27;[38;5;73m[0fcc1468]&amp#27;[0m&amp#27;[38;5;-131m[AndroidUiautomator2Driver@a287]&amp#27;[0m Calling AppiumDriver.execute() with args: ["mobile: isAppInstalled",[{"bundleId":"com.androidsample.generalstore","appId":"com.androidsample.generalstore"}],"0fcc1468-cb70-4ba9-a18b-982da9376537"]
&amp#27;[38;5;73m[0fcc1468]&amp#27;[0m&amp#27;[38;5;123m[BaseDriver]&amp#27;[0m The following script arguments are not known and will be ignored: bundleId
&amp#27;[38;5;73m[0fcc1468]&amp#27;[0m&amp#27;[38;5;229m[ADB]&amp#27;[0m Getting install status for com.androidsample.generalstore
&amp#27;[38;5;73m[0fcc1468]&amp#27;[0m&amp#27;[38;5;229m[ADB]&amp#27;[0m Running 'C:\Users\sajus\AppData\Local\Android\Sdk\platform-tools\adb.exe -P 5037 -s CTLID18120801016 shell cmd package list packages'
&amp#27;[38;5;73m[0fcc1468]&amp#27;[0m&amp#27;[38;5;229m[ADB]&amp#27;[0m 'com.androidsample.generalstore' is installed
&amp#27;[38;5;73m[0fcc1468]&amp#27;[0m&amp#27;[38;5;-131m[AndroidUiautomator2Driver@a287]&amp#27;[0m Responding to client with driver.execute() result: true
&amp#27;[38;5;73m[0fcc1468]&amp#27;[0m&amp#27;[38;5;86m[HTTP]&amp#27;[0m &amp#27;[37m<-- POST /session/0fcc1468-cb70-4ba9-a18b-982da9376537/execute/sync &amp#27;[39m&amp#27;[32m200&amp#27;[39m &amp#27;[90m311 ms - 14&amp#27;[39m &amp#27;[90m&amp#27;[39m
&amp#27;[38;5;73m[0fcc1468]&amp#27;[0m&amp#27;[38;5;86m[HTTP]&amp#27;[0m &amp#27;[37m-->&amp#27;[39m &amp#27;[37mPOST&amp#27;[39m &amp#27;[37m/session/0fcc1468-cb70-4ba9-a18b-982da9376537/execute/sync&amp#27;[39m &amp#27;[90m{"script":"mobile: terminateApp","args":[{"bundleId":"com.androidsample.generalstore","appId":"com.androidsample.generalstore"}]}&amp#27;[39m
&amp#27;[38;5;73m[0fcc1468]&amp#27;[0m&amp#27;[38;5;-131m[AndroidUiautomator2Driver@a287]&amp#27;[0m Calling AppiumDriver.execute() with args: ["mobile: terminateApp",[{"bundleId":"com.androidsample.generalstore","appId":"com.androidsample.generalstore"}],"0fcc1468-cb70-4ba9-a18b-982da9376537"]
&amp#27;[38;5;73m[0fcc1468]&amp#27;[0m&amp#27;[38;5;123m[BaseDriver]&amp#27;[0m The following script arguments are not known and will be ignored: bundleId
&amp#27;[38;5;73m[0fcc1468]&amp#27;[0m&amp#27;[38;5;-131m[AndroidUiautomator2Driver@a287]&amp#27;[0m Terminating 'com.androidsample.generalstore'
&amp#27;[38;5;73m[0fcc1468]&amp#27;[0m&amp#27;[38;5;229m[ADB]&amp#27;[0m Getting IDs of all 'com.androidsample.generalstore' processes
&amp#27;[38;5;73m[0fcc1468]&amp#27;[0m&amp#27;[38;5;229m[ADB]&amp#27;[0m Running 'C:\Users\sajus\AppData\Local\Android\Sdk\platform-tools\adb.exe -P 5037 -s CTLID18120801016 shell pgrep -f \(\[\[:blank:\]\]\|\^\)com\.androidsample\.generalstore\(:\[a-zA-Z0-9_-\]\+\)\?\(\[\[:blank:\]\]\|\$\)'
&amp#27;[38;5;73m[0fcc1468]&amp#27;[0m&amp#27;[38;5;229m[ADB]&amp#27;[0m Running 'C:\Users\sajus\AppData\Local\Android\Sdk\platform-tools\adb.exe -P 5037 -s CTLID18120801016 shell am force-stop com.androidsample.generalstore'
&amp#27;[38;5;73m[0fcc1468]&amp#27;[0m&amp#27;[38;5;-131m[AndroidUiautomator2Driver@a287]&amp#27;[0m Querying the state of 'com.androidsample.generalstore'
&amp#27;[38;5;73m[0fcc1468]&amp#27;[0m&amp#27;[38;5;229m[ADB]&amp#27;[0m Getting install status for com.androidsample.generalstore
&amp#27;[38;5;73m[0fcc1468]&amp#27;[0m&amp#27;[38;5;229m[ADB]&amp#27;[0m Running 'C:\Users\sajus\AppData\Local\Android\Sdk\platform-tools\adb.exe -P 5037 -s CTLID18120801016 shell cmd package list packages'
&amp#27;[38;5;73m[0fcc1468]&amp#27;[0m&amp#27;[38;5;229m[ADB]&amp#27;[0m 'com.androidsample.generalstore' is installed
&amp#27;[38;5;73m[0fcc1468]&amp#27;[0m&amp#27;[38;5;229m[ADB]&amp#27;[0m Getting IDs of all 'com.androidsample.generalstore' processes
&amp#27;[38;5;73m[0fcc1468]&amp#27;[0m&amp#27;[38;5;229m[ADB]&amp#27;[0m Running 'C:\Users\sajus\AppData\Local\Android\Sdk\platform-tools\adb.exe -P 5037 -s CTLID18120801016 shell pgrep -f \(\[\[:blank:\]\]\|\^\)com\.androidsample\.generalstore\(:\[a-zA-Z0-9_-\]\+\)\?\(\[\[:blank:\]\]\|\$\)'
&amp#27;[38;5;73m[0fcc1468]&amp#27;[0m&amp#27;[38;5;-131m[AndroidUiautomator2Driver@a287]&amp#27;[0m 'com.androidsample.generalstore' has been successfully terminated
&amp#27;[38;5;73m[0fcc1468]&amp#27;[0m&amp#27;[38;5;-131m[AndroidUiautomator2Driver@a287]&amp#27;[0m Responding to client with driver.execute() result: true
&amp#27;[38;5;73m[0fcc1468]&amp#27;[0m&amp#27;[38;5;86m[HTTP]&amp#27;[0m &amp#27;[37m<-- POST /session/0fcc1468-cb70-4ba9-a18b-982da9376537/execute/sync &amp#27;[39m&amp#27;[32m200&amp#27;[39m &amp#27;[90m768 ms - 14&amp#27;[39m &amp#27;[90m&amp#27;[39m
🛑 App terminated: com.androidsample.generalstore
&amp#27;[38;5;73m[0fcc1468]&amp#27;[0m&amp#27;[38;5;86m[HTTP]&amp#27;[0m &amp#27;[37m-->&amp#27;[39m &amp#27;[37mDELETE&amp#27;[39m &amp#27;[37m/session/0fcc1468-cb70-4ba9-a18b-982da9376537&amp#27;[39m &amp#27;[90m{}&amp#27;[39m
&amp#27;[38;5;73m[0fcc1468]&amp#27;[0m&amp#27;[38;5;-131m[AndroidUiautomator2Driver@a287]&amp#27;[0m Calling AppiumDriver.deleteSession() with args: ["0fcc1468-cb70-4ba9-a18b-982da9376537"]
&amp#27;[38;5;73m[0fcc1468]&amp#27;[0m&amp#27;[38;5;150m[AppiumDriver@ac62]&amp#27;[0m Event 'quitSessionRequested' logged at 1750354731881 (13:38:51 GMT-0400 (Eastern Daylight Saving Time))
&amp#27;[38;5;73m[0fcc1468]&amp#27;[0m&amp#27;[38;5;150m[AppiumDriver@ac62]&amp#27;[0m Removing session 0fcc1468-cb70-4ba9-a18b-982da9376537 from our master session list
&amp#27;[38;5;73m[0fcc1468]&amp#27;[0m&amp#27;[38;5;-131m[AndroidUiautomator2Driver@a287]&amp#27;[0m Deleting UiAutomator2 session
&amp#27;[38;5;73m[0fcc1468]&amp#27;[0m&amp#27;[38;5;-131m[AndroidUiautomator2Driver@a287]&amp#27;[0m Deleting UiAutomator2 server session
&amp#27;[38;5;73m[0fcc1468]&amp#27;[0m&amp#27;[38;5;-131m[AndroidUiautomator2Driver@a287]&amp#27;[0m Proxying [DELETE /] to [DELETE http://127.0.0.1:8202/session/34e9d5d9-b800-474c-9814-532eebefd2f8] with no body
&amp#27;[38;5;73m[0fcc1468]&amp#27;[0m&amp#27;[38;5;-131m[AndroidUiautomator2Driver@a287]&amp#27;[0m Got response with status 200: {"sessionId":"34e9d5d9-b800-474c-9814-532eebefd2f8","value":null}
&amp#27;[38;5;73m[0fcc1468]&amp#27;[0m&amp#27;[38;5;229m[ADB]&amp#27;[0m Getting IDs of all 'io.appium.uiautomator2.server' processes
&amp#27;[38;5;73m[0fcc1468]&amp#27;[0m&amp#27;[38;5;229m[ADB]&amp#27;[0m Running 'C:\Users\sajus\AppData\Local\Android\Sdk\platform-tools\adb.exe -P 5037 -s CTLID18120801016 shell pgrep -f \(\[\[:blank:\]\]\|\^\)io\.appium\.uiautomator2\.server\(:\[a-zA-Z0-9_-\]\+\)\?\(\[\[:blank:\]\]\|\$\)'
&amp#27;[38;5;73m[0fcc1468]&amp#27;[0m&amp#27;[38;5;-131m[AndroidUiautomator2Driver@a287]&amp#27;[0m [Instrumentation] io.appium.uiautomator2.server.test.AppiumUiAutomator2Server:.
&amp#27;[38;5;73m[0fcc1468]&amp#27;[0m&amp#27;[38;5;-131m[AndroidUiautomator2Driver@a287]&amp#27;[0m [Instrumentation] 
&amp#27;[38;5;73m[0fcc1468]&amp#27;[0m&amp#27;[38;5;-131m[AndroidUiautomator2Driver@a287]&amp#27;[0m [Instrumentation] Time: 21.668
&amp#27;[38;5;73m[0fcc1468]&amp#27;[0m&amp#27;[38;5;-131m[AndroidUiautomator2Driver@a287]&amp#27;[0m [Instrumentation] 
&amp#27;[38;5;73m[0fcc1468]&amp#27;[0m&amp#27;[38;5;-131m[AndroidUiautomator2Driver@a287]&amp#27;[0m [Instrumentation] OK (1 test)
&amp#27;[38;5;73m[0fcc1468]&amp#27;[0m&amp#27;[38;5;-131m[AndroidUiautomator2Driver@a287]&amp#27;[0m [Instrumentation] 
&amp#27;[38;5;73m[0fcc1468]&amp#27;[0m&amp#27;[38;5;-131m[AndroidUiautomator2Driver@a287]&amp#27;[0m [Instrumentation] 
&amp#27;[38;5;73m[0fcc1468]&amp#27;[0m&amp#27;[38;5;-131m[AndroidUiautomator2Driver@a287]&amp#27;[0m [Instrumentation] The process has exited with code null, signal SIGTERM
&amp#27;[38;5;73m[0fcc1468]&amp#27;[0m&amp#27;[38;5;229m[ADB]&amp#27;[0m Running 'C:\Users\sajus\AppData\Local\Android\Sdk\platform-tools\adb.exe -P 5037 -s CTLID18120801016 shell am force-stop io.appium.uiautomator2.server'
&amp#27;[38;5;73m[0fcc1468]&amp#27;[0m&amp#27;[38;5;229m[ADB]&amp#27;[0m Running 'C:\Users\sajus\AppData\Local\Android\Sdk\platform-tools\adb.exe -P 5037 -s CTLID18120801016 shell am force-stop io.appium.uiautomator2.server.test'
&amp#27;[38;5;73m[0fcc1468]&amp#27;[0m&amp#27;[38;5;229m[ADB]&amp#27;[0m Running 'C:\Users\sajus\AppData\Local\Android\Sdk\platform-tools\adb.exe -P 5037 -s CTLID18120801016 shell dumpsys activity services io.appium.settings/.recorder.RecorderService'
&amp#27;[38;5;73m[0fcc1468]&amp#27;[0m&amp#27;[38;5;229m[ADB]&amp#27;[0m Removing forwarded port socket connection: 8202 
&amp#27;[38;5;73m[0fcc1468]&amp#27;[0m&amp#27;[38;5;229m[ADB]&amp#27;[0m Running 'C:\Users\sajus\AppData\Local\Android\Sdk\platform-tools\adb.exe -P 5037 -s CTLID18120801016 forward --remove tcp:8202'
&amp#27;[38;5;73m[0fcc1468]&amp#27;[0m&amp#27;[38;5;-131m[AndroidUiautomator2Driver@a287]&amp#27;[0m Restoring hidden api policy to the device default configuration
&amp#27;[38;5;73m[0fcc1468]&amp#27;[0m&amp#27;[38;5;229m[ADB]&amp#27;[0m Running 'C:\Users\sajus\AppData\Local\Android\Sdk\platform-tools\adb.exe -P 5037 -s CTLID18120801016 shell 'settings delete global hidden_api_policy_pre_p_apps;settings delete global hidden_api_policy_p_apps;settings delete global hidden_api_policy''
&amp#27;[38;5;73m[0fcc1468]&amp#27;[0m&amp#27;[38;5;160m[Logcat]&amp#27;[0m Stopping logcat capture
&amp#27;[38;5;73m[0fcc1468]&amp#27;[0m&amp#27;[38;5;150m[AppiumDriver@ac62]&amp#27;[0m Event 'quitSessionFinished' logged at 1750354732667 (13:38:52 GMT-0400 (Eastern Daylight Saving Time))
&amp#27;[38;5;73m[0fcc1468]&amp#27;[0m&amp#27;[38;5;150m[AppiumDriver@ac62]&amp#27;[0m Received response: null
&amp#27;[38;5;73m[0fcc1468]&amp#27;[0m&amp#27;[38;5;150m[AppiumDriver@ac62]&amp#27;[0m But deleting session, so not returning
&amp#27;[38;5;73m[0fcc1468]&amp#27;[0m&amp#27;[38;5;150m[AppiumDriver@ac62]&amp#27;[0m Responding to client with driver.deleteSession() result: null
&amp#27;[38;5;73m[0fcc1468]&amp#27;[0m&amp#27;[38;5;86m[HTTP]&amp#27;[0m &amp#27;[37m<-- DELETE /session/0fcc1468-cb70-4ba9-a18b-982da9376537 &amp#27;[39m&amp#27;[32m200&amp#27;[39m &amp#27;[90m788 ms - 14&amp#27;[39m &amp#27;[90m&amp#27;[39m
&amp#27;[38;5;86m[HTTP]&amp#27;[0m &amp#27;[37m-->&amp#27;[39m &amp#27;[37mGET&amp#27;[39m &amp#27;[37m/status&amp#27;[39m &amp#27;[90m{}&amp#27;[39m
&amp#27;[38;5;150m[AppiumDriver@ac62]&amp#27;[0m Calling AppiumDriver.getStatus() with args: []
&amp#27;[38;5;150m[AppiumDriver@ac62]&amp#27;[0m Responding to client with driver.getStatus() result: {"ready":true,"message":"The server is ready to accept new connections","build":{"version":"2.19.0"}}
&amp#27;[38;5;86m[HTTP]&amp#27;[0m &amp#27;[37m<-- GET /status &amp#27;[39m&amp#27;[32m200&amp#27;[39m &amp#27;[90m1 ms - 111&amp#27;[39m &amp#27;[90m&amp#27;[39m
Appium server stopped
✅ Test completed for device: Nokia
&amp#27;[38;5;112m[Appium]&amp#27;[0m Welcome to Appium v2.19.0
&amp#27;[38;5;112m[Appium]&amp#27;[0m The autodetected Appium home path: C:\Users\sajus\.appium
&amp#27;[38;5;112m[Appium]&amp#27;[0m Attempting to load driver uiautomator2...
&amp#27;[38;5;112m[Appium]&amp#27;[0m Requiring driver at C:\Users\sajus\.appium\node_modules\appium-uiautomator2-driver\build\index.js
&amp#27;[38;5;112m[Appium]&amp#27;[0m AndroidUiautomator2Driver has been successfully loaded in 2.058s
&amp#27;[38;5;112m[Appium]&amp#27;[0m Appium REST http interface listener started on http://0.0.0.0:4723
&amp#27;[38;5;112m[Appium]&amp#27;[0m You can provide the following URLs in your client code to connect to this server:
	http://192.168.2.20:4723/
	http://127.0.0.1:4723/ (only accessible from the same host)
&amp#27;[38;5;112m[Appium]&amp#27;[0m Available drivers:
&amp#27;[38;5;112m[Appium]&amp#27;[0m   - uiautomator2@4.2.3 (automationName 'UiAutomator2')
&amp#27;[38;5;112m[Appium]&amp#27;[0m No plugins have been installed. Use the "appium plugin" command to install the one(s) you want to use.
&amp#27;[38;5;86m[HTTP]&amp#27;[0m &amp#27;[37m-->&amp#27;[39m &amp#27;[37mGET&amp#27;[39m &amp#27;[37m/status&amp#27;[39m &amp#27;[90m{}&amp#27;[39m
&amp#27;[38;5;81m[AppiumDriver@b214]&amp#27;[0m Calling AppiumDriver.getStatus() with args: []
&amp#27;[38;5;81m[AppiumDriver@b214]&amp#27;[0m Responding to client with driver.getStatus() result: {"ready":true,"message":"The server is ready to accept new connections","build":{"version":"2.19.0"}}
Appium server started on port: 4723
&amp#27;[38;5;86m[HTTP]&amp#27;[0m &amp#27;[37m<-- GET /status &amp#27;[39m&amp#27;[32m200&amp#27;[39m &amp#27;[90m5 ms - 111&amp#27;[39m &amp#27;[90m&amp#27;[39m
&amp#27;[38;5;86m[HTTP]&amp#27;[0m Request idempotency key: 327e0bcd-8efd-4b43-8bd4-2da1a5a56d14
&amp#27;[38;5;86m[HTTP]&amp#27;[0m &amp#27;[37m-->&amp#27;[39m &amp#27;[37mPOST&amp#27;[39m &amp#27;[37m/session&amp#27;[39m &amp#27;[90m{"capabilities":{"firstMatch":[{}],"alwaysMatch":{"appium:appActivity":"com.androidsample.generalstore.SplashActivity","appium:appPackage":"com.androidsample.generalstore","appium:automationName":"UiAutomator2","appium:deviceName":"Nokia","appium:noReset":true,"appium:platformVersion":"11.0","appium:systemPort":8202,"appium:udid":"CTLID18120801016","platformName":"ANDROID"}}}&amp#27;[39m
&amp#27;[38;5;81m[AppiumDriver@b214]&amp#27;[0m Calling AppiumDriver.createSession() with args: [null,null,{"firstMatch":[{}],"alwaysMatch":{"appium:appActivity":"com.androidsample.generalstore.SplashActivity","appium:appPackage":"com.androidsample.generalstore","appium:automationName":"UiAutomator2","appium:deviceName":"Nokia","appium:noReset":true,"appium:platformVersion":"11.0","appium:systemPort":8202,"appium:udid":"CTLID18120801016","platformName":"ANDROID"}}]
&amp#27;[38;5;81m[AppiumDriver@b214]&amp#27;[0m Event 'newSessionRequested' logged at 1750354737058 (13:38:57 GMT-0400 (Eastern Daylight Saving Time))
&amp#27;[38;5;112m[Appium]&amp#27;[0m Attempting to find matching driver for automationName 'UiAutomator2' and platformName 'ANDROID'
&amp#27;[38;5;112m[Appium]&amp#27;[0m The 'uiautomator2' driver was installed and matched caps.
&amp#27;[38;5;112m[Appium]&amp#27;[0m Will require it at C:\Users\sajus\.appium\node_modules\appium-uiautomator2-driver
&amp#27;[38;5;112m[Appium]&amp#27;[0m Requiring driver at C:\Users\sajus\.appium\node_modules\appium-uiautomator2-driver\build\index.js
&amp#27;[38;5;81m[AppiumDriver@b214]&amp#27;[0m Appium v2.19.0 creating new AndroidUiautomator2Driver (v4.2.3) session
&amp#27;[38;5;81m[AppiumDriver@b214]&amp#27;[0m Checking BaseDriver versions for Appium and AndroidUiautomator2Driver
&amp#27;[38;5;81m[AppiumDriver@b214]&amp#27;[0m Appium's BaseDriver version is 9.18.0
&amp#27;[38;5;81m[AppiumDriver@b214]&amp#27;[0m AndroidUiautomator2Driver's BaseDriver version is 9.18.0
&amp#27;[38;5;-120m[AndroidUiautomator2Driver@c7f9]&amp#27;[0m 
&amp#27;[38;5;-120m[AndroidUiautomator2Driver@c7f9]&amp#27;[0m Creating session with W3C capabilities: {
  "alwaysMatch": {
    "platformName": "ANDROID",
    "appium:appActivity": "com.androidsample.generalstore.SplashActivity",
    "appium:appPackage": "com.androidsample.generalstore",
    "appium:automationName": "UiAutomator2",
    "appium:deviceName": "Nokia",
    "appium:noReset": true,
    "appium:platformVersion": "11.0",
    "appium:systemPort": 8202,
    "appium:udid": "CTLID18120801016"
  },
  "firstMatch": [
    {}
  ]
}
&amp#27;[38;5;162m[5fbf8dbe]&amp#27;[0m&amp#27;[38;5;-120m[AndroidUiautomator2Driver@c7f9]&amp#27;[0m Session created with session id: 5fbf8dbe-b01f-4c1b-be1b-ad7d7fc42d78
&amp#27;[38;5;162m[5fbf8dbe]&amp#27;[0m&amp#27;[38;5;229m[ADB]&amp#27;[0m Found 3 'build-tools' folders under 'C:\Users\sajus\AppData\Local\Android\Sdk' (newest first):
&amp#27;[38;5;162m[5fbf8dbe]&amp#27;[0m&amp#27;[38;5;229m[ADB]&amp#27;[0m     C:\Users\sajus\AppData\Local\Android\Sdk\build-tools\36.0.0
&amp#27;[38;5;162m[5fbf8dbe]&amp#27;[0m&amp#27;[38;5;229m[ADB]&amp#27;[0m     C:\Users\sajus\AppData\Local\Android\Sdk\build-tools\35.0.1
&amp#27;[38;5;162m[5fbf8dbe]&amp#27;[0m&amp#27;[38;5;229m[ADB]&amp#27;[0m     C:\Users\sajus\AppData\Local\Android\Sdk\build-tools\35.0.0
&amp#27;[38;5;162m[5fbf8dbe]&amp#27;[0m&amp#27;[38;5;229m[ADB]&amp#27;[0m Using 'adb.exe' from 'C:\Users\sajus\AppData\Local\Android\Sdk\platform-tools\adb.exe'
&amp#27;[38;5;162m[5fbf8dbe]&amp#27;[0m&amp#27;[38;5;229m[ADB]&amp#27;[0m Running 'C:\Users\sajus\AppData\Local\Android\Sdk\platform-tools\adb.exe -P 5037 start-server'
&amp#27;[38;5;162m[5fbf8dbe]&amp#27;[0m&amp#27;[38;5;-120m[AndroidUiautomator2Driver@c7f9]&amp#27;[0m Retrieving device list
&amp#27;[38;5;162m[5fbf8dbe]&amp#27;[0m&amp#27;[38;5;229m[ADB]&amp#27;[0m Trying to find connected Android devices
&amp#27;[38;5;162m[5fbf8dbe]&amp#27;[0m&amp#27;[38;5;229m[ADB]&amp#27;[0m Getting connected devices
&amp#27;[38;5;162m[5fbf8dbe]&amp#27;[0m&amp#27;[38;5;229m[ADB]&amp#27;[0m Connected devices: [{"udid":"CTLID18120801016","state":"device"}]
&amp#27;[38;5;162m[5fbf8dbe]&amp#27;[0m&amp#27;[38;5;-120m[AndroidUiautomator2Driver@c7f9]&amp#27;[0m Using device: CTLID18120801016
&amp#27;[38;5;162m[5fbf8dbe]&amp#27;[0m&amp#27;[38;5;229m[ADB]&amp#27;[0m Using 'adb.exe' from 'C:\Users\sajus\AppData\Local\Android\Sdk\platform-tools\adb.exe'
&amp#27;[38;5;162m[5fbf8dbe]&amp#27;[0m&amp#27;[38;5;229m[ADB]&amp#27;[0m Running 'C:\Users\sajus\AppData\Local\Android\Sdk\platform-tools\adb.exe -P 5037 start-server'
&amp#27;[38;5;162m[5fbf8dbe]&amp#27;[0m&amp#27;[38;5;229m[ADB]&amp#27;[0m Setting device id to CTLID18120801016
&amp#27;[38;5;162m[5fbf8dbe]&amp#27;[0m&amp#27;[38;5;-120m[AndroidUiautomator2Driver@c7f9]&amp#27;[0m Starting 'com.androidsample.generalstore' directly on the device
&amp#27;[38;5;162m[5fbf8dbe]&amp#27;[0m&amp#27;[38;5;229m[ADB]&amp#27;[0m Running 'C:\Users\sajus\AppData\Local\Android\Sdk\platform-tools\adb.exe -P 5037 -s CTLID18120801016 shell getprop ro.build.version.sdk'
&amp#27;[38;5;162m[5fbf8dbe]&amp#27;[0m&amp#27;[38;5;229m[ADB]&amp#27;[0m Current device property 'ro.build.version.sdk': 29
&amp#27;[38;5;162m[5fbf8dbe]&amp#27;[0m&amp#27;[38;5;229m[ADB]&amp#27;[0m Getting device platform version
&amp#27;[38;5;162m[5fbf8dbe]&amp#27;[0m&amp#27;[38;5;229m[ADB]&amp#27;[0m Running 'C:\Users\sajus\AppData\Local\Android\Sdk\platform-tools\adb.exe -P 5037 -s CTLID18120801016 shell getprop ro.build.version.release'
&amp#27;[38;5;162m[5fbf8dbe]&amp#27;[0m&amp#27;[38;5;229m[ADB]&amp#27;[0m Current device property 'ro.build.version.release': 10
&amp#27;[38;5;162m[5fbf8dbe]&amp#27;[0m&amp#27;[38;5;229m[ADB]&amp#27;[0m Device API level: 29
&amp#27;[38;5;162m[5fbf8dbe]&amp#27;[0m&amp#27;[38;5;-120m[AndroidUiautomator2Driver@c7f9]&amp#27;[0m Relaxing hidden api policy
&amp#27;[38;5;162m[5fbf8dbe]&amp#27;[0m&amp#27;[38;5;229m[ADB]&amp#27;[0m Running 'C:\Users\sajus\AppData\Local\Android\Sdk\platform-tools\adb.exe -P 5037 -s CTLID18120801016 shell 'settings put global hidden_api_policy_pre_p_apps 1;settings put global hidden_api_policy_p_apps 1;settings put global hidden_api_policy 1''
&amp#27;[38;5;162m[5fbf8dbe]&amp#27;[0m&amp#27;[38;5;-120m[AndroidUiautomator2Driver@c7f9]&amp#27;[0m Pushing settings apk to the device...
&amp#27;[38;5;162m[5fbf8dbe]&amp#27;[0m&amp#27;[38;5;229m[ADB]&amp#27;[0m Getting package info for 'io.appium.settings'
&amp#27;[38;5;162m[5fbf8dbe]&amp#27;[0m&amp#27;[38;5;229m[ADB]&amp#27;[0m Running 'C:\Users\sajus\AppData\Local\Android\Sdk\platform-tools\adb.exe -P 5037 -s CTLID18120801016 shell dumpsys package io.appium.settings'
&amp#27;[38;5;162m[5fbf8dbe]&amp#27;[0m&amp#27;[38;5;229m[ADB]&amp#27;[0m Using 'aapt2.exe' from 'C:\Users\sajus\AppData\Local\Android\Sdk\build-tools\36.0.0\aapt2.exe'
&amp#27;[38;5;162m[5fbf8dbe]&amp#27;[0m&amp#27;[38;5;229m[ADB]&amp#27;[0m Reading package manifest: 'C:\\Users\\sajus\\AppData\\Local\\Android\\Sdk\\build-tools\\36.0.0\\aapt2.exe dump badging C:\\Users\\sajus\\.appium\\node_modules\\appium-uiautomator2-driver\\node_modules\\io.appium.settings\\apks\\settings_apk-debug.apk'
&amp#27;[38;5;162m[5fbf8dbe]&amp#27;[0m&amp#27;[38;5;229m[ADB]&amp#27;[0m The version name of the installed 'io.appium.settings' is greater or equal to the application version name ('5.14.8' >= '5.14.8')
&amp#27;[38;5;162m[5fbf8dbe]&amp#27;[0m&amp#27;[38;5;229m[ADB]&amp#27;[0m There is no need to install/upgrade 'C:\Users\sajus\.appium\node_modules\appium-uiautomator2-driver\node_modules\io.appium.settings\apks\settings_apk-debug.apk'
&amp#27;[38;5;162m[5fbf8dbe]&amp#27;[0m&amp#27;[38;5;229m[ADB]&amp#27;[0m Running 'C:\Users\sajus\AppData\Local\Android\Sdk\platform-tools\adb.exe -P 5037 -s CTLID18120801016 shell dumpsys activity services io.appium.settings'
&amp#27;[38;5;162m[5fbf8dbe]&amp#27;[0m&amp#27;[38;5;-120m[AndroidUiautomator2Driver@c7f9]&amp#27;[0m io.appium.settings is already running. There is no need to reset its permissions.
&amp#27;[38;5;162m[5fbf8dbe]&amp#27;[0m&amp#27;[38;5;160m[Logcat]&amp#27;[0m Starting logs capture with command: C:\\Users\\sajus\\AppData\\Local\\Android\\Sdk\\platform-tools\\adb.exe -P 5037 -s CTLID18120801016 logcat -v threadtime
&amp#27;[38;5;162m[5fbf8dbe]&amp#27;[0m&amp#27;[38;5;229m[ADB]&amp#27;[0m Running 'C:\Users\sajus\AppData\Local\Android\Sdk\platform-tools\adb.exe -P 5037 -s CTLID18120801016 shell appops set io.appium.settings android:mock_location allow'
&amp#27;[38;5;162m[5fbf8dbe]&amp#27;[0m&amp#27;[38;5;229m[ADB]&amp#27;[0m Running 'C:\Users\sajus\AppData\Local\Android\Sdk\platform-tools\adb.exe -P 5037 -s CTLID18120801016 shell "[ -e '/data/local/tmp/mock_apps.json' ] && echo __PASS__"'
&amp#27;[38;5;162m[5fbf8dbe]&amp#27;[0m&amp#27;[38;5;229m[ADB]&amp#27;[0m Running 'C:\Users\sajus\AppData\Local\Android\Sdk\platform-tools\adb.exe -P 5037 -s CTLID18120801016 shell cat /data/local/tmp/mock_apps.json'
&amp#27;[38;5;162m[5fbf8dbe]&amp#27;[0m&amp#27;[38;5;-120m[AndroidUiautomator2Driver@c7f9]&amp#27;[0m Forwarding UiAutomator2 Server port 6790 to local port 8202
&amp#27;[38;5;162m[5fbf8dbe]&amp#27;[0m&amp#27;[38;5;229m[ADB]&amp#27;[0m Forwarding system: 8202 to device: 6790
&amp#27;[38;5;162m[5fbf8dbe]&amp#27;[0m&amp#27;[38;5;229m[ADB]&amp#27;[0m Running 'C:\Users\sajus\AppData\Local\Android\Sdk\platform-tools\adb.exe -P 5037 -s CTLID18120801016 forward tcp:8202 tcp:6790'
&amp#27;[38;5;162m[5fbf8dbe]&amp#27;[0m&amp#27;[38;5;-120m[AndroidUiautomator2Driver@c7f9]&amp#27;[0m UIA2Proxy options: {"server":"127.0.0.1","port":8202,"keepAlive":true,"scheme":"http","base":"","reqBasePath":"","sessionId":null,"timeout":240000}
&amp#27;[38;5;162m[5fbf8dbe]&amp#27;[0m&amp#27;[38;5;229m[ADB]&amp#27;[0m Getting package info for 'io.appium.uiautomator2.server'
&amp#27;[38;5;162m[5fbf8dbe]&amp#27;[0m&amp#27;[38;5;229m[ADB]&amp#27;[0m Running 'C:\Users\sajus\AppData\Local\Android\Sdk\platform-tools\adb.exe -P 5037 -s CTLID18120801016 shell dumpsys package io.appium.uiautomator2.server'
&amp#27;[38;5;162m[5fbf8dbe]&amp#27;[0m&amp#27;[38;5;229m[ADB]&amp#27;[0m Getting install status for io.appium.uiautomator2.server.test
&amp#27;[38;5;162m[5fbf8dbe]&amp#27;[0m&amp#27;[38;5;-120m[AndroidUiautomator2Driver@c7f9]&amp#27;[0m No app capability. Assuming it is already on the device
&amp#27;[38;5;162m[5fbf8dbe]&amp#27;[0m&amp#27;[38;5;229m[ADB]&amp#27;[0m Running 'C:\Users\sajus\AppData\Local\Android\Sdk\platform-tools\adb.exe -P 5037 -s CTLID18120801016 shell cmd package list packages'
&amp#27;[38;5;162m[5fbf8dbe]&amp#27;[0m&amp#27;[38;5;229m[ADB]&amp#27;[0m Reading package manifest: 'C:\\Users\\sajus\\AppData\\Local\\Android\\Sdk\\build-tools\\36.0.0\\aapt2.exe dump badging C:\\Users\\sajus\\.appium\\node_modules\\appium-uiautomator2-driver\\node_modules\\appium-uiautomator2-server\\apks\\appium-uiautomator2-server-v7.5.2.apk'
&amp#27;[38;5;162m[5fbf8dbe]&amp#27;[0m&amp#27;[38;5;229m[ADB]&amp#27;[0m 'io.appium.uiautomator2.server.test' is installed
&amp#27;[38;5;162m[5fbf8dbe]&amp#27;[0m&amp#27;[38;5;229m[ADB]&amp#27;[0m The version name of the installed 'io.appium.uiautomator2.server' is greater or equal to the application version name ('7.5.2' >= '7.5.2')
&amp#27;[38;5;162m[5fbf8dbe]&amp#27;[0m&amp#27;[38;5;-120m[AndroidUiautomator2Driver@c7f9]&amp#27;[0m Server packages status: [{"installState":"sameVersionInstalled","appPath":"C:\\Users\\sajus\\.appium\\node_modules\\appium-uiautomator2-driver\\node_modules\\appium-uiautomator2-server\\apks\\appium-uiautomator2-server-v7.5.2.apk","appId":"io.appium.uiautomator2.server"},{"installState":"sameVersionInstalled","appPath":"C:\\Users\\sajus\\.appium\\node_modules\\appium-uiautomator2-driver\\node_modules\\appium-uiautomator2-server\\apks\\appium-uiautomator2-server-debug-androidTest.apk","appId":"io.appium.uiautomator2.server.test"}]
&amp#27;[38;5;162m[5fbf8dbe]&amp#27;[0m&amp#27;[38;5;-120m[AndroidUiautomator2Driver@c7f9]&amp#27;[0m Server packages are not going to be (re)installed
&amp#27;[38;5;162m[5fbf8dbe]&amp#27;[0m&amp#27;[38;5;-120m[AndroidUiautomator2Driver@c7f9]&amp#27;[0m Waiting up to 30000ms for services to be available
&amp#27;[38;5;162m[5fbf8dbe]&amp#27;[0m&amp#27;[38;5;229m[ADB]&amp#27;[0m Running 'C:\Users\sajus\AppData\Local\Android\Sdk\platform-tools\adb.exe -P 5037 -s CTLID18120801016 shell pm list instrumentation'
&amp#27;[38;5;162m[5fbf8dbe]&amp#27;[0m&amp#27;[38;5;-120m[AndroidUiautomator2Driver@c7f9]&amp#27;[0m Instrumentation target 'io.appium.uiautomator2.server.test/androidx.test.runner.AndroidJUnitRunner' is available
&amp#27;[38;5;162m[5fbf8dbe]&amp#27;[0m&amp#27;[38;5;229m[ADB]&amp#27;[0m Adding packages ["io.appium.settings","io.appium.uiautomator2.server","io.appium.uiautomator2.server.test"] to Doze whitelist
&amp#27;[38;5;162m[5fbf8dbe]&amp#27;[0m&amp#27;[38;5;229m[ADB]&amp#27;[0m Got the following command chunks to execute: [["dumpsys","deviceidle","whitelist","+io.appium.settings",";","dumpsys","deviceidle","whitelist","+io.appium.uiautomator2.server",";","dumpsys","deviceidle","whitelist","+io.appium.uiautomator2.server.test",";"]]
&amp#27;[38;5;162m[5fbf8dbe]&amp#27;[0m&amp#27;[38;5;229m[ADB]&amp#27;[0m Running 'C:\Users\sajus\AppData\Local\Android\Sdk\platform-tools\adb.exe -P 5037 -s CTLID18120801016 shell dumpsys deviceidle whitelist +io.appium.settings ; dumpsys deviceidle whitelist +io.appium.uiautomator2.server ; dumpsys deviceidle whitelist +io.appium.uiautomator2.server.test ;'
&amp#27;[38;5;162m[5fbf8dbe]&amp#27;[0m&amp#27;[38;5;-120m[AndroidUiautomator2Driver@c7f9]&amp#27;[0m Performing shallow cleanup of automation leftovers
&amp#27;[38;5;162m[5fbf8dbe]&amp#27;[0m&amp#27;[38;5;-120m[AndroidUiautomator2Driver@c7f9]&amp#27;[0m No obsolete sessions have been detected (socket hang up)
&amp#27;[38;5;162m[5fbf8dbe]&amp#27;[0m&amp#27;[38;5;229m[ADB]&amp#27;[0m Running 'C:\Users\sajus\AppData\Local\Android\Sdk\platform-tools\adb.exe -P 5037 -s CTLID18120801016 shell am force-stop io.appium.uiautomator2.server'
&amp#27;[38;5;162m[5fbf8dbe]&amp#27;[0m&amp#27;[38;5;229m[ADB]&amp#27;[0m Running 'C:\Users\sajus\AppData\Local\Android\Sdk\platform-tools\adb.exe -P 5037 -s CTLID18120801016 shell am force-stop io.appium.uiautomator2.server.test'
&amp#27;[38;5;162m[5fbf8dbe]&amp#27;[0m&amp#27;[38;5;-120m[AndroidUiautomator2Driver@c7f9]&amp#27;[0m Starting UIAutomator2 server 7.5.2
&amp#27;[38;5;162m[5fbf8dbe]&amp#27;[0m&amp#27;[38;5;-120m[AndroidUiautomator2Driver@c7f9]&amp#27;[0m Using UIAutomator2 server from 'C:\Users\sajus\.appium\node_modules\appium-uiautomator2-driver\node_modules\appium-uiautomator2-server\apks\appium-uiautomator2-server-v7.5.2.apk' and test from 'C:\Users\sajus\.appium\node_modules\appium-uiautomator2-driver\node_modules\appium-uiautomator2-server\apks\appium-uiautomator2-server-debug-androidTest.apk'
&amp#27;[38;5;162m[5fbf8dbe]&amp#27;[0m&amp#27;[38;5;-120m[AndroidUiautomator2Driver@c7f9]&amp#27;[0m Waiting up to 30000ms for UiAutomator2 to be online...
&amp#27;[38;5;162m[5fbf8dbe]&amp#27;[0m&amp#27;[38;5;229m[ADB]&amp#27;[0m Creating ADB subprocess with args: ["-P","5037","-s","CTLID18120801016","shell","am","instrument","-w","-e","disableAnalytics","true","io.appium.uiautomator2.server.test/androidx.test.runner.AndroidJUnitRunner"]
&amp#27;[38;5;162m[5fbf8dbe]&amp#27;[0m&amp#27;[38;5;-120m[AndroidUiautomator2Driver@c7f9]&amp#27;[0m Matched '/status' to command name 'getStatus'
&amp#27;[38;5;162m[5fbf8dbe]&amp#27;[0m&amp#27;[38;5;-120m[AndroidUiautomator2Driver@c7f9]&amp#27;[0m Proxying [GET /status] to [GET http://127.0.0.1:8202/status] with no body
&amp#27;[38;5;162m[5fbf8dbe]&amp#27;[0m&amp#27;[38;5;-120m[AndroidUiautomator2Driver@c7f9]&amp#27;[0m socket hang up
&amp#27;[38;5;162m[5fbf8dbe]&amp#27;[0m&amp#27;[38;5;-120m[AndroidUiautomator2Driver@c7f9]&amp#27;[0m Matched '/status' to command name 'getStatus'
&amp#27;[38;5;162m[5fbf8dbe]&amp#27;[0m&amp#27;[38;5;-120m[AndroidUiautomator2Driver@c7f9]&amp#27;[0m Proxying [GET /status] to [GET http://127.0.0.1:8202/status] with no body
&amp#27;[38;5;162m[5fbf8dbe]&amp#27;[0m&amp#27;[38;5;-120m[AndroidUiautomator2Driver@c7f9]&amp#27;[0m socket hang up
&amp#27;[38;5;162m[5fbf8dbe]&amp#27;[0m&amp#27;[38;5;-120m[AndroidUiautomator2Driver@c7f9]&amp#27;[0m [Instrumentation] 
&amp#27;[38;5;162m[5fbf8dbe]&amp#27;[0m&amp#27;[38;5;-120m[AndroidUiautomator2Driver@c7f9]&amp#27;[0m Matched '/status' to command name 'getStatus'
&amp#27;[38;5;162m[5fbf8dbe]&amp#27;[0m&amp#27;[38;5;-120m[AndroidUiautomator2Driver@c7f9]&amp#27;[0m Proxying [GET /status] to [GET http://127.0.0.1:8202/status] with no body
&amp#27;[38;5;162m[5fbf8dbe]&amp#27;[0m&amp#27;[38;5;-120m[AndroidUiautomator2Driver@c7f9]&amp#27;[0m socket hang up
&amp#27;[38;5;162m[5fbf8dbe]&amp#27;[0m&amp#27;[38;5;-120m[AndroidUiautomator2Driver@c7f9]&amp#27;[0m Matched '/status' to command name 'getStatus'
&amp#27;[38;5;162m[5fbf8dbe]&amp#27;[0m&amp#27;[38;5;-120m[AndroidUiautomator2Driver@c7f9]&amp#27;[0m Proxying [GET /status] to [GET http://127.0.0.1:8202/status] with no body
&amp#27;[38;5;162m[5fbf8dbe]&amp#27;[0m&amp#27;[38;5;-120m[AndroidUiautomator2Driver@c7f9]&amp#27;[0m Got response with status 200: {"sessionId":"None","value":{"message":"UiAutomator2 Server is ready to accept commands","ready":true}}
&amp#27;[38;5;162m[5fbf8dbe]&amp#27;[0m&amp#27;[38;5;-120m[AndroidUiautomator2Driver@c7f9]&amp#27;[0m The initialization of the instrumentation process took 3328ms
&amp#27;[38;5;162m[5fbf8dbe]&amp#27;[0m&amp#27;[38;5;-120m[AndroidUiautomator2Driver@c7f9]&amp#27;[0m Matched '/session' to command name 'createSession'
&amp#27;[38;5;162m[5fbf8dbe]&amp#27;[0m&amp#27;[38;5;-120m[AndroidUiautomator2Driver@c7f9]&amp#27;[0m Proxying [POST /session] to [POST http://127.0.0.1:8202/session] with body: {"capabilities":{"firstMatch":[{"platformName":"ANDROID","appActivity":"com.androidsample.generalstore.SplashActivity","appPackage":"com.androidsample.generalstore","automationName":"UiAutomator2","deviceName":"CTLID18120801016","noReset":true,"platformVersion":"11.0","systemPort":8202,"udid":"CTLID18120801016","platform":"LINUX","webStorageEnabled":false,"takesScreenshot":true,"javascriptEnabled":true,"databaseEnabled":false,"networkConnectionEnabled":true,"locationContextEnabled":false,"warnings":{},"desired":{"platformName":"ANDROID","appActivity":"com.androidsample.generalstore.SplashActivity","appPackage":"com.androidsample.generalstore","automationName":"UiAutomator2","deviceName":"Nokia","noReset":true,"platformVersion":"11.0","systemPort":8202,"udid":"CTLID18120801016"},"deviceUDID":"CTLID18120801016"}],"alwaysMatch":{}}}
&amp#27;[38;5;162m[5fbf8dbe]&amp#27;[0m&amp#27;[38;5;-120m[AndroidUiautomator2Driver@c7f9]&amp#27;[0m Got response with status 200: {"sessionId":"858259a7-d81b-4fb0-9e33-66a34ed7ea00","value":{"capabilities":{"firstMatch":[{"platformName":"ANDROID","appActivity":"com.androidsample.generalstore.SplashActivity","appPackage":"com.androidsample.generalstore","automationName":"UiAutomator2","deviceName":"CTLID18120801016","noReset":true,"platformVersion":"11.0","systemPort":8202,"udid":"CTLID18120801016","platform":"LINUX","webStorageEnabled":false,"takesScreenshot":true,"javascriptEnabled":true,"databaseEnabled":false,"networkConnectionEnabled":true,"locationContextEnabled":false,"warnings":{},"desired":{"platformName":"ANDROID","appActivity":"com.androidsample.generalstore.SplashActivity","appPackage":"com.androidsample.generalstore","automationName":"UiAutomator2","deviceName":"Nokia","noReset":true,"platformVersion":"11.0","systemPort":8202,"udid":"CTLID18120801016"},"deviceUDID":"CTLID18120801016"}],"alwaysMatch":{}},"sessionId":"858259a7-d81b-4fb0-9e33-66a34ed7ea00"}}
&amp#27;[38;5;162m[5fbf8dbe]&amp#27;[0m&amp#27;[38;5;-120m[AndroidUiautomator2Driver@c7f9]&amp#27;[0m Determined the downstream protocol as 'W3C'
&amp#27;[38;5;162m[5fbf8dbe]&amp#27;[0m&amp#27;[38;5;-120m[AndroidUiautomator2Driver@c7f9]&amp#27;[0m Proxying [GET /appium/device/pixel_ratio] to [GET http://127.0.0.1:8202/session/858259a7-d81b-4fb0-9e33-66a34ed7ea00/appium/device/pixel_ratio] with no body
&amp#27;[38;5;162m[5fbf8dbe]&amp#27;[0m&amp#27;[38;5;-120m[AndroidUiautomator2Driver@c7f9]&amp#27;[0m Matched '/appium/device/system_bars' to command name 'getSystemBars'
&amp#27;[38;5;162m[5fbf8dbe]&amp#27;[0m&amp#27;[38;5;-120m[AndroidUiautomator2Driver@c7f9]&amp#27;[0m Proxying [GET /appium/device/system_bars] to [GET http://127.0.0.1:8202/session/858259a7-d81b-4fb0-9e33-66a34ed7ea00/appium/device/system_bars] with no body
&amp#27;[38;5;162m[5fbf8dbe]&amp#27;[0m&amp#27;[38;5;-120m[AndroidUiautomator2Driver@c7f9]&amp#27;[0m Matched '/window/current/size' to command name 'getWindowSize'
&amp#27;[38;5;162m[5fbf8dbe]&amp#27;[0m&amp#27;[38;5;-120m[AndroidUiautomator2Driver@c7f9]&amp#27;[0m Proxying [GET /window/current/size] to [GET http://127.0.0.1:8202/session/858259a7-d81b-4fb0-9e33-66a34ed7ea00/window/current/size] with no body
&amp#27;[38;5;162m[5fbf8dbe]&amp#27;[0m&amp#27;[38;5;-120m[AndroidUiautomator2Driver@c7f9]&amp#27;[0m Proxying [GET /appium/device/info] to [GET http://127.0.0.1:8202/session/858259a7-d81b-4fb0-9e33-66a34ed7ea00/appium/device/info] with no body
&amp#27;[38;5;162m[5fbf8dbe]&amp#27;[0m&amp#27;[38;5;229m[ADB]&amp#27;[0m Running 'C:\Users\sajus\AppData\Local\Android\Sdk\platform-tools\adb.exe -P 5037 -s CTLID18120801016 shell dumpsys window'
&amp#27;[38;5;162m[5fbf8dbe]&amp#27;[0m&amp#27;[38;5;229m[ADB]&amp#27;[0m Running 'C:\Users\sajus\AppData\Local\Android\Sdk\platform-tools\adb.exe -P 5037 -s CTLID18120801016 shell dumpsys power'
&amp#27;[38;5;162m[5fbf8dbe]&amp#27;[0m&amp#27;[38;5;-120m[AndroidUiautomator2Driver@c7f9]&amp#27;[0m Got response with status 200: {"sessionId":"858259a7-d81b-4fb0-9e33-66a34ed7ea00","value":2.625}
&amp#27;[38;5;162m[5fbf8dbe]&amp#27;[0m&amp#27;[38;5;-120m[AndroidUiautomator2Driver@c7f9]&amp#27;[0m Got response with status 200: {"sessionId":"858259a7-d81b-4fb0-9e33-66a34ed7ea00","value":{"statusBar":89}}
&amp#27;[38;5;162m[5fbf8dbe]&amp#27;[0m&amp#27;[38;5;-120m[AndroidUiautomator2Driver@c7f9]&amp#27;[0m Got response with status 200: {"sessionId":"858259a7-d81b-4fb0-9e33-66a34ed7ea00","value":{"height":2280,"width":1080}}
&amp#27;[38;5;162m[5fbf8dbe]&amp#27;[0m&amp#27;[38;5;-120m[AndroidUiautomator2Driver@c7f9]&amp#27;[0m Screen already unlocked, doing nothing
&amp#27;[38;5;162m[5fbf8dbe]&amp#27;[0m&amp#27;[38;5;-120m[AndroidUiautomator2Driver@c7f9]&amp#27;[0m Starting 'com.androidsample.generalstore/com.androidsample.generalstore.SplashActivity' and waiting for 'com.androidsample.generalstore/com.androidsample.generalstore.SplashActivity'
&amp#27;[38;5;162m[5fbf8dbe]&amp#27;[0m&amp#27;[38;5;229m[ADB]&amp#27;[0m Getting IDs of all 'com.androidsample.generalstore' processes
&amp#27;[38;5;162m[5fbf8dbe]&amp#27;[0m&amp#27;[38;5;229m[ADB]&amp#27;[0m Running 'C:\Users\sajus\AppData\Local\Android\Sdk\platform-tools\adb.exe -P 5037 -s CTLID18120801016 shell 'pgrep --help; echo $?''
&amp#27;[38;5;162m[5fbf8dbe]&amp#27;[0m&amp#27;[38;5;-120m[AndroidUiautomator2Driver@c7f9]&amp#27;[0m Got response with status 200: {"sessionId":"858259a7-d81b-4fb0-9e33-66a34ed7ea00","value":{"androidId":"7be9e4e610cc4454","apiVersion":"29","bluetooth":{"state":"OFF"},"brand":"Nokia","carrierName":"","displayDensity":420,"locale":"en_IN","manufacturer":"HMD Global","model":"Nokia 7.1","networks":[{"capabilities":{"SSID":null,"linkDownBandwidthKbps":1048576,"linkUpstreamBandwidthKbps":1048576,"networkCapabilities":"NET_CAPABILITY_NOT_METERED,NET_CAPABILITY_INTERNET,NET_CAPABILITY_NOT_RESTRICTED,NET_CAPABILITY_TRUSTED,NET_CAPABILITY_NOT_VPN,NET_CAPABILITY_VALIDATED,NET_CAPABILITY_NOT_ROAMING,NET_CAPABILITY_FOREGROUND,NET_CAPABILITY_NOT_CONGESTED,NET_CAPABILITY_NOT_SUSPENDED","signalStrength":-58,"transportTypes":"TRANSPORT_WIFI"},"detailedState":"CONNECTED","extraInfo":null,"isAvailable":true,"isConnected":true,"isFailover":false,"isRoaming":false,"state":"CONNECTED","subtype":0,"subtypeName":"","type":1,"typeName":"WIFI"}],"platformVersion":"10","realDisplaySize":"1080x2280","timeZone":"America/Toronto"}}
&amp#27;[38;5;162m[5fbf8dbe]&amp#27;[0m&amp#27;[38;5;229m[ADB]&amp#27;[0m Running 'C:\Users\sajus\AppData\Local\Android\Sdk\platform-tools\adb.exe -P 5037 -s CTLID18120801016 shell pgrep -f \(\[\[:blank:\]\]\|\^\)com\.androidsample\.generalstore\(:\[a-zA-Z0-9_-\]\+\)\?\(\[\[:blank:\]\]\|\$\)'
&amp#27;[38;5;162m[5fbf8dbe]&amp#27;[0m&amp#27;[38;5;229m[ADB]&amp#27;[0m Running 'C:\Users\sajus\AppData\Local\Android\Sdk\platform-tools\adb.exe -P 5037 -s CTLID18120801016 shell am start-activity -W -n com.androidsample.generalstore/com.androidsample.generalstore.SplashActivity -S -a android.intent.action.MAIN -c android.intent.category.LAUNCHER -f 0x10200000'
&amp#27;[38;5;162m[5fbf8dbe]&amp#27;[0m&amp#27;[38;5;81m[AppiumDriver@b214]&amp#27;[0m New AndroidUiautomator2Driver session created successfully, session 5fbf8dbe-b01f-4c1b-be1b-ad7d7fc42d78 added to master session list
&amp#27;[38;5;162m[5fbf8dbe]&amp#27;[0m&amp#27;[38;5;81m[AppiumDriver@b214]&amp#27;[0m Event 'newSessionStarted' logged at 1750354744324 (13:39:04 GMT-0400 (Eastern Daylight Saving Time))
&amp#27;[38;5;162m[5fbf8dbe]&amp#27;[0m&amp#27;[38;5;-120m[AndroidUiautomator2Driver@c7f9]&amp#27;[0m Cached the protocol value 'W3C' for the new session 5fbf8dbe-b01f-4c1b-be1b-ad7d7fc42d78
&amp#27;[38;5;162m[5fbf8dbe]&amp#27;[0m&amp#27;[38;5;-120m[AndroidUiautomator2Driver@c7f9]&amp#27;[0m Responding to client with driver.createSession() result: {"capabilities":{"platformName":"ANDROID","appActivity":"com.androidsample.generalstore.SplashActivity","appPackage":"com.androidsample.generalstore","automationName":"UiAutomator2","deviceName":"CTLID18120801016","noReset":true,"platformVersion":"10","systemPort":8202,"udid":"CTLID18120801016","platform":"LINUX","webStorageEnabled":false,"takesScreenshot":true,"javascriptEnabled":true,"databaseEnabled":false,"networkConnectionEnabled":true,"locationContextEnabled":false,"warnings":{},"desired":{"platformName":"ANDROID","appActivity":"com.androidsample.generalstore.SplashActivity","appPackage":"com.androidsample.generalstore","automationName":"UiAutomator2","deviceName":"Nokia","noReset":true,"platformVersion":"11.0","systemPort":8202,"udid":"CTLID18120801016"},"deviceUDID":"CTLID18120801016","pixelRatio":"2.625","statBarHeight":89,"viewportRect":{"left":0,"top":89,"width":1080,"height":2191},"deviceApiLevel":29,"deviceManufacturer":"HMD Global","deviceModel":"Nokia 7.1","deviceScreenSize":"1080x2280","dev...
&amp#27;[38;5;162m[5fbf8dbe]&amp#27;[0m&amp#27;[38;5;86m[HTTP]&amp#27;[0m &amp#27;[37m<-- POST /session &amp#27;[39m&amp#27;[32m200&amp#27;[39m &amp#27;[90m7270 ms - 1105&amp#27;[39m &amp#27;[90m&amp#27;[39m
&amp#27;[38;5;162m[5fbf8dbe]&amp#27;[0m&amp#27;[38;5;86m[HTTP]&amp#27;[0m &amp#27;[37m-->&amp#27;[39m &amp#27;[37mPOST&amp#27;[39m &amp#27;[37m/session/5fbf8dbe-b01f-4c1b-be1b-ad7d7fc42d78/element&amp#27;[39m &amp#27;[90m{"using":"id","value":"com.androidsample.generalstore:id/nameField"}&amp#27;[39m
&amp#27;[38;5;162m[5fbf8dbe]&amp#27;[0m&amp#27;[38;5;-120m[AndroidUiautomator2Driver@c7f9]&amp#27;[0m Calling AppiumDriver.findElement() with args: ["id","com.androidsample.generalstore:id/nameField","5fbf8dbe-b01f-4c1b-be1b-ad7d7fc42d78"]
&amp#27;[38;5;162m[5fbf8dbe]&amp#27;[0m&amp#27;[38;5;-120m[AndroidUiautomator2Driver@c7f9]&amp#27;[0m Valid locator strategies for this request: xpath, id, class name, accessibility id, css selector, -android uiautomator
&amp#27;[38;5;162m[5fbf8dbe]&amp#27;[0m&amp#27;[38;5;-120m[AndroidUiautomator2Driver@c7f9]&amp#27;[0m Waiting up to 0 ms for condition
&amp#27;[38;5;162m[5fbf8dbe]&amp#27;[0m&amp#27;[38;5;-120m[AndroidUiautomator2Driver@c7f9]&amp#27;[0m Matched '/element' to command name 'findElement'
&amp#27;[38;5;162m[5fbf8dbe]&amp#27;[0m&amp#27;[38;5;-120m[AndroidUiautomator2Driver@c7f9]&amp#27;[0m Proxying [POST /element] to [POST http://127.0.0.1:8202/session/858259a7-d81b-4fb0-9e33-66a34ed7ea00/element] with body: {"strategy":"id","selector":"com.androidsample.generalstore:id/nameField","context":"","multiple":false}
&amp#27;[38;5;162m[5fbf8dbe]&amp#27;[0m&amp#27;[38;5;-120m[AndroidUiautomator2Driver@c7f9]&amp#27;[0m Got response with status 200: {"sessionId":"858259a7-d81b-4fb0-9e33-66a34ed7ea00","value":{"ELEMENT":"00000000-0000-09bb-ffff-ffff0000001c","element-6066-11e4-a52e-4f735466cecf":"00000000-0000-09bb-ffff-ffff0000001c"}}
&amp#27;[38;5;162m[5fbf8dbe]&amp#27;[0m&amp#27;[38;5;-120m[AndroidUiautomator2Driver@c7f9]&amp#27;[0m Responding to client with driver.findElement() result: {"element-6066-11e4-a52e-4f735466cecf":"00000000-0000-09bb-ffff-ffff0000001c","ELEMENT":"00000000-0000-09bb-ffff-ffff0000001c"}
&amp#27;[38;5;162m[5fbf8dbe]&amp#27;[0m&amp#27;[38;5;86m[HTTP]&amp#27;[0m &amp#27;[37m<-- POST /session/5fbf8dbe-b01f-4c1b-be1b-ad7d7fc42d78/element &amp#27;[39m&amp#27;[32m200&amp#27;[39m &amp#27;[90m151 ms - 137&amp#27;[39m &amp#27;[90m&amp#27;[39m
&amp#27;[38;5;162m[5fbf8dbe]&amp#27;[0m&amp#27;[38;5;86m[HTTP]&amp#27;[0m &amp#27;[37m-->&amp#27;[39m &amp#27;[37mPOST&amp#27;[39m &amp#27;[37m/session/5fbf8dbe-b01f-4c1b-be1b-ad7d7fc42d78/element/00000000-0000-09bb-ffff-ffff0000001c/value&amp#27;[39m &amp#27;[90m{"id":"00000000-0000-09bb-ffff-ffff0000001c","text":"danny","value":["d","a","n","n","y"]}&amp#27;[39m
&amp#27;[38;5;162m[5fbf8dbe]&amp#27;[0m&amp#27;[38;5;-120m[AndroidUiautomator2Driver@c7f9]&amp#27;[0m Calling AppiumDriver.setValue() with args: [["d","a","n","n","y"],"00000000-0000-09bb-ffff-ffff0000001c","5fbf8dbe-b01f-4c1b-be1b-ad7d7fc42d78"]
&amp#27;[38;5;162m[5fbf8dbe]&amp#27;[0m&amp#27;[38;5;-120m[AndroidUiautomator2Driver@c7f9]&amp#27;[0m Matched '/element/00000000-0000-09bb-ffff-ffff0000001c/value' to command name 'setValue'
&amp#27;[38;5;162m[5fbf8dbe]&amp#27;[0m&amp#27;[38;5;-120m[AndroidUiautomator2Driver@c7f9]&amp#27;[0m Added 'value' property ["d","a","n","n","y"] to 'setValue' request body
&amp#27;[38;5;162m[5fbf8dbe]&amp#27;[0m&amp#27;[38;5;-120m[AndroidUiautomator2Driver@c7f9]&amp#27;[0m Proxying [POST /element/00000000-0000-09bb-ffff-ffff0000001c/value] to [POST http://127.0.0.1:8202/session/858259a7-d81b-4fb0-9e33-66a34ed7ea00/element/00000000-0000-09bb-ffff-ffff0000001c/value] with body: {"elementId":"00000000-0000-09bb-ffff-ffff0000001c","text":"danny","replace":false,"value":["d","a","n","n","y"]}
&amp#27;[38;5;162m[5fbf8dbe]&amp#27;[0m&amp#27;[38;5;-120m[AndroidUiautomator2Driver@c7f9]&amp#27;[0m Got response with status 200: {"sessionId":"858259a7-d81b-4fb0-9e33-66a34ed7ea00","value":null}
&amp#27;[38;5;162m[5fbf8dbe]&amp#27;[0m&amp#27;[38;5;-120m[AndroidUiautomator2Driver@c7f9]&amp#27;[0m Responding to client with driver.setValue() result: null
&amp#27;[38;5;162m[5fbf8dbe]&amp#27;[0m&amp#27;[38;5;86m[HTTP]&amp#27;[0m &amp#27;[37m<-- POST /session/5fbf8dbe-b01f-4c1b-be1b-ad7d7fc42d78/element/00000000-0000-09bb-ffff-ffff0000001c/value &amp#27;[39m&amp#27;[32m200&amp#27;[39m &amp#27;[90m626 ms - 14&amp#27;[39m &amp#27;[90m&amp#27;[39m
&amp#27;[38;5;162m[5fbf8dbe]&amp#27;[0m&amp#27;[38;5;86m[HTTP]&amp#27;[0m &amp#27;[37m-->&amp#27;[39m &amp#27;[37mGET&amp#27;[39m &amp#27;[37m/session/5fbf8dbe-b01f-4c1b-be1b-ad7d7fc42d78/screenshot&amp#27;[39m &amp#27;[90m{}&amp#27;[39m
&amp#27;[38;5;162m[5fbf8dbe]&amp#27;[0m&amp#27;[38;5;-120m[AndroidUiautomator2Driver@c7f9]&amp#27;[0m Calling AppiumDriver.getScreenshot() with args: ["5fbf8dbe-b01f-4c1b-be1b-ad7d7fc42d78"]
&amp#27;[38;5;162m[5fbf8dbe]&amp#27;[0m&amp#27;[38;5;-120m[AndroidUiautomator2Driver@c7f9]&amp#27;[0m Matched '/screenshot' to command name 'getScreenshot'
&amp#27;[38;5;162m[5fbf8dbe]&amp#27;[0m&amp#27;[38;5;-120m[AndroidUiautomator2Driver@c7f9]&amp#27;[0m Proxying [GET /screenshot] to [GET http://127.0.0.1:8202/session/858259a7-d81b-4fb0-9e33-66a34ed7ea00/screenshot] with no body
&amp#27;[38;5;162m[5fbf8dbe]&amp#27;[0m&amp#27;[38;5;-120m[AndroidUiautomator2Driver@c7f9]&amp#27;[0m Got response with status 200: {"sessionId":"858259a7-d81b-4fb0-9e33-66a34ed7ea00","value":"iVBORw0KGgoAAAANSUhEUgAABDgAAAjoCAYAAAA5jhrUAAAAAXNSR0IArs4c6QAAAARzQklUCAgICHwIZIgAACAASURBVHic7N13fBzF3cfx7+zuqdmS3I1xw2CMKQZsiikmtNAceseUBwgdQhIgHRIIaRCSEAgtQAJJICQUExKa6b13MBgw4IZxlSXZane78/xxRSdpT/0krfV58zL2bZly2383O2MGzz3JCgAAAAAAIMKc3i4AAAAAAABAVxHgAAAAAAAAkUeAAwAAAAAARB4BDgAAAAAAEHkEOAAAAAAAQOQR4AAAAAAAAJFHgAMAAAAAAEQeAQ4AAAAAABB5BDgAAAAAAEDkEeAAAAAAAACRR4ADAAAAAABEHgEOAAAAAAAQeQQ4AAAAAABA5BHgAAAAAAAAkUeAAwAAAAAARB4BDgAAAAAAEHkEOAAAAAAAQOQR4AAAAAAAAJFHgAMAAAAAAEQeAQ4AAAAAABB5BDgAAAAAAEDkEeAAAAAAAACRR4ADAAAAAABEHgEOAAAAAAAQeQQ4AAAAAABA5Hm9XQCgLzAyMum/TfLfkmQlWWuV/E+p/0dXf6knAAAAgP6HAAf6LSMjzzjapGAD3Tn2u9ooNrzV5b+Ir9Bxi/6gzxq+UsIGkQkC9Jd6AgAAAO1R7pZoq8JxmlI0TuVOibYqGqdyd0BmfqW/Tu/XLVRlUKP36hbq/fqFqvRreqWsM0om64HxP2rXsgcv+LWer/kozyXq2whwoF8qdYr10xFH6eTBe8pt55taG8WG66WNfyVfgW6veFqXLf+3qoPaPJe0a/pLPQEAAIDWjIsN08zSaZpZup1mlExuc/lvlG7X5PPzNR/poeo39FD1m1oYX5mvYqKLzOC5J/HzLPoNz7g6e8h+unTE0Wp8QaNzrKwuW363rl/9iBLW76YSdo/+Uk8AAACgNTNKJuvMIfu2CFh0xYPV...
&amp#27;[38;5;162m[5fbf8dbe]&amp#27;[0m&amp#27;[38;5;-120m[AndroidUiautomator2Driver@c7f9]&amp#27;[0m Responding to client with driver.getScreenshot() result: "iVBORw0KGgoAAAANSUhEUgAABDgAAAjoCAYAAAA5jhrUAAAAAXNSR0IArs4c6QAAAARzQklUCAgICHwIZIgAACAASURBVHic7N13fBzF3cfx7+zuqdmS3I1xw2CMKQZsiikmtNAceseUBwgdQhIgHRIIaRCSEAgtQAJJICQUExKa6b13MBgw4IZxlSXZane78/xxRSdpT/0krfV58zL2bZly2383O2MGzz3JCgAAAAAAIMKc3i4AAAAAAABAVxHgAAAAAAAAkUeAAwAAAAAARB4BDgAAAAAAEHkEOAAAAAAAQOQR4AAAAAAAAJFHgAMAAAAAAEQeAQ4AAAAAABB5BDgAAAAAAEDkEeAAAAAAAACRR4ADAAAAAABEHgEOAAAAAAAQeQQ4AAAAAABA5BHgAAAAAAAAkUeAAwAAAAAARB4BDgAAAAAAEHkEOAAAAAAAQOQR4AAAAAAAAJFHgAMAAAAAAEQeAQ4AAAAAABB5BDgAAAAAAEDkEeAAAAAAAACRR4ADAAAAAABEHgEOAAAAAAAQeQQ4AAAAAABA5Hm9XQCgLzAyMum/TfLfkmQlWWuV/E+p/0dXf6knAAAAgP6HAAf6LSMjzzjapGAD3Tn2u9ooNrzV5b+Ir9Bxi/6gzxq+UsIGkQkC9Jd6AgAAAO1R7pZoq8JxmlI0TuVOibYqGqdyd0BmfqW/Tu/XLVRlUKP36hbq/fqFqvRreqWsM0om64HxP2rXsgcv+LWer/kozyXq2whwoF8qdYr10xFH6eTBe8pt55taG8WG66WNfyVfgW6veFqXLf+3qoPaPJe0a/pLPQEAAIDWjIsN08zSaZpZup1mlExuc/lvlG7X5PPzNR/poeo39FD1m1oYX5mvYqKLzOC5J/HzLPoNz7g6e8h+unTE0Wp8QaNzrKwuW363rl/9iBLW76YSdo/+Uk8AAACgNTNKJuvMIfu2CFh0xYPVb+im1XN6pLUELTg6hgAH+gUjo1KnSE9N+LkmFIzo1rQ/b1iuvb74mar82l5/...
&amp#27;[38;5;162m[5fbf8dbe]&amp#27;[0m&amp#27;[38;5;86m[HTTP]&amp#27;[0m &amp#27;[37m<-- GET /session/5fbf8dbe-b01f-4c1b-be1b-ad7d7fc42d78/screenshot &amp#27;[39m&amp#27;[32m200&amp#27;[39m &amp#27;[90m1236 ms - 600816&amp#27;[39m &amp#27;[90m&amp#27;[39m
&amp#27;[38;5;162m[5fbf8dbe]&amp#27;[0m&amp#27;[38;5;86m[HTTP]&amp#27;[0m &amp#27;[37m-->&amp#27;[39m &amp#27;[37mGET&amp#27;[39m &amp#27;[37m/session/5fbf8dbe-b01f-4c1b-be1b-ad7d7fc42d78/screenshot&amp#27;[39m &amp#27;[90m{}&amp#27;[39m
&amp#27;[38;5;162m[5fbf8dbe]&amp#27;[0m&amp#27;[38;5;-120m[AndroidUiautomator2Driver@c7f9]&amp#27;[0m Calling AppiumDriver.getScreenshot() with args: ["5fbf8dbe-b01f-4c1b-be1b-ad7d7fc42d78"]
&amp#27;[38;5;162m[5fbf8dbe]&amp#27;[0m&amp#27;[38;5;-120m[AndroidUiautomator2Driver@c7f9]&amp#27;[0m Matched '/screenshot' to command name 'getScreenshot'
&amp#27;[38;5;162m[5fbf8dbe]&amp#27;[0m&amp#27;[38;5;-120m[AndroidUiautomator2Driver@c7f9]&amp#27;[0m Proxying [GET /screenshot] to [GET http://127.0.0.1:8202/session/858259a7-d81b-4fb0-9e33-66a34ed7ea00/screenshot] with no body
&amp#27;[38;5;162m[5fbf8dbe]&amp#27;[0m&amp#27;[38;5;-120m[AndroidUiautomator2Driver@c7f9]&amp#27;[0m Got response with status 200: {"sessionId":"858259a7-d81b-4fb0-9e33-66a34ed7ea00","value":"iVBORw0KGgoAAAANSUhEUgAABDgAAAjoCAYAAAA5jhrUAAAAAXNSR0IArs4c6QAAAARzQklUCAgICHwIZIgAACAASURBVHic7N13fBzF3cfx7+zuqdmS3I1xw2CMKQZsiikmtNAceseUBwgdQhIgHRIIaRCSEAgtQAJJICQUExKa6b13MBgw4IZxlSXZane78/xxRSdpT/0krfV58zL2bZly2383O2MGzz3JCgAAAAAAIMKc3i4AAAAAAABAVxHgAAAAAAAAkUeAAwAAAAAARB4BDgAAAAAAEHkEOAAAAAAAQOQR4AAAAAAAAJFHgAMAAAAAAEQeAQ4AAAAAABB5BDgAAAAAAEDkEeAAAAAAAACRR4ADAAAAAABEHgEOAAAAAAAQeQQ4AAAAAABA5BHgAAAAAAAAkUeAAwAAAAAARB4BDgAAAAAAEHkEOAAAAAAAQOQR4AAAAAAAAJFHgAMAAAAAAEQeAQ4AAAAAABB5BDgAAAAAAEDkEeAAAAAAAACRR4ADAAAAAABEHgEOAAAAAAAQeQQ4AAAAAABA5Hm9XQCgLzAyMum/TfLfkmQlWWuV/E+p/0dXf6knAAAAgP6HAAf6LSMjzzjapGAD3Tn2u9ooNrzV5b+Ir9Bxi/6gzxq+UsIGkQkC9Jd6AgAAAO1R7pZoq8JxmlI0TuVOibYqGqdyd0BmfqW/Tu/XLVRlUKP36hbq/fqFqvRreqWsM0om64HxP2rXsgcv+LWer/kozyXq2whwoF8qdYr10xFH6eTBe8pt55taG8WG66WNfyVfgW6veFqXLf+3qoPaPJe0a/pLPQEAAIDWjIsN08zSaZpZup1mlExuc/lvlG7X5PPzNR/poeo39FD1m1oYX5mvYqKLzOC5J/HzLPoNz7g6e8h+unTE0Wp8QaNzrKwuW363rl/9iBLW76YSdo/+Uk8AAACgNTNKJuvMIfu2CFh0xYPV...
&amp#27;[38;5;162m[5fbf8dbe]&amp#27;[0m&amp#27;[38;5;-120m[AndroidUiautomator2Driver@c7f9]&amp#27;[0m Responding to client with driver.getScreenshot() result: "iVBORw0KGgoAAAANSUhEUgAABDgAAAjoCAYAAAA5jhrUAAAAAXNSR0IArs4c6QAAAARzQklUCAgICHwIZIgAACAASURBVHic7N13fBzF3cfx7+zuqdmS3I1xw2CMKQZsiikmtNAceseUBwgdQhIgHRIIaRCSEAgtQAJJICQUExKa6b13MBgw4IZxlSXZane78/xxRSdpT/0krfV58zL2bZly2383O2MGzz3JCgAAAAAAIMKc3i4AAAAAAABAVxHgAAAAAAAAkUeAAwAAAAAARB4BDgAAAAAAEHkEOAAAAAAAQOQR4AAAAAAAAJFHgAMAAAAAAEQeAQ4AAAAAABB5BDgAAAAAAEDkEeAAAAAAAACRR4ADAAAAAABEHgEOAAAAAAAQeQQ4AAAAAABA5BHgAAAAAAAAkUeAAwAAAAAARB4BDgAAAAAAEHkEOAAAAAAAQOQR4AAAAAAAAJFHgAMAAAAAAEQeAQ4AAAAAABB5BDgAAAAAAEDkEeAAAAAAAACRR4ADAAAAAABEHgEOAAAAAAAQeQQ4AAAAAABA5Hm9XQCgLzAyMum/TfLfkmQlWWuV/E+p/0dXf6knAAAAgP6HAAf6LSMjzzjapGAD3Tn2u9ooNrzV5b+Ir9Bxi/6gzxq+UsIGkQkC9Jd6AgAAAO1R7pZoq8JxmlI0TuVOibYqGqdyd0BmfqW/Tu/XLVRlUKP36hbq/fqFqvRreqWsM0om64HxP2rXsgcv+LWer/kozyXq2whwoF8qdYr10xFH6eTBe8pt55taG8WG66WNfyVfgW6veFqXLf+3qoPaPJe0a/pLPQEAAIDWjIsN08zSaZpZup1mlExuc/lvlG7X5PPzNR/poeo39FD1m1oYX5mvYqKLzOC5J/HzLPoNz7g6e8h+unTE0Wp8QaNzrKwuW363rl/9iBLW76YSdo/+Uk8AAACgNTNKJuvMIfu2CFh0xYPVb+im1XN6pLUELTg6hgAH+gUjo1KnSE9N+LkmFIzo1rQ/b1iuvb74mar82l5/...
&amp#27;[38;5;162m[5fbf8dbe]&amp#27;[0m&amp#27;[38;5;86m[HTTP]&amp#27;[0m &amp#27;[37m<-- GET /session/5fbf8dbe-b01f-4c1b-be1b-ad7d7fc42d78/screenshot &amp#27;[39m&amp#27;[32m200&amp#27;[39m &amp#27;[90m1203 ms - 600816&amp#27;[39m &amp#27;[90m&amp#27;[39m
&amp#27;[38;5;162m[5fbf8dbe]&amp#27;[0m&amp#27;[38;5;86m[HTTP]&amp#27;[0m &amp#27;[37m-->&amp#27;[39m &amp#27;[37mPOST&amp#27;[39m &amp#27;[37m/session/5fbf8dbe-b01f-4c1b-be1b-ad7d7fc42d78/execute/sync&amp#27;[39m &amp#27;[90m{"script":"mobile: hideKeyboard","args":[]}&amp#27;[39m
&amp#27;[38;5;162m[5fbf8dbe]&amp#27;[0m&amp#27;[38;5;-120m[AndroidUiautomator2Driver@c7f9]&amp#27;[0m Calling AppiumDriver.execute() with args: ["mobile: hideKeyboard",[],"5fbf8dbe-b01f-4c1b-be1b-ad7d7fc42d78"]
&amp#27;[38;5;162m[5fbf8dbe]&amp#27;[0m&amp#27;[38;5;229m[ADB]&amp#27;[0m Running 'C:\Users\sajus\AppData\Local\Android\Sdk\platform-tools\adb.exe -P 5037 -s CTLID18120801016 shell dumpsys input_method'
&amp#27;[38;5;162m[5fbf8dbe]&amp#27;[0m&amp#27;[38;5;229m[ADB]&amp#27;[0m Keyboard has no UI; no closing necessary
&amp#27;[38;5;162m[5fbf8dbe]&amp#27;[0m&amp#27;[38;5;-120m[AndroidUiautomator2Driver@c7f9]&amp#27;[0m Responding to client with driver.execute() result: false
&amp#27;[38;5;162m[5fbf8dbe]&amp#27;[0m&amp#27;[38;5;86m[HTTP]&amp#27;[0m &amp#27;[37m<-- POST /session/5fbf8dbe-b01f-4c1b-be1b-ad7d7fc42d78/execute/sync &amp#27;[39m&amp#27;[32m200&amp#27;[39m &amp#27;[90m788 ms - 15&amp#27;[39m &amp#27;[90m&amp#27;[39m
&amp#27;[38;5;162m[5fbf8dbe]&amp#27;[0m&amp#27;[38;5;86m[HTTP]&amp#27;[0m &amp#27;[37m-->&amp#27;[39m &amp#27;[37mPOST&amp#27;[39m &amp#27;[37m/session/5fbf8dbe-b01f-4c1b-be1b-ad7d7fc42d78/element&amp#27;[39m &amp#27;[90m{"using":"id","value":"com.androidsample.generalstore:id/radioFemale"}&amp#27;[39m
&amp#27;[38;5;162m[5fbf8dbe]&amp#27;[0m&amp#27;[38;5;-120m[AndroidUiautomator2Driver@c7f9]&amp#27;[0m Calling AppiumDriver.findElement() with args: ["id","com.androidsample.generalstore:id/radioFemale","5fbf8dbe-b01f-4c1b-be1b-ad7d7fc42d78"]
&amp#27;[38;5;162m[5fbf8dbe]&amp#27;[0m&amp#27;[38;5;-120m[AndroidUiautomator2Driver@c7f9]&amp#27;[0m Valid locator strategies for this request: xpath, id, class name, accessibility id, css selector, -android uiautomator
&amp#27;[38;5;162m[5fbf8dbe]&amp#27;[0m&amp#27;[38;5;-120m[AndroidUiautomator2Driver@c7f9]&amp#27;[0m Waiting up to 0 ms for condition
&amp#27;[38;5;162m[5fbf8dbe]&amp#27;[0m&amp#27;[38;5;-120m[AndroidUiautomator2Driver@c7f9]&amp#27;[0m Matched '/element' to command name 'findElement'
&amp#27;[38;5;162m[5fbf8dbe]&amp#27;[0m&amp#27;[38;5;-120m[AndroidUiautomator2Driver@c7f9]&amp#27;[0m Proxying [POST /element] to [POST http://127.0.0.1:8202/session/858259a7-d81b-4fb0-9e33-66a34ed7ea00/element] with body: {"strategy":"id","selector":"com.androidsample.generalstore:id/radioFemale","context":"","multiple":false}
&amp#27;[38;5;162m[5fbf8dbe]&amp#27;[0m&amp#27;[38;5;-120m[AndroidUiautomator2Driver@c7f9]&amp#27;[0m Got response with status 200: {"sessionId":"858259a7-d81b-4fb0-9e33-66a34ed7ea00","value":{"ELEMENT":"00000000-0000-09bb-ffff-ffff00000020","element-6066-11e4-a52e-4f735466cecf":"00000000-0000-09bb-ffff-ffff00000020"}}
&amp#27;[38;5;162m[5fbf8dbe]&amp#27;[0m&amp#27;[38;5;-120m[AndroidUiautomator2Driver@c7f9]&amp#27;[0m Responding to client with driver.findElement() result: {"element-6066-11e4-a52e-4f735466cecf":"00000000-0000-09bb-ffff-ffff00000020","ELEMENT":"00000000-0000-09bb-ffff-ffff00000020"}
&amp#27;[38;5;162m[5fbf8dbe]&amp#27;[0m&amp#27;[38;5;86m[HTTP]&amp#27;[0m &amp#27;[37m<-- POST /session/5fbf8dbe-b01f-4c1b-be1b-ad7d7fc42d78/element &amp#27;[39m&amp#27;[32m200&amp#27;[39m &amp#27;[90m75 ms - 137&amp#27;[39m &amp#27;[90m&amp#27;[39m
&amp#27;[38;5;162m[5fbf8dbe]&amp#27;[0m&amp#27;[38;5;86m[HTTP]&amp#27;[0m &amp#27;[37m-->&amp#27;[39m &amp#27;[37mPOST&amp#27;[39m &amp#27;[37m/session/5fbf8dbe-b01f-4c1b-be1b-ad7d7fc42d78/element/00000000-0000-09bb-ffff-ffff00000020/click&amp#27;[39m &amp#27;[90m{"id":"00000000-0000-09bb-ffff-ffff00000020"}&amp#27;[39m
&amp#27;[38;5;162m[5fbf8dbe]&amp#27;[0m&amp#27;[38;5;-120m[AndroidUiautomator2Driver@c7f9]&amp#27;[0m Calling AppiumDriver.click() with args: ["00000000-0000-09bb-ffff-ffff00000020","5fbf8dbe-b01f-4c1b-be1b-ad7d7fc42d78"]
&amp#27;[38;5;162m[5fbf8dbe]&amp#27;[0m&amp#27;[38;5;-120m[AndroidUiautomator2Driver@c7f9]&amp#27;[0m Matched '/element/00000000-0000-09bb-ffff-ffff00000020/click' to command name 'click'
&amp#27;[38;5;162m[5fbf8dbe]&amp#27;[0m&amp#27;[38;5;-120m[AndroidUiautomator2Driver@c7f9]&amp#27;[0m Proxying [POST /element/00000000-0000-09bb-ffff-ffff00000020/click] to [POST http://127.0.0.1:8202/session/858259a7-d81b-4fb0-9e33-66a34ed7ea00/element/00000000-0000-09bb-ffff-ffff00000020/click] with body: {"element":"00000000-0000-09bb-ffff-ffff00000020"}
&amp#27;[38;5;162m[5fbf8dbe]&amp#27;[0m&amp#27;[38;5;-120m[AndroidUiautomator2Driver@c7f9]&amp#27;[0m Got response with status 200: {"sessionId":"858259a7-d81b-4fb0-9e33-66a34ed7ea00","value":null}
&amp#27;[38;5;162m[5fbf8dbe]&amp#27;[0m&amp#27;[38;5;-120m[AndroidUiautomator2Driver@c7f9]&amp#27;[0m Responding to client with driver.click() result: null
&amp#27;[38;5;162m[5fbf8dbe]&amp#27;[0m&amp#27;[38;5;86m[HTTP]&amp#27;[0m &amp#27;[37m<-- POST /session/5fbf8dbe-b01f-4c1b-be1b-ad7d7fc42d78/element/00000000-0000-09bb-ffff-ffff00000020/click &amp#27;[39m&amp#27;[32m200&amp#27;[39m &amp#27;[90m100 ms - 14&amp#27;[39m &amp#27;[90m&amp#27;[39m
&amp#27;[38;5;162m[5fbf8dbe]&amp#27;[0m&amp#27;[38;5;86m[HTTP]&amp#27;[0m &amp#27;[37m-->&amp#27;[39m &amp#27;[37mGET&amp#27;[39m &amp#27;[37m/session/5fbf8dbe-b01f-4c1b-be1b-ad7d7fc42d78/screenshot&amp#27;[39m &amp#27;[90m{}&amp#27;[39m
&amp#27;[38;5;162m[5fbf8dbe]&amp#27;[0m&amp#27;[38;5;-120m[AndroidUiautomator2Driver@c7f9]&amp#27;[0m Calling AppiumDriver.getScreenshot() with args: ["5fbf8dbe-b01f-4c1b-be1b-ad7d7fc42d78"]
&amp#27;[38;5;162m[5fbf8dbe]&amp#27;[0m&amp#27;[38;5;-120m[AndroidUiautomator2Driver@c7f9]&amp#27;[0m Matched '/screenshot' to command name 'getScreenshot'
&amp#27;[38;5;162m[5fbf8dbe]&amp#27;[0m&amp#27;[38;5;-120m[AndroidUiautomator2Driver@c7f9]&amp#27;[0m Proxying [GET /screenshot] to [GET http://127.0.0.1:8202/session/858259a7-d81b-4fb0-9e33-66a34ed7ea00/screenshot] with no body
&amp#27;[38;5;162m[5fbf8dbe]&amp#27;[0m&amp#27;[38;5;-120m[AndroidUiautomator2Driver@c7f9]&amp#27;[0m Got response with status 200: {"sessionId":"858259a7-d81b-4fb0-9e33-66a34ed7ea00","value":"iVBORw0KGgoAAAANSUhEUgAABDgAAAjoCAYAAAA5jhrUAAAAAXNSR0IArs4c6QAAAARzQklUCAgICHwIZIgAACAASURBVHic7N13fBzF3cfx7+zuqdmS3I1xw2CMKQZsiikmtNAceseUBwgdQhIgHRIIaRCSEAgtQAJJICQUExKa6b13MBgw4IZxlSXZane78/xxRSdpT/0krfV58zL2bZly2383O2MGzz3JCgAAAAAAIMKc3i4AAAAAAABAVxHgAAAAAAAAkUeAAwAAAAAARB4BDgAAAAAAEHkEOAAAAAAAQOQR4AAAAAAAAJFHgAMAAAAAAEQeAQ4AAAAAABB5BDgAAAAAAEDkEeAAAAAAAACRR4ADAAAAAABEHgEOAAAAAAAQeQQ4AAAAAABA5BHgAAAAAAAAkUeAAwAAAAAARB4BDgAAAAAAEHkEOAAAAAAAQOQR4AAAAAAAAJFHgAMAAAAAAEQeAQ4AAAAAABB5BDgAAAAAAEDkEeAAAAAAAACRR4ADAAAAAABEHgEOAAAAAAAQeQQ4AAAAAABA5Hm9XQCgLzAyMum/TfLfkmQlWWuV/E+p/0dXf6knAAAAgP6HAAf6LSMjzzjapGAD3Tn2u9ooNrzV5b+Ir9Bxi/6gzxq+UsIGkQkC9Jd6AgAAAO1R7pZoq8JxmlI0TuVOibYqGqdyd0BmfqW/Tu/XLVRlUKP36hbq/fqFqvRreqWsM0om64HxP2rXsgcv+LWer/kozyXq2whwoF8qdYr10xFH6eTBe8pt55taG8WG66WNfyVfgW6veFqXLf+3qoPaPJe0a/pLPQEAAIDWjIsN08zSaZpZup1mlExuc/lvlG7X5PPzNR/poeo39FD1m1oYX5mvYqKLzOC5J/HzLPoNz7g6e8h+unTE0Wp8QaNzrKwuW363rl/9iBLW76YSdo/+Uk8AAACgNTNKJuvMIfu2CFh0xYPV...
&amp#27;[38;5;162m[5fbf8dbe]&amp#27;[0m&amp#27;[38;5;-120m[AndroidUiautomator2Driver@c7f9]&amp#27;[0m Responding to client with driver.getScreenshot() result: "iVBORw0KGgoAAAANSUhEUgAABDgAAAjoCAYAAAA5jhrUAAAAAXNSR0IArs4c6QAAAARzQklUCAgICHwIZIgAACAASURBVHic7N13fBzF3cfx7+zuqdmS3I1xw2CMKQZsiikmtNAceseUBwgdQhIgHRIIaRCSEAgtQAJJICQUExKa6b13MBgw4IZxlSXZane78/xxRSdpT/0krfV58zL2bZly2383O2MGzz3JCgAAAAAAIMKc3i4AAAAAAABAVxHgAAAAAAAAkUeAAwAAAAAARB4BDgAAAAAAEHkEOAAAAAAAQOQR4AAAAAAAAJFHgAMAAAAAAEQeAQ4AAAAAABB5BDgAAAAAAEDkEeAAAAAAAACRR4ADAAAAAABEHgEOAAAAAAAQeQQ4AAAAAABA5BHgAAAAAAAAkUeAAwAAAAAARB4BDgAAAAAAEHkEOAAAAAAAQOQR4AAAAAAAAJFHgAMAAAAAAEQeAQ4AAAAAABB5BDgAAAAAAEDkEeAAAAAAAACRR4ADAAAAAABEHgEOAAAAAAAQeQQ4AAAAAABA5Hm9XQCgLzAyMum/TfLfkmQlWWuV/E+p/0dXf6knAAAAgP6HAAf6LSMjzzjapGAD3Tn2u9ooNrzV5b+Ir9Bxi/6gzxq+UsIGkQkC9Jd6AgAAAO1R7pZoq8JxmlI0TuVOibYqGqdyd0BmfqW/Tu/XLVRlUKP36hbq/fqFqvRreqWsM0om64HxP2rXsgcv+LWer/kozyXq2whwoF8qdYr10xFH6eTBe8pt55taG8WG66WNfyVfgW6veFqXLf+3qoPaPJe0a/pLPQEAAIDWjIsN08zSaZpZup1mlExuc/lvlG7X5PPzNR/poeo39FD1m1oYX5mvYqKLzOC5J/HzLPoNz7g6e8h+unTE0Wp8QaNzrKwuW363rl/9iBLW76YSdo/+Uk8AAACgNTNKJuvMIfu2CFh0xYPVb+im1XN6pLUELTg6hgAH+gUjo1KnSE9N+LkmFIzo1rQ/b1iuvb74mar82l5/...
&amp#27;[38;5;162m[5fbf8dbe]&amp#27;[0m&amp#27;[38;5;86m[HTTP]&amp#27;[0m &amp#27;[37m<-- GET /session/5fbf8dbe-b01f-4c1b-be1b-ad7d7fc42d78/screenshot &amp#27;[39m&amp#27;[32m200&amp#27;[39m &amp#27;[90m1172 ms - 601376&amp#27;[39m &amp#27;[90m&amp#27;[39m
&amp#27;[38;5;162m[5fbf8dbe]&amp#27;[0m&amp#27;[38;5;86m[HTTP]&amp#27;[0m &amp#27;[37m-->&amp#27;[39m &amp#27;[37mGET&amp#27;[39m &amp#27;[37m/session/5fbf8dbe-b01f-4c1b-be1b-ad7d7fc42d78/screenshot&amp#27;[39m &amp#27;[90m{}&amp#27;[39m
&amp#27;[38;5;162m[5fbf8dbe]&amp#27;[0m&amp#27;[38;5;-120m[AndroidUiautomator2Driver@c7f9]&amp#27;[0m Calling AppiumDriver.getScreenshot() with args: ["5fbf8dbe-b01f-4c1b-be1b-ad7d7fc42d78"]
&amp#27;[38;5;162m[5fbf8dbe]&amp#27;[0m&amp#27;[38;5;-120m[AndroidUiautomator2Driver@c7f9]&amp#27;[0m Matched '/screenshot' to command name 'getScreenshot'
&amp#27;[38;5;162m[5fbf8dbe]&amp#27;[0m&amp#27;[38;5;-120m[AndroidUiautomator2Driver@c7f9]&amp#27;[0m Proxying [GET /screenshot] to [GET http://127.0.0.1:8202/session/858259a7-d81b-4fb0-9e33-66a34ed7ea00/screenshot] with no body
&amp#27;[38;5;162m[5fbf8dbe]&amp#27;[0m&amp#27;[38;5;-120m[AndroidUiautomator2Driver@c7f9]&amp#27;[0m Got response with status 200: {"sessionId":"858259a7-d81b-4fb0-9e33-66a34ed7ea00","value":"iVBORw0KGgoAAAANSUhEUgAABDgAAAjoCAYAAAA5jhrUAAAAAXNSR0IArs4c6QAAAARzQklUCAgICHwIZIgAACAASURBVHic7N13fBzF3cfx7+zuqdmS3I1xw2CMKQZsiikmtNAceseUBwgdQhIgHRIIaRCSEAgtQAJJICQUExKa6b13MBgw4IZxlSXZane78/xxRSdpT/0krfV58zL2bZly2383O2MGzz3JCgAAAAAAIMKc3i4AAAAAAABAVxHgAAAAAAAAkUeAAwAAAAAARB4BDgAAAAAAEHkEOAAAAAAAQOQR4AAAAAAAAJFHgAMAAAAAAEQeAQ4AAAAAABB5BDgAAAAAAEDkEeAAAAAAAACRR4ADAAAAAABEHgEOAAAAAAAQeQQ4AAAAAABA5BHgAAAAAAAAkUeAAwAAAAAARB4BDgAAAAAAEHkEOAAAAAAAQOQR4AAAAAAAAJFHgAMAAAAAAEQeAQ4AAAAAABB5BDgAAAAAAEDkEeAAAAAAAACRR4ADAAAAAABEHgEOAAAAAAAQeQQ4AAAAAABA5Hm9XQCgLzAyMum/TfLfkmQlWWuV/E+p/0dXf6knAAAAgP6HAAf6LSMjzzjapGAD3Tn2u9ooNrzV5b+Ir9Bxi/6gzxq+UsIGkQkC9Jd6AgAAAO1R7pZoq8JxmlI0TuVOibYqGqdyd0BmfqW/Tu/XLVRlUKP36hbq/fqFqvRreqWsM0om64HxP2rXsgcv+LWer/kozyXq2whwoF8qdYr10xFH6eTBe8pt55taG8WG66WNfyVfgW6veFqXLf+3qoPaPJe0a/pLPQEAAIDWjIsN08zSaZpZup1mlExuc/lvlG7X5PPzNR/poeo39FD1m1oYX5mvYqKLzOC5J/HzLPoNz7g6e8h+unTE0Wp8QaNzrKwuW363rl/9iBLW76YSdo/+Uk8AAACgNTNKJuvMIfu2CFh0xYPV...
&amp#27;[38;5;162m[5fbf8dbe]&amp#27;[0m&amp#27;[38;5;-120m[AndroidUiautomator2Driver@c7f9]&amp#27;[0m Responding to client with driver.getScreenshot() result: "iVBORw0KGgoAAAANSUhEUgAABDgAAAjoCAYAAAA5jhrUAAAAAXNSR0IArs4c6QAAAARzQklUCAgICHwIZIgAACAASURBVHic7N13fBzF3cfx7+zuqdmS3I1xw2CMKQZsiikmtNAceseUBwgdQhIgHRIIaRCSEAgtQAJJICQUExKa6b13MBgw4IZxlSXZane78/xxRSdpT/0krfV58zL2bZly2383O2MGzz3JCgAAAAAAIMKc3i4AAAAAAABAVxHgAAAAAAAAkUeAAwAAAAAARB4BDgAAAAAAEHkEOAAAAAAAQOQR4AAAAAAAAJFHgAMAAAAAAEQeAQ4AAAAAABB5BDgAAAAAAEDkEeAAAAAAAACRR4ADAAAAAABEHgEOAAAAAAAQeQQ4AAAAAABA5BHgAAAAAAAAkUeAAwAAAAAARB4BDgAAAAAAEHkEOAAAAAAAQOQR4AAAAAAAAJFHgAMAAAAAAEQeAQ4AAAAAABB5BDgAAAAAAEDkEeAAAAAAAACRR4ADAAAAAABEHgEOAAAAAAAQeQQ4AAAAAABA5Hm9XQCgLzAyMum/TfLfkmQlWWuV/E+p/0dXf6knAAAAgP6HAAf6LSMjzzjapGAD3Tn2u9ooNrzV5b+Ir9Bxi/6gzxq+UsIGkQkC9Jd6AgAAAO1R7pZoq8JxmlI0TuVOibYqGqdyd0BmfqW/Tu/XLVRlUKP36hbq/fqFqvRreqWsM0om64HxP2rXsgcv+LWer/kozyXq2whwoF8qdYr10xFH6eTBe8pt55taG8WG66WNfyVfgW6veFqXLf+3qoPaPJe0a/pLPQEAAIDWjIsN08zSaZpZup1mlExuc/lvlG7X5PPzNR/poeo39FD1m1oYX5mvYqKLzOC5J/HzLPoNz7g6e8h+unTE0Wp8QaNzrKwuW363rl/9iBLW76YSdo/+Uk8AAACgNTNKJuvMIfu2CFh0xYPVb+im1XN6pLUELTg6hgAH+gUjo1KnSE9N+LkmFIzo1rQ/b1iuvb74mar82l5/...
&amp#27;[38;5;162m[5fbf8dbe]&amp#27;[0m&amp#27;[38;5;86m[HTTP]&amp#27;[0m &amp#27;[37m<-- GET /session/5fbf8dbe-b01f-4c1b-be1b-ad7d7fc42d78/screenshot &amp#27;[39m&amp#27;[32m200&amp#27;[39m &amp#27;[90m1206 ms - 600820&amp#27;[39m &amp#27;[90m&amp#27;[39m
&amp#27;[38;5;162m[5fbf8dbe]&amp#27;[0m&amp#27;[38;5;86m[HTTP]&amp#27;[0m &amp#27;[37m-->&amp#27;[39m &amp#27;[37mPOST&amp#27;[39m &amp#27;[37m/session/5fbf8dbe-b01f-4c1b-be1b-ad7d7fc42d78/element&amp#27;[39m &amp#27;[90m{"using":"id","value":"android:id/text1"}&amp#27;[39m
&amp#27;[38;5;162m[5fbf8dbe]&amp#27;[0m&amp#27;[38;5;-120m[AndroidUiautomator2Driver@c7f9]&amp#27;[0m Calling AppiumDriver.findElement() with args: ["id","android:id/text1","5fbf8dbe-b01f-4c1b-be1b-ad7d7fc42d78"]
&amp#27;[38;5;162m[5fbf8dbe]&amp#27;[0m&amp#27;[38;5;-120m[AndroidUiautomator2Driver@c7f9]&amp#27;[0m Valid locator strategies for this request: xpath, id, class name, accessibility id, css selector, -android uiautomator
&amp#27;[38;5;162m[5fbf8dbe]&amp#27;[0m&amp#27;[38;5;-120m[AndroidUiautomator2Driver@c7f9]&amp#27;[0m Waiting up to 0 ms for condition
&amp#27;[38;5;162m[5fbf8dbe]&amp#27;[0m&amp#27;[38;5;-120m[AndroidUiautomator2Driver@c7f9]&amp#27;[0m Matched '/element' to command name 'findElement'
&amp#27;[38;5;162m[5fbf8dbe]&amp#27;[0m&amp#27;[38;5;-120m[AndroidUiautomator2Driver@c7f9]&amp#27;[0m Proxying [POST /element] to [POST http://127.0.0.1:8202/session/858259a7-d81b-4fb0-9e33-66a34ed7ea00/element] with body: {"strategy":"id","selector":"android:id/text1","context":"","multiple":false}
&amp#27;[38;5;162m[5fbf8dbe]&amp#27;[0m&amp#27;[38;5;-120m[AndroidUiautomator2Driver@c7f9]&amp#27;[0m Got response with status 200: {"sessionId":"858259a7-d81b-4fb0-9e33-66a34ed7ea00","value":{"ELEMENT":"00000000-0000-09bb-ffff-ffff00000024","element-6066-11e4-a52e-4f735466cecf":"00000000-0000-09bb-ffff-ffff00000024"}}
&amp#27;[38;5;162m[5fbf8dbe]&amp#27;[0m&amp#27;[38;5;-120m[AndroidUiautomator2Driver@c7f9]&amp#27;[0m Responding to client with driver.findElement() result: {"element-6066-11e4-a52e-4f735466cecf":"00000000-0000-09bb-ffff-ffff00000024","ELEMENT":"00000000-0000-09bb-ffff-ffff00000024"}
&amp#27;[38;5;162m[5fbf8dbe]&amp#27;[0m&amp#27;[38;5;86m[HTTP]&amp#27;[0m &amp#27;[37m<-- POST /session/5fbf8dbe-b01f-4c1b-be1b-ad7d7fc42d78/element &amp#27;[39m&amp#27;[32m200&amp#27;[39m &amp#27;[90m63 ms - 137&amp#27;[39m &amp#27;[90m&amp#27;[39m
&amp#27;[38;5;162m[5fbf8dbe]&amp#27;[0m&amp#27;[38;5;86m[HTTP]&amp#27;[0m &amp#27;[37m-->&amp#27;[39m &amp#27;[37mPOST&amp#27;[39m &amp#27;[37m/session/5fbf8dbe-b01f-4c1b-be1b-ad7d7fc42d78/element/00000000-0000-09bb-ffff-ffff00000024/click&amp#27;[39m &amp#27;[90m{"id":"00000000-0000-09bb-ffff-ffff00000024"}&amp#27;[39m
&amp#27;[38;5;162m[5fbf8dbe]&amp#27;[0m&amp#27;[38;5;-120m[AndroidUiautomator2Driver@c7f9]&amp#27;[0m Calling AppiumDriver.click() with args: ["00000000-0000-09bb-ffff-ffff00000024","5fbf8dbe-b01f-4c1b-be1b-ad7d7fc42d78"]
&amp#27;[38;5;162m[5fbf8dbe]&amp#27;[0m&amp#27;[38;5;-120m[AndroidUiautomator2Driver@c7f9]&amp#27;[0m Matched '/element/00000000-0000-09bb-ffff-ffff00000024/click' to command name 'click'
&amp#27;[38;5;162m[5fbf8dbe]&amp#27;[0m&amp#27;[38;5;-120m[AndroidUiautomator2Driver@c7f9]&amp#27;[0m Proxying [POST /element/00000000-0000-09bb-ffff-ffff00000024/click] to [POST http://127.0.0.1:8202/session/858259a7-d81b-4fb0-9e33-66a34ed7ea00/element/00000000-0000-09bb-ffff-ffff00000024/click] with body: {"element":"00000000-0000-09bb-ffff-ffff00000024"}
&amp#27;[38;5;162m[5fbf8dbe]&amp#27;[0m&amp#27;[38;5;-120m[AndroidUiautomator2Driver@c7f9]&amp#27;[0m Got response with status 200: {"sessionId":"858259a7-d81b-4fb0-9e33-66a34ed7ea00","value":null}
&amp#27;[38;5;162m[5fbf8dbe]&amp#27;[0m&amp#27;[38;5;-120m[AndroidUiautomator2Driver@c7f9]&amp#27;[0m Responding to client with driver.click() result: null
&amp#27;[38;5;162m[5fbf8dbe]&amp#27;[0m&amp#27;[38;5;86m[HTTP]&amp#27;[0m &amp#27;[37m<-- POST /session/5fbf8dbe-b01f-4c1b-be1b-ad7d7fc42d78/element/00000000-0000-09bb-ffff-ffff00000024/click &amp#27;[39m&amp#27;[32m200&amp#27;[39m &amp#27;[90m82 ms - 14&amp#27;[39m &amp#27;[90m&amp#27;[39m
&amp#27;[38;5;162m[5fbf8dbe]&amp#27;[0m&amp#27;[38;5;86m[HTTP]&amp#27;[0m &amp#27;[37m-->&amp#27;[39m &amp#27;[37mGET&amp#27;[39m &amp#27;[37m/session/5fbf8dbe-b01f-4c1b-be1b-ad7d7fc42d78/screenshot&amp#27;[39m &amp#27;[90m{}&amp#27;[39m
&amp#27;[38;5;162m[5fbf8dbe]&amp#27;[0m&amp#27;[38;5;-120m[AndroidUiautomator2Driver@c7f9]&amp#27;[0m Calling AppiumDriver.getScreenshot() with args: ["5fbf8dbe-b01f-4c1b-be1b-ad7d7fc42d78"]
&amp#27;[38;5;162m[5fbf8dbe]&amp#27;[0m&amp#27;[38;5;-120m[AndroidUiautomator2Driver@c7f9]&amp#27;[0m Matched '/screenshot' to command name 'getScreenshot'
&amp#27;[38;5;162m[5fbf8dbe]&amp#27;[0m&amp#27;[38;5;-120m[AndroidUiautomator2Driver@c7f9]&amp#27;[0m Proxying [GET /screenshot] to [GET http://127.0.0.1:8202/session/858259a7-d81b-4fb0-9e33-66a34ed7ea00/screenshot] with no body
&amp#27;[38;5;162m[5fbf8dbe]&amp#27;[0m&amp#27;[38;5;-120m[AndroidUiautomator2Driver@c7f9]&amp#27;[0m Got response with status 200: {"sessionId":"858259a7-d81b-4fb0-9e33-66a34ed7ea00","value":"iVBORw0KGgoAAAANSUhEUgAABDgAAAjoCAYAAAA5jhrUAAAAAXNSR0IArs4c6QAAAARzQklUCAgICHwIZIgAACAASURBVHic7N13fBzF3cfx7+zuqdmS3I1xw2CMKQZsiikmtNAceseUBwgdQhIgHRIIaRCSEAgtQAJJICQUExKa6b13MBgw4IZxlSXZane78/xxRSdpT/0krfV58zL2bZly2383O2MGzz3JCgAAAAAAIMKc3i4AAAAAAABAVxHgAAAAAAAAkUeAAwAAAAAARB4BDgAAAAAAEHkEOAAAAAAAQOQR4AAAAAAAAJFHgAMAAAAAAEQeAQ4AAAAAABB5BDgAAAAAAEDkEeAAAAAAAACRR4ADAAAAAABEHgEOAAAAAAAQeQQ4AAAAAABA5BHgAAAAAAAAkUeAAwAAAAAARB4BDgAAAAAAEHkEOAAAAAAAQOQR4AAAAAAAAJFHgAMAAAAAAEQeAQ4AAAAAABB5BDgAAAAAAEDkEeAAAAAAAACRR4ADAAAAAABEHgEOAAAAAAAQeQQ4AAAAAABA5Hm9XQCgLzAyMum/TfLfkmQlWWuV/E+p/0dXf6knAAAAgP6HAAf6LSMjzzjapGAD3Tn2u9ooNrzV5b+Ir9Bxi/6gzxq+UsIGkQkC9Jd6AgAAAO1R7pZoq8JxmlI0TuVOibYqGqdyd0BmfqW/Tu/XLVRlUKP36hbq/fqFqvRreqWsM0om64HxP2rXsgcv+LWer/kozyXq2whwoF8qdYr10xFH6eTBe8pt55taG8WG66WNfyVfgW6veFqXLf+3qoPaPJe0a/pLPQEAAIDWjIsN08zSaZpZup1mlExuc/lvlG7X5PPzNR/poeo39FD1m1oYX5mvYqKLzOC5J/HzLPoNz7g6e8h+unTE0Wp8QaNzrKwuW363rl/9iBLW76YSdo/+Uk8AAACgNTNKJuvMIfu2CFh0xYPV...
&amp#27;[38;5;162m[5fbf8dbe]&amp#27;[0m&amp#27;[38;5;-120m[AndroidUiautomator2Driver@c7f9]&amp#27;[0m Responding to client with driver.getScreenshot() result: "iVBORw0KGgoAAAANSUhEUgAABDgAAAjoCAYAAAA5jhrUAAAAAXNSR0IArs4c6QAAAARzQklUCAgICHwIZIgAACAASURBVHic7N13fBzF3cfx7+zuqdmS3I1xw2CMKQZsiikmtNAceseUBwgdQhIgHRIIaRCSEAgtQAJJICQUExKa6b13MBgw4IZxlSXZane78/xxRSdpT/0krfV58zL2bZly2383O2MGzz3JCgAAAAAAIMKc3i4AAAAAAABAVxHgAAAAAAAAkUeAAwAAAAAARB4BDgAAAAAAEHkEOAAAAAAAQOQR4AAAAAAAAJFHgAMAAAAAAEQeAQ4AAAAAABB5BDgAAAAAAEDkEeAAAAAAAACRR4ADAAAAAABEHgEOAAAAAAAQeQQ4AAAAAABA5BHgAAAAAAAAkUeAAwAAAAAARB4BDgAAAAAAEHkEOAAAAAAAQOQR4AAAAAAAAJFHgAMAAAAAAEQeAQ4AAAAAABB5BDgAAAAAAEDkEeAAAAAAAACRR4ADAAAAAABEHgEOAAAAAAAQeQQ4AAAAAABA5Hm9XQCgLzAyMum/TfLfkmQlWWuV/E+p/0dXf6knAAAAgP6HAAf6LSMjzzjapGAD3Tn2u9ooNrzV5b+Ir9Bxi/6gzxq+UsIGkQkC9Jd6AgAAAO1R7pZoq8JxmlI0TuVOibYqGqdyd0BmfqW/Tu/XLVRlUKP36hbq/fqFqvRreqWsM0om64HxP2rXsgcv+LWer/kozyXq2whwoF8qdYr10xFH6eTBe8pt55taG8WG66WNfyVfgW6veFqXLf+3qoPaPJe0a/pLPQEAAIDWjIsN08zSaZpZup1mlExuc/lvlG7X5PPzNR/poeo39FD1m1oYX5mvYqKLzOC5J/HzLPoNz7g6e8h+unTE0Wp8QaNzrKwuW363rl/9iBLW76YSdo/+Uk8AAACgNTNKJuvMIfu2CFh0xYPVb+im1XN6pLUELTg6hgAH+gUjo1KnSE9N+LkmFIzo1rQ/b1iuvb74mar82l5/...
&amp#27;[38;5;162m[5fbf8dbe]&amp#27;[0m&amp#27;[38;5;86m[HTTP]&amp#27;[0m &amp#27;[37m<-- GET /session/5fbf8dbe-b01f-4c1b-be1b-ad7d7fc42d78/screenshot &amp#27;[39m&amp#27;[32m200&amp#27;[39m &amp#27;[90m1160 ms - 604136&amp#27;[39m &amp#27;[90m&amp#27;[39m
&amp#27;[38;5;162m[5fbf8dbe]&amp#27;[0m&amp#27;[38;5;86m[HTTP]&amp#27;[0m &amp#27;[37m-->&amp#27;[39m &amp#27;[37mGET&amp#27;[39m &amp#27;[37m/session/5fbf8dbe-b01f-4c1b-be1b-ad7d7fc42d78/screenshot&amp#27;[39m &amp#27;[90m{}&amp#27;[39m
&amp#27;[38;5;162m[5fbf8dbe]&amp#27;[0m&amp#27;[38;5;-120m[AndroidUiautomator2Driver@c7f9]&amp#27;[0m Calling AppiumDriver.getScreenshot() with args: ["5fbf8dbe-b01f-4c1b-be1b-ad7d7fc42d78"]
&amp#27;[38;5;162m[5fbf8dbe]&amp#27;[0m&amp#27;[38;5;-120m[AndroidUiautomator2Driver@c7f9]&amp#27;[0m Matched '/screenshot' to command name 'getScreenshot'
&amp#27;[38;5;162m[5fbf8dbe]&amp#27;[0m&amp#27;[38;5;-120m[AndroidUiautomator2Driver@c7f9]&amp#27;[0m Proxying [GET /screenshot] to [GET http://127.0.0.1:8202/session/858259a7-d81b-4fb0-9e33-66a34ed7ea00/screenshot] with no body
&amp#27;[38;5;162m[5fbf8dbe]&amp#27;[0m&amp#27;[38;5;-120m[AndroidUiautomator2Driver@c7f9]&amp#27;[0m Got response with status 200: {"sessionId":"858259a7-d81b-4fb0-9e33-66a34ed7ea00","value":"iVBORw0KGgoAAAANSUhEUgAABDgAAAjoCAYAAAA5jhrUAAAAAXNSR0IArs4c6QAAAARzQklUCAgICHwIZIgAACAASURBVHic7N13fBzF3cfx7+zuqdmS3I1xw2CMKQZsiikmtNAceseUBwgdQhIgHRIIaRCSEAgtQAJJICQUExKa6b13MBgw4IZxlSXZane78/xxRSdpT/0krfV58zL2bZly2383O2MGzz3JCgAAAAAAIMKc3i4AAAAAAABAVxHgAAAAAAAAkUeAAwAAAAAARB4BDgAAAAAAEHkEOAAAAAAAQOQR4AAAAAAAAJFHgAMAAAAAAEQeAQ4AAAAAABB5BDgAAAAAAEDkEeAAAAAAAACRR4ADAAAAAABEHgEOAAAAAAAQeQQ4AAAAAABA5BHgAAAAAAAAkUeAAwAAAAAARB4BDgAAAAAAEHkEOAAAAAAAQOQR4AAAAAAAAJFHgAMAAAAAAEQeAQ4AAAAAABB5BDgAAAAAAEDkEeAAAAAAAACRR4ADAAAAAABEHgEOAAAAAAAQeQQ4AAAAAABA5Hm9XQCgLzAyMum/TfLfkmQlWWuV/E+p/0dXf6knAAAAgP6HAAf6LSMjzzjapGAD3Tn2u9ooNrzV5b+Ir9Bxi/6gzxq+UsIGkQkC9Jd6AgAAAO1R7pZoq8JxmlI0TuVOibYqGqdyd0BmfqW/Tu/XLVRlUKP36hbq/fqFqvRreqWsM0om64HxP2rXsgcv+LWer/kozyXq2whwoF8qdYr10xFH6eTBe8pt55taG8WG66WNfyVfgW6veFqXLf+3qoPaPJe0a/pLPQEAAIDWjIsN08zSaZpZup1mlExuc/lvlG7X5PPzNR/poeo39FD1m1oYX5mvYqKLzOC5J/HzLPoNz7g6e8h+unTE0Wp8QaNzrKwuW363rl/9iBLW76YSdo/+Uk8AAACgNTNKJuvMIfu2CFh0xYPV...
&amp#27;[38;5;162m[5fbf8dbe]&amp#27;[0m&amp#27;[38;5;-120m[AndroidUiautomator2Driver@c7f9]&amp#27;[0m Responding to client with driver.getScreenshot() result: "iVBORw0KGgoAAAANSUhEUgAABDgAAAjoCAYAAAA5jhrUAAAAAXNSR0IArs4c6QAAAARzQklUCAgICHwIZIgAACAASURBVHic7N13fBzF3cfx7+zuqdmS3I1xw2CMKQZsiikmtNAceseUBwgdQhIgHRIIaRCSEAgtQAJJICQUExKa6b13MBgw4IZxlSXZane78/xxRSdpT/0krfV58zL2bZly2383O2MGzz3JCgAAAAAAIMKc3i4AAAAAAABAVxHgAAAAAAAAkUeAAwAAAAAARB4BDgAAAAAAEHkEOAAAAAAAQOQR4AAAAAAAAJFHgAMAAAAAAEQeAQ4AAAAAABB5BDgAAAAAAEDkEeAAAAAAAACRR4ADAAAAAABEHgEOAAAAAAAQeQQ4AAAAAABA5BHgAAAAAAAAkUeAAwAAAAAARB4BDgAAAAAAEHkEOAAAAAAAQOQR4AAAAAAAAJFHgAMAAAAAAEQeAQ4AAAAAABB5BDgAAAAAAEDkEeAAAAAAAACRR4ADAAAAAABEHgEOAAAAAAAQeQQ4AAAAAABA5Hm9XQCgLzAyMum/TfLfkmQlWWuV/E+p/0dXf6knAAAAgP6HAAf6LSMjzzjapGAD3Tn2u9ooNrzV5b+Ir9Bxi/6gzxq+UsIGkQkC9Jd6AgAAAO1R7pZoq8JxmlI0TuVOibYqGqdyd0BmfqW/Tu/XLVRlUKP36hbq/fqFqvRreqWsM0om64HxP2rXsgcv+LWer/kozyXq2whwoF8qdYr10xFH6eTBe8pt55taG8WG66WNfyVfgW6veFqXLf+3qoPaPJe0a/pLPQEAAIDWjIsN08zSaZpZup1mlExuc/lvlG7X5PPzNR/poeo39FD1m1oYX5mvYqKLzOC5J/HzLPoNz7g6e8h+unTE0Wp8QaNzrKwuW363rl/9iBLW76YSdo/+Uk8AAACgNTNKJuvMIfu2CFh0xYPVb+im1XN6pLUELTg6hgAH+gUjo1KnSE9N+LkmFIzo1rQ/b1iuvb74mar82l5/...
&amp#27;[38;5;162m[5fbf8dbe]&amp#27;[0m&amp#27;[38;5;86m[HTTP]&amp#27;[0m &amp#27;[37m<-- GET /session/5fbf8dbe-b01f-4c1b-be1b-ad7d7fc42d78/screenshot &amp#27;[39m&amp#27;[32m200&amp#27;[39m &amp#27;[90m1214 ms - 620812&amp#27;[39m &amp#27;[90m&amp#27;[39m
&amp#27;[38;5;162m[5fbf8dbe]&amp#27;[0m&amp#27;[38;5;86m[HTTP]&amp#27;[0m &amp#27;[37m-->&amp#27;[39m &amp#27;[37mPOST&amp#27;[39m &amp#27;[37m/session/5fbf8dbe-b01f-4c1b-be1b-ad7d7fc42d78/element&amp#27;[39m &amp#27;[90m{"using":"-android uiautomator","value":"new UiScrollable(new UiSelector()).scrollIntoView(text(\"Argentina\"));"}&amp#27;[39m
&amp#27;[38;5;162m[5fbf8dbe]&amp#27;[0m&amp#27;[38;5;-120m[AndroidUiautomator2Driver@c7f9]&amp#27;[0m Calling AppiumDriver.findElement() with args: ["-android uiautomator","new UiScrollable(new UiSelector()).scrollIntoView(text(\"Argentina\"));","5fbf8dbe-b01f-4c1b-be1b-ad7d7fc42d78"]
&amp#27;[38;5;162m[5fbf8dbe]&amp#27;[0m&amp#27;[38;5;-120m[AndroidUiautomator2Driver@c7f9]&amp#27;[0m Valid locator strategies for this request: xpath, id, class name, accessibility id, css selector, -android uiautomator
&amp#27;[38;5;162m[5fbf8dbe]&amp#27;[0m&amp#27;[38;5;-120m[AndroidUiautomator2Driver@c7f9]&amp#27;[0m Waiting up to 0 ms for condition
&amp#27;[38;5;162m[5fbf8dbe]&amp#27;[0m&amp#27;[38;5;-120m[AndroidUiautomator2Driver@c7f9]&amp#27;[0m Matched '/element' to command name 'findElement'
&amp#27;[38;5;162m[5fbf8dbe]&amp#27;[0m&amp#27;[38;5;-120m[AndroidUiautomator2Driver@c7f9]&amp#27;[0m Proxying [POST /element] to [POST http://127.0.0.1:8202/session/858259a7-d81b-4fb0-9e33-66a34ed7ea00/element] with body: {"strategy":"-android uiautomator","selector":"new UiScrollable(new UiSelector()).scrollIntoView(text(\"Argentina\"));","context":"","multiple":false}
&amp#27;[38;5;162m[5fbf8dbe]&amp#27;[0m&amp#27;[38;5;-120m[AndroidUiautomator2Driver@c7f9]&amp#27;[0m Got response with status 200: {"sessionId":"858259a7-d81b-4fb0-9e33-66a34ed7ea00","value":{"ELEMENT":"00000000-0000-09bc-ffff-ffff00000032","element-6066-11e4-a52e-4f735466cecf":"00000000-0000-09bc-ffff-ffff00000032"}}
&amp#27;[38;5;162m[5fbf8dbe]&amp#27;[0m&amp#27;[38;5;-120m[AndroidUiautomator2Driver@c7f9]&amp#27;[0m Responding to client with driver.findElement() result: {"element-6066-11e4-a52e-4f735466cecf":"00000000-0000-09bc-ffff-ffff00000032","ELEMENT":"00000000-0000-09bc-ffff-ffff00000032"}
&amp#27;[38;5;162m[5fbf8dbe]&amp#27;[0m&amp#27;[38;5;86m[HTTP]&amp#27;[0m &amp#27;[37m<-- POST /session/5fbf8dbe-b01f-4c1b-be1b-ad7d7fc42d78/element &amp#27;[39m&amp#27;[32m200&amp#27;[39m &amp#27;[90m4010 ms - 137&amp#27;[39m &amp#27;[90m&amp#27;[39m
&amp#27;[38;5;162m[5fbf8dbe]&amp#27;[0m&amp#27;[38;5;86m[HTTP]&amp#27;[0m &amp#27;[37m-->&amp#27;[39m &amp#27;[37mPOST&amp#27;[39m &amp#27;[37m/session/5fbf8dbe-b01f-4c1b-be1b-ad7d7fc42d78/element&amp#27;[39m &amp#27;[90m{"using":"xpath","value":"//android.widget.TextView[@text='Argentina']"}&amp#27;[39m
&amp#27;[38;5;162m[5fbf8dbe]&amp#27;[0m&amp#27;[38;5;-120m[AndroidUiautomator2Driver@c7f9]&amp#27;[0m Calling AppiumDriver.findElement() with args: ["xpath","//android.widget.TextView[@text='Argentina']","5fbf8dbe-b01f-4c1b-be1b-ad7d7fc42d78"]
&amp#27;[38;5;162m[5fbf8dbe]&amp#27;[0m&amp#27;[38;5;-120m[AndroidUiautomator2Driver@c7f9]&amp#27;[0m Valid locator strategies for this request: xpath, id, class name, accessibility id, css selector, -android uiautomator
&amp#27;[38;5;162m[5fbf8dbe]&amp#27;[0m&amp#27;[38;5;-120m[AndroidUiautomator2Driver@c7f9]&amp#27;[0m Waiting up to 0 ms for condition
&amp#27;[38;5;162m[5fbf8dbe]&amp#27;[0m&amp#27;[38;5;-120m[AndroidUiautomator2Driver@c7f9]&amp#27;[0m Matched '/element' to command name 'findElement'
&amp#27;[38;5;162m[5fbf8dbe]&amp#27;[0m&amp#27;[38;5;-120m[AndroidUiautomator2Driver@c7f9]&amp#27;[0m Proxying [POST /element] to [POST http://127.0.0.1:8202/session/858259a7-d81b-4fb0-9e33-66a34ed7ea00/element] with body: {"strategy":"xpath","selector":"//android.widget.TextView[@text='Argentina']","context":"","multiple":false}
&amp#27;[38;5;162m[5fbf8dbe]&amp#27;[0m&amp#27;[38;5;-120m[AndroidUiautomator2Driver@c7f9]&amp#27;[0m Got response with status 200: {"sessionId":"858259a7-d81b-4fb0-9e33-66a34ed7ea00","value":{"ELEMENT":"00000000-0000-09bc-ffff-ffff00000032","element-6066-11e4-a52e-4f735466cecf":"00000000-0000-09bc-ffff-ffff00000032"}}
&amp#27;[38;5;162m[5fbf8dbe]&amp#27;[0m&amp#27;[38;5;-120m[AndroidUiautomator2Driver@c7f9]&amp#27;[0m Responding to client with driver.findElement() result: {"element-6066-11e4-a52e-4f735466cecf":"00000000-0000-09bc-ffff-ffff00000032","ELEMENT":"00000000-0000-09bc-ffff-ffff00000032"}
&amp#27;[38;5;162m[5fbf8dbe]&amp#27;[0m&amp#27;[38;5;86m[HTTP]&amp#27;[0m &amp#27;[37m<-- POST /session/5fbf8dbe-b01f-4c1b-be1b-ad7d7fc42d78/element &amp#27;[39m&amp#27;[32m200&amp#27;[39m &amp#27;[90m487 ms - 137&amp#27;[39m &amp#27;[90m&amp#27;[39m
&amp#27;[38;5;162m[5fbf8dbe]&amp#27;[0m&amp#27;[38;5;86m[HTTP]&amp#27;[0m &amp#27;[37m-->&amp#27;[39m &amp#27;[37mPOST&amp#27;[39m &amp#27;[37m/session/5fbf8dbe-b01f-4c1b-be1b-ad7d7fc42d78/element/00000000-0000-09bc-ffff-ffff00000032/click&amp#27;[39m &amp#27;[90m{"id":"00000000-0000-09bc-ffff-ffff00000032"}&amp#27;[39m
&amp#27;[38;5;162m[5fbf8dbe]&amp#27;[0m&amp#27;[38;5;-120m[AndroidUiautomator2Driver@c7f9]&amp#27;[0m Calling AppiumDriver.click() with args: ["00000000-0000-09bc-ffff-ffff00000032","5fbf8dbe-b01f-4c1b-be1b-ad7d7fc42d78"]
&amp#27;[38;5;162m[5fbf8dbe]&amp#27;[0m&amp#27;[38;5;-120m[AndroidUiautomator2Driver@c7f9]&amp#27;[0m Matched '/element/00000000-0000-09bc-ffff-ffff00000032/click' to command name 'click'
&amp#27;[38;5;162m[5fbf8dbe]&amp#27;[0m&amp#27;[38;5;-120m[AndroidUiautomator2Driver@c7f9]&amp#27;[0m Proxying [POST /element/00000000-0000-09bc-ffff-ffff00000032/click] to [POST http://127.0.0.1:8202/session/858259a7-d81b-4fb0-9e33-66a34ed7ea00/element/00000000-0000-09bc-ffff-ffff00000032/click] with body: {"element":"00000000-0000-09bc-ffff-ffff00000032"}
&amp#27;[38;5;162m[5fbf8dbe]&amp#27;[0m&amp#27;[38;5;-120m[AndroidUiautomator2Driver@c7f9]&amp#27;[0m Got response with status 200: {"sessionId":"858259a7-d81b-4fb0-9e33-66a34ed7ea00","value":null}
&amp#27;[38;5;162m[5fbf8dbe]&amp#27;[0m&amp#27;[38;5;-120m[AndroidUiautomator2Driver@c7f9]&amp#27;[0m Responding to client with driver.click() result: null
&amp#27;[38;5;162m[5fbf8dbe]&amp#27;[0m&amp#27;[38;5;86m[HTTP]&amp#27;[0m &amp#27;[37m<-- POST /session/5fbf8dbe-b01f-4c1b-be1b-ad7d7fc42d78/element/00000000-0000-09bc-ffff-ffff00000032/click &amp#27;[39m&amp#27;[32m200&amp#27;[39m &amp#27;[90m700 ms - 14&amp#27;[39m &amp#27;[90m&amp#27;[39m
&amp#27;[38;5;162m[5fbf8dbe]&amp#27;[0m&amp#27;[38;5;86m[HTTP]&amp#27;[0m &amp#27;[37m-->&amp#27;[39m &amp#27;[37mGET&amp#27;[39m &amp#27;[37m/session/5fbf8dbe-b01f-4c1b-be1b-ad7d7fc42d78/screenshot&amp#27;[39m &amp#27;[90m{}&amp#27;[39m
&amp#27;[38;5;162m[5fbf8dbe]&amp#27;[0m&amp#27;[38;5;-120m[AndroidUiautomator2Driver@c7f9]&amp#27;[0m Calling AppiumDriver.getScreenshot() with args: ["5fbf8dbe-b01f-4c1b-be1b-ad7d7fc42d78"]
&amp#27;[38;5;162m[5fbf8dbe]&amp#27;[0m&amp#27;[38;5;-120m[AndroidUiautomator2Driver@c7f9]&amp#27;[0m Matched '/screenshot' to command name 'getScreenshot'
&amp#27;[38;5;162m[5fbf8dbe]&amp#27;[0m&amp#27;[38;5;-120m[AndroidUiautomator2Driver@c7f9]&amp#27;[0m Proxying [GET /screenshot] to [GET http://127.0.0.1:8202/session/858259a7-d81b-4fb0-9e33-66a34ed7ea00/screenshot] with no body
&amp#27;[38;5;162m[5fbf8dbe]&amp#27;[0m&amp#27;[38;5;-120m[AndroidUiautomator2Driver@c7f9]&amp#27;[0m Got response with status 200: {"sessionId":"858259a7-d81b-4fb0-9e33-66a34ed7ea00","value":"iVBORw0KGgoAAAANSUhEUgAABDgAAAjoCAYAAAA5jhrUAAAAAXNSR0IArs4c6QAAAARzQklUCAgICHwIZIgAACAASURBVHic7N13fBzF3cfx7+zuqdmS3I1xw2CMKQZsiikmtNAceseUBwgdQhIgHRIIaRCSEAgtQAJJICQUExKa6b13MBgw4IZxlSXZane78/xxRSdpT/0krfV58zL2bZly2383O2MGzz3JCgAAAAAAIMKc3i4AAAAAAABAVxHgAAAAAAAAkUeAAwAAAAAARB4BDgAAAAAAEHkEOAAAAAAAQOQR4AAAAAAAAJFHgAMAAAAAAEQeAQ4AAAAAABB5BDgAAAAAAEDkEeAAAAAAAACRR4ADAAAAAABEHgEOAAAAAAAQeQQ4AAAAAABA5BHgAAAAAAAAkUeAAwAAAAAARB4BDgAAAAAAEHkEOAAAAAAAQOQR4AAAAAAAAJFHgAMAAAAAAEQeAQ4AAAAAABB5BDgAAAAAAEDkEeAAAAAAAACRR4ADAAAAAABEHgEOAAAAAAAQeQQ4AAAAAABA5Hm9XQCgLzAyMum/TfLfkmQlWWuV/E+p/0dXf6knAAAAgP6HAAf6LSMjzzjapGAD3Tn2u9ooNrzV5b+Ir9Bxi/6gzxq+UsIGkQkC9Jd6AgAAAO1R7pZoq8JxmlI0TuVOibYqGqdyd0BmfqW/Tu/XLVRlUKP36hbq/fqFqvRreqWsM0om64HxP2rXsgcv+LWer/kozyXq2whwoF8qdYr10xFH6eTBe8pt55taG8WG66WNfyVfgW6veFqXLf+3qoPaPJe0a/pLPQEAAIDWjIsN08zSaZpZup1mlExuc/lvlG7X5PPzNR/poeo39FD1m1oYX5mvYqKLzOC5J/HzLPoNz7g6e8h+unTE0Wp8QaNzrKwuW363rl/9iBLW76YSdo/+Uk8AAACgNTNKJuvMIfu2CFh0xYPV...
&amp#27;[38;5;162m[5fbf8dbe]&amp#27;[0m&amp#27;[38;5;-120m[AndroidUiautomator2Driver@c7f9]&amp#27;[0m Responding to client with driver.getScreenshot() result: "iVBORw0KGgoAAAANSUhEUgAABDgAAAjoCAYAAAA5jhrUAAAAAXNSR0IArs4c6QAAAARzQklUCAgICHwIZIgAACAASURBVHic7N13fBzF3cfx7+zuqdmS3I1xw2CMKQZsiikmtNAceseUBwgdQhIgHRIIaRCSEAgtQAJJICQUExKa6b13MBgw4IZxlSXZane78/xxRSdpT/0krfV58zL2bZly2383O2MGzz3JCgAAAAAAIMKc3i4AAAAAAABAVxHgAAAAAAAAkUeAAwAAAAAARB4BDgAAAAAAEHkEOAAAAAAAQOQR4AAAAAAAAJFHgAMAAAAAAEQeAQ4AAAAAABB5BDgAAAAAAEDkEeAAAAAAAACRR4ADAAAAAABEHgEOAAAAAAAQeQQ4AAAAAABA5BHgAAAAAAAAkUeAAwAAAAAARB4BDgAAAAAAEHkEOAAAAAAAQOQR4AAAAAAAAJFHgAMAAAAAAEQeAQ4AAAAAABB5BDgAAAAAAEDkEeAAAAAAAACRR4ADAAAAAABEHgEOAAAAAAAQeQQ4AAAAAABA5Hm9XQCgLzAyMum/TfLfkmQlWWuV/E+p/0dXf6knAAAAgP6HAAf6LSMjzzjapGAD3Tn2u9ooNrzV5b+Ir9Bxi/6gzxq+UsIGkQkC9Jd6AgAAAO1R7pZoq8JxmlI0TuVOibYqGqdyd0BmfqW/Tu/XLVRlUKP36hbq/fqFqvRreqWsM0om64HxP2rXsgcv+LWer/kozyXq2whwoF8qdYr10xFH6eTBe8pt55taG8WG66WNfyVfgW6veFqXLf+3qoPaPJe0a/pLPQEAAIDWjIsN08zSaZpZup1mlExuc/lvlG7X5PPzNR/poeo39FD1m1oYX5mvYqKLzOC5J/HzLPoNz7g6e8h+unTE0Wp8QaNzrKwuW363rl/9iBLW76YSdo/+Uk8AAACgNTNKJuvMIfu2CFh0xYPVb+im1XN6pLUELTg6hgAH+gUjo1KnSE9N+LkmFIzo1rQ/b1iuvb74mar82l5/...
&amp#27;[38;5;162m[5fbf8dbe]&amp#27;[0m&amp#27;[38;5;86m[HTTP]&amp#27;[0m &amp#27;[37m<-- GET /session/5fbf8dbe-b01f-4c1b-be1b-ad7d7fc42d78/screenshot &amp#27;[39m&amp#27;[32m200&amp#27;[39m &amp#27;[90m1191 ms - 599636&amp#27;[39m &amp#27;[90m&amp#27;[39m
&amp#27;[38;5;162m[5fbf8dbe]&amp#27;[0m&amp#27;[38;5;86m[HTTP]&amp#27;[0m &amp#27;[37m-->&amp#27;[39m &amp#27;[37mGET&amp#27;[39m &amp#27;[37m/session/5fbf8dbe-b01f-4c1b-be1b-ad7d7fc42d78/screenshot&amp#27;[39m &amp#27;[90m{}&amp#27;[39m
&amp#27;[38;5;162m[5fbf8dbe]&amp#27;[0m&amp#27;[38;5;-120m[AndroidUiautomator2Driver@c7f9]&amp#27;[0m Calling AppiumDriver.getScreenshot() with args: ["5fbf8dbe-b01f-4c1b-be1b-ad7d7fc42d78"]
&amp#27;[38;5;162m[5fbf8dbe]&amp#27;[0m&amp#27;[38;5;-120m[AndroidUiautomator2Driver@c7f9]&amp#27;[0m Matched '/screenshot' to command name 'getScreenshot'
&amp#27;[38;5;162m[5fbf8dbe]&amp#27;[0m&amp#27;[38;5;-120m[AndroidUiautomator2Driver@c7f9]&amp#27;[0m Proxying [GET /screenshot] to [GET http://127.0.0.1:8202/session/858259a7-d81b-4fb0-9e33-66a34ed7ea00/screenshot] with no body
&amp#27;[38;5;162m[5fbf8dbe]&amp#27;[0m&amp#27;[38;5;-120m[AndroidUiautomator2Driver@c7f9]&amp#27;[0m Got response with status 200: {"sessionId":"858259a7-d81b-4fb0-9e33-66a34ed7ea00","value":"iVBORw0KGgoAAAANSUhEUgAABDgAAAjoCAYAAAA5jhrUAAAAAXNSR0IArs4c6QAAAARzQklUCAgICHwIZIgAACAASURBVHic7N13fBzF3cfx7+zuqdmS3I1xw2CMKQZsiikmtNAceseUBwgdQhIgHRIIaRCSEAgtQAJJICQUExKa6b13MBgw4IZxlSXZane78/xxRSdpT/0krfV58zL2bZly2383O2MGzz3JCgAAAAAAIMKc3i4AAAAAAABAVxHgAAAAAAAAkUeAAwAAAAAARB4BDgAAAAAAEHkEOAAAAAAAQOQR4AAAAAAAAJFHgAMAAAAAAEQeAQ4AAAAAABB5BDgAAAAAAEDkEeAAAAAAAACRR4ADAAAAAABEHgEOAAAAAAAQeQQ4AAAAAABA5BHgAAAAAAAAkUeAAwAAAAAARB4BDgAAAAAAEHkEOAAAAAAAQOQR4AAAAAAAAJFHgAMAAAAAAEQeAQ4AAAAAABB5BDgAAAAAAEDkEeAAAAAAAACRR4ADAAAAAABEHgEOAAAAAAAQeQQ4AAAAAABA5Hm9XQCgLzAyMum/TfLfkmQlWWuV/E+p/0dXf6knAAAAgP6HAAf6LSMjzzjapGAD3Tn2u9ooNrzV5b+Ir9Bxi/6gzxq+UsIGkQkC9Jd6AgAAAO1R7pZoq8JxmlI0TuVOibYqGqdyd0BmfqW/Tu/XLVRlUKP36hbq/fqFqvRreqWsM0om64HxP2rXsgcv+LWer/kozyXq2whwoF8qdYr10xFH6eTBe8pt55taG8WG66WNfyVfgW6veFqXLf+3qoPaPJe0a/pLPQEAAIDWjIsN08zSaZpZup1mlExuc/lvlG7X5PPzNR/poeo39FD1m1oYX5mvYqKLzOC5J/HzLPoNz7g6e8h+unTE0Wp8QaNzrKwuW363rl/9iBLW76YSdo/+Uk8AAACgNTNKJuvMIfu2CFh0xYPV...
&amp#27;[38;5;162m[5fbf8dbe]&amp#27;[0m&amp#27;[38;5;-120m[AndroidUiautomator2Driver@c7f9]&amp#27;[0m Responding to client with driver.getScreenshot() result: "iVBORw0KGgoAAAANSUhEUgAABDgAAAjoCAYAAAA5jhrUAAAAAXNSR0IArs4c6QAAAARzQklUCAgICHwIZIgAACAASURBVHic7N13fBzF3cfx7+zuqdmS3I1xw2CMKQZsiikmtNAceseUBwgdQhIgHRIIaRCSEAgtQAJJICQUExKa6b13MBgw4IZxlSXZane78/xxRSdpT/0krfV58zL2bZly2383O2MGzz3JCgAAAAAAIMKc3i4AAAAAAABAVxHgAAAAAAAAkUeAAwAAAAAARB4BDgAAAAAAEHkEOAAAAAAAQOQR4AAAAAAAAJFHgAMAAAAAAEQeAQ4AAAAAABB5BDgAAAAAAEDkEeAAAAAAAACRR4ADAAAAAABEHgEOAAAAAAAQeQQ4AAAAAABA5BHgAAAAAAAAkUeAAwAAAAAARB4BDgAAAAAAEHkEOAAAAAAAQOQR4AAAAAAAAJFHgAMAAAAAAEQeAQ4AAAAAABB5BDgAAAAAAEDkEeAAAAAAAACRR4ADAAAAAABEHgEOAAAAAAAQeQQ4AAAAAABA5Hm9XQCgLzAyMum/TfLfkmQlWWuV/E+p/0dXf6knAAAAgP6HAAf6LSMjzzjapGAD3Tn2u9ooNrzV5b+Ir9Bxi/6gzxq+UsIGkQkC9Jd6AgAAAO1R7pZoq8JxmlI0TuVOibYqGqdyd0BmfqW/Tu/XLVRlUKP36hbq/fqFqvRreqWsM0om64HxP2rXsgcv+LWer/kozyXq2whwoF8qdYr10xFH6eTBe8pt55taG8WG66WNfyVfgW6veFqXLf+3qoPaPJe0a/pLPQEAAIDWjIsN08zSaZpZup1mlExuc/lvlG7X5PPzNR/poeo39FD1m1oYX5mvYqKLzOC5J/HzLPoNz7g6e8h+unTE0Wp8QaNzrKwuW363rl/9iBLW76YSdo/+Uk8AAACgNTNKJuvMIfu2CFh0xYPVb+im1XN6pLUELTg6hgAH+gUjo1KnSE9N+LkmFIzo1rQ/b1iuvb74mar82l5/...
&amp#27;[38;5;162m[5fbf8dbe]&amp#27;[0m&amp#27;[38;5;86m[HTTP]&amp#27;[0m &amp#27;[37m<-- GET /session/5fbf8dbe-b01f-4c1b-be1b-ad7d7fc42d78/screenshot &amp#27;[39m&amp#27;[32m200&amp#27;[39m &amp#27;[90m1194 ms - 599636&amp#27;[39m &amp#27;[90m&amp#27;[39m
&amp#27;[38;5;162m[5fbf8dbe]&amp#27;[0m&amp#27;[38;5;86m[HTTP]&amp#27;[0m &amp#27;[37m-->&amp#27;[39m &amp#27;[37mPOST&amp#27;[39m &amp#27;[37m/session/5fbf8dbe-b01f-4c1b-be1b-ad7d7fc42d78/element&amp#27;[39m &amp#27;[90m{"using":"id","value":"com.androidsample.generalstore:id/btnLetsShop"}&amp#27;[39m
&amp#27;[38;5;162m[5fbf8dbe]&amp#27;[0m&amp#27;[38;5;-120m[AndroidUiautomator2Driver@c7f9]&amp#27;[0m Calling AppiumDriver.findElement() with args: ["id","com.androidsample.generalstore:id/btnLetsShop","5fbf8dbe-b01f-4c1b-be1b-ad7d7fc42d78"]
&amp#27;[38;5;162m[5fbf8dbe]&amp#27;[0m&amp#27;[38;5;-120m[AndroidUiautomator2Driver@c7f9]&amp#27;[0m Valid locator strategies for this request: xpath, id, class name, accessibility id, css selector, -android uiautomator
&amp#27;[38;5;162m[5fbf8dbe]&amp#27;[0m&amp#27;[38;5;-120m[AndroidUiautomator2Driver@c7f9]&amp#27;[0m Waiting up to 0 ms for condition
&amp#27;[38;5;162m[5fbf8dbe]&amp#27;[0m&amp#27;[38;5;-120m[AndroidUiautomator2Driver@c7f9]&amp#27;[0m Matched '/element' to command name 'findElement'
&amp#27;[38;5;162m[5fbf8dbe]&amp#27;[0m&amp#27;[38;5;-120m[AndroidUiautomator2Driver@c7f9]&amp#27;[0m Proxying [POST /element] to [POST http://127.0.0.1:8202/session/858259a7-d81b-4fb0-9e33-66a34ed7ea00/element] with body: {"strategy":"id","selector":"com.androidsample.generalstore:id/btnLetsShop","context":"","multiple":false}
&amp#27;[38;5;162m[5fbf8dbe]&amp#27;[0m&amp#27;[38;5;-120m[AndroidUiautomator2Driver@c7f9]&amp#27;[0m Got response with status 200: {"sessionId":"858259a7-d81b-4fb0-9e33-66a34ed7ea00","value":{"ELEMENT":"00000000-0000-09bb-ffff-ffff00000021","element-6066-11e4-a52e-4f735466cecf":"00000000-0000-09bb-ffff-ffff00000021"}}
&amp#27;[38;5;162m[5fbf8dbe]&amp#27;[0m&amp#27;[38;5;-120m[AndroidUiautomator2Driver@c7f9]&amp#27;[0m Responding to client with driver.findElement() result: {"element-6066-11e4-a52e-4f735466cecf":"00000000-0000-09bb-ffff-ffff00000021","ELEMENT":"00000000-0000-09bb-ffff-ffff00000021"}
&amp#27;[38;5;162m[5fbf8dbe]&amp#27;[0m&amp#27;[38;5;86m[HTTP]&amp#27;[0m &amp#27;[37m<-- POST /session/5fbf8dbe-b01f-4c1b-be1b-ad7d7fc42d78/element &amp#27;[39m&amp#27;[32m200&amp#27;[39m &amp#27;[90m88 ms - 137&amp#27;[39m &amp#27;[90m&amp#27;[39m
&amp#27;[38;5;162m[5fbf8dbe]&amp#27;[0m&amp#27;[38;5;86m[HTTP]&amp#27;[0m &amp#27;[37m-->&amp#27;[39m &amp#27;[37mPOST&amp#27;[39m &amp#27;[37m/session/5fbf8dbe-b01f-4c1b-be1b-ad7d7fc42d78/element/00000000-0000-09bb-ffff-ffff00000021/click&amp#27;[39m &amp#27;[90m{"id":"00000000-0000-09bb-ffff-ffff00000021"}&amp#27;[39m
&amp#27;[38;5;162m[5fbf8dbe]&amp#27;[0m&amp#27;[38;5;-120m[AndroidUiautomator2Driver@c7f9]&amp#27;[0m Calling AppiumDriver.click() with args: ["00000000-0000-09bb-ffff-ffff00000021","5fbf8dbe-b01f-4c1b-be1b-ad7d7fc42d78"]
&amp#27;[38;5;162m[5fbf8dbe]&amp#27;[0m&amp#27;[38;5;-120m[AndroidUiautomator2Driver@c7f9]&amp#27;[0m Matched '/element/00000000-0000-09bb-ffff-ffff00000021/click' to command name 'click'
&amp#27;[38;5;162m[5fbf8dbe]&amp#27;[0m&amp#27;[38;5;-120m[AndroidUiautomator2Driver@c7f9]&amp#27;[0m Proxying [POST /element/00000000-0000-09bb-ffff-ffff00000021/click] to [POST http://127.0.0.1:8202/session/858259a7-d81b-4fb0-9e33-66a34ed7ea00/element/00000000-0000-09bb-ffff-ffff00000021/click] with body: {"element":"00000000-0000-09bb-ffff-ffff00000021"}
&amp#27;[38;5;162m[5fbf8dbe]&amp#27;[0m&amp#27;[38;5;-120m[AndroidUiautomator2Driver@c7f9]&amp#27;[0m Got response with status 200: {"sessionId":"858259a7-d81b-4fb0-9e33-66a34ed7ea00","value":null}
&amp#27;[38;5;162m[5fbf8dbe]&amp#27;[0m&amp#27;[38;5;-120m[AndroidUiautomator2Driver@c7f9]&amp#27;[0m Responding to client with driver.click() result: null
&amp#27;[38;5;162m[5fbf8dbe]&amp#27;[0m&amp#27;[38;5;86m[HTTP]&amp#27;[0m &amp#27;[37m<-- POST /session/5fbf8dbe-b01f-4c1b-be1b-ad7d7fc42d78/element/00000000-0000-09bb-ffff-ffff00000021/click &amp#27;[39m&amp#27;[32m200&amp#27;[39m &amp#27;[90m107 ms - 14&amp#27;[39m &amp#27;[90m&amp#27;[39m
&amp#27;[38;5;162m[5fbf8dbe]&amp#27;[0m&amp#27;[38;5;86m[HTTP]&amp#27;[0m &amp#27;[37m-->&amp#27;[39m &amp#27;[37mGET&amp#27;[39m &amp#27;[37m/session/5fbf8dbe-b01f-4c1b-be1b-ad7d7fc42d78/screenshot&amp#27;[39m &amp#27;[90m{}&amp#27;[39m
&amp#27;[38;5;162m[5fbf8dbe]&amp#27;[0m&amp#27;[38;5;-120m[AndroidUiautomator2Driver@c7f9]&amp#27;[0m Calling AppiumDriver.getScreenshot() with args: ["5fbf8dbe-b01f-4c1b-be1b-ad7d7fc42d78"]
&amp#27;[38;5;162m[5fbf8dbe]&amp#27;[0m&amp#27;[38;5;-120m[AndroidUiautomator2Driver@c7f9]&amp#27;[0m Matched '/screenshot' to command name 'getScreenshot'
&amp#27;[38;5;162m[5fbf8dbe]&amp#27;[0m&amp#27;[38;5;-120m[AndroidUiautomator2Driver@c7f9]&amp#27;[0m Proxying [GET /screenshot] to [GET http://127.0.0.1:8202/session/858259a7-d81b-4fb0-9e33-66a34ed7ea00/screenshot] with no body
&amp#27;[38;5;162m[5fbf8dbe]&amp#27;[0m&amp#27;[38;5;-120m[AndroidUiautomator2Driver@c7f9]&amp#27;[0m Got response with status 200: {"sessionId":"858259a7-d81b-4fb0-9e33-66a34ed7ea00","value":"iVBORw0KGgoAAAANSUhEUgAABDgAAAjoCAYAAAA5jhrUAAAAAXNSR0IArs4c6QAAAARzQklUCAgICHwIZIgAACAASURBVHic7N13fBzF3cfx7+zuqdmS3I1xw2CMKQZsiikmtNAceseUBwgdQhIgHRIIaRCSEAgtQAJJICQUExKa6b13MBgw4IZxlSXZane78/xxRSdpT/0krfV58zL2bZly2383O2MGzz3JCgAAAAAAIMKc3i4AAAAAAABAVxHgAAAAAAAAkUeAAwAAAAAARB4BDgAAAAAAEHkEOAAAAAAAQOQR4AAAAAAAAJFHgAMAAAAAAEQeAQ4AAAAAABB5BDgAAAAAAEDkEeAAAAAAAACRR4ADAAAAAABEHgEOAAAAAAAQeQQ4AAAAAABA5BHgAAAAAAAAkUeAAwAAAAAARB4BDgAAAAAAEHkEOAAAAAAAQOQR4AAAAAAAAJFHgAMAAAAAAEQeAQ4AAAAAABB5BDgAAAAAAEDkEeAAAAAAAACRR4ADAAAAAABEHgEOAAAAAAAQeQQ4AAAAAABA5Hm9XQCgLzAyMum/TfLfkmQlWWuV/E+p/0dXf6knAAAAgP6HAAf6LSMjzzjapGAD3Tn2u9ooNrzV5b+Ir9Bxi/6gzxq+UsIGkQkC9Jd6AgAAAO1R7pZoq8JxmlI0TuVOibYqGqdyd0BmfqW/Tu/XLVRlUKP36hbq/fqFqvRreqWsM0om64HxP2rXsgcv+LWer/kozyXq2whwoF8qdYr10xFH6eTBe8pt55taG8WG66WNfyVfgW6veFqXLf+3qoPaPJe0a/pLPQEAAIDWjIsN08zSaZpZup1mlExuc/lvlG7X5PPzNR/poeo39FD1m1oYX5mvYqKLzOC5J/HzLPoNz7g6e8h+unTE0Wp8QaNzrKwuW363rl/9iBLW76YSdo/+Uk8AAACgNTNKJuvMIfu2CFh0xYPV...
&amp#27;[38;5;162m[5fbf8dbe]&amp#27;[0m&amp#27;[38;5;-120m[AndroidUiautomator2Driver@c7f9]&amp#27;[0m Responding to client with driver.getScreenshot() result: "iVBORw0KGgoAAAANSUhEUgAABDgAAAjoCAYAAAA5jhrUAAAAAXNSR0IArs4c6QAAAARzQklUCAgICHwIZIgAACAASURBVHic7N13fBzF3cfx7+zuqdmS3I1xw2CMKQZsiikmtNAceseUBwgdQhIgHRIIaRCSEAgtQAJJICQUExKa6b13MBgw4IZxlSXZane78/xxRSdpT/0krfV58zL2bZly2383O2MGzz3JCgAAAAAAIMKc3i4AAAAAAABAVxHgAAAAAAAAkUeAAwAAAAAARB4BDgAAAAAAEHkEOAAAAAAAQOQR4AAAAAAAAJFHgAMAAAAAAEQeAQ4AAAAAABB5BDgAAAAAAEDkEeAAAAAAAACRR4ADAAAAAABEHgEOAAAAAAAQeQQ4AAAAAABA5BHgAAAAAAAAkUeAAwAAAAAARB4BDgAAAAAAEHkEOAAAAAAAQOQR4AAAAAAAAJFHgAMAAAAAAEQeAQ4AAAAAABB5BDgAAAAAAEDkEeAAAAAAAACRR4ADAAAAAABEHgEOAAAAAAAQeQQ4AAAAAABA5Hm9XQCgLzAyMum/TfLfkmQlWWuV/E+p/0dXf6knAAAAgP6HAAf6LSMjzzjapGAD3Tn2u9ooNrzV5b+Ir9Bxi/6gzxq+UsIGkQkC9Jd6AgAAAO1R7pZoq8JxmlI0TuVOibYqGqdyd0BmfqW/Tu/XLVRlUKP36hbq/fqFqvRreqWsM0om64HxP2rXsgcv+LWer/kozyXq2whwoF8qdYr10xFH6eTBe8pt55taG8WG66WNfyVfgW6veFqXLf+3qoPaPJe0a/pLPQEAAIDWjIsN08zSaZpZup1mlExuc/lvlG7X5PPzNR/poeo39FD1m1oYX5mvYqKLzOC5J/HzLPoNz7g6e8h+unTE0Wp8QaNzrKwuW363rl/9iBLW76YSdo/+Uk8AAACgNTNKJuvMIfu2CFh0xYPVb+im1XN6pLUELTg6hgAH+gUjo1KnSE9N+LkmFIzo1rQ/b1iuvb74mar82l5/...
&amp#27;[38;5;162m[5fbf8dbe]&amp#27;[0m&amp#27;[38;5;86m[HTTP]&amp#27;[0m &amp#27;[37m<-- GET /session/5fbf8dbe-b01f-4c1b-be1b-ad7d7fc42d78/screenshot &amp#27;[39m&amp#27;[32m200&amp#27;[39m &amp#27;[90m1183 ms - 599464&amp#27;[39m &amp#27;[90m&amp#27;[39m
&amp#27;[38;5;162m[5fbf8dbe]&amp#27;[0m&amp#27;[38;5;86m[HTTP]&amp#27;[0m &amp#27;[37m-->&amp#27;[39m &amp#27;[37mGET&amp#27;[39m &amp#27;[37m/session/5fbf8dbe-b01f-4c1b-be1b-ad7d7fc42d78/screenshot&amp#27;[39m &amp#27;[90m{}&amp#27;[39m
&amp#27;[38;5;162m[5fbf8dbe]&amp#27;[0m&amp#27;[38;5;-120m[AndroidUiautomator2Driver@c7f9]&amp#27;[0m Calling AppiumDriver.getScreenshot() with args: ["5fbf8dbe-b01f-4c1b-be1b-ad7d7fc42d78"]
&amp#27;[38;5;162m[5fbf8dbe]&amp#27;[0m&amp#27;[38;5;-120m[AndroidUiautomator2Driver@c7f9]&amp#27;[0m Matched '/screenshot' to command name 'getScreenshot'
&amp#27;[38;5;162m[5fbf8dbe]&amp#27;[0m&amp#27;[38;5;-120m[AndroidUiautomator2Driver@c7f9]&amp#27;[0m Proxying [GET /screenshot] to [GET http://127.0.0.1:8202/session/858259a7-d81b-4fb0-9e33-66a34ed7ea00/screenshot] with no body
&amp#27;[38;5;162m[5fbf8dbe]&amp#27;[0m&amp#27;[38;5;-120m[AndroidUiautomator2Driver@c7f9]&amp#27;[0m Got response with status 200: {"sessionId":"858259a7-d81b-4fb0-9e33-66a34ed7ea00","value":"iVBORw0KGgoAAAANSUhEUgAABDgAAAjoCAYAAAA5jhrUAAAAAXNSR0IArs4c6QAAAARzQklUCAgICHwIZIgAACAASURBVHic7N13nFTV/f/x9713Zhvb2AUWpCMCFgTBLkYUo7G32LBhF01sMfH3TWIisRtNbLHEBtEQO6jR2BFFEA1NjQgWylKkLGyBbTP33t8fuOvOzszu7O7Mztyd19OHMXtu+9wlBua953yO0f3Lc10BAAAAAAB4mJnsAgAAAAAAADqKgAMAAAAAAHgeAQcAAAAAAPA8Ag4AAAAAAOB5BBwAAAAAAMDzCDgAAAAAAIDnEXAAAAAAAADPI+AAAAAAAACeR8ABAAAAAAA8j4ADAAAAAAB4HgEHAAAAAADwPAIOAAAAAADgeQQcAAAAAADA8wg4AAAAAACA5xFwAAAAAAAAzyPgAAAAAAAAnkfAAQAAAAAAPI+AAwAAAAAAeB4BBwAAAAAA8DwCDgAAAAAA4HkEHAAAAAAAwPMIOAAAAAAAgOcRcAAAAAAAAM8j4AAAAAAAAJ5HwAEAAAAAADzPl+wCgFRgyJDR8E9jx3+XJFeS67ra8Zd++E/vSpf3BAAAAJB+CDiQtgwZ8hmmds7oren9r9Egf88Wz18Z2KQzS/+q7+q/V9B1PBMCpMt7AgAAALEosHK0R+YAjcwaoAIzR3tkDVCB1a3xeIW9XV/UrlaFU63Pa1fri7rVqrCrk1LruJwRemXg/8V07vGrbtOc6q8SXFFqI+BAWsozs/WHXqdqUvdDZcW4UmuQv6fmDblVthxN2/q+pmx8TlVOTYIr7Zh0eU8AAACgJQP8PXR03hgdnTdW43JGtHr+MXljQ76eU/2VXq9aoNerFmp1YHOiykQHGd2/PJcfzyJt+AxLk4uO1I29TtOPCzTax5WrKRuf14Nb3lDQteNUYXyky3sCAAAALRmXM0KXFh0RFlh0...
&amp#27;[38;5;162m[5fbf8dbe]&amp#27;[0m&amp#27;[38;5;-120m[AndroidUiautomator2Driver@c7f9]&amp#27;[0m Responding to client with driver.getScreenshot() result: "iVBORw0KGgoAAAANSUhEUgAABDgAAAjoCAYAAAA5jhrUAAAAAXNSR0IArs4c6QAAAARzQklUCAgICHwIZIgAACAASURBVHic7N13nFTV/f/x9713Zhvb2AUWpCMCFgTBLkYUo7G32LBhF01sMfH3TWIisRtNbLHEBtEQO6jR2BFFEA1NjQgWylKkLGyBbTP33t8fuOvOzszu7O7Mztyd19OHMXtu+9wlBua953yO0f3Lc10BAAAAAAB4mJnsAgAAAAAAADqKgAMAAAAAAHgeAQcAAAAAAPA8Ag4AAAAAAOB5BBwAAAAAAMDzCDgAAAAAAIDnEXAAAAAAAADPI+AAAAAAAACeR8ABAAAAAAA8j4ADAAAAAAB4HgEHAAAAAADwPAIOAAAAAADgeQQcAAAAAADA8wg4AAAAAACA5xFwAAAAAAAAzyPgAAAAAAAAnkfAAQAAAAAAPI+AAwAAAAAAeB4BBwAAAAAA8DwCDgAAAAAA4HkEHAAAAAAAwPMIOAAAAAAAgOcRcAAAAAAAAM8j4AAAAAAAAJ5HwAEAAAAAADzPl+wCgFRgyJDR8E9jx3+XJFeS67ra8Zd++E/vSpf3BAAAAJB+CDiQtgwZ8hmmds7oren9r9Egf88Wz18Z2KQzS/+q7+q/V9B1PBMCpMt7AgAAALEosHK0R+YAjcwaoAIzR3tkDVCB1a3xeIW9XV/UrlaFU63Pa1fri7rVqrCrk1LruJwRemXg/8V07vGrbtOc6q8SXFFqI+BAWsozs/WHXqdqUvdDZcW4UmuQv6fmDblVthxN2/q+pmx8TlVOTYIr7Zh0eU8AAACgJQP8PXR03hgdnTdW43JGtHr+MXljQ76eU/2VXq9aoNerFmp1YHOiykQHGd2/PJcfzyJt+AxLk4uO1I29TtOPCzTax5WrKRuf14Nb3lDQteNUYXyky3sCAAAALRmXM0KXFh0RFlh0xGtVC/TIlrc6ZbYEMzjahoADacGQoTwzS7MG/0mDM3rF9d4r6jfqsJV/VKVd...
&amp#27;[38;5;162m[5fbf8dbe]&amp#27;[0m&amp#27;[38;5;86m[HTTP]&amp#27;[0m &amp#27;[37m<-- GET /session/5fbf8dbe-b01f-4c1b-be1b-ad7d7fc42d78/screenshot &amp#27;[39m&amp#27;[32m200&amp#27;[39m &amp#27;[90m910 ms - 347028&amp#27;[39m &amp#27;[90m&amp#27;[39m
&amp#27;[38;5;162m[5fbf8dbe]&amp#27;[0m&amp#27;[38;5;86m[HTTP]&amp#27;[0m &amp#27;[37m-->&amp#27;[39m &amp#27;[37mGET&amp#27;[39m &amp#27;[37m/session/5fbf8dbe-b01f-4c1b-be1b-ad7d7fc42d78/screenshot&amp#27;[39m &amp#27;[90m{}&amp#27;[39m
&amp#27;[38;5;162m[5fbf8dbe]&amp#27;[0m&amp#27;[38;5;-120m[AndroidUiautomator2Driver@c7f9]&amp#27;[0m Calling AppiumDriver.getScreenshot() with args: ["5fbf8dbe-b01f-4c1b-be1b-ad7d7fc42d78"]
&amp#27;[38;5;162m[5fbf8dbe]&amp#27;[0m&amp#27;[38;5;-120m[AndroidUiautomator2Driver@c7f9]&amp#27;[0m Matched '/screenshot' to command name 'getScreenshot'
&amp#27;[38;5;162m[5fbf8dbe]&amp#27;[0m&amp#27;[38;5;-120m[AndroidUiautomator2Driver@c7f9]&amp#27;[0m Proxying [GET /screenshot] to [GET http://127.0.0.1:8202/session/858259a7-d81b-4fb0-9e33-66a34ed7ea00/screenshot] with no body
&amp#27;[38;5;162m[5fbf8dbe]&amp#27;[0m&amp#27;[38;5;-120m[AndroidUiautomator2Driver@c7f9]&amp#27;[0m Got response with status 200: {"sessionId":"858259a7-d81b-4fb0-9e33-66a34ed7ea00","value":"iVBORw0KGgoAAAANSUhEUgAABDgAAAjoCAYAAAA5jhrUAAAAAXNSR0IArs4c6QAAAARzQklUCAgICHwIZIgAACAASURBVHic7N13nFTV/f/x9713Zhvb2AUWpCMCFgTBLkYUo7G32LBhF01sMfH3TWIisRtNbLHEBtEQO6jR2BFFEA1NjQgWylKkLGyBbTP33t8fuOvOzszu7O7Mztyd19OHMXtu+9wlBua953yO0f3Lc10BAAAAAAB4mJnsAgAAAAAAADqKgAMAAAAAAHgeAQcAAAAAAPA8Ag4AAAAAAOB5BBwAAAAAAMDzCDgAAAAAAIDnEXAAAAAAAADPI+AAAAAAAACeR8ABAAAAAAA8j4ADAAAAAAB4HgEHAAAAAADwPAIOAAAAAADgeQQcAAAAAADA8wg4AAAAAACA5xFwAAAAAAAAzyPgAAAAAAAAnkfAAQAAAAAAPI+AAwAAAAAAeB4BBwAAAAAA8DwCDgAAAAAA4HkEHAAAAAAAwPMIOAAAAAAAgOcRcAAAAAAAAM8j4AAAAAAAAJ5HwAEAAAAAADzPl+wCgFRgyJDR8E9jx3+XJFeS67ra8Zd++E/vSpf3BAAAAJB+CDiQtgwZ8hmmds7oren9r9Egf88Wz18Z2KQzS/+q7+q/V9B1PBMCpMt7AgAAALEosHK0R+YAjcwaoAIzR3tkDVCB1a3xeIW9XV/UrlaFU63Pa1fri7rVqrCrk1LruJwRemXg/8V07vGrbtOc6q8SXFFqI+BAWsozs/WHXqdqUvdDZcW4UmuQv6fmDblVthxN2/q+pmx8TlVOTYIr7Zh0eU8AAACgJQP8PXR03hgdnTdW43JGtHr+MXljQ76eU/2VXq9aoNerFmp1YHOiykQHGd2/PJcfzyJt+AxLk4uO1I29TtOPCzTax5WrKRuf14Nb3lDQteNUYXyky3sCAAAALRmXM0KXFh0RFlh0...
&amp#27;[38;5;162m[5fbf8dbe]&amp#27;[0m&amp#27;[38;5;-120m[AndroidUiautomator2Driver@c7f9]&amp#27;[0m Responding to client with driver.getScreenshot() result: "iVBORw0KGgoAAAANSUhEUgAABDgAAAjoCAYAAAA5jhrUAAAAAXNSR0IArs4c6QAAAARzQklUCAgICHwIZIgAACAASURBVHic7N13nFTV/f/x9713Zhvb2AUWpCMCFgTBLkYUo7G32LBhF01sMfH3TWIisRtNbLHEBtEQO6jR2BFFEA1NjQgWylKkLGyBbTP33t8fuOvOzszu7O7Mztyd19OHMXtu+9wlBua953yO0f3Lc10BAAAAAAB4mJnsAgAAAAAAADqKgAMAAAAAAHgeAQcAAAAAAPA8Ag4AAAAAAOB5BBwAAAAAAMDzCDgAAAAAAIDnEXAAAAAAAADPI+AAAAAAAACeR8ABAAAAAAA8j4ADAAAAAAB4HgEHAAAAAADwPAIOAAAAAADgeQQcAAAAAADA8wg4AAAAAACA5xFwAAAAAAAAzyPgAAAAAAAAnkfAAQAAAAAAPI+AAwAAAAAAeB4BBwAAAAAA8DwCDgAAAAAA4HkEHAAAAAAAwPMIOAAAAAAAgOcRcAAAAAAAAM8j4AAAAAAAAJ5HwAEAAAAAADzPl+wCgFRgyJDR8E9jx3+XJFeS67ra8Zd++E/vSpf3BAAAAJB+CDiQtgwZ8hmmds7oren9r9Egf88Wz18Z2KQzS/+q7+q/V9B1PBMCpMt7AgAAALEosHK0R+YAjcwaoAIzR3tkDVCB1a3xeIW9XV/UrlaFU63Pa1fri7rVqrCrk1LruJwRemXg/8V07vGrbtOc6q8SXFFqI+BAWsozs/WHXqdqUvdDZcW4UmuQv6fmDblVthxN2/q+pmx8TlVOTYIr7Zh0eU8AAACgJQP8PXR03hgdnTdW43JGtHr+MXljQ76eU/2VXq9aoNerFmp1YHOiykQHGd2/PJcfzyJt+AxLk4uO1I29TtOPCzTax5WrKRuf14Nb3lDQteNUYXyky3sCAAAALRmXM0KXFh0RFlh0xGtVC/TIlrc6ZbYEMzjahoADacGQoTwzS7MG/0mDM3rF9d4r6jfqsJV/VKVd...
&amp#27;[38;5;162m[5fbf8dbe]&amp#27;[0m&amp#27;[38;5;86m[HTTP]&amp#27;[0m &amp#27;[37m<-- GET /session/5fbf8dbe-b01f-4c1b-be1b-ad7d7fc42d78/screenshot &amp#27;[39m&amp#27;[32m200&amp#27;[39m &amp#27;[90m914 ms - 347028&amp#27;[39m &amp#27;[90m&amp#27;[39m
]]></system-out>
  </testcase>
</testsuite>