<?xml version="1.0" encoding="UTF-8"?>
<testsuite xmlns:xsi="http://www.w3.org/2001/XMLSchema-instance" xsi:noNamespaceSchemaLocation="https://maven.apache.org/surefire/maven-surefire-plugin/xsd/surefire-test-report-3.0.xsd" version="3.0" name="TestSuite" time="100.391" tests="6" errors="0" skipped="0" failures="2">
  <properties>
    <property name="sun.desktop" value="windows"/>
    <property name="awt.toolkit" value="sun.awt.windows.WToolkit"/>
    <property name="java.specification.version" value="11"/>
    <property name="sun.cpu.isalist" value="amd64"/>
    <property name="sun.jnu.encoding" value="Cp1252"/>
    <property name="java.class.path" value="C:\Users\sajus\IdeaProjects\appium_Device\target\test-classes;C:\Users\sajus\IdeaProjects\appium_Device\target\classes;C:\Users\sajus\.m2\repository\io\appium\java-client\8.5.1\java-client-8.5.1.jar;C:\Users\sajus\.m2\repository\org\seleniumhq\selenium\selenium-api\4.33.0\selenium-api-4.33.0.jar;C:\Users\sajus\.m2\repository\org\jspecify\jspecify\1.0.0\jspecify-1.0.0.jar;C:\Users\sajus\.m2\repository\org\seleniumhq\selenium\selenium-support\4.33.0\selenium-support-4.33.0.jar;C:\Users\sajus\.m2\repository\com\google\code\gson\gson\2.10.1\gson-2.10.1.jar;C:\Users\sajus\.m2\repository\commons-validator\commons-validator\1.7\commons-validator-1.7.jar;C:\Users\sajus\.m2\repository\commons-beanutils\commons-beanutils\1.9.4\commons-beanutils-1.9.4.jar;C:\Users\sajus\.m2\repository\commons-digester\commons-digester\2.1\commons-digester-2.1.jar;C:\Users\sajus\.m2\repository\commons-logging\commons-logging\1.2\commons-logging-1.2.jar;C:\Users\sajus\.m2\repository\commons-collections\commons-collections\3.2.2\commons-collections-3.2.2.jar;C:\Users\sajus\.m2\repository\org\apache\commons\commons-lang3\3.12.0\commons-lang3-3.12.0.jar;C:\Users\sajus\.m2\repository\commons-io\commons-io\2.12.0\commons-io-2.12.0.jar;C:\Users\sajus\.m2\repository\org\slf4j\slf4j-api\2.0.7\slf4j-api-2.0.7.jar;C:\Users\sajus\.m2\repository\org\seleniumhq\selenium\selenium-java\4.8.0\selenium-java-4.8.0.jar;C:\Users\sajus\.m2\repository\org\seleniumhq\selenium\selenium-chrome-driver\4.8.0\selenium-chrome-driver-4.8.0.jar;C:\Users\sajus\.m2\repository\com\google\auto\service\auto-service\1.0.1\auto-service-1.0.1.jar;C:\Users\sajus\.m2\repository\com\google\auto\auto-common\1.2\auto-common-1.2.jar;C:\Users\sajus\.m2\repository\org\seleniumhq\selenium\selenium-chromium-driver\4.8.0\selenium-chromium-driver-4.8.0.jar;C:\Users\sajus\.m2\repository\org\seleniumhq\selenium\selenium-devtools-v107\4.8.0\selenium-devtools-v107-4.8.0.jar;C:\Users\sajus\.m2\repository\org\seleniumhq\selenium\selenium-devtools-v108\4.8.0\selenium-devtools-v108-4.8.0.jar;C:\Users\sajus\.m2\repository\org\seleniumhq\selenium\selenium-devtools-v109\4.8.0\selenium-devtools-v109-4.8.0.jar;C:\Users\sajus\.m2\repository\org\seleniumhq\selenium\selenium-devtools-v85\4.8.0\selenium-devtools-v85-4.8.0.jar;C:\Users\sajus\.m2\repository\org\seleniumhq\selenium\selenium-edge-driver\4.8.0\selenium-edge-driver-4.8.0.jar;C:\Users\sajus\.m2\repository\org\seleniumhq\selenium\selenium-firefox-driver\4.8.0\selenium-firefox-driver-4.8.0.jar;C:\Users\sajus\.m2\repository\org\seleniumhq\selenium\selenium-ie-driver\4.8.0\selenium-ie-driver-4.8.0.jar;C:\Users\sajus\.m2\repository\org\seleniumhq\selenium\selenium-safari-driver\4.8.0\selenium-safari-driver-4.8.0.jar;C:\Users\sajus\.m2\repository\org\seleniumhq\selenium\selenium-remote-driver\4.13.0\selenium-remote-driver-4.13.0.jar;C:\Users\sajus\.m2\repository\com\google\auto\service\auto-service-annotations\1.1.1\auto-service-annotations-1.1.1.jar;C:\Users\sajus\.m2\repository\com\google\guava\guava\32.1.2-jre\guava-32.1.2-jre.jar;C:\Users\sajus\.m2\repository\com\google\guava\failureaccess\1.0.1\failureaccess-1.0.1.jar;C:\Users\sajus\.m2\repository\com\google\guava\listenablefuture\9999.0-empty-to-avoid-conflict-with-guava\listenablefuture-9999.0-empty-to-avoid-conflict-with-guava.jar;C:\Users\sajus\.m2\repository\com\google\code\findbugs\jsr305\3.0.2\jsr305-3.0.2.jar;C:\Users\sajus\.m2\repository\org\checkerframework\checker-qual\3.33.0\checker-qual-3.33.0.jar;C:\Users\sajus\.m2\repository\com\google\errorprone\error_prone_annotations\2.18.0\error_prone_annotations-2.18.0.jar;C:\Users\sajus\.m2\repository\com\google\j2objc\j2objc-annotations\2.8\j2objc-annotations-2.8.jar;C:\Users\sajus\.m2\repository\io\netty\netty-buffer\4.1.96.Final\netty-buffer-4.1.96.Final.jar;C:\Users\sajus\.m2\repository\io\netty\netty-codec-http\4.1.96.Final\netty-codec-http-4.1.96.Final.jar;C:\Users\sajus\.m2\repository\io\netty\netty-codec\4.1.96.Final\netty-codec-4.1.96.Final.jar;C:\Users\sajus\.m2\repository\io\netty\netty-handler\4.1.96.Final\netty-handler-4.1.96.Final.jar;C:\Users\sajus\.m2\repository\io\netty\netty-common\4.1.96.Final\netty-common-4.1.96.Final.jar;C:\Users\sajus\.m2\repository\io\netty\netty-transport-classes-epoll\4.1.96.Final\netty-transport-classes-epoll-4.1.96.Final.jar;C:\Users\sajus\.m2\repository\io\netty\netty-transport-classes-kqueue\4.1.96.Final\netty-transport-classes-kqueue-4.1.96.Final.jar;C:\Users\sajus\.m2\repository\io\netty\netty-transport-native-epoll\4.1.96.Final\netty-transport-native-epoll-4.1.96.Final.jar;C:\Users\sajus\.m2\repository\io\netty\netty-transport-native-kqueue\4.1.96.Final\netty-transport-native-kqueue-4.1.96.Final.jar;C:\Users\sajus\.m2\repository\io\netty\netty-transport-native-unix-common\4.1.96.Final\netty-transport-native-unix-common-4.1.96.Final.jar;C:\Users\sajus\.m2\repository\io\netty\netty-transport\4.1.96.Final\netty-transport-4.1.96.Final.jar;C:\Users\sajus\.m2\repository\io\netty\netty-resolver\4.1.96.Final\netty-resolver-4.1.96.Final.jar;C:\Users\sajus\.m2\repository\io\opentelemetry\opentelemetry-api\1.28.0\opentelemetry-api-1.28.0.jar;C:\Users\sajus\.m2\repository\io\opentelemetry\opentelemetry-context\1.28.0\opentelemetry-context-1.28.0.jar;C:\Users\sajus\.m2\repository\io\opentelemetry\opentelemetry-exporter-logging\1.28.0\opentelemetry-exporter-logging-1.28.0.jar;C:\Users\sajus\.m2\repository\io\opentelemetry\opentelemetry-sdk-metrics\1.28.0\opentelemetry-sdk-metrics-1.28.0.jar;C:\Users\sajus\.m2\repository\io\opentelemetry\opentelemetry-extension-incubator\1.28.0-alpha\opentelemetry-extension-incubator-1.28.0-alpha.jar;C:\Users\sajus\.m2\repository\io\opentelemetry\opentelemetry-sdk-logs\1.28.0\opentelemetry-sdk-logs-1.28.0.jar;C:\Users\sajus\.m2\repository\io\opentelemetry\opentelemetry-sdk-common\1.28.0\opentelemetry-sdk-common-1.28.0.jar;C:\Users\sajus\.m2\repository\io\opentelemetry\opentelemetry-sdk-extension-autoconfigure-spi\1.28.0\opentelemetry-sdk-extension-autoconfigure-spi-1.28.0.jar;C:\Users\sajus\.m2\repository\io\opentelemetry\opentelemetry-sdk-extension-autoconfigure\1.28.0\opentelemetry-sdk-extension-autoconfigure-1.28.0.jar;C:\Users\sajus\.m2\repository\io\opentelemetry\opentelemetry-api-events\1.28.0-alpha\opentelemetry-api-events-1.28.0-alpha.jar;C:\Users\sajus\.m2\repository\io\opentelemetry\opentelemetry-sdk-trace\1.28.0\opentelemetry-sdk-trace-1.28.0.jar;C:\Users\sajus\.m2\repository\io\opentelemetry\opentelemetry-sdk\1.28.0\opentelemetry-sdk-1.28.0.jar;C:\Users\sajus\.m2\repository\io\opentelemetry\opentelemetry-semconv\1.28.0-alpha\opentelemetry-semconv-1.28.0-alpha.jar;C:\Users\sajus\.m2\repository\net\bytebuddy\byte-buddy\1.14.5\byte-buddy-1.14.5.jar;C:\Users\sajus\.m2\repository\org\asynchttpclient\async-http-client\2.12.3\async-http-client-2.12.3.jar;C:\Users\sajus\.m2\repository\org\asynchttpclient\async-http-client-netty-utils\2.12.3\async-http-client-netty-utils-2.12.3.jar;C:\Users\sajus\.m2\repository\io\netty\netty-codec-socks\4.1.60.Final\netty-codec-socks-4.1.60.Final.jar;C:\Users\sajus\.m2\repository\io\netty\netty-handler-proxy\4.1.60.Final\netty-handler-proxy-4.1.60.Final.jar;C:\Users\sajus\.m2\repository\io\netty\netty-transport-native-epoll\4.1.60.Final\netty-transport-native-epoll-4.1.60.Final-linux-x86_64.jar;C:\Users\sajus\.m2\repository\io\netty\netty-transport-native-kqueue\4.1.60.Final\netty-transport-native-kqueue-4.1.60.Final-osx-x86_64.jar;C:\Users\sajus\.m2\repository\org\reactivestreams\reactive-streams\1.0.3\reactive-streams-1.0.3.jar;C:\Users\sajus\.m2\repository\com\typesafe\netty\netty-reactive-streams\2.0.4\netty-reactive-streams-2.0.4.jar;C:\Users\sajus\.m2\repository\com\sun\activation\jakarta.activation\1.2.2\jakarta.activation-1.2.2.jar;C:\Users\sajus\.m2\repository\org\seleniumhq\selenium\selenium-http\4.13.0\selenium-http-4.13.0.jar;C:\Users\sajus\.m2\repository\dev\failsafe\failsafe\3.3.2\failsafe-3.3.2.jar;C:\Users\sajus\.m2\repository\org\seleniumhq\selenium\selenium-json\4.13.0\selenium-json-4.13.0.jar;C:\Users\sajus\.m2\repository\org\seleniumhq\selenium\selenium-manager\4.13.0\selenium-manager-4.13.0.jar;C:\Users\sajus\.m2\repository\org\seleniumhq\selenium\selenium-os\4.13.0\selenium-os-4.13.0.jar;C:\Users\sajus\.m2\repository\org\apache\commons\commons-exec\1.3\commons-exec-1.3.jar;C:\Users\sajus\.m2\repository\org\testng\testng\7.11.0\testng-7.11.0.jar;C:\Users\sajus\.m2\repository\org\jcommander\jcommander\1.83\jcommander-1.83.jar;C:\Users\sajus\.m2\repository\org\webjars\jquery\3.7.1\jquery-3.7.1.jar;C:\Users\sajus\.m2\repository\com\aventstack\extentreports\5.0.9\extentreports-5.0.9.jar;C:\Users\sajus\.m2\repository\io\reactivex\rxjava3\rxjava\3.0.4\rxjava-3.0.4.jar;C:\Users\sajus\.m2\repository\org\freemarker\freemarker\2.3.30\freemarker-2.3.30.jar;C:\Users\sajus\.m2\repository\com\fasterxml\jackson\core\jackson-databind\2.15.2\jackson-databind-2.15.2.jar;C:\Users\sajus\.m2\repository\com\fasterxml\jackson\core\jackson-annotations\2.15.2\jackson-annotations-2.15.2.jar;C:\Users\sajus\.m2\repository\com\fasterxml\jackson\core\jackson-core\2.15.2\jackson-core-2.15.2.jar;C:\Users\sajus\.m2\repository\org\apache\logging\log4j\log4j-core\2.20.0\log4j-core-2.20.0.jar;C:\Users\sajus\.m2\repository\org\apache\logging\log4j\log4j-api\2.20.0\log4j-api-2.20.0.jar;C:\Users\sajus\.m2\repository\org\slf4j\slf4j-simple\2.0.9\slf4j-simple-2.0.9.jar;C:\Users\sajus\.m2\repository\org\projectlombok\lombok\1.18.28\lombok-1.18.28.jar;C:\Users\sajus\.m2\repository\com\beust\jcommander\1.82\jcommander-1.82.jar;C:\Users\sajus\.m2\repository\io\qameta\allure\allure-testng\2.29.0\allure-testng-2.29.0.jar;C:\Users\sajus\.m2\repository\io\qameta\allure\allure-java-commons\2.29.0\allure-java-commons-2.29.0.jar;C:\Users\sajus\.m2\repository\io\qameta\allure\allure-model\2.29.0\allure-model-2.29.0.jar;C:\Users\sajus\.m2\repository\io\qameta\allure\allure-test-filter\2.29.0\allure-test-filter-2.29.0.jar;C:\Users\sajus\.m2\repository\org\aspectj\aspectjweaver\1.9.20\aspectjweaver-1.9.20.jar;"/>
    <property name="java.vm.vendor" value="Oracle Corporation"/>
    <property name="sun.arch.data.model" value="64"/>
    <property name="user.variant" value=""/>
    <property name="java.vendor.url" value="https://openjdk.java.net/"/>
    <property name="user.timezone" value="America/Toronto"/>
    <property name="java.vm.specification.version" value="11"/>
    <property name="os.name" value="Windows 11"/>
    <property name="sun.java.launcher" value="SUN_STANDARD"/>
    <property name="user.country" value="CA"/>
    <property name="sun.boot.library.path" value="C:\Program Files\jdk-11.0.26\bin"/>
    <property name="sun.java.command" value="C:\Users\sajus\AppData\Local\Temp\surefire3373913309611282906\surefirebooter-20250618162721271_3.jar C:\Users\sajus\AppData\Local\Temp\surefire3373913309611282906 2025-06-18T16-27-20_444-jvmRun1 surefire-20250618162721271_1tmp surefire_0-20250618162721271_2tmp"/>
    <property name="jdk.debug" value="release"/>
    <property name="surefire.test.class.path" value="C:\Users\sajus\IdeaProjects\appium_Device\target\test-classes;C:\Users\sajus\IdeaProjects\appium_Device\target\classes;C:\Users\sajus\.m2\repository\io\appium\java-client\8.5.1\java-client-8.5.1.jar;C:\Users\sajus\.m2\repository\org\seleniumhq\selenium\selenium-api\4.33.0\selenium-api-4.33.0.jar;C:\Users\sajus\.m2\repository\org\jspecify\jspecify\1.0.0\jspecify-1.0.0.jar;C:\Users\sajus\.m2\repository\org\seleniumhq\selenium\selenium-support\4.33.0\selenium-support-4.33.0.jar;C:\Users\sajus\.m2\repository\com\google\code\gson\gson\2.10.1\gson-2.10.1.jar;C:\Users\sajus\.m2\repository\commons-validator\commons-validator\1.7\commons-validator-1.7.jar;C:\Users\sajus\.m2\repository\commons-beanutils\commons-beanutils\1.9.4\commons-beanutils-1.9.4.jar;C:\Users\sajus\.m2\repository\commons-digester\commons-digester\2.1\commons-digester-2.1.jar;C:\Users\sajus\.m2\repository\commons-logging\commons-logging\1.2\commons-logging-1.2.jar;C:\Users\sajus\.m2\repository\commons-collections\commons-collections\3.2.2\commons-collections-3.2.2.jar;C:\Users\sajus\.m2\repository\org\apache\commons\commons-lang3\3.12.0\commons-lang3-3.12.0.jar;C:\Users\sajus\.m2\repository\commons-io\commons-io\2.12.0\commons-io-2.12.0.jar;C:\Users\sajus\.m2\repository\org\slf4j\slf4j-api\2.0.7\slf4j-api-2.0.7.jar;C:\Users\sajus\.m2\repository\org\seleniumhq\selenium\selenium-java\4.8.0\selenium-java-4.8.0.jar;C:\Users\sajus\.m2\repository\org\seleniumhq\selenium\selenium-chrome-driver\4.8.0\selenium-chrome-driver-4.8.0.jar;C:\Users\sajus\.m2\repository\com\google\auto\service\auto-service\1.0.1\auto-service-1.0.1.jar;C:\Users\sajus\.m2\repository\com\google\auto\auto-common\1.2\auto-common-1.2.jar;C:\Users\sajus\.m2\repository\org\seleniumhq\selenium\selenium-chromium-driver\4.8.0\selenium-chromium-driver-4.8.0.jar;C:\Users\sajus\.m2\repository\org\seleniumhq\selenium\selenium-devtools-v107\4.8.0\selenium-devtools-v107-4.8.0.jar;C:\Users\sajus\.m2\repository\org\seleniumhq\selenium\selenium-devtools-v108\4.8.0\selenium-devtools-v108-4.8.0.jar;C:\Users\sajus\.m2\repository\org\seleniumhq\selenium\selenium-devtools-v109\4.8.0\selenium-devtools-v109-4.8.0.jar;C:\Users\sajus\.m2\repository\org\seleniumhq\selenium\selenium-devtools-v85\4.8.0\selenium-devtools-v85-4.8.0.jar;C:\Users\sajus\.m2\repository\org\seleniumhq\selenium\selenium-edge-driver\4.8.0\selenium-edge-driver-4.8.0.jar;C:\Users\sajus\.m2\repository\org\seleniumhq\selenium\selenium-firefox-driver\4.8.0\selenium-firefox-driver-4.8.0.jar;C:\Users\sajus\.m2\repository\org\seleniumhq\selenium\selenium-ie-driver\4.8.0\selenium-ie-driver-4.8.0.jar;C:\Users\sajus\.m2\repository\org\seleniumhq\selenium\selenium-safari-driver\4.8.0\selenium-safari-driver-4.8.0.jar;C:\Users\sajus\.m2\repository\org\seleniumhq\selenium\selenium-remote-driver\4.13.0\selenium-remote-driver-4.13.0.jar;C:\Users\sajus\.m2\repository\com\google\auto\service\auto-service-annotations\1.1.1\auto-service-annotations-1.1.1.jar;C:\Users\sajus\.m2\repository\com\google\guava\guava\32.1.2-jre\guava-32.1.2-jre.jar;C:\Users\sajus\.m2\repository\com\google\guava\failureaccess\1.0.1\failureaccess-1.0.1.jar;C:\Users\sajus\.m2\repository\com\google\guava\listenablefuture\9999.0-empty-to-avoid-conflict-with-guava\listenablefuture-9999.0-empty-to-avoid-conflict-with-guava.jar;C:\Users\sajus\.m2\repository\com\google\code\findbugs\jsr305\3.0.2\jsr305-3.0.2.jar;C:\Users\sajus\.m2\repository\org\checkerframework\checker-qual\3.33.0\checker-qual-3.33.0.jar;C:\Users\sajus\.m2\repository\com\google\errorprone\error_prone_annotations\2.18.0\error_prone_annotations-2.18.0.jar;C:\Users\sajus\.m2\repository\com\google\j2objc\j2objc-annotations\2.8\j2objc-annotations-2.8.jar;C:\Users\sajus\.m2\repository\io\netty\netty-buffer\4.1.96.Final\netty-buffer-4.1.96.Final.jar;C:\Users\sajus\.m2\repository\io\netty\netty-codec-http\4.1.96.Final\netty-codec-http-4.1.96.Final.jar;C:\Users\sajus\.m2\repository\io\netty\netty-codec\4.1.96.Final\netty-codec-4.1.96.Final.jar;C:\Users\sajus\.m2\repository\io\netty\netty-handler\4.1.96.Final\netty-handler-4.1.96.Final.jar;C:\Users\sajus\.m2\repository\io\netty\netty-common\4.1.96.Final\netty-common-4.1.96.Final.jar;C:\Users\sajus\.m2\repository\io\netty\netty-transport-classes-epoll\4.1.96.Final\netty-transport-classes-epoll-4.1.96.Final.jar;C:\Users\sajus\.m2\repository\io\netty\netty-transport-classes-kqueue\4.1.96.Final\netty-transport-classes-kqueue-4.1.96.Final.jar;C:\Users\sajus\.m2\repository\io\netty\netty-transport-native-epoll\4.1.96.Final\netty-transport-native-epoll-4.1.96.Final.jar;C:\Users\sajus\.m2\repository\io\netty\netty-transport-native-kqueue\4.1.96.Final\netty-transport-native-kqueue-4.1.96.Final.jar;C:\Users\sajus\.m2\repository\io\netty\netty-transport-native-unix-common\4.1.96.Final\netty-transport-native-unix-common-4.1.96.Final.jar;C:\Users\sajus\.m2\repository\io\netty\netty-transport\4.1.96.Final\netty-transport-4.1.96.Final.jar;C:\Users\sajus\.m2\repository\io\netty\netty-resolver\4.1.96.Final\netty-resolver-4.1.96.Final.jar;C:\Users\sajus\.m2\repository\io\opentelemetry\opentelemetry-api\1.28.0\opentelemetry-api-1.28.0.jar;C:\Users\sajus\.m2\repository\io\opentelemetry\opentelemetry-context\1.28.0\opentelemetry-context-1.28.0.jar;C:\Users\sajus\.m2\repository\io\opentelemetry\opentelemetry-exporter-logging\1.28.0\opentelemetry-exporter-logging-1.28.0.jar;C:\Users\sajus\.m2\repository\io\opentelemetry\opentelemetry-sdk-metrics\1.28.0\opentelemetry-sdk-metrics-1.28.0.jar;C:\Users\sajus\.m2\repository\io\opentelemetry\opentelemetry-extension-incubator\1.28.0-alpha\opentelemetry-extension-incubator-1.28.0-alpha.jar;C:\Users\sajus\.m2\repository\io\opentelemetry\opentelemetry-sdk-logs\1.28.0\opentelemetry-sdk-logs-1.28.0.jar;C:\Users\sajus\.m2\repository\io\opentelemetry\opentelemetry-sdk-common\1.28.0\opentelemetry-sdk-common-1.28.0.jar;C:\Users\sajus\.m2\repository\io\opentelemetry\opentelemetry-sdk-extension-autoconfigure-spi\1.28.0\opentelemetry-sdk-extension-autoconfigure-spi-1.28.0.jar;C:\Users\sajus\.m2\repository\io\opentelemetry\opentelemetry-sdk-extension-autoconfigure\1.28.0\opentelemetry-sdk-extension-autoconfigure-1.28.0.jar;C:\Users\sajus\.m2\repository\io\opentelemetry\opentelemetry-api-events\1.28.0-alpha\opentelemetry-api-events-1.28.0-alpha.jar;C:\Users\sajus\.m2\repository\io\opentelemetry\opentelemetry-sdk-trace\1.28.0\opentelemetry-sdk-trace-1.28.0.jar;C:\Users\sajus\.m2\repository\io\opentelemetry\opentelemetry-sdk\1.28.0\opentelemetry-sdk-1.28.0.jar;C:\Users\sajus\.m2\repository\io\opentelemetry\opentelemetry-semconv\1.28.0-alpha\opentelemetry-semconv-1.28.0-alpha.jar;C:\Users\sajus\.m2\repository\net\bytebuddy\byte-buddy\1.14.5\byte-buddy-1.14.5.jar;C:\Users\sajus\.m2\repository\org\asynchttpclient\async-http-client\2.12.3\async-http-client-2.12.3.jar;C:\Users\sajus\.m2\repository\org\asynchttpclient\async-http-client-netty-utils\2.12.3\async-http-client-netty-utils-2.12.3.jar;C:\Users\sajus\.m2\repository\io\netty\netty-codec-socks\4.1.60.Final\netty-codec-socks-4.1.60.Final.jar;C:\Users\sajus\.m2\repository\io\netty\netty-handler-proxy\4.1.60.Final\netty-handler-proxy-4.1.60.Final.jar;C:\Users\sajus\.m2\repository\io\netty\netty-transport-native-epoll\4.1.60.Final\netty-transport-native-epoll-4.1.60.Final-linux-x86_64.jar;C:\Users\sajus\.m2\repository\io\netty\netty-transport-native-kqueue\4.1.60.Final\netty-transport-native-kqueue-4.1.60.Final-osx-x86_64.jar;C:\Users\sajus\.m2\repository\org\reactivestreams\reactive-streams\1.0.3\reactive-streams-1.0.3.jar;C:\Users\sajus\.m2\repository\com\typesafe\netty\netty-reactive-streams\2.0.4\netty-reactive-streams-2.0.4.jar;C:\Users\sajus\.m2\repository\com\sun\activation\jakarta.activation\1.2.2\jakarta.activation-1.2.2.jar;C:\Users\sajus\.m2\repository\org\seleniumhq\selenium\selenium-http\4.13.0\selenium-http-4.13.0.jar;C:\Users\sajus\.m2\repository\dev\failsafe\failsafe\3.3.2\failsafe-3.3.2.jar;C:\Users\sajus\.m2\repository\org\seleniumhq\selenium\selenium-json\4.13.0\selenium-json-4.13.0.jar;C:\Users\sajus\.m2\repository\org\seleniumhq\selenium\selenium-manager\4.13.0\selenium-manager-4.13.0.jar;C:\Users\sajus\.m2\repository\org\seleniumhq\selenium\selenium-os\4.13.0\selenium-os-4.13.0.jar;C:\Users\sajus\.m2\repository\org\apache\commons\commons-exec\1.3\commons-exec-1.3.jar;C:\Users\sajus\.m2\repository\org\testng\testng\7.11.0\testng-7.11.0.jar;C:\Users\sajus\.m2\repository\org\jcommander\jcommander\1.83\jcommander-1.83.jar;C:\Users\sajus\.m2\repository\org\webjars\jquery\3.7.1\jquery-3.7.1.jar;C:\Users\sajus\.m2\repository\com\aventstack\extentreports\5.0.9\extentreports-5.0.9.jar;C:\Users\sajus\.m2\repository\io\reactivex\rxjava3\rxjava\3.0.4\rxjava-3.0.4.jar;C:\Users\sajus\.m2\repository\org\freemarker\freemarker\2.3.30\freemarker-2.3.30.jar;C:\Users\sajus\.m2\repository\com\fasterxml\jackson\core\jackson-databind\2.15.2\jackson-databind-2.15.2.jar;C:\Users\sajus\.m2\repository\com\fasterxml\jackson\core\jackson-annotations\2.15.2\jackson-annotations-2.15.2.jar;C:\Users\sajus\.m2\repository\com\fasterxml\jackson\core\jackson-core\2.15.2\jackson-core-2.15.2.jar;C:\Users\sajus\.m2\repository\org\apache\logging\log4j\log4j-core\2.20.0\log4j-core-2.20.0.jar;C:\Users\sajus\.m2\repository\org\apache\logging\log4j\log4j-api\2.20.0\log4j-api-2.20.0.jar;C:\Users\sajus\.m2\repository\org\slf4j\slf4j-simple\2.0.9\slf4j-simple-2.0.9.jar;C:\Users\sajus\.m2\repository\org\projectlombok\lombok\1.18.28\lombok-1.18.28.jar;C:\Users\sajus\.m2\repository\com\beust\jcommander\1.82\jcommander-1.82.jar;C:\Users\sajus\.m2\repository\io\qameta\allure\allure-testng\2.29.0\allure-testng-2.29.0.jar;C:\Users\sajus\.m2\repository\io\qameta\allure\allure-java-commons\2.29.0\allure-java-commons-2.29.0.jar;C:\Users\sajus\.m2\repository\io\qameta\allure\allure-model\2.29.0\allure-model-2.29.0.jar;C:\Users\sajus\.m2\repository\io\qameta\allure\allure-test-filter\2.29.0\allure-test-filter-2.29.0.jar;C:\Users\sajus\.m2\repository\org\aspectj\aspectjweaver\1.9.20\aspectjweaver-1.9.20.jar;"/>
    <property name="allure.results.directory" value="C:\Users\sajus\IdeaProjects\appium_Device\target/allure-results"/>
    <property name="sun.cpu.endian" value="little"/>
    <property name="user.home" value="C:\Users\sajus"/>
    <property name="user.language" value="en"/>
    <property name="java.specification.vendor" value="Oracle Corporation"/>
    <property name="java.version.date" value="2025-01-21"/>
    <property name="java.home" value="C:\Program Files\jdk-11.0.26"/>
    <property name="file.separator" value="\"/>
    <property name="basedir" value="C:\Users\sajus\IdeaProjects\appium_Device"/>
    <property name="java.vm.compressedOopsMode" value="32-bit"/>
    <property name="line.separator" value="&#10;"/>
    <property name="java.specification.name" value="Java Platform API Specification"/>
    <property name="java.vm.specification.vendor" value="Oracle Corporation"/>
    <property name="java.awt.graphicsenv" value="sun.awt.Win32GraphicsEnvironment"/>
    <property name="surefire.real.class.path" value="C:\Users\sajus\AppData\Local\Temp\surefire3373913309611282906\surefirebooter-20250618162721271_3.jar"/>
    <property name="user.script" value=""/>
    <property name="sun.management.compiler" value="HotSpot 64-Bit Tiered Compilers"/>
    <property name="java.runtime.version" value="11.0.26+7-LTS-187"/>
    <property name="user.name" value="sajus"/>
    <property name="path.separator" value=";"/>
    <property name="os.version" value="10.0"/>
    <property name="java.runtime.name" value="Java(TM) SE Runtime Environment"/>
    <property name="file.encoding" value="Cp1252"/>
    <property name="java.vm.name" value="Java HotSpot(TM) 64-Bit Server VM"/>
    <property name="java.vendor.version" value="18.9"/>
    <property name="localRepository" value="C:\Users\sajus\.m2\repository"/>
    <property name="java.vendor.url.bug" value="https://bugreport.java.com/bugreport/"/>
    <property name="java.io.tmpdir" value="C:\Users\sajus\AppData\Local\Temp\"/>
    <property name="java.version" value="11.0.26"/>
    <property name="user.dir" value="C:\Users\sajus\IdeaProjects\appium_Device"/>
    <property name="os.arch" value="amd64"/>
    <property name="java.vm.specification.name" value="Java Virtual Machine Specification"/>
    <property name="java.awt.printerjob" value="sun.awt.windows.WPrinterJob"/>
    <property name="sun.os.patch.level" value=""/>
    <property name="java.library.path" value="C:\Program Files\jdk-11.0.26\bin;C:\WINDOWS\Sun\Java\bin;C:\WINDOWS\system32;C:\WINDOWS;C:\WINDOWS\system32;C:\WINDOWS;C:\WINDOWS\System32\Wbem;C:\WINDOWS\System32\WindowsPowerShell\v1.0\;C:\WINDOWS\System32\OpenSSH\;C:\Program Files\dotnet\;C:\Program Files\nodejs\;C:\Users\sajus\AppData\Local\Android\Sdk\tools\bin;C:\Users\sajus\AppData\Local\Android\Sdk\platform-tools;C:\Program Files\jdk-11.0.26\bin;C:\Program Files\apache-maven-3.9.9\apache-maven-3.9.9\bin;C:\Program Files\Git\cmd;C:\Users\sajus\AppData\Local\Microsoft\WindowsApps;C:\Users\sajus\AppData\Local\Programs\Microsoft VS Code\bin;C:\Users\sajus\AppData\Roaming\npm;;."/>
    <property name="java.vendor" value="Oracle Corporation"/>
    <property name="java.vm.info" value="mixed mode"/>
    <property name="java.vm.version" value="11.0.26+7-LTS-187"/>
    <property name="java.specification.maintenance.version" value="3"/>
    <property name="sun.io.unicode.encoding" value="UnicodeLittle"/>
    <property name="java.class.version" value="55.0"/>
  </properties>
  <testcase name="FirstCase" classname="org.testCase.TestCase1" time="9.095">
    <failure message="expected [Please enter your name2] but found [Please enter your name]" type="java.lang.AssertionError"><![CDATA[java.lang.AssertionError: expected [Please enter your name2] but found [Please enter your name]
	at org.testng.Assert.fail(Assert.java:111)
	at org.testng.Assert.failNotEquals(Assert.java:1590)
	at org.testng.Assert.assertEqualsImpl(Assert.java:150)
	at org.testng.Assert.assertEquals(Assert.java:132)
	at org.testng.Assert.assertEquals(Assert.java:656)
	at org.testng.Assert.assertEquals(Assert.java:666)
	at org.testCase.TestCase1.FirstCase(TestCase1.java:25)
	at java.base/jdk.internal.reflect.NativeMethodAccessorImpl.invoke0(Native Method)
	at java.base/jdk.internal.reflect.NativeMethodAccessorImpl.invoke(NativeMethodAccessorImpl.java:62)
	at java.base/jdk.internal.reflect.DelegatingMethodAccessorImpl.invoke(DelegatingMethodAccessorImpl.java:43)
	at java.base/java.lang.reflect.Method.invoke(Method.java:566)
	at org.testng.internal.invokers.MethodInvocationHelper.invokeMethod(MethodInvocationHelper.java:141)
	at org.testng.internal.invokers.TestInvoker.invokeMethod(TestInvoker.java:687)
	at org.testng.internal.invokers.TestInvoker.invokeTestMethod(TestInvoker.java:230)
	at org.testng.internal.invokers.MethodRunner.runInSequence(MethodRunner.java:63)
	at org.testng.internal.invokers.TestInvoker$MethodInvocationAgent.invoke(TestInvoker.java:995)
	at org.testng.internal.invokers.TestInvoker.invokeTestMethods(TestInvoker.java:203)
	at org.testng.internal.invokers.TestMethodWorker.invokeTestMethods(TestMethodWorker.java:154)
	at org.testng.internal.invokers.TestMethodWorker.run(TestMethodWorker.java:134)
	at java.base/java.util.ArrayList.forEach(ArrayList.java:1541)
	at org.testng.TestRunner.privateRun(TestRunner.java:741)
	at org.testng.TestRunner.run(TestRunner.java:616)
	at org.testng.SuiteRunner.runTest(SuiteRunner.java:421)
	at org.testng.SuiteRunner$SuiteWorker.run(SuiteRunner.java:463)
	at org.testng.internal.thread.ThreadUtil.lambda$execute$0(ThreadUtil.java:64)
	at java.base/java.util.concurrent.FutureTask.run(FutureTask.java:264)
	at java.base/java.util.concurrent.ThreadPoolExecutor.runWorker(ThreadPoolExecutor.java:1128)
	at java.base/java.util.concurrent.ThreadPoolExecutor$Worker.run(ThreadPoolExecutor.java:628)
	at java.base/java.lang.Thread.run(Thread.java:834)
]]></failure>
    <system-out><![CDATA[&amp#27;[38;5;112m[Appium]&amp#27;[0m Welcome to Appium v2.18.0
&amp#27;[38;5;112m[Appium]&amp#27;[0m Welcome to Appium v2.18.0
&amp#27;[38;5;112m[Appium]&amp#27;[0m Non-default server args:
&amp#27;[38;5;112m[Appium]&amp#27;[0m The autodetected Appium home path: C:\Users\sajus\.appium
&amp#27;[38;5;112m[Appium]&amp#27;[0m { port: &amp#27;[33m4724&amp#27;[39m }
&amp#27;[38;5;112m[Appium]&amp#27;[0m Attempting to load driver uiautomator2...
&amp#27;[38;5;112m[Appium]&amp#27;[0m The autodetected Appium home path: C:\Users\sajus\.appium
&amp#27;[38;5;112m[Appium]&amp#27;[0m Attempting to load driver uiautomator2...
&amp#27;[38;5;112m[Appium]&amp#27;[0m Requiring driver at C:\Users\sajus\.appium\node_modules\appium-uiautomator2-driver\build\index.js
&amp#27;[38;5;112m[Appium]&amp#27;[0m Requiring driver at C:\Users\sajus\.appium\node_modules\appium-uiautomator2-driver\build\index.js
&amp#27;[38;5;112m[Appium]&amp#27;[0m AndroidUiautomator2Driver has been successfully loaded in 1.739s
&amp#27;[38;5;112m[Appium]&amp#27;[0m AndroidUiautomator2Driver has been successfully loaded in 1.741s
&amp#27;[38;5;112m[Appium]&amp#27;[0m Appium REST http interface listener started on http://0.0.0.0:4724
&amp#27;[38;5;112m[Appium]&amp#27;[0m Appium REST http interface listener started on http://0.0.0.0:4723
&amp#27;[38;5;112m[Appium]&amp#27;[0m You can provide the following URLs in your client code to connect to this server:
	http://192.168.2.20:4724/
	http://127.0.0.1:4724/ (only accessible from the same host)
&amp#27;[38;5;112m[Appium]&amp#27;[0m Available drivers:
&amp#27;[38;5;112m[Appium]&amp#27;[0m   - uiautomator2@4.2.3 (automationName 'UiAutomator2')
&amp#27;[38;5;112m[Appium]&amp#27;[0m No plugins have been installed. Use the "appium plugin" command to install the one(s) you want to use.
&amp#27;[38;5;112m[Appium]&amp#27;[0m You can provide the following URLs in your client code to connect to this server:
	http://192.168.2.20:4723/
	http://127.0.0.1:4723/ (only accessible from the same host)
&amp#27;[38;5;112m[Appium]&amp#27;[0m Available drivers:
&amp#27;[38;5;112m[Appium]&amp#27;[0m   - uiautomator2@4.2.3 (automationName 'UiAutomator2')
&amp#27;[38;5;112m[Appium]&amp#27;[0m No plugins have been installed. Use the "appium plugin" command to install the one(s) you want to use.
&amp#27;[38;5;86m[HTTP]&amp#27;[0m &amp#27;[37m-->&amp#27;[39m &amp#27;[37mGET&amp#27;[39m &amp#27;[37m/status&amp#27;[39m &amp#27;[90m{}&amp#27;[39m
&amp#27;[38;5;176m[AppiumDriver@c16f]&amp#27;[0m Calling AppiumDriver.getStatus() with args: []
&amp#27;[38;5;176m[AppiumDriver@c16f]&amp#27;[0m Responding to client with driver.getStatus() result: {"ready":true,"message":"The server is ready to accept new connections","build":{"version":"2.18.0"}}
&amp#27;[38;5;86m[HTTP]&amp#27;[0m &amp#27;[37m-->&amp#27;[39m &amp#27;[37mGET&amp#27;[39m &amp#27;[37m/status&amp#27;[39m &amp#27;[90m{}&amp#27;[39m
&amp#27;[38;5;156m[AppiumDriver@6963]&amp#27;[0m Calling AppiumDriver.getStatus() with args: []
&amp#27;[38;5;156m[AppiumDriver@6963]&amp#27;[0m Responding to client with driver.getStatus() result: {"ready":true,"message":"The server is ready to accept new connections","build":{"version":"2.18.0"}}
&amp#27;[38;5;86m[HTTP]&amp#27;[0m &amp#27;[37m<-- GET /status &amp#27;[39m&amp#27;[32m200&amp#27;[39m &amp#27;[90m22 ms - 111&amp#27;[39m &amp#27;[90m&amp#27;[39m
Appium server started on port: 4723
Appium server started on port: 4724
&amp#27;[38;5;86m[HTTP]&amp#27;[0m &amp#27;[37m<-- GET /status &amp#27;[39m&amp#27;[32m200&amp#27;[39m &amp#27;[90m11 ms - 111&amp#27;[39m &amp#27;[90m&amp#27;[39m
&amp#27;[38;5;86m[HTTP]&amp#27;[0m Request idempotency key: 5b5f3ebf-57bd-4017-960a-1734359db5a1
&amp#27;[38;5;86m[HTTP]&amp#27;[0m Request idempotency key: 4bfefc2d-67ad-4bec-913f-c8b8cec493bd
&amp#27;[38;5;86m[HTTP]&amp#27;[0m &amp#27;[37m-->&amp#27;[39m &amp#27;[37mPOST&amp#27;[39m &amp#27;[37m/session&amp#27;[39m &amp#27;[90m{"capabilities":{"firstMatch":[{}],"alwaysMatch":{"appium:appActivity":"com.androidsample.generalstore.SplashActivity","appium:appPackage":"com.androidsample.generalstore","appium:automationName":"UiAutomator2","appium:deviceName":"Nokia","appium:noReset":true,"appium:platformVersion":"11.0","appium:systemPort":8202,"appium:udid":"CTLID18120801016","platformName":"ANDROID"}}}&amp#27;[39m
&amp#27;[38;5;86m[HTTP]&amp#27;[0m &amp#27;[37m-->&amp#27;[39m &amp#27;[37mPOST&amp#27;[39m &amp#27;[37m/session&amp#27;[39m &amp#27;[90m{"capabilities":{"firstMatch":[{}],"alwaysMatch":{"appium:appActivity":"com.androidsample.generalstore.SplashActivity","appium:appPackage":"com.androidsample.generalstore","appium:automationName":"UiAutomator2","appium:deviceName":"Samsung_Galaxy_S21","appium:noReset":true,"appium:platformVersion":"10.0","appium:systemPort":8201,"appium:udid":"R3CRC00KHBT","platformName":"ANDROID"}}}&amp#27;[39m
&amp#27;[38;5;156m[AppiumDriver@6963]&amp#27;[0m Calling AppiumDriver.createSession() with args: [null,null,{"firstMatch":[{}],"alwaysMatch":{"appium:appActivity":"com.androidsample.generalstore.SplashActivity","appium:appPackage":"com.androidsample.generalstore","appium:automationName":"UiAutomator2","appium:deviceName":"Samsung_Galaxy_S21","appium:noReset":true,"appium:platformVersion":"10.0","appium:systemPort":8201,"appium:udid":"R3CRC00KHBT","platformName":"ANDROID"}}]
&amp#27;[38;5;176m[AppiumDriver@c16f]&amp#27;[0m Calling AppiumDriver.createSession() with args: [null,null,{"firstMatch":[{}],"alwaysMatch":{"appium:appActivity":"com.androidsample.generalstore.SplashActivity","appium:appPackage":"com.androidsample.generalstore","appium:automationName":"UiAutomator2","appium:deviceName":"Nokia","appium:noReset":true,"appium:platformVersion":"11.0","appium:systemPort":8202,"appium:udid":"CTLID18120801016","platformName":"ANDROID"}}]
&amp#27;[38;5;176m[AppiumDriver@c16f]&amp#27;[0m Event 'newSessionRequested' logged at 1750278456183 (16:27:36 GMT-0400 (Eastern Daylight Saving Time))
&amp#27;[38;5;156m[AppiumDriver@6963]&amp#27;[0m Event 'newSessionRequested' logged at 1750278456183 (16:27:36 GMT-0400 (Eastern Daylight Saving Time))
&amp#27;[38;5;112m[Appium]&amp#27;[0m Attempting to find matching driver for automationName 'UiAutomator2' and platformName 'ANDROID'
&amp#27;[38;5;112m[Appium]&amp#27;[0m The 'uiautomator2' driver was installed and matched caps.
&amp#27;[38;5;112m[Appium]&amp#27;[0m Will require it at C:\Users\sajus\.appium\node_modules\appium-uiautomator2-driver
&amp#27;[38;5;112m[Appium]&amp#27;[0m Requiring driver at C:\Users\sajus\.appium\node_modules\appium-uiautomator2-driver\build\index.js
&amp#27;[38;5;112m[Appium]&amp#27;[0m Attempting to find matching driver for automationName 'UiAutomator2' and platformName 'ANDROID'
&amp#27;[38;5;112m[Appium]&amp#27;[0m The 'uiautomator2' driver was installed and matched caps.
&amp#27;[38;5;176m[AppiumDriver@c16f]&amp#27;[0m Appium v2.18.0 creating new AndroidUiautomator2Driver (v4.2.3) session
&amp#27;[38;5;176m[AppiumDriver@c16f]&amp#27;[0m Checking BaseDriver versions for Appium and AndroidUiautomator2Driver
&amp#27;[38;5;112m[Appium]&amp#27;[0m Will require it at C:\Users\sajus\.appium\node_modules\appium-uiautomator2-driver
&amp#27;[38;5;176m[AppiumDriver@c16f]&amp#27;[0m Appium's BaseDriver version is 9.17.0
&amp#27;[38;5;176m[AppiumDriver@c16f]&amp#27;[0m AndroidUiautomator2Driver's BaseDriver version is 9.17.0
&amp#27;[38;5;112m[Appium]&amp#27;[0m Requiring driver at C:\Users\sajus\.appium\node_modules\appium-uiautomator2-driver\build\index.js
&amp#27;[38;5;156m[AppiumDriver@6963]&amp#27;[0m Appium v2.18.0 creating new AndroidUiautomator2Driver (v4.2.3) session
&amp#27;[38;5;156m[AppiumDriver@6963]&amp#27;[0m Checking BaseDriver versions for Appium and AndroidUiautomator2Driver
&amp#27;[38;5;156m[AppiumDriver@6963]&amp#27;[0m Appium's BaseDriver version is 9.17.0
&amp#27;[38;5;156m[AppiumDriver@6963]&amp#27;[0m AndroidUiautomator2Driver's BaseDriver version is 9.17.0
&amp#27;[38;5;6m[AndroidUiautomator2Driver@10a1]&amp#27;[0m 
&amp#27;[38;5;6m[AndroidUiautomator2Driver@10a1]&amp#27;[0m Creating session with W3C capabilities: {
  "alwaysMatch": {
    "platformName": "ANDROID",
    "appium:appActivity": "com.androidsample.generalstore.SplashActivity",
    "appium:appPackage": "com.androidsample.generalstore",
    "appium:automationName": "UiAutomator2",
    "appium:deviceName": "Nokia",
    "appium:noReset": true,
    "appium:platformVersion": "11.0",
    "appium:systemPort": 8202,
    "appium:udid": "CTLID18120801016"
  },
  "firstMatch": [
    {}
  ]
}
&amp#27;[38;5;-163m[AndroidUiautomator2Driver@b26b]&amp#27;[0m 
&amp#27;[38;5;-163m[AndroidUiautomator2Driver@b26b]&amp#27;[0m Creating session with W3C capabilities: {
  "alwaysMatch": {
    "platformName": "ANDROID",
    "appium:appActivity": "com.androidsample.generalstore.SplashActivity",
    "appium:appPackage": "com.androidsample.generalstore",
    "appium:automationName": "UiAutomator2",
    "appium:deviceName": "Samsung_Galaxy_S21",
    "appium:noReset": true,
    "appium:platformVersion": "10.0",
    "appium:systemPort": 8201,
    "appium:udid": "R3CRC00KHBT"
  },
  "firstMatch": [
    {}
  ]
}
&amp#27;[38;5;188m[00a88627]&amp#27;[0m&amp#27;[38;5;6m[AndroidUiautomator2Driver@10a1]&amp#27;[0m Session created with session id: 00a88627-8a8e-4883-ac5c-42b75c6544f8
&amp#27;[38;5;124m[c665ac42]&amp#27;[0m&amp#27;[38;5;-163m[AndroidUiautomator2Driver@b26b]&amp#27;[0m Session created with session id: c665ac42-c2b2-4114-ad0c-2aa0faf12036
&amp#27;[38;5;188m[00a88627]&amp#27;[0m&amp#27;[38;5;229m[ADB]&amp#27;[0m Found 3 'build-tools' folders under 'C:\Users\sajus\AppData\Local\Android\Sdk' (newest first):
&amp#27;[38;5;188m[00a88627]&amp#27;[0m&amp#27;[38;5;229m[ADB]&amp#27;[0m     C:\Users\sajus\AppData\Local\Android\Sdk\build-tools\36.0.0
&amp#27;[38;5;188m[00a88627]&amp#27;[0m&amp#27;[38;5;229m[ADB]&amp#27;[0m     C:\Users\sajus\AppData\Local\Android\Sdk\build-tools\35.0.1
&amp#27;[38;5;188m[00a88627]&amp#27;[0m&amp#27;[38;5;229m[ADB]&amp#27;[0m     C:\Users\sajus\AppData\Local\Android\Sdk\build-tools\35.0.0
&amp#27;[38;5;188m[00a88627]&amp#27;[0m&amp#27;[38;5;229m[ADB]&amp#27;[0m Using 'adb.exe' from 'C:\Users\sajus\AppData\Local\Android\Sdk\platform-tools\adb.exe'
&amp#27;[38;5;188m[00a88627]&amp#27;[0m&amp#27;[38;5;229m[ADB]&amp#27;[0m Running 'C:\Users\sajus\AppData\Local\Android\Sdk\platform-tools\adb.exe -P 5037 start-server'
&amp#27;[38;5;124m[c665ac42]&amp#27;[0m&amp#27;[38;5;229m[ADB]&amp#27;[0m Found 3 'build-tools' folders under 'C:\Users\sajus\AppData\Local\Android\Sdk' (newest first):
&amp#27;[38;5;124m[c665ac42]&amp#27;[0m&amp#27;[38;5;229m[ADB]&amp#27;[0m     C:\Users\sajus\AppData\Local\Android\Sdk\build-tools\36.0.0
&amp#27;[38;5;124m[c665ac42]&amp#27;[0m&amp#27;[38;5;229m[ADB]&amp#27;[0m     C:\Users\sajus\AppData\Local\Android\Sdk\build-tools\35.0.1
&amp#27;[38;5;124m[c665ac42]&amp#27;[0m&amp#27;[38;5;229m[ADB]&amp#27;[0m     C:\Users\sajus\AppData\Local\Android\Sdk\build-tools\35.0.0
&amp#27;[38;5;124m[c665ac42]&amp#27;[0m&amp#27;[38;5;229m[ADB]&amp#27;[0m Using 'adb.exe' from 'C:\Users\sajus\AppData\Local\Android\Sdk\platform-tools\adb.exe'
&amp#27;[38;5;124m[c665ac42]&amp#27;[0m&amp#27;[38;5;229m[ADB]&amp#27;[0m Running 'C:\Users\sajus\AppData\Local\Android\Sdk\platform-tools\adb.exe -P 5037 start-server'
&amp#27;[38;5;188m[00a88627]&amp#27;[0m&amp#27;[38;5;6m[AndroidUiautomator2Driver@10a1]&amp#27;[0m Retrieving device list
&amp#27;[38;5;188m[00a88627]&amp#27;[0m&amp#27;[38;5;229m[ADB]&amp#27;[0m Trying to find connected Android devices
&amp#27;[38;5;124m[c665ac42]&amp#27;[0m&amp#27;[38;5;-163m[AndroidUiautomator2Driver@b26b]&amp#27;[0m Retrieving device list
&amp#27;[38;5;124m[c665ac42]&amp#27;[0m&amp#27;[38;5;229m[ADB]&amp#27;[0m Trying to find connected Android devices
&amp#27;[38;5;188m[00a88627]&amp#27;[0m&amp#27;[38;5;229m[ADB]&amp#27;[0m Getting connected devices
&amp#27;[38;5;124m[c665ac42]&amp#27;[0m&amp#27;[38;5;229m[ADB]&amp#27;[0m Getting connected devices
&amp#27;[38;5;188m[00a88627]&amp#27;[0m&amp#27;[38;5;229m[ADB]&amp#27;[0m Connected devices: [{"udid":"CTLID18120801016","state":"device"},{"udid":"R3CRC00KHBT","state":"device"}]
&amp#27;[38;5;188m[00a88627]&amp#27;[0m&amp#27;[38;5;6m[AndroidUiautomator2Driver@10a1]&amp#27;[0m Using device: CTLID18120801016
&amp#27;[38;5;188m[00a88627]&amp#27;[0m&amp#27;[38;5;229m[ADB]&amp#27;[0m Using 'adb.exe' from 'C:\Users\sajus\AppData\Local\Android\Sdk\platform-tools\adb.exe'
&amp#27;[38;5;188m[00a88627]&amp#27;[0m&amp#27;[38;5;229m[ADB]&amp#27;[0m Running 'C:\Users\sajus\AppData\Local\Android\Sdk\platform-tools\adb.exe -P 5037 start-server'
&amp#27;[38;5;124m[c665ac42]&amp#27;[0m&amp#27;[38;5;229m[ADB]&amp#27;[0m Connected devices: [{"udid":"CTLID18120801016","state":"device"},{"udid":"R3CRC00KHBT","state":"device"}]
&amp#27;[38;5;124m[c665ac42]&amp#27;[0m&amp#27;[38;5;-163m[AndroidUiautomator2Driver@b26b]&amp#27;[0m Using device: R3CRC00KHBT
&amp#27;[38;5;124m[c665ac42]&amp#27;[0m&amp#27;[38;5;229m[ADB]&amp#27;[0m Using 'adb.exe' from 'C:\Users\sajus\AppData\Local\Android\Sdk\platform-tools\adb.exe'
&amp#27;[38;5;124m[c665ac42]&amp#27;[0m&amp#27;[38;5;229m[ADB]&amp#27;[0m Running 'C:\Users\sajus\AppData\Local\Android\Sdk\platform-tools\adb.exe -P 5037 start-server'
&amp#27;[38;5;188m[00a88627]&amp#27;[0m&amp#27;[38;5;229m[ADB]&amp#27;[0m Setting device id to CTLID18120801016
&amp#27;[38;5;188m[00a88627]&amp#27;[0m&amp#27;[38;5;6m[AndroidUiautomator2Driver@10a1]&amp#27;[0m Starting 'com.androidsample.generalstore' directly on the device
&amp#27;[38;5;188m[00a88627]&amp#27;[0m&amp#27;[38;5;229m[ADB]&amp#27;[0m Running 'C:\Users\sajus\AppData\Local\Android\Sdk\platform-tools\adb.exe -P 5037 -s CTLID18120801016 shell getprop ro.build.version.sdk'
&amp#27;[38;5;124m[c665ac42]&amp#27;[0m&amp#27;[38;5;229m[ADB]&amp#27;[0m Setting device id to R3CRC00KHBT
&amp#27;[38;5;124m[c665ac42]&amp#27;[0m&amp#27;[38;5;-163m[AndroidUiautomator2Driver@b26b]&amp#27;[0m Starting 'com.androidsample.generalstore' directly on the device
&amp#27;[38;5;124m[c665ac42]&amp#27;[0m&amp#27;[38;5;229m[ADB]&amp#27;[0m Running 'C:\Users\sajus\AppData\Local\Android\Sdk\platform-tools\adb.exe -P 5037 -s R3CRC00KHBT shell getprop ro.build.version.sdk'
&amp#27;[38;5;188m[00a88627]&amp#27;[0m&amp#27;[38;5;229m[ADB]&amp#27;[0m Current device property 'ro.build.version.sdk': 29
&amp#27;[38;5;188m[00a88627]&amp#27;[0m&amp#27;[38;5;229m[ADB]&amp#27;[0m Getting device platform version
&amp#27;[38;5;188m[00a88627]&amp#27;[0m&amp#27;[38;5;229m[ADB]&amp#27;[0m Running 'C:\Users\sajus\AppData\Local\Android\Sdk\platform-tools\adb.exe -P 5037 -s CTLID18120801016 shell getprop ro.build.version.release'
&amp#27;[38;5;124m[c665ac42]&amp#27;[0m&amp#27;[38;5;229m[ADB]&amp#27;[0m Current device property 'ro.build.version.sdk': 35
&amp#27;[38;5;124m[c665ac42]&amp#27;[0m&amp#27;[38;5;229m[ADB]&amp#27;[0m Getting device platform version
&amp#27;[38;5;124m[c665ac42]&amp#27;[0m&amp#27;[38;5;229m[ADB]&amp#27;[0m Running 'C:\Users\sajus\AppData\Local\Android\Sdk\platform-tools\adb.exe -P 5037 -s R3CRC00KHBT shell getprop ro.build.version.release'
&amp#27;[38;5;188m[00a88627]&amp#27;[0m&amp#27;[38;5;229m[ADB]&amp#27;[0m Current device property 'ro.build.version.release': 10
&amp#27;[38;5;188m[00a88627]&amp#27;[0m&amp#27;[38;5;229m[ADB]&amp#27;[0m Device API level: 29
&amp#27;[38;5;188m[00a88627]&amp#27;[0m&amp#27;[38;5;6m[AndroidUiautomator2Driver@10a1]&amp#27;[0m Relaxing hidden api policy
&amp#27;[38;5;188m[00a88627]&amp#27;[0m&amp#27;[38;5;229m[ADB]&amp#27;[0m Running 'C:\Users\sajus\AppData\Local\Android\Sdk\platform-tools\adb.exe -P 5037 -s CTLID18120801016 shell 'settings put global hidden_api_policy_pre_p_apps 1;settings put global hidden_api_policy_p_apps 1;settings put global hidden_api_policy 1''
&amp#27;[38;5;188m[00a88627]&amp#27;[0m&amp#27;[38;5;6m[AndroidUiautomator2Driver@10a1]&amp#27;[0m Pushing settings apk to the device...
&amp#27;[38;5;188m[00a88627]&amp#27;[0m&amp#27;[38;5;229m[ADB]&amp#27;[0m Getting package info for 'io.appium.settings'
&amp#27;[38;5;188m[00a88627]&amp#27;[0m&amp#27;[38;5;229m[ADB]&amp#27;[0m Running 'C:\Users\sajus\AppData\Local\Android\Sdk\platform-tools\adb.exe -P 5037 -s CTLID18120801016 shell dumpsys package io.appium.settings'
&amp#27;[38;5;124m[c665ac42]&amp#27;[0m&amp#27;[38;5;229m[ADB]&amp#27;[0m Current device property 'ro.build.version.release': 15
&amp#27;[38;5;124m[c665ac42]&amp#27;[0m&amp#27;[38;5;229m[ADB]&amp#27;[0m Device API level: 35
&amp#27;[38;5;124m[c665ac42]&amp#27;[0m&amp#27;[38;5;-163m[AndroidUiautomator2Driver@b26b]&amp#27;[0m Relaxing hidden api policy
&amp#27;[38;5;124m[c665ac42]&amp#27;[0m&amp#27;[38;5;229m[ADB]&amp#27;[0m Running 'C:\Users\sajus\AppData\Local\Android\Sdk\platform-tools\adb.exe -P 5037 -s R3CRC00KHBT shell 'settings put global hidden_api_policy_pre_p_apps 1;settings put global hidden_api_policy_p_apps 1;settings put global hidden_api_policy 1''
&amp#27;[38;5;188m[00a88627]&amp#27;[0m&amp#27;[38;5;229m[ADB]&amp#27;[0m Using 'aapt2.exe' from 'C:\Users\sajus\AppData\Local\Android\Sdk\build-tools\36.0.0\aapt2.exe'
&amp#27;[38;5;188m[00a88627]&amp#27;[0m&amp#27;[38;5;229m[ADB]&amp#27;[0m Reading package manifest: 'C:\\Users\\sajus\\AppData\\Local\\Android\\Sdk\\build-tools\\36.0.0\\aapt2.exe dump badging C:\\Users\\sajus\\.appium\\node_modules\\appium-uiautomator2-driver\\node_modules\\io.appium.settings\\apks\\settings_apk-debug.apk'
&amp#27;[38;5;124m[c665ac42]&amp#27;[0m&amp#27;[38;5;-163m[AndroidUiautomator2Driver@b26b]&amp#27;[0m Pushing settings apk to the device...
&amp#27;[38;5;124m[c665ac42]&amp#27;[0m&amp#27;[38;5;229m[ADB]&amp#27;[0m Getting package info for 'io.appium.settings'
&amp#27;[38;5;124m[c665ac42]&amp#27;[0m&amp#27;[38;5;229m[ADB]&amp#27;[0m Running 'C:\Users\sajus\AppData\Local\Android\Sdk\platform-tools\adb.exe -P 5037 -s R3CRC00KHBT shell dumpsys package io.appium.settings'
&amp#27;[38;5;188m[00a88627]&amp#27;[0m&amp#27;[38;5;229m[ADB]&amp#27;[0m The version name of the installed 'io.appium.settings' is greater or equal to the application version name ('5.14.8' >= '5.14.8')
&amp#27;[38;5;188m[00a88627]&amp#27;[0m&amp#27;[38;5;229m[ADB]&amp#27;[0m There is no need to install/upgrade 'C:\Users\sajus\.appium\node_modules\appium-uiautomator2-driver\node_modules\io.appium.settings\apks\settings_apk-debug.apk'
&amp#27;[38;5;188m[00a88627]&amp#27;[0m&amp#27;[38;5;229m[ADB]&amp#27;[0m Running 'C:\Users\sajus\AppData\Local\Android\Sdk\platform-tools\adb.exe -P 5037 -s CTLID18120801016 shell dumpsys activity services io.appium.settings'
&amp#27;[38;5;188m[00a88627]&amp#27;[0m&amp#27;[38;5;6m[AndroidUiautomator2Driver@10a1]&amp#27;[0m io.appium.settings is already running. There is no need to reset its permissions.
&amp#27;[38;5;188m[00a88627]&amp#27;[0m&amp#27;[38;5;160m[Logcat]&amp#27;[0m Starting logs capture with command: C:\\Users\\sajus\\AppData\\Local\\Android\\Sdk\\platform-tools\\adb.exe -P 5037 -s CTLID18120801016 logcat -v threadtime
&amp#27;[38;5;124m[c665ac42]&amp#27;[0m&amp#27;[38;5;229m[ADB]&amp#27;[0m Using 'aapt2.exe' from 'C:\Users\sajus\AppData\Local\Android\Sdk\build-tools\36.0.0\aapt2.exe'
&amp#27;[38;5;124m[c665ac42]&amp#27;[0m&amp#27;[38;5;229m[ADB]&amp#27;[0m Reading package manifest: 'C:\\Users\\sajus\\AppData\\Local\\Android\\Sdk\\build-tools\\36.0.0\\aapt2.exe dump badging C:\\Users\\sajus\\.appium\\node_modules\\appium-uiautomator2-driver\\node_modules\\io.appium.settings\\apks\\settings_apk-debug.apk'
&amp#27;[38;5;188m[00a88627]&amp#27;[0m&amp#27;[38;5;229m[ADB]&amp#27;[0m Running 'C:\Users\sajus\AppData\Local\Android\Sdk\platform-tools\adb.exe -P 5037 -s CTLID18120801016 shell appops set io.appium.settings android:mock_location allow'
&amp#27;[38;5;124m[c665ac42]&amp#27;[0m&amp#27;[38;5;229m[ADB]&amp#27;[0m The version name of the installed 'io.appium.settings' is greater or equal to the application version name ('5.14.8' >= '5.14.8')
&amp#27;[38;5;124m[c665ac42]&amp#27;[0m&amp#27;[38;5;229m[ADB]&amp#27;[0m There is no need to install/upgrade 'C:\Users\sajus\.appium\node_modules\appium-uiautomator2-driver\node_modules\io.appium.settings\apks\settings_apk-debug.apk'
&amp#27;[38;5;124m[c665ac42]&amp#27;[0m&amp#27;[38;5;229m[ADB]&amp#27;[0m Running 'C:\Users\sajus\AppData\Local\Android\Sdk\platform-tools\adb.exe -P 5037 -s R3CRC00KHBT shell dumpsys activity services io.appium.settings'
&amp#27;[38;5;188m[00a88627]&amp#27;[0m&amp#27;[38;5;229m[ADB]&amp#27;[0m Running 'C:\Users\sajus\AppData\Local\Android\Sdk\platform-tools\adb.exe -P 5037 -s CTLID18120801016 shell "[ -e '/data/local/tmp/mock_apps.json' ] && echo __PASS__"'
&amp#27;[38;5;124m[c665ac42]&amp#27;[0m&amp#27;[38;5;-163m[AndroidUiautomator2Driver@b26b]&amp#27;[0m io.appium.settings is already running. There is no need to reset its permissions.
&amp#27;[38;5;124m[c665ac42]&amp#27;[0m&amp#27;[38;5;160m[Logcat]&amp#27;[0m Starting logs capture with command: C:\\Users\\sajus\\AppData\\Local\\Android\\Sdk\\platform-tools\\adb.exe -P 5037 -s R3CRC00KHBT logcat -v threadtime
&amp#27;[38;5;124m[c665ac42]&amp#27;[0m&amp#27;[38;5;229m[ADB]&amp#27;[0m Running 'C:\Users\sajus\AppData\Local\Android\Sdk\platform-tools\adb.exe -P 5037 -s R3CRC00KHBT shell appops set io.appium.settings android:mock_location allow'
&amp#27;[38;5;188m[00a88627]&amp#27;[0m&amp#27;[38;5;229m[ADB]&amp#27;[0m Running 'C:\Users\sajus\AppData\Local\Android\Sdk\platform-tools\adb.exe -P 5037 -s CTLID18120801016 shell cat /data/local/tmp/mock_apps.json'
&amp#27;[38;5;188m[00a88627]&amp#27;[0m&amp#27;[38;5;6m[AndroidUiautomator2Driver@10a1]&amp#27;[0m Forwarding UiAutomator2 Server port 6790 to local port 8202
&amp#27;[38;5;188m[00a88627]&amp#27;[0m&amp#27;[38;5;229m[ADB]&amp#27;[0m Forwarding system: 8202 to device: 6790
&amp#27;[38;5;188m[00a88627]&amp#27;[0m&amp#27;[38;5;229m[ADB]&amp#27;[0m Running 'C:\Users\sajus\AppData\Local\Android\Sdk\platform-tools\adb.exe -P 5037 -s CTLID18120801016 forward tcp:8202 tcp:6790'
&amp#27;[38;5;124m[c665ac42]&amp#27;[0m&amp#27;[38;5;229m[ADB]&amp#27;[0m Running 'C:\Users\sajus\AppData\Local\Android\Sdk\platform-tools\adb.exe -P 5037 -s R3CRC00KHBT shell "[ -e '/data/local/tmp/mock_apps.json' ] && echo __PASS__"'
&amp#27;[38;5;188m[00a88627]&amp#27;[0m&amp#27;[38;5;6m[AndroidUiautomator2Driver@10a1]&amp#27;[0m UIA2Proxy options: {"server":"127.0.0.1","port":8202,"keepAlive":true,"scheme":"http","base":"","reqBasePath":"","sessionId":null,"timeout":240000}
&amp#27;[38;5;188m[00a88627]&amp#27;[0m&amp#27;[38;5;229m[ADB]&amp#27;[0m Getting package info for 'io.appium.uiautomator2.server'
&amp#27;[38;5;188m[00a88627]&amp#27;[0m&amp#27;[38;5;229m[ADB]&amp#27;[0m Running 'C:\Users\sajus\AppData\Local\Android\Sdk\platform-tools\adb.exe -P 5037 -s CTLID18120801016 shell dumpsys package io.appium.uiautomator2.server'
&amp#27;[38;5;188m[00a88627]&amp#27;[0m&amp#27;[38;5;229m[ADB]&amp#27;[0m Getting install status for io.appium.uiautomator2.server.test
&amp#27;[38;5;188m[00a88627]&amp#27;[0m&amp#27;[38;5;6m[AndroidUiautomator2Driver@10a1]&amp#27;[0m No app capability. Assuming it is already on the device
&amp#27;[38;5;188m[00a88627]&amp#27;[0m&amp#27;[38;5;229m[ADB]&amp#27;[0m Running 'C:\Users\sajus\AppData\Local\Android\Sdk\platform-tools\adb.exe -P 5037 -s CTLID18120801016 shell cmd package list packages'
&amp#27;[38;5;124m[c665ac42]&amp#27;[0m&amp#27;[38;5;229m[ADB]&amp#27;[0m Running 'C:\Users\sajus\AppData\Local\Android\Sdk\platform-tools\adb.exe -P 5037 -s R3CRC00KHBT shell cat /data/local/tmp/mock_apps.json'
&amp#27;[38;5;188m[00a88627]&amp#27;[0m&amp#27;[38;5;229m[ADB]&amp#27;[0m Reading package manifest: 'C:\\Users\\sajus\\AppData\\Local\\Android\\Sdk\\build-tools\\36.0.0\\aapt2.exe dump badging C:\\Users\\sajus\\.appium\\node_modules\\appium-uiautomator2-driver\\node_modules\\appium-uiautomator2-server\\apks\\appium-uiautomator2-server-v7.5.2.apk'
&amp#27;[38;5;188m[00a88627]&amp#27;[0m&amp#27;[38;5;229m[ADB]&amp#27;[0m 'io.appium.uiautomator2.server.test' is installed
&amp#27;[38;5;124m[c665ac42]&amp#27;[0m&amp#27;[38;5;-163m[AndroidUiautomator2Driver@b26b]&amp#27;[0m Forwarding UiAutomator2 Server port 6790 to local port 8201
&amp#27;[38;5;124m[c665ac42]&amp#27;[0m&amp#27;[38;5;229m[ADB]&amp#27;[0m Forwarding system: 8201 to device: 6790
&amp#27;[38;5;124m[c665ac42]&amp#27;[0m&amp#27;[38;5;229m[ADB]&amp#27;[0m Running 'C:\Users\sajus\AppData\Local\Android\Sdk\platform-tools\adb.exe -P 5037 -s R3CRC00KHBT forward tcp:8201 tcp:6790'
&amp#27;[38;5;124m[c665ac42]&amp#27;[0m&amp#27;[38;5;-163m[AndroidUiautomator2Driver@b26b]&amp#27;[0m UIA2Proxy options: {"server":"127.0.0.1","port":8201,"keepAlive":true,"scheme":"http","base":"","reqBasePath":"","sessionId":null,"timeout":240000}
&amp#27;[38;5;124m[c665ac42]&amp#27;[0m&amp#27;[38;5;229m[ADB]&amp#27;[0m Getting package info for 'io.appium.uiautomator2.server'
&amp#27;[38;5;124m[c665ac42]&amp#27;[0m&amp#27;[38;5;229m[ADB]&amp#27;[0m Running 'C:\Users\sajus\AppData\Local\Android\Sdk\platform-tools\adb.exe -P 5037 -s R3CRC00KHBT shell dumpsys package io.appium.uiautomator2.server'
&amp#27;[38;5;188m[00a88627]&amp#27;[0m&amp#27;[38;5;229m[ADB]&amp#27;[0m The version name of the installed 'io.appium.uiautomator2.server' is greater or equal to the application version name ('7.5.2' >= '7.5.2')
&amp#27;[38;5;188m[00a88627]&amp#27;[0m&amp#27;[38;5;6m[AndroidUiautomator2Driver@10a1]&amp#27;[0m Server packages status: [{"installState":"sameVersionInstalled","appPath":"C:\\Users\\sajus\\.appium\\node_modules\\appium-uiautomator2-driver\\node_modules\\appium-uiautomator2-server\\apks\\appium-uiautomator2-server-v7.5.2.apk","appId":"io.appium.uiautomator2.server"},{"installState":"sameVersionInstalled","appPath":"C:\\Users\\sajus\\.appium\\node_modules\\appium-uiautomator2-driver\\node_modules\\appium-uiautomator2-server\\apks\\appium-uiautomator2-server-debug-androidTest.apk","appId":"io.appium.uiautomator2.server.test"}]
&amp#27;[38;5;188m[00a88627]&amp#27;[0m&amp#27;[38;5;6m[AndroidUiautomator2Driver@10a1]&amp#27;[0m Server packages are not going to be (re)installed
&amp#27;[38;5;188m[00a88627]&amp#27;[0m&amp#27;[38;5;6m[AndroidUiautomator2Driver@10a1]&amp#27;[0m Waiting up to 30000ms for services to be available
&amp#27;[38;5;124m[c665ac42]&amp#27;[0m&amp#27;[38;5;229m[ADB]&amp#27;[0m Getting install status for io.appium.uiautomator2.server.test
&amp#27;[38;5;188m[00a88627]&amp#27;[0m&amp#27;[38;5;229m[ADB]&amp#27;[0m Running 'C:\Users\sajus\AppData\Local\Android\Sdk\platform-tools\adb.exe -P 5037 -s CTLID18120801016 shell pm list instrumentation'
&amp#27;[38;5;124m[c665ac42]&amp#27;[0m&amp#27;[38;5;-163m[AndroidUiautomator2Driver@b26b]&amp#27;[0m No app capability. Assuming it is already on the device
&amp#27;[38;5;124m[c665ac42]&amp#27;[0m&amp#27;[38;5;229m[ADB]&amp#27;[0m Running 'C:\Users\sajus\AppData\Local\Android\Sdk\platform-tools\adb.exe -P 5037 -s R3CRC00KHBT shell cmd package list packages'
&amp#27;[38;5;124m[c665ac42]&amp#27;[0m&amp#27;[38;5;229m[ADB]&amp#27;[0m Reading package manifest: 'C:\\Users\\sajus\\AppData\\Local\\Android\\Sdk\\build-tools\\36.0.0\\aapt2.exe dump badging C:\\Users\\sajus\\.appium\\node_modules\\appium-uiautomator2-driver\\node_modules\\appium-uiautomator2-server\\apks\\appium-uiautomator2-server-v7.5.2.apk'
&amp#27;[38;5;188m[00a88627]&amp#27;[0m&amp#27;[38;5;6m[AndroidUiautomator2Driver@10a1]&amp#27;[0m Instrumentation target 'io.appium.uiautomator2.server.test/androidx.test.runner.AndroidJUnitRunner' is available
&amp#27;[38;5;188m[00a88627]&amp#27;[0m&amp#27;[38;5;229m[ADB]&amp#27;[0m Adding packages ["io.appium.settings","io.appium.uiautomator2.server","io.appium.uiautomator2.server.test"] to Doze whitelist
&amp#27;[38;5;188m[00a88627]&amp#27;[0m&amp#27;[38;5;229m[ADB]&amp#27;[0m Got the following command chunks to execute: [["dumpsys","deviceidle","whitelist","+io.appium.settings",";","dumpsys","deviceidle","whitelist","+io.appium.uiautomator2.server",";","dumpsys","deviceidle","whitelist","+io.appium.uiautomator2.server.test",";"]]
&amp#27;[38;5;188m[00a88627]&amp#27;[0m&amp#27;[38;5;229m[ADB]&amp#27;[0m Running 'C:\Users\sajus\AppData\Local\Android\Sdk\platform-tools\adb.exe -P 5037 -s CTLID18120801016 shell dumpsys deviceidle whitelist +io.appium.settings ; dumpsys deviceidle whitelist +io.appium.uiautomator2.server ; dumpsys deviceidle whitelist +io.appium.uiautomator2.server.test ;'
&amp#27;[38;5;124m[c665ac42]&amp#27;[0m&amp#27;[38;5;229m[ADB]&amp#27;[0m 'io.appium.uiautomator2.server.test' is installed
&amp#27;[38;5;124m[c665ac42]&amp#27;[0m&amp#27;[38;5;229m[ADB]&amp#27;[0m The version name of the installed 'io.appium.uiautomator2.server' is greater or equal to the application version name ('7.5.2' >= '7.5.2')
&amp#27;[38;5;124m[c665ac42]&amp#27;[0m&amp#27;[38;5;-163m[AndroidUiautomator2Driver@b26b]&amp#27;[0m Server packages status: [{"installState":"sameVersionInstalled","appPath":"C:\\Users\\sajus\\.appium\\node_modules\\appium-uiautomator2-driver\\node_modules\\appium-uiautomator2-server\\apks\\appium-uiautomator2-server-v7.5.2.apk","appId":"io.appium.uiautomator2.server"},{"installState":"sameVersionInstalled","appPath":"C:\\Users\\sajus\\.appium\\node_modules\\appium-uiautomator2-driver\\node_modules\\appium-uiautomator2-server\\apks\\appium-uiautomator2-server-debug-androidTest.apk","appId":"io.appium.uiautomator2.server.test"}]
&amp#27;[38;5;124m[c665ac42]&amp#27;[0m&amp#27;[38;5;-163m[AndroidUiautomator2Driver@b26b]&amp#27;[0m Server packages are not going to be (re)installed
&amp#27;[38;5;124m[c665ac42]&amp#27;[0m&amp#27;[38;5;-163m[AndroidUiautomator2Driver@b26b]&amp#27;[0m Waiting up to 30000ms for services to be available
&amp#27;[38;5;124m[c665ac42]&amp#27;[0m&amp#27;[38;5;229m[ADB]&amp#27;[0m Running 'C:\Users\sajus\AppData\Local\Android\Sdk\platform-tools\adb.exe -P 5037 -s R3CRC00KHBT shell pm list instrumentation'
&amp#27;[38;5;188m[00a88627]&amp#27;[0m&amp#27;[38;5;6m[AndroidUiautomator2Driver@10a1]&amp#27;[0m Performing shallow cleanup of automation leftovers
&amp#27;[38;5;124m[c665ac42]&amp#27;[0m&amp#27;[38;5;-163m[AndroidUiautomator2Driver@b26b]&amp#27;[0m Instrumentation target 'io.appium.uiautomator2.server.test/androidx.test.runner.AndroidJUnitRunner' is available
&amp#27;[38;5;124m[c665ac42]&amp#27;[0m&amp#27;[38;5;229m[ADB]&amp#27;[0m Adding packages ["io.appium.settings","io.appium.uiautomator2.server","io.appium.uiautomator2.server.test"] to Doze whitelist
&amp#27;[38;5;124m[c665ac42]&amp#27;[0m&amp#27;[38;5;229m[ADB]&amp#27;[0m Got the following command chunks to execute: [["dumpsys","deviceidle","whitelist","+io.appium.settings",";","dumpsys","deviceidle","whitelist","+io.appium.uiautomator2.server",";","dumpsys","deviceidle","whitelist","+io.appium.uiautomator2.server.test",";"]]
&amp#27;[38;5;124m[c665ac42]&amp#27;[0m&amp#27;[38;5;229m[ADB]&amp#27;[0m Running 'C:\Users\sajus\AppData\Local\Android\Sdk\platform-tools\adb.exe -P 5037 -s R3CRC00KHBT shell dumpsys deviceidle whitelist +io.appium.settings ; dumpsys deviceidle whitelist +io.appium.uiautomator2.server ; dumpsys deviceidle whitelist +io.appium.uiautomator2.server.test ;'
&amp#27;[38;5;188m[00a88627]&amp#27;[0m&amp#27;[38;5;6m[AndroidUiautomator2Driver@10a1]&amp#27;[0m No obsolete sessions have been detected (socket hang up)
&amp#27;[38;5;188m[00a88627]&amp#27;[0m&amp#27;[38;5;229m[ADB]&amp#27;[0m Running 'C:\Users\sajus\AppData\Local\Android\Sdk\platform-tools\adb.exe -P 5037 -s CTLID18120801016 shell am force-stop io.appium.uiautomator2.server'
&amp#27;[38;5;188m[00a88627]&amp#27;[0m&amp#27;[38;5;229m[ADB]&amp#27;[0m Running 'C:\Users\sajus\AppData\Local\Android\Sdk\platform-tools\adb.exe -P 5037 -s CTLID18120801016 shell am force-stop io.appium.uiautomator2.server.test'
&amp#27;[38;5;124m[c665ac42]&amp#27;[0m&amp#27;[38;5;-163m[AndroidUiautomator2Driver@b26b]&amp#27;[0m Performing shallow cleanup of automation leftovers
&amp#27;[38;5;188m[00a88627]&amp#27;[0m&amp#27;[38;5;6m[AndroidUiautomator2Driver@10a1]&amp#27;[0m Starting UIAutomator2 server 7.5.2
&amp#27;[38;5;188m[00a88627]&amp#27;[0m&amp#27;[38;5;6m[AndroidUiautomator2Driver@10a1]&amp#27;[0m Using UIAutomator2 server from 'C:\Users\sajus\.appium\node_modules\appium-uiautomator2-driver\node_modules\appium-uiautomator2-server\apks\appium-uiautomator2-server-v7.5.2.apk' and test from 'C:\Users\sajus\.appium\node_modules\appium-uiautomator2-driver\node_modules\appium-uiautomator2-server\apks\appium-uiautomator2-server-debug-androidTest.apk'
&amp#27;[38;5;188m[00a88627]&amp#27;[0m&amp#27;[38;5;6m[AndroidUiautomator2Driver@10a1]&amp#27;[0m Waiting up to 30000ms for UiAutomator2 to be online...
&amp#27;[38;5;188m[00a88627]&amp#27;[0m&amp#27;[38;5;229m[ADB]&amp#27;[0m Creating ADB subprocess with args: ["-P","5037","-s","CTLID18120801016","shell","am","instrument","-w","-e","disableAnalytics","true","io.appium.uiautomator2.server.test/androidx.test.runner.AndroidJUnitRunner"]
&amp#27;[38;5;188m[00a88627]&amp#27;[0m&amp#27;[38;5;6m[AndroidUiautomator2Driver@10a1]&amp#27;[0m Matched '/status' to command name 'getStatus'
&amp#27;[38;5;188m[00a88627]&amp#27;[0m&amp#27;[38;5;6m[AndroidUiautomator2Driver@10a1]&amp#27;[0m Proxying [GET /status] to [GET http://127.0.0.1:8202/status] with no body
&amp#27;[38;5;124m[c665ac42]&amp#27;[0m&amp#27;[38;5;-163m[AndroidUiautomator2Driver@b26b]&amp#27;[0m No obsolete sessions have been detected (socket hang up)
&amp#27;[38;5;124m[c665ac42]&amp#27;[0m&amp#27;[38;5;229m[ADB]&amp#27;[0m Running 'C:\Users\sajus\AppData\Local\Android\Sdk\platform-tools\adb.exe -P 5037 -s R3CRC00KHBT shell am force-stop io.appium.uiautomator2.server'
&amp#27;[38;5;188m[00a88627]&amp#27;[0m&amp#27;[38;5;6m[AndroidUiautomator2Driver@10a1]&amp#27;[0m socket hang up
&amp#27;[38;5;124m[c665ac42]&amp#27;[0m&amp#27;[38;5;229m[ADB]&amp#27;[0m Running 'C:\Users\sajus\AppData\Local\Android\Sdk\platform-tools\adb.exe -P 5037 -s R3CRC00KHBT shell am force-stop io.appium.uiautomator2.server.test'
&amp#27;[38;5;124m[c665ac42]&amp#27;[0m&amp#27;[38;5;-163m[AndroidUiautomator2Driver@b26b]&amp#27;[0m Starting UIAutomator2 server 7.5.2
&amp#27;[38;5;124m[c665ac42]&amp#27;[0m&amp#27;[38;5;-163m[AndroidUiautomator2Driver@b26b]&amp#27;[0m Using UIAutomator2 server from 'C:\Users\sajus\.appium\node_modules\appium-uiautomator2-driver\node_modules\appium-uiautomator2-server\apks\appium-uiautomator2-server-v7.5.2.apk' and test from 'C:\Users\sajus\.appium\node_modules\appium-uiautomator2-driver\node_modules\appium-uiautomator2-server\apks\appium-uiautomator2-server-debug-androidTest.apk'
&amp#27;[38;5;124m[c665ac42]&amp#27;[0m&amp#27;[38;5;-163m[AndroidUiautomator2Driver@b26b]&amp#27;[0m Waiting up to 30000ms for UiAutomator2 to be online...
&amp#27;[38;5;124m[c665ac42]&amp#27;[0m&amp#27;[38;5;229m[ADB]&amp#27;[0m Creating ADB subprocess with args: ["-P","5037","-s","R3CRC00KHBT","shell","am","instrument","-w","-e","disableAnalytics","true","io.appium.uiautomator2.server.test/androidx.test.runner.AndroidJUnitRunner"]
&amp#27;[38;5;124m[c665ac42]&amp#27;[0m&amp#27;[38;5;-163m[AndroidUiautomator2Driver@b26b]&amp#27;[0m Matched '/status' to command name 'getStatus'
&amp#27;[38;5;124m[c665ac42]&amp#27;[0m&amp#27;[38;5;-163m[AndroidUiautomator2Driver@b26b]&amp#27;[0m Proxying [GET /status] to [GET http://127.0.0.1:8201/status] with no body
&amp#27;[38;5;124m[c665ac42]&amp#27;[0m&amp#27;[38;5;-163m[AndroidUiautomator2Driver@b26b]&amp#27;[0m socket hang up
&amp#27;[38;5;124m[c665ac42]&amp#27;[0m&amp#27;[38;5;-163m[AndroidUiautomator2Driver@b26b]&amp#27;[0m [Instrumentation] 
&amp#27;[38;5;188m[00a88627]&amp#27;[0m&amp#27;[38;5;6m[AndroidUiautomator2Driver@10a1]&amp#27;[0m Matched '/status' to command name 'getStatus'
&amp#27;[38;5;188m[00a88627]&amp#27;[0m&amp#27;[38;5;6m[AndroidUiautomator2Driver@10a1]&amp#27;[0m Proxying [GET /status] to [GET http://127.0.0.1:8202/status] with no body
&amp#27;[38;5;188m[00a88627]&amp#27;[0m&amp#27;[38;5;6m[AndroidUiautomator2Driver@10a1]&amp#27;[0m socket hang up
&amp#27;[38;5;124m[c665ac42]&amp#27;[0m&amp#27;[38;5;-163m[AndroidUiautomator2Driver@b26b]&amp#27;[0m Matched '/status' to command name 'getStatus'
&amp#27;[38;5;124m[c665ac42]&amp#27;[0m&amp#27;[38;5;-163m[AndroidUiautomator2Driver@b26b]&amp#27;[0m Proxying [GET /status] to [GET http://127.0.0.1:8201/status] with no body
&amp#27;[38;5;124m[c665ac42]&amp#27;[0m&amp#27;[38;5;-163m[AndroidUiautomator2Driver@b26b]&amp#27;[0m Got response with status 200: {"sessionId":"None","value":{"message":"UiAutomator2 Server is ready to accept commands","ready":true}}
&amp#27;[38;5;124m[c665ac42]&amp#27;[0m&amp#27;[38;5;-163m[AndroidUiautomator2Driver@b26b]&amp#27;[0m The initialization of the instrumentation process took 1198ms
&amp#27;[38;5;124m[c665ac42]&amp#27;[0m&amp#27;[38;5;-163m[AndroidUiautomator2Driver@b26b]&amp#27;[0m Matched '/session' to command name 'createSession'
&amp#27;[38;5;124m[c665ac42]&amp#27;[0m&amp#27;[38;5;-163m[AndroidUiautomator2Driver@b26b]&amp#27;[0m Proxying [POST /session] to [POST http://127.0.0.1:8201/session] with body: {"capabilities":{"firstMatch":[{"platformName":"ANDROID","appActivity":"com.androidsample.generalstore.SplashActivity","appPackage":"com.androidsample.generalstore","automationName":"UiAutomator2","deviceName":"R3CRC00KHBT","noReset":true,"platformVersion":"10.0","systemPort":8201,"udid":"R3CRC00KHBT","platform":"LINUX","webStorageEnabled":false,"takesScreenshot":true,"javascriptEnabled":true,"databaseEnabled":false,"networkConnectionEnabled":true,"locationContextEnabled":false,"warnings":{},"desired":{"platformName":"ANDROID","appActivity":"com.androidsample.generalstore.SplashActivity","appPackage":"com.androidsample.generalstore","automationName":"UiAutomator2","deviceName":"Samsung_Galaxy_S21","noReset":true,"platformVersion":"10.0","systemPort":8201,"udid":"R3CRC00KHBT"},"deviceUDID":"R3CRC00KHBT"}],"alwaysMatch":{}}}
&amp#27;[38;5;124m[c665ac42]&amp#27;[0m&amp#27;[38;5;-163m[AndroidUiautomator2Driver@b26b]&amp#27;[0m Got response with status 200: {"sessionId":"de47f321-ac00-4ec2-8e69-6af18f5d6eeb","value":{"capabilities":{"firstMatch":[{"platformName":"ANDROID","appActivity":"com.androidsample.generalstore.SplashActivity","appPackage":"com.androidsample.generalstore","automationName":"UiAutomator2","deviceName":"R3CRC00KHBT","noReset":true,"platformVersion":"10.0","systemPort":8201,"udid":"R3CRC00KHBT","platform":"LINUX","webStorageEnabled":false,"takesScreenshot":true,"javascriptEnabled":true,"databaseEnabled":false,"networkConnectionEnabled":true,"locationContextEnabled":false,"warnings":{},"desired":{"platformName":"ANDROID","appActivity":"com.androidsample.generalstore.SplashActivity","appPackage":"com.androidsample.generalstore","automationName":"UiAutomator2","deviceName":"Samsung_Galaxy_S21","noReset":true,"platformVersion":"10.0","systemPort":8201,"udid":"R3CRC00KHBT"},"deviceUDID":"R3CRC00KHBT"}],"alwaysMatch":{}},"sessionId":"de47f321-ac00-4ec2-8e69-6af18f5d6eeb"}}
&amp#27;[38;5;124m[c665ac42]&amp#27;[0m&amp#27;[38;5;-163m[AndroidUiautomator2Driver@b26b]&amp#27;[0m Determined the downstream protocol as 'W3C'
&amp#27;[38;5;188m[00a88627]&amp#27;[0m&amp#27;[38;5;6m[AndroidUiautomator2Driver@10a1]&amp#27;[0m [Instrumentation] 
&amp#27;[38;5;124m[c665ac42]&amp#27;[0m&amp#27;[38;5;-163m[AndroidUiautomator2Driver@b26b]&amp#27;[0m Proxying [GET /appium/device/pixel_ratio] to [GET http://127.0.0.1:8201/session/de47f321-ac00-4ec2-8e69-6af18f5d6eeb/appium/device/pixel_ratio] with no body
&amp#27;[38;5;124m[c665ac42]&amp#27;[0m&amp#27;[38;5;-163m[AndroidUiautomator2Driver@b26b]&amp#27;[0m Matched '/appium/device/system_bars' to command name 'getSystemBars'
&amp#27;[38;5;124m[c665ac42]&amp#27;[0m&amp#27;[38;5;-163m[AndroidUiautomator2Driver@b26b]&amp#27;[0m Proxying [GET /appium/device/system_bars] to [GET http://127.0.0.1:8201/session/de47f321-ac00-4ec2-8e69-6af18f5d6eeb/appium/device/system_bars] with no body
&amp#27;[38;5;124m[c665ac42]&amp#27;[0m&amp#27;[38;5;-163m[AndroidUiautomator2Driver@b26b]&amp#27;[0m Matched '/window/current/size' to command name 'getWindowSize'
&amp#27;[38;5;124m[c665ac42]&amp#27;[0m&amp#27;[38;5;-163m[AndroidUiautomator2Driver@b26b]&amp#27;[0m Proxying [GET /window/current/size] to [GET http://127.0.0.1:8201/session/de47f321-ac00-4ec2-8e69-6af18f5d6eeb/window/current/size] with no body
&amp#27;[38;5;124m[c665ac42]&amp#27;[0m&amp#27;[38;5;-163m[AndroidUiautomator2Driver@b26b]&amp#27;[0m Proxying [GET /appium/device/info] to [GET http://127.0.0.1:8201/session/de47f321-ac00-4ec2-8e69-6af18f5d6eeb/appium/device/info] with no body
&amp#27;[38;5;124m[c665ac42]&amp#27;[0m&amp#27;[38;5;229m[ADB]&amp#27;[0m Running 'C:\Users\sajus\AppData\Local\Android\Sdk\platform-tools\adb.exe -P 5037 -s R3CRC00KHBT shell dumpsys window'
&amp#27;[38;5;124m[c665ac42]&amp#27;[0m&amp#27;[38;5;229m[ADB]&amp#27;[0m Running 'C:\Users\sajus\AppData\Local\Android\Sdk\platform-tools\adb.exe -P 5037 -s R3CRC00KHBT shell dumpsys power'
&amp#27;[38;5;124m[c665ac42]&amp#27;[0m&amp#27;[38;5;-163m[AndroidUiautomator2Driver@b26b]&amp#27;[0m Got response with status 200: {"sessionId":"de47f321-ac00-4ec2-8e69-6af18f5d6eeb","value":3}
&amp#27;[38;5;124m[c665ac42]&amp#27;[0m&amp#27;[38;5;-163m[AndroidUiautomator2Driver@b26b]&amp#27;[0m Got response with status 200: {"sessionId":"de47f321-ac00-4ec2-8e69-6af18f5d6eeb","value":{"statusBar":80}}
&amp#27;[38;5;124m[c665ac42]&amp#27;[0m&amp#27;[38;5;-163m[AndroidUiautomator2Driver@b26b]&amp#27;[0m Got response with status 200: {"sessionId":"de47f321-ac00-4ec2-8e69-6af18f5d6eeb","value":{"height":2400,"width":1080}}
&amp#27;[38;5;124m[c665ac42]&amp#27;[0m&amp#27;[38;5;-163m[AndroidUiautomator2Driver@b26b]&amp#27;[0m Got response with status 200: {"sessionId":"de47f321-ac00-4ec2-8e69-6af18f5d6eeb","value":{"androidId":"f27012414286a658","apiVersion":"35","bluetooth":{"state":"ON"},"brand":"samsung","carrierName":"","displayDensity":480,"locale":"en_CA","manufacturer":"samsung","model":"SM-G991W","networks":[{"capabilities":{"SSID":null,"linkDownBandwidthKbps":282299,"linkUpstreamBandwidthKbps":1421,"networkCapabilities":"NET_CAPABILITY_NOT_METERED,NET_CAPABILITY_INTERNET,NET_CAPABILITY_NOT_RESTRICTED,NET_CAPABILITY_TRUSTED,NET_CAPABILITY_NOT_VPN,NET_CAPABILITY_VALIDATED,NET_CAPABILITY_NOT_ROAMING,NET_CAPABILITY_FOREGROUND,NET_CAPABILITY_NOT_CONGESTED,NET_CAPABILITY_NOT_SUSPENDED","signalStrength":-40,"transportTypes":"TRANSPORT_WIFI"},"detailedState":"CONNECTED","extraInfo":"","isAvailable":true,"isConnected":true,"isFailover":false,"isRoaming":false,"state":"CONNECTED","subtype":-1,"subtypeName":"","type":1,"typeName":"WIFI"}],"platformVersion":"15","realDisplaySize":"1080x2400","timeZone":"America/New_York"}}
&amp#27;[38;5;188m[00a88627]&amp#27;[0m&amp#27;[38;5;6m[AndroidUiautomator2Driver@10a1]&amp#27;[0m Matched '/status' to command name 'getStatus'
&amp#27;[38;5;188m[00a88627]&amp#27;[0m&amp#27;[38;5;6m[AndroidUiautomator2Driver@10a1]&amp#27;[0m Proxying [GET /status] to [GET http://127.0.0.1:8202/status] with no body
&amp#27;[38;5;124m[c665ac42]&amp#27;[0m&amp#27;[38;5;-163m[AndroidUiautomator2Driver@b26b]&amp#27;[0m Screen already unlocked, doing nothing
&amp#27;[38;5;124m[c665ac42]&amp#27;[0m&amp#27;[38;5;-163m[AndroidUiautomator2Driver@b26b]&amp#27;[0m Starting 'com.androidsample.generalstore/com.androidsample.generalstore.SplashActivity' and waiting for 'com.androidsample.generalstore/com.androidsample.generalstore.SplashActivity'
&amp#27;[38;5;124m[c665ac42]&amp#27;[0m&amp#27;[38;5;229m[ADB]&amp#27;[0m Getting IDs of all 'com.androidsample.generalstore' processes
&amp#27;[38;5;124m[c665ac42]&amp#27;[0m&amp#27;[38;5;229m[ADB]&amp#27;[0m Running 'C:\Users\sajus\AppData\Local\Android\Sdk\platform-tools\adb.exe -P 5037 -s R3CRC00KHBT shell 'pgrep --help; echo $?''
&amp#27;[38;5;188m[00a88627]&amp#27;[0m&amp#27;[38;5;6m[AndroidUiautomator2Driver@10a1]&amp#27;[0m Got response with status 200: {"sessionId":"None","value":{"message":"UiAutomator2 Server is ready to accept commands","ready":true}}
&amp#27;[38;5;188m[00a88627]&amp#27;[0m&amp#27;[38;5;6m[AndroidUiautomator2Driver@10a1]&amp#27;[0m The initialization of the instrumentation process took 2241ms
&amp#27;[38;5;188m[00a88627]&amp#27;[0m&amp#27;[38;5;6m[AndroidUiautomator2Driver@10a1]&amp#27;[0m Matched '/session' to command name 'createSession'
&amp#27;[38;5;188m[00a88627]&amp#27;[0m&amp#27;[38;5;6m[AndroidUiautomator2Driver@10a1]&amp#27;[0m Proxying [POST /session] to [POST http://127.0.0.1:8202/session] with body: {"capabilities":{"firstMatch":[{"platformName":"ANDROID","appActivity":"com.androidsample.generalstore.SplashActivity","appPackage":"com.androidsample.generalstore","automationName":"UiAutomator2","deviceName":"CTLID18120801016","noReset":true,"platformVersion":"11.0","systemPort":8202,"udid":"CTLID18120801016","platform":"LINUX","webStorageEnabled":false,"takesScreenshot":true,"javascriptEnabled":true,"databaseEnabled":false,"networkConnectionEnabled":true,"locationContextEnabled":false,"warnings":{},"desired":{"platformName":"ANDROID","appActivity":"com.androidsample.generalstore.SplashActivity","appPackage":"com.androidsample.generalstore","automationName":"UiAutomator2","deviceName":"Nokia","noReset":true,"platformVersion":"11.0","systemPort":8202,"udid":"CTLID18120801016"},"deviceUDID":"CTLID18120801016"}],"alwaysMatch":{}}}
&amp#27;[38;5;188m[00a88627]&amp#27;[0m&amp#27;[38;5;6m[AndroidUiautomator2Driver@10a1]&amp#27;[0m Got response with status 200: {"sessionId":"578c29a6-3618-4fd8-81a0-9fd109046b0e","value":{"capabilities":{"firstMatch":[{"platformName":"ANDROID","appActivity":"com.androidsample.generalstore.SplashActivity","appPackage":"com.androidsample.generalstore","automationName":"UiAutomator2","deviceName":"CTLID18120801016","noReset":true,"platformVersion":"11.0","systemPort":8202,"udid":"CTLID18120801016","platform":"LINUX","webStorageEnabled":false,"takesScreenshot":true,"javascriptEnabled":true,"databaseEnabled":false,"networkConnectionEnabled":true,"locationContextEnabled":false,"warnings":{},"desired":{"platformName":"ANDROID","appActivity":"com.androidsample.generalstore.SplashActivity","appPackage":"com.androidsample.generalstore","automationName":"UiAutomator2","deviceName":"Nokia","noReset":true,"platformVersion":"11.0","systemPort":8202,"udid":"CTLID18120801016"},"deviceUDID":"CTLID18120801016"}],"alwaysMatch":{}},"sessionId":"578c29a6-3618-4fd8-81a0-9fd109046b0e"}}
&amp#27;[38;5;188m[00a88627]&amp#27;[0m&amp#27;[38;5;6m[AndroidUiautomator2Driver@10a1]&amp#27;[0m Determined the downstream protocol as 'W3C'
&amp#27;[38;5;188m[00a88627]&amp#27;[0m&amp#27;[38;5;6m[AndroidUiautomator2Driver@10a1]&amp#27;[0m Proxying [GET /appium/device/pixel_ratio] to [GET http://127.0.0.1:8202/session/578c29a6-3618-4fd8-81a0-9fd109046b0e/appium/device/pixel_ratio] with no body
&amp#27;[38;5;188m[00a88627]&amp#27;[0m&amp#27;[38;5;6m[AndroidUiautomator2Driver@10a1]&amp#27;[0m Matched '/appium/device/system_bars' to command name 'getSystemBars'
&amp#27;[38;5;188m[00a88627]&amp#27;[0m&amp#27;[38;5;6m[AndroidUiautomator2Driver@10a1]&amp#27;[0m Proxying [GET /appium/device/system_bars] to [GET http://127.0.0.1:8202/session/578c29a6-3618-4fd8-81a0-9fd109046b0e/appium/device/system_bars] with no body
&amp#27;[38;5;188m[00a88627]&amp#27;[0m&amp#27;[38;5;6m[AndroidUiautomator2Driver@10a1]&amp#27;[0m Matched '/window/current/size' to command name 'getWindowSize'
&amp#27;[38;5;188m[00a88627]&amp#27;[0m&amp#27;[38;5;6m[AndroidUiautomator2Driver@10a1]&amp#27;[0m Proxying [GET /window/current/size] to [GET http://127.0.0.1:8202/session/578c29a6-3618-4fd8-81a0-9fd109046b0e/window/current/size] with no body
&amp#27;[38;5;188m[00a88627]&amp#27;[0m&amp#27;[38;5;6m[AndroidUiautomator2Driver@10a1]&amp#27;[0m Proxying [GET /appium/device/info] to [GET http://127.0.0.1:8202/session/578c29a6-3618-4fd8-81a0-9fd109046b0e/appium/device/info] with no body
&amp#27;[38;5;188m[00a88627]&amp#27;[0m&amp#27;[38;5;229m[ADB]&amp#27;[0m Running 'C:\Users\sajus\AppData\Local\Android\Sdk\platform-tools\adb.exe -P 5037 -s CTLID18120801016 shell dumpsys window'
&amp#27;[38;5;188m[00a88627]&amp#27;[0m&amp#27;[38;5;229m[ADB]&amp#27;[0m Running 'C:\Users\sajus\AppData\Local\Android\Sdk\platform-tools\adb.exe -P 5037 -s CTLID18120801016 shell dumpsys power'
&amp#27;[38;5;188m[00a88627]&amp#27;[0m&amp#27;[38;5;6m[AndroidUiautomator2Driver@10a1]&amp#27;[0m Got response with status 200: {"sessionId":"578c29a6-3618-4fd8-81a0-9fd109046b0e","value":2.625}
&amp#27;[38;5;188m[00a88627]&amp#27;[0m&amp#27;[38;5;6m[AndroidUiautomator2Driver@10a1]&amp#27;[0m Got response with status 200: {"sessionId":"578c29a6-3618-4fd8-81a0-9fd109046b0e","value":{"statusBar":89}}
&amp#27;[38;5;188m[00a88627]&amp#27;[0m&amp#27;[38;5;6m[AndroidUiautomator2Driver@10a1]&amp#27;[0m Got response with status 200: {"sessionId":"578c29a6-3618-4fd8-81a0-9fd109046b0e","value":{"height":2280,"width":1080}}
&amp#27;[38;5;188m[00a88627]&amp#27;[0m&amp#27;[38;5;6m[AndroidUiautomator2Driver@10a1]&amp#27;[0m Got response with status 200: {"sessionId":"578c29a6-3618-4fd8-81a0-9fd109046b0e","value":{"androidId":"7be9e4e610cc4454","apiVersion":"29","bluetooth":{"state":"OFF"},"brand":"Nokia","carrierName":"","displayDensity":420,"locale":"en_IN","manufacturer":"HMD Global","model":"Nokia 7.1","networks":[{"capabilities":{"SSID":null,"linkDownBandwidthKbps":1048576,"linkUpstreamBandwidthKbps":1048576,"networkCapabilities":"NET_CAPABILITY_NOT_METERED,NET_CAPABILITY_INTERNET,NET_CAPABILITY_NOT_RESTRICTED,NET_CAPABILITY_TRUSTED,NET_CAPABILITY_NOT_VPN,NET_CAPABILITY_VALIDATED,NET_CAPABILITY_NOT_ROAMING,NET_CAPABILITY_FOREGROUND,NET_CAPABILITY_NOT_CONGESTED,NET_CAPABILITY_NOT_SUSPENDED","signalStrength":-49,"transportTypes":"TRANSPORT_WIFI"},"detailedState":"CONNECTED","extraInfo":null,"isAvailable":true,"isConnected":true,"isFailover":false,"isRoaming":false,"state":"CONNECTED","subtype":0,"subtypeName":"","type":1,"typeName":"WIFI"}],"platformVersion":"10","realDisplaySize":"1080x2280","timeZone":"America/Toronto"}}
&amp#27;[38;5;124m[c665ac42]&amp#27;[0m&amp#27;[38;5;229m[ADB]&amp#27;[0m Running 'C:\Users\sajus\AppData\Local\Android\Sdk\platform-tools\adb.exe -P 5037 -s R3CRC00KHBT shell pgrep -f \(\[\[:blank:\]\]\|\^\)com\.androidsample\.generalstore\(:\[a-zA-Z0-9_-\]\+\)\?\(\[\[:blank:\]\]\|\$\)'
&amp#27;[38;5;188m[00a88627]&amp#27;[0m&amp#27;[38;5;6m[AndroidUiautomator2Driver@10a1]&amp#27;[0m Screen already unlocked, doing nothing
&amp#27;[38;5;188m[00a88627]&amp#27;[0m&amp#27;[38;5;6m[AndroidUiautomator2Driver@10a1]&amp#27;[0m Starting 'com.androidsample.generalstore/com.androidsample.generalstore.SplashActivity' and waiting for 'com.androidsample.generalstore/com.androidsample.generalstore.SplashActivity'
&amp#27;[38;5;188m[00a88627]&amp#27;[0m&amp#27;[38;5;229m[ADB]&amp#27;[0m Getting IDs of all 'com.androidsample.generalstore' processes
&amp#27;[38;5;188m[00a88627]&amp#27;[0m&amp#27;[38;5;229m[ADB]&amp#27;[0m Running 'C:\Users\sajus\AppData\Local\Android\Sdk\platform-tools\adb.exe -P 5037 -s CTLID18120801016 shell 'pgrep --help; echo $?''
&amp#27;[38;5;188m[00a88627]&amp#27;[0m&amp#27;[38;5;229m[ADB]&amp#27;[0m Running 'C:\Users\sajus\AppData\Local\Android\Sdk\platform-tools\adb.exe -P 5037 -s CTLID18120801016 shell pgrep -f \(\[\[:blank:\]\]\|\^\)com\.androidsample\.generalstore\(:\[a-zA-Z0-9_-\]\+\)\?\(\[\[:blank:\]\]\|\$\)'
&amp#27;[38;5;124m[c665ac42]&amp#27;[0m&amp#27;[38;5;229m[ADB]&amp#27;[0m Running 'C:\Users\sajus\AppData\Local\Android\Sdk\platform-tools\adb.exe -P 5037 -s R3CRC00KHBT shell am start-activity -W -n com.androidsample.generalstore/com.androidsample.generalstore.SplashActivity -S -a android.intent.action.MAIN -c android.intent.category.LAUNCHER -f 0x10200000'
&amp#27;[38;5;188m[00a88627]&amp#27;[0m&amp#27;[38;5;229m[ADB]&amp#27;[0m Running 'C:\Users\sajus\AppData\Local\Android\Sdk\platform-tools\adb.exe -P 5037 -s CTLID18120801016 shell am start-activity -W -n com.androidsample.generalstore/com.androidsample.generalstore.SplashActivity -S -a android.intent.action.MAIN -c android.intent.category.LAUNCHER -f 0x10200000'
&amp#27;[38;5;124m[c665ac42]&amp#27;[0m&amp#27;[38;5;156m[AppiumDriver@6963]&amp#27;[0m New AndroidUiautomator2Driver session created successfully, session c665ac42-c2b2-4114-ad0c-2aa0faf12036 added to master session list
&amp#27;[38;5;124m[c665ac42]&amp#27;[0m&amp#27;[38;5;156m[AppiumDriver@6963]&amp#27;[0m Event 'newSessionStarted' logged at 1750278463107 (16:27:43 GMT-0400 (Eastern Daylight Saving Time))
&amp#27;[38;5;124m[c665ac42]&amp#27;[0m&amp#27;[38;5;-163m[AndroidUiautomator2Driver@b26b]&amp#27;[0m Cached the protocol value 'W3C' for the new session c665ac42-c2b2-4114-ad0c-2aa0faf12036
&amp#27;[38;5;124m[c665ac42]&amp#27;[0m&amp#27;[38;5;-163m[AndroidUiautomator2Driver@b26b]&amp#27;[0m Responding to client with driver.createSession() result: {"capabilities":{"platformName":"ANDROID","appActivity":"com.androidsample.generalstore.SplashActivity","appPackage":"com.androidsample.generalstore","automationName":"UiAutomator2","deviceName":"R3CRC00KHBT","noReset":true,"platformVersion":"15","systemPort":8201,"udid":"R3CRC00KHBT","platform":"LINUX","webStorageEnabled":false,"takesScreenshot":true,"javascriptEnabled":true,"databaseEnabled":false,"networkConnectionEnabled":true,"locationContextEnabled":false,"warnings":{},"desired":{"platformName":"ANDROID","appActivity":"com.androidsample.generalstore.SplashActivity","appPackage":"com.androidsample.generalstore","automationName":"UiAutomator2","deviceName":"Samsung_Galaxy_S21","noReset":true,"platformVersion":"10.0","systemPort":8201,"udid":"R3CRC00KHBT"},"deviceUDID":"R3CRC00KHBT","pixelRatio":"3","statBarHeight":80,"viewportRect":{"left":0,"top":80,"width":1080,"height":2320},"deviceApiLevel":35,"deviceManufacturer":"samsung","deviceModel":"SM-G991W","deviceScreenSize":"1080x2400","deviceScreenDensit...
&amp#27;[38;5;124m[c665ac42]&amp#27;[0m&amp#27;[38;5;86m[HTTP]&amp#27;[0m &amp#27;[37m<-- POST /session &amp#27;[39m&amp#27;[32m200&amp#27;[39m &amp#27;[90m6928 ms - 1090&amp#27;[39m &amp#27;[90m&amp#27;[39m
&amp#27;[38;5;188m[00a88627]&amp#27;[0m&amp#27;[38;5;176m[AppiumDriver@c16f]&amp#27;[0m New AndroidUiautomator2Driver session created successfully, session 00a88627-8a8e-4883-ac5c-42b75c6544f8 added to master session list
&amp#27;[38;5;188m[00a88627]&amp#27;[0m&amp#27;[38;5;176m[AppiumDriver@c16f]&amp#27;[0m Event 'newSessionStarted' logged at 1750278463389 (16:27:43 GMT-0400 (Eastern Daylight Saving Time))
&amp#27;[38;5;188m[00a88627]&amp#27;[0m&amp#27;[38;5;6m[AndroidUiautomator2Driver@10a1]&amp#27;[0m Cached the protocol value 'W3C' for the new session 00a88627-8a8e-4883-ac5c-42b75c6544f8
&amp#27;[38;5;188m[00a88627]&amp#27;[0m&amp#27;[38;5;6m[AndroidUiautomator2Driver@10a1]&amp#27;[0m Responding to client with driver.createSession() result: {"capabilities":{"platformName":"ANDROID","appActivity":"com.androidsample.generalstore.SplashActivity","appPackage":"com.androidsample.generalstore","automationName":"UiAutomator2","deviceName":"CTLID18120801016","noReset":true,"platformVersion":"10","systemPort":8202,"udid":"CTLID18120801016","platform":"LINUX","webStorageEnabled":false,"takesScreenshot":true,"javascriptEnabled":true,"databaseEnabled":false,"networkConnectionEnabled":true,"locationContextEnabled":false,"warnings":{},"desired":{"platformName":"ANDROID","appActivity":"com.androidsample.generalstore.SplashActivity","appPackage":"com.androidsample.generalstore","automationName":"UiAutomator2","deviceName":"Nokia","noReset":true,"platformVersion":"11.0","systemPort":8202,"udid":"CTLID18120801016"},"deviceUDID":"CTLID18120801016","pixelRatio":"2.625","statBarHeight":89,"viewportRect":{"left":0,"top":89,"width":1080,"height":2191},"deviceApiLevel":29,"deviceManufacturer":"HMD Global","deviceModel":"Nokia 7.1","deviceScreenSize":"1080x2280","dev...
&amp#27;[38;5;188m[00a88627]&amp#27;[0m&amp#27;[38;5;86m[HTTP]&amp#27;[0m &amp#27;[37m<-- POST /session &amp#27;[39m&amp#27;[32m200&amp#27;[39m &amp#27;[90m7211 ms - 1105&amp#27;[39m &amp#27;[90m&amp#27;[39m
&amp#27;[38;5;188m[00a88627]&amp#27;[0m&amp#27;[38;5;86m[HTTP]&amp#27;[0m &amp#27;[37m-->&amp#27;[39m &amp#27;[37mPOST&amp#27;[39m &amp#27;[37m/session/00a88627-8a8e-4883-ac5c-42b75c6544f8/execute/sync&amp#27;[39m &amp#27;[90m{"script":"mobile: getCurrentActivity","args":[]}&amp#27;[39m
&amp#27;[38;5;124m[c665ac42]&amp#27;[0m&amp#27;[38;5;86m[HTTP]&amp#27;[0m &amp#27;[37m-->&amp#27;[39m &amp#27;[37mPOST&amp#27;[39m &amp#27;[37m/session/c665ac42-c2b2-4114-ad0c-2aa0faf12036/execute/sync&amp#27;[39m &amp#27;[90m{"script":"mobile: getCurrentActivity","args":[]}&amp#27;[39m
&amp#27;[38;5;188m[00a88627]&amp#27;[0m&amp#27;[38;5;6m[AndroidUiautomator2Driver@10a1]&amp#27;[0m Calling AppiumDriver.execute() with args: ["mobile: getCurrentActivity",[],"00a88627-8a8e-4883-ac5c-42b75c6544f8"]
&amp#27;[38;5;188m[00a88627]&amp#27;[0m&amp#27;[38;5;229m[ADB]&amp#27;[0m Getting focused package and activity
&amp#27;[38;5;188m[00a88627]&amp#27;[0m&amp#27;[38;5;229m[ADB]&amp#27;[0m Running 'C:\Users\sajus\AppData\Local\Android\Sdk\platform-tools\adb.exe -P 5037 -s CTLID18120801016 shell dumpsys window displays'
&amp#27;[38;5;124m[c665ac42]&amp#27;[0m&amp#27;[38;5;-163m[AndroidUiautomator2Driver@b26b]&amp#27;[0m Calling AppiumDriver.execute() with args: ["mobile: getCurrentActivity",[],"c665ac42-c2b2-4114-ad0c-2aa0faf12036"]
&amp#27;[38;5;124m[c665ac42]&amp#27;[0m&amp#27;[38;5;229m[ADB]&amp#27;[0m Getting focused package and activity
&amp#27;[38;5;124m[c665ac42]&amp#27;[0m&amp#27;[38;5;229m[ADB]&amp#27;[0m Running 'C:\Users\sajus\AppData\Local\Android\Sdk\platform-tools\adb.exe -P 5037 -s R3CRC00KHBT shell dumpsys window displays'
&amp#27;[38;5;124m[c665ac42]&amp#27;[0m&amp#27;[38;5;-163m[AndroidUiautomator2Driver@b26b]&amp#27;[0m Responding to client with driver.execute() result: ".SplashActivity"
&amp#27;[38;5;124m[c665ac42]&amp#27;[0m&amp#27;[38;5;86m[HTTP]&amp#27;[0m &amp#27;[37m<-- POST /session/c665ac42-c2b2-4114-ad0c-2aa0faf12036/execute/sync &amp#27;[39m&amp#27;[32m200&amp#27;[39m &amp#27;[90m161 ms - 27&amp#27;[39m &amp#27;[90m&amp#27;[39m
&amp#27;[38;5;188m[00a88627]&amp#27;[0m&amp#27;[38;5;6m[AndroidUiautomator2Driver@10a1]&amp#27;[0m Responding to client with driver.execute() result: ".SplashActivity"
&amp#27;[38;5;188m[00a88627]&amp#27;[0m&amp#27;[38;5;86m[HTTP]&amp#27;[0m &amp#27;[37m<-- POST /session/00a88627-8a8e-4883-ac5c-42b75c6544f8/execute/sync &amp#27;[39m&amp#27;[32m200&amp#27;[39m &amp#27;[90m167 ms - 27&amp#27;[39m &amp#27;[90m&amp#27;[39m
Current Activity: .SplashActivity
Current Activity: .SplashActivity
&amp#27;[38;5;188m[00a88627]&amp#27;[0m&amp#27;[38;5;86m[HTTP]&amp#27;[0m &amp#27;[37m-->&amp#27;[39m &amp#27;[37mPOST&amp#27;[39m &amp#27;[37m/session/00a88627-8a8e-4883-ac5c-42b75c6544f8/element&amp#27;[39m &amp#27;[90m{"using":"id","value":"com.androidsample.generalstore:id/btnLetsShop"}&amp#27;[39m
&amp#27;[38;5;124m[c665ac42]&amp#27;[0m&amp#27;[38;5;86m[HTTP]&amp#27;[0m &amp#27;[37m-->&amp#27;[39m &amp#27;[37mPOST&amp#27;[39m &amp#27;[37m/session/c665ac42-c2b2-4114-ad0c-2aa0faf12036/element&amp#27;[39m &amp#27;[90m{"using":"id","value":"com.androidsample.generalstore:id/btnLetsShop"}&amp#27;[39m
&amp#27;[38;5;188m[00a88627]&amp#27;[0m&amp#27;[38;5;6m[AndroidUiautomator2Driver@10a1]&amp#27;[0m Calling AppiumDriver.findElement() with args: ["id","com.androidsample.generalstore:id/btnLetsShop","00a88627-8a8e-4883-ac5c-42b75c6544f8"]
&amp#27;[38;5;124m[c665ac42]&amp#27;[0m&amp#27;[38;5;-163m[AndroidUiautomator2Driver@b26b]&amp#27;[0m Calling AppiumDriver.findElement() with args: ["id","com.androidsample.generalstore:id/btnLetsShop","c665ac42-c2b2-4114-ad0c-2aa0faf12036"]
&amp#27;[38;5;188m[00a88627]&amp#27;[0m&amp#27;[38;5;6m[AndroidUiautomator2Driver@10a1]&amp#27;[0m Valid locator strategies for this request: xpath, id, class name, accessibility id, css selector, -android uiautomator
&amp#27;[38;5;124m[c665ac42]&amp#27;[0m&amp#27;[38;5;-163m[AndroidUiautomator2Driver@b26b]&amp#27;[0m Valid locator strategies for this request: xpath, id, class name, accessibility id, css selector, -android uiautomator
&amp#27;[38;5;188m[00a88627]&amp#27;[0m&amp#27;[38;5;6m[AndroidUiautomator2Driver@10a1]&amp#27;[0m Waiting up to 0 ms for condition
&amp#27;[38;5;124m[c665ac42]&amp#27;[0m&amp#27;[38;5;-163m[AndroidUiautomator2Driver@b26b]&amp#27;[0m Waiting up to 0 ms for condition
&amp#27;[38;5;188m[00a88627]&amp#27;[0m&amp#27;[38;5;6m[AndroidUiautomator2Driver@10a1]&amp#27;[0m Matched '/element' to command name 'findElement'
&amp#27;[38;5;124m[c665ac42]&amp#27;[0m&amp#27;[38;5;-163m[AndroidUiautomator2Driver@b26b]&amp#27;[0m Matched '/element' to command name 'findElement'
&amp#27;[38;5;188m[00a88627]&amp#27;[0m&amp#27;[38;5;6m[AndroidUiautomator2Driver@10a1]&amp#27;[0m Proxying [POST /element] to [POST http://127.0.0.1:8202/session/578c29a6-3618-4fd8-81a0-9fd109046b0e/element] with body: {"strategy":"id","selector":"com.androidsample.generalstore:id/btnLetsShop","context":"","multiple":false}
&amp#27;[38;5;124m[c665ac42]&amp#27;[0m&amp#27;[38;5;-163m[AndroidUiautomator2Driver@b26b]&amp#27;[0m Proxying [POST /element] to [POST http://127.0.0.1:8201/session/de47f321-ac00-4ec2-8e69-6af18f5d6eeb/element] with body: {"strategy":"id","selector":"com.androidsample.generalstore:id/btnLetsShop","context":"","multiple":false}
&amp#27;[38;5;124m[c665ac42]&amp#27;[0m&amp#27;[38;5;-163m[AndroidUiautomator2Driver@b26b]&amp#27;[0m Got response with status 200: {"sessionId":"de47f321-ac00-4ec2-8e69-6af18f5d6eeb","value":{"ELEMENT":"00000000-0000-142b-ffff-ffff00000021","element-6066-11e4-a52e-4f735466cecf":"00000000-0000-142b-ffff-ffff00000021"}}
&amp#27;[38;5;124m[c665ac42]&amp#27;[0m&amp#27;[38;5;-163m[AndroidUiautomator2Driver@b26b]&amp#27;[0m Responding to client with driver.findElement() result: {"element-6066-11e4-a52e-4f735466cecf":"00000000-0000-142b-ffff-ffff00000021","ELEMENT":"00000000-0000-142b-ffff-ffff00000021"}
&amp#27;[38;5;124m[c665ac42]&amp#27;[0m&amp#27;[38;5;86m[HTTP]&amp#27;[0m &amp#27;[37m<-- POST /session/c665ac42-c2b2-4114-ad0c-2aa0faf12036/element &amp#27;[39m&amp#27;[32m200&amp#27;[39m &amp#27;[90m63 ms - 137&amp#27;[39m &amp#27;[90m&amp#27;[39m
&amp#27;[38;5;188m[00a88627]&amp#27;[0m&amp#27;[38;5;6m[AndroidUiautomator2Driver@10a1]&amp#27;[0m Got response with status 200: {"sessionId":"578c29a6-3618-4fd8-81a0-9fd109046b0e","value":{"ELEMENT":"00000000-0000-08f5-ffff-ffff00000021","element-6066-11e4-a52e-4f735466cecf":"00000000-0000-08f5-ffff-ffff00000021"}}
&amp#27;[38;5;188m[00a88627]&amp#27;[0m&amp#27;[38;5;6m[AndroidUiautomator2Driver@10a1]&amp#27;[0m Responding to client with driver.findElement() result: {"element-6066-11e4-a52e-4f735466cecf":"00000000-0000-08f5-ffff-ffff00000021","ELEMENT":"00000000-0000-08f5-ffff-ffff00000021"}
&amp#27;[38;5;124m[c665ac42]&amp#27;[0m&amp#27;[38;5;86m[HTTP]&amp#27;[0m &amp#27;[37m-->&amp#27;[39m &amp#27;[37mPOST&amp#27;[39m &amp#27;[37m/session/c665ac42-c2b2-4114-ad0c-2aa0faf12036/element/00000000-0000-142b-ffff-ffff00000021/click&amp#27;[39m &amp#27;[90m{"id":"00000000-0000-142b-ffff-ffff00000021"}&amp#27;[39m
&amp#27;[38;5;188m[00a88627]&amp#27;[0m&amp#27;[38;5;86m[HTTP]&amp#27;[0m &amp#27;[37m<-- POST /session/00a88627-8a8e-4883-ac5c-42b75c6544f8/element &amp#27;[39m&amp#27;[32m200&amp#27;[39m &amp#27;[90m78 ms - 137&amp#27;[39m &amp#27;[90m&amp#27;[39m
&amp#27;[38;5;124m[c665ac42]&amp#27;[0m&amp#27;[38;5;-163m[AndroidUiautomator2Driver@b26b]&amp#27;[0m Calling AppiumDriver.click() with args: ["00000000-0000-142b-ffff-ffff00000021","c665ac42-c2b2-4114-ad0c-2aa0faf12036"]
&amp#27;[38;5;124m[c665ac42]&amp#27;[0m&amp#27;[38;5;-163m[AndroidUiautomator2Driver@b26b]&amp#27;[0m Matched '/element/00000000-0000-142b-ffff-ffff00000021/click' to command name 'click'
&amp#27;[38;5;124m[c665ac42]&amp#27;[0m&amp#27;[38;5;-163m[AndroidUiautomator2Driver@b26b]&amp#27;[0m Proxying [POST /element/00000000-0000-142b-ffff-ffff00000021/click] to [POST http://127.0.0.1:8201/session/de47f321-ac00-4ec2-8e69-6af18f5d6eeb/element/00000000-0000-142b-ffff-ffff00000021/click] with body: {"element":"00000000-0000-142b-ffff-ffff00000021"}
&amp#27;[38;5;188m[00a88627]&amp#27;[0m&amp#27;[38;5;86m[HTTP]&amp#27;[0m &amp#27;[37m-->&amp#27;[39m &amp#27;[37mPOST&amp#27;[39m &amp#27;[37m/session/00a88627-8a8e-4883-ac5c-42b75c6544f8/element/00000000-0000-08f5-ffff-ffff00000021/click&amp#27;[39m &amp#27;[90m{"id":"00000000-0000-08f5-ffff-ffff00000021"}&amp#27;[39m
&amp#27;[38;5;188m[00a88627]&amp#27;[0m&amp#27;[38;5;6m[AndroidUiautomator2Driver@10a1]&amp#27;[0m Calling AppiumDriver.click() with args: ["00000000-0000-08f5-ffff-ffff00000021","00a88627-8a8e-4883-ac5c-42b75c6544f8"]
&amp#27;[38;5;188m[00a88627]&amp#27;[0m&amp#27;[38;5;6m[AndroidUiautomator2Driver@10a1]&amp#27;[0m Matched '/element/00000000-0000-08f5-ffff-ffff00000021/click' to command name 'click'
&amp#27;[38;5;188m[00a88627]&amp#27;[0m&amp#27;[38;5;6m[AndroidUiautomator2Driver@10a1]&amp#27;[0m Proxying [POST /element/00000000-0000-08f5-ffff-ffff00000021/click] to [POST http://127.0.0.1:8202/session/578c29a6-3618-4fd8-81a0-9fd109046b0e/element/00000000-0000-08f5-ffff-ffff00000021/click] with body: {"element":"00000000-0000-08f5-ffff-ffff00000021"}
&amp#27;[38;5;188m[00a88627]&amp#27;[0m&amp#27;[38;5;6m[AndroidUiautomator2Driver@10a1]&amp#27;[0m Got response with status 200: {"sessionId":"578c29a6-3618-4fd8-81a0-9fd109046b0e","value":null}
&amp#27;[38;5;188m[00a88627]&amp#27;[0m&amp#27;[38;5;6m[AndroidUiautomator2Driver@10a1]&amp#27;[0m Responding to client with driver.click() result: null
&amp#27;[38;5;188m[00a88627]&amp#27;[0m&amp#27;[38;5;86m[HTTP]&amp#27;[0m &amp#27;[37m<-- POST /session/00a88627-8a8e-4883-ac5c-42b75c6544f8/element/00000000-0000-08f5-ffff-ffff00000021/click &amp#27;[39m&amp#27;[32m200&amp#27;[39m &amp#27;[90m60 ms - 14&amp#27;[39m &amp#27;[90m&amp#27;[39m
&amp#27;[38;5;188m[00a88627]&amp#27;[0m&amp#27;[38;5;86m[HTTP]&amp#27;[0m &amp#27;[37m-->&amp#27;[39m &amp#27;[37mGET&amp#27;[39m &amp#27;[37m/session/00a88627-8a8e-4883-ac5c-42b75c6544f8/screenshot&amp#27;[39m &amp#27;[90m{}&amp#27;[39m
&amp#27;[38;5;188m[00a88627]&amp#27;[0m&amp#27;[38;5;6m[AndroidUiautomator2Driver@10a1]&amp#27;[0m Calling AppiumDriver.getScreenshot() with args: ["00a88627-8a8e-4883-ac5c-42b75c6544f8"]
&amp#27;[38;5;188m[00a88627]&amp#27;[0m&amp#27;[38;5;6m[AndroidUiautomator2Driver@10a1]&amp#27;[0m Matched '/screenshot' to command name 'getScreenshot'
&amp#27;[38;5;188m[00a88627]&amp#27;[0m&amp#27;[38;5;6m[AndroidUiautomator2Driver@10a1]&amp#27;[0m Proxying [GET /screenshot] to [GET http://127.0.0.1:8202/session/578c29a6-3618-4fd8-81a0-9fd109046b0e/screenshot] with no body
&amp#27;[38;5;124m[c665ac42]&amp#27;[0m&amp#27;[38;5;-163m[AndroidUiautomator2Driver@b26b]&amp#27;[0m Got response with status 200: {"sessionId":"de47f321-ac00-4ec2-8e69-6af18f5d6eeb","value":null}
&amp#27;[38;5;124m[c665ac42]&amp#27;[0m&amp#27;[38;5;-163m[AndroidUiautomator2Driver@b26b]&amp#27;[0m Responding to client with driver.click() result: null
&amp#27;[38;5;124m[c665ac42]&amp#27;[0m&amp#27;[38;5;86m[HTTP]&amp#27;[0m &amp#27;[37m<-- POST /session/c665ac42-c2b2-4114-ad0c-2aa0faf12036/element/00000000-0000-142b-ffff-ffff00000021/click &amp#27;[39m&amp#27;[32m200&amp#27;[39m &amp#27;[90m105 ms - 14&amp#27;[39m &amp#27;[90m&amp#27;[39m
&amp#27;[38;5;124m[c665ac42]&amp#27;[0m&amp#27;[38;5;86m[HTTP]&amp#27;[0m &amp#27;[37m-->&amp#27;[39m &amp#27;[37mGET&amp#27;[39m &amp#27;[37m/session/c665ac42-c2b2-4114-ad0c-2aa0faf12036/screenshot&amp#27;[39m &amp#27;[90m{}&amp#27;[39m
&amp#27;[38;5;124m[c665ac42]&amp#27;[0m&amp#27;[38;5;-163m[AndroidUiautomator2Driver@b26b]&amp#27;[0m Calling AppiumDriver.getScreenshot() with args: ["c665ac42-c2b2-4114-ad0c-2aa0faf12036"]
&amp#27;[38;5;124m[c665ac42]&amp#27;[0m&amp#27;[38;5;-163m[AndroidUiautomator2Driver@b26b]&amp#27;[0m Matched '/screenshot' to command name 'getScreenshot'
&amp#27;[38;5;124m[c665ac42]&amp#27;[0m&amp#27;[38;5;-163m[AndroidUiautomator2Driver@b26b]&amp#27;[0m Proxying [GET /screenshot] to [GET http://127.0.0.1:8201/session/de47f321-ac00-4ec2-8e69-6af18f5d6eeb/screenshot] with no body
&amp#27;[38;5;124m[c665ac42]&amp#27;[0m&amp#27;[38;5;-163m[AndroidUiautomator2Driver@b26b]&amp#27;[0m Got response with status 200: {"sessionId":"de47f321-ac00-4ec2-8e69-6af18f5d6eeb","value":"iVBORw0KGgoAAAANSUhEUgAABDgAAAlgCAYAAABtGofVAAAAAXNSR0IArs4c6QAAAARzQklUCAgICHwIZIgAACAASURBVHic7N13dBzV3T7w587MVq16tdzkJvdesY2xKaYam1BDMaE7lEASQhq/N5DAm4TyhhQSCIGEEDoYsB0wBgdim7g33HuRZVm9a7W7U35/yFJUdla7q1XZ1fPJyTl47uydq7GGwzx77/eK5L2LDRARERERERERRTGpuwdARERERERERNRRDDiIiIiIiIiIKOox4CAiIiIiIiKiqMeAg4iIiIiIiIiiHgMOIiIiIiIiIop6DDiIiIiIiIiIKOox4CAiIiIiIiKiqMeAg4iIiIiIiIiiHgMOIiIiIiIiIop6DDiIiIiIiIiIKOox4CAiIiIiIiKiqMeAg4iIiIiIiIiiHgMOIiIiIiIiIop6DDiIiIiIiIiIKOox4CAiIiIiIiKiqMeAg4iIiIiIiIiiHgMOIiIiIiIiIop6DDiIiIiIiIiIKOox4CAiIiIiIiKiqMeAg4iIiIiIiIiiHgMOIiIiIiIiIop6DDiIiIiIiIiIKOox4CAiIiIiIiKiqMeAg4iIiIiIiIiiHgMOIiIiIiIiIop6DDiIiIiIiIiIKOox4CAiIiIiIiKiqMeAg4iIiIiIiIiiHgMOIiIiIiIiIop6SncPgIiIiIiIiKg7CQikKfGY4cjFKFs/ZFtS0EdJRpaSBIdk65IxuHUPCtRynFErcNpXhr2eU9jgPogStRoGjC4ZQ7RjwEFERERERES9ioBAnGRDjjUD813jca5zJEbZ+kER3fiKLLvQ15La4pBqqNjjycPa2n1YVbMTx33FqNM9DDxMiOS9i3lniIiIiIiIKOYJCMRLduTasnF5/GQsTJiGRMnZ3cMKSrlWgw+qNmJVzU4c8OSjWq9n0NEKAw4iIiIiIiKKeRIEBljS...
&amp#27;[38;5;124m[c665ac42]&amp#27;[0m&amp#27;[38;5;-163m[AndroidUiautomator2Driver@b26b]&amp#27;[0m Responding to client with driver.getScreenshot() result: "iVBORw0KGgoAAAANSUhEUgAABDgAAAlgCAYAAABtGofVAAAAAXNSR0IArs4c6QAAAARzQklUCAgICHwIZIgAACAASURBVHic7N13dBzV3T7w587MVq16tdzkJvdesY2xKaYam1BDMaE7lEASQhq/N5DAm4TyhhQSCIGEEDoYsB0wBgdim7g33HuRZVm9a7W7U35/yFJUdla7q1XZ1fPJyTl47uydq7GGwzx77/eK5L2LDRARERERERERRTGpuwdARERERERERNRRDDiIiIiIiIiIKOox4CAiIiIiIiKiqMeAg4iIiIiIiIiiHgMOIiIiIiIiIop6DDiIiIiIiIiIKOox4CAiIiIiIiKiqMeAg4iIiIiIiIiiHgMOIiIiIiIiIop6DDiIiIiIiIiIKOox4CAiIiIiIiKiqMeAg4iIiIiIiIiiHgMOIiIiIiIiIop6DDiIiIiIiIiIKOox4CAiIiIiIiKiqMeAg4iIiIiIiIiiHgMOIiIiIiIiIop6DDiIiIiIiIiIKOox4CAiIiIiIiKiqMeAg4iIiIiIiIiiHgMOIiIiIiIiIop6DDiIiIiIiIiIKOox4CAiIiIiIiKiqMeAg4iIiIiIiIiiHgMOIiIiIiIiIop6DDiIiIiIiIiIKOox4CAiIiIiIiKiqMeAg4iIiIiIiIiiHgMOIiIiIiIiIop6SncPgIiIiIiIiKg7CQikKfGY4cjFKFs/ZFtS0EdJRpaSBIdk65IxuHUPCtRynFErcNpXhr2eU9jgPogStRoGjC4ZQ7RjwEFERERERES9ioBAnGRDjjUD813jca5zJEbZ+kER3fiKLLvQ15La4pBqqNjjycPa2n1YVbMTx33FqNM9DDxMiOS9i3lniIiIiIiIKOYJCMRLduTasnF5/GQsTJiGRMnZ3cMKSrlWgw+qNmJVzU4c8OSjWq9n0NEKAw4iIiIiIiKKeRIEBljS8I3EGbjcNRkDrGmQoqwspQ4dJ70l+GfNVrxXuR55vlKGHM0w4CAiIiIiIqKY...
&amp#27;[38;5;124m[c665ac42]&amp#27;[0m&amp#27;[38;5;86m[HTTP]&amp#27;[0m &amp#27;[37m<-- GET /session/c665ac42-c2b2-4114-ad0c-2aa0faf12036/screenshot &amp#27;[39m&amp#27;[32m200&amp#27;[39m &amp#27;[90m574 ms - 698328&amp#27;[39m &amp#27;[90m&amp#27;[39m
&amp#27;[38;5;124m[c665ac42]&amp#27;[0m&amp#27;[38;5;86m[HTTP]&amp#27;[0m &amp#27;[37m-->&amp#27;[39m &amp#27;[37mGET&amp#27;[39m &amp#27;[37m/session/c665ac42-c2b2-4114-ad0c-2aa0faf12036/screenshot&amp#27;[39m &amp#27;[90m{}&amp#27;[39m
&amp#27;[38;5;124m[c665ac42]&amp#27;[0m&amp#27;[38;5;-163m[AndroidUiautomator2Driver@b26b]&amp#27;[0m Calling AppiumDriver.getScreenshot() with args: ["c665ac42-c2b2-4114-ad0c-2aa0faf12036"]
&amp#27;[38;5;124m[c665ac42]&amp#27;[0m&amp#27;[38;5;-163m[AndroidUiautomator2Driver@b26b]&amp#27;[0m Matched '/screenshot' to command name 'getScreenshot'
&amp#27;[38;5;124m[c665ac42]&amp#27;[0m&amp#27;[38;5;-163m[AndroidUiautomator2Driver@b26b]&amp#27;[0m Proxying [GET /screenshot] to [GET http://127.0.0.1:8201/session/de47f321-ac00-4ec2-8e69-6af18f5d6eeb/screenshot] with no body
&amp#27;[38;5;188m[00a88627]&amp#27;[0m&amp#27;[38;5;6m[AndroidUiautomator2Driver@10a1]&amp#27;[0m Got response with status 200: {"sessionId":"578c29a6-3618-4fd8-81a0-9fd109046b0e","value":"iVBORw0KGgoAAAANSUhEUgAABDgAAAjoCAYAAAA5jhrUAAAAAXNSR0IArs4c6QAAAARzQklUCAgICHwIZIgAACAASURBVHic7N13nCRF/f/xd1XP7O6Fvb3AHRx33IEcUdKBBAWUIBJUwCyIBNNXkgm/omDO+AUDiKKAPxBBFCQpIqCAkgUk5yDcHeG4nDbNdNXvj+6esNuzt2Hmdvv29fSBsNXd1VWd6zPV1WbSE0d7AQAAAAAAZJgd7gIAAAAAAAAMFQEOAAAAAACQeQQ4AAAAAABA5hHgAAAAAAAAmUeAAwAAAAAAZB4BDgAAAAAAkHkEOAAAAAAAQOYR4AAAAAAAAJlHgAMAAAAAAGQeAQ4AAAAAAJB5BDgAAAAAAEDmEeAAAAAAAACZR4ADAAAAAABkHgEOAAAAAACQeQQ4AAAAAABA5hHgAAAAAAAAmUeAAwAAAAAAZB4BDgAAAAAAkHkEOAAAAAAAQOYR4AAAAAAAAJlHgAMAAAAAAGQeAQ4AAAAAAJB5BDgAAAAAAEDmEeAAAAAAAACZR4ADAAAAAABkXm64CwCMBEZGJvm3if5bkrwk772i/yn+/+waLfUEAAAAMPoQ4MCoZWSUM1abN22kyzb5vDbNT+1z/hcLi3TE/J/ohe7XVPQuM0GA0VJPAAAAoD/agrHarnmWtm+ZpTY7Vtu1zFJbMK40fUW4Ro91ztMK165HO+fpsa55WhG2D0tZ9xq7ta6b/ZV+zXvoSz/QHe1PNbhEIxsBDoxKrXaMvj7tAzp20r4K+vmm1qb5qbr7Dd9XKKeLl92mb73+R61yHQ0u6dCMlnoCAAAAfZmV30CHtO6sQ1p30V5jt17r/O9s3aXq7zvan9JfVz2gv676j+YVFjeqmBgiM+mJo/l5FqNGzgQ6fvKB+ua0D6r8gsbgeHl96/Ur9Iulf1PRh3UqYX2MlnoCAAAAfdlr7Nb6...
&amp#27;[38;5;188m[00a88627]&amp#27;[0m&amp#27;[38;5;6m[AndroidUiautomator2Driver@10a1]&amp#27;[0m Responding to client with driver.getScreenshot() result: "iVBORw0KGgoAAAANSUhEUgAABDgAAAjoCAYAAAA5jhrUAAAAAXNSR0IArs4c6QAAAARzQklUCAgICHwIZIgAACAASURBVHic7N13nCRF/f/xd1XP7O6Fvb3AHRx33IEcUdKBBAWUIBJUwCyIBNNXkgm/omDO+AUDiKKAPxBBFCQpIqCAkgUk5yDcHeG4nDbNdNXvj+6esNuzt2Hmdvv29fSBsNXd1VWd6zPV1WbSE0d7AQAAAAAAZJgd7gIAAAAAAAAMFQEOAAAAAACQeQQ4AAAAAABA5hHgAAAAAAAAmUeAAwAAAAAAZB4BDgAAAAAAkHkEOAAAAAAAQOYR4AAAAAAAAJlHgAMAAAAAAGQeAQ4AAAAAAJB5BDgAAAAAAEDmEeAAAAAAAACZR4ADAAAAAABkHgEOAAAAAACQeQQ4AAAAAABA5hHgAAAAAAAAmUeAAwAAAAAAZB4BDgAAAAAAkHkEOAAAAAAAQOYR4AAAAAAAAJlHgAMAAAAAAGQeAQ4AAAAAAJB5BDgAAAAAAEDmEeAAAAAAAACZR4ADAAAAAABkXm64CwCMBEZGJvm3if5bkrwk772i/yn+/+waLfUEAAAAMPoQ4MCoZWSUM1abN22kyzb5vDbNT+1z/hcLi3TE/J/ohe7XVPQuM0GA0VJPAAAAoD/agrHarnmWtm+ZpTY7Vtu1zFJbMK40fUW4Ro91ztMK165HO+fpsa55WhG2D0tZ9xq7ta6b/ZV+zXvoSz/QHe1PNbhEIxsBDoxKrXaMvj7tAzp20r4K+vmm1qb5qbr7Dd9XKKeLl92mb73+R61yHQ0u6dCMlnoCAAAAfZmV30CHtO6sQ1p30V5jt17r/O9s3aXq7zvan9JfVz2gv676j+YVFjeqmBgiM+mJo/l5FqNGzgQ6fvKB+ua0D6r8gsbgeHl96/Ur9Iulf1PRh3UqYX2MlnoCAAAAfdlr7Nb6n8nv6BWwGIrrVz2gXy29aZ30lqAHx8AQ4MCoYGTUalt062bf1mZN0+qa93+7...
&amp#27;[38;5;188m[00a88627]&amp#27;[0m&amp#27;[38;5;86m[HTTP]&amp#27;[0m &amp#27;[37m<-- GET /session/00a88627-8a8e-4883-ac5c-42b75c6544f8/screenshot &amp#27;[39m&amp#27;[32m200&amp#27;[39m &amp#27;[90m1084 ms - 612292&amp#27;[39m &amp#27;[90m&amp#27;[39m
&amp#27;[38;5;188m[00a88627]&amp#27;[0m&amp#27;[38;5;86m[HTTP]&amp#27;[0m &amp#27;[37m-->&amp#27;[39m &amp#27;[37mGET&amp#27;[39m &amp#27;[37m/session/00a88627-8a8e-4883-ac5c-42b75c6544f8/screenshot&amp#27;[39m &amp#27;[90m{}&amp#27;[39m
&amp#27;[38;5;188m[00a88627]&amp#27;[0m&amp#27;[38;5;6m[AndroidUiautomator2Driver@10a1]&amp#27;[0m Calling AppiumDriver.getScreenshot() with args: ["00a88627-8a8e-4883-ac5c-42b75c6544f8"]
&amp#27;[38;5;188m[00a88627]&amp#27;[0m&amp#27;[38;5;6m[AndroidUiautomator2Driver@10a1]&amp#27;[0m Matched '/screenshot' to command name 'getScreenshot'
&amp#27;[38;5;188m[00a88627]&amp#27;[0m&amp#27;[38;5;6m[AndroidUiautomator2Driver@10a1]&amp#27;[0m Proxying [GET /screenshot] to [GET http://127.0.0.1:8202/session/578c29a6-3618-4fd8-81a0-9fd109046b0e/screenshot] with no body
&amp#27;[38;5;124m[c665ac42]&amp#27;[0m&amp#27;[38;5;-163m[AndroidUiautomator2Driver@b26b]&amp#27;[0m Got response with status 200: {"sessionId":"de47f321-ac00-4ec2-8e69-6af18f5d6eeb","value":"iVBORw0KGgoAAAANSUhEUgAABDgAAAlgCAYAAABtGofVAAAAAXNSR0IArs4c6QAAAARzQklUCAgICHwIZIgAACAASURBVHic7N13dBzV3T7w587MVq16tdzkJvdesY2xKaYam1BDMaE7lEASQhq/N5DAm4TyhhQSCIGEEDoYsB0wBgdim7g33HuRZVm9a7W7U35/yFJUdla7q1XZ1fPJyTl47uydq7GGwzx77/eK5L2LDRARERERERERRTGpuwdARERERERERNRRDDiIiIiIiIiIKOox4CAiIiIiIiKiqMeAg4iIiIiIiIiiHgMOIiIiIiIiIop6DDiIiIiIiIiIKOox4CAiIiIiIiKiqMeAg4iIiIiIiIiiHgMOIiIiIiIiIop6DDiIiIiIiIiIKOox4CAiIiIiIiKiqMeAg4iIiIiIiIiiHgMOIiIiIiIiIop6DDiIiIiIiIiIKOox4CAiIiIiIiKiqMeAg4iIiIiIiIiiHgMOIiIiIiIiIop6DDiIiIiIiIiIKOox4CAiIiIiIiKiqMeAg4iIiIiIiIiiHgMOIiIiIiIiIop6DDiIiIiIiIiIKOox4CAiIiIiIiKiqMeAg4iIiIiIiIiiHgMOIiIiIiIiIop6DDiIiIiIiIiIKOox4CAiIiIiIiKiqMeAg4iIiIiIiIiiHgMOIiIiIiIiIop6SncPgIiIiIiIiKg7CQikKfGY4cjFKFs/ZFtS0EdJRpaSBIdk65IxuHUPCtRynFErcNpXhr2eU9jgPogStRoGjC4ZQ7RjwEFERERERES9ioBAnGRDjjUD813jca5zJEbZ+kER3fiKLLvQ15La4pBqqNjjycPa2n1YVbMTx33FqNM9DDxMiOS9i3lniIiIiIiIKOYJCMRLduTasnF5/GQsTJiGRMnZ3cMKSrlWgw+qNmJVzU4c8OSjWq9n0NEKAw4iIiIiIiKKeRIEBljS...
&amp#27;[38;5;124m[c665ac42]&amp#27;[0m&amp#27;[38;5;-163m[AndroidUiautomator2Driver@b26b]&amp#27;[0m Responding to client with driver.getScreenshot() result: "iVBORw0KGgoAAAANSUhEUgAABDgAAAlgCAYAAABtGofVAAAAAXNSR0IArs4c6QAAAARzQklUCAgICHwIZIgAACAASURBVHic7N13dBzV3T7w587MVq16tdzkJvdesY2xKaYam1BDMaE7lEASQhq/N5DAm4TyhhQSCIGEEDoYsB0wBgdim7g33HuRZVm9a7W7U35/yFJUdla7q1XZ1fPJyTl47uydq7GGwzx77/eK5L2LDRARERERERERRTGpuwdARERERERERNRRDDiIiIiIiIiIKOox4CAiIiIiIiKiqMeAg4iIiIiIiIiiHgMOIiIiIiIiIop6DDiIiIiIiIiIKOox4CAiIiIiIiKiqMeAg4iIiIiIiIiiHgMOIiIiIiIiIop6DDiIiIiIiIiIKOox4CAiIiIiIiKiqMeAg4iIiIiIiIiiHgMOIiIiIiIiIop6DDiIiIiIiIiIKOox4CAiIiIiIiKiqMeAg4iIiIiIiIiiHgMOIiIiIiIiIop6DDiIiIiIiIiIKOox4CAiIiIiIiKiqMeAg4iIiIiIiIiiHgMOIiIiIiIiIop6DDiIiIiIiIiIKOox4CAiIiIiIiKiqMeAg4iIiIiIiIiiHgMOIiIiIiIiIop6DDiIiIiIiIiIKOox4CAiIiIiIiKiqMeAg4iIiIiIiIiiHgMOIiIiIiIiIop6SncPgIiIiIiIiKg7CQikKfGY4cjFKFs/ZFtS0EdJRpaSBIdk65IxuHUPCtRynFErcNpXhr2eU9jgPogStRoGjC4ZQ7RjwEFERERERES9ioBAnGRDjjUD813jca5zJEbZ+kER3fiKLLvQ15La4pBqqNjjycPa2n1YVbMTx33FqNM9DDxMiOS9i3lniIiIiIiIKOYJCMRLduTasnF5/GQsTJiGRMnZ3cMKSrlWgw+qNmJVzU4c8OSjWq9n0NEKAw4iIiIiIiKKeRIEBljS8I3EGbjcNRkDrGmQoqwspQ4dJ70l+GfNVrxXuR55vlKGHM0w4CAiIiIiIqKY...
&amp#27;[38;5;124m[c665ac42]&amp#27;[0m&amp#27;[38;5;86m[HTTP]&amp#27;[0m &amp#27;[37m<-- GET /session/c665ac42-c2b2-4114-ad0c-2aa0faf12036/screenshot &amp#27;[39m&amp#27;[32m200&amp#27;[39m &amp#27;[90m546 ms - 699728&amp#27;[39m &amp#27;[90m&amp#27;[39m
&amp#27;[38;5;124m[c665ac42]&amp#27;[0m&amp#27;[38;5;86m[HTTP]&amp#27;[0m &amp#27;[37m-->&amp#27;[39m &amp#27;[37mPOST&amp#27;[39m &amp#27;[37m/session/c665ac42-c2b2-4114-ad0c-2aa0faf12036/element&amp#27;[39m &amp#27;[90m{"using":"xpath","value":"//android.widget.Toast[@text='Please enter your name']"}&amp#27;[39m
&amp#27;[38;5;124m[c665ac42]&amp#27;[0m&amp#27;[38;5;-163m[AndroidUiautomator2Driver@b26b]&amp#27;[0m Calling AppiumDriver.findElement() with args: ["xpath","//android.widget.Toast[@text='Please enter your name']","c665ac42-c2b2-4114-ad0c-2aa0faf12036"]
&amp#27;[38;5;124m[c665ac42]&amp#27;[0m&amp#27;[38;5;-163m[AndroidUiautomator2Driver@b26b]&amp#27;[0m Valid locator strategies for this request: xpath, id, class name, accessibility id, css selector, -android uiautomator
&amp#27;[38;5;124m[c665ac42]&amp#27;[0m&amp#27;[38;5;-163m[AndroidUiautomator2Driver@b26b]&amp#27;[0m Waiting up to 0 ms for condition
&amp#27;[38;5;124m[c665ac42]&amp#27;[0m&amp#27;[38;5;-163m[AndroidUiautomator2Driver@b26b]&amp#27;[0m Matched '/element' to command name 'findElement'
&amp#27;[38;5;124m[c665ac42]&amp#27;[0m&amp#27;[38;5;-163m[AndroidUiautomator2Driver@b26b]&amp#27;[0m Proxying [POST /element] to [POST http://127.0.0.1:8201/session/de47f321-ac00-4ec2-8e69-6af18f5d6eeb/element] with body: {"strategy":"xpath","selector":"//android.widget.Toast[@text='Please enter your name']","context":"","multiple":false}
&amp#27;[38;5;124m[c665ac42]&amp#27;[0m&amp#27;[38;5;-163m[AndroidUiautomator2Driver@b26b]&amp#27;[0m Got response with status 200: {"sessionId":"de47f321-ac00-4ec2-8e69-6af18f5d6eeb","value":{"ELEMENT":"44bf8835-eb1c-4dbd-a4be-b4de3b340ab9","element-6066-11e4-a52e-4f735466cecf":"44bf8835-eb1c-4dbd-a4be-b4de3b340ab9"}}
&amp#27;[38;5;124m[c665ac42]&amp#27;[0m&amp#27;[38;5;-163m[AndroidUiautomator2Driver@b26b]&amp#27;[0m Responding to client with driver.findElement() result: {"element-6066-11e4-a52e-4f735466cecf":"44bf8835-eb1c-4dbd-a4be-b4de3b340ab9","ELEMENT":"44bf8835-eb1c-4dbd-a4be-b4de3b340ab9"}
&amp#27;[38;5;124m[c665ac42]&amp#27;[0m&amp#27;[38;5;86m[HTTP]&amp#27;[0m &amp#27;[37m<-- POST /session/c665ac42-c2b2-4114-ad0c-2aa0faf12036/element &amp#27;[39m&amp#27;[32m200&amp#27;[39m &amp#27;[90m227 ms - 137&amp#27;[39m &amp#27;[90m&amp#27;[39m
&amp#27;[38;5;124m[c665ac42]&amp#27;[0m&amp#27;[38;5;86m[HTTP]&amp#27;[0m &amp#27;[37m-->&amp#27;[39m &amp#27;[37mGET&amp#27;[39m &amp#27;[37m/session/c665ac42-c2b2-4114-ad0c-2aa0faf12036/element/44bf8835-eb1c-4dbd-a4be-b4de3b340ab9/text&amp#27;[39m &amp#27;[90m{}&amp#27;[39m
&amp#27;[38;5;124m[c665ac42]&amp#27;[0m&amp#27;[38;5;-163m[AndroidUiautomator2Driver@b26b]&amp#27;[0m Driver proxy active, passing request on via HTTP proxy
&amp#27;[38;5;124m[c665ac42]&amp#27;[0m&amp#27;[38;5;-163m[AndroidUiautomator2Driver@b26b]&amp#27;[0m Matched '/session/c665ac42-c2b2-4114-ad0c-2aa0faf12036/element/44bf8835-eb1c-4dbd-a4be-b4de3b340ab9/text' to command name 'getText'
&amp#27;[38;5;124m[c665ac42]&amp#27;[0m&amp#27;[38;5;-163m[AndroidUiautomator2Driver@b26b]&amp#27;[0m Proxying [GET /session/c665ac42-c2b2-4114-ad0c-2aa0faf12036/element/44bf8835-eb1c-4dbd-a4be-b4de3b340ab9/text] to [GET http://127.0.0.1:8201/session/de47f321-ac00-4ec2-8e69-6af18f5d6eeb/element/44bf8835-eb1c-4dbd-a4be-b4de3b340ab9/text] with no body
&amp#27;[38;5;124m[c665ac42]&amp#27;[0m&amp#27;[38;5;-163m[AndroidUiautomator2Driver@b26b]&amp#27;[0m Got response with status 200: {"sessionId":"de47f321-ac00-4ec2-8e69-6af18f5d6eeb","value":"Please enter your name"}
&amp#27;[38;5;124m[c665ac42]&amp#27;[0m&amp#27;[38;5;-163m[AndroidUiautomator2Driver@b26b]&amp#27;[0m Replacing sessionId de47f321-ac00-4ec2-8e69-6af18f5d6eeb with c665ac42-c2b2-4114-ad0c-2aa0faf12036
&amp#27;[38;5;124m[c665ac42]&amp#27;[0m&amp#27;[38;5;86m[HTTP]&amp#27;[0m &amp#27;[37m<-- GET /session/c665ac42-c2b2-4114-ad0c-2aa0faf12036/element/44bf8835-eb1c-4dbd-a4be-b4de3b340ab9/text &amp#27;[39m&amp#27;[32m200&amp#27;[39m &amp#27;[90m40 ms - 85&amp#27;[39m &amp#27;[90m&amp#27;[39m
&amp#27;[38;5;124m[c665ac42]&amp#27;[0m&amp#27;[38;5;86m[HTTP]&amp#27;[0m &amp#27;[37m-->&amp#27;[39m &amp#27;[37mGET&amp#27;[39m &amp#27;[37m/session/c665ac42-c2b2-4114-ad0c-2aa0faf12036/screenshot&amp#27;[39m &amp#27;[90m{}&amp#27;[39m
&amp#27;[38;5;124m[c665ac42]&amp#27;[0m&amp#27;[38;5;-163m[AndroidUiautomator2Driver@b26b]&amp#27;[0m Calling AppiumDriver.getScreenshot() with args: ["c665ac42-c2b2-4114-ad0c-2aa0faf12036"]
&amp#27;[38;5;124m[c665ac42]&amp#27;[0m&amp#27;[38;5;-163m[AndroidUiautomator2Driver@b26b]&amp#27;[0m Matched '/screenshot' to command name 'getScreenshot'
&amp#27;[38;5;124m[c665ac42]&amp#27;[0m&amp#27;[38;5;-163m[AndroidUiautomator2Driver@b26b]&amp#27;[0m Proxying [GET /screenshot] to [GET http://127.0.0.1:8201/session/de47f321-ac00-4ec2-8e69-6af18f5d6eeb/screenshot] with no body
&amp#27;[38;5;124m[c665ac42]&amp#27;[0m&amp#27;[38;5;-163m[AndroidUiautomator2Driver@b26b]&amp#27;[0m Got response with status 200: {"sessionId":"de47f321-ac00-4ec2-8e69-6af18f5d6eeb","value":"iVBORw0KGgoAAAANSUhEUgAABDgAAAlgCAYAAABtGofVAAAAAXNSR0IArs4c6QAAAARzQklUCAgICHwIZIgAACAASURBVHic7N13dBzV3T7w587MVq16tdzkJvdesY2xKaYam1BDMaE7lEASQhq/N5DAm4TyhhQSCIGEEDoYsB0wBgdim7g33HuRZVm9a7W7U35/yFJUdla7q1XZ1fPJyTl47uydq7GGwzx77/eK5L2LDRARERERERERRTGpuwdARERERERERNRRDDiIiIiIiIiIKOox4CAiIiIiIiKiqMeAg4iIiIiIiIiiHgMOIiIiIiIiIop6DDiIiIiIiIiIKOox4CAiIiIiIiKiqMeAg4iIiIiIiIiiHgMOIiIiIiIiIop6DDiIiIiIiIiIKOox4CAiIiIiIiKiqMeAg4iIiIiIiIiiHgMOIiIiIiIiIop6DDiIiIiIiIiIKOox4CAiIiIiIiKiqMeAg4iIiIiIiIiiHgMOIiIiIiIiIop6DDiIiIiIiIiIKOox4CAiIiIiIiKiqMeAg4iIiIiIiIiiHgMOIiIiIiIiIop6DDiIiIiIiIiIKOox4CAiIiIiIiKiqMeAg4iIiIiIiIiiHgMOIiIiIiIiIop6DDiIiIiIiIiIKOox4CAiIiIiIiKiqMeAg4iIiIiIiIiiHgMOIiIiIiIiIop6SncPgIiIiIiIiKg7CQikKfGY4cjFKFs/ZFtS0EdJRpaSBIdk65IxuHUPCtRynFErcNpXhr2eU9jgPogStRoGjC4ZQ7RjwEFERERERES9ioBAnGRDjjUD813jca5zJEbZ+kER3fiKLLvQ15La4pBqqNjjycPa2n1YVbMTx33FqNM9DDxMiOS9i3lniIiIiIiIKOYJCMRLduTasnF5/GQsTJiGRMnZ3cMKSrlWgw+qNmJVzU4c8OSjWq9n0NEKAw4iIiIiIiKKeRIEBljS...
&amp#27;[38;5;124m[c665ac42]&amp#27;[0m&amp#27;[38;5;-163m[AndroidUiautomator2Driver@b26b]&amp#27;[0m Responding to client with driver.getScreenshot() result: "iVBORw0KGgoAAAANSUhEUgAABDgAAAlgCAYAAABtGofVAAAAAXNSR0IArs4c6QAAAARzQklUCAgICHwIZIgAACAASURBVHic7N13dBzV3T7w587MVq16tdzkJvdesY2xKaYam1BDMaE7lEASQhq/N5DAm4TyhhQSCIGEEDoYsB0wBgdim7g33HuRZVm9a7W7U35/yFJUdla7q1XZ1fPJyTl47uydq7GGwzx77/eK5L2LDRARERERERERRTGpuwdARERERERERNRRDDiIiIiIiIiIKOox4CAiIiIiIiKiqMeAg4iIiIiIiIiiHgMOIiIiIiIiIop6DDiIiIiIiIiIKOox4CAiIiIiIiKiqMeAg4iIiIiIiIiiHgMOIiIiIiIiIop6DDiIiIiIiIiIKOox4CAiIiIiIiKiqMeAg4iIiIiIiIiiHgMOIiIiIiIiIop6DDiIiIiIiIiIKOox4CAiIiIiIiKiqMeAg4iIiIiIiIiiHgMOIiIiIiIiIop6DDiIiIiIiIiIKOox4CAiIiIiIiKiqMeAg4iIiIiIiIiiHgMOIiIiIiIiIop6DDiIiIiIiIiIKOox4CAiIiIiIiKiqMeAg4iIiIiIiIiiHgMOIiIiIiIiIop6DDiIiIiIiIiIKOox4CAiIiIiIiKiqMeAg4iIiIiIiIiiHgMOIiIiIiIiIop6SncPgIiIiIiIiKg7CQikKfGY4cjFKFs/ZFtS0EdJRpaSBIdk65IxuHUPCtRynFErcNpXhr2eU9jgPogStRoGjC4ZQ7RjwEFERERERES9ioBAnGRDjjUD813jca5zJEbZ+kER3fiKLLvQ15La4pBqqNjjycPa2n1YVbMTx33FqNM9DDxMiOS9i3lniIiIiIiIKOYJCMRLduTasnF5/GQsTJiGRMnZ3cMKSrlWgw+qNmJVzU4c8OSjWq9n0NEKAw4iIiIiIiKKeRIEBljS8I3EGbjcNRkDrGmQoqwspQ4dJ70l+GfNVrxXuR55vlKGHM0w4CAiIiIiIqKY...
&amp#27;[38;5;124m[c665ac42]&amp#27;[0m&amp#27;[38;5;86m[HTTP]&amp#27;[0m &amp#27;[37m<-- GET /session/c665ac42-c2b2-4114-ad0c-2aa0faf12036/screenshot &amp#27;[39m&amp#27;[32m200&amp#27;[39m &amp#27;[90m535 ms - 699728&amp#27;[39m &amp#27;[90m&amp#27;[39m
&amp#27;[38;5;124m[c665ac42]&amp#27;[0m&amp#27;[38;5;86m[HTTP]&amp#27;[0m &amp#27;[37m-->&amp#27;[39m &amp#27;[37mGET&amp#27;[39m &amp#27;[37m/session/c665ac42-c2b2-4114-ad0c-2aa0faf12036/screenshot&amp#27;[39m &amp#27;[90m{}&amp#27;[39m
&amp#27;[38;5;124m[c665ac42]&amp#27;[0m&amp#27;[38;5;-163m[AndroidUiautomator2Driver@b26b]&amp#27;[0m Calling AppiumDriver.getScreenshot() with args: ["c665ac42-c2b2-4114-ad0c-2aa0faf12036"]
&amp#27;[38;5;124m[c665ac42]&amp#27;[0m&amp#27;[38;5;-163m[AndroidUiautomator2Driver@b26b]&amp#27;[0m Matched '/screenshot' to command name 'getScreenshot'
&amp#27;[38;5;124m[c665ac42]&amp#27;[0m&amp#27;[38;5;-163m[AndroidUiautomator2Driver@b26b]&amp#27;[0m Proxying [GET /screenshot] to [GET http://127.0.0.1:8201/session/de47f321-ac00-4ec2-8e69-6af18f5d6eeb/screenshot] with no body
&amp#27;[38;5;188m[00a88627]&amp#27;[0m&amp#27;[38;5;6m[AndroidUiautomator2Driver@10a1]&amp#27;[0m Got response with status 200: {"sessionId":"578c29a6-3618-4fd8-81a0-9fd109046b0e","value":"iVBORw0KGgoAAAANSUhEUgAABDgAAAjoCAYAAAA5jhrUAAAAAXNSR0IArs4c6QAAAARzQklUCAgICHwIZIgAACAASURBVHic7N13nCRF/f/xd1XP7O6Fvb3AHRx33IEcUdKBBAWUIBJUwCyIBNNXkgm/omDO+AUDiKKAPxBBFCQpIqCAkgUk5yDcHeG4nDbNdNXvj+6esNuzt2Hmdvv29fSBsNXd1VWd6zPV1WbSE0d7AQAAAAAAZJgd7gIAAAAAAAAMFQEOAAAAAACQeQQ4AAAAAABA5hHgAAAAAAAAmUeAAwAAAAAAZB4BDgAAAAAAkHkEOAAAAAAAQOYR4AAAAAAAAJlHgAMAAAAAAGQeAQ4AAAAAAJB5BDgAAAAAAEDmEeAAAAAAAACZR4ADAAAAAABkHgEOAAAAAACQeQQ4AAAAAABA5hHgAAAAAAAAmUeAAwAAAAAAZB4BDgAAAAAAkHkEOAAAAAAAQOYR4AAAAAAAAJlHgAMAAAAAAGQeAQ4AAAAAAJB5BDgAAAAAAEDmEeAAAAAAAACZR4ADAAAAAABkXm64CwCMBEZGJvm3if5bkrwk772i/yn+/+waLfUEAAAAMPoQ4MCoZWSUM1abN22kyzb5vDbNT+1z/hcLi3TE/J/ohe7XVPQuM0GA0VJPAAAAoD/agrHarnmWtm+ZpTY7Vtu1zFJbMK40fUW4Ro91ztMK165HO+fpsa55WhG2D0tZ9xq7ta6b/ZV+zXvoSz/QHe1PNbhEIxsBDoxKrXaMvj7tAzp20r4K+vmm1qb5qbr7Dd9XKKeLl92mb73+R61yHQ0u6dCMlnoCAAAAfZmV30CHtO6sQ1p30V5jt17r/O9s3aXq7zvan9JfVz2gv676j+YVFjeqmBgiM+mJo/l5FqNGzgQ6fvKB+ua0D6r8gsbgeHl96/Ur9Iulf1PRh3UqYX2MlnoCAAAAfdlr7Nb6...
&amp#27;[38;5;188m[00a88627]&amp#27;[0m&amp#27;[38;5;6m[AndroidUiautomator2Driver@10a1]&amp#27;[0m Responding to client with driver.getScreenshot() result: "iVBORw0KGgoAAAANSUhEUgAABDgAAAjoCAYAAAA5jhrUAAAAAXNSR0IArs4c6QAAAARzQklUCAgICHwIZIgAACAASURBVHic7N13nCRF/f/xd1XP7O6Fvb3AHRx33IEcUdKBBAWUIBJUwCyIBNNXkgm/omDO+AUDiKKAPxBBFCQpIqCAkgUk5yDcHeG4nDbNdNXvj+6esNuzt2Hmdvv29fSBsNXd1VWd6zPV1WbSE0d7AQAAAAAAZJgd7gIAAAAAAAAMFQEOAAAAAACQeQQ4AAAAAABA5hHgAAAAAAAAmUeAAwAAAAAAZB4BDgAAAAAAkHkEOAAAAAAAQOYR4AAAAAAAAJlHgAMAAAAAAGQeAQ4AAAAAAJB5BDgAAAAAAEDmEeAAAAAAAACZR4ADAAAAAABkHgEOAAAAAACQeQQ4AAAAAABA5hHgAAAAAAAAmUeAAwAAAAAAZB4BDgAAAAAAkHkEOAAAAAAAQOYR4AAAAAAAAJlHgAMAAAAAAGQeAQ4AAAAAAJB5BDgAAAAAAEDmEeAAAAAAAACZR4ADAAAAAABkXm64CwCMBEZGJvm3if5bkrwk772i/yn+/+waLfUEAAAAMPoQ4MCoZWSUM1abN22kyzb5vDbNT+1z/hcLi3TE/J/ohe7XVPQuM0GA0VJPAAAAoD/agrHarnmWtm+ZpTY7Vtu1zFJbMK40fUW4Ro91ztMK165HO+fpsa55WhG2D0tZ9xq7ta6b/ZV+zXvoSz/QHe1PNbhEIxsBDoxKrXaMvj7tAzp20r4K+vmm1qb5qbr7Dd9XKKeLl92mb73+R61yHQ0u6dCMlnoCAAAAfZmV30CHtO6sQ1p30V5jt17r/O9s3aXq7zvan9JfVz2gv676j+YVFjeqmBgiM+mJo/l5FqNGzgQ6fvKB+ua0D6r8gsbgeHl96/Ur9Iulf1PRh3UqYX2MlnoCAAAAfdlr7Nb6n8nv6BWwGIrrVz2gXy29aZ30lqAHx8AQ4MCoYGTUalt062bf1mZN0+qa93+7...
&amp#27;[38;5;188m[00a88627]&amp#27;[0m&amp#27;[38;5;86m[HTTP]&amp#27;[0m &amp#27;[37m<-- GET /session/00a88627-8a8e-4883-ac5c-42b75c6544f8/screenshot &amp#27;[39m&amp#27;[32m200&amp#27;[39m &amp#27;[90m1048 ms - 614564&amp#27;[39m &amp#27;[90m&amp#27;[39m
&amp#27;[38;5;188m[00a88627]&amp#27;[0m&amp#27;[38;5;86m[HTTP]&amp#27;[0m &amp#27;[37m-->&amp#27;[39m &amp#27;[37mPOST&amp#27;[39m &amp#27;[37m/session/00a88627-8a8e-4883-ac5c-42b75c6544f8/element&amp#27;[39m &amp#27;[90m{"using":"xpath","value":"//android.widget.Toast[@text='Please enter your name']"}&amp#27;[39m
&amp#27;[38;5;188m[00a88627]&amp#27;[0m&amp#27;[38;5;6m[AndroidUiautomator2Driver@10a1]&amp#27;[0m Calling AppiumDriver.findElement() with args: ["xpath","//android.widget.Toast[@text='Please enter your name']","00a88627-8a8e-4883-ac5c-42b75c6544f8"]
&amp#27;[38;5;188m[00a88627]&amp#27;[0m&amp#27;[38;5;6m[AndroidUiautomator2Driver@10a1]&amp#27;[0m Valid locator strategies for this request: xpath, id, class name, accessibility id, css selector, -android uiautomator
&amp#27;[38;5;188m[00a88627]&amp#27;[0m&amp#27;[38;5;6m[AndroidUiautomator2Driver@10a1]&amp#27;[0m Waiting up to 0 ms for condition
&amp#27;[38;5;188m[00a88627]&amp#27;[0m&amp#27;[38;5;6m[AndroidUiautomator2Driver@10a1]&amp#27;[0m Matched '/element' to command name 'findElement'
&amp#27;[38;5;188m[00a88627]&amp#27;[0m&amp#27;[38;5;6m[AndroidUiautomator2Driver@10a1]&amp#27;[0m Proxying [POST /element] to [POST http://127.0.0.1:8202/session/578c29a6-3618-4fd8-81a0-9fd109046b0e/element] with body: {"strategy":"xpath","selector":"//android.widget.Toast[@text='Please enter your name']","context":"","multiple":false}
&amp#27;[38;5;188m[00a88627]&amp#27;[0m&amp#27;[38;5;6m[AndroidUiautomator2Driver@10a1]&amp#27;[0m Got response with status 200: {"sessionId":"578c29a6-3618-4fd8-81a0-9fd109046b0e","value":{"ELEMENT":"9fdaa6f1-53bf-41f0-9f7b-f2e4f0770f3f","element-6066-11e4-a52e-4f735466cecf":"9fdaa6f1-53bf-41f0-9f7b-f2e4f0770f3f"}}
&amp#27;[38;5;188m[00a88627]&amp#27;[0m&amp#27;[38;5;6m[AndroidUiautomator2Driver@10a1]&amp#27;[0m Responding to client with driver.findElement() result: {"element-6066-11e4-a52e-4f735466cecf":"9fdaa6f1-53bf-41f0-9f7b-f2e4f0770f3f","ELEMENT":"9fdaa6f1-53bf-41f0-9f7b-f2e4f0770f3f"}
&amp#27;[38;5;188m[00a88627]&amp#27;[0m&amp#27;[38;5;86m[HTTP]&amp#27;[0m &amp#27;[37m<-- POST /session/00a88627-8a8e-4883-ac5c-42b75c6544f8/element &amp#27;[39m&amp#27;[32m200&amp#27;[39m &amp#27;[90m481 ms - 137&amp#27;[39m &amp#27;[90m&amp#27;[39m
&amp#27;[38;5;188m[00a88627]&amp#27;[0m&amp#27;[38;5;86m[HTTP]&amp#27;[0m &amp#27;[37m-->&amp#27;[39m &amp#27;[37mGET&amp#27;[39m &amp#27;[37m/session/00a88627-8a8e-4883-ac5c-42b75c6544f8/element/9fdaa6f1-53bf-41f0-9f7b-f2e4f0770f3f/text&amp#27;[39m &amp#27;[90m{}&amp#27;[39m
&amp#27;[38;5;124m[c665ac42]&amp#27;[0m&amp#27;[38;5;-163m[AndroidUiautomator2Driver@b26b]&amp#27;[0m Got response with status 200: {"sessionId":"de47f321-ac00-4ec2-8e69-6af18f5d6eeb","value":"iVBORw0KGgoAAAANSUhEUgAABDgAAAlgCAYAAABtGofVAAAAAXNSR0IArs4c6QAAAARzQklUCAgICHwIZIgAACAASURBVHic7N13dBzV3T7w587MVq16tdzkJvdesY2xKaYam1BDMaE7lEASQhq/N5DAm4TyhhQSCIGEEDoYsB0wBgdim7g33HuRZVm9a7W7U35/yFJUdla7q1XZ1fPJyTl47uydq7GGwzx77/eK5L2LDRARERERERERRTGpuwdARERERERERNRRDDiIiIiIiIiIKOox4CAiIiIiIiKiqMeAg4iIiIiIiIiiHgMOIiIiIiIiIop6DDiIiIiIiIiIKOox4CAiIiIiIiKiqMeAg4iIiIiIiIiiHgMOIiIiIiIiIop6DDiIiIiIiIiIKOox4CAiIiIiIiKiqMeAg4iIiIiIiIiiHgMOIiIiIiIiIop6DDiIiIiIiIiIKOox4CAiIiIiIiKiqMeAg4iIiIiIiIiiHgMOIiIiIiIiIop6DDiIiIiIiIiIKOox4CAiIiIiIiKiqMeAg4iIiIiIiIiiHgMOIiIiIiIiIop6DDiIiIiIiIiIKOox4CAiIiIiIiKiqMeAg4iIiIiIiIiiHgMOIiIiIiIiIop6DDiIiIiIiIiIKOox4CAiIiIiIiKiqMeAg4iIiIiIiIiiHgMOIiIiIiIiIop6SncPgIiIiIiIiKg7CQikKfGY4cjFKFs/ZFtS0EdJRpaSBIdk65IxuHUPCtRynFErcNpXhr2eU9jgPogStRoGjC4ZQ7RjwEFERERERES9ioBAnGRDjjUD813jca5zJEbZ+kER3fiKLLvQ15La4pBqqNjjycPa2n1YVbMTx33FqNM9DDxMiOS9i3lniIiIiIiIKOYJCMRLduTasnF5/GQsTJiGRMnZ3cMKSrlWgw+qNmJVzU4c8OSjWq9n0NEKAw4iIiIiIiKKeRIEBljS...
&amp#27;[38;5;188m[00a88627]&amp#27;[0m&amp#27;[38;5;6m[AndroidUiautomator2Driver@10a1]&amp#27;[0m Driver proxy active, passing request on via HTTP proxy
&amp#27;[38;5;124m[c665ac42]&amp#27;[0m&amp#27;[38;5;-163m[AndroidUiautomator2Driver@b26b]&amp#27;[0m Responding to client with driver.getScreenshot() result: "iVBORw0KGgoAAAANSUhEUgAABDgAAAlgCAYAAABtGofVAAAAAXNSR0IArs4c6QAAAARzQklUCAgICHwIZIgAACAASURBVHic7N13dBzV3T7w587MVq16tdzkJvdesY2xKaYam1BDMaE7lEASQhq/N5DAm4TyhhQSCIGEEDoYsB0wBgdim7g33HuRZVm9a7W7U35/yFJUdla7q1XZ1fPJyTl47uydq7GGwzx77/eK5L2LDRARERERERERRTGpuwdARERERERERNRRDDiIiIiIiIiIKOox4CAiIiIiIiKiqMeAg4iIiIiIiIiiHgMOIiIiIiIiIop6DDiIiIiIiIiIKOox4CAiIiIiIiKiqMeAg4iIiIiIiIiiHgMOIiIiIiIiIop6DDiIiIiIiIiIKOox4CAiIiIiIiKiqMeAg4iIiIiIiIiiHgMOIiIiIiIiIop6DDiIiIiIiIiIKOox4CAiIiIiIiKiqMeAg4iIiIiIiIiiHgMOIiIiIiIiIop6DDiIiIiIiIiIKOox4CAiIiIiIiKiqMeAg4iIiIiIiIiiHgMOIiIiIiIiIop6DDiIiIiIiIiIKOox4CAiIiIiIiKiqMeAg4iIiIiIiIiiHgMOIiIiIiIiIop6DDiIiIiIiIiIKOox4CAiIiIiIiKiqMeAg4iIiIiIiIiiHgMOIiIiIiIiIop6SncPgIiIiIiIiKg7CQikKfGY4cjFKFs/ZFtS0EdJRpaSBIdk65IxuHUPCtRynFErcNpXhr2eU9jgPogStRoGjC4ZQ7RjwEFERERERES9ioBAnGRDjjUD813jca5zJEbZ+kER3fiKLLvQ15La4pBqqNjjycPa2n1YVbMTx33FqNM9DDxMiOS9i3lniIiIiIiIKOYJCMRLduTasnF5/GQsTJiGRMnZ3cMKSrlWgw+qNmJVzU4c8OSjWq9n0NEKAw4iIiIiIiKKeRIEBljS8I3EGbjcNRkDrGmQoqwspQ4dJ70l+GfNVrxXuR55vlKGHM0w4CAiIiIiIqKY...
&amp#27;[38;5;188m[00a88627]&amp#27;[0m&amp#27;[38;5;6m[AndroidUiautomator2Driver@10a1]&amp#27;[0m Matched '/session/00a88627-8a8e-4883-ac5c-42b75c6544f8/element/9fdaa6f1-53bf-41f0-9f7b-f2e4f0770f3f/text' to command name 'getText'
&amp#27;[38;5;188m[00a88627]&amp#27;[0m&amp#27;[38;5;6m[AndroidUiautomator2Driver@10a1]&amp#27;[0m Proxying [GET /session/00a88627-8a8e-4883-ac5c-42b75c6544f8/element/9fdaa6f1-53bf-41f0-9f7b-f2e4f0770f3f/text] to [GET http://127.0.0.1:8202/session/578c29a6-3618-4fd8-81a0-9fd109046b0e/element/9fdaa6f1-53bf-41f0-9f7b-f2e4f0770f3f/text] with no body
&amp#27;[38;5;124m[c665ac42]&amp#27;[0m&amp#27;[38;5;86m[HTTP]&amp#27;[0m &amp#27;[37m<-- GET /session/c665ac42-c2b2-4114-ad0c-2aa0faf12036/screenshot &amp#27;[39m&amp#27;[32m200&amp#27;[39m &amp#27;[90m552 ms - 699232&amp#27;[39m &amp#27;[90m&amp#27;[39m
Toast Message: Please enter your name
&amp#27;[38;5;188m[00a88627]&amp#27;[0m&amp#27;[38;5;6m[AndroidUiautomator2Driver@10a1]&amp#27;[0m Got response with status 200: {"sessionId":"578c29a6-3618-4fd8-81a0-9fd109046b0e","value":"Please enter your name"}
&amp#27;[38;5;188m[00a88627]&amp#27;[0m&amp#27;[38;5;6m[AndroidUiautomator2Driver@10a1]&amp#27;[0m Replacing sessionId 578c29a6-3618-4fd8-81a0-9fd109046b0e with 00a88627-8a8e-4883-ac5c-42b75c6544f8
&amp#27;[38;5;188m[00a88627]&amp#27;[0m&amp#27;[38;5;86m[HTTP]&amp#27;[0m &amp#27;[37m<-- GET /session/00a88627-8a8e-4883-ac5c-42b75c6544f8/element/9fdaa6f1-53bf-41f0-9f7b-f2e4f0770f3f/text &amp#27;[39m&amp#27;[32m200&amp#27;[39m &amp#27;[90m69 ms - 85&amp#27;[39m &amp#27;[90m&amp#27;[39m
&amp#27;[38;5;188m[00a88627]&amp#27;[0m&amp#27;[38;5;86m[HTTP]&amp#27;[0m &amp#27;[37m-->&amp#27;[39m &amp#27;[37mGET&amp#27;[39m &amp#27;[37m/session/00a88627-8a8e-4883-ac5c-42b75c6544f8/screenshot&amp#27;[39m &amp#27;[90m{}&amp#27;[39m
&amp#27;[38;5;188m[00a88627]&amp#27;[0m&amp#27;[38;5;6m[AndroidUiautomator2Driver@10a1]&amp#27;[0m Calling AppiumDriver.getScreenshot() with args: ["00a88627-8a8e-4883-ac5c-42b75c6544f8"]
&amp#27;[38;5;188m[00a88627]&amp#27;[0m&amp#27;[38;5;6m[AndroidUiautomator2Driver@10a1]&amp#27;[0m Matched '/screenshot' to command name 'getScreenshot'
&amp#27;[38;5;188m[00a88627]&amp#27;[0m&amp#27;[38;5;6m[AndroidUiautomator2Driver@10a1]&amp#27;[0m Proxying [GET /screenshot] to [GET http://127.0.0.1:8202/session/578c29a6-3618-4fd8-81a0-9fd109046b0e/screenshot] with no body
&amp#27;[38;5;124m[c665ac42]&amp#27;[0m&amp#27;[38;5;86m[HTTP]&amp#27;[0m &amp#27;[37m-->&amp#27;[39m &amp#27;[37mGET&amp#27;[39m &amp#27;[37m/session/c665ac42-c2b2-4114-ad0c-2aa0faf12036/screenshot&amp#27;[39m &amp#27;[90m{}&amp#27;[39m
&amp#27;[38;5;124m[c665ac42]&amp#27;[0m&amp#27;[38;5;-163m[AndroidUiautomator2Driver@b26b]&amp#27;[0m Calling AppiumDriver.getScreenshot() with args: ["c665ac42-c2b2-4114-ad0c-2aa0faf12036"]
&amp#27;[38;5;124m[c665ac42]&amp#27;[0m&amp#27;[38;5;-163m[AndroidUiautomator2Driver@b26b]&amp#27;[0m Matched '/screenshot' to command name 'getScreenshot'
&amp#27;[38;5;124m[c665ac42]&amp#27;[0m&amp#27;[38;5;-163m[AndroidUiautomator2Driver@b26b]&amp#27;[0m Proxying [GET /screenshot] to [GET http://127.0.0.1:8201/session/de47f321-ac00-4ec2-8e69-6af18f5d6eeb/screenshot] with no body
&amp#27;[38;5;124m[c665ac42]&amp#27;[0m&amp#27;[38;5;-163m[AndroidUiautomator2Driver@b26b]&amp#27;[0m Got response with status 200: {"sessionId":"de47f321-ac00-4ec2-8e69-6af18f5d6eeb","value":"iVBORw0KGgoAAAANSUhEUgAABDgAAAlgCAYAAABtGofVAAAAAXNSR0IArs4c6QAAAARzQklUCAgICHwIZIgAACAASURBVHic7N13dBzV3T7w587MVq16tdzkJvdesY2xKaYam1BDMaE7lEASQhq/N5DAm4TyhhQSCIGEEDoYsB0wBgdim7g33HuRZVm9a7W7U35/yFJUdla7q1XZ1fPJyTl47uydq7GGwzx77/eK5L2LDRARERERERERRTGpuwdARERERERERNRRDDiIiIiIiIiIKOox4CAiIiIiIiKiqMeAg4iIiIiIiIiiHgMOIiIiIiIiIop6DDiIiIiIiIiIKOox4CAiIiIiIiKiqMeAg4iIiIiIiIiiHgMOIiIiIiIiIop6DDiIiIiIiIiIKOox4CAiIiIiIiKiqMeAg4iIiIiIiIiiHgMOIiIiIiIiIop6DDiIiIiIiIiIKOox4CAiIiIiIiKiqMeAg4iIiIiIiIiiHgMOIiIiIiIiIop6DDiIiIiIiIiIKOox4CAiIiIiIiKiqMeAg4iIiIiIiIiiHgMOIiIiIiIiIop6DDiIiIiIiIiIKOox4CAiIiIiIiKiqMeAg4iIiIiIiIiiHgMOIiIiIiIiIop6DDiIiIiIiIiIKOox4CAiIiIiIiKiqMeAg4iIiIiIiIiiHgMOIiIiIiIiIop6SncPgIiIiIiIiKg7CQikKfGY4cjFKFs/ZFtS0EdJRpaSBIdk65IxuHUPCtRynFErcNpXhr2eU9jgPogStRoGjC4ZQ7RjwEFERERERES9ioBAnGRDjjUD813jca5zJEbZ+kER3fiKLLvQ15La4pBqqNjjycPa2n1YVbMTx33FqNM9DDxMiOS9i3lniIiIiIiIKOYJCMRLduTasnF5/GQsTJiGRMnZ3cMKSrlWgw+qNmJVzU4c8OSjWq9n0NEKAw4iIiIiIiKKeRIEBljS...
&amp#27;[38;5;124m[c665ac42]&amp#27;[0m&amp#27;[38;5;-163m[AndroidUiautomator2Driver@b26b]&amp#27;[0m Responding to client with driver.getScreenshot() result: "iVBORw0KGgoAAAANSUhEUgAABDgAAAlgCAYAAABtGofVAAAAAXNSR0IArs4c6QAAAARzQklUCAgICHwIZIgAACAASURBVHic7N13dBzV3T7w587MVq16tdzkJvdesY2xKaYam1BDMaE7lEASQhq/N5DAm4TyhhQSCIGEEDoYsB0wBgdim7g33HuRZVm9a7W7U35/yFJUdla7q1XZ1fPJyTl47uydq7GGwzx77/eK5L2LDRARERERERERRTGpuwdARERERERERNRRDDiIiIiIiIiIKOox4CAiIiIiIiKiqMeAg4iIiIiIiIiiHgMOIiIiIiIiIop6DDiIiIiIiIiIKOox4CAiIiIiIiKiqMeAg4iIiIiIiIiiHgMOIiIiIiIiIop6DDiIiIiIiIiIKOox4CAiIiIiIiKiqMeAg4iIiIiIiIiiHgMOIiIiIiIiIop6DDiIiIiIiIiIKOox4CAiIiIiIiKiqMeAg4iIiIiIiIiiHgMOIiIiIiIiIop6DDiIiIiIiIiIKOox4CAiIiIiIiKiqMeAg4iIiIiIiIiiHgMOIiIiIiIiIop6DDiIiIiIiIiIKOox4CAiIiIiIiKiqMeAg4iIiIiIiIiiHgMOIiIiIiIiIop6DDiIiIiIiIiIKOox4CAiIiIiIiKiqMeAg4iIiIiIiIiiHgMOIiIiIiIiIop6SncPgIiIiIiIiKg7CQikKfGY4cjFKFs/ZFtS0EdJRpaSBIdk65IxuHUPCtRynFErcNpXhr2eU9jgPogStRoGjC4ZQ7RjwEFERERERES9ioBAnGRDjjUD813jca5zJEbZ+kER3fiKLLvQ15La4pBqqNjjycPa2n1YVbMTx33FqNM9DDxMiOS9i3lniIiIiIiIKOYJCMRLduTasnF5/GQsTJiGRMnZ3cMKSrlWgw+qNmJVzU4c8OSjWq9n0NEKAw4iIiIiIiKKeRIEBljS8I3EGbjcNRkDrGmQoqwspQ4dJ70l+GfNVrxXuR55vlKGHM0w4CAiIiIiIqKY...
&amp#27;[38;5;124m[c665ac42]&amp#27;[0m&amp#27;[38;5;86m[HTTP]&amp#27;[0m &amp#27;[37m<-- GET /session/c665ac42-c2b2-4114-ad0c-2aa0faf12036/screenshot &amp#27;[39m&amp#27;[32m200&amp#27;[39m &amp#27;[90m539 ms - 684816&amp#27;[39m &amp#27;[90m&amp#27;[39m
]]></system-out>
    <system-err><![CDATA[[main] WARN org.testng.TestNG - Ignoring duplicate listener : io.qameta.allure.testng.AllureTestNg
[main] WARN org.testng.TestNG - Ignoring duplicate listener : io.qameta.allure.testng.AllureTestNg
[main] WARN org.testng.TestNG - Ignoring duplicate listener : io.qameta.allure.testng.AllureTestNg
]]></system-err>
  </testcase>
  <testcase name="FirstCase" classname="org.testCase.TestCase1" time="11.573">
    <failure message="expected [Please enter your name2] but found [Please enter your name]" type="java.lang.AssertionError"><![CDATA[java.lang.AssertionError: expected [Please enter your name2] but found [Please enter your name]
	at org.testng.Assert.fail(Assert.java:111)
	at org.testng.Assert.failNotEquals(Assert.java:1590)
	at org.testng.Assert.assertEqualsImpl(Assert.java:150)
	at org.testng.Assert.assertEquals(Assert.java:132)
	at org.testng.Assert.assertEquals(Assert.java:656)
	at org.testng.Assert.assertEquals(Assert.java:666)
	at org.testCase.TestCase1.FirstCase(TestCase1.java:25)
	at java.base/jdk.internal.reflect.NativeMethodAccessorImpl.invoke0(Native Method)
	at java.base/jdk.internal.reflect.NativeMethodAccessorImpl.invoke(NativeMethodAccessorImpl.java:62)
	at java.base/jdk.internal.reflect.DelegatingMethodAccessorImpl.invoke(DelegatingMethodAccessorImpl.java:43)
	at java.base/java.lang.reflect.Method.invoke(Method.java:566)
	at org.testng.internal.invokers.MethodInvocationHelper.invokeMethod(MethodInvocationHelper.java:141)
	at org.testng.internal.invokers.TestInvoker.invokeMethod(TestInvoker.java:687)
	at org.testng.internal.invokers.TestInvoker.invokeTestMethod(TestInvoker.java:230)
	at org.testng.internal.invokers.MethodRunner.runInSequence(MethodRunner.java:63)
	at org.testng.internal.invokers.TestInvoker$MethodInvocationAgent.invoke(TestInvoker.java:995)
	at org.testng.internal.invokers.TestInvoker.invokeTestMethods(TestInvoker.java:203)
	at org.testng.internal.invokers.TestMethodWorker.invokeTestMethods(TestMethodWorker.java:154)
	at org.testng.internal.invokers.TestMethodWorker.run(TestMethodWorker.java:134)
	at java.base/java.util.ArrayList.forEach(ArrayList.java:1541)
	at org.testng.TestRunner.privateRun(TestRunner.java:741)
	at org.testng.TestRunner.run(TestRunner.java:616)
	at org.testng.SuiteRunner.runTest(SuiteRunner.java:421)
	at org.testng.SuiteRunner$SuiteWorker.run(SuiteRunner.java:463)
	at org.testng.internal.thread.ThreadUtil.lambda$execute$0(ThreadUtil.java:64)
	at java.base/java.util.concurrent.FutureTask.run(FutureTask.java:264)
	at java.base/java.util.concurrent.ThreadPoolExecutor.runWorker(ThreadPoolExecutor.java:1128)
	at java.base/java.util.concurrent.ThreadPoolExecutor$Worker.run(ThreadPoolExecutor.java:628)
	at java.base/java.lang.Thread.run(Thread.java:834)
]]></failure>
    <system-out><![CDATA[&amp#27;[38;5;124m[c665ac42]&amp#27;[0m&amp#27;[38;5;86m[HTTP]&amp#27;[0m &amp#27;[37m-->&amp#27;[39m &amp#27;[37mPOST&amp#27;[39m &amp#27;[37m/session/c665ac42-c2b2-4114-ad0c-2aa0faf12036/execute/sync&amp#27;[39m &amp#27;[90m{"script":"mobile: isAppInstalled","args":[{"bundleId":"com.androidsample.generalstore","appId":"com.androidsample.generalstore"}]}&amp#27;[39m
&amp#27;[38;5;124m[c665ac42]&amp#27;[0m&amp#27;[38;5;-163m[AndroidUiautomator2Driver@b26b]&amp#27;[0m Calling AppiumDriver.execute() with args: ["mobile: isAppInstalled",[{"bundleId":"com.androidsample.generalstore","appId":"com.androidsample.generalstore"}],"c665ac42-c2b2-4114-ad0c-2aa0faf12036"]
&amp#27;[38;5;124m[c665ac42]&amp#27;[0m&amp#27;[38;5;123m[BaseDriver]&amp#27;[0m The following script arguments are not known and will be ignored: bundleId
&amp#27;[38;5;124m[c665ac42]&amp#27;[0m&amp#27;[38;5;229m[ADB]&amp#27;[0m Getting install status for com.androidsample.generalstore
&amp#27;[38;5;124m[c665ac42]&amp#27;[0m&amp#27;[38;5;229m[ADB]&amp#27;[0m Running 'C:\Users\sajus\AppData\Local\Android\Sdk\platform-tools\adb.exe -P 5037 -s R3CRC00KHBT shell cmd package list packages'
&amp#27;[38;5;124m[c665ac42]&amp#27;[0m&amp#27;[38;5;229m[ADB]&amp#27;[0m 'com.androidsample.generalstore' is installed
&amp#27;[38;5;124m[c665ac42]&amp#27;[0m&amp#27;[38;5;-163m[AndroidUiautomator2Driver@b26b]&amp#27;[0m Responding to client with driver.execute() result: true
&amp#27;[38;5;124m[c665ac42]&amp#27;[0m&amp#27;[38;5;86m[HTTP]&amp#27;[0m &amp#27;[37m<-- POST /session/c665ac42-c2b2-4114-ad0c-2aa0faf12036/execute/sync &amp#27;[39m&amp#27;[32m200&amp#27;[39m &amp#27;[90m151 ms - 14&amp#27;[39m &amp#27;[90m&amp#27;[39m
&amp#27;[38;5;124m[c665ac42]&amp#27;[0m&amp#27;[38;5;86m[HTTP]&amp#27;[0m &amp#27;[37m-->&amp#27;[39m &amp#27;[37mPOST&amp#27;[39m &amp#27;[37m/session/c665ac42-c2b2-4114-ad0c-2aa0faf12036/execute/sync&amp#27;[39m &amp#27;[90m{"script":"mobile: terminateApp","args":[{"bundleId":"com.androidsample.generalstore","appId":"com.androidsample.generalstore"}]}&amp#27;[39m
&amp#27;[38;5;124m[c665ac42]&amp#27;[0m&amp#27;[38;5;-163m[AndroidUiautomator2Driver@b26b]&amp#27;[0m Calling AppiumDriver.execute() with args: ["mobile: terminateApp",[{"bundleId":"com.androidsample.generalstore","appId":"com.androidsample.generalstore"}],"c665ac42-c2b2-4114-ad0c-2aa0faf12036"]
&amp#27;[38;5;124m[c665ac42]&amp#27;[0m&amp#27;[38;5;123m[BaseDriver]&amp#27;[0m The following script arguments are not known and will be ignored: bundleId
&amp#27;[38;5;124m[c665ac42]&amp#27;[0m&amp#27;[38;5;-163m[AndroidUiautomator2Driver@b26b]&amp#27;[0m Terminating 'com.androidsample.generalstore'
&amp#27;[38;5;124m[c665ac42]&amp#27;[0m&amp#27;[38;5;229m[ADB]&amp#27;[0m Getting IDs of all 'com.androidsample.generalstore' processes
&amp#27;[38;5;124m[c665ac42]&amp#27;[0m&amp#27;[38;5;229m[ADB]&amp#27;[0m Running 'C:\Users\sajus\AppData\Local\Android\Sdk\platform-tools\adb.exe -P 5037 -s R3CRC00KHBT shell pgrep -f \(\[\[:blank:\]\]\|\^\)com\.androidsample\.generalstore\(:\[a-zA-Z0-9_-\]\+\)\?\(\[\[:blank:\]\]\|\$\)'
&amp#27;[38;5;188m[00a88627]&amp#27;[0m&amp#27;[38;5;6m[AndroidUiautomator2Driver@10a1]&amp#27;[0m Got response with status 200: {"sessionId":"578c29a6-3618-4fd8-81a0-9fd109046b0e","value":"iVBORw0KGgoAAAANSUhEUgAABDgAAAjoCAYAAAA5jhrUAAAAAXNSR0IArs4c6QAAAARzQklUCAgICHwIZIgAACAASURBVHic7N13nCRF/f/xd1XP7O6Fvb3AHRx33IEcUdKBBAWUIBJUwCyIBNNXkgm/omDO+AUDiKKAPxBBFCQpIqCAkgUk5yDcHeG4nDbNdNXvj+6esNuzt2Hmdvv29fSBsNXd1VWd6zPV1WbSE0d7AQAAAAAAZJgd7gIAAAAAAAAMFQEOAAAAAACQeQQ4AAAAAABA5hHgAAAAAAAAmUeAAwAAAAAAZB4BDgAAAAAAkHkEOAAAAAAAQOYR4AAAAAAAAJlHgAMAAAAAAGQeAQ4AAAAAAJB5BDgAAAAAAEDmEeAAAAAAAACZR4ADAAAAAABkHgEOAAAAAACQeQQ4AAAAAABA5hHgAAAAAAAAmUeAAwAAAAAAZB4BDgAAAAAAkHkEOAAAAAAAQOYR4AAAAAAAAJlHgAMAAAAAAGQeAQ4AAAAAAJB5BDgAAAAAAEDmEeAAAAAAAACZR4ADAAAAAABkXm64CwCMBEZGJvm3if5bkrwk772i/yn+/+waLfUEAAAAMPoQ4MCoZWSUM1abN22kyzb5vDbNT+1z/hcLi3TE/J/ohe7XVPQuM0GA0VJPAAAAoD/agrHarnmWtm+ZpTY7Vtu1zFJbMK40fUW4Ro91ztMK165HO+fpsa55WhG2D0tZ9xq7ta6b/ZV+zXvoSz/QHe1PNbhEIxsBDoxKrXaMvj7tAzp20r4K+vmm1qb5qbr7Dd9XKKeLl92mb73+R61yHQ0u6dCMlnoCAAAAfZmV30CHtO6sQ1p30V5jt17r/O9s3aXq7zvan9JfVz2gv676j+YVFjeqmBgiM+mJo/l5FqNGzgQ6fvKB+ua0D6r8gsbgeHl96/Ur9Iulf1PRh3UqYX2MlnoCAAAAfdlr7Nb6...
&amp#27;[38;5;188m[00a88627]&amp#27;[0m&amp#27;[38;5;6m[AndroidUiautomator2Driver@10a1]&amp#27;[0m Responding to client with driver.getScreenshot() result: "iVBORw0KGgoAAAANSUhEUgAABDgAAAjoCAYAAAA5jhrUAAAAAXNSR0IArs4c6QAAAARzQklUCAgICHwIZIgAACAASURBVHic7N13nCRF/f/xd1XP7O6Fvb3AHRx33IEcUdKBBAWUIBJUwCyIBNNXkgm/omDO+AUDiKKAPxBBFCQpIqCAkgUk5yDcHeG4nDbNdNXvj+6esNuzt2Hmdvv29fSBsNXd1VWd6zPV1WbSE0d7AQAAAAAAZJgd7gIAAAAAAAAMFQEOAAAAAACQeQQ4AAAAAABA5hHgAAAAAAAAmUeAAwAAAAAAZB4BDgAAAAAAkHkEOAAAAAAAQOYR4AAAAAAAAJlHgAMAAAAAAGQeAQ4AAAAAAJB5BDgAAAAAAEDmEeAAAAAAAACZR4ADAAAAAABkHgEOAAAAAACQeQQ4AAAAAABA5hHgAAAAAAAAmUeAAwAAAAAAZB4BDgAAAAAAkHkEOAAAAAAAQOYR4AAAAAAAAJlHgAMAAAAAAGQeAQ4AAAAAAJB5BDgAAAAAAEDmEeAAAAAAAACZR4ADAAAAAABkXm64CwCMBEZGJvm3if5bkrwk772i/yn+/+waLfUEAAAAMPoQ4MCoZWSUM1abN22kyzb5vDbNT+1z/hcLi3TE/J/ohe7XVPQuM0GA0VJPAAAAoD/agrHarnmWtm+ZpTY7Vtu1zFJbMK40fUW4Ro91ztMK165HO+fpsa55WhG2D0tZ9xq7ta6b/ZV+zXvoSz/QHe1PNbhEIxsBDoxKrXaMvj7tAzp20r4K+vmm1qb5qbr7Dd9XKKeLl92mb73+R61yHQ0u6dCMlnoCAAAAfZmV30CHtO6sQ1p30V5jt17r/O9s3aXq7zvan9JfVz2gv676j+YVFjeqmBgiM+mJo/l5FqNGzgQ6fvKB+ua0D6r8gsbgeHl96/Ur9Iulf1PRh3UqYX2MlnoCAAAAfdlr7Nb6n8nv6BWwGIrrVz2gXy29aZ30lqAHx8AQ4MCoYGTUalt062bf1mZN0+qa93+7...
&amp#27;[38;5;188m[00a88627]&amp#27;[0m&amp#27;[38;5;86m[HTTP]&amp#27;[0m &amp#27;[37m<-- GET /session/00a88627-8a8e-4883-ac5c-42b75c6544f8/screenshot &amp#27;[39m&amp#27;[32m200&amp#27;[39m &amp#27;[90m1039 ms - 600596&amp#27;[39m &amp#27;[90m&amp#27;[39m
&amp#27;[38;5;188m[00a88627]&amp#27;[0m&amp#27;[38;5;86m[HTTP]&amp#27;[0m &amp#27;[37m-->&amp#27;[39m &amp#27;[37mGET&amp#27;[39m &amp#27;[37m/session/00a88627-8a8e-4883-ac5c-42b75c6544f8/screenshot&amp#27;[39m &amp#27;[90m{}&amp#27;[39m
&amp#27;[38;5;188m[00a88627]&amp#27;[0m&amp#27;[38;5;6m[AndroidUiautomator2Driver@10a1]&amp#27;[0m Calling AppiumDriver.getScreenshot() with args: ["00a88627-8a8e-4883-ac5c-42b75c6544f8"]
&amp#27;[38;5;188m[00a88627]&amp#27;[0m&amp#27;[38;5;6m[AndroidUiautomator2Driver@10a1]&amp#27;[0m Matched '/screenshot' to command name 'getScreenshot'
&amp#27;[38;5;188m[00a88627]&amp#27;[0m&amp#27;[38;5;6m[AndroidUiautomator2Driver@10a1]&amp#27;[0m Proxying [GET /screenshot] to [GET http://127.0.0.1:8202/session/578c29a6-3618-4fd8-81a0-9fd109046b0e/screenshot] with no body
&amp#27;[38;5;124m[c665ac42]&amp#27;[0m&amp#27;[38;5;229m[ADB]&amp#27;[0m Running 'C:\Users\sajus\AppData\Local\Android\Sdk\platform-tools\adb.exe -P 5037 -s R3CRC00KHBT shell am force-stop com.androidsample.generalstore'
&amp#27;[38;5;124m[c665ac42]&amp#27;[0m&amp#27;[38;5;-163m[AndroidUiautomator2Driver@b26b]&amp#27;[0m Querying the state of 'com.androidsample.generalstore'
&amp#27;[38;5;124m[c665ac42]&amp#27;[0m&amp#27;[38;5;229m[ADB]&amp#27;[0m Getting install status for com.androidsample.generalstore
&amp#27;[38;5;124m[c665ac42]&amp#27;[0m&amp#27;[38;5;229m[ADB]&amp#27;[0m Running 'C:\Users\sajus\AppData\Local\Android\Sdk\platform-tools\adb.exe -P 5037 -s R3CRC00KHBT shell cmd package list packages'
&amp#27;[38;5;124m[c665ac42]&amp#27;[0m&amp#27;[38;5;229m[ADB]&amp#27;[0m 'com.androidsample.generalstore' is installed
&amp#27;[38;5;124m[c665ac42]&amp#27;[0m&amp#27;[38;5;229m[ADB]&amp#27;[0m Getting IDs of all 'com.androidsample.generalstore' processes
&amp#27;[38;5;124m[c665ac42]&amp#27;[0m&amp#27;[38;5;229m[ADB]&amp#27;[0m Running 'C:\Users\sajus\AppData\Local\Android\Sdk\platform-tools\adb.exe -P 5037 -s R3CRC00KHBT shell pgrep -f \(\[\[:blank:\]\]\|\^\)com\.androidsample\.generalstore\(:\[a-zA-Z0-9_-\]\+\)\?\(\[\[:blank:\]\]\|\$\)'
&amp#27;[38;5;124m[c665ac42]&amp#27;[0m&amp#27;[38;5;-163m[AndroidUiautomator2Driver@b26b]&amp#27;[0m 'com.androidsample.generalstore' has been successfully terminated
&amp#27;[38;5;124m[c665ac42]&amp#27;[0m&amp#27;[38;5;-163m[AndroidUiautomator2Driver@b26b]&amp#27;[0m Responding to client with driver.execute() result: true
&amp#27;[38;5;124m[c665ac42]&amp#27;[0m&amp#27;[38;5;86m[HTTP]&amp#27;[0m &amp#27;[37m<-- POST /session/c665ac42-c2b2-4114-ad0c-2aa0faf12036/execute/sync &amp#27;[39m&amp#27;[32m200&amp#27;[39m &amp#27;[90m667 ms - 14&amp#27;[39m &amp#27;[90m&amp#27;[39m
🛑 App terminated: com.androidsample.generalstore
&amp#27;[38;5;124m[c665ac42]&amp#27;[0m&amp#27;[38;5;86m[HTTP]&amp#27;[0m &amp#27;[37m-->&amp#27;[39m &amp#27;[37mDELETE&amp#27;[39m &amp#27;[37m/session/c665ac42-c2b2-4114-ad0c-2aa0faf12036&amp#27;[39m &amp#27;[90m{}&amp#27;[39m
&amp#27;[38;5;124m[c665ac42]&amp#27;[0m&amp#27;[38;5;-163m[AndroidUiautomator2Driver@b26b]&amp#27;[0m Calling AppiumDriver.deleteSession() with args: ["c665ac42-c2b2-4114-ad0c-2aa0faf12036"]
&amp#27;[38;5;124m[c665ac42]&amp#27;[0m&amp#27;[38;5;156m[AppiumDriver@6963]&amp#27;[0m Event 'quitSessionRequested' logged at 1750278473478 (16:27:53 GMT-0400 (Eastern Daylight Saving Time))
&amp#27;[38;5;124m[c665ac42]&amp#27;[0m&amp#27;[38;5;156m[AppiumDriver@6963]&amp#27;[0m Removing session c665ac42-c2b2-4114-ad0c-2aa0faf12036 from our master session list
&amp#27;[38;5;124m[c665ac42]&amp#27;[0m&amp#27;[38;5;-163m[AndroidUiautomator2Driver@b26b]&amp#27;[0m Deleting UiAutomator2 session
&amp#27;[38;5;124m[c665ac42]&amp#27;[0m&amp#27;[38;5;-163m[AndroidUiautomator2Driver@b26b]&amp#27;[0m Deleting UiAutomator2 server session
&amp#27;[38;5;124m[c665ac42]&amp#27;[0m&amp#27;[38;5;-163m[AndroidUiautomator2Driver@b26b]&amp#27;[0m Proxying [DELETE /] to [DELETE http://127.0.0.1:8201/session/de47f321-ac00-4ec2-8e69-6af18f5d6eeb] with no body
&amp#27;[38;5;124m[c665ac42]&amp#27;[0m&amp#27;[38;5;-163m[AndroidUiautomator2Driver@b26b]&amp#27;[0m Got response with status 200: {"sessionId":"de47f321-ac00-4ec2-8e69-6af18f5d6eeb","value":null}
&amp#27;[38;5;124m[c665ac42]&amp#27;[0m&amp#27;[38;5;229m[ADB]&amp#27;[0m Getting IDs of all 'io.appium.uiautomator2.server' processes
&amp#27;[38;5;124m[c665ac42]&amp#27;[0m&amp#27;[38;5;229m[ADB]&amp#27;[0m Running 'C:\Users\sajus\AppData\Local\Android\Sdk\platform-tools\adb.exe -P 5037 -s R3CRC00KHBT shell pgrep -f \(\[\[:blank:\]\]\|\^\)io\.appium\.uiautomator2\.server\(:\[a-zA-Z0-9_-\]\+\)\?\(\[\[:blank:\]\]\|\$\)'
&amp#27;[38;5;124m[c665ac42]&amp#27;[0m&amp#27;[38;5;-163m[AndroidUiautomator2Driver@b26b]&amp#27;[0m [Instrumentation] io.appium.uiautomator2.server.test.AppiumUiAutomator2Server:.
&amp#27;[38;5;124m[c665ac42]&amp#27;[0m&amp#27;[38;5;-163m[AndroidUiautomator2Driver@b26b]&amp#27;[0m [Instrumentation] 
&amp#27;[38;5;124m[c665ac42]&amp#27;[0m&amp#27;[38;5;-163m[AndroidUiautomator2Driver@b26b]&amp#27;[0m [Instrumentation] Time: 13.557
&amp#27;[38;5;124m[c665ac42]&amp#27;[0m&amp#27;[38;5;-163m[AndroidUiautomator2Driver@b26b]&amp#27;[0m [Instrumentation] 
&amp#27;[38;5;124m[c665ac42]&amp#27;[0m&amp#27;[38;5;-163m[AndroidUiautomator2Driver@b26b]&amp#27;[0m [Instrumentation] OK (1 test)
&amp#27;[38;5;124m[c665ac42]&amp#27;[0m&amp#27;[38;5;-163m[AndroidUiautomator2Driver@b26b]&amp#27;[0m [Instrumentation] 
&amp#27;[38;5;124m[c665ac42]&amp#27;[0m&amp#27;[38;5;-163m[AndroidUiautomator2Driver@b26b]&amp#27;[0m [Instrumentation] 
&amp#27;[38;5;124m[c665ac42]&amp#27;[0m&amp#27;[38;5;-163m[AndroidUiautomator2Driver@b26b]&amp#27;[0m [Instrumentation] The process has exited with code 0, signal null
&amp#27;[38;5;124m[c665ac42]&amp#27;[0m&amp#27;[38;5;229m[ADB]&amp#27;[0m Running 'C:\Users\sajus\AppData\Local\Android\Sdk\platform-tools\adb.exe -P 5037 -s R3CRC00KHBT shell am force-stop io.appium.uiautomator2.server'
&amp#27;[38;5;124m[c665ac42]&amp#27;[0m&amp#27;[38;5;229m[ADB]&amp#27;[0m Running 'C:\Users\sajus\AppData\Local\Android\Sdk\platform-tools\adb.exe -P 5037 -s R3CRC00KHBT shell am force-stop io.appium.uiautomator2.server.test'
&amp#27;[38;5;124m[c665ac42]&amp#27;[0m&amp#27;[38;5;229m[ADB]&amp#27;[0m Running 'C:\Users\sajus\AppData\Local\Android\Sdk\platform-tools\adb.exe -P 5037 -s R3CRC00KHBT shell dumpsys activity services io.appium.settings/.recorder.RecorderService'
&amp#27;[38;5;124m[c665ac42]&amp#27;[0m&amp#27;[38;5;229m[ADB]&amp#27;[0m Removing forwarded port socket connection: 8201 
&amp#27;[38;5;124m[c665ac42]&amp#27;[0m&amp#27;[38;5;229m[ADB]&amp#27;[0m Running 'C:\Users\sajus\AppData\Local\Android\Sdk\platform-tools\adb.exe -P 5037 -s R3CRC00KHBT forward --remove tcp:8201'
&amp#27;[38;5;188m[00a88627]&amp#27;[0m&amp#27;[38;5;6m[AndroidUiautomator2Driver@10a1]&amp#27;[0m Got response with status 200: {"sessionId":"578c29a6-3618-4fd8-81a0-9fd109046b0e","value":"iVBORw0KGgoAAAANSUhEUgAABDgAAAjoCAYAAAA5jhrUAAAAAXNSR0IArs4c6QAAAARzQklUCAgICHwIZIgAACAASURBVHic7N13nCRF/f/xd1XP7O6Fvb3AHRx33IEcUdKBBAWUIBJUwCyIBNNXkgm/omDO+AUDiKKAPxBBFCQpIqCAkgUk5yDcHeG4nDbNdNXvj+6esNuzt2Hmdvv29fSBsNXd1VWd6zPV1WbSE0d7AQAAAAAAZJgd7gIAAAAAAAAMFQEOAAAAAACQeQQ4AAAAAABA5hHgAAAAAAAAmUeAAwAAAAAAZB4BDgAAAAAAkHkEOAAAAAAAQOYR4AAAAAAAAJlHgAMAAAAAAGQeAQ4AAAAAAJB5BDgAAAAAAEDmEeAAAAAAAACZR4ADAAAAAABkHgEOAAAAAACQeQQ4AAAAAABA5hHgAAAAAAAAmUeAAwAAAAAAZB4BDgAAAAAAkHkEOAAAAAAAQOYR4AAAAAAAAJlHgAMAAAAAAGQeAQ4AAAAAAJB5BDgAAAAAAEDmEeAAAAAAAACZR4ADAAAAAABkXm64CwCMBEZGJvm3if5bkrwk772i/yn+/+waLfUEAAAAMPoQ4MCoZWSUM1abN22kyzb5vDbNT+1z/hcLi3TE/J/ohe7XVPQuM0GA0VJPAAAAoD/agrHarnmWtm+ZpTY7Vtu1zFJbMK40fUW4Ro91ztMK165HO+fpsa55WhG2D0tZ9xq7ta6b/ZV+zXvoSz/QHe1PNbhEIxsBDoxKrXaMvj7tAzp20r4K+vmm1qb5qbr7Dd9XKKeLl92mb73+R61yHQ0u6dCMlnoCAAAAfZmV30CHtO6sQ1p30V5jt17r/O9s3aXq7zvan9JfVz2gv676j+YVFjeqmBgiM+mJo/l5FqNGzgQ6fvKB+ua0D6r8gsbgeHl96/Ur9Iulf1PRh3UqYX2MlnoCAAAAfdlr7Nb6...
&amp#27;[38;5;188m[00a88627]&amp#27;[0m&amp#27;[38;5;6m[AndroidUiautomator2Driver@10a1]&amp#27;[0m Responding to client with driver.getScreenshot() result: "iVBORw0KGgoAAAANSUhEUgAABDgAAAjoCAYAAAA5jhrUAAAAAXNSR0IArs4c6QAAAARzQklUCAgICHwIZIgAACAASURBVHic7N13nCRF/f/xd1XP7O6Fvb3AHRx33IEcUdKBBAWUIBJUwCyIBNNXkgm/omDO+AUDiKKAPxBBFCQpIqCAkgUk5yDcHeG4nDbNdNXvj+6esNuzt2Hmdvv29fSBsNXd1VWd6zPV1WbSE0d7AQAAAAAAZJgd7gIAAAAAAAAMFQEOAAAAAACQeQQ4AAAAAABA5hHgAAAAAAAAmUeAAwAAAAAAZB4BDgAAAAAAkHkEOAAAAAAAQOYR4AAAAAAAAJlHgAMAAAAAAGQeAQ4AAAAAAJB5BDgAAAAAAEDmEeAAAAAAAACZR4ADAAAAAABkHgEOAAAAAACQeQQ4AAAAAABA5hHgAAAAAAAAmUeAAwAAAAAAZB4BDgAAAAAAkHkEOAAAAAAAQOYR4AAAAAAAAJlHgAMAAAAAAGQeAQ4AAAAAAJB5BDgAAAAAAEDmEeAAAAAAAACZR4ADAAAAAABkXm64CwCMBEZGJvm3if5bkrwk772i/yn+/+waLfUEAAAAMPoQ4MCoZWSUM1abN22kyzb5vDbNT+1z/hcLi3TE/J/ohe7XVPQuM0GA0VJPAAAAoD/agrHarnmWtm+ZpTY7Vtu1zFJbMK40fUW4Ro91ztMK165HO+fpsa55WhG2D0tZ9xq7ta6b/ZV+zXvoSz/QHe1PNbhEIxsBDoxKrXaMvj7tAzp20r4K+vmm1qb5qbr7Dd9XKKeLl92mb73+R61yHQ0u6dCMlnoCAAAAfZmV30CHtO6sQ1p30V5jt17r/O9s3aXq7zvan9JfVz2gv676j+YVFjeqmBgiM+mJo/l5FqNGzgQ6fvKB+ua0D6r8gsbgeHl96/Ur9Iulf1PRh3UqYX2MlnoCAAAAfdlr7Nb6n8nv6BWwGIrrVz2gXy29aZ30lqAHx8AQ4MCoYGTUalt062bf1mZN0+qa93+7...
&amp#27;[38;5;188m[00a88627]&amp#27;[0m&amp#27;[38;5;86m[HTTP]&amp#27;[0m &amp#27;[37m<-- GET /session/00a88627-8a8e-4883-ac5c-42b75c6544f8/screenshot &amp#27;[39m&amp#27;[32m200&amp#27;[39m &amp#27;[90m1048 ms - 600596&amp#27;[39m &amp#27;[90m&amp#27;[39m
Toast Message: Please enter your name
&amp#27;[38;5;188m[00a88627]&amp#27;[0m&amp#27;[38;5;86m[HTTP]&amp#27;[0m &amp#27;[37m-->&amp#27;[39m &amp#27;[37mGET&amp#27;[39m &amp#27;[37m/session/00a88627-8a8e-4883-ac5c-42b75c6544f8/screenshot&amp#27;[39m &amp#27;[90m{}&amp#27;[39m
&amp#27;[38;5;124m[c665ac42]&amp#27;[0m&amp#27;[38;5;-163m[AndroidUiautomator2Driver@b26b]&amp#27;[0m Restoring hidden api policy to the device default configuration
&amp#27;[38;5;188m[00a88627]&amp#27;[0m&amp#27;[38;5;6m[AndroidUiautomator2Driver@10a1]&amp#27;[0m Calling AppiumDriver.getScreenshot() with args: ["00a88627-8a8e-4883-ac5c-42b75c6544f8"]
&amp#27;[38;5;188m[00a88627]&amp#27;[0m&amp#27;[38;5;6m[AndroidUiautomator2Driver@10a1]&amp#27;[0m Matched '/screenshot' to command name 'getScreenshot'
&amp#27;[38;5;124m[c665ac42]&amp#27;[0m&amp#27;[38;5;229m[ADB]&amp#27;[0m Running 'C:\Users\sajus\AppData\Local\Android\Sdk\platform-tools\adb.exe -P 5037 -s R3CRC00KHBT shell 'settings delete global hidden_api_policy_pre_p_apps;settings delete global hidden_api_policy_p_apps;settings delete global hidden_api_policy''
&amp#27;[38;5;188m[00a88627]&amp#27;[0m&amp#27;[38;5;6m[AndroidUiautomator2Driver@10a1]&amp#27;[0m Proxying [GET /screenshot] to [GET http://127.0.0.1:8202/session/578c29a6-3618-4fd8-81a0-9fd109046b0e/screenshot] with no body
&amp#27;[38;5;124m[c665ac42]&amp#27;[0m&amp#27;[38;5;160m[Logcat]&amp#27;[0m Stopping logcat capture
&amp#27;[38;5;124m[c665ac42]&amp#27;[0m&amp#27;[38;5;156m[AppiumDriver@6963]&amp#27;[0m Event 'quitSessionFinished' logged at 1750278474325 (16:27:54 GMT-0400 (Eastern Daylight Saving Time))
&amp#27;[38;5;124m[c665ac42]&amp#27;[0m&amp#27;[38;5;156m[AppiumDriver@6963]&amp#27;[0m Received response: null
&amp#27;[38;5;124m[c665ac42]&amp#27;[0m&amp#27;[38;5;156m[AppiumDriver@6963]&amp#27;[0m But deleting session, so not returning
&amp#27;[38;5;124m[c665ac42]&amp#27;[0m&amp#27;[38;5;156m[AppiumDriver@6963]&amp#27;[0m Responding to client with driver.deleteSession() result: null
&amp#27;[38;5;124m[c665ac42]&amp#27;[0m&amp#27;[38;5;86m[HTTP]&amp#27;[0m &amp#27;[37m<-- DELETE /session/c665ac42-c2b2-4114-ad0c-2aa0faf12036 &amp#27;[39m&amp#27;[32m200&amp#27;[39m &amp#27;[90m849 ms - 14&amp#27;[39m &amp#27;[90m&amp#27;[39m
&amp#27;[38;5;86m[HTTP]&amp#27;[0m &amp#27;[37m-->&amp#27;[39m &amp#27;[37mGET&amp#27;[39m &amp#27;[37m/status&amp#27;[39m &amp#27;[90m{}&amp#27;[39m
&amp#27;[38;5;156m[AppiumDriver@6963]&amp#27;[0m Calling AppiumDriver.getStatus() with args: []
&amp#27;[38;5;156m[AppiumDriver@6963]&amp#27;[0m Responding to client with driver.getStatus() result: {"ready":true,"message":"The server is ready to accept new connections","build":{"version":"2.18.0"}}
&amp#27;[38;5;86m[HTTP]&amp#27;[0m &amp#27;[37m<-- GET /status &amp#27;[39m&amp#27;[32m200&amp#27;[39m &amp#27;[90m1 ms - 111&amp#27;[39m &amp#27;[90m&amp#27;[39m
Appium server stopped
✅ Test completed for device: Samsung_Galaxy_S21
&amp#27;[38;5;188m[00a88627]&amp#27;[0m&amp#27;[38;5;6m[AndroidUiautomator2Driver@10a1]&amp#27;[0m Got response with status 200: {"sessionId":"578c29a6-3618-4fd8-81a0-9fd109046b0e","value":"iVBORw0KGgoAAAANSUhEUgAABDgAAAjoCAYAAAA5jhrUAAAAAXNSR0IArs4c6QAAAARzQklUCAgICHwIZIgAACAASURBVHic7N13nCRF/f/xd1XP7O6Fvb3AHRx33IEcUdKBBAWUIBJUwCyIBNNXkgm/omDO+AUDiKKAPxBBFCQpIqCAkgUk5yDcHeG4nDbNdNXvj+6esNuzt2Hmdvv29fSBsNXd1VWd6zPV1WbSE0d7AQAAAAAAZJgd7gIAAAAAAAAMFQEOAAAAAACQeQQ4AAAAAABA5hHgAAAAAAAAmUeAAwAAAAAAZB4BDgAAAAAAkHkEOAAAAAAAQOYR4AAAAAAAAJlHgAMAAAAAAGQeAQ4AAAAAAJB5BDgAAAAAAEDmEeAAAAAAAACZR4ADAAAAAABkHgEOAAAAAACQeQQ4AAAAAABA5hHgAAAAAAAAmUeAAwAAAAAAZB4BDgAAAAAAkHkEOAAAAAAAQOYR4AAAAAAAAJlHgAMAAAAAAGQeAQ4AAAAAAJB5BDgAAAAAAEDmEeAAAAAAAACZR4ADAAAAAABkXm64CwCMBEZGJvm3if5bkrwk772i/yn+/+waLfUEAAAAMPoQ4MCoZWSUM1abN22kyzb5vDbNT+1z/hcLi3TE/J/ohe7XVPQuM0GA0VJPAAAAoD/agrHarnmWtm+ZpTY7Vtu1zFJbMK40fUW4Ro91ztMK165HO+fpsa55WhG2D0tZ9xq7ta6b/ZV+zXvoSz/QHe1PNbhEIxsBDoxKrXaMvj7tAzp20r4K+vmm1qb5qbr7Dd9XKKeLl92mb73+R61yHQ0u6dCMlnoCAAAAfZmV30CHtO6sQ1p30V5jt17r/O9s3aXq7zvan9JfVz2gv676j+YVFjeqmBgiM+mJo/l5FqNGzgQ6fvKB+ua0D6r8gsbgeHl96/Ur9Iulf1PRh3UqYX2MlnoCAAAAfdlr7Nb6...
&amp#27;[38;5;188m[00a88627]&amp#27;[0m&amp#27;[38;5;6m[AndroidUiautomator2Driver@10a1]&amp#27;[0m Responding to client with driver.getScreenshot() result: "iVBORw0KGgoAAAANSUhEUgAABDgAAAjoCAYAAAA5jhrUAAAAAXNSR0IArs4c6QAAAARzQklUCAgICHwIZIgAACAASURBVHic7N13nCRF/f/xd1XP7O6Fvb3AHRx33IEcUdKBBAWUIBJUwCyIBNNXkgm/omDO+AUDiKKAPxBBFCQpIqCAkgUk5yDcHeG4nDbNdNXvj+6esNuzt2Hmdvv29fSBsNXd1VWd6zPV1WbSE0d7AQAAAAAAZJgd7gIAAAAAAAAMFQEOAAAAAACQeQQ4AAAAAABA5hHgAAAAAAAAmUeAAwAAAAAAZB4BDgAAAAAAkHkEOAAAAAAAQOYR4AAAAAAAAJlHgAMAAAAAAGQeAQ4AAAAAAJB5BDgAAAAAAEDmEeAAAAAAAACZR4ADAAAAAABkHgEOAAAAAACQeQQ4AAAAAABA5hHgAAAAAAAAmUeAAwAAAAAAZB4BDgAAAAAAkHkEOAAAAAAAQOYR4AAAAAAAAJlHgAMAAAAAAGQeAQ4AAAAAAJB5BDgAAAAAAEDmEeAAAAAAAACZR4ADAAAAAABkXm64CwCMBEZGJvm3if5bkrwk772i/yn+/+waLfUEAAAAMPoQ4MCoZWSUM1abN22kyzb5vDbNT+1z/hcLi3TE/J/ohe7XVPQuM0GA0VJPAAAAoD/agrHarnmWtm+ZpTY7Vtu1zFJbMK40fUW4Ro91ztMK165HO+fpsa55WhG2D0tZ9xq7ta6b/ZV+zXvoSz/QHe1PNbhEIxsBDoxKrXaMvj7tAzp20r4K+vmm1qb5qbr7Dd9XKKeLl92mb73+R61yHQ0u6dCMlnoCAAAAfZmV30CHtO6sQ1p30V5jt17r/O9s3aXq7zvan9JfVz2gv676j+YVFjeqmBgiM+mJo/l5FqNGzgQ6fvKB+ua0D6r8gsbgeHl96/Ur9Iulf1PRh3UqYX2MlnoCAAAAfdlr7Nb6n8nv6BWwGIrrVz2gXy29aZ30lqAHx8AQ4MCoYGTUalt062bf1mZN0+qa93+7...
&amp#27;[38;5;188m[00a88627]&amp#27;[0m&amp#27;[38;5;86m[HTTP]&amp#27;[0m &amp#27;[37m<-- GET /session/00a88627-8a8e-4883-ac5c-42b75c6544f8/screenshot &amp#27;[39m&amp#27;[32m200&amp#27;[39m &amp#27;[90m1035 ms - 600596&amp#27;[39m &amp#27;[90m&amp#27;[39m
]]></system-out>
  </testcase>
  <testcase name="SecondCase" classname="org.testCase.TestCase2" time="14.159">
    <system-out><![CDATA[&amp#27;[38;5;188m[00a88627]&amp#27;[0m&amp#27;[38;5;86m[HTTP]&amp#27;[0m &amp#27;[37m-->&amp#27;[39m &amp#27;[37mPOST&amp#27;[39m &amp#27;[37m/session/00a88627-8a8e-4883-ac5c-42b75c6544f8/execute/sync&amp#27;[39m &amp#27;[90m{"script":"mobile: isAppInstalled","args":[{"bundleId":"com.androidsample.generalstore","appId":"com.androidsample.generalstore"}]}&amp#27;[39m
&amp#27;[38;5;188m[00a88627]&amp#27;[0m&amp#27;[38;5;6m[AndroidUiautomator2Driver@10a1]&amp#27;[0m Calling AppiumDriver.execute() with args: ["mobile: isAppInstalled",[{"bundleId":"com.androidsample.generalstore","appId":"com.androidsample.generalstore"}],"00a88627-8a8e-4883-ac5c-42b75c6544f8"]
&amp#27;[38;5;188m[00a88627]&amp#27;[0m&amp#27;[38;5;123m[BaseDriver]&amp#27;[0m The following script arguments are not known and will be ignored: bundleId
&amp#27;[38;5;188m[00a88627]&amp#27;[0m&amp#27;[38;5;229m[ADB]&amp#27;[0m Getting install status for com.androidsample.generalstore
&amp#27;[38;5;188m[00a88627]&amp#27;[0m&amp#27;[38;5;229m[ADB]&amp#27;[0m Running 'C:\Users\sajus\AppData\Local\Android\Sdk\platform-tools\adb.exe -P 5037 -s CTLID18120801016 shell cmd package list packages'
&amp#27;[38;5;188m[00a88627]&amp#27;[0m&amp#27;[38;5;229m[ADB]&amp#27;[0m 'com.androidsample.generalstore' is installed
&amp#27;[38;5;188m[00a88627]&amp#27;[0m&amp#27;[38;5;6m[AndroidUiautomator2Driver@10a1]&amp#27;[0m Responding to client with driver.execute() result: true
&amp#27;[38;5;188m[00a88627]&amp#27;[0m&amp#27;[38;5;86m[HTTP]&amp#27;[0m &amp#27;[37m<-- POST /session/00a88627-8a8e-4883-ac5c-42b75c6544f8/execute/sync &amp#27;[39m&amp#27;[32m200&amp#27;[39m &amp#27;[90m174 ms - 14&amp#27;[39m &amp#27;[90m&amp#27;[39m
&amp#27;[38;5;188m[00a88627]&amp#27;[0m&amp#27;[38;5;86m[HTTP]&amp#27;[0m &amp#27;[37m-->&amp#27;[39m &amp#27;[37mPOST&amp#27;[39m &amp#27;[37m/session/00a88627-8a8e-4883-ac5c-42b75c6544f8/execute/sync&amp#27;[39m &amp#27;[90m{"script":"mobile: terminateApp","args":[{"bundleId":"com.androidsample.generalstore","appId":"com.androidsample.generalstore"}]}&amp#27;[39m
&amp#27;[38;5;188m[00a88627]&amp#27;[0m&amp#27;[38;5;6m[AndroidUiautomator2Driver@10a1]&amp#27;[0m Calling AppiumDriver.execute() with args: ["mobile: terminateApp",[{"bundleId":"com.androidsample.generalstore","appId":"com.androidsample.generalstore"}],"00a88627-8a8e-4883-ac5c-42b75c6544f8"]
&amp#27;[38;5;188m[00a88627]&amp#27;[0m&amp#27;[38;5;123m[BaseDriver]&amp#27;[0m The following script arguments are not known and will be ignored: bundleId
&amp#27;[38;5;188m[00a88627]&amp#27;[0m&amp#27;[38;5;6m[AndroidUiautomator2Driver@10a1]&amp#27;[0m Terminating 'com.androidsample.generalstore'
&amp#27;[38;5;188m[00a88627]&amp#27;[0m&amp#27;[38;5;229m[ADB]&amp#27;[0m Getting IDs of all 'com.androidsample.generalstore' processes
&amp#27;[38;5;188m[00a88627]&amp#27;[0m&amp#27;[38;5;229m[ADB]&amp#27;[0m Running 'C:\Users\sajus\AppData\Local\Android\Sdk\platform-tools\adb.exe -P 5037 -s CTLID18120801016 shell pgrep -f \(\[\[:blank:\]\]\|\^\)com\.androidsample\.generalstore\(:\[a-zA-Z0-9_-\]\+\)\?\(\[\[:blank:\]\]\|\$\)'
&amp#27;[38;5;188m[00a88627]&amp#27;[0m&amp#27;[38;5;229m[ADB]&amp#27;[0m Running 'C:\Users\sajus\AppData\Local\Android\Sdk\platform-tools\adb.exe -P 5037 -s CTLID18120801016 shell am force-stop com.androidsample.generalstore'
&amp#27;[38;5;188m[00a88627]&amp#27;[0m&amp#27;[38;5;6m[AndroidUiautomator2Driver@10a1]&amp#27;[0m Querying the state of 'com.androidsample.generalstore'
&amp#27;[38;5;188m[00a88627]&amp#27;[0m&amp#27;[38;5;229m[ADB]&amp#27;[0m Getting install status for com.androidsample.generalstore
&amp#27;[38;5;188m[00a88627]&amp#27;[0m&amp#27;[38;5;229m[ADB]&amp#27;[0m Running 'C:\Users\sajus\AppData\Local\Android\Sdk\platform-tools\adb.exe -P 5037 -s CTLID18120801016 shell cmd package list packages'
&amp#27;[38;5;188m[00a88627]&amp#27;[0m&amp#27;[38;5;229m[ADB]&amp#27;[0m 'com.androidsample.generalstore' is installed
&amp#27;[38;5;188m[00a88627]&amp#27;[0m&amp#27;[38;5;229m[ADB]&amp#27;[0m Getting IDs of all 'com.androidsample.generalstore' processes
&amp#27;[38;5;188m[00a88627]&amp#27;[0m&amp#27;[38;5;229m[ADB]&amp#27;[0m Running 'C:\Users\sajus\AppData\Local\Android\Sdk\platform-tools\adb.exe -P 5037 -s CTLID18120801016 shell pgrep -f \(\[\[:blank:\]\]\|\^\)com\.androidsample\.generalstore\(:\[a-zA-Z0-9_-\]\+\)\?\(\[\[:blank:\]\]\|\$\)'
&amp#27;[38;5;188m[00a88627]&amp#27;[0m&amp#27;[38;5;6m[AndroidUiautomator2Driver@10a1]&amp#27;[0m 'com.androidsample.generalstore' has been successfully terminated
&amp#27;[38;5;188m[00a88627]&amp#27;[0m&amp#27;[38;5;6m[AndroidUiautomator2Driver@10a1]&amp#27;[0m Responding to client with driver.execute() result: true
&amp#27;[38;5;188m[00a88627]&amp#27;[0m&amp#27;[38;5;86m[HTTP]&amp#27;[0m &amp#27;[37m<-- POST /session/00a88627-8a8e-4883-ac5c-42b75c6544f8/execute/sync &amp#27;[39m&amp#27;[32m200&amp#27;[39m &amp#27;[90m623 ms - 14&amp#27;[39m &amp#27;[90m&amp#27;[39m
🛑 App terminated: com.androidsample.generalstore
&amp#27;[38;5;188m[00a88627]&amp#27;[0m&amp#27;[38;5;86m[HTTP]&amp#27;[0m &amp#27;[37m-->&amp#27;[39m &amp#27;[37mDELETE&amp#27;[39m &amp#27;[37m/session/00a88627-8a8e-4883-ac5c-42b75c6544f8&amp#27;[39m &amp#27;[90m{}&amp#27;[39m
&amp#27;[38;5;188m[00a88627]&amp#27;[0m&amp#27;[38;5;6m[AndroidUiautomator2Driver@10a1]&amp#27;[0m Calling AppiumDriver.deleteSession() with args: ["00a88627-8a8e-4883-ac5c-42b75c6544f8"]
&amp#27;[38;5;188m[00a88627]&amp#27;[0m&amp#27;[38;5;176m[AppiumDriver@c16f]&amp#27;[0m Event 'quitSessionRequested' logged at 1750278475927 (16:27:55 GMT-0400 (Eastern Daylight Saving Time))
&amp#27;[38;5;188m[00a88627]&amp#27;[0m&amp#27;[38;5;176m[AppiumDriver@c16f]&amp#27;[0m Removing session 00a88627-8a8e-4883-ac5c-42b75c6544f8 from our master session list
&amp#27;[38;5;188m[00a88627]&amp#27;[0m&amp#27;[38;5;6m[AndroidUiautomator2Driver@10a1]&amp#27;[0m Deleting UiAutomator2 session
&amp#27;[38;5;188m[00a88627]&amp#27;[0m&amp#27;[38;5;6m[AndroidUiautomator2Driver@10a1]&amp#27;[0m Deleting UiAutomator2 server session
&amp#27;[38;5;188m[00a88627]&amp#27;[0m&amp#27;[38;5;6m[AndroidUiautomator2Driver@10a1]&amp#27;[0m Proxying [DELETE /] to [DELETE http://127.0.0.1:8202/session/578c29a6-3618-4fd8-81a0-9fd109046b0e] with no body
&amp#27;[38;5;188m[00a88627]&amp#27;[0m&amp#27;[38;5;6m[AndroidUiautomator2Driver@10a1]&amp#27;[0m Got response with status 200: {"sessionId":"578c29a6-3618-4fd8-81a0-9fd109046b0e","value":null}
&amp#27;[38;5;188m[00a88627]&amp#27;[0m&amp#27;[38;5;229m[ADB]&amp#27;[0m Getting IDs of all 'io.appium.uiautomator2.server' processes
&amp#27;[38;5;188m[00a88627]&amp#27;[0m&amp#27;[38;5;229m[ADB]&amp#27;[0m Running 'C:\Users\sajus\AppData\Local\Android\Sdk\platform-tools\adb.exe -P 5037 -s CTLID18120801016 shell pgrep -f \(\[\[:blank:\]\]\|\^\)io\.appium\.uiautomator2\.server\(:\[a-zA-Z0-9_-\]\+\)\?\(\[\[:blank:\]\]\|\$\)'
&amp#27;[38;5;188m[00a88627]&amp#27;[0m&amp#27;[38;5;6m[AndroidUiautomator2Driver@10a1]&amp#27;[0m [Instrumentation] io.appium.uiautomator2.server.test.AppiumUiAutomator2Server:.
&amp#27;[38;5;188m[00a88627]&amp#27;[0m&amp#27;[38;5;6m[AndroidUiautomator2Driver@10a1]&amp#27;[0m [Instrumentation] 
&amp#27;[38;5;188m[00a88627]&amp#27;[0m&amp#27;[38;5;6m[AndroidUiautomator2Driver@10a1]&amp#27;[0m [Instrumentation] Time: 15.394
&amp#27;[38;5;188m[00a88627]&amp#27;[0m&amp#27;[38;5;6m[AndroidUiautomator2Driver@10a1]&amp#27;[0m [Instrumentation] 
&amp#27;[38;5;188m[00a88627]&amp#27;[0m&amp#27;[38;5;6m[AndroidUiautomator2Driver@10a1]&amp#27;[0m [Instrumentation] OK (1 test)
&amp#27;[38;5;188m[00a88627]&amp#27;[0m&amp#27;[38;5;6m[AndroidUiautomator2Driver@10a1]&amp#27;[0m [Instrumentation] 
&amp#27;[38;5;188m[00a88627]&amp#27;[0m&amp#27;[38;5;6m[AndroidUiautomator2Driver@10a1]&amp#27;[0m [Instrumentation] 
&amp#27;[38;5;188m[00a88627]&amp#27;[0m&amp#27;[38;5;6m[AndroidUiautomator2Driver@10a1]&amp#27;[0m [Instrumentation] The process has exited with code null, signal SIGTERM
&amp#27;[38;5;188m[00a88627]&amp#27;[0m&amp#27;[38;5;229m[ADB]&amp#27;[0m Running 'C:\Users\sajus\AppData\Local\Android\Sdk\platform-tools\adb.exe -P 5037 -s CTLID18120801016 shell am force-stop io.appium.uiautomator2.server'
&amp#27;[38;5;188m[00a88627]&amp#27;[0m&amp#27;[38;5;229m[ADB]&amp#27;[0m Running 'C:\Users\sajus\AppData\Local\Android\Sdk\platform-tools\adb.exe -P 5037 -s CTLID18120801016 shell am force-stop io.appium.uiautomator2.server.test'
&amp#27;[38;5;188m[00a88627]&amp#27;[0m&amp#27;[38;5;229m[ADB]&amp#27;[0m Running 'C:\Users\sajus\AppData\Local\Android\Sdk\platform-tools\adb.exe -P 5037 -s CTLID18120801016 shell dumpsys activity services io.appium.settings/.recorder.RecorderService'
&amp#27;[38;5;188m[00a88627]&amp#27;[0m&amp#27;[38;5;229m[ADB]&amp#27;[0m Removing forwarded port socket connection: 8202 
&amp#27;[38;5;188m[00a88627]&amp#27;[0m&amp#27;[38;5;229m[ADB]&amp#27;[0m Running 'C:\Users\sajus\AppData\Local\Android\Sdk\platform-tools\adb.exe -P 5037 -s CTLID18120801016 forward --remove tcp:8202'
&amp#27;[38;5;188m[00a88627]&amp#27;[0m&amp#27;[38;5;6m[AndroidUiautomator2Driver@10a1]&amp#27;[0m Restoring hidden api policy to the device default configuration
&amp#27;[38;5;188m[00a88627]&amp#27;[0m&amp#27;[38;5;229m[ADB]&amp#27;[0m Running 'C:\Users\sajus\AppData\Local\Android\Sdk\platform-tools\adb.exe -P 5037 -s CTLID18120801016 shell 'settings delete global hidden_api_policy_pre_p_apps;settings delete global hidden_api_policy_p_apps;settings delete global hidden_api_policy''
&amp#27;[38;5;188m[00a88627]&amp#27;[0m&amp#27;[38;5;160m[Logcat]&amp#27;[0m Stopping logcat capture
&amp#27;[38;5;188m[00a88627]&amp#27;[0m&amp#27;[38;5;176m[AppiumDriver@c16f]&amp#27;[0m Event 'quitSessionFinished' logged at 1750278476688 (16:27:56 GMT-0400 (Eastern Daylight Saving Time))
&amp#27;[38;5;188m[00a88627]&amp#27;[0m&amp#27;[38;5;176m[AppiumDriver@c16f]&amp#27;[0m Received response: null
&amp#27;[38;5;188m[00a88627]&amp#27;[0m&amp#27;[38;5;176m[AppiumDriver@c16f]&amp#27;[0m But deleting session, so not returning
&amp#27;[38;5;188m[00a88627]&amp#27;[0m&amp#27;[38;5;176m[AppiumDriver@c16f]&amp#27;[0m Responding to client with driver.deleteSession() result: null
&amp#27;[38;5;188m[00a88627]&amp#27;[0m&amp#27;[38;5;86m[HTTP]&amp#27;[0m &amp#27;[37m<-- DELETE /session/00a88627-8a8e-4883-ac5c-42b75c6544f8 &amp#27;[39m&amp#27;[32m200&amp#27;[39m &amp#27;[90m763 ms - 14&amp#27;[39m &amp#27;[90m&amp#27;[39m
&amp#27;[38;5;86m[HTTP]&amp#27;[0m &amp#27;[37m-->&amp#27;[39m &amp#27;[37mGET&amp#27;[39m &amp#27;[37m/status&amp#27;[39m &amp#27;[90m{}&amp#27;[39m
&amp#27;[38;5;176m[AppiumDriver@c16f]&amp#27;[0m Calling AppiumDriver.getStatus() with args: []
&amp#27;[38;5;176m[AppiumDriver@c16f]&amp#27;[0m Responding to client with driver.getStatus() result: {"ready":true,"message":"The server is ready to accept new connections","build":{"version":"2.18.0"}}
&amp#27;[38;5;86m[HTTP]&amp#27;[0m &amp#27;[37m<-- GET /status &amp#27;[39m&amp#27;[32m200&amp#27;[39m &amp#27;[90m1 ms - 111&amp#27;[39m &amp#27;[90m&amp#27;[39m
Appium server stopped
✅ Test completed for device: Nokia
&amp#27;[38;5;112m[Appium]&amp#27;[0m Welcome to Appium v2.18.0
&amp#27;[38;5;112m[Appium]&amp#27;[0m Non-default server args:
&amp#27;[38;5;112m[Appium]&amp#27;[0m { port: &amp#27;[33m4724&amp#27;[39m }
&amp#27;[38;5;112m[Appium]&amp#27;[0m The autodetected Appium home path: C:\Users\sajus\.appium
&amp#27;[38;5;112m[Appium]&amp#27;[0m Attempting to load driver uiautomator2...
&amp#27;[38;5;112m[Appium]&amp#27;[0m Requiring driver at C:\Users\sajus\.appium\node_modules\appium-uiautomator2-driver\build\index.js
&amp#27;[38;5;112m[Appium]&amp#27;[0m AndroidUiautomator2Driver has been successfully loaded in 1.760s
&amp#27;[38;5;112m[Appium]&amp#27;[0m Appium REST http interface listener started on http://0.0.0.0:4724
&amp#27;[38;5;112m[Appium]&amp#27;[0m You can provide the following URLs in your client code to connect to this server:
	http://192.168.2.20:4724/
	http://127.0.0.1:4724/ (only accessible from the same host)
&amp#27;[38;5;112m[Appium]&amp#27;[0m Available drivers:
&amp#27;[38;5;112m[Appium]&amp#27;[0m   - uiautomator2@4.2.3 (automationName 'UiAutomator2')
&amp#27;[38;5;112m[Appium]&amp#27;[0m No plugins have been installed. Use the "appium plugin" command to install the one(s) you want to use.
&amp#27;[38;5;86m[HTTP]&amp#27;[0m &amp#27;[37m-->&amp#27;[39m &amp#27;[37mGET&amp#27;[39m &amp#27;[37m/status&amp#27;[39m &amp#27;[90m{}&amp#27;[39m
&amp#27;[38;5;144m[AppiumDriver@536f]&amp#27;[0m Calling AppiumDriver.getStatus() with args: []
&amp#27;[38;5;144m[AppiumDriver@536f]&amp#27;[0m Responding to client with driver.getStatus() result: {"ready":true,"message":"The server is ready to accept new connections","build":{"version":"2.18.0"}}
Appium server started on port: 4724
&amp#27;[38;5;86m[HTTP]&amp#27;[0m &amp#27;[37m<-- GET /status &amp#27;[39m&amp#27;[32m200&amp#27;[39m &amp#27;[90m7 ms - 111&amp#27;[39m &amp#27;[90m&amp#27;[39m
&amp#27;[38;5;86m[HTTP]&amp#27;[0m Request idempotency key: bd1679bd-5c41-4e16-ab83-1d92f62f12aa
&amp#27;[38;5;86m[HTTP]&amp#27;[0m &amp#27;[37m-->&amp#27;[39m &amp#27;[37mPOST&amp#27;[39m &amp#27;[37m/session&amp#27;[39m &amp#27;[90m{"capabilities":{"firstMatch":[{}],"alwaysMatch":{"appium:appActivity":"com.androidsample.generalstore.SplashActivity","appium:appPackage":"com.androidsample.generalstore","appium:automationName":"UiAutomator2","appium:deviceName":"Samsung_Galaxy_S21","appium:noReset":true,"appium:platformVersion":"10.0","appium:systemPort":8201,"appium:udid":"R3CRC00KHBT","platformName":"ANDROID"}}}&amp#27;[39m
&amp#27;[38;5;144m[AppiumDriver@536f]&amp#27;[0m Calling AppiumDriver.createSession() with args: [null,null,{"firstMatch":[{}],"alwaysMatch":{"appium:appActivity":"com.androidsample.generalstore.SplashActivity","appium:appPackage":"com.androidsample.generalstore","appium:automationName":"UiAutomator2","appium:deviceName":"Samsung_Galaxy_S21","appium:noReset":true,"appium:platformVersion":"10.0","appium:systemPort":8201,"appium:udid":"R3CRC00KHBT","platformName":"ANDROID"}}]
&amp#27;[38;5;144m[AppiumDriver@536f]&amp#27;[0m Event 'newSessionRequested' logged at 1750278479375 (16:27:59 GMT-0400 (Eastern Daylight Saving Time))
&amp#27;[38;5;112m[Appium]&amp#27;[0m Attempting to find matching driver for automationName 'UiAutomator2' and platformName 'ANDROID'
&amp#27;[38;5;112m[Appium]&amp#27;[0m The 'uiautomator2' driver was installed and matched caps.
&amp#27;[38;5;112m[Appium]&amp#27;[0m Will require it at C:\Users\sajus\.appium\node_modules\appium-uiautomator2-driver
&amp#27;[38;5;112m[Appium]&amp#27;[0m Requiring driver at C:\Users\sajus\.appium\node_modules\appium-uiautomator2-driver\build\index.js
&amp#27;[38;5;144m[AppiumDriver@536f]&amp#27;[0m Appium v2.18.0 creating new AndroidUiautomator2Driver (v4.2.3) session
&amp#27;[38;5;144m[AppiumDriver@536f]&amp#27;[0m Checking BaseDriver versions for Appium and AndroidUiautomator2Driver
&amp#27;[38;5;144m[AppiumDriver@536f]&amp#27;[0m Appium's BaseDriver version is 9.17.0
&amp#27;[38;5;144m[AppiumDriver@536f]&amp#27;[0m AndroidUiautomator2Driver's BaseDriver version is 9.17.0
&amp#27;[38;5;-150m[AndroidUiautomator2Driver@72a1]&amp#27;[0m 
&amp#27;[38;5;-150m[AndroidUiautomator2Driver@72a1]&amp#27;[0m Creating session with W3C capabilities: {
  "alwaysMatch": {
    "platformName": "ANDROID",
    "appium:appActivity": "com.androidsample.generalstore.SplashActivity",
    "appium:appPackage": "com.androidsample.generalstore",
    "appium:automationName": "UiAutomator2",
    "appium:deviceName": "Samsung_Galaxy_S21",
    "appium:noReset": true,
    "appium:platformVersion": "10.0",
    "appium:systemPort": 8201,
    "appium:udid": "R3CRC00KHBT"
  },
  "firstMatch": [
    {}
  ]
}
&amp#27;[38;5;37m[2baf365b]&amp#27;[0m&amp#27;[38;5;-150m[AndroidUiautomator2Driver@72a1]&amp#27;[0m Session created with session id: 2baf365b-42a6-4973-955f-56c0cd69aa8e
&amp#27;[38;5;112m[Appium]&amp#27;[0m Welcome to Appium v2.18.0
&amp#27;[38;5;112m[Appium]&amp#27;[0m The autodetected Appium home path: C:\Users\sajus\.appium
&amp#27;[38;5;112m[Appium]&amp#27;[0m Attempting to load driver uiautomator2...
&amp#27;[38;5;37m[2baf365b]&amp#27;[0m&amp#27;[38;5;229m[ADB]&amp#27;[0m Found 3 'build-tools' folders under 'C:\Users\sajus\AppData\Local\Android\Sdk' (newest first):
&amp#27;[38;5;37m[2baf365b]&amp#27;[0m&amp#27;[38;5;229m[ADB]&amp#27;[0m     C:\Users\sajus\AppData\Local\Android\Sdk\build-tools\36.0.0
&amp#27;[38;5;37m[2baf365b]&amp#27;[0m&amp#27;[38;5;229m[ADB]&amp#27;[0m     C:\Users\sajus\AppData\Local\Android\Sdk\build-tools\35.0.1
&amp#27;[38;5;37m[2baf365b]&amp#27;[0m&amp#27;[38;5;229m[ADB]&amp#27;[0m     C:\Users\sajus\AppData\Local\Android\Sdk\build-tools\35.0.0
&amp#27;[38;5;37m[2baf365b]&amp#27;[0m&amp#27;[38;5;229m[ADB]&amp#27;[0m Using 'adb.exe' from 'C:\Users\sajus\AppData\Local\Android\Sdk\platform-tools\adb.exe'
&amp#27;[38;5;112m[Appium]&amp#27;[0m Requiring driver at C:\Users\sajus\.appium\node_modules\appium-uiautomator2-driver\build\index.js
&amp#27;[38;5;37m[2baf365b]&amp#27;[0m&amp#27;[38;5;229m[ADB]&amp#27;[0m Running 'C:\Users\sajus\AppData\Local\Android\Sdk\platform-tools\adb.exe -P 5037 start-server'
&amp#27;[38;5;37m[2baf365b]&amp#27;[0m&amp#27;[38;5;-150m[AndroidUiautomator2Driver@72a1]&amp#27;[0m Retrieving device list
&amp#27;[38;5;37m[2baf365b]&amp#27;[0m&amp#27;[38;5;229m[ADB]&amp#27;[0m Trying to find connected Android devices
&amp#27;[38;5;37m[2baf365b]&amp#27;[0m&amp#27;[38;5;229m[ADB]&amp#27;[0m Getting connected devices
&amp#27;[38;5;37m[2baf365b]&amp#27;[0m&amp#27;[38;5;229m[ADB]&amp#27;[0m Connected devices: [{"udid":"CTLID18120801016","state":"device"},{"udid":"R3CRC00KHBT","state":"device"}]
&amp#27;[38;5;37m[2baf365b]&amp#27;[0m&amp#27;[38;5;-150m[AndroidUiautomator2Driver@72a1]&amp#27;[0m Using device: R3CRC00KHBT
&amp#27;[38;5;37m[2baf365b]&amp#27;[0m&amp#27;[38;5;229m[ADB]&amp#27;[0m Using 'adb.exe' from 'C:\Users\sajus\AppData\Local\Android\Sdk\platform-tools\adb.exe'
&amp#27;[38;5;37m[2baf365b]&amp#27;[0m&amp#27;[38;5;229m[ADB]&amp#27;[0m Running 'C:\Users\sajus\AppData\Local\Android\Sdk\platform-tools\adb.exe -P 5037 start-server'
&amp#27;[38;5;37m[2baf365b]&amp#27;[0m&amp#27;[38;5;229m[ADB]&amp#27;[0m Setting device id to R3CRC00KHBT
&amp#27;[38;5;37m[2baf365b]&amp#27;[0m&amp#27;[38;5;-150m[AndroidUiautomator2Driver@72a1]&amp#27;[0m Starting 'com.androidsample.generalstore' directly on the device
&amp#27;[38;5;37m[2baf365b]&amp#27;[0m&amp#27;[38;5;229m[ADB]&amp#27;[0m Running 'C:\Users\sajus\AppData\Local\Android\Sdk\platform-tools\adb.exe -P 5037 -s R3CRC00KHBT shell getprop ro.build.version.sdk'
&amp#27;[38;5;37m[2baf365b]&amp#27;[0m&amp#27;[38;5;229m[ADB]&amp#27;[0m Current device property 'ro.build.version.sdk': 35
&amp#27;[38;5;37m[2baf365b]&amp#27;[0m&amp#27;[38;5;229m[ADB]&amp#27;[0m Getting device platform version
&amp#27;[38;5;37m[2baf365b]&amp#27;[0m&amp#27;[38;5;229m[ADB]&amp#27;[0m Running 'C:\Users\sajus\AppData\Local\Android\Sdk\platform-tools\adb.exe -P 5037 -s R3CRC00KHBT shell getprop ro.build.version.release'
&amp#27;[38;5;37m[2baf365b]&amp#27;[0m&amp#27;[38;5;229m[ADB]&amp#27;[0m Current device property 'ro.build.version.release': 15
&amp#27;[38;5;37m[2baf365b]&amp#27;[0m&amp#27;[38;5;229m[ADB]&amp#27;[0m Device API level: 35
&amp#27;[38;5;37m[2baf365b]&amp#27;[0m&amp#27;[38;5;-150m[AndroidUiautomator2Driver@72a1]&amp#27;[0m Relaxing hidden api policy
&amp#27;[38;5;37m[2baf365b]&amp#27;[0m&amp#27;[38;5;229m[ADB]&amp#27;[0m Running 'C:\Users\sajus\AppData\Local\Android\Sdk\platform-tools\adb.exe -P 5037 -s R3CRC00KHBT shell 'settings put global hidden_api_policy_pre_p_apps 1;settings put global hidden_api_policy_p_apps 1;settings put global hidden_api_policy 1''
&amp#27;[38;5;37m[2baf365b]&amp#27;[0m&amp#27;[38;5;-150m[AndroidUiautomator2Driver@72a1]&amp#27;[0m Pushing settings apk to the device...
&amp#27;[38;5;37m[2baf365b]&amp#27;[0m&amp#27;[38;5;229m[ADB]&amp#27;[0m Getting package info for 'io.appium.settings'
&amp#27;[38;5;37m[2baf365b]&amp#27;[0m&amp#27;[38;5;229m[ADB]&amp#27;[0m Running 'C:\Users\sajus\AppData\Local\Android\Sdk\platform-tools\adb.exe -P 5037 -s R3CRC00KHBT shell dumpsys package io.appium.settings'
&amp#27;[38;5;37m[2baf365b]&amp#27;[0m&amp#27;[38;5;229m[ADB]&amp#27;[0m Using 'aapt2.exe' from 'C:\Users\sajus\AppData\Local\Android\Sdk\build-tools\36.0.0\aapt2.exe'
&amp#27;[38;5;37m[2baf365b]&amp#27;[0m&amp#27;[38;5;229m[ADB]&amp#27;[0m Reading package manifest: 'C:\\Users\\sajus\\AppData\\Local\\Android\\Sdk\\build-tools\\36.0.0\\aapt2.exe dump badging C:\\Users\\sajus\\.appium\\node_modules\\appium-uiautomator2-driver\\node_modules\\io.appium.settings\\apks\\settings_apk-debug.apk'
&amp#27;[38;5;37m[2baf365b]&amp#27;[0m&amp#27;[38;5;229m[ADB]&amp#27;[0m The version name of the installed 'io.appium.settings' is greater or equal to the application version name ('5.14.8' >= '5.14.8')
&amp#27;[38;5;37m[2baf365b]&amp#27;[0m&amp#27;[38;5;229m[ADB]&amp#27;[0m There is no need to install/upgrade 'C:\Users\sajus\.appium\node_modules\appium-uiautomator2-driver\node_modules\io.appium.settings\apks\settings_apk-debug.apk'
&amp#27;[38;5;37m[2baf365b]&amp#27;[0m&amp#27;[38;5;229m[ADB]&amp#27;[0m Running 'C:\Users\sajus\AppData\Local\Android\Sdk\platform-tools\adb.exe -P 5037 -s R3CRC00KHBT shell dumpsys activity services io.appium.settings'
&amp#27;[38;5;37m[2baf365b]&amp#27;[0m&amp#27;[38;5;-150m[AndroidUiautomator2Driver@72a1]&amp#27;[0m io.appium.settings is already running. There is no need to reset its permissions.
&amp#27;[38;5;37m[2baf365b]&amp#27;[0m&amp#27;[38;5;160m[Logcat]&amp#27;[0m Starting logs capture with command: C:\\Users\\sajus\\AppData\\Local\\Android\\Sdk\\platform-tools\\adb.exe -P 5037 -s R3CRC00KHBT logcat -v threadtime
&amp#27;[38;5;37m[2baf365b]&amp#27;[0m&amp#27;[38;5;229m[ADB]&amp#27;[0m Running 'C:\Users\sajus\AppData\Local\Android\Sdk\platform-tools\adb.exe -P 5037 -s R3CRC00KHBT shell appops set io.appium.settings android:mock_location allow'
&amp#27;[38;5;112m[Appium]&amp#27;[0m AndroidUiautomator2Driver has been successfully loaded in 1.247s
&amp#27;[38;5;37m[2baf365b]&amp#27;[0m&amp#27;[38;5;229m[ADB]&amp#27;[0m Running 'C:\Users\sajus\AppData\Local\Android\Sdk\platform-tools\adb.exe -P 5037 -s R3CRC00KHBT shell "[ -e '/data/local/tmp/mock_apps.json' ] && echo __PASS__"'
&amp#27;[38;5;112m[Appium]&amp#27;[0m Appium REST http interface listener started on http://0.0.0.0:4723
&amp#27;[38;5;112m[Appium]&amp#27;[0m You can provide the following URLs in your client code to connect to this server:
	http://192.168.2.20:4723/
	http://127.0.0.1:4723/ (only accessible from the same host)
&amp#27;[38;5;112m[Appium]&amp#27;[0m Available drivers:
&amp#27;[38;5;112m[Appium]&amp#27;[0m   - uiautomator2@4.2.3 (automationName 'UiAutomator2')
&amp#27;[38;5;112m[Appium]&amp#27;[0m No plugins have been installed. Use the "appium plugin" command to install the one(s) you want to use.
&amp#27;[38;5;37m[2baf365b]&amp#27;[0m&amp#27;[38;5;229m[ADB]&amp#27;[0m Running 'C:\Users\sajus\AppData\Local\Android\Sdk\platform-tools\adb.exe -P 5037 -s R3CRC00KHBT shell cat /data/local/tmp/mock_apps.json'
&amp#27;[38;5;86m[HTTP]&amp#27;[0m &amp#27;[37m-->&amp#27;[39m &amp#27;[37mGET&amp#27;[39m &amp#27;[37m/status&amp#27;[39m &amp#27;[90m{}&amp#27;[39m
&amp#27;[38;5;200m[AppiumDriver@fa03]&amp#27;[0m Calling AppiumDriver.getStatus() with args: []
&amp#27;[38;5;200m[AppiumDriver@fa03]&amp#27;[0m Responding to client with driver.getStatus() result: {"ready":true,"message":"The server is ready to accept new connections","build":{"version":"2.18.0"}}
Appium server started on port: 4723
&amp#27;[38;5;86m[HTTP]&amp#27;[0m &amp#27;[37m<-- GET /status &amp#27;[39m&amp#27;[32m200&amp#27;[39m &amp#27;[90m7 ms - 111&amp#27;[39m &amp#27;[90m&amp#27;[39m
&amp#27;[38;5;86m[HTTP]&amp#27;[0m Request idempotency key: 7a7ac7f5-401f-441d-a90f-50a25e389b69
&amp#27;[38;5;37m[2baf365b]&amp#27;[0m&amp#27;[38;5;-150m[AndroidUiautomator2Driver@72a1]&amp#27;[0m Forwarding UiAutomator2 Server port 6790 to local port 8201
&amp#27;[38;5;37m[2baf365b]&amp#27;[0m&amp#27;[38;5;229m[ADB]&amp#27;[0m Forwarding system: 8201 to device: 6790
&amp#27;[38;5;37m[2baf365b]&amp#27;[0m&amp#27;[38;5;229m[ADB]&amp#27;[0m Running 'C:\Users\sajus\AppData\Local\Android\Sdk\platform-tools\adb.exe -P 5037 -s R3CRC00KHBT forward tcp:8201 tcp:6790'
&amp#27;[38;5;86m[HTTP]&amp#27;[0m &amp#27;[37m-->&amp#27;[39m &amp#27;[37mPOST&amp#27;[39m &amp#27;[37m/session&amp#27;[39m &amp#27;[90m{"capabilities":{"firstMatch":[{}],"alwaysMatch":{"appium:appActivity":"com.androidsample.generalstore.SplashActivity","appium:appPackage":"com.androidsample.generalstore","appium:automationName":"UiAutomator2","appium:deviceName":"Nokia","appium:noReset":true,"appium:platformVersion":"11.0","appium:systemPort":8202,"appium:udid":"CTLID18120801016","platformName":"ANDROID"}}}&amp#27;[39m
&amp#27;[38;5;200m[AppiumDriver@fa03]&amp#27;[0m Calling AppiumDriver.createSession() with args: [null,null,{"firstMatch":[{}],"alwaysMatch":{"appium:appActivity":"com.androidsample.generalstore.SplashActivity","appium:appPackage":"com.androidsample.generalstore","appium:automationName":"UiAutomator2","appium:deviceName":"Nokia","appium:noReset":true,"appium:platformVersion":"11.0","appium:systemPort":8202,"appium:udid":"CTLID18120801016","platformName":"ANDROID"}}]
&amp#27;[38;5;200m[AppiumDriver@fa03]&amp#27;[0m Event 'newSessionRequested' logged at 1750278481001 (16:28:01 GMT-0400 (Eastern Daylight Saving Time))
&amp#27;[38;5;112m[Appium]&amp#27;[0m Attempting to find matching driver for automationName 'UiAutomator2' and platformName 'ANDROID'
&amp#27;[38;5;112m[Appium]&amp#27;[0m The 'uiautomator2' driver was installed and matched caps.
&amp#27;[38;5;112m[Appium]&amp#27;[0m Will require it at C:\Users\sajus\.appium\node_modules\appium-uiautomator2-driver
&amp#27;[38;5;112m[Appium]&amp#27;[0m Requiring driver at C:\Users\sajus\.appium\node_modules\appium-uiautomator2-driver\build\index.js
&amp#27;[38;5;200m[AppiumDriver@fa03]&amp#27;[0m Appium v2.18.0 creating new AndroidUiautomator2Driver (v4.2.3) session
&amp#27;[38;5;200m[AppiumDriver@fa03]&amp#27;[0m Checking BaseDriver versions for Appium and AndroidUiautomator2Driver
&amp#27;[38;5;200m[AppiumDriver@fa03]&amp#27;[0m Appium's BaseDriver version is 9.17.0
&amp#27;[38;5;200m[AppiumDriver@fa03]&amp#27;[0m AndroidUiautomator2Driver's BaseDriver version is 9.17.0
&amp#27;[38;5;-178m[AndroidUiautomator2Driver@056d]&amp#27;[0m 
&amp#27;[38;5;-178m[AndroidUiautomator2Driver@056d]&amp#27;[0m Creating session with W3C capabilities: {
  "alwaysMatch": {
    "platformName": "ANDROID",
    "appium:appActivity": "com.androidsample.generalstore.SplashActivity",
    "appium:appPackage": "com.androidsample.generalstore",
    "appium:automationName": "UiAutomator2",
    "appium:deviceName": "Nokia",
    "appium:noReset": true,
    "appium:platformVersion": "11.0",
    "appium:systemPort": 8202,
    "appium:udid": "CTLID18120801016"
  },
  "firstMatch": [
    {}
  ]
}
&amp#27;[38;5;38m[1cab5bee]&amp#27;[0m&amp#27;[38;5;-178m[AndroidUiautomator2Driver@056d]&amp#27;[0m Session created with session id: 1cab5bee-650d-4539-9bb6-a2768b060d72
&amp#27;[38;5;38m[1cab5bee]&amp#27;[0m&amp#27;[38;5;229m[ADB]&amp#27;[0m Found 3 'build-tools' folders under 'C:\Users\sajus\AppData\Local\Android\Sdk' (newest first):
&amp#27;[38;5;38m[1cab5bee]&amp#27;[0m&amp#27;[38;5;229m[ADB]&amp#27;[0m     C:\Users\sajus\AppData\Local\Android\Sdk\build-tools\36.0.0
&amp#27;[38;5;38m[1cab5bee]&amp#27;[0m&amp#27;[38;5;229m[ADB]&amp#27;[0m     C:\Users\sajus\AppData\Local\Android\Sdk\build-tools\35.0.1
&amp#27;[38;5;38m[1cab5bee]&amp#27;[0m&amp#27;[38;5;229m[ADB]&amp#27;[0m     C:\Users\sajus\AppData\Local\Android\Sdk\build-tools\35.0.0
&amp#27;[38;5;38m[1cab5bee]&amp#27;[0m&amp#27;[38;5;229m[ADB]&amp#27;[0m Using 'adb.exe' from 'C:\Users\sajus\AppData\Local\Android\Sdk\platform-tools\adb.exe'
&amp#27;[38;5;38m[1cab5bee]&amp#27;[0m&amp#27;[38;5;229m[ADB]&amp#27;[0m Running 'C:\Users\sajus\AppData\Local\Android\Sdk\platform-tools\adb.exe -P 5037 start-server'
&amp#27;[38;5;37m[2baf365b]&amp#27;[0m&amp#27;[38;5;-150m[AndroidUiautomator2Driver@72a1]&amp#27;[0m UIA2Proxy options: {"server":"127.0.0.1","port":8201,"keepAlive":true,"scheme":"http","base":"","reqBasePath":"","sessionId":null,"timeout":240000}
&amp#27;[38;5;37m[2baf365b]&amp#27;[0m&amp#27;[38;5;229m[ADB]&amp#27;[0m Getting package info for 'io.appium.uiautomator2.server'
&amp#27;[38;5;37m[2baf365b]&amp#27;[0m&amp#27;[38;5;229m[ADB]&amp#27;[0m Running 'C:\Users\sajus\AppData\Local\Android\Sdk\platform-tools\adb.exe -P 5037 -s R3CRC00KHBT shell dumpsys package io.appium.uiautomator2.server'
&amp#27;[38;5;38m[1cab5bee]&amp#27;[0m&amp#27;[38;5;-178m[AndroidUiautomator2Driver@056d]&amp#27;[0m Retrieving device list
&amp#27;[38;5;38m[1cab5bee]&amp#27;[0m&amp#27;[38;5;229m[ADB]&amp#27;[0m Trying to find connected Android devices
&amp#27;[38;5;38m[1cab5bee]&amp#27;[0m&amp#27;[38;5;229m[ADB]&amp#27;[0m Getting connected devices
&amp#27;[38;5;37m[2baf365b]&amp#27;[0m&amp#27;[38;5;229m[ADB]&amp#27;[0m Getting install status for io.appium.uiautomator2.server.test
&amp#27;[38;5;37m[2baf365b]&amp#27;[0m&amp#27;[38;5;-150m[AndroidUiautomator2Driver@72a1]&amp#27;[0m No app capability. Assuming it is already on the device
&amp#27;[38;5;37m[2baf365b]&amp#27;[0m&amp#27;[38;5;229m[ADB]&amp#27;[0m Running 'C:\Users\sajus\AppData\Local\Android\Sdk\platform-tools\adb.exe -P 5037 -s R3CRC00KHBT shell cmd package list packages'
&amp#27;[38;5;38m[1cab5bee]&amp#27;[0m&amp#27;[38;5;229m[ADB]&amp#27;[0m Connected devices: [{"udid":"CTLID18120801016","state":"device"},{"udid":"R3CRC00KHBT","state":"device"}]
&amp#27;[38;5;37m[2baf365b]&amp#27;[0m&amp#27;[38;5;229m[ADB]&amp#27;[0m Reading package manifest: 'C:\\Users\\sajus\\AppData\\Local\\Android\\Sdk\\build-tools\\36.0.0\\aapt2.exe dump badging C:\\Users\\sajus\\.appium\\node_modules\\appium-uiautomator2-driver\\node_modules\\appium-uiautomator2-server\\apks\\appium-uiautomator2-server-v7.5.2.apk'
&amp#27;[38;5;38m[1cab5bee]&amp#27;[0m&amp#27;[38;5;-178m[AndroidUiautomator2Driver@056d]&amp#27;[0m Using device: CTLID18120801016
&amp#27;[38;5;38m[1cab5bee]&amp#27;[0m&amp#27;[38;5;229m[ADB]&amp#27;[0m Using 'adb.exe' from 'C:\Users\sajus\AppData\Local\Android\Sdk\platform-tools\adb.exe'
&amp#27;[38;5;38m[1cab5bee]&amp#27;[0m&amp#27;[38;5;229m[ADB]&amp#27;[0m Running 'C:\Users\sajus\AppData\Local\Android\Sdk\platform-tools\adb.exe -P 5037 start-server'
&amp#27;[38;5;37m[2baf365b]&amp#27;[0m&amp#27;[38;5;229m[ADB]&amp#27;[0m 'io.appium.uiautomator2.server.test' is installed
&amp#27;[38;5;38m[1cab5bee]&amp#27;[0m&amp#27;[38;5;229m[ADB]&amp#27;[0m Setting device id to CTLID18120801016
&amp#27;[38;5;38m[1cab5bee]&amp#27;[0m&amp#27;[38;5;-178m[AndroidUiautomator2Driver@056d]&amp#27;[0m Starting 'com.androidsample.generalstore' directly on the device
&amp#27;[38;5;38m[1cab5bee]&amp#27;[0m&amp#27;[38;5;229m[ADB]&amp#27;[0m Running 'C:\Users\sajus\AppData\Local\Android\Sdk\platform-tools\adb.exe -P 5037 -s CTLID18120801016 shell getprop ro.build.version.sdk'
&amp#27;[38;5;38m[1cab5bee]&amp#27;[0m&amp#27;[38;5;229m[ADB]&amp#27;[0m Current device property 'ro.build.version.sdk': 29
&amp#27;[38;5;38m[1cab5bee]&amp#27;[0m&amp#27;[38;5;229m[ADB]&amp#27;[0m Getting device platform version
&amp#27;[38;5;38m[1cab5bee]&amp#27;[0m&amp#27;[38;5;229m[ADB]&amp#27;[0m Running 'C:\Users\sajus\AppData\Local\Android\Sdk\platform-tools\adb.exe -P 5037 -s CTLID18120801016 shell getprop ro.build.version.release'
&amp#27;[38;5;37m[2baf365b]&amp#27;[0m&amp#27;[38;5;229m[ADB]&amp#27;[0m The version name of the installed 'io.appium.uiautomator2.server' is greater or equal to the application version name ('7.5.2' >= '7.5.2')
&amp#27;[38;5;37m[2baf365b]&amp#27;[0m&amp#27;[38;5;-150m[AndroidUiautomator2Driver@72a1]&amp#27;[0m Server packages status: [{"installState":"sameVersionInstalled","appPath":"C:\\Users\\sajus\\.appium\\node_modules\\appium-uiautomator2-driver\\node_modules\\appium-uiautomator2-server\\apks\\appium-uiautomator2-server-v7.5.2.apk","appId":"io.appium.uiautomator2.server"},{"installState":"sameVersionInstalled","appPath":"C:\\Users\\sajus\\.appium\\node_modules\\appium-uiautomator2-driver\\node_modules\\appium-uiautomator2-server\\apks\\appium-uiautomator2-server-debug-androidTest.apk","appId":"io.appium.uiautomator2.server.test"}]
&amp#27;[38;5;37m[2baf365b]&amp#27;[0m&amp#27;[38;5;-150m[AndroidUiautomator2Driver@72a1]&amp#27;[0m Server packages are not going to be (re)installed
&amp#27;[38;5;37m[2baf365b]&amp#27;[0m&amp#27;[38;5;-150m[AndroidUiautomator2Driver@72a1]&amp#27;[0m Waiting up to 30000ms for services to be available
&amp#27;[38;5;37m[2baf365b]&amp#27;[0m&amp#27;[38;5;229m[ADB]&amp#27;[0m Running 'C:\Users\sajus\AppData\Local\Android\Sdk\platform-tools\adb.exe -P 5037 -s R3CRC00KHBT shell pm list instrumentation'
&amp#27;[38;5;38m[1cab5bee]&amp#27;[0m&amp#27;[38;5;229m[ADB]&amp#27;[0m Current device property 'ro.build.version.release': 10
&amp#27;[38;5;38m[1cab5bee]&amp#27;[0m&amp#27;[38;5;229m[ADB]&amp#27;[0m Device API level: 29
&amp#27;[38;5;38m[1cab5bee]&amp#27;[0m&amp#27;[38;5;-178m[AndroidUiautomator2Driver@056d]&amp#27;[0m Relaxing hidden api policy
&amp#27;[38;5;38m[1cab5bee]&amp#27;[0m&amp#27;[38;5;229m[ADB]&amp#27;[0m Running 'C:\Users\sajus\AppData\Local\Android\Sdk\platform-tools\adb.exe -P 5037 -s CTLID18120801016 shell 'settings put global hidden_api_policy_pre_p_apps 1;settings put global hidden_api_policy_p_apps 1;settings put global hidden_api_policy 1''
&amp#27;[38;5;37m[2baf365b]&amp#27;[0m&amp#27;[38;5;-150m[AndroidUiautomator2Driver@72a1]&amp#27;[0m Instrumentation target 'io.appium.uiautomator2.server.test/androidx.test.runner.AndroidJUnitRunner' is available
&amp#27;[38;5;38m[1cab5bee]&amp#27;[0m&amp#27;[38;5;-178m[AndroidUiautomator2Driver@056d]&amp#27;[0m Pushing settings apk to the device...
&amp#27;[38;5;37m[2baf365b]&amp#27;[0m&amp#27;[38;5;229m[ADB]&amp#27;[0m Adding packages ["io.appium.settings","io.appium.uiautomator2.server","io.appium.uiautomator2.server.test"] to Doze whitelist
&amp#27;[38;5;37m[2baf365b]&amp#27;[0m&amp#27;[38;5;229m[ADB]&amp#27;[0m Got the following command chunks to execute: [["dumpsys","deviceidle","whitelist","+io.appium.settings",";","dumpsys","deviceidle","whitelist","+io.appium.uiautomator2.server",";","dumpsys","deviceidle","whitelist","+io.appium.uiautomator2.server.test",";"]]
&amp#27;[38;5;37m[2baf365b]&amp#27;[0m&amp#27;[38;5;229m[ADB]&amp#27;[0m Running 'C:\Users\sajus\AppData\Local\Android\Sdk\platform-tools\adb.exe -P 5037 -s R3CRC00KHBT shell dumpsys deviceidle whitelist +io.appium.settings ; dumpsys deviceidle whitelist +io.appium.uiautomator2.server ; dumpsys deviceidle whitelist +io.appium.uiautomator2.server.test ;'
&amp#27;[38;5;38m[1cab5bee]&amp#27;[0m&amp#27;[38;5;229m[ADB]&amp#27;[0m Getting package info for 'io.appium.settings'
&amp#27;[38;5;38m[1cab5bee]&amp#27;[0m&amp#27;[38;5;229m[ADB]&amp#27;[0m Running 'C:\Users\sajus\AppData\Local\Android\Sdk\platform-tools\adb.exe -P 5037 -s CTLID18120801016 shell dumpsys package io.appium.settings'
&amp#27;[38;5;38m[1cab5bee]&amp#27;[0m&amp#27;[38;5;229m[ADB]&amp#27;[0m Using 'aapt2.exe' from 'C:\Users\sajus\AppData\Local\Android\Sdk\build-tools\36.0.0\aapt2.exe'
&amp#27;[38;5;38m[1cab5bee]&amp#27;[0m&amp#27;[38;5;229m[ADB]&amp#27;[0m Reading package manifest: 'C:\\Users\\sajus\\AppData\\Local\\Android\\Sdk\\build-tools\\36.0.0\\aapt2.exe dump badging C:\\Users\\sajus\\.appium\\node_modules\\appium-uiautomator2-driver\\node_modules\\io.appium.settings\\apks\\settings_apk-debug.apk'
&amp#27;[38;5;37m[2baf365b]&amp#27;[0m&amp#27;[38;5;-150m[AndroidUiautomator2Driver@72a1]&amp#27;[0m Performing shallow cleanup of automation leftovers
&amp#27;[38;5;38m[1cab5bee]&amp#27;[0m&amp#27;[38;5;229m[ADB]&amp#27;[0m The version name of the installed 'io.appium.settings' is greater or equal to the application version name ('5.14.8' >= '5.14.8')
&amp#27;[38;5;38m[1cab5bee]&amp#27;[0m&amp#27;[38;5;229m[ADB]&amp#27;[0m There is no need to install/upgrade 'C:\Users\sajus\.appium\node_modules\appium-uiautomator2-driver\node_modules\io.appium.settings\apks\settings_apk-debug.apk'
&amp#27;[38;5;38m[1cab5bee]&amp#27;[0m&amp#27;[38;5;229m[ADB]&amp#27;[0m Running 'C:\Users\sajus\AppData\Local\Android\Sdk\platform-tools\adb.exe -P 5037 -s CTLID18120801016 shell dumpsys activity services io.appium.settings'
&amp#27;[38;5;37m[2baf365b]&amp#27;[0m&amp#27;[38;5;-150m[AndroidUiautomator2Driver@72a1]&amp#27;[0m No obsolete sessions have been detected (socket hang up)
&amp#27;[38;5;37m[2baf365b]&amp#27;[0m&amp#27;[38;5;229m[ADB]&amp#27;[0m Running 'C:\Users\sajus\AppData\Local\Android\Sdk\platform-tools\adb.exe -P 5037 -s R3CRC00KHBT shell am force-stop io.appium.uiautomator2.server'
&amp#27;[38;5;38m[1cab5bee]&amp#27;[0m&amp#27;[38;5;-178m[AndroidUiautomator2Driver@056d]&amp#27;[0m io.appium.settings is already running. There is no need to reset its permissions.
&amp#27;[38;5;38m[1cab5bee]&amp#27;[0m&amp#27;[38;5;160m[Logcat]&amp#27;[0m Starting logs capture with command: C:\\Users\\sajus\\AppData\\Local\\Android\\Sdk\\platform-tools\\adb.exe -P 5037 -s CTLID18120801016 logcat -v threadtime
&amp#27;[38;5;37m[2baf365b]&amp#27;[0m&amp#27;[38;5;229m[ADB]&amp#27;[0m Running 'C:\Users\sajus\AppData\Local\Android\Sdk\platform-tools\adb.exe -P 5037 -s R3CRC00KHBT shell am force-stop io.appium.uiautomator2.server.test'
&amp#27;[38;5;38m[1cab5bee]&amp#27;[0m&amp#27;[38;5;229m[ADB]&amp#27;[0m Running 'C:\Users\sajus\AppData\Local\Android\Sdk\platform-tools\adb.exe -P 5037 -s CTLID18120801016 shell appops set io.appium.settings android:mock_location allow'
&amp#27;[38;5;37m[2baf365b]&amp#27;[0m&amp#27;[38;5;-150m[AndroidUiautomator2Driver@72a1]&amp#27;[0m Starting UIAutomator2 server 7.5.2
&amp#27;[38;5;37m[2baf365b]&amp#27;[0m&amp#27;[38;5;-150m[AndroidUiautomator2Driver@72a1]&amp#27;[0m Using UIAutomator2 server from 'C:\Users\sajus\.appium\node_modules\appium-uiautomator2-driver\node_modules\appium-uiautomator2-server\apks\appium-uiautomator2-server-v7.5.2.apk' and test from 'C:\Users\sajus\.appium\node_modules\appium-uiautomator2-driver\node_modules\appium-uiautomator2-server\apks\appium-uiautomator2-server-debug-androidTest.apk'
&amp#27;[38;5;37m[2baf365b]&amp#27;[0m&amp#27;[38;5;-150m[AndroidUiautomator2Driver@72a1]&amp#27;[0m Waiting up to 30000ms for UiAutomator2 to be online...
&amp#27;[38;5;37m[2baf365b]&amp#27;[0m&amp#27;[38;5;229m[ADB]&amp#27;[0m Creating ADB subprocess with args: ["-P","5037","-s","R3CRC00KHBT","shell","am","instrument","-w","-e","disableAnalytics","true","io.appium.uiautomator2.server.test/androidx.test.runner.AndroidJUnitRunner"]
&amp#27;[38;5;38m[1cab5bee]&amp#27;[0m&amp#27;[38;5;229m[ADB]&amp#27;[0m Running 'C:\Users\sajus\AppData\Local\Android\Sdk\platform-tools\adb.exe -P 5037 -s CTLID18120801016 shell "[ -e '/data/local/tmp/mock_apps.json' ] && echo __PASS__"'
&amp#27;[38;5;37m[2baf365b]&amp#27;[0m&amp#27;[38;5;-150m[AndroidUiautomator2Driver@72a1]&amp#27;[0m Matched '/status' to command name 'getStatus'
&amp#27;[38;5;37m[2baf365b]&amp#27;[0m&amp#27;[38;5;-150m[AndroidUiautomator2Driver@72a1]&amp#27;[0m Proxying [GET /status] to [GET http://127.0.0.1:8201/status] with no body
&amp#27;[38;5;38m[1cab5bee]&amp#27;[0m&amp#27;[38;5;229m[ADB]&amp#27;[0m Running 'C:\Users\sajus\AppData\Local\Android\Sdk\platform-tools\adb.exe -P 5037 -s CTLID18120801016 shell cat /data/local/tmp/mock_apps.json'
&amp#27;[38;5;37m[2baf365b]&amp#27;[0m&amp#27;[38;5;-150m[AndroidUiautomator2Driver@72a1]&amp#27;[0m socket hang up
&amp#27;[38;5;38m[1cab5bee]&amp#27;[0m&amp#27;[38;5;-178m[AndroidUiautomator2Driver@056d]&amp#27;[0m Forwarding UiAutomator2 Server port 6790 to local port 8202
&amp#27;[38;5;38m[1cab5bee]&amp#27;[0m&amp#27;[38;5;229m[ADB]&amp#27;[0m Forwarding system: 8202 to device: 6790
&amp#27;[38;5;38m[1cab5bee]&amp#27;[0m&amp#27;[38;5;229m[ADB]&amp#27;[0m Running 'C:\Users\sajus\AppData\Local\Android\Sdk\platform-tools\adb.exe -P 5037 -s CTLID18120801016 forward tcp:8202 tcp:6790'
&amp#27;[38;5;38m[1cab5bee]&amp#27;[0m&amp#27;[38;5;-178m[AndroidUiautomator2Driver@056d]&amp#27;[0m UIA2Proxy options: {"server":"127.0.0.1","port":8202,"keepAlive":true,"scheme":"http","base":"","reqBasePath":"","sessionId":null,"timeout":240000}
&amp#27;[38;5;38m[1cab5bee]&amp#27;[0m&amp#27;[38;5;229m[ADB]&amp#27;[0m Getting package info for 'io.appium.uiautomator2.server'
&amp#27;[38;5;38m[1cab5bee]&amp#27;[0m&amp#27;[38;5;229m[ADB]&amp#27;[0m Running 'C:\Users\sajus\AppData\Local\Android\Sdk\platform-tools\adb.exe -P 5037 -s CTLID18120801016 shell dumpsys package io.appium.uiautomator2.server'
&amp#27;[38;5;38m[1cab5bee]&amp#27;[0m&amp#27;[38;5;229m[ADB]&amp#27;[0m Getting install status for io.appium.uiautomator2.server.test
&amp#27;[38;5;38m[1cab5bee]&amp#27;[0m&amp#27;[38;5;-178m[AndroidUiautomator2Driver@056d]&amp#27;[0m No app capability. Assuming it is already on the device
&amp#27;[38;5;38m[1cab5bee]&amp#27;[0m&amp#27;[38;5;229m[ADB]&amp#27;[0m Running 'C:\Users\sajus\AppData\Local\Android\Sdk\platform-tools\adb.exe -P 5037 -s CTLID18120801016 shell cmd package list packages'
&amp#27;[38;5;38m[1cab5bee]&amp#27;[0m&amp#27;[38;5;229m[ADB]&amp#27;[0m Reading package manifest: 'C:\\Users\\sajus\\AppData\\Local\\Android\\Sdk\\build-tools\\36.0.0\\aapt2.exe dump badging C:\\Users\\sajus\\.appium\\node_modules\\appium-uiautomator2-driver\\node_modules\\appium-uiautomator2-server\\apks\\appium-uiautomator2-server-v7.5.2.apk'
&amp#27;[38;5;38m[1cab5bee]&amp#27;[0m&amp#27;[38;5;229m[ADB]&amp#27;[0m 'io.appium.uiautomator2.server.test' is installed
&amp#27;[38;5;38m[1cab5bee]&amp#27;[0m&amp#27;[38;5;229m[ADB]&amp#27;[0m The version name of the installed 'io.appium.uiautomator2.server' is greater or equal to the application version name ('7.5.2' >= '7.5.2')
&amp#27;[38;5;38m[1cab5bee]&amp#27;[0m&amp#27;[38;5;-178m[AndroidUiautomator2Driver@056d]&amp#27;[0m Server packages status: [{"installState":"sameVersionInstalled","appPath":"C:\\Users\\sajus\\.appium\\node_modules\\appium-uiautomator2-driver\\node_modules\\appium-uiautomator2-server\\apks\\appium-uiautomator2-server-v7.5.2.apk","appId":"io.appium.uiautomator2.server"},{"installState":"sameVersionInstalled","appPath":"C:\\Users\\sajus\\.appium\\node_modules\\appium-uiautomator2-driver\\node_modules\\appium-uiautomator2-server\\apks\\appium-uiautomator2-server-debug-androidTest.apk","appId":"io.appium.uiautomator2.server.test"}]
&amp#27;[38;5;38m[1cab5bee]&amp#27;[0m&amp#27;[38;5;-178m[AndroidUiautomator2Driver@056d]&amp#27;[0m Server packages are not going to be (re)installed
&amp#27;[38;5;38m[1cab5bee]&amp#27;[0m&amp#27;[38;5;-178m[AndroidUiautomator2Driver@056d]&amp#27;[0m Waiting up to 30000ms for services to be available
&amp#27;[38;5;38m[1cab5bee]&amp#27;[0m&amp#27;[38;5;229m[ADB]&amp#27;[0m Running 'C:\Users\sajus\AppData\Local\Android\Sdk\platform-tools\adb.exe -P 5037 -s CTLID18120801016 shell pm list instrumentation'
&amp#27;[38;5;37m[2baf365b]&amp#27;[0m&amp#27;[38;5;-150m[AndroidUiautomator2Driver@72a1]&amp#27;[0m [Instrumentation] 
&amp#27;[38;5;38m[1cab5bee]&amp#27;[0m&amp#27;[38;5;-178m[AndroidUiautomator2Driver@056d]&amp#27;[0m Instrumentation target 'io.appium.uiautomator2.server.test/androidx.test.runner.AndroidJUnitRunner' is available
&amp#27;[38;5;38m[1cab5bee]&amp#27;[0m&amp#27;[38;5;229m[ADB]&amp#27;[0m Adding packages ["io.appium.settings","io.appium.uiautomator2.server","io.appium.uiautomator2.server.test"] to Doze whitelist
&amp#27;[38;5;38m[1cab5bee]&amp#27;[0m&amp#27;[38;5;229m[ADB]&amp#27;[0m Got the following command chunks to execute: [["dumpsys","deviceidle","whitelist","+io.appium.settings",";","dumpsys","deviceidle","whitelist","+io.appium.uiautomator2.server",";","dumpsys","deviceidle","whitelist","+io.appium.uiautomator2.server.test",";"]]
&amp#27;[38;5;38m[1cab5bee]&amp#27;[0m&amp#27;[38;5;229m[ADB]&amp#27;[0m Running 'C:\Users\sajus\AppData\Local\Android\Sdk\platform-tools\adb.exe -P 5037 -s CTLID18120801016 shell dumpsys deviceidle whitelist +io.appium.settings ; dumpsys deviceidle whitelist +io.appium.uiautomator2.server ; dumpsys deviceidle whitelist +io.appium.uiautomator2.server.test ;'
&amp#27;[38;5;38m[1cab5bee]&amp#27;[0m&amp#27;[38;5;-178m[AndroidUiautomator2Driver@056d]&amp#27;[0m Performing shallow cleanup of automation leftovers
&amp#27;[38;5;38m[1cab5bee]&amp#27;[0m&amp#27;[38;5;-178m[AndroidUiautomator2Driver@056d]&amp#27;[0m No obsolete sessions have been detected (socket hang up)
&amp#27;[38;5;38m[1cab5bee]&amp#27;[0m&amp#27;[38;5;229m[ADB]&amp#27;[0m Running 'C:\Users\sajus\AppData\Local\Android\Sdk\platform-tools\adb.exe -P 5037 -s CTLID18120801016 shell am force-stop io.appium.uiautomator2.server'
&amp#27;[38;5;38m[1cab5bee]&amp#27;[0m&amp#27;[38;5;229m[ADB]&amp#27;[0m Running 'C:\Users\sajus\AppData\Local\Android\Sdk\platform-tools\adb.exe -P 5037 -s CTLID18120801016 shell am force-stop io.appium.uiautomator2.server.test'
&amp#27;[38;5;37m[2baf365b]&amp#27;[0m&amp#27;[38;5;-150m[AndroidUiautomator2Driver@72a1]&amp#27;[0m Matched '/status' to command name 'getStatus'
&amp#27;[38;5;37m[2baf365b]&amp#27;[0m&amp#27;[38;5;-150m[AndroidUiautomator2Driver@72a1]&amp#27;[0m Proxying [GET /status] to [GET http://127.0.0.1:8201/status] with no body
&amp#27;[38;5;37m[2baf365b]&amp#27;[0m&amp#27;[38;5;-150m[AndroidUiautomator2Driver@72a1]&amp#27;[0m Got response with status 200: {"sessionId":"None","value":{"message":"UiAutomator2 Server is ready to accept commands","ready":true}}
&amp#27;[38;5;37m[2baf365b]&amp#27;[0m&amp#27;[38;5;-150m[AndroidUiautomator2Driver@72a1]&amp#27;[0m The initialization of the instrumentation process took 1222ms
&amp#27;[38;5;37m[2baf365b]&amp#27;[0m&amp#27;[38;5;-150m[AndroidUiautomator2Driver@72a1]&amp#27;[0m Matched '/session' to command name 'createSession'
&amp#27;[38;5;37m[2baf365b]&amp#27;[0m&amp#27;[38;5;-150m[AndroidUiautomator2Driver@72a1]&amp#27;[0m Proxying [POST /session] to [POST http://127.0.0.1:8201/session] with body: {"capabilities":{"firstMatch":[{"platformName":"ANDROID","appActivity":"com.androidsample.generalstore.SplashActivity","appPackage":"com.androidsample.generalstore","automationName":"UiAutomator2","deviceName":"R3CRC00KHBT","noReset":true,"platformVersion":"10.0","systemPort":8201,"udid":"R3CRC00KHBT","platform":"LINUX","webStorageEnabled":false,"takesScreenshot":true,"javascriptEnabled":true,"databaseEnabled":false,"networkConnectionEnabled":true,"locationContextEnabled":false,"warnings":{},"desired":{"platformName":"ANDROID","appActivity":"com.androidsample.generalstore.SplashActivity","appPackage":"com.androidsample.generalstore","automationName":"UiAutomator2","deviceName":"Samsung_Galaxy_S21","noReset":true,"platformVersion":"10.0","systemPort":8201,"udid":"R3CRC00KHBT"},"deviceUDID":"R3CRC00KHBT"}],"alwaysMatch":{}}}
&amp#27;[38;5;37m[2baf365b]&amp#27;[0m&amp#27;[38;5;-150m[AndroidUiautomator2Driver@72a1]&amp#27;[0m Got response with status 200: {"sessionId":"430b8a02-e499-45fb-a146-83ced30c5381","value":{"capabilities":{"firstMatch":[{"platformName":"ANDROID","appActivity":"com.androidsample.generalstore.SplashActivity","appPackage":"com.androidsample.generalstore","automationName":"UiAutomator2","deviceName":"R3CRC00KHBT","noReset":true,"platformVersion":"10.0","systemPort":8201,"udid":"R3CRC00KHBT","platform":"LINUX","webStorageEnabled":false,"takesScreenshot":true,"javascriptEnabled":true,"databaseEnabled":false,"networkConnectionEnabled":true,"locationContextEnabled":false,"warnings":{},"desired":{"platformName":"ANDROID","appActivity":"com.androidsample.generalstore.SplashActivity","appPackage":"com.androidsample.generalstore","automationName":"UiAutomator2","deviceName":"Samsung_Galaxy_S21","noReset":true,"platformVersion":"10.0","systemPort":8201,"udid":"R3CRC00KHBT"},"deviceUDID":"R3CRC00KHBT"}],"alwaysMatch":{}},"sessionId":"430b8a02-e499-45fb-a146-83ced30c5381"}}
&amp#27;[38;5;37m[2baf365b]&amp#27;[0m&amp#27;[38;5;-150m[AndroidUiautomator2Driver@72a1]&amp#27;[0m Determined the downstream protocol as 'W3C'
&amp#27;[38;5;37m[2baf365b]&amp#27;[0m&amp#27;[38;5;-150m[AndroidUiautomator2Driver@72a1]&amp#27;[0m Proxying [GET /appium/device/pixel_ratio] to [GET http://127.0.0.1:8201/session/430b8a02-e499-45fb-a146-83ced30c5381/appium/device/pixel_ratio] with no body
&amp#27;[38;5;37m[2baf365b]&amp#27;[0m&amp#27;[38;5;-150m[AndroidUiautomator2Driver@72a1]&amp#27;[0m Matched '/appium/device/system_bars' to command name 'getSystemBars'
&amp#27;[38;5;37m[2baf365b]&amp#27;[0m&amp#27;[38;5;-150m[AndroidUiautomator2Driver@72a1]&amp#27;[0m Proxying [GET /appium/device/system_bars] to [GET http://127.0.0.1:8201/session/430b8a02-e499-45fb-a146-83ced30c5381/appium/device/system_bars] with no body
&amp#27;[38;5;37m[2baf365b]&amp#27;[0m&amp#27;[38;5;-150m[AndroidUiautomator2Driver@72a1]&amp#27;[0m Matched '/window/current/size' to command name 'getWindowSize'
&amp#27;[38;5;37m[2baf365b]&amp#27;[0m&amp#27;[38;5;-150m[AndroidUiautomator2Driver@72a1]&amp#27;[0m Proxying [GET /window/current/size] to [GET http://127.0.0.1:8201/session/430b8a02-e499-45fb-a146-83ced30c5381/window/current/size] with no body
&amp#27;[38;5;37m[2baf365b]&amp#27;[0m&amp#27;[38;5;-150m[AndroidUiautomator2Driver@72a1]&amp#27;[0m Proxying [GET /appium/device/info] to [GET http://127.0.0.1:8201/session/430b8a02-e499-45fb-a146-83ced30c5381/appium/device/info] with no body
&amp#27;[38;5;37m[2baf365b]&amp#27;[0m&amp#27;[38;5;229m[ADB]&amp#27;[0m Running 'C:\Users\sajus\AppData\Local\Android\Sdk\platform-tools\adb.exe -P 5037 -s R3CRC00KHBT shell dumpsys window'
&amp#27;[38;5;38m[1cab5bee]&amp#27;[0m&amp#27;[38;5;-178m[AndroidUiautomator2Driver@056d]&amp#27;[0m Starting UIAutomator2 server 7.5.2
&amp#27;[38;5;38m[1cab5bee]&amp#27;[0m&amp#27;[38;5;-178m[AndroidUiautomator2Driver@056d]&amp#27;[0m Using UIAutomator2 server from 'C:\Users\sajus\.appium\node_modules\appium-uiautomator2-driver\node_modules\appium-uiautomator2-server\apks\appium-uiautomator2-server-v7.5.2.apk' and test from 'C:\Users\sajus\.appium\node_modules\appium-uiautomator2-driver\node_modules\appium-uiautomator2-server\apks\appium-uiautomator2-server-debug-androidTest.apk'
&amp#27;[38;5;38m[1cab5bee]&amp#27;[0m&amp#27;[38;5;-178m[AndroidUiautomator2Driver@056d]&amp#27;[0m Waiting up to 30000ms for UiAutomator2 to be online...
&amp#27;[38;5;38m[1cab5bee]&amp#27;[0m&amp#27;[38;5;229m[ADB]&amp#27;[0m Creating ADB subprocess with args: ["-P","5037","-s","CTLID18120801016","shell","am","instrument","-w","-e","disableAnalytics","true","io.appium.uiautomator2.server.test/androidx.test.runner.AndroidJUnitRunner"]
&amp#27;[38;5;37m[2baf365b]&amp#27;[0m&amp#27;[38;5;229m[ADB]&amp#27;[0m Running 'C:\Users\sajus\AppData\Local\Android\Sdk\platform-tools\adb.exe -P 5037 -s R3CRC00KHBT shell dumpsys power'
&amp#27;[38;5;38m[1cab5bee]&amp#27;[0m&amp#27;[38;5;-178m[AndroidUiautomator2Driver@056d]&amp#27;[0m Matched '/status' to command name 'getStatus'
&amp#27;[38;5;38m[1cab5bee]&amp#27;[0m&amp#27;[38;5;-178m[AndroidUiautomator2Driver@056d]&amp#27;[0m Proxying [GET /status] to [GET http://127.0.0.1:8202/status] with no body
&amp#27;[38;5;38m[1cab5bee]&amp#27;[0m&amp#27;[38;5;-178m[AndroidUiautomator2Driver@056d]&amp#27;[0m socket hang up
&amp#27;[38;5;37m[2baf365b]&amp#27;[0m&amp#27;[38;5;-150m[AndroidUiautomator2Driver@72a1]&amp#27;[0m Got response with status 200: {"sessionId":"430b8a02-e499-45fb-a146-83ced30c5381","value":3}
&amp#27;[38;5;37m[2baf365b]&amp#27;[0m&amp#27;[38;5;-150m[AndroidUiautomator2Driver@72a1]&amp#27;[0m Got response with status 200: {"sessionId":"430b8a02-e499-45fb-a146-83ced30c5381","value":{"height":2400,"width":1080}}
&amp#27;[38;5;37m[2baf365b]&amp#27;[0m&amp#27;[38;5;-150m[AndroidUiautomator2Driver@72a1]&amp#27;[0m Got response with status 200: {"sessionId":"430b8a02-e499-45fb-a146-83ced30c5381","value":{"statusBar":80}}
&amp#27;[38;5;37m[2baf365b]&amp#27;[0m&amp#27;[38;5;-150m[AndroidUiautomator2Driver@72a1]&amp#27;[0m Got response with status 200: {"sessionId":"430b8a02-e499-45fb-a146-83ced30c5381","value":{"androidId":"f27012414286a658","apiVersion":"35","bluetooth":{"state":"ON"},"brand":"samsung","carrierName":"","displayDensity":480,"locale":"en_CA","manufacturer":"samsung","model":"SM-G991W","networks":[{"capabilities":{"SSID":null,"linkDownBandwidthKbps":282299,"linkUpstreamBandwidthKbps":1421,"networkCapabilities":"NET_CAPABILITY_NOT_METERED,NET_CAPABILITY_INTERNET,NET_CAPABILITY_NOT_RESTRICTED,NET_CAPABILITY_TRUSTED,NET_CAPABILITY_NOT_VPN,NET_CAPABILITY_VALIDATED,NET_CAPABILITY_NOT_ROAMING,NET_CAPABILITY_FOREGROUND,NET_CAPABILITY_NOT_CONGESTED,NET_CAPABILITY_NOT_SUSPENDED","signalStrength":-44,"transportTypes":"TRANSPORT_WIFI"},"detailedState":"CONNECTED","extraInfo":"","isAvailable":true,"isConnected":true,"isFailover":false,"isRoaming":false,"state":"CONNECTED","subtype":-1,"subtypeName":"","type":1,"typeName":"WIFI"}],"platformVersion":"15","realDisplaySize":"1080x2400","timeZone":"America/New_York"}}
&amp#27;[38;5;37m[2baf365b]&amp#27;[0m&amp#27;[38;5;-150m[AndroidUiautomator2Driver@72a1]&amp#27;[0m Screen already unlocked, doing nothing
&amp#27;[38;5;37m[2baf365b]&amp#27;[0m&amp#27;[38;5;-150m[AndroidUiautomator2Driver@72a1]&amp#27;[0m Starting 'com.androidsample.generalstore/com.androidsample.generalstore.SplashActivity' and waiting for 'com.androidsample.generalstore/com.androidsample.generalstore.SplashActivity'
&amp#27;[38;5;37m[2baf365b]&amp#27;[0m&amp#27;[38;5;229m[ADB]&amp#27;[0m Getting IDs of all 'com.androidsample.generalstore' processes
&amp#27;[38;5;37m[2baf365b]&amp#27;[0m&amp#27;[38;5;229m[ADB]&amp#27;[0m Running 'C:\Users\sajus\AppData\Local\Android\Sdk\platform-tools\adb.exe -P 5037 -s R3CRC00KHBT shell 'pgrep --help; echo $?''
&amp#27;[38;5;37m[2baf365b]&amp#27;[0m&amp#27;[38;5;229m[ADB]&amp#27;[0m Running 'C:\Users\sajus\AppData\Local\Android\Sdk\platform-tools\adb.exe -P 5037 -s R3CRC00KHBT shell pgrep -f \(\[\[:blank:\]\]\|\^\)com\.androidsample\.generalstore\(:\[a-zA-Z0-9_-\]\+\)\?\(\[\[:blank:\]\]\|\$\)'
&amp#27;[38;5;37m[2baf365b]&amp#27;[0m&amp#27;[38;5;229m[ADB]&amp#27;[0m Running 'C:\Users\sajus\AppData\Local\Android\Sdk\platform-tools\adb.exe -P 5037 -s R3CRC00KHBT shell am start-activity -W -n com.androidsample.generalstore/com.androidsample.generalstore.SplashActivity -S -a android.intent.action.MAIN -c android.intent.category.LAUNCHER -f 0x10200000'
&amp#27;[38;5;38m[1cab5bee]&amp#27;[0m&amp#27;[38;5;-178m[AndroidUiautomator2Driver@056d]&amp#27;[0m Matched '/status' to command name 'getStatus'
&amp#27;[38;5;38m[1cab5bee]&amp#27;[0m&amp#27;[38;5;-178m[AndroidUiautomator2Driver@056d]&amp#27;[0m Proxying [GET /status] to [GET http://127.0.0.1:8202/status] with no body
&amp#27;[38;5;38m[1cab5bee]&amp#27;[0m&amp#27;[38;5;-178m[AndroidUiautomator2Driver@056d]&amp#27;[0m socket hang up
&amp#27;[38;5;37m[2baf365b]&amp#27;[0m&amp#27;[38;5;144m[AppiumDriver@536f]&amp#27;[0m New AndroidUiautomator2Driver session created successfully, session 2baf365b-42a6-4973-955f-56c0cd69aa8e added to master session list
&amp#27;[38;5;37m[2baf365b]&amp#27;[0m&amp#27;[38;5;144m[AppiumDriver@536f]&amp#27;[0m Event 'newSessionStarted' logged at 1750278484695 (16:28:04 GMT-0400 (Eastern Daylight Saving Time))
&amp#27;[38;5;37m[2baf365b]&amp#27;[0m&amp#27;[38;5;-150m[AndroidUiautomator2Driver@72a1]&amp#27;[0m Cached the protocol value 'W3C' for the new session 2baf365b-42a6-4973-955f-56c0cd69aa8e
&amp#27;[38;5;37m[2baf365b]&amp#27;[0m&amp#27;[38;5;-150m[AndroidUiautomator2Driver@72a1]&amp#27;[0m Responding to client with driver.createSession() result: {"capabilities":{"platformName":"ANDROID","appActivity":"com.androidsample.generalstore.SplashActivity","appPackage":"com.androidsample.generalstore","automationName":"UiAutomator2","deviceName":"R3CRC00KHBT","noReset":true,"platformVersion":"15","systemPort":8201,"udid":"R3CRC00KHBT","platform":"LINUX","webStorageEnabled":false,"takesScreenshot":true,"javascriptEnabled":true,"databaseEnabled":false,"networkConnectionEnabled":true,"locationContextEnabled":false,"warnings":{},"desired":{"platformName":"ANDROID","appActivity":"com.androidsample.generalstore.SplashActivity","appPackage":"com.androidsample.generalstore","automationName":"UiAutomator2","deviceName":"Samsung_Galaxy_S21","noReset":true,"platformVersion":"10.0","systemPort":8201,"udid":"R3CRC00KHBT"},"deviceUDID":"R3CRC00KHBT","pixelRatio":"3","statBarHeight":80,"viewportRect":{"left":0,"top":80,"width":1080,"height":2320},"deviceApiLevel":35,"deviceManufacturer":"samsung","deviceModel":"SM-G991W","deviceScreenSize":"1080x2400","deviceScreenDensit...
&amp#27;[38;5;37m[2baf365b]&amp#27;[0m&amp#27;[38;5;86m[HTTP]&amp#27;[0m &amp#27;[37m<-- POST /session &amp#27;[39m&amp#27;[32m200&amp#27;[39m &amp#27;[90m5324 ms - 1090&amp#27;[39m &amp#27;[90m&amp#27;[39m
&amp#27;[38;5;38m[1cab5bee]&amp#27;[0m&amp#27;[38;5;-178m[AndroidUiautomator2Driver@056d]&amp#27;[0m [Instrumentation] 
&amp#27;[38;5;38m[1cab5bee]&amp#27;[0m&amp#27;[38;5;-178m[AndroidUiautomator2Driver@056d]&amp#27;[0m Matched '/status' to command name 'getStatus'
&amp#27;[38;5;38m[1cab5bee]&amp#27;[0m&amp#27;[38;5;-178m[AndroidUiautomator2Driver@056d]&amp#27;[0m Proxying [GET /status] to [GET http://127.0.0.1:8202/status] with no body
&amp#27;[38;5;38m[1cab5bee]&amp#27;[0m&amp#27;[38;5;-178m[AndroidUiautomator2Driver@056d]&amp#27;[0m Got response with status 200: {"sessionId":"None","value":{"message":"UiAutomator2 Server is ready to accept commands","ready":true}}
&amp#27;[38;5;38m[1cab5bee]&amp#27;[0m&amp#27;[38;5;-178m[AndroidUiautomator2Driver@056d]&amp#27;[0m The initialization of the instrumentation process took 2263ms
&amp#27;[38;5;38m[1cab5bee]&amp#27;[0m&amp#27;[38;5;-178m[AndroidUiautomator2Driver@056d]&amp#27;[0m Matched '/session' to command name 'createSession'
&amp#27;[38;5;38m[1cab5bee]&amp#27;[0m&amp#27;[38;5;-178m[AndroidUiautomator2Driver@056d]&amp#27;[0m Proxying [POST /session] to [POST http://127.0.0.1:8202/session] with body: {"capabilities":{"firstMatch":[{"platformName":"ANDROID","appActivity":"com.androidsample.generalstore.SplashActivity","appPackage":"com.androidsample.generalstore","automationName":"UiAutomator2","deviceName":"CTLID18120801016","noReset":true,"platformVersion":"11.0","systemPort":8202,"udid":"CTLID18120801016","platform":"LINUX","webStorageEnabled":false,"takesScreenshot":true,"javascriptEnabled":true,"databaseEnabled":false,"networkConnectionEnabled":true,"locationContextEnabled":false,"warnings":{},"desired":{"platformName":"ANDROID","appActivity":"com.androidsample.generalstore.SplashActivity","appPackage":"com.androidsample.generalstore","automationName":"UiAutomator2","deviceName":"Nokia","noReset":true,"platformVersion":"11.0","systemPort":8202,"udid":"CTLID18120801016"},"deviceUDID":"CTLID18120801016"}],"alwaysMatch":{}}}
&amp#27;[38;5;38m[1cab5bee]&amp#27;[0m&amp#27;[38;5;-178m[AndroidUiautomator2Driver@056d]&amp#27;[0m Got response with status 200: {"sessionId":"d494d952-1e96-440d-a5f3-74356d5eaf9f","value":{"capabilities":{"firstMatch":[{"platformName":"ANDROID","appActivity":"com.androidsample.generalstore.SplashActivity","appPackage":"com.androidsample.generalstore","automationName":"UiAutomator2","deviceName":"CTLID18120801016","noReset":true,"platformVersion":"11.0","systemPort":8202,"udid":"CTLID18120801016","platform":"LINUX","webStorageEnabled":false,"takesScreenshot":true,"javascriptEnabled":true,"databaseEnabled":false,"networkConnectionEnabled":true,"locationContextEnabled":false,"warnings":{},"desired":{"platformName":"ANDROID","appActivity":"com.androidsample.generalstore.SplashActivity","appPackage":"com.androidsample.generalstore","automationName":"UiAutomator2","deviceName":"Nokia","noReset":true,"platformVersion":"11.0","systemPort":8202,"udid":"CTLID18120801016"},"deviceUDID":"CTLID18120801016"}],"alwaysMatch":{}},"sessionId":"d494d952-1e96-440d-a5f3-74356d5eaf9f"}}
&amp#27;[38;5;38m[1cab5bee]&amp#27;[0m&amp#27;[38;5;-178m[AndroidUiautomator2Driver@056d]&amp#27;[0m Determined the downstream protocol as 'W3C'
&amp#27;[38;5;38m[1cab5bee]&amp#27;[0m&amp#27;[38;5;-178m[AndroidUiautomator2Driver@056d]&amp#27;[0m Proxying [GET /appium/device/pixel_ratio] to [GET http://127.0.0.1:8202/session/d494d952-1e96-440d-a5f3-74356d5eaf9f/appium/device/pixel_ratio] with no body
&amp#27;[38;5;38m[1cab5bee]&amp#27;[0m&amp#27;[38;5;-178m[AndroidUiautomator2Driver@056d]&amp#27;[0m Matched '/appium/device/system_bars' to command name 'getSystemBars'
&amp#27;[38;5;38m[1cab5bee]&amp#27;[0m&amp#27;[38;5;-178m[AndroidUiautomator2Driver@056d]&amp#27;[0m Proxying [GET /appium/device/system_bars] to [GET http://127.0.0.1:8202/session/d494d952-1e96-440d-a5f3-74356d5eaf9f/appium/device/system_bars] with no body
&amp#27;[38;5;38m[1cab5bee]&amp#27;[0m&amp#27;[38;5;-178m[AndroidUiautomator2Driver@056d]&amp#27;[0m Matched '/window/current/size' to command name 'getWindowSize'
&amp#27;[38;5;38m[1cab5bee]&amp#27;[0m&amp#27;[38;5;-178m[AndroidUiautomator2Driver@056d]&amp#27;[0m Proxying [GET /window/current/size] to [GET http://127.0.0.1:8202/session/d494d952-1e96-440d-a5f3-74356d5eaf9f/window/current/size] with no body
&amp#27;[38;5;38m[1cab5bee]&amp#27;[0m&amp#27;[38;5;-178m[AndroidUiautomator2Driver@056d]&amp#27;[0m Proxying [GET /appium/device/info] to [GET http://127.0.0.1:8202/session/d494d952-1e96-440d-a5f3-74356d5eaf9f/appium/device/info] with no body
&amp#27;[38;5;38m[1cab5bee]&amp#27;[0m&amp#27;[38;5;229m[ADB]&amp#27;[0m Running 'C:\Users\sajus\AppData\Local\Android\Sdk\platform-tools\adb.exe -P 5037 -s CTLID18120801016 shell dumpsys window'
&amp#27;[38;5;38m[1cab5bee]&amp#27;[0m&amp#27;[38;5;229m[ADB]&amp#27;[0m Running 'C:\Users\sajus\AppData\Local\Android\Sdk\platform-tools\adb.exe -P 5037 -s CTLID18120801016 shell dumpsys power'
&amp#27;[38;5;38m[1cab5bee]&amp#27;[0m&amp#27;[38;5;-178m[AndroidUiautomator2Driver@056d]&amp#27;[0m Got response with status 200: {"sessionId":"d494d952-1e96-440d-a5f3-74356d5eaf9f","value":2.625}
&amp#27;[38;5;38m[1cab5bee]&amp#27;[0m&amp#27;[38;5;-178m[AndroidUiautomator2Driver@056d]&amp#27;[0m Got response with status 200: {"sessionId":"d494d952-1e96-440d-a5f3-74356d5eaf9f","value":{"height":2280,"width":1080}}
&amp#27;[38;5;38m[1cab5bee]&amp#27;[0m&amp#27;[38;5;-178m[AndroidUiautomator2Driver@056d]&amp#27;[0m Got response with status 200: {"sessionId":"d494d952-1e96-440d-a5f3-74356d5eaf9f","value":{"statusBar":89}}
&amp#27;[38;5;38m[1cab5bee]&amp#27;[0m&amp#27;[38;5;-178m[AndroidUiautomator2Driver@056d]&amp#27;[0m Got response with status 200: {"sessionId":"d494d952-1e96-440d-a5f3-74356d5eaf9f","value":{"androidId":"7be9e4e610cc4454","apiVersion":"29","bluetooth":{"state":"OFF"},"brand":"Nokia","carrierName":"","displayDensity":420,"locale":"en_IN","manufacturer":"HMD Global","model":"Nokia 7.1","networks":[{"capabilities":{"SSID":null,"linkDownBandwidthKbps":1048576,"linkUpstreamBandwidthKbps":1048576,"networkCapabilities":"NET_CAPABILITY_NOT_METERED,NET_CAPABILITY_INTERNET,NET_CAPABILITY_NOT_RESTRICTED,NET_CAPABILITY_TRUSTED,NET_CAPABILITY_NOT_VPN,NET_CAPABILITY_VALIDATED,NET_CAPABILITY_NOT_ROAMING,NET_CAPABILITY_FOREGROUND,NET_CAPABILITY_NOT_CONGESTED,NET_CAPABILITY_NOT_SUSPENDED","signalStrength":-49,"transportTypes":"TRANSPORT_WIFI"},"detailedState":"CONNECTED","extraInfo":null,"isAvailable":true,"isConnected":true,"isFailover":false,"isRoaming":false,"state":"CONNECTED","subtype":0,"subtypeName":"","type":1,"typeName":"WIFI"}],"platformVersion":"10","realDisplaySize":"1080x2280","timeZone":"America/Toronto"}}
&amp#27;[38;5;38m[1cab5bee]&amp#27;[0m&amp#27;[38;5;-178m[AndroidUiautomator2Driver@056d]&amp#27;[0m Screen already unlocked, doing nothing
&amp#27;[38;5;38m[1cab5bee]&amp#27;[0m&amp#27;[38;5;-178m[AndroidUiautomator2Driver@056d]&amp#27;[0m Starting 'com.androidsample.generalstore/com.androidsample.generalstore.SplashActivity' and waiting for 'com.androidsample.generalstore/com.androidsample.generalstore.SplashActivity'
&amp#27;[38;5;38m[1cab5bee]&amp#27;[0m&amp#27;[38;5;229m[ADB]&amp#27;[0m Getting IDs of all 'com.androidsample.generalstore' processes
&amp#27;[38;5;38m[1cab5bee]&amp#27;[0m&amp#27;[38;5;229m[ADB]&amp#27;[0m Running 'C:\Users\sajus\AppData\Local\Android\Sdk\platform-tools\adb.exe -P 5037 -s CTLID18120801016 shell 'pgrep --help; echo $?''
&amp#27;[38;5;38m[1cab5bee]&amp#27;[0m&amp#27;[38;5;229m[ADB]&amp#27;[0m Running 'C:\Users\sajus\AppData\Local\Android\Sdk\platform-tools\adb.exe -P 5037 -s CTLID18120801016 shell pgrep -f \(\[\[:blank:\]\]\|\^\)com\.androidsample\.generalstore\(:\[a-zA-Z0-9_-\]\+\)\?\(\[\[:blank:\]\]\|\$\)'
&amp#27;[38;5;38m[1cab5bee]&amp#27;[0m&amp#27;[38;5;229m[ADB]&amp#27;[0m Running 'C:\Users\sajus\AppData\Local\Android\Sdk\platform-tools\adb.exe -P 5037 -s CTLID18120801016 shell am start-activity -W -n com.androidsample.generalstore/com.androidsample.generalstore.SplashActivity -S -a android.intent.action.MAIN -c android.intent.category.LAUNCHER -f 0x10200000'
&amp#27;[38;5;38m[1cab5bee]&amp#27;[0m&amp#27;[38;5;200m[AppiumDriver@fa03]&amp#27;[0m New AndroidUiautomator2Driver session created successfully, session 1cab5bee-650d-4539-9bb6-a2768b060d72 added to master session list
&amp#27;[38;5;38m[1cab5bee]&amp#27;[0m&amp#27;[38;5;200m[AppiumDriver@fa03]&amp#27;[0m Event 'newSessionStarted' logged at 1750278486943 (16:28:06 GMT-0400 (Eastern Daylight Saving Time))
&amp#27;[38;5;38m[1cab5bee]&amp#27;[0m&amp#27;[38;5;-178m[AndroidUiautomator2Driver@056d]&amp#27;[0m Cached the protocol value 'W3C' for the new session 1cab5bee-650d-4539-9bb6-a2768b060d72
&amp#27;[38;5;38m[1cab5bee]&amp#27;[0m&amp#27;[38;5;-178m[AndroidUiautomator2Driver@056d]&amp#27;[0m Responding to client with driver.createSession() result: {"capabilities":{"platformName":"ANDROID","appActivity":"com.androidsample.generalstore.SplashActivity","appPackage":"com.androidsample.generalstore","automationName":"UiAutomator2","deviceName":"CTLID18120801016","noReset":true,"platformVersion":"10","systemPort":8202,"udid":"CTLID18120801016","platform":"LINUX","webStorageEnabled":false,"takesScreenshot":true,"javascriptEnabled":true,"databaseEnabled":false,"networkConnectionEnabled":true,"locationContextEnabled":false,"warnings":{},"desired":{"platformName":"ANDROID","appActivity":"com.androidsample.generalstore.SplashActivity","appPackage":"com.androidsample.generalstore","automationName":"UiAutomator2","deviceName":"Nokia","noReset":true,"platformVersion":"11.0","systemPort":8202,"udid":"CTLID18120801016"},"deviceUDID":"CTLID18120801016","pixelRatio":"2.625","statBarHeight":89,"viewportRect":{"left":0,"top":89,"width":1080,"height":2191},"deviceApiLevel":29,"deviceManufacturer":"HMD Global","deviceModel":"Nokia 7.1","deviceScreenSize":"1080x2280","dev...
&amp#27;[38;5;38m[1cab5bee]&amp#27;[0m&amp#27;[38;5;86m[HTTP]&amp#27;[0m &amp#27;[37m<-- POST /session &amp#27;[39m&amp#27;[32m200&amp#27;[39m &amp#27;[90m5945 ms - 1105&amp#27;[39m &amp#27;[90m&amp#27;[39m
&amp#27;[38;5;37m[2baf365b]&amp#27;[0m&amp#27;[38;5;86m[HTTP]&amp#27;[0m &amp#27;[37m-->&amp#27;[39m &amp#27;[37mPOST&amp#27;[39m &amp#27;[37m/session/2baf365b-42a6-4973-955f-56c0cd69aa8e/element&amp#27;[39m &amp#27;[90m{"using":"id","value":"com.androidsample.generalstore:id/nameField"}&amp#27;[39m
&amp#27;[38;5;37m[2baf365b]&amp#27;[0m&amp#27;[38;5;-150m[AndroidUiautomator2Driver@72a1]&amp#27;[0m Calling AppiumDriver.findElement() with args: ["id","com.androidsample.generalstore:id/nameField","2baf365b-42a6-4973-955f-56c0cd69aa8e"]
&amp#27;[38;5;37m[2baf365b]&amp#27;[0m&amp#27;[38;5;-150m[AndroidUiautomator2Driver@72a1]&amp#27;[0m Valid locator strategies for this request: xpath, id, class name, accessibility id, css selector, -android uiautomator
&amp#27;[38;5;37m[2baf365b]&amp#27;[0m&amp#27;[38;5;-150m[AndroidUiautomator2Driver@72a1]&amp#27;[0m Waiting up to 0 ms for condition
&amp#27;[38;5;37m[2baf365b]&amp#27;[0m&amp#27;[38;5;-150m[AndroidUiautomator2Driver@72a1]&amp#27;[0m Matched '/element' to command name 'findElement'
&amp#27;[38;5;37m[2baf365b]&amp#27;[0m&amp#27;[38;5;-150m[AndroidUiautomator2Driver@72a1]&amp#27;[0m Proxying [POST /element] to [POST http://127.0.0.1:8201/session/430b8a02-e499-45fb-a146-83ced30c5381/element] with body: {"strategy":"id","selector":"com.androidsample.generalstore:id/nameField","context":"","multiple":false}
&amp#27;[38;5;37m[2baf365b]&amp#27;[0m&amp#27;[38;5;-150m[AndroidUiautomator2Driver@72a1]&amp#27;[0m Got response with status 200: {"sessionId":"430b8a02-e499-45fb-a146-83ced30c5381","value":{"ELEMENT":"00000000-0000-143b-ffff-ffff0000001c","element-6066-11e4-a52e-4f735466cecf":"00000000-0000-143b-ffff-ffff0000001c"}}
&amp#27;[38;5;37m[2baf365b]&amp#27;[0m&amp#27;[38;5;-150m[AndroidUiautomator2Driver@72a1]&amp#27;[0m Responding to client with driver.findElement() result: {"element-6066-11e4-a52e-4f735466cecf":"00000000-0000-143b-ffff-ffff0000001c","ELEMENT":"00000000-0000-143b-ffff-ffff0000001c"}
&amp#27;[38;5;37m[2baf365b]&amp#27;[0m&amp#27;[38;5;86m[HTTP]&amp#27;[0m &amp#27;[37m<-- POST /session/2baf365b-42a6-4973-955f-56c0cd69aa8e/element &amp#27;[39m&amp#27;[32m200&amp#27;[39m &amp#27;[90m47 ms - 137&amp#27;[39m &amp#27;[90m&amp#27;[39m
&amp#27;[38;5;37m[2baf365b]&amp#27;[0m&amp#27;[38;5;86m[HTTP]&amp#27;[0m &amp#27;[37m-->&amp#27;[39m &amp#27;[37mPOST&amp#27;[39m &amp#27;[37m/session/2baf365b-42a6-4973-955f-56c0cd69aa8e/element/00000000-0000-143b-ffff-ffff0000001c/value&amp#27;[39m &amp#27;[90m{"id":"00000000-0000-143b-ffff-ffff0000001c","text":"Steve Smith","value":["S","t","e","v","e"," ","S","m","i","t","h"]}&amp#27;[39m
&amp#27;[38;5;37m[2baf365b]&amp#27;[0m&amp#27;[38;5;-150m[AndroidUiautomator2Driver@72a1]&amp#27;[0m Calling AppiumDriver.setValue() with args: [["S","t","e","v","e"," ","S","m","i","t","h"],"00000000-0000-143b-ffff-ffff0000001c","2baf365b-42a6-4973-955f-56c0cd69aa8e"]
&amp#27;[38;5;37m[2baf365b]&amp#27;[0m&amp#27;[38;5;-150m[AndroidUiautomator2Driver@72a1]&amp#27;[0m Matched '/element/00000000-0000-143b-ffff-ffff0000001c/value' to command name 'setValue'
&amp#27;[38;5;37m[2baf365b]&amp#27;[0m&amp#27;[38;5;-150m[AndroidUiautomator2Driver@72a1]&amp#27;[0m Added 'value' property ["S","t","e","v","e"," ","S","m","i","t","h"] to 'setValue' request body
&amp#27;[38;5;37m[2baf365b]&amp#27;[0m&amp#27;[38;5;-150m[AndroidUiautomator2Driver@72a1]&amp#27;[0m Proxying [POST /element/00000000-0000-143b-ffff-ffff0000001c/value] to [POST http://127.0.0.1:8201/session/430b8a02-e499-45fb-a146-83ced30c5381/element/00000000-0000-143b-ffff-ffff0000001c/value] with body: {"elementId":"00000000-0000-143b-ffff-ffff0000001c","text":"Steve Smith","replace":false,"value":["S","t","e","v","e"," ","S","m","i","t","h"]}
&amp#27;[38;5;37m[2baf365b]&amp#27;[0m&amp#27;[38;5;-150m[AndroidUiautomator2Driver@72a1]&amp#27;[0m Got response with status 200: {"sessionId":"430b8a02-e499-45fb-a146-83ced30c5381","value":null}
&amp#27;[38;5;37m[2baf365b]&amp#27;[0m&amp#27;[38;5;-150m[AndroidUiautomator2Driver@72a1]&amp#27;[0m Responding to client with driver.setValue() result: null
&amp#27;[38;5;37m[2baf365b]&amp#27;[0m&amp#27;[38;5;86m[HTTP]&amp#27;[0m &amp#27;[37m<-- POST /session/2baf365b-42a6-4973-955f-56c0cd69aa8e/element/00000000-0000-143b-ffff-ffff0000001c/value &amp#27;[39m&amp#27;[32m200&amp#27;[39m &amp#27;[90m68 ms - 14&amp#27;[39m &amp#27;[90m&amp#27;[39m
&amp#27;[38;5;37m[2baf365b]&amp#27;[0m&amp#27;[38;5;86m[HTTP]&amp#27;[0m &amp#27;[37m-->&amp#27;[39m &amp#27;[37mPOST&amp#27;[39m &amp#27;[37m/session/2baf365b-42a6-4973-955f-56c0cd69aa8e/execute/sync&amp#27;[39m &amp#27;[90m{"script":"mobile: hideKeyboard","args":[]}&amp#27;[39m
&amp#27;[38;5;37m[2baf365b]&amp#27;[0m&amp#27;[38;5;-150m[AndroidUiautomator2Driver@72a1]&amp#27;[0m Calling AppiumDriver.execute() with args: ["mobile: hideKeyboard",[],"2baf365b-42a6-4973-955f-56c0cd69aa8e"]
&amp#27;[38;5;37m[2baf365b]&amp#27;[0m&amp#27;[38;5;229m[ADB]&amp#27;[0m Running 'C:\Users\sajus\AppData\Local\Android\Sdk\platform-tools\adb.exe -P 5037 -s R3CRC00KHBT shell dumpsys input_method'
&amp#27;[38;5;37m[2baf365b]&amp#27;[0m&amp#27;[38;5;229m[ADB]&amp#27;[0m Keyboard has no UI; no closing necessary
&amp#27;[38;5;37m[2baf365b]&amp#27;[0m&amp#27;[38;5;-150m[AndroidUiautomator2Driver@72a1]&amp#27;[0m Responding to client with driver.execute() result: false
&amp#27;[38;5;37m[2baf365b]&amp#27;[0m&amp#27;[38;5;86m[HTTP]&amp#27;[0m &amp#27;[37m<-- POST /session/2baf365b-42a6-4973-955f-56c0cd69aa8e/execute/sync &amp#27;[39m&amp#27;[32m200&amp#27;[39m &amp#27;[90m224 ms - 15&amp#27;[39m &amp#27;[90m&amp#27;[39m
&amp#27;[38;5;37m[2baf365b]&amp#27;[0m&amp#27;[38;5;86m[HTTP]&amp#27;[0m &amp#27;[37m-->&amp#27;[39m &amp#27;[37mPOST&amp#27;[39m &amp#27;[37m/session/2baf365b-42a6-4973-955f-56c0cd69aa8e/element&amp#27;[39m &amp#27;[90m{"using":"id","value":"com.androidsample.generalstore:id/radioFemale"}&amp#27;[39m
&amp#27;[38;5;37m[2baf365b]&amp#27;[0m&amp#27;[38;5;-150m[AndroidUiautomator2Driver@72a1]&amp#27;[0m Calling AppiumDriver.findElement() with args: ["id","com.androidsample.generalstore:id/radioFemale","2baf365b-42a6-4973-955f-56c0cd69aa8e"]
&amp#27;[38;5;37m[2baf365b]&amp#27;[0m&amp#27;[38;5;-150m[AndroidUiautomator2Driver@72a1]&amp#27;[0m Valid locator strategies for this request: xpath, id, class name, accessibility id, css selector, -android uiautomator
&amp#27;[38;5;37m[2baf365b]&amp#27;[0m&amp#27;[38;5;-150m[AndroidUiautomator2Driver@72a1]&amp#27;[0m Waiting up to 0 ms for condition
&amp#27;[38;5;37m[2baf365b]&amp#27;[0m&amp#27;[38;5;-150m[AndroidUiautomator2Driver@72a1]&amp#27;[0m Matched '/element' to command name 'findElement'
&amp#27;[38;5;37m[2baf365b]&amp#27;[0m&amp#27;[38;5;-150m[AndroidUiautomator2Driver@72a1]&amp#27;[0m Proxying [POST /element] to [POST http://127.0.0.1:8201/session/430b8a02-e499-45fb-a146-83ced30c5381/element] with body: {"strategy":"id","selector":"com.androidsample.generalstore:id/radioFemale","context":"","multiple":false}
&amp#27;[38;5;37m[2baf365b]&amp#27;[0m&amp#27;[38;5;-150m[AndroidUiautomator2Driver@72a1]&amp#27;[0m Got response with status 200: {"sessionId":"430b8a02-e499-45fb-a146-83ced30c5381","value":{"ELEMENT":"00000000-0000-143b-ffff-ffff00000020","element-6066-11e4-a52e-4f735466cecf":"00000000-0000-143b-ffff-ffff00000020"}}
&amp#27;[38;5;37m[2baf365b]&amp#27;[0m&amp#27;[38;5;-150m[AndroidUiautomator2Driver@72a1]&amp#27;[0m Responding to client with driver.findElement() result: {"element-6066-11e4-a52e-4f735466cecf":"00000000-0000-143b-ffff-ffff00000020","ELEMENT":"00000000-0000-143b-ffff-ffff00000020"}
&amp#27;[38;5;37m[2baf365b]&amp#27;[0m&amp#27;[38;5;86m[HTTP]&amp#27;[0m &amp#27;[37m<-- POST /session/2baf365b-42a6-4973-955f-56c0cd69aa8e/element &amp#27;[39m&amp#27;[32m200&amp#27;[39m &amp#27;[90m302 ms - 137&amp#27;[39m &amp#27;[90m&amp#27;[39m
&amp#27;[38;5;37m[2baf365b]&amp#27;[0m&amp#27;[38;5;86m[HTTP]&amp#27;[0m &amp#27;[37m-->&amp#27;[39m &amp#27;[37mPOST&amp#27;[39m &amp#27;[37m/session/2baf365b-42a6-4973-955f-56c0cd69aa8e/element/00000000-0000-143b-ffff-ffff00000020/click&amp#27;[39m &amp#27;[90m{"id":"00000000-0000-143b-ffff-ffff00000020"}&amp#27;[39m
&amp#27;[38;5;37m[2baf365b]&amp#27;[0m&amp#27;[38;5;-150m[AndroidUiautomator2Driver@72a1]&amp#27;[0m Calling AppiumDriver.click() with args: ["00000000-0000-143b-ffff-ffff00000020","2baf365b-42a6-4973-955f-56c0cd69aa8e"]
&amp#27;[38;5;37m[2baf365b]&amp#27;[0m&amp#27;[38;5;-150m[AndroidUiautomator2Driver@72a1]&amp#27;[0m Matched '/element/00000000-0000-143b-ffff-ffff00000020/click' to command name 'click'
&amp#27;[38;5;37m[2baf365b]&amp#27;[0m&amp#27;[38;5;-150m[AndroidUiautomator2Driver@72a1]&amp#27;[0m Proxying [POST /element/00000000-0000-143b-ffff-ffff00000020/click] to [POST http://127.0.0.1:8201/session/430b8a02-e499-45fb-a146-83ced30c5381/element/00000000-0000-143b-ffff-ffff00000020/click] with body: {"element":"00000000-0000-143b-ffff-ffff00000020"}
&amp#27;[38;5;37m[2baf365b]&amp#27;[0m&amp#27;[38;5;-150m[AndroidUiautomator2Driver@72a1]&amp#27;[0m Got response with status 200: {"sessionId":"430b8a02-e499-45fb-a146-83ced30c5381","value":null}
&amp#27;[38;5;37m[2baf365b]&amp#27;[0m&amp#27;[38;5;-150m[AndroidUiautomator2Driver@72a1]&amp#27;[0m Responding to client with driver.click() result: null
&amp#27;[38;5;37m[2baf365b]&amp#27;[0m&amp#27;[38;5;86m[HTTP]&amp#27;[0m &amp#27;[37m<-- POST /session/2baf365b-42a6-4973-955f-56c0cd69aa8e/element/00000000-0000-143b-ffff-ffff00000020/click &amp#27;[39m&amp#27;[32m200&amp#27;[39m &amp#27;[90m693 ms - 14&amp#27;[39m &amp#27;[90m&amp#27;[39m
&amp#27;[38;5;37m[2baf365b]&amp#27;[0m&amp#27;[38;5;86m[HTTP]&amp#27;[0m &amp#27;[37m-->&amp#27;[39m &amp#27;[37mPOST&amp#27;[39m &amp#27;[37m/session/2baf365b-42a6-4973-955f-56c0cd69aa8e/element&amp#27;[39m &amp#27;[90m{"using":"id","value":"android:id/text1"}&amp#27;[39m
&amp#27;[38;5;37m[2baf365b]&amp#27;[0m&amp#27;[38;5;-150m[AndroidUiautomator2Driver@72a1]&amp#27;[0m Calling AppiumDriver.findElement() with args: ["id","android:id/text1","2baf365b-42a6-4973-955f-56c0cd69aa8e"]
&amp#27;[38;5;37m[2baf365b]&amp#27;[0m&amp#27;[38;5;-150m[AndroidUiautomator2Driver@72a1]&amp#27;[0m Valid locator strategies for this request: xpath, id, class name, accessibility id, css selector, -android uiautomator
&amp#27;[38;5;37m[2baf365b]&amp#27;[0m&amp#27;[38;5;-150m[AndroidUiautomator2Driver@72a1]&amp#27;[0m Waiting up to 0 ms for condition
&amp#27;[38;5;37m[2baf365b]&amp#27;[0m&amp#27;[38;5;-150m[AndroidUiautomator2Driver@72a1]&amp#27;[0m Matched '/element' to command name 'findElement'
&amp#27;[38;5;37m[2baf365b]&amp#27;[0m&amp#27;[38;5;-150m[AndroidUiautomator2Driver@72a1]&amp#27;[0m Proxying [POST /element] to [POST http://127.0.0.1:8201/session/430b8a02-e499-45fb-a146-83ced30c5381/element] with body: {"strategy":"id","selector":"android:id/text1","context":"","multiple":false}
&amp#27;[38;5;37m[2baf365b]&amp#27;[0m&amp#27;[38;5;-150m[AndroidUiautomator2Driver@72a1]&amp#27;[0m Got response with status 200: {"sessionId":"430b8a02-e499-45fb-a146-83ced30c5381","value":{"ELEMENT":"00000000-0000-143b-ffff-ffff00000024","element-6066-11e4-a52e-4f735466cecf":"00000000-0000-143b-ffff-ffff00000024"}}
&amp#27;[38;5;37m[2baf365b]&amp#27;[0m&amp#27;[38;5;-150m[AndroidUiautomator2Driver@72a1]&amp#27;[0m Responding to client with driver.findElement() result: {"element-6066-11e4-a52e-4f735466cecf":"00000000-0000-143b-ffff-ffff00000024","ELEMENT":"00000000-0000-143b-ffff-ffff00000024"}
&amp#27;[38;5;37m[2baf365b]&amp#27;[0m&amp#27;[38;5;86m[HTTP]&amp#27;[0m &amp#27;[37m<-- POST /session/2baf365b-42a6-4973-955f-56c0cd69aa8e/element &amp#27;[39m&amp#27;[32m200&amp#27;[39m &amp#27;[90m57 ms - 137&amp#27;[39m &amp#27;[90m&amp#27;[39m
&amp#27;[38;5;37m[2baf365b]&amp#27;[0m&amp#27;[38;5;86m[HTTP]&amp#27;[0m &amp#27;[37m-->&amp#27;[39m &amp#27;[37mPOST&amp#27;[39m &amp#27;[37m/session/2baf365b-42a6-4973-955f-56c0cd69aa8e/element/00000000-0000-143b-ffff-ffff00000024/click&amp#27;[39m &amp#27;[90m{"id":"00000000-0000-143b-ffff-ffff00000024"}&amp#27;[39m
&amp#27;[38;5;37m[2baf365b]&amp#27;[0m&amp#27;[38;5;-150m[AndroidUiautomator2Driver@72a1]&amp#27;[0m Calling AppiumDriver.click() with args: ["00000000-0000-143b-ffff-ffff00000024","2baf365b-42a6-4973-955f-56c0cd69aa8e"]
&amp#27;[38;5;37m[2baf365b]&amp#27;[0m&amp#27;[38;5;-150m[AndroidUiautomator2Driver@72a1]&amp#27;[0m Matched '/element/00000000-0000-143b-ffff-ffff00000024/click' to command name 'click'
&amp#27;[38;5;37m[2baf365b]&amp#27;[0m&amp#27;[38;5;-150m[AndroidUiautomator2Driver@72a1]&amp#27;[0m Proxying [POST /element/00000000-0000-143b-ffff-ffff00000024/click] to [POST http://127.0.0.1:8201/session/430b8a02-e499-45fb-a146-83ced30c5381/element/00000000-0000-143b-ffff-ffff00000024/click] with body: {"element":"00000000-0000-143b-ffff-ffff00000024"}
&amp#27;[38;5;37m[2baf365b]&amp#27;[0m&amp#27;[38;5;-150m[AndroidUiautomator2Driver@72a1]&amp#27;[0m Got response with status 200: {"sessionId":"430b8a02-e499-45fb-a146-83ced30c5381","value":null}
&amp#27;[38;5;37m[2baf365b]&amp#27;[0m&amp#27;[38;5;-150m[AndroidUiautomator2Driver@72a1]&amp#27;[0m Responding to client with driver.click() result: null
&amp#27;[38;5;37m[2baf365b]&amp#27;[0m&amp#27;[38;5;86m[HTTP]&amp#27;[0m &amp#27;[37m<-- POST /session/2baf365b-42a6-4973-955f-56c0cd69aa8e/element/00000000-0000-143b-ffff-ffff00000024/click &amp#27;[39m&amp#27;[32m200&amp#27;[39m &amp#27;[90m89 ms - 14&amp#27;[39m &amp#27;[90m&amp#27;[39m
&amp#27;[38;5;37m[2baf365b]&amp#27;[0m&amp#27;[38;5;86m[HTTP]&amp#27;[0m &amp#27;[37m-->&amp#27;[39m &amp#27;[37mPOST&amp#27;[39m &amp#27;[37m/session/2baf365b-42a6-4973-955f-56c0cd69aa8e/element&amp#27;[39m &amp#27;[90m{"using":"-android uiautomator","value":"new UiScrollable(new UiSelector()).scrollIntoView(text(\"Argentina\"));"}&amp#27;[39m
&amp#27;[38;5;37m[2baf365b]&amp#27;[0m&amp#27;[38;5;-150m[AndroidUiautomator2Driver@72a1]&amp#27;[0m Calling AppiumDriver.findElement() with args: ["-android uiautomator","new UiScrollable(new UiSelector()).scrollIntoView(text(\"Argentina\"));","2baf365b-42a6-4973-955f-56c0cd69aa8e"]
&amp#27;[38;5;37m[2baf365b]&amp#27;[0m&amp#27;[38;5;-150m[AndroidUiautomator2Driver@72a1]&amp#27;[0m Valid locator strategies for this request: xpath, id, class name, accessibility id, css selector, -android uiautomator
&amp#27;[38;5;37m[2baf365b]&amp#27;[0m&amp#27;[38;5;-150m[AndroidUiautomator2Driver@72a1]&amp#27;[0m Waiting up to 0 ms for condition
&amp#27;[38;5;37m[2baf365b]&amp#27;[0m&amp#27;[38;5;-150m[AndroidUiautomator2Driver@72a1]&amp#27;[0m Matched '/element' to command name 'findElement'
&amp#27;[38;5;37m[2baf365b]&amp#27;[0m&amp#27;[38;5;-150m[AndroidUiautomator2Driver@72a1]&amp#27;[0m Proxying [POST /element] to [POST http://127.0.0.1:8201/session/430b8a02-e499-45fb-a146-83ced30c5381/element] with body: {"strategy":"-android uiautomator","selector":"new UiScrollable(new UiSelector()).scrollIntoView(text(\"Argentina\"));","context":"","multiple":false}
&amp#27;[38;5;38m[1cab5bee]&amp#27;[0m&amp#27;[38;5;86m[HTTP]&amp#27;[0m &amp#27;[37m-->&amp#27;[39m &amp#27;[37mPOST&amp#27;[39m &amp#27;[37m/session/1cab5bee-650d-4539-9bb6-a2768b060d72/element&amp#27;[39m &amp#27;[90m{"using":"id","value":"com.androidsample.generalstore:id/nameField"}&amp#27;[39m
&amp#27;[38;5;38m[1cab5bee]&amp#27;[0m&amp#27;[38;5;-178m[AndroidUiautomator2Driver@056d]&amp#27;[0m Calling AppiumDriver.findElement() with args: ["id","com.androidsample.generalstore:id/nameField","1cab5bee-650d-4539-9bb6-a2768b060d72"]
&amp#27;[38;5;38m[1cab5bee]&amp#27;[0m&amp#27;[38;5;-178m[AndroidUiautomator2Driver@056d]&amp#27;[0m Valid locator strategies for this request: xpath, id, class name, accessibility id, css selector, -android uiautomator
&amp#27;[38;5;38m[1cab5bee]&amp#27;[0m&amp#27;[38;5;-178m[AndroidUiautomator2Driver@056d]&amp#27;[0m Waiting up to 0 ms for condition
&amp#27;[38;5;38m[1cab5bee]&amp#27;[0m&amp#27;[38;5;-178m[AndroidUiautomator2Driver@056d]&amp#27;[0m Matched '/element' to command name 'findElement'
&amp#27;[38;5;38m[1cab5bee]&amp#27;[0m&amp#27;[38;5;-178m[AndroidUiautomator2Driver@056d]&amp#27;[0m Proxying [POST /element] to [POST http://127.0.0.1:8202/session/d494d952-1e96-440d-a5f3-74356d5eaf9f/element] with body: {"strategy":"id","selector":"com.androidsample.generalstore:id/nameField","context":"","multiple":false}
&amp#27;[38;5;38m[1cab5bee]&amp#27;[0m&amp#27;[38;5;-178m[AndroidUiautomator2Driver@056d]&amp#27;[0m Got response with status 200: {"sessionId":"d494d952-1e96-440d-a5f3-74356d5eaf9f","value":{"ELEMENT":"00000000-0000-0900-ffff-ffff0000001c","element-6066-11e4-a52e-4f735466cecf":"00000000-0000-0900-ffff-ffff0000001c"}}
&amp#27;[38;5;38m[1cab5bee]&amp#27;[0m&amp#27;[38;5;-178m[AndroidUiautomator2Driver@056d]&amp#27;[0m Responding to client with driver.findElement() result: {"element-6066-11e4-a52e-4f735466cecf":"00000000-0000-0900-ffff-ffff0000001c","ELEMENT":"00000000-0000-0900-ffff-ffff0000001c"}
&amp#27;[38;5;38m[1cab5bee]&amp#27;[0m&amp#27;[38;5;86m[HTTP]&amp#27;[0m &amp#27;[37m<-- POST /session/1cab5bee-650d-4539-9bb6-a2768b060d72/element &amp#27;[39m&amp#27;[32m200&amp#27;[39m &amp#27;[90m79 ms - 137&amp#27;[39m &amp#27;[90m&amp#27;[39m
&amp#27;[38;5;38m[1cab5bee]&amp#27;[0m&amp#27;[38;5;86m[HTTP]&amp#27;[0m &amp#27;[37m-->&amp#27;[39m &amp#27;[37mPOST&amp#27;[39m &amp#27;[37m/session/1cab5bee-650d-4539-9bb6-a2768b060d72/element/00000000-0000-0900-ffff-ffff0000001c/value&amp#27;[39m &amp#27;[90m{"id":"00000000-0000-0900-ffff-ffff0000001c","text":"Steve Smith","value":["S","t","e","v","e"," ","S","m","i","t","h"]}&amp#27;[39m
&amp#27;[38;5;38m[1cab5bee]&amp#27;[0m&amp#27;[38;5;-178m[AndroidUiautomator2Driver@056d]&amp#27;[0m Calling AppiumDriver.setValue() with args: [["S","t","e","v","e"," ","S","m","i","t","h"],"00000000-0000-0900-ffff-ffff0000001c","1cab5bee-650d-4539-9bb6-a2768b060d72"]
&amp#27;[38;5;38m[1cab5bee]&amp#27;[0m&amp#27;[38;5;-178m[AndroidUiautomator2Driver@056d]&amp#27;[0m Matched '/element/00000000-0000-0900-ffff-ffff0000001c/value' to command name 'setValue'
&amp#27;[38;5;38m[1cab5bee]&amp#27;[0m&amp#27;[38;5;-178m[AndroidUiautomator2Driver@056d]&amp#27;[0m Added 'value' property ["S","t","e","v","e"," ","S","m","i","t","h"] to 'setValue' request body
&amp#27;[38;5;38m[1cab5bee]&amp#27;[0m&amp#27;[38;5;-178m[AndroidUiautomator2Driver@056d]&amp#27;[0m Proxying [POST /element/00000000-0000-0900-ffff-ffff0000001c/value] to [POST http://127.0.0.1:8202/session/d494d952-1e96-440d-a5f3-74356d5eaf9f/element/00000000-0000-0900-ffff-ffff0000001c/value] with body: {"elementId":"00000000-0000-0900-ffff-ffff0000001c","text":"Steve Smith","replace":false,"value":["S","t","e","v","e"," ","S","m","i","t","h"]}
&amp#27;[38;5;38m[1cab5bee]&amp#27;[0m&amp#27;[38;5;-178m[AndroidUiautomator2Driver@056d]&amp#27;[0m Got response with status 200: {"sessionId":"d494d952-1e96-440d-a5f3-74356d5eaf9f","value":null}
&amp#27;[38;5;38m[1cab5bee]&amp#27;[0m&amp#27;[38;5;-178m[AndroidUiautomator2Driver@056d]&amp#27;[0m Responding to client with driver.setValue() result: null
&amp#27;[38;5;38m[1cab5bee]&amp#27;[0m&amp#27;[38;5;86m[HTTP]&amp#27;[0m &amp#27;[37m<-- POST /session/1cab5bee-650d-4539-9bb6-a2768b060d72/element/00000000-0000-0900-ffff-ffff0000001c/value &amp#27;[39m&amp#27;[32m200&amp#27;[39m &amp#27;[90m566 ms - 14&amp#27;[39m &amp#27;[90m&amp#27;[39m
&amp#27;[38;5;38m[1cab5bee]&amp#27;[0m&amp#27;[38;5;86m[HTTP]&amp#27;[0m &amp#27;[37m-->&amp#27;[39m &amp#27;[37mPOST&amp#27;[39m &amp#27;[37m/session/1cab5bee-650d-4539-9bb6-a2768b060d72/execute/sync&amp#27;[39m &amp#27;[90m{"script":"mobile: hideKeyboard","args":[]}&amp#27;[39m
&amp#27;[38;5;38m[1cab5bee]&amp#27;[0m&amp#27;[38;5;-178m[AndroidUiautomator2Driver@056d]&amp#27;[0m Calling AppiumDriver.execute() with args: ["mobile: hideKeyboard",[],"1cab5bee-650d-4539-9bb6-a2768b060d72"]
&amp#27;[38;5;38m[1cab5bee]&amp#27;[0m&amp#27;[38;5;229m[ADB]&amp#27;[0m Running 'C:\Users\sajus\AppData\Local\Android\Sdk\platform-tools\adb.exe -P 5037 -s CTLID18120801016 shell dumpsys input_method'
&amp#27;[38;5;38m[1cab5bee]&amp#27;[0m&amp#27;[38;5;229m[ADB]&amp#27;[0m Keyboard has no UI; no closing necessary
&amp#27;[38;5;38m[1cab5bee]&amp#27;[0m&amp#27;[38;5;-178m[AndroidUiautomator2Driver@056d]&amp#27;[0m Responding to client with driver.execute() result: false
&amp#27;[38;5;38m[1cab5bee]&amp#27;[0m&amp#27;[38;5;86m[HTTP]&amp#27;[0m &amp#27;[37m<-- POST /session/1cab5bee-650d-4539-9bb6-a2768b060d72/execute/sync &amp#27;[39m&amp#27;[32m200&amp#27;[39m &amp#27;[90m735 ms - 15&amp#27;[39m &amp#27;[90m&amp#27;[39m
&amp#27;[38;5;38m[1cab5bee]&amp#27;[0m&amp#27;[38;5;86m[HTTP]&amp#27;[0m &amp#27;[37m-->&amp#27;[39m &amp#27;[37mPOST&amp#27;[39m &amp#27;[37m/session/1cab5bee-650d-4539-9bb6-a2768b060d72/element&amp#27;[39m &amp#27;[90m{"using":"id","value":"com.androidsample.generalstore:id/radioFemale"}&amp#27;[39m
&amp#27;[38;5;38m[1cab5bee]&amp#27;[0m&amp#27;[38;5;-178m[AndroidUiautomator2Driver@056d]&amp#27;[0m Calling AppiumDriver.findElement() with args: ["id","com.androidsample.generalstore:id/radioFemale","1cab5bee-650d-4539-9bb6-a2768b060d72"]
&amp#27;[38;5;38m[1cab5bee]&amp#27;[0m&amp#27;[38;5;-178m[AndroidUiautomator2Driver@056d]&amp#27;[0m Valid locator strategies for this request: xpath, id, class name, accessibility id, css selector, -android uiautomator
&amp#27;[38;5;38m[1cab5bee]&amp#27;[0m&amp#27;[38;5;-178m[AndroidUiautomator2Driver@056d]&amp#27;[0m Waiting up to 0 ms for condition
&amp#27;[38;5;38m[1cab5bee]&amp#27;[0m&amp#27;[38;5;-178m[AndroidUiautomator2Driver@056d]&amp#27;[0m Matched '/element' to command name 'findElement'
&amp#27;[38;5;38m[1cab5bee]&amp#27;[0m&amp#27;[38;5;-178m[AndroidUiautomator2Driver@056d]&amp#27;[0m Proxying [POST /element] to [POST http://127.0.0.1:8202/session/d494d952-1e96-440d-a5f3-74356d5eaf9f/element] with body: {"strategy":"id","selector":"com.androidsample.generalstore:id/radioFemale","context":"","multiple":false}
&amp#27;[38;5;38m[1cab5bee]&amp#27;[0m&amp#27;[38;5;-178m[AndroidUiautomator2Driver@056d]&amp#27;[0m Got response with status 200: {"sessionId":"d494d952-1e96-440d-a5f3-74356d5eaf9f","value":{"ELEMENT":"00000000-0000-0900-ffff-ffff00000020","element-6066-11e4-a52e-4f735466cecf":"00000000-0000-0900-ffff-ffff00000020"}}
&amp#27;[38;5;38m[1cab5bee]&amp#27;[0m&amp#27;[38;5;-178m[AndroidUiautomator2Driver@056d]&amp#27;[0m Responding to client with driver.findElement() result: {"element-6066-11e4-a52e-4f735466cecf":"00000000-0000-0900-ffff-ffff00000020","ELEMENT":"00000000-0000-0900-ffff-ffff00000020"}
&amp#27;[38;5;38m[1cab5bee]&amp#27;[0m&amp#27;[38;5;86m[HTTP]&amp#27;[0m &amp#27;[37m<-- POST /session/1cab5bee-650d-4539-9bb6-a2768b060d72/element &amp#27;[39m&amp#27;[32m200&amp#27;[39m &amp#27;[90m45 ms - 137&amp#27;[39m &amp#27;[90m&amp#27;[39m
&amp#27;[38;5;38m[1cab5bee]&amp#27;[0m&amp#27;[38;5;86m[HTTP]&amp#27;[0m &amp#27;[37m-->&amp#27;[39m &amp#27;[37mPOST&amp#27;[39m &amp#27;[37m/session/1cab5bee-650d-4539-9bb6-a2768b060d72/element/00000000-0000-0900-ffff-ffff00000020/click&amp#27;[39m &amp#27;[90m{"id":"00000000-0000-0900-ffff-ffff00000020"}&amp#27;[39m
&amp#27;[38;5;38m[1cab5bee]&amp#27;[0m&amp#27;[38;5;-178m[AndroidUiautomator2Driver@056d]&amp#27;[0m Calling AppiumDriver.click() with args: ["00000000-0000-0900-ffff-ffff00000020","1cab5bee-650d-4539-9bb6-a2768b060d72"]
&amp#27;[38;5;38m[1cab5bee]&amp#27;[0m&amp#27;[38;5;-178m[AndroidUiautomator2Driver@056d]&amp#27;[0m Matched '/element/00000000-0000-0900-ffff-ffff00000020/click' to command name 'click'
&amp#27;[38;5;38m[1cab5bee]&amp#27;[0m&amp#27;[38;5;-178m[AndroidUiautomator2Driver@056d]&amp#27;[0m Proxying [POST /element/00000000-0000-0900-ffff-ffff00000020/click] to [POST http://127.0.0.1:8202/session/d494d952-1e96-440d-a5f3-74356d5eaf9f/element/00000000-0000-0900-ffff-ffff00000020/click] with body: {"element":"00000000-0000-0900-ffff-ffff00000020"}
&amp#27;[38;5;38m[1cab5bee]&amp#27;[0m&amp#27;[38;5;-178m[AndroidUiautomator2Driver@056d]&amp#27;[0m Got response with status 200: {"sessionId":"d494d952-1e96-440d-a5f3-74356d5eaf9f","value":null}
&amp#27;[38;5;38m[1cab5bee]&amp#27;[0m&amp#27;[38;5;-178m[AndroidUiautomator2Driver@056d]&amp#27;[0m Responding to client with driver.click() result: null
&amp#27;[38;5;38m[1cab5bee]&amp#27;[0m&amp#27;[38;5;86m[HTTP]&amp#27;[0m &amp#27;[37m<-- POST /session/1cab5bee-650d-4539-9bb6-a2768b060d72/element/00000000-0000-0900-ffff-ffff00000020/click &amp#27;[39m&amp#27;[32m200&amp#27;[39m &amp#27;[90m70 ms - 14&amp#27;[39m &amp#27;[90m&amp#27;[39m
&amp#27;[38;5;38m[1cab5bee]&amp#27;[0m&amp#27;[38;5;86m[HTTP]&amp#27;[0m &amp#27;[37m-->&amp#27;[39m &amp#27;[37mPOST&amp#27;[39m &amp#27;[37m/session/1cab5bee-650d-4539-9bb6-a2768b060d72/element&amp#27;[39m &amp#27;[90m{"using":"id","value":"android:id/text1"}&amp#27;[39m
&amp#27;[38;5;38m[1cab5bee]&amp#27;[0m&amp#27;[38;5;-178m[AndroidUiautomator2Driver@056d]&amp#27;[0m Calling AppiumDriver.findElement() with args: ["id","android:id/text1","1cab5bee-650d-4539-9bb6-a2768b060d72"]
&amp#27;[38;5;38m[1cab5bee]&amp#27;[0m&amp#27;[38;5;-178m[AndroidUiautomator2Driver@056d]&amp#27;[0m Valid locator strategies for this request: xpath, id, class name, accessibility id, css selector, -android uiautomator
&amp#27;[38;5;38m[1cab5bee]&amp#27;[0m&amp#27;[38;5;-178m[AndroidUiautomator2Driver@056d]&amp#27;[0m Waiting up to 0 ms for condition
&amp#27;[38;5;38m[1cab5bee]&amp#27;[0m&amp#27;[38;5;-178m[AndroidUiautomator2Driver@056d]&amp#27;[0m Matched '/element' to command name 'findElement'
&amp#27;[38;5;38m[1cab5bee]&amp#27;[0m&amp#27;[38;5;-178m[AndroidUiautomator2Driver@056d]&amp#27;[0m Proxying [POST /element] to [POST http://127.0.0.1:8202/session/d494d952-1e96-440d-a5f3-74356d5eaf9f/element] with body: {"strategy":"id","selector":"android:id/text1","context":"","multiple":false}
&amp#27;[38;5;38m[1cab5bee]&amp#27;[0m&amp#27;[38;5;-178m[AndroidUiautomator2Driver@056d]&amp#27;[0m Got response with status 200: {"sessionId":"d494d952-1e96-440d-a5f3-74356d5eaf9f","value":{"ELEMENT":"00000000-0000-0900-ffff-ffff00000024","element-6066-11e4-a52e-4f735466cecf":"00000000-0000-0900-ffff-ffff00000024"}}
&amp#27;[38;5;38m[1cab5bee]&amp#27;[0m&amp#27;[38;5;-178m[AndroidUiautomator2Driver@056d]&amp#27;[0m Responding to client with driver.findElement() result: {"element-6066-11e4-a52e-4f735466cecf":"00000000-0000-0900-ffff-ffff00000024","ELEMENT":"00000000-0000-0900-ffff-ffff00000024"}
&amp#27;[38;5;38m[1cab5bee]&amp#27;[0m&amp#27;[38;5;86m[HTTP]&amp#27;[0m &amp#27;[37m<-- POST /session/1cab5bee-650d-4539-9bb6-a2768b060d72/element &amp#27;[39m&amp#27;[32m200&amp#27;[39m &amp#27;[90m527 ms - 137&amp#27;[39m &amp#27;[90m&amp#27;[39m
&amp#27;[38;5;38m[1cab5bee]&amp#27;[0m&amp#27;[38;5;86m[HTTP]&amp#27;[0m &amp#27;[37m-->&amp#27;[39m &amp#27;[37mPOST&amp#27;[39m &amp#27;[37m/session/1cab5bee-650d-4539-9bb6-a2768b060d72/element/00000000-0000-0900-ffff-ffff00000024/click&amp#27;[39m &amp#27;[90m{"id":"00000000-0000-0900-ffff-ffff00000024"}&amp#27;[39m
&amp#27;[38;5;38m[1cab5bee]&amp#27;[0m&amp#27;[38;5;-178m[AndroidUiautomator2Driver@056d]&amp#27;[0m Calling AppiumDriver.click() with args: ["00000000-0000-0900-ffff-ffff00000024","1cab5bee-650d-4539-9bb6-a2768b060d72"]
&amp#27;[38;5;38m[1cab5bee]&amp#27;[0m&amp#27;[38;5;-178m[AndroidUiautomator2Driver@056d]&amp#27;[0m Matched '/element/00000000-0000-0900-ffff-ffff00000024/click' to command name 'click'
&amp#27;[38;5;38m[1cab5bee]&amp#27;[0m&amp#27;[38;5;-178m[AndroidUiautomator2Driver@056d]&amp#27;[0m Proxying [POST /element/00000000-0000-0900-ffff-ffff00000024/click] to [POST http://127.0.0.1:8202/session/d494d952-1e96-440d-a5f3-74356d5eaf9f/element/00000000-0000-0900-ffff-ffff00000024/click] with body: {"element":"00000000-0000-0900-ffff-ffff00000024"}
&amp#27;[38;5;38m[1cab5bee]&amp#27;[0m&amp#27;[38;5;-178m[AndroidUiautomator2Driver@056d]&amp#27;[0m Got response with status 200: {"sessionId":"d494d952-1e96-440d-a5f3-74356d5eaf9f","value":null}
&amp#27;[38;5;38m[1cab5bee]&amp#27;[0m&amp#27;[38;5;-178m[AndroidUiautomator2Driver@056d]&amp#27;[0m Responding to client with driver.click() result: null
&amp#27;[38;5;38m[1cab5bee]&amp#27;[0m&amp#27;[38;5;86m[HTTP]&amp#27;[0m &amp#27;[37m<-- POST /session/1cab5bee-650d-4539-9bb6-a2768b060d72/element/00000000-0000-0900-ffff-ffff00000024/click &amp#27;[39m&amp#27;[32m200&amp#27;[39m &amp#27;[90m64 ms - 14&amp#27;[39m &amp#27;[90m&amp#27;[39m
&amp#27;[38;5;38m[1cab5bee]&amp#27;[0m&amp#27;[38;5;86m[HTTP]&amp#27;[0m &amp#27;[37m-->&amp#27;[39m &amp#27;[37mPOST&amp#27;[39m &amp#27;[37m/session/1cab5bee-650d-4539-9bb6-a2768b060d72/element&amp#27;[39m &amp#27;[90m{"using":"-android uiautomator","value":"new UiScrollable(new UiSelector()).scrollIntoView(text(\"Argentina\"));"}&amp#27;[39m
&amp#27;[38;5;38m[1cab5bee]&amp#27;[0m&amp#27;[38;5;-178m[AndroidUiautomator2Driver@056d]&amp#27;[0m Calling AppiumDriver.findElement() with args: ["-android uiautomator","new UiScrollable(new UiSelector()).scrollIntoView(text(\"Argentina\"));","1cab5bee-650d-4539-9bb6-a2768b060d72"]
&amp#27;[38;5;38m[1cab5bee]&amp#27;[0m&amp#27;[38;5;-178m[AndroidUiautomator2Driver@056d]&amp#27;[0m Valid locator strategies for this request: xpath, id, class name, accessibility id, css selector, -android uiautomator
&amp#27;[38;5;38m[1cab5bee]&amp#27;[0m&amp#27;[38;5;-178m[AndroidUiautomator2Driver@056d]&amp#27;[0m Waiting up to 0 ms for condition
&amp#27;[38;5;38m[1cab5bee]&amp#27;[0m&amp#27;[38;5;-178m[AndroidUiautomator2Driver@056d]&amp#27;[0m Matched '/element' to command name 'findElement'
&amp#27;[38;5;38m[1cab5bee]&amp#27;[0m&amp#27;[38;5;-178m[AndroidUiautomator2Driver@056d]&amp#27;[0m Proxying [POST /element] to [POST http://127.0.0.1:8202/session/d494d952-1e96-440d-a5f3-74356d5eaf9f/element] with body: {"strategy":"-android uiautomator","selector":"new UiScrollable(new UiSelector()).scrollIntoView(text(\"Argentina\"));","context":"","multiple":false}
&amp#27;[38;5;37m[2baf365b]&amp#27;[0m&amp#27;[38;5;-150m[AndroidUiautomator2Driver@72a1]&amp#27;[0m Got response with status 200: {"sessionId":"430b8a02-e499-45fb-a146-83ced30c5381","value":{"ELEMENT":"00000000-0000-143c-ffff-ffff00000029","element-6066-11e4-a52e-4f735466cecf":"00000000-0000-143c-ffff-ffff00000029"}}
&amp#27;[38;5;37m[2baf365b]&amp#27;[0m&amp#27;[38;5;-150m[AndroidUiautomator2Driver@72a1]&amp#27;[0m Responding to client with driver.findElement() result: {"element-6066-11e4-a52e-4f735466cecf":"00000000-0000-143c-ffff-ffff00000029","ELEMENT":"00000000-0000-143c-ffff-ffff00000029"}
&amp#27;[38;5;37m[2baf365b]&amp#27;[0m&amp#27;[38;5;86m[HTTP]&amp#27;[0m &amp#27;[37m<-- POST /session/2baf365b-42a6-4973-955f-56c0cd69aa8e/element &amp#27;[39m&amp#27;[32m200&amp#27;[39m &amp#27;[90m4555 ms - 137&amp#27;[39m &amp#27;[90m&amp#27;[39m
&amp#27;[38;5;37m[2baf365b]&amp#27;[0m&amp#27;[38;5;86m[HTTP]&amp#27;[0m &amp#27;[37m-->&amp#27;[39m &amp#27;[37mPOST&amp#27;[39m &amp#27;[37m/session/2baf365b-42a6-4973-955f-56c0cd69aa8e/element&amp#27;[39m &amp#27;[90m{"using":"xpath","value":"//android.widget.TextView[@text='Argentina']"}&amp#27;[39m
&amp#27;[38;5;37m[2baf365b]&amp#27;[0m&amp#27;[38;5;-150m[AndroidUiautomator2Driver@72a1]&amp#27;[0m Calling AppiumDriver.findElement() with args: ["xpath","//android.widget.TextView[@text='Argentina']","2baf365b-42a6-4973-955f-56c0cd69aa8e"]
&amp#27;[38;5;37m[2baf365b]&amp#27;[0m&amp#27;[38;5;-150m[AndroidUiautomator2Driver@72a1]&amp#27;[0m Valid locator strategies for this request: xpath, id, class name, accessibility id, css selector, -android uiautomator
&amp#27;[38;5;37m[2baf365b]&amp#27;[0m&amp#27;[38;5;-150m[AndroidUiautomator2Driver@72a1]&amp#27;[0m Waiting up to 0 ms for condition
&amp#27;[38;5;37m[2baf365b]&amp#27;[0m&amp#27;[38;5;-150m[AndroidUiautomator2Driver@72a1]&amp#27;[0m Matched '/element' to command name 'findElement'
&amp#27;[38;5;37m[2baf365b]&amp#27;[0m&amp#27;[38;5;-150m[AndroidUiautomator2Driver@72a1]&amp#27;[0m Proxying [POST /element] to [POST http://127.0.0.1:8201/session/430b8a02-e499-45fb-a146-83ced30c5381/element] with body: {"strategy":"xpath","selector":"//android.widget.TextView[@text='Argentina']","context":"","multiple":false}
&amp#27;[38;5;37m[2baf365b]&amp#27;[0m&amp#27;[38;5;-150m[AndroidUiautomator2Driver@72a1]&amp#27;[0m Got response with status 200: {"sessionId":"430b8a02-e499-45fb-a146-83ced30c5381","value":{"ELEMENT":"00000000-0000-143c-ffff-ffff00000029","element-6066-11e4-a52e-4f735466cecf":"00000000-0000-143c-ffff-ffff00000029"}}
&amp#27;[38;5;37m[2baf365b]&amp#27;[0m&amp#27;[38;5;-150m[AndroidUiautomator2Driver@72a1]&amp#27;[0m Responding to client with driver.findElement() result: {"element-6066-11e4-a52e-4f735466cecf":"00000000-0000-143c-ffff-ffff00000029","ELEMENT":"00000000-0000-143c-ffff-ffff00000029"}
&amp#27;[38;5;37m[2baf365b]&amp#27;[0m&amp#27;[38;5;86m[HTTP]&amp#27;[0m &amp#27;[37m<-- POST /session/2baf365b-42a6-4973-955f-56c0cd69aa8e/element &amp#27;[39m&amp#27;[32m200&amp#27;[39m &amp#27;[90m227 ms - 137&amp#27;[39m &amp#27;[90m&amp#27;[39m
&amp#27;[38;5;37m[2baf365b]&amp#27;[0m&amp#27;[38;5;86m[HTTP]&amp#27;[0m &amp#27;[37m-->&amp#27;[39m &amp#27;[37mPOST&amp#27;[39m &amp#27;[37m/session/2baf365b-42a6-4973-955f-56c0cd69aa8e/element/00000000-0000-143c-ffff-ffff00000029/click&amp#27;[39m &amp#27;[90m{"id":"00000000-0000-143c-ffff-ffff00000029"}&amp#27;[39m
&amp#27;[38;5;37m[2baf365b]&amp#27;[0m&amp#27;[38;5;-150m[AndroidUiautomator2Driver@72a1]&amp#27;[0m Calling AppiumDriver.click() with args: ["00000000-0000-143c-ffff-ffff00000029","2baf365b-42a6-4973-955f-56c0cd69aa8e"]
&amp#27;[38;5;37m[2baf365b]&amp#27;[0m&amp#27;[38;5;-150m[AndroidUiautomator2Driver@72a1]&amp#27;[0m Matched '/element/00000000-0000-143c-ffff-ffff00000029/click' to command name 'click'
&amp#27;[38;5;37m[2baf365b]&amp#27;[0m&amp#27;[38;5;-150m[AndroidUiautomator2Driver@72a1]&amp#27;[0m Proxying [POST /element/00000000-0000-143c-ffff-ffff00000029/click] to [POST http://127.0.0.1:8201/session/430b8a02-e499-45fb-a146-83ced30c5381/element/00000000-0000-143c-ffff-ffff00000029/click] with body: {"element":"00000000-0000-143c-ffff-ffff00000029"}
&amp#27;[38;5;37m[2baf365b]&amp#27;[0m&amp#27;[38;5;-150m[AndroidUiautomator2Driver@72a1]&amp#27;[0m Got response with status 200: {"sessionId":"430b8a02-e499-45fb-a146-83ced30c5381","value":null}
&amp#27;[38;5;37m[2baf365b]&amp#27;[0m&amp#27;[38;5;-150m[AndroidUiautomator2Driver@72a1]&amp#27;[0m Responding to client with driver.click() result: null
&amp#27;[38;5;37m[2baf365b]&amp#27;[0m&amp#27;[38;5;86m[HTTP]&amp#27;[0m &amp#27;[37m<-- POST /session/2baf365b-42a6-4973-955f-56c0cd69aa8e/element/00000000-0000-143c-ffff-ffff00000029/click &amp#27;[39m&amp#27;[32m200&amp#27;[39m &amp#27;[90m657 ms - 14&amp#27;[39m &amp#27;[90m&amp#27;[39m
&amp#27;[38;5;37m[2baf365b]&amp#27;[0m&amp#27;[38;5;86m[HTTP]&amp#27;[0m &amp#27;[37m-->&amp#27;[39m &amp#27;[37mPOST&amp#27;[39m &amp#27;[37m/session/2baf365b-42a6-4973-955f-56c0cd69aa8e/element&amp#27;[39m &amp#27;[90m{"using":"id","value":"com.androidsample.generalstore:id/btnLetsShop"}&amp#27;[39m
&amp#27;[38;5;37m[2baf365b]&amp#27;[0m&amp#27;[38;5;-150m[AndroidUiautomator2Driver@72a1]&amp#27;[0m Calling AppiumDriver.findElement() with args: ["id","com.androidsample.generalstore:id/btnLetsShop","2baf365b-42a6-4973-955f-56c0cd69aa8e"]
&amp#27;[38;5;37m[2baf365b]&amp#27;[0m&amp#27;[38;5;-150m[AndroidUiautomator2Driver@72a1]&amp#27;[0m Valid locator strategies for this request: xpath, id, class name, accessibility id, css selector, -android uiautomator
&amp#27;[38;5;37m[2baf365b]&amp#27;[0m&amp#27;[38;5;-150m[AndroidUiautomator2Driver@72a1]&amp#27;[0m Waiting up to 0 ms for condition
&amp#27;[38;5;37m[2baf365b]&amp#27;[0m&amp#27;[38;5;-150m[AndroidUiautomator2Driver@72a1]&amp#27;[0m Matched '/element' to command name 'findElement'
&amp#27;[38;5;37m[2baf365b]&amp#27;[0m&amp#27;[38;5;-150m[AndroidUiautomator2Driver@72a1]&amp#27;[0m Proxying [POST /element] to [POST http://127.0.0.1:8201/session/430b8a02-e499-45fb-a146-83ced30c5381/element] with body: {"strategy":"id","selector":"com.androidsample.generalstore:id/btnLetsShop","context":"","multiple":false}
&amp#27;[38;5;37m[2baf365b]&amp#27;[0m&amp#27;[38;5;-150m[AndroidUiautomator2Driver@72a1]&amp#27;[0m Got response with status 200: {"sessionId":"430b8a02-e499-45fb-a146-83ced30c5381","value":{"ELEMENT":"00000000-0000-143b-ffff-ffff00000021","element-6066-11e4-a52e-4f735466cecf":"00000000-0000-143b-ffff-ffff00000021"}}
&amp#27;[38;5;37m[2baf365b]&amp#27;[0m&amp#27;[38;5;-150m[AndroidUiautomator2Driver@72a1]&amp#27;[0m Responding to client with driver.findElement() result: {"element-6066-11e4-a52e-4f735466cecf":"00000000-0000-143b-ffff-ffff00000021","ELEMENT":"00000000-0000-143b-ffff-ffff00000021"}
&amp#27;[38;5;37m[2baf365b]&amp#27;[0m&amp#27;[38;5;86m[HTTP]&amp#27;[0m &amp#27;[37m<-- POST /session/2baf365b-42a6-4973-955f-56c0cd69aa8e/element &amp#27;[39m&amp#27;[32m200&amp#27;[39m &amp#27;[90m85 ms - 137&amp#27;[39m &amp#27;[90m&amp#27;[39m
&amp#27;[38;5;37m[2baf365b]&amp#27;[0m&amp#27;[38;5;86m[HTTP]&amp#27;[0m &amp#27;[37m-->&amp#27;[39m &amp#27;[37mPOST&amp#27;[39m &amp#27;[37m/session/2baf365b-42a6-4973-955f-56c0cd69aa8e/element/00000000-0000-143b-ffff-ffff00000021/click&amp#27;[39m &amp#27;[90m{"id":"00000000-0000-143b-ffff-ffff00000021"}&amp#27;[39m
&amp#27;[38;5;37m[2baf365b]&amp#27;[0m&amp#27;[38;5;-150m[AndroidUiautomator2Driver@72a1]&amp#27;[0m Calling AppiumDriver.click() with args: ["00000000-0000-143b-ffff-ffff00000021","2baf365b-42a6-4973-955f-56c0cd69aa8e"]
&amp#27;[38;5;37m[2baf365b]&amp#27;[0m&amp#27;[38;5;-150m[AndroidUiautomator2Driver@72a1]&amp#27;[0m Matched '/element/00000000-0000-143b-ffff-ffff00000021/click' to command name 'click'
&amp#27;[38;5;37m[2baf365b]&amp#27;[0m&amp#27;[38;5;-150m[AndroidUiautomator2Driver@72a1]&amp#27;[0m Proxying [POST /element/00000000-0000-143b-ffff-ffff00000021/click] to [POST http://127.0.0.1:8201/session/430b8a02-e499-45fb-a146-83ced30c5381/element/00000000-0000-143b-ffff-ffff00000021/click] with body: {"element":"00000000-0000-143b-ffff-ffff00000021"}
&amp#27;[38;5;37m[2baf365b]&amp#27;[0m&amp#27;[38;5;-150m[AndroidUiautomator2Driver@72a1]&amp#27;[0m Got response with status 200: {"sessionId":"430b8a02-e499-45fb-a146-83ced30c5381","value":null}
&amp#27;[38;5;37m[2baf365b]&amp#27;[0m&amp#27;[38;5;-150m[AndroidUiautomator2Driver@72a1]&amp#27;[0m Responding to client with driver.click() result: null
&amp#27;[38;5;37m[2baf365b]&amp#27;[0m&amp#27;[38;5;86m[HTTP]&amp#27;[0m &amp#27;[37m<-- POST /session/2baf365b-42a6-4973-955f-56c0cd69aa8e/element/00000000-0000-143b-ffff-ffff00000021/click &amp#27;[39m&amp#27;[32m200&amp#27;[39m &amp#27;[90m84 ms - 14&amp#27;[39m &amp#27;[90m&amp#27;[39m
&amp#27;[38;5;38m[1cab5bee]&amp#27;[0m&amp#27;[38;5;-178m[AndroidUiautomator2Driver@056d]&amp#27;[0m Got response with status 200: {"sessionId":"d494d952-1e96-440d-a5f3-74356d5eaf9f","value":{"ELEMENT":"00000000-0000-0901-ffff-ffff00000032","element-6066-11e4-a52e-4f735466cecf":"00000000-0000-0901-ffff-ffff00000032"}}
&amp#27;[38;5;38m[1cab5bee]&amp#27;[0m&amp#27;[38;5;-178m[AndroidUiautomator2Driver@056d]&amp#27;[0m Responding to client with driver.findElement() result: {"element-6066-11e4-a52e-4f735466cecf":"00000000-0000-0901-ffff-ffff00000032","ELEMENT":"00000000-0000-0901-ffff-ffff00000032"}
&amp#27;[38;5;38m[1cab5bee]&amp#27;[0m&amp#27;[38;5;86m[HTTP]&amp#27;[0m &amp#27;[37m<-- POST /session/1cab5bee-650d-4539-9bb6-a2768b060d72/element &amp#27;[39m&amp#27;[32m200&amp#27;[39m &amp#27;[90m4503 ms - 137&amp#27;[39m &amp#27;[90m&amp#27;[39m
&amp#27;[38;5;38m[1cab5bee]&amp#27;[0m&amp#27;[38;5;86m[HTTP]&amp#27;[0m &amp#27;[37m-->&amp#27;[39m &amp#27;[37mPOST&amp#27;[39m &amp#27;[37m/session/1cab5bee-650d-4539-9bb6-a2768b060d72/element&amp#27;[39m &amp#27;[90m{"using":"xpath","value":"//android.widget.TextView[@text='Argentina']"}&amp#27;[39m
&amp#27;[38;5;38m[1cab5bee]&amp#27;[0m&amp#27;[38;5;-178m[AndroidUiautomator2Driver@056d]&amp#27;[0m Calling AppiumDriver.findElement() with args: ["xpath","//android.widget.TextView[@text='Argentina']","1cab5bee-650d-4539-9bb6-a2768b060d72"]
&amp#27;[38;5;38m[1cab5bee]&amp#27;[0m&amp#27;[38;5;-178m[AndroidUiautomator2Driver@056d]&amp#27;[0m Valid locator strategies for this request: xpath, id, class name, accessibility id, css selector, -android uiautomator
&amp#27;[38;5;38m[1cab5bee]&amp#27;[0m&amp#27;[38;5;-178m[AndroidUiautomator2Driver@056d]&amp#27;[0m Waiting up to 0 ms for condition
&amp#27;[38;5;38m[1cab5bee]&amp#27;[0m&amp#27;[38;5;-178m[AndroidUiautomator2Driver@056d]&amp#27;[0m Matched '/element' to command name 'findElement'
&amp#27;[38;5;38m[1cab5bee]&amp#27;[0m&amp#27;[38;5;-178m[AndroidUiautomator2Driver@056d]&amp#27;[0m Proxying [POST /element] to [POST http://127.0.0.1:8202/session/d494d952-1e96-440d-a5f3-74356d5eaf9f/element] with body: {"strategy":"xpath","selector":"//android.widget.TextView[@text='Argentina']","context":"","multiple":false}
&amp#27;[38;5;38m[1cab5bee]&amp#27;[0m&amp#27;[38;5;-178m[AndroidUiautomator2Driver@056d]&amp#27;[0m Got response with status 200: {"sessionId":"d494d952-1e96-440d-a5f3-74356d5eaf9f","value":{"ELEMENT":"00000000-0000-0901-ffff-ffff00000032","element-6066-11e4-a52e-4f735466cecf":"00000000-0000-0901-ffff-ffff00000032"}}
&amp#27;[38;5;38m[1cab5bee]&amp#27;[0m&amp#27;[38;5;-178m[AndroidUiautomator2Driver@056d]&amp#27;[0m Responding to client with driver.findElement() result: {"element-6066-11e4-a52e-4f735466cecf":"00000000-0000-0901-ffff-ffff00000032","ELEMENT":"00000000-0000-0901-ffff-ffff00000032"}
&amp#27;[38;5;38m[1cab5bee]&amp#27;[0m&amp#27;[38;5;86m[HTTP]&amp#27;[0m &amp#27;[37m<-- POST /session/1cab5bee-650d-4539-9bb6-a2768b060d72/element &amp#27;[39m&amp#27;[32m200&amp#27;[39m &amp#27;[90m435 ms - 137&amp#27;[39m &amp#27;[90m&amp#27;[39m
&amp#27;[38;5;38m[1cab5bee]&amp#27;[0m&amp#27;[38;5;86m[HTTP]&amp#27;[0m &amp#27;[37m-->&amp#27;[39m &amp#27;[37mPOST&amp#27;[39m &amp#27;[37m/session/1cab5bee-650d-4539-9bb6-a2768b060d72/element/00000000-0000-0901-ffff-ffff00000032/click&amp#27;[39m &amp#27;[90m{"id":"00000000-0000-0901-ffff-ffff00000032"}&amp#27;[39m
&amp#27;[38;5;38m[1cab5bee]&amp#27;[0m&amp#27;[38;5;-178m[AndroidUiautomator2Driver@056d]&amp#27;[0m Calling AppiumDriver.click() with args: ["00000000-0000-0901-ffff-ffff00000032","1cab5bee-650d-4539-9bb6-a2768b060d72"]
&amp#27;[38;5;38m[1cab5bee]&amp#27;[0m&amp#27;[38;5;-178m[AndroidUiautomator2Driver@056d]&amp#27;[0m Matched '/element/00000000-0000-0901-ffff-ffff00000032/click' to command name 'click'
&amp#27;[38;5;38m[1cab5bee]&amp#27;[0m&amp#27;[38;5;-178m[AndroidUiautomator2Driver@056d]&amp#27;[0m Proxying [POST /element/00000000-0000-0901-ffff-ffff00000032/click] to [POST http://127.0.0.1:8202/session/d494d952-1e96-440d-a5f3-74356d5eaf9f/element/00000000-0000-0901-ffff-ffff00000032/click] with body: {"element":"00000000-0000-0901-ffff-ffff00000032"}
&amp#27;[38;5;38m[1cab5bee]&amp#27;[0m&amp#27;[38;5;-178m[AndroidUiautomator2Driver@056d]&amp#27;[0m Got response with status 200: {"sessionId":"d494d952-1e96-440d-a5f3-74356d5eaf9f","value":null}
&amp#27;[38;5;38m[1cab5bee]&amp#27;[0m&amp#27;[38;5;-178m[AndroidUiautomator2Driver@056d]&amp#27;[0m Responding to client with driver.click() result: null
&amp#27;[38;5;38m[1cab5bee]&amp#27;[0m&amp#27;[38;5;86m[HTTP]&amp#27;[0m &amp#27;[37m<-- POST /session/1cab5bee-650d-4539-9bb6-a2768b060d72/element/00000000-0000-0901-ffff-ffff00000032/click &amp#27;[39m&amp#27;[32m200&amp#27;[39m &amp#27;[90m701 ms - 14&amp#27;[39m &amp#27;[90m&amp#27;[39m
&amp#27;[38;5;38m[1cab5bee]&amp#27;[0m&amp#27;[38;5;86m[HTTP]&amp#27;[0m &amp#27;[37m-->&amp#27;[39m &amp#27;[37mPOST&amp#27;[39m &amp#27;[37m/session/1cab5bee-650d-4539-9bb6-a2768b060d72/element&amp#27;[39m &amp#27;[90m{"using":"id","value":"com.androidsample.generalstore:id/btnLetsShop"}&amp#27;[39m
&amp#27;[38;5;38m[1cab5bee]&amp#27;[0m&amp#27;[38;5;-178m[AndroidUiautomator2Driver@056d]&amp#27;[0m Calling AppiumDriver.findElement() with args: ["id","com.androidsample.generalstore:id/btnLetsShop","1cab5bee-650d-4539-9bb6-a2768b060d72"]
&amp#27;[38;5;38m[1cab5bee]&amp#27;[0m&amp#27;[38;5;-178m[AndroidUiautomator2Driver@056d]&amp#27;[0m Valid locator strategies for this request: xpath, id, class name, accessibility id, css selector, -android uiautomator
&amp#27;[38;5;38m[1cab5bee]&amp#27;[0m&amp#27;[38;5;-178m[AndroidUiautomator2Driver@056d]&amp#27;[0m Waiting up to 0 ms for condition
&amp#27;[38;5;38m[1cab5bee]&amp#27;[0m&amp#27;[38;5;-178m[AndroidUiautomator2Driver@056d]&amp#27;[0m Matched '/element' to command name 'findElement'
&amp#27;[38;5;38m[1cab5bee]&amp#27;[0m&amp#27;[38;5;-178m[AndroidUiautomator2Driver@056d]&amp#27;[0m Proxying [POST /element] to [POST http://127.0.0.1:8202/session/d494d952-1e96-440d-a5f3-74356d5eaf9f/element] with body: {"strategy":"id","selector":"com.androidsample.generalstore:id/btnLetsShop","context":"","multiple":false}
&amp#27;[38;5;37m[2baf365b]&amp#27;[0m&amp#27;[38;5;86m[HTTP]&amp#27;[0m &amp#27;[37m-->&amp#27;[39m &amp#27;[37mGET&amp#27;[39m &amp#27;[37m/session/2baf365b-42a6-4973-955f-56c0cd69aa8e/screenshot&amp#27;[39m &amp#27;[90m{}&amp#27;[39m
&amp#27;[38;5;37m[2baf365b]&amp#27;[0m&amp#27;[38;5;-150m[AndroidUiautomator2Driver@72a1]&amp#27;[0m Calling AppiumDriver.getScreenshot() with args: ["2baf365b-42a6-4973-955f-56c0cd69aa8e"]
&amp#27;[38;5;37m[2baf365b]&amp#27;[0m&amp#27;[38;5;-150m[AndroidUiautomator2Driver@72a1]&amp#27;[0m Matched '/screenshot' to command name 'getScreenshot'
&amp#27;[38;5;37m[2baf365b]&amp#27;[0m&amp#27;[38;5;-150m[AndroidUiautomator2Driver@72a1]&amp#27;[0m Proxying [GET /screenshot] to [GET http://127.0.0.1:8201/session/430b8a02-e499-45fb-a146-83ced30c5381/screenshot] with no body
&amp#27;[38;5;38m[1cab5bee]&amp#27;[0m&amp#27;[38;5;-178m[AndroidUiautomator2Driver@056d]&amp#27;[0m Got response with status 200: {"sessionId":"d494d952-1e96-440d-a5f3-74356d5eaf9f","value":{"ELEMENT":"00000000-0000-0900-ffff-ffff00000021","element-6066-11e4-a52e-4f735466cecf":"00000000-0000-0900-ffff-ffff00000021"}}
&amp#27;[38;5;38m[1cab5bee]&amp#27;[0m&amp#27;[38;5;-178m[AndroidUiautomator2Driver@056d]&amp#27;[0m Responding to client with driver.findElement() result: {"element-6066-11e4-a52e-4f735466cecf":"00000000-0000-0900-ffff-ffff00000021","ELEMENT":"00000000-0000-0900-ffff-ffff00000021"}
&amp#27;[38;5;38m[1cab5bee]&amp#27;[0m&amp#27;[38;5;86m[HTTP]&amp#27;[0m &amp#27;[37m<-- POST /session/1cab5bee-650d-4539-9bb6-a2768b060d72/element &amp#27;[39m&amp#27;[32m200&amp#27;[39m &amp#27;[90m261 ms - 137&amp#27;[39m &amp#27;[90m&amp#27;[39m
&amp#27;[38;5;38m[1cab5bee]&amp#27;[0m&amp#27;[38;5;86m[HTTP]&amp#27;[0m &amp#27;[37m-->&amp#27;[39m &amp#27;[37mPOST&amp#27;[39m &amp#27;[37m/session/1cab5bee-650d-4539-9bb6-a2768b060d72/element/00000000-0000-0900-ffff-ffff00000021/click&amp#27;[39m &amp#27;[90m{"id":"00000000-0000-0900-ffff-ffff00000021"}&amp#27;[39m
&amp#27;[38;5;38m[1cab5bee]&amp#27;[0m&amp#27;[38;5;-178m[AndroidUiautomator2Driver@056d]&amp#27;[0m Calling AppiumDriver.click() with args: ["00000000-0000-0900-ffff-ffff00000021","1cab5bee-650d-4539-9bb6-a2768b060d72"]
&amp#27;[38;5;38m[1cab5bee]&amp#27;[0m&amp#27;[38;5;-178m[AndroidUiautomator2Driver@056d]&amp#27;[0m Matched '/element/00000000-0000-0900-ffff-ffff00000021/click' to command name 'click'
&amp#27;[38;5;38m[1cab5bee]&amp#27;[0m&amp#27;[38;5;-178m[AndroidUiautomator2Driver@056d]&amp#27;[0m Proxying [POST /element/00000000-0000-0900-ffff-ffff00000021/click] to [POST http://127.0.0.1:8202/session/d494d952-1e96-440d-a5f3-74356d5eaf9f/element/00000000-0000-0900-ffff-ffff00000021/click] with body: {"element":"00000000-0000-0900-ffff-ffff00000021"}
&amp#27;[38;5;38m[1cab5bee]&amp#27;[0m&amp#27;[38;5;-178m[AndroidUiautomator2Driver@056d]&amp#27;[0m Got response with status 200: {"sessionId":"d494d952-1e96-440d-a5f3-74356d5eaf9f","value":null}
&amp#27;[38;5;38m[1cab5bee]&amp#27;[0m&amp#27;[38;5;-178m[AndroidUiautomator2Driver@056d]&amp#27;[0m Responding to client with driver.click() result: null
&amp#27;[38;5;38m[1cab5bee]&amp#27;[0m&amp#27;[38;5;86m[HTTP]&amp#27;[0m &amp#27;[37m<-- POST /session/1cab5bee-650d-4539-9bb6-a2768b060d72/element/00000000-0000-0900-ffff-ffff00000021/click &amp#27;[39m&amp#27;[32m200&amp#27;[39m &amp#27;[90m65 ms - 14&amp#27;[39m &amp#27;[90m&amp#27;[39m
&amp#27;[38;5;37m[2baf365b]&amp#27;[0m&amp#27;[38;5;-150m[AndroidUiautomator2Driver@72a1]&amp#27;[0m Got response with status 200: {"sessionId":"430b8a02-e499-45fb-a146-83ced30c5381","value":"iVBORw0KGgoAAAANSUhEUgAABDgAAAlgCAYAAABtGofVAAAAAXNSR0IArs4c6QAAAARzQklUCAgICHwIZIgAACAASURBVHic7N13eFvl2Qbw+wxNW952PLL3IJOQhCySQIAQQgKkZW9oy2iBMsrq11LooFAoZe+GWWgDIcwAISE7kEn23t57SJbO+v5wbGzrSJa8ZNn3r1evC854zyOHJNKt931eIXHn1QaIiIiIiIiIiKKYGOkCiIiIiIiIiIhaigEHEREREREREUU9BhxEREREREREFPUYcBARERERERFR1GPAQURERERERERRjwEHEREREREREUU9BhxEREREREREFPUYcBARERERERFR1GPAQURERERERERRjwEHEREREREREUU9BhxEREREREREFPUYcBARERERERFR1GPAQURERERERERRjwEHEREREREREUU9BhxEREREREREFPUYcBARERERERFR1GPAQURERERERERRjwEHEREREREREUU9BhxEREREREREFPUYcBARERERERFR1GPAQURERERERERRjwEHEREREREREUU9BhxEREREREREFPUYcBARERERERFR1GPAQURERERERERRjwEHEREREREREUU9BhxEREREREREFPUYcBARERERERFR1GPAQURERERERERRT450AURERERERESRJEBAiuzCBMdADLV1R6YlCRlyItLlBDhEW7vU4NG9yFFLkKuWIlspxk7vcazz7EWhWgEDRrvUEO0YcBAREREREVGXIkBAjGhDb2sazo4diSnOIRhq6w5ZiOBHZCkWWZbkBodUQ8UO7zGsrNqFryq34rBSALfuZeARgJC482r+ZIiIiIiIiKjTEyDAJdox0JaJ2a5TMTduHOJFZ6TLCkmJVomPytfjq8qt2OM9gQq9mkFHIww4iIiIiIiIqNMTIaCnJQUXxU/A7NhT...
&amp#27;[38;5;37m[2baf365b]&amp#27;[0m&amp#27;[38;5;-150m[AndroidUiautomator2Driver@72a1]&amp#27;[0m Responding to client with driver.getScreenshot() result: "iVBORw0KGgoAAAANSUhEUgAABDgAAAlgCAYAAABtGofVAAAAAXNSR0IArs4c6QAAAARzQklUCAgICHwIZIgAACAASURBVHic7N13eFvl2Qbw+wxNW952PLL3IJOQhCySQIAQQgKkZW9oy2iBMsrq11LooFAoZe+GWWgDIcwAISE7kEn23t57SJbO+v5wbGzrSJa8ZNn3r1evC854zyOHJNKt931eIXHn1QaIiIiIiIiIiKKYGOkCiIiIiIiIiIhaigEHEREREREREUU9BhxEREREREREFPUYcBARERERERFR1GPAQURERERERERRjwEHEREREREREUU9BhxEREREREREFPUYcBARERERERFR1GPAQURERERERERRjwEHEREREREREUU9BhxEREREREREFPUYcBARERERERFR1GPAQURERERERERRjwEHEREREREREUU9BhxEREREREREFPUYcBARERERERFR1GPAQURERERERERRjwEHEREREREREUU9BhxEREREREREFPUYcBARERERERFR1GPAQURERERERERRjwEHEREREREREUU9BhxEREREREREFPUYcBARERERERFR1GPAQURERERERERRjwEHEREREREREUU9BhxEREREREREFPUYcBARERERERFR1GPAQURERERERERRT450AURERERERESRJEBAiuzCBMdADLV1R6YlCRlyItLlBDhEW7vU4NG9yFFLkKuWIlspxk7vcazz7EWhWgEDRrvUEO0YcBAREREREVGXIkBAjGhDb2sazo4diSnOIRhq6w5ZiOBHZCkWWZbkBodUQ8UO7zGsrNqFryq34rBSALfuZeARgJC482r+ZIiIiIiIiKjTEyDAJdox0JaJ2a5TMTduHOJFZ6TLCkmJVomPytfjq8qt2OM9gQq9mkFHIww4iIiIiIiIqNMTIaCnJQUXxU/A7NhT0dOaAjHK2lLq0HHUV4jPKjfif2VrcUwpYshRDwMOIiIiIiIi6vSG2XrgtuRZ...
&amp#27;[38;5;37m[2baf365b]&amp#27;[0m&amp#27;[38;5;86m[HTTP]&amp#27;[0m &amp#27;[37m<-- GET /session/2baf365b-42a6-4973-955f-56c0cd69aa8e/screenshot &amp#27;[39m&amp#27;[32m200&amp#27;[39m &amp#27;[90m514 ms - 381768&amp#27;[39m &amp#27;[90m&amp#27;[39m
]]></system-out>
  </testcase>
  <testcase name="SecondCase" classname="org.testCase.TestCase2" time="17.083">
    <system-out><![CDATA[&amp#27;[38;5;37m[2baf365b]&amp#27;[0m&amp#27;[38;5;86m[HTTP]&amp#27;[0m &amp#27;[37m-->&amp#27;[39m &amp#27;[37mPOST&amp#27;[39m &amp#27;[37m/session/2baf365b-42a6-4973-955f-56c0cd69aa8e/execute/sync&amp#27;[39m &amp#27;[90m{"script":"mobile: isAppInstalled","args":[{"bundleId":"com.androidsample.generalstore","appId":"com.androidsample.generalstore"}]}&amp#27;[39m
&amp#27;[38;5;37m[2baf365b]&amp#27;[0m&amp#27;[38;5;-150m[AndroidUiautomator2Driver@72a1]&amp#27;[0m Calling AppiumDriver.execute() with args: ["mobile: isAppInstalled",[{"bundleId":"com.androidsample.generalstore","appId":"com.androidsample.generalstore"}],"2baf365b-42a6-4973-955f-56c0cd69aa8e"]
&amp#27;[38;5;37m[2baf365b]&amp#27;[0m&amp#27;[38;5;123m[BaseDriver]&amp#27;[0m The following script arguments are not known and will be ignored: bundleId
&amp#27;[38;5;37m[2baf365b]&amp#27;[0m&amp#27;[38;5;229m[ADB]&amp#27;[0m Getting install status for com.androidsample.generalstore
&amp#27;[38;5;37m[2baf365b]&amp#27;[0m&amp#27;[38;5;229m[ADB]&amp#27;[0m Running 'C:\Users\sajus\AppData\Local\Android\Sdk\platform-tools\adb.exe -P 5037 -s R3CRC00KHBT shell cmd package list packages'
&amp#27;[38;5;37m[2baf365b]&amp#27;[0m&amp#27;[38;5;229m[ADB]&amp#27;[0m 'com.androidsample.generalstore' is installed
&amp#27;[38;5;37m[2baf365b]&amp#27;[0m&amp#27;[38;5;-150m[AndroidUiautomator2Driver@72a1]&amp#27;[0m Responding to client with driver.execute() result: true
&amp#27;[38;5;37m[2baf365b]&amp#27;[0m&amp#27;[38;5;86m[HTTP]&amp#27;[0m &amp#27;[37m<-- POST /session/2baf365b-42a6-4973-955f-56c0cd69aa8e/execute/sync &amp#27;[39m&amp#27;[32m200&amp#27;[39m &amp#27;[90m357 ms - 14&amp#27;[39m &amp#27;[90m&amp#27;[39m
&amp#27;[38;5;37m[2baf365b]&amp#27;[0m&amp#27;[38;5;86m[HTTP]&amp#27;[0m &amp#27;[37m-->&amp#27;[39m &amp#27;[37mPOST&amp#27;[39m &amp#27;[37m/session/2baf365b-42a6-4973-955f-56c0cd69aa8e/execute/sync&amp#27;[39m &amp#27;[90m{"script":"mobile: terminateApp","args":[{"bundleId":"com.androidsample.generalstore","appId":"com.androidsample.generalstore"}]}&amp#27;[39m
&amp#27;[38;5;37m[2baf365b]&amp#27;[0m&amp#27;[38;5;-150m[AndroidUiautomator2Driver@72a1]&amp#27;[0m Calling AppiumDriver.execute() with args: ["mobile: terminateApp",[{"bundleId":"com.androidsample.generalstore","appId":"com.androidsample.generalstore"}],"2baf365b-42a6-4973-955f-56c0cd69aa8e"]
&amp#27;[38;5;37m[2baf365b]&amp#27;[0m&amp#27;[38;5;123m[BaseDriver]&amp#27;[0m The following script arguments are not known and will be ignored: bundleId
&amp#27;[38;5;37m[2baf365b]&amp#27;[0m&amp#27;[38;5;-150m[AndroidUiautomator2Driver@72a1]&amp#27;[0m Terminating 'com.androidsample.generalstore'
&amp#27;[38;5;37m[2baf365b]&amp#27;[0m&amp#27;[38;5;229m[ADB]&amp#27;[0m Getting IDs of all 'com.androidsample.generalstore' processes
&amp#27;[38;5;37m[2baf365b]&amp#27;[0m&amp#27;[38;5;229m[ADB]&amp#27;[0m Running 'C:\Users\sajus\AppData\Local\Android\Sdk\platform-tools\adb.exe -P 5037 -s R3CRC00KHBT shell pgrep -f \(\[\[:blank:\]\]\|\^\)com\.androidsample\.generalstore\(:\[a-zA-Z0-9_-\]\+\)\?\(\[\[:blank:\]\]\|\$\)'
&amp#27;[38;5;37m[2baf365b]&amp#27;[0m&amp#27;[38;5;229m[ADB]&amp#27;[0m Running 'C:\Users\sajus\AppData\Local\Android\Sdk\platform-tools\adb.exe -P 5037 -s R3CRC00KHBT shell am force-stop com.androidsample.generalstore'
&amp#27;[38;5;37m[2baf365b]&amp#27;[0m&amp#27;[38;5;-150m[AndroidUiautomator2Driver@72a1]&amp#27;[0m Querying the state of 'com.androidsample.generalstore'
&amp#27;[38;5;37m[2baf365b]&amp#27;[0m&amp#27;[38;5;229m[ADB]&amp#27;[0m Getting install status for com.androidsample.generalstore
&amp#27;[38;5;37m[2baf365b]&amp#27;[0m&amp#27;[38;5;229m[ADB]&amp#27;[0m Running 'C:\Users\sajus\AppData\Local\Android\Sdk\platform-tools\adb.exe -P 5037 -s R3CRC00KHBT shell cmd package list packages'
&amp#27;[38;5;37m[2baf365b]&amp#27;[0m&amp#27;[38;5;229m[ADB]&amp#27;[0m 'com.androidsample.generalstore' is installed
&amp#27;[38;5;37m[2baf365b]&amp#27;[0m&amp#27;[38;5;229m[ADB]&amp#27;[0m Getting IDs of all 'com.androidsample.generalstore' processes
&amp#27;[38;5;37m[2baf365b]&amp#27;[0m&amp#27;[38;5;229m[ADB]&amp#27;[0m Running 'C:\Users\sajus\AppData\Local\Android\Sdk\platform-tools\adb.exe -P 5037 -s R3CRC00KHBT shell pgrep -f \(\[\[:blank:\]\]\|\^\)com\.androidsample\.generalstore\(:\[a-zA-Z0-9_-\]\+\)\?\(\[\[:blank:\]\]\|\$\)'
&amp#27;[38;5;37m[2baf365b]&amp#27;[0m&amp#27;[38;5;-150m[AndroidUiautomator2Driver@72a1]&amp#27;[0m 'com.androidsample.generalstore' has been successfully terminated
&amp#27;[38;5;37m[2baf365b]&amp#27;[0m&amp#27;[38;5;-150m[AndroidUiautomator2Driver@72a1]&amp#27;[0m Responding to client with driver.execute() result: true
&amp#27;[38;5;37m[2baf365b]&amp#27;[0m&amp#27;[38;5;86m[HTTP]&amp#27;[0m &amp#27;[37m<-- POST /session/2baf365b-42a6-4973-955f-56c0cd69aa8e/execute/sync &amp#27;[39m&amp#27;[32m200&amp#27;[39m &amp#27;[90m796 ms - 14&amp#27;[39m &amp#27;[90m&amp#27;[39m
🛑 App terminated: com.androidsample.generalstore
&amp#27;[38;5;37m[2baf365b]&amp#27;[0m&amp#27;[38;5;86m[HTTP]&amp#27;[0m &amp#27;[37m-->&amp#27;[39m &amp#27;[37mDELETE&amp#27;[39m &amp#27;[37m/session/2baf365b-42a6-4973-955f-56c0cd69aa8e&amp#27;[39m &amp#27;[90m{}&amp#27;[39m
&amp#27;[38;5;37m[2baf365b]&amp#27;[0m&amp#27;[38;5;-150m[AndroidUiautomator2Driver@72a1]&amp#27;[0m Calling AppiumDriver.deleteSession() with args: ["2baf365b-42a6-4973-955f-56c0cd69aa8e"]
&amp#27;[38;5;37m[2baf365b]&amp#27;[0m&amp#27;[38;5;144m[AppiumDriver@536f]&amp#27;[0m Event 'quitSessionRequested' logged at 1750278501927 (16:28:21 GMT-0400 (Eastern Daylight Saving Time))
&amp#27;[38;5;37m[2baf365b]&amp#27;[0m&amp#27;[38;5;144m[AppiumDriver@536f]&amp#27;[0m Removing session 2baf365b-42a6-4973-955f-56c0cd69aa8e from our master session list
&amp#27;[38;5;37m[2baf365b]&amp#27;[0m&amp#27;[38;5;-150m[AndroidUiautomator2Driver@72a1]&amp#27;[0m Deleting UiAutomator2 session
&amp#27;[38;5;37m[2baf365b]&amp#27;[0m&amp#27;[38;5;-150m[AndroidUiautomator2Driver@72a1]&amp#27;[0m Deleting UiAutomator2 server session
&amp#27;[38;5;37m[2baf365b]&amp#27;[0m&amp#27;[38;5;-150m[AndroidUiautomator2Driver@72a1]&amp#27;[0m Proxying [DELETE /] to [DELETE http://127.0.0.1:8201/session/430b8a02-e499-45fb-a146-83ced30c5381] with no body
&amp#27;[38;5;37m[2baf365b]&amp#27;[0m&amp#27;[38;5;-150m[AndroidUiautomator2Driver@72a1]&amp#27;[0m Got response with status 200: {"sessionId":"430b8a02-e499-45fb-a146-83ced30c5381","value":null}
&amp#27;[38;5;37m[2baf365b]&amp#27;[0m&amp#27;[38;5;229m[ADB]&amp#27;[0m Getting IDs of all 'io.appium.uiautomator2.server' processes
&amp#27;[38;5;37m[2baf365b]&amp#27;[0m&amp#27;[38;5;229m[ADB]&amp#27;[0m Running 'C:\Users\sajus\AppData\Local\Android\Sdk\platform-tools\adb.exe -P 5037 -s R3CRC00KHBT shell pgrep -f \(\[\[:blank:\]\]\|\^\)io\.appium\.uiautomator2\.server\(:\[a-zA-Z0-9_-\]\+\)\?\(\[\[:blank:\]\]\|\$\)'
&amp#27;[38;5;37m[2baf365b]&amp#27;[0m&amp#27;[38;5;-150m[AndroidUiautomator2Driver@72a1]&amp#27;[0m [Instrumentation] io.appium.uiautomator2.server.test.AppiumUiAutomator2Server:.
&amp#27;[38;5;37m[2baf365b]&amp#27;[0m&amp#27;[38;5;-150m[AndroidUiautomator2Driver@72a1]&amp#27;[0m [Instrumentation] 
&amp#27;[38;5;37m[2baf365b]&amp#27;[0m&amp#27;[38;5;-150m[AndroidUiautomator2Driver@72a1]&amp#27;[0m [Instrumentation] Time: 19.121
&amp#27;[38;5;37m[2baf365b]&amp#27;[0m&amp#27;[38;5;-150m[AndroidUiautomator2Driver@72a1]&amp#27;[0m [Instrumentation] 
&amp#27;[38;5;37m[2baf365b]&amp#27;[0m&amp#27;[38;5;-150m[AndroidUiautomator2Driver@72a1]&amp#27;[0m [Instrumentation] OK (1 test)
&amp#27;[38;5;37m[2baf365b]&amp#27;[0m&amp#27;[38;5;-150m[AndroidUiautomator2Driver@72a1]&amp#27;[0m [Instrumentation] 
&amp#27;[38;5;37m[2baf365b]&amp#27;[0m&amp#27;[38;5;-150m[AndroidUiautomator2Driver@72a1]&amp#27;[0m [Instrumentation] 
&amp#27;[38;5;37m[2baf365b]&amp#27;[0m&amp#27;[38;5;-150m[AndroidUiautomator2Driver@72a1]&amp#27;[0m [Instrumentation] The process has exited with code 0, signal null
&amp#27;[38;5;37m[2baf365b]&amp#27;[0m&amp#27;[38;5;229m[ADB]&amp#27;[0m Running 'C:\Users\sajus\AppData\Local\Android\Sdk\platform-tools\adb.exe -P 5037 -s R3CRC00KHBT shell am force-stop io.appium.uiautomator2.server'
&amp#27;[38;5;37m[2baf365b]&amp#27;[0m&amp#27;[38;5;229m[ADB]&amp#27;[0m Running 'C:\Users\sajus\AppData\Local\Android\Sdk\platform-tools\adb.exe -P 5037 -s R3CRC00KHBT shell am force-stop io.appium.uiautomator2.server.test'
&amp#27;[38;5;37m[2baf365b]&amp#27;[0m&amp#27;[38;5;229m[ADB]&amp#27;[0m Running 'C:\Users\sajus\AppData\Local\Android\Sdk\platform-tools\adb.exe -P 5037 -s R3CRC00KHBT shell dumpsys activity services io.appium.settings/.recorder.RecorderService'
&amp#27;[38;5;37m[2baf365b]&amp#27;[0m&amp#27;[38;5;229m[ADB]&amp#27;[0m Removing forwarded port socket connection: 8201 
&amp#27;[38;5;37m[2baf365b]&amp#27;[0m&amp#27;[38;5;229m[ADB]&amp#27;[0m Running 'C:\Users\sajus\AppData\Local\Android\Sdk\platform-tools\adb.exe -P 5037 -s R3CRC00KHBT forward --remove tcp:8201'
&amp#27;[38;5;37m[2baf365b]&amp#27;[0m&amp#27;[38;5;-150m[AndroidUiautomator2Driver@72a1]&amp#27;[0m Restoring hidden api policy to the device default configuration
&amp#27;[38;5;37m[2baf365b]&amp#27;[0m&amp#27;[38;5;229m[ADB]&amp#27;[0m Running 'C:\Users\sajus\AppData\Local\Android\Sdk\platform-tools\adb.exe -P 5037 -s R3CRC00KHBT shell 'settings delete global hidden_api_policy_pre_p_apps;settings delete global hidden_api_policy_p_apps;settings delete global hidden_api_policy''
&amp#27;[38;5;37m[2baf365b]&amp#27;[0m&amp#27;[38;5;160m[Logcat]&amp#27;[0m Stopping logcat capture
&amp#27;[38;5;37m[2baf365b]&amp#27;[0m&amp#27;[38;5;144m[AppiumDriver@536f]&amp#27;[0m Event 'quitSessionFinished' logged at 1750278502828 (16:28:22 GMT-0400 (Eastern Daylight Saving Time))
&amp#27;[38;5;37m[2baf365b]&amp#27;[0m&amp#27;[38;5;144m[AppiumDriver@536f]&amp#27;[0m Received response: null
&amp#27;[38;5;37m[2baf365b]&amp#27;[0m&amp#27;[38;5;144m[AppiumDriver@536f]&amp#27;[0m But deleting session, so not returning
&amp#27;[38;5;37m[2baf365b]&amp#27;[0m&amp#27;[38;5;144m[AppiumDriver@536f]&amp#27;[0m Responding to client with driver.deleteSession() result: null
&amp#27;[38;5;37m[2baf365b]&amp#27;[0m&amp#27;[38;5;86m[HTTP]&amp#27;[0m &amp#27;[37m<-- DELETE /session/2baf365b-42a6-4973-955f-56c0cd69aa8e &amp#27;[39m&amp#27;[32m200&amp#27;[39m &amp#27;[90m904 ms - 14&amp#27;[39m &amp#27;[90m&amp#27;[39m
&amp#27;[38;5;86m[HTTP]&amp#27;[0m &amp#27;[37m-->&amp#27;[39m &amp#27;[37mGET&amp#27;[39m &amp#27;[37m/status&amp#27;[39m &amp#27;[90m{}&amp#27;[39m
&amp#27;[38;5;144m[AppiumDriver@536f]&amp#27;[0m Calling AppiumDriver.getStatus() with args: []
&amp#27;[38;5;144m[AppiumDriver@536f]&amp#27;[0m Responding to client with driver.getStatus() result: {"ready":true,"message":"The server is ready to accept new connections","build":{"version":"2.18.0"}}
&amp#27;[38;5;86m[HTTP]&amp#27;[0m &amp#27;[37m<-- GET /status &amp#27;[39m&amp#27;[32m200&amp#27;[39m &amp#27;[90m1 ms - 111&amp#27;[39m &amp#27;[90m&amp#27;[39m
Appium server stopped
✅ Test completed for device: Samsung_Galaxy_S21
&amp#27;[38;5;38m[1cab5bee]&amp#27;[0m&amp#27;[38;5;86m[HTTP]&amp#27;[0m &amp#27;[37m-->&amp#27;[39m &amp#27;[37mGET&amp#27;[39m &amp#27;[37m/session/1cab5bee-650d-4539-9bb6-a2768b060d72/screenshot&amp#27;[39m &amp#27;[90m{}&amp#27;[39m
&amp#27;[38;5;38m[1cab5bee]&amp#27;[0m&amp#27;[38;5;-178m[AndroidUiautomator2Driver@056d]&amp#27;[0m Calling AppiumDriver.getScreenshot() with args: ["1cab5bee-650d-4539-9bb6-a2768b060d72"]
&amp#27;[38;5;38m[1cab5bee]&amp#27;[0m&amp#27;[38;5;-178m[AndroidUiautomator2Driver@056d]&amp#27;[0m Matched '/screenshot' to command name 'getScreenshot'
&amp#27;[38;5;38m[1cab5bee]&amp#27;[0m&amp#27;[38;5;-178m[AndroidUiautomator2Driver@056d]&amp#27;[0m Proxying [GET /screenshot] to [GET http://127.0.0.1:8202/session/d494d952-1e96-440d-a5f3-74356d5eaf9f/screenshot] with no body
&amp#27;[38;5;38m[1cab5bee]&amp#27;[0m&amp#27;[38;5;-178m[AndroidUiautomator2Driver@056d]&amp#27;[0m Got response with status 200: {"sessionId":"d494d952-1e96-440d-a5f3-74356d5eaf9f","value":"iVBORw0KGgoAAAANSUhEUgAABDgAAAjoCAYAAAA5jhrUAAAAAXNSR0IArs4c6QAAAARzQklUCAgICHwIZIgAACAASURBVHic7N13nFTV/f/x9713Zhvb2KVKVwJYsIBdjApGY8MWjWLBHrFrir+YrxETezT2qBEVQiR2wBY7ogiiQUBREQsdpOyyy8K2mXvv7w+ym52dmd2Z3ZmduTuvpw+Cc+aWz12CMO8953OMrl+d6woAAAAAAMDDzFQXAAAAAAAA0F4EHAAAAAAAwPMIOAAAAAAAgOcRcAAAAAAAAM8j4AAAAAAAAJ5HwAEAAAAAADyPgAMAAAAAAHgeAQcAAAAAAPA8Ag4AAAAAAOB5BBwAAAAAAMDzCDgAAAAAAIDnEXAAAAAAAADPI+AAAAAAAACeR8ABAAAAAAA8j4ADAAAAAAB4HgEHAAAAAADwPAIOAAAAAADgeQQcAAAAAADA8wg4AAAAAACA5xFwAAAAAAAAzyPgAAAAAAAAnkfAAQAAAAAAPI+AAwAAAAAAeB4BBwAAAAAA8DwCDgAAAAAA4Hm+VBcApANDhoyGn40d/y5JriTXdbXjH/33f70rU54TAAAAQOYh4EDGMmTIZ5jaJauXpvW7VgP93Vs8fkVgk85cfa9+qP9RQdfxTAiQKc8JAAAAxKLIytMe2f01PKe/isw87ZHTX0VWl8b3K+3tWlK7SpVOtb6oXaUldatUaVenpNZRecP08oDfx3Ts2JW3a0710iRXlN4IOJCRCsxc/bHHaTqv6xGyYlypNdDfXfN2vk22HE3Z8r5u3vicqpyaJFfaPpnynAAAAEBL+vu76diCETq2YKRG5Q1r9fjjCkaGvJ5TvVSvVy3Q61WfaVVgc7LKRDsZXb86l2/PImP4DEsTSo7WxB6n638LNNrGlaubNz6vv5W/oaBrJ6jCxMiU5wQAAABaMipvmH5VclRYYNEe...
&amp#27;[38;5;38m[1cab5bee]&amp#27;[0m&amp#27;[38;5;-178m[AndroidUiautomator2Driver@056d]&amp#27;[0m Responding to client with driver.getScreenshot() result: "iVBORw0KGgoAAAANSUhEUgAABDgAAAjoCAYAAAA5jhrUAAAAAXNSR0IArs4c6QAAAARzQklUCAgICHwIZIgAACAASURBVHic7N13nFTV/f/x9713Zhvb2KVKVwJYsIBdjApGY8MWjWLBHrFrir+YrxETezT2qBEVQiR2wBY7ogiiQUBREQsdpOyyy8K2mXvv7w+ym52dmd2Z3ZmduTuvpw+Cc+aWz12CMO8953OMrl+d6woAAAAAAMDDzFQXAAAAAAAA0F4EHAAAAAAAwPMIOAAAAAAAgOcRcAAAAAAAAM8j4AAAAAAAAJ5HwAEAAAAAADyPgAMAAAAAAHgeAQcAAAAAAPA8Ag4AAAAAAOB5BBwAAAAAAMDzCDgAAAAAAIDnEXAAAAAAAADPI+AAAAAAAACeR8ABAAAAAAA8j4ADAAAAAAB4HgEHAAAAAADwPAIOAAAAAADgeQQcAAAAAADA8wg4AAAAAACA5xFwAAAAAAAAzyPgAAAAAAAAnkfAAQAAAAAAPI+AAwAAAAAAeB4BBwAAAAAA8DwCDgAAAAAA4Hm+VBcApANDhoyGn40d/y5JriTXdbXjH/33f70rU54TAAAAQOYh4EDGMmTIZ5jaJauXpvW7VgP93Vs8fkVgk85cfa9+qP9RQdfxTAiQKc8JAAAAxKLIytMe2f01PKe/isw87ZHTX0VWl8b3K+3tWlK7SpVOtb6oXaUldatUaVenpNZRecP08oDfx3Ts2JW3a0710iRXlN4IOJCRCsxc/bHHaTqv6xGyYlypNdDfXfN2vk22HE3Z8r5u3vicqpyaJFfaPpnynAAAAEBL+vu76diCETq2YKRG5Q1r9fjjCkaGvJ5TvVSvVy3Q61WfaVVgc7LKRDsZXb86l2/PImP4DEsTSo7WxB6n638LNNrGlaubNz6vv5W/oaBrJ6jCxMiU5wQAAABaMipvmH5VclRYYNEer1Ut0GPlb3XIbAlmcMSHgAMZwZChAjNHswb9SYOyeiT02svrN2r0ipu01a5J...
&amp#27;[38;5;38m[1cab5bee]&amp#27;[0m&amp#27;[38;5;86m[HTTP]&amp#27;[0m &amp#27;[37m<-- GET /session/1cab5bee-650d-4539-9bb6-a2768b060d72/screenshot &amp#27;[39m&amp#27;[32m200&amp#27;[39m &amp#27;[90m802 ms - 346040&amp#27;[39m &amp#27;[90m&amp#27;[39m
]]></system-out>
  </testcase>
  <testcase name="ThirdCase" classname="org.testCase.TestCase3" time="17.696">
    <system-out><![CDATA[&amp#27;[38;5;38m[1cab5bee]&amp#27;[0m&amp#27;[38;5;86m[HTTP]&amp#27;[0m &amp#27;[37m-->&amp#27;[39m &amp#27;[37mPOST&amp#27;[39m &amp#27;[37m/session/1cab5bee-650d-4539-9bb6-a2768b060d72/execute/sync&amp#27;[39m &amp#27;[90m{"script":"mobile: isAppInstalled","args":[{"bundleId":"com.androidsample.generalstore","appId":"com.androidsample.generalstore"}]}&amp#27;[39m
&amp#27;[38;5;38m[1cab5bee]&amp#27;[0m&amp#27;[38;5;-178m[AndroidUiautomator2Driver@056d]&amp#27;[0m Calling AppiumDriver.execute() with args: ["mobile: isAppInstalled",[{"bundleId":"com.androidsample.generalstore","appId":"com.androidsample.generalstore"}],"1cab5bee-650d-4539-9bb6-a2768b060d72"]
&amp#27;[38;5;38m[1cab5bee]&amp#27;[0m&amp#27;[38;5;123m[BaseDriver]&amp#27;[0m The following script arguments are not known and will be ignored: bundleId
&amp#27;[38;5;38m[1cab5bee]&amp#27;[0m&amp#27;[38;5;229m[ADB]&amp#27;[0m Getting install status for com.androidsample.generalstore
&amp#27;[38;5;38m[1cab5bee]&amp#27;[0m&amp#27;[38;5;229m[ADB]&amp#27;[0m Running 'C:\Users\sajus\AppData\Local\Android\Sdk\platform-tools\adb.exe -P 5037 -s CTLID18120801016 shell cmd package list packages'
&amp#27;[38;5;38m[1cab5bee]&amp#27;[0m&amp#27;[38;5;229m[ADB]&amp#27;[0m 'com.androidsample.generalstore' is installed
&amp#27;[38;5;38m[1cab5bee]&amp#27;[0m&amp#27;[38;5;-178m[AndroidUiautomator2Driver@056d]&amp#27;[0m Responding to client with driver.execute() result: true
&amp#27;[38;5;38m[1cab5bee]&amp#27;[0m&amp#27;[38;5;86m[HTTP]&amp#27;[0m &amp#27;[37m<-- POST /session/1cab5bee-650d-4539-9bb6-a2768b060d72/execute/sync &amp#27;[39m&amp#27;[32m200&amp#27;[39m &amp#27;[90m175 ms - 14&amp#27;[39m &amp#27;[90m&amp#27;[39m
&amp#27;[38;5;38m[1cab5bee]&amp#27;[0m&amp#27;[38;5;86m[HTTP]&amp#27;[0m &amp#27;[37m-->&amp#27;[39m &amp#27;[37mPOST&amp#27;[39m &amp#27;[37m/session/1cab5bee-650d-4539-9bb6-a2768b060d72/execute/sync&amp#27;[39m &amp#27;[90m{"script":"mobile: terminateApp","args":[{"bundleId":"com.androidsample.generalstore","appId":"com.androidsample.generalstore"}]}&amp#27;[39m
&amp#27;[38;5;38m[1cab5bee]&amp#27;[0m&amp#27;[38;5;-178m[AndroidUiautomator2Driver@056d]&amp#27;[0m Calling AppiumDriver.execute() with args: ["mobile: terminateApp",[{"bundleId":"com.androidsample.generalstore","appId":"com.androidsample.generalstore"}],"1cab5bee-650d-4539-9bb6-a2768b060d72"]
&amp#27;[38;5;38m[1cab5bee]&amp#27;[0m&amp#27;[38;5;123m[BaseDriver]&amp#27;[0m The following script arguments are not known and will be ignored: bundleId
&amp#27;[38;5;38m[1cab5bee]&amp#27;[0m&amp#27;[38;5;-178m[AndroidUiautomator2Driver@056d]&amp#27;[0m Terminating 'com.androidsample.generalstore'
&amp#27;[38;5;38m[1cab5bee]&amp#27;[0m&amp#27;[38;5;229m[ADB]&amp#27;[0m Getting IDs of all 'com.androidsample.generalstore' processes
&amp#27;[38;5;38m[1cab5bee]&amp#27;[0m&amp#27;[38;5;229m[ADB]&amp#27;[0m Running 'C:\Users\sajus\AppData\Local\Android\Sdk\platform-tools\adb.exe -P 5037 -s CTLID18120801016 shell pgrep -f \(\[\[:blank:\]\]\|\^\)com\.androidsample\.generalstore\(:\[a-zA-Z0-9_-\]\+\)\?\(\[\[:blank:\]\]\|\$\)'
&amp#27;[38;5;38m[1cab5bee]&amp#27;[0m&amp#27;[38;5;229m[ADB]&amp#27;[0m Running 'C:\Users\sajus\AppData\Local\Android\Sdk\platform-tools\adb.exe -P 5037 -s CTLID18120801016 shell am force-stop com.androidsample.generalstore'
&amp#27;[38;5;38m[1cab5bee]&amp#27;[0m&amp#27;[38;5;-178m[AndroidUiautomator2Driver@056d]&amp#27;[0m Querying the state of 'com.androidsample.generalstore'
&amp#27;[38;5;38m[1cab5bee]&amp#27;[0m&amp#27;[38;5;229m[ADB]&amp#27;[0m Getting install status for com.androidsample.generalstore
&amp#27;[38;5;38m[1cab5bee]&amp#27;[0m&amp#27;[38;5;229m[ADB]&amp#27;[0m Running 'C:\Users\sajus\AppData\Local\Android\Sdk\platform-tools\adb.exe -P 5037 -s CTLID18120801016 shell cmd package list packages'
&amp#27;[38;5;38m[1cab5bee]&amp#27;[0m&amp#27;[38;5;229m[ADB]&amp#27;[0m 'com.androidsample.generalstore' is installed
&amp#27;[38;5;38m[1cab5bee]&amp#27;[0m&amp#27;[38;5;229m[ADB]&amp#27;[0m Getting IDs of all 'com.androidsample.generalstore' processes
&amp#27;[38;5;38m[1cab5bee]&amp#27;[0m&amp#27;[38;5;229m[ADB]&amp#27;[0m Running 'C:\Users\sajus\AppData\Local\Android\Sdk\platform-tools\adb.exe -P 5037 -s CTLID18120801016 shell pgrep -f \(\[\[:blank:\]\]\|\^\)com\.androidsample\.generalstore\(:\[a-zA-Z0-9_-\]\+\)\?\(\[\[:blank:\]\]\|\$\)'
&amp#27;[38;5;38m[1cab5bee]&amp#27;[0m&amp#27;[38;5;-178m[AndroidUiautomator2Driver@056d]&amp#27;[0m 'com.androidsample.generalstore' has been successfully terminated
&amp#27;[38;5;38m[1cab5bee]&amp#27;[0m&amp#27;[38;5;-178m[AndroidUiautomator2Driver@056d]&amp#27;[0m Responding to client with driver.execute() result: true
&amp#27;[38;5;38m[1cab5bee]&amp#27;[0m&amp#27;[38;5;86m[HTTP]&amp#27;[0m &amp#27;[37m<-- POST /session/1cab5bee-650d-4539-9bb6-a2768b060d72/execute/sync &amp#27;[39m&amp#27;[32m200&amp#27;[39m &amp#27;[90m648 ms - 14&amp#27;[39m &amp#27;[90m&amp#27;[39m
🛑 App terminated: com.androidsample.generalstore
&amp#27;[38;5;38m[1cab5bee]&amp#27;[0m&amp#27;[38;5;86m[HTTP]&amp#27;[0m &amp#27;[37m-->&amp#27;[39m &amp#27;[37mDELETE&amp#27;[39m &amp#27;[37m/session/1cab5bee-650d-4539-9bb6-a2768b060d72&amp#27;[39m &amp#27;[90m{}&amp#27;[39m
&amp#27;[38;5;38m[1cab5bee]&amp#27;[0m&amp#27;[38;5;-178m[AndroidUiautomator2Driver@056d]&amp#27;[0m Calling AppiumDriver.deleteSession() with args: ["1cab5bee-650d-4539-9bb6-a2768b060d72"]
&amp#27;[38;5;38m[1cab5bee]&amp#27;[0m&amp#27;[38;5;200m[AppiumDriver@fa03]&amp#27;[0m Event 'quitSessionRequested' logged at 1750278504880 (16:28:24 GMT-0400 (Eastern Daylight Saving Time))
&amp#27;[38;5;38m[1cab5bee]&amp#27;[0m&amp#27;[38;5;200m[AppiumDriver@fa03]&amp#27;[0m Removing session 1cab5bee-650d-4539-9bb6-a2768b060d72 from our master session list
&amp#27;[38;5;38m[1cab5bee]&amp#27;[0m&amp#27;[38;5;-178m[AndroidUiautomator2Driver@056d]&amp#27;[0m Deleting UiAutomator2 session
&amp#27;[38;5;38m[1cab5bee]&amp#27;[0m&amp#27;[38;5;-178m[AndroidUiautomator2Driver@056d]&amp#27;[0m Deleting UiAutomator2 server session
&amp#27;[38;5;38m[1cab5bee]&amp#27;[0m&amp#27;[38;5;-178m[AndroidUiautomator2Driver@056d]&amp#27;[0m Proxying [DELETE /] to [DELETE http://127.0.0.1:8202/session/d494d952-1e96-440d-a5f3-74356d5eaf9f] with no body
&amp#27;[38;5;38m[1cab5bee]&amp#27;[0m&amp#27;[38;5;-178m[AndroidUiautomator2Driver@056d]&amp#27;[0m Got response with status 200: {"sessionId":"d494d952-1e96-440d-a5f3-74356d5eaf9f","value":null}
&amp#27;[38;5;38m[1cab5bee]&amp#27;[0m&amp#27;[38;5;229m[ADB]&amp#27;[0m Getting IDs of all 'io.appium.uiautomator2.server' processes
&amp#27;[38;5;38m[1cab5bee]&amp#27;[0m&amp#27;[38;5;229m[ADB]&amp#27;[0m Running 'C:\Users\sajus\AppData\Local\Android\Sdk\platform-tools\adb.exe -P 5037 -s CTLID18120801016 shell pgrep -f \(\[\[:blank:\]\]\|\^\)io\.appium\.uiautomator2\.server\(:\[a-zA-Z0-9_-\]\+\)\?\(\[\[:blank:\]\]\|\$\)'
&amp#27;[38;5;38m[1cab5bee]&amp#27;[0m&amp#27;[38;5;-178m[AndroidUiautomator2Driver@056d]&amp#27;[0m [Instrumentation] io.appium.uiautomator2.server.test.AppiumUiAutomator2Server:.
&amp#27;[38;5;38m[1cab5bee]&amp#27;[0m&amp#27;[38;5;-178m[AndroidUiautomator2Driver@056d]&amp#27;[0m [Instrumentation] 
&amp#27;[38;5;38m[1cab5bee]&amp#27;[0m&amp#27;[38;5;-178m[AndroidUiautomator2Driver@056d]&amp#27;[0m [Instrumentation] Time: 19.808
&amp#27;[38;5;38m[1cab5bee]&amp#27;[0m&amp#27;[38;5;-178m[AndroidUiautomator2Driver@056d]&amp#27;[0m [Instrumentation] 
&amp#27;[38;5;38m[1cab5bee]&amp#27;[0m&amp#27;[38;5;-178m[AndroidUiautomator2Driver@056d]&amp#27;[0m [Instrumentation] OK (1 test)
&amp#27;[38;5;38m[1cab5bee]&amp#27;[0m&amp#27;[38;5;-178m[AndroidUiautomator2Driver@056d]&amp#27;[0m [Instrumentation] 
&amp#27;[38;5;38m[1cab5bee]&amp#27;[0m&amp#27;[38;5;-178m[AndroidUiautomator2Driver@056d]&amp#27;[0m [Instrumentation] 
&amp#27;[38;5;38m[1cab5bee]&amp#27;[0m&amp#27;[38;5;-178m[AndroidUiautomator2Driver@056d]&amp#27;[0m [Instrumentation] The process has exited with code null, signal SIGTERM
&amp#27;[38;5;38m[1cab5bee]&amp#27;[0m&amp#27;[38;5;229m[ADB]&amp#27;[0m Running 'C:\Users\sajus\AppData\Local\Android\Sdk\platform-tools\adb.exe -P 5037 -s CTLID18120801016 shell am force-stop io.appium.uiautomator2.server'
&amp#27;[38;5;38m[1cab5bee]&amp#27;[0m&amp#27;[38;5;229m[ADB]&amp#27;[0m Running 'C:\Users\sajus\AppData\Local\Android\Sdk\platform-tools\adb.exe -P 5037 -s CTLID18120801016 shell am force-stop io.appium.uiautomator2.server.test'
&amp#27;[38;5;38m[1cab5bee]&amp#27;[0m&amp#27;[38;5;229m[ADB]&amp#27;[0m Running 'C:\Users\sajus\AppData\Local\Android\Sdk\platform-tools\adb.exe -P 5037 -s CTLID18120801016 shell dumpsys activity services io.appium.settings/.recorder.RecorderService'
&amp#27;[38;5;38m[1cab5bee]&amp#27;[0m&amp#27;[38;5;229m[ADB]&amp#27;[0m Removing forwarded port socket connection: 8202 
&amp#27;[38;5;38m[1cab5bee]&amp#27;[0m&amp#27;[38;5;229m[ADB]&amp#27;[0m Running 'C:\Users\sajus\AppData\Local\Android\Sdk\platform-tools\adb.exe -P 5037 -s CTLID18120801016 forward --remove tcp:8202'
&amp#27;[38;5;38m[1cab5bee]&amp#27;[0m&amp#27;[38;5;-178m[AndroidUiautomator2Driver@056d]&amp#27;[0m Restoring hidden api policy to the device default configuration
&amp#27;[38;5;38m[1cab5bee]&amp#27;[0m&amp#27;[38;5;229m[ADB]&amp#27;[0m Running 'C:\Users\sajus\AppData\Local\Android\Sdk\platform-tools\adb.exe -P 5037 -s CTLID18120801016 shell 'settings delete global hidden_api_policy_pre_p_apps;settings delete global hidden_api_policy_p_apps;settings delete global hidden_api_policy''
&amp#27;[38;5;38m[1cab5bee]&amp#27;[0m&amp#27;[38;5;160m[Logcat]&amp#27;[0m Stopping logcat capture
&amp#27;[38;5;38m[1cab5bee]&amp#27;[0m&amp#27;[38;5;200m[AppiumDriver@fa03]&amp#27;[0m Event 'quitSessionFinished' logged at 1750278505622 (16:28:25 GMT-0400 (Eastern Daylight Saving Time))
&amp#27;[38;5;38m[1cab5bee]&amp#27;[0m&amp#27;[38;5;200m[AppiumDriver@fa03]&amp#27;[0m Received response: null
&amp#27;[38;5;38m[1cab5bee]&amp#27;[0m&amp#27;[38;5;200m[AppiumDriver@fa03]&amp#27;[0m But deleting session, so not returning
&amp#27;[38;5;38m[1cab5bee]&amp#27;[0m&amp#27;[38;5;200m[AppiumDriver@fa03]&amp#27;[0m Responding to client with driver.deleteSession() result: null
&amp#27;[38;5;38m[1cab5bee]&amp#27;[0m&amp#27;[38;5;86m[HTTP]&amp#27;[0m &amp#27;[37m<-- DELETE /session/1cab5bee-650d-4539-9bb6-a2768b060d72 &amp#27;[39m&amp#27;[32m200&amp#27;[39m &amp#27;[90m745 ms - 14&amp#27;[39m &amp#27;[90m&amp#27;[39m
&amp#27;[38;5;86m[HTTP]&amp#27;[0m &amp#27;[37m-->&amp#27;[39m &amp#27;[37mGET&amp#27;[39m &amp#27;[37m/status&amp#27;[39m &amp#27;[90m{}&amp#27;[39m
&amp#27;[38;5;200m[AppiumDriver@fa03]&amp#27;[0m Calling AppiumDriver.getStatus() with args: []
&amp#27;[38;5;200m[AppiumDriver@fa03]&amp#27;[0m Responding to client with driver.getStatus() result: {"ready":true,"message":"The server is ready to accept new connections","build":{"version":"2.18.0"}}
&amp#27;[38;5;86m[HTTP]&amp#27;[0m &amp#27;[37m<-- GET /status &amp#27;[39m&amp#27;[32m200&amp#27;[39m &amp#27;[90m1 ms - 111&amp#27;[39m &amp#27;[90m&amp#27;[39m
Appium server stopped
✅ Test completed for device: Nokia
&amp#27;[38;5;112m[Appium]&amp#27;[0m Welcome to Appium v2.18.0
&amp#27;[38;5;112m[Appium]&amp#27;[0m Non-default server args:
&amp#27;[38;5;112m[Appium]&amp#27;[0m { port: &amp#27;[33m4724&amp#27;[39m }
&amp#27;[38;5;112m[Appium]&amp#27;[0m The autodetected Appium home path: C:\Users\sajus\.appium
&amp#27;[38;5;112m[Appium]&amp#27;[0m Attempting to load driver uiautomator2...
&amp#27;[38;5;112m[Appium]&amp#27;[0m Requiring driver at C:\Users\sajus\.appium\node_modules\appium-uiautomator2-driver\build\index.js
&amp#27;[38;5;112m[Appium]&amp#27;[0m AndroidUiautomator2Driver has been successfully loaded in 1.895s
&amp#27;[38;5;112m[Appium]&amp#27;[0m Appium REST http interface listener started on http://0.0.0.0:4724
&amp#27;[38;5;112m[Appium]&amp#27;[0m Welcome to Appium v2.18.0
&amp#27;[38;5;112m[Appium]&amp#27;[0m The autodetected Appium home path: C:\Users\sajus\.appium
&amp#27;[38;5;112m[Appium]&amp#27;[0m Attempting to load driver uiautomator2...
&amp#27;[38;5;112m[Appium]&amp#27;[0m Requiring driver at C:\Users\sajus\.appium\node_modules\appium-uiautomator2-driver\build\index.js
&amp#27;[38;5;112m[Appium]&amp#27;[0m You can provide the following URLs in your client code to connect to this server:
	http://192.168.2.20:4724/
	http://127.0.0.1:4724/ (only accessible from the same host)
&amp#27;[38;5;112m[Appium]&amp#27;[0m Available drivers:
&amp#27;[38;5;112m[Appium]&amp#27;[0m   - uiautomator2@4.2.3 (automationName 'UiAutomator2')
&amp#27;[38;5;112m[Appium]&amp#27;[0m No plugins have been installed. Use the "appium plugin" command to install the one(s) you want to use.
&amp#27;[38;5;86m[HTTP]&amp#27;[0m &amp#27;[37m-->&amp#27;[39m &amp#27;[37mGET&amp#27;[39m &amp#27;[37m/status&amp#27;[39m &amp#27;[90m{}&amp#27;[39m
&amp#27;[38;5;52m[AppiumDriver@7ebd]&amp#27;[0m Calling AppiumDriver.getStatus() with args: []
&amp#27;[38;5;52m[AppiumDriver@7ebd]&amp#27;[0m Responding to client with driver.getStatus() result: {"ready":true,"message":"The server is ready to accept new connections","build":{"version":"2.18.0"}}
Appium server started on port: 4724
&amp#27;[38;5;86m[HTTP]&amp#27;[0m &amp#27;[37m<-- GET /status &amp#27;[39m&amp#27;[32m200&amp#27;[39m &amp#27;[90m10 ms - 111&amp#27;[39m &amp#27;[90m&amp#27;[39m
&amp#27;[38;5;86m[HTTP]&amp#27;[0m Request idempotency key: 0f1c6a2b-4dc2-496f-bc67-37d9087c9761
&amp#27;[38;5;86m[HTTP]&amp#27;[0m &amp#27;[37m-->&amp#27;[39m &amp#27;[37mPOST&amp#27;[39m &amp#27;[37m/session&amp#27;[39m &amp#27;[90m{"capabilities":{"firstMatch":[{}],"alwaysMatch":{"appium:appActivity":"com.androidsample.generalstore.SplashActivity","appium:appPackage":"com.androidsample.generalstore","appium:automationName":"UiAutomator2","appium:deviceName":"Samsung_Galaxy_S21","appium:noReset":true,"appium:platformVersion":"10.0","appium:systemPort":8201,"appium:udid":"R3CRC00KHBT","platformName":"ANDROID"}}}&amp#27;[39m
&amp#27;[38;5;52m[AppiumDriver@7ebd]&amp#27;[0m Calling AppiumDriver.createSession() with args: [null,null,{"firstMatch":[{}],"alwaysMatch":{"appium:appActivity":"com.androidsample.generalstore.SplashActivity","appium:appPackage":"com.androidsample.generalstore","appium:automationName":"UiAutomator2","appium:deviceName":"Samsung_Galaxy_S21","appium:noReset":true,"appium:platformVersion":"10.0","appium:systemPort":8201,"appium:udid":"R3CRC00KHBT","platformName":"ANDROID"}}]
&amp#27;[38;5;52m[AppiumDriver@7ebd]&amp#27;[0m Event 'newSessionRequested' logged at 1750278508472 (16:28:28 GMT-0400 (Eastern Daylight Saving Time))
&amp#27;[38;5;112m[Appium]&amp#27;[0m Attempting to find matching driver for automationName 'UiAutomator2' and platformName 'ANDROID'
&amp#27;[38;5;112m[Appium]&amp#27;[0m The 'uiautomator2' driver was installed and matched caps.
&amp#27;[38;5;112m[Appium]&amp#27;[0m Will require it at C:\Users\sajus\.appium\node_modules\appium-uiautomator2-driver
&amp#27;[38;5;112m[Appium]&amp#27;[0m Requiring driver at C:\Users\sajus\.appium\node_modules\appium-uiautomator2-driver\build\index.js
&amp#27;[38;5;52m[AppiumDriver@7ebd]&amp#27;[0m Appium v2.18.0 creating new AndroidUiautomator2Driver (v4.2.3) session
&amp#27;[38;5;52m[AppiumDriver@7ebd]&amp#27;[0m Checking BaseDriver versions for Appium and AndroidUiautomator2Driver
&amp#27;[38;5;52m[AppiumDriver@7ebd]&amp#27;[0m Appium's BaseDriver version is 9.17.0
&amp#27;[38;5;52m[AppiumDriver@7ebd]&amp#27;[0m AndroidUiautomator2Driver's BaseDriver version is 9.17.0
&amp#27;[38;5;-93m[AndroidUiautomator2Driver@169d]&amp#27;[0m 
&amp#27;[38;5;-93m[AndroidUiautomator2Driver@169d]&amp#27;[0m Creating session with W3C capabilities: {
  "alwaysMatch": {
    "platformName": "ANDROID",
    "appium:appActivity": "com.androidsample.generalstore.SplashActivity",
    "appium:appPackage": "com.androidsample.generalstore",
    "appium:automationName": "UiAutomator2",
    "appium:deviceName": "Samsung_Galaxy_S21",
    "appium:noReset": true,
    "appium:platformVersion": "10.0",
    "appium:systemPort": 8201,
    "appium:udid": "R3CRC00KHBT"
  },
  "firstMatch": [
    {}
  ]
}
&amp#27;[38;5;58m[7b0ef811]&amp#27;[0m&amp#27;[38;5;-93m[AndroidUiautomator2Driver@169d]&amp#27;[0m Session created with session id: 7b0ef811-fa28-477d-ae5c-7e7dd0a70b20
&amp#27;[38;5;58m[7b0ef811]&amp#27;[0m&amp#27;[38;5;229m[ADB]&amp#27;[0m Found 3 'build-tools' folders under 'C:\Users\sajus\AppData\Local\Android\Sdk' (newest first):
&amp#27;[38;5;58m[7b0ef811]&amp#27;[0m&amp#27;[38;5;229m[ADB]&amp#27;[0m     C:\Users\sajus\AppData\Local\Android\Sdk\build-tools\36.0.0
&amp#27;[38;5;58m[7b0ef811]&amp#27;[0m&amp#27;[38;5;229m[ADB]&amp#27;[0m     C:\Users\sajus\AppData\Local\Android\Sdk\build-tools\35.0.1
&amp#27;[38;5;58m[7b0ef811]&amp#27;[0m&amp#27;[38;5;229m[ADB]&amp#27;[0m     C:\Users\sajus\AppData\Local\Android\Sdk\build-tools\35.0.0
&amp#27;[38;5;58m[7b0ef811]&amp#27;[0m&amp#27;[38;5;229m[ADB]&amp#27;[0m Using 'adb.exe' from 'C:\Users\sajus\AppData\Local\Android\Sdk\platform-tools\adb.exe'
&amp#27;[38;5;58m[7b0ef811]&amp#27;[0m&amp#27;[38;5;229m[ADB]&amp#27;[0m Running 'C:\Users\sajus\AppData\Local\Android\Sdk\platform-tools\adb.exe -P 5037 start-server'
&amp#27;[38;5;58m[7b0ef811]&amp#27;[0m&amp#27;[38;5;-93m[AndroidUiautomator2Driver@169d]&amp#27;[0m Retrieving device list
&amp#27;[38;5;58m[7b0ef811]&amp#27;[0m&amp#27;[38;5;229m[ADB]&amp#27;[0m Trying to find connected Android devices
&amp#27;[38;5;58m[7b0ef811]&amp#27;[0m&amp#27;[38;5;229m[ADB]&amp#27;[0m Getting connected devices
&amp#27;[38;5;58m[7b0ef811]&amp#27;[0m&amp#27;[38;5;229m[ADB]&amp#27;[0m Connected devices: [{"udid":"CTLID18120801016","state":"device"},{"udid":"R3CRC00KHBT","state":"device"}]
&amp#27;[38;5;58m[7b0ef811]&amp#27;[0m&amp#27;[38;5;-93m[AndroidUiautomator2Driver@169d]&amp#27;[0m Using device: R3CRC00KHBT
&amp#27;[38;5;58m[7b0ef811]&amp#27;[0m&amp#27;[38;5;229m[ADB]&amp#27;[0m Using 'adb.exe' from 'C:\Users\sajus\AppData\Local\Android\Sdk\platform-tools\adb.exe'
&amp#27;[38;5;58m[7b0ef811]&amp#27;[0m&amp#27;[38;5;229m[ADB]&amp#27;[0m Running 'C:\Users\sajus\AppData\Local\Android\Sdk\platform-tools\adb.exe -P 5037 start-server'
&amp#27;[38;5;58m[7b0ef811]&amp#27;[0m&amp#27;[38;5;229m[ADB]&amp#27;[0m Setting device id to R3CRC00KHBT
&amp#27;[38;5;58m[7b0ef811]&amp#27;[0m&amp#27;[38;5;-93m[AndroidUiautomator2Driver@169d]&amp#27;[0m Starting 'com.androidsample.generalstore' directly on the device
&amp#27;[38;5;58m[7b0ef811]&amp#27;[0m&amp#27;[38;5;229m[ADB]&amp#27;[0m Running 'C:\Users\sajus\AppData\Local\Android\Sdk\platform-tools\adb.exe -P 5037 -s R3CRC00KHBT shell getprop ro.build.version.sdk'
&amp#27;[38;5;58m[7b0ef811]&amp#27;[0m&amp#27;[38;5;229m[ADB]&amp#27;[0m Current device property 'ro.build.version.sdk': 35
&amp#27;[38;5;58m[7b0ef811]&amp#27;[0m&amp#27;[38;5;229m[ADB]&amp#27;[0m Getting device platform version
&amp#27;[38;5;58m[7b0ef811]&amp#27;[0m&amp#27;[38;5;229m[ADB]&amp#27;[0m Running 'C:\Users\sajus\AppData\Local\Android\Sdk\platform-tools\adb.exe -P 5037 -s R3CRC00KHBT shell getprop ro.build.version.release'
&amp#27;[38;5;58m[7b0ef811]&amp#27;[0m&amp#27;[38;5;229m[ADB]&amp#27;[0m Current device property 'ro.build.version.release': 15
&amp#27;[38;5;58m[7b0ef811]&amp#27;[0m&amp#27;[38;5;229m[ADB]&amp#27;[0m Device API level: 35
&amp#27;[38;5;58m[7b0ef811]&amp#27;[0m&amp#27;[38;5;-93m[AndroidUiautomator2Driver@169d]&amp#27;[0m Relaxing hidden api policy
&amp#27;[38;5;58m[7b0ef811]&amp#27;[0m&amp#27;[38;5;229m[ADB]&amp#27;[0m Running 'C:\Users\sajus\AppData\Local\Android\Sdk\platform-tools\adb.exe -P 5037 -s R3CRC00KHBT shell 'settings put global hidden_api_policy_pre_p_apps 1;settings put global hidden_api_policy_p_apps 1;settings put global hidden_api_policy 1''
&amp#27;[38;5;58m[7b0ef811]&amp#27;[0m&amp#27;[38;5;-93m[AndroidUiautomator2Driver@169d]&amp#27;[0m Pushing settings apk to the device...
&amp#27;[38;5;58m[7b0ef811]&amp#27;[0m&amp#27;[38;5;229m[ADB]&amp#27;[0m Getting package info for 'io.appium.settings'
&amp#27;[38;5;58m[7b0ef811]&amp#27;[0m&amp#27;[38;5;229m[ADB]&amp#27;[0m Running 'C:\Users\sajus\AppData\Local\Android\Sdk\platform-tools\adb.exe -P 5037 -s R3CRC00KHBT shell dumpsys package io.appium.settings'
&amp#27;[38;5;58m[7b0ef811]&amp#27;[0m&amp#27;[38;5;229m[ADB]&amp#27;[0m Using 'aapt2.exe' from 'C:\Users\sajus\AppData\Local\Android\Sdk\build-tools\36.0.0\aapt2.exe'
&amp#27;[38;5;58m[7b0ef811]&amp#27;[0m&amp#27;[38;5;229m[ADB]&amp#27;[0m Reading package manifest: 'C:\\Users\\sajus\\AppData\\Local\\Android\\Sdk\\build-tools\\36.0.0\\aapt2.exe dump badging C:\\Users\\sajus\\.appium\\node_modules\\appium-uiautomator2-driver\\node_modules\\io.appium.settings\\apks\\settings_apk-debug.apk'
&amp#27;[38;5;58m[7b0ef811]&amp#27;[0m&amp#27;[38;5;229m[ADB]&amp#27;[0m The version name of the installed 'io.appium.settings' is greater or equal to the application version name ('5.14.8' >= '5.14.8')
&amp#27;[38;5;58m[7b0ef811]&amp#27;[0m&amp#27;[38;5;229m[ADB]&amp#27;[0m There is no need to install/upgrade 'C:\Users\sajus\.appium\node_modules\appium-uiautomator2-driver\node_modules\io.appium.settings\apks\settings_apk-debug.apk'
&amp#27;[38;5;58m[7b0ef811]&amp#27;[0m&amp#27;[38;5;229m[ADB]&amp#27;[0m Running 'C:\Users\sajus\AppData\Local\Android\Sdk\platform-tools\adb.exe -P 5037 -s R3CRC00KHBT shell dumpsys activity services io.appium.settings'
&amp#27;[38;5;58m[7b0ef811]&amp#27;[0m&amp#27;[38;5;-93m[AndroidUiautomator2Driver@169d]&amp#27;[0m io.appium.settings is already running. There is no need to reset its permissions.
&amp#27;[38;5;58m[7b0ef811]&amp#27;[0m&amp#27;[38;5;160m[Logcat]&amp#27;[0m Starting logs capture with command: C:\\Users\\sajus\\AppData\\Local\\Android\\Sdk\\platform-tools\\adb.exe -P 5037 -s R3CRC00KHBT logcat -v threadtime
&amp#27;[38;5;58m[7b0ef811]&amp#27;[0m&amp#27;[38;5;229m[ADB]&amp#27;[0m Running 'C:\Users\sajus\AppData\Local\Android\Sdk\platform-tools\adb.exe -P 5037 -s R3CRC00KHBT shell appops set io.appium.settings android:mock_location allow'
&amp#27;[38;5;112m[Appium]&amp#27;[0m AndroidUiautomator2Driver has been successfully loaded in 1.473s
&amp#27;[38;5;112m[Appium]&amp#27;[0m Appium REST http interface listener started on http://0.0.0.0:4723
&amp#27;[38;5;112m[Appium]&amp#27;[0m You can provide the following URLs in your client code to connect to this server:
	http://192.168.2.20:4723/
	http://127.0.0.1:4723/ (only accessible from the same host)
&amp#27;[38;5;112m[Appium]&amp#27;[0m Available drivers:
&amp#27;[38;5;112m[Appium]&amp#27;[0m   - uiautomator2@4.2.3 (automationName 'UiAutomator2')
&amp#27;[38;5;112m[Appium]&amp#27;[0m No plugins have been installed. Use the "appium plugin" command to install the one(s) you want to use.
&amp#27;[38;5;86m[HTTP]&amp#27;[0m &amp#27;[37m-->&amp#27;[39m &amp#27;[37mGET&amp#27;[39m &amp#27;[37m/status&amp#27;[39m &amp#27;[90m{}&amp#27;[39m
&amp#27;[38;5;134m[AppiumDriver@9db7]&amp#27;[0m Calling AppiumDriver.getStatus() with args: []
&amp#27;[38;5;134m[AppiumDriver@9db7]&amp#27;[0m Responding to client with driver.getStatus() result: {"ready":true,"message":"The server is ready to accept new connections","build":{"version":"2.18.0"}}
Appium server started on port: 4723
&amp#27;[38;5;86m[HTTP]&amp#27;[0m &amp#27;[37m<-- GET /status &amp#27;[39m&amp#27;[32m200&amp#27;[39m &amp#27;[90m9 ms - 111&amp#27;[39m &amp#27;[90m&amp#27;[39m
&amp#27;[38;5;86m[HTTP]&amp#27;[0m Request idempotency key: 5034e0d2-89d9-41e7-98c5-e3edb6bbc346
&amp#27;[38;5;58m[7b0ef811]&amp#27;[0m&amp#27;[38;5;229m[ADB]&amp#27;[0m Running 'C:\Users\sajus\AppData\Local\Android\Sdk\platform-tools\adb.exe -P 5037 -s R3CRC00KHBT shell "[ -e '/data/local/tmp/mock_apps.json' ] && echo __PASS__"'
&amp#27;[38;5;86m[HTTP]&amp#27;[0m &amp#27;[37m-->&amp#27;[39m &amp#27;[37mPOST&amp#27;[39m &amp#27;[37m/session&amp#27;[39m &amp#27;[90m{"capabilities":{"firstMatch":[{}],"alwaysMatch":{"appium:appActivity":"com.androidsample.generalstore.SplashActivity","appium:appPackage":"com.androidsample.generalstore","appium:automationName":"UiAutomator2","appium:deviceName":"Nokia","appium:noReset":true,"appium:platformVersion":"11.0","appium:systemPort":8202,"appium:udid":"CTLID18120801016","platformName":"ANDROID"}}}&amp#27;[39m
&amp#27;[38;5;134m[AppiumDriver@9db7]&amp#27;[0m Calling AppiumDriver.createSession() with args: [null,null,{"firstMatch":[{}],"alwaysMatch":{"appium:appActivity":"com.androidsample.generalstore.SplashActivity","appium:appPackage":"com.androidsample.generalstore","appium:automationName":"UiAutomator2","appium:deviceName":"Nokia","appium:noReset":true,"appium:platformVersion":"11.0","appium:systemPort":8202,"appium:udid":"CTLID18120801016","platformName":"ANDROID"}}]
&amp#27;[38;5;134m[AppiumDriver@9db7]&amp#27;[0m Event 'newSessionRequested' logged at 1750278509872 (16:28:29 GMT-0400 (Eastern Daylight Saving Time))
&amp#27;[38;5;112m[Appium]&amp#27;[0m Attempting to find matching driver for automationName 'UiAutomator2' and platformName 'ANDROID'
&amp#27;[38;5;112m[Appium]&amp#27;[0m The 'uiautomator2' driver was installed and matched caps.
&amp#27;[38;5;112m[Appium]&amp#27;[0m Will require it at C:\Users\sajus\.appium\node_modules\appium-uiautomator2-driver
&amp#27;[38;5;112m[Appium]&amp#27;[0m Requiring driver at C:\Users\sajus\.appium\node_modules\appium-uiautomator2-driver\build\index.js
&amp#27;[38;5;134m[AppiumDriver@9db7]&amp#27;[0m Appium v2.18.0 creating new AndroidUiautomator2Driver (v4.2.3) session
&amp#27;[38;5;134m[AppiumDriver@9db7]&amp#27;[0m Checking BaseDriver versions for Appium and AndroidUiautomator2Driver
&amp#27;[38;5;134m[AppiumDriver@9db7]&amp#27;[0m Appium's BaseDriver version is 9.17.0
&amp#27;[38;5;134m[AppiumDriver@9db7]&amp#27;[0m AndroidUiautomator2Driver's BaseDriver version is 9.17.0
&amp#27;[38;5;-120m[AndroidUiautomator2Driver@6eaa]&amp#27;[0m 
&amp#27;[38;5;-120m[AndroidUiautomator2Driver@6eaa]&amp#27;[0m Creating session with W3C capabilities: {
  "alwaysMatch": {
    "platformName": "ANDROID",
    "appium:appActivity": "com.androidsample.generalstore.SplashActivity",
    "appium:appPackage": "com.androidsample.generalstore",
    "appium:automationName": "UiAutomator2",
    "appium:deviceName": "Nokia",
    "appium:noReset": true,
    "appium:platformVersion": "11.0",
    "appium:systemPort": 8202,
    "appium:udid": "CTLID18120801016"
  },
  "firstMatch": [
    {}
  ]
}
&amp#27;[38;5;216m[014cecff]&amp#27;[0m&amp#27;[38;5;-120m[AndroidUiautomator2Driver@6eaa]&amp#27;[0m Session created with session id: 014cecff-7335-4ae7-bebf-0d8e4d0b7d7a
&amp#27;[38;5;216m[014cecff]&amp#27;[0m&amp#27;[38;5;229m[ADB]&amp#27;[0m Found 3 'build-tools' folders under 'C:\Users\sajus\AppData\Local\Android\Sdk' (newest first):
&amp#27;[38;5;216m[014cecff]&amp#27;[0m&amp#27;[38;5;229m[ADB]&amp#27;[0m     C:\Users\sajus\AppData\Local\Android\Sdk\build-tools\36.0.0
&amp#27;[38;5;216m[014cecff]&amp#27;[0m&amp#27;[38;5;229m[ADB]&amp#27;[0m     C:\Users\sajus\AppData\Local\Android\Sdk\build-tools\35.0.1
&amp#27;[38;5;216m[014cecff]&amp#27;[0m&amp#27;[38;5;229m[ADB]&amp#27;[0m     C:\Users\sajus\AppData\Local\Android\Sdk\build-tools\35.0.0
&amp#27;[38;5;216m[014cecff]&amp#27;[0m&amp#27;[38;5;229m[ADB]&amp#27;[0m Using 'adb.exe' from 'C:\Users\sajus\AppData\Local\Android\Sdk\platform-tools\adb.exe'
&amp#27;[38;5;216m[014cecff]&amp#27;[0m&amp#27;[38;5;229m[ADB]&amp#27;[0m Running 'C:\Users\sajus\AppData\Local\Android\Sdk\platform-tools\adb.exe -P 5037 start-server'
&amp#27;[38;5;58m[7b0ef811]&amp#27;[0m&amp#27;[38;5;229m[ADB]&amp#27;[0m Running 'C:\Users\sajus\AppData\Local\Android\Sdk\platform-tools\adb.exe -P 5037 -s R3CRC00KHBT shell cat /data/local/tmp/mock_apps.json'
&amp#27;[38;5;216m[014cecff]&amp#27;[0m&amp#27;[38;5;-120m[AndroidUiautomator2Driver@6eaa]&amp#27;[0m Retrieving device list
&amp#27;[38;5;216m[014cecff]&amp#27;[0m&amp#27;[38;5;229m[ADB]&amp#27;[0m Trying to find connected Android devices
&amp#27;[38;5;216m[014cecff]&amp#27;[0m&amp#27;[38;5;229m[ADB]&amp#27;[0m Getting connected devices
&amp#27;[38;5;216m[014cecff]&amp#27;[0m&amp#27;[38;5;229m[ADB]&amp#27;[0m Connected devices: [{"udid":"CTLID18120801016","state":"device"},{"udid":"R3CRC00KHBT","state":"device"}]
&amp#27;[38;5;216m[014cecff]&amp#27;[0m&amp#27;[38;5;-120m[AndroidUiautomator2Driver@6eaa]&amp#27;[0m Using device: CTLID18120801016
&amp#27;[38;5;216m[014cecff]&amp#27;[0m&amp#27;[38;5;229m[ADB]&amp#27;[0m Using 'adb.exe' from 'C:\Users\sajus\AppData\Local\Android\Sdk\platform-tools\adb.exe'
&amp#27;[38;5;216m[014cecff]&amp#27;[0m&amp#27;[38;5;229m[ADB]&amp#27;[0m Running 'C:\Users\sajus\AppData\Local\Android\Sdk\platform-tools\adb.exe -P 5037 start-server'
&amp#27;[38;5;58m[7b0ef811]&amp#27;[0m&amp#27;[38;5;-93m[AndroidUiautomator2Driver@169d]&amp#27;[0m Forwarding UiAutomator2 Server port 6790 to local port 8201
&amp#27;[38;5;58m[7b0ef811]&amp#27;[0m&amp#27;[38;5;229m[ADB]&amp#27;[0m Forwarding system: 8201 to device: 6790
&amp#27;[38;5;58m[7b0ef811]&amp#27;[0m&amp#27;[38;5;229m[ADB]&amp#27;[0m Running 'C:\Users\sajus\AppData\Local\Android\Sdk\platform-tools\adb.exe -P 5037 -s R3CRC00KHBT forward tcp:8201 tcp:6790'
&amp#27;[38;5;216m[014cecff]&amp#27;[0m&amp#27;[38;5;229m[ADB]&amp#27;[0m Setting device id to CTLID18120801016
&amp#27;[38;5;216m[014cecff]&amp#27;[0m&amp#27;[38;5;-120m[AndroidUiautomator2Driver@6eaa]&amp#27;[0m Starting 'com.androidsample.generalstore' directly on the device
&amp#27;[38;5;216m[014cecff]&amp#27;[0m&amp#27;[38;5;229m[ADB]&amp#27;[0m Running 'C:\Users\sajus\AppData\Local\Android\Sdk\platform-tools\adb.exe -P 5037 -s CTLID18120801016 shell getprop ro.build.version.sdk'
&amp#27;[38;5;58m[7b0ef811]&amp#27;[0m&amp#27;[38;5;-93m[AndroidUiautomator2Driver@169d]&amp#27;[0m UIA2Proxy options: {"server":"127.0.0.1","port":8201,"keepAlive":true,"scheme":"http","base":"","reqBasePath":"","sessionId":null,"timeout":240000}
&amp#27;[38;5;58m[7b0ef811]&amp#27;[0m&amp#27;[38;5;229m[ADB]&amp#27;[0m Getting package info for 'io.appium.uiautomator2.server'
&amp#27;[38;5;58m[7b0ef811]&amp#27;[0m&amp#27;[38;5;229m[ADB]&amp#27;[0m Running 'C:\Users\sajus\AppData\Local\Android\Sdk\platform-tools\adb.exe -P 5037 -s R3CRC00KHBT shell dumpsys package io.appium.uiautomator2.server'
&amp#27;[38;5;58m[7b0ef811]&amp#27;[0m&amp#27;[38;5;229m[ADB]&amp#27;[0m Getting install status for io.appium.uiautomator2.server.test
&amp#27;[38;5;58m[7b0ef811]&amp#27;[0m&amp#27;[38;5;-93m[AndroidUiautomator2Driver@169d]&amp#27;[0m No app capability. Assuming it is already on the device
&amp#27;[38;5;58m[7b0ef811]&amp#27;[0m&amp#27;[38;5;229m[ADB]&amp#27;[0m Running 'C:\Users\sajus\AppData\Local\Android\Sdk\platform-tools\adb.exe -P 5037 -s R3CRC00KHBT shell cmd package list packages'
&amp#27;[38;5;216m[014cecff]&amp#27;[0m&amp#27;[38;5;229m[ADB]&amp#27;[0m Current device property 'ro.build.version.sdk': 29
&amp#27;[38;5;216m[014cecff]&amp#27;[0m&amp#27;[38;5;229m[ADB]&amp#27;[0m Getting device platform version
&amp#27;[38;5;216m[014cecff]&amp#27;[0m&amp#27;[38;5;229m[ADB]&amp#27;[0m Running 'C:\Users\sajus\AppData\Local\Android\Sdk\platform-tools\adb.exe -P 5037 -s CTLID18120801016 shell getprop ro.build.version.release'
&amp#27;[38;5;216m[014cecff]&amp#27;[0m&amp#27;[38;5;229m[ADB]&amp#27;[0m Current device property 'ro.build.version.release': 10
&amp#27;[38;5;216m[014cecff]&amp#27;[0m&amp#27;[38;5;229m[ADB]&amp#27;[0m Device API level: 29
&amp#27;[38;5;216m[014cecff]&amp#27;[0m&amp#27;[38;5;-120m[AndroidUiautomator2Driver@6eaa]&amp#27;[0m Relaxing hidden api policy
&amp#27;[38;5;216m[014cecff]&amp#27;[0m&amp#27;[38;5;229m[ADB]&amp#27;[0m Running 'C:\Users\sajus\AppData\Local\Android\Sdk\platform-tools\adb.exe -P 5037 -s CTLID18120801016 shell 'settings put global hidden_api_policy_pre_p_apps 1;settings put global hidden_api_policy_p_apps 1;settings put global hidden_api_policy 1''
&amp#27;[38;5;58m[7b0ef811]&amp#27;[0m&amp#27;[38;5;229m[ADB]&amp#27;[0m Reading package manifest: 'C:\\Users\\sajus\\AppData\\Local\\Android\\Sdk\\build-tools\\36.0.0\\aapt2.exe dump badging C:\\Users\\sajus\\.appium\\node_modules\\appium-uiautomator2-driver\\node_modules\\appium-uiautomator2-server\\apks\\appium-uiautomator2-server-v7.5.2.apk'
&amp#27;[38;5;58m[7b0ef811]&amp#27;[0m&amp#27;[38;5;229m[ADB]&amp#27;[0m 'io.appium.uiautomator2.server.test' is installed
&amp#27;[38;5;216m[014cecff]&amp#27;[0m&amp#27;[38;5;-120m[AndroidUiautomator2Driver@6eaa]&amp#27;[0m Pushing settings apk to the device...
&amp#27;[38;5;216m[014cecff]&amp#27;[0m&amp#27;[38;5;229m[ADB]&amp#27;[0m Getting package info for 'io.appium.settings'
&amp#27;[38;5;216m[014cecff]&amp#27;[0m&amp#27;[38;5;229m[ADB]&amp#27;[0m Running 'C:\Users\sajus\AppData\Local\Android\Sdk\platform-tools\adb.exe -P 5037 -s CTLID18120801016 shell dumpsys package io.appium.settings'
&amp#27;[38;5;216m[014cecff]&amp#27;[0m&amp#27;[38;5;229m[ADB]&amp#27;[0m Using 'aapt2.exe' from 'C:\Users\sajus\AppData\Local\Android\Sdk\build-tools\36.0.0\aapt2.exe'
&amp#27;[38;5;216m[014cecff]&amp#27;[0m&amp#27;[38;5;229m[ADB]&amp#27;[0m Reading package manifest: 'C:\\Users\\sajus\\AppData\\Local\\Android\\Sdk\\build-tools\\36.0.0\\aapt2.exe dump badging C:\\Users\\sajus\\.appium\\node_modules\\appium-uiautomator2-driver\\node_modules\\io.appium.settings\\apks\\settings_apk-debug.apk'
&amp#27;[38;5;58m[7b0ef811]&amp#27;[0m&amp#27;[38;5;229m[ADB]&amp#27;[0m The version name of the installed 'io.appium.uiautomator2.server' is greater or equal to the application version name ('7.5.2' >= '7.5.2')
&amp#27;[38;5;58m[7b0ef811]&amp#27;[0m&amp#27;[38;5;-93m[AndroidUiautomator2Driver@169d]&amp#27;[0m Server packages status: [{"installState":"sameVersionInstalled","appPath":"C:\\Users\\sajus\\.appium\\node_modules\\appium-uiautomator2-driver\\node_modules\\appium-uiautomator2-server\\apks\\appium-uiautomator2-server-v7.5.2.apk","appId":"io.appium.uiautomator2.server"},{"installState":"sameVersionInstalled","appPath":"C:\\Users\\sajus\\.appium\\node_modules\\appium-uiautomator2-driver\\node_modules\\appium-uiautomator2-server\\apks\\appium-uiautomator2-server-debug-androidTest.apk","appId":"io.appium.uiautomator2.server.test"}]
&amp#27;[38;5;58m[7b0ef811]&amp#27;[0m&amp#27;[38;5;-93m[AndroidUiautomator2Driver@169d]&amp#27;[0m Server packages are not going to be (re)installed
&amp#27;[38;5;58m[7b0ef811]&amp#27;[0m&amp#27;[38;5;-93m[AndroidUiautomator2Driver@169d]&amp#27;[0m Waiting up to 30000ms for services to be available
&amp#27;[38;5;58m[7b0ef811]&amp#27;[0m&amp#27;[38;5;229m[ADB]&amp#27;[0m Running 'C:\Users\sajus\AppData\Local\Android\Sdk\platform-tools\adb.exe -P 5037 -s R3CRC00KHBT shell pm list instrumentation'
&amp#27;[38;5;216m[014cecff]&amp#27;[0m&amp#27;[38;5;229m[ADB]&amp#27;[0m The version name of the installed 'io.appium.settings' is greater or equal to the application version name ('5.14.8' >= '5.14.8')
&amp#27;[38;5;216m[014cecff]&amp#27;[0m&amp#27;[38;5;229m[ADB]&amp#27;[0m There is no need to install/upgrade 'C:\Users\sajus\.appium\node_modules\appium-uiautomator2-driver\node_modules\io.appium.settings\apks\settings_apk-debug.apk'
&amp#27;[38;5;216m[014cecff]&amp#27;[0m&amp#27;[38;5;229m[ADB]&amp#27;[0m Running 'C:\Users\sajus\AppData\Local\Android\Sdk\platform-tools\adb.exe -P 5037 -s CTLID18120801016 shell dumpsys activity services io.appium.settings'
&amp#27;[38;5;58m[7b0ef811]&amp#27;[0m&amp#27;[38;5;-93m[AndroidUiautomator2Driver@169d]&amp#27;[0m Instrumentation target 'io.appium.uiautomator2.server.test/androidx.test.runner.AndroidJUnitRunner' is available
&amp#27;[38;5;58m[7b0ef811]&amp#27;[0m&amp#27;[38;5;229m[ADB]&amp#27;[0m Adding packages ["io.appium.settings","io.appium.uiautomator2.server","io.appium.uiautomator2.server.test"] to Doze whitelist
&amp#27;[38;5;58m[7b0ef811]&amp#27;[0m&amp#27;[38;5;229m[ADB]&amp#27;[0m Got the following command chunks to execute: [["dumpsys","deviceidle","whitelist","+io.appium.settings",";","dumpsys","deviceidle","whitelist","+io.appium.uiautomator2.server",";","dumpsys","deviceidle","whitelist","+io.appium.uiautomator2.server.test",";"]]
&amp#27;[38;5;58m[7b0ef811]&amp#27;[0m&amp#27;[38;5;229m[ADB]&amp#27;[0m Running 'C:\Users\sajus\AppData\Local\Android\Sdk\platform-tools\adb.exe -P 5037 -s R3CRC00KHBT shell dumpsys deviceidle whitelist +io.appium.settings ; dumpsys deviceidle whitelist +io.appium.uiautomator2.server ; dumpsys deviceidle whitelist +io.appium.uiautomator2.server.test ;'
&amp#27;[38;5;216m[014cecff]&amp#27;[0m&amp#27;[38;5;-120m[AndroidUiautomator2Driver@6eaa]&amp#27;[0m io.appium.settings is already running. There is no need to reset its permissions.
&amp#27;[38;5;216m[014cecff]&amp#27;[0m&amp#27;[38;5;160m[Logcat]&amp#27;[0m Starting logs capture with command: C:\\Users\\sajus\\AppData\\Local\\Android\\Sdk\\platform-tools\\adb.exe -P 5037 -s CTLID18120801016 logcat -v threadtime
&amp#27;[38;5;216m[014cecff]&amp#27;[0m&amp#27;[38;5;229m[ADB]&amp#27;[0m Running 'C:\Users\sajus\AppData\Local\Android\Sdk\platform-tools\adb.exe -P 5037 -s CTLID18120801016 shell appops set io.appium.settings android:mock_location allow'
&amp#27;[38;5;58m[7b0ef811]&amp#27;[0m&amp#27;[38;5;-93m[AndroidUiautomator2Driver@169d]&amp#27;[0m Performing shallow cleanup of automation leftovers
&amp#27;[38;5;216m[014cecff]&amp#27;[0m&amp#27;[38;5;229m[ADB]&amp#27;[0m Running 'C:\Users\sajus\AppData\Local\Android\Sdk\platform-tools\adb.exe -P 5037 -s CTLID18120801016 shell "[ -e '/data/local/tmp/mock_apps.json' ] && echo __PASS__"'
&amp#27;[38;5;58m[7b0ef811]&amp#27;[0m&amp#27;[38;5;-93m[AndroidUiautomator2Driver@169d]&amp#27;[0m No obsolete sessions have been detected (socket hang up)
&amp#27;[38;5;58m[7b0ef811]&amp#27;[0m&amp#27;[38;5;229m[ADB]&amp#27;[0m Running 'C:\Users\sajus\AppData\Local\Android\Sdk\platform-tools\adb.exe -P 5037 -s R3CRC00KHBT shell am force-stop io.appium.uiautomator2.server'
&amp#27;[38;5;216m[014cecff]&amp#27;[0m&amp#27;[38;5;229m[ADB]&amp#27;[0m Running 'C:\Users\sajus\AppData\Local\Android\Sdk\platform-tools\adb.exe -P 5037 -s CTLID18120801016 shell cat /data/local/tmp/mock_apps.json'
&amp#27;[38;5;58m[7b0ef811]&amp#27;[0m&amp#27;[38;5;229m[ADB]&amp#27;[0m Running 'C:\Users\sajus\AppData\Local\Android\Sdk\platform-tools\adb.exe -P 5037 -s R3CRC00KHBT shell am force-stop io.appium.uiautomator2.server.test'
&amp#27;[38;5;216m[014cecff]&amp#27;[0m&amp#27;[38;5;-120m[AndroidUiautomator2Driver@6eaa]&amp#27;[0m Forwarding UiAutomator2 Server port 6790 to local port 8202
&amp#27;[38;5;216m[014cecff]&amp#27;[0m&amp#27;[38;5;229m[ADB]&amp#27;[0m Forwarding system: 8202 to device: 6790
&amp#27;[38;5;216m[014cecff]&amp#27;[0m&amp#27;[38;5;229m[ADB]&amp#27;[0m Running 'C:\Users\sajus\AppData\Local\Android\Sdk\platform-tools\adb.exe -P 5037 -s CTLID18120801016 forward tcp:8202 tcp:6790'
&amp#27;[38;5;58m[7b0ef811]&amp#27;[0m&amp#27;[38;5;-93m[AndroidUiautomator2Driver@169d]&amp#27;[0m Starting UIAutomator2 server 7.5.2
&amp#27;[38;5;58m[7b0ef811]&amp#27;[0m&amp#27;[38;5;-93m[AndroidUiautomator2Driver@169d]&amp#27;[0m Using UIAutomator2 server from 'C:\Users\sajus\.appium\node_modules\appium-uiautomator2-driver\node_modules\appium-uiautomator2-server\apks\appium-uiautomator2-server-v7.5.2.apk' and test from 'C:\Users\sajus\.appium\node_modules\appium-uiautomator2-driver\node_modules\appium-uiautomator2-server\apks\appium-uiautomator2-server-debug-androidTest.apk'
&amp#27;[38;5;58m[7b0ef811]&amp#27;[0m&amp#27;[38;5;-93m[AndroidUiautomator2Driver@169d]&amp#27;[0m Waiting up to 30000ms for UiAutomator2 to be online...
&amp#27;[38;5;58m[7b0ef811]&amp#27;[0m&amp#27;[38;5;229m[ADB]&amp#27;[0m Creating ADB subprocess with args: ["-P","5037","-s","R3CRC00KHBT","shell","am","instrument","-w","-e","disableAnalytics","true","io.appium.uiautomator2.server.test/androidx.test.runner.AndroidJUnitRunner"]
&amp#27;[38;5;216m[014cecff]&amp#27;[0m&amp#27;[38;5;-120m[AndroidUiautomator2Driver@6eaa]&amp#27;[0m UIA2Proxy options: {"server":"127.0.0.1","port":8202,"keepAlive":true,"scheme":"http","base":"","reqBasePath":"","sessionId":null,"timeout":240000}
&amp#27;[38;5;216m[014cecff]&amp#27;[0m&amp#27;[38;5;229m[ADB]&amp#27;[0m Getting package info for 'io.appium.uiautomator2.server'
&amp#27;[38;5;216m[014cecff]&amp#27;[0m&amp#27;[38;5;229m[ADB]&amp#27;[0m Running 'C:\Users\sajus\AppData\Local\Android\Sdk\platform-tools\adb.exe -P 5037 -s CTLID18120801016 shell dumpsys package io.appium.uiautomator2.server'
&amp#27;[38;5;58m[7b0ef811]&amp#27;[0m&amp#27;[38;5;-93m[AndroidUiautomator2Driver@169d]&amp#27;[0m Matched '/status' to command name 'getStatus'
&amp#27;[38;5;58m[7b0ef811]&amp#27;[0m&amp#27;[38;5;-93m[AndroidUiautomator2Driver@169d]&amp#27;[0m Proxying [GET /status] to [GET http://127.0.0.1:8201/status] with no body
&amp#27;[38;5;216m[014cecff]&amp#27;[0m&amp#27;[38;5;229m[ADB]&amp#27;[0m Getting install status for io.appium.uiautomator2.server.test
&amp#27;[38;5;216m[014cecff]&amp#27;[0m&amp#27;[38;5;-120m[AndroidUiautomator2Driver@6eaa]&amp#27;[0m No app capability. Assuming it is already on the device
&amp#27;[38;5;216m[014cecff]&amp#27;[0m&amp#27;[38;5;229m[ADB]&amp#27;[0m Running 'C:\Users\sajus\AppData\Local\Android\Sdk\platform-tools\adb.exe -P 5037 -s CTLID18120801016 shell cmd package list packages'
&amp#27;[38;5;58m[7b0ef811]&amp#27;[0m&amp#27;[38;5;-93m[AndroidUiautomator2Driver@169d]&amp#27;[0m socket hang up
&amp#27;[38;5;216m[014cecff]&amp#27;[0m&amp#27;[38;5;229m[ADB]&amp#27;[0m Reading package manifest: 'C:\\Users\\sajus\\AppData\\Local\\Android\\Sdk\\build-tools\\36.0.0\\aapt2.exe dump badging C:\\Users\\sajus\\.appium\\node_modules\\appium-uiautomator2-driver\\node_modules\\appium-uiautomator2-server\\apks\\appium-uiautomator2-server-v7.5.2.apk'
&amp#27;[38;5;216m[014cecff]&amp#27;[0m&amp#27;[38;5;229m[ADB]&amp#27;[0m 'io.appium.uiautomator2.server.test' is installed
&amp#27;[38;5;216m[014cecff]&amp#27;[0m&amp#27;[38;5;229m[ADB]&amp#27;[0m The version name of the installed 'io.appium.uiautomator2.server' is greater or equal to the application version name ('7.5.2' >= '7.5.2')
&amp#27;[38;5;216m[014cecff]&amp#27;[0m&amp#27;[38;5;-120m[AndroidUiautomator2Driver@6eaa]&amp#27;[0m Server packages status: [{"installState":"sameVersionInstalled","appPath":"C:\\Users\\sajus\\.appium\\node_modules\\appium-uiautomator2-driver\\node_modules\\appium-uiautomator2-server\\apks\\appium-uiautomator2-server-v7.5.2.apk","appId":"io.appium.uiautomator2.server"},{"installState":"sameVersionInstalled","appPath":"C:\\Users\\sajus\\.appium\\node_modules\\appium-uiautomator2-driver\\node_modules\\appium-uiautomator2-server\\apks\\appium-uiautomator2-server-debug-androidTest.apk","appId":"io.appium.uiautomator2.server.test"}]
&amp#27;[38;5;216m[014cecff]&amp#27;[0m&amp#27;[38;5;-120m[AndroidUiautomator2Driver@6eaa]&amp#27;[0m Server packages are not going to be (re)installed
&amp#27;[38;5;216m[014cecff]&amp#27;[0m&amp#27;[38;5;-120m[AndroidUiautomator2Driver@6eaa]&amp#27;[0m Waiting up to 30000ms for services to be available
&amp#27;[38;5;216m[014cecff]&amp#27;[0m&amp#27;[38;5;229m[ADB]&amp#27;[0m Running 'C:\Users\sajus\AppData\Local\Android\Sdk\platform-tools\adb.exe -P 5037 -s CTLID18120801016 shell pm list instrumentation'
&amp#27;[38;5;216m[014cecff]&amp#27;[0m&amp#27;[38;5;-120m[AndroidUiautomator2Driver@6eaa]&amp#27;[0m Instrumentation target 'io.appium.uiautomator2.server.test/androidx.test.runner.AndroidJUnitRunner' is available
&amp#27;[38;5;216m[014cecff]&amp#27;[0m&amp#27;[38;5;229m[ADB]&amp#27;[0m Adding packages ["io.appium.settings","io.appium.uiautomator2.server","io.appium.uiautomator2.server.test"] to Doze whitelist
&amp#27;[38;5;216m[014cecff]&amp#27;[0m&amp#27;[38;5;229m[ADB]&amp#27;[0m Got the following command chunks to execute: [["dumpsys","deviceidle","whitelist","+io.appium.settings",";","dumpsys","deviceidle","whitelist","+io.appium.uiautomator2.server",";","dumpsys","deviceidle","whitelist","+io.appium.uiautomator2.server.test",";"]]
&amp#27;[38;5;216m[014cecff]&amp#27;[0m&amp#27;[38;5;229m[ADB]&amp#27;[0m Running 'C:\Users\sajus\AppData\Local\Android\Sdk\platform-tools\adb.exe -P 5037 -s CTLID18120801016 shell dumpsys deviceidle whitelist +io.appium.settings ; dumpsys deviceidle whitelist +io.appium.uiautomator2.server ; dumpsys deviceidle whitelist +io.appium.uiautomator2.server.test ;'
&amp#27;[38;5;216m[014cecff]&amp#27;[0m&amp#27;[38;5;-120m[AndroidUiautomator2Driver@6eaa]&amp#27;[0m Performing shallow cleanup of automation leftovers
&amp#27;[38;5;58m[7b0ef811]&amp#27;[0m&amp#27;[38;5;-93m[AndroidUiautomator2Driver@169d]&amp#27;[0m [Instrumentation] 
&amp#27;[38;5;216m[014cecff]&amp#27;[0m&amp#27;[38;5;-120m[AndroidUiautomator2Driver@6eaa]&amp#27;[0m No obsolete sessions have been detected (socket hang up)
&amp#27;[38;5;216m[014cecff]&amp#27;[0m&amp#27;[38;5;229m[ADB]&amp#27;[0m Running 'C:\Users\sajus\AppData\Local\Android\Sdk\platform-tools\adb.exe -P 5037 -s CTLID18120801016 shell am force-stop io.appium.uiautomator2.server'
&amp#27;[38;5;216m[014cecff]&amp#27;[0m&amp#27;[38;5;229m[ADB]&amp#27;[0m Running 'C:\Users\sajus\AppData\Local\Android\Sdk\platform-tools\adb.exe -P 5037 -s CTLID18120801016 shell am force-stop io.appium.uiautomator2.server.test'
&amp#27;[38;5;216m[014cecff]&amp#27;[0m&amp#27;[38;5;-120m[AndroidUiautomator2Driver@6eaa]&amp#27;[0m Starting UIAutomator2 server 7.5.2
&amp#27;[38;5;216m[014cecff]&amp#27;[0m&amp#27;[38;5;-120m[AndroidUiautomator2Driver@6eaa]&amp#27;[0m Using UIAutomator2 server from 'C:\Users\sajus\.appium\node_modules\appium-uiautomator2-driver\node_modules\appium-uiautomator2-server\apks\appium-uiautomator2-server-v7.5.2.apk' and test from 'C:\Users\sajus\.appium\node_modules\appium-uiautomator2-driver\node_modules\appium-uiautomator2-server\apks\appium-uiautomator2-server-debug-androidTest.apk'
&amp#27;[38;5;216m[014cecff]&amp#27;[0m&amp#27;[38;5;-120m[AndroidUiautomator2Driver@6eaa]&amp#27;[0m Waiting up to 30000ms for UiAutomator2 to be online...
&amp#27;[38;5;216m[014cecff]&amp#27;[0m&amp#27;[38;5;229m[ADB]&amp#27;[0m Creating ADB subprocess with args: ["-P","5037","-s","CTLID18120801016","shell","am","instrument","-w","-e","disableAnalytics","true","io.appium.uiautomator2.server.test/androidx.test.runner.AndroidJUnitRunner"]
&amp#27;[38;5;216m[014cecff]&amp#27;[0m&amp#27;[38;5;-120m[AndroidUiautomator2Driver@6eaa]&amp#27;[0m Matched '/status' to command name 'getStatus'
&amp#27;[38;5;216m[014cecff]&amp#27;[0m&amp#27;[38;5;-120m[AndroidUiautomator2Driver@6eaa]&amp#27;[0m Proxying [GET /status] to [GET http://127.0.0.1:8202/status] with no body
&amp#27;[38;5;216m[014cecff]&amp#27;[0m&amp#27;[38;5;-120m[AndroidUiautomator2Driver@6eaa]&amp#27;[0m socket hang up
&amp#27;[38;5;58m[7b0ef811]&amp#27;[0m&amp#27;[38;5;-93m[AndroidUiautomator2Driver@169d]&amp#27;[0m Matched '/status' to command name 'getStatus'
&amp#27;[38;5;58m[7b0ef811]&amp#27;[0m&amp#27;[38;5;-93m[AndroidUiautomator2Driver@169d]&amp#27;[0m Proxying [GET /status] to [GET http://127.0.0.1:8201/status] with no body
&amp#27;[38;5;58m[7b0ef811]&amp#27;[0m&amp#27;[38;5;-93m[AndroidUiautomator2Driver@169d]&amp#27;[0m Got response with status 200: {"sessionId":"None","value":{"message":"UiAutomator2 Server is ready to accept commands","ready":true}}
&amp#27;[38;5;58m[7b0ef811]&amp#27;[0m&amp#27;[38;5;-93m[AndroidUiautomator2Driver@169d]&amp#27;[0m The initialization of the instrumentation process took 1179ms
&amp#27;[38;5;58m[7b0ef811]&amp#27;[0m&amp#27;[38;5;-93m[AndroidUiautomator2Driver@169d]&amp#27;[0m Matched '/session' to command name 'createSession'
&amp#27;[38;5;58m[7b0ef811]&amp#27;[0m&amp#27;[38;5;-93m[AndroidUiautomator2Driver@169d]&amp#27;[0m Proxying [POST /session] to [POST http://127.0.0.1:8201/session] with body: {"capabilities":{"firstMatch":[{"platformName":"ANDROID","appActivity":"com.androidsample.generalstore.SplashActivity","appPackage":"com.androidsample.generalstore","automationName":"UiAutomator2","deviceName":"R3CRC00KHBT","noReset":true,"platformVersion":"10.0","systemPort":8201,"udid":"R3CRC00KHBT","platform":"LINUX","webStorageEnabled":false,"takesScreenshot":true,"javascriptEnabled":true,"databaseEnabled":false,"networkConnectionEnabled":true,"locationContextEnabled":false,"warnings":{},"desired":{"platformName":"ANDROID","appActivity":"com.androidsample.generalstore.SplashActivity","appPackage":"com.androidsample.generalstore","automationName":"UiAutomator2","deviceName":"Samsung_Galaxy_S21","noReset":true,"platformVersion":"10.0","systemPort":8201,"udid":"R3CRC00KHBT"},"deviceUDID":"R3CRC00KHBT"}],"alwaysMatch":{}}}
&amp#27;[38;5;58m[7b0ef811]&amp#27;[0m&amp#27;[38;5;-93m[AndroidUiautomator2Driver@169d]&amp#27;[0m Got response with status 200: {"sessionId":"f3f9da7d-4c07-44b0-9a5e-a0ebd809af0d","value":{"capabilities":{"firstMatch":[{"platformName":"ANDROID","appActivity":"com.androidsample.generalstore.SplashActivity","appPackage":"com.androidsample.generalstore","automationName":"UiAutomator2","deviceName":"R3CRC00KHBT","noReset":true,"platformVersion":"10.0","systemPort":8201,"udid":"R3CRC00KHBT","platform":"LINUX","webStorageEnabled":false,"takesScreenshot":true,"javascriptEnabled":true,"databaseEnabled":false,"networkConnectionEnabled":true,"locationContextEnabled":false,"warnings":{},"desired":{"platformName":"ANDROID","appActivity":"com.androidsample.generalstore.SplashActivity","appPackage":"com.androidsample.generalstore","automationName":"UiAutomator2","deviceName":"Samsung_Galaxy_S21","noReset":true,"platformVersion":"10.0","systemPort":8201,"udid":"R3CRC00KHBT"},"deviceUDID":"R3CRC00KHBT"}],"alwaysMatch":{}},"sessionId":"f3f9da7d-4c07-44b0-9a5e-a0ebd809af0d"}}
&amp#27;[38;5;58m[7b0ef811]&amp#27;[0m&amp#27;[38;5;-93m[AndroidUiautomator2Driver@169d]&amp#27;[0m Determined the downstream protocol as 'W3C'
&amp#27;[38;5;58m[7b0ef811]&amp#27;[0m&amp#27;[38;5;-93m[AndroidUiautomator2Driver@169d]&amp#27;[0m Proxying [GET /appium/device/pixel_ratio] to [GET http://127.0.0.1:8201/session/f3f9da7d-4c07-44b0-9a5e-a0ebd809af0d/appium/device/pixel_ratio] with no body
&amp#27;[38;5;58m[7b0ef811]&amp#27;[0m&amp#27;[38;5;-93m[AndroidUiautomator2Driver@169d]&amp#27;[0m Matched '/appium/device/system_bars' to command name 'getSystemBars'
&amp#27;[38;5;58m[7b0ef811]&amp#27;[0m&amp#27;[38;5;-93m[AndroidUiautomator2Driver@169d]&amp#27;[0m Proxying [GET /appium/device/system_bars] to [GET http://127.0.0.1:8201/session/f3f9da7d-4c07-44b0-9a5e-a0ebd809af0d/appium/device/system_bars] with no body
&amp#27;[38;5;58m[7b0ef811]&amp#27;[0m&amp#27;[38;5;-93m[AndroidUiautomator2Driver@169d]&amp#27;[0m Matched '/window/current/size' to command name 'getWindowSize'
&amp#27;[38;5;58m[7b0ef811]&amp#27;[0m&amp#27;[38;5;-93m[AndroidUiautomator2Driver@169d]&amp#27;[0m Proxying [GET /window/current/size] to [GET http://127.0.0.1:8201/session/f3f9da7d-4c07-44b0-9a5e-a0ebd809af0d/window/current/size] with no body
&amp#27;[38;5;58m[7b0ef811]&amp#27;[0m&amp#27;[38;5;-93m[AndroidUiautomator2Driver@169d]&amp#27;[0m Proxying [GET /appium/device/info] to [GET http://127.0.0.1:8201/session/f3f9da7d-4c07-44b0-9a5e-a0ebd809af0d/appium/device/info] with no body
&amp#27;[38;5;58m[7b0ef811]&amp#27;[0m&amp#27;[38;5;229m[ADB]&amp#27;[0m Running 'C:\Users\sajus\AppData\Local\Android\Sdk\platform-tools\adb.exe -P 5037 -s R3CRC00KHBT shell dumpsys window'
&amp#27;[38;5;58m[7b0ef811]&amp#27;[0m&amp#27;[38;5;229m[ADB]&amp#27;[0m Running 'C:\Users\sajus\AppData\Local\Android\Sdk\platform-tools\adb.exe -P 5037 -s R3CRC00KHBT shell dumpsys power'
&amp#27;[38;5;58m[7b0ef811]&amp#27;[0m&amp#27;[38;5;-93m[AndroidUiautomator2Driver@169d]&amp#27;[0m Got response with status 200: {"sessionId":"f3f9da7d-4c07-44b0-9a5e-a0ebd809af0d","value":3}
&amp#27;[38;5;58m[7b0ef811]&amp#27;[0m&amp#27;[38;5;-93m[AndroidUiautomator2Driver@169d]&amp#27;[0m Got response with status 200: {"sessionId":"f3f9da7d-4c07-44b0-9a5e-a0ebd809af0d","value":{"statusBar":80}}
&amp#27;[38;5;58m[7b0ef811]&amp#27;[0m&amp#27;[38;5;-93m[AndroidUiautomator2Driver@169d]&amp#27;[0m Got response with status 200: {"sessionId":"f3f9da7d-4c07-44b0-9a5e-a0ebd809af0d","value":{"height":2400,"width":1080}}
&amp#27;[38;5;58m[7b0ef811]&amp#27;[0m&amp#27;[38;5;-93m[AndroidUiautomator2Driver@169d]&amp#27;[0m Got response with status 200: {"sessionId":"f3f9da7d-4c07-44b0-9a5e-a0ebd809af0d","value":{"androidId":"f27012414286a658","apiVersion":"35","bluetooth":{"state":"ON"},"brand":"samsung","carrierName":"","displayDensity":480,"locale":"en_CA","manufacturer":"samsung","model":"SM-G991W","networks":[{"capabilities":{"SSID":null,"linkDownBandwidthKbps":282299,"linkUpstreamBandwidthKbps":1421,"networkCapabilities":"NET_CAPABILITY_NOT_METERED,NET_CAPABILITY_INTERNET,NET_CAPABILITY_NOT_RESTRICTED,NET_CAPABILITY_TRUSTED,NET_CAPABILITY_NOT_VPN,NET_CAPABILITY_VALIDATED,NET_CAPABILITY_NOT_ROAMING,NET_CAPABILITY_FOREGROUND,NET_CAPABILITY_NOT_CONGESTED,NET_CAPABILITY_NOT_SUSPENDED","signalStrength":-44,"transportTypes":"TRANSPORT_WIFI"},"detailedState":"CONNECTED","extraInfo":"","isAvailable":true,"isConnected":true,"isFailover":false,"isRoaming":false,"state":"CONNECTED","subtype":-1,"subtypeName":"","type":1,"typeName":"WIFI"}],"platformVersion":"15","realDisplaySize":"1080x2400","timeZone":"America/New_York"}}
&amp#27;[38;5;58m[7b0ef811]&amp#27;[0m&amp#27;[38;5;-93m[AndroidUiautomator2Driver@169d]&amp#27;[0m Screen already unlocked, doing nothing
&amp#27;[38;5;58m[7b0ef811]&amp#27;[0m&amp#27;[38;5;-93m[AndroidUiautomator2Driver@169d]&amp#27;[0m Starting 'com.androidsample.generalstore/com.androidsample.generalstore.SplashActivity' and waiting for 'com.androidsample.generalstore/com.androidsample.generalstore.SplashActivity'
&amp#27;[38;5;58m[7b0ef811]&amp#27;[0m&amp#27;[38;5;229m[ADB]&amp#27;[0m Getting IDs of all 'com.androidsample.generalstore' processes
&amp#27;[38;5;58m[7b0ef811]&amp#27;[0m&amp#27;[38;5;229m[ADB]&amp#27;[0m Running 'C:\Users\sajus\AppData\Local\Android\Sdk\platform-tools\adb.exe -P 5037 -s R3CRC00KHBT shell 'pgrep --help; echo $?''
&amp#27;[38;5;58m[7b0ef811]&amp#27;[0m&amp#27;[38;5;229m[ADB]&amp#27;[0m Running 'C:\Users\sajus\AppData\Local\Android\Sdk\platform-tools\adb.exe -P 5037 -s R3CRC00KHBT shell pgrep -f \(\[\[:blank:\]\]\|\^\)com\.androidsample\.generalstore\(:\[a-zA-Z0-9_-\]\+\)\?\(\[\[:blank:\]\]\|\$\)'
&amp#27;[38;5;58m[7b0ef811]&amp#27;[0m&amp#27;[38;5;229m[ADB]&amp#27;[0m Running 'C:\Users\sajus\AppData\Local\Android\Sdk\platform-tools\adb.exe -P 5037 -s R3CRC00KHBT shell am start-activity -W -n com.androidsample.generalstore/com.androidsample.generalstore.SplashActivity -S -a android.intent.action.MAIN -c android.intent.category.LAUNCHER -f 0x10200000'
&amp#27;[38;5;216m[014cecff]&amp#27;[0m&amp#27;[38;5;-120m[AndroidUiautomator2Driver@6eaa]&amp#27;[0m Matched '/status' to command name 'getStatus'
&amp#27;[38;5;216m[014cecff]&amp#27;[0m&amp#27;[38;5;-120m[AndroidUiautomator2Driver@6eaa]&amp#27;[0m Proxying [GET /status] to [GET http://127.0.0.1:8202/status] with no body
&amp#27;[38;5;216m[014cecff]&amp#27;[0m&amp#27;[38;5;-120m[AndroidUiautomator2Driver@6eaa]&amp#27;[0m socket hang up
&amp#27;[38;5;58m[7b0ef811]&amp#27;[0m&amp#27;[38;5;52m[AppiumDriver@7ebd]&amp#27;[0m New AndroidUiautomator2Driver session created successfully, session 7b0ef811-fa28-477d-ae5c-7e7dd0a70b20 added to master session list
&amp#27;[38;5;58m[7b0ef811]&amp#27;[0m&amp#27;[38;5;52m[AppiumDriver@7ebd]&amp#27;[0m Event 'newSessionStarted' logged at 1750278513795 (16:28:33 GMT-0400 (Eastern Daylight Saving Time))
&amp#27;[38;5;58m[7b0ef811]&amp#27;[0m&amp#27;[38;5;-93m[AndroidUiautomator2Driver@169d]&amp#27;[0m Cached the protocol value 'W3C' for the new session 7b0ef811-fa28-477d-ae5c-7e7dd0a70b20
&amp#27;[38;5;58m[7b0ef811]&amp#27;[0m&amp#27;[38;5;-93m[AndroidUiautomator2Driver@169d]&amp#27;[0m Responding to client with driver.createSession() result: {"capabilities":{"platformName":"ANDROID","appActivity":"com.androidsample.generalstore.SplashActivity","appPackage":"com.androidsample.generalstore","automationName":"UiAutomator2","deviceName":"R3CRC00KHBT","noReset":true,"platformVersion":"15","systemPort":8201,"udid":"R3CRC00KHBT","platform":"LINUX","webStorageEnabled":false,"takesScreenshot":true,"javascriptEnabled":true,"databaseEnabled":false,"networkConnectionEnabled":true,"locationContextEnabled":false,"warnings":{},"desired":{"platformName":"ANDROID","appActivity":"com.androidsample.generalstore.SplashActivity","appPackage":"com.androidsample.generalstore","automationName":"UiAutomator2","deviceName":"Samsung_Galaxy_S21","noReset":true,"platformVersion":"10.0","systemPort":8201,"udid":"R3CRC00KHBT"},"deviceUDID":"R3CRC00KHBT","pixelRatio":"3","statBarHeight":80,"viewportRect":{"left":0,"top":80,"width":1080,"height":2320},"deviceApiLevel":35,"deviceManufacturer":"samsung","deviceModel":"SM-G991W","deviceScreenSize":"1080x2400","deviceScreenDensit...
&amp#27;[38;5;58m[7b0ef811]&amp#27;[0m&amp#27;[38;5;86m[HTTP]&amp#27;[0m &amp#27;[37m<-- POST /session &amp#27;[39m&amp#27;[32m200&amp#27;[39m &amp#27;[90m5328 ms - 1090&amp#27;[39m &amp#27;[90m&amp#27;[39m
&amp#27;[38;5;216m[014cecff]&amp#27;[0m&amp#27;[38;5;-120m[AndroidUiautomator2Driver@6eaa]&amp#27;[0m [Instrumentation] 
&amp#27;[38;5;216m[014cecff]&amp#27;[0m&amp#27;[38;5;-120m[AndroidUiautomator2Driver@6eaa]&amp#27;[0m Matched '/status' to command name 'getStatus'
&amp#27;[38;5;216m[014cecff]&amp#27;[0m&amp#27;[38;5;-120m[AndroidUiautomator2Driver@6eaa]&amp#27;[0m Proxying [GET /status] to [GET http://127.0.0.1:8202/status] with no body
&amp#27;[38;5;216m[014cecff]&amp#27;[0m&amp#27;[38;5;-120m[AndroidUiautomator2Driver@6eaa]&amp#27;[0m Got response with status 200: {"sessionId":"None","value":{"message":"UiAutomator2 Server is ready to accept commands","ready":true}}
&amp#27;[38;5;216m[014cecff]&amp#27;[0m&amp#27;[38;5;-120m[AndroidUiautomator2Driver@6eaa]&amp#27;[0m The initialization of the instrumentation process took 2253ms
&amp#27;[38;5;216m[014cecff]&amp#27;[0m&amp#27;[38;5;-120m[AndroidUiautomator2Driver@6eaa]&amp#27;[0m Matched '/session' to command name 'createSession'
&amp#27;[38;5;216m[014cecff]&amp#27;[0m&amp#27;[38;5;-120m[AndroidUiautomator2Driver@6eaa]&amp#27;[0m Proxying [POST /session] to [POST http://127.0.0.1:8202/session] with body: {"capabilities":{"firstMatch":[{"platformName":"ANDROID","appActivity":"com.androidsample.generalstore.SplashActivity","appPackage":"com.androidsample.generalstore","automationName":"UiAutomator2","deviceName":"CTLID18120801016","noReset":true,"platformVersion":"11.0","systemPort":8202,"udid":"CTLID18120801016","platform":"LINUX","webStorageEnabled":false,"takesScreenshot":true,"javascriptEnabled":true,"databaseEnabled":false,"networkConnectionEnabled":true,"locationContextEnabled":false,"warnings":{},"desired":{"platformName":"ANDROID","appActivity":"com.androidsample.generalstore.SplashActivity","appPackage":"com.androidsample.generalstore","automationName":"UiAutomator2","deviceName":"Nokia","noReset":true,"platformVersion":"11.0","systemPort":8202,"udid":"CTLID18120801016"},"deviceUDID":"CTLID18120801016"}],"alwaysMatch":{}}}
&amp#27;[38;5;216m[014cecff]&amp#27;[0m&amp#27;[38;5;-120m[AndroidUiautomator2Driver@6eaa]&amp#27;[0m Got response with status 200: {"sessionId":"b128c8a0-1620-48d9-b82c-039cc77ce4ce","value":{"capabilities":{"firstMatch":[{"platformName":"ANDROID","appActivity":"com.androidsample.generalstore.SplashActivity","appPackage":"com.androidsample.generalstore","automationName":"UiAutomator2","deviceName":"CTLID18120801016","noReset":true,"platformVersion":"11.0","systemPort":8202,"udid":"CTLID18120801016","platform":"LINUX","webStorageEnabled":false,"takesScreenshot":true,"javascriptEnabled":true,"databaseEnabled":false,"networkConnectionEnabled":true,"locationContextEnabled":false,"warnings":{},"desired":{"platformName":"ANDROID","appActivity":"com.androidsample.generalstore.SplashActivity","appPackage":"com.androidsample.generalstore","automationName":"UiAutomator2","deviceName":"Nokia","noReset":true,"platformVersion":"11.0","systemPort":8202,"udid":"CTLID18120801016"},"deviceUDID":"CTLID18120801016"}],"alwaysMatch":{}},"sessionId":"b128c8a0-1620-48d9-b82c-039cc77ce4ce"}}
&amp#27;[38;5;216m[014cecff]&amp#27;[0m&amp#27;[38;5;-120m[AndroidUiautomator2Driver@6eaa]&amp#27;[0m Determined the downstream protocol as 'W3C'
&amp#27;[38;5;216m[014cecff]&amp#27;[0m&amp#27;[38;5;-120m[AndroidUiautomator2Driver@6eaa]&amp#27;[0m Proxying [GET /appium/device/pixel_ratio] to [GET http://127.0.0.1:8202/session/b128c8a0-1620-48d9-b82c-039cc77ce4ce/appium/device/pixel_ratio] with no body
&amp#27;[38;5;216m[014cecff]&amp#27;[0m&amp#27;[38;5;-120m[AndroidUiautomator2Driver@6eaa]&amp#27;[0m Matched '/appium/device/system_bars' to command name 'getSystemBars'
&amp#27;[38;5;216m[014cecff]&amp#27;[0m&amp#27;[38;5;-120m[AndroidUiautomator2Driver@6eaa]&amp#27;[0m Proxying [GET /appium/device/system_bars] to [GET http://127.0.0.1:8202/session/b128c8a0-1620-48d9-b82c-039cc77ce4ce/appium/device/system_bars] with no body
&amp#27;[38;5;216m[014cecff]&amp#27;[0m&amp#27;[38;5;-120m[AndroidUiautomator2Driver@6eaa]&amp#27;[0m Matched '/window/current/size' to command name 'getWindowSize'
&amp#27;[38;5;216m[014cecff]&amp#27;[0m&amp#27;[38;5;-120m[AndroidUiautomator2Driver@6eaa]&amp#27;[0m Proxying [GET /window/current/size] to [GET http://127.0.0.1:8202/session/b128c8a0-1620-48d9-b82c-039cc77ce4ce/window/current/size] with no body
&amp#27;[38;5;216m[014cecff]&amp#27;[0m&amp#27;[38;5;-120m[AndroidUiautomator2Driver@6eaa]&amp#27;[0m Proxying [GET /appium/device/info] to [GET http://127.0.0.1:8202/session/b128c8a0-1620-48d9-b82c-039cc77ce4ce/appium/device/info] with no body
&amp#27;[38;5;216m[014cecff]&amp#27;[0m&amp#27;[38;5;229m[ADB]&amp#27;[0m Running 'C:\Users\sajus\AppData\Local\Android\Sdk\platform-tools\adb.exe -P 5037 -s CTLID18120801016 shell dumpsys window'
&amp#27;[38;5;216m[014cecff]&amp#27;[0m&amp#27;[38;5;229m[ADB]&amp#27;[0m Running 'C:\Users\sajus\AppData\Local\Android\Sdk\platform-tools\adb.exe -P 5037 -s CTLID18120801016 shell dumpsys power'
&amp#27;[38;5;216m[014cecff]&amp#27;[0m&amp#27;[38;5;-120m[AndroidUiautomator2Driver@6eaa]&amp#27;[0m Got response with status 200: {"sessionId":"b128c8a0-1620-48d9-b82c-039cc77ce4ce","value":2.625}
&amp#27;[38;5;216m[014cecff]&amp#27;[0m&amp#27;[38;5;-120m[AndroidUiautomator2Driver@6eaa]&amp#27;[0m Got response with status 200: {"sessionId":"b128c8a0-1620-48d9-b82c-039cc77ce4ce","value":{"statusBar":89}}
&amp#27;[38;5;216m[014cecff]&amp#27;[0m&amp#27;[38;5;-120m[AndroidUiautomator2Driver@6eaa]&amp#27;[0m Got response with status 200: {"sessionId":"b128c8a0-1620-48d9-b82c-039cc77ce4ce","value":{"height":2280,"width":1080}}
&amp#27;[38;5;216m[014cecff]&amp#27;[0m&amp#27;[38;5;-120m[AndroidUiautomator2Driver@6eaa]&amp#27;[0m Got response with status 200: {"sessionId":"b128c8a0-1620-48d9-b82c-039cc77ce4ce","value":{"androidId":"7be9e4e610cc4454","apiVersion":"29","bluetooth":{"state":"OFF"},"brand":"Nokia","carrierName":"","displayDensity":420,"locale":"en_IN","manufacturer":"HMD Global","model":"Nokia 7.1","networks":[{"capabilities":{"SSID":null,"linkDownBandwidthKbps":1048576,"linkUpstreamBandwidthKbps":1048576,"networkCapabilities":"NET_CAPABILITY_NOT_METERED,NET_CAPABILITY_INTERNET,NET_CAPABILITY_NOT_RESTRICTED,NET_CAPABILITY_TRUSTED,NET_CAPABILITY_NOT_VPN,NET_CAPABILITY_VALIDATED,NET_CAPABILITY_NOT_ROAMING,NET_CAPABILITY_FOREGROUND,NET_CAPABILITY_NOT_CONGESTED,NET_CAPABILITY_NOT_SUSPENDED","signalStrength":-49,"transportTypes":"TRANSPORT_WIFI"},"detailedState":"CONNECTED","extraInfo":null,"isAvailable":true,"isConnected":true,"isFailover":false,"isRoaming":false,"state":"CONNECTED","subtype":0,"subtypeName":"","type":1,"typeName":"WIFI"}],"platformVersion":"10","realDisplaySize":"1080x2280","timeZone":"America/Toronto"}}
&amp#27;[38;5;216m[014cecff]&amp#27;[0m&amp#27;[38;5;-120m[AndroidUiautomator2Driver@6eaa]&amp#27;[0m Screen already unlocked, doing nothing
&amp#27;[38;5;216m[014cecff]&amp#27;[0m&amp#27;[38;5;-120m[AndroidUiautomator2Driver@6eaa]&amp#27;[0m Starting 'com.androidsample.generalstore/com.androidsample.generalstore.SplashActivity' and waiting for 'com.androidsample.generalstore/com.androidsample.generalstore.SplashActivity'
&amp#27;[38;5;216m[014cecff]&amp#27;[0m&amp#27;[38;5;229m[ADB]&amp#27;[0m Getting IDs of all 'com.androidsample.generalstore' processes
&amp#27;[38;5;216m[014cecff]&amp#27;[0m&amp#27;[38;5;229m[ADB]&amp#27;[0m Running 'C:\Users\sajus\AppData\Local\Android\Sdk\platform-tools\adb.exe -P 5037 -s CTLID18120801016 shell 'pgrep --help; echo $?''
&amp#27;[38;5;216m[014cecff]&amp#27;[0m&amp#27;[38;5;229m[ADB]&amp#27;[0m Running 'C:\Users\sajus\AppData\Local\Android\Sdk\platform-tools\adb.exe -P 5037 -s CTLID18120801016 shell pgrep -f \(\[\[:blank:\]\]\|\^\)com\.androidsample\.generalstore\(:\[a-zA-Z0-9_-\]\+\)\?\(\[\[:blank:\]\]\|\$\)'
&amp#27;[38;5;216m[014cecff]&amp#27;[0m&amp#27;[38;5;229m[ADB]&amp#27;[0m Running 'C:\Users\sajus\AppData\Local\Android\Sdk\platform-tools\adb.exe -P 5037 -s CTLID18120801016 shell am start-activity -W -n com.androidsample.generalstore/com.androidsample.generalstore.SplashActivity -S -a android.intent.action.MAIN -c android.intent.category.LAUNCHER -f 0x10200000'
&amp#27;[38;5;216m[014cecff]&amp#27;[0m&amp#27;[38;5;134m[AppiumDriver@9db7]&amp#27;[0m New AndroidUiautomator2Driver session created successfully, session 014cecff-7335-4ae7-bebf-0d8e4d0b7d7a added to master session list
&amp#27;[38;5;216m[014cecff]&amp#27;[0m&amp#27;[38;5;134m[AppiumDriver@9db7]&amp#27;[0m Event 'newSessionStarted' logged at 1750278515746 (16:28:35 GMT-0400 (Eastern Daylight Saving Time))
&amp#27;[38;5;216m[014cecff]&amp#27;[0m&amp#27;[38;5;-120m[AndroidUiautomator2Driver@6eaa]&amp#27;[0m Cached the protocol value 'W3C' for the new session 014cecff-7335-4ae7-bebf-0d8e4d0b7d7a
&amp#27;[38;5;216m[014cecff]&amp#27;[0m&amp#27;[38;5;-120m[AndroidUiautomator2Driver@6eaa]&amp#27;[0m Responding to client with driver.createSession() result: {"capabilities":{"platformName":"ANDROID","appActivity":"com.androidsample.generalstore.SplashActivity","appPackage":"com.androidsample.generalstore","automationName":"UiAutomator2","deviceName":"CTLID18120801016","noReset":true,"platformVersion":"10","systemPort":8202,"udid":"CTLID18120801016","platform":"LINUX","webStorageEnabled":false,"takesScreenshot":true,"javascriptEnabled":true,"databaseEnabled":false,"networkConnectionEnabled":true,"locationContextEnabled":false,"warnings":{},"desired":{"platformName":"ANDROID","appActivity":"com.androidsample.generalstore.SplashActivity","appPackage":"com.androidsample.generalstore","automationName":"UiAutomator2","deviceName":"Nokia","noReset":true,"platformVersion":"11.0","systemPort":8202,"udid":"CTLID18120801016"},"deviceUDID":"CTLID18120801016","pixelRatio":"2.625","statBarHeight":89,"viewportRect":{"left":0,"top":89,"width":1080,"height":2191},"deviceApiLevel":29,"deviceManufacturer":"HMD Global","deviceModel":"Nokia 7.1","deviceScreenSize":"1080x2280","dev...
&amp#27;[38;5;216m[014cecff]&amp#27;[0m&amp#27;[38;5;86m[HTTP]&amp#27;[0m &amp#27;[37m<-- POST /session &amp#27;[39m&amp#27;[32m200&amp#27;[39m &amp#27;[90m5878 ms - 1105&amp#27;[39m &amp#27;[90m&amp#27;[39m
&amp#27;[38;5;58m[7b0ef811]&amp#27;[0m&amp#27;[38;5;86m[HTTP]&amp#27;[0m &amp#27;[37m-->&amp#27;[39m &amp#27;[37mPOST&amp#27;[39m &amp#27;[37m/session/7b0ef811-fa28-477d-ae5c-7e7dd0a70b20/element&amp#27;[39m &amp#27;[90m{"using":"id","value":"com.androidsample.generalstore:id/nameField"}&amp#27;[39m
&amp#27;[38;5;58m[7b0ef811]&amp#27;[0m&amp#27;[38;5;-93m[AndroidUiautomator2Driver@169d]&amp#27;[0m Calling AppiumDriver.findElement() with args: ["id","com.androidsample.generalstore:id/nameField","7b0ef811-fa28-477d-ae5c-7e7dd0a70b20"]
&amp#27;[38;5;58m[7b0ef811]&amp#27;[0m&amp#27;[38;5;-93m[AndroidUiautomator2Driver@169d]&amp#27;[0m Valid locator strategies for this request: xpath, id, class name, accessibility id, css selector, -android uiautomator
&amp#27;[38;5;58m[7b0ef811]&amp#27;[0m&amp#27;[38;5;-93m[AndroidUiautomator2Driver@169d]&amp#27;[0m Waiting up to 0 ms for condition
&amp#27;[38;5;58m[7b0ef811]&amp#27;[0m&amp#27;[38;5;-93m[AndroidUiautomator2Driver@169d]&amp#27;[0m Matched '/element' to command name 'findElement'
&amp#27;[38;5;58m[7b0ef811]&amp#27;[0m&amp#27;[38;5;-93m[AndroidUiautomator2Driver@169d]&amp#27;[0m Proxying [POST /element] to [POST http://127.0.0.1:8201/session/f3f9da7d-4c07-44b0-9a5e-a0ebd809af0d/element] with body: {"strategy":"id","selector":"com.androidsample.generalstore:id/nameField","context":"","multiple":false}
&amp#27;[38;5;58m[7b0ef811]&amp#27;[0m&amp#27;[38;5;-93m[AndroidUiautomator2Driver@169d]&amp#27;[0m Got response with status 200: {"sessionId":"f3f9da7d-4c07-44b0-9a5e-a0ebd809af0d","value":{"ELEMENT":"00000000-0000-144c-ffff-ffff0000001c","element-6066-11e4-a52e-4f735466cecf":"00000000-0000-144c-ffff-ffff0000001c"}}
&amp#27;[38;5;58m[7b0ef811]&amp#27;[0m&amp#27;[38;5;-93m[AndroidUiautomator2Driver@169d]&amp#27;[0m Responding to client with driver.findElement() result: {"element-6066-11e4-a52e-4f735466cecf":"00000000-0000-144c-ffff-ffff0000001c","ELEMENT":"00000000-0000-144c-ffff-ffff0000001c"}
&amp#27;[38;5;58m[7b0ef811]&amp#27;[0m&amp#27;[38;5;86m[HTTP]&amp#27;[0m &amp#27;[37m<-- POST /session/7b0ef811-fa28-477d-ae5c-7e7dd0a70b20/element &amp#27;[39m&amp#27;[32m200&amp#27;[39m &amp#27;[90m63 ms - 137&amp#27;[39m &amp#27;[90m&amp#27;[39m
&amp#27;[38;5;58m[7b0ef811]&amp#27;[0m&amp#27;[38;5;86m[HTTP]&amp#27;[0m &amp#27;[37m-->&amp#27;[39m &amp#27;[37mPOST&amp#27;[39m &amp#27;[37m/session/7b0ef811-fa28-477d-ae5c-7e7dd0a70b20/element/00000000-0000-144c-ffff-ffff0000001c/value&amp#27;[39m &amp#27;[90m{"id":"00000000-0000-144c-ffff-ffff0000001c","text":"gogan","value":["g","o","g","a","n"]}&amp#27;[39m
&amp#27;[38;5;58m[7b0ef811]&amp#27;[0m&amp#27;[38;5;-93m[AndroidUiautomator2Driver@169d]&amp#27;[0m Calling AppiumDriver.setValue() with args: [["g","o","g","a","n"],"00000000-0000-144c-ffff-ffff0000001c","7b0ef811-fa28-477d-ae5c-7e7dd0a70b20"]
&amp#27;[38;5;58m[7b0ef811]&amp#27;[0m&amp#27;[38;5;-93m[AndroidUiautomator2Driver@169d]&amp#27;[0m Matched '/element/00000000-0000-144c-ffff-ffff0000001c/value' to command name 'setValue'
&amp#27;[38;5;58m[7b0ef811]&amp#27;[0m&amp#27;[38;5;-93m[AndroidUiautomator2Driver@169d]&amp#27;[0m Added 'value' property ["g","o","g","a","n"] to 'setValue' request body
&amp#27;[38;5;58m[7b0ef811]&amp#27;[0m&amp#27;[38;5;-93m[AndroidUiautomator2Driver@169d]&amp#27;[0m Proxying [POST /element/00000000-0000-144c-ffff-ffff0000001c/value] to [POST http://127.0.0.1:8201/session/f3f9da7d-4c07-44b0-9a5e-a0ebd809af0d/element/00000000-0000-144c-ffff-ffff0000001c/value] with body: {"elementId":"00000000-0000-144c-ffff-ffff0000001c","text":"gogan","replace":false,"value":["g","o","g","a","n"]}
&amp#27;[38;5;58m[7b0ef811]&amp#27;[0m&amp#27;[38;5;-93m[AndroidUiautomator2Driver@169d]&amp#27;[0m Got response with status 200: {"sessionId":"f3f9da7d-4c07-44b0-9a5e-a0ebd809af0d","value":null}
&amp#27;[38;5;58m[7b0ef811]&amp#27;[0m&amp#27;[38;5;-93m[AndroidUiautomator2Driver@169d]&amp#27;[0m Responding to client with driver.setValue() result: null
&amp#27;[38;5;58m[7b0ef811]&amp#27;[0m&amp#27;[38;5;86m[HTTP]&amp#27;[0m &amp#27;[37m<-- POST /session/7b0ef811-fa28-477d-ae5c-7e7dd0a70b20/element/00000000-0000-144c-ffff-ffff0000001c/value &amp#27;[39m&amp#27;[32m200&amp#27;[39m &amp#27;[90m47 ms - 14&amp#27;[39m &amp#27;[90m&amp#27;[39m
&amp#27;[38;5;58m[7b0ef811]&amp#27;[0m&amp#27;[38;5;86m[HTTP]&amp#27;[0m &amp#27;[37m-->&amp#27;[39m &amp#27;[37mGET&amp#27;[39m &amp#27;[37m/session/7b0ef811-fa28-477d-ae5c-7e7dd0a70b20/screenshot&amp#27;[39m &amp#27;[90m{}&amp#27;[39m
&amp#27;[38;5;58m[7b0ef811]&amp#27;[0m&amp#27;[38;5;-93m[AndroidUiautomator2Driver@169d]&amp#27;[0m Calling AppiumDriver.getScreenshot() with args: ["7b0ef811-fa28-477d-ae5c-7e7dd0a70b20"]
&amp#27;[38;5;58m[7b0ef811]&amp#27;[0m&amp#27;[38;5;-93m[AndroidUiautomator2Driver@169d]&amp#27;[0m Matched '/screenshot' to command name 'getScreenshot'
&amp#27;[38;5;58m[7b0ef811]&amp#27;[0m&amp#27;[38;5;-93m[AndroidUiautomator2Driver@169d]&amp#27;[0m Proxying [GET /screenshot] to [GET http://127.0.0.1:8201/session/f3f9da7d-4c07-44b0-9a5e-a0ebd809af0d/screenshot] with no body
&amp#27;[38;5;58m[7b0ef811]&amp#27;[0m&amp#27;[38;5;-93m[AndroidUiautomator2Driver@169d]&amp#27;[0m Got response with status 200: {"sessionId":"f3f9da7d-4c07-44b0-9a5e-a0ebd809af0d","value":"iVBORw0KGgoAAAANSUhEUgAABDgAAAlgCAYAAABtGofVAAAAAXNSR0IArs4c6QAAAARzQklUCAgICHwIZIgAACAASURBVHic7N13mFTV/T/w97ll2vZeaEtbYAHpRUAEC8aCaNRoLBi7sURNjGl+f9F84zfWRJMYNZbEGEVRUAEVsQZQQEBAeq/LsmyvszNzy++PZTe7O3NnZ7bP7PuVJ88j99w5c+aydx/ue875HJG0Y74JIiIiIiIiIqIIJnX3AIiIiIiIiIiI2osBBxERERERERFFPAYcRERERERERBTxGHAQERERERERUcRjwEFEREREREREEY8BBxERERERERFFPAYcRERERERERBTxGHAQERERERERUcRjwEFEREREREREEY8BBxERERERERFFPAYcRERERERERBTxGHAQERERERERUcRjwEFEREREREREEY8BBxERERERERFFPAYcRERERERERBTxGHAQERERERERUcRjwEFEREREREREEY8BBxERERERERFFPAYcRERERERERBTxGHAQERERERERUcRjwEFEREREREREEY8BBxERERERERFFPAYcRERERERERBTxGHAQERERERERUcRjwEFEREREREREEY8BBxERERERERFFPAYcRERERERERBTxGHAQERERERERUcRjwEFEREREREREEU/p7gEQERERERERdScBgVQlDlOduciz90W2mowsJQmZSiKckr1LxuA2PCjQynBCK8dxXyl2eI5hrXsPirUqmDC7ZAyRjgEHERERERER9SoCAjGSHTm2dMyJHYMzXCOQZ+8LRXTjI7Iciz5qSrNDmqlhu+coVtXsxIrqLTjkK0Kt4WHgYUEk7ZjPK0NERERERERRT0AgTnIg156NC+MmYF78ZCRIru4eVkjK9Gq8W7kOK6q3YLcnH1VGHYOOFhhwEBERERERUdSTINBf...
&amp#27;[38;5;58m[7b0ef811]&amp#27;[0m&amp#27;[38;5;-93m[AndroidUiautomator2Driver@169d]&amp#27;[0m Responding to client with driver.getScreenshot() result: "iVBORw0KGgoAAAANSUhEUgAABDgAAAlgCAYAAABtGofVAAAAAXNSR0IArs4c6QAAAARzQklUCAgICHwIZIgAACAASURBVHic7N13mFTV/T/w97ll2vZeaEtbYAHpRUAEC8aCaNRoLBi7sURNjGl+f9F84zfWRJMYNZbEGEVRUAEVsQZQQEBAeq/LsmyvszNzy++PZTe7O3NnZ7bP7PuVJ88j99w5c+aydx/ue875HJG0Y74JIiIiIiIiIqIIJnX3AIiIiIiIiIiI2osBBxERERERERFFPAYcRERERERERBTxGHAQERERERERUcRjwEFEREREREREEY8BBxERERERERFFPAYcRERERERERBTxGHAQERERERERUcRjwEFEREREREREEY8BBxERERERERFFPAYcRERERERERBTxGHAQERERERERUcRjwEFEREREREREEY8BBxERERERERFFPAYcRERERERERBTxGHAQERERERERUcRjwEFEREREREREEY8BBxERERERERFFPAYcRERERERERBTxGHAQERERERERUcRjwEFEREREREREEY8BBxERERERERFFPAYcRERERERERBTxGHAQERERERERUcRjwEFEREREREREEY8BBxERERERERFFPAYcRERERERERBTxGHAQERERERERUcRjwEFEREREREREEU/p7gEQERERERERdScBgVQlDlOduciz90W2mowsJQmZSiKckr1LxuA2PCjQynBCK8dxXyl2eI5hrXsPirUqmDC7ZAyRjgEHERERERER9SoCAjGSHTm2dMyJHYMzXCOQZ+8LRXTjI7Iciz5qSrNDmqlhu+coVtXsxIrqLTjkK0Kt4WHgYUEk7ZjPK0NERERERERRT0AgTnIg156NC+MmYF78ZCRIru4eVkjK9Gq8W7kOK6q3YLcnH1VGHYOOFhhwEBERERERUdSTINBfTcX3E6biwtgJ6G9LhRRhZSkNGDjiLcYH1RvxTsUaHPWVMORoggEHERERERER...
&amp#27;[38;5;58m[7b0ef811]&amp#27;[0m&amp#27;[38;5;86m[HTTP]&amp#27;[0m &amp#27;[37m<-- GET /session/7b0ef811-fa28-477d-ae5c-7e7dd0a70b20/screenshot &amp#27;[39m&amp#27;[32m200&amp#27;[39m &amp#27;[90m590 ms - 685180&amp#27;[39m &amp#27;[90m&amp#27;[39m
&amp#27;[38;5;58m[7b0ef811]&amp#27;[0m&amp#27;[38;5;86m[HTTP]&amp#27;[0m &amp#27;[37m-->&amp#27;[39m &amp#27;[37mGET&amp#27;[39m &amp#27;[37m/session/7b0ef811-fa28-477d-ae5c-7e7dd0a70b20/screenshot&amp#27;[39m &amp#27;[90m{}&amp#27;[39m
&amp#27;[38;5;58m[7b0ef811]&amp#27;[0m&amp#27;[38;5;-93m[AndroidUiautomator2Driver@169d]&amp#27;[0m Calling AppiumDriver.getScreenshot() with args: ["7b0ef811-fa28-477d-ae5c-7e7dd0a70b20"]
&amp#27;[38;5;58m[7b0ef811]&amp#27;[0m&amp#27;[38;5;-93m[AndroidUiautomator2Driver@169d]&amp#27;[0m Matched '/screenshot' to command name 'getScreenshot'
&amp#27;[38;5;58m[7b0ef811]&amp#27;[0m&amp#27;[38;5;-93m[AndroidUiautomator2Driver@169d]&amp#27;[0m Proxying [GET /screenshot] to [GET http://127.0.0.1:8201/session/f3f9da7d-4c07-44b0-9a5e-a0ebd809af0d/screenshot] with no body
&amp#27;[38;5;58m[7b0ef811]&amp#27;[0m&amp#27;[38;5;-93m[AndroidUiautomator2Driver@169d]&amp#27;[0m Got response with status 200: {"sessionId":"f3f9da7d-4c07-44b0-9a5e-a0ebd809af0d","value":"iVBORw0KGgoAAAANSUhEUgAABDgAAAlgCAYAAABtGofVAAAAAXNSR0IArs4c6QAAAARzQklUCAgICHwIZIgAACAASURBVHic7N13mFTV/T/w97ll2vZeaEtbYAHpRUAEC8aCaNRoLBi7sURNjGl+f9F84zfWRJMYNZbEGEVRUAEVsQZQQEBAeq/LsmyvszNzy++PZTe7O3NnZ7bP7PuVJ88j99w5c+aydx/ue875HJG0Y74JIiIiIiIiIqIIJnX3AIiIiIiIiIiI2osBBxERERERERFFPAYcRERERERERBTxGHAQERERERERUcRjwEFEREREREREEY8BBxERERERERFFPAYcRERERERERBTxGHAQERERERERUcRjwEFEREREREREEY8BBxERERERERFFPAYcRERERERERBTxGHAQERERERERUcRjwEFEREREREREEY8BBxERERERERFFPAYcRERERERERBTxGHAQERERERERUcRjwEFEREREREREEY8BBxERERERERFFPAYcRERERERERBTxGHAQERERERERUcRjwEFEREREREREEY8BBxERERERERFFPAYcRERERERERBTxGHAQERERERERUcRjwEFEREREREREEY8BBxERERERERFFPAYcRERERERERBTxGHAQERERERERUcRjwEFEREREREREEU/p7gEQERERERERdScBgVQlDlOduciz90W2mowsJQmZSiKckr1LxuA2PCjQynBCK8dxXyl2eI5hrXsPirUqmDC7ZAyRjgEHERERERER9SoCAjGSHTm2dMyJHYMzXCOQZ+8LRXTjI7Iciz5qSrNDmqlhu+coVtXsxIrqLTjkK0Kt4WHgYUEk7ZjPK0NERERERERRT0AgTnIg156NC+MmYF78ZCRIru4eVkjK9Gq8W7kOK6q3YLcnH1VGHYOOFhhwEBERERERUdSTINBf...
&amp#27;[38;5;58m[7b0ef811]&amp#27;[0m&amp#27;[38;5;-93m[AndroidUiautomator2Driver@169d]&amp#27;[0m Responding to client with driver.getScreenshot() result: "iVBORw0KGgoAAAANSUhEUgAABDgAAAlgCAYAAABtGofVAAAAAXNSR0IArs4c6QAAAARzQklUCAgICHwIZIgAACAASURBVHic7N13mFTV/T/w97ll2vZeaEtbYAHpRUAEC8aCaNRoLBi7sURNjGl+f9F84zfWRJMYNZbEGEVRUAEVsQZQQEBAeq/LsmyvszNzy++PZTe7O3NnZ7bP7PuVJ88j99w5c+aydx/ue875HJG0Y74JIiIiIiIiIqIIJnX3AIiIiIiIiIiI2osBBxERERERERFFPAYcRERERERERBTxGHAQERERERERUcRjwEFEREREREREEY8BBxERERERERFFPAYcRERERERERBTxGHAQERERERERUcRjwEFEREREREREEY8BBxERERERERFFPAYcRERERERERBTxGHAQERERERERUcRjwEFEREREREREEY8BBxERERERERFFPAYcRERERERERBTxGHAQERERERERUcRjwEFEREREREREEY8BBxERERERERFFPAYcRERERERERBTxGHAQERERERERUcRjwEFEREREREREEY8BBxERERERERFFPAYcRERERERERBTxGHAQERERERERUcRjwEFEREREREREEY8BBxERERERERFFPAYcRERERERERBTxGHAQERERERERUcRjwEFEREREREREEU/p7gEQERERERERdScBgVQlDlOduciz90W2mowsJQmZSiKckr1LxuA2PCjQynBCK8dxXyl2eI5hrXsPirUqmDC7ZAyRjgEHERERERER9SoCAjGSHTm2dMyJHYMzXCOQZ+8LRXTjI7Iciz5qSrNDmqlhu+coVtXsxIrqLTjkK0Kt4WHgYUEk7ZjPK0NERERERERRT0AgTnIg156NC+MmYF78ZCRIru4eVkjK9Gq8W7kOK6q3YLcnH1VGHYOOFhhwEBERERERUdSTINBfTcX3E6biwtgJ6G9LhRRhZSkNGDjiLcYH1RvxTsUaHPWVMORoggEHERERERER...
&amp#27;[38;5;58m[7b0ef811]&amp#27;[0m&amp#27;[38;5;86m[HTTP]&amp#27;[0m &amp#27;[37m<-- GET /session/7b0ef811-fa28-477d-ae5c-7e7dd0a70b20/screenshot &amp#27;[39m&amp#27;[32m200&amp#27;[39m &amp#27;[90m524 ms - 685180&amp#27;[39m &amp#27;[90m&amp#27;[39m
&amp#27;[38;5;58m[7b0ef811]&amp#27;[0m&amp#27;[38;5;86m[HTTP]&amp#27;[0m &amp#27;[37m-->&amp#27;[39m &amp#27;[37mPOST&amp#27;[39m &amp#27;[37m/session/7b0ef811-fa28-477d-ae5c-7e7dd0a70b20/execute/sync&amp#27;[39m &amp#27;[90m{"script":"mobile: hideKeyboard","args":[]}&amp#27;[39m
&amp#27;[38;5;58m[7b0ef811]&amp#27;[0m&amp#27;[38;5;-93m[AndroidUiautomator2Driver@169d]&amp#27;[0m Calling AppiumDriver.execute() with args: ["mobile: hideKeyboard",[],"7b0ef811-fa28-477d-ae5c-7e7dd0a70b20"]
&amp#27;[38;5;58m[7b0ef811]&amp#27;[0m&amp#27;[38;5;229m[ADB]&amp#27;[0m Running 'C:\Users\sajus\AppData\Local\Android\Sdk\platform-tools\adb.exe -P 5037 -s R3CRC00KHBT shell dumpsys input_method'
&amp#27;[38;5;58m[7b0ef811]&amp#27;[0m&amp#27;[38;5;229m[ADB]&amp#27;[0m Keyboard has no UI; no closing necessary
&amp#27;[38;5;58m[7b0ef811]&amp#27;[0m&amp#27;[38;5;-93m[AndroidUiautomator2Driver@169d]&amp#27;[0m Responding to client with driver.execute() result: false
&amp#27;[38;5;58m[7b0ef811]&amp#27;[0m&amp#27;[38;5;86m[HTTP]&amp#27;[0m &amp#27;[37m<-- POST /session/7b0ef811-fa28-477d-ae5c-7e7dd0a70b20/execute/sync &amp#27;[39m&amp#27;[32m200&amp#27;[39m &amp#27;[90m215 ms - 15&amp#27;[39m &amp#27;[90m&amp#27;[39m
&amp#27;[38;5;58m[7b0ef811]&amp#27;[0m&amp#27;[38;5;86m[HTTP]&amp#27;[0m &amp#27;[37m-->&amp#27;[39m &amp#27;[37mPOST&amp#27;[39m &amp#27;[37m/session/7b0ef811-fa28-477d-ae5c-7e7dd0a70b20/element&amp#27;[39m &amp#27;[90m{"using":"id","value":"com.androidsample.generalstore:id/radioMale"}&amp#27;[39m
&amp#27;[38;5;58m[7b0ef811]&amp#27;[0m&amp#27;[38;5;-93m[AndroidUiautomator2Driver@169d]&amp#27;[0m Calling AppiumDriver.findElement() with args: ["id","com.androidsample.generalstore:id/radioMale","7b0ef811-fa28-477d-ae5c-7e7dd0a70b20"]
&amp#27;[38;5;58m[7b0ef811]&amp#27;[0m&amp#27;[38;5;-93m[AndroidUiautomator2Driver@169d]&amp#27;[0m Valid locator strategies for this request: xpath, id, class name, accessibility id, css selector, -android uiautomator
&amp#27;[38;5;58m[7b0ef811]&amp#27;[0m&amp#27;[38;5;-93m[AndroidUiautomator2Driver@169d]&amp#27;[0m Waiting up to 0 ms for condition
&amp#27;[38;5;58m[7b0ef811]&amp#27;[0m&amp#27;[38;5;-93m[AndroidUiautomator2Driver@169d]&amp#27;[0m Matched '/element' to command name 'findElement'
&amp#27;[38;5;58m[7b0ef811]&amp#27;[0m&amp#27;[38;5;-93m[AndroidUiautomator2Driver@169d]&amp#27;[0m Proxying [POST /element] to [POST http://127.0.0.1:8201/session/f3f9da7d-4c07-44b0-9a5e-a0ebd809af0d/element] with body: {"strategy":"id","selector":"com.androidsample.generalstore:id/radioMale","context":"","multiple":false}
&amp#27;[38;5;58m[7b0ef811]&amp#27;[0m&amp#27;[38;5;-93m[AndroidUiautomator2Driver@169d]&amp#27;[0m Got response with status 200: {"sessionId":"f3f9da7d-4c07-44b0-9a5e-a0ebd809af0d","value":{"ELEMENT":"00000000-0000-144c-ffff-ffff0000001f","element-6066-11e4-a52e-4f735466cecf":"00000000-0000-144c-ffff-ffff0000001f"}}
&amp#27;[38;5;58m[7b0ef811]&amp#27;[0m&amp#27;[38;5;-93m[AndroidUiautomator2Driver@169d]&amp#27;[0m Responding to client with driver.findElement() result: {"element-6066-11e4-a52e-4f735466cecf":"00000000-0000-144c-ffff-ffff0000001f","ELEMENT":"00000000-0000-144c-ffff-ffff0000001f"}
&amp#27;[38;5;58m[7b0ef811]&amp#27;[0m&amp#27;[38;5;86m[HTTP]&amp#27;[0m &amp#27;[37m<-- POST /session/7b0ef811-fa28-477d-ae5c-7e7dd0a70b20/element &amp#27;[39m&amp#27;[32m200&amp#27;[39m &amp#27;[90m41 ms - 137&amp#27;[39m &amp#27;[90m&amp#27;[39m
&amp#27;[38;5;58m[7b0ef811]&amp#27;[0m&amp#27;[38;5;86m[HTTP]&amp#27;[0m &amp#27;[37m-->&amp#27;[39m &amp#27;[37mPOST&amp#27;[39m &amp#27;[37m/session/7b0ef811-fa28-477d-ae5c-7e7dd0a70b20/element/00000000-0000-144c-ffff-ffff0000001f/click&amp#27;[39m &amp#27;[90m{"id":"00000000-0000-144c-ffff-ffff0000001f"}&amp#27;[39m
&amp#27;[38;5;58m[7b0ef811]&amp#27;[0m&amp#27;[38;5;-93m[AndroidUiautomator2Driver@169d]&amp#27;[0m Calling AppiumDriver.click() with args: ["00000000-0000-144c-ffff-ffff0000001f","7b0ef811-fa28-477d-ae5c-7e7dd0a70b20"]
&amp#27;[38;5;58m[7b0ef811]&amp#27;[0m&amp#27;[38;5;-93m[AndroidUiautomator2Driver@169d]&amp#27;[0m Matched '/element/00000000-0000-144c-ffff-ffff0000001f/click' to command name 'click'
&amp#27;[38;5;58m[7b0ef811]&amp#27;[0m&amp#27;[38;5;-93m[AndroidUiautomator2Driver@169d]&amp#27;[0m Proxying [POST /element/00000000-0000-144c-ffff-ffff0000001f/click] to [POST http://127.0.0.1:8201/session/f3f9da7d-4c07-44b0-9a5e-a0ebd809af0d/element/00000000-0000-144c-ffff-ffff0000001f/click] with body: {"element":"00000000-0000-144c-ffff-ffff0000001f"}
&amp#27;[38;5;58m[7b0ef811]&amp#27;[0m&amp#27;[38;5;-93m[AndroidUiautomator2Driver@169d]&amp#27;[0m Got response with status 200: {"sessionId":"f3f9da7d-4c07-44b0-9a5e-a0ebd809af0d","value":null}
&amp#27;[38;5;58m[7b0ef811]&amp#27;[0m&amp#27;[38;5;-93m[AndroidUiautomator2Driver@169d]&amp#27;[0m Responding to client with driver.click() result: null
&amp#27;[38;5;58m[7b0ef811]&amp#27;[0m&amp#27;[38;5;86m[HTTP]&amp#27;[0m &amp#27;[37m<-- POST /session/7b0ef811-fa28-477d-ae5c-7e7dd0a70b20/element/00000000-0000-144c-ffff-ffff0000001f/click &amp#27;[39m&amp#27;[32m200&amp#27;[39m &amp#27;[90m102 ms - 14&amp#27;[39m &amp#27;[90m&amp#27;[39m
&amp#27;[38;5;58m[7b0ef811]&amp#27;[0m&amp#27;[38;5;86m[HTTP]&amp#27;[0m &amp#27;[37m-->&amp#27;[39m &amp#27;[37mGET&amp#27;[39m &amp#27;[37m/session/7b0ef811-fa28-477d-ae5c-7e7dd0a70b20/screenshot&amp#27;[39m &amp#27;[90m{}&amp#27;[39m
&amp#27;[38;5;58m[7b0ef811]&amp#27;[0m&amp#27;[38;5;-93m[AndroidUiautomator2Driver@169d]&amp#27;[0m Calling AppiumDriver.getScreenshot() with args: ["7b0ef811-fa28-477d-ae5c-7e7dd0a70b20"]
&amp#27;[38;5;58m[7b0ef811]&amp#27;[0m&amp#27;[38;5;-93m[AndroidUiautomator2Driver@169d]&amp#27;[0m Matched '/screenshot' to command name 'getScreenshot'
&amp#27;[38;5;58m[7b0ef811]&amp#27;[0m&amp#27;[38;5;-93m[AndroidUiautomator2Driver@169d]&amp#27;[0m Proxying [GET /screenshot] to [GET http://127.0.0.1:8201/session/f3f9da7d-4c07-44b0-9a5e-a0ebd809af0d/screenshot] with no body
&amp#27;[38;5;216m[014cecff]&amp#27;[0m&amp#27;[38;5;86m[HTTP]&amp#27;[0m &amp#27;[37m-->&amp#27;[39m &amp#27;[37mPOST&amp#27;[39m &amp#27;[37m/session/014cecff-7335-4ae7-bebf-0d8e4d0b7d7a/element&amp#27;[39m &amp#27;[90m{"using":"id","value":"com.androidsample.generalstore:id/nameField"}&amp#27;[39m
&amp#27;[38;5;216m[014cecff]&amp#27;[0m&amp#27;[38;5;-120m[AndroidUiautomator2Driver@6eaa]&amp#27;[0m Calling AppiumDriver.findElement() with args: ["id","com.androidsample.generalstore:id/nameField","014cecff-7335-4ae7-bebf-0d8e4d0b7d7a"]
&amp#27;[38;5;216m[014cecff]&amp#27;[0m&amp#27;[38;5;-120m[AndroidUiautomator2Driver@6eaa]&amp#27;[0m Valid locator strategies for this request: xpath, id, class name, accessibility id, css selector, -android uiautomator
&amp#27;[38;5;216m[014cecff]&amp#27;[0m&amp#27;[38;5;-120m[AndroidUiautomator2Driver@6eaa]&amp#27;[0m Waiting up to 0 ms for condition
&amp#27;[38;5;216m[014cecff]&amp#27;[0m&amp#27;[38;5;-120m[AndroidUiautomator2Driver@6eaa]&amp#27;[0m Matched '/element' to command name 'findElement'
&amp#27;[38;5;216m[014cecff]&amp#27;[0m&amp#27;[38;5;-120m[AndroidUiautomator2Driver@6eaa]&amp#27;[0m Proxying [POST /element] to [POST http://127.0.0.1:8202/session/b128c8a0-1620-48d9-b82c-039cc77ce4ce/element] with body: {"strategy":"id","selector":"com.androidsample.generalstore:id/nameField","context":"","multiple":false}
&amp#27;[38;5;216m[014cecff]&amp#27;[0m&amp#27;[38;5;-120m[AndroidUiautomator2Driver@6eaa]&amp#27;[0m Got response with status 200: {"sessionId":"b128c8a0-1620-48d9-b82c-039cc77ce4ce","value":{"ELEMENT":"00000000-0000-090c-ffff-ffff0000001c","element-6066-11e4-a52e-4f735466cecf":"00000000-0000-090c-ffff-ffff0000001c"}}
&amp#27;[38;5;216m[014cecff]&amp#27;[0m&amp#27;[38;5;-120m[AndroidUiautomator2Driver@6eaa]&amp#27;[0m Responding to client with driver.findElement() result: {"element-6066-11e4-a52e-4f735466cecf":"00000000-0000-090c-ffff-ffff0000001c","ELEMENT":"00000000-0000-090c-ffff-ffff0000001c"}
&amp#27;[38;5;216m[014cecff]&amp#27;[0m&amp#27;[38;5;86m[HTTP]&amp#27;[0m &amp#27;[37m<-- POST /session/014cecff-7335-4ae7-bebf-0d8e4d0b7d7a/element &amp#27;[39m&amp#27;[32m200&amp#27;[39m &amp#27;[90m72 ms - 137&amp#27;[39m &amp#27;[90m&amp#27;[39m
&amp#27;[38;5;216m[014cecff]&amp#27;[0m&amp#27;[38;5;86m[HTTP]&amp#27;[0m &amp#27;[37m-->&amp#27;[39m &amp#27;[37mPOST&amp#27;[39m &amp#27;[37m/session/014cecff-7335-4ae7-bebf-0d8e4d0b7d7a/element/00000000-0000-090c-ffff-ffff0000001c/value&amp#27;[39m &amp#27;[90m{"id":"00000000-0000-090c-ffff-ffff0000001c","text":"danny","value":["d","a","n","n","y"]}&amp#27;[39m
&amp#27;[38;5;216m[014cecff]&amp#27;[0m&amp#27;[38;5;-120m[AndroidUiautomator2Driver@6eaa]&amp#27;[0m Calling AppiumDriver.setValue() with args: [["d","a","n","n","y"],"00000000-0000-090c-ffff-ffff0000001c","014cecff-7335-4ae7-bebf-0d8e4d0b7d7a"]
&amp#27;[38;5;216m[014cecff]&amp#27;[0m&amp#27;[38;5;-120m[AndroidUiautomator2Driver@6eaa]&amp#27;[0m Matched '/element/00000000-0000-090c-ffff-ffff0000001c/value' to command name 'setValue'
&amp#27;[38;5;216m[014cecff]&amp#27;[0m&amp#27;[38;5;-120m[AndroidUiautomator2Driver@6eaa]&amp#27;[0m Added 'value' property ["d","a","n","n","y"] to 'setValue' request body
&amp#27;[38;5;216m[014cecff]&amp#27;[0m&amp#27;[38;5;-120m[AndroidUiautomator2Driver@6eaa]&amp#27;[0m Proxying [POST /element/00000000-0000-090c-ffff-ffff0000001c/value] to [POST http://127.0.0.1:8202/session/b128c8a0-1620-48d9-b82c-039cc77ce4ce/element/00000000-0000-090c-ffff-ffff0000001c/value] with body: {"elementId":"00000000-0000-090c-ffff-ffff0000001c","text":"danny","replace":false,"value":["d","a","n","n","y"]}
&amp#27;[38;5;58m[7b0ef811]&amp#27;[0m&amp#27;[38;5;-93m[AndroidUiautomator2Driver@169d]&amp#27;[0m Got response with status 200: {"sessionId":"f3f9da7d-4c07-44b0-9a5e-a0ebd809af0d","value":"iVBORw0KGgoAAAANSUhEUgAABDgAAAlgCAYAAABtGofVAAAAAXNSR0IArs4c6QAAAARzQklUCAgICHwIZIgAACAASURBVHic7N13mFTV/T/w97ll2vZeaEtbYAHpRUAEC8aCaNRoLBi7sURNjGl+f9F84zfWRJMYNZbEGEVRUAEVsQZQQEBAeq/LsmyvszNzy++PZTe7O3NnZ7bP7PuVJ88j99w5c+aydx/ue875HJG0Y74JIiIiIiIiIqIIJnX3AIiIiIiIiIiI2osBBxERERERERFFPAYcRERERERERBTxGHAQERERERERUcRjwEFEREREREREEY8BBxERERERERFFPAYcRERERERERBTxGHAQERERERERUcRjwEFEREREREREEY8BBxERERERERFFPAYcRERERERERBTxGHAQERERERERUcRjwEFEREREREREEY8BBxERERERERFFPAYcRERERERERBTxGHAQERERERERUcRjwEFEREREREREEY8BBxERERERERFFPAYcRERERERERBTxGHAQERERERERUcRjwEFEREREREREEY8BBxERERERERFFPAYcRERERERERBTxGHAQERERERERUcRjwEFEREREREREEY8BBxERERERERFFPAYcRERERERERBTxGHAQERERERERUcRjwEFEREREREREEU/p7gEQERERERERdScBgVQlDlOduciz90W2mowsJQmZSiKckr1LxuA2PCjQynBCK8dxXyl2eI5hrXsPirUqmDC7ZAyRjgEHERERERER9SoCAjGSHTm2dMyJHYMzXCOQZ+8LRXTjI7Iciz5qSrNDmqlhu+coVtXsxIrqLTjkK0Kt4WHgYUEk7ZjPK0NERERERERRT0AgTnIg156NC+MmYF78ZCRIru4eVkjK9Gq8W7kOK6q3YLcnH1VGHYOOFhhwEBERERERUdSTINBf...
&amp#27;[38;5;58m[7b0ef811]&amp#27;[0m&amp#27;[38;5;-93m[AndroidUiautomator2Driver@169d]&amp#27;[0m Responding to client with driver.getScreenshot() result: "iVBORw0KGgoAAAANSUhEUgAABDgAAAlgCAYAAABtGofVAAAAAXNSR0IArs4c6QAAAARzQklUCAgICHwIZIgAACAASURBVHic7N13mFTV/T/w97ll2vZeaEtbYAHpRUAEC8aCaNRoLBi7sURNjGl+f9F84zfWRJMYNZbEGEVRUAEVsQZQQEBAeq/LsmyvszNzy++PZTe7O3NnZ7bP7PuVJ88j99w5c+aydx/ue875HJG0Y74JIiIiIiIiIqIIJnX3AIiIiIiIiIiI2osBBxERERERERFFPAYcRERERERERBTxGHAQERERERERUcRjwEFEREREREREEY8BBxERERERERFFPAYcRERERERERBTxGHAQERERERERUcRjwEFEREREREREEY8BBxERERERERFFPAYcRERERERERBTxGHAQERERERERUcRjwEFEREREREREEY8BBxERERERERFFPAYcRERERERERBTxGHAQERERERERUcRjwEFEREREREREEY8BBxERERERERFFPAYcRERERERERBTxGHAQERERERERUcRjwEFEREREREREEY8BBxERERERERFFPAYcRERERERERBTxGHAQERERERERUcRjwEFEREREREREEY8BBxERERERERFFPAYcRERERERERBTxGHAQERERERERUcRjwEFEREREREREEU/p7gEQERERERERdScBgVQlDlOduciz90W2mowsJQmZSiKckr1LxuA2PCjQynBCK8dxXyl2eI5hrXsPirUqmDC7ZAyRjgEHERERERER9SoCAjGSHTm2dMyJHYMzXCOQZ+8LRXTjI7Iciz5qSrNDmqlhu+coVtXsxIrqLTjkK0Kt4WHgYUEk7ZjPK0NERERERERRT0AgTnIg156NC+MmYF78ZCRIru4eVkjK9Gq8W7kOK6q3YLcnH1VGHYOOFhhwEBERERERUdSTINBfTcX3E6biwtgJ6G9LhRRhZSkNGDjiLcYH1RvxTsUaHPWVMORoggEHERERERER...
&amp#27;[38;5;58m[7b0ef811]&amp#27;[0m&amp#27;[38;5;86m[HTTP]&amp#27;[0m &amp#27;[37m<-- GET /session/7b0ef811-fa28-477d-ae5c-7e7dd0a70b20/screenshot &amp#27;[39m&amp#27;[32m200&amp#27;[39m &amp#27;[90m558 ms - 687808&amp#27;[39m &amp#27;[90m&amp#27;[39m
&amp#27;[38;5;58m[7b0ef811]&amp#27;[0m&amp#27;[38;5;86m[HTTP]&amp#27;[0m &amp#27;[37m-->&amp#27;[39m &amp#27;[37mGET&amp#27;[39m &amp#27;[37m/session/7b0ef811-fa28-477d-ae5c-7e7dd0a70b20/screenshot&amp#27;[39m &amp#27;[90m{}&amp#27;[39m
&amp#27;[38;5;58m[7b0ef811]&amp#27;[0m&amp#27;[38;5;-93m[AndroidUiautomator2Driver@169d]&amp#27;[0m Calling AppiumDriver.getScreenshot() with args: ["7b0ef811-fa28-477d-ae5c-7e7dd0a70b20"]
&amp#27;[38;5;58m[7b0ef811]&amp#27;[0m&amp#27;[38;5;-93m[AndroidUiautomator2Driver@169d]&amp#27;[0m Matched '/screenshot' to command name 'getScreenshot'
&amp#27;[38;5;58m[7b0ef811]&amp#27;[0m&amp#27;[38;5;-93m[AndroidUiautomator2Driver@169d]&amp#27;[0m Proxying [GET /screenshot] to [GET http://127.0.0.1:8201/session/f3f9da7d-4c07-44b0-9a5e-a0ebd809af0d/screenshot] with no body
&amp#27;[38;5;216m[014cecff]&amp#27;[0m&amp#27;[38;5;-120m[AndroidUiautomator2Driver@6eaa]&amp#27;[0m Got response with status 200: {"sessionId":"b128c8a0-1620-48d9-b82c-039cc77ce4ce","value":null}
&amp#27;[38;5;216m[014cecff]&amp#27;[0m&amp#27;[38;5;-120m[AndroidUiautomator2Driver@6eaa]&amp#27;[0m Responding to client with driver.setValue() result: null
&amp#27;[38;5;216m[014cecff]&amp#27;[0m&amp#27;[38;5;86m[HTTP]&amp#27;[0m &amp#27;[37m<-- POST /session/014cecff-7335-4ae7-bebf-0d8e4d0b7d7a/element/00000000-0000-090c-ffff-ffff0000001c/value &amp#27;[39m&amp#27;[32m200&amp#27;[39m &amp#27;[90m562 ms - 14&amp#27;[39m &amp#27;[90m&amp#27;[39m
&amp#27;[38;5;216m[014cecff]&amp#27;[0m&amp#27;[38;5;86m[HTTP]&amp#27;[0m &amp#27;[37m-->&amp#27;[39m &amp#27;[37mGET&amp#27;[39m &amp#27;[37m/session/014cecff-7335-4ae7-bebf-0d8e4d0b7d7a/screenshot&amp#27;[39m &amp#27;[90m{}&amp#27;[39m
&amp#27;[38;5;216m[014cecff]&amp#27;[0m&amp#27;[38;5;-120m[AndroidUiautomator2Driver@6eaa]&amp#27;[0m Calling AppiumDriver.getScreenshot() with args: ["014cecff-7335-4ae7-bebf-0d8e4d0b7d7a"]
&amp#27;[38;5;216m[014cecff]&amp#27;[0m&amp#27;[38;5;-120m[AndroidUiautomator2Driver@6eaa]&amp#27;[0m Matched '/screenshot' to command name 'getScreenshot'
&amp#27;[38;5;216m[014cecff]&amp#27;[0m&amp#27;[38;5;-120m[AndroidUiautomator2Driver@6eaa]&amp#27;[0m Proxying [GET /screenshot] to [GET http://127.0.0.1:8202/session/b128c8a0-1620-48d9-b82c-039cc77ce4ce/screenshot] with no body
&amp#27;[38;5;58m[7b0ef811]&amp#27;[0m&amp#27;[38;5;-93m[AndroidUiautomator2Driver@169d]&amp#27;[0m Got response with status 200: {"sessionId":"f3f9da7d-4c07-44b0-9a5e-a0ebd809af0d","value":"iVBORw0KGgoAAAANSUhEUgAABDgAAAlgCAYAAABtGofVAAAAAXNSR0IArs4c6QAAAARzQklUCAgICHwIZIgAACAASURBVHic7N13mFTV/T/w97ll2vZeaEtbYAHpRUAEC8aCaNRoLBi7sURNjGl+f9F84zfWRJMYNZbEGEVRUAEVsQZQQEBAeq/LsmyvszNzy++PZTe7O3NnZ7bP7PuVJ88j99w5c+aydx/ue875HJG0Y74JIiIiIiIiIqIIJnX3AIiIiIiIiIiI2osBBxERERERERFFPAYcRERERERERBTxGHAQERERERERUcRjwEFEREREREREEY8BBxERERERERFFPAYcRERERERERBTxGHAQERERERERUcRjwEFEREREREREEY8BBxERERERERFFPAYcRERERERERBTxGHAQERERERERUcRjwEFEREREREREEY8BBxERERERERFFPAYcRERERERERBTxGHAQERERERERUcRjwEFEREREREREEY8BBxERERERERFFPAYcRERERERERBTxGHAQERERERERUcRjwEFEREREREREEY8BBxERERERERFFPAYcRERERERERBTxGHAQERERERERUcRjwEFEREREREREEY8BBxERERERERFFPAYcRERERERERBTxGHAQERERERERUcRjwEFEREREREREEU/p7gEQERERERERdScBgVQlDlOduciz90W2mowsJQmZSiKckr1LxuA2PCjQynBCK8dxXyl2eI5hrXsPirUqmDC7ZAyRjgEHERERERER9SoCAjGSHTm2dMyJHYMzXCOQZ+8LRXTjI7Iciz5qSrNDmqlhu+coVtXsxIrqLTjkK0Kt4WHgYUEk7ZjPK0NERERERERRT0AgTnIg156NC+MmYF78ZCRIru4eVkjK9Gq8W7kOK6q3YLcnH1VGHYOOFhhwEBERERERUdSTINBf...
&amp#27;[38;5;58m[7b0ef811]&amp#27;[0m&amp#27;[38;5;-93m[AndroidUiautomator2Driver@169d]&amp#27;[0m Responding to client with driver.getScreenshot() result: "iVBORw0KGgoAAAANSUhEUgAABDgAAAlgCAYAAABtGofVAAAAAXNSR0IArs4c6QAAAARzQklUCAgICHwIZIgAACAASURBVHic7N13mFTV/T/w97ll2vZeaEtbYAHpRUAEC8aCaNRoLBi7sURNjGl+f9F84zfWRJMYNZbEGEVRUAEVsQZQQEBAeq/LsmyvszNzy++PZTe7O3NnZ7bP7PuVJ88j99w5c+aydx/ue875HJG0Y74JIiIiIiIiIqIIJnX3AIiIiIiIiIiI2osBBxERERERERFFPAYcRERERERERBTxGHAQERERERERUcRjwEFEREREREREEY8BBxERERERERFFPAYcRERERERERBTxGHAQERERERERUcRjwEFEREREREREEY8BBxERERERERFFPAYcRERERERERBTxGHAQERERERERUcRjwEFEREREREREEY8BBxERERERERFFPAYcRERERERERBTxGHAQERERERERUcRjwEFEREREREREEY8BBxERERERERFFPAYcRERERERERBTxGHAQERERERERUcRjwEFEREREREREEY8BBxERERERERFFPAYcRERERERERBTxGHAQERERERERUcRjwEFEREREREREEY8BBxERERERERFFPAYcRERERERERBTxGHAQERERERERUcRjwEFEREREREREEU/p7gEQERERERERdScBgVQlDlOduciz90W2mowsJQmZSiKckr1LxuA2PCjQynBCK8dxXyl2eI5hrXsPirUqmDC7ZAyRjgEHERERERER9SoCAjGSHTm2dMyJHYMzXCOQZ+8LRXTjI7Iciz5qSrNDmqlhu+coVtXsxIrqLTjkK0Kt4WHgYUEk7ZjPK0NERERERERRT0AgTnIg156NC+MmYF78ZCRIru4eVkjK9Gq8W7kOK6q3YLcnH1VGHYOOFhhwEBERERERUdSTINBfTcX3E6biwtgJ6G9LhRRhZSkNGDjiLcYH1RvxTsUaHPWVMORoggEHERERERER...
&amp#27;[38;5;58m[7b0ef811]&amp#27;[0m&amp#27;[38;5;86m[HTTP]&amp#27;[0m &amp#27;[37m<-- GET /session/7b0ef811-fa28-477d-ae5c-7e7dd0a70b20/screenshot &amp#27;[39m&amp#27;[32m200&amp#27;[39m &amp#27;[90m580 ms - 685180&amp#27;[39m &amp#27;[90m&amp#27;[39m
&amp#27;[38;5;58m[7b0ef811]&amp#27;[0m&amp#27;[38;5;86m[HTTP]&amp#27;[0m &amp#27;[37m-->&amp#27;[39m &amp#27;[37mPOST&amp#27;[39m &amp#27;[37m/session/7b0ef811-fa28-477d-ae5c-7e7dd0a70b20/element&amp#27;[39m &amp#27;[90m{"using":"id","value":"android:id/text1"}&amp#27;[39m
&amp#27;[38;5;58m[7b0ef811]&amp#27;[0m&amp#27;[38;5;-93m[AndroidUiautomator2Driver@169d]&amp#27;[0m Calling AppiumDriver.findElement() with args: ["id","android:id/text1","7b0ef811-fa28-477d-ae5c-7e7dd0a70b20"]
&amp#27;[38;5;58m[7b0ef811]&amp#27;[0m&amp#27;[38;5;-93m[AndroidUiautomator2Driver@169d]&amp#27;[0m Valid locator strategies for this request: xpath, id, class name, accessibility id, css selector, -android uiautomator
&amp#27;[38;5;58m[7b0ef811]&amp#27;[0m&amp#27;[38;5;-93m[AndroidUiautomator2Driver@169d]&amp#27;[0m Waiting up to 0 ms for condition
&amp#27;[38;5;58m[7b0ef811]&amp#27;[0m&amp#27;[38;5;-93m[AndroidUiautomator2Driver@169d]&amp#27;[0m Matched '/element' to command name 'findElement'
&amp#27;[38;5;58m[7b0ef811]&amp#27;[0m&amp#27;[38;5;-93m[AndroidUiautomator2Driver@169d]&amp#27;[0m Proxying [POST /element] to [POST http://127.0.0.1:8201/session/f3f9da7d-4c07-44b0-9a5e-a0ebd809af0d/element] with body: {"strategy":"id","selector":"android:id/text1","context":"","multiple":false}
&amp#27;[38;5;58m[7b0ef811]&amp#27;[0m&amp#27;[38;5;-93m[AndroidUiautomator2Driver@169d]&amp#27;[0m Got response with status 200: {"sessionId":"f3f9da7d-4c07-44b0-9a5e-a0ebd809af0d","value":{"ELEMENT":"00000000-0000-144c-ffff-ffff00000024","element-6066-11e4-a52e-4f735466cecf":"00000000-0000-144c-ffff-ffff00000024"}}
&amp#27;[38;5;58m[7b0ef811]&amp#27;[0m&amp#27;[38;5;-93m[AndroidUiautomator2Driver@169d]&amp#27;[0m Responding to client with driver.findElement() result: {"element-6066-11e4-a52e-4f735466cecf":"00000000-0000-144c-ffff-ffff00000024","ELEMENT":"00000000-0000-144c-ffff-ffff00000024"}
&amp#27;[38;5;58m[7b0ef811]&amp#27;[0m&amp#27;[38;5;86m[HTTP]&amp#27;[0m &amp#27;[37m<-- POST /session/7b0ef811-fa28-477d-ae5c-7e7dd0a70b20/element &amp#27;[39m&amp#27;[32m200&amp#27;[39m &amp#27;[90m37 ms - 137&amp#27;[39m &amp#27;[90m&amp#27;[39m
&amp#27;[38;5;58m[7b0ef811]&amp#27;[0m&amp#27;[38;5;86m[HTTP]&amp#27;[0m &amp#27;[37m-->&amp#27;[39m &amp#27;[37mPOST&amp#27;[39m &amp#27;[37m/session/7b0ef811-fa28-477d-ae5c-7e7dd0a70b20/element/00000000-0000-144c-ffff-ffff00000024/click&amp#27;[39m &amp#27;[90m{"id":"00000000-0000-144c-ffff-ffff00000024"}&amp#27;[39m
&amp#27;[38;5;58m[7b0ef811]&amp#27;[0m&amp#27;[38;5;-93m[AndroidUiautomator2Driver@169d]&amp#27;[0m Calling AppiumDriver.click() with args: ["00000000-0000-144c-ffff-ffff00000024","7b0ef811-fa28-477d-ae5c-7e7dd0a70b20"]
&amp#27;[38;5;58m[7b0ef811]&amp#27;[0m&amp#27;[38;5;-93m[AndroidUiautomator2Driver@169d]&amp#27;[0m Matched '/element/00000000-0000-144c-ffff-ffff00000024/click' to command name 'click'
&amp#27;[38;5;58m[7b0ef811]&amp#27;[0m&amp#27;[38;5;-93m[AndroidUiautomator2Driver@169d]&amp#27;[0m Proxying [POST /element/00000000-0000-144c-ffff-ffff00000024/click] to [POST http://127.0.0.1:8201/session/f3f9da7d-4c07-44b0-9a5e-a0ebd809af0d/element/00000000-0000-144c-ffff-ffff00000024/click] with body: {"element":"00000000-0000-144c-ffff-ffff00000024"}
&amp#27;[38;5;58m[7b0ef811]&amp#27;[0m&amp#27;[38;5;-93m[AndroidUiautomator2Driver@169d]&amp#27;[0m Got response with status 200: {"sessionId":"f3f9da7d-4c07-44b0-9a5e-a0ebd809af0d","value":null}
&amp#27;[38;5;58m[7b0ef811]&amp#27;[0m&amp#27;[38;5;-93m[AndroidUiautomator2Driver@169d]&amp#27;[0m Responding to client with driver.click() result: null
&amp#27;[38;5;58m[7b0ef811]&amp#27;[0m&amp#27;[38;5;86m[HTTP]&amp#27;[0m &amp#27;[37m<-- POST /session/7b0ef811-fa28-477d-ae5c-7e7dd0a70b20/element/00000000-0000-144c-ffff-ffff00000024/click &amp#27;[39m&amp#27;[32m200&amp#27;[39m &amp#27;[90m107 ms - 14&amp#27;[39m &amp#27;[90m&amp#27;[39m
&amp#27;[38;5;58m[7b0ef811]&amp#27;[0m&amp#27;[38;5;86m[HTTP]&amp#27;[0m &amp#27;[37m-->&amp#27;[39m &amp#27;[37mGET&amp#27;[39m &amp#27;[37m/session/7b0ef811-fa28-477d-ae5c-7e7dd0a70b20/screenshot&amp#27;[39m &amp#27;[90m{}&amp#27;[39m
&amp#27;[38;5;58m[7b0ef811]&amp#27;[0m&amp#27;[38;5;-93m[AndroidUiautomator2Driver@169d]&amp#27;[0m Calling AppiumDriver.getScreenshot() with args: ["7b0ef811-fa28-477d-ae5c-7e7dd0a70b20"]
&amp#27;[38;5;58m[7b0ef811]&amp#27;[0m&amp#27;[38;5;-93m[AndroidUiautomator2Driver@169d]&amp#27;[0m Matched '/screenshot' to command name 'getScreenshot'
&amp#27;[38;5;58m[7b0ef811]&amp#27;[0m&amp#27;[38;5;-93m[AndroidUiautomator2Driver@169d]&amp#27;[0m Proxying [GET /screenshot] to [GET http://127.0.0.1:8201/session/f3f9da7d-4c07-44b0-9a5e-a0ebd809af0d/screenshot] with no body
&amp#27;[38;5;216m[014cecff]&amp#27;[0m&amp#27;[38;5;-120m[AndroidUiautomator2Driver@6eaa]&amp#27;[0m Got response with status 200: {"sessionId":"b128c8a0-1620-48d9-b82c-039cc77ce4ce","value":"iVBORw0KGgoAAAANSUhEUgAABDgAAAjoCAYAAAA5jhrUAAAAAXNSR0IArs4c6QAAAARzQklUCAgICHwIZIgAACAASURBVHic7N13nFxV/f/x9zl3ZnezyWZTSEJIAwmhgwHpoBSRakDFAtJVBAQs+BUFCzYUBUUQRQF/IFIUpSkioIDSpIl0QhHSSS+bbJu55/z+mLIzO3e2zuzuzb6ePhD2lnPPuf185txzzNiXT/QCAAAAAACIMTvYGQAAAAAAAOgvAhwAAAAAACD2CHAAAAAAAIDYI8ABAAAAAABijwAHAAAAAACIPQIcAAAAAAAg9ghwAAAAAACA2CPAAQAAAAAAYo8ABwAAAAAAiD0CHAAAAAAAIPYIcAAAAAAAgNgjwAEAAAAAAGKPAAcAAAAAAIg9AhwAAAAAACD2CHAAAAAAAIDYI8ABAAAAAABijwAHAAAAAACIPQIcAAAAAAAg9ghwAAAAAACA2CPAAQAAAAAAYo8ABwAAAAAAiD0CHAAAAAAAIPYIcAAAAAAAgNgjwAEAAAAAAGKPAAcAAAAAAIi9xGBnABgKjIxM7t8m89+S5CV575X5n7L/H1/DpZwAAAAAhh8CHBi2jIwSxmrLmk1107QvavPkhC6Xfzu1XMcu+Kn+1/6O0t7FJggwXMoJAAAA9ERjUK8daqdrx7rparT12qFuuhqDkfn5a8MNerF1vta6Zr3QOl8vts3X2rB5UPK6b/02umvG13q07Jx5P9Ajza9WOUdDGwEODEsNdoS+OfGjOnnsAQp6+KXW5skJevxdFymU0/WrH9K3l/1BTa6lyjntn+FSTgAAAKAr05Ob6PCGXXR4w67at36bbpc/omHXor8faX5Vf216Rn9t+o/mp1ZUK5voJzP25RP5eRbDRsIEOmPcIbpw4sfU8YFG33h5fXvZrfrFqr8p7cMK5bAyhks5AQAAgK7sW7+NPjvu...
&amp#27;[38;5;216m[014cecff]&amp#27;[0m&amp#27;[38;5;-120m[AndroidUiautomator2Driver@6eaa]&amp#27;[0m Responding to client with driver.getScreenshot() result: "iVBORw0KGgoAAAANSUhEUgAABDgAAAjoCAYAAAA5jhrUAAAAAXNSR0IArs4c6QAAAARzQklUCAgICHwIZIgAACAASURBVHic7N13nFxV/f/x9zl3ZnezyWZTSEJIAwmhgwHpoBSRakDFAtJVBAQs+BUFCzYUBUUQRQF/IFIUpSkioIDSpIl0QhHSSS+bbJu55/z+mLIzO3e2zuzuzb6ePhD2lnPPuf185txzzNiXT/QCAAAAAACIMTvYGQAAAAAAAOgvAhwAAAAAACD2CHAAAAAAAIDYI8ABAAAAAABijwAHAAAAAACIPQIcAAAAAAAg9ghwAAAAAACA2CPAAQAAAAAAYo8ABwAAAAAAiD0CHAAAAAAAIPYIcAAAAAAAgNgjwAEAAAAAAGKPAAcAAAAAAIg9AhwAAAAAACD2CHAAAAAAAIDYI8ABAAAAAABijwAHAAAAAACIPQIcAAAAAAAg9ghwAAAAAACA2CPAAQAAAAAAYo8ABwAAAAAAiD0CHAAAAAAAIPYIcAAAAAAAgNgjwAEAAAAAAGKPAAcAAAAAAIi9xGBnABgKjIxM7t8m89+S5CV575X5n7L/H1/DpZwAAAAAhh8CHBi2jIwSxmrLmk1107QvavPkhC6Xfzu1XMcu+Kn+1/6O0t7FJggwXMoJAAAA9ERjUK8daqdrx7rparT12qFuuhqDkfn5a8MNerF1vta6Zr3QOl8vts3X2rB5UPK6b/02umvG13q07Jx5P9Ajza9WOUdDGwEODEsNdoS+OfGjOnnsAQp6+KXW5skJevxdFymU0/WrH9K3l/1BTa6lyjntn+FSTgAAAKAr05Ob6PCGXXR4w67at36bbpc/omHXor8faX5Vf216Rn9t+o/mp1ZUK5voJzP25RP5eRbDRsIEOmPcIbpw4sfU8YFG33h5fXvZrfrFqr8p7cMK5bAyhks5AQAAgK7sW7+NPjvuAyUBi/64u+kZ/WrVfQPSWoIWHL1DgAPDgpFRg63Tg1t8R1vUTKxo2m+1L9OB...
&amp#27;[38;5;58m[7b0ef811]&amp#27;[0m&amp#27;[38;5;-93m[AndroidUiautomator2Driver@169d]&amp#27;[0m Got response with status 200: {"sessionId":"f3f9da7d-4c07-44b0-9a5e-a0ebd809af0d","value":"iVBORw0KGgoAAAANSUhEUgAABDgAAAlgCAYAAABtGofVAAAAAXNSR0IArs4c6QAAAARzQklUCAgICHwIZIgAACAASURBVHic7N13mFTV/T/w97ll2vZeaEtbYAHpRUAEC8aCaNRoLBi7sURNjGl+f9F84zfWRJMYNZbEGEVRUAEVsQZQQEBAeq/LsmyvszNzy++PZTe7O3NnZ7bP7PuVJ88j99w5c+aydx/ue875HJG0Y74JIiIiIiIiIqIIJnX3AIiIiIiIiIiI2osBBxERERERERFFPAYcRERERERERBTxGHAQERERERERUcRjwEFEREREREREEY8BBxERERERERFFPAYcRERERERERBTxGHAQERERERERUcRjwEFEREREREREEY8BBxERERERERFFPAYcRERERERERBTxGHAQERERERERUcRjwEFEREREREREEY8BBxERERERERFFPAYcRERERERERBTxGHAQERERERERUcRjwEFEREREREREEY8BBxERERERERFFPAYcRERERERERBTxGHAQERERERERUcRjwEFEREREREREEY8BBxERERERERFFPAYcRERERERERBTxGHAQERERERERUcRjwEFEREREREREEY8BBxERERERERFFPAYcRERERERERBTxGHAQERERERERUcRjwEFEREREREREEU/p7gEQERERERERdScBgVQlDlOduciz90W2mowsJQmZSiKckr1LxuA2PCjQynBCK8dxXyl2eI5hrXsPirUqmDC7ZAyRjgEHERERERER9SoCAjGSHTm2dMyJHYMzXCOQZ+8LRXTjI7Iciz5qSrNDmqlhu+coVtXsxIrqLTjkK0Kt4WHgYUEk7ZjPK0NERERERERRT0AgTnIg156NC+MmYF78ZCRIru4eVkjK9Gq8W7kOK6q3YLcnH1VGHYOOFhhwEBERERERUdSTINBf...
&amp#27;[38;5;216m[014cecff]&amp#27;[0m&amp#27;[38;5;86m[HTTP]&amp#27;[0m &amp#27;[37m<-- GET /session/014cecff-7335-4ae7-bebf-0d8e4d0b7d7a/screenshot &amp#27;[39m&amp#27;[32m200&amp#27;[39m &amp#27;[90m1059 ms - 600356&amp#27;[39m &amp#27;[90m&amp#27;[39m
&amp#27;[38;5;58m[7b0ef811]&amp#27;[0m&amp#27;[38;5;-93m[AndroidUiautomator2Driver@169d]&amp#27;[0m Responding to client with driver.getScreenshot() result: "iVBORw0KGgoAAAANSUhEUgAABDgAAAlgCAYAAABtGofVAAAAAXNSR0IArs4c6QAAAARzQklUCAgICHwIZIgAACAASURBVHic7N13mFTV/T/w97ll2vZeaEtbYAHpRUAEC8aCaNRoLBi7sURNjGl+f9F84zfWRJMYNZbEGEVRUAEVsQZQQEBAeq/LsmyvszNzy++PZTe7O3NnZ7bP7PuVJ88j99w5c+aydx/ue875HJG0Y74JIiIiIiIiIqIIJnX3AIiIiIiIiIiI2osBBxERERERERFFPAYcRERERERERBTxGHAQERERERERUcRjwEFEREREREREEY8BBxERERERERFFPAYcRERERERERBTxGHAQERERERERUcRjwEFEREREREREEY8BBxERERERERFFPAYcRERERERERBTxGHAQERERERERUcRjwEFEREREREREEY8BBxERERERERFFPAYcRERERERERBTxGHAQERERERERUcRjwEFEREREREREEY8BBxERERERERFFPAYcRERERERERBTxGHAQERERERERUcRjwEFEREREREREEY8BBxERERERERFFPAYcRERERERERBTxGHAQERERERERUcRjwEFEREREREREEY8BBxERERERERFFPAYcRERERERERBTxGHAQERERERERUcRjwEFEREREREREEU/p7gEQERERERERdScBgVQlDlOduciz90W2mowsJQmZSiKckr1LxuA2PCjQynBCK8dxXyl2eI5hrXsPirUqmDC7ZAyRjgEHERERERER9SoCAjGSHTm2dMyJHYMzXCOQZ+8LRXTjI7Iciz5qSrNDmqlhu+coVtXsxIrqLTjkK0Kt4WHgYUEk7ZjPK0NERERERERRT0AgTnIg156NC+MmYF78ZCRIru4eVkjK9Gq8W7kOK6q3YLcnH1VGHYOOFhhwEBERERERUdSTINBfTcX3E6biwtgJ6G9LhRRhZSkNGDjiLcYH1RvxTsUaHPWVMORoggEHERERERER...
&amp#27;[38;5;58m[7b0ef811]&amp#27;[0m&amp#27;[38;5;86m[HTTP]&amp#27;[0m &amp#27;[37m<-- GET /session/7b0ef811-fa28-477d-ae5c-7e7dd0a70b20/screenshot &amp#27;[39m&amp#27;[32m200&amp#27;[39m &amp#27;[90m559 ms - 707116&amp#27;[39m &amp#27;[90m&amp#27;[39m
&amp#27;[38;5;216m[014cecff]&amp#27;[0m&amp#27;[38;5;86m[HTTP]&amp#27;[0m &amp#27;[37m-->&amp#27;[39m &amp#27;[37mGET&amp#27;[39m &amp#27;[37m/session/014cecff-7335-4ae7-bebf-0d8e4d0b7d7a/screenshot&amp#27;[39m &amp#27;[90m{}&amp#27;[39m
&amp#27;[38;5;216m[014cecff]&amp#27;[0m&amp#27;[38;5;-120m[AndroidUiautomator2Driver@6eaa]&amp#27;[0m Calling AppiumDriver.getScreenshot() with args: ["014cecff-7335-4ae7-bebf-0d8e4d0b7d7a"]
&amp#27;[38;5;216m[014cecff]&amp#27;[0m&amp#27;[38;5;-120m[AndroidUiautomator2Driver@6eaa]&amp#27;[0m Matched '/screenshot' to command name 'getScreenshot'
&amp#27;[38;5;216m[014cecff]&amp#27;[0m&amp#27;[38;5;-120m[AndroidUiautomator2Driver@6eaa]&amp#27;[0m Proxying [GET /screenshot] to [GET http://127.0.0.1:8202/session/b128c8a0-1620-48d9-b82c-039cc77ce4ce/screenshot] with no body
&amp#27;[38;5;58m[7b0ef811]&amp#27;[0m&amp#27;[38;5;86m[HTTP]&amp#27;[0m &amp#27;[37m-->&amp#27;[39m &amp#27;[37mGET&amp#27;[39m &amp#27;[37m/session/7b0ef811-fa28-477d-ae5c-7e7dd0a70b20/screenshot&amp#27;[39m &amp#27;[90m{}&amp#27;[39m
&amp#27;[38;5;58m[7b0ef811]&amp#27;[0m&amp#27;[38;5;-93m[AndroidUiautomator2Driver@169d]&amp#27;[0m Calling AppiumDriver.getScreenshot() with args: ["7b0ef811-fa28-477d-ae5c-7e7dd0a70b20"]
&amp#27;[38;5;58m[7b0ef811]&amp#27;[0m&amp#27;[38;5;-93m[AndroidUiautomator2Driver@169d]&amp#27;[0m Matched '/screenshot' to command name 'getScreenshot'
&amp#27;[38;5;58m[7b0ef811]&amp#27;[0m&amp#27;[38;5;-93m[AndroidUiautomator2Driver@169d]&amp#27;[0m Proxying [GET /screenshot] to [GET http://127.0.0.1:8201/session/f3f9da7d-4c07-44b0-9a5e-a0ebd809af0d/screenshot] with no body
&amp#27;[38;5;58m[7b0ef811]&amp#27;[0m&amp#27;[38;5;-93m[AndroidUiautomator2Driver@169d]&amp#27;[0m Got response with status 200: {"sessionId":"f3f9da7d-4c07-44b0-9a5e-a0ebd809af0d","value":"iVBORw0KGgoAAAANSUhEUgAABDgAAAlgCAYAAABtGofVAAAAAXNSR0IArs4c6QAAAARzQklUCAgICHwIZIgAACAASURBVHic7N13mFTV/T/w97ll2vZeaEtbYAHpRUAEC8aCaNRoLBi7sURNjGl+f9F84zfWRJMYNZbEGEVRUAEVsQZQQEBAeq/LsmyvszNzy++PZTe7O3NnZ7bP7PuVJ88j99w5c+aydx/ue875HJG0Y74JIiIiIiIiIqIIJnX3AIiIiIiIiIiI2osBBxERERERERFFPAYcRERERERERBTxGHAQERERERERUcRjwEFEREREREREEY8BBxERERERERFFPAYcRERERERERBTxGHAQERERERERUcRjwEFEREREREREEY8BBxERERERERFFPAYcRERERERERBTxGHAQERERERERUcRjwEFEREREREREEY8BBxERERERERFFPAYcRERERERERBTxGHAQERERERERUcRjwEFEREREREREEY8BBxERERERERFFPAYcRERERERERBTxGHAQERERERERUcRjwEFEREREREREEY8BBxERERERERFFPAYcRERERERERBTxGHAQERERERERUcRjwEFEREREREREEY8BBxERERERERFFPAYcRERERERERBTxGHAQERERERERUcRjwEFEREREREREEU/p7gEQERERERERdScBgVQlDlOduciz90W2mowsJQmZSiKckr1LxuA2PCjQynBCK8dxXyl2eI5hrXsPirUqmDC7ZAyRjgEHERERERER9SoCAjGSHTm2dMyJHYMzXCOQZ+8LRXTjI7Iciz5qSrNDmqlhu+coVtXsxIrqLTjkK0Kt4WHgYUEk7ZjPK0NERERERERRT0AgTnIg156NC+MmYF78ZCRIru4eVkjK9Gq8W7kOK6q3YLcnH1VGHYOOFhhwEBERERERUdSTINBf...
&amp#27;[38;5;58m[7b0ef811]&amp#27;[0m&amp#27;[38;5;-93m[AndroidUiautomator2Driver@169d]&amp#27;[0m Responding to client with driver.getScreenshot() result: "iVBORw0KGgoAAAANSUhEUgAABDgAAAlgCAYAAABtGofVAAAAAXNSR0IArs4c6QAAAARzQklUCAgICHwIZIgAACAASURBVHic7N13mFTV/T/w97ll2vZeaEtbYAHpRUAEC8aCaNRoLBi7sURNjGl+f9F84zfWRJMYNZbEGEVRUAEVsQZQQEBAeq/LsmyvszNzy++PZTe7O3NnZ7bP7PuVJ88j99w5c+aydx/ue875HJG0Y74JIiIiIiIiIqIIJnX3AIiIiIiIiIiI2osBBxERERERERFFPAYcRERERERERBTxGHAQERERERERUcRjwEFEREREREREEY8BBxERERERERFFPAYcRERERERERBTxGHAQERERERERUcRjwEFEREREREREEY8BBxERERERERFFPAYcRERERERERBTxGHAQERERERERUcRjwEFEREREREREEY8BBxERERERERFFPAYcRERERERERBTxGHAQERERERERUcRjwEFEREREREREEY8BBxERERERERFFPAYcRERERERERBTxGHAQERERERERUcRjwEFEREREREREEY8BBxERERERERFFPAYcRERERERERBTxGHAQERERERERUcRjwEFEREREREREEY8BBxERERERERFFPAYcRERERERERBTxGHAQERERERERUcRjwEFEREREREREEU/p7gEQERERERERdScBgVQlDlOduciz90W2mowsJQmZSiKckr1LxuA2PCjQynBCK8dxXyl2eI5hrXsPirUqmDC7ZAyRjgEHERERERER9SoCAjGSHTm2dMyJHYMzXCOQZ+8LRXTjI7Iciz5qSrNDmqlhu+coVtXsxIrqLTjkK0Kt4WHgYUEk7ZjPK0NERERERERRT0AgTnIg156NC+MmYF78ZCRIru4eVkjK9Gq8W7kOK6q3YLcnH1VGHYOOFhhwEBERERERUdSTINBfTcX3E6biwtgJ6G9LhRRhZSkNGDjiLcYH1RvxTsUaHPWVMORoggEHERERERER...
&amp#27;[38;5;58m[7b0ef811]&amp#27;[0m&amp#27;[38;5;86m[HTTP]&amp#27;[0m &amp#27;[37m<-- GET /session/7b0ef811-fa28-477d-ae5c-7e7dd0a70b20/screenshot &amp#27;[39m&amp#27;[32m200&amp#27;[39m &amp#27;[90m564 ms - 705756&amp#27;[39m &amp#27;[90m&amp#27;[39m
&amp#27;[38;5;58m[7b0ef811]&amp#27;[0m&amp#27;[38;5;86m[HTTP]&amp#27;[0m &amp#27;[37m-->&amp#27;[39m &amp#27;[37mPOST&amp#27;[39m &amp#27;[37m/session/7b0ef811-fa28-477d-ae5c-7e7dd0a70b20/element&amp#27;[39m &amp#27;[90m{"using":"-android uiautomator","value":"new UiScrollable(new UiSelector()).scrollIntoView(text(\"Argentina\"));"}&amp#27;[39m
&amp#27;[38;5;58m[7b0ef811]&amp#27;[0m&amp#27;[38;5;-93m[AndroidUiautomator2Driver@169d]&amp#27;[0m Calling AppiumDriver.findElement() with args: ["-android uiautomator","new UiScrollable(new UiSelector()).scrollIntoView(text(\"Argentina\"));","7b0ef811-fa28-477d-ae5c-7e7dd0a70b20"]
&amp#27;[38;5;58m[7b0ef811]&amp#27;[0m&amp#27;[38;5;-93m[AndroidUiautomator2Driver@169d]&amp#27;[0m Valid locator strategies for this request: xpath, id, class name, accessibility id, css selector, -android uiautomator
&amp#27;[38;5;58m[7b0ef811]&amp#27;[0m&amp#27;[38;5;-93m[AndroidUiautomator2Driver@169d]&amp#27;[0m Waiting up to 0 ms for condition
&amp#27;[38;5;58m[7b0ef811]&amp#27;[0m&amp#27;[38;5;-93m[AndroidUiautomator2Driver@169d]&amp#27;[0m Matched '/element' to command name 'findElement'
&amp#27;[38;5;58m[7b0ef811]&amp#27;[0m&amp#27;[38;5;-93m[AndroidUiautomator2Driver@169d]&amp#27;[0m Proxying [POST /element] to [POST http://127.0.0.1:8201/session/f3f9da7d-4c07-44b0-9a5e-a0ebd809af0d/element] with body: {"strategy":"-android uiautomator","selector":"new UiScrollable(new UiSelector()).scrollIntoView(text(\"Argentina\"));","context":"","multiple":false}
&amp#27;[38;5;216m[014cecff]&amp#27;[0m&amp#27;[38;5;-120m[AndroidUiautomator2Driver@6eaa]&amp#27;[0m Got response with status 200: {"sessionId":"b128c8a0-1620-48d9-b82c-039cc77ce4ce","value":"iVBORw0KGgoAAAANSUhEUgAABDgAAAjoCAYAAAA5jhrUAAAAAXNSR0IArs4c6QAAAARzQklUCAgICHwIZIgAACAASURBVHic7N13nFxV/f/x9zl3ZnezyWZTSEJIAwmhgwHpoBSRakDFAtJVBAQs+BUFCzYUBUUQRQF/IFIUpSkioIDSpIl0QhHSSS+bbJu55/z+mLIzO3e2zuzuzb6ePhD2lnPPuf185txzzNiXT/QCAAAAAACIMTvYGQAAAAAAAOgvAhwAAAAAACD2CHAAAAAAAIDYI8ABAAAAAABijwAHAAAAAACIPQIcAAAAAAAg9ghwAAAAAACA2CPAAQAAAAAAYo8ABwAAAAAAiD0CHAAAAAAAIPYIcAAAAAAAgNgjwAEAAAAAAGKPAAcAAAAAAIg9AhwAAAAAACD2CHAAAAAAAIDYI8ABAAAAAABijwAHAAAAAACIPQIcAAAAAAAg9ghwAAAAAACA2CPAAQAAAAAAYo8ABwAAAAAAiD0CHAAAAAAAIPYIcAAAAAAAgNgjwAEAAAAAAGKPAAcAAAAAAIi9xGBnABgKjIxM7t8m89+S5CV575X5n7L/H1/DpZwAAAAAhh8CHBi2jIwSxmrLmk1107QvavPkhC6Xfzu1XMcu+Kn+1/6O0t7FJggwXMoJAAAA9ERjUK8daqdrx7rparT12qFuuhqDkfn5a8MNerF1vta6Zr3QOl8vts3X2rB5UPK6b/02umvG13q07Jx5P9Ajza9WOUdDGwEODEsNdoS+OfGjOnnsAQp6+KXW5skJevxdFymU0/WrH9K3l/1BTa6lyjntn+FSTgAAAKAr05Ob6PCGXXR4w67at36bbpc/omHXor8faX5Vf216Rn9t+o/mp1ZUK5voJzP25RP5eRbDRsIEOmPcIbpw4sfU8YFG33h5fXvZrfrFqr8p7cMK5bAyhks5AQAAgK7sW7+NPjvu...
&amp#27;[38;5;216m[014cecff]&amp#27;[0m&amp#27;[38;5;-120m[AndroidUiautomator2Driver@6eaa]&amp#27;[0m Responding to client with driver.getScreenshot() result: "iVBORw0KGgoAAAANSUhEUgAABDgAAAjoCAYAAAA5jhrUAAAAAXNSR0IArs4c6QAAAARzQklUCAgICHwIZIgAACAASURBVHic7N13nFxV/f/x9zl3ZnezyWZTSEJIAwmhgwHpoBSRakDFAtJVBAQs+BUFCzYUBUUQRQF/IFIUpSkioIDSpIl0QhHSSS+bbJu55/z+mLIzO3e2zuzuzb6ePhD2lnPPuf185txzzNiXT/QCAAAAAACIMTvYGQAAAAAAAOgvAhwAAAAAACD2CHAAAAAAAIDYI8ABAAAAAABijwAHAAAAAACIPQIcAAAAAAAg9ghwAAAAAACA2CPAAQAAAAAAYo8ABwAAAAAAiD0CHAAAAAAAIPYIcAAAAAAAgNgjwAEAAAAAAGKPAAcAAAAAAIg9AhwAAAAAACD2CHAAAAAAAIDYI8ABAAAAAABijwAHAAAAAACIPQIcAAAAAAAg9ghwAAAAAACA2CPAAQAAAAAAYo8ABwAAAAAAiD0CHAAAAAAAIPYIcAAAAAAAgNgjwAEAAAAAAGKPAAcAAAAAAIi9xGBnABgKjIxM7t8m89+S5CV575X5n7L/H1/DpZwAAAAAhh8CHBi2jIwSxmrLmk1107QvavPkhC6Xfzu1XMcu+Kn+1/6O0t7FJggwXMoJAAAA9ERjUK8daqdrx7rparT12qFuuhqDkfn5a8MNerF1vta6Zr3QOl8vts3X2rB5UPK6b/02umvG13q07Jx5P9Ajza9WOUdDGwEODEsNdoS+OfGjOnnsAQp6+KXW5skJevxdFymU0/WrH9K3l/1BTa6lyjntn+FSTgAAAKAr05Ob6PCGXXR4w67at36bbpc/omHXor8faX5Vf216Rn9t+o/mp1ZUK5voJzP25RP5eRbDRsIEOmPcIbpw4sfU8YFG33h5fXvZrfrFqr8p7cMK5bAyhks5AQAAgK7sW7+NPjvuAyUBi/64u+kZ/WrVfQPSWoIWHL1DgAPDgpFRg63Tg1t8R1vUTKxo2m+1L9OB...
&amp#27;[38;5;216m[014cecff]&amp#27;[0m&amp#27;[38;5;86m[HTTP]&amp#27;[0m &amp#27;[37m<-- GET /session/014cecff-7335-4ae7-bebf-0d8e4d0b7d7a/screenshot &amp#27;[39m&amp#27;[32m200&amp#27;[39m &amp#27;[90m1049 ms - 600356&amp#27;[39m &amp#27;[90m&amp#27;[39m
&amp#27;[38;5;216m[014cecff]&amp#27;[0m&amp#27;[38;5;86m[HTTP]&amp#27;[0m &amp#27;[37m-->&amp#27;[39m &amp#27;[37mPOST&amp#27;[39m &amp#27;[37m/session/014cecff-7335-4ae7-bebf-0d8e4d0b7d7a/execute/sync&amp#27;[39m &amp#27;[90m{"script":"mobile: hideKeyboard","args":[]}&amp#27;[39m
&amp#27;[38;5;216m[014cecff]&amp#27;[0m&amp#27;[38;5;-120m[AndroidUiautomator2Driver@6eaa]&amp#27;[0m Calling AppiumDriver.execute() with args: ["mobile: hideKeyboard",[],"014cecff-7335-4ae7-bebf-0d8e4d0b7d7a"]
&amp#27;[38;5;216m[014cecff]&amp#27;[0m&amp#27;[38;5;229m[ADB]&amp#27;[0m Running 'C:\Users\sajus\AppData\Local\Android\Sdk\platform-tools\adb.exe -P 5037 -s CTLID18120801016 shell dumpsys input_method'
&amp#27;[38;5;216m[014cecff]&amp#27;[0m&amp#27;[38;5;229m[ADB]&amp#27;[0m Keyboard has no UI; no closing necessary
&amp#27;[38;5;216m[014cecff]&amp#27;[0m&amp#27;[38;5;-120m[AndroidUiautomator2Driver@6eaa]&amp#27;[0m Responding to client with driver.execute() result: false
&amp#27;[38;5;216m[014cecff]&amp#27;[0m&amp#27;[38;5;86m[HTTP]&amp#27;[0m &amp#27;[37m<-- POST /session/014cecff-7335-4ae7-bebf-0d8e4d0b7d7a/execute/sync &amp#27;[39m&amp#27;[32m200&amp#27;[39m &amp#27;[90m698 ms - 15&amp#27;[39m &amp#27;[90m&amp#27;[39m
&amp#27;[38;5;216m[014cecff]&amp#27;[0m&amp#27;[38;5;86m[HTTP]&amp#27;[0m &amp#27;[37m-->&amp#27;[39m &amp#27;[37mPOST&amp#27;[39m &amp#27;[37m/session/014cecff-7335-4ae7-bebf-0d8e4d0b7d7a/element&amp#27;[39m &amp#27;[90m{"using":"id","value":"com.androidsample.generalstore:id/radioFemale"}&amp#27;[39m
&amp#27;[38;5;216m[014cecff]&amp#27;[0m&amp#27;[38;5;-120m[AndroidUiautomator2Driver@6eaa]&amp#27;[0m Calling AppiumDriver.findElement() with args: ["id","com.androidsample.generalstore:id/radioFemale","014cecff-7335-4ae7-bebf-0d8e4d0b7d7a"]
&amp#27;[38;5;216m[014cecff]&amp#27;[0m&amp#27;[38;5;-120m[AndroidUiautomator2Driver@6eaa]&amp#27;[0m Valid locator strategies for this request: xpath, id, class name, accessibility id, css selector, -android uiautomator
&amp#27;[38;5;216m[014cecff]&amp#27;[0m&amp#27;[38;5;-120m[AndroidUiautomator2Driver@6eaa]&amp#27;[0m Waiting up to 0 ms for condition
&amp#27;[38;5;216m[014cecff]&amp#27;[0m&amp#27;[38;5;-120m[AndroidUiautomator2Driver@6eaa]&amp#27;[0m Matched '/element' to command name 'findElement'
&amp#27;[38;5;216m[014cecff]&amp#27;[0m&amp#27;[38;5;-120m[AndroidUiautomator2Driver@6eaa]&amp#27;[0m Proxying [POST /element] to [POST http://127.0.0.1:8202/session/b128c8a0-1620-48d9-b82c-039cc77ce4ce/element] with body: {"strategy":"id","selector":"com.androidsample.generalstore:id/radioFemale","context":"","multiple":false}
&amp#27;[38;5;216m[014cecff]&amp#27;[0m&amp#27;[38;5;-120m[AndroidUiautomator2Driver@6eaa]&amp#27;[0m Got response with status 200: {"sessionId":"b128c8a0-1620-48d9-b82c-039cc77ce4ce","value":{"ELEMENT":"00000000-0000-090c-ffff-ffff00000020","element-6066-11e4-a52e-4f735466cecf":"00000000-0000-090c-ffff-ffff00000020"}}
&amp#27;[38;5;216m[014cecff]&amp#27;[0m&amp#27;[38;5;-120m[AndroidUiautomator2Driver@6eaa]&amp#27;[0m Responding to client with driver.findElement() result: {"element-6066-11e4-a52e-4f735466cecf":"00000000-0000-090c-ffff-ffff00000020","ELEMENT":"00000000-0000-090c-ffff-ffff00000020"}
&amp#27;[38;5;216m[014cecff]&amp#27;[0m&amp#27;[38;5;86m[HTTP]&amp#27;[0m &amp#27;[37m<-- POST /session/014cecff-7335-4ae7-bebf-0d8e4d0b7d7a/element &amp#27;[39m&amp#27;[32m200&amp#27;[39m &amp#27;[90m40 ms - 137&amp#27;[39m &amp#27;[90m&amp#27;[39m
&amp#27;[38;5;216m[014cecff]&amp#27;[0m&amp#27;[38;5;86m[HTTP]&amp#27;[0m &amp#27;[37m-->&amp#27;[39m &amp#27;[37mPOST&amp#27;[39m &amp#27;[37m/session/014cecff-7335-4ae7-bebf-0d8e4d0b7d7a/element/00000000-0000-090c-ffff-ffff00000020/click&amp#27;[39m &amp#27;[90m{"id":"00000000-0000-090c-ffff-ffff00000020"}&amp#27;[39m
&amp#27;[38;5;216m[014cecff]&amp#27;[0m&amp#27;[38;5;-120m[AndroidUiautomator2Driver@6eaa]&amp#27;[0m Calling AppiumDriver.click() with args: ["00000000-0000-090c-ffff-ffff00000020","014cecff-7335-4ae7-bebf-0d8e4d0b7d7a"]
&amp#27;[38;5;216m[014cecff]&amp#27;[0m&amp#27;[38;5;-120m[AndroidUiautomator2Driver@6eaa]&amp#27;[0m Matched '/element/00000000-0000-090c-ffff-ffff00000020/click' to command name 'click'
&amp#27;[38;5;216m[014cecff]&amp#27;[0m&amp#27;[38;5;-120m[AndroidUiautomator2Driver@6eaa]&amp#27;[0m Proxying [POST /element/00000000-0000-090c-ffff-ffff00000020/click] to [POST http://127.0.0.1:8202/session/b128c8a0-1620-48d9-b82c-039cc77ce4ce/element/00000000-0000-090c-ffff-ffff00000020/click] with body: {"element":"00000000-0000-090c-ffff-ffff00000020"}
&amp#27;[38;5;216m[014cecff]&amp#27;[0m&amp#27;[38;5;-120m[AndroidUiautomator2Driver@6eaa]&amp#27;[0m Got response with status 200: {"sessionId":"b128c8a0-1620-48d9-b82c-039cc77ce4ce","value":null}
&amp#27;[38;5;216m[014cecff]&amp#27;[0m&amp#27;[38;5;-120m[AndroidUiautomator2Driver@6eaa]&amp#27;[0m Responding to client with driver.click() result: null
&amp#27;[38;5;216m[014cecff]&amp#27;[0m&amp#27;[38;5;86m[HTTP]&amp#27;[0m &amp#27;[37m<-- POST /session/014cecff-7335-4ae7-bebf-0d8e4d0b7d7a/element/00000000-0000-090c-ffff-ffff00000020/click &amp#27;[39m&amp#27;[32m200&amp#27;[39m &amp#27;[90m68 ms - 14&amp#27;[39m &amp#27;[90m&amp#27;[39m
&amp#27;[38;5;216m[014cecff]&amp#27;[0m&amp#27;[38;5;86m[HTTP]&amp#27;[0m &amp#27;[37m-->&amp#27;[39m &amp#27;[37mGET&amp#27;[39m &amp#27;[37m/session/014cecff-7335-4ae7-bebf-0d8e4d0b7d7a/screenshot&amp#27;[39m &amp#27;[90m{}&amp#27;[39m
&amp#27;[38;5;216m[014cecff]&amp#27;[0m&amp#27;[38;5;-120m[AndroidUiautomator2Driver@6eaa]&amp#27;[0m Calling AppiumDriver.getScreenshot() with args: ["014cecff-7335-4ae7-bebf-0d8e4d0b7d7a"]
&amp#27;[38;5;216m[014cecff]&amp#27;[0m&amp#27;[38;5;-120m[AndroidUiautomator2Driver@6eaa]&amp#27;[0m Matched '/screenshot' to command name 'getScreenshot'
&amp#27;[38;5;216m[014cecff]&amp#27;[0m&amp#27;[38;5;-120m[AndroidUiautomator2Driver@6eaa]&amp#27;[0m Proxying [GET /screenshot] to [GET http://127.0.0.1:8202/session/b128c8a0-1620-48d9-b82c-039cc77ce4ce/screenshot] with no body
&amp#27;[38;5;216m[014cecff]&amp#27;[0m&amp#27;[38;5;-120m[AndroidUiautomator2Driver@6eaa]&amp#27;[0m Got response with status 200: {"sessionId":"b128c8a0-1620-48d9-b82c-039cc77ce4ce","value":"iVBORw0KGgoAAAANSUhEUgAABDgAAAjoCAYAAAA5jhrUAAAAAXNSR0IArs4c6QAAAARzQklUCAgICHwIZIgAACAASURBVHic7N13nFxV/f/x9zl3ZnezyWZTSEJIAwmhgwHpoBSRakDFAtJVBAQs+BUFCzYUBUUQRQF/IFIUpSkioIDSpIl0QhHSSS+bbJu55/z+mLIzO3e2zuzuzb6ePhD2lnPPuf185txzzNiXT/QCAAAAAACIMTvYGQAAAAAAAOgvAhwAAAAAACD2CHAAAAAAAIDYI8ABAAAAAABijwAHAAAAAACIPQIcAAAAAAAg9ghwAAAAAACA2CPAAQAAAAAAYo8ABwAAAAAAiD0CHAAAAAAAIPYIcAAAAAAAgNgjwAEAAAAAAGKPAAcAAAAAAIg9AhwAAAAAACD2CHAAAAAAAIDYI8ABAAAAAABijwAHAAAAAACIPQIcAAAAAAAg9ghwAAAAAACA2CPAAQAAAAAAYo8ABwAAAAAAiD0CHAAAAAAAIPYIcAAAAAAAgNgjwAEAAAAAAGKPAAcAAAAAAIi9xGBnABgKjIxM7t8m89+S5CV575X5n7L/H1/DpZwAAAAAhh8CHBi2jIwSxmrLmk1107QvavPkhC6Xfzu1XMcu+Kn+1/6O0t7FJggwXMoJAAAA9ERjUK8daqdrx7rparT12qFuuhqDkfn5a8MNerF1vta6Zr3QOl8vts3X2rB5UPK6b/02umvG13q07Jx5P9Ajza9WOUdDGwEODEsNdoS+OfGjOnnsAQp6+KXW5skJevxdFymU0/WrH9K3l/1BTa6lyjntn+FSTgAAAKAr05Ob6PCGXXR4w67at36bbpc/omHXor8faX5Vf216Rn9t+o/mp1ZUK5voJzP25RP5eRbDRsIEOmPcIbpw4sfU8YFG33h5fXvZrfrFqr8p7cMK5bAyhks5AQAAgK7sW7+NPjvu...
&amp#27;[38;5;216m[014cecff]&amp#27;[0m&amp#27;[38;5;-120m[AndroidUiautomator2Driver@6eaa]&amp#27;[0m Responding to client with driver.getScreenshot() result: "iVBORw0KGgoAAAANSUhEUgAABDgAAAjoCAYAAAA5jhrUAAAAAXNSR0IArs4c6QAAAARzQklUCAgICHwIZIgAACAASURBVHic7N13nFxV/f/x9zl3ZnezyWZTSEJIAwmhgwHpoBSRakDFAtJVBAQs+BUFCzYUBUUQRQF/IFIUpSkioIDSpIl0QhHSSS+bbJu55/z+mLIzO3e2zuzuzb6ePhD2lnPPuf185txzzNiXT/QCAAAAAACIMTvYGQAAAAAAAOgvAhwAAAAAACD2CHAAAAAAAIDYI8ABAAAAAABijwAHAAAAAACIPQIcAAAAAAAg9ghwAAAAAACA2CPAAQAAAAAAYo8ABwAAAAAAiD0CHAAAAAAAIPYIcAAAAAAAgNgjwAEAAAAAAGKPAAcAAAAAAIg9AhwAAAAAACD2CHAAAAAAAIDYI8ABAAAAAABijwAHAAAAAACIPQIcAAAAAAAg9ghwAAAAAACA2CPAAQAAAAAAYo8ABwAAAAAAiD0CHAAAAAAAIPYIcAAAAAAAgNgjwAEAAAAAAGKPAAcAAAAAAIi9xGBnABgKjIxM7t8m89+S5CV575X5n7L/H1/DpZwAAAAAhh8CHBi2jIwSxmrLmk1107QvavPkhC6Xfzu1XMcu+Kn+1/6O0t7FJggwXMoJAAAA9ERjUK8daqdrx7rparT12qFuuhqDkfn5a8MNerF1vta6Zr3QOl8vts3X2rB5UPK6b/02umvG13q07Jx5P9Ajza9WOUdDGwEODEsNdoS+OfGjOnnsAQp6+KXW5skJevxdFymU0/WrH9K3l/1BTa6lyjntn+FSTgAAAKAr05Ob6PCGXXR4w67at36bbpc/omHXor8faX5Vf216Rn9t+o/mp1ZUK5voJzP25RP5eRbDRsIEOmPcIbpw4sfU8YFG33h5fXvZrfrFqr8p7cMK5bAyhks5AQAAgK7sW7+NPjvuAyUBi/64u+kZ/WrVfQPSWoIWHL1DgAPDgpFRg63Tg1t8R1vUTKxo2m+1L9OB...
&amp#27;[38;5;216m[014cecff]&amp#27;[0m&amp#27;[38;5;86m[HTTP]&amp#27;[0m &amp#27;[37m<-- GET /session/014cecff-7335-4ae7-bebf-0d8e4d0b7d7a/screenshot &amp#27;[39m&amp#27;[32m200&amp#27;[39m &amp#27;[90m1058 ms - 601044&amp#27;[39m &amp#27;[90m&amp#27;[39m
&amp#27;[38;5;216m[014cecff]&amp#27;[0m&amp#27;[38;5;86m[HTTP]&amp#27;[0m &amp#27;[37m-->&amp#27;[39m &amp#27;[37mGET&amp#27;[39m &amp#27;[37m/session/014cecff-7335-4ae7-bebf-0d8e4d0b7d7a/screenshot&amp#27;[39m &amp#27;[90m{}&amp#27;[39m
&amp#27;[38;5;216m[014cecff]&amp#27;[0m&amp#27;[38;5;-120m[AndroidUiautomator2Driver@6eaa]&amp#27;[0m Calling AppiumDriver.getScreenshot() with args: ["014cecff-7335-4ae7-bebf-0d8e4d0b7d7a"]
&amp#27;[38;5;216m[014cecff]&amp#27;[0m&amp#27;[38;5;-120m[AndroidUiautomator2Driver@6eaa]&amp#27;[0m Matched '/screenshot' to command name 'getScreenshot'
&amp#27;[38;5;216m[014cecff]&amp#27;[0m&amp#27;[38;5;-120m[AndroidUiautomator2Driver@6eaa]&amp#27;[0m Proxying [GET /screenshot] to [GET http://127.0.0.1:8202/session/b128c8a0-1620-48d9-b82c-039cc77ce4ce/screenshot] with no body
&amp#27;[38;5;216m[014cecff]&amp#27;[0m&amp#27;[38;5;-120m[AndroidUiautomator2Driver@6eaa]&amp#27;[0m Got response with status 200: {"sessionId":"b128c8a0-1620-48d9-b82c-039cc77ce4ce","value":"iVBORw0KGgoAAAANSUhEUgAABDgAAAjoCAYAAAA5jhrUAAAAAXNSR0IArs4c6QAAAARzQklUCAgICHwIZIgAACAASURBVHic7N13nFxV/f/x9zl3ZnezyWZTSEJIAwmhgwHpoBSRakDFAtJVBAQs+BUFCzYUBUUQRQF/IFIUpSkioIDSpIl0QhHSSS+bbJu55/z+mLIzO3e2zuzuzb6ePhD2lnPPuf185txzzNiXT/QCAAAAAACIMTvYGQAAAAAAAOgvAhwAAAAAACD2CHAAAAAAAIDYI8ABAAAAAABijwAHAAAAAACIPQIcAAAAAAAg9ghwAAAAAACA2CPAAQAAAAAAYo8ABwAAAAAAiD0CHAAAAAAAIPYIcAAAAAAAgNgjwAEAAAAAAGKPAAcAAAAAAIg9AhwAAAAAACD2CHAAAAAAAIDYI8ABAAAAAABijwAHAAAAAACIPQIcAAAAAAAg9ghwAAAAAACA2CPAAQAAAAAAYo8ABwAAAAAAiD0CHAAAAAAAIPYIcAAAAAAAgNgjwAEAAAAAAGKPAAcAAAAAAIi9xGBnABgKjIxM7t8m89+S5CV575X5n7L/H1/DpZwAAAAAhh8CHBi2jIwSxmrLmk1107QvavPkhC6Xfzu1XMcu+Kn+1/6O0t7FJggwXMoJAAAA9ERjUK8daqdrx7rparT12qFuuhqDkfn5a8MNerF1vta6Zr3QOl8vts3X2rB5UPK6b/02umvG13q07Jx5P9Ajza9WOUdDGwEODEsNdoS+OfGjOnnsAQp6+KXW5skJevxdFymU0/WrH9K3l/1BTa6lyjntn+FSTgAAAKAr05Ob6PCGXXR4w67at36bbpc/omHXor8faX5Vf216Rn9t+o/mp1ZUK5voJzP25RP5eRbDRsIEOmPcIbpw4sfU8YFG33h5fXvZrfrFqr8p7cMK5bAyhks5AQAAgK7sW7+NPjvu...
&amp#27;[38;5;216m[014cecff]&amp#27;[0m&amp#27;[38;5;-120m[AndroidUiautomator2Driver@6eaa]&amp#27;[0m Responding to client with driver.getScreenshot() result: "iVBORw0KGgoAAAANSUhEUgAABDgAAAjoCAYAAAA5jhrUAAAAAXNSR0IArs4c6QAAAARzQklUCAgICHwIZIgAACAASURBVHic7N13nFxV/f/x9zl3ZnezyWZTSEJIAwmhgwHpoBSRakDFAtJVBAQs+BUFCzYUBUUQRQF/IFIUpSkioIDSpIl0QhHSSS+bbJu55/z+mLIzO3e2zuzuzb6ePhD2lnPPuf185txzzNiXT/QCAAAAAACIMTvYGQAAAAAAAOgvAhwAAAAAACD2CHAAAAAAAIDYI8ABAAAAAABijwAHAAAAAACIPQIcAAAAAAAg9ghwAAAAAACA2CPAAQAAAAAAYo8ABwAAAAAAiD0CHAAAAAAAIPYIcAAAAAAAgNgjwAEAAAAAAGKPAAcAAAAAAIg9AhwAAAAAACD2CHAAAAAAAIDYI8ABAAAAAABijwAHAAAAAACIPQIcAAAAAAAg9ghwAAAAAACA2CPAAQAAAAAAYo8ABwAAAAAAiD0CHAAAAAAAIPYIcAAAAAAAgNgjwAEAAAAAAGKPAAcAAAAAAIi9xGBnABgKjIxM7t8m89+S5CV575X5n7L/H1/DpZwAAAAAhh8CHBi2jIwSxmrLmk1107QvavPkhC6Xfzu1XMcu+Kn+1/6O0t7FJggwXMoJAAAA9ERjUK8daqdrx7rparT12qFuuhqDkfn5a8MNerF1vta6Zr3QOl8vts3X2rB5UPK6b/02umvG13q07Jx5P9Ajza9WOUdDGwEODEsNdoS+OfGjOnnsAQp6+KXW5skJevxdFymU0/WrH9K3l/1BTa6lyjntn+FSTgAAAKAr05Ob6PCGXXR4w67at36bbpc/omHXor8faX5Vf216Rn9t+o/mp1ZUK5voJzP25RP5eRbDRsIEOmPcIbpw4sfU8YFG33h5fXvZrfrFqr8p7cMK5bAyhks5AQAAgK7sW7+NPjvuAyUBi/64u+kZ/WrVfQPSWoIWHL1DgAPDgpFRg63Tg1t8R1vUTKxo2m+1L9OB...
&amp#27;[38;5;216m[014cecff]&amp#27;[0m&amp#27;[38;5;86m[HTTP]&amp#27;[0m &amp#27;[37m<-- GET /session/014cecff-7335-4ae7-bebf-0d8e4d0b7d7a/screenshot &amp#27;[39m&amp#27;[32m200&amp#27;[39m &amp#27;[90m1033 ms - 600364&amp#27;[39m &amp#27;[90m&amp#27;[39m
&amp#27;[38;5;216m[014cecff]&amp#27;[0m&amp#27;[38;5;86m[HTTP]&amp#27;[0m &amp#27;[37m-->&amp#27;[39m &amp#27;[37mPOST&amp#27;[39m &amp#27;[37m/session/014cecff-7335-4ae7-bebf-0d8e4d0b7d7a/element&amp#27;[39m &amp#27;[90m{"using":"id","value":"android:id/text1"}&amp#27;[39m
&amp#27;[38;5;216m[014cecff]&amp#27;[0m&amp#27;[38;5;-120m[AndroidUiautomator2Driver@6eaa]&amp#27;[0m Calling AppiumDriver.findElement() with args: ["id","android:id/text1","014cecff-7335-4ae7-bebf-0d8e4d0b7d7a"]
&amp#27;[38;5;216m[014cecff]&amp#27;[0m&amp#27;[38;5;-120m[AndroidUiautomator2Driver@6eaa]&amp#27;[0m Valid locator strategies for this request: xpath, id, class name, accessibility id, css selector, -android uiautomator
&amp#27;[38;5;216m[014cecff]&amp#27;[0m&amp#27;[38;5;-120m[AndroidUiautomator2Driver@6eaa]&amp#27;[0m Waiting up to 0 ms for condition
&amp#27;[38;5;216m[014cecff]&amp#27;[0m&amp#27;[38;5;-120m[AndroidUiautomator2Driver@6eaa]&amp#27;[0m Matched '/element' to command name 'findElement'
&amp#27;[38;5;216m[014cecff]&amp#27;[0m&amp#27;[38;5;-120m[AndroidUiautomator2Driver@6eaa]&amp#27;[0m Proxying [POST /element] to [POST http://127.0.0.1:8202/session/b128c8a0-1620-48d9-b82c-039cc77ce4ce/element] with body: {"strategy":"id","selector":"android:id/text1","context":"","multiple":false}
&amp#27;[38;5;216m[014cecff]&amp#27;[0m&amp#27;[38;5;-120m[AndroidUiautomator2Driver@6eaa]&amp#27;[0m Got response with status 200: {"sessionId":"b128c8a0-1620-48d9-b82c-039cc77ce4ce","value":{"ELEMENT":"00000000-0000-090c-ffff-ffff00000024","element-6066-11e4-a52e-4f735466cecf":"00000000-0000-090c-ffff-ffff00000024"}}
&amp#27;[38;5;216m[014cecff]&amp#27;[0m&amp#27;[38;5;-120m[AndroidUiautomator2Driver@6eaa]&amp#27;[0m Responding to client with driver.findElement() result: {"element-6066-11e4-a52e-4f735466cecf":"00000000-0000-090c-ffff-ffff00000024","ELEMENT":"00000000-0000-090c-ffff-ffff00000024"}
&amp#27;[38;5;216m[014cecff]&amp#27;[0m&amp#27;[38;5;86m[HTTP]&amp#27;[0m &amp#27;[37m<-- POST /session/014cecff-7335-4ae7-bebf-0d8e4d0b7d7a/element &amp#27;[39m&amp#27;[32m200&amp#27;[39m &amp#27;[90m38 ms - 137&amp#27;[39m &amp#27;[90m&amp#27;[39m
&amp#27;[38;5;216m[014cecff]&amp#27;[0m&amp#27;[38;5;86m[HTTP]&amp#27;[0m &amp#27;[37m-->&amp#27;[39m &amp#27;[37mPOST&amp#27;[39m &amp#27;[37m/session/014cecff-7335-4ae7-bebf-0d8e4d0b7d7a/element/00000000-0000-090c-ffff-ffff00000024/click&amp#27;[39m &amp#27;[90m{"id":"00000000-0000-090c-ffff-ffff00000024"}&amp#27;[39m
&amp#27;[38;5;216m[014cecff]&amp#27;[0m&amp#27;[38;5;-120m[AndroidUiautomator2Driver@6eaa]&amp#27;[0m Calling AppiumDriver.click() with args: ["00000000-0000-090c-ffff-ffff00000024","014cecff-7335-4ae7-bebf-0d8e4d0b7d7a"]
&amp#27;[38;5;216m[014cecff]&amp#27;[0m&amp#27;[38;5;-120m[AndroidUiautomator2Driver@6eaa]&amp#27;[0m Matched '/element/00000000-0000-090c-ffff-ffff00000024/click' to command name 'click'
&amp#27;[38;5;216m[014cecff]&amp#27;[0m&amp#27;[38;5;-120m[AndroidUiautomator2Driver@6eaa]&amp#27;[0m Proxying [POST /element/00000000-0000-090c-ffff-ffff00000024/click] to [POST http://127.0.0.1:8202/session/b128c8a0-1620-48d9-b82c-039cc77ce4ce/element/00000000-0000-090c-ffff-ffff00000024/click] with body: {"element":"00000000-0000-090c-ffff-ffff00000024"}
&amp#27;[38;5;216m[014cecff]&amp#27;[0m&amp#27;[38;5;-120m[AndroidUiautomator2Driver@6eaa]&amp#27;[0m Got response with status 200: {"sessionId":"b128c8a0-1620-48d9-b82c-039cc77ce4ce","value":null}
&amp#27;[38;5;216m[014cecff]&amp#27;[0m&amp#27;[38;5;-120m[AndroidUiautomator2Driver@6eaa]&amp#27;[0m Responding to client with driver.click() result: null
&amp#27;[38;5;216m[014cecff]&amp#27;[0m&amp#27;[38;5;86m[HTTP]&amp#27;[0m &amp#27;[37m<-- POST /session/014cecff-7335-4ae7-bebf-0d8e4d0b7d7a/element/00000000-0000-090c-ffff-ffff00000024/click &amp#27;[39m&amp#27;[32m200&amp#27;[39m &amp#27;[90m70 ms - 14&amp#27;[39m &amp#27;[90m&amp#27;[39m
&amp#27;[38;5;216m[014cecff]&amp#27;[0m&amp#27;[38;5;86m[HTTP]&amp#27;[0m &amp#27;[37m-->&amp#27;[39m &amp#27;[37mGET&amp#27;[39m &amp#27;[37m/session/014cecff-7335-4ae7-bebf-0d8e4d0b7d7a/screenshot&amp#27;[39m &amp#27;[90m{}&amp#27;[39m
&amp#27;[38;5;216m[014cecff]&amp#27;[0m&amp#27;[38;5;-120m[AndroidUiautomator2Driver@6eaa]&amp#27;[0m Calling AppiumDriver.getScreenshot() with args: ["014cecff-7335-4ae7-bebf-0d8e4d0b7d7a"]
&amp#27;[38;5;216m[014cecff]&amp#27;[0m&amp#27;[38;5;-120m[AndroidUiautomator2Driver@6eaa]&amp#27;[0m Matched '/screenshot' to command name 'getScreenshot'
&amp#27;[38;5;216m[014cecff]&amp#27;[0m&amp#27;[38;5;-120m[AndroidUiautomator2Driver@6eaa]&amp#27;[0m Proxying [GET /screenshot] to [GET http://127.0.0.1:8202/session/b128c8a0-1620-48d9-b82c-039cc77ce4ce/screenshot] with no body
&amp#27;[38;5;58m[7b0ef811]&amp#27;[0m&amp#27;[38;5;-93m[AndroidUiautomator2Driver@169d]&amp#27;[0m Got response with status 200: {"sessionId":"f3f9da7d-4c07-44b0-9a5e-a0ebd809af0d","value":{"ELEMENT":"00000000-0000-144d-ffff-ffff00000029","element-6066-11e4-a52e-4f735466cecf":"00000000-0000-144d-ffff-ffff00000029"}}
&amp#27;[38;5;58m[7b0ef811]&amp#27;[0m&amp#27;[38;5;-93m[AndroidUiautomator2Driver@169d]&amp#27;[0m Responding to client with driver.findElement() result: {"element-6066-11e4-a52e-4f735466cecf":"00000000-0000-144d-ffff-ffff00000029","ELEMENT":"00000000-0000-144d-ffff-ffff00000029"}
&amp#27;[38;5;58m[7b0ef811]&amp#27;[0m&amp#27;[38;5;86m[HTTP]&amp#27;[0m &amp#27;[37m<-- POST /session/7b0ef811-fa28-477d-ae5c-7e7dd0a70b20/element &amp#27;[39m&amp#27;[32m200&amp#27;[39m &amp#27;[90m3643 ms - 137&amp#27;[39m &amp#27;[90m&amp#27;[39m
&amp#27;[38;5;58m[7b0ef811]&amp#27;[0m&amp#27;[38;5;86m[HTTP]&amp#27;[0m &amp#27;[37m-->&amp#27;[39m &amp#27;[37mPOST&amp#27;[39m &amp#27;[37m/session/7b0ef811-fa28-477d-ae5c-7e7dd0a70b20/element&amp#27;[39m &amp#27;[90m{"using":"xpath","value":"//android.widget.TextView[@text='Argentina']"}&amp#27;[39m
&amp#27;[38;5;58m[7b0ef811]&amp#27;[0m&amp#27;[38;5;-93m[AndroidUiautomator2Driver@169d]&amp#27;[0m Calling AppiumDriver.findElement() with args: ["xpath","//android.widget.TextView[@text='Argentina']","7b0ef811-fa28-477d-ae5c-7e7dd0a70b20"]
&amp#27;[38;5;58m[7b0ef811]&amp#27;[0m&amp#27;[38;5;-93m[AndroidUiautomator2Driver@169d]&amp#27;[0m Valid locator strategies for this request: xpath, id, class name, accessibility id, css selector, -android uiautomator
&amp#27;[38;5;58m[7b0ef811]&amp#27;[0m&amp#27;[38;5;-93m[AndroidUiautomator2Driver@169d]&amp#27;[0m Waiting up to 0 ms for condition
&amp#27;[38;5;58m[7b0ef811]&amp#27;[0m&amp#27;[38;5;-93m[AndroidUiautomator2Driver@169d]&amp#27;[0m Matched '/element' to command name 'findElement'
&amp#27;[38;5;58m[7b0ef811]&amp#27;[0m&amp#27;[38;5;-93m[AndroidUiautomator2Driver@169d]&amp#27;[0m Proxying [POST /element] to [POST http://127.0.0.1:8201/session/f3f9da7d-4c07-44b0-9a5e-a0ebd809af0d/element] with body: {"strategy":"xpath","selector":"//android.widget.TextView[@text='Argentina']","context":"","multiple":false}
&amp#27;[38;5;58m[7b0ef811]&amp#27;[0m&amp#27;[38;5;-93m[AndroidUiautomator2Driver@169d]&amp#27;[0m Got response with status 200: {"sessionId":"f3f9da7d-4c07-44b0-9a5e-a0ebd809af0d","value":{"ELEMENT":"00000000-0000-144d-ffff-ffff00000029","element-6066-11e4-a52e-4f735466cecf":"00000000-0000-144d-ffff-ffff00000029"}}
&amp#27;[38;5;58m[7b0ef811]&amp#27;[0m&amp#27;[38;5;-93m[AndroidUiautomator2Driver@169d]&amp#27;[0m Responding to client with driver.findElement() result: {"element-6066-11e4-a52e-4f735466cecf":"00000000-0000-144d-ffff-ffff00000029","ELEMENT":"00000000-0000-144d-ffff-ffff00000029"}
&amp#27;[38;5;58m[7b0ef811]&amp#27;[0m&amp#27;[38;5;86m[HTTP]&amp#27;[0m &amp#27;[37m<-- POST /session/7b0ef811-fa28-477d-ae5c-7e7dd0a70b20/element &amp#27;[39m&amp#27;[32m200&amp#27;[39m &amp#27;[90m223 ms - 137&amp#27;[39m &amp#27;[90m&amp#27;[39m
&amp#27;[38;5;58m[7b0ef811]&amp#27;[0m&amp#27;[38;5;86m[HTTP]&amp#27;[0m &amp#27;[37m-->&amp#27;[39m &amp#27;[37mPOST&amp#27;[39m &amp#27;[37m/session/7b0ef811-fa28-477d-ae5c-7e7dd0a70b20/element/00000000-0000-144d-ffff-ffff00000029/click&amp#27;[39m &amp#27;[90m{"id":"00000000-0000-144d-ffff-ffff00000029"}&amp#27;[39m
&amp#27;[38;5;58m[7b0ef811]&amp#27;[0m&amp#27;[38;5;-93m[AndroidUiautomator2Driver@169d]&amp#27;[0m Calling AppiumDriver.click() with args: ["00000000-0000-144d-ffff-ffff00000029","7b0ef811-fa28-477d-ae5c-7e7dd0a70b20"]
&amp#27;[38;5;58m[7b0ef811]&amp#27;[0m&amp#27;[38;5;-93m[AndroidUiautomator2Driver@169d]&amp#27;[0m Matched '/element/00000000-0000-144d-ffff-ffff00000029/click' to command name 'click'
&amp#27;[38;5;58m[7b0ef811]&amp#27;[0m&amp#27;[38;5;-93m[AndroidUiautomator2Driver@169d]&amp#27;[0m Proxying [POST /element/00000000-0000-144d-ffff-ffff00000029/click] to [POST http://127.0.0.1:8201/session/f3f9da7d-4c07-44b0-9a5e-a0ebd809af0d/element/00000000-0000-144d-ffff-ffff00000029/click] with body: {"element":"00000000-0000-144d-ffff-ffff00000029"}
&amp#27;[38;5;58m[7b0ef811]&amp#27;[0m&amp#27;[38;5;-93m[AndroidUiautomator2Driver@169d]&amp#27;[0m Got response with status 200: {"sessionId":"f3f9da7d-4c07-44b0-9a5e-a0ebd809af0d","value":null}
&amp#27;[38;5;58m[7b0ef811]&amp#27;[0m&amp#27;[38;5;-93m[AndroidUiautomator2Driver@169d]&amp#27;[0m Responding to client with driver.click() result: null
&amp#27;[38;5;58m[7b0ef811]&amp#27;[0m&amp#27;[38;5;86m[HTTP]&amp#27;[0m &amp#27;[37m<-- POST /session/7b0ef811-fa28-477d-ae5c-7e7dd0a70b20/element/00000000-0000-144d-ffff-ffff00000029/click &amp#27;[39m&amp#27;[32m200&amp#27;[39m &amp#27;[90m663 ms - 14&amp#27;[39m &amp#27;[90m&amp#27;[39m
&amp#27;[38;5;58m[7b0ef811]&amp#27;[0m&amp#27;[38;5;86m[HTTP]&amp#27;[0m &amp#27;[37m-->&amp#27;[39m &amp#27;[37mGET&amp#27;[39m &amp#27;[37m/session/7b0ef811-fa28-477d-ae5c-7e7dd0a70b20/screenshot&amp#27;[39m &amp#27;[90m{}&amp#27;[39m
&amp#27;[38;5;58m[7b0ef811]&amp#27;[0m&amp#27;[38;5;-93m[AndroidUiautomator2Driver@169d]&amp#27;[0m Calling AppiumDriver.getScreenshot() with args: ["7b0ef811-fa28-477d-ae5c-7e7dd0a70b20"]
&amp#27;[38;5;58m[7b0ef811]&amp#27;[0m&amp#27;[38;5;-93m[AndroidUiautomator2Driver@169d]&amp#27;[0m Matched '/screenshot' to command name 'getScreenshot'
&amp#27;[38;5;58m[7b0ef811]&amp#27;[0m&amp#27;[38;5;-93m[AndroidUiautomator2Driver@169d]&amp#27;[0m Proxying [GET /screenshot] to [GET http://127.0.0.1:8201/session/f3f9da7d-4c07-44b0-9a5e-a0ebd809af0d/screenshot] with no body
&amp#27;[38;5;216m[014cecff]&amp#27;[0m&amp#27;[38;5;-120m[AndroidUiautomator2Driver@6eaa]&amp#27;[0m Got response with status 200: {"sessionId":"b128c8a0-1620-48d9-b82c-039cc77ce4ce","value":"iVBORw0KGgoAAAANSUhEUgAABDgAAAjoCAYAAAA5jhrUAAAAAXNSR0IArs4c6QAAAARzQklUCAgICHwIZIgAACAASURBVHic7N13nFxV/f/x9zl3ZnezyWZTSEJIAwmhgwHpoBSRakDFAtJVBAQs+BUFCzYUBUUQRQF/IFIUpSkioIDSpIl0QhHSSS+bbJu55/z+mLIzO3e2zuzuzb6ePhD2lnPPuf185txzzNiXT/QCAAAAAACIMTvYGQAAAAAAAOgvAhwAAAAAACD2CHAAAAAAAIDYI8ABAAAAAABijwAHAAAAAACIPQIcAAAAAAAg9ghwAAAAAACA2CPAAQAAAAAAYo8ABwAAAAAAiD0CHAAAAAAAIPYIcAAAAAAAgNgjwAEAAAAAAGKPAAcAAAAAAIg9AhwAAAAAACD2CHAAAAAAAIDYI8ABAAAAAABijwAHAAAAAACIPQIcAAAAAAAg9ghwAAAAAACA2CPAAQAAAAAAYo8ABwAAAAAAiD0CHAAAAAAAIPYIcAAAAAAAgNgjwAEAAAAAAGKPAAcAAAAAAIi9xGBnABgKjIxM7t8m89+S5CV575X5n7L/H1/DpZwAAAAAhh8CHBi2jIwSxmrLmk1107QvavPkhC6Xfzu1XMcu+Kn+1/6O0t7FJggwXMoJAAAA9ERjUK8daqdrx7rparT12qFuuhqDkfn5a8MNerF1vta6Zr3QOl8vts3X2rB5UPK6b/02umvG13q07Jx5P9Ajza9WOUdDGwEODEsNdoS+OfGjOnnsAQp6+KXW5skJevxdFymU0/WrH9K3l/1BTa6lyjntn+FSTgAAAKAr05Ob6PCGXXR4w67at36bbpc/omHXor8faX5Vf216Rn9t+o/mp1ZUK5voJzP25RP5eRbDRsIEOmPcIbpw4sfU8YFG33h5fXvZrfrFqr8p7cMK5bAyhks5AQAAgK7sW7+NPjvu...
&amp#27;[38;5;216m[014cecff]&amp#27;[0m&amp#27;[38;5;-120m[AndroidUiautomator2Driver@6eaa]&amp#27;[0m Responding to client with driver.getScreenshot() result: "iVBORw0KGgoAAAANSUhEUgAABDgAAAjoCAYAAAA5jhrUAAAAAXNSR0IArs4c6QAAAARzQklUCAgICHwIZIgAACAASURBVHic7N13nFxV/f/x9zl3ZnezyWZTSEJIAwmhgwHpoBSRakDFAtJVBAQs+BUFCzYUBUUQRQF/IFIUpSkioIDSpIl0QhHSSS+bbJu55/z+mLIzO3e2zuzuzb6ePhD2lnPPuf185txzzNiXT/QCAAAAAACIMTvYGQAAAAAAAOgvAhwAAAAAACD2CHAAAAAAAIDYI8ABAAAAAABijwAHAAAAAACIPQIcAAAAAAAg9ghwAAAAAACA2CPAAQAAAAAAYo8ABwAAAAAAiD0CHAAAAAAAIPYIcAAAAAAAgNgjwAEAAAAAAGKPAAcAAAAAAIg9AhwAAAAAACD2CHAAAAAAAIDYI8ABAAAAAABijwAHAAAAAACIPQIcAAAAAAAg9ghwAAAAAACA2CPAAQAAAAAAYo8ABwAAAAAAiD0CHAAAAAAAIPYIcAAAAAAAgNgjwAEAAAAAAGKPAAcAAAAAAIi9xGBnABgKjIxM7t8m89+S5CV575X5n7L/H1/DpZwAAAAAhh8CHBi2jIwSxmrLmk1107QvavPkhC6Xfzu1XMcu+Kn+1/6O0t7FJggwXMoJAAAA9ERjUK8daqdrx7rparT12qFuuhqDkfn5a8MNerF1vta6Zr3QOl8vts3X2rB5UPK6b/02umvG13q07Jx5P9Ajza9WOUdDGwEODEsNdoS+OfGjOnnsAQp6+KXW5skJevxdFymU0/WrH9K3l/1BTa6lyjntn+FSTgAAAKAr05Ob6PCGXXR4w67at36bbpc/omHXor8faX5Vf216Rn9t+o/mp1ZUK5voJzP25RP5eRbDRsIEOmPcIbpw4sfU8YFG33h5fXvZrfrFqr8p7cMK5bAyhks5AQAAgK7sW7+NPjvuAyUBi/64u+kZ/WrVfQPSWoIWHL1DgAPDgpFRg63Tg1t8R1vUTKxo2m+1L9OB...
&amp#27;[38;5;216m[014cecff]&amp#27;[0m&amp#27;[38;5;86m[HTTP]&amp#27;[0m &amp#27;[37m<-- GET /session/014cecff-7335-4ae7-bebf-0d8e4d0b7d7a/screenshot &amp#27;[39m&amp#27;[32m200&amp#27;[39m &amp#27;[90m1068 ms - 617056&amp#27;[39m &amp#27;[90m&amp#27;[39m
&amp#27;[38;5;216m[014cecff]&amp#27;[0m&amp#27;[38;5;86m[HTTP]&amp#27;[0m &amp#27;[37m-->&amp#27;[39m &amp#27;[37mGET&amp#27;[39m &amp#27;[37m/session/014cecff-7335-4ae7-bebf-0d8e4d0b7d7a/screenshot&amp#27;[39m &amp#27;[90m{}&amp#27;[39m
&amp#27;[38;5;216m[014cecff]&amp#27;[0m&amp#27;[38;5;-120m[AndroidUiautomator2Driver@6eaa]&amp#27;[0m Calling AppiumDriver.getScreenshot() with args: ["014cecff-7335-4ae7-bebf-0d8e4d0b7d7a"]
&amp#27;[38;5;216m[014cecff]&amp#27;[0m&amp#27;[38;5;-120m[AndroidUiautomator2Driver@6eaa]&amp#27;[0m Matched '/screenshot' to command name 'getScreenshot'
&amp#27;[38;5;216m[014cecff]&amp#27;[0m&amp#27;[38;5;-120m[AndroidUiautomator2Driver@6eaa]&amp#27;[0m Proxying [GET /screenshot] to [GET http://127.0.0.1:8202/session/b128c8a0-1620-48d9-b82c-039cc77ce4ce/screenshot] with no body
&amp#27;[38;5;58m[7b0ef811]&amp#27;[0m&amp#27;[38;5;-93m[AndroidUiautomator2Driver@169d]&amp#27;[0m Got response with status 200: {"sessionId":"f3f9da7d-4c07-44b0-9a5e-a0ebd809af0d","value":"iVBORw0KGgoAAAANSUhEUgAABDgAAAlgCAYAAABtGofVAAAAAXNSR0IArs4c6QAAAARzQklUCAgICHwIZIgAACAASURBVHic7N13mFTV/T/w97ll2vZeaEtbYAHpRUAEC8aCaNRoLBi7sURNjGl+f9F84zfWRJMYNZbEGEVRUAEVsQZQQEBAeq/LsmyvszNzy++PZTe7O3NnZ7bP7PuVJ88j99w5c+aydx/ue875HJG0Y74JIiIiIiIiIqIIJnX3AIiIiIiIiIiI2osBBxERERERERFFPAYcRERERERERBTxGHAQERERERERUcRjwEFEREREREREEY8BBxERERERERFFPAYcRERERERERBTxGHAQERERERERUcRjwEFEREREREREEY8BBxERERERERFFPAYcRERERERERBTxGHAQERERERERUcRjwEFEREREREREEY8BBxERERERERFFPAYcRERERERERBTxGHAQERERERERUcRjwEFEREREREREEY8BBxERERERERFFPAYcRERERERERBTxGHAQERERERERUcRjwEFEREREREREEY8BBxERERERERFFPAYcRERERERERBTxGHAQERERERERUcRjwEFEREREREREEY8BBxERERERERFFPAYcRERERERERBTxGHAQERERERERUcRjwEFEREREREREEU/p7gEQERERERERdScBgVQlDlOduciz90W2mowsJQmZSiKckr1LxuA2PCjQynBCK8dxXyl2eI5hrXsPirUqmDC7ZAyRjgEHERERERER9SoCAjGSHTm2dMyJHYMzXCOQZ+8LRXTjI7Iciz5qSrNDmqlhu+coVtXsxIrqLTjkK0Kt4WHgYUEk7ZjPK0NERERERERRT0AgTnIg156NC+MmYF78ZCRIru4eVkjK9Gq8W7kOK6q3YLcnH1VGHYOOFhhwEBERERERUdSTINBf...
&amp#27;[38;5;58m[7b0ef811]&amp#27;[0m&amp#27;[38;5;-93m[AndroidUiautomator2Driver@169d]&amp#27;[0m Responding to client with driver.getScreenshot() result: "iVBORw0KGgoAAAANSUhEUgAABDgAAAlgCAYAAABtGofVAAAAAXNSR0IArs4c6QAAAARzQklUCAgICHwIZIgAACAASURBVHic7N13mFTV/T/w97ll2vZeaEtbYAHpRUAEC8aCaNRoLBi7sURNjGl+f9F84zfWRJMYNZbEGEVRUAEVsQZQQEBAeq/LsmyvszNzy++PZTe7O3NnZ7bP7PuVJ88j99w5c+aydx/ue875HJG0Y74JIiIiIiIiIqIIJnX3AIiIiIiIiIiI2osBBxERERERERFFPAYcRERERERERBTxGHAQERERERERUcRjwEFEREREREREEY8BBxERERERERFFPAYcRERERERERBTxGHAQERERERERUcRjwEFEREREREREEY8BBxERERERERFFPAYcRERERERERBTxGHAQERERERERUcRjwEFEREREREREEY8BBxERERERERFFPAYcRERERERERBTxGHAQERERERERUcRjwEFEREREREREEY8BBxERERERERFFPAYcRERERERERBTxGHAQERERERERUcRjwEFEREREREREEY8BBxERERERERFFPAYcRERERERERBTxGHAQERERERERUcRjwEFEREREREREEY8BBxERERERERFFPAYcRERERERERBTxGHAQERERERERUcRjwEFEREREREREEU/p7gEQERERERERdScBgVQlDlOduciz90W2mowsJQmZSiKckr1LxuA2PCjQynBCK8dxXyl2eI5hrXsPirUqmDC7ZAyRjgEHERERERER9SoCAjGSHTm2dMyJHYMzXCOQZ+8LRXTjI7Iciz5qSrNDmqlhu+coVtXsxIrqLTjkK0Kt4WHgYUEk7ZjPK0NERERERERRT0AgTnIg156NC+MmYF78ZCRIru4eVkjK9Gq8W7kOK6q3YLcnH1VGHYOOFhhwEBERERERUdSTINBfTcX3E6biwtgJ6G9LhRRhZSkNGDjiLcYH1RvxTsUaHPWVMORoggEHERERERER...
&amp#27;[38;5;58m[7b0ef811]&amp#27;[0m&amp#27;[38;5;86m[HTTP]&amp#27;[0m &amp#27;[37m<-- GET /session/7b0ef811-fa28-477d-ae5c-7e7dd0a70b20/screenshot &amp#27;[39m&amp#27;[32m200&amp#27;[39m &amp#27;[90m539 ms - 683808&amp#27;[39m &amp#27;[90m&amp#27;[39m
&amp#27;[38;5;58m[7b0ef811]&amp#27;[0m&amp#27;[38;5;86m[HTTP]&amp#27;[0m &amp#27;[37m-->&amp#27;[39m &amp#27;[37mGET&amp#27;[39m &amp#27;[37m/session/7b0ef811-fa28-477d-ae5c-7e7dd0a70b20/screenshot&amp#27;[39m &amp#27;[90m{}&amp#27;[39m
&amp#27;[38;5;58m[7b0ef811]&amp#27;[0m&amp#27;[38;5;-93m[AndroidUiautomator2Driver@169d]&amp#27;[0m Calling AppiumDriver.getScreenshot() with args: ["7b0ef811-fa28-477d-ae5c-7e7dd0a70b20"]
&amp#27;[38;5;58m[7b0ef811]&amp#27;[0m&amp#27;[38;5;-93m[AndroidUiautomator2Driver@169d]&amp#27;[0m Matched '/screenshot' to command name 'getScreenshot'
&amp#27;[38;5;58m[7b0ef811]&amp#27;[0m&amp#27;[38;5;-93m[AndroidUiautomator2Driver@169d]&amp#27;[0m Proxying [GET /screenshot] to [GET http://127.0.0.1:8201/session/f3f9da7d-4c07-44b0-9a5e-a0ebd809af0d/screenshot] with no body
&amp#27;[38;5;58m[7b0ef811]&amp#27;[0m&amp#27;[38;5;-93m[AndroidUiautomator2Driver@169d]&amp#27;[0m Got response with status 200: {"sessionId":"f3f9da7d-4c07-44b0-9a5e-a0ebd809af0d","value":"iVBORw0KGgoAAAANSUhEUgAABDgAAAlgCAYAAABtGofVAAAAAXNSR0IArs4c6QAAAARzQklUCAgICHwIZIgAACAASURBVHic7N13mFTV/T/w97ll2vZeaEtbYAHpRUAEC8aCaNRoLBi7sURNjGl+f9F84zfWRJMYNZbEGEVRUAEVsQZQQEBAeq/LsmyvszNzy++PZTe7O3NnZ7bP7PuVJ88j99w5c+aydx/ue875HJG0Y74JIiIiIiIiIqIIJnX3AIiIiIiIiIiI2osBBxERERERERFFPAYcRERERERERBTxGHAQERERERERUcRjwEFEREREREREEY8BBxERERERERFFPAYcRERERERERBTxGHAQERERERERUcRjwEFEREREREREEY8BBxERERERERFFPAYcRERERERERBTxGHAQERERERERUcRjwEFEREREREREEY8BBxERERERERFFPAYcRERERERERBTxGHAQERERERERUcRjwEFEREREREREEY8BBxERERERERFFPAYcRERERERERBTxGHAQERERERERUcRjwEFEREREREREEY8BBxERERERERFFPAYcRERERERERBTxGHAQERERERERUcRjwEFEREREREREEY8BBxERERERERFFPAYcRERERERERBTxGHAQERERERERUcRjwEFEREREREREEU/p7gEQERERERERdScBgVQlDlOduciz90W2mowsJQmZSiKckr1LxuA2PCjQynBCK8dxXyl2eI5hrXsPirUqmDC7ZAyRjgEHERERERER9SoCAjGSHTm2dMyJHYMzXCOQZ+8LRXTjI7Iciz5qSrNDmqlhu+coVtXsxIrqLTjkK0Kt4WHgYUEk7ZjPK0NERERERERRT0AgTnIg156NC+MmYF78ZCRIru4eVkjK9Gq8W7kOK6q3YLcnH1VGHYOOFhhwEBERERERUdSTINBf...
&amp#27;[38;5;58m[7b0ef811]&amp#27;[0m&amp#27;[38;5;-93m[AndroidUiautomator2Driver@169d]&amp#27;[0m Responding to client with driver.getScreenshot() result: "iVBORw0KGgoAAAANSUhEUgAABDgAAAlgCAYAAABtGofVAAAAAXNSR0IArs4c6QAAAARzQklUCAgICHwIZIgAACAASURBVHic7N13mFTV/T/w97ll2vZeaEtbYAHpRUAEC8aCaNRoLBi7sURNjGl+f9F84zfWRJMYNZbEGEVRUAEVsQZQQEBAeq/LsmyvszNzy++PZTe7O3NnZ7bP7PuVJ88j99w5c+aydx/ue875HJG0Y74JIiIiIiIiIqIIJnX3AIiIiIiIiIiI2osBBxERERERERFFPAYcRERERERERBTxGHAQERERERERUcRjwEFEREREREREEY8BBxERERERERFFPAYcRERERERERBTxGHAQERERERERUcRjwEFEREREREREEY8BBxERERERERFFPAYcRERERERERBTxGHAQERERERERUcRjwEFEREREREREEY8BBxERERERERFFPAYcRERERERERBTxGHAQERERERERUcRjwEFEREREREREEY8BBxERERERERFFPAYcRERERERERBTxGHAQERERERERUcRjwEFEREREREREEY8BBxERERERERFFPAYcRERERERERBTxGHAQERERERERUcRjwEFEREREREREEY8BBxERERERERFFPAYcRERERERERBTxGHAQERERERERUcRjwEFEREREREREEU/p7gEQERERERERdScBgVQlDlOduciz90W2mowsJQmZSiKckr1LxuA2PCjQynBCK8dxXyl2eI5hrXsPirUqmDC7ZAyRjgEHERERERER9SoCAjGSHTm2dMyJHYMzXCOQZ+8LRXTjI7Iciz5qSrNDmqlhu+coVtXsxIrqLTjkK0Kt4WHgYUEk7ZjPK0NERERERERRT0AgTnIg156NC+MmYF78ZCRIru4eVkjK9Gq8W7kOK6q3YLcnH1VGHYOOFhhwEBERERERUdSTINBfTcX3E6biwtgJ6G9LhRRhZSkNGDjiLcYH1RvxTsUaHPWVMORoggEHERERERER...
&amp#27;[38;5;58m[7b0ef811]&amp#27;[0m&amp#27;[38;5;86m[HTTP]&amp#27;[0m &amp#27;[37m<-- GET /session/7b0ef811-fa28-477d-ae5c-7e7dd0a70b20/screenshot &amp#27;[39m&amp#27;[32m200&amp#27;[39m &amp#27;[90m542 ms - 683808&amp#27;[39m &amp#27;[90m&amp#27;[39m
&amp#27;[38;5;58m[7b0ef811]&amp#27;[0m&amp#27;[38;5;86m[HTTP]&amp#27;[0m &amp#27;[37m-->&amp#27;[39m &amp#27;[37mPOST&amp#27;[39m &amp#27;[37m/session/7b0ef811-fa28-477d-ae5c-7e7dd0a70b20/element&amp#27;[39m &amp#27;[90m{"using":"id","value":"com.androidsample.generalstore:id/btnLetsShop"}&amp#27;[39m
&amp#27;[38;5;58m[7b0ef811]&amp#27;[0m&amp#27;[38;5;-93m[AndroidUiautomator2Driver@169d]&amp#27;[0m Calling AppiumDriver.findElement() with args: ["id","com.androidsample.generalstore:id/btnLetsShop","7b0ef811-fa28-477d-ae5c-7e7dd0a70b20"]
&amp#27;[38;5;58m[7b0ef811]&amp#27;[0m&amp#27;[38;5;-93m[AndroidUiautomator2Driver@169d]&amp#27;[0m Valid locator strategies for this request: xpath, id, class name, accessibility id, css selector, -android uiautomator
&amp#27;[38;5;58m[7b0ef811]&amp#27;[0m&amp#27;[38;5;-93m[AndroidUiautomator2Driver@169d]&amp#27;[0m Waiting up to 0 ms for condition
&amp#27;[38;5;58m[7b0ef811]&amp#27;[0m&amp#27;[38;5;-93m[AndroidUiautomator2Driver@169d]&amp#27;[0m Matched '/element' to command name 'findElement'
&amp#27;[38;5;58m[7b0ef811]&amp#27;[0m&amp#27;[38;5;-93m[AndroidUiautomator2Driver@169d]&amp#27;[0m Proxying [POST /element] to [POST http://127.0.0.1:8201/session/f3f9da7d-4c07-44b0-9a5e-a0ebd809af0d/element] with body: {"strategy":"id","selector":"com.androidsample.generalstore:id/btnLetsShop","context":"","multiple":false}
&amp#27;[38;5;216m[014cecff]&amp#27;[0m&amp#27;[38;5;-120m[AndroidUiautomator2Driver@6eaa]&amp#27;[0m Got response with status 200: {"sessionId":"b128c8a0-1620-48d9-b82c-039cc77ce4ce","value":"iVBORw0KGgoAAAANSUhEUgAABDgAAAjoCAYAAAA5jhrUAAAAAXNSR0IArs4c6QAAAARzQklUCAgICHwIZIgAACAASURBVHic7N13nFxV/f/x9zl3ZnezyWZTSEJIAwmhgwHpoBSRakDFAtJVBAQs+BUFCzYUBUUQRQF/IFIUpSkioIDSpIl0QhHSSS+bbJu55/z+mLIzO3e2zuzuzb6ePhD2lnPPuf185txzzNiXT/QCAAAAAACIMTvYGQAAAAAAAOgvAhwAAAAAACD2CHAAAAAAAIDYI8ABAAAAAABijwAHAAAAAACIPQIcAAAAAAAg9ghwAAAAAACA2CPAAQAAAAAAYo8ABwAAAAAAiD0CHAAAAAAAIPYIcAAAAAAAgNgjwAEAAAAAAGKPAAcAAAAAAIg9AhwAAAAAACD2CHAAAAAAAIDYI8ABAAAAAABijwAHAAAAAACIPQIcAAAAAAAg9ghwAAAAAACA2CPAAQAAAAAAYo8ABwAAAAAAiD0CHAAAAAAAIPYIcAAAAAAAgNgjwAEAAAAAAGKPAAcAAAAAAIi9xGBnABgKjIxM7t8m89+S5CV575X5n7L/H1/DpZwAAAAAhh8CHBi2jIwSxmrLmk1107QvavPkhC6Xfzu1XMcu+Kn+1/6O0t7FJggwXMoJAAAA9ERjUK8daqdrx7rparT12qFuuhqDkfn5a8MNerF1vta6Zr3QOl8vts3X2rB5UPK6b/02umvG13q07Jx5P9Ajza9WOUdDGwEODEsNdoS+OfGjOnnsAQp6+KXW5skJevxdFymU0/WrH9K3l/1BTa6lyjntn+FSTgAAAKAr05Ob6PCGXXR4w67at36bbpc/omHXor8faX5Vf216Rn9t+o/mp1ZUK5voJzP25RP5eRbDRsIEOmPcIbpw4sfU8YFG33h5fXvZrfrFqr8p7cMK5bAyhks5AQAAgK7sW7+NPjvu...
&amp#27;[38;5;216m[014cecff]&amp#27;[0m&amp#27;[38;5;-120m[AndroidUiautomator2Driver@6eaa]&amp#27;[0m Responding to client with driver.getScreenshot() result: "iVBORw0KGgoAAAANSUhEUgAABDgAAAjoCAYAAAA5jhrUAAAAAXNSR0IArs4c6QAAAARzQklUCAgICHwIZIgAACAASURBVHic7N13nFxV/f/x9zl3ZnezyWZTSEJIAwmhgwHpoBSRakDFAtJVBAQs+BUFCzYUBUUQRQF/IFIUpSkioIDSpIl0QhHSSS+bbJu55/z+mLIzO3e2zuzuzb6ePhD2lnPPuf185txzzNiXT/QCAAAAAACIMTvYGQAAAAAAAOgvAhwAAAAAACD2CHAAAAAAAIDYI8ABAAAAAABijwAHAAAAAACIPQIcAAAAAAAg9ghwAAAAAACA2CPAAQAAAAAAYo8ABwAAAAAAiD0CHAAAAAAAIPYIcAAAAAAAgNgjwAEAAAAAAGKPAAcAAAAAAIg9AhwAAAAAACD2CHAAAAAAAIDYI8ABAAAAAABijwAHAAAAAACIPQIcAAAAAAAg9ghwAAAAAACA2CPAAQAAAAAAYo8ABwAAAAAAiD0CHAAAAAAAIPYIcAAAAAAAgNgjwAEAAAAAAGKPAAcAAAAAAIi9xGBnABgKjIxM7t8m89+S5CV575X5n7L/H1/DpZwAAAAAhh8CHBi2jIwSxmrLmk1107QvavPkhC6Xfzu1XMcu+Kn+1/6O0t7FJggwXMoJAAAA9ERjUK8daqdrx7rparT12qFuuhqDkfn5a8MNerF1vta6Zr3QOl8vts3X2rB5UPK6b/02umvG13q07Jx5P9Ajza9WOUdDGwEODEsNdoS+OfGjOnnsAQp6+KXW5skJevxdFymU0/WrH9K3l/1BTa6lyjntn+FSTgAAAKAr05Ob6PCGXXR4w67at36bbpc/omHXor8faX5Vf216Rn9t+o/mp1ZUK5voJzP25RP5eRbDRsIEOmPcIbpw4sfU8YFG33h5fXvZrfrFqr8p7cMK5bAyhks5AQAAgK7sW7+NPjvuAyUBi/64u+kZ/WrVfQPSWoIWHL1DgAPDgpFRg63Tg1t8R1vUTKxo2m+1L9OB...
&amp#27;[38;5;216m[014cecff]&amp#27;[0m&amp#27;[38;5;86m[HTTP]&amp#27;[0m &amp#27;[37m<-- GET /session/014cecff-7335-4ae7-bebf-0d8e4d0b7d7a/screenshot &amp#27;[39m&amp#27;[32m200&amp#27;[39m &amp#27;[90m1062 ms - 620244&amp#27;[39m &amp#27;[90m&amp#27;[39m
&amp#27;[38;5;58m[7b0ef811]&amp#27;[0m&amp#27;[38;5;-93m[AndroidUiautomator2Driver@169d]&amp#27;[0m Got response with status 200: {"sessionId":"f3f9da7d-4c07-44b0-9a5e-a0ebd809af0d","value":{"ELEMENT":"00000000-0000-144c-ffff-ffff00000021","element-6066-11e4-a52e-4f735466cecf":"00000000-0000-144c-ffff-ffff00000021"}}
&amp#27;[38;5;58m[7b0ef811]&amp#27;[0m&amp#27;[38;5;-93m[AndroidUiautomator2Driver@169d]&amp#27;[0m Responding to client with driver.findElement() result: {"element-6066-11e4-a52e-4f735466cecf":"00000000-0000-144c-ffff-ffff00000021","ELEMENT":"00000000-0000-144c-ffff-ffff00000021"}
&amp#27;[38;5;58m[7b0ef811]&amp#27;[0m&amp#27;[38;5;86m[HTTP]&amp#27;[0m &amp#27;[37m<-- POST /session/7b0ef811-fa28-477d-ae5c-7e7dd0a70b20/element &amp#27;[39m&amp#27;[32m200&amp#27;[39m &amp#27;[90m57 ms - 137&amp#27;[39m &amp#27;[90m&amp#27;[39m
&amp#27;[38;5;58m[7b0ef811]&amp#27;[0m&amp#27;[38;5;86m[HTTP]&amp#27;[0m &amp#27;[37m-->&amp#27;[39m &amp#27;[37mPOST&amp#27;[39m &amp#27;[37m/session/7b0ef811-fa28-477d-ae5c-7e7dd0a70b20/element/00000000-0000-144c-ffff-ffff00000021/click&amp#27;[39m &amp#27;[90m{"id":"00000000-0000-144c-ffff-ffff00000021"}&amp#27;[39m
&amp#27;[38;5;58m[7b0ef811]&amp#27;[0m&amp#27;[38;5;-93m[AndroidUiautomator2Driver@169d]&amp#27;[0m Calling AppiumDriver.click() with args: ["00000000-0000-144c-ffff-ffff00000021","7b0ef811-fa28-477d-ae5c-7e7dd0a70b20"]
&amp#27;[38;5;58m[7b0ef811]&amp#27;[0m&amp#27;[38;5;-93m[AndroidUiautomator2Driver@169d]&amp#27;[0m Matched '/element/00000000-0000-144c-ffff-ffff00000021/click' to command name 'click'
&amp#27;[38;5;58m[7b0ef811]&amp#27;[0m&amp#27;[38;5;-93m[AndroidUiautomator2Driver@169d]&amp#27;[0m Proxying [POST /element/00000000-0000-144c-ffff-ffff00000021/click] to [POST http://127.0.0.1:8201/session/f3f9da7d-4c07-44b0-9a5e-a0ebd809af0d/element/00000000-0000-144c-ffff-ffff00000021/click] with body: {"element":"00000000-0000-144c-ffff-ffff00000021"}
&amp#27;[38;5;216m[014cecff]&amp#27;[0m&amp#27;[38;5;86m[HTTP]&amp#27;[0m &amp#27;[37m-->&amp#27;[39m &amp#27;[37mPOST&amp#27;[39m &amp#27;[37m/session/014cecff-7335-4ae7-bebf-0d8e4d0b7d7a/element&amp#27;[39m &amp#27;[90m{"using":"-android uiautomator","value":"new UiScrollable(new UiSelector()).scrollIntoView(text(\"Argentina\"));"}&amp#27;[39m
&amp#27;[38;5;216m[014cecff]&amp#27;[0m&amp#27;[38;5;-120m[AndroidUiautomator2Driver@6eaa]&amp#27;[0m Calling AppiumDriver.findElement() with args: ["-android uiautomator","new UiScrollable(new UiSelector()).scrollIntoView(text(\"Argentina\"));","014cecff-7335-4ae7-bebf-0d8e4d0b7d7a"]
&amp#27;[38;5;216m[014cecff]&amp#27;[0m&amp#27;[38;5;-120m[AndroidUiautomator2Driver@6eaa]&amp#27;[0m Valid locator strategies for this request: xpath, id, class name, accessibility id, css selector, -android uiautomator
&amp#27;[38;5;216m[014cecff]&amp#27;[0m&amp#27;[38;5;-120m[AndroidUiautomator2Driver@6eaa]&amp#27;[0m Waiting up to 0 ms for condition
&amp#27;[38;5;216m[014cecff]&amp#27;[0m&amp#27;[38;5;-120m[AndroidUiautomator2Driver@6eaa]&amp#27;[0m Matched '/element' to command name 'findElement'
&amp#27;[38;5;216m[014cecff]&amp#27;[0m&amp#27;[38;5;-120m[AndroidUiautomator2Driver@6eaa]&amp#27;[0m Proxying [POST /element] to [POST http://127.0.0.1:8202/session/b128c8a0-1620-48d9-b82c-039cc77ce4ce/element] with body: {"strategy":"-android uiautomator","selector":"new UiScrollable(new UiSelector()).scrollIntoView(text(\"Argentina\"));","context":"","multiple":false}
&amp#27;[38;5;58m[7b0ef811]&amp#27;[0m&amp#27;[38;5;-93m[AndroidUiautomator2Driver@169d]&amp#27;[0m Got response with status 200: {"sessionId":"f3f9da7d-4c07-44b0-9a5e-a0ebd809af0d","value":null}
&amp#27;[38;5;58m[7b0ef811]&amp#27;[0m&amp#27;[38;5;-93m[AndroidUiautomator2Driver@169d]&amp#27;[0m Responding to client with driver.click() result: null
&amp#27;[38;5;58m[7b0ef811]&amp#27;[0m&amp#27;[38;5;86m[HTTP]&amp#27;[0m &amp#27;[37m<-- POST /session/7b0ef811-fa28-477d-ae5c-7e7dd0a70b20/element/00000000-0000-144c-ffff-ffff00000021/click &amp#27;[39m&amp#27;[32m200&amp#27;[39m &amp#27;[90m98 ms - 14&amp#27;[39m &amp#27;[90m&amp#27;[39m
&amp#27;[38;5;58m[7b0ef811]&amp#27;[0m&amp#27;[38;5;86m[HTTP]&amp#27;[0m &amp#27;[37m-->&amp#27;[39m &amp#27;[37mGET&amp#27;[39m &amp#27;[37m/session/7b0ef811-fa28-477d-ae5c-7e7dd0a70b20/screenshot&amp#27;[39m &amp#27;[90m{}&amp#27;[39m
&amp#27;[38;5;58m[7b0ef811]&amp#27;[0m&amp#27;[38;5;-93m[AndroidUiautomator2Driver@169d]&amp#27;[0m Calling AppiumDriver.getScreenshot() with args: ["7b0ef811-fa28-477d-ae5c-7e7dd0a70b20"]
&amp#27;[38;5;58m[7b0ef811]&amp#27;[0m&amp#27;[38;5;-93m[AndroidUiautomator2Driver@169d]&amp#27;[0m Matched '/screenshot' to command name 'getScreenshot'
&amp#27;[38;5;58m[7b0ef811]&amp#27;[0m&amp#27;[38;5;-93m[AndroidUiautomator2Driver@169d]&amp#27;[0m Proxying [GET /screenshot] to [GET http://127.0.0.1:8201/session/f3f9da7d-4c07-44b0-9a5e-a0ebd809af0d/screenshot] with no body
&amp#27;[38;5;58m[7b0ef811]&amp#27;[0m&amp#27;[38;5;-93m[AndroidUiautomator2Driver@169d]&amp#27;[0m Got response with status 200: {"sessionId":"f3f9da7d-4c07-44b0-9a5e-a0ebd809af0d","value":"iVBORw0KGgoAAAANSUhEUgAABDgAAAlgCAYAAABtGofVAAAAAXNSR0IArs4c6QAAAARzQklUCAgICHwIZIgAACAASURBVHic7N13eFvV/T/w97lDkmXLeydx4uxFyE4IIRDCTtmrpOxZKKXQUvptoev77aRQCv21ZbVAyyqQhBBm2CSQkL33jh073rY8JN31+8OxsSNdWfKW/X49T5+n3HN1dHSjmyf3rXM+RySvW2CBiIiIiIiIiKiXq5r2im2b1I3jICIiIiIiIiLqEgw4iIiIiIiIiCjmMeAgIiIiIiIiopjHgIOIiIiIiIiIYh4DDiIiIiIiIiKKeQw4iIiIiIiIiCjmMeAgIiIiIiIiopjHgIOIiIiIiIiIYh4DDiIiIiIiIiKKeQw4iIiIiIiIiCjmMeAgIiIiIiIiopjHgIOIiIiIiIiIYh4DDiIiIiIiIiKKeQw4iIiIiIiIiCjmMeAgIiIiIiIiopjHgIOIiIiIiIiIYh4DDiIiIiIiIiKKeQw4iIiIiIiIiCjmMeAgIiIiIiIiopjHgIOIiIiIiIiIYh4DDiIiIiIiIiKKeQw4iIiIiIiIiCjmMeAgIiIiIiIiopjHgIOIiIiIiIiIYh4DDiIiIiIiIiKKeQw4iIiIiIiIiCjmMeAgIiIiIiIiopjHgIOIiIiIiIiIYh4DDiIiIiIiIiKKeUpPD4CIiIiIiIioJwkIpCsezEwYhbFxg5CrpiLXkYpsNQVxkqNbxtBgBlAUqECRVomjWgW2NxzBqtpdKNO9sGB1yxhiHQMOIiIiIiIi6lcEBOJlJ4Y4MnFO0iSc5hmLsa5BUIXcc4OSgQFqaqtDmmVgW8NhLK/djmXVG3HQX4J608/Aw4ZIXreAV4aIiIiIiIj6PAEBjxyHka5czE+eikuSZyBJdvf0sCJSadRhceVKfFC9Ebt8hfAaDf0y6Kia9optG2dwEBER...
&amp#27;[38;5;58m[7b0ef811]&amp#27;[0m&amp#27;[38;5;-93m[AndroidUiautomator2Driver@169d]&amp#27;[0m Responding to client with driver.getScreenshot() result: "iVBORw0KGgoAAAANSUhEUgAABDgAAAlgCAYAAABtGofVAAAAAXNSR0IArs4c6QAAAARzQklUCAgICHwIZIgAACAASURBVHic7N13eFvV/T/w97lDkmXLeydx4uxFyE4IIRDCTtmrpOxZKKXQUvptoev77aRQCv21ZbVAyyqQhBBm2CSQkL33jh073rY8JN31+8OxsSNdWfKW/X49T5+n3HN1dHSjmyf3rXM+RySvW2CBiIiIiIiIiKiXq5r2im2b1I3jICIiIiIiIiLqEgw4iIiIiIiIiCjmMeAgIiIiIiIiopjHgIOIiIiIiIiIYh4DDiIiIiIiIiKKeQw4iIiIiIiIiCjmMeAgIiIiIiIiopjHgIOIiIiIiIiIYh4DDiIiIiIiIiKKeQw4iIiIiIiIiCjmMeAgIiIiIiIiopjHgIOIiIiIiIiIYh4DDiIiIiIiIiKKeQw4iIiIiIiIiCjmMeAgIiIiIiIiopjHgIOIiIiIiIiIYh4DDiIiIiIiIiKKeQw4iIiIiIiIiCjmMeAgIiIiIiIiopjHgIOIiIiIiIiIYh4DDiIiIiIiIiKKeQw4iIiIiIiIiCjmMeAgIiIiIiIiopjHgIOIiIiIiIiIYh4DDiIiIiIiIiKKeQw4iIiIiIiIiCjmMeAgIiIiIiIiopjHgIOIiIiIiIiIYh4DDiIiIiIiIiKKeUpPD4CIiIiIiIioJwkIpCsezEwYhbFxg5CrpiLXkYpsNQVxkqNbxtBgBlAUqECRVomjWgW2NxzBqtpdKNO9sGB1yxhiHQMOIiIiIiIi6lcEBOJlJ4Y4MnFO0iSc5hmLsa5BUIXcc4OSgQFqaqtDmmVgW8NhLK/djmXVG3HQX4J608/Aw4ZIXreAV4aIiIiIiIj6PAEBjxyHka5czE+eikuSZyBJdvf0sCJSadRhceVKfFC9Ebt8hfAaDf0y6Kia9optG2dwEBERERERUZ8nQSDPmYHLUk7B/OSpGOzIgATR08OKWIocjxvT52Fu4gS8U7UWb1R8...
&amp#27;[38;5;58m[7b0ef811]&amp#27;[0m&amp#27;[38;5;86m[HTTP]&amp#27;[0m &amp#27;[37m<-- GET /session/7b0ef811-fa28-477d-ae5c-7e7dd0a70b20/screenshot &amp#27;[39m&amp#27;[32m200&amp#27;[39m &amp#27;[90m526 ms - 686396&amp#27;[39m &amp#27;[90m&amp#27;[39m
&amp#27;[38;5;58m[7b0ef811]&amp#27;[0m&amp#27;[38;5;86m[HTTP]&amp#27;[0m &amp#27;[37m-->&amp#27;[39m &amp#27;[37mGET&amp#27;[39m &amp#27;[37m/session/7b0ef811-fa28-477d-ae5c-7e7dd0a70b20/screenshot&amp#27;[39m &amp#27;[90m{}&amp#27;[39m
&amp#27;[38;5;58m[7b0ef811]&amp#27;[0m&amp#27;[38;5;-93m[AndroidUiautomator2Driver@169d]&amp#27;[0m Calling AppiumDriver.getScreenshot() with args: ["7b0ef811-fa28-477d-ae5c-7e7dd0a70b20"]
&amp#27;[38;5;58m[7b0ef811]&amp#27;[0m&amp#27;[38;5;-93m[AndroidUiautomator2Driver@169d]&amp#27;[0m Matched '/screenshot' to command name 'getScreenshot'
&amp#27;[38;5;58m[7b0ef811]&amp#27;[0m&amp#27;[38;5;-93m[AndroidUiautomator2Driver@169d]&amp#27;[0m Proxying [GET /screenshot] to [GET http://127.0.0.1:8201/session/f3f9da7d-4c07-44b0-9a5e-a0ebd809af0d/screenshot] with no body
&amp#27;[38;5;58m[7b0ef811]&amp#27;[0m&amp#27;[38;5;-93m[AndroidUiautomator2Driver@169d]&amp#27;[0m Got response with status 200: {"sessionId":"f3f9da7d-4c07-44b0-9a5e-a0ebd809af0d","value":"iVBORw0KGgoAAAANSUhEUgAABDgAAAlgCAYAAABtGofVAAAAAXNSR0IArs4c6QAAAARzQklUCAgICHwIZIgAACAASURBVHic7N13eFvl+T7w+wxNW952PLL3IJMsskgCYYWQAGnL3nRBf0BpKVD6bekGWihl77ILbSAkbAgJ2YFMsvdw4r2H1lm/Pxy7tnUkS16y7PvTq9cFZ7znkUMS6db7Pq+QvOc6A0REREREREREMUyMdgFERERERERERG3FgIOIiIiIiIiIYh4DDiIiIiIiIiKKeQw4iIiIiIiIiCjmMeAgIiIiIiIiopjHgIOIiIiIiIiIYh4DDiIiIiIiIiKKeQw4iIiIiIiIiCjmMeAgIiIiIiIiopjHgIOIiIiIiIiIYh4DDiIiIiIiIiKKeQw4iIiIiIiIiCjmMeAgIiIiIiIiopjHgIOIiIiIiIiIYh4DDiIiIiIiIiKKeQw4iIiIiIiIiCjmMeAgIiIiIiIiopjHgIOIiIiIiIiIYh4DDiIiIiIiIiKKeQw4iIiIiIiIiCjmMeAgIiIiIiIiopjHgIOIiIiIiIiIYh4DDiIiIiIiIiKKeQw4iIiIiIiIiCjmMeAgIiIiIiIiopjHgIOIiIiIiIiIYh4DDiIiIiIiIiKKeQw4iIiIiIiIiCjmMeAgIiIiIiIiopgnR7sAIiIiIiIiomgSICBNdmGqYyhG2noj25KCLDkZmXISHKKtU2rw6D7kq+UoUCuQp5Rhj+8kNnoOoESthgGjU2qIdQw4iIiIiIiIqEcRICBOtKG/NQPnxY/FTOcIjLT1hixE8SOyFI8cS2qTQ6qhYrcvF2tq9+Lzmh04phTDrfsYeAQhJO+5jj8ZIiIiIiIi6vYECHCJdgy1ZWO+60wsTJiMRNEZ7bLCUq7V4P2qTfi8Zgf2+06hWvcy6GiGAQcRERERERF1eyIE9LWk4bLEqZgffyb6...
&amp#27;[38;5;58m[7b0ef811]&amp#27;[0m&amp#27;[38;5;-93m[AndroidUiautomator2Driver@169d]&amp#27;[0m Responding to client with driver.getScreenshot() result: "iVBORw0KGgoAAAANSUhEUgAABDgAAAlgCAYAAABtGofVAAAAAXNSR0IArs4c6QAAAARzQklUCAgICHwIZIgAACAASURBVHic7N13eFvl+T7w+wxNW952PLL3IJMsskgCYYWQAGnL3nRBf0BpKVD6bekGWihl77ILbSAkbAgJ2YFMsvdw4r2H1lm/Pxy7tnUkS16y7PvTq9cFZ7znkUMS6db7Pq+QvOc6A0REREREREREMUyMdgFERERERERERG3FgIOIiIiIiIiIYh4DDiIiIiIiIiKKeQw4iIiIiIiIiCjmMeAgIiIiIiIiopjHgIOIiIiIiIiIYh4DDiIiIiIiIiKKeQw4iIiIiIiIiCjmMeAgIiIiIiIiopjHgIOIiIiIiIiIYh4DDiIiIiIiIiKKeQw4iIiIiIiIiCjmMeAgIiIiIiIiopjHgIOIiIiIiIiIYh4DDiIiIiIiIiKKeQw4iIiIiIiIiCjmMeAgIiIiIiIiopjHgIOIiIiIiIiIYh4DDiIiIiIiIiKKeQw4iIiIiIiIiCjmMeAgIiIiIiIiopjHgIOIiIiIiIiIYh4DDiIiIiIiIiKKeQw4iIiIiIiIiCjmMeAgIiIiIiIiopjHgIOIiIiIiIiIYh4DDiIiIiIiIiKKeQw4iIiIiIiIiCjmMeAgIiIiIiIiopgnR7sAIiIiIiIiomgSICBNdmGqYyhG2noj25KCLDkZmXISHKKtU2rw6D7kq+UoUCuQp5Rhj+8kNnoOoESthgGjU2qIdQw4iIiIiIiIqEcRICBOtKG/NQPnxY/FTOcIjLT1hixE8SOyFI8cS2qTQ6qhYrcvF2tq9+Lzmh04phTDrfsYeAQhJO+5jj8ZIiIiIiIi6vYECHCJdgy1ZWO+60wsTJiMRNEZ7bLCUq7V4P2qTfi8Zgf2+06hWvcy6GiGAQcRERERERF1eyIE9LWk4bLEqZgffyb6WtMgxlhbSh06TvhL8FHNFvy3cgNylVKGHI0w4CAiIiIiIqJub5StD25PvRAz...
&amp#27;[38;5;58m[7b0ef811]&amp#27;[0m&amp#27;[38;5;86m[HTTP]&amp#27;[0m &amp#27;[37m<-- GET /session/7b0ef811-fa28-477d-ae5c-7e7dd0a70b20/screenshot &amp#27;[39m&amp#27;[32m200&amp#27;[39m &amp#27;[90m380 ms - 381648&amp#27;[39m &amp#27;[90m&amp#27;[39m
&amp#27;[38;5;216m[014cecff]&amp#27;[0m&amp#27;[38;5;-120m[AndroidUiautomator2Driver@6eaa]&amp#27;[0m Got response with status 200: {"sessionId":"b128c8a0-1620-48d9-b82c-039cc77ce4ce","value":{"ELEMENT":"00000000-0000-090d-ffff-ffff00000032","element-6066-11e4-a52e-4f735466cecf":"00000000-0000-090d-ffff-ffff00000032"}}
&amp#27;[38;5;216m[014cecff]&amp#27;[0m&amp#27;[38;5;-120m[AndroidUiautomator2Driver@6eaa]&amp#27;[0m Responding to client with driver.findElement() result: {"element-6066-11e4-a52e-4f735466cecf":"00000000-0000-090d-ffff-ffff00000032","ELEMENT":"00000000-0000-090d-ffff-ffff00000032"}
&amp#27;[38;5;216m[014cecff]&amp#27;[0m&amp#27;[38;5;86m[HTTP]&amp#27;[0m &amp#27;[37m<-- POST /session/014cecff-7335-4ae7-bebf-0d8e4d0b7d7a/element &amp#27;[39m&amp#27;[32m200&amp#27;[39m &amp#27;[90m3123 ms - 137&amp#27;[39m &amp#27;[90m&amp#27;[39m
&amp#27;[38;5;216m[014cecff]&amp#27;[0m&amp#27;[38;5;86m[HTTP]&amp#27;[0m &amp#27;[37m-->&amp#27;[39m &amp#27;[37mPOST&amp#27;[39m &amp#27;[37m/session/014cecff-7335-4ae7-bebf-0d8e4d0b7d7a/element&amp#27;[39m &amp#27;[90m{"using":"xpath","value":"//android.widget.TextView[@text='Argentina']"}&amp#27;[39m
&amp#27;[38;5;216m[014cecff]&amp#27;[0m&amp#27;[38;5;-120m[AndroidUiautomator2Driver@6eaa]&amp#27;[0m Calling AppiumDriver.findElement() with args: ["xpath","//android.widget.TextView[@text='Argentina']","014cecff-7335-4ae7-bebf-0d8e4d0b7d7a"]
&amp#27;[38;5;216m[014cecff]&amp#27;[0m&amp#27;[38;5;-120m[AndroidUiautomator2Driver@6eaa]&amp#27;[0m Valid locator strategies for this request: xpath, id, class name, accessibility id, css selector, -android uiautomator
&amp#27;[38;5;216m[014cecff]&amp#27;[0m&amp#27;[38;5;-120m[AndroidUiautomator2Driver@6eaa]&amp#27;[0m Waiting up to 0 ms for condition
&amp#27;[38;5;216m[014cecff]&amp#27;[0m&amp#27;[38;5;-120m[AndroidUiautomator2Driver@6eaa]&amp#27;[0m Matched '/element' to command name 'findElement'
&amp#27;[38;5;216m[014cecff]&amp#27;[0m&amp#27;[38;5;-120m[AndroidUiautomator2Driver@6eaa]&amp#27;[0m Proxying [POST /element] to [POST http://127.0.0.1:8202/session/b128c8a0-1620-48d9-b82c-039cc77ce4ce/element] with body: {"strategy":"xpath","selector":"//android.widget.TextView[@text='Argentina']","context":"","multiple":false}
&amp#27;[38;5;216m[014cecff]&amp#27;[0m&amp#27;[38;5;-120m[AndroidUiautomator2Driver@6eaa]&amp#27;[0m Got response with status 200: {"sessionId":"b128c8a0-1620-48d9-b82c-039cc77ce4ce","value":{"ELEMENT":"00000000-0000-090d-ffff-ffff00000032","element-6066-11e4-a52e-4f735466cecf":"00000000-0000-090d-ffff-ffff00000032"}}
&amp#27;[38;5;216m[014cecff]&amp#27;[0m&amp#27;[38;5;-120m[AndroidUiautomator2Driver@6eaa]&amp#27;[0m Responding to client with driver.findElement() result: {"element-6066-11e4-a52e-4f735466cecf":"00000000-0000-090d-ffff-ffff00000032","ELEMENT":"00000000-0000-090d-ffff-ffff00000032"}
&amp#27;[38;5;216m[014cecff]&amp#27;[0m&amp#27;[38;5;86m[HTTP]&amp#27;[0m &amp#27;[37m<-- POST /session/014cecff-7335-4ae7-bebf-0d8e4d0b7d7a/element &amp#27;[39m&amp#27;[32m200&amp#27;[39m &amp#27;[90m442 ms - 137&amp#27;[39m &amp#27;[90m&amp#27;[39m
&amp#27;[38;5;216m[014cecff]&amp#27;[0m&amp#27;[38;5;86m[HTTP]&amp#27;[0m &amp#27;[37m-->&amp#27;[39m &amp#27;[37mPOST&amp#27;[39m &amp#27;[37m/session/014cecff-7335-4ae7-bebf-0d8e4d0b7d7a/element/00000000-0000-090d-ffff-ffff00000032/click&amp#27;[39m &amp#27;[90m{"id":"00000000-0000-090d-ffff-ffff00000032"}&amp#27;[39m
&amp#27;[38;5;216m[014cecff]&amp#27;[0m&amp#27;[38;5;-120m[AndroidUiautomator2Driver@6eaa]&amp#27;[0m Calling AppiumDriver.click() with args: ["00000000-0000-090d-ffff-ffff00000032","014cecff-7335-4ae7-bebf-0d8e4d0b7d7a"]
&amp#27;[38;5;216m[014cecff]&amp#27;[0m&amp#27;[38;5;-120m[AndroidUiautomator2Driver@6eaa]&amp#27;[0m Matched '/element/00000000-0000-090d-ffff-ffff00000032/click' to command name 'click'
&amp#27;[38;5;216m[014cecff]&amp#27;[0m&amp#27;[38;5;-120m[AndroidUiautomator2Driver@6eaa]&amp#27;[0m Proxying [POST /element/00000000-0000-090d-ffff-ffff00000032/click] to [POST http://127.0.0.1:8202/session/b128c8a0-1620-48d9-b82c-039cc77ce4ce/element/00000000-0000-090d-ffff-ffff00000032/click] with body: {"element":"00000000-0000-090d-ffff-ffff00000032"}
&amp#27;[38;5;58m[7b0ef811]&amp#27;[0m&amp#27;[38;5;86m[HTTP]&amp#27;[0m &amp#27;[37m-->&amp#27;[39m &amp#27;[37mGET&amp#27;[39m &amp#27;[37m/session/7b0ef811-fa28-477d-ae5c-7e7dd0a70b20/screenshot&amp#27;[39m &amp#27;[90m{}&amp#27;[39m
&amp#27;[38;5;58m[7b0ef811]&amp#27;[0m&amp#27;[38;5;-93m[AndroidUiautomator2Driver@169d]&amp#27;[0m Calling AppiumDriver.getScreenshot() with args: ["7b0ef811-fa28-477d-ae5c-7e7dd0a70b20"]
&amp#27;[38;5;58m[7b0ef811]&amp#27;[0m&amp#27;[38;5;-93m[AndroidUiautomator2Driver@169d]&amp#27;[0m Matched '/screenshot' to command name 'getScreenshot'
&amp#27;[38;5;58m[7b0ef811]&amp#27;[0m&amp#27;[38;5;-93m[AndroidUiautomator2Driver@169d]&amp#27;[0m Proxying [GET /screenshot] to [GET http://127.0.0.1:8201/session/f3f9da7d-4c07-44b0-9a5e-a0ebd809af0d/screenshot] with no body
&amp#27;[38;5;216m[014cecff]&amp#27;[0m&amp#27;[38;5;-120m[AndroidUiautomator2Driver@6eaa]&amp#27;[0m Got response with status 200: {"sessionId":"b128c8a0-1620-48d9-b82c-039cc77ce4ce","value":null}
&amp#27;[38;5;216m[014cecff]&amp#27;[0m&amp#27;[38;5;-120m[AndroidUiautomator2Driver@6eaa]&amp#27;[0m Responding to client with driver.click() result: null
&amp#27;[38;5;216m[014cecff]&amp#27;[0m&amp#27;[38;5;86m[HTTP]&amp#27;[0m &amp#27;[37m<-- POST /session/014cecff-7335-4ae7-bebf-0d8e4d0b7d7a/element/00000000-0000-090d-ffff-ffff00000032/click &amp#27;[39m&amp#27;[32m200&amp#27;[39m &amp#27;[90m601 ms - 14&amp#27;[39m &amp#27;[90m&amp#27;[39m
&amp#27;[38;5;216m[014cecff]&amp#27;[0m&amp#27;[38;5;86m[HTTP]&amp#27;[0m &amp#27;[37m-->&amp#27;[39m &amp#27;[37mGET&amp#27;[39m &amp#27;[37m/session/014cecff-7335-4ae7-bebf-0d8e4d0b7d7a/screenshot&amp#27;[39m &amp#27;[90m{}&amp#27;[39m
&amp#27;[38;5;216m[014cecff]&amp#27;[0m&amp#27;[38;5;-120m[AndroidUiautomator2Driver@6eaa]&amp#27;[0m Calling AppiumDriver.getScreenshot() with args: ["014cecff-7335-4ae7-bebf-0d8e4d0b7d7a"]
&amp#27;[38;5;216m[014cecff]&amp#27;[0m&amp#27;[38;5;-120m[AndroidUiautomator2Driver@6eaa]&amp#27;[0m Matched '/screenshot' to command name 'getScreenshot'
&amp#27;[38;5;216m[014cecff]&amp#27;[0m&amp#27;[38;5;-120m[AndroidUiautomator2Driver@6eaa]&amp#27;[0m Proxying [GET /screenshot] to [GET http://127.0.0.1:8202/session/b128c8a0-1620-48d9-b82c-039cc77ce4ce/screenshot] with no body
&amp#27;[38;5;58m[7b0ef811]&amp#27;[0m&amp#27;[38;5;-93m[AndroidUiautomator2Driver@169d]&amp#27;[0m Got response with status 200: {"sessionId":"f3f9da7d-4c07-44b0-9a5e-a0ebd809af0d","value":"iVBORw0KGgoAAAANSUhEUgAABDgAAAlgCAYAAABtGofVAAAAAXNSR0IArs4c6QAAAARzQklUCAgICHwIZIgAACAASURBVHic7N13eFvl+T7w+wxNW952PLL3IJMsskgCYYWQAGnL3nRBf0BpKVD6bekGWihl77ILbSAkbAgJ2YFMsvdw4r2H1lm/Pxy7tnUkS16y7PvTq9cFZ7znkUMS6db7Pq+QvOc6A0REREREREREMUyMdgFERERERERERG3FgIOIiIiIiIiIYh4DDiIiIiIiIiKKeQw4iIiIiIiIiCjmMeAgIiIiIiIiopjHgIOIiIiIiIiIYh4DDiIiIiIiIiKKeQw4iIiIiIiIiCjmMeAgIiIiIiIiopjHgIOIiIiIiIiIYh4DDiIiIiIiIiKKeQw4iIiIiIiIiCjmMeAgIiIiIiIiopjHgIOIiIiIiIiIYh4DDiIiIiIiIiKKeQw4iIiIiIiIiCjmMeAgIiIiIiIiopjHgIOIiIiIiIiIYh4DDiIiIiIiIiKKeQw4iIiIiIiIiCjmMeAgIiIiIiIiopjHgIOIiIiIiIiIYh4DDiIiIiIiIiKKeQw4iIiIiIiIiCjmMeAgIiIiIiIiopjHgIOIiIiIiIiIYh4DDiIiIiIiIiKKeQw4iIiIiIiIiCjmMeAgIiIiIiIiopgnR7sAIiIiIiIiomgSICBNdmGqYyhG2noj25KCLDkZmXISHKKtU2rw6D7kq+UoUCuQp5Rhj+8kNnoOoESthgGjU2qIdQw4iIiIiIiIqEcRICBOtKG/NQPnxY/FTOcIjLT1hixE8SOyFI8cS2qTQ6qhYrcvF2tq9+Lzmh04phTDrfsYeAQhJO+5jj8ZIiIiIiIi6vYECHCJdgy1ZWO+60wsTJiMRNEZ7bLCUq7V4P2qTfi8Zgf2+06hWvcy6GiGAQcRERERERF1eyIE9LWk4bLEqZgffyb6...
&amp#27;[38;5;58m[7b0ef811]&amp#27;[0m&amp#27;[38;5;-93m[AndroidUiautomator2Driver@169d]&amp#27;[0m Responding to client with driver.getScreenshot() result: "iVBORw0KGgoAAAANSUhEUgAABDgAAAlgCAYAAABtGofVAAAAAXNSR0IArs4c6QAAAARzQklUCAgICHwIZIgAACAASURBVHic7N13eFvl+T7w+wxNW952PLL3IJMsskgCYYWQAGnL3nRBf0BpKVD6bekGWihl77ILbSAkbAgJ2YFMsvdw4r2H1lm/Pxy7tnUkS16y7PvTq9cFZ7znkUMS6db7Pq+QvOc6A0REREREREREMUyMdgFERERERERERG3FgIOIiIiIiIiIYh4DDiIiIiIiIiKKeQw4iIiIiIiIiCjmMeAgIiIiIiIiopjHgIOIiIiIiIiIYh4DDiIiIiIiIiKKeQw4iIiIiIiIiCjmMeAgIiIiIiIiopjHgIOIiIiIiIiIYh4DDiIiIiIiIiKKeQw4iIiIiIiIiCjmMeAgIiIiIiIiopjHgIOIiIiIiIiIYh4DDiIiIiIiIiKKeQw4iIiIiIiIiCjmMeAgIiIiIiIiopjHgIOIiIiIiIiIYh4DDiIiIiIiIiKKeQw4iIiIiIiIiCjmMeAgIiIiIiIiopjHgIOIiIiIiIiIYh4DDiIiIiIiIiKKeQw4iIiIiIiIiCjmMeAgIiIiIiIiopjHgIOIiIiIiIiIYh4DDiIiIiIiIiKKeQw4iIiIiIiIiCjmMeAgIiIiIiIiopgnR7sAIiIiIiIiomgSICBNdmGqYyhG2noj25KCLDkZmXISHKKtU2rw6D7kq+UoUCuQp5Rhj+8kNnoOoESthgGjU2qIdQw4iIiIiIiIqEcRICBOtKG/NQPnxY/FTOcIjLT1hixE8SOyFI8cS2qTQ6qhYrcvF2tq9+Lzmh04phTDrfsYeAQhJO+5jj8ZIiIiIiIi6vYECHCJdgy1ZWO+60wsTJiMRNEZ7bLCUq7V4P2qTfi8Zgf2+06hWvcy6GiGAQcRERERERF1eyIE9LWk4bLEqZgffyb6WtMgxlhbSh06TvhL8FHNFvy3cgNylVKGHI0w4CAiIiIiIqJub5StD25PvRAz...
&amp#27;[38;5;58m[7b0ef811]&amp#27;[0m&amp#27;[38;5;86m[HTTP]&amp#27;[0m &amp#27;[37m<-- GET /session/7b0ef811-fa28-477d-ae5c-7e7dd0a70b20/screenshot &amp#27;[39m&amp#27;[32m200&amp#27;[39m &amp#27;[90m386 ms - 381648&amp#27;[39m &amp#27;[90m&amp#27;[39m
]]></system-out>
  </testcase>
  <testcase name="ThirdCase" classname="org.testCase.TestCase3" time="25.403">
    <system-out><![CDATA[&amp#27;[38;5;58m[7b0ef811]&amp#27;[0m&amp#27;[38;5;86m[HTTP]&amp#27;[0m &amp#27;[37m-->&amp#27;[39m &amp#27;[37mPOST&amp#27;[39m &amp#27;[37m/session/7b0ef811-fa28-477d-ae5c-7e7dd0a70b20/execute/sync&amp#27;[39m &amp#27;[90m{"script":"mobile: isAppInstalled","args":[{"bundleId":"com.androidsample.generalstore","appId":"com.androidsample.generalstore"}]}&amp#27;[39m
&amp#27;[38;5;58m[7b0ef811]&amp#27;[0m&amp#27;[38;5;-93m[AndroidUiautomator2Driver@169d]&amp#27;[0m Calling AppiumDriver.execute() with args: ["mobile: isAppInstalled",[{"bundleId":"com.androidsample.generalstore","appId":"com.androidsample.generalstore"}],"7b0ef811-fa28-477d-ae5c-7e7dd0a70b20"]
&amp#27;[38;5;58m[7b0ef811]&amp#27;[0m&amp#27;[38;5;123m[BaseDriver]&amp#27;[0m The following script arguments are not known and will be ignored: bundleId
&amp#27;[38;5;58m[7b0ef811]&amp#27;[0m&amp#27;[38;5;229m[ADB]&amp#27;[0m Getting install status for com.androidsample.generalstore
&amp#27;[38;5;58m[7b0ef811]&amp#27;[0m&amp#27;[38;5;229m[ADB]&amp#27;[0m Running 'C:\Users\sajus\AppData\Local\Android\Sdk\platform-tools\adb.exe -P 5037 -s R3CRC00KHBT shell cmd package list packages'
&amp#27;[38;5;58m[7b0ef811]&amp#27;[0m&amp#27;[38;5;229m[ADB]&amp#27;[0m 'com.androidsample.generalstore' is installed
&amp#27;[38;5;58m[7b0ef811]&amp#27;[0m&amp#27;[38;5;-93m[AndroidUiautomator2Driver@169d]&amp#27;[0m Responding to client with driver.execute() result: true
&amp#27;[38;5;58m[7b0ef811]&amp#27;[0m&amp#27;[38;5;86m[HTTP]&amp#27;[0m &amp#27;[37m<-- POST /session/7b0ef811-fa28-477d-ae5c-7e7dd0a70b20/execute/sync &amp#27;[39m&amp#27;[32m200&amp#27;[39m &amp#27;[90m140 ms - 14&amp#27;[39m &amp#27;[90m&amp#27;[39m
&amp#27;[38;5;58m[7b0ef811]&amp#27;[0m&amp#27;[38;5;86m[HTTP]&amp#27;[0m &amp#27;[37m-->&amp#27;[39m &amp#27;[37mPOST&amp#27;[39m &amp#27;[37m/session/7b0ef811-fa28-477d-ae5c-7e7dd0a70b20/execute/sync&amp#27;[39m &amp#27;[90m{"script":"mobile: terminateApp","args":[{"bundleId":"com.androidsample.generalstore","appId":"com.androidsample.generalstore"}]}&amp#27;[39m
&amp#27;[38;5;58m[7b0ef811]&amp#27;[0m&amp#27;[38;5;-93m[AndroidUiautomator2Driver@169d]&amp#27;[0m Calling AppiumDriver.execute() with args: ["mobile: terminateApp",[{"bundleId":"com.androidsample.generalstore","appId":"com.androidsample.generalstore"}],"7b0ef811-fa28-477d-ae5c-7e7dd0a70b20"]
&amp#27;[38;5;58m[7b0ef811]&amp#27;[0m&amp#27;[38;5;123m[BaseDriver]&amp#27;[0m The following script arguments are not known and will be ignored: bundleId
&amp#27;[38;5;58m[7b0ef811]&amp#27;[0m&amp#27;[38;5;-93m[AndroidUiautomator2Driver@169d]&amp#27;[0m Terminating 'com.androidsample.generalstore'
&amp#27;[38;5;58m[7b0ef811]&amp#27;[0m&amp#27;[38;5;229m[ADB]&amp#27;[0m Getting IDs of all 'com.androidsample.generalstore' processes
&amp#27;[38;5;58m[7b0ef811]&amp#27;[0m&amp#27;[38;5;229m[ADB]&amp#27;[0m Running 'C:\Users\sajus\AppData\Local\Android\Sdk\platform-tools\adb.exe -P 5037 -s R3CRC00KHBT shell pgrep -f \(\[\[:blank:\]\]\|\^\)com\.androidsample\.generalstore\(:\[a-zA-Z0-9_-\]\+\)\?\(\[\[:blank:\]\]\|\$\)'
&amp#27;[38;5;58m[7b0ef811]&amp#27;[0m&amp#27;[38;5;229m[ADB]&amp#27;[0m Running 'C:\Users\sajus\AppData\Local\Android\Sdk\platform-tools\adb.exe -P 5037 -s R3CRC00KHBT shell am force-stop com.androidsample.generalstore'
&amp#27;[38;5;58m[7b0ef811]&amp#27;[0m&amp#27;[38;5;-93m[AndroidUiautomator2Driver@169d]&amp#27;[0m Querying the state of 'com.androidsample.generalstore'
&amp#27;[38;5;58m[7b0ef811]&amp#27;[0m&amp#27;[38;5;229m[ADB]&amp#27;[0m Getting install status for com.androidsample.generalstore
&amp#27;[38;5;58m[7b0ef811]&amp#27;[0m&amp#27;[38;5;229m[ADB]&amp#27;[0m Running 'C:\Users\sajus\AppData\Local\Android\Sdk\platform-tools\adb.exe -P 5037 -s R3CRC00KHBT shell cmd package list packages'
&amp#27;[38;5;58m[7b0ef811]&amp#27;[0m&amp#27;[38;5;229m[ADB]&amp#27;[0m 'com.androidsample.generalstore' is installed
&amp#27;[38;5;58m[7b0ef811]&amp#27;[0m&amp#27;[38;5;229m[ADB]&amp#27;[0m Getting IDs of all 'com.androidsample.generalstore' processes
&amp#27;[38;5;58m[7b0ef811]&amp#27;[0m&amp#27;[38;5;229m[ADB]&amp#27;[0m Running 'C:\Users\sajus\AppData\Local\Android\Sdk\platform-tools\adb.exe -P 5037 -s R3CRC00KHBT shell pgrep -f \(\[\[:blank:\]\]\|\^\)com\.androidsample\.generalstore\(:\[a-zA-Z0-9_-\]\+\)\?\(\[\[:blank:\]\]\|\$\)'
&amp#27;[38;5;216m[014cecff]&amp#27;[0m&amp#27;[38;5;-120m[AndroidUiautomator2Driver@6eaa]&amp#27;[0m Got response with status 200: {"sessionId":"b128c8a0-1620-48d9-b82c-039cc77ce4ce","value":"iVBORw0KGgoAAAANSUhEUgAABDgAAAjoCAYAAAA5jhrUAAAAAXNSR0IArs4c6QAAAARzQklUCAgICHwIZIgAACAASURBVHic7N13nFxV/f/x9zl3ZnezyWZTSEJIAwmhgwHpoBSRakDFAtJVBAQs+BUFCzYUBUUQRQF/IFIUpSkioIDSpIl0QhHSSS+bbJu55/z+mLIzO3e2zuzuzb6ePhD2lnPPuf185txzzNiXT/QCAAAAAACIMTvYGQAAAAAAAOgvAhwAAAAAACD2CHAAAAAAAIDYI8ABAAAAAABijwAHAAAAAACIPQIcAAAAAAAg9ghwAAAAAACA2CPAAQAAAAAAYo8ABwAAAAAAiD0CHAAAAAAAIPYIcAAAAAAAgNgjwAEAAAAAAGKPAAcAAAAAAIg9AhwAAAAAACD2CHAAAAAAAIDYI8ABAAAAAABijwAHAAAAAACIPQIcAAAAAAAg9ghwAAAAAACA2CPAAQAAAAAAYo8ABwAAAAAAiD0CHAAAAAAAIPYIcAAAAAAAgNgjwAEAAAAAAGKPAAcAAAAAAIi9xGBnABgKjIxM7t8m89+S5CV575X5n7L/H1/DpZwAAAAAhh8CHBi2jIwSxmrLmk1107QvavPkhC6Xfzu1XMcu+Kn+1/6O0t7FJggwXMoJAAAA9ERjUK8daqdrx7rparT12qFuuhqDkfn5a8MNerF1vta6Zr3QOl8vts3X2rB5UPK6b/02umvG13q07Jx5P9Ajza9WOUdDGwEODEsNdoS+OfGjOnnsAQp6+KXW5skJevxdFymU0/WrH9K3l/1BTa6lyjntn+FSTgAAAKAr05Ob6PCGXXR4w67at36bbpc/omHXor8faX5Vf216Rn9t+o/mp1ZUK5voJzP25RP5eRbDRsIEOmPcIbpw4sfU8YFG33h5fXvZrfrFqr8p7cMK5bAyhks5AQAAgK7sW7+NPjvu...
&amp#27;[38;5;216m[014cecff]&amp#27;[0m&amp#27;[38;5;-120m[AndroidUiautomator2Driver@6eaa]&amp#27;[0m Responding to client with driver.getScreenshot() result: "iVBORw0KGgoAAAANSUhEUgAABDgAAAjoCAYAAAA5jhrUAAAAAXNSR0IArs4c6QAAAARzQklUCAgICHwIZIgAACAASURBVHic7N13nFxV/f/x9zl3ZnezyWZTSEJIAwmhgwHpoBSRakDFAtJVBAQs+BUFCzYUBUUQRQF/IFIUpSkioIDSpIl0QhHSSS+bbJu55/z+mLIzO3e2zuzuzb6ePhD2lnPPuf185txzzNiXT/QCAAAAAACIMTvYGQAAAAAAAOgvAhwAAAAAACD2CHAAAAAAAIDYI8ABAAAAAABijwAHAAAAAACIPQIcAAAAAAAg9ghwAAAAAACA2CPAAQAAAAAAYo8ABwAAAAAAiD0CHAAAAAAAIPYIcAAAAAAAgNgjwAEAAAAAAGKPAAcAAAAAAIg9AhwAAAAAACD2CHAAAAAAAIDYI8ABAAAAAABijwAHAAAAAACIPQIcAAAAAAAg9ghwAAAAAACA2CPAAQAAAAAAYo8ABwAAAAAAiD0CHAAAAAAAIPYIcAAAAAAAgNgjwAEAAAAAAGKPAAcAAAAAAIi9xGBnABgKjIxM7t8m89+S5CV575X5n7L/H1/DpZwAAAAAhh8CHBi2jIwSxmrLmk1107QvavPkhC6Xfzu1XMcu+Kn+1/6O0t7FJggwXMoJAAAA9ERjUK8daqdrx7rparT12qFuuhqDkfn5a8MNerF1vta6Zr3QOl8vts3X2rB5UPK6b/02umvG13q07Jx5P9Ajza9WOUdDGwEODEsNdoS+OfGjOnnsAQp6+KXW5skJevxdFymU0/WrH9K3l/1BTa6lyjntn+FSTgAAAKAr05Ob6PCGXXR4w67at36bbpc/omHXor8faX5Vf216Rn9t+o/mp1ZUK5voJzP25RP5eRbDRsIEOmPcIbpw4sfU8YFG33h5fXvZrfrFqr8p7cMK5bAyhks5AQAAgK7sW7+NPjvuAyUBi/64u+kZ/WrVfQPSWoIWHL1DgAPDgpFRg63Tg1t8R1vUTKxo2m+1L9OB...
&amp#27;[38;5;216m[014cecff]&amp#27;[0m&amp#27;[38;5;86m[HTTP]&amp#27;[0m &amp#27;[37m<-- GET /session/014cecff-7335-4ae7-bebf-0d8e4d0b7d7a/screenshot &amp#27;[39m&amp#27;[32m200&amp#27;[39m &amp#27;[90m1052 ms - 599144&amp#27;[39m &amp#27;[90m&amp#27;[39m
&amp#27;[38;5;216m[014cecff]&amp#27;[0m&amp#27;[38;5;86m[HTTP]&amp#27;[0m &amp#27;[37m-->&amp#27;[39m &amp#27;[37mGET&amp#27;[39m &amp#27;[37m/session/014cecff-7335-4ae7-bebf-0d8e4d0b7d7a/screenshot&amp#27;[39m &amp#27;[90m{}&amp#27;[39m
&amp#27;[38;5;216m[014cecff]&amp#27;[0m&amp#27;[38;5;-120m[AndroidUiautomator2Driver@6eaa]&amp#27;[0m Calling AppiumDriver.getScreenshot() with args: ["014cecff-7335-4ae7-bebf-0d8e4d0b7d7a"]
&amp#27;[38;5;216m[014cecff]&amp#27;[0m&amp#27;[38;5;-120m[AndroidUiautomator2Driver@6eaa]&amp#27;[0m Matched '/screenshot' to command name 'getScreenshot'
&amp#27;[38;5;216m[014cecff]&amp#27;[0m&amp#27;[38;5;-120m[AndroidUiautomator2Driver@6eaa]&amp#27;[0m Proxying [GET /screenshot] to [GET http://127.0.0.1:8202/session/b128c8a0-1620-48d9-b82c-039cc77ce4ce/screenshot] with no body
&amp#27;[38;5;58m[7b0ef811]&amp#27;[0m&amp#27;[38;5;-93m[AndroidUiautomator2Driver@169d]&amp#27;[0m 'com.androidsample.generalstore' has been successfully terminated
&amp#27;[38;5;58m[7b0ef811]&amp#27;[0m&amp#27;[38;5;-93m[AndroidUiautomator2Driver@169d]&amp#27;[0m Responding to client with driver.execute() result: true
&amp#27;[38;5;58m[7b0ef811]&amp#27;[0m&amp#27;[38;5;86m[HTTP]&amp#27;[0m &amp#27;[37m<-- POST /session/7b0ef811-fa28-477d-ae5c-7e7dd0a70b20/execute/sync &amp#27;[39m&amp#27;[32m200&amp#27;[39m &amp#27;[90m722 ms - 14&amp#27;[39m &amp#27;[90m&amp#27;[39m
🛑 App terminated: com.androidsample.generalstore
&amp#27;[38;5;58m[7b0ef811]&amp#27;[0m&amp#27;[38;5;86m[HTTP]&amp#27;[0m &amp#27;[37m-->&amp#27;[39m &amp#27;[37mDELETE&amp#27;[39m &amp#27;[37m/session/7b0ef811-fa28-477d-ae5c-7e7dd0a70b20&amp#27;[39m &amp#27;[90m{}&amp#27;[39m
&amp#27;[38;5;58m[7b0ef811]&amp#27;[0m&amp#27;[38;5;-93m[AndroidUiautomator2Driver@169d]&amp#27;[0m Calling AppiumDriver.deleteSession() with args: ["7b0ef811-fa28-477d-ae5c-7e7dd0a70b20"]
&amp#27;[38;5;58m[7b0ef811]&amp#27;[0m&amp#27;[38;5;52m[AppiumDriver@7ebd]&amp#27;[0m Event 'quitSessionRequested' logged at 1750278534344 (16:28:54 GMT-0400 (Eastern Daylight Saving Time))
&amp#27;[38;5;58m[7b0ef811]&amp#27;[0m&amp#27;[38;5;52m[AppiumDriver@7ebd]&amp#27;[0m Removing session 7b0ef811-fa28-477d-ae5c-7e7dd0a70b20 from our master session list
&amp#27;[38;5;58m[7b0ef811]&amp#27;[0m&amp#27;[38;5;-93m[AndroidUiautomator2Driver@169d]&amp#27;[0m Deleting UiAutomator2 session
&amp#27;[38;5;58m[7b0ef811]&amp#27;[0m&amp#27;[38;5;-93m[AndroidUiautomator2Driver@169d]&amp#27;[0m Deleting UiAutomator2 server session
&amp#27;[38;5;58m[7b0ef811]&amp#27;[0m&amp#27;[38;5;-93m[AndroidUiautomator2Driver@169d]&amp#27;[0m Proxying [DELETE /] to [DELETE http://127.0.0.1:8201/session/f3f9da7d-4c07-44b0-9a5e-a0ebd809af0d] with no body
&amp#27;[38;5;58m[7b0ef811]&amp#27;[0m&amp#27;[38;5;-93m[AndroidUiautomator2Driver@169d]&amp#27;[0m Got response with status 200: {"sessionId":"f3f9da7d-4c07-44b0-9a5e-a0ebd809af0d","value":null}
&amp#27;[38;5;58m[7b0ef811]&amp#27;[0m&amp#27;[38;5;229m[ADB]&amp#27;[0m Getting IDs of all 'io.appium.uiautomator2.server' processes
&amp#27;[38;5;58m[7b0ef811]&amp#27;[0m&amp#27;[38;5;229m[ADB]&amp#27;[0m Running 'C:\Users\sajus\AppData\Local\Android\Sdk\platform-tools\adb.exe -P 5037 -s R3CRC00KHBT shell pgrep -f \(\[\[:blank:\]\]\|\^\)io\.appium\.uiautomator2\.server\(:\[a-zA-Z0-9_-\]\+\)\?\(\[\[:blank:\]\]\|\$\)'
&amp#27;[38;5;58m[7b0ef811]&amp#27;[0m&amp#27;[38;5;-93m[AndroidUiautomator2Driver@169d]&amp#27;[0m [Instrumentation] io.appium.uiautomator2.server.test.AppiumUiAutomator2Server:.
&amp#27;[38;5;58m[7b0ef811]&amp#27;[0m&amp#27;[38;5;-93m[AndroidUiautomator2Driver@169d]&amp#27;[0m [Instrumentation] 
&amp#27;[38;5;58m[7b0ef811]&amp#27;[0m&amp#27;[38;5;-93m[AndroidUiautomator2Driver@169d]&amp#27;[0m [Instrumentation] Time: 22.428
&amp#27;[38;5;58m[7b0ef811]&amp#27;[0m&amp#27;[38;5;-93m[AndroidUiautomator2Driver@169d]&amp#27;[0m [Instrumentation] 
&amp#27;[38;5;58m[7b0ef811]&amp#27;[0m&amp#27;[38;5;-93m[AndroidUiautomator2Driver@169d]&amp#27;[0m [Instrumentation] OK (1 test)
&amp#27;[38;5;58m[7b0ef811]&amp#27;[0m&amp#27;[38;5;-93m[AndroidUiautomator2Driver@169d]&amp#27;[0m [Instrumentation] 
&amp#27;[38;5;58m[7b0ef811]&amp#27;[0m&amp#27;[38;5;-93m[AndroidUiautomator2Driver@169d]&amp#27;[0m [Instrumentation] 
&amp#27;[38;5;58m[7b0ef811]&amp#27;[0m&amp#27;[38;5;-93m[AndroidUiautomator2Driver@169d]&amp#27;[0m [Instrumentation] The process has exited with code 0, signal null
&amp#27;[38;5;58m[7b0ef811]&amp#27;[0m&amp#27;[38;5;229m[ADB]&amp#27;[0m Running 'C:\Users\sajus\AppData\Local\Android\Sdk\platform-tools\adb.exe -P 5037 -s R3CRC00KHBT shell am force-stop io.appium.uiautomator2.server'
&amp#27;[38;5;58m[7b0ef811]&amp#27;[0m&amp#27;[38;5;229m[ADB]&amp#27;[0m Running 'C:\Users\sajus\AppData\Local\Android\Sdk\platform-tools\adb.exe -P 5037 -s R3CRC00KHBT shell am force-stop io.appium.uiautomator2.server.test'
&amp#27;[38;5;58m[7b0ef811]&amp#27;[0m&amp#27;[38;5;229m[ADB]&amp#27;[0m Running 'C:\Users\sajus\AppData\Local\Android\Sdk\platform-tools\adb.exe -P 5037 -s R3CRC00KHBT shell dumpsys activity services io.appium.settings/.recorder.RecorderService'
&amp#27;[38;5;58m[7b0ef811]&amp#27;[0m&amp#27;[38;5;229m[ADB]&amp#27;[0m Removing forwarded port socket connection: 8201 
&amp#27;[38;5;58m[7b0ef811]&amp#27;[0m&amp#27;[38;5;229m[ADB]&amp#27;[0m Running 'C:\Users\sajus\AppData\Local\Android\Sdk\platform-tools\adb.exe -P 5037 -s R3CRC00KHBT forward --remove tcp:8201'
&amp#27;[38;5;58m[7b0ef811]&amp#27;[0m&amp#27;[38;5;-93m[AndroidUiautomator2Driver@169d]&amp#27;[0m Restoring hidden api policy to the device default configuration
&amp#27;[38;5;58m[7b0ef811]&amp#27;[0m&amp#27;[38;5;229m[ADB]&amp#27;[0m Running 'C:\Users\sajus\AppData\Local\Android\Sdk\platform-tools\adb.exe -P 5037 -s R3CRC00KHBT shell 'settings delete global hidden_api_policy_pre_p_apps;settings delete global hidden_api_policy_p_apps;settings delete global hidden_api_policy''
&amp#27;[38;5;58m[7b0ef811]&amp#27;[0m&amp#27;[38;5;160m[Logcat]&amp#27;[0m Stopping logcat capture
&amp#27;[38;5;58m[7b0ef811]&amp#27;[0m&amp#27;[38;5;52m[AppiumDriver@7ebd]&amp#27;[0m Event 'quitSessionFinished' logged at 1750278535232 (16:28:55 GMT-0400 (Eastern Daylight Saving Time))
&amp#27;[38;5;58m[7b0ef811]&amp#27;[0m&amp#27;[38;5;52m[AppiumDriver@7ebd]&amp#27;[0m Received response: null
&amp#27;[38;5;58m[7b0ef811]&amp#27;[0m&amp#27;[38;5;52m[AppiumDriver@7ebd]&amp#27;[0m But deleting session, so not returning
&amp#27;[38;5;58m[7b0ef811]&amp#27;[0m&amp#27;[38;5;52m[AppiumDriver@7ebd]&amp#27;[0m Responding to client with driver.deleteSession() result: null
&amp#27;[38;5;58m[7b0ef811]&amp#27;[0m&amp#27;[38;5;86m[HTTP]&amp#27;[0m &amp#27;[37m<-- DELETE /session/7b0ef811-fa28-477d-ae5c-7e7dd0a70b20 &amp#27;[39m&amp#27;[32m200&amp#27;[39m &amp#27;[90m890 ms - 14&amp#27;[39m &amp#27;[90m&amp#27;[39m
&amp#27;[38;5;86m[HTTP]&amp#27;[0m &amp#27;[37m-->&amp#27;[39m &amp#27;[37mGET&amp#27;[39m &amp#27;[37m/status&amp#27;[39m &amp#27;[90m{}&amp#27;[39m
&amp#27;[38;5;52m[AppiumDriver@7ebd]&amp#27;[0m Calling AppiumDriver.getStatus() with args: []
&amp#27;[38;5;52m[AppiumDriver@7ebd]&amp#27;[0m Responding to client with driver.getStatus() result: {"ready":true,"message":"The server is ready to accept new connections","build":{"version":"2.18.0"}}
&amp#27;[38;5;86m[HTTP]&amp#27;[0m &amp#27;[37m<-- GET /status &amp#27;[39m&amp#27;[32m200&amp#27;[39m &amp#27;[90m1 ms - 111&amp#27;[39m &amp#27;[90m&amp#27;[39m
&amp#27;[38;5;216m[014cecff]&amp#27;[0m&amp#27;[38;5;-120m[AndroidUiautomator2Driver@6eaa]&amp#27;[0m Got response with status 200: {"sessionId":"b128c8a0-1620-48d9-b82c-039cc77ce4ce","value":"iVBORw0KGgoAAAANSUhEUgAABDgAAAjoCAYAAAA5jhrUAAAAAXNSR0IArs4c6QAAAARzQklUCAgICHwIZIgAACAASURBVHic7N13nFxV/f/x9zl3ZnezyWZTSEJIAwmhgwHpoBSRakDFAtJVBAQs+BUFCzYUBUUQRQF/IFIUpSkioIDSpIl0QhHSSS+bbJu55/z+mLIzO3e2zuzuzb6ePhD2lnPPuf185txzzNiXT/QCAAAAAACIMTvYGQAAAAAAAOgvAhwAAAAAACD2CHAAAAAAAIDYI8ABAAAAAABijwAHAAAAAACIPQIcAAAAAAAg9ghwAAAAAACA2CPAAQAAAAAAYo8ABwAAAAAAiD0CHAAAAAAAIPYIcAAAAAAAgNgjwAEAAAAAAGKPAAcAAAAAAIg9AhwAAAAAACD2CHAAAAAAAIDYI8ABAAAAAABijwAHAAAAAACIPQIcAAAAAAAg9ghwAAAAAACA2CPAAQAAAAAAYo8ABwAAAAAAiD0CHAAAAAAAIPYIcAAAAAAAgNgjwAEAAAAAAGKPAAcAAAAAAIi9xGBnABgKjIxM7t8m89+S5CV575X5n7L/H1/DpZwAAAAAhh8CHBi2jIwSxmrLmk1107QvavPkhC6Xfzu1XMcu+Kn+1/6O0t7FJggwXMoJAAAA9ERjUK8daqdrx7rparT12qFuuhqDkfn5a8MNerF1vta6Zr3QOl8vts3X2rB5UPK6b/02umvG13q07Jx5P9Ajza9WOUdDGwEODEsNdoS+OfGjOnnsAQp6+KXW5skJevxdFymU0/WrH9K3l/1BTa6lyjntn+FSTgAAAKAr05Ob6PCGXXR4w67at36bbpc/omHXor8faX5Vf216Rn9t+o/mp1ZUK5voJzP25RP5eRbDRsIEOmPcIbpw4sfU8YFG33h5fXvZrfrFqr8p7cMK5bAyhks5AQAAgK7sW7+NPjvu...
&amp#27;[38;5;216m[014cecff]&amp#27;[0m&amp#27;[38;5;-120m[AndroidUiautomator2Driver@6eaa]&amp#27;[0m Responding to client with driver.getScreenshot() result: "iVBORw0KGgoAAAANSUhEUgAABDgAAAjoCAYAAAA5jhrUAAAAAXNSR0IArs4c6QAAAARzQklUCAgICHwIZIgAACAASURBVHic7N13nFxV/f/x9zl3ZnezyWZTSEJIAwmhgwHpoBSRakDFAtJVBAQs+BUFCzYUBUUQRQF/IFIUpSkioIDSpIl0QhHSSS+bbJu55/z+mLIzO3e2zuzuzb6ePhD2lnPPuf185txzzNiXT/QCAAAAAACIMTvYGQAAAAAAAOgvAhwAAAAAACD2CHAAAAAAAIDYI8ABAAAAAABijwAHAAAAAACIPQIcAAAAAAAg9ghwAAAAAACA2CPAAQAAAAAAYo8ABwAAAAAAiD0CHAAAAAAAIPYIcAAAAAAAgNgjwAEAAAAAAGKPAAcAAAAAAIg9AhwAAAAAACD2CHAAAAAAAIDYI8ABAAAAAABijwAHAAAAAACIPQIcAAAAAAAg9ghwAAAAAACA2CPAAQAAAAAAYo8ABwAAAAAAiD0CHAAAAAAAIPYIcAAAAAAAgNgjwAEAAAAAAGKPAAcAAAAAAIi9xGBnABgKjIxM7t8m89+S5CV575X5n7L/H1/DpZwAAAAAhh8CHBi2jIwSxmrLmk1107QvavPkhC6Xfzu1XMcu+Kn+1/6O0t7FJggwXMoJAAAA9ERjUK8daqdrx7rparT12qFuuhqDkfn5a8MNerF1vta6Zr3QOl8vts3X2rB5UPK6b/02umvG13q07Jx5P9Ajza9WOUdDGwEODEsNdoS+OfGjOnnsAQp6+KXW5skJevxdFymU0/WrH9K3l/1BTa6lyjntn+FSTgAAAKAr05Ob6PCGXXR4w67at36bbpc/omHXor8faX5Vf216Rn9t+o/mp1ZUK5voJzP25RP5eRbDRsIEOmPcIbpw4sfU8YFG33h5fXvZrfrFqr8p7cMK5bAyhks5AQAAgK7sW7+NPjvuAyUBi/64u+kZ/WrVfQPSWoIWHL1DgAPDgpFRg63Tg1t8R1vUTKxo2m+1L9OB...
&amp#27;[38;5;216m[014cecff]&amp#27;[0m&amp#27;[38;5;86m[HTTP]&amp#27;[0m &amp#27;[37m<-- GET /session/014cecff-7335-4ae7-bebf-0d8e4d0b7d7a/screenshot &amp#27;[39m&amp#27;[32m200&amp#27;[39m &amp#27;[90m1044 ms - 599144&amp#27;[39m &amp#27;[90m&amp#27;[39m
Appium server stopped
✅ Test completed for device: Samsung_Galaxy_S21

📊 Test Summary:
✅ Passed:  3
❌ Failed:  2
⚠️ Skipped: 0
Σ  Total:   5
&amp#27;[38;5;216m[014cecff]&amp#27;[0m&amp#27;[38;5;86m[HTTP]&amp#27;[0m &amp#27;[37m-->&amp#27;[39m &amp#27;[37mPOST&amp#27;[39m &amp#27;[37m/session/014cecff-7335-4ae7-bebf-0d8e4d0b7d7a/element&amp#27;[39m &amp#27;[90m{"using":"id","value":"com.androidsample.generalstore:id/btnLetsShop"}&amp#27;[39m
&amp#27;[38;5;216m[014cecff]&amp#27;[0m&amp#27;[38;5;-120m[AndroidUiautomator2Driver@6eaa]&amp#27;[0m Calling AppiumDriver.findElement() with args: ["id","com.androidsample.generalstore:id/btnLetsShop","014cecff-7335-4ae7-bebf-0d8e4d0b7d7a"]
&amp#27;[38;5;216m[014cecff]&amp#27;[0m&amp#27;[38;5;-120m[AndroidUiautomator2Driver@6eaa]&amp#27;[0m Valid locator strategies for this request: xpath, id, class name, accessibility id, css selector, -android uiautomator
&amp#27;[38;5;216m[014cecff]&amp#27;[0m&amp#27;[38;5;-120m[AndroidUiautomator2Driver@6eaa]&amp#27;[0m Waiting up to 0 ms for condition
&amp#27;[38;5;216m[014cecff]&amp#27;[0m&amp#27;[38;5;-120m[AndroidUiautomator2Driver@6eaa]&amp#27;[0m Matched '/element' to command name 'findElement'
&amp#27;[38;5;216m[014cecff]&amp#27;[0m&amp#27;[38;5;-120m[AndroidUiautomator2Driver@6eaa]&amp#27;[0m Proxying [POST /element] to [POST http://127.0.0.1:8202/session/b128c8a0-1620-48d9-b82c-039cc77ce4ce/element] with body: {"strategy":"id","selector":"com.androidsample.generalstore:id/btnLetsShop","context":"","multiple":false}
&amp#27;[38;5;216m[014cecff]&amp#27;[0m&amp#27;[38;5;-120m[AndroidUiautomator2Driver@6eaa]&amp#27;[0m Got response with status 200: {"sessionId":"b128c8a0-1620-48d9-b82c-039cc77ce4ce","value":{"ELEMENT":"00000000-0000-090c-ffff-ffff00000021","element-6066-11e4-a52e-4f735466cecf":"00000000-0000-090c-ffff-ffff00000021"}}
&amp#27;[38;5;216m[014cecff]&amp#27;[0m&amp#27;[38;5;-120m[AndroidUiautomator2Driver@6eaa]&amp#27;[0m Responding to client with driver.findElement() result: {"element-6066-11e4-a52e-4f735466cecf":"00000000-0000-090c-ffff-ffff00000021","ELEMENT":"00000000-0000-090c-ffff-ffff00000021"}
&amp#27;[38;5;216m[014cecff]&amp#27;[0m&amp#27;[38;5;86m[HTTP]&amp#27;[0m &amp#27;[37m<-- POST /session/014cecff-7335-4ae7-bebf-0d8e4d0b7d7a/element &amp#27;[39m&amp#27;[32m200&amp#27;[39m &amp#27;[90m38 ms - 137&amp#27;[39m &amp#27;[90m&amp#27;[39m
&amp#27;[38;5;216m[014cecff]&amp#27;[0m&amp#27;[38;5;86m[HTTP]&amp#27;[0m &amp#27;[37m-->&amp#27;[39m &amp#27;[37mPOST&amp#27;[39m &amp#27;[37m/session/014cecff-7335-4ae7-bebf-0d8e4d0b7d7a/element/00000000-0000-090c-ffff-ffff00000021/click&amp#27;[39m &amp#27;[90m{"id":"00000000-0000-090c-ffff-ffff00000021"}&amp#27;[39m
&amp#27;[38;5;216m[014cecff]&amp#27;[0m&amp#27;[38;5;-120m[AndroidUiautomator2Driver@6eaa]&amp#27;[0m Calling AppiumDriver.click() with args: ["00000000-0000-090c-ffff-ffff00000021","014cecff-7335-4ae7-bebf-0d8e4d0b7d7a"]
&amp#27;[38;5;216m[014cecff]&amp#27;[0m&amp#27;[38;5;-120m[AndroidUiautomator2Driver@6eaa]&amp#27;[0m Matched '/element/00000000-0000-090c-ffff-ffff00000021/click' to command name 'click'
&amp#27;[38;5;216m[014cecff]&amp#27;[0m&amp#27;[38;5;-120m[AndroidUiautomator2Driver@6eaa]&amp#27;[0m Proxying [POST /element/00000000-0000-090c-ffff-ffff00000021/click] to [POST http://127.0.0.1:8202/session/b128c8a0-1620-48d9-b82c-039cc77ce4ce/element/00000000-0000-090c-ffff-ffff00000021/click] with body: {"element":"00000000-0000-090c-ffff-ffff00000021"}
&amp#27;[38;5;216m[014cecff]&amp#27;[0m&amp#27;[38;5;-120m[AndroidUiautomator2Driver@6eaa]&amp#27;[0m Got response with status 200: {"sessionId":"b128c8a0-1620-48d9-b82c-039cc77ce4ce","value":null}
&amp#27;[38;5;216m[014cecff]&amp#27;[0m&amp#27;[38;5;-120m[AndroidUiautomator2Driver@6eaa]&amp#27;[0m Responding to client with driver.click() result: null
&amp#27;[38;5;216m[014cecff]&amp#27;[0m&amp#27;[38;5;86m[HTTP]&amp#27;[0m &amp#27;[37m<-- POST /session/014cecff-7335-4ae7-bebf-0d8e4d0b7d7a/element/00000000-0000-090c-ffff-ffff00000021/click &amp#27;[39m&amp#27;[32m200&amp#27;[39m &amp#27;[90m55 ms - 14&amp#27;[39m &amp#27;[90m&amp#27;[39m
&amp#27;[38;5;216m[014cecff]&amp#27;[0m&amp#27;[38;5;86m[HTTP]&amp#27;[0m &amp#27;[37m-->&amp#27;[39m &amp#27;[37mGET&amp#27;[39m &amp#27;[37m/session/014cecff-7335-4ae7-bebf-0d8e4d0b7d7a/screenshot&amp#27;[39m &amp#27;[90m{}&amp#27;[39m
&amp#27;[38;5;216m[014cecff]&amp#27;[0m&amp#27;[38;5;-120m[AndroidUiautomator2Driver@6eaa]&amp#27;[0m Calling AppiumDriver.getScreenshot() with args: ["014cecff-7335-4ae7-bebf-0d8e4d0b7d7a"]
&amp#27;[38;5;216m[014cecff]&amp#27;[0m&amp#27;[38;5;-120m[AndroidUiautomator2Driver@6eaa]&amp#27;[0m Matched '/screenshot' to command name 'getScreenshot'
&amp#27;[38;5;216m[014cecff]&amp#27;[0m&amp#27;[38;5;-120m[AndroidUiautomator2Driver@6eaa]&amp#27;[0m Proxying [GET /screenshot] to [GET http://127.0.0.1:8202/session/b128c8a0-1620-48d9-b82c-039cc77ce4ce/screenshot] with no body
📝 Test Suite Finished: Report generated.
&amp#27;[38;5;216m[014cecff]&amp#27;[0m&amp#27;[38;5;-120m[AndroidUiautomator2Driver@6eaa]&amp#27;[0m Got response with status 200: {"sessionId":"b128c8a0-1620-48d9-b82c-039cc77ce4ce","value":"iVBORw0KGgoAAAANSUhEUgAABDgAAAjoCAYAAAA5jhrUAAAAAXNSR0IArs4c6QAAAARzQklUCAgICHwIZIgAACAASURBVHic7N13nFxV/f/x9zl3ZnezyWZTSEJIAwmhgwHpoBSRakDFAtJVBAQs+BUFCzYUBUUQRQF/IFIUpSkioIDSpIl0QhHSSS+bbJu55/z+mLIzO3e2zuzuzb6ePhD2lnPPuf185txzzNiXT/QCAAAAAACIMTvYGQAAAAAAAOgvAhwAAAAAACD2CHAAAAAAAIDYI8ABAAAAAABijwAHAAAAAACIPQIcAAAAAAAg9ghwAAAAAACA2CPAAQAAAAAAYo8ABwAAAAAAiD0CHAAAAAAAIPYIcAAAAAAAgNgjwAEAAAAAAGKPAAcAAAAAAIg9AhwAAAAAACD2CHAAAAAAAIDYI8ABAAAAAABijwAHAAAAAACIPQIcAAAAAAAg9ghwAAAAAACA2CPAAQAAAAAAYo8ABwAAAAAAiD0CHAAAAAAAIPYIcAAAAAAAgNgjwAEAAAAAAGKPAAcAAAAAAIi9xGBnABgKjIxM7t8m89+S5CV575X5n7L/H1/DpZwAAAAAhh8CHBi2jIwSxmrLmk1107QvavPkhC6Xfzu1XMcu+Kn+1/6O0t7FJggwXMoJAAAA9ERjUK8daqdrx7rparT12qFuuhqDkfn5a8MNerF1vta6Zr3QOl8vts3X2rB5UPK6b/02umvG13q07Jx5P9Ajza9WOUdDGwEODEsNdoS+OfGjOnnsAQp6+KXW5skJevxdFymU0/WrH9K3l/1BTa6lyjntn+FSTgAAAKAr05Ob6PCGXXR4w67at36bbpc/omHXor8faX5Vf216Rn9t+o/mp1ZUK5voJzP25RP5eRbDRsIEOmPcIbpw4sfU8YFG33h5fXvZrfrFqr8p7cMK5bAyhks5AQAAgK7sW7+NPjvu...
&amp#27;[38;5;216m[014cecff]&amp#27;[0m&amp#27;[38;5;-120m[AndroidUiautomator2Driver@6eaa]&amp#27;[0m Responding to client with driver.getScreenshot() result: "iVBORw0KGgoAAAANSUhEUgAABDgAAAjoCAYAAAA5jhrUAAAAAXNSR0IArs4c6QAAAARzQklUCAgICHwIZIgAACAASURBVHic7N13nFxV/f/x9zl3ZnezyWZTSEJIAwmhgwHpoBSRakDFAtJVBAQs+BUFCzYUBUUQRQF/IFIUpSkioIDSpIl0QhHSSS+bbJu55/z+mLIzO3e2zuzuzb6ePhD2lnPPuf185txzzNiXT/QCAAAAAACIMTvYGQAAAAAAAOgvAhwAAAAAACD2CHAAAAAAAIDYI8ABAAAAAABijwAHAAAAAACIPQIcAAAAAAAg9ghwAAAAAACA2CPAAQAAAAAAYo8ABwAAAAAAiD0CHAAAAAAAIPYIcAAAAAAAgNgjwAEAAAAAAGKPAAcAAAAAAIg9AhwAAAAAACD2CHAAAAAAAIDYI8ABAAAAAABijwAHAAAAAACIPQIcAAAAAAAg9ghwAAAAAACA2CPAAQAAAAAAYo8ABwAAAAAAiD0CHAAAAAAAIPYIcAAAAAAAgNgjwAEAAAAAAGKPAAcAAAAAAIi9xGBnABgKjIxM7t8m89+S5CV575X5n7L/H1/DpZwAAAAAhh8CHBi2jIwSxmrLmk1107QvavPkhC6Xfzu1XMcu+Kn+1/6O0t7FJggwXMoJAAAA9ERjUK8daqdrx7rparT12qFuuhqDkfn5a8MNerF1vta6Zr3QOl8vts3X2rB5UPK6b/02umvG13q07Jx5P9Ajza9WOUdDGwEODEsNdoS+OfGjOnnsAQp6+KXW5skJevxdFymU0/WrH9K3l/1BTa6lyjntn+FSTgAAAKAr05Ob6PCGXXR4w67at36bbpc/omHXor8faX5Vf216Rn9t+o/mp1ZUK5voJzP25RP5eRbDRsIEOmPcIbpw4sfU8YFG33h5fXvZrfrFqr8p7cMK5bAyhks5AQAAgK7sW7+NPjvuAyUBi/64u+kZ/WrVfQPSWoIWHL1DgAPDgpFRg63Tg1t8R1vUTKxo2m+1L9OB...
&amp#27;[38;5;216m[014cecff]&amp#27;[0m&amp#27;[38;5;86m[HTTP]&amp#27;[0m &amp#27;[37m<-- GET /session/014cecff-7335-4ae7-bebf-0d8e4d0b7d7a/screenshot &amp#27;[39m&amp#27;[32m200&amp#27;[39m &amp#27;[90m1095 ms - 598552&amp#27;[39m &amp#27;[90m&amp#27;[39m
&amp#27;[38;5;216m[014cecff]&amp#27;[0m&amp#27;[38;5;86m[HTTP]&amp#27;[0m &amp#27;[37m-->&amp#27;[39m &amp#27;[37mGET&amp#27;[39m &amp#27;[37m/session/014cecff-7335-4ae7-bebf-0d8e4d0b7d7a/screenshot&amp#27;[39m &amp#27;[90m{}&amp#27;[39m
&amp#27;[38;5;216m[014cecff]&amp#27;[0m&amp#27;[38;5;-120m[AndroidUiautomator2Driver@6eaa]&amp#27;[0m Calling AppiumDriver.getScreenshot() with args: ["014cecff-7335-4ae7-bebf-0d8e4d0b7d7a"]
&amp#27;[38;5;216m[014cecff]&amp#27;[0m&amp#27;[38;5;-120m[AndroidUiautomator2Driver@6eaa]&amp#27;[0m Matched '/screenshot' to command name 'getScreenshot'
&amp#27;[38;5;216m[014cecff]&amp#27;[0m&amp#27;[38;5;-120m[AndroidUiautomator2Driver@6eaa]&amp#27;[0m Proxying [GET /screenshot] to [GET http://127.0.0.1:8202/session/b128c8a0-1620-48d9-b82c-039cc77ce4ce/screenshot] with no body
&amp#27;[38;5;216m[014cecff]&amp#27;[0m&amp#27;[38;5;-120m[AndroidUiautomator2Driver@6eaa]&amp#27;[0m Got response with status 200: {"sessionId":"b128c8a0-1620-48d9-b82c-039cc77ce4ce","value":"iVBORw0KGgoAAAANSUhEUgAABDgAAAjoCAYAAAA5jhrUAAAAAXNSR0IArs4c6QAAAARzQklUCAgICHwIZIgAACAASURBVHic7N13nFTV/f/x9713Zhvb2KVKVwJYsIBdjApGY8MWjWLBHrFrir+YrxETezT2qBEVQiR2wBY7ogiiQUBREQsdpOyyy8K2mXvv7w+ym52dmd2Z3ZmduTuvpw+Cc+aWz12CMO8953OMrl+d6woAAAAAAMDDzFQXAAAAAAAA0F4EHAAAAAAAwPMIOAAAAAAAgOcRcAAAAAAAAM8j4AAAAAAAAJ5HwAEAAAAAADyPgAMAAAAAAHgeAQcAAAAAAPA8Ag4AAAAAAOB5BBwAAAAAAMDzCDgAAAAAAIDnEXAAAAAAAADPI+AAAAAAAACeR8ABAAAAAAA8j4ADAAAAAAB4HgEHAAAAAADwPAIOAAAAAADgeQQcAAAAAADA8wg4AAAAAACA5xFwAAAAAAAAzyPgAAAAAAAAnkfAAQAAAAAAPI+AAwAAAAAAeB4BBwAAAAAA8DwCDgAAAAAA4Hm+VBcApANDhoyGn40d/y5JriTXdbXjH/33f70rU54TAAAAQOYh4EDGMmTIZ5jaJauXpvW7VgP93Vs8fkVgk85cfa9+qP9RQdfxTAiQKc8JAAAAxKLIytMe2f01PKe/isw87ZHTX0VWl8b3K+3tWlK7SpVOtb6oXaUldatUaVenpNZRecP08oDfx3Ts2JW3a0710iRXlN4IOJCRCsxc/bHHaTqv6xGyYlypNdDfXfN2vk22HE3Z8r5u3vicqpyaJFfaPpnynAAAAEBL+vu76diCETq2YKRG5Q1r9fjjCkaGvJ5TvVSvVy3Q61WfaVVgc7LKRDsZXb86l2/PImP4DEsTSo7WxB6n638LNNrGlaubNz6vv5W/oaBrJ6jCxMiU5wQAAABaMipvmH5VclRYYNEe...
&amp#27;[38;5;216m[014cecff]&amp#27;[0m&amp#27;[38;5;-120m[AndroidUiautomator2Driver@6eaa]&amp#27;[0m Responding to client with driver.getScreenshot() result: "iVBORw0KGgoAAAANSUhEUgAABDgAAAjoCAYAAAA5jhrUAAAAAXNSR0IArs4c6QAAAARzQklUCAgICHwIZIgAACAASURBVHic7N13nFTV/f/x9713Zhvb2KVKVwJYsIBdjApGY8MWjWLBHrFrir+YrxETezT2qBEVQiR2wBY7ogiiQUBREQsdpOyyy8K2mXvv7w+ym52dmd2Z3ZmduTuvpw+Cc+aWz12CMO8953OMrl+d6woAAAAAAMDDzFQXAAAAAAAA0F4EHAAAAAAAwPMIOAAAAAAAgOcRcAAAAAAAAM8j4AAAAAAAAJ5HwAEAAAAAADyPgAMAAAAAAHgeAQcAAAAAAPA8Ag4AAAAAAOB5BBwAAAAAAMDzCDgAAAAAAIDnEXAAAAAAAADPI+AAAAAAAACeR8ABAAAAAAA8j4ADAAAAAAB4HgEHAAAAAADwPAIOAAAAAADgeQQcAAAAAADA8wg4AAAAAACA5xFwAAAAAAAAzyPgAAAAAAAAnkfAAQAAAAAAPI+AAwAAAAAAeB4BBwAAAAAA8DwCDgAAAAAA4Hm+VBcApANDhoyGn40d/y5JriTXdbXjH/33f70rU54TAAAAQOYh4EDGMmTIZ5jaJauXpvW7VgP93Vs8fkVgk85cfa9+qP9RQdfxTAiQKc8JAAAAxKLIytMe2f01PKe/isw87ZHTX0VWl8b3K+3tWlK7SpVOtb6oXaUldatUaVenpNZRecP08oDfx3Ts2JW3a0710iRXlN4IOJCRCsxc/bHHaTqv6xGyYlypNdDfXfN2vk22HE3Z8r5u3vicqpyaJFfaPpnynAAAAEBL+vu76diCETq2YKRG5Q1r9fjjCkaGvJ5TvVSvVy3Q61WfaVVgc7LKRDsZXb86l2/PImP4DEsTSo7WxB6n638LNNrGlaubNz6vv5W/oaBrJ6jCxMiU5wQAAABaMipvmH5VclRYYNEer1Ut0GPlb3XIbAlmcMSHgAMZwZChAjNHswb9SYOyeiT02svrN2r0ipu01a5J...
&amp#27;[38;5;216m[014cecff]&amp#27;[0m&amp#27;[38;5;86m[HTTP]&amp#27;[0m &amp#27;[37m<-- GET /session/014cecff-7335-4ae7-bebf-0d8e4d0b7d7a/screenshot &amp#27;[39m&amp#27;[32m200&amp#27;[39m &amp#27;[90m775 ms - 346040&amp#27;[39m &amp#27;[90m&amp#27;[39m
&amp#27;[38;5;216m[014cecff]&amp#27;[0m&amp#27;[38;5;86m[HTTP]&amp#27;[0m &amp#27;[37m-->&amp#27;[39m &amp#27;[37mGET&amp#27;[39m &amp#27;[37m/session/014cecff-7335-4ae7-bebf-0d8e4d0b7d7a/screenshot&amp#27;[39m &amp#27;[90m{}&amp#27;[39m
&amp#27;[38;5;216m[014cecff]&amp#27;[0m&amp#27;[38;5;-120m[AndroidUiautomator2Driver@6eaa]&amp#27;[0m Calling AppiumDriver.getScreenshot() with args: ["014cecff-7335-4ae7-bebf-0d8e4d0b7d7a"]
&amp#27;[38;5;216m[014cecff]&amp#27;[0m&amp#27;[38;5;-120m[AndroidUiautomator2Driver@6eaa]&amp#27;[0m Matched '/screenshot' to command name 'getScreenshot'
&amp#27;[38;5;216m[014cecff]&amp#27;[0m&amp#27;[38;5;-120m[AndroidUiautomator2Driver@6eaa]&amp#27;[0m Proxying [GET /screenshot] to [GET http://127.0.0.1:8202/session/b128c8a0-1620-48d9-b82c-039cc77ce4ce/screenshot] with no body
&amp#27;[38;5;216m[014cecff]&amp#27;[0m&amp#27;[38;5;-120m[AndroidUiautomator2Driver@6eaa]&amp#27;[0m Got response with status 200: {"sessionId":"b128c8a0-1620-48d9-b82c-039cc77ce4ce","value":"iVBORw0KGgoAAAANSUhEUgAABDgAAAjoCAYAAAA5jhrUAAAAAXNSR0IArs4c6QAAAARzQklUCAgICHwIZIgAACAASURBVHic7N15fFTl3f7x65wzk41sJOw7ioALguAuVhSrdcOtbrjgXnFf2vqrfWy1dX/q49qqFRVKpe6AW90RRXApAhUVcWNHCAkJIevMOef3ByZmMjPJJJnJzMl83r4ozj1n+Z5QhLly39/b6P7FOa4AAAAAAAA8zEx2AQAAAAAAAB1FwAEAAAAAADyPgAMAAAAAAHgeAQcAAAAAAPA8Ag4AAAAAAOB5BBwAAAAAAMDzCDgAAAAAAIDnEXAAAAAAAADPI+AAAAAAAACeR8ABAAAAAAA8j4ADAAAAAAB4HgEHAAAAAADwPAIOAAAAAADgeQQcAAAAAADA8wg4AAAAAACA5xFwAAAAAAAAzyPgAAAAAAAAnkfAAQAAAAAAPI+AAwAAAAAAeB4BBwAAAAAA8DwCDgAAAAAA4HkEHAAAAAAAwPMIOAAAAAAAgOcRcAAAAAAAAM8j4AAAAAAAAJ7nS3YBQCowZMho+NnY8e+S5EpyXVc7/tGP/+td6fKcAAAAANIPAQfSliFDPsPUzhl9NGvgNRri79ni8asCJTpj7T36rv4HBV3HMyFAujwnAAAAEIsCK0d7ZA7SqKxBKjBztEfWIBVY3Rrfr7CrtLx2jSqcan1Wu0bL69aowq5OSq3jc0bqxcG/i+nYSatv14LqFQmuKLURcCAt5ZnZ+kOvU3Ru90NlxbhSa4i/pxbtdJtsOZqx9V3dvPkZVTo1Ca60Y9LlOQEAAICWDPL30NF5Y3V03jiNzxnZ6vHH5I0Leb2geoVerVysVys/1ZrAlkSViQ4yun9xDt+eRdrwGZamFh2pm3qdqp8WaLSPK1c3b35Wfyt7TUHXjlOF8ZEuzwkAAAC0ZHzOSP2q6IiwwKIj...
&amp#27;[38;5;216m[014cecff]&amp#27;[0m&amp#27;[38;5;-120m[AndroidUiautomator2Driver@6eaa]&amp#27;[0m Responding to client with driver.getScreenshot() result: "iVBORw0KGgoAAAANSUhEUgAABDgAAAjoCAYAAAA5jhrUAAAAAXNSR0IArs4c6QAAAARzQklUCAgICHwIZIgAACAASURBVHic7N15fFTl3f7x65wzk41sJOw7ioALguAuVhSrdcOtbrjgXnFf2vqrfWy1dX/q49qqFRVKpe6AW90RRXApAhUVcWNHCAkJIevMOef3ByZmMjPJJJnJzMl83r4ozj1n+Z5QhLly39/b6P7FOa4AAAAAAAA8zEx2AQAAAAAAAB1FwAEAAAAAADyPgAMAAAAAAHgeAQcAAAAAAPA8Ag4AAAAAAOB5BBwAAAAAAMDzCDgAAAAAAIDnEXAAAAAAAADPI+AAAAAAAACeR8ABAAAAAAA8j4ADAAAAAAB4HgEHAAAAAADwPAIOAAAAAADgeQQcAAAAAADA8wg4AAAAAACA5xFwAAAAAAAAzyPgAAAAAAAAnkfAAQAAAAAAPI+AAwAAAAAAeB4BBwAAAAAA8DwCDgAAAAAA4HkEHAAAAAAAwPMIOAAAAAAAgOcRcAAAAAAAAM8j4AAAAAAAAJ7nS3YBQCowZMho+NnY8e+S5EpyXVc7/tGP/+td6fKcAAAAANIPAQfSliFDPsPUzhl9NGvgNRri79ni8asCJTpj7T36rv4HBV3HMyFAujwnAAAAEIsCK0d7ZA7SqKxBKjBztEfWIBVY3Rrfr7CrtLx2jSqcan1Wu0bL69aowq5OSq3jc0bqxcG/i+nYSatv14LqFQmuKLURcCAt5ZnZ+kOvU3Ru90NlxbhSa4i/pxbtdJtsOZqx9V3dvPkZVTo1Ca60Y9LlOQEAAICWDPL30NF5Y3V03jiNzxnZ6vHH5I0Leb2geoVerVysVys/1ZrAlkSViQ4yun9xDt+eRdrwGZamFh2pm3qdqp8WaLSPK1c3b35Wfyt7TUHXjlOF8ZEuzwkAAAC0ZHzOSP2q6IiwwKIjXqlcrEfK3uiU2RLM4GgbAg6kBUOG8swszRv6Jw3N6BXXa39fv1mHrfqjttk1...
&amp#27;[38;5;216m[014cecff]&amp#27;[0m&amp#27;[38;5;86m[HTTP]&amp#27;[0m &amp#27;[37m<-- GET /session/014cecff-7335-4ae7-bebf-0d8e4d0b7d7a/screenshot &amp#27;[39m&amp#27;[32m200&amp#27;[39m &amp#27;[90m771 ms - 345924&amp#27;[39m &amp#27;[90m&amp#27;[39m
]]></system-out>
  </testcase>
</testsuite>