<?xml version="1.0" encoding="UTF-8"?>
<testsuite xmlns:xsi="http://www.w3.org/2001/XMLSchema-instance" xsi:noNamespaceSchemaLocation="https://maven.apache.org/surefire/maven-surefire-plugin/xsd/surefire-test-report-3.0.xsd" version="3.0" name="TestSuite" time="23.315" tests="1" errors="0" skipped="0" failures="0">
  <properties>
    <property name="sun.desktop" value="windows"/>
    <property name="awt.toolkit" value="sun.awt.windows.WToolkit"/>
    <property name="java.specification.version" value="11"/>
    <property name="sun.cpu.isalist" value="amd64"/>
    <property name="sun.jnu.encoding" value="Cp1252"/>
    <property name="java.class.path" value="C:\Users\sajus\IdeaProjects\appium_Device\target\test-classes;C:\Users\sajus\IdeaProjects\appium_Device\target\classes;C:\Users\sajus\.m2\repository\io\appium\java-client\8.5.1\java-client-8.5.1.jar;C:\Users\sajus\.m2\repository\org\seleniumhq\selenium\selenium-api\4.33.0\selenium-api-4.33.0.jar;C:\Users\sajus\.m2\repository\org\jspecify\jspecify\1.0.0\jspecify-1.0.0.jar;C:\Users\sajus\.m2\repository\org\seleniumhq\selenium\selenium-support\4.33.0\selenium-support-4.33.0.jar;C:\Users\sajus\.m2\repository\com\google\code\gson\gson\2.10.1\gson-2.10.1.jar;C:\Users\sajus\.m2\repository\commons-validator\commons-validator\1.7\commons-validator-1.7.jar;C:\Users\sajus\.m2\repository\commons-beanutils\commons-beanutils\1.9.4\commons-beanutils-1.9.4.jar;C:\Users\sajus\.m2\repository\commons-digester\commons-digester\2.1\commons-digester-2.1.jar;C:\Users\sajus\.m2\repository\commons-logging\commons-logging\1.2\commons-logging-1.2.jar;C:\Users\sajus\.m2\repository\commons-collections\commons-collections\3.2.2\commons-collections-3.2.2.jar;C:\Users\sajus\.m2\repository\org\apache\commons\commons-lang3\3.12.0\commons-lang3-3.12.0.jar;C:\Users\sajus\.m2\repository\commons-io\commons-io\2.12.0\commons-io-2.12.0.jar;C:\Users\sajus\.m2\repository\org\slf4j\slf4j-api\2.0.7\slf4j-api-2.0.7.jar;C:\Users\sajus\.m2\repository\org\seleniumhq\selenium\selenium-java\4.8.0\selenium-java-4.8.0.jar;C:\Users\sajus\.m2\repository\org\seleniumhq\selenium\selenium-chrome-driver\4.8.0\selenium-chrome-driver-4.8.0.jar;C:\Users\sajus\.m2\repository\com\google\auto\service\auto-service\1.0.1\auto-service-1.0.1.jar;C:\Users\sajus\.m2\repository\com\google\auto\auto-common\1.2\auto-common-1.2.jar;C:\Users\sajus\.m2\repository\org\seleniumhq\selenium\selenium-chromium-driver\4.8.0\selenium-chromium-driver-4.8.0.jar;C:\Users\sajus\.m2\repository\org\seleniumhq\selenium\selenium-devtools-v107\4.8.0\selenium-devtools-v107-4.8.0.jar;C:\Users\sajus\.m2\repository\org\seleniumhq\selenium\selenium-devtools-v108\4.8.0\selenium-devtools-v108-4.8.0.jar;C:\Users\sajus\.m2\repository\org\seleniumhq\selenium\selenium-devtools-v109\4.8.0\selenium-devtools-v109-4.8.0.jar;C:\Users\sajus\.m2\repository\org\seleniumhq\selenium\selenium-devtools-v85\4.8.0\selenium-devtools-v85-4.8.0.jar;C:\Users\sajus\.m2\repository\org\seleniumhq\selenium\selenium-edge-driver\4.8.0\selenium-edge-driver-4.8.0.jar;C:\Users\sajus\.m2\repository\org\seleniumhq\selenium\selenium-firefox-driver\4.8.0\selenium-firefox-driver-4.8.0.jar;C:\Users\sajus\.m2\repository\org\seleniumhq\selenium\selenium-ie-driver\4.8.0\selenium-ie-driver-4.8.0.jar;C:\Users\sajus\.m2\repository\org\seleniumhq\selenium\selenium-safari-driver\4.8.0\selenium-safari-driver-4.8.0.jar;C:\Users\sajus\.m2\repository\org\seleniumhq\selenium\selenium-remote-driver\4.13.0\selenium-remote-driver-4.13.0.jar;C:\Users\sajus\.m2\repository\com\google\auto\service\auto-service-annotations\1.1.1\auto-service-annotations-1.1.1.jar;C:\Users\sajus\.m2\repository\com\google\guava\guava\32.1.2-jre\guava-32.1.2-jre.jar;C:\Users\sajus\.m2\repository\com\google\guava\failureaccess\1.0.1\failureaccess-1.0.1.jar;C:\Users\sajus\.m2\repository\com\google\guava\listenablefuture\9999.0-empty-to-avoid-conflict-with-guava\listenablefuture-9999.0-empty-to-avoid-conflict-with-guava.jar;C:\Users\sajus\.m2\repository\com\google\code\findbugs\jsr305\3.0.2\jsr305-3.0.2.jar;C:\Users\sajus\.m2\repository\org\checkerframework\checker-qual\3.33.0\checker-qual-3.33.0.jar;C:\Users\sajus\.m2\repository\com\google\errorprone\error_prone_annotations\2.18.0\error_prone_annotations-2.18.0.jar;C:\Users\sajus\.m2\repository\com\google\j2objc\j2objc-annotations\2.8\j2objc-annotations-2.8.jar;C:\Users\sajus\.m2\repository\io\netty\netty-buffer\4.1.96.Final\netty-buffer-4.1.96.Final.jar;C:\Users\sajus\.m2\repository\io\netty\netty-codec-http\4.1.96.Final\netty-codec-http-4.1.96.Final.jar;C:\Users\sajus\.m2\repository\io\netty\netty-codec\4.1.96.Final\netty-codec-4.1.96.Final.jar;C:\Users\sajus\.m2\repository\io\netty\netty-handler\4.1.96.Final\netty-handler-4.1.96.Final.jar;C:\Users\sajus\.m2\repository\io\netty\netty-common\4.1.96.Final\netty-common-4.1.96.Final.jar;C:\Users\sajus\.m2\repository\io\netty\netty-transport-classes-epoll\4.1.96.Final\netty-transport-classes-epoll-4.1.96.Final.jar;C:\Users\sajus\.m2\repository\io\netty\netty-transport-classes-kqueue\4.1.96.Final\netty-transport-classes-kqueue-4.1.96.Final.jar;C:\Users\sajus\.m2\repository\io\netty\netty-transport-native-epoll\4.1.96.Final\netty-transport-native-epoll-4.1.96.Final.jar;C:\Users\sajus\.m2\repository\io\netty\netty-transport-native-kqueue\4.1.96.Final\netty-transport-native-kqueue-4.1.96.Final.jar;C:\Users\sajus\.m2\repository\io\netty\netty-transport-native-unix-common\4.1.96.Final\netty-transport-native-unix-common-4.1.96.Final.jar;C:\Users\sajus\.m2\repository\io\netty\netty-transport\4.1.96.Final\netty-transport-4.1.96.Final.jar;C:\Users\sajus\.m2\repository\io\netty\netty-resolver\4.1.96.Final\netty-resolver-4.1.96.Final.jar;C:\Users\sajus\.m2\repository\io\opentelemetry\opentelemetry-api\1.28.0\opentelemetry-api-1.28.0.jar;C:\Users\sajus\.m2\repository\io\opentelemetry\opentelemetry-context\1.28.0\opentelemetry-context-1.28.0.jar;C:\Users\sajus\.m2\repository\io\opentelemetry\opentelemetry-exporter-logging\1.28.0\opentelemetry-exporter-logging-1.28.0.jar;C:\Users\sajus\.m2\repository\io\opentelemetry\opentelemetry-sdk-metrics\1.28.0\opentelemetry-sdk-metrics-1.28.0.jar;C:\Users\sajus\.m2\repository\io\opentelemetry\opentelemetry-extension-incubator\1.28.0-alpha\opentelemetry-extension-incubator-1.28.0-alpha.jar;C:\Users\sajus\.m2\repository\io\opentelemetry\opentelemetry-sdk-logs\1.28.0\opentelemetry-sdk-logs-1.28.0.jar;C:\Users\sajus\.m2\repository\io\opentelemetry\opentelemetry-sdk-common\1.28.0\opentelemetry-sdk-common-1.28.0.jar;C:\Users\sajus\.m2\repository\io\opentelemetry\opentelemetry-sdk-extension-autoconfigure-spi\1.28.0\opentelemetry-sdk-extension-autoconfigure-spi-1.28.0.jar;C:\Users\sajus\.m2\repository\io\opentelemetry\opentelemetry-sdk-extension-autoconfigure\1.28.0\opentelemetry-sdk-extension-autoconfigure-1.28.0.jar;C:\Users\sajus\.m2\repository\io\opentelemetry\opentelemetry-api-events\1.28.0-alpha\opentelemetry-api-events-1.28.0-alpha.jar;C:\Users\sajus\.m2\repository\io\opentelemetry\opentelemetry-sdk-trace\1.28.0\opentelemetry-sdk-trace-1.28.0.jar;C:\Users\sajus\.m2\repository\io\opentelemetry\opentelemetry-sdk\1.28.0\opentelemetry-sdk-1.28.0.jar;C:\Users\sajus\.m2\repository\io\opentelemetry\opentelemetry-semconv\1.28.0-alpha\opentelemetry-semconv-1.28.0-alpha.jar;C:\Users\sajus\.m2\repository\net\bytebuddy\byte-buddy\1.14.5\byte-buddy-1.14.5.jar;C:\Users\sajus\.m2\repository\org\asynchttpclient\async-http-client\2.12.3\async-http-client-2.12.3.jar;C:\Users\sajus\.m2\repository\org\asynchttpclient\async-http-client-netty-utils\2.12.3\async-http-client-netty-utils-2.12.3.jar;C:\Users\sajus\.m2\repository\io\netty\netty-codec-socks\4.1.60.Final\netty-codec-socks-4.1.60.Final.jar;C:\Users\sajus\.m2\repository\io\netty\netty-handler-proxy\4.1.60.Final\netty-handler-proxy-4.1.60.Final.jar;C:\Users\sajus\.m2\repository\io\netty\netty-transport-native-epoll\4.1.60.Final\netty-transport-native-epoll-4.1.60.Final-linux-x86_64.jar;C:\Users\sajus\.m2\repository\io\netty\netty-transport-native-kqueue\4.1.60.Final\netty-transport-native-kqueue-4.1.60.Final-osx-x86_64.jar;C:\Users\sajus\.m2\repository\org\reactivestreams\reactive-streams\1.0.3\reactive-streams-1.0.3.jar;C:\Users\sajus\.m2\repository\com\typesafe\netty\netty-reactive-streams\2.0.4\netty-reactive-streams-2.0.4.jar;C:\Users\sajus\.m2\repository\com\sun\activation\jakarta.activation\1.2.2\jakarta.activation-1.2.2.jar;C:\Users\sajus\.m2\repository\org\seleniumhq\selenium\selenium-http\4.13.0\selenium-http-4.13.0.jar;C:\Users\sajus\.m2\repository\dev\failsafe\failsafe\3.3.2\failsafe-3.3.2.jar;C:\Users\sajus\.m2\repository\org\seleniumhq\selenium\selenium-json\4.13.0\selenium-json-4.13.0.jar;C:\Users\sajus\.m2\repository\org\seleniumhq\selenium\selenium-manager\4.13.0\selenium-manager-4.13.0.jar;C:\Users\sajus\.m2\repository\org\seleniumhq\selenium\selenium-os\4.13.0\selenium-os-4.13.0.jar;C:\Users\sajus\.m2\repository\org\apache\commons\commons-exec\1.3\commons-exec-1.3.jar;C:\Users\sajus\.m2\repository\org\testng\testng\7.11.0\testng-7.11.0.jar;C:\Users\sajus\.m2\repository\org\jcommander\jcommander\1.83\jcommander-1.83.jar;C:\Users\sajus\.m2\repository\org\webjars\jquery\3.7.1\jquery-3.7.1.jar;C:\Users\sajus\.m2\repository\com\aventstack\extentreports\5.0.9\extentreports-5.0.9.jar;C:\Users\sajus\.m2\repository\io\reactivex\rxjava3\rxjava\3.0.4\rxjava-3.0.4.jar;C:\Users\sajus\.m2\repository\org\freemarker\freemarker\2.3.30\freemarker-2.3.30.jar;C:\Users\sajus\.m2\repository\com\fasterxml\jackson\core\jackson-databind\2.15.2\jackson-databind-2.15.2.jar;C:\Users\sajus\.m2\repository\com\fasterxml\jackson\core\jackson-annotations\2.15.2\jackson-annotations-2.15.2.jar;C:\Users\sajus\.m2\repository\com\fasterxml\jackson\core\jackson-core\2.15.2\jackson-core-2.15.2.jar;C:\Users\sajus\.m2\repository\org\apache\logging\log4j\log4j-core\2.20.0\log4j-core-2.20.0.jar;C:\Users\sajus\.m2\repository\org\apache\logging\log4j\log4j-api\2.20.0\log4j-api-2.20.0.jar;C:\Users\sajus\.m2\repository\org\slf4j\slf4j-simple\2.0.9\slf4j-simple-2.0.9.jar;C:\Users\sajus\.m2\repository\org\projectlombok\lombok\1.18.28\lombok-1.18.28.jar;C:\Users\sajus\.m2\repository\com\beust\jcommander\1.82\jcommander-1.82.jar;"/>
    <property name="java.vm.vendor" value="Oracle Corporation"/>
    <property name="sun.arch.data.model" value="64"/>
    <property name="user.variant" value=""/>
    <property name="java.vendor.url" value="https://openjdk.java.net/"/>
    <property name="user.timezone" value="America/Toronto"/>
    <property name="java.vm.specification.version" value="11"/>
    <property name="os.name" value="Windows 11"/>
    <property name="sun.java.launcher" value="SUN_STANDARD"/>
    <property name="user.country" value="CA"/>
    <property name="sun.boot.library.path" value="C:\Program Files\jdk-11.0.26\bin"/>
    <property name="sun.java.command" value="C:\Users\sajus\AppData\Local\Temp\surefire7565436517893789129\surefirebooter-20250618121952049_3.jar C:\Users\sajus\AppData\Local\Temp\surefire7565436517893789129 2025-06-18T12-19-51_508-jvmRun1 surefire-20250618121952049_1tmp surefire_0-20250618121952049_2tmp"/>
    <property name="jdk.debug" value="release"/>
    <property name="surefire.test.class.path" value="C:\Users\sajus\IdeaProjects\appium_Device\target\test-classes;C:\Users\sajus\IdeaProjects\appium_Device\target\classes;C:\Users\sajus\.m2\repository\io\appium\java-client\8.5.1\java-client-8.5.1.jar;C:\Users\sajus\.m2\repository\org\seleniumhq\selenium\selenium-api\4.33.0\selenium-api-4.33.0.jar;C:\Users\sajus\.m2\repository\org\jspecify\jspecify\1.0.0\jspecify-1.0.0.jar;C:\Users\sajus\.m2\repository\org\seleniumhq\selenium\selenium-support\4.33.0\selenium-support-4.33.0.jar;C:\Users\sajus\.m2\repository\com\google\code\gson\gson\2.10.1\gson-2.10.1.jar;C:\Users\sajus\.m2\repository\commons-validator\commons-validator\1.7\commons-validator-1.7.jar;C:\Users\sajus\.m2\repository\commons-beanutils\commons-beanutils\1.9.4\commons-beanutils-1.9.4.jar;C:\Users\sajus\.m2\repository\commons-digester\commons-digester\2.1\commons-digester-2.1.jar;C:\Users\sajus\.m2\repository\commons-logging\commons-logging\1.2\commons-logging-1.2.jar;C:\Users\sajus\.m2\repository\commons-collections\commons-collections\3.2.2\commons-collections-3.2.2.jar;C:\Users\sajus\.m2\repository\org\apache\commons\commons-lang3\3.12.0\commons-lang3-3.12.0.jar;C:\Users\sajus\.m2\repository\commons-io\commons-io\2.12.0\commons-io-2.12.0.jar;C:\Users\sajus\.m2\repository\org\slf4j\slf4j-api\2.0.7\slf4j-api-2.0.7.jar;C:\Users\sajus\.m2\repository\org\seleniumhq\selenium\selenium-java\4.8.0\selenium-java-4.8.0.jar;C:\Users\sajus\.m2\repository\org\seleniumhq\selenium\selenium-chrome-driver\4.8.0\selenium-chrome-driver-4.8.0.jar;C:\Users\sajus\.m2\repository\com\google\auto\service\auto-service\1.0.1\auto-service-1.0.1.jar;C:\Users\sajus\.m2\repository\com\google\auto\auto-common\1.2\auto-common-1.2.jar;C:\Users\sajus\.m2\repository\org\seleniumhq\selenium\selenium-chromium-driver\4.8.0\selenium-chromium-driver-4.8.0.jar;C:\Users\sajus\.m2\repository\org\seleniumhq\selenium\selenium-devtools-v107\4.8.0\selenium-devtools-v107-4.8.0.jar;C:\Users\sajus\.m2\repository\org\seleniumhq\selenium\selenium-devtools-v108\4.8.0\selenium-devtools-v108-4.8.0.jar;C:\Users\sajus\.m2\repository\org\seleniumhq\selenium\selenium-devtools-v109\4.8.0\selenium-devtools-v109-4.8.0.jar;C:\Users\sajus\.m2\repository\org\seleniumhq\selenium\selenium-devtools-v85\4.8.0\selenium-devtools-v85-4.8.0.jar;C:\Users\sajus\.m2\repository\org\seleniumhq\selenium\selenium-edge-driver\4.8.0\selenium-edge-driver-4.8.0.jar;C:\Users\sajus\.m2\repository\org\seleniumhq\selenium\selenium-firefox-driver\4.8.0\selenium-firefox-driver-4.8.0.jar;C:\Users\sajus\.m2\repository\org\seleniumhq\selenium\selenium-ie-driver\4.8.0\selenium-ie-driver-4.8.0.jar;C:\Users\sajus\.m2\repository\org\seleniumhq\selenium\selenium-safari-driver\4.8.0\selenium-safari-driver-4.8.0.jar;C:\Users\sajus\.m2\repository\org\seleniumhq\selenium\selenium-remote-driver\4.13.0\selenium-remote-driver-4.13.0.jar;C:\Users\sajus\.m2\repository\com\google\auto\service\auto-service-annotations\1.1.1\auto-service-annotations-1.1.1.jar;C:\Users\sajus\.m2\repository\com\google\guava\guava\32.1.2-jre\guava-32.1.2-jre.jar;C:\Users\sajus\.m2\repository\com\google\guava\failureaccess\1.0.1\failureaccess-1.0.1.jar;C:\Users\sajus\.m2\repository\com\google\guava\listenablefuture\9999.0-empty-to-avoid-conflict-with-guava\listenablefuture-9999.0-empty-to-avoid-conflict-with-guava.jar;C:\Users\sajus\.m2\repository\com\google\code\findbugs\jsr305\3.0.2\jsr305-3.0.2.jar;C:\Users\sajus\.m2\repository\org\checkerframework\checker-qual\3.33.0\checker-qual-3.33.0.jar;C:\Users\sajus\.m2\repository\com\google\errorprone\error_prone_annotations\2.18.0\error_prone_annotations-2.18.0.jar;C:\Users\sajus\.m2\repository\com\google\j2objc\j2objc-annotations\2.8\j2objc-annotations-2.8.jar;C:\Users\sajus\.m2\repository\io\netty\netty-buffer\4.1.96.Final\netty-buffer-4.1.96.Final.jar;C:\Users\sajus\.m2\repository\io\netty\netty-codec-http\4.1.96.Final\netty-codec-http-4.1.96.Final.jar;C:\Users\sajus\.m2\repository\io\netty\netty-codec\4.1.96.Final\netty-codec-4.1.96.Final.jar;C:\Users\sajus\.m2\repository\io\netty\netty-handler\4.1.96.Final\netty-handler-4.1.96.Final.jar;C:\Users\sajus\.m2\repository\io\netty\netty-common\4.1.96.Final\netty-common-4.1.96.Final.jar;C:\Users\sajus\.m2\repository\io\netty\netty-transport-classes-epoll\4.1.96.Final\netty-transport-classes-epoll-4.1.96.Final.jar;C:\Users\sajus\.m2\repository\io\netty\netty-transport-classes-kqueue\4.1.96.Final\netty-transport-classes-kqueue-4.1.96.Final.jar;C:\Users\sajus\.m2\repository\io\netty\netty-transport-native-epoll\4.1.96.Final\netty-transport-native-epoll-4.1.96.Final.jar;C:\Users\sajus\.m2\repository\io\netty\netty-transport-native-kqueue\4.1.96.Final\netty-transport-native-kqueue-4.1.96.Final.jar;C:\Users\sajus\.m2\repository\io\netty\netty-transport-native-unix-common\4.1.96.Final\netty-transport-native-unix-common-4.1.96.Final.jar;C:\Users\sajus\.m2\repository\io\netty\netty-transport\4.1.96.Final\netty-transport-4.1.96.Final.jar;C:\Users\sajus\.m2\repository\io\netty\netty-resolver\4.1.96.Final\netty-resolver-4.1.96.Final.jar;C:\Users\sajus\.m2\repository\io\opentelemetry\opentelemetry-api\1.28.0\opentelemetry-api-1.28.0.jar;C:\Users\sajus\.m2\repository\io\opentelemetry\opentelemetry-context\1.28.0\opentelemetry-context-1.28.0.jar;C:\Users\sajus\.m2\repository\io\opentelemetry\opentelemetry-exporter-logging\1.28.0\opentelemetry-exporter-logging-1.28.0.jar;C:\Users\sajus\.m2\repository\io\opentelemetry\opentelemetry-sdk-metrics\1.28.0\opentelemetry-sdk-metrics-1.28.0.jar;C:\Users\sajus\.m2\repository\io\opentelemetry\opentelemetry-extension-incubator\1.28.0-alpha\opentelemetry-extension-incubator-1.28.0-alpha.jar;C:\Users\sajus\.m2\repository\io\opentelemetry\opentelemetry-sdk-logs\1.28.0\opentelemetry-sdk-logs-1.28.0.jar;C:\Users\sajus\.m2\repository\io\opentelemetry\opentelemetry-sdk-common\1.28.0\opentelemetry-sdk-common-1.28.0.jar;C:\Users\sajus\.m2\repository\io\opentelemetry\opentelemetry-sdk-extension-autoconfigure-spi\1.28.0\opentelemetry-sdk-extension-autoconfigure-spi-1.28.0.jar;C:\Users\sajus\.m2\repository\io\opentelemetry\opentelemetry-sdk-extension-autoconfigure\1.28.0\opentelemetry-sdk-extension-autoconfigure-1.28.0.jar;C:\Users\sajus\.m2\repository\io\opentelemetry\opentelemetry-api-events\1.28.0-alpha\opentelemetry-api-events-1.28.0-alpha.jar;C:\Users\sajus\.m2\repository\io\opentelemetry\opentelemetry-sdk-trace\1.28.0\opentelemetry-sdk-trace-1.28.0.jar;C:\Users\sajus\.m2\repository\io\opentelemetry\opentelemetry-sdk\1.28.0\opentelemetry-sdk-1.28.0.jar;C:\Users\sajus\.m2\repository\io\opentelemetry\opentelemetry-semconv\1.28.0-alpha\opentelemetry-semconv-1.28.0-alpha.jar;C:\Users\sajus\.m2\repository\net\bytebuddy\byte-buddy\1.14.5\byte-buddy-1.14.5.jar;C:\Users\sajus\.m2\repository\org\asynchttpclient\async-http-client\2.12.3\async-http-client-2.12.3.jar;C:\Users\sajus\.m2\repository\org\asynchttpclient\async-http-client-netty-utils\2.12.3\async-http-client-netty-utils-2.12.3.jar;C:\Users\sajus\.m2\repository\io\netty\netty-codec-socks\4.1.60.Final\netty-codec-socks-4.1.60.Final.jar;C:\Users\sajus\.m2\repository\io\netty\netty-handler-proxy\4.1.60.Final\netty-handler-proxy-4.1.60.Final.jar;C:\Users\sajus\.m2\repository\io\netty\netty-transport-native-epoll\4.1.60.Final\netty-transport-native-epoll-4.1.60.Final-linux-x86_64.jar;C:\Users\sajus\.m2\repository\io\netty\netty-transport-native-kqueue\4.1.60.Final\netty-transport-native-kqueue-4.1.60.Final-osx-x86_64.jar;C:\Users\sajus\.m2\repository\org\reactivestreams\reactive-streams\1.0.3\reactive-streams-1.0.3.jar;C:\Users\sajus\.m2\repository\com\typesafe\netty\netty-reactive-streams\2.0.4\netty-reactive-streams-2.0.4.jar;C:\Users\sajus\.m2\repository\com\sun\activation\jakarta.activation\1.2.2\jakarta.activation-1.2.2.jar;C:\Users\sajus\.m2\repository\org\seleniumhq\selenium\selenium-http\4.13.0\selenium-http-4.13.0.jar;C:\Users\sajus\.m2\repository\dev\failsafe\failsafe\3.3.2\failsafe-3.3.2.jar;C:\Users\sajus\.m2\repository\org\seleniumhq\selenium\selenium-json\4.13.0\selenium-json-4.13.0.jar;C:\Users\sajus\.m2\repository\org\seleniumhq\selenium\selenium-manager\4.13.0\selenium-manager-4.13.0.jar;C:\Users\sajus\.m2\repository\org\seleniumhq\selenium\selenium-os\4.13.0\selenium-os-4.13.0.jar;C:\Users\sajus\.m2\repository\org\apache\commons\commons-exec\1.3\commons-exec-1.3.jar;C:\Users\sajus\.m2\repository\org\testng\testng\7.11.0\testng-7.11.0.jar;C:\Users\sajus\.m2\repository\org\jcommander\jcommander\1.83\jcommander-1.83.jar;C:\Users\sajus\.m2\repository\org\webjars\jquery\3.7.1\jquery-3.7.1.jar;C:\Users\sajus\.m2\repository\com\aventstack\extentreports\5.0.9\extentreports-5.0.9.jar;C:\Users\sajus\.m2\repository\io\reactivex\rxjava3\rxjava\3.0.4\rxjava-3.0.4.jar;C:\Users\sajus\.m2\repository\org\freemarker\freemarker\2.3.30\freemarker-2.3.30.jar;C:\Users\sajus\.m2\repository\com\fasterxml\jackson\core\jackson-databind\2.15.2\jackson-databind-2.15.2.jar;C:\Users\sajus\.m2\repository\com\fasterxml\jackson\core\jackson-annotations\2.15.2\jackson-annotations-2.15.2.jar;C:\Users\sajus\.m2\repository\com\fasterxml\jackson\core\jackson-core\2.15.2\jackson-core-2.15.2.jar;C:\Users\sajus\.m2\repository\org\apache\logging\log4j\log4j-core\2.20.0\log4j-core-2.20.0.jar;C:\Users\sajus\.m2\repository\org\apache\logging\log4j\log4j-api\2.20.0\log4j-api-2.20.0.jar;C:\Users\sajus\.m2\repository\org\slf4j\slf4j-simple\2.0.9\slf4j-simple-2.0.9.jar;C:\Users\sajus\.m2\repository\org\projectlombok\lombok\1.18.28\lombok-1.18.28.jar;C:\Users\sajus\.m2\repository\com\beust\jcommander\1.82\jcommander-1.82.jar;"/>
    <property name="sun.cpu.endian" value="little"/>
    <property name="user.home" value="C:\Users\sajus"/>
    <property name="user.language" value="en"/>
    <property name="java.specification.vendor" value="Oracle Corporation"/>
    <property name="java.version.date" value="2025-01-21"/>
    <property name="java.home" value="C:\Program Files\jdk-11.0.26"/>
    <property name="file.separator" value="\"/>
    <property name="basedir" value="C:\Users\sajus\IdeaProjects\appium_Device"/>
    <property name="java.vm.compressedOopsMode" value="32-bit"/>
    <property name="line.separator" value="&#10;"/>
    <property name="java.specification.name" value="Java Platform API Specification"/>
    <property name="java.vm.specification.vendor" value="Oracle Corporation"/>
    <property name="java.awt.graphicsenv" value="sun.awt.Win32GraphicsEnvironment"/>
    <property name="surefire.real.class.path" value="C:\Users\sajus\AppData\Local\Temp\surefire7565436517893789129\surefirebooter-20250618121952049_3.jar"/>
    <property name="user.script" value=""/>
    <property name="sun.management.compiler" value="HotSpot 64-Bit Tiered Compilers"/>
    <property name="java.runtime.version" value="11.0.26+7-LTS-187"/>
    <property name="user.name" value="sajus"/>
    <property name="path.separator" value=";"/>
    <property name="os.version" value="10.0"/>
    <property name="java.runtime.name" value="Java(TM) SE Runtime Environment"/>
    <property name="file.encoding" value="Cp1252"/>
    <property name="java.vm.name" value="Java HotSpot(TM) 64-Bit Server VM"/>
    <property name="java.vendor.version" value="18.9"/>
    <property name="localRepository" value="C:\Users\sajus\.m2\repository"/>
    <property name="java.vendor.url.bug" value="https://bugreport.java.com/bugreport/"/>
    <property name="java.io.tmpdir" value="C:\Users\sajus\AppData\Local\Temp\"/>
    <property name="java.version" value="11.0.26"/>
    <property name="user.dir" value="C:\Users\sajus\IdeaProjects\appium_Device"/>
    <property name="os.arch" value="amd64"/>
    <property name="java.vm.specification.name" value="Java Virtual Machine Specification"/>
    <property name="java.awt.printerjob" value="sun.awt.windows.WPrinterJob"/>
    <property name="sun.os.patch.level" value=""/>
    <property name="java.library.path" value="C:\Program Files\jdk-11.0.26\bin;C:\WINDOWS\Sun\Java\bin;C:\WINDOWS\system32;C:\WINDOWS;C:\WINDOWS\system32;C:\WINDOWS;C:\WINDOWS\System32\Wbem;C:\WINDOWS\System32\WindowsPowerShell\v1.0\;C:\WINDOWS\System32\OpenSSH\;C:\Program Files\dotnet\;C:\Program Files\nodejs\;C:\Users\sajus\AppData\Local\Android\Sdk\tools\bin;C:\Users\sajus\AppData\Local\Android\Sdk\platform-tools;C:\Program Files\jdk-11.0.26\bin;C:\Program Files\apache-maven-3.9.9\apache-maven-3.9.9\bin;C:\Program Files\Git\cmd;C:\Users\sajus\AppData\Local\Microsoft\WindowsApps;C:\Users\sajus\AppData\Local\Programs\Microsoft VS Code\bin;C:\Users\sajus\AppData\Roaming\npm;;."/>
    <property name="java.vendor" value="Oracle Corporation"/>
    <property name="java.vm.info" value="mixed mode"/>
    <property name="java.vm.version" value="11.0.26+7-LTS-187"/>
    <property name="java.specification.maintenance.version" value="3"/>
    <property name="sun.io.unicode.encoding" value="UnicodeLittle"/>
    <property name="java.class.version" value="55.0"/>
  </properties>
  <testcase name="FirstCase" classname="org.testCase.TestCase1" time="9.132">
    <system-out><![CDATA[&amp#27;[38;5;112m[Appium]&amp#27;[0m Welcome to Appium v2.18.0
&amp#27;[38;5;112m[Appium]&amp#27;[0m The autodetected Appium home path: C:\Users\sajus\.appium
&amp#27;[38;5;112m[Appium]&amp#27;[0m Attempting to load driver uiautomator2...
&amp#27;[38;5;112m[Appium]&amp#27;[0m Requiring driver at C:\Users\sajus\.appium\node_modules\appium-uiautomator2-driver\build\index.js
&amp#27;[38;5;112m[Appium]&amp#27;[0m AndroidUiautomator2Driver has been successfully loaded in 1.530s
&amp#27;[38;5;112m[Appium]&amp#27;[0m Appium REST http interface listener started on http://0.0.0.0:4723
&amp#27;[38;5;112m[Appium]&amp#27;[0m You can provide the following URLs in your client code to connect to this server:
	http://192.168.2.20:4723/
	http://127.0.0.1:4723/ (only accessible from the same host)
&amp#27;[38;5;112m[Appium]&amp#27;[0m Available drivers:
&amp#27;[38;5;112m[Appium]&amp#27;[0m   - uiautomator2@4.2.3 (automationName 'UiAutomator2')
&amp#27;[38;5;112m[Appium]&amp#27;[0m No plugins have been installed. Use the "appium plugin" command to install the one(s) you want to use.
&amp#27;[38;5;86m[HTTP]&amp#27;[0m &amp#27;[37m-->&amp#27;[39m &amp#27;[37mGET&amp#27;[39m &amp#27;[37m/status&amp#27;[39m &amp#27;[90m{}&amp#27;[39m
&amp#27;[38;5;228m[AppiumDriver@65b7]&amp#27;[0m Calling AppiumDriver.getStatus() with args: []
&amp#27;[38;5;228m[AppiumDriver@65b7]&amp#27;[0m Responding to client with driver.getStatus() result: {"ready":true,"message":"The server is ready to accept new connections","build":{"version":"2.18.0"}}
&amp#27;[38;5;86m[HTTP]&amp#27;[0m &amp#27;[37m<-- GET /status &amp#27;[39m&amp#27;[32m200&amp#27;[39m &amp#27;[90m8 ms - 111&amp#27;[39m &amp#27;[90m&amp#27;[39m
Appium server started on port: 4723
&amp#27;[38;5;86m[HTTP]&amp#27;[0m Request idempotency key: 90205e39-5184-4ff0-a93f-ca210d9bb39c
&amp#27;[38;5;86m[HTTP]&amp#27;[0m &amp#27;[37m-->&amp#27;[39m &amp#27;[37mPOST&amp#27;[39m &amp#27;[37m/session&amp#27;[39m &amp#27;[90m{"capabilities":{"firstMatch":[{}],"alwaysMatch":{"appium:appActivity":"com.androidsample.generalstore.SplashActivity","appium:appPackage":"com.androidsample.generalstore","appium:automationName":"UiAutomator2","appium:deviceName":"Nokia","appium:noReset":true,"appium:platformVersion":"11.0","appium:systemPort":8202,"appium:udid":"CTLID18120801016","platformName":"ANDROID"}}}&amp#27;[39m
&amp#27;[38;5;228m[AppiumDriver@65b7]&amp#27;[0m Calling AppiumDriver.createSession() with args: [null,null,{"firstMatch":[{}],"alwaysMatch":{"appium:appActivity":"com.androidsample.generalstore.SplashActivity","appium:appPackage":"com.androidsample.generalstore","appium:automationName":"UiAutomator2","appium:deviceName":"Nokia","appium:noReset":true,"appium:platformVersion":"11.0","appium:systemPort":8202,"appium:udid":"CTLID18120801016","platformName":"ANDROID"}}]
&amp#27;[38;5;228m[AppiumDriver@65b7]&amp#27;[0m Event 'newSessionRequested' logged at 1750263599576 (12:19:59 GMT-0400 (Eastern Daylight Saving Time))
&amp#27;[38;5;112m[Appium]&amp#27;[0m Attempting to find matching driver for automationName 'UiAutomator2' and platformName 'ANDROID'
&amp#27;[38;5;112m[Appium]&amp#27;[0m The 'uiautomator2' driver was installed and matched caps.
&amp#27;[38;5;112m[Appium]&amp#27;[0m Will require it at C:\Users\sajus\.appium\node_modules\appium-uiautomator2-driver
&amp#27;[38;5;112m[Appium]&amp#27;[0m Requiring driver at C:\Users\sajus\.appium\node_modules\appium-uiautomator2-driver\build\index.js
&amp#27;[38;5;228m[AppiumDriver@65b7]&amp#27;[0m Appium v2.18.0 creating new AndroidUiautomator2Driver (v4.2.3) session
&amp#27;[38;5;228m[AppiumDriver@65b7]&amp#27;[0m Checking BaseDriver versions for Appium and AndroidUiautomator2Driver
&amp#27;[38;5;228m[AppiumDriver@65b7]&amp#27;[0m Appium's BaseDriver version is 9.17.0
&amp#27;[38;5;228m[AppiumDriver@65b7]&amp#27;[0m AndroidUiautomator2Driver's BaseDriver version is 9.17.0
&amp#27;[38;5;-2m[AndroidUiautomator2Driver@6f94]&amp#27;[0m 
&amp#27;[38;5;-2m[AndroidUiautomator2Driver@6f94]&amp#27;[0m Creating session with W3C capabilities: {
  "alwaysMatch": {
    "platformName": "ANDROID",
    "appium:appActivity": "com.androidsample.generalstore.SplashActivity",
    "appium:appPackage": "com.androidsample.generalstore",
    "appium:automationName": "UiAutomator2",
    "appium:deviceName": "Nokia",
    "appium:noReset": true,
    "appium:platformVersion": "11.0",
    "appium:systemPort": 8202,
    "appium:udid": "CTLID18120801016"
  },
  "firstMatch": [
    {}
  ]
}
&amp#27;[38;5;18m[6d3fe1e8]&amp#27;[0m&amp#27;[38;5;-2m[AndroidUiautomator2Driver@6f94]&amp#27;[0m Session created with session id: 6d3fe1e8-6a2d-40c2-9594-452976a02284
&amp#27;[38;5;18m[6d3fe1e8]&amp#27;[0m&amp#27;[38;5;229m[ADB]&amp#27;[0m Found 3 'build-tools' folders under 'C:\Users\sajus\AppData\Local\Android\Sdk' (newest first):
&amp#27;[38;5;18m[6d3fe1e8]&amp#27;[0m&amp#27;[38;5;229m[ADB]&amp#27;[0m     C:\Users\sajus\AppData\Local\Android\Sdk\build-tools\36.0.0
&amp#27;[38;5;18m[6d3fe1e8]&amp#27;[0m&amp#27;[38;5;229m[ADB]&amp#27;[0m     C:\Users\sajus\AppData\Local\Android\Sdk\build-tools\35.0.1
&amp#27;[38;5;18m[6d3fe1e8]&amp#27;[0m&amp#27;[38;5;229m[ADB]&amp#27;[0m     C:\Users\sajus\AppData\Local\Android\Sdk\build-tools\35.0.0
&amp#27;[38;5;18m[6d3fe1e8]&amp#27;[0m&amp#27;[38;5;229m[ADB]&amp#27;[0m Using 'adb.exe' from 'C:\Users\sajus\AppData\Local\Android\Sdk\platform-tools\adb.exe'
&amp#27;[38;5;18m[6d3fe1e8]&amp#27;[0m&amp#27;[38;5;229m[ADB]&amp#27;[0m Running 'C:\Users\sajus\AppData\Local\Android\Sdk\platform-tools\adb.exe -P 5037 start-server'
&amp#27;[38;5;18m[6d3fe1e8]&amp#27;[0m&amp#27;[38;5;-2m[AndroidUiautomator2Driver@6f94]&amp#27;[0m Retrieving device list
&amp#27;[38;5;18m[6d3fe1e8]&amp#27;[0m&amp#27;[38;5;229m[ADB]&amp#27;[0m Trying to find connected Android devices
&amp#27;[38;5;18m[6d3fe1e8]&amp#27;[0m&amp#27;[38;5;229m[ADB]&amp#27;[0m Getting connected devices
&amp#27;[38;5;18m[6d3fe1e8]&amp#27;[0m&amp#27;[38;5;229m[ADB]&amp#27;[0m Connected devices: [{"udid":"CTLID18120801016","state":"device"}]
&amp#27;[38;5;18m[6d3fe1e8]&amp#27;[0m&amp#27;[38;5;-2m[AndroidUiautomator2Driver@6f94]&amp#27;[0m Using device: CTLID18120801016
&amp#27;[38;5;18m[6d3fe1e8]&amp#27;[0m&amp#27;[38;5;229m[ADB]&amp#27;[0m Using 'adb.exe' from 'C:\Users\sajus\AppData\Local\Android\Sdk\platform-tools\adb.exe'
&amp#27;[38;5;18m[6d3fe1e8]&amp#27;[0m&amp#27;[38;5;229m[ADB]&amp#27;[0m Running 'C:\Users\sajus\AppData\Local\Android\Sdk\platform-tools\adb.exe -P 5037 start-server'
&amp#27;[38;5;18m[6d3fe1e8]&amp#27;[0m&amp#27;[38;5;229m[ADB]&amp#27;[0m Setting device id to CTLID18120801016
&amp#27;[38;5;18m[6d3fe1e8]&amp#27;[0m&amp#27;[38;5;-2m[AndroidUiautomator2Driver@6f94]&amp#27;[0m Starting 'com.androidsample.generalstore' directly on the device
&amp#27;[38;5;18m[6d3fe1e8]&amp#27;[0m&amp#27;[38;5;229m[ADB]&amp#27;[0m Running 'C:\Users\sajus\AppData\Local\Android\Sdk\platform-tools\adb.exe -P 5037 -s CTLID18120801016 shell getprop ro.build.version.sdk'
&amp#27;[38;5;18m[6d3fe1e8]&amp#27;[0m&amp#27;[38;5;229m[ADB]&amp#27;[0m Current device property 'ro.build.version.sdk': 29
&amp#27;[38;5;18m[6d3fe1e8]&amp#27;[0m&amp#27;[38;5;229m[ADB]&amp#27;[0m Getting device platform version
&amp#27;[38;5;18m[6d3fe1e8]&amp#27;[0m&amp#27;[38;5;229m[ADB]&amp#27;[0m Running 'C:\Users\sajus\AppData\Local\Android\Sdk\platform-tools\adb.exe -P 5037 -s CTLID18120801016 shell getprop ro.build.version.release'
&amp#27;[38;5;18m[6d3fe1e8]&amp#27;[0m&amp#27;[38;5;229m[ADB]&amp#27;[0m Current device property 'ro.build.version.release': 10
&amp#27;[38;5;18m[6d3fe1e8]&amp#27;[0m&amp#27;[38;5;229m[ADB]&amp#27;[0m Device API level: 29
&amp#27;[38;5;18m[6d3fe1e8]&amp#27;[0m&amp#27;[38;5;-2m[AndroidUiautomator2Driver@6f94]&amp#27;[0m Relaxing hidden api policy
&amp#27;[38;5;18m[6d3fe1e8]&amp#27;[0m&amp#27;[38;5;229m[ADB]&amp#27;[0m Running 'C:\Users\sajus\AppData\Local\Android\Sdk\platform-tools\adb.exe -P 5037 -s CTLID18120801016 shell 'settings put global hidden_api_policy_pre_p_apps 1;settings put global hidden_api_policy_p_apps 1;settings put global hidden_api_policy 1''
&amp#27;[38;5;18m[6d3fe1e8]&amp#27;[0m&amp#27;[38;5;-2m[AndroidUiautomator2Driver@6f94]&amp#27;[0m Pushing settings apk to the device...
&amp#27;[38;5;18m[6d3fe1e8]&amp#27;[0m&amp#27;[38;5;229m[ADB]&amp#27;[0m Getting package info for 'io.appium.settings'
&amp#27;[38;5;18m[6d3fe1e8]&amp#27;[0m&amp#27;[38;5;229m[ADB]&amp#27;[0m Running 'C:\Users\sajus\AppData\Local\Android\Sdk\platform-tools\adb.exe -P 5037 -s CTLID18120801016 shell dumpsys package io.appium.settings'
&amp#27;[38;5;18m[6d3fe1e8]&amp#27;[0m&amp#27;[38;5;229m[ADB]&amp#27;[0m Using 'aapt2.exe' from 'C:\Users\sajus\AppData\Local\Android\Sdk\build-tools\36.0.0\aapt2.exe'
&amp#27;[38;5;18m[6d3fe1e8]&amp#27;[0m&amp#27;[38;5;229m[ADB]&amp#27;[0m Reading package manifest: 'C:\\Users\\sajus\\AppData\\Local\\Android\\Sdk\\build-tools\\36.0.0\\aapt2.exe dump badging C:\\Users\\sajus\\.appium\\node_modules\\appium-uiautomator2-driver\\node_modules\\io.appium.settings\\apks\\settings_apk-debug.apk'
&amp#27;[38;5;18m[6d3fe1e8]&amp#27;[0m&amp#27;[38;5;229m[ADB]&amp#27;[0m The version name of the installed 'io.appium.settings' is greater or equal to the application version name ('5.14.8' >= '5.14.8')
&amp#27;[38;5;18m[6d3fe1e8]&amp#27;[0m&amp#27;[38;5;229m[ADB]&amp#27;[0m There is no need to install/upgrade 'C:\Users\sajus\.appium\node_modules\appium-uiautomator2-driver\node_modules\io.appium.settings\apks\settings_apk-debug.apk'
&amp#27;[38;5;18m[6d3fe1e8]&amp#27;[0m&amp#27;[38;5;229m[ADB]&amp#27;[0m Running 'C:\Users\sajus\AppData\Local\Android\Sdk\platform-tools\adb.exe -P 5037 -s CTLID18120801016 shell dumpsys activity services io.appium.settings'
&amp#27;[38;5;18m[6d3fe1e8]&amp#27;[0m&amp#27;[38;5;-2m[AndroidUiautomator2Driver@6f94]&amp#27;[0m io.appium.settings is already running. There is no need to reset its permissions.
&amp#27;[38;5;18m[6d3fe1e8]&amp#27;[0m&amp#27;[38;5;160m[Logcat]&amp#27;[0m Starting logs capture with command: C:\\Users\\sajus\\AppData\\Local\\Android\\Sdk\\platform-tools\\adb.exe -P 5037 -s CTLID18120801016 logcat -v threadtime
&amp#27;[38;5;18m[6d3fe1e8]&amp#27;[0m&amp#27;[38;5;229m[ADB]&amp#27;[0m Running 'C:\Users\sajus\AppData\Local\Android\Sdk\platform-tools\adb.exe -P 5037 -s CTLID18120801016 shell appops set io.appium.settings android:mock_location allow'
&amp#27;[38;5;18m[6d3fe1e8]&amp#27;[0m&amp#27;[38;5;229m[ADB]&amp#27;[0m Running 'C:\Users\sajus\AppData\Local\Android\Sdk\platform-tools\adb.exe -P 5037 -s CTLID18120801016 shell "[ -e '/data/local/tmp/mock_apps.json' ] && echo __PASS__"'
&amp#27;[38;5;18m[6d3fe1e8]&amp#27;[0m&amp#27;[38;5;229m[ADB]&amp#27;[0m Running 'C:\Users\sajus\AppData\Local\Android\Sdk\platform-tools\adb.exe -P 5037 -s CTLID18120801016 shell cat /data/local/tmp/mock_apps.json'
&amp#27;[38;5;18m[6d3fe1e8]&amp#27;[0m&amp#27;[38;5;-2m[AndroidUiautomator2Driver@6f94]&amp#27;[0m Forwarding UiAutomator2 Server port 6790 to local port 8202
&amp#27;[38;5;18m[6d3fe1e8]&amp#27;[0m&amp#27;[38;5;229m[ADB]&amp#27;[0m Forwarding system: 8202 to device: 6790
&amp#27;[38;5;18m[6d3fe1e8]&amp#27;[0m&amp#27;[38;5;229m[ADB]&amp#27;[0m Running 'C:\Users\sajus\AppData\Local\Android\Sdk\platform-tools\adb.exe -P 5037 -s CTLID18120801016 forward tcp:8202 tcp:6790'
&amp#27;[38;5;18m[6d3fe1e8]&amp#27;[0m&amp#27;[38;5;-2m[AndroidUiautomator2Driver@6f94]&amp#27;[0m UIA2Proxy options: {"server":"127.0.0.1","port":8202,"keepAlive":true,"scheme":"http","base":"","reqBasePath":"","sessionId":null,"timeout":240000}
&amp#27;[38;5;18m[6d3fe1e8]&amp#27;[0m&amp#27;[38;5;229m[ADB]&amp#27;[0m Getting package info for 'io.appium.uiautomator2.server'
&amp#27;[38;5;18m[6d3fe1e8]&amp#27;[0m&amp#27;[38;5;229m[ADB]&amp#27;[0m Running 'C:\Users\sajus\AppData\Local\Android\Sdk\platform-tools\adb.exe -P 5037 -s CTLID18120801016 shell dumpsys package io.appium.uiautomator2.server'
&amp#27;[38;5;18m[6d3fe1e8]&amp#27;[0m&amp#27;[38;5;229m[ADB]&amp#27;[0m Getting install status for io.appium.uiautomator2.server.test
&amp#27;[38;5;18m[6d3fe1e8]&amp#27;[0m&amp#27;[38;5;-2m[AndroidUiautomator2Driver@6f94]&amp#27;[0m No app capability. Assuming it is already on the device
&amp#27;[38;5;18m[6d3fe1e8]&amp#27;[0m&amp#27;[38;5;229m[ADB]&amp#27;[0m Running 'C:\Users\sajus\AppData\Local\Android\Sdk\platform-tools\adb.exe -P 5037 -s CTLID18120801016 shell cmd package list packages'
&amp#27;[38;5;18m[6d3fe1e8]&amp#27;[0m&amp#27;[38;5;229m[ADB]&amp#27;[0m Reading package manifest: 'C:\\Users\\sajus\\AppData\\Local\\Android\\Sdk\\build-tools\\36.0.0\\aapt2.exe dump badging C:\\Users\\sajus\\.appium\\node_modules\\appium-uiautomator2-driver\\node_modules\\appium-uiautomator2-server\\apks\\appium-uiautomator2-server-v7.5.2.apk'
&amp#27;[38;5;18m[6d3fe1e8]&amp#27;[0m&amp#27;[38;5;229m[ADB]&amp#27;[0m 'io.appium.uiautomator2.server.test' is installed
&amp#27;[38;5;18m[6d3fe1e8]&amp#27;[0m&amp#27;[38;5;229m[ADB]&amp#27;[0m The version name of the installed 'io.appium.uiautomator2.server' is greater or equal to the application version name ('7.5.2' >= '7.5.2')
&amp#27;[38;5;18m[6d3fe1e8]&amp#27;[0m&amp#27;[38;5;-2m[AndroidUiautomator2Driver@6f94]&amp#27;[0m Server packages status: [{"installState":"sameVersionInstalled","appPath":"C:\\Users\\sajus\\.appium\\node_modules\\appium-uiautomator2-driver\\node_modules\\appium-uiautomator2-server\\apks\\appium-uiautomator2-server-v7.5.2.apk","appId":"io.appium.uiautomator2.server"},{"installState":"sameVersionInstalled","appPath":"C:\\Users\\sajus\\.appium\\node_modules\\appium-uiautomator2-driver\\node_modules\\appium-uiautomator2-server\\apks\\appium-uiautomator2-server-debug-androidTest.apk","appId":"io.appium.uiautomator2.server.test"}]
&amp#27;[38;5;18m[6d3fe1e8]&amp#27;[0m&amp#27;[38;5;-2m[AndroidUiautomator2Driver@6f94]&amp#27;[0m Server packages are not going to be (re)installed
&amp#27;[38;5;18m[6d3fe1e8]&amp#27;[0m&amp#27;[38;5;-2m[AndroidUiautomator2Driver@6f94]&amp#27;[0m Waiting up to 30000ms for services to be available
&amp#27;[38;5;18m[6d3fe1e8]&amp#27;[0m&amp#27;[38;5;229m[ADB]&amp#27;[0m Running 'C:\Users\sajus\AppData\Local\Android\Sdk\platform-tools\adb.exe -P 5037 -s CTLID18120801016 shell pm list instrumentation'
&amp#27;[38;5;18m[6d3fe1e8]&amp#27;[0m&amp#27;[38;5;-2m[AndroidUiautomator2Driver@6f94]&amp#27;[0m Instrumentation target 'io.appium.uiautomator2.server.test/androidx.test.runner.AndroidJUnitRunner' is available
&amp#27;[38;5;18m[6d3fe1e8]&amp#27;[0m&amp#27;[38;5;229m[ADB]&amp#27;[0m Adding packages ["io.appium.settings","io.appium.uiautomator2.server","io.appium.uiautomator2.server.test"] to Doze whitelist
&amp#27;[38;5;18m[6d3fe1e8]&amp#27;[0m&amp#27;[38;5;229m[ADB]&amp#27;[0m Got the following command chunks to execute: [["dumpsys","deviceidle","whitelist","+io.appium.settings",";","dumpsys","deviceidle","whitelist","+io.appium.uiautomator2.server",";","dumpsys","deviceidle","whitelist","+io.appium.uiautomator2.server.test",";"]]
&amp#27;[38;5;18m[6d3fe1e8]&amp#27;[0m&amp#27;[38;5;229m[ADB]&amp#27;[0m Running 'C:\Users\sajus\AppData\Local\Android\Sdk\platform-tools\adb.exe -P 5037 -s CTLID18120801016 shell dumpsys deviceidle whitelist +io.appium.settings ; dumpsys deviceidle whitelist +io.appium.uiautomator2.server ; dumpsys deviceidle whitelist +io.appium.uiautomator2.server.test ;'
&amp#27;[38;5;18m[6d3fe1e8]&amp#27;[0m&amp#27;[38;5;-2m[AndroidUiautomator2Driver@6f94]&amp#27;[0m Performing shallow cleanup of automation leftovers
&amp#27;[38;5;18m[6d3fe1e8]&amp#27;[0m&amp#27;[38;5;-2m[AndroidUiautomator2Driver@6f94]&amp#27;[0m No obsolete sessions have been detected (socket hang up)
&amp#27;[38;5;18m[6d3fe1e8]&amp#27;[0m&amp#27;[38;5;229m[ADB]&amp#27;[0m Running 'C:\Users\sajus\AppData\Local\Android\Sdk\platform-tools\adb.exe -P 5037 -s CTLID18120801016 shell am force-stop io.appium.uiautomator2.server'
&amp#27;[38;5;18m[6d3fe1e8]&amp#27;[0m&amp#27;[38;5;229m[ADB]&amp#27;[0m Running 'C:\Users\sajus\AppData\Local\Android\Sdk\platform-tools\adb.exe -P 5037 -s CTLID18120801016 shell am force-stop io.appium.uiautomator2.server.test'
&amp#27;[38;5;18m[6d3fe1e8]&amp#27;[0m&amp#27;[38;5;-2m[AndroidUiautomator2Driver@6f94]&amp#27;[0m Starting UIAutomator2 server 7.5.2
&amp#27;[38;5;18m[6d3fe1e8]&amp#27;[0m&amp#27;[38;5;-2m[AndroidUiautomator2Driver@6f94]&amp#27;[0m Using UIAutomator2 server from 'C:\Users\sajus\.appium\node_modules\appium-uiautomator2-driver\node_modules\appium-uiautomator2-server\apks\appium-uiautomator2-server-v7.5.2.apk' and test from 'C:\Users\sajus\.appium\node_modules\appium-uiautomator2-driver\node_modules\appium-uiautomator2-server\apks\appium-uiautomator2-server-debug-androidTest.apk'
&amp#27;[38;5;18m[6d3fe1e8]&amp#27;[0m&amp#27;[38;5;-2m[AndroidUiautomator2Driver@6f94]&amp#27;[0m Waiting up to 30000ms for UiAutomator2 to be online...
&amp#27;[38;5;18m[6d3fe1e8]&amp#27;[0m&amp#27;[38;5;229m[ADB]&amp#27;[0m Creating ADB subprocess with args: ["-P","5037","-s","CTLID18120801016","shell","am","instrument","-w","-e","disableAnalytics","true","io.appium.uiautomator2.server.test/androidx.test.runner.AndroidJUnitRunner"]
&amp#27;[38;5;18m[6d3fe1e8]&amp#27;[0m&amp#27;[38;5;-2m[AndroidUiautomator2Driver@6f94]&amp#27;[0m Matched '/status' to command name 'getStatus'
&amp#27;[38;5;18m[6d3fe1e8]&amp#27;[0m&amp#27;[38;5;-2m[AndroidUiautomator2Driver@6f94]&amp#27;[0m Proxying [GET /status] to [GET http://127.0.0.1:8202/status] with no body
&amp#27;[38;5;18m[6d3fe1e8]&amp#27;[0m&amp#27;[38;5;-2m[AndroidUiautomator2Driver@6f94]&amp#27;[0m socket hang up
&amp#27;[38;5;18m[6d3fe1e8]&amp#27;[0m&amp#27;[38;5;-2m[AndroidUiautomator2Driver@6f94]&amp#27;[0m Matched '/status' to command name 'getStatus'
&amp#27;[38;5;18m[6d3fe1e8]&amp#27;[0m&amp#27;[38;5;-2m[AndroidUiautomator2Driver@6f94]&amp#27;[0m Proxying [GET /status] to [GET http://127.0.0.1:8202/status] with no body
&amp#27;[38;5;18m[6d3fe1e8]&amp#27;[0m&amp#27;[38;5;-2m[AndroidUiautomator2Driver@6f94]&amp#27;[0m socket hang up
&amp#27;[38;5;18m[6d3fe1e8]&amp#27;[0m&amp#27;[38;5;-2m[AndroidUiautomator2Driver@6f94]&amp#27;[0m [Instrumentation] 
&amp#27;[38;5;18m[6d3fe1e8]&amp#27;[0m&amp#27;[38;5;-2m[AndroidUiautomator2Driver@6f94]&amp#27;[0m Matched '/status' to command name 'getStatus'
&amp#27;[38;5;18m[6d3fe1e8]&amp#27;[0m&amp#27;[38;5;-2m[AndroidUiautomator2Driver@6f94]&amp#27;[0m Proxying [GET /status] to [GET http://127.0.0.1:8202/status] with no body
&amp#27;[38;5;18m[6d3fe1e8]&amp#27;[0m&amp#27;[38;5;-2m[AndroidUiautomator2Driver@6f94]&amp#27;[0m Got response with status 200: {"sessionId":"None","value":{"message":"UiAutomator2 Server is ready to accept commands","ready":true}}
&amp#27;[38;5;18m[6d3fe1e8]&amp#27;[0m&amp#27;[38;5;-2m[AndroidUiautomator2Driver@6f94]&amp#27;[0m The initialization of the instrumentation process took 2209ms
&amp#27;[38;5;18m[6d3fe1e8]&amp#27;[0m&amp#27;[38;5;-2m[AndroidUiautomator2Driver@6f94]&amp#27;[0m Matched '/session' to command name 'createSession'
&amp#27;[38;5;18m[6d3fe1e8]&amp#27;[0m&amp#27;[38;5;-2m[AndroidUiautomator2Driver@6f94]&amp#27;[0m Proxying [POST /session] to [POST http://127.0.0.1:8202/session] with body: {"capabilities":{"firstMatch":[{"platformName":"ANDROID","appActivity":"com.androidsample.generalstore.SplashActivity","appPackage":"com.androidsample.generalstore","automationName":"UiAutomator2","deviceName":"CTLID18120801016","noReset":true,"platformVersion":"11.0","systemPort":8202,"udid":"CTLID18120801016","platform":"LINUX","webStorageEnabled":false,"takesScreenshot":true,"javascriptEnabled":true,"databaseEnabled":false,"networkConnectionEnabled":true,"locationContextEnabled":false,"warnings":{},"desired":{"platformName":"ANDROID","appActivity":"com.androidsample.generalstore.SplashActivity","appPackage":"com.androidsample.generalstore","automationName":"UiAutomator2","deviceName":"Nokia","noReset":true,"platformVersion":"11.0","systemPort":8202,"udid":"CTLID18120801016"},"deviceUDID":"CTLID18120801016"}],"alwaysMatch":{}}}
&amp#27;[38;5;18m[6d3fe1e8]&amp#27;[0m&amp#27;[38;5;-2m[AndroidUiautomator2Driver@6f94]&amp#27;[0m Got response with status 200: {"sessionId":"2c758c30-1a83-4956-992f-a38b5ac38abe","value":{"capabilities":{"firstMatch":[{"platformName":"ANDROID","appActivity":"com.androidsample.generalstore.SplashActivity","appPackage":"com.androidsample.generalstore","automationName":"UiAutomator2","deviceName":"CTLID18120801016","noReset":true,"platformVersion":"11.0","systemPort":8202,"udid":"CTLID18120801016","platform":"LINUX","webStorageEnabled":false,"takesScreenshot":true,"javascriptEnabled":true,"databaseEnabled":false,"networkConnectionEnabled":true,"locationContextEnabled":false,"warnings":{},"desired":{"platformName":"ANDROID","appActivity":"com.androidsample.generalstore.SplashActivity","appPackage":"com.androidsample.generalstore","automationName":"UiAutomator2","deviceName":"Nokia","noReset":true,"platformVersion":"11.0","systemPort":8202,"udid":"CTLID18120801016"},"deviceUDID":"CTLID18120801016"}],"alwaysMatch":{}},"sessionId":"2c758c30-1a83-4956-992f-a38b5ac38abe"}}
&amp#27;[38;5;18m[6d3fe1e8]&amp#27;[0m&amp#27;[38;5;-2m[AndroidUiautomator2Driver@6f94]&amp#27;[0m Determined the downstream protocol as 'W3C'
&amp#27;[38;5;18m[6d3fe1e8]&amp#27;[0m&amp#27;[38;5;-2m[AndroidUiautomator2Driver@6f94]&amp#27;[0m Proxying [GET /appium/device/pixel_ratio] to [GET http://127.0.0.1:8202/session/2c758c30-1a83-4956-992f-a38b5ac38abe/appium/device/pixel_ratio] with no body
&amp#27;[38;5;18m[6d3fe1e8]&amp#27;[0m&amp#27;[38;5;-2m[AndroidUiautomator2Driver@6f94]&amp#27;[0m Matched '/appium/device/system_bars' to command name 'getSystemBars'
&amp#27;[38;5;18m[6d3fe1e8]&amp#27;[0m&amp#27;[38;5;-2m[AndroidUiautomator2Driver@6f94]&amp#27;[0m Proxying [GET /appium/device/system_bars] to [GET http://127.0.0.1:8202/session/2c758c30-1a83-4956-992f-a38b5ac38abe/appium/device/system_bars] with no body
&amp#27;[38;5;18m[6d3fe1e8]&amp#27;[0m&amp#27;[38;5;-2m[AndroidUiautomator2Driver@6f94]&amp#27;[0m Matched '/window/current/size' to command name 'getWindowSize'
&amp#27;[38;5;18m[6d3fe1e8]&amp#27;[0m&amp#27;[38;5;-2m[AndroidUiautomator2Driver@6f94]&amp#27;[0m Proxying [GET /window/current/size] to [GET http://127.0.0.1:8202/session/2c758c30-1a83-4956-992f-a38b5ac38abe/window/current/size] with no body
&amp#27;[38;5;18m[6d3fe1e8]&amp#27;[0m&amp#27;[38;5;-2m[AndroidUiautomator2Driver@6f94]&amp#27;[0m Proxying [GET /appium/device/info] to [GET http://127.0.0.1:8202/session/2c758c30-1a83-4956-992f-a38b5ac38abe/appium/device/info] with no body
&amp#27;[38;5;18m[6d3fe1e8]&amp#27;[0m&amp#27;[38;5;229m[ADB]&amp#27;[0m Running 'C:\Users\sajus\AppData\Local\Android\Sdk\platform-tools\adb.exe -P 5037 -s CTLID18120801016 shell dumpsys window'
&amp#27;[38;5;18m[6d3fe1e8]&amp#27;[0m&amp#27;[38;5;229m[ADB]&amp#27;[0m Running 'C:\Users\sajus\AppData\Local\Android\Sdk\platform-tools\adb.exe -P 5037 -s CTLID18120801016 shell dumpsys power'
&amp#27;[38;5;18m[6d3fe1e8]&amp#27;[0m&amp#27;[38;5;-2m[AndroidUiautomator2Driver@6f94]&amp#27;[0m Got response with status 200: {"sessionId":"2c758c30-1a83-4956-992f-a38b5ac38abe","value":2.625}
&amp#27;[38;5;18m[6d3fe1e8]&amp#27;[0m&amp#27;[38;5;-2m[AndroidUiautomator2Driver@6f94]&amp#27;[0m Got response with status 200: {"sessionId":"2c758c30-1a83-4956-992f-a38b5ac38abe","value":{"height":2280,"width":1080}}
&amp#27;[38;5;18m[6d3fe1e8]&amp#27;[0m&amp#27;[38;5;-2m[AndroidUiautomator2Driver@6f94]&amp#27;[0m Got response with status 200: {"sessionId":"2c758c30-1a83-4956-992f-a38b5ac38abe","value":{"statusBar":89}}
&amp#27;[38;5;18m[6d3fe1e8]&amp#27;[0m&amp#27;[38;5;-2m[AndroidUiautomator2Driver@6f94]&amp#27;[0m Screen already unlocked, doing nothing
&amp#27;[38;5;18m[6d3fe1e8]&amp#27;[0m&amp#27;[38;5;-2m[AndroidUiautomator2Driver@6f94]&amp#27;[0m Starting 'com.androidsample.generalstore/com.androidsample.generalstore.SplashActivity' and waiting for 'com.androidsample.generalstore/com.androidsample.generalstore.SplashActivity'
&amp#27;[38;5;18m[6d3fe1e8]&amp#27;[0m&amp#27;[38;5;229m[ADB]&amp#27;[0m Getting IDs of all 'com.androidsample.generalstore' processes
&amp#27;[38;5;18m[6d3fe1e8]&amp#27;[0m&amp#27;[38;5;229m[ADB]&amp#27;[0m Running 'C:\Users\sajus\AppData\Local\Android\Sdk\platform-tools\adb.exe -P 5037 -s CTLID18120801016 shell 'pgrep --help; echo $?''
&amp#27;[38;5;18m[6d3fe1e8]&amp#27;[0m&amp#27;[38;5;-2m[AndroidUiautomator2Driver@6f94]&amp#27;[0m Got response with status 200: {"sessionId":"2c758c30-1a83-4956-992f-a38b5ac38abe","value":{"androidId":"7be9e4e610cc4454","apiVersion":"29","bluetooth":{"state":"OFF"},"brand":"Nokia","carrierName":"","displayDensity":420,"locale":"en_IN","manufacturer":"HMD Global","model":"Nokia 7.1","networks":[{"capabilities":{"SSID":null,"linkDownBandwidthKbps":1048576,"linkUpstreamBandwidthKbps":1048576,"networkCapabilities":"NET_CAPABILITY_NOT_METERED,NET_CAPABILITY_INTERNET,NET_CAPABILITY_NOT_RESTRICTED,NET_CAPABILITY_TRUSTED,NET_CAPABILITY_NOT_VPN,NET_CAPABILITY_VALIDATED,NET_CAPABILITY_NOT_ROAMING,NET_CAPABILITY_FOREGROUND,NET_CAPABILITY_NOT_CONGESTED,NET_CAPABILITY_NOT_SUSPENDED","signalStrength":-54,"transportTypes":"TRANSPORT_WIFI"},"detailedState":"CONNECTED","extraInfo":null,"isAvailable":true,"isConnected":true,"isFailover":false,"isRoaming":false,"state":"CONNECTED","subtype":0,"subtypeName":"","type":1,"typeName":"WIFI"}],"platformVersion":"10","realDisplaySize":"1080x2280","timeZone":"America/Toronto"}}
&amp#27;[38;5;18m[6d3fe1e8]&amp#27;[0m&amp#27;[38;5;229m[ADB]&amp#27;[0m Running 'C:\Users\sajus\AppData\Local\Android\Sdk\platform-tools\adb.exe -P 5037 -s CTLID18120801016 shell pgrep -f \(\[\[:blank:\]\]\|\^\)com\.androidsample\.generalstore\(:\[a-zA-Z0-9_-\]\+\)\?\(\[\[:blank:\]\]\|\$\)'
&amp#27;[38;5;18m[6d3fe1e8]&amp#27;[0m&amp#27;[38;5;229m[ADB]&amp#27;[0m Running 'C:\Users\sajus\AppData\Local\Android\Sdk\platform-tools\adb.exe -P 5037 -s CTLID18120801016 shell am start-activity -W -n com.androidsample.generalstore/com.androidsample.generalstore.SplashActivity -S -a android.intent.action.MAIN -c android.intent.category.LAUNCHER -f 0x10200000'
&amp#27;[38;5;18m[6d3fe1e8]&amp#27;[0m&amp#27;[38;5;228m[AppiumDriver@65b7]&amp#27;[0m New AndroidUiautomator2Driver session created successfully, session 6d3fe1e8-6a2d-40c2-9594-452976a02284 added to master session list
&amp#27;[38;5;18m[6d3fe1e8]&amp#27;[0m&amp#27;[38;5;228m[AppiumDriver@65b7]&amp#27;[0m Event 'newSessionStarted' logged at 1750263604833 (12:20:04 GMT-0400 (Eastern Daylight Saving Time))
&amp#27;[38;5;18m[6d3fe1e8]&amp#27;[0m&amp#27;[38;5;-2m[AndroidUiautomator2Driver@6f94]&amp#27;[0m Cached the protocol value 'W3C' for the new session 6d3fe1e8-6a2d-40c2-9594-452976a02284
&amp#27;[38;5;18m[6d3fe1e8]&amp#27;[0m&amp#27;[38;5;-2m[AndroidUiautomator2Driver@6f94]&amp#27;[0m Responding to client with driver.createSession() result: {"capabilities":{"platformName":"ANDROID","appActivity":"com.androidsample.generalstore.SplashActivity","appPackage":"com.androidsample.generalstore","automationName":"UiAutomator2","deviceName":"CTLID18120801016","noReset":true,"platformVersion":"10","systemPort":8202,"udid":"CTLID18120801016","platform":"LINUX","webStorageEnabled":false,"takesScreenshot":true,"javascriptEnabled":true,"databaseEnabled":false,"networkConnectionEnabled":true,"locationContextEnabled":false,"warnings":{},"desired":{"platformName":"ANDROID","appActivity":"com.androidsample.generalstore.SplashActivity","appPackage":"com.androidsample.generalstore","automationName":"UiAutomator2","deviceName":"Nokia","noReset":true,"platformVersion":"11.0","systemPort":8202,"udid":"CTLID18120801016"},"deviceUDID":"CTLID18120801016","pixelRatio":"2.625","statBarHeight":89,"viewportRect":{"left":0,"top":89,"width":1080,"height":2191},"deviceApiLevel":29,"deviceManufacturer":"HMD Global","deviceModel":"Nokia 7.1","deviceScreenSize":"1080x2280","dev...
&amp#27;[38;5;18m[6d3fe1e8]&amp#27;[0m&amp#27;[38;5;86m[HTTP]&amp#27;[0m &amp#27;[37m<-- POST /session &amp#27;[39m&amp#27;[32m200&amp#27;[39m &amp#27;[90m5260 ms - 1105&amp#27;[39m &amp#27;[90m&amp#27;[39m
&amp#27;[38;5;18m[6d3fe1e8]&amp#27;[0m&amp#27;[38;5;86m[HTTP]&amp#27;[0m &amp#27;[37m-->&amp#27;[39m &amp#27;[37mPOST&amp#27;[39m &amp#27;[37m/session/6d3fe1e8-6a2d-40c2-9594-452976a02284/execute/sync&amp#27;[39m &amp#27;[90m{"script":"mobile: getCurrentActivity","args":[]}&amp#27;[39m
&amp#27;[38;5;18m[6d3fe1e8]&amp#27;[0m&amp#27;[38;5;-2m[AndroidUiautomator2Driver@6f94]&amp#27;[0m Calling AppiumDriver.execute() with args: ["mobile: getCurrentActivity",[],"6d3fe1e8-6a2d-40c2-9594-452976a02284"]
&amp#27;[38;5;18m[6d3fe1e8]&amp#27;[0m&amp#27;[38;5;229m[ADB]&amp#27;[0m Getting focused package and activity
&amp#27;[38;5;18m[6d3fe1e8]&amp#27;[0m&amp#27;[38;5;229m[ADB]&amp#27;[0m Running 'C:\Users\sajus\AppData\Local\Android\Sdk\platform-tools\adb.exe -P 5037 -s CTLID18120801016 shell dumpsys window displays'
&amp#27;[38;5;18m[6d3fe1e8]&amp#27;[0m&amp#27;[38;5;-2m[AndroidUiautomator2Driver@6f94]&amp#27;[0m Responding to client with driver.execute() result: ".SplashActivity"
&amp#27;[38;5;18m[6d3fe1e8]&amp#27;[0m&amp#27;[38;5;86m[HTTP]&amp#27;[0m &amp#27;[37m<-- POST /session/6d3fe1e8-6a2d-40c2-9594-452976a02284/execute/sync &amp#27;[39m&amp#27;[32m200&amp#27;[39m &amp#27;[90m88 ms - 27&amp#27;[39m &amp#27;[90m&amp#27;[39m
Current Activity: .SplashActivity
&amp#27;[38;5;18m[6d3fe1e8]&amp#27;[0m&amp#27;[38;5;86m[HTTP]&amp#27;[0m &amp#27;[37m-->&amp#27;[39m &amp#27;[37mPOST&amp#27;[39m &amp#27;[37m/session/6d3fe1e8-6a2d-40c2-9594-452976a02284/element&amp#27;[39m &amp#27;[90m{"using":"id","value":"com.androidsample.generalstore:id/btnLetsShop"}&amp#27;[39m
&amp#27;[38;5;18m[6d3fe1e8]&amp#27;[0m&amp#27;[38;5;-2m[AndroidUiautomator2Driver@6f94]&amp#27;[0m Calling AppiumDriver.findElement() with args: ["id","com.androidsample.generalstore:id/btnLetsShop","6d3fe1e8-6a2d-40c2-9594-452976a02284"]
&amp#27;[38;5;18m[6d3fe1e8]&amp#27;[0m&amp#27;[38;5;-2m[AndroidUiautomator2Driver@6f94]&amp#27;[0m Valid locator strategies for this request: xpath, id, class name, accessibility id, css selector, -android uiautomator
&amp#27;[38;5;18m[6d3fe1e8]&amp#27;[0m&amp#27;[38;5;-2m[AndroidUiautomator2Driver@6f94]&amp#27;[0m Waiting up to 0 ms for condition
&amp#27;[38;5;18m[6d3fe1e8]&amp#27;[0m&amp#27;[38;5;-2m[AndroidUiautomator2Driver@6f94]&amp#27;[0m Matched '/element' to command name 'findElement'
&amp#27;[38;5;18m[6d3fe1e8]&amp#27;[0m&amp#27;[38;5;-2m[AndroidUiautomator2Driver@6f94]&amp#27;[0m Proxying [POST /element] to [POST http://127.0.0.1:8202/session/2c758c30-1a83-4956-992f-a38b5ac38abe/element] with body: {"strategy":"id","selector":"com.androidsample.generalstore:id/btnLetsShop","context":"","multiple":false}
&amp#27;[38;5;18m[6d3fe1e8]&amp#27;[0m&amp#27;[38;5;-2m[AndroidUiautomator2Driver@6f94]&amp#27;[0m Got response with status 200: {"sessionId":"2c758c30-1a83-4956-992f-a38b5ac38abe","value":{"ELEMENT":"00000000-0000-0805-ffff-ffff00000021","element-6066-11e4-a52e-4f735466cecf":"00000000-0000-0805-ffff-ffff00000021"}}
&amp#27;[38;5;18m[6d3fe1e8]&amp#27;[0m&amp#27;[38;5;-2m[AndroidUiautomator2Driver@6f94]&amp#27;[0m Responding to client with driver.findElement() result: {"element-6066-11e4-a52e-4f735466cecf":"00000000-0000-0805-ffff-ffff00000021","ELEMENT":"00000000-0000-0805-ffff-ffff00000021"}
&amp#27;[38;5;18m[6d3fe1e8]&amp#27;[0m&amp#27;[38;5;86m[HTTP]&amp#27;[0m &amp#27;[37m<-- POST /session/6d3fe1e8-6a2d-40c2-9594-452976a02284/element &amp#27;[39m&amp#27;[32m200&amp#27;[39m &amp#27;[90m70 ms - 137&amp#27;[39m &amp#27;[90m&amp#27;[39m
&amp#27;[38;5;18m[6d3fe1e8]&amp#27;[0m&amp#27;[38;5;86m[HTTP]&amp#27;[0m &amp#27;[37m-->&amp#27;[39m &amp#27;[37mPOST&amp#27;[39m &amp#27;[37m/session/6d3fe1e8-6a2d-40c2-9594-452976a02284/element/00000000-0000-0805-ffff-ffff00000021/click&amp#27;[39m &amp#27;[90m{"id":"00000000-0000-0805-ffff-ffff00000021"}&amp#27;[39m
&amp#27;[38;5;18m[6d3fe1e8]&amp#27;[0m&amp#27;[38;5;-2m[AndroidUiautomator2Driver@6f94]&amp#27;[0m Calling AppiumDriver.click() with args: ["00000000-0000-0805-ffff-ffff00000021","6d3fe1e8-6a2d-40c2-9594-452976a02284"]
&amp#27;[38;5;18m[6d3fe1e8]&amp#27;[0m&amp#27;[38;5;-2m[AndroidUiautomator2Driver@6f94]&amp#27;[0m Matched '/element/00000000-0000-0805-ffff-ffff00000021/click' to command name 'click'
&amp#27;[38;5;18m[6d3fe1e8]&amp#27;[0m&amp#27;[38;5;-2m[AndroidUiautomator2Driver@6f94]&amp#27;[0m Proxying [POST /element/00000000-0000-0805-ffff-ffff00000021/click] to [POST http://127.0.0.1:8202/session/2c758c30-1a83-4956-992f-a38b5ac38abe/element/00000000-0000-0805-ffff-ffff00000021/click] with body: {"element":"00000000-0000-0805-ffff-ffff00000021"}
&amp#27;[38;5;18m[6d3fe1e8]&amp#27;[0m&amp#27;[38;5;-2m[AndroidUiautomator2Driver@6f94]&amp#27;[0m Got response with status 200: {"sessionId":"2c758c30-1a83-4956-992f-a38b5ac38abe","value":null}
&amp#27;[38;5;18m[6d3fe1e8]&amp#27;[0m&amp#27;[38;5;-2m[AndroidUiautomator2Driver@6f94]&amp#27;[0m Responding to client with driver.click() result: null
&amp#27;[38;5;18m[6d3fe1e8]&amp#27;[0m&amp#27;[38;5;86m[HTTP]&amp#27;[0m &amp#27;[37m<-- POST /session/6d3fe1e8-6a2d-40c2-9594-452976a02284/element/00000000-0000-0805-ffff-ffff00000021/click &amp#27;[39m&amp#27;[32m200&amp#27;[39m &amp#27;[90m66 ms - 14&amp#27;[39m &amp#27;[90m&amp#27;[39m
&amp#27;[38;5;18m[6d3fe1e8]&amp#27;[0m&amp#27;[38;5;86m[HTTP]&amp#27;[0m &amp#27;[37m-->&amp#27;[39m &amp#27;[37mGET&amp#27;[39m &amp#27;[37m/session/6d3fe1e8-6a2d-40c2-9594-452976a02284/screenshot&amp#27;[39m &amp#27;[90m{}&amp#27;[39m
&amp#27;[38;5;18m[6d3fe1e8]&amp#27;[0m&amp#27;[38;5;-2m[AndroidUiautomator2Driver@6f94]&amp#27;[0m Calling AppiumDriver.getScreenshot() with args: ["6d3fe1e8-6a2d-40c2-9594-452976a02284"]
&amp#27;[38;5;18m[6d3fe1e8]&amp#27;[0m&amp#27;[38;5;-2m[AndroidUiautomator2Driver@6f94]&amp#27;[0m Matched '/screenshot' to command name 'getScreenshot'
&amp#27;[38;5;18m[6d3fe1e8]&amp#27;[0m&amp#27;[38;5;-2m[AndroidUiautomator2Driver@6f94]&amp#27;[0m Proxying [GET /screenshot] to [GET http://127.0.0.1:8202/session/2c758c30-1a83-4956-992f-a38b5ac38abe/screenshot] with no body
&amp#27;[38;5;18m[6d3fe1e8]&amp#27;[0m&amp#27;[38;5;-2m[AndroidUiautomator2Driver@6f94]&amp#27;[0m Got response with status 200: {"sessionId":"2c758c30-1a83-4956-992f-a38b5ac38abe","value":"iVBORw0KGgoAAAANSUhEUgAABDgAAAjoCAYAAAA5jhrUAAAAAXNSR0IArs4c6QAAAARzQklUCAgICHwIZIgAACAASURBVHic7N13nB1V/f/x9zkzd3eTsAlJSAIkIfQmRToqFuCLCFLsBRWxfP1asOJXv2LvXRFFUcEffJWiKIiKCHwVlCYCItI7JKGE9Lrlzpzz+2Nm7p27O3ez7e5msq8nj5DcKWfOmXrOZ87MmOn3nuwFAAAAAABQYna8MwAAAAAAADBSBDgAAAAAAEDpEeAAAAAAAAClR4ADAAAAAACUHgEOAAAAAABQegQ4AAAAAABA6RHgAAAAAAAApUeAAwAAAAAAlB4BDgAAAAAAUHoEOAAAAAAAQOkR4AAAAAAAAKVHgAMAAAAAAJQeAQ4AAAAAAFB6BDgAAAAAAEDpEeAAAAAAAAClR4ADAAAAAACUHgEOAAAAAABQegQ4AAAAAABA6RHgAAAAAAAApUeAAwAAAAAAlB4BDgAAAAAAUHoEOAAAAAAAQOkR4AAAAAAAAKVHgAMAAAAAAJQeAQ4AAAAAAFB64XhnANgUGBmZ7G+T/FuSvCTvvZL/lP6/vCZKOQEAAABMPAQ4MGEZGYXGaqe2rXXh/A9r+8qsAad/vLpUb1z0XT3a+4wi70oTBJgo5QQAAAAGY1owWXu1b6e9O7bTNDtZe3Vsp2nBlNr41fF63d29UKvdBt3VvVB39yzU6njDuOT1sMm763cLPjGoaU944qu6YcP9Lc7Rpo0AByakTjtJn5n9Wp0y/XAFg3xSa/vKLN2841cUy+n8ldfp88/+SmtdV4tzOjITpZwAAADAQLarbKVjO/fXsZ0H6LDJu290+pd3HtDw+4YN9+uPa2/XH9f+Uwury1qVTYyQmX7vydyexYQRmkDvmXG0Pjf7dao/oDE8Xl6ff/YS/XDFnxT5eJRyODomSjkBAACAgRw2...
&amp#27;[38;5;18m[6d3fe1e8]&amp#27;[0m&amp#27;[38;5;-2m[AndroidUiautomator2Driver@6f94]&amp#27;[0m Responding to client with driver.getScreenshot() result: "iVBORw0KGgoAAAANSUhEUgAABDgAAAjoCAYAAAA5jhrUAAAAAXNSR0IArs4c6QAAAARzQklUCAgICHwIZIgAACAASURBVHic7N13nB1V/f/x9zkzd3eTsAlJSAIkIfQmRToqFuCLCFLsBRWxfP1asOJXv2LvXRFFUcEffJWiKIiKCHwVlCYCItI7JKGE9Lrlzpzz+2Nm7p27O3ez7e5msq8nj5DcKWfOmXrOZ87MmOn3nuwFAAAAAABQYna8MwAAAAAAADBSBDgAAAAAAEDpEeAAAAAAAAClR4ADAAAAAACUHgEOAAAAAABQegQ4AAAAAABA6RHgAAAAAAAApUeAAwAAAAAAlB4BDgAAAAAAUHoEOAAAAAAAQOkR4AAAAAAAAKVHgAMAAAAAAJQeAQ4AAAAAAFB6BDgAAAAAAEDpEeAAAAAAAAClR4ADAAAAAACUHgEOAAAAAABQegQ4AAAAAABA6RHgAAAAAAAApUeAAwAAAAAAlB4BDgAAAAAAUHoEOAAAAAAAQOkR4AAAAAAAAKVHgAMAAAAAAJQeAQ4AAAAAAFB64XhnANgUGBmZ7G+T/FuSvCTvvZL/lP6/vCZKOQEAAABMPAQ4MGEZGYXGaqe2rXXh/A9r+8qsAad/vLpUb1z0XT3a+4wi70oTBJgo5QQAAAAGY1owWXu1b6e9O7bTNDtZe3Vsp2nBlNr41fF63d29UKvdBt3VvVB39yzU6njDuOT1sMm763cLPjGoaU944qu6YcP9Lc7Rpo0AByakTjtJn5n9Wp0y/XAFg3xSa/vKLN2841cUy+n8ldfp88/+SmtdV4tzOjITpZwAAADAQLarbKVjO/fXsZ0H6LDJu290+pd3HtDw+4YN9+uPa2/XH9f+Uwury1qVTYyQmX7vydyexYQRmkDvmXG0Pjf7dao/oDE8Xl6ff/YS/XDFnxT5eJRyODomSjkBAACAgRw2eXf914yX9gtYjMQVa2/Xj1dcPSa9JejBMTQEODAhGBl12g5du8MXtEPb7FFN...
&amp#27;[38;5;18m[6d3fe1e8]&amp#27;[0m&amp#27;[38;5;86m[HTTP]&amp#27;[0m &amp#27;[37m<-- GET /session/6d3fe1e8-6a2d-40c2-9594-452976a02284/screenshot &amp#27;[39m&amp#27;[32m200&amp#27;[39m &amp#27;[90m1090 ms - 611376&amp#27;[39m &amp#27;[90m&amp#27;[39m
&amp#27;[38;5;18m[6d3fe1e8]&amp#27;[0m&amp#27;[38;5;86m[HTTP]&amp#27;[0m &amp#27;[37m-->&amp#27;[39m &amp#27;[37mPOST&amp#27;[39m &amp#27;[37m/session/6d3fe1e8-6a2d-40c2-9594-452976a02284/element&amp#27;[39m &amp#27;[90m{"using":"xpath","value":"//android.widget.Toast[@text='Please enter your name']"}&amp#27;[39m
&amp#27;[38;5;18m[6d3fe1e8]&amp#27;[0m&amp#27;[38;5;-2m[AndroidUiautomator2Driver@6f94]&amp#27;[0m Calling AppiumDriver.findElement() with args: ["xpath","//android.widget.Toast[@text='Please enter your name']","6d3fe1e8-6a2d-40c2-9594-452976a02284"]
&amp#27;[38;5;18m[6d3fe1e8]&amp#27;[0m&amp#27;[38;5;-2m[AndroidUiautomator2Driver@6f94]&amp#27;[0m Valid locator strategies for this request: xpath, id, class name, accessibility id, css selector, -android uiautomator
&amp#27;[38;5;18m[6d3fe1e8]&amp#27;[0m&amp#27;[38;5;-2m[AndroidUiautomator2Driver@6f94]&amp#27;[0m Waiting up to 0 ms for condition
&amp#27;[38;5;18m[6d3fe1e8]&amp#27;[0m&amp#27;[38;5;-2m[AndroidUiautomator2Driver@6f94]&amp#27;[0m Matched '/element' to command name 'findElement'
&amp#27;[38;5;18m[6d3fe1e8]&amp#27;[0m&amp#27;[38;5;-2m[AndroidUiautomator2Driver@6f94]&amp#27;[0m Proxying [POST /element] to [POST http://127.0.0.1:8202/session/2c758c30-1a83-4956-992f-a38b5ac38abe/element] with body: {"strategy":"xpath","selector":"//android.widget.Toast[@text='Please enter your name']","context":"","multiple":false}
&amp#27;[38;5;18m[6d3fe1e8]&amp#27;[0m&amp#27;[38;5;-2m[AndroidUiautomator2Driver@6f94]&amp#27;[0m Got response with status 200: {"sessionId":"2c758c30-1a83-4956-992f-a38b5ac38abe","value":{"ELEMENT":"739f0f58-9dfa-4536-b0dc-4c2db47e50b6","element-6066-11e4-a52e-4f735466cecf":"739f0f58-9dfa-4536-b0dc-4c2db47e50b6"}}
&amp#27;[38;5;18m[6d3fe1e8]&amp#27;[0m&amp#27;[38;5;-2m[AndroidUiautomator2Driver@6f94]&amp#27;[0m Responding to client with driver.findElement() result: {"element-6066-11e4-a52e-4f735466cecf":"739f0f58-9dfa-4536-b0dc-4c2db47e50b6","ELEMENT":"739f0f58-9dfa-4536-b0dc-4c2db47e50b6"}
&amp#27;[38;5;18m[6d3fe1e8]&amp#27;[0m&amp#27;[38;5;86m[HTTP]&amp#27;[0m &amp#27;[37m<-- POST /session/6d3fe1e8-6a2d-40c2-9594-452976a02284/element &amp#27;[39m&amp#27;[32m200&amp#27;[39m &amp#27;[90m470 ms - 137&amp#27;[39m &amp#27;[90m&amp#27;[39m
&amp#27;[38;5;18m[6d3fe1e8]&amp#27;[0m&amp#27;[38;5;86m[HTTP]&amp#27;[0m &amp#27;[37m-->&amp#27;[39m &amp#27;[37mGET&amp#27;[39m &amp#27;[37m/session/6d3fe1e8-6a2d-40c2-9594-452976a02284/element/739f0f58-9dfa-4536-b0dc-4c2db47e50b6/text&amp#27;[39m &amp#27;[90m{}&amp#27;[39m
&amp#27;[38;5;18m[6d3fe1e8]&amp#27;[0m&amp#27;[38;5;-2m[AndroidUiautomator2Driver@6f94]&amp#27;[0m Driver proxy active, passing request on via HTTP proxy
&amp#27;[38;5;18m[6d3fe1e8]&amp#27;[0m&amp#27;[38;5;-2m[AndroidUiautomator2Driver@6f94]&amp#27;[0m Matched '/session/6d3fe1e8-6a2d-40c2-9594-452976a02284/element/739f0f58-9dfa-4536-b0dc-4c2db47e50b6/text' to command name 'getText'
&amp#27;[38;5;18m[6d3fe1e8]&amp#27;[0m&amp#27;[38;5;-2m[AndroidUiautomator2Driver@6f94]&amp#27;[0m Proxying [GET /session/6d3fe1e8-6a2d-40c2-9594-452976a02284/element/739f0f58-9dfa-4536-b0dc-4c2db47e50b6/text] to [GET http://127.0.0.1:8202/session/2c758c30-1a83-4956-992f-a38b5ac38abe/element/739f0f58-9dfa-4536-b0dc-4c2db47e50b6/text] with no body
&amp#27;[38;5;18m[6d3fe1e8]&amp#27;[0m&amp#27;[38;5;-2m[AndroidUiautomator2Driver@6f94]&amp#27;[0m Got response with status 200: {"sessionId":"2c758c30-1a83-4956-992f-a38b5ac38abe","value":"Please enter your name"}
&amp#27;[38;5;18m[6d3fe1e8]&amp#27;[0m&amp#27;[38;5;-2m[AndroidUiautomator2Driver@6f94]&amp#27;[0m Replacing sessionId 2c758c30-1a83-4956-992f-a38b5ac38abe with 6d3fe1e8-6a2d-40c2-9594-452976a02284
&amp#27;[38;5;18m[6d3fe1e8]&amp#27;[0m&amp#27;[38;5;86m[HTTP]&amp#27;[0m &amp#27;[37m<-- GET /session/6d3fe1e8-6a2d-40c2-9594-452976a02284/element/739f0f58-9dfa-4536-b0dc-4c2db47e50b6/text &amp#27;[39m&amp#27;[32m200&amp#27;[39m &amp#27;[90m66 ms - 85&amp#27;[39m &amp#27;[90m&amp#27;[39m
&amp#27;[38;5;18m[6d3fe1e8]&amp#27;[0m&amp#27;[38;5;86m[HTTP]&amp#27;[0m &amp#27;[37m-->&amp#27;[39m &amp#27;[37mGET&amp#27;[39m &amp#27;[37m/session/6d3fe1e8-6a2d-40c2-9594-452976a02284/screenshot&amp#27;[39m &amp#27;[90m{}&amp#27;[39m
&amp#27;[38;5;18m[6d3fe1e8]&amp#27;[0m&amp#27;[38;5;-2m[AndroidUiautomator2Driver@6f94]&amp#27;[0m Calling AppiumDriver.getScreenshot() with args: ["6d3fe1e8-6a2d-40c2-9594-452976a02284"]
&amp#27;[38;5;18m[6d3fe1e8]&amp#27;[0m&amp#27;[38;5;-2m[AndroidUiautomator2Driver@6f94]&amp#27;[0m Matched '/screenshot' to command name 'getScreenshot'
&amp#27;[38;5;18m[6d3fe1e8]&amp#27;[0m&amp#27;[38;5;-2m[AndroidUiautomator2Driver@6f94]&amp#27;[0m Proxying [GET /screenshot] to [GET http://127.0.0.1:8202/session/2c758c30-1a83-4956-992f-a38b5ac38abe/screenshot] with no body
&amp#27;[38;5;18m[6d3fe1e8]&amp#27;[0m&amp#27;[38;5;-2m[AndroidUiautomator2Driver@6f94]&amp#27;[0m Got response with status 200: {"sessionId":"2c758c30-1a83-4956-992f-a38b5ac38abe","value":"iVBORw0KGgoAAAANSUhEUgAABDgAAAjoCAYAAAA5jhrUAAAAAXNSR0IArs4c6QAAAARzQklUCAgICHwIZIgAACAASURBVHic7N13nB1V/f/x9zkzd3eTsAlJSAIkIfQmRToqFuCLCFLsBRWxfP1asOJXv2LvXRFFUcEffJWiKIiKCHwVlCYCItI7JKGE9Lrlzpzz+2Nm7p27O3ez7e5msq8nj5DcKWfOmXrOZ87MmOn3nuwFAAAAAABQYna8MwAAAAAAADBSBDgAAAAAAEDpEeAAAAAAAAClR4ADAAAAAACUHgEOAAAAAABQegQ4AAAAAABA6RHgAAAAAAAApUeAAwAAAAAAlB4BDgAAAAAAUHoEOAAAAAAAQOkR4AAAAAAAAKVHgAMAAAAAAJQeAQ4AAAAAAFB6BDgAAAAAAEDpEeAAAAAAAAClR4ADAAAAAACUHgEOAAAAAABQegQ4AAAAAABA6RHgAAAAAAAApUeAAwAAAAAAlB4BDgAAAAAAUHoEOAAAAAAAQOkR4AAAAAAAAKVHgAMAAAAAAJQeAQ4AAAAAAFB64XhnANgUGBmZ7G+T/FuSvCTvvZL/lP6/vCZKOQEAAABMPAQ4MGEZGYXGaqe2rXXh/A9r+8qsAad/vLpUb1z0XT3a+4wi70oTBJgo5QQAAAAGY1owWXu1b6e9O7bTNDtZe3Vsp2nBlNr41fF63d29UKvdBt3VvVB39yzU6njDuOT1sMm763cLPjGoaU944qu6YcP9Lc7Rpo0AByakTjtJn5n9Wp0y/XAFg3xSa/vKLN2841cUy+n8ldfp88/+SmtdV4tzOjITpZwAAADAQLarbKVjO/fXsZ0H6LDJu290+pd3HtDw+4YN9+uPa2/XH9f+Uwury1qVTYyQmX7vydyexYQRmkDvmXG0Pjf7dao/oDE8Xl6ff/YS/XDFnxT5eJRyODomSjkBAACAgRw2...
&amp#27;[38;5;18m[6d3fe1e8]&amp#27;[0m&amp#27;[38;5;-2m[AndroidUiautomator2Driver@6f94]&amp#27;[0m Responding to client with driver.getScreenshot() result: "iVBORw0KGgoAAAANSUhEUgAABDgAAAjoCAYAAAA5jhrUAAAAAXNSR0IArs4c6QAAAARzQklUCAgICHwIZIgAACAASURBVHic7N13nB1V/f/x9zkzd3eTsAlJSAIkIfQmRToqFuCLCFLsBRWxfP1asOJXv2LvXRFFUcEffJWiKIiKCHwVlCYCItI7JKGE9Lrlzpzz+2Nm7p27O3ez7e5msq8nj5DcKWfOmXrOZ87MmOn3nuwFAAAAAABQYna8MwAAAAAAADBSBDgAAAAAAEDpEeAAAAAAAAClR4ADAAAAAACUHgEOAAAAAABQegQ4AAAAAABA6RHgAAAAAAAApUeAAwAAAAAAlB4BDgAAAAAAUHoEOAAAAAAAQOkR4AAAAAAAAKVHgAMAAAAAAJQeAQ4AAAAAAFB6BDgAAAAAAEDpEeAAAAAAAAClR4ADAAAAAACUHgEOAAAAAABQegQ4AAAAAABA6RHgAAAAAAAApUeAAwAAAAAAlB4BDgAAAAAAUHoEOAAAAAAAQOkR4AAAAAAAAKVHgAMAAAAAAJQeAQ4AAAAAAFB64XhnANgUGBmZ7G+T/FuSvCTvvZL/lP6/vCZKOQEAAABMPAQ4MGEZGYXGaqe2rXXh/A9r+8qsAad/vLpUb1z0XT3a+4wi70oTBJgo5QQAAAAGY1owWXu1b6e9O7bTNDtZe3Vsp2nBlNr41fF63d29UKvdBt3VvVB39yzU6njDuOT1sMm763cLPjGoaU944qu6YcP9Lc7Rpo0AByakTjtJn5n9Wp0y/XAFg3xSa/vKLN2841cUy+n8ldfp88/+SmtdV4tzOjITpZwAAADAQLarbKVjO/fXsZ0H6LDJu290+pd3HtDw+4YN9+uPa2/XH9f+Uwury1qVTYyQmX7vydyexYQRmkDvmXG0Pjf7dao/oDE8Xl6ff/YS/XDFnxT5eJRyODomSjkBAACAgRw2eXf914yX9gtYjMQVa2/Xj1dcPSa9JejBMTQEODAhGBl12g5du8MXtEPb7FFN...
&amp#27;[38;5;18m[6d3fe1e8]&amp#27;[0m&amp#27;[38;5;86m[HTTP]&amp#27;[0m &amp#27;[37m<-- GET /session/6d3fe1e8-6a2d-40c2-9594-452976a02284/screenshot &amp#27;[39m&amp#27;[32m200&amp#27;[39m &amp#27;[90m1074 ms - 613748&amp#27;[39m &amp#27;[90m&amp#27;[39m
Toast Message: Please enter your name
&amp#27;[38;5;18m[6d3fe1e8]&amp#27;[0m&amp#27;[38;5;86m[HTTP]&amp#27;[0m &amp#27;[37m-->&amp#27;[39m &amp#27;[37mGET&amp#27;[39m &amp#27;[37m/session/6d3fe1e8-6a2d-40c2-9594-452976a02284/screenshot&amp#27;[39m &amp#27;[90m{}&amp#27;[39m
&amp#27;[38;5;18m[6d3fe1e8]&amp#27;[0m&amp#27;[38;5;-2m[AndroidUiautomator2Driver@6f94]&amp#27;[0m Calling AppiumDriver.getScreenshot() with args: ["6d3fe1e8-6a2d-40c2-9594-452976a02284"]
&amp#27;[38;5;18m[6d3fe1e8]&amp#27;[0m&amp#27;[38;5;-2m[AndroidUiautomator2Driver@6f94]&amp#27;[0m Matched '/screenshot' to command name 'getScreenshot'
&amp#27;[38;5;18m[6d3fe1e8]&amp#27;[0m&amp#27;[38;5;-2m[AndroidUiautomator2Driver@6f94]&amp#27;[0m Proxying [GET /screenshot] to [GET http://127.0.0.1:8202/session/2c758c30-1a83-4956-992f-a38b5ac38abe/screenshot] with no body
&amp#27;[38;5;18m[6d3fe1e8]&amp#27;[0m&amp#27;[38;5;-2m[AndroidUiautomator2Driver@6f94]&amp#27;[0m Got response with status 200: {"sessionId":"2c758c30-1a83-4956-992f-a38b5ac38abe","value":"iVBORw0KGgoAAAANSUhEUgAABDgAAAjoCAYAAAA5jhrUAAAAAXNSR0IArs4c6QAAAARzQklUCAgICHwIZIgAACAASURBVHic7N13nB1V/f/x9zkzd3eTsAlJSAIkIfQmRToqFuCLCFLsBRWxfP1asOJXv2LvXRFFUcEffJWiKIiKCHwVlCYCItI7JKGE9Lrlzpzz+2Nm7p27O3ez7e5msq8nj5DcKWfOmXrOZ87MmOn3nuwFAAAAAABQYna8MwAAAAAAADBSBDgAAAAAAEDpEeAAAAAAAAClR4ADAAAAAACUHgEOAAAAAABQegQ4AAAAAABA6RHgAAAAAAAApUeAAwAAAAAAlB4BDgAAAAAAUHoEOAAAAAAAQOkR4AAAAAAAAKVHgAMAAAAAAJQeAQ4AAAAAAFB6BDgAAAAAAEDpEeAAAAAAAAClR4ADAAAAAACUHgEOAAAAAABQegQ4AAAAAABA6RHgAAAAAAAApUeAAwAAAAAAlB4BDgAAAAAAUHoEOAAAAAAAQOkR4AAAAAAAAKVHgAMAAAAAAJQeAQ4AAAAAAFB64XhnANgUGBmZ7G+T/FuSvCTvvZL/lP6/vCZKOQEAAABMPAQ4MGEZGYXGaqe2rXXh/A9r+8qsAad/vLpUb1z0XT3a+4wi70oTBJgo5QQAAAAGY1owWXu1b6e9O7bTNDtZe3Vsp2nBlNr41fF63d29UKvdBt3VvVB39yzU6njDuOT1sMm763cLPjGoaU944qu6YcP9Lc7Rpo0AByakTjtJn5n9Wp0y/XAFg3xSa/vKLN2841cUy+n8ldfp88/+SmtdV4tzOjITpZwAAADAQLarbKVjO/fXsZ0H6LDJu290+pd3HtDw+4YN9+uPa2/XH9f+Uwury1qVTYyQmX7vydyexYQRmkDvmXG0Pjf7dao/oDE8Xl6ff/YS/XDFnxT5eJRyODomSjkBAACAgRw2...
&amp#27;[38;5;18m[6d3fe1e8]&amp#27;[0m&amp#27;[38;5;-2m[AndroidUiautomator2Driver@6f94]&amp#27;[0m Responding to client with driver.getScreenshot() result: "iVBORw0KGgoAAAANSUhEUgAABDgAAAjoCAYAAAA5jhrUAAAAAXNSR0IArs4c6QAAAARzQklUCAgICHwIZIgAACAASURBVHic7N13nB1V/f/x9zkzd3eTsAlJSAIkIfQmRToqFuCLCFLsBRWxfP1asOJXv2LvXRFFUcEffJWiKIiKCHwVlCYCItI7JKGE9Lrlzpzz+2Nm7p27O3ez7e5msq8nj5DcKWfOmXrOZ87MmOn3nuwFAAAAAABQYna8MwAAAAAAADBSBDgAAAAAAEDpEeAAAAAAAAClR4ADAAAAAACUHgEOAAAAAABQegQ4AAAAAABA6RHgAAAAAAAApUeAAwAAAAAAlB4BDgAAAAAAUHoEOAAAAAAAQOkR4AAAAAAAAKVHgAMAAAAAAJQeAQ4AAAAAAFB6BDgAAAAAAEDpEeAAAAAAAAClR4ADAAAAAACUHgEOAAAAAABQegQ4AAAAAABA6RHgAAAAAAAApUeAAwAAAAAAlB4BDgAAAAAAUHoEOAAAAAAAQOkR4AAAAAAAAKVHgAMAAAAAAJQeAQ4AAAAAAFB64XhnANgUGBmZ7G+T/FuSvCTvvZL/lP6/vCZKOQEAAABMPAQ4MGEZGYXGaqe2rXXh/A9r+8qsAad/vLpUb1z0XT3a+4wi70oTBJgo5QQAAAAGY1owWXu1b6e9O7bTNDtZe3Vsp2nBlNr41fF63d29UKvdBt3VvVB39yzU6njDuOT1sMm763cLPjGoaU944qu6YcP9Lc7Rpo0AByakTjtJn5n9Wp0y/XAFg3xSa/vKLN2841cUy+n8ldfp88/+SmtdV4tzOjITpZwAAADAQLarbKVjO/fXsZ0H6LDJu290+pd3HtDw+4YN9+uPa2/XH9f+Uwury1qVTYyQmX7vydyexYQRmkDvmXG0Pjf7dao/oDE8Xl6ff/YS/XDFnxT5eJRyODomSjkBAACAgRw2eXf914yX9gtYjMQVa2/Xj1dcPSa9JejBMTQEODAhGBl12g5du8MXtEPb7FFN...
&amp#27;[38;5;18m[6d3fe1e8]&amp#27;[0m&amp#27;[38;5;86m[HTTP]&amp#27;[0m &amp#27;[37m<-- GET /session/6d3fe1e8-6a2d-40c2-9594-452976a02284/screenshot &amp#27;[39m&amp#27;[32m200&amp#27;[39m &amp#27;[90m1050 ms - 599856&amp#27;[39m &amp#27;[90m&amp#27;[39m
]]></system-out>
  </testcase>
</testsuite>