<?xml version="1.0" encoding="UTF-8"?>
<testsuite xmlns:xsi="http://www.w3.org/2001/XMLSchema-instance" xsi:noNamespaceSchemaLocation="https://maven.apache.org/surefire/maven-surefire-plugin/xsd/surefire-test-report-3.0.xsd" version="3.0" name="TestSuite" time="70.995" tests="6" errors="0" skipped="0" failures="0">
  <properties>
    <property name="sun.desktop" value="windows"/>
    <property name="awt.toolkit" value="sun.awt.windows.WToolkit"/>
    <property name="java.specification.version" value="11"/>
    <property name="sun.cpu.isalist" value="amd64"/>
    <property name="sun.jnu.encoding" value="Cp1252"/>
    <property name="java.class.path" value="C:\Users\sajus\IdeaProjects\appium_Device\target\test-classes;C:\Users\sajus\IdeaProjects\appium_Device\target\classes;C:\Users\sajus\.m2\repository\io\appium\java-client\8.5.1\java-client-8.5.1.jar;C:\Users\sajus\.m2\repository\org\seleniumhq\selenium\selenium-api\4.33.0\selenium-api-4.33.0.jar;C:\Users\sajus\.m2\repository\org\jspecify\jspecify\1.0.0\jspecify-1.0.0.jar;C:\Users\sajus\.m2\repository\org\seleniumhq\selenium\selenium-support\4.33.0\selenium-support-4.33.0.jar;C:\Users\sajus\.m2\repository\com\google\code\gson\gson\2.10.1\gson-2.10.1.jar;C:\Users\sajus\.m2\repository\commons-validator\commons-validator\1.7\commons-validator-1.7.jar;C:\Users\sajus\.m2\repository\commons-beanutils\commons-beanutils\1.9.4\commons-beanutils-1.9.4.jar;C:\Users\sajus\.m2\repository\commons-digester\commons-digester\2.1\commons-digester-2.1.jar;C:\Users\sajus\.m2\repository\commons-logging\commons-logging\1.2\commons-logging-1.2.jar;C:\Users\sajus\.m2\repository\commons-collections\commons-collections\3.2.2\commons-collections-3.2.2.jar;C:\Users\sajus\.m2\repository\org\apache\commons\commons-lang3\3.12.0\commons-lang3-3.12.0.jar;C:\Users\sajus\.m2\repository\commons-io\commons-io\2.12.0\commons-io-2.12.0.jar;C:\Users\sajus\.m2\repository\org\slf4j\slf4j-api\2.0.7\slf4j-api-2.0.7.jar;C:\Users\sajus\.m2\repository\org\seleniumhq\selenium\selenium-java\4.8.0\selenium-java-4.8.0.jar;C:\Users\sajus\.m2\repository\org\seleniumhq\selenium\selenium-chrome-driver\4.8.0\selenium-chrome-driver-4.8.0.jar;C:\Users\sajus\.m2\repository\com\google\auto\service\auto-service\1.0.1\auto-service-1.0.1.jar;C:\Users\sajus\.m2\repository\com\google\auto\auto-common\1.2\auto-common-1.2.jar;C:\Users\sajus\.m2\repository\org\seleniumhq\selenium\selenium-chromium-driver\4.8.0\selenium-chromium-driver-4.8.0.jar;C:\Users\sajus\.m2\repository\org\seleniumhq\selenium\selenium-devtools-v107\4.8.0\selenium-devtools-v107-4.8.0.jar;C:\Users\sajus\.m2\repository\org\seleniumhq\selenium\selenium-devtools-v108\4.8.0\selenium-devtools-v108-4.8.0.jar;C:\Users\sajus\.m2\repository\org\seleniumhq\selenium\selenium-devtools-v109\4.8.0\selenium-devtools-v109-4.8.0.jar;C:\Users\sajus\.m2\repository\org\seleniumhq\selenium\selenium-devtools-v85\4.8.0\selenium-devtools-v85-4.8.0.jar;C:\Users\sajus\.m2\repository\org\seleniumhq\selenium\selenium-edge-driver\4.8.0\selenium-edge-driver-4.8.0.jar;C:\Users\sajus\.m2\repository\org\seleniumhq\selenium\selenium-firefox-driver\4.8.0\selenium-firefox-driver-4.8.0.jar;C:\Users\sajus\.m2\repository\org\seleniumhq\selenium\selenium-ie-driver\4.8.0\selenium-ie-driver-4.8.0.jar;C:\Users\sajus\.m2\repository\org\seleniumhq\selenium\selenium-safari-driver\4.8.0\selenium-safari-driver-4.8.0.jar;C:\Users\sajus\.m2\repository\org\seleniumhq\selenium\selenium-remote-driver\4.13.0\selenium-remote-driver-4.13.0.jar;C:\Users\sajus\.m2\repository\com\google\auto\service\auto-service-annotations\1.1.1\auto-service-annotations-1.1.1.jar;C:\Users\sajus\.m2\repository\com\google\guava\guava\32.1.2-jre\guava-32.1.2-jre.jar;C:\Users\sajus\.m2\repository\com\google\guava\failureaccess\1.0.1\failureaccess-1.0.1.jar;C:\Users\sajus\.m2\repository\com\google\guava\listenablefuture\9999.0-empty-to-avoid-conflict-with-guava\listenablefuture-9999.0-empty-to-avoid-conflict-with-guava.jar;C:\Users\sajus\.m2\repository\com\google\code\findbugs\jsr305\3.0.2\jsr305-3.0.2.jar;C:\Users\sajus\.m2\repository\org\checkerframework\checker-qual\3.33.0\checker-qual-3.33.0.jar;C:\Users\sajus\.m2\repository\com\google\errorprone\error_prone_annotations\2.18.0\error_prone_annotations-2.18.0.jar;C:\Users\sajus\.m2\repository\com\google\j2objc\j2objc-annotations\2.8\j2objc-annotations-2.8.jar;C:\Users\sajus\.m2\repository\io\netty\netty-buffer\4.1.96.Final\netty-buffer-4.1.96.Final.jar;C:\Users\sajus\.m2\repository\io\netty\netty-codec-http\4.1.96.Final\netty-codec-http-4.1.96.Final.jar;C:\Users\sajus\.m2\repository\io\netty\netty-codec\4.1.96.Final\netty-codec-4.1.96.Final.jar;C:\Users\sajus\.m2\repository\io\netty\netty-handler\4.1.96.Final\netty-handler-4.1.96.Final.jar;C:\Users\sajus\.m2\repository\io\netty\netty-common\4.1.96.Final\netty-common-4.1.96.Final.jar;C:\Users\sajus\.m2\repository\io\netty\netty-transport-classes-epoll\4.1.96.Final\netty-transport-classes-epoll-4.1.96.Final.jar;C:\Users\sajus\.m2\repository\io\netty\netty-transport-classes-kqueue\4.1.96.Final\netty-transport-classes-kqueue-4.1.96.Final.jar;C:\Users\sajus\.m2\repository\io\netty\netty-transport-native-epoll\4.1.96.Final\netty-transport-native-epoll-4.1.96.Final.jar;C:\Users\sajus\.m2\repository\io\netty\netty-transport-native-kqueue\4.1.96.Final\netty-transport-native-kqueue-4.1.96.Final.jar;C:\Users\sajus\.m2\repository\io\netty\netty-transport-native-unix-common\4.1.96.Final\netty-transport-native-unix-common-4.1.96.Final.jar;C:\Users\sajus\.m2\repository\io\netty\netty-transport\4.1.96.Final\netty-transport-4.1.96.Final.jar;C:\Users\sajus\.m2\repository\io\netty\netty-resolver\4.1.96.Final\netty-resolver-4.1.96.Final.jar;C:\Users\sajus\.m2\repository\io\opentelemetry\opentelemetry-api\1.28.0\opentelemetry-api-1.28.0.jar;C:\Users\sajus\.m2\repository\io\opentelemetry\opentelemetry-context\1.28.0\opentelemetry-context-1.28.0.jar;C:\Users\sajus\.m2\repository\io\opentelemetry\opentelemetry-exporter-logging\1.28.0\opentelemetry-exporter-logging-1.28.0.jar;C:\Users\sajus\.m2\repository\io\opentelemetry\opentelemetry-sdk-metrics\1.28.0\opentelemetry-sdk-metrics-1.28.0.jar;C:\Users\sajus\.m2\repository\io\opentelemetry\opentelemetry-extension-incubator\1.28.0-alpha\opentelemetry-extension-incubator-1.28.0-alpha.jar;C:\Users\sajus\.m2\repository\io\opentelemetry\opentelemetry-sdk-logs\1.28.0\opentelemetry-sdk-logs-1.28.0.jar;C:\Users\sajus\.m2\repository\io\opentelemetry\opentelemetry-sdk-common\1.28.0\opentelemetry-sdk-common-1.28.0.jar;C:\Users\sajus\.m2\repository\io\opentelemetry\opentelemetry-sdk-extension-autoconfigure-spi\1.28.0\opentelemetry-sdk-extension-autoconfigure-spi-1.28.0.jar;C:\Users\sajus\.m2\repository\io\opentelemetry\opentelemetry-sdk-extension-autoconfigure\1.28.0\opentelemetry-sdk-extension-autoconfigure-1.28.0.jar;C:\Users\sajus\.m2\repository\io\opentelemetry\opentelemetry-api-events\1.28.0-alpha\opentelemetry-api-events-1.28.0-alpha.jar;C:\Users\sajus\.m2\repository\io\opentelemetry\opentelemetry-sdk-trace\1.28.0\opentelemetry-sdk-trace-1.28.0.jar;C:\Users\sajus\.m2\repository\io\opentelemetry\opentelemetry-sdk\1.28.0\opentelemetry-sdk-1.28.0.jar;C:\Users\sajus\.m2\repository\io\opentelemetry\opentelemetry-semconv\1.28.0-alpha\opentelemetry-semconv-1.28.0-alpha.jar;C:\Users\sajus\.m2\repository\net\bytebuddy\byte-buddy\1.14.5\byte-buddy-1.14.5.jar;C:\Users\sajus\.m2\repository\org\asynchttpclient\async-http-client\2.12.3\async-http-client-2.12.3.jar;C:\Users\sajus\.m2\repository\org\asynchttpclient\async-http-client-netty-utils\2.12.3\async-http-client-netty-utils-2.12.3.jar;C:\Users\sajus\.m2\repository\io\netty\netty-codec-socks\4.1.60.Final\netty-codec-socks-4.1.60.Final.jar;C:\Users\sajus\.m2\repository\io\netty\netty-handler-proxy\4.1.60.Final\netty-handler-proxy-4.1.60.Final.jar;C:\Users\sajus\.m2\repository\io\netty\netty-transport-native-epoll\4.1.60.Final\netty-transport-native-epoll-4.1.60.Final-linux-x86_64.jar;C:\Users\sajus\.m2\repository\io\netty\netty-transport-native-kqueue\4.1.60.Final\netty-transport-native-kqueue-4.1.60.Final-osx-x86_64.jar;C:\Users\sajus\.m2\repository\org\reactivestreams\reactive-streams\1.0.3\reactive-streams-1.0.3.jar;C:\Users\sajus\.m2\repository\com\typesafe\netty\netty-reactive-streams\2.0.4\netty-reactive-streams-2.0.4.jar;C:\Users\sajus\.m2\repository\com\sun\activation\jakarta.activation\1.2.2\jakarta.activation-1.2.2.jar;C:\Users\sajus\.m2\repository\org\seleniumhq\selenium\selenium-http\4.13.0\selenium-http-4.13.0.jar;C:\Users\sajus\.m2\repository\dev\failsafe\failsafe\3.3.2\failsafe-3.3.2.jar;C:\Users\sajus\.m2\repository\org\seleniumhq\selenium\selenium-json\4.13.0\selenium-json-4.13.0.jar;C:\Users\sajus\.m2\repository\org\seleniumhq\selenium\selenium-manager\4.13.0\selenium-manager-4.13.0.jar;C:\Users\sajus\.m2\repository\org\seleniumhq\selenium\selenium-os\4.13.0\selenium-os-4.13.0.jar;C:\Users\sajus\.m2\repository\org\apache\commons\commons-exec\1.3\commons-exec-1.3.jar;C:\Users\sajus\.m2\repository\org\testng\testng\7.11.0\testng-7.11.0.jar;C:\Users\sajus\.m2\repository\org\jcommander\jcommander\1.83\jcommander-1.83.jar;C:\Users\sajus\.m2\repository\org\webjars\jquery\3.7.1\jquery-3.7.1.jar;C:\Users\sajus\.m2\repository\com\aventstack\extentreports\5.0.9\extentreports-5.0.9.jar;C:\Users\sajus\.m2\repository\io\reactivex\rxjava3\rxjava\3.0.4\rxjava-3.0.4.jar;C:\Users\sajus\.m2\repository\org\freemarker\freemarker\2.3.30\freemarker-2.3.30.jar;C:\Users\sajus\.m2\repository\com\fasterxml\jackson\core\jackson-databind\2.15.2\jackson-databind-2.15.2.jar;C:\Users\sajus\.m2\repository\com\fasterxml\jackson\core\jackson-annotations\2.15.2\jackson-annotations-2.15.2.jar;C:\Users\sajus\.m2\repository\com\fasterxml\jackson\core\jackson-core\2.15.2\jackson-core-2.15.2.jar;C:\Users\sajus\.m2\repository\org\apache\logging\log4j\log4j-core\2.20.0\log4j-core-2.20.0.jar;C:\Users\sajus\.m2\repository\org\apache\logging\log4j\log4j-api\2.20.0\log4j-api-2.20.0.jar;C:\Users\sajus\.m2\repository\org\slf4j\slf4j-simple\2.0.9\slf4j-simple-2.0.9.jar;C:\Users\sajus\.m2\repository\org\projectlombok\lombok\1.18.28\lombok-1.18.28.jar;C:\Users\sajus\.m2\repository\com\beust\jcommander\1.82\jcommander-1.82.jar;"/>
    <property name="java.vm.vendor" value="Oracle Corporation"/>
    <property name="sun.arch.data.model" value="64"/>
    <property name="user.variant" value=""/>
    <property name="java.vendor.url" value="https://openjdk.java.net/"/>
    <property name="user.timezone" value="America/Toronto"/>
    <property name="java.vm.specification.version" value="11"/>
    <property name="os.name" value="Windows 11"/>
    <property name="sun.java.launcher" value="SUN_STANDARD"/>
    <property name="user.country" value="CA"/>
    <property name="sun.boot.library.path" value="C:\Program Files\jdk-11.0.26\bin"/>
    <property name="sun.java.command" value="C:\Users\sajus\AppData\Local\Temp\surefire11588063908715861521\surefirebooter-20250617234024455_3.jar C:\Users\sajus\AppData\Local\Temp\surefire11588063908715861521 2025-06-17T23-40-23_940-jvmRun1 surefire-20250617234024455_1tmp surefire_0-20250617234024455_2tmp"/>
    <property name="jdk.debug" value="release"/>
    <property name="surefire.test.class.path" value="C:\Users\sajus\IdeaProjects\appium_Device\target\test-classes;C:\Users\sajus\IdeaProjects\appium_Device\target\classes;C:\Users\sajus\.m2\repository\io\appium\java-client\8.5.1\java-client-8.5.1.jar;C:\Users\sajus\.m2\repository\org\seleniumhq\selenium\selenium-api\4.33.0\selenium-api-4.33.0.jar;C:\Users\sajus\.m2\repository\org\jspecify\jspecify\1.0.0\jspecify-1.0.0.jar;C:\Users\sajus\.m2\repository\org\seleniumhq\selenium\selenium-support\4.33.0\selenium-support-4.33.0.jar;C:\Users\sajus\.m2\repository\com\google\code\gson\gson\2.10.1\gson-2.10.1.jar;C:\Users\sajus\.m2\repository\commons-validator\commons-validator\1.7\commons-validator-1.7.jar;C:\Users\sajus\.m2\repository\commons-beanutils\commons-beanutils\1.9.4\commons-beanutils-1.9.4.jar;C:\Users\sajus\.m2\repository\commons-digester\commons-digester\2.1\commons-digester-2.1.jar;C:\Users\sajus\.m2\repository\commons-logging\commons-logging\1.2\commons-logging-1.2.jar;C:\Users\sajus\.m2\repository\commons-collections\commons-collections\3.2.2\commons-collections-3.2.2.jar;C:\Users\sajus\.m2\repository\org\apache\commons\commons-lang3\3.12.0\commons-lang3-3.12.0.jar;C:\Users\sajus\.m2\repository\commons-io\commons-io\2.12.0\commons-io-2.12.0.jar;C:\Users\sajus\.m2\repository\org\slf4j\slf4j-api\2.0.7\slf4j-api-2.0.7.jar;C:\Users\sajus\.m2\repository\org\seleniumhq\selenium\selenium-java\4.8.0\selenium-java-4.8.0.jar;C:\Users\sajus\.m2\repository\org\seleniumhq\selenium\selenium-chrome-driver\4.8.0\selenium-chrome-driver-4.8.0.jar;C:\Users\sajus\.m2\repository\com\google\auto\service\auto-service\1.0.1\auto-service-1.0.1.jar;C:\Users\sajus\.m2\repository\com\google\auto\auto-common\1.2\auto-common-1.2.jar;C:\Users\sajus\.m2\repository\org\seleniumhq\selenium\selenium-chromium-driver\4.8.0\selenium-chromium-driver-4.8.0.jar;C:\Users\sajus\.m2\repository\org\seleniumhq\selenium\selenium-devtools-v107\4.8.0\selenium-devtools-v107-4.8.0.jar;C:\Users\sajus\.m2\repository\org\seleniumhq\selenium\selenium-devtools-v108\4.8.0\selenium-devtools-v108-4.8.0.jar;C:\Users\sajus\.m2\repository\org\seleniumhq\selenium\selenium-devtools-v109\4.8.0\selenium-devtools-v109-4.8.0.jar;C:\Users\sajus\.m2\repository\org\seleniumhq\selenium\selenium-devtools-v85\4.8.0\selenium-devtools-v85-4.8.0.jar;C:\Users\sajus\.m2\repository\org\seleniumhq\selenium\selenium-edge-driver\4.8.0\selenium-edge-driver-4.8.0.jar;C:\Users\sajus\.m2\repository\org\seleniumhq\selenium\selenium-firefox-driver\4.8.0\selenium-firefox-driver-4.8.0.jar;C:\Users\sajus\.m2\repository\org\seleniumhq\selenium\selenium-ie-driver\4.8.0\selenium-ie-driver-4.8.0.jar;C:\Users\sajus\.m2\repository\org\seleniumhq\selenium\selenium-safari-driver\4.8.0\selenium-safari-driver-4.8.0.jar;C:\Users\sajus\.m2\repository\org\seleniumhq\selenium\selenium-remote-driver\4.13.0\selenium-remote-driver-4.13.0.jar;C:\Users\sajus\.m2\repository\com\google\auto\service\auto-service-annotations\1.1.1\auto-service-annotations-1.1.1.jar;C:\Users\sajus\.m2\repository\com\google\guava\guava\32.1.2-jre\guava-32.1.2-jre.jar;C:\Users\sajus\.m2\repository\com\google\guava\failureaccess\1.0.1\failureaccess-1.0.1.jar;C:\Users\sajus\.m2\repository\com\google\guava\listenablefuture\9999.0-empty-to-avoid-conflict-with-guava\listenablefuture-9999.0-empty-to-avoid-conflict-with-guava.jar;C:\Users\sajus\.m2\repository\com\google\code\findbugs\jsr305\3.0.2\jsr305-3.0.2.jar;C:\Users\sajus\.m2\repository\org\checkerframework\checker-qual\3.33.0\checker-qual-3.33.0.jar;C:\Users\sajus\.m2\repository\com\google\errorprone\error_prone_annotations\2.18.0\error_prone_annotations-2.18.0.jar;C:\Users\sajus\.m2\repository\com\google\j2objc\j2objc-annotations\2.8\j2objc-annotations-2.8.jar;C:\Users\sajus\.m2\repository\io\netty\netty-buffer\4.1.96.Final\netty-buffer-4.1.96.Final.jar;C:\Users\sajus\.m2\repository\io\netty\netty-codec-http\4.1.96.Final\netty-codec-http-4.1.96.Final.jar;C:\Users\sajus\.m2\repository\io\netty\netty-codec\4.1.96.Final\netty-codec-4.1.96.Final.jar;C:\Users\sajus\.m2\repository\io\netty\netty-handler\4.1.96.Final\netty-handler-4.1.96.Final.jar;C:\Users\sajus\.m2\repository\io\netty\netty-common\4.1.96.Final\netty-common-4.1.96.Final.jar;C:\Users\sajus\.m2\repository\io\netty\netty-transport-classes-epoll\4.1.96.Final\netty-transport-classes-epoll-4.1.96.Final.jar;C:\Users\sajus\.m2\repository\io\netty\netty-transport-classes-kqueue\4.1.96.Final\netty-transport-classes-kqueue-4.1.96.Final.jar;C:\Users\sajus\.m2\repository\io\netty\netty-transport-native-epoll\4.1.96.Final\netty-transport-native-epoll-4.1.96.Final.jar;C:\Users\sajus\.m2\repository\io\netty\netty-transport-native-kqueue\4.1.96.Final\netty-transport-native-kqueue-4.1.96.Final.jar;C:\Users\sajus\.m2\repository\io\netty\netty-transport-native-unix-common\4.1.96.Final\netty-transport-native-unix-common-4.1.96.Final.jar;C:\Users\sajus\.m2\repository\io\netty\netty-transport\4.1.96.Final\netty-transport-4.1.96.Final.jar;C:\Users\sajus\.m2\repository\io\netty\netty-resolver\4.1.96.Final\netty-resolver-4.1.96.Final.jar;C:\Users\sajus\.m2\repository\io\opentelemetry\opentelemetry-api\1.28.0\opentelemetry-api-1.28.0.jar;C:\Users\sajus\.m2\repository\io\opentelemetry\opentelemetry-context\1.28.0\opentelemetry-context-1.28.0.jar;C:\Users\sajus\.m2\repository\io\opentelemetry\opentelemetry-exporter-logging\1.28.0\opentelemetry-exporter-logging-1.28.0.jar;C:\Users\sajus\.m2\repository\io\opentelemetry\opentelemetry-sdk-metrics\1.28.0\opentelemetry-sdk-metrics-1.28.0.jar;C:\Users\sajus\.m2\repository\io\opentelemetry\opentelemetry-extension-incubator\1.28.0-alpha\opentelemetry-extension-incubator-1.28.0-alpha.jar;C:\Users\sajus\.m2\repository\io\opentelemetry\opentelemetry-sdk-logs\1.28.0\opentelemetry-sdk-logs-1.28.0.jar;C:\Users\sajus\.m2\repository\io\opentelemetry\opentelemetry-sdk-common\1.28.0\opentelemetry-sdk-common-1.28.0.jar;C:\Users\sajus\.m2\repository\io\opentelemetry\opentelemetry-sdk-extension-autoconfigure-spi\1.28.0\opentelemetry-sdk-extension-autoconfigure-spi-1.28.0.jar;C:\Users\sajus\.m2\repository\io\opentelemetry\opentelemetry-sdk-extension-autoconfigure\1.28.0\opentelemetry-sdk-extension-autoconfigure-1.28.0.jar;C:\Users\sajus\.m2\repository\io\opentelemetry\opentelemetry-api-events\1.28.0-alpha\opentelemetry-api-events-1.28.0-alpha.jar;C:\Users\sajus\.m2\repository\io\opentelemetry\opentelemetry-sdk-trace\1.28.0\opentelemetry-sdk-trace-1.28.0.jar;C:\Users\sajus\.m2\repository\io\opentelemetry\opentelemetry-sdk\1.28.0\opentelemetry-sdk-1.28.0.jar;C:\Users\sajus\.m2\repository\io\opentelemetry\opentelemetry-semconv\1.28.0-alpha\opentelemetry-semconv-1.28.0-alpha.jar;C:\Users\sajus\.m2\repository\net\bytebuddy\byte-buddy\1.14.5\byte-buddy-1.14.5.jar;C:\Users\sajus\.m2\repository\org\asynchttpclient\async-http-client\2.12.3\async-http-client-2.12.3.jar;C:\Users\sajus\.m2\repository\org\asynchttpclient\async-http-client-netty-utils\2.12.3\async-http-client-netty-utils-2.12.3.jar;C:\Users\sajus\.m2\repository\io\netty\netty-codec-socks\4.1.60.Final\netty-codec-socks-4.1.60.Final.jar;C:\Users\sajus\.m2\repository\io\netty\netty-handler-proxy\4.1.60.Final\netty-handler-proxy-4.1.60.Final.jar;C:\Users\sajus\.m2\repository\io\netty\netty-transport-native-epoll\4.1.60.Final\netty-transport-native-epoll-4.1.60.Final-linux-x86_64.jar;C:\Users\sajus\.m2\repository\io\netty\netty-transport-native-kqueue\4.1.60.Final\netty-transport-native-kqueue-4.1.60.Final-osx-x86_64.jar;C:\Users\sajus\.m2\repository\org\reactivestreams\reactive-streams\1.0.3\reactive-streams-1.0.3.jar;C:\Users\sajus\.m2\repository\com\typesafe\netty\netty-reactive-streams\2.0.4\netty-reactive-streams-2.0.4.jar;C:\Users\sajus\.m2\repository\com\sun\activation\jakarta.activation\1.2.2\jakarta.activation-1.2.2.jar;C:\Users\sajus\.m2\repository\org\seleniumhq\selenium\selenium-http\4.13.0\selenium-http-4.13.0.jar;C:\Users\sajus\.m2\repository\dev\failsafe\failsafe\3.3.2\failsafe-3.3.2.jar;C:\Users\sajus\.m2\repository\org\seleniumhq\selenium\selenium-json\4.13.0\selenium-json-4.13.0.jar;C:\Users\sajus\.m2\repository\org\seleniumhq\selenium\selenium-manager\4.13.0\selenium-manager-4.13.0.jar;C:\Users\sajus\.m2\repository\org\seleniumhq\selenium\selenium-os\4.13.0\selenium-os-4.13.0.jar;C:\Users\sajus\.m2\repository\org\apache\commons\commons-exec\1.3\commons-exec-1.3.jar;C:\Users\sajus\.m2\repository\org\testng\testng\7.11.0\testng-7.11.0.jar;C:\Users\sajus\.m2\repository\org\jcommander\jcommander\1.83\jcommander-1.83.jar;C:\Users\sajus\.m2\repository\org\webjars\jquery\3.7.1\jquery-3.7.1.jar;C:\Users\sajus\.m2\repository\com\aventstack\extentreports\5.0.9\extentreports-5.0.9.jar;C:\Users\sajus\.m2\repository\io\reactivex\rxjava3\rxjava\3.0.4\rxjava-3.0.4.jar;C:\Users\sajus\.m2\repository\org\freemarker\freemarker\2.3.30\freemarker-2.3.30.jar;C:\Users\sajus\.m2\repository\com\fasterxml\jackson\core\jackson-databind\2.15.2\jackson-databind-2.15.2.jar;C:\Users\sajus\.m2\repository\com\fasterxml\jackson\core\jackson-annotations\2.15.2\jackson-annotations-2.15.2.jar;C:\Users\sajus\.m2\repository\com\fasterxml\jackson\core\jackson-core\2.15.2\jackson-core-2.15.2.jar;C:\Users\sajus\.m2\repository\org\apache\logging\log4j\log4j-core\2.20.0\log4j-core-2.20.0.jar;C:\Users\sajus\.m2\repository\org\apache\logging\log4j\log4j-api\2.20.0\log4j-api-2.20.0.jar;C:\Users\sajus\.m2\repository\org\slf4j\slf4j-simple\2.0.9\slf4j-simple-2.0.9.jar;C:\Users\sajus\.m2\repository\org\projectlombok\lombok\1.18.28\lombok-1.18.28.jar;C:\Users\sajus\.m2\repository\com\beust\jcommander\1.82\jcommander-1.82.jar;"/>
    <property name="sun.cpu.endian" value="little"/>
    <property name="user.home" value="C:\Users\sajus"/>
    <property name="user.language" value="en"/>
    <property name="java.specification.vendor" value="Oracle Corporation"/>
    <property name="java.version.date" value="2025-01-21"/>
    <property name="java.home" value="C:\Program Files\jdk-11.0.26"/>
    <property name="file.separator" value="\"/>
    <property name="basedir" value="C:\Users\sajus\IdeaProjects\appium_Device"/>
    <property name="java.vm.compressedOopsMode" value="32-bit"/>
    <property name="line.separator" value="&#10;"/>
    <property name="java.specification.name" value="Java Platform API Specification"/>
    <property name="java.vm.specification.vendor" value="Oracle Corporation"/>
    <property name="java.awt.graphicsenv" value="sun.awt.Win32GraphicsEnvironment"/>
    <property name="surefire.real.class.path" value="C:\Users\sajus\AppData\Local\Temp\surefire11588063908715861521\surefirebooter-20250617234024455_3.jar"/>
    <property name="user.script" value=""/>
    <property name="sun.management.compiler" value="HotSpot 64-Bit Tiered Compilers"/>
    <property name="java.runtime.version" value="11.0.26+7-LTS-187"/>
    <property name="user.name" value="sajus"/>
    <property name="path.separator" value=";"/>
    <property name="os.version" value="10.0"/>
    <property name="java.runtime.name" value="Java(TM) SE Runtime Environment"/>
    <property name="file.encoding" value="Cp1252"/>
    <property name="java.vm.name" value="Java HotSpot(TM) 64-Bit Server VM"/>
    <property name="java.vendor.version" value="18.9"/>
    <property name="localRepository" value="C:\Users\sajus\.m2\repository"/>
    <property name="java.vendor.url.bug" value="https://bugreport.java.com/bugreport/"/>
    <property name="java.io.tmpdir" value="C:\Users\sajus\AppData\Local\Temp\"/>
    <property name="java.version" value="11.0.26"/>
    <property name="user.dir" value="C:\Users\sajus\IdeaProjects\appium_Device"/>
    <property name="os.arch" value="amd64"/>
    <property name="java.vm.specification.name" value="Java Virtual Machine Specification"/>
    <property name="java.awt.printerjob" value="sun.awt.windows.WPrinterJob"/>
    <property name="sun.os.patch.level" value=""/>
    <property name="java.library.path" value="C:\Program Files\jdk-11.0.26\bin;C:\WINDOWS\Sun\Java\bin;C:\WINDOWS\system32;C:\WINDOWS;C:\WINDOWS\system32;C:\WINDOWS;C:\WINDOWS\System32\Wbem;C:\WINDOWS\System32\WindowsPowerShell\v1.0\;C:\WINDOWS\System32\OpenSSH\;C:\Program Files\dotnet\;C:\Program Files\nodejs\;C:\Users\sajus\AppData\Local\Android\Sdk\tools\bin;C:\Users\sajus\AppData\Local\Android\Sdk\platform-tools;C:\Program Files\jdk-11.0.26\bin;C:\Program Files\apache-maven-3.9.9\apache-maven-3.9.9\bin;C:\Program Files\Git\cmd;C:\Users\sajus\AppData\Local\Microsoft\WindowsApps;C:\Users\sajus\AppData\Local\Programs\Microsoft VS Code\bin;C:\Users\sajus\AppData\Roaming\npm;;."/>
    <property name="java.vendor" value="Oracle Corporation"/>
    <property name="java.vm.info" value="mixed mode"/>
    <property name="java.vm.version" value="11.0.26+7-LTS-187"/>
    <property name="java.specification.maintenance.version" value="3"/>
    <property name="sun.io.unicode.encoding" value="UnicodeLittle"/>
    <property name="java.class.version" value="55.0"/>
  </properties>
  <testcase name="FirstCase" classname="org.testCase.TestCase1" time="6.113">
    <system-out><![CDATA[&amp#27;[38;5;112m[Appium]&amp#27;[0m Welcome to Appium v2.18.0
&amp#27;[38;5;112m[Appium]&amp#27;[0m Welcome to Appium v2.18.0
&amp#27;[38;5;112m[Appium]&amp#27;[0m Non-default server args:
&amp#27;[38;5;112m[Appium]&amp#27;[0m { port: &amp#27;[33m4724&amp#27;[39m }
&amp#27;[38;5;112m[Appium]&amp#27;[0m The autodetected Appium home path: C:\Users\sajus\.appium
&amp#27;[38;5;112m[Appium]&amp#27;[0m The autodetected Appium home path: C:\Users\sajus\.appium
&amp#27;[38;5;112m[Appium]&amp#27;[0m Attempting to load driver uiautomator2...
&amp#27;[38;5;112m[Appium]&amp#27;[0m Attempting to load driver uiautomator2...
&amp#27;[38;5;112m[Appium]&amp#27;[0m Requiring driver at C:\Users\sajus\.appium\node_modules\appium-uiautomator2-driver\build\index.js
&amp#27;[38;5;112m[Appium]&amp#27;[0m Requiring driver at C:\Users\sajus\.appium\node_modules\appium-uiautomator2-driver\build\index.js
&amp#27;[38;5;112m[Appium]&amp#27;[0m AndroidUiautomator2Driver has been successfully loaded in 1.545s
&amp#27;[38;5;112m[Appium]&amp#27;[0m AndroidUiautomator2Driver has been successfully loaded in 1.546s
&amp#27;[38;5;112m[Appium]&amp#27;[0m Appium REST http interface listener started on http://0.0.0.0:4724
&amp#27;[38;5;112m[Appium]&amp#27;[0m Appium REST http interface listener started on http://0.0.0.0:4723
&amp#27;[38;5;112m[Appium]&amp#27;[0m You can provide the following URLs in your client code to connect to this server:
	http://192.168.2.20:4724/
	http://127.0.0.1:4724/ (only accessible from the same host)
&amp#27;[38;5;112m[Appium]&amp#27;[0m Available drivers:
&amp#27;[38;5;112m[Appium]&amp#27;[0m   - uiautomator2@4.2.3 (automationName 'UiAutomator2')
&amp#27;[38;5;112m[Appium]&amp#27;[0m No plugins have been installed. Use the "appium plugin" command to install the one(s) you want to use.
&amp#27;[38;5;112m[Appium]&amp#27;[0m You can provide the following URLs in your client code to connect to this server:
	http://192.168.2.20:4723/
	http://127.0.0.1:4723/ (only accessible from the same host)
&amp#27;[38;5;112m[Appium]&amp#27;[0m Available drivers:
&amp#27;[38;5;112m[Appium]&amp#27;[0m   - uiautomator2@4.2.3 (automationName 'UiAutomator2')
&amp#27;[38;5;112m[Appium]&amp#27;[0m No plugins have been installed. Use the "appium plugin" command to install the one(s) you want to use.
&amp#27;[38;5;86m[HTTP]&amp#27;[0m &amp#27;[37m-->&amp#27;[39m &amp#27;[37mGET&amp#27;[39m &amp#27;[37m/status&amp#27;[39m &amp#27;[90m{}&amp#27;[39m
&amp#27;[38;5;86m[HTTP]&amp#27;[0m &amp#27;[37m-->&amp#27;[39m &amp#27;[37mGET&amp#27;[39m &amp#27;[37m/status&amp#27;[39m &amp#27;[90m{}&amp#27;[39m
&amp#27;[38;5;99m[AppiumDriver@34fb]&amp#27;[0m Calling AppiumDriver.getStatus() with args: []
&amp#27;[38;5;89m[AppiumDriver@dbeb]&amp#27;[0m Calling AppiumDriver.getStatus() with args: []
&amp#27;[38;5;89m[AppiumDriver@dbeb]&amp#27;[0m Responding to client with driver.getStatus() result: {"ready":true,"message":"The server is ready to accept new connections","build":{"version":"2.18.0"}}
&amp#27;[38;5;99m[AppiumDriver@34fb]&amp#27;[0m Responding to client with driver.getStatus() result: {"ready":true,"message":"The server is ready to accept new connections","build":{"version":"2.18.0"}}
&amp#27;[38;5;86m[HTTP]&amp#27;[0m &amp#27;[37m<-- GET /status &amp#27;[39m&amp#27;[32m200&amp#27;[39m &amp#27;[90m17 ms - 111&amp#27;[39m &amp#27;[90m&amp#27;[39m
&amp#27;[38;5;86m[HTTP]&amp#27;[0m &amp#27;[37m<-- GET /status &amp#27;[39m&amp#27;[32m200&amp#27;[39m &amp#27;[90m17 ms - 111&amp#27;[39m &amp#27;[90m&amp#27;[39m
Appium server started on port: 4723
Appium server started on port: 4724
&amp#27;[38;5;86m[HTTP]&amp#27;[0m Request idempotency key: ac41d522-2764-4ec2-a563-8a9da72f7d08
&amp#27;[38;5;86m[HTTP]&amp#27;[0m Request idempotency key: f314101d-3d03-46d8-8ea0-408230099a1b
&amp#27;[38;5;86m[HTTP]&amp#27;[0m &amp#27;[37m-->&amp#27;[39m &amp#27;[37mPOST&amp#27;[39m &amp#27;[37m/session&amp#27;[39m &amp#27;[90m{"capabilities":{"firstMatch":[{}],"alwaysMatch":{"appium:appActivity":"com.androidsample.generalstore.SplashActivity","appium:appPackage":"com.androidsample.generalstore","appium:automationName":"UiAutomator2","appium:deviceName":"Nokia","appium:noReset":true,"appium:platformVersion":"11.0","appium:systemPort":8202,"appium:udid":"CTLID18120801016","platformName":"ANDROID"}}}&amp#27;[39m
&amp#27;[38;5;86m[HTTP]&amp#27;[0m &amp#27;[37m-->&amp#27;[39m &amp#27;[37mPOST&amp#27;[39m &amp#27;[37m/session&amp#27;[39m &amp#27;[90m{"capabilities":{"firstMatch":[{}],"alwaysMatch":{"appium:appActivity":"com.androidsample.generalstore.SplashActivity","appium:appPackage":"com.androidsample.generalstore","appium:automationName":"UiAutomator2","appium:deviceName":"Samsung_Galaxy_S21","appium:noReset":true,"appium:platformVersion":"10.0","appium:systemPort":8201,"appium:udid":"R3CRC00KHBT","platformName":"ANDROID"}}}&amp#27;[39m
&amp#27;[38;5;89m[AppiumDriver@dbeb]&amp#27;[0m Calling AppiumDriver.createSession() with args: [null,null,{"firstMatch":[{}],"alwaysMatch":{"appium:appActivity":"com.androidsample.generalstore.SplashActivity","appium:appPackage":"com.androidsample.generalstore","appium:automationName":"UiAutomator2","appium:deviceName":"Samsung_Galaxy_S21","appium:noReset":true,"appium:platformVersion":"10.0","appium:systemPort":8201,"appium:udid":"R3CRC00KHBT","platformName":"ANDROID"}}]
&amp#27;[38;5;99m[AppiumDriver@34fb]&amp#27;[0m Calling AppiumDriver.createSession() with args: [null,null,{"firstMatch":[{}],"alwaysMatch":{"appium:appActivity":"com.androidsample.generalstore.SplashActivity","appium:appPackage":"com.androidsample.generalstore","appium:automationName":"UiAutomator2","appium:deviceName":"Nokia","appium:noReset":true,"appium:platformVersion":"11.0","appium:systemPort":8202,"appium:udid":"CTLID18120801016","platformName":"ANDROID"}}]
&amp#27;[38;5;89m[AppiumDriver@dbeb]&amp#27;[0m Event 'newSessionRequested' logged at 1750218031859 (23:40:31 GMT-0400 (Eastern Daylight Saving Time))
&amp#27;[38;5;99m[AppiumDriver@34fb]&amp#27;[0m Event 'newSessionRequested' logged at 1750218031860 (23:40:31 GMT-0400 (Eastern Daylight Saving Time))
&amp#27;[38;5;112m[Appium]&amp#27;[0m Attempting to find matching driver for automationName 'UiAutomator2' and platformName 'ANDROID'
&amp#27;[38;5;112m[Appium]&amp#27;[0m The 'uiautomator2' driver was installed and matched caps.
&amp#27;[38;5;112m[Appium]&amp#27;[0m Will require it at C:\Users\sajus\.appium\node_modules\appium-uiautomator2-driver
&amp#27;[38;5;112m[Appium]&amp#27;[0m Attempting to find matching driver for automationName 'UiAutomator2' and platformName 'ANDROID'
&amp#27;[38;5;112m[Appium]&amp#27;[0m The 'uiautomator2' driver was installed and matched caps.
&amp#27;[38;5;112m[Appium]&amp#27;[0m Will require it at C:\Users\sajus\.appium\node_modules\appium-uiautomator2-driver
&amp#27;[38;5;112m[Appium]&amp#27;[0m Requiring driver at C:\Users\sajus\.appium\node_modules\appium-uiautomator2-driver\build\index.js
&amp#27;[38;5;112m[Appium]&amp#27;[0m Requiring driver at C:\Users\sajus\.appium\node_modules\appium-uiautomator2-driver\build\index.js
&amp#27;[38;5;89m[AppiumDriver@dbeb]&amp#27;[0m Appium v2.18.0 creating new AndroidUiautomator2Driver (v4.2.3) session
&amp#27;[38;5;89m[AppiumDriver@dbeb]&amp#27;[0m Checking BaseDriver versions for Appium and AndroidUiautomator2Driver
&amp#27;[38;5;89m[AppiumDriver@dbeb]&amp#27;[0m Appium's BaseDriver version is 9.17.0
&amp#27;[38;5;89m[AppiumDriver@dbeb]&amp#27;[0m AndroidUiautomator2Driver's BaseDriver version is 9.17.0
&amp#27;[38;5;99m[AppiumDriver@34fb]&amp#27;[0m Appium v2.18.0 creating new AndroidUiautomator2Driver (v4.2.3) session
&amp#27;[38;5;99m[AppiumDriver@34fb]&amp#27;[0m Checking BaseDriver versions for Appium and AndroidUiautomator2Driver
&amp#27;[38;5;99m[AppiumDriver@34fb]&amp#27;[0m Appium's BaseDriver version is 9.17.0
&amp#27;[38;5;99m[AppiumDriver@34fb]&amp#27;[0m AndroidUiautomator2Driver's BaseDriver version is 9.17.0
&amp#27;[38;5;-36m[AndroidUiautomator2Driver@9a54]&amp#27;[0m 
&amp#27;[38;5;-36m[AndroidUiautomator2Driver@9a54]&amp#27;[0m Creating session with W3C capabilities: {
  "alwaysMatch": {
    "platformName": "ANDROID",
    "appium:appActivity": "com.androidsample.generalstore.SplashActivity",
    "appium:appPackage": "com.androidsample.generalstore",
    "appium:automationName": "UiAutomator2",
    "appium:deviceName": "Nokia",
    "appium:noReset": true,
    "appium:platformVersion": "11.0",
    "appium:systemPort": 8202,
    "appium:udid": "CTLID18120801016"
  },
  "firstMatch": [
    {}
  ]
}
&amp#27;[38;5;-132m[AndroidUiautomator2Driver@79be]&amp#27;[0m 
&amp#27;[38;5;-132m[AndroidUiautomator2Driver@79be]&amp#27;[0m Creating session with W3C capabilities: {
  "alwaysMatch": {
    "platformName": "ANDROID",
    "appium:appActivity": "com.androidsample.generalstore.SplashActivity",
    "appium:appPackage": "com.androidsample.generalstore",
    "appium:automationName": "UiAutomator2",
    "appium:deviceName": "Samsung_Galaxy_S21",
    "appium:noReset": true,
    "appium:platformVersion": "10.0",
    "appium:systemPort": 8201,
    "appium:udid": "R3CRC00KHBT"
  },
  "firstMatch": [
    {}
  ]
}
&amp#27;[38;5;30m[0ae30348]&amp#27;[0m&amp#27;[38;5;-36m[AndroidUiautomator2Driver@9a54]&amp#27;[0m Session created with session id: 0ae30348-6627-4918-93fb-0510b1f40727
&amp#27;[38;5;130m[66aa72cb]&amp#27;[0m&amp#27;[38;5;-132m[AndroidUiautomator2Driver@79be]&amp#27;[0m Session created with session id: 66aa72cb-758b-4c74-869e-6c628b2be051
&amp#27;[38;5;30m[0ae30348]&amp#27;[0m&amp#27;[38;5;229m[ADB]&amp#27;[0m Found 3 'build-tools' folders under 'C:\Users\sajus\AppData\Local\Android\Sdk' (newest first):
&amp#27;[38;5;130m[66aa72cb]&amp#27;[0m&amp#27;[38;5;229m[ADB]&amp#27;[0m Found 3 'build-tools' folders under 'C:\Users\sajus\AppData\Local\Android\Sdk' (newest first):
&amp#27;[38;5;30m[0ae30348]&amp#27;[0m&amp#27;[38;5;229m[ADB]&amp#27;[0m     C:\Users\sajus\AppData\Local\Android\Sdk\build-tools\36.0.0
&amp#27;[38;5;30m[0ae30348]&amp#27;[0m&amp#27;[38;5;229m[ADB]&amp#27;[0m     C:\Users\sajus\AppData\Local\Android\Sdk\build-tools\35.0.1
&amp#27;[38;5;30m[0ae30348]&amp#27;[0m&amp#27;[38;5;229m[ADB]&amp#27;[0m     C:\Users\sajus\AppData\Local\Android\Sdk\build-tools\35.0.0
&amp#27;[38;5;130m[66aa72cb]&amp#27;[0m&amp#27;[38;5;229m[ADB]&amp#27;[0m     C:\Users\sajus\AppData\Local\Android\Sdk\build-tools\36.0.0
&amp#27;[38;5;130m[66aa72cb]&amp#27;[0m&amp#27;[38;5;229m[ADB]&amp#27;[0m     C:\Users\sajus\AppData\Local\Android\Sdk\build-tools\35.0.1
&amp#27;[38;5;130m[66aa72cb]&amp#27;[0m&amp#27;[38;5;229m[ADB]&amp#27;[0m     C:\Users\sajus\AppData\Local\Android\Sdk\build-tools\35.0.0
&amp#27;[38;5;130m[66aa72cb]&amp#27;[0m&amp#27;[38;5;229m[ADB]&amp#27;[0m Using 'adb.exe' from 'C:\Users\sajus\AppData\Local\Android\Sdk\platform-tools\adb.exe'
&amp#27;[38;5;30m[0ae30348]&amp#27;[0m&amp#27;[38;5;229m[ADB]&amp#27;[0m Using 'adb.exe' from 'C:\Users\sajus\AppData\Local\Android\Sdk\platform-tools\adb.exe'
&amp#27;[38;5;130m[66aa72cb]&amp#27;[0m&amp#27;[38;5;229m[ADB]&amp#27;[0m Running 'C:\Users\sajus\AppData\Local\Android\Sdk\platform-tools\adb.exe -P 5037 start-server'
&amp#27;[38;5;30m[0ae30348]&amp#27;[0m&amp#27;[38;5;229m[ADB]&amp#27;[0m Running 'C:\Users\sajus\AppData\Local\Android\Sdk\platform-tools\adb.exe -P 5037 start-server'
&amp#27;[38;5;30m[0ae30348]&amp#27;[0m&amp#27;[38;5;-36m[AndroidUiautomator2Driver@9a54]&amp#27;[0m Retrieving device list
&amp#27;[38;5;30m[0ae30348]&amp#27;[0m&amp#27;[38;5;229m[ADB]&amp#27;[0m Trying to find connected Android devices
&amp#27;[38;5;30m[0ae30348]&amp#27;[0m&amp#27;[38;5;229m[ADB]&amp#27;[0m Getting connected devices
&amp#27;[38;5;130m[66aa72cb]&amp#27;[0m&amp#27;[38;5;-132m[AndroidUiautomator2Driver@79be]&amp#27;[0m Retrieving device list
&amp#27;[38;5;130m[66aa72cb]&amp#27;[0m&amp#27;[38;5;229m[ADB]&amp#27;[0m Trying to find connected Android devices
&amp#27;[38;5;130m[66aa72cb]&amp#27;[0m&amp#27;[38;5;229m[ADB]&amp#27;[0m Getting connected devices
&amp#27;[38;5;130m[66aa72cb]&amp#27;[0m&amp#27;[38;5;229m[ADB]&amp#27;[0m Connected devices: [{"udid":"CTLID18120801016","state":"device"},{"udid":"R3CRC00KHBT","state":"device"}]
&amp#27;[38;5;30m[0ae30348]&amp#27;[0m&amp#27;[38;5;229m[ADB]&amp#27;[0m Connected devices: [{"udid":"CTLID18120801016","state":"device"},{"udid":"R3CRC00KHBT","state":"device"}]
&amp#27;[38;5;130m[66aa72cb]&amp#27;[0m&amp#27;[38;5;-132m[AndroidUiautomator2Driver@79be]&amp#27;[0m Using device: R3CRC00KHBT
&amp#27;[38;5;30m[0ae30348]&amp#27;[0m&amp#27;[38;5;-36m[AndroidUiautomator2Driver@9a54]&amp#27;[0m Using device: CTLID18120801016
&amp#27;[38;5;30m[0ae30348]&amp#27;[0m&amp#27;[38;5;229m[ADB]&amp#27;[0m Using 'adb.exe' from 'C:\Users\sajus\AppData\Local\Android\Sdk\platform-tools\adb.exe'
&amp#27;[38;5;130m[66aa72cb]&amp#27;[0m&amp#27;[38;5;229m[ADB]&amp#27;[0m Using 'adb.exe' from 'C:\Users\sajus\AppData\Local\Android\Sdk\platform-tools\adb.exe'
&amp#27;[38;5;130m[66aa72cb]&amp#27;[0m&amp#27;[38;5;229m[ADB]&amp#27;[0m Running 'C:\Users\sajus\AppData\Local\Android\Sdk\platform-tools\adb.exe -P 5037 start-server'
&amp#27;[38;5;30m[0ae30348]&amp#27;[0m&amp#27;[38;5;229m[ADB]&amp#27;[0m Running 'C:\Users\sajus\AppData\Local\Android\Sdk\platform-tools\adb.exe -P 5037 start-server'
&amp#27;[38;5;130m[66aa72cb]&amp#27;[0m&amp#27;[38;5;229m[ADB]&amp#27;[0m Setting device id to R3CRC00KHBT
&amp#27;[38;5;130m[66aa72cb]&amp#27;[0m&amp#27;[38;5;-132m[AndroidUiautomator2Driver@79be]&amp#27;[0m Starting 'com.androidsample.generalstore' directly on the device
&amp#27;[38;5;30m[0ae30348]&amp#27;[0m&amp#27;[38;5;229m[ADB]&amp#27;[0m Setting device id to CTLID18120801016
&amp#27;[38;5;130m[66aa72cb]&amp#27;[0m&amp#27;[38;5;229m[ADB]&amp#27;[0m Running 'C:\Users\sajus\AppData\Local\Android\Sdk\platform-tools\adb.exe -P 5037 -s R3CRC00KHBT shell getprop ro.build.version.sdk'
&amp#27;[38;5;30m[0ae30348]&amp#27;[0m&amp#27;[38;5;-36m[AndroidUiautomator2Driver@9a54]&amp#27;[0m Starting 'com.androidsample.generalstore' directly on the device
&amp#27;[38;5;30m[0ae30348]&amp#27;[0m&amp#27;[38;5;229m[ADB]&amp#27;[0m Running 'C:\Users\sajus\AppData\Local\Android\Sdk\platform-tools\adb.exe -P 5037 -s CTLID18120801016 shell getprop ro.build.version.sdk'
&amp#27;[38;5;30m[0ae30348]&amp#27;[0m&amp#27;[38;5;229m[ADB]&amp#27;[0m Current device property 'ro.build.version.sdk': 29
&amp#27;[38;5;30m[0ae30348]&amp#27;[0m&amp#27;[38;5;229m[ADB]&amp#27;[0m Getting device platform version
&amp#27;[38;5;30m[0ae30348]&amp#27;[0m&amp#27;[38;5;229m[ADB]&amp#27;[0m Running 'C:\Users\sajus\AppData\Local\Android\Sdk\platform-tools\adb.exe -P 5037 -s CTLID18120801016 shell getprop ro.build.version.release'
&amp#27;[38;5;130m[66aa72cb]&amp#27;[0m&amp#27;[38;5;229m[ADB]&amp#27;[0m Current device property 'ro.build.version.sdk': 35
&amp#27;[38;5;130m[66aa72cb]&amp#27;[0m&amp#27;[38;5;229m[ADB]&amp#27;[0m Getting device platform version
&amp#27;[38;5;130m[66aa72cb]&amp#27;[0m&amp#27;[38;5;229m[ADB]&amp#27;[0m Running 'C:\Users\sajus\AppData\Local\Android\Sdk\platform-tools\adb.exe -P 5037 -s R3CRC00KHBT shell getprop ro.build.version.release'
&amp#27;[38;5;30m[0ae30348]&amp#27;[0m&amp#27;[38;5;229m[ADB]&amp#27;[0m Current device property 'ro.build.version.release': 10
&amp#27;[38;5;30m[0ae30348]&amp#27;[0m&amp#27;[38;5;229m[ADB]&amp#27;[0m Device API level: 29
&amp#27;[38;5;30m[0ae30348]&amp#27;[0m&amp#27;[38;5;-36m[AndroidUiautomator2Driver@9a54]&amp#27;[0m Relaxing hidden api policy
&amp#27;[38;5;30m[0ae30348]&amp#27;[0m&amp#27;[38;5;229m[ADB]&amp#27;[0m Running 'C:\Users\sajus\AppData\Local\Android\Sdk\platform-tools\adb.exe -P 5037 -s CTLID18120801016 shell 'settings put global hidden_api_policy_pre_p_apps 1;settings put global hidden_api_policy_p_apps 1;settings put global hidden_api_policy 1''
&amp#27;[38;5;30m[0ae30348]&amp#27;[0m&amp#27;[38;5;-36m[AndroidUiautomator2Driver@9a54]&amp#27;[0m Pushing settings apk to the device...
&amp#27;[38;5;30m[0ae30348]&amp#27;[0m&amp#27;[38;5;229m[ADB]&amp#27;[0m Getting package info for 'io.appium.settings'
&amp#27;[38;5;30m[0ae30348]&amp#27;[0m&amp#27;[38;5;229m[ADB]&amp#27;[0m Running 'C:\Users\sajus\AppData\Local\Android\Sdk\platform-tools\adb.exe -P 5037 -s CTLID18120801016 shell dumpsys package io.appium.settings'
&amp#27;[38;5;130m[66aa72cb]&amp#27;[0m&amp#27;[38;5;229m[ADB]&amp#27;[0m Current device property 'ro.build.version.release': 15
&amp#27;[38;5;130m[66aa72cb]&amp#27;[0m&amp#27;[38;5;229m[ADB]&amp#27;[0m Device API level: 35
&amp#27;[38;5;130m[66aa72cb]&amp#27;[0m&amp#27;[38;5;-132m[AndroidUiautomator2Driver@79be]&amp#27;[0m Relaxing hidden api policy
&amp#27;[38;5;130m[66aa72cb]&amp#27;[0m&amp#27;[38;5;229m[ADB]&amp#27;[0m Running 'C:\Users\sajus\AppData\Local\Android\Sdk\platform-tools\adb.exe -P 5037 -s R3CRC00KHBT shell 'settings put global hidden_api_policy_pre_p_apps 1;settings put global hidden_api_policy_p_apps 1;settings put global hidden_api_policy 1''
&amp#27;[38;5;130m[66aa72cb]&amp#27;[0m&amp#27;[38;5;-132m[AndroidUiautomator2Driver@79be]&amp#27;[0m Pushing settings apk to the device...
&amp#27;[38;5;130m[66aa72cb]&amp#27;[0m&amp#27;[38;5;229m[ADB]&amp#27;[0m Getting package info for 'io.appium.settings'
&amp#27;[38;5;130m[66aa72cb]&amp#27;[0m&amp#27;[38;5;229m[ADB]&amp#27;[0m Running 'C:\Users\sajus\AppData\Local\Android\Sdk\platform-tools\adb.exe -P 5037 -s R3CRC00KHBT shell dumpsys package io.appium.settings'
&amp#27;[38;5;30m[0ae30348]&amp#27;[0m&amp#27;[38;5;229m[ADB]&amp#27;[0m Using 'aapt2.exe' from 'C:\Users\sajus\AppData\Local\Android\Sdk\build-tools\36.0.0\aapt2.exe'
&amp#27;[38;5;30m[0ae30348]&amp#27;[0m&amp#27;[38;5;229m[ADB]&amp#27;[0m Reading package manifest: 'C:\\Users\\sajus\\AppData\\Local\\Android\\Sdk\\build-tools\\36.0.0\\aapt2.exe dump badging C:\\Users\\sajus\\.appium\\node_modules\\appium-uiautomator2-driver\\node_modules\\io.appium.settings\\apks\\settings_apk-debug.apk'
&amp#27;[38;5;30m[0ae30348]&amp#27;[0m&amp#27;[38;5;229m[ADB]&amp#27;[0m The version name of the installed 'io.appium.settings' is greater or equal to the application version name ('5.14.8' >= '5.14.8')
&amp#27;[38;5;30m[0ae30348]&amp#27;[0m&amp#27;[38;5;229m[ADB]&amp#27;[0m There is no need to install/upgrade 'C:\Users\sajus\.appium\node_modules\appium-uiautomator2-driver\node_modules\io.appium.settings\apks\settings_apk-debug.apk'
&amp#27;[38;5;30m[0ae30348]&amp#27;[0m&amp#27;[38;5;229m[ADB]&amp#27;[0m Running 'C:\Users\sajus\AppData\Local\Android\Sdk\platform-tools\adb.exe -P 5037 -s CTLID18120801016 shell dumpsys activity services io.appium.settings'
&amp#27;[38;5;130m[66aa72cb]&amp#27;[0m&amp#27;[38;5;229m[ADB]&amp#27;[0m Using 'aapt2.exe' from 'C:\Users\sajus\AppData\Local\Android\Sdk\build-tools\36.0.0\aapt2.exe'
&amp#27;[38;5;130m[66aa72cb]&amp#27;[0m&amp#27;[38;5;229m[ADB]&amp#27;[0m Reading package manifest: 'C:\\Users\\sajus\\AppData\\Local\\Android\\Sdk\\build-tools\\36.0.0\\aapt2.exe dump badging C:\\Users\\sajus\\.appium\\node_modules\\appium-uiautomator2-driver\\node_modules\\io.appium.settings\\apks\\settings_apk-debug.apk'
&amp#27;[38;5;30m[0ae30348]&amp#27;[0m&amp#27;[38;5;-36m[AndroidUiautomator2Driver@9a54]&amp#27;[0m io.appium.settings is already running. There is no need to reset its permissions.
&amp#27;[38;5;30m[0ae30348]&amp#27;[0m&amp#27;[38;5;160m[Logcat]&amp#27;[0m Starting logs capture with command: C:\\Users\\sajus\\AppData\\Local\\Android\\Sdk\\platform-tools\\adb.exe -P 5037 -s CTLID18120801016 logcat -v threadtime
&amp#27;[38;5;130m[66aa72cb]&amp#27;[0m&amp#27;[38;5;229m[ADB]&amp#27;[0m The version name of the installed 'io.appium.settings' is greater or equal to the application version name ('5.14.8' >= '5.14.8')
&amp#27;[38;5;130m[66aa72cb]&amp#27;[0m&amp#27;[38;5;229m[ADB]&amp#27;[0m There is no need to install/upgrade 'C:\Users\sajus\.appium\node_modules\appium-uiautomator2-driver\node_modules\io.appium.settings\apks\settings_apk-debug.apk'
&amp#27;[38;5;130m[66aa72cb]&amp#27;[0m&amp#27;[38;5;229m[ADB]&amp#27;[0m Running 'C:\Users\sajus\AppData\Local\Android\Sdk\platform-tools\adb.exe -P 5037 -s R3CRC00KHBT shell dumpsys activity services io.appium.settings'
&amp#27;[38;5;30m[0ae30348]&amp#27;[0m&amp#27;[38;5;229m[ADB]&amp#27;[0m Running 'C:\Users\sajus\AppData\Local\Android\Sdk\platform-tools\adb.exe -P 5037 -s CTLID18120801016 shell appops set io.appium.settings android:mock_location allow'
&amp#27;[38;5;30m[0ae30348]&amp#27;[0m&amp#27;[38;5;229m[ADB]&amp#27;[0m Running 'C:\Users\sajus\AppData\Local\Android\Sdk\platform-tools\adb.exe -P 5037 -s CTLID18120801016 shell "[ -e '/data/local/tmp/mock_apps.json' ] && echo __PASS__"'
&amp#27;[38;5;130m[66aa72cb]&amp#27;[0m&amp#27;[38;5;-132m[AndroidUiautomator2Driver@79be]&amp#27;[0m io.appium.settings is already running. There is no need to reset its permissions.
&amp#27;[38;5;130m[66aa72cb]&amp#27;[0m&amp#27;[38;5;160m[Logcat]&amp#27;[0m Starting logs capture with command: C:\\Users\\sajus\\AppData\\Local\\Android\\Sdk\\platform-tools\\adb.exe -P 5037 -s R3CRC00KHBT logcat -v threadtime
&amp#27;[38;5;130m[66aa72cb]&amp#27;[0m&amp#27;[38;5;229m[ADB]&amp#27;[0m Running 'C:\Users\sajus\AppData\Local\Android\Sdk\platform-tools\adb.exe -P 5037 -s R3CRC00KHBT shell appops set io.appium.settings android:mock_location allow'
&amp#27;[38;5;30m[0ae30348]&amp#27;[0m&amp#27;[38;5;229m[ADB]&amp#27;[0m Running 'C:\Users\sajus\AppData\Local\Android\Sdk\platform-tools\adb.exe -P 5037 -s CTLID18120801016 shell cat /data/local/tmp/mock_apps.json'
&amp#27;[38;5;30m[0ae30348]&amp#27;[0m&amp#27;[38;5;-36m[AndroidUiautomator2Driver@9a54]&amp#27;[0m Forwarding UiAutomator2 Server port 6790 to local port 8202
&amp#27;[38;5;30m[0ae30348]&amp#27;[0m&amp#27;[38;5;229m[ADB]&amp#27;[0m Forwarding system: 8202 to device: 6790
&amp#27;[38;5;30m[0ae30348]&amp#27;[0m&amp#27;[38;5;229m[ADB]&amp#27;[0m Running 'C:\Users\sajus\AppData\Local\Android\Sdk\platform-tools\adb.exe -P 5037 -s CTLID18120801016 forward tcp:8202 tcp:6790'
&amp#27;[38;5;130m[66aa72cb]&amp#27;[0m&amp#27;[38;5;229m[ADB]&amp#27;[0m Running 'C:\Users\sajus\AppData\Local\Android\Sdk\platform-tools\adb.exe -P 5037 -s R3CRC00KHBT shell "[ -e '/data/local/tmp/mock_apps.json' ] && echo __PASS__"'
&amp#27;[38;5;30m[0ae30348]&amp#27;[0m&amp#27;[38;5;-36m[AndroidUiautomator2Driver@9a54]&amp#27;[0m UIA2Proxy options: {"server":"127.0.0.1","port":8202,"keepAlive":true,"scheme":"http","base":"","reqBasePath":"","sessionId":null,"timeout":240000}
&amp#27;[38;5;30m[0ae30348]&amp#27;[0m&amp#27;[38;5;229m[ADB]&amp#27;[0m Getting package info for 'io.appium.uiautomator2.server'
&amp#27;[38;5;30m[0ae30348]&amp#27;[0m&amp#27;[38;5;229m[ADB]&amp#27;[0m Running 'C:\Users\sajus\AppData\Local\Android\Sdk\platform-tools\adb.exe -P 5037 -s CTLID18120801016 shell dumpsys package io.appium.uiautomator2.server'
&amp#27;[38;5;30m[0ae30348]&amp#27;[0m&amp#27;[38;5;229m[ADB]&amp#27;[0m Getting install status for io.appium.uiautomator2.server.test
&amp#27;[38;5;30m[0ae30348]&amp#27;[0m&amp#27;[38;5;-36m[AndroidUiautomator2Driver@9a54]&amp#27;[0m No app capability. Assuming it is already on the device
&amp#27;[38;5;30m[0ae30348]&amp#27;[0m&amp#27;[38;5;229m[ADB]&amp#27;[0m Running 'C:\Users\sajus\AppData\Local\Android\Sdk\platform-tools\adb.exe -P 5037 -s CTLID18120801016 shell cmd package list packages'
&amp#27;[38;5;130m[66aa72cb]&amp#27;[0m&amp#27;[38;5;229m[ADB]&amp#27;[0m Running 'C:\Users\sajus\AppData\Local\Android\Sdk\platform-tools\adb.exe -P 5037 -s R3CRC00KHBT shell cat /data/local/tmp/mock_apps.json'
&amp#27;[38;5;30m[0ae30348]&amp#27;[0m&amp#27;[38;5;229m[ADB]&amp#27;[0m Reading package manifest: 'C:\\Users\\sajus\\AppData\\Local\\Android\\Sdk\\build-tools\\36.0.0\\aapt2.exe dump badging C:\\Users\\sajus\\.appium\\node_modules\\appium-uiautomator2-driver\\node_modules\\appium-uiautomator2-server\\apks\\appium-uiautomator2-server-v7.5.2.apk'
&amp#27;[38;5;30m[0ae30348]&amp#27;[0m&amp#27;[38;5;229m[ADB]&amp#27;[0m 'io.appium.uiautomator2.server.test' is installed
&amp#27;[38;5;130m[66aa72cb]&amp#27;[0m&amp#27;[38;5;-132m[AndroidUiautomator2Driver@79be]&amp#27;[0m Forwarding UiAutomator2 Server port 6790 to local port 8201
&amp#27;[38;5;130m[66aa72cb]&amp#27;[0m&amp#27;[38;5;229m[ADB]&amp#27;[0m Forwarding system: 8201 to device: 6790
&amp#27;[38;5;130m[66aa72cb]&amp#27;[0m&amp#27;[38;5;229m[ADB]&amp#27;[0m Running 'C:\Users\sajus\AppData\Local\Android\Sdk\platform-tools\adb.exe -P 5037 -s R3CRC00KHBT forward tcp:8201 tcp:6790'
&amp#27;[38;5;130m[66aa72cb]&amp#27;[0m&amp#27;[38;5;-132m[AndroidUiautomator2Driver@79be]&amp#27;[0m UIA2Proxy options: {"server":"127.0.0.1","port":8201,"keepAlive":true,"scheme":"http","base":"","reqBasePath":"","sessionId":null,"timeout":240000}
&amp#27;[38;5;130m[66aa72cb]&amp#27;[0m&amp#27;[38;5;229m[ADB]&amp#27;[0m Getting package info for 'io.appium.uiautomator2.server'
&amp#27;[38;5;130m[66aa72cb]&amp#27;[0m&amp#27;[38;5;229m[ADB]&amp#27;[0m Running 'C:\Users\sajus\AppData\Local\Android\Sdk\platform-tools\adb.exe -P 5037 -s R3CRC00KHBT shell dumpsys package io.appium.uiautomator2.server'
&amp#27;[38;5;130m[66aa72cb]&amp#27;[0m&amp#27;[38;5;229m[ADB]&amp#27;[0m Getting install status for io.appium.uiautomator2.server.test
&amp#27;[38;5;130m[66aa72cb]&amp#27;[0m&amp#27;[38;5;-132m[AndroidUiautomator2Driver@79be]&amp#27;[0m No app capability. Assuming it is already on the device
&amp#27;[38;5;130m[66aa72cb]&amp#27;[0m&amp#27;[38;5;229m[ADB]&amp#27;[0m Running 'C:\Users\sajus\AppData\Local\Android\Sdk\platform-tools\adb.exe -P 5037 -s R3CRC00KHBT shell cmd package list packages'
&amp#27;[38;5;30m[0ae30348]&amp#27;[0m&amp#27;[38;5;229m[ADB]&amp#27;[0m The version name of the installed 'io.appium.uiautomator2.server' is greater or equal to the application version name ('7.5.2' >= '7.5.2')
&amp#27;[38;5;30m[0ae30348]&amp#27;[0m&amp#27;[38;5;-36m[AndroidUiautomator2Driver@9a54]&amp#27;[0m Server packages status: [{"installState":"sameVersionInstalled","appPath":"C:\\Users\\sajus\\.appium\\node_modules\\appium-uiautomator2-driver\\node_modules\\appium-uiautomator2-server\\apks\\appium-uiautomator2-server-v7.5.2.apk","appId":"io.appium.uiautomator2.server"},{"installState":"sameVersionInstalled","appPath":"C:\\Users\\sajus\\.appium\\node_modules\\appium-uiautomator2-driver\\node_modules\\appium-uiautomator2-server\\apks\\appium-uiautomator2-server-debug-androidTest.apk","appId":"io.appium.uiautomator2.server.test"}]
&amp#27;[38;5;30m[0ae30348]&amp#27;[0m&amp#27;[38;5;-36m[AndroidUiautomator2Driver@9a54]&amp#27;[0m Server packages are not going to be (re)installed
&amp#27;[38;5;30m[0ae30348]&amp#27;[0m&amp#27;[38;5;-36m[AndroidUiautomator2Driver@9a54]&amp#27;[0m Waiting up to 30000ms for services to be available
&amp#27;[38;5;30m[0ae30348]&amp#27;[0m&amp#27;[38;5;229m[ADB]&amp#27;[0m Running 'C:\Users\sajus\AppData\Local\Android\Sdk\platform-tools\adb.exe -P 5037 -s CTLID18120801016 shell pm list instrumentation'
&amp#27;[38;5;130m[66aa72cb]&amp#27;[0m&amp#27;[38;5;229m[ADB]&amp#27;[0m Reading package manifest: 'C:\\Users\\sajus\\AppData\\Local\\Android\\Sdk\\build-tools\\36.0.0\\aapt2.exe dump badging C:\\Users\\sajus\\.appium\\node_modules\\appium-uiautomator2-driver\\node_modules\\appium-uiautomator2-server\\apks\\appium-uiautomator2-server-v7.5.2.apk'
&amp#27;[38;5;130m[66aa72cb]&amp#27;[0m&amp#27;[38;5;229m[ADB]&amp#27;[0m 'io.appium.uiautomator2.server.test' is installed
&amp#27;[38;5;30m[0ae30348]&amp#27;[0m&amp#27;[38;5;-36m[AndroidUiautomator2Driver@9a54]&amp#27;[0m Instrumentation target 'io.appium.uiautomator2.server.test/androidx.test.runner.AndroidJUnitRunner' is available
&amp#27;[38;5;30m[0ae30348]&amp#27;[0m&amp#27;[38;5;229m[ADB]&amp#27;[0m Adding packages ["io.appium.settings","io.appium.uiautomator2.server","io.appium.uiautomator2.server.test"] to Doze whitelist
&amp#27;[38;5;30m[0ae30348]&amp#27;[0m&amp#27;[38;5;229m[ADB]&amp#27;[0m Got the following command chunks to execute: [["dumpsys","deviceidle","whitelist","+io.appium.settings",";","dumpsys","deviceidle","whitelist","+io.appium.uiautomator2.server",";","dumpsys","deviceidle","whitelist","+io.appium.uiautomator2.server.test",";"]]
&amp#27;[38;5;30m[0ae30348]&amp#27;[0m&amp#27;[38;5;229m[ADB]&amp#27;[0m Running 'C:\Users\sajus\AppData\Local\Android\Sdk\platform-tools\adb.exe -P 5037 -s CTLID18120801016 shell dumpsys deviceidle whitelist +io.appium.settings ; dumpsys deviceidle whitelist +io.appium.uiautomator2.server ; dumpsys deviceidle whitelist +io.appium.uiautomator2.server.test ;'
&amp#27;[38;5;130m[66aa72cb]&amp#27;[0m&amp#27;[38;5;229m[ADB]&amp#27;[0m The version name of the installed 'io.appium.uiautomator2.server' is greater or equal to the application version name ('7.5.2' >= '7.5.2')
&amp#27;[38;5;130m[66aa72cb]&amp#27;[0m&amp#27;[38;5;-132m[AndroidUiautomator2Driver@79be]&amp#27;[0m Server packages status: [{"installState":"sameVersionInstalled","appPath":"C:\\Users\\sajus\\.appium\\node_modules\\appium-uiautomator2-driver\\node_modules\\appium-uiautomator2-server\\apks\\appium-uiautomator2-server-v7.5.2.apk","appId":"io.appium.uiautomator2.server"},{"installState":"sameVersionInstalled","appPath":"C:\\Users\\sajus\\.appium\\node_modules\\appium-uiautomator2-driver\\node_modules\\appium-uiautomator2-server\\apks\\appium-uiautomator2-server-debug-androidTest.apk","appId":"io.appium.uiautomator2.server.test"}]
&amp#27;[38;5;130m[66aa72cb]&amp#27;[0m&amp#27;[38;5;-132m[AndroidUiautomator2Driver@79be]&amp#27;[0m Server packages are not going to be (re)installed
&amp#27;[38;5;130m[66aa72cb]&amp#27;[0m&amp#27;[38;5;-132m[AndroidUiautomator2Driver@79be]&amp#27;[0m Waiting up to 30000ms for services to be available
&amp#27;[38;5;130m[66aa72cb]&amp#27;[0m&amp#27;[38;5;229m[ADB]&amp#27;[0m Running 'C:\Users\sajus\AppData\Local\Android\Sdk\platform-tools\adb.exe -P 5037 -s R3CRC00KHBT shell pm list instrumentation'
&amp#27;[38;5;30m[0ae30348]&amp#27;[0m&amp#27;[38;5;-36m[AndroidUiautomator2Driver@9a54]&amp#27;[0m Performing shallow cleanup of automation leftovers
&amp#27;[38;5;130m[66aa72cb]&amp#27;[0m&amp#27;[38;5;-132m[AndroidUiautomator2Driver@79be]&amp#27;[0m Instrumentation target 'io.appium.uiautomator2.server.test/androidx.test.runner.AndroidJUnitRunner' is available
&amp#27;[38;5;130m[66aa72cb]&amp#27;[0m&amp#27;[38;5;229m[ADB]&amp#27;[0m Adding packages ["io.appium.settings","io.appium.uiautomator2.server","io.appium.uiautomator2.server.test"] to Doze whitelist
&amp#27;[38;5;130m[66aa72cb]&amp#27;[0m&amp#27;[38;5;229m[ADB]&amp#27;[0m Got the following command chunks to execute: [["dumpsys","deviceidle","whitelist","+io.appium.settings",";","dumpsys","deviceidle","whitelist","+io.appium.uiautomator2.server",";","dumpsys","deviceidle","whitelist","+io.appium.uiautomator2.server.test",";"]]
&amp#27;[38;5;130m[66aa72cb]&amp#27;[0m&amp#27;[38;5;229m[ADB]&amp#27;[0m Running 'C:\Users\sajus\AppData\Local\Android\Sdk\platform-tools\adb.exe -P 5037 -s R3CRC00KHBT shell dumpsys deviceidle whitelist +io.appium.settings ; dumpsys deviceidle whitelist +io.appium.uiautomator2.server ; dumpsys deviceidle whitelist +io.appium.uiautomator2.server.test ;'
&amp#27;[38;5;30m[0ae30348]&amp#27;[0m&amp#27;[38;5;-36m[AndroidUiautomator2Driver@9a54]&amp#27;[0m No obsolete sessions have been detected (socket hang up)
&amp#27;[38;5;30m[0ae30348]&amp#27;[0m&amp#27;[38;5;229m[ADB]&amp#27;[0m Running 'C:\Users\sajus\AppData\Local\Android\Sdk\platform-tools\adb.exe -P 5037 -s CTLID18120801016 shell am force-stop io.appium.uiautomator2.server'
&amp#27;[38;5;30m[0ae30348]&amp#27;[0m&amp#27;[38;5;229m[ADB]&amp#27;[0m Running 'C:\Users\sajus\AppData\Local\Android\Sdk\platform-tools\adb.exe -P 5037 -s CTLID18120801016 shell am force-stop io.appium.uiautomator2.server.test'
&amp#27;[38;5;130m[66aa72cb]&amp#27;[0m&amp#27;[38;5;-132m[AndroidUiautomator2Driver@79be]&amp#27;[0m Performing shallow cleanup of automation leftovers
&amp#27;[38;5;30m[0ae30348]&amp#27;[0m&amp#27;[38;5;-36m[AndroidUiautomator2Driver@9a54]&amp#27;[0m Starting UIAutomator2 server 7.5.2
&amp#27;[38;5;30m[0ae30348]&amp#27;[0m&amp#27;[38;5;-36m[AndroidUiautomator2Driver@9a54]&amp#27;[0m Using UIAutomator2 server from 'C:\Users\sajus\.appium\node_modules\appium-uiautomator2-driver\node_modules\appium-uiautomator2-server\apks\appium-uiautomator2-server-v7.5.2.apk' and test from 'C:\Users\sajus\.appium\node_modules\appium-uiautomator2-driver\node_modules\appium-uiautomator2-server\apks\appium-uiautomator2-server-debug-androidTest.apk'
&amp#27;[38;5;30m[0ae30348]&amp#27;[0m&amp#27;[38;5;-36m[AndroidUiautomator2Driver@9a54]&amp#27;[0m Waiting up to 30000ms for UiAutomator2 to be online...
&amp#27;[38;5;30m[0ae30348]&amp#27;[0m&amp#27;[38;5;229m[ADB]&amp#27;[0m Creating ADB subprocess with args: ["-P","5037","-s","CTLID18120801016","shell","am","instrument","-w","-e","disableAnalytics","true","io.appium.uiautomator2.server.test/androidx.test.runner.AndroidJUnitRunner"]
&amp#27;[38;5;30m[0ae30348]&amp#27;[0m&amp#27;[38;5;-36m[AndroidUiautomator2Driver@9a54]&amp#27;[0m Matched '/status' to command name 'getStatus'
&amp#27;[38;5;30m[0ae30348]&amp#27;[0m&amp#27;[38;5;-36m[AndroidUiautomator2Driver@9a54]&amp#27;[0m Proxying [GET /status] to [GET http://127.0.0.1:8202/status] with no body
&amp#27;[38;5;130m[66aa72cb]&amp#27;[0m&amp#27;[38;5;-132m[AndroidUiautomator2Driver@79be]&amp#27;[0m No obsolete sessions have been detected (socket hang up)
&amp#27;[38;5;130m[66aa72cb]&amp#27;[0m&amp#27;[38;5;229m[ADB]&amp#27;[0m Running 'C:\Users\sajus\AppData\Local\Android\Sdk\platform-tools\adb.exe -P 5037 -s R3CRC00KHBT shell am force-stop io.appium.uiautomator2.server'
&amp#27;[38;5;30m[0ae30348]&amp#27;[0m&amp#27;[38;5;-36m[AndroidUiautomator2Driver@9a54]&amp#27;[0m socket hang up
&amp#27;[38;5;130m[66aa72cb]&amp#27;[0m&amp#27;[38;5;229m[ADB]&amp#27;[0m Running 'C:\Users\sajus\AppData\Local\Android\Sdk\platform-tools\adb.exe -P 5037 -s R3CRC00KHBT shell am force-stop io.appium.uiautomator2.server.test'
&amp#27;[38;5;130m[66aa72cb]&amp#27;[0m&amp#27;[38;5;-132m[AndroidUiautomator2Driver@79be]&amp#27;[0m Starting UIAutomator2 server 7.5.2
&amp#27;[38;5;130m[66aa72cb]&amp#27;[0m&amp#27;[38;5;-132m[AndroidUiautomator2Driver@79be]&amp#27;[0m Using UIAutomator2 server from 'C:\Users\sajus\.appium\node_modules\appium-uiautomator2-driver\node_modules\appium-uiautomator2-server\apks\appium-uiautomator2-server-v7.5.2.apk' and test from 'C:\Users\sajus\.appium\node_modules\appium-uiautomator2-driver\node_modules\appium-uiautomator2-server\apks\appium-uiautomator2-server-debug-androidTest.apk'
&amp#27;[38;5;130m[66aa72cb]&amp#27;[0m&amp#27;[38;5;-132m[AndroidUiautomator2Driver@79be]&amp#27;[0m Waiting up to 30000ms for UiAutomator2 to be online...
&amp#27;[38;5;130m[66aa72cb]&amp#27;[0m&amp#27;[38;5;229m[ADB]&amp#27;[0m Creating ADB subprocess with args: ["-P","5037","-s","R3CRC00KHBT","shell","am","instrument","-w","-e","disableAnalytics","true","io.appium.uiautomator2.server.test/androidx.test.runner.AndroidJUnitRunner"]
&amp#27;[38;5;130m[66aa72cb]&amp#27;[0m&amp#27;[38;5;-132m[AndroidUiautomator2Driver@79be]&amp#27;[0m Matched '/status' to command name 'getStatus'
&amp#27;[38;5;130m[66aa72cb]&amp#27;[0m&amp#27;[38;5;-132m[AndroidUiautomator2Driver@79be]&amp#27;[0m Proxying [GET /status] to [GET http://127.0.0.1:8201/status] with no body
&amp#27;[38;5;130m[66aa72cb]&amp#27;[0m&amp#27;[38;5;-132m[AndroidUiautomator2Driver@79be]&amp#27;[0m socket hang up
&amp#27;[38;5;130m[66aa72cb]&amp#27;[0m&amp#27;[38;5;-132m[AndroidUiautomator2Driver@79be]&amp#27;[0m [Instrumentation] 
&amp#27;[38;5;30m[0ae30348]&amp#27;[0m&amp#27;[38;5;-36m[AndroidUiautomator2Driver@9a54]&amp#27;[0m Matched '/status' to command name 'getStatus'
&amp#27;[38;5;30m[0ae30348]&amp#27;[0m&amp#27;[38;5;-36m[AndroidUiautomator2Driver@9a54]&amp#27;[0m Proxying [GET /status] to [GET http://127.0.0.1:8202/status] with no body
&amp#27;[38;5;30m[0ae30348]&amp#27;[0m&amp#27;[38;5;-36m[AndroidUiautomator2Driver@9a54]&amp#27;[0m socket hang up
&amp#27;[38;5;130m[66aa72cb]&amp#27;[0m&amp#27;[38;5;-132m[AndroidUiautomator2Driver@79be]&amp#27;[0m Matched '/status' to command name 'getStatus'
&amp#27;[38;5;130m[66aa72cb]&amp#27;[0m&amp#27;[38;5;-132m[AndroidUiautomator2Driver@79be]&amp#27;[0m Proxying [GET /status] to [GET http://127.0.0.1:8201/status] with no body
&amp#27;[38;5;130m[66aa72cb]&amp#27;[0m&amp#27;[38;5;-132m[AndroidUiautomator2Driver@79be]&amp#27;[0m Got response with status 200: {"sessionId":"None","value":{"message":"UiAutomator2 Server is ready to accept commands","ready":true}}
&amp#27;[38;5;130m[66aa72cb]&amp#27;[0m&amp#27;[38;5;-132m[AndroidUiautomator2Driver@79be]&amp#27;[0m The initialization of the instrumentation process took 1166ms
&amp#27;[38;5;130m[66aa72cb]&amp#27;[0m&amp#27;[38;5;-132m[AndroidUiautomator2Driver@79be]&amp#27;[0m Matched '/session' to command name 'createSession'
&amp#27;[38;5;130m[66aa72cb]&amp#27;[0m&amp#27;[38;5;-132m[AndroidUiautomator2Driver@79be]&amp#27;[0m Proxying [POST /session] to [POST http://127.0.0.1:8201/session] with body: {"capabilities":{"firstMatch":[{"platformName":"ANDROID","appActivity":"com.androidsample.generalstore.SplashActivity","appPackage":"com.androidsample.generalstore","automationName":"UiAutomator2","deviceName":"R3CRC00KHBT","noReset":true,"platformVersion":"10.0","systemPort":8201,"udid":"R3CRC00KHBT","platform":"LINUX","webStorageEnabled":false,"takesScreenshot":true,"javascriptEnabled":true,"databaseEnabled":false,"networkConnectionEnabled":true,"locationContextEnabled":false,"warnings":{},"desired":{"platformName":"ANDROID","appActivity":"com.androidsample.generalstore.SplashActivity","appPackage":"com.androidsample.generalstore","automationName":"UiAutomator2","deviceName":"Samsung_Galaxy_S21","noReset":true,"platformVersion":"10.0","systemPort":8201,"udid":"R3CRC00KHBT"},"deviceUDID":"R3CRC00KHBT"}],"alwaysMatch":{}}}
&amp#27;[38;5;130m[66aa72cb]&amp#27;[0m&amp#27;[38;5;-132m[AndroidUiautomator2Driver@79be]&amp#27;[0m Got response with status 200: {"sessionId":"db3d72b1-ddc4-4c07-89bd-c5b2dfa322e8","value":{"capabilities":{"firstMatch":[{"platformName":"ANDROID","appActivity":"com.androidsample.generalstore.SplashActivity","appPackage":"com.androidsample.generalstore","automationName":"UiAutomator2","deviceName":"R3CRC00KHBT","noReset":true,"platformVersion":"10.0","systemPort":8201,"udid":"R3CRC00KHBT","platform":"LINUX","webStorageEnabled":false,"takesScreenshot":true,"javascriptEnabled":true,"databaseEnabled":false,"networkConnectionEnabled":true,"locationContextEnabled":false,"warnings":{},"desired":{"platformName":"ANDROID","appActivity":"com.androidsample.generalstore.SplashActivity","appPackage":"com.androidsample.generalstore","automationName":"UiAutomator2","deviceName":"Samsung_Galaxy_S21","noReset":true,"platformVersion":"10.0","systemPort":8201,"udid":"R3CRC00KHBT"},"deviceUDID":"R3CRC00KHBT"}],"alwaysMatch":{}},"sessionId":"db3d72b1-ddc4-4c07-89bd-c5b2dfa322e8"}}
&amp#27;[38;5;130m[66aa72cb]&amp#27;[0m&amp#27;[38;5;-132m[AndroidUiautomator2Driver@79be]&amp#27;[0m Determined the downstream protocol as 'W3C'
&amp#27;[38;5;130m[66aa72cb]&amp#27;[0m&amp#27;[38;5;-132m[AndroidUiautomator2Driver@79be]&amp#27;[0m Proxying [GET /appium/device/pixel_ratio] to [GET http://127.0.0.1:8201/session/db3d72b1-ddc4-4c07-89bd-c5b2dfa322e8/appium/device/pixel_ratio] with no body
&amp#27;[38;5;130m[66aa72cb]&amp#27;[0m&amp#27;[38;5;-132m[AndroidUiautomator2Driver@79be]&amp#27;[0m Matched '/appium/device/system_bars' to command name 'getSystemBars'
&amp#27;[38;5;130m[66aa72cb]&amp#27;[0m&amp#27;[38;5;-132m[AndroidUiautomator2Driver@79be]&amp#27;[0m Proxying [GET /appium/device/system_bars] to [GET http://127.0.0.1:8201/session/db3d72b1-ddc4-4c07-89bd-c5b2dfa322e8/appium/device/system_bars] with no body
&amp#27;[38;5;130m[66aa72cb]&amp#27;[0m&amp#27;[38;5;-132m[AndroidUiautomator2Driver@79be]&amp#27;[0m Matched '/window/current/size' to command name 'getWindowSize'
&amp#27;[38;5;130m[66aa72cb]&amp#27;[0m&amp#27;[38;5;-132m[AndroidUiautomator2Driver@79be]&amp#27;[0m Proxying [GET /window/current/size] to [GET http://127.0.0.1:8201/session/db3d72b1-ddc4-4c07-89bd-c5b2dfa322e8/window/current/size] with no body
&amp#27;[38;5;130m[66aa72cb]&amp#27;[0m&amp#27;[38;5;-132m[AndroidUiautomator2Driver@79be]&amp#27;[0m Proxying [GET /appium/device/info] to [GET http://127.0.0.1:8201/session/db3d72b1-ddc4-4c07-89bd-c5b2dfa322e8/appium/device/info] with no body
&amp#27;[38;5;130m[66aa72cb]&amp#27;[0m&amp#27;[38;5;229m[ADB]&amp#27;[0m Running 'C:\Users\sajus\AppData\Local\Android\Sdk\platform-tools\adb.exe -P 5037 -s R3CRC00KHBT shell dumpsys window'
&amp#27;[38;5;130m[66aa72cb]&amp#27;[0m&amp#27;[38;5;229m[ADB]&amp#27;[0m Running 'C:\Users\sajus\AppData\Local\Android\Sdk\platform-tools\adb.exe -P 5037 -s R3CRC00KHBT shell dumpsys power'
&amp#27;[38;5;30m[0ae30348]&amp#27;[0m&amp#27;[38;5;-36m[AndroidUiautomator2Driver@9a54]&amp#27;[0m [Instrumentation] 
&amp#27;[38;5;130m[66aa72cb]&amp#27;[0m&amp#27;[38;5;-132m[AndroidUiautomator2Driver@79be]&amp#27;[0m Got response with status 200: {"sessionId":"db3d72b1-ddc4-4c07-89bd-c5b2dfa322e8","value":3}
&amp#27;[38;5;130m[66aa72cb]&amp#27;[0m&amp#27;[38;5;-132m[AndroidUiautomator2Driver@79be]&amp#27;[0m Got response with status 200: {"sessionId":"db3d72b1-ddc4-4c07-89bd-c5b2dfa322e8","value":{"statusBar":80}}
&amp#27;[38;5;130m[66aa72cb]&amp#27;[0m&amp#27;[38;5;-132m[AndroidUiautomator2Driver@79be]&amp#27;[0m Got response with status 200: {"sessionId":"db3d72b1-ddc4-4c07-89bd-c5b2dfa322e8","value":{"height":2400,"width":1080}}
&amp#27;[38;5;130m[66aa72cb]&amp#27;[0m&amp#27;[38;5;-132m[AndroidUiautomator2Driver@79be]&amp#27;[0m Got response with status 200: {"sessionId":"db3d72b1-ddc4-4c07-89bd-c5b2dfa322e8","value":{"androidId":"f27012414286a658","apiVersion":"35","bluetooth":{"state":"ON"},"brand":"samsung","carrierName":"","displayDensity":480,"locale":"en_CA","manufacturer":"samsung","model":"SM-G991W","networks":[{"capabilities":{"SSID":null,"linkDownBandwidthKbps":282299,"linkUpstreamBandwidthKbps":1421,"networkCapabilities":"NET_CAPABILITY_NOT_METERED,NET_CAPABILITY_INTERNET,NET_CAPABILITY_NOT_RESTRICTED,NET_CAPABILITY_TRUSTED,NET_CAPABILITY_NOT_VPN,NET_CAPABILITY_VALIDATED,NET_CAPABILITY_NOT_ROAMING,NET_CAPABILITY_FOREGROUND,NET_CAPABILITY_NOT_CONGESTED,NET_CAPABILITY_NOT_SUSPENDED","signalStrength":-53,"transportTypes":"TRANSPORT_WIFI"},"detailedState":"CONNECTED","extraInfo":"","isAvailable":true,"isConnected":true,"isFailover":false,"isRoaming":false,"state":"CONNECTED","subtype":-1,"subtypeName":"","type":1,"typeName":"WIFI"}],"platformVersion":"15","realDisplaySize":"1080x2400","timeZone":"America/New_York"}}
&amp#27;[38;5;130m[66aa72cb]&amp#27;[0m&amp#27;[38;5;-132m[AndroidUiautomator2Driver@79be]&amp#27;[0m Screen already unlocked, doing nothing
&amp#27;[38;5;130m[66aa72cb]&amp#27;[0m&amp#27;[38;5;-132m[AndroidUiautomator2Driver@79be]&amp#27;[0m Starting 'com.androidsample.generalstore/com.androidsample.generalstore.SplashActivity' and waiting for 'com.androidsample.generalstore/com.androidsample.generalstore.SplashActivity'
&amp#27;[38;5;130m[66aa72cb]&amp#27;[0m&amp#27;[38;5;229m[ADB]&amp#27;[0m Getting IDs of all 'com.androidsample.generalstore' processes
&amp#27;[38;5;130m[66aa72cb]&amp#27;[0m&amp#27;[38;5;229m[ADB]&amp#27;[0m Running 'C:\Users\sajus\AppData\Local\Android\Sdk\platform-tools\adb.exe -P 5037 -s R3CRC00KHBT shell 'pgrep --help; echo $?''
&amp#27;[38;5;130m[66aa72cb]&amp#27;[0m&amp#27;[38;5;229m[ADB]&amp#27;[0m Running 'C:\Users\sajus\AppData\Local\Android\Sdk\platform-tools\adb.exe -P 5037 -s R3CRC00KHBT shell pgrep -f \(\[\[:blank:\]\]\|\^\)com\.androidsample\.generalstore\(:\[a-zA-Z0-9_-\]\+\)\?\(\[\[:blank:\]\]\|\$\)'
&amp#27;[38;5;130m[66aa72cb]&amp#27;[0m&amp#27;[38;5;229m[ADB]&amp#27;[0m Running 'C:\Users\sajus\AppData\Local\Android\Sdk\platform-tools\adb.exe -P 5037 -s R3CRC00KHBT shell am start-activity -W -n com.androidsample.generalstore/com.androidsample.generalstore.SplashActivity -S -a android.intent.action.MAIN -c android.intent.category.LAUNCHER -f 0x10200000'
&amp#27;[38;5;30m[0ae30348]&amp#27;[0m&amp#27;[38;5;-36m[AndroidUiautomator2Driver@9a54]&amp#27;[0m Matched '/status' to command name 'getStatus'
&amp#27;[38;5;30m[0ae30348]&amp#27;[0m&amp#27;[38;5;-36m[AndroidUiautomator2Driver@9a54]&amp#27;[0m Proxying [GET /status] to [GET http://127.0.0.1:8202/status] with no body
&amp#27;[38;5;30m[0ae30348]&amp#27;[0m&amp#27;[38;5;-36m[AndroidUiautomator2Driver@9a54]&amp#27;[0m Got response with status 200: {"sessionId":"None","value":{"message":"UiAutomator2 Server is ready to accept commands","ready":true}}
&amp#27;[38;5;30m[0ae30348]&amp#27;[0m&amp#27;[38;5;-36m[AndroidUiautomator2Driver@9a54]&amp#27;[0m The initialization of the instrumentation process took 2199ms
&amp#27;[38;5;30m[0ae30348]&amp#27;[0m&amp#27;[38;5;-36m[AndroidUiautomator2Driver@9a54]&amp#27;[0m Matched '/session' to command name 'createSession'
&amp#27;[38;5;30m[0ae30348]&amp#27;[0m&amp#27;[38;5;-36m[AndroidUiautomator2Driver@9a54]&amp#27;[0m Proxying [POST /session] to [POST http://127.0.0.1:8202/session] with body: {"capabilities":{"firstMatch":[{"platformName":"ANDROID","appActivity":"com.androidsample.generalstore.SplashActivity","appPackage":"com.androidsample.generalstore","automationName":"UiAutomator2","deviceName":"CTLID18120801016","noReset":true,"platformVersion":"11.0","systemPort":8202,"udid":"CTLID18120801016","platform":"LINUX","webStorageEnabled":false,"takesScreenshot":true,"javascriptEnabled":true,"databaseEnabled":false,"networkConnectionEnabled":true,"locationContextEnabled":false,"warnings":{},"desired":{"platformName":"ANDROID","appActivity":"com.androidsample.generalstore.SplashActivity","appPackage":"com.androidsample.generalstore","automationName":"UiAutomator2","deviceName":"Nokia","noReset":true,"platformVersion":"11.0","systemPort":8202,"udid":"CTLID18120801016"},"deviceUDID":"CTLID18120801016"}],"alwaysMatch":{}}}
&amp#27;[38;5;30m[0ae30348]&amp#27;[0m&amp#27;[38;5;-36m[AndroidUiautomator2Driver@9a54]&amp#27;[0m Got response with status 200: {"sessionId":"2c2b73c0-7861-4739-87d2-a4eff3627e5b","value":{"capabilities":{"firstMatch":[{"platformName":"ANDROID","appActivity":"com.androidsample.generalstore.SplashActivity","appPackage":"com.androidsample.generalstore","automationName":"UiAutomator2","deviceName":"CTLID18120801016","noReset":true,"platformVersion":"11.0","systemPort":8202,"udid":"CTLID18120801016","platform":"LINUX","webStorageEnabled":false,"takesScreenshot":true,"javascriptEnabled":true,"databaseEnabled":false,"networkConnectionEnabled":true,"locationContextEnabled":false,"warnings":{},"desired":{"platformName":"ANDROID","appActivity":"com.androidsample.generalstore.SplashActivity","appPackage":"com.androidsample.generalstore","automationName":"UiAutomator2","deviceName":"Nokia","noReset":true,"platformVersion":"11.0","systemPort":8202,"udid":"CTLID18120801016"},"deviceUDID":"CTLID18120801016"}],"alwaysMatch":{}},"sessionId":"2c2b73c0-7861-4739-87d2-a4eff3627e5b"}}
&amp#27;[38;5;30m[0ae30348]&amp#27;[0m&amp#27;[38;5;-36m[AndroidUiautomator2Driver@9a54]&amp#27;[0m Determined the downstream protocol as 'W3C'
&amp#27;[38;5;30m[0ae30348]&amp#27;[0m&amp#27;[38;5;-36m[AndroidUiautomator2Driver@9a54]&amp#27;[0m Proxying [GET /appium/device/pixel_ratio] to [GET http://127.0.0.1:8202/session/2c2b73c0-7861-4739-87d2-a4eff3627e5b/appium/device/pixel_ratio] with no body
&amp#27;[38;5;30m[0ae30348]&amp#27;[0m&amp#27;[38;5;-36m[AndroidUiautomator2Driver@9a54]&amp#27;[0m Matched '/appium/device/system_bars' to command name 'getSystemBars'
&amp#27;[38;5;30m[0ae30348]&amp#27;[0m&amp#27;[38;5;-36m[AndroidUiautomator2Driver@9a54]&amp#27;[0m Proxying [GET /appium/device/system_bars] to [GET http://127.0.0.1:8202/session/2c2b73c0-7861-4739-87d2-a4eff3627e5b/appium/device/system_bars] with no body
&amp#27;[38;5;30m[0ae30348]&amp#27;[0m&amp#27;[38;5;-36m[AndroidUiautomator2Driver@9a54]&amp#27;[0m Matched '/window/current/size' to command name 'getWindowSize'
&amp#27;[38;5;30m[0ae30348]&amp#27;[0m&amp#27;[38;5;-36m[AndroidUiautomator2Driver@9a54]&amp#27;[0m Proxying [GET /window/current/size] to [GET http://127.0.0.1:8202/session/2c2b73c0-7861-4739-87d2-a4eff3627e5b/window/current/size] with no body
&amp#27;[38;5;30m[0ae30348]&amp#27;[0m&amp#27;[38;5;-36m[AndroidUiautomator2Driver@9a54]&amp#27;[0m Proxying [GET /appium/device/info] to [GET http://127.0.0.1:8202/session/2c2b73c0-7861-4739-87d2-a4eff3627e5b/appium/device/info] with no body
&amp#27;[38;5;30m[0ae30348]&amp#27;[0m&amp#27;[38;5;229m[ADB]&amp#27;[0m Running 'C:\Users\sajus\AppData\Local\Android\Sdk\platform-tools\adb.exe -P 5037 -s CTLID18120801016 shell dumpsys window'
&amp#27;[38;5;30m[0ae30348]&amp#27;[0m&amp#27;[38;5;229m[ADB]&amp#27;[0m Running 'C:\Users\sajus\AppData\Local\Android\Sdk\platform-tools\adb.exe -P 5037 -s CTLID18120801016 shell dumpsys power'
&amp#27;[38;5;30m[0ae30348]&amp#27;[0m&amp#27;[38;5;-36m[AndroidUiautomator2Driver@9a54]&amp#27;[0m Got response with status 200: {"sessionId":"2c2b73c0-7861-4739-87d2-a4eff3627e5b","value":2.625}
&amp#27;[38;5;30m[0ae30348]&amp#27;[0m&amp#27;[38;5;-36m[AndroidUiautomator2Driver@9a54]&amp#27;[0m Got response with status 200: {"sessionId":"2c2b73c0-7861-4739-87d2-a4eff3627e5b","value":{"statusBar":89}}
&amp#27;[38;5;30m[0ae30348]&amp#27;[0m&amp#27;[38;5;-36m[AndroidUiautomator2Driver@9a54]&amp#27;[0m Got response with status 200: {"sessionId":"2c2b73c0-7861-4739-87d2-a4eff3627e5b","value":{"height":2280,"width":1080}}
&amp#27;[38;5;30m[0ae30348]&amp#27;[0m&amp#27;[38;5;-36m[AndroidUiautomator2Driver@9a54]&amp#27;[0m Screen already unlocked, doing nothing
&amp#27;[38;5;30m[0ae30348]&amp#27;[0m&amp#27;[38;5;-36m[AndroidUiautomator2Driver@9a54]&amp#27;[0m Starting 'com.androidsample.generalstore/com.androidsample.generalstore.SplashActivity' and waiting for 'com.androidsample.generalstore/com.androidsample.generalstore.SplashActivity'
&amp#27;[38;5;30m[0ae30348]&amp#27;[0m&amp#27;[38;5;229m[ADB]&amp#27;[0m Getting IDs of all 'com.androidsample.generalstore' processes
&amp#27;[38;5;30m[0ae30348]&amp#27;[0m&amp#27;[38;5;229m[ADB]&amp#27;[0m Running 'C:\Users\sajus\AppData\Local\Android\Sdk\platform-tools\adb.exe -P 5037 -s CTLID18120801016 shell 'pgrep --help; echo $?''
&amp#27;[38;5;30m[0ae30348]&amp#27;[0m&amp#27;[38;5;-36m[AndroidUiautomator2Driver@9a54]&amp#27;[0m Got response with status 200: {"sessionId":"2c2b73c0-7861-4739-87d2-a4eff3627e5b","value":{"androidId":"7be9e4e610cc4454","apiVersion":"29","bluetooth":{"state":"OFF"},"brand":"Nokia","carrierName":"","displayDensity":420,"locale":"en_IN","manufacturer":"HMD Global","model":"Nokia 7.1","networks":[{"capabilities":{"SSID":null,"linkDownBandwidthKbps":1048576,"linkUpstreamBandwidthKbps":1048576,"networkCapabilities":"NET_CAPABILITY_NOT_METERED,NET_CAPABILITY_INTERNET,NET_CAPABILITY_NOT_RESTRICTED,NET_CAPABILITY_TRUSTED,NET_CAPABILITY_NOT_VPN,NET_CAPABILITY_VALIDATED,NET_CAPABILITY_NOT_ROAMING,NET_CAPABILITY_FOREGROUND,NET_CAPABILITY_NOT_CONGESTED,NET_CAPABILITY_NOT_SUSPENDED","signalStrength":-53,"transportTypes":"TRANSPORT_WIFI"},"detailedState":"CONNECTED","extraInfo":null,"isAvailable":true,"isConnected":true,"isFailover":false,"isRoaming":false,"state":"CONNECTED","subtype":0,"subtypeName":"","type":1,"typeName":"WIFI"}],"platformVersion":"10","realDisplaySize":"1080x2280","timeZone":"America/Toronto"}}
&amp#27;[38;5;30m[0ae30348]&amp#27;[0m&amp#27;[38;5;229m[ADB]&amp#27;[0m Running 'C:\Users\sajus\AppData\Local\Android\Sdk\platform-tools\adb.exe -P 5037 -s CTLID18120801016 shell pgrep -f \(\[\[:blank:\]\]\|\^\)com\.androidsample\.generalstore\(:\[a-zA-Z0-9_-\]\+\)\?\(\[\[:blank:\]\]\|\$\)'
&amp#27;[38;5;130m[66aa72cb]&amp#27;[0m&amp#27;[38;5;89m[AppiumDriver@dbeb]&amp#27;[0m New AndroidUiautomator2Driver session created successfully, session 66aa72cb-758b-4c74-869e-6c628b2be051 added to master session list
&amp#27;[38;5;130m[66aa72cb]&amp#27;[0m&amp#27;[38;5;89m[AppiumDriver@dbeb]&amp#27;[0m Event 'newSessionStarted' logged at 1750218036289 (23:40:36 GMT-0400 (Eastern Daylight Saving Time))
&amp#27;[38;5;130m[66aa72cb]&amp#27;[0m&amp#27;[38;5;-132m[AndroidUiautomator2Driver@79be]&amp#27;[0m Cached the protocol value 'W3C' for the new session 66aa72cb-758b-4c74-869e-6c628b2be051
&amp#27;[38;5;130m[66aa72cb]&amp#27;[0m&amp#27;[38;5;-132m[AndroidUiautomator2Driver@79be]&amp#27;[0m Responding to client with driver.createSession() result: {"capabilities":{"platformName":"ANDROID","appActivity":"com.androidsample.generalstore.SplashActivity","appPackage":"com.androidsample.generalstore","automationName":"UiAutomator2","deviceName":"R3CRC00KHBT","noReset":true,"platformVersion":"15","systemPort":8201,"udid":"R3CRC00KHBT","platform":"LINUX","webStorageEnabled":false,"takesScreenshot":true,"javascriptEnabled":true,"databaseEnabled":false,"networkConnectionEnabled":true,"locationContextEnabled":false,"warnings":{},"desired":{"platformName":"ANDROID","appActivity":"com.androidsample.generalstore.SplashActivity","appPackage":"com.androidsample.generalstore","automationName":"UiAutomator2","deviceName":"Samsung_Galaxy_S21","noReset":true,"platformVersion":"10.0","systemPort":8201,"udid":"R3CRC00KHBT"},"deviceUDID":"R3CRC00KHBT","pixelRatio":"3","statBarHeight":80,"viewportRect":{"left":0,"top":80,"width":1080,"height":2320},"deviceApiLevel":35,"deviceManufacturer":"samsung","deviceModel":"SM-G991W","deviceScreenSize":"1080x2400","deviceScreenDensit...
&amp#27;[38;5;130m[66aa72cb]&amp#27;[0m&amp#27;[38;5;86m[HTTP]&amp#27;[0m &amp#27;[37m<-- POST /session &amp#27;[39m&amp#27;[32m200&amp#27;[39m &amp#27;[90m4432 ms - 1090&amp#27;[39m &amp#27;[90m&amp#27;[39m
&amp#27;[38;5;30m[0ae30348]&amp#27;[0m&amp#27;[38;5;229m[ADB]&amp#27;[0m Running 'C:\Users\sajus\AppData\Local\Android\Sdk\platform-tools\adb.exe -P 5037 -s CTLID18120801016 shell am start-activity -W -n com.androidsample.generalstore/com.androidsample.generalstore.SplashActivity -S -a android.intent.action.MAIN -c android.intent.category.LAUNCHER -f 0x10200000'
&amp#27;[38;5;130m[66aa72cb]&amp#27;[0m&amp#27;[38;5;86m[HTTP]&amp#27;[0m &amp#27;[37m-->&amp#27;[39m &amp#27;[37mPOST&amp#27;[39m &amp#27;[37m/session/66aa72cb-758b-4c74-869e-6c628b2be051/execute/sync&amp#27;[39m &amp#27;[90m{"script":"mobile: getCurrentActivity","args":[]}&amp#27;[39m
&amp#27;[38;5;130m[66aa72cb]&amp#27;[0m&amp#27;[38;5;-132m[AndroidUiautomator2Driver@79be]&amp#27;[0m Calling AppiumDriver.execute() with args: ["mobile: getCurrentActivity",[],"66aa72cb-758b-4c74-869e-6c628b2be051"]
&amp#27;[38;5;130m[66aa72cb]&amp#27;[0m&amp#27;[38;5;229m[ADB]&amp#27;[0m Getting focused package and activity
&amp#27;[38;5;130m[66aa72cb]&amp#27;[0m&amp#27;[38;5;229m[ADB]&amp#27;[0m Running 'C:\Users\sajus\AppData\Local\Android\Sdk\platform-tools\adb.exe -P 5037 -s R3CRC00KHBT shell dumpsys window displays'
&amp#27;[38;5;130m[66aa72cb]&amp#27;[0m&amp#27;[38;5;-132m[AndroidUiautomator2Driver@79be]&amp#27;[0m Responding to client with driver.execute() result: ".SplashActivity"
&amp#27;[38;5;130m[66aa72cb]&amp#27;[0m&amp#27;[38;5;86m[HTTP]&amp#27;[0m &amp#27;[37m<-- POST /session/66aa72cb-758b-4c74-869e-6c628b2be051/execute/sync &amp#27;[39m&amp#27;[32m200&amp#27;[39m &amp#27;[90m104 ms - 27&amp#27;[39m &amp#27;[90m&amp#27;[39m
Current Activity: .SplashActivity
&amp#27;[38;5;30m[0ae30348]&amp#27;[0m&amp#27;[38;5;99m[AppiumDriver@34fb]&amp#27;[0m New AndroidUiautomator2Driver session created successfully, session 0ae30348-6627-4918-93fb-0510b1f40727 added to master session list
&amp#27;[38;5;30m[0ae30348]&amp#27;[0m&amp#27;[38;5;99m[AppiumDriver@34fb]&amp#27;[0m Event 'newSessionStarted' logged at 1750218036973 (23:40:36 GMT-0400 (Eastern Daylight Saving Time))
&amp#27;[38;5;30m[0ae30348]&amp#27;[0m&amp#27;[38;5;-36m[AndroidUiautomator2Driver@9a54]&amp#27;[0m Cached the protocol value 'W3C' for the new session 0ae30348-6627-4918-93fb-0510b1f40727
&amp#27;[38;5;30m[0ae30348]&amp#27;[0m&amp#27;[38;5;-36m[AndroidUiautomator2Driver@9a54]&amp#27;[0m Responding to client with driver.createSession() result: {"capabilities":{"platformName":"ANDROID","appActivity":"com.androidsample.generalstore.SplashActivity","appPackage":"com.androidsample.generalstore","automationName":"UiAutomator2","deviceName":"CTLID18120801016","noReset":true,"platformVersion":"10","systemPort":8202,"udid":"CTLID18120801016","platform":"LINUX","webStorageEnabled":false,"takesScreenshot":true,"javascriptEnabled":true,"databaseEnabled":false,"networkConnectionEnabled":true,"locationContextEnabled":false,"warnings":{},"desired":{"platformName":"ANDROID","appActivity":"com.androidsample.generalstore.SplashActivity","appPackage":"com.androidsample.generalstore","automationName":"UiAutomator2","deviceName":"Nokia","noReset":true,"platformVersion":"11.0","systemPort":8202,"udid":"CTLID18120801016"},"deviceUDID":"CTLID18120801016","pixelRatio":"2.625","statBarHeight":89,"viewportRect":{"left":0,"top":89,"width":1080,"height":2191},"deviceApiLevel":29,"deviceManufacturer":"HMD Global","deviceModel":"Nokia 7.1","deviceScreenSize":"1080x2280","dev...
&amp#27;[38;5;30m[0ae30348]&amp#27;[0m&amp#27;[38;5;86m[HTTP]&amp#27;[0m &amp#27;[37m<-- POST /session &amp#27;[39m&amp#27;[32m200&amp#27;[39m &amp#27;[90m5116 ms - 1105&amp#27;[39m &amp#27;[90m&amp#27;[39m
&amp#27;[38;5;30m[0ae30348]&amp#27;[0m&amp#27;[38;5;86m[HTTP]&amp#27;[0m &amp#27;[37m-->&amp#27;[39m &amp#27;[37mPOST&amp#27;[39m &amp#27;[37m/session/0ae30348-6627-4918-93fb-0510b1f40727/execute/sync&amp#27;[39m &amp#27;[90m{"script":"mobile: getCurrentActivity","args":[]}&amp#27;[39m
&amp#27;[38;5;30m[0ae30348]&amp#27;[0m&amp#27;[38;5;-36m[AndroidUiautomator2Driver@9a54]&amp#27;[0m Calling AppiumDriver.execute() with args: ["mobile: getCurrentActivity",[],"0ae30348-6627-4918-93fb-0510b1f40727"]
&amp#27;[38;5;30m[0ae30348]&amp#27;[0m&amp#27;[38;5;229m[ADB]&amp#27;[0m Getting focused package and activity
&amp#27;[38;5;30m[0ae30348]&amp#27;[0m&amp#27;[38;5;229m[ADB]&amp#27;[0m Running 'C:\Users\sajus\AppData\Local\Android\Sdk\platform-tools\adb.exe -P 5037 -s CTLID18120801016 shell dumpsys window displays'
&amp#27;[38;5;30m[0ae30348]&amp#27;[0m&amp#27;[38;5;-36m[AndroidUiautomator2Driver@9a54]&amp#27;[0m Responding to client with driver.execute() result: ".SplashActivity"
&amp#27;[38;5;30m[0ae30348]&amp#27;[0m&amp#27;[38;5;86m[HTTP]&amp#27;[0m &amp#27;[37m<-- POST /session/0ae30348-6627-4918-93fb-0510b1f40727/execute/sync &amp#27;[39m&amp#27;[32m200&amp#27;[39m &amp#27;[90m101 ms - 27&amp#27;[39m &amp#27;[90m&amp#27;[39m
Current Activity: .SplashActivity
&amp#27;[38;5;130m[66aa72cb]&amp#27;[0m&amp#27;[38;5;86m[HTTP]&amp#27;[0m &amp#27;[37m-->&amp#27;[39m &amp#27;[37mPOST&amp#27;[39m &amp#27;[37m/session/66aa72cb-758b-4c74-869e-6c628b2be051/element&amp#27;[39m &amp#27;[90m{"using":"id","value":"com.androidsample.generalstore:id/btnLetsShop"}&amp#27;[39m
&amp#27;[38;5;130m[66aa72cb]&amp#27;[0m&amp#27;[38;5;-132m[AndroidUiautomator2Driver@79be]&amp#27;[0m Calling AppiumDriver.findElement() with args: ["id","com.androidsample.generalstore:id/btnLetsShop","66aa72cb-758b-4c74-869e-6c628b2be051"]
&amp#27;[38;5;130m[66aa72cb]&amp#27;[0m&amp#27;[38;5;-132m[AndroidUiautomator2Driver@79be]&amp#27;[0m Valid locator strategies for this request: xpath, id, class name, accessibility id, css selector, -android uiautomator
&amp#27;[38;5;130m[66aa72cb]&amp#27;[0m&amp#27;[38;5;-132m[AndroidUiautomator2Driver@79be]&amp#27;[0m Waiting up to 0 ms for condition
&amp#27;[38;5;130m[66aa72cb]&amp#27;[0m&amp#27;[38;5;-132m[AndroidUiautomator2Driver@79be]&amp#27;[0m Matched '/element' to command name 'findElement'
&amp#27;[38;5;130m[66aa72cb]&amp#27;[0m&amp#27;[38;5;-132m[AndroidUiautomator2Driver@79be]&amp#27;[0m Proxying [POST /element] to [POST http://127.0.0.1:8201/session/db3d72b1-ddc4-4c07-89bd-c5b2dfa322e8/element] with body: {"strategy":"id","selector":"com.androidsample.generalstore:id/btnLetsShop","context":"","multiple":false}
&amp#27;[38;5;130m[66aa72cb]&amp#27;[0m&amp#27;[38;5;-132m[AndroidUiautomator2Driver@79be]&amp#27;[0m Got response with status 200: {"sessionId":"db3d72b1-ddc4-4c07-89bd-c5b2dfa322e8","value":{"ELEMENT":"00000000-0000-1115-ffff-ffff00000021","element-6066-11e4-a52e-4f735466cecf":"00000000-0000-1115-ffff-ffff00000021"}}
&amp#27;[38;5;130m[66aa72cb]&amp#27;[0m&amp#27;[38;5;-132m[AndroidUiautomator2Driver@79be]&amp#27;[0m Responding to client with driver.findElement() result: {"element-6066-11e4-a52e-4f735466cecf":"00000000-0000-1115-ffff-ffff00000021","ELEMENT":"00000000-0000-1115-ffff-ffff00000021"}
&amp#27;[38;5;130m[66aa72cb]&amp#27;[0m&amp#27;[38;5;86m[HTTP]&amp#27;[0m &amp#27;[37m<-- POST /session/66aa72cb-758b-4c74-869e-6c628b2be051/element &amp#27;[39m&amp#27;[32m200&amp#27;[39m &amp#27;[90m49 ms - 137&amp#27;[39m &amp#27;[90m&amp#27;[39m
&amp#27;[38;5;130m[66aa72cb]&amp#27;[0m&amp#27;[38;5;86m[HTTP]&amp#27;[0m &amp#27;[37m-->&amp#27;[39m &amp#27;[37mPOST&amp#27;[39m &amp#27;[37m/session/66aa72cb-758b-4c74-869e-6c628b2be051/element/00000000-0000-1115-ffff-ffff00000021/click&amp#27;[39m &amp#27;[90m{"id":"00000000-0000-1115-ffff-ffff00000021"}&amp#27;[39m
&amp#27;[38;5;130m[66aa72cb]&amp#27;[0m&amp#27;[38;5;-132m[AndroidUiautomator2Driver@79be]&amp#27;[0m Calling AppiumDriver.click() with args: ["00000000-0000-1115-ffff-ffff00000021","66aa72cb-758b-4c74-869e-6c628b2be051"]
&amp#27;[38;5;130m[66aa72cb]&amp#27;[0m&amp#27;[38;5;-132m[AndroidUiautomator2Driver@79be]&amp#27;[0m Matched '/element/00000000-0000-1115-ffff-ffff00000021/click' to command name 'click'
&amp#27;[38;5;130m[66aa72cb]&amp#27;[0m&amp#27;[38;5;-132m[AndroidUiautomator2Driver@79be]&amp#27;[0m Proxying [POST /element/00000000-0000-1115-ffff-ffff00000021/click] to [POST http://127.0.0.1:8201/session/db3d72b1-ddc4-4c07-89bd-c5b2dfa322e8/element/00000000-0000-1115-ffff-ffff00000021/click] with body: {"element":"00000000-0000-1115-ffff-ffff00000021"}
&amp#27;[38;5;130m[66aa72cb]&amp#27;[0m&amp#27;[38;5;-132m[AndroidUiautomator2Driver@79be]&amp#27;[0m Got response with status 200: {"sessionId":"db3d72b1-ddc4-4c07-89bd-c5b2dfa322e8","value":null}
&amp#27;[38;5;130m[66aa72cb]&amp#27;[0m&amp#27;[38;5;-132m[AndroidUiautomator2Driver@79be]&amp#27;[0m Responding to client with driver.click() result: null
&amp#27;[38;5;130m[66aa72cb]&amp#27;[0m&amp#27;[38;5;86m[HTTP]&amp#27;[0m &amp#27;[37m<-- POST /session/66aa72cb-758b-4c74-869e-6c628b2be051/element/00000000-0000-1115-ffff-ffff00000021/click &amp#27;[39m&amp#27;[32m200&amp#27;[39m &amp#27;[90m62 ms - 14&amp#27;[39m &amp#27;[90m&amp#27;[39m
&amp#27;[38;5;130m[66aa72cb]&amp#27;[0m&amp#27;[38;5;86m[HTTP]&amp#27;[0m &amp#27;[37m-->&amp#27;[39m &amp#27;[37mPOST&amp#27;[39m &amp#27;[37m/session/66aa72cb-758b-4c74-869e-6c628b2be051/element&amp#27;[39m &amp#27;[90m{"using":"xpath","value":"//android.widget.Toast[@text='Please enter your name']"}&amp#27;[39m
&amp#27;[38;5;130m[66aa72cb]&amp#27;[0m&amp#27;[38;5;-132m[AndroidUiautomator2Driver@79be]&amp#27;[0m Calling AppiumDriver.findElement() with args: ["xpath","//android.widget.Toast[@text='Please enter your name']","66aa72cb-758b-4c74-869e-6c628b2be051"]
&amp#27;[38;5;130m[66aa72cb]&amp#27;[0m&amp#27;[38;5;-132m[AndroidUiautomator2Driver@79be]&amp#27;[0m Valid locator strategies for this request: xpath, id, class name, accessibility id, css selector, -android uiautomator
&amp#27;[38;5;130m[66aa72cb]&amp#27;[0m&amp#27;[38;5;-132m[AndroidUiautomator2Driver@79be]&amp#27;[0m Waiting up to 0 ms for condition
&amp#27;[38;5;130m[66aa72cb]&amp#27;[0m&amp#27;[38;5;-132m[AndroidUiautomator2Driver@79be]&amp#27;[0m Matched '/element' to command name 'findElement'
&amp#27;[38;5;130m[66aa72cb]&amp#27;[0m&amp#27;[38;5;-132m[AndroidUiautomator2Driver@79be]&amp#27;[0m Proxying [POST /element] to [POST http://127.0.0.1:8201/session/db3d72b1-ddc4-4c07-89bd-c5b2dfa322e8/element] with body: {"strategy":"xpath","selector":"//android.widget.Toast[@text='Please enter your name']","context":"","multiple":false}
&amp#27;[38;5;30m[0ae30348]&amp#27;[0m&amp#27;[38;5;86m[HTTP]&amp#27;[0m &amp#27;[37m-->&amp#27;[39m &amp#27;[37mPOST&amp#27;[39m &amp#27;[37m/session/0ae30348-6627-4918-93fb-0510b1f40727/element&amp#27;[39m &amp#27;[90m{"using":"id","value":"com.androidsample.generalstore:id/btnLetsShop"}&amp#27;[39m
&amp#27;[38;5;30m[0ae30348]&amp#27;[0m&amp#27;[38;5;-36m[AndroidUiautomator2Driver@9a54]&amp#27;[0m Calling AppiumDriver.findElement() with args: ["id","com.androidsample.generalstore:id/btnLetsShop","0ae30348-6627-4918-93fb-0510b1f40727"]
&amp#27;[38;5;30m[0ae30348]&amp#27;[0m&amp#27;[38;5;-36m[AndroidUiautomator2Driver@9a54]&amp#27;[0m Valid locator strategies for this request: xpath, id, class name, accessibility id, css selector, -android uiautomator
&amp#27;[38;5;30m[0ae30348]&amp#27;[0m&amp#27;[38;5;-36m[AndroidUiautomator2Driver@9a54]&amp#27;[0m Waiting up to 0 ms for condition
&amp#27;[38;5;30m[0ae30348]&amp#27;[0m&amp#27;[38;5;-36m[AndroidUiautomator2Driver@9a54]&amp#27;[0m Matched '/element' to command name 'findElement'
&amp#27;[38;5;30m[0ae30348]&amp#27;[0m&amp#27;[38;5;-36m[AndroidUiautomator2Driver@9a54]&amp#27;[0m Proxying [POST /element] to [POST http://127.0.0.1:8202/session/2c2b73c0-7861-4739-87d2-a4eff3627e5b/element] with body: {"strategy":"id","selector":"com.androidsample.generalstore:id/btnLetsShop","context":"","multiple":false}
&amp#27;[38;5;30m[0ae30348]&amp#27;[0m&amp#27;[38;5;-36m[AndroidUiautomator2Driver@9a54]&amp#27;[0m Got response with status 200: {"sessionId":"2c2b73c0-7861-4739-87d2-a4eff3627e5b","value":{"ELEMENT":"00000000-0000-060f-ffff-ffff00000021","element-6066-11e4-a52e-4f735466cecf":"00000000-0000-060f-ffff-ffff00000021"}}
&amp#27;[38;5;30m[0ae30348]&amp#27;[0m&amp#27;[38;5;-36m[AndroidUiautomator2Driver@9a54]&amp#27;[0m Responding to client with driver.findElement() result: {"element-6066-11e4-a52e-4f735466cecf":"00000000-0000-060f-ffff-ffff00000021","ELEMENT":"00000000-0000-060f-ffff-ffff00000021"}
&amp#27;[38;5;30m[0ae30348]&amp#27;[0m&amp#27;[38;5;86m[HTTP]&amp#27;[0m &amp#27;[37m<-- POST /session/0ae30348-6627-4918-93fb-0510b1f40727/element &amp#27;[39m&amp#27;[32m200&amp#27;[39m &amp#27;[90m64 ms - 137&amp#27;[39m &amp#27;[90m&amp#27;[39m
&amp#27;[38;5;30m[0ae30348]&amp#27;[0m&amp#27;[38;5;86m[HTTP]&amp#27;[0m &amp#27;[37m-->&amp#27;[39m &amp#27;[37mPOST&amp#27;[39m &amp#27;[37m/session/0ae30348-6627-4918-93fb-0510b1f40727/element/00000000-0000-060f-ffff-ffff00000021/click&amp#27;[39m &amp#27;[90m{"id":"00000000-0000-060f-ffff-ffff00000021"}&amp#27;[39m
&amp#27;[38;5;30m[0ae30348]&amp#27;[0m&amp#27;[38;5;-36m[AndroidUiautomator2Driver@9a54]&amp#27;[0m Calling AppiumDriver.click() with args: ["00000000-0000-060f-ffff-ffff00000021","0ae30348-6627-4918-93fb-0510b1f40727"]
&amp#27;[38;5;30m[0ae30348]&amp#27;[0m&amp#27;[38;5;-36m[AndroidUiautomator2Driver@9a54]&amp#27;[0m Matched '/element/00000000-0000-060f-ffff-ffff00000021/click' to command name 'click'
&amp#27;[38;5;30m[0ae30348]&amp#27;[0m&amp#27;[38;5;-36m[AndroidUiautomator2Driver@9a54]&amp#27;[0m Proxying [POST /element/00000000-0000-060f-ffff-ffff00000021/click] to [POST http://127.0.0.1:8202/session/2c2b73c0-7861-4739-87d2-a4eff3627e5b/element/00000000-0000-060f-ffff-ffff00000021/click] with body: {"element":"00000000-0000-060f-ffff-ffff00000021"}
&amp#27;[38;5;30m[0ae30348]&amp#27;[0m&amp#27;[38;5;-36m[AndroidUiautomator2Driver@9a54]&amp#27;[0m Got response with status 200: {"sessionId":"2c2b73c0-7861-4739-87d2-a4eff3627e5b","value":null}
&amp#27;[38;5;30m[0ae30348]&amp#27;[0m&amp#27;[38;5;-36m[AndroidUiautomator2Driver@9a54]&amp#27;[0m Responding to client with driver.click() result: null
&amp#27;[38;5;30m[0ae30348]&amp#27;[0m&amp#27;[38;5;86m[HTTP]&amp#27;[0m &amp#27;[37m<-- POST /session/0ae30348-6627-4918-93fb-0510b1f40727/element/00000000-0000-060f-ffff-ffff00000021/click &amp#27;[39m&amp#27;[32m200&amp#27;[39m &amp#27;[90m67 ms - 14&amp#27;[39m &amp#27;[90m&amp#27;[39m
&amp#27;[38;5;30m[0ae30348]&amp#27;[0m&amp#27;[38;5;86m[HTTP]&amp#27;[0m &amp#27;[37m-->&amp#27;[39m &amp#27;[37mPOST&amp#27;[39m &amp#27;[37m/session/0ae30348-6627-4918-93fb-0510b1f40727/element&amp#27;[39m &amp#27;[90m{"using":"xpath","value":"//android.widget.Toast[@text='Please enter your name']"}&amp#27;[39m
&amp#27;[38;5;30m[0ae30348]&amp#27;[0m&amp#27;[38;5;-36m[AndroidUiautomator2Driver@9a54]&amp#27;[0m Calling AppiumDriver.findElement() with args: ["xpath","//android.widget.Toast[@text='Please enter your name']","0ae30348-6627-4918-93fb-0510b1f40727"]
&amp#27;[38;5;30m[0ae30348]&amp#27;[0m&amp#27;[38;5;-36m[AndroidUiautomator2Driver@9a54]&amp#27;[0m Valid locator strategies for this request: xpath, id, class name, accessibility id, css selector, -android uiautomator
&amp#27;[38;5;30m[0ae30348]&amp#27;[0m&amp#27;[38;5;-36m[AndroidUiautomator2Driver@9a54]&amp#27;[0m Waiting up to 0 ms for condition
&amp#27;[38;5;30m[0ae30348]&amp#27;[0m&amp#27;[38;5;-36m[AndroidUiautomator2Driver@9a54]&amp#27;[0m Matched '/element' to command name 'findElement'
&amp#27;[38;5;30m[0ae30348]&amp#27;[0m&amp#27;[38;5;-36m[AndroidUiautomator2Driver@9a54]&amp#27;[0m Proxying [POST /element] to [POST http://127.0.0.1:8202/session/2c2b73c0-7861-4739-87d2-a4eff3627e5b/element] with body: {"strategy":"xpath","selector":"//android.widget.Toast[@text='Please enter your name']","context":"","multiple":false}
&amp#27;[38;5;130m[66aa72cb]&amp#27;[0m&amp#27;[38;5;-132m[AndroidUiautomator2Driver@79be]&amp#27;[0m Got response with status 200: {"sessionId":"db3d72b1-ddc4-4c07-89bd-c5b2dfa322e8","value":{"ELEMENT":"5fc25597-9ed4-4ad1-a7c3-d155915fe373","element-6066-11e4-a52e-4f735466cecf":"5fc25597-9ed4-4ad1-a7c3-d155915fe373"}}
&amp#27;[38;5;130m[66aa72cb]&amp#27;[0m&amp#27;[38;5;-132m[AndroidUiautomator2Driver@79be]&amp#27;[0m Responding to client with driver.findElement() result: {"element-6066-11e4-a52e-4f735466cecf":"5fc25597-9ed4-4ad1-a7c3-d155915fe373","ELEMENT":"5fc25597-9ed4-4ad1-a7c3-d155915fe373"}
&amp#27;[38;5;130m[66aa72cb]&amp#27;[0m&amp#27;[38;5;86m[HTTP]&amp#27;[0m &amp#27;[37m<-- POST /session/66aa72cb-758b-4c74-869e-6c628b2be051/element &amp#27;[39m&amp#27;[32m200&amp#27;[39m &amp#27;[90m724 ms - 137&amp#27;[39m &amp#27;[90m&amp#27;[39m
&amp#27;[38;5;130m[66aa72cb]&amp#27;[0m&amp#27;[38;5;86m[HTTP]&amp#27;[0m &amp#27;[37m-->&amp#27;[39m &amp#27;[37mGET&amp#27;[39m &amp#27;[37m/session/66aa72cb-758b-4c74-869e-6c628b2be051/element/5fc25597-9ed4-4ad1-a7c3-d155915fe373/text&amp#27;[39m &amp#27;[90m{}&amp#27;[39m
&amp#27;[38;5;130m[66aa72cb]&amp#27;[0m&amp#27;[38;5;-132m[AndroidUiautomator2Driver@79be]&amp#27;[0m Driver proxy active, passing request on via HTTP proxy
&amp#27;[38;5;130m[66aa72cb]&amp#27;[0m&amp#27;[38;5;-132m[AndroidUiautomator2Driver@79be]&amp#27;[0m Matched '/session/66aa72cb-758b-4c74-869e-6c628b2be051/element/5fc25597-9ed4-4ad1-a7c3-d155915fe373/text' to command name 'getText'
&amp#27;[38;5;130m[66aa72cb]&amp#27;[0m&amp#27;[38;5;-132m[AndroidUiautomator2Driver@79be]&amp#27;[0m Proxying [GET /session/66aa72cb-758b-4c74-869e-6c628b2be051/element/5fc25597-9ed4-4ad1-a7c3-d155915fe373/text] to [GET http://127.0.0.1:8201/session/db3d72b1-ddc4-4c07-89bd-c5b2dfa322e8/element/5fc25597-9ed4-4ad1-a7c3-d155915fe373/text] with no body
&amp#27;[38;5;130m[66aa72cb]&amp#27;[0m&amp#27;[38;5;-132m[AndroidUiautomator2Driver@79be]&amp#27;[0m Got response with status 200: {"sessionId":"db3d72b1-ddc4-4c07-89bd-c5b2dfa322e8","value":"Please enter your name"}
&amp#27;[38;5;130m[66aa72cb]&amp#27;[0m&amp#27;[38;5;-132m[AndroidUiautomator2Driver@79be]&amp#27;[0m Replacing sessionId db3d72b1-ddc4-4c07-89bd-c5b2dfa322e8 with 66aa72cb-758b-4c74-869e-6c628b2be051
&amp#27;[38;5;130m[66aa72cb]&amp#27;[0m&amp#27;[38;5;86m[HTTP]&amp#27;[0m &amp#27;[37m<-- GET /session/66aa72cb-758b-4c74-869e-6c628b2be051/element/5fc25597-9ed4-4ad1-a7c3-d155915fe373/text &amp#27;[39m&amp#27;[32m200&amp#27;[39m &amp#27;[90m42 ms - 85&amp#27;[39m &amp#27;[90m&amp#27;[39m
Please enter your name
&amp#27;[38;5;130m[66aa72cb]&amp#27;[0m&amp#27;[38;5;86m[HTTP]&amp#27;[0m &amp#27;[37m-->&amp#27;[39m &amp#27;[37mGET&amp#27;[39m &amp#27;[37m/session/66aa72cb-758b-4c74-869e-6c628b2be051/screenshot&amp#27;[39m &amp#27;[90m{}&amp#27;[39m
&amp#27;[38;5;130m[66aa72cb]&amp#27;[0m&amp#27;[38;5;-132m[AndroidUiautomator2Driver@79be]&amp#27;[0m Calling AppiumDriver.getScreenshot() with args: ["66aa72cb-758b-4c74-869e-6c628b2be051"]
&amp#27;[38;5;130m[66aa72cb]&amp#27;[0m&amp#27;[38;5;-132m[AndroidUiautomator2Driver@79be]&amp#27;[0m Matched '/screenshot' to command name 'getScreenshot'
&amp#27;[38;5;130m[66aa72cb]&amp#27;[0m&amp#27;[38;5;-132m[AndroidUiautomator2Driver@79be]&amp#27;[0m Proxying [GET /screenshot] to [GET http://127.0.0.1:8201/session/db3d72b1-ddc4-4c07-89bd-c5b2dfa322e8/screenshot] with no body
&amp#27;[38;5;30m[0ae30348]&amp#27;[0m&amp#27;[38;5;-36m[AndroidUiautomator2Driver@9a54]&amp#27;[0m Got response with status 200: {"sessionId":"2c2b73c0-7861-4739-87d2-a4eff3627e5b","value":{"ELEMENT":"7a24afe7-9966-4f83-89df-9b980e9153d4","element-6066-11e4-a52e-4f735466cecf":"7a24afe7-9966-4f83-89df-9b980e9153d4"}}
&amp#27;[38;5;30m[0ae30348]&amp#27;[0m&amp#27;[38;5;-36m[AndroidUiautomator2Driver@9a54]&amp#27;[0m Responding to client with driver.findElement() result: {"element-6066-11e4-a52e-4f735466cecf":"7a24afe7-9966-4f83-89df-9b980e9153d4","ELEMENT":"7a24afe7-9966-4f83-89df-9b980e9153d4"}
&amp#27;[38;5;30m[0ae30348]&amp#27;[0m&amp#27;[38;5;86m[HTTP]&amp#27;[0m &amp#27;[37m<-- POST /session/0ae30348-6627-4918-93fb-0510b1f40727/element &amp#27;[39m&amp#27;[32m200&amp#27;[39m &amp#27;[90m495 ms - 137&amp#27;[39m &amp#27;[90m&amp#27;[39m
&amp#27;[38;5;30m[0ae30348]&amp#27;[0m&amp#27;[38;5;86m[HTTP]&amp#27;[0m &amp#27;[37m-->&amp#27;[39m &amp#27;[37mGET&amp#27;[39m &amp#27;[37m/session/0ae30348-6627-4918-93fb-0510b1f40727/element/7a24afe7-9966-4f83-89df-9b980e9153d4/text&amp#27;[39m &amp#27;[90m{}&amp#27;[39m
&amp#27;[38;5;30m[0ae30348]&amp#27;[0m&amp#27;[38;5;-36m[AndroidUiautomator2Driver@9a54]&amp#27;[0m Driver proxy active, passing request on via HTTP proxy
&amp#27;[38;5;30m[0ae30348]&amp#27;[0m&amp#27;[38;5;-36m[AndroidUiautomator2Driver@9a54]&amp#27;[0m Matched '/session/0ae30348-6627-4918-93fb-0510b1f40727/element/7a24afe7-9966-4f83-89df-9b980e9153d4/text' to command name 'getText'
&amp#27;[38;5;30m[0ae30348]&amp#27;[0m&amp#27;[38;5;-36m[AndroidUiautomator2Driver@9a54]&amp#27;[0m Proxying [GET /session/0ae30348-6627-4918-93fb-0510b1f40727/element/7a24afe7-9966-4f83-89df-9b980e9153d4/text] to [GET http://127.0.0.1:8202/session/2c2b73c0-7861-4739-87d2-a4eff3627e5b/element/7a24afe7-9966-4f83-89df-9b980e9153d4/text] with no body
&amp#27;[38;5;30m[0ae30348]&amp#27;[0m&amp#27;[38;5;-36m[AndroidUiautomator2Driver@9a54]&amp#27;[0m Got response with status 200: {"sessionId":"2c2b73c0-7861-4739-87d2-a4eff3627e5b","value":"Please enter your name"}
&amp#27;[38;5;30m[0ae30348]&amp#27;[0m&amp#27;[38;5;-36m[AndroidUiautomator2Driver@9a54]&amp#27;[0m Replacing sessionId 2c2b73c0-7861-4739-87d2-a4eff3627e5b with 0ae30348-6627-4918-93fb-0510b1f40727
&amp#27;[38;5;30m[0ae30348]&amp#27;[0m&amp#27;[38;5;86m[HTTP]&amp#27;[0m &amp#27;[37m<-- GET /session/0ae30348-6627-4918-93fb-0510b1f40727/element/7a24afe7-9966-4f83-89df-9b980e9153d4/text &amp#27;[39m&amp#27;[32m200&amp#27;[39m &amp#27;[90m79 ms - 85&amp#27;[39m &amp#27;[90m&amp#27;[39m
Please enter your name
&amp#27;[38;5;30m[0ae30348]&amp#27;[0m&amp#27;[38;5;86m[HTTP]&amp#27;[0m &amp#27;[37m-->&amp#27;[39m &amp#27;[37mGET&amp#27;[39m &amp#27;[37m/session/0ae30348-6627-4918-93fb-0510b1f40727/screenshot&amp#27;[39m &amp#27;[90m{}&amp#27;[39m
&amp#27;[38;5;30m[0ae30348]&amp#27;[0m&amp#27;[38;5;-36m[AndroidUiautomator2Driver@9a54]&amp#27;[0m Calling AppiumDriver.getScreenshot() with args: ["0ae30348-6627-4918-93fb-0510b1f40727"]
&amp#27;[38;5;30m[0ae30348]&amp#27;[0m&amp#27;[38;5;-36m[AndroidUiautomator2Driver@9a54]&amp#27;[0m Matched '/screenshot' to command name 'getScreenshot'
&amp#27;[38;5;30m[0ae30348]&amp#27;[0m&amp#27;[38;5;-36m[AndroidUiautomator2Driver@9a54]&amp#27;[0m Proxying [GET /screenshot] to [GET http://127.0.0.1:8202/session/2c2b73c0-7861-4739-87d2-a4eff3627e5b/screenshot] with no body
&amp#27;[38;5;130m[66aa72cb]&amp#27;[0m&amp#27;[38;5;-132m[AndroidUiautomator2Driver@79be]&amp#27;[0m Got response with status 200: {"sessionId":"db3d72b1-ddc4-4c07-89bd-c5b2dfa322e8","value":"iVBORw0KGgoAAAANSUhEUgAABDgAAAlgCAYAAABtGofVAAAAAXNSR0IArs4c6QAAAARzQklUCAgICHwIZIgAACAASURBVHic7N13eBzV2Tbw+8zMVkmr3m1LbrItF9xtbGMMGBOKKaGHFrpDIIT0vOF7Awm8IQkkgYQQQklIQu+2AWNwKIa4N9x7kSVZVq+r3WnfH5YUlZ3Vrvqu7l+uXAlzZs+eHe9wee495zkicdeNJoiIiIiIiIiIIpjU3wMgIiIiIiIiIuouBhxEREREREREFPEYcBARERERERFRxGPAQUREREREREQRjwEHEREREREREUU8BhxEREREREREFPEYcBARERERERFRxGPAQUREREREREQRjwEHEREREREREUU8BhxEREREREREFPEYcBARERERERFRxGPAQUREREREREQRjwEHEREREREREUU8BhxEREREREREFPEYcBARERERERFRxGPAQUREREREREQRjwEHEREREREREUU8BhxEREREREREFPEYcBARERERERFRxGPAQUREREREREQRjwEHEREREREREUU8BhxEREREREREFPEYcBARERERERFRxGPAQUREREREREQRjwEHEREREREREUU8BhxEREREREREFPEYcBARERERERFRxGPAQUREREREREQRjwEHEREREREREUU8pb8HQERERERERDSQCAikKHGY7cpDvmMIsmxJyFQSkaEkwCU5+mQMXsOHYq0SJ7QqFKkV2OU7jrXefSjTamHC7JMxRBoGHERERERERDSoCQjESA7k2tOwKPY0nOEeh3zHECiiHx+Z5Vhk25LbHNJMDTt9BVhdvxsr67bhiFqKBsPHwKOJSNx1I68EERERERERDToCAnGSE3mOLFwYNw2XeGYiXnL397BCUqnX4e2adVhZtw17fYWoNRoHfdDBgIOIiIiIiIgGHQkCw2wp...
&amp#27;[38;5;130m[66aa72cb]&amp#27;[0m&amp#27;[38;5;-132m[AndroidUiautomator2Driver@79be]&amp#27;[0m Responding to client with driver.getScreenshot() result: "iVBORw0KGgoAAAANSUhEUgAABDgAAAlgCAYAAABtGofVAAAAAXNSR0IArs4c6QAAAARzQklUCAgICHwIZIgAACAASURBVHic7N13eBzV2Tbw+8zMVkmr3m1LbrItF9xtbGMMGBOKKaGHFrpDIIT0vOF7Awm8IQkkgYQQQklIQu+2AWNwKIa4N9x7kSVZVq+r3WnfH5YUlZ3Vrvqu7l+uXAlzZs+eHe9wee495zkicdeNJoiIiIiIiIiIIpjU3wMgIiIiIiIiIuouBhxEREREREREFPEYcBARERERERFRxGPAQUREREREREQRjwEHEREREREREUU8BhxEREREREREFPEYcBARERERERFRxGPAQUREREREREQRjwEHEREREREREUU8BhxEREREREREFPEYcBARERERERFRxGPAQUREREREREQRjwEHEREREREREUU8BhxEREREREREFPEYcBARERERERFRxGPAQUREREREREQRjwEHEREREREREUU8BhxEREREREREFPEYcBARERERERFRxGPAQUREREREREQRjwEHEREREREREUU8BhxEREREREREFPEYcBARERERERFRxGPAQUREREREREQRjwEHEREREREREUU8BhxEREREREREFPEYcBARERERERFRxGPAQUREREREREQRjwEHEREREREREUU8pb8HQERERERERDSQCAikKHGY7cpDvmMIsmxJyFQSkaEkwCU5+mQMXsOHYq0SJ7QqFKkV2OU7jrXefSjTamHC7JMxRBoGHERERERERDSoCQjESA7k2tOwKPY0nOEeh3zHECiiHx+Z5Vhk25LbHNJMDTt9BVhdvxsr67bhiFqKBsPHwKOJSNx1I68EERERERERDToCAnGSE3mOLFwYNw2XeGYiXnL397BCUqnX4e2adVhZtw17fYWoNRoHfdDBgIOIiIiIiIgGHQkCw2wp+Hr8bFwYOw3D7CmQIqxMpQEDx/xleK9uE96oXoMCtXxQhxwMOIiIiIiIiGjQ...
&amp#27;[38;5;130m[66aa72cb]&amp#27;[0m&amp#27;[38;5;86m[HTTP]&amp#27;[0m &amp#27;[37m<-- GET /session/66aa72cb-758b-4c74-869e-6c628b2be051/screenshot &amp#27;[39m&amp#27;[32m200&amp#27;[39m &amp#27;[90m568 ms - 699660&amp#27;[39m &amp#27;[90m&amp#27;[39m
]]></system-out>
  </testcase>
  <testcase name="FirstCase" classname="org.testCase.TestCase1" time="6.95">
    <system-out><![CDATA[&amp#27;[38;5;130m[66aa72cb]&amp#27;[0m&amp#27;[38;5;86m[HTTP]&amp#27;[0m &amp#27;[37m-->&amp#27;[39m &amp#27;[37mPOST&amp#27;[39m &amp#27;[37m/session/66aa72cb-758b-4c74-869e-6c628b2be051/execute/sync&amp#27;[39m &amp#27;[90m{"script":"mobile: isAppInstalled","args":[{"bundleId":"com.androidsample.generalstore","appId":"com.androidsample.generalstore"}]}&amp#27;[39m
&amp#27;[38;5;130m[66aa72cb]&amp#27;[0m&amp#27;[38;5;-132m[AndroidUiautomator2Driver@79be]&amp#27;[0m Calling AppiumDriver.execute() with args: ["mobile: isAppInstalled",[{"bundleId":"com.androidsample.generalstore","appId":"com.androidsample.generalstore"}],"66aa72cb-758b-4c74-869e-6c628b2be051"]
&amp#27;[38;5;130m[66aa72cb]&amp#27;[0m&amp#27;[38;5;123m[BaseDriver]&amp#27;[0m The following script arguments are not known and will be ignored: bundleId
&amp#27;[38;5;130m[66aa72cb]&amp#27;[0m&amp#27;[38;5;229m[ADB]&amp#27;[0m Getting install status for com.androidsample.generalstore
&amp#27;[38;5;130m[66aa72cb]&amp#27;[0m&amp#27;[38;5;229m[ADB]&amp#27;[0m Running 'C:\Users\sajus\AppData\Local\Android\Sdk\platform-tools\adb.exe -P 5037 -s R3CRC00KHBT shell cmd package list packages'
&amp#27;[38;5;130m[66aa72cb]&amp#27;[0m&amp#27;[38;5;229m[ADB]&amp#27;[0m 'com.androidsample.generalstore' is installed
&amp#27;[38;5;130m[66aa72cb]&amp#27;[0m&amp#27;[38;5;-132m[AndroidUiautomator2Driver@79be]&amp#27;[0m Responding to client with driver.execute() result: true
&amp#27;[38;5;130m[66aa72cb]&amp#27;[0m&amp#27;[38;5;86m[HTTP]&amp#27;[0m &amp#27;[37m<-- POST /session/66aa72cb-758b-4c74-869e-6c628b2be051/execute/sync &amp#27;[39m&amp#27;[32m200&amp#27;[39m &amp#27;[90m98 ms - 14&amp#27;[39m &amp#27;[90m&amp#27;[39m
&amp#27;[38;5;130m[66aa72cb]&amp#27;[0m&amp#27;[38;5;86m[HTTP]&amp#27;[0m &amp#27;[37m-->&amp#27;[39m &amp#27;[37mPOST&amp#27;[39m &amp#27;[37m/session/66aa72cb-758b-4c74-869e-6c628b2be051/execute/sync&amp#27;[39m &amp#27;[90m{"script":"mobile: terminateApp","args":[{"bundleId":"com.androidsample.generalstore","appId":"com.androidsample.generalstore"}]}&amp#27;[39m
&amp#27;[38;5;130m[66aa72cb]&amp#27;[0m&amp#27;[38;5;-132m[AndroidUiautomator2Driver@79be]&amp#27;[0m Calling AppiumDriver.execute() with args: ["mobile: terminateApp",[{"bundleId":"com.androidsample.generalstore","appId":"com.androidsample.generalstore"}],"66aa72cb-758b-4c74-869e-6c628b2be051"]
&amp#27;[38;5;130m[66aa72cb]&amp#27;[0m&amp#27;[38;5;123m[BaseDriver]&amp#27;[0m The following script arguments are not known and will be ignored: bundleId
&amp#27;[38;5;130m[66aa72cb]&amp#27;[0m&amp#27;[38;5;-132m[AndroidUiautomator2Driver@79be]&amp#27;[0m Terminating 'com.androidsample.generalstore'
&amp#27;[38;5;130m[66aa72cb]&amp#27;[0m&amp#27;[38;5;229m[ADB]&amp#27;[0m Getting IDs of all 'com.androidsample.generalstore' processes
&amp#27;[38;5;130m[66aa72cb]&amp#27;[0m&amp#27;[38;5;229m[ADB]&amp#27;[0m Running 'C:\Users\sajus\AppData\Local\Android\Sdk\platform-tools\adb.exe -P 5037 -s R3CRC00KHBT shell pgrep -f \(\[\[:blank:\]\]\|\^\)com\.androidsample\.generalstore\(:\[a-zA-Z0-9_-\]\+\)\?\(\[\[:blank:\]\]\|\$\)'
&amp#27;[38;5;130m[66aa72cb]&amp#27;[0m&amp#27;[38;5;229m[ADB]&amp#27;[0m Running 'C:\Users\sajus\AppData\Local\Android\Sdk\platform-tools\adb.exe -P 5037 -s R3CRC00KHBT shell am force-stop com.androidsample.generalstore'
&amp#27;[38;5;130m[66aa72cb]&amp#27;[0m&amp#27;[38;5;-132m[AndroidUiautomator2Driver@79be]&amp#27;[0m Querying the state of 'com.androidsample.generalstore'
&amp#27;[38;5;130m[66aa72cb]&amp#27;[0m&amp#27;[38;5;229m[ADB]&amp#27;[0m Getting install status for com.androidsample.generalstore
&amp#27;[38;5;130m[66aa72cb]&amp#27;[0m&amp#27;[38;5;229m[ADB]&amp#27;[0m Running 'C:\Users\sajus\AppData\Local\Android\Sdk\platform-tools\adb.exe -P 5037 -s R3CRC00KHBT shell cmd package list packages'
&amp#27;[38;5;130m[66aa72cb]&amp#27;[0m&amp#27;[38;5;229m[ADB]&amp#27;[0m 'com.androidsample.generalstore' is installed
&amp#27;[38;5;130m[66aa72cb]&amp#27;[0m&amp#27;[38;5;229m[ADB]&amp#27;[0m Getting IDs of all 'com.androidsample.generalstore' processes
&amp#27;[38;5;130m[66aa72cb]&amp#27;[0m&amp#27;[38;5;229m[ADB]&amp#27;[0m Running 'C:\Users\sajus\AppData\Local\Android\Sdk\platform-tools\adb.exe -P 5037 -s R3CRC00KHBT shell pgrep -f \(\[\[:blank:\]\]\|\^\)com\.androidsample\.generalstore\(:\[a-zA-Z0-9_-\]\+\)\?\(\[\[:blank:\]\]\|\$\)'
&amp#27;[38;5;130m[66aa72cb]&amp#27;[0m&amp#27;[38;5;-132m[AndroidUiautomator2Driver@79be]&amp#27;[0m 'com.androidsample.generalstore' has been successfully terminated
&amp#27;[38;5;130m[66aa72cb]&amp#27;[0m&amp#27;[38;5;-132m[AndroidUiautomator2Driver@79be]&amp#27;[0m Responding to client with driver.execute() result: true
&amp#27;[38;5;130m[66aa72cb]&amp#27;[0m&amp#27;[38;5;86m[HTTP]&amp#27;[0m &amp#27;[37m<-- POST /session/66aa72cb-758b-4c74-869e-6c628b2be051/execute/sync &amp#27;[39m&amp#27;[32m200&amp#27;[39m &amp#27;[90m573 ms - 14&amp#27;[39m &amp#27;[90m&amp#27;[39m
🛑 App terminated: com.androidsample.generalstore
&amp#27;[38;5;130m[66aa72cb]&amp#27;[0m&amp#27;[38;5;86m[HTTP]&amp#27;[0m &amp#27;[37m-->&amp#27;[39m &amp#27;[37mDELETE&amp#27;[39m &amp#27;[37m/session/66aa72cb-758b-4c74-869e-6c628b2be051&amp#27;[39m &amp#27;[90m{}&amp#27;[39m
&amp#27;[38;5;130m[66aa72cb]&amp#27;[0m&amp#27;[38;5;-132m[AndroidUiautomator2Driver@79be]&amp#27;[0m Calling AppiumDriver.deleteSession() with args: ["66aa72cb-758b-4c74-869e-6c628b2be051"]
&amp#27;[38;5;130m[66aa72cb]&amp#27;[0m&amp#27;[38;5;89m[AppiumDriver@dbeb]&amp#27;[0m Event 'quitSessionRequested' logged at 1750218043794 (23:40:43 GMT-0400 (Eastern Daylight Saving Time))
&amp#27;[38;5;130m[66aa72cb]&amp#27;[0m&amp#27;[38;5;89m[AppiumDriver@dbeb]&amp#27;[0m Removing session 66aa72cb-758b-4c74-869e-6c628b2be051 from our master session list
&amp#27;[38;5;130m[66aa72cb]&amp#27;[0m&amp#27;[38;5;-132m[AndroidUiautomator2Driver@79be]&amp#27;[0m Deleting UiAutomator2 session
&amp#27;[38;5;130m[66aa72cb]&amp#27;[0m&amp#27;[38;5;-132m[AndroidUiautomator2Driver@79be]&amp#27;[0m Deleting UiAutomator2 server session
&amp#27;[38;5;130m[66aa72cb]&amp#27;[0m&amp#27;[38;5;-132m[AndroidUiautomator2Driver@79be]&amp#27;[0m Proxying [DELETE /] to [DELETE http://127.0.0.1:8201/session/db3d72b1-ddc4-4c07-89bd-c5b2dfa322e8] with no body
&amp#27;[38;5;130m[66aa72cb]&amp#27;[0m&amp#27;[38;5;-132m[AndroidUiautomator2Driver@79be]&amp#27;[0m Got response with status 200: {"sessionId":"db3d72b1-ddc4-4c07-89bd-c5b2dfa322e8","value":null}
&amp#27;[38;5;130m[66aa72cb]&amp#27;[0m&amp#27;[38;5;229m[ADB]&amp#27;[0m Getting IDs of all 'io.appium.uiautomator2.server' processes
&amp#27;[38;5;130m[66aa72cb]&amp#27;[0m&amp#27;[38;5;229m[ADB]&amp#27;[0m Running 'C:\Users\sajus\AppData\Local\Android\Sdk\platform-tools\adb.exe -P 5037 -s R3CRC00KHBT shell pgrep -f \(\[\[:blank:\]\]\|\^\)io\.appium\.uiautomator2\.server\(:\[a-zA-Z0-9_-\]\+\)\?\(\[\[:blank:\]\]\|\$\)'
&amp#27;[38;5;130m[66aa72cb]&amp#27;[0m&amp#27;[38;5;-132m[AndroidUiautomator2Driver@79be]&amp#27;[0m [Instrumentation] io.appium.uiautomator2.server.test.AppiumUiAutomator2Server:.
&amp#27;[38;5;130m[66aa72cb]&amp#27;[0m&amp#27;[38;5;-132m[AndroidUiautomator2Driver@79be]&amp#27;[0m [Instrumentation] 
&amp#27;[38;5;130m[66aa72cb]&amp#27;[0m&amp#27;[38;5;-132m[AndroidUiautomator2Driver@79be]&amp#27;[0m [Instrumentation] Time: 9.264
&amp#27;[38;5;130m[66aa72cb]&amp#27;[0m&amp#27;[38;5;-132m[AndroidUiautomator2Driver@79be]&amp#27;[0m [Instrumentation] 
&amp#27;[38;5;130m[66aa72cb]&amp#27;[0m&amp#27;[38;5;-132m[AndroidUiautomator2Driver@79be]&amp#27;[0m [Instrumentation] OK (1 test)
&amp#27;[38;5;130m[66aa72cb]&amp#27;[0m&amp#27;[38;5;-132m[AndroidUiautomator2Driver@79be]&amp#27;[0m [Instrumentation] 
&amp#27;[38;5;130m[66aa72cb]&amp#27;[0m&amp#27;[38;5;-132m[AndroidUiautomator2Driver@79be]&amp#27;[0m [Instrumentation] 
&amp#27;[38;5;130m[66aa72cb]&amp#27;[0m&amp#27;[38;5;-132m[AndroidUiautomator2Driver@79be]&amp#27;[0m [Instrumentation] The process has exited with code 0, signal null
&amp#27;[38;5;30m[0ae30348]&amp#27;[0m&amp#27;[38;5;-36m[AndroidUiautomator2Driver@9a54]&amp#27;[0m Got response with status 200: {"sessionId":"2c2b73c0-7861-4739-87d2-a4eff3627e5b","value":"iVBORw0KGgoAAAANSUhEUgAABDgAAAjoCAYAAAA5jhrUAAAAAXNSR0IArs4c6QAAAARzQklUCAgICHwIZIgAACAASURBVHic7N13nFxV/f/x9zl3ZnezyWbTQ0iHEFoAQwdBKdIhKIIUBbHTrNgAFWxgAQuIooA/+CpFQRAQEVBAaSIgVSD0dNLLJltm5p7z+2PKzuze2T67e7OvJ4+QzC3nnjO3ns+ce44Z/dJpXgAAAAAAADFmBzoDAAAAAAAAvUWAAwAAAAAAxB4BDgAAAAAAEHsEOAAAAAAAQOwR4AAAAAAAALFHgAMAAAAAAMQeAQ4AAAAAABB7BDgAAAAAAEDsEeAAAAAAAACxR4ADAAAAAADEHgEOAAAAAAAQewQ4AAAAAABA7BHgAAAAAAAAsUeAAwAAAAAAxB4BDgAAAAAAEHsEOAAAAAAAQOwR4AAAAAAAALFHgAMAAAAAAMQeAQ4AAAAAABB7BDgAAAAAAEDsEeAAAAAAAACxR4ADAAAAAADEHgEOAAAAAAAQewQ4AAAAAABA7BHgAAAAAAAAsZcY6AwAg4GRkcn/bbL/liQvyXuv7H/K/T++hko5AQAAAAw9BDgwZBkZJYzV1lVb6MapX9SM5PgOl387vVInL/qp3ky9o4x3sQkCDJVyAgAAAF1RH9RqTvU07VQzTfW2VnNqpqk+GF6Yvz7cpBebF2q9a9QLzQv1YstCrQ8bBySv+9Vupzunn9elZectuESPNL5S4RwNbgQ4MCTV2WH61oQTdProAxV08U2tGcnxenyrixXK6fq1D+nbK/6oBtdU4Zz2zlApJwAAANCRaclxOrJuVx1Zt5v2q92u0+WPqtut5PMjja/orw1P668N/9XC9KpKZRO9ZEa/dBo/z2LISJhAZ445TBdN+JBaX9DoGS+vb6+4Rb9c8zdlfNhHOewbQ6WcAAAAQEf2q91OnxlzaLuA...
&amp#27;[38;5;30m[0ae30348]&amp#27;[0m&amp#27;[38;5;-36m[AndroidUiautomator2Driver@9a54]&amp#27;[0m Responding to client with driver.getScreenshot() result: "iVBORw0KGgoAAAANSUhEUgAABDgAAAjoCAYAAAA5jhrUAAAAAXNSR0IArs4c6QAAAARzQklUCAgICHwIZIgAACAASURBVHic7N13nFxV/f/x9zl3ZnezyWbTQ0iHEFoAQwdBKdIhKIIUBbHTrNgAFWxgAQuIooA/+CpFQRAQEVBAaSIgVSD0dNLLJltm5p7z+2PKzuze2T67e7OvJ4+QzC3nnjO3ns+ce44Z/dJpXgAAAAAAADFmBzoDAAAAAAAAvUWAAwAAAAAAxB4BDgAAAAAAEHsEOAAAAAAAQOwR4AAAAAAAALFHgAMAAAAAAMQeAQ4AAAAAABB7BDgAAAAAAEDsEeAAAAAAAACxR4ADAAAAAADEHgEOAAAAAAAQewQ4AAAAAABA7BHgAAAAAAAAsUeAAwAAAAAAxB4BDgAAAAAAEHsEOAAAAAAAQOwR4AAAAAAAALFHgAMAAAAAAMQeAQ4AAAAAABB7BDgAAAAAAEDsEeAAAAAAAACxR4ADAAAAAADEHgEOAAAAAAAQewQ4AAAAAABA7BHgAAAAAAAAsZcY6AwAg4GRkcn/bbL/liQvyXuv7H/K/T++hko5AQAAAAw9BDgwZBkZJYzV1lVb6MapX9SM5PgOl387vVInL/qp3ky9o4x3sQkCDJVyAgAAAF1RH9RqTvU07VQzTfW2VnNqpqk+GF6Yvz7cpBebF2q9a9QLzQv1YstCrQ8bBySv+9Vupzunn9elZectuESPNL5S4RwNbgQ4MCTV2WH61oQTdProAxV08U2tGcnxenyrixXK6fq1D+nbK/6oBtdU4Zz2zlApJwAAANCRaclxOrJuVx1Zt5v2q92u0+WPqtut5PMjja/orw1P668N/9XC9KpKZRO9ZEa/dBo/z2LISJhAZ445TBdN+JBaX9DoGS+vb6+4Rb9c8zdlfNhHOewbQ6WcAAAAQEf2q91OnxlzaLuARW/c3fC0fr3mvn5pLUELju4hwIEhwcioztbowZnf0cyqCX2a9lupFTro7Qu1...
&amp#27;[38;5;30m[0ae30348]&amp#27;[0m&amp#27;[38;5;86m[HTTP]&amp#27;[0m &amp#27;[37m<-- GET /session/0ae30348-6627-4918-93fb-0510b1f40727/screenshot &amp#27;[39m&amp#27;[32m200&amp#27;[39m &amp#27;[90m1067 ms - 615136&amp#27;[39m &amp#27;[90m&amp#27;[39m
]]></system-out>
  </testcase>
  <testcase name="SecondCase" classname="org.testCase.TestCase2" time="15.15">
    <system-out><![CDATA[&amp#27;[38;5;30m[0ae30348]&amp#27;[0m&amp#27;[38;5;86m[HTTP]&amp#27;[0m &amp#27;[37m-->&amp#27;[39m &amp#27;[37mPOST&amp#27;[39m &amp#27;[37m/session/0ae30348-6627-4918-93fb-0510b1f40727/execute/sync&amp#27;[39m &amp#27;[90m{"script":"mobile: isAppInstalled","args":[{"bundleId":"com.androidsample.generalstore","appId":"com.androidsample.generalstore"}]}&amp#27;[39m
&amp#27;[38;5;30m[0ae30348]&amp#27;[0m&amp#27;[38;5;-36m[AndroidUiautomator2Driver@9a54]&amp#27;[0m Calling AppiumDriver.execute() with args: ["mobile: isAppInstalled",[{"bundleId":"com.androidsample.generalstore","appId":"com.androidsample.generalstore"}],"0ae30348-6627-4918-93fb-0510b1f40727"]
&amp#27;[38;5;30m[0ae30348]&amp#27;[0m&amp#27;[38;5;123m[BaseDriver]&amp#27;[0m The following script arguments are not known and will be ignored: bundleId
&amp#27;[38;5;30m[0ae30348]&amp#27;[0m&amp#27;[38;5;229m[ADB]&amp#27;[0m Getting install status for com.androidsample.generalstore
&amp#27;[38;5;30m[0ae30348]&amp#27;[0m&amp#27;[38;5;229m[ADB]&amp#27;[0m Running 'C:\Users\sajus\AppData\Local\Android\Sdk\platform-tools\adb.exe -P 5037 -s CTLID18120801016 shell cmd package list packages'
&amp#27;[38;5;130m[66aa72cb]&amp#27;[0m&amp#27;[38;5;229m[ADB]&amp#27;[0m Running 'C:\Users\sajus\AppData\Local\Android\Sdk\platform-tools\adb.exe -P 5037 -s R3CRC00KHBT shell am force-stop io.appium.uiautomator2.server'
&amp#27;[38;5;130m[66aa72cb]&amp#27;[0m&amp#27;[38;5;229m[ADB]&amp#27;[0m Running 'C:\Users\sajus\AppData\Local\Android\Sdk\platform-tools\adb.exe -P 5037 -s R3CRC00KHBT shell am force-stop io.appium.uiautomator2.server.test'
&amp#27;[38;5;30m[0ae30348]&amp#27;[0m&amp#27;[38;5;229m[ADB]&amp#27;[0m 'com.androidsample.generalstore' is installed
&amp#27;[38;5;30m[0ae30348]&amp#27;[0m&amp#27;[38;5;-36m[AndroidUiautomator2Driver@9a54]&amp#27;[0m Responding to client with driver.execute() result: true
&amp#27;[38;5;30m[0ae30348]&amp#27;[0m&amp#27;[38;5;86m[HTTP]&amp#27;[0m &amp#27;[37m<-- POST /session/0ae30348-6627-4918-93fb-0510b1f40727/execute/sync &amp#27;[39m&amp#27;[32m200&amp#27;[39m &amp#27;[90m112 ms - 14&amp#27;[39m &amp#27;[90m&amp#27;[39m
&amp#27;[38;5;30m[0ae30348]&amp#27;[0m&amp#27;[38;5;86m[HTTP]&amp#27;[0m &amp#27;[37m-->&amp#27;[39m &amp#27;[37mPOST&amp#27;[39m &amp#27;[37m/session/0ae30348-6627-4918-93fb-0510b1f40727/execute/sync&amp#27;[39m &amp#27;[90m{"script":"mobile: terminateApp","args":[{"bundleId":"com.androidsample.generalstore","appId":"com.androidsample.generalstore"}]}&amp#27;[39m
&amp#27;[38;5;30m[0ae30348]&amp#27;[0m&amp#27;[38;5;-36m[AndroidUiautomator2Driver@9a54]&amp#27;[0m Calling AppiumDriver.execute() with args: ["mobile: terminateApp",[{"bundleId":"com.androidsample.generalstore","appId":"com.androidsample.generalstore"}],"0ae30348-6627-4918-93fb-0510b1f40727"]
&amp#27;[38;5;30m[0ae30348]&amp#27;[0m&amp#27;[38;5;123m[BaseDriver]&amp#27;[0m The following script arguments are not known and will be ignored: bundleId
&amp#27;[38;5;30m[0ae30348]&amp#27;[0m&amp#27;[38;5;-36m[AndroidUiautomator2Driver@9a54]&amp#27;[0m Terminating 'com.androidsample.generalstore'
&amp#27;[38;5;30m[0ae30348]&amp#27;[0m&amp#27;[38;5;229m[ADB]&amp#27;[0m Getting IDs of all 'com.androidsample.generalstore' processes
&amp#27;[38;5;30m[0ae30348]&amp#27;[0m&amp#27;[38;5;229m[ADB]&amp#27;[0m Running 'C:\Users\sajus\AppData\Local\Android\Sdk\platform-tools\adb.exe -P 5037 -s CTLID18120801016 shell pgrep -f \(\[\[:blank:\]\]\|\^\)com\.androidsample\.generalstore\(:\[a-zA-Z0-9_-\]\+\)\?\(\[\[:blank:\]\]\|\$\)'
&amp#27;[38;5;130m[66aa72cb]&amp#27;[0m&amp#27;[38;5;229m[ADB]&amp#27;[0m Running 'C:\Users\sajus\AppData\Local\Android\Sdk\platform-tools\adb.exe -P 5037 -s R3CRC00KHBT shell dumpsys activity services io.appium.settings/.recorder.RecorderService'
&amp#27;[38;5;130m[66aa72cb]&amp#27;[0m&amp#27;[38;5;229m[ADB]&amp#27;[0m Removing forwarded port socket connection: 8201 
&amp#27;[38;5;130m[66aa72cb]&amp#27;[0m&amp#27;[38;5;229m[ADB]&amp#27;[0m Running 'C:\Users\sajus\AppData\Local\Android\Sdk\platform-tools\adb.exe -P 5037 -s R3CRC00KHBT forward --remove tcp:8201'
&amp#27;[38;5;30m[0ae30348]&amp#27;[0m&amp#27;[38;5;229m[ADB]&amp#27;[0m Running 'C:\Users\sajus\AppData\Local\Android\Sdk\platform-tools\adb.exe -P 5037 -s CTLID18120801016 shell am force-stop com.androidsample.generalstore'
&amp#27;[38;5;130m[66aa72cb]&amp#27;[0m&amp#27;[38;5;-132m[AndroidUiautomator2Driver@79be]&amp#27;[0m Restoring hidden api policy to the device default configuration
&amp#27;[38;5;130m[66aa72cb]&amp#27;[0m&amp#27;[38;5;229m[ADB]&amp#27;[0m Running 'C:\Users\sajus\AppData\Local\Android\Sdk\platform-tools\adb.exe -P 5037 -s R3CRC00KHBT shell 'settings delete global hidden_api_policy_pre_p_apps;settings delete global hidden_api_policy_p_apps;settings delete global hidden_api_policy''
&amp#27;[38;5;30m[0ae30348]&amp#27;[0m&amp#27;[38;5;-36m[AndroidUiautomator2Driver@9a54]&amp#27;[0m Querying the state of 'com.androidsample.generalstore'
&amp#27;[38;5;30m[0ae30348]&amp#27;[0m&amp#27;[38;5;229m[ADB]&amp#27;[0m Getting install status for com.androidsample.generalstore
&amp#27;[38;5;30m[0ae30348]&amp#27;[0m&amp#27;[38;5;229m[ADB]&amp#27;[0m Running 'C:\Users\sajus\AppData\Local\Android\Sdk\platform-tools\adb.exe -P 5037 -s CTLID18120801016 shell cmd package list packages'
&amp#27;[38;5;30m[0ae30348]&amp#27;[0m&amp#27;[38;5;229m[ADB]&amp#27;[0m 'com.androidsample.generalstore' is installed
&amp#27;[38;5;30m[0ae30348]&amp#27;[0m&amp#27;[38;5;229m[ADB]&amp#27;[0m Getting IDs of all 'com.androidsample.generalstore' processes
&amp#27;[38;5;30m[0ae30348]&amp#27;[0m&amp#27;[38;5;229m[ADB]&amp#27;[0m Running 'C:\Users\sajus\AppData\Local\Android\Sdk\platform-tools\adb.exe -P 5037 -s CTLID18120801016 shell pgrep -f \(\[\[:blank:\]\]\|\^\)com\.androidsample\.generalstore\(:\[a-zA-Z0-9_-\]\+\)\?\(\[\[:blank:\]\]\|\$\)'
&amp#27;[38;5;130m[66aa72cb]&amp#27;[0m&amp#27;[38;5;160m[Logcat]&amp#27;[0m Stopping logcat capture
&amp#27;[38;5;130m[66aa72cb]&amp#27;[0m&amp#27;[38;5;89m[AppiumDriver@dbeb]&amp#27;[0m Event 'quitSessionFinished' logged at 1750218044501 (23:40:44 GMT-0400 (Eastern Daylight Saving Time))
&amp#27;[38;5;130m[66aa72cb]&amp#27;[0m&amp#27;[38;5;89m[AppiumDriver@dbeb]&amp#27;[0m Received response: null
&amp#27;[38;5;130m[66aa72cb]&amp#27;[0m&amp#27;[38;5;89m[AppiumDriver@dbeb]&amp#27;[0m But deleting session, so not returning
&amp#27;[38;5;130m[66aa72cb]&amp#27;[0m&amp#27;[38;5;89m[AppiumDriver@dbeb]&amp#27;[0m Responding to client with driver.deleteSession() result: null
&amp#27;[38;5;130m[66aa72cb]&amp#27;[0m&amp#27;[38;5;86m[HTTP]&amp#27;[0m &amp#27;[37m<-- DELETE /session/66aa72cb-758b-4c74-869e-6c628b2be051 &amp#27;[39m&amp#27;[32m200&amp#27;[39m &amp#27;[90m711 ms - 14&amp#27;[39m &amp#27;[90m&amp#27;[39m
&amp#27;[38;5;86m[HTTP]&amp#27;[0m &amp#27;[37m-->&amp#27;[39m &amp#27;[37mGET&amp#27;[39m &amp#27;[37m/status&amp#27;[39m &amp#27;[90m{}&amp#27;[39m
&amp#27;[38;5;89m[AppiumDriver@dbeb]&amp#27;[0m Calling AppiumDriver.getStatus() with args: []
&amp#27;[38;5;89m[AppiumDriver@dbeb]&amp#27;[0m Responding to client with driver.getStatus() result: {"ready":true,"message":"The server is ready to accept new connections","build":{"version":"2.18.0"}}
&amp#27;[38;5;86m[HTTP]&amp#27;[0m &amp#27;[37m<-- GET /status &amp#27;[39m&amp#27;[32m200&amp#27;[39m &amp#27;[90m1 ms - 111&amp#27;[39m &amp#27;[90m&amp#27;[39m
&amp#27;[38;5;30m[0ae30348]&amp#27;[0m&amp#27;[38;5;-36m[AndroidUiautomator2Driver@9a54]&amp#27;[0m 'com.androidsample.generalstore' has been successfully terminated
&amp#27;[38;5;30m[0ae30348]&amp#27;[0m&amp#27;[38;5;-36m[AndroidUiautomator2Driver@9a54]&amp#27;[0m Responding to client with driver.execute() result: true
&amp#27;[38;5;30m[0ae30348]&amp#27;[0m&amp#27;[38;5;86m[HTTP]&amp#27;[0m &amp#27;[37m<-- POST /session/0ae30348-6627-4918-93fb-0510b1f40727/execute/sync &amp#27;[39m&amp#27;[32m200&amp#27;[39m &amp#27;[90m488 ms - 14&amp#27;[39m &amp#27;[90m&amp#27;[39m
🛑 App terminated: com.androidsample.generalstore
&amp#27;[38;5;30m[0ae30348]&amp#27;[0m&amp#27;[38;5;86m[HTTP]&amp#27;[0m &amp#27;[37m-->&amp#27;[39m &amp#27;[37mDELETE&amp#27;[39m &amp#27;[37m/session/0ae30348-6627-4918-93fb-0510b1f40727&amp#27;[39m &amp#27;[90m{}&amp#27;[39m
&amp#27;[38;5;30m[0ae30348]&amp#27;[0m&amp#27;[38;5;-36m[AndroidUiautomator2Driver@9a54]&amp#27;[0m Calling AppiumDriver.deleteSession() with args: ["0ae30348-6627-4918-93fb-0510b1f40727"]
&amp#27;[38;5;30m[0ae30348]&amp#27;[0m&amp#27;[38;5;99m[AppiumDriver@34fb]&amp#27;[0m Event 'quitSessionRequested' logged at 1750218044556 (23:40:44 GMT-0400 (Eastern Daylight Saving Time))
&amp#27;[38;5;30m[0ae30348]&amp#27;[0m&amp#27;[38;5;99m[AppiumDriver@34fb]&amp#27;[0m Removing session 0ae30348-6627-4918-93fb-0510b1f40727 from our master session list
&amp#27;[38;5;30m[0ae30348]&amp#27;[0m&amp#27;[38;5;-36m[AndroidUiautomator2Driver@9a54]&amp#27;[0m Deleting UiAutomator2 session
&amp#27;[38;5;30m[0ae30348]&amp#27;[0m&amp#27;[38;5;-36m[AndroidUiautomator2Driver@9a54]&amp#27;[0m Deleting UiAutomator2 server session
&amp#27;[38;5;30m[0ae30348]&amp#27;[0m&amp#27;[38;5;-36m[AndroidUiautomator2Driver@9a54]&amp#27;[0m Proxying [DELETE /] to [DELETE http://127.0.0.1:8202/session/2c2b73c0-7861-4739-87d2-a4eff3627e5b] with no body
&amp#27;[38;5;30m[0ae30348]&amp#27;[0m&amp#27;[38;5;-36m[AndroidUiautomator2Driver@9a54]&amp#27;[0m Got response with status 200: {"sessionId":"2c2b73c0-7861-4739-87d2-a4eff3627e5b","value":null}
&amp#27;[38;5;30m[0ae30348]&amp#27;[0m&amp#27;[38;5;229m[ADB]&amp#27;[0m Getting IDs of all 'io.appium.uiautomator2.server' processes
&amp#27;[38;5;30m[0ae30348]&amp#27;[0m&amp#27;[38;5;229m[ADB]&amp#27;[0m Running 'C:\Users\sajus\AppData\Local\Android\Sdk\platform-tools\adb.exe -P 5037 -s CTLID18120801016 shell pgrep -f \(\[\[:blank:\]\]\|\^\)io\.appium\.uiautomator2\.server\(:\[a-zA-Z0-9_-\]\+\)\?\(\[\[:blank:\]\]\|\$\)'
Appium server stopped
✅ Test completed for device: Samsung_Galaxy_S21
&amp#27;[38;5;30m[0ae30348]&amp#27;[0m&amp#27;[38;5;-36m[AndroidUiautomator2Driver@9a54]&amp#27;[0m [Instrumentation] io.appium.uiautomator2.server.test.AppiumUiAutomator2Server:.
&amp#27;[38;5;30m[0ae30348]&amp#27;[0m&amp#27;[38;5;-36m[AndroidUiautomator2Driver@9a54]&amp#27;[0m [Instrumentation] 
&amp#27;[38;5;30m[0ae30348]&amp#27;[0m&amp#27;[38;5;-36m[AndroidUiautomator2Driver@9a54]&amp#27;[0m [Instrumentation] Time: 9.312
&amp#27;[38;5;30m[0ae30348]&amp#27;[0m&amp#27;[38;5;-36m[AndroidUiautomator2Driver@9a54]&amp#27;[0m [Instrumentation] 
&amp#27;[38;5;30m[0ae30348]&amp#27;[0m&amp#27;[38;5;-36m[AndroidUiautomator2Driver@9a54]&amp#27;[0m [Instrumentation] OK (1 test)
&amp#27;[38;5;30m[0ae30348]&amp#27;[0m&amp#27;[38;5;-36m[AndroidUiautomator2Driver@9a54]&amp#27;[0m [Instrumentation] 
&amp#27;[38;5;30m[0ae30348]&amp#27;[0m&amp#27;[38;5;-36m[AndroidUiautomator2Driver@9a54]&amp#27;[0m [Instrumentation] 
&amp#27;[38;5;30m[0ae30348]&amp#27;[0m&amp#27;[38;5;-36m[AndroidUiautomator2Driver@9a54]&amp#27;[0m [Instrumentation] The process has exited with code null, signal SIGTERM
&amp#27;[38;5;30m[0ae30348]&amp#27;[0m&amp#27;[38;5;229m[ADB]&amp#27;[0m Running 'C:\Users\sajus\AppData\Local\Android\Sdk\platform-tools\adb.exe -P 5037 -s CTLID18120801016 shell am force-stop io.appium.uiautomator2.server'
&amp#27;[38;5;30m[0ae30348]&amp#27;[0m&amp#27;[38;5;229m[ADB]&amp#27;[0m Running 'C:\Users\sajus\AppData\Local\Android\Sdk\platform-tools\adb.exe -P 5037 -s CTLID18120801016 shell am force-stop io.appium.uiautomator2.server.test'
&amp#27;[38;5;30m[0ae30348]&amp#27;[0m&amp#27;[38;5;229m[ADB]&amp#27;[0m Running 'C:\Users\sajus\AppData\Local\Android\Sdk\platform-tools\adb.exe -P 5037 -s CTLID18120801016 shell dumpsys activity services io.appium.settings/.recorder.RecorderService'
&amp#27;[38;5;30m[0ae30348]&amp#27;[0m&amp#27;[38;5;229m[ADB]&amp#27;[0m Removing forwarded port socket connection: 8202 
&amp#27;[38;5;30m[0ae30348]&amp#27;[0m&amp#27;[38;5;229m[ADB]&amp#27;[0m Running 'C:\Users\sajus\AppData\Local\Android\Sdk\platform-tools\adb.exe -P 5037 -s CTLID18120801016 forward --remove tcp:8202'
&amp#27;[38;5;30m[0ae30348]&amp#27;[0m&amp#27;[38;5;-36m[AndroidUiautomator2Driver@9a54]&amp#27;[0m Restoring hidden api policy to the device default configuration
&amp#27;[38;5;30m[0ae30348]&amp#27;[0m&amp#27;[38;5;229m[ADB]&amp#27;[0m Running 'C:\Users\sajus\AppData\Local\Android\Sdk\platform-tools\adb.exe -P 5037 -s CTLID18120801016 shell 'settings delete global hidden_api_policy_pre_p_apps;settings delete global hidden_api_policy_p_apps;settings delete global hidden_api_policy''
&amp#27;[38;5;30m[0ae30348]&amp#27;[0m&amp#27;[38;5;160m[Logcat]&amp#27;[0m Stopping logcat capture
&amp#27;[38;5;30m[0ae30348]&amp#27;[0m&amp#27;[38;5;99m[AppiumDriver@34fb]&amp#27;[0m Event 'quitSessionFinished' logged at 1750218045178 (23:40:45 GMT-0400 (Eastern Daylight Saving Time))
&amp#27;[38;5;30m[0ae30348]&amp#27;[0m&amp#27;[38;5;99m[AppiumDriver@34fb]&amp#27;[0m Received response: null
&amp#27;[38;5;30m[0ae30348]&amp#27;[0m&amp#27;[38;5;99m[AppiumDriver@34fb]&amp#27;[0m But deleting session, so not returning
&amp#27;[38;5;30m[0ae30348]&amp#27;[0m&amp#27;[38;5;99m[AppiumDriver@34fb]&amp#27;[0m Responding to client with driver.deleteSession() result: null
&amp#27;[38;5;30m[0ae30348]&amp#27;[0m&amp#27;[38;5;86m[HTTP]&amp#27;[0m &amp#27;[37m<-- DELETE /session/0ae30348-6627-4918-93fb-0510b1f40727 &amp#27;[39m&amp#27;[32m200&amp#27;[39m &amp#27;[90m623 ms - 14&amp#27;[39m &amp#27;[90m&amp#27;[39m
&amp#27;[38;5;86m[HTTP]&amp#27;[0m &amp#27;[37m-->&amp#27;[39m &amp#27;[37mGET&amp#27;[39m &amp#27;[37m/status&amp#27;[39m &amp#27;[90m{}&amp#27;[39m
&amp#27;[38;5;99m[AppiumDriver@34fb]&amp#27;[0m Calling AppiumDriver.getStatus() with args: []
&amp#27;[38;5;99m[AppiumDriver@34fb]&amp#27;[0m Responding to client with driver.getStatus() result: {"ready":true,"message":"The server is ready to accept new connections","build":{"version":"2.18.0"}}
&amp#27;[38;5;86m[HTTP]&amp#27;[0m &amp#27;[37m<-- GET /status &amp#27;[39m&amp#27;[32m200&amp#27;[39m &amp#27;[90m1 ms - 111&amp#27;[39m &amp#27;[90m&amp#27;[39m
Appium server stopped
✅ Test completed for device: Nokia
&amp#27;[38;5;112m[Appium]&amp#27;[0m Welcome to Appium v2.18.0
&amp#27;[38;5;112m[Appium]&amp#27;[0m Non-default server args:
&amp#27;[38;5;112m[Appium]&amp#27;[0m { port: &amp#27;[33m4724&amp#27;[39m }
&amp#27;[38;5;112m[Appium]&amp#27;[0m The autodetected Appium home path: C:\Users\sajus\.appium
&amp#27;[38;5;112m[Appium]&amp#27;[0m Attempting to load driver uiautomator2...
&amp#27;[38;5;112m[Appium]&amp#27;[0m Requiring driver at C:\Users\sajus\.appium\node_modules\appium-uiautomator2-driver\build\index.js
&amp#27;[38;5;112m[Appium]&amp#27;[0m Welcome to Appium v2.18.0
&amp#27;[38;5;112m[Appium]&amp#27;[0m The autodetected Appium home path: C:\Users\sajus\.appium
&amp#27;[38;5;112m[Appium]&amp#27;[0m Attempting to load driver uiautomator2...
&amp#27;[38;5;112m[Appium]&amp#27;[0m Requiring driver at C:\Users\sajus\.appium\node_modules\appium-uiautomator2-driver\build\index.js
&amp#27;[38;5;112m[Appium]&amp#27;[0m AndroidUiautomator2Driver has been successfully loaded in 0.932s
&amp#27;[38;5;112m[Appium]&amp#27;[0m Appium REST http interface listener started on http://0.0.0.0:4724
&amp#27;[38;5;112m[Appium]&amp#27;[0m You can provide the following URLs in your client code to connect to this server:
	http://192.168.2.20:4724/
	http://127.0.0.1:4724/ (only accessible from the same host)
&amp#27;[38;5;112m[Appium]&amp#27;[0m Available drivers:
&amp#27;[38;5;112m[Appium]&amp#27;[0m   - uiautomator2@4.2.3 (automationName 'UiAutomator2')
&amp#27;[38;5;112m[Appium]&amp#27;[0m No plugins have been installed. Use the "appium plugin" command to install the one(s) you want to use.
&amp#27;[38;5;86m[HTTP]&amp#27;[0m &amp#27;[37m-->&amp#27;[39m &amp#27;[37mGET&amp#27;[39m &amp#27;[37m/status&amp#27;[39m &amp#27;[90m{}&amp#27;[39m
&amp#27;[38;5;64m[AppiumDriver@04b4]&amp#27;[0m Calling AppiumDriver.getStatus() with args: []
&amp#27;[38;5;64m[AppiumDriver@04b4]&amp#27;[0m Responding to client with driver.getStatus() result: {"ready":true,"message":"The server is ready to accept new connections","build":{"version":"2.18.0"}}
Appium server started on port: 4724
&amp#27;[38;5;86m[HTTP]&amp#27;[0m &amp#27;[37m<-- GET /status &amp#27;[39m&amp#27;[32m200&amp#27;[39m &amp#27;[90m7 ms - 111&amp#27;[39m &amp#27;[90m&amp#27;[39m
&amp#27;[38;5;86m[HTTP]&amp#27;[0m Request idempotency key: 2695f25b-40f0-471c-938e-9d0144948f9f
&amp#27;[38;5;86m[HTTP]&amp#27;[0m &amp#27;[37m-->&amp#27;[39m &amp#27;[37mPOST&amp#27;[39m &amp#27;[37m/session&amp#27;[39m &amp#27;[90m{"capabilities":{"firstMatch":[{}],"alwaysMatch":{"appium:appActivity":"com.androidsample.generalstore.SplashActivity","appium:appPackage":"com.androidsample.generalstore","appium:automationName":"UiAutomator2","appium:deviceName":"Samsung_Galaxy_S21","appium:noReset":true,"appium:platformVersion":"10.0","appium:systemPort":8201,"appium:udid":"R3CRC00KHBT","platformName":"ANDROID"}}}&amp#27;[39m
&amp#27;[38;5;64m[AppiumDriver@04b4]&amp#27;[0m Calling AppiumDriver.createSession() with args: [null,null,{"firstMatch":[{}],"alwaysMatch":{"appium:appActivity":"com.androidsample.generalstore.SplashActivity","appium:appPackage":"com.androidsample.generalstore","appium:automationName":"UiAutomator2","appium:deviceName":"Samsung_Galaxy_S21","appium:noReset":true,"appium:platformVersion":"10.0","appium:systemPort":8201,"appium:udid":"R3CRC00KHBT","platformName":"ANDROID"}}]
&amp#27;[38;5;64m[AppiumDriver@04b4]&amp#27;[0m Event 'newSessionRequested' logged at 1750218047700 (23:40:47 GMT-0400 (Eastern Daylight Saving Time))
&amp#27;[38;5;112m[Appium]&amp#27;[0m Attempting to find matching driver for automationName 'UiAutomator2' and platformName 'ANDROID'
&amp#27;[38;5;112m[Appium]&amp#27;[0m The 'uiautomator2' driver was installed and matched caps.
&amp#27;[38;5;112m[Appium]&amp#27;[0m Will require it at C:\Users\sajus\.appium\node_modules\appium-uiautomator2-driver
&amp#27;[38;5;112m[Appium]&amp#27;[0m Requiring driver at C:\Users\sajus\.appium\node_modules\appium-uiautomator2-driver\build\index.js
&amp#27;[38;5;64m[AppiumDriver@04b4]&amp#27;[0m Appium v2.18.0 creating new AndroidUiautomator2Driver (v4.2.3) session
&amp#27;[38;5;64m[AppiumDriver@04b4]&amp#27;[0m Checking BaseDriver versions for Appium and AndroidUiautomator2Driver
&amp#27;[38;5;64m[AppiumDriver@04b4]&amp#27;[0m Appium's BaseDriver version is 9.17.0
&amp#27;[38;5;64m[AppiumDriver@04b4]&amp#27;[0m AndroidUiautomator2Driver's BaseDriver version is 9.17.0
&amp#27;[38;5;-172m[AndroidUiautomator2Driver@b423]&amp#27;[0m 
&amp#27;[38;5;-172m[AndroidUiautomator2Driver@b423]&amp#27;[0m Creating session with W3C capabilities: {
  "alwaysMatch": {
    "platformName": "ANDROID",
    "appium:appActivity": "com.androidsample.generalstore.SplashActivity",
    "appium:appPackage": "com.androidsample.generalstore",
    "appium:automationName": "UiAutomator2",
    "appium:deviceName": "Samsung_Galaxy_S21",
    "appium:noReset": true,
    "appium:platformVersion": "10.0",
    "appium:systemPort": 8201,
    "appium:udid": "R3CRC00KHBT"
  },
  "firstMatch": [
    {}
  ]
}
&amp#27;[38;5;227m[7a4d3510]&amp#27;[0m&amp#27;[38;5;-172m[AndroidUiautomator2Driver@b423]&amp#27;[0m Session created with session id: 7a4d3510-27eb-4adc-bf6d-9ce3c2de6d76
&amp#27;[38;5;227m[7a4d3510]&amp#27;[0m&amp#27;[38;5;229m[ADB]&amp#27;[0m Found 3 'build-tools' folders under 'C:\Users\sajus\AppData\Local\Android\Sdk' (newest first):
&amp#27;[38;5;227m[7a4d3510]&amp#27;[0m&amp#27;[38;5;229m[ADB]&amp#27;[0m     C:\Users\sajus\AppData\Local\Android\Sdk\build-tools\36.0.0
&amp#27;[38;5;227m[7a4d3510]&amp#27;[0m&amp#27;[38;5;229m[ADB]&amp#27;[0m     C:\Users\sajus\AppData\Local\Android\Sdk\build-tools\35.0.1
&amp#27;[38;5;227m[7a4d3510]&amp#27;[0m&amp#27;[38;5;229m[ADB]&amp#27;[0m     C:\Users\sajus\AppData\Local\Android\Sdk\build-tools\35.0.0
&amp#27;[38;5;227m[7a4d3510]&amp#27;[0m&amp#27;[38;5;229m[ADB]&amp#27;[0m Using 'adb.exe' from 'C:\Users\sajus\AppData\Local\Android\Sdk\platform-tools\adb.exe'
&amp#27;[38;5;227m[7a4d3510]&amp#27;[0m&amp#27;[38;5;229m[ADB]&amp#27;[0m Running 'C:\Users\sajus\AppData\Local\Android\Sdk\platform-tools\adb.exe -P 5037 start-server'
&amp#27;[38;5;227m[7a4d3510]&amp#27;[0m&amp#27;[38;5;-172m[AndroidUiautomator2Driver@b423]&amp#27;[0m Retrieving device list
&amp#27;[38;5;227m[7a4d3510]&amp#27;[0m&amp#27;[38;5;229m[ADB]&amp#27;[0m Trying to find connected Android devices
&amp#27;[38;5;227m[7a4d3510]&amp#27;[0m&amp#27;[38;5;229m[ADB]&amp#27;[0m Getting connected devices
&amp#27;[38;5;227m[7a4d3510]&amp#27;[0m&amp#27;[38;5;229m[ADB]&amp#27;[0m Connected devices: [{"udid":"CTLID18120801016","state":"device"},{"udid":"R3CRC00KHBT","state":"device"}]
&amp#27;[38;5;227m[7a4d3510]&amp#27;[0m&amp#27;[38;5;-172m[AndroidUiautomator2Driver@b423]&amp#27;[0m Using device: R3CRC00KHBT
&amp#27;[38;5;227m[7a4d3510]&amp#27;[0m&amp#27;[38;5;229m[ADB]&amp#27;[0m Using 'adb.exe' from 'C:\Users\sajus\AppData\Local\Android\Sdk\platform-tools\adb.exe'
&amp#27;[38;5;227m[7a4d3510]&amp#27;[0m&amp#27;[38;5;229m[ADB]&amp#27;[0m Running 'C:\Users\sajus\AppData\Local\Android\Sdk\platform-tools\adb.exe -P 5037 start-server'
&amp#27;[38;5;112m[Appium]&amp#27;[0m AndroidUiautomator2Driver has been successfully loaded in 0.859s
&amp#27;[38;5;112m[Appium]&amp#27;[0m Appium REST http interface listener started on http://0.0.0.0:4723
&amp#27;[38;5;112m[Appium]&amp#27;[0m You can provide the following URLs in your client code to connect to this server:
	http://192.168.2.20:4723/
	http://127.0.0.1:4723/ (only accessible from the same host)
&amp#27;[38;5;112m[Appium]&amp#27;[0m Available drivers:
&amp#27;[38;5;112m[Appium]&amp#27;[0m   - uiautomator2@4.2.3 (automationName 'UiAutomator2')
&amp#27;[38;5;112m[Appium]&amp#27;[0m No plugins have been installed. Use the "appium plugin" command to install the one(s) you want to use.
&amp#27;[38;5;227m[7a4d3510]&amp#27;[0m&amp#27;[38;5;229m[ADB]&amp#27;[0m Setting device id to R3CRC00KHBT
&amp#27;[38;5;227m[7a4d3510]&amp#27;[0m&amp#27;[38;5;-172m[AndroidUiautomator2Driver@b423]&amp#27;[0m Starting 'com.androidsample.generalstore' directly on the device
&amp#27;[38;5;227m[7a4d3510]&amp#27;[0m&amp#27;[38;5;229m[ADB]&amp#27;[0m Running 'C:\Users\sajus\AppData\Local\Android\Sdk\platform-tools\adb.exe -P 5037 -s R3CRC00KHBT shell getprop ro.build.version.sdk'
&amp#27;[38;5;86m[HTTP]&amp#27;[0m &amp#27;[37m-->&amp#27;[39m &amp#27;[37mGET&amp#27;[39m &amp#27;[37m/status&amp#27;[39m &amp#27;[90m{}&amp#27;[39m
&amp#27;[38;5;85m[AppiumDriver@0de2]&amp#27;[0m Calling AppiumDriver.getStatus() with args: []
&amp#27;[38;5;85m[AppiumDriver@0de2]&amp#27;[0m Responding to client with driver.getStatus() result: {"ready":true,"message":"The server is ready to accept new connections","build":{"version":"2.18.0"}}
Appium server started on port: 4723
&amp#27;[38;5;86m[HTTP]&amp#27;[0m &amp#27;[37m<-- GET /status &amp#27;[39m&amp#27;[32m200&amp#27;[39m &amp#27;[90m5 ms - 111&amp#27;[39m &amp#27;[90m&amp#27;[39m
&amp#27;[38;5;227m[7a4d3510]&amp#27;[0m&amp#27;[38;5;229m[ADB]&amp#27;[0m Current device property 'ro.build.version.sdk': 35
&amp#27;[38;5;227m[7a4d3510]&amp#27;[0m&amp#27;[38;5;229m[ADB]&amp#27;[0m Getting device platform version
&amp#27;[38;5;227m[7a4d3510]&amp#27;[0m&amp#27;[38;5;229m[ADB]&amp#27;[0m Running 'C:\Users\sajus\AppData\Local\Android\Sdk\platform-tools\adb.exe -P 5037 -s R3CRC00KHBT shell getprop ro.build.version.release'
&amp#27;[38;5;86m[HTTP]&amp#27;[0m Request idempotency key: 9adbc426-1b6f-469a-8539-13bb36167e6e
&amp#27;[38;5;86m[HTTP]&amp#27;[0m &amp#27;[37m-->&amp#27;[39m &amp#27;[37mPOST&amp#27;[39m &amp#27;[37m/session&amp#27;[39m &amp#27;[90m{"capabilities":{"firstMatch":[{}],"alwaysMatch":{"appium:appActivity":"com.androidsample.generalstore.SplashActivity","appium:appPackage":"com.androidsample.generalstore","appium:automationName":"UiAutomator2","appium:deviceName":"Nokia","appium:noReset":true,"appium:platformVersion":"11.0","appium:systemPort":8202,"appium:udid":"CTLID18120801016","platformName":"ANDROID"}}}&amp#27;[39m
&amp#27;[38;5;85m[AppiumDriver@0de2]&amp#27;[0m Calling AppiumDriver.createSession() with args: [null,null,{"firstMatch":[{}],"alwaysMatch":{"appium:appActivity":"com.androidsample.generalstore.SplashActivity","appium:appPackage":"com.androidsample.generalstore","appium:automationName":"UiAutomator2","appium:deviceName":"Nokia","appium:noReset":true,"appium:platformVersion":"11.0","appium:systemPort":8202,"appium:udid":"CTLID18120801016","platformName":"ANDROID"}}]
&amp#27;[38;5;85m[AppiumDriver@0de2]&amp#27;[0m Event 'newSessionRequested' logged at 1750218048053 (23:40:48 GMT-0400 (Eastern Daylight Saving Time))
&amp#27;[38;5;112m[Appium]&amp#27;[0m Attempting to find matching driver for automationName 'UiAutomator2' and platformName 'ANDROID'
&amp#27;[38;5;112m[Appium]&amp#27;[0m The 'uiautomator2' driver was installed and matched caps.
&amp#27;[38;5;112m[Appium]&amp#27;[0m Will require it at C:\Users\sajus\.appium\node_modules\appium-uiautomator2-driver
&amp#27;[38;5;112m[Appium]&amp#27;[0m Requiring driver at C:\Users\sajus\.appium\node_modules\appium-uiautomator2-driver\build\index.js
&amp#27;[38;5;85m[AppiumDriver@0de2]&amp#27;[0m Appium v2.18.0 creating new AndroidUiautomator2Driver (v4.2.3) session
&amp#27;[38;5;85m[AppiumDriver@0de2]&amp#27;[0m Checking BaseDriver versions for Appium and AndroidUiautomator2Driver
&amp#27;[38;5;85m[AppiumDriver@0de2]&amp#27;[0m Appium's BaseDriver version is 9.17.0
&amp#27;[38;5;85m[AppiumDriver@0de2]&amp#27;[0m AndroidUiautomator2Driver's BaseDriver version is 9.17.0
&amp#27;[38;5;-20m[AndroidUiautomator2Driver@c2a7]&amp#27;[0m 
&amp#27;[38;5;-20m[AndroidUiautomator2Driver@c2a7]&amp#27;[0m Creating session with W3C capabilities: {
  "alwaysMatch": {
    "platformName": "ANDROID",
    "appium:appActivity": "com.androidsample.generalstore.SplashActivity",
    "appium:appPackage": "com.androidsample.generalstore",
    "appium:automationName": "UiAutomator2",
    "appium:deviceName": "Nokia",
    "appium:noReset": true,
    "appium:platformVersion": "11.0",
    "appium:systemPort": 8202,
    "appium:udid": "CTLID18120801016"
  },
  "firstMatch": [
    {}
  ]
}
&amp#27;[38;5;147m[90a0d0e0]&amp#27;[0m&amp#27;[38;5;-20m[AndroidUiautomator2Driver@c2a7]&amp#27;[0m Session created with session id: 90a0d0e0-e7aa-4773-9db8-bd637a03077b
&amp#27;[38;5;147m[90a0d0e0]&amp#27;[0m&amp#27;[38;5;229m[ADB]&amp#27;[0m Found 3 'build-tools' folders under 'C:\Users\sajus\AppData\Local\Android\Sdk' (newest first):
&amp#27;[38;5;147m[90a0d0e0]&amp#27;[0m&amp#27;[38;5;229m[ADB]&amp#27;[0m     C:\Users\sajus\AppData\Local\Android\Sdk\build-tools\36.0.0
&amp#27;[38;5;147m[90a0d0e0]&amp#27;[0m&amp#27;[38;5;229m[ADB]&amp#27;[0m     C:\Users\sajus\AppData\Local\Android\Sdk\build-tools\35.0.1
&amp#27;[38;5;147m[90a0d0e0]&amp#27;[0m&amp#27;[38;5;229m[ADB]&amp#27;[0m     C:\Users\sajus\AppData\Local\Android\Sdk\build-tools\35.0.0
&amp#27;[38;5;147m[90a0d0e0]&amp#27;[0m&amp#27;[38;5;229m[ADB]&amp#27;[0m Using 'adb.exe' from 'C:\Users\sajus\AppData\Local\Android\Sdk\platform-tools\adb.exe'
&amp#27;[38;5;147m[90a0d0e0]&amp#27;[0m&amp#27;[38;5;229m[ADB]&amp#27;[0m Running 'C:\Users\sajus\AppData\Local\Android\Sdk\platform-tools\adb.exe -P 5037 start-server'
&amp#27;[38;5;227m[7a4d3510]&amp#27;[0m&amp#27;[38;5;229m[ADB]&amp#27;[0m Current device property 'ro.build.version.release': 15
&amp#27;[38;5;227m[7a4d3510]&amp#27;[0m&amp#27;[38;5;229m[ADB]&amp#27;[0m Device API level: 35
&amp#27;[38;5;227m[7a4d3510]&amp#27;[0m&amp#27;[38;5;-172m[AndroidUiautomator2Driver@b423]&amp#27;[0m Relaxing hidden api policy
&amp#27;[38;5;227m[7a4d3510]&amp#27;[0m&amp#27;[38;5;229m[ADB]&amp#27;[0m Running 'C:\Users\sajus\AppData\Local\Android\Sdk\platform-tools\adb.exe -P 5037 -s R3CRC00KHBT shell 'settings put global hidden_api_policy_pre_p_apps 1;settings put global hidden_api_policy_p_apps 1;settings put global hidden_api_policy 1''
&amp#27;[38;5;147m[90a0d0e0]&amp#27;[0m&amp#27;[38;5;-20m[AndroidUiautomator2Driver@c2a7]&amp#27;[0m Retrieving device list
&amp#27;[38;5;147m[90a0d0e0]&amp#27;[0m&amp#27;[38;5;229m[ADB]&amp#27;[0m Trying to find connected Android devices
&amp#27;[38;5;147m[90a0d0e0]&amp#27;[0m&amp#27;[38;5;229m[ADB]&amp#27;[0m Getting connected devices
&amp#27;[38;5;227m[7a4d3510]&amp#27;[0m&amp#27;[38;5;-172m[AndroidUiautomator2Driver@b423]&amp#27;[0m Pushing settings apk to the device...
&amp#27;[38;5;227m[7a4d3510]&amp#27;[0m&amp#27;[38;5;229m[ADB]&amp#27;[0m Getting package info for 'io.appium.settings'
&amp#27;[38;5;227m[7a4d3510]&amp#27;[0m&amp#27;[38;5;229m[ADB]&amp#27;[0m Running 'C:\Users\sajus\AppData\Local\Android\Sdk\platform-tools\adb.exe -P 5037 -s R3CRC00KHBT shell dumpsys package io.appium.settings'
&amp#27;[38;5;147m[90a0d0e0]&amp#27;[0m&amp#27;[38;5;229m[ADB]&amp#27;[0m Connected devices: [{"udid":"CTLID18120801016","state":"device"},{"udid":"R3CRC00KHBT","state":"device"}]
&amp#27;[38;5;147m[90a0d0e0]&amp#27;[0m&amp#27;[38;5;-20m[AndroidUiautomator2Driver@c2a7]&amp#27;[0m Using device: CTLID18120801016
&amp#27;[38;5;147m[90a0d0e0]&amp#27;[0m&amp#27;[38;5;229m[ADB]&amp#27;[0m Using 'adb.exe' from 'C:\Users\sajus\AppData\Local\Android\Sdk\platform-tools\adb.exe'
&amp#27;[38;5;147m[90a0d0e0]&amp#27;[0m&amp#27;[38;5;229m[ADB]&amp#27;[0m Running 'C:\Users\sajus\AppData\Local\Android\Sdk\platform-tools\adb.exe -P 5037 start-server'
&amp#27;[38;5;147m[90a0d0e0]&amp#27;[0m&amp#27;[38;5;229m[ADB]&amp#27;[0m Setting device id to CTLID18120801016
&amp#27;[38;5;147m[90a0d0e0]&amp#27;[0m&amp#27;[38;5;-20m[AndroidUiautomator2Driver@c2a7]&amp#27;[0m Starting 'com.androidsample.generalstore' directly on the device
&amp#27;[38;5;147m[90a0d0e0]&amp#27;[0m&amp#27;[38;5;229m[ADB]&amp#27;[0m Running 'C:\Users\sajus\AppData\Local\Android\Sdk\platform-tools\adb.exe -P 5037 -s CTLID18120801016 shell getprop ro.build.version.sdk'
&amp#27;[38;5;227m[7a4d3510]&amp#27;[0m&amp#27;[38;5;229m[ADB]&amp#27;[0m Using 'aapt2.exe' from 'C:\Users\sajus\AppData\Local\Android\Sdk\build-tools\36.0.0\aapt2.exe'
&amp#27;[38;5;227m[7a4d3510]&amp#27;[0m&amp#27;[38;5;229m[ADB]&amp#27;[0m Reading package manifest: 'C:\\Users\\sajus\\AppData\\Local\\Android\\Sdk\\build-tools\\36.0.0\\aapt2.exe dump badging C:\\Users\\sajus\\.appium\\node_modules\\appium-uiautomator2-driver\\node_modules\\io.appium.settings\\apks\\settings_apk-debug.apk'
&amp#27;[38;5;227m[7a4d3510]&amp#27;[0m&amp#27;[38;5;229m[ADB]&amp#27;[0m The version name of the installed 'io.appium.settings' is greater or equal to the application version name ('5.14.8' >= '5.14.8')
&amp#27;[38;5;227m[7a4d3510]&amp#27;[0m&amp#27;[38;5;229m[ADB]&amp#27;[0m There is no need to install/upgrade 'C:\Users\sajus\.appium\node_modules\appium-uiautomator2-driver\node_modules\io.appium.settings\apks\settings_apk-debug.apk'
&amp#27;[38;5;227m[7a4d3510]&amp#27;[0m&amp#27;[38;5;229m[ADB]&amp#27;[0m Running 'C:\Users\sajus\AppData\Local\Android\Sdk\platform-tools\adb.exe -P 5037 -s R3CRC00KHBT shell dumpsys activity services io.appium.settings'
&amp#27;[38;5;147m[90a0d0e0]&amp#27;[0m&amp#27;[38;5;229m[ADB]&amp#27;[0m Current device property 'ro.build.version.sdk': 29
&amp#27;[38;5;147m[90a0d0e0]&amp#27;[0m&amp#27;[38;5;229m[ADB]&amp#27;[0m Getting device platform version
&amp#27;[38;5;147m[90a0d0e0]&amp#27;[0m&amp#27;[38;5;229m[ADB]&amp#27;[0m Running 'C:\Users\sajus\AppData\Local\Android\Sdk\platform-tools\adb.exe -P 5037 -s CTLID18120801016 shell getprop ro.build.version.release'
&amp#27;[38;5;147m[90a0d0e0]&amp#27;[0m&amp#27;[38;5;229m[ADB]&amp#27;[0m Current device property 'ro.build.version.release': 10
&amp#27;[38;5;147m[90a0d0e0]&amp#27;[0m&amp#27;[38;5;229m[ADB]&amp#27;[0m Device API level: 29
&amp#27;[38;5;147m[90a0d0e0]&amp#27;[0m&amp#27;[38;5;-20m[AndroidUiautomator2Driver@c2a7]&amp#27;[0m Relaxing hidden api policy
&amp#27;[38;5;147m[90a0d0e0]&amp#27;[0m&amp#27;[38;5;229m[ADB]&amp#27;[0m Running 'C:\Users\sajus\AppData\Local\Android\Sdk\platform-tools\adb.exe -P 5037 -s CTLID18120801016 shell 'settings put global hidden_api_policy_pre_p_apps 1;settings put global hidden_api_policy_p_apps 1;settings put global hidden_api_policy 1''
&amp#27;[38;5;227m[7a4d3510]&amp#27;[0m&amp#27;[38;5;-172m[AndroidUiautomator2Driver@b423]&amp#27;[0m io.appium.settings is already running. There is no need to reset its permissions.
&amp#27;[38;5;227m[7a4d3510]&amp#27;[0m&amp#27;[38;5;160m[Logcat]&amp#27;[0m Starting logs capture with command: C:\\Users\\sajus\\AppData\\Local\\Android\\Sdk\\platform-tools\\adb.exe -P 5037 -s R3CRC00KHBT logcat -v threadtime
&amp#27;[38;5;147m[90a0d0e0]&amp#27;[0m&amp#27;[38;5;-20m[AndroidUiautomator2Driver@c2a7]&amp#27;[0m Pushing settings apk to the device...
&amp#27;[38;5;147m[90a0d0e0]&amp#27;[0m&amp#27;[38;5;229m[ADB]&amp#27;[0m Getting package info for 'io.appium.settings'
&amp#27;[38;5;147m[90a0d0e0]&amp#27;[0m&amp#27;[38;5;229m[ADB]&amp#27;[0m Running 'C:\Users\sajus\AppData\Local\Android\Sdk\platform-tools\adb.exe -P 5037 -s CTLID18120801016 shell dumpsys package io.appium.settings'
&amp#27;[38;5;227m[7a4d3510]&amp#27;[0m&amp#27;[38;5;229m[ADB]&amp#27;[0m Running 'C:\Users\sajus\AppData\Local\Android\Sdk\platform-tools\adb.exe -P 5037 -s R3CRC00KHBT shell appops set io.appium.settings android:mock_location allow'
&amp#27;[38;5;147m[90a0d0e0]&amp#27;[0m&amp#27;[38;5;229m[ADB]&amp#27;[0m Using 'aapt2.exe' from 'C:\Users\sajus\AppData\Local\Android\Sdk\build-tools\36.0.0\aapt2.exe'
&amp#27;[38;5;147m[90a0d0e0]&amp#27;[0m&amp#27;[38;5;229m[ADB]&amp#27;[0m Reading package manifest: 'C:\\Users\\sajus\\AppData\\Local\\Android\\Sdk\\build-tools\\36.0.0\\aapt2.exe dump badging C:\\Users\\sajus\\.appium\\node_modules\\appium-uiautomator2-driver\\node_modules\\io.appium.settings\\apks\\settings_apk-debug.apk'
&amp#27;[38;5;227m[7a4d3510]&amp#27;[0m&amp#27;[38;5;229m[ADB]&amp#27;[0m Running 'C:\Users\sajus\AppData\Local\Android\Sdk\platform-tools\adb.exe -P 5037 -s R3CRC00KHBT shell "[ -e '/data/local/tmp/mock_apps.json' ] && echo __PASS__"'
&amp#27;[38;5;147m[90a0d0e0]&amp#27;[0m&amp#27;[38;5;229m[ADB]&amp#27;[0m The version name of the installed 'io.appium.settings' is greater or equal to the application version name ('5.14.8' >= '5.14.8')
&amp#27;[38;5;147m[90a0d0e0]&amp#27;[0m&amp#27;[38;5;229m[ADB]&amp#27;[0m There is no need to install/upgrade 'C:\Users\sajus\.appium\node_modules\appium-uiautomator2-driver\node_modules\io.appium.settings\apks\settings_apk-debug.apk'
&amp#27;[38;5;147m[90a0d0e0]&amp#27;[0m&amp#27;[38;5;229m[ADB]&amp#27;[0m Running 'C:\Users\sajus\AppData\Local\Android\Sdk\platform-tools\adb.exe -P 5037 -s CTLID18120801016 shell dumpsys activity services io.appium.settings'
&amp#27;[38;5;227m[7a4d3510]&amp#27;[0m&amp#27;[38;5;229m[ADB]&amp#27;[0m Running 'C:\Users\sajus\AppData\Local\Android\Sdk\platform-tools\adb.exe -P 5037 -s R3CRC00KHBT shell cat /data/local/tmp/mock_apps.json'
&amp#27;[38;5;147m[90a0d0e0]&amp#27;[0m&amp#27;[38;5;-20m[AndroidUiautomator2Driver@c2a7]&amp#27;[0m io.appium.settings is already running. There is no need to reset its permissions.
&amp#27;[38;5;147m[90a0d0e0]&amp#27;[0m&amp#27;[38;5;160m[Logcat]&amp#27;[0m Starting logs capture with command: C:\\Users\\sajus\\AppData\\Local\\Android\\Sdk\\platform-tools\\adb.exe -P 5037 -s CTLID18120801016 logcat -v threadtime
&amp#27;[38;5;147m[90a0d0e0]&amp#27;[0m&amp#27;[38;5;229m[ADB]&amp#27;[0m Running 'C:\Users\sajus\AppData\Local\Android\Sdk\platform-tools\adb.exe -P 5037 -s CTLID18120801016 shell appops set io.appium.settings android:mock_location allow'
&amp#27;[38;5;227m[7a4d3510]&amp#27;[0m&amp#27;[38;5;-172m[AndroidUiautomator2Driver@b423]&amp#27;[0m Forwarding UiAutomator2 Server port 6790 to local port 8201
&amp#27;[38;5;227m[7a4d3510]&amp#27;[0m&amp#27;[38;5;229m[ADB]&amp#27;[0m Forwarding system: 8201 to device: 6790
&amp#27;[38;5;227m[7a4d3510]&amp#27;[0m&amp#27;[38;5;229m[ADB]&amp#27;[0m Running 'C:\Users\sajus\AppData\Local\Android\Sdk\platform-tools\adb.exe -P 5037 -s R3CRC00KHBT forward tcp:8201 tcp:6790'
&amp#27;[38;5;147m[90a0d0e0]&amp#27;[0m&amp#27;[38;5;229m[ADB]&amp#27;[0m Running 'C:\Users\sajus\AppData\Local\Android\Sdk\platform-tools\adb.exe -P 5037 -s CTLID18120801016 shell "[ -e '/data/local/tmp/mock_apps.json' ] && echo __PASS__"'
&amp#27;[38;5;227m[7a4d3510]&amp#27;[0m&amp#27;[38;5;-172m[AndroidUiautomator2Driver@b423]&amp#27;[0m UIA2Proxy options: {"server":"127.0.0.1","port":8201,"keepAlive":true,"scheme":"http","base":"","reqBasePath":"","sessionId":null,"timeout":240000}
&amp#27;[38;5;227m[7a4d3510]&amp#27;[0m&amp#27;[38;5;229m[ADB]&amp#27;[0m Getting package info for 'io.appium.uiautomator2.server'
&amp#27;[38;5;227m[7a4d3510]&amp#27;[0m&amp#27;[38;5;229m[ADB]&amp#27;[0m Running 'C:\Users\sajus\AppData\Local\Android\Sdk\platform-tools\adb.exe -P 5037 -s R3CRC00KHBT shell dumpsys package io.appium.uiautomator2.server'
&amp#27;[38;5;227m[7a4d3510]&amp#27;[0m&amp#27;[38;5;229m[ADB]&amp#27;[0m Getting install status for io.appium.uiautomator2.server.test
&amp#27;[38;5;227m[7a4d3510]&amp#27;[0m&amp#27;[38;5;-172m[AndroidUiautomator2Driver@b423]&amp#27;[0m No app capability. Assuming it is already on the device
&amp#27;[38;5;227m[7a4d3510]&amp#27;[0m&amp#27;[38;5;229m[ADB]&amp#27;[0m Running 'C:\Users\sajus\AppData\Local\Android\Sdk\platform-tools\adb.exe -P 5037 -s R3CRC00KHBT shell cmd package list packages'
&amp#27;[38;5;147m[90a0d0e0]&amp#27;[0m&amp#27;[38;5;229m[ADB]&amp#27;[0m Running 'C:\Users\sajus\AppData\Local\Android\Sdk\platform-tools\adb.exe -P 5037 -s CTLID18120801016 shell cat /data/local/tmp/mock_apps.json'
&amp#27;[38;5;227m[7a4d3510]&amp#27;[0m&amp#27;[38;5;229m[ADB]&amp#27;[0m Reading package manifest: 'C:\\Users\\sajus\\AppData\\Local\\Android\\Sdk\\build-tools\\36.0.0\\aapt2.exe dump badging C:\\Users\\sajus\\.appium\\node_modules\\appium-uiautomator2-driver\\node_modules\\appium-uiautomator2-server\\apks\\appium-uiautomator2-server-v7.5.2.apk'
&amp#27;[38;5;147m[90a0d0e0]&amp#27;[0m&amp#27;[38;5;-20m[AndroidUiautomator2Driver@c2a7]&amp#27;[0m Forwarding UiAutomator2 Server port 6790 to local port 8202
&amp#27;[38;5;147m[90a0d0e0]&amp#27;[0m&amp#27;[38;5;229m[ADB]&amp#27;[0m Forwarding system: 8202 to device: 6790
&amp#27;[38;5;147m[90a0d0e0]&amp#27;[0m&amp#27;[38;5;229m[ADB]&amp#27;[0m Running 'C:\Users\sajus\AppData\Local\Android\Sdk\platform-tools\adb.exe -P 5037 -s CTLID18120801016 forward tcp:8202 tcp:6790'
&amp#27;[38;5;227m[7a4d3510]&amp#27;[0m&amp#27;[38;5;229m[ADB]&amp#27;[0m 'io.appium.uiautomator2.server.test' is installed
&amp#27;[38;5;227m[7a4d3510]&amp#27;[0m&amp#27;[38;5;229m[ADB]&amp#27;[0m The version name of the installed 'io.appium.uiautomator2.server' is greater or equal to the application version name ('7.5.2' >= '7.5.2')
&amp#27;[38;5;227m[7a4d3510]&amp#27;[0m&amp#27;[38;5;-172m[AndroidUiautomator2Driver@b423]&amp#27;[0m Server packages status: [{"installState":"sameVersionInstalled","appPath":"C:\\Users\\sajus\\.appium\\node_modules\\appium-uiautomator2-driver\\node_modules\\appium-uiautomator2-server\\apks\\appium-uiautomator2-server-v7.5.2.apk","appId":"io.appium.uiautomator2.server"},{"installState":"sameVersionInstalled","appPath":"C:\\Users\\sajus\\.appium\\node_modules\\appium-uiautomator2-driver\\node_modules\\appium-uiautomator2-server\\apks\\appium-uiautomator2-server-debug-androidTest.apk","appId":"io.appium.uiautomator2.server.test"}]
&amp#27;[38;5;227m[7a4d3510]&amp#27;[0m&amp#27;[38;5;-172m[AndroidUiautomator2Driver@b423]&amp#27;[0m Server packages are not going to be (re)installed
&amp#27;[38;5;227m[7a4d3510]&amp#27;[0m&amp#27;[38;5;-172m[AndroidUiautomator2Driver@b423]&amp#27;[0m Waiting up to 30000ms for services to be available
&amp#27;[38;5;227m[7a4d3510]&amp#27;[0m&amp#27;[38;5;229m[ADB]&amp#27;[0m Running 'C:\Users\sajus\AppData\Local\Android\Sdk\platform-tools\adb.exe -P 5037 -s R3CRC00KHBT shell pm list instrumentation'
&amp#27;[38;5;147m[90a0d0e0]&amp#27;[0m&amp#27;[38;5;-20m[AndroidUiautomator2Driver@c2a7]&amp#27;[0m UIA2Proxy options: {"server":"127.0.0.1","port":8202,"keepAlive":true,"scheme":"http","base":"","reqBasePath":"","sessionId":null,"timeout":240000}
&amp#27;[38;5;147m[90a0d0e0]&amp#27;[0m&amp#27;[38;5;229m[ADB]&amp#27;[0m Getting package info for 'io.appium.uiautomator2.server'
&amp#27;[38;5;147m[90a0d0e0]&amp#27;[0m&amp#27;[38;5;229m[ADB]&amp#27;[0m Running 'C:\Users\sajus\AppData\Local\Android\Sdk\platform-tools\adb.exe -P 5037 -s CTLID18120801016 shell dumpsys package io.appium.uiautomator2.server'
&amp#27;[38;5;147m[90a0d0e0]&amp#27;[0m&amp#27;[38;5;229m[ADB]&amp#27;[0m Getting install status for io.appium.uiautomator2.server.test
&amp#27;[38;5;147m[90a0d0e0]&amp#27;[0m&amp#27;[38;5;-20m[AndroidUiautomator2Driver@c2a7]&amp#27;[0m No app capability. Assuming it is already on the device
&amp#27;[38;5;147m[90a0d0e0]&amp#27;[0m&amp#27;[38;5;229m[ADB]&amp#27;[0m Running 'C:\Users\sajus\AppData\Local\Android\Sdk\platform-tools\adb.exe -P 5037 -s CTLID18120801016 shell cmd package list packages'
&amp#27;[38;5;147m[90a0d0e0]&amp#27;[0m&amp#27;[38;5;229m[ADB]&amp#27;[0m Reading package manifest: 'C:\\Users\\sajus\\AppData\\Local\\Android\\Sdk\\build-tools\\36.0.0\\aapt2.exe dump badging C:\\Users\\sajus\\.appium\\node_modules\\appium-uiautomator2-driver\\node_modules\\appium-uiautomator2-server\\apks\\appium-uiautomator2-server-v7.5.2.apk'
&amp#27;[38;5;227m[7a4d3510]&amp#27;[0m&amp#27;[38;5;-172m[AndroidUiautomator2Driver@b423]&amp#27;[0m Instrumentation target 'io.appium.uiautomator2.server.test/androidx.test.runner.AndroidJUnitRunner' is available
&amp#27;[38;5;227m[7a4d3510]&amp#27;[0m&amp#27;[38;5;229m[ADB]&amp#27;[0m Adding packages ["io.appium.settings","io.appium.uiautomator2.server","io.appium.uiautomator2.server.test"] to Doze whitelist
&amp#27;[38;5;227m[7a4d3510]&amp#27;[0m&amp#27;[38;5;229m[ADB]&amp#27;[0m Got the following command chunks to execute: [["dumpsys","deviceidle","whitelist","+io.appium.settings",";","dumpsys","deviceidle","whitelist","+io.appium.uiautomator2.server",";","dumpsys","deviceidle","whitelist","+io.appium.uiautomator2.server.test",";"]]
&amp#27;[38;5;227m[7a4d3510]&amp#27;[0m&amp#27;[38;5;229m[ADB]&amp#27;[0m Running 'C:\Users\sajus\AppData\Local\Android\Sdk\platform-tools\adb.exe -P 5037 -s R3CRC00KHBT shell dumpsys deviceidle whitelist +io.appium.settings ; dumpsys deviceidle whitelist +io.appium.uiautomator2.server ; dumpsys deviceidle whitelist +io.appium.uiautomator2.server.test ;'
&amp#27;[38;5;147m[90a0d0e0]&amp#27;[0m&amp#27;[38;5;229m[ADB]&amp#27;[0m 'io.appium.uiautomator2.server.test' is installed
&amp#27;[38;5;147m[90a0d0e0]&amp#27;[0m&amp#27;[38;5;229m[ADB]&amp#27;[0m The version name of the installed 'io.appium.uiautomator2.server' is greater or equal to the application version name ('7.5.2' >= '7.5.2')
&amp#27;[38;5;147m[90a0d0e0]&amp#27;[0m&amp#27;[38;5;-20m[AndroidUiautomator2Driver@c2a7]&amp#27;[0m Server packages status: [{"installState":"sameVersionInstalled","appPath":"C:\\Users\\sajus\\.appium\\node_modules\\appium-uiautomator2-driver\\node_modules\\appium-uiautomator2-server\\apks\\appium-uiautomator2-server-v7.5.2.apk","appId":"io.appium.uiautomator2.server"},{"installState":"sameVersionInstalled","appPath":"C:\\Users\\sajus\\.appium\\node_modules\\appium-uiautomator2-driver\\node_modules\\appium-uiautomator2-server\\apks\\appium-uiautomator2-server-debug-androidTest.apk","appId":"io.appium.uiautomator2.server.test"}]
&amp#27;[38;5;147m[90a0d0e0]&amp#27;[0m&amp#27;[38;5;-20m[AndroidUiautomator2Driver@c2a7]&amp#27;[0m Server packages are not going to be (re)installed
&amp#27;[38;5;147m[90a0d0e0]&amp#27;[0m&amp#27;[38;5;-20m[AndroidUiautomator2Driver@c2a7]&amp#27;[0m Waiting up to 30000ms for services to be available
&amp#27;[38;5;147m[90a0d0e0]&amp#27;[0m&amp#27;[38;5;229m[ADB]&amp#27;[0m Running 'C:\Users\sajus\AppData\Local\Android\Sdk\platform-tools\adb.exe -P 5037 -s CTLID18120801016 shell pm list instrumentation'
&amp#27;[38;5;147m[90a0d0e0]&amp#27;[0m&amp#27;[38;5;-20m[AndroidUiautomator2Driver@c2a7]&amp#27;[0m Instrumentation target 'io.appium.uiautomator2.server.test/androidx.test.runner.AndroidJUnitRunner' is available
&amp#27;[38;5;147m[90a0d0e0]&amp#27;[0m&amp#27;[38;5;229m[ADB]&amp#27;[0m Adding packages ["io.appium.settings","io.appium.uiautomator2.server","io.appium.uiautomator2.server.test"] to Doze whitelist
&amp#27;[38;5;147m[90a0d0e0]&amp#27;[0m&amp#27;[38;5;229m[ADB]&amp#27;[0m Got the following command chunks to execute: [["dumpsys","deviceidle","whitelist","+io.appium.settings",";","dumpsys","deviceidle","whitelist","+io.appium.uiautomator2.server",";","dumpsys","deviceidle","whitelist","+io.appium.uiautomator2.server.test",";"]]
&amp#27;[38;5;147m[90a0d0e0]&amp#27;[0m&amp#27;[38;5;229m[ADB]&amp#27;[0m Running 'C:\Users\sajus\AppData\Local\Android\Sdk\platform-tools\adb.exe -P 5037 -s CTLID18120801016 shell dumpsys deviceidle whitelist +io.appium.settings ; dumpsys deviceidle whitelist +io.appium.uiautomator2.server ; dumpsys deviceidle whitelist +io.appium.uiautomator2.server.test ;'
&amp#27;[38;5;227m[7a4d3510]&amp#27;[0m&amp#27;[38;5;-172m[AndroidUiautomator2Driver@b423]&amp#27;[0m Performing shallow cleanup of automation leftovers
&amp#27;[38;5;227m[7a4d3510]&amp#27;[0m&amp#27;[38;5;-172m[AndroidUiautomator2Driver@b423]&amp#27;[0m No obsolete sessions have been detected (socket hang up)
&amp#27;[38;5;227m[7a4d3510]&amp#27;[0m&amp#27;[38;5;229m[ADB]&amp#27;[0m Running 'C:\Users\sajus\AppData\Local\Android\Sdk\platform-tools\adb.exe -P 5037 -s R3CRC00KHBT shell am force-stop io.appium.uiautomator2.server'
&amp#27;[38;5;147m[90a0d0e0]&amp#27;[0m&amp#27;[38;5;-20m[AndroidUiautomator2Driver@c2a7]&amp#27;[0m Performing shallow cleanup of automation leftovers
&amp#27;[38;5;227m[7a4d3510]&amp#27;[0m&amp#27;[38;5;229m[ADB]&amp#27;[0m Running 'C:\Users\sajus\AppData\Local\Android\Sdk\platform-tools\adb.exe -P 5037 -s R3CRC00KHBT shell am force-stop io.appium.uiautomator2.server.test'
&amp#27;[38;5;147m[90a0d0e0]&amp#27;[0m&amp#27;[38;5;-20m[AndroidUiautomator2Driver@c2a7]&amp#27;[0m No obsolete sessions have been detected (socket hang up)
&amp#27;[38;5;147m[90a0d0e0]&amp#27;[0m&amp#27;[38;5;229m[ADB]&amp#27;[0m Running 'C:\Users\sajus\AppData\Local\Android\Sdk\platform-tools\adb.exe -P 5037 -s CTLID18120801016 shell am force-stop io.appium.uiautomator2.server'
&amp#27;[38;5;147m[90a0d0e0]&amp#27;[0m&amp#27;[38;5;229m[ADB]&amp#27;[0m Running 'C:\Users\sajus\AppData\Local\Android\Sdk\platform-tools\adb.exe -P 5037 -s CTLID18120801016 shell am force-stop io.appium.uiautomator2.server.test'
&amp#27;[38;5;227m[7a4d3510]&amp#27;[0m&amp#27;[38;5;-172m[AndroidUiautomator2Driver@b423]&amp#27;[0m Starting UIAutomator2 server 7.5.2
&amp#27;[38;5;227m[7a4d3510]&amp#27;[0m&amp#27;[38;5;-172m[AndroidUiautomator2Driver@b423]&amp#27;[0m Using UIAutomator2 server from 'C:\Users\sajus\.appium\node_modules\appium-uiautomator2-driver\node_modules\appium-uiautomator2-server\apks\appium-uiautomator2-server-v7.5.2.apk' and test from 'C:\Users\sajus\.appium\node_modules\appium-uiautomator2-driver\node_modules\appium-uiautomator2-server\apks\appium-uiautomator2-server-debug-androidTest.apk'
&amp#27;[38;5;227m[7a4d3510]&amp#27;[0m&amp#27;[38;5;-172m[AndroidUiautomator2Driver@b423]&amp#27;[0m Waiting up to 30000ms for UiAutomator2 to be online...
&amp#27;[38;5;227m[7a4d3510]&amp#27;[0m&amp#27;[38;5;229m[ADB]&amp#27;[0m Creating ADB subprocess with args: ["-P","5037","-s","R3CRC00KHBT","shell","am","instrument","-w","-e","disableAnalytics","true","io.appium.uiautomator2.server.test/androidx.test.runner.AndroidJUnitRunner"]
&amp#27;[38;5;227m[7a4d3510]&amp#27;[0m&amp#27;[38;5;-172m[AndroidUiautomator2Driver@b423]&amp#27;[0m Matched '/status' to command name 'getStatus'
&amp#27;[38;5;227m[7a4d3510]&amp#27;[0m&amp#27;[38;5;-172m[AndroidUiautomator2Driver@b423]&amp#27;[0m Proxying [GET /status] to [GET http://127.0.0.1:8201/status] with no body
&amp#27;[38;5;147m[90a0d0e0]&amp#27;[0m&amp#27;[38;5;-20m[AndroidUiautomator2Driver@c2a7]&amp#27;[0m Starting UIAutomator2 server 7.5.2
&amp#27;[38;5;147m[90a0d0e0]&amp#27;[0m&amp#27;[38;5;-20m[AndroidUiautomator2Driver@c2a7]&amp#27;[0m Using UIAutomator2 server from 'C:\Users\sajus\.appium\node_modules\appium-uiautomator2-driver\node_modules\appium-uiautomator2-server\apks\appium-uiautomator2-server-v7.5.2.apk' and test from 'C:\Users\sajus\.appium\node_modules\appium-uiautomator2-driver\node_modules\appium-uiautomator2-server\apks\appium-uiautomator2-server-debug-androidTest.apk'
&amp#27;[38;5;147m[90a0d0e0]&amp#27;[0m&amp#27;[38;5;-20m[AndroidUiautomator2Driver@c2a7]&amp#27;[0m Waiting up to 30000ms for UiAutomator2 to be online...
&amp#27;[38;5;147m[90a0d0e0]&amp#27;[0m&amp#27;[38;5;229m[ADB]&amp#27;[0m Creating ADB subprocess with args: ["-P","5037","-s","CTLID18120801016","shell","am","instrument","-w","-e","disableAnalytics","true","io.appium.uiautomator2.server.test/androidx.test.runner.AndroidJUnitRunner"]
&amp#27;[38;5;227m[7a4d3510]&amp#27;[0m&amp#27;[38;5;-172m[AndroidUiautomator2Driver@b423]&amp#27;[0m socket hang up
&amp#27;[38;5;147m[90a0d0e0]&amp#27;[0m&amp#27;[38;5;-20m[AndroidUiautomator2Driver@c2a7]&amp#27;[0m Matched '/status' to command name 'getStatus'
&amp#27;[38;5;147m[90a0d0e0]&amp#27;[0m&amp#27;[38;5;-20m[AndroidUiautomator2Driver@c2a7]&amp#27;[0m Proxying [GET /status] to [GET http://127.0.0.1:8202/status] with no body
&amp#27;[38;5;147m[90a0d0e0]&amp#27;[0m&amp#27;[38;5;-20m[AndroidUiautomator2Driver@c2a7]&amp#27;[0m socket hang up
&amp#27;[38;5;227m[7a4d3510]&amp#27;[0m&amp#27;[38;5;-172m[AndroidUiautomator2Driver@b423]&amp#27;[0m [Instrumentation] 
&amp#27;[38;5;227m[7a4d3510]&amp#27;[0m&amp#27;[38;5;-172m[AndroidUiautomator2Driver@b423]&amp#27;[0m Matched '/status' to command name 'getStatus'
&amp#27;[38;5;227m[7a4d3510]&amp#27;[0m&amp#27;[38;5;-172m[AndroidUiautomator2Driver@b423]&amp#27;[0m Proxying [GET /status] to [GET http://127.0.0.1:8201/status] with no body
&amp#27;[38;5;227m[7a4d3510]&amp#27;[0m&amp#27;[38;5;-172m[AndroidUiautomator2Driver@b423]&amp#27;[0m Got response with status 200: {"sessionId":"None","value":{"message":"UiAutomator2 Server is ready to accept commands","ready":true}}
&amp#27;[38;5;227m[7a4d3510]&amp#27;[0m&amp#27;[38;5;-172m[AndroidUiautomator2Driver@b423]&amp#27;[0m The initialization of the instrumentation process took 1145ms
&amp#27;[38;5;227m[7a4d3510]&amp#27;[0m&amp#27;[38;5;-172m[AndroidUiautomator2Driver@b423]&amp#27;[0m Matched '/session' to command name 'createSession'
&amp#27;[38;5;227m[7a4d3510]&amp#27;[0m&amp#27;[38;5;-172m[AndroidUiautomator2Driver@b423]&amp#27;[0m Proxying [POST /session] to [POST http://127.0.0.1:8201/session] with body: {"capabilities":{"firstMatch":[{"platformName":"ANDROID","appActivity":"com.androidsample.generalstore.SplashActivity","appPackage":"com.androidsample.generalstore","automationName":"UiAutomator2","deviceName":"R3CRC00KHBT","noReset":true,"platformVersion":"10.0","systemPort":8201,"udid":"R3CRC00KHBT","platform":"LINUX","webStorageEnabled":false,"takesScreenshot":true,"javascriptEnabled":true,"databaseEnabled":false,"networkConnectionEnabled":true,"locationContextEnabled":false,"warnings":{},"desired":{"platformName":"ANDROID","appActivity":"com.androidsample.generalstore.SplashActivity","appPackage":"com.androidsample.generalstore","automationName":"UiAutomator2","deviceName":"Samsung_Galaxy_S21","noReset":true,"platformVersion":"10.0","systemPort":8201,"udid":"R3CRC00KHBT"},"deviceUDID":"R3CRC00KHBT"}],"alwaysMatch":{}}}
&amp#27;[38;5;227m[7a4d3510]&amp#27;[0m&amp#27;[38;5;-172m[AndroidUiautomator2Driver@b423]&amp#27;[0m Got response with status 200: {"sessionId":"79087b6b-1ab3-4fe0-b6b2-ac2adad434c0","value":{"capabilities":{"firstMatch":[{"platformName":"ANDROID","appActivity":"com.androidsample.generalstore.SplashActivity","appPackage":"com.androidsample.generalstore","automationName":"UiAutomator2","deviceName":"R3CRC00KHBT","noReset":true,"platformVersion":"10.0","systemPort":8201,"udid":"R3CRC00KHBT","platform":"LINUX","webStorageEnabled":false,"takesScreenshot":true,"javascriptEnabled":true,"databaseEnabled":false,"networkConnectionEnabled":true,"locationContextEnabled":false,"warnings":{},"desired":{"platformName":"ANDROID","appActivity":"com.androidsample.generalstore.SplashActivity","appPackage":"com.androidsample.generalstore","automationName":"UiAutomator2","deviceName":"Samsung_Galaxy_S21","noReset":true,"platformVersion":"10.0","systemPort":8201,"udid":"R3CRC00KHBT"},"deviceUDID":"R3CRC00KHBT"}],"alwaysMatch":{}},"sessionId":"79087b6b-1ab3-4fe0-b6b2-ac2adad434c0"}}
&amp#27;[38;5;227m[7a4d3510]&amp#27;[0m&amp#27;[38;5;-172m[AndroidUiautomator2Driver@b423]&amp#27;[0m Determined the downstream protocol as 'W3C'
&amp#27;[38;5;147m[90a0d0e0]&amp#27;[0m&amp#27;[38;5;-20m[AndroidUiautomator2Driver@c2a7]&amp#27;[0m Matched '/status' to command name 'getStatus'
&amp#27;[38;5;147m[90a0d0e0]&amp#27;[0m&amp#27;[38;5;-20m[AndroidUiautomator2Driver@c2a7]&amp#27;[0m Proxying [GET /status] to [GET http://127.0.0.1:8202/status] with no body
&amp#27;[38;5;147m[90a0d0e0]&amp#27;[0m&amp#27;[38;5;-20m[AndroidUiautomator2Driver@c2a7]&amp#27;[0m socket hang up
&amp#27;[38;5;227m[7a4d3510]&amp#27;[0m&amp#27;[38;5;-172m[AndroidUiautomator2Driver@b423]&amp#27;[0m Proxying [GET /appium/device/pixel_ratio] to [GET http://127.0.0.1:8201/session/79087b6b-1ab3-4fe0-b6b2-ac2adad434c0/appium/device/pixel_ratio] with no body
&amp#27;[38;5;227m[7a4d3510]&amp#27;[0m&amp#27;[38;5;-172m[AndroidUiautomator2Driver@b423]&amp#27;[0m Matched '/appium/device/system_bars' to command name 'getSystemBars'
&amp#27;[38;5;227m[7a4d3510]&amp#27;[0m&amp#27;[38;5;-172m[AndroidUiautomator2Driver@b423]&amp#27;[0m Proxying [GET /appium/device/system_bars] to [GET http://127.0.0.1:8201/session/79087b6b-1ab3-4fe0-b6b2-ac2adad434c0/appium/device/system_bars] with no body
&amp#27;[38;5;227m[7a4d3510]&amp#27;[0m&amp#27;[38;5;-172m[AndroidUiautomator2Driver@b423]&amp#27;[0m Matched '/window/current/size' to command name 'getWindowSize'
&amp#27;[38;5;227m[7a4d3510]&amp#27;[0m&amp#27;[38;5;-172m[AndroidUiautomator2Driver@b423]&amp#27;[0m Proxying [GET /window/current/size] to [GET http://127.0.0.1:8201/session/79087b6b-1ab3-4fe0-b6b2-ac2adad434c0/window/current/size] with no body
&amp#27;[38;5;227m[7a4d3510]&amp#27;[0m&amp#27;[38;5;-172m[AndroidUiautomator2Driver@b423]&amp#27;[0m Proxying [GET /appium/device/info] to [GET http://127.0.0.1:8201/session/79087b6b-1ab3-4fe0-b6b2-ac2adad434c0/appium/device/info] with no body
&amp#27;[38;5;227m[7a4d3510]&amp#27;[0m&amp#27;[38;5;229m[ADB]&amp#27;[0m Running 'C:\Users\sajus\AppData\Local\Android\Sdk\platform-tools\adb.exe -P 5037 -s R3CRC00KHBT shell dumpsys window'
&amp#27;[38;5;227m[7a4d3510]&amp#27;[0m&amp#27;[38;5;229m[ADB]&amp#27;[0m Running 'C:\Users\sajus\AppData\Local\Android\Sdk\platform-tools\adb.exe -P 5037 -s R3CRC00KHBT shell dumpsys power'
&amp#27;[38;5;227m[7a4d3510]&amp#27;[0m&amp#27;[38;5;-172m[AndroidUiautomator2Driver@b423]&amp#27;[0m Got response with status 200: {"sessionId":"79087b6b-1ab3-4fe0-b6b2-ac2adad434c0","value":3}
&amp#27;[38;5;227m[7a4d3510]&amp#27;[0m&amp#27;[38;5;-172m[AndroidUiautomator2Driver@b423]&amp#27;[0m Got response with status 200: {"sessionId":"79087b6b-1ab3-4fe0-b6b2-ac2adad434c0","value":{"height":2400,"width":1080}}
&amp#27;[38;5;227m[7a4d3510]&amp#27;[0m&amp#27;[38;5;-172m[AndroidUiautomator2Driver@b423]&amp#27;[0m Got response with status 200: {"sessionId":"79087b6b-1ab3-4fe0-b6b2-ac2adad434c0","value":{"statusBar":80}}
&amp#27;[38;5;227m[7a4d3510]&amp#27;[0m&amp#27;[38;5;-172m[AndroidUiautomator2Driver@b423]&amp#27;[0m Got response with status 200: {"sessionId":"79087b6b-1ab3-4fe0-b6b2-ac2adad434c0","value":{"androidId":"f27012414286a658","apiVersion":"35","bluetooth":{"state":"ON"},"brand":"samsung","carrierName":"","displayDensity":480,"locale":"en_CA","manufacturer":"samsung","model":"SM-G991W","networks":[{"capabilities":{"SSID":null,"linkDownBandwidthKbps":282299,"linkUpstreamBandwidthKbps":1421,"networkCapabilities":"NET_CAPABILITY_NOT_METERED,NET_CAPABILITY_INTERNET,NET_CAPABILITY_NOT_RESTRICTED,NET_CAPABILITY_TRUSTED,NET_CAPABILITY_NOT_VPN,NET_CAPABILITY_VALIDATED,NET_CAPABILITY_NOT_ROAMING,NET_CAPABILITY_FOREGROUND,NET_CAPABILITY_NOT_CONGESTED,NET_CAPABILITY_NOT_SUSPENDED","signalStrength":-53,"transportTypes":"TRANSPORT_WIFI"},"detailedState":"CONNECTED","extraInfo":"","isAvailable":true,"isConnected":true,"isFailover":false,"isRoaming":false,"state":"CONNECTED","subtype":-1,"subtypeName":"","type":1,"typeName":"WIFI"}],"platformVersion":"15","realDisplaySize":"1080x2400","timeZone":"America/New_York"}}
&amp#27;[38;5;227m[7a4d3510]&amp#27;[0m&amp#27;[38;5;-172m[AndroidUiautomator2Driver@b423]&amp#27;[0m Screen already unlocked, doing nothing
&amp#27;[38;5;227m[7a4d3510]&amp#27;[0m&amp#27;[38;5;-172m[AndroidUiautomator2Driver@b423]&amp#27;[0m Starting 'com.androidsample.generalstore/com.androidsample.generalstore.SplashActivity' and waiting for 'com.androidsample.generalstore/com.androidsample.generalstore.SplashActivity'
&amp#27;[38;5;227m[7a4d3510]&amp#27;[0m&amp#27;[38;5;229m[ADB]&amp#27;[0m Getting IDs of all 'com.androidsample.generalstore' processes
&amp#27;[38;5;227m[7a4d3510]&amp#27;[0m&amp#27;[38;5;229m[ADB]&amp#27;[0m Running 'C:\Users\sajus\AppData\Local\Android\Sdk\platform-tools\adb.exe -P 5037 -s R3CRC00KHBT shell 'pgrep --help; echo $?''
&amp#27;[38;5;227m[7a4d3510]&amp#27;[0m&amp#27;[38;5;229m[ADB]&amp#27;[0m Running 'C:\Users\sajus\AppData\Local\Android\Sdk\platform-tools\adb.exe -P 5037 -s R3CRC00KHBT shell pgrep -f \(\[\[:blank:\]\]\|\^\)com\.androidsample\.generalstore\(:\[a-zA-Z0-9_-\]\+\)\?\(\[\[:blank:\]\]\|\$\)'
&amp#27;[38;5;227m[7a4d3510]&amp#27;[0m&amp#27;[38;5;229m[ADB]&amp#27;[0m Running 'C:\Users\sajus\AppData\Local\Android\Sdk\platform-tools\adb.exe -P 5037 -s R3CRC00KHBT shell am start-activity -W -n com.androidsample.generalstore/com.androidsample.generalstore.SplashActivity -S -a android.intent.action.MAIN -c android.intent.category.LAUNCHER -f 0x10200000'
&amp#27;[38;5;147m[90a0d0e0]&amp#27;[0m&amp#27;[38;5;-20m[AndroidUiautomator2Driver@c2a7]&amp#27;[0m [Instrumentation] 
&amp#27;[38;5;147m[90a0d0e0]&amp#27;[0m&amp#27;[38;5;-20m[AndroidUiautomator2Driver@c2a7]&amp#27;[0m Matched '/status' to command name 'getStatus'
&amp#27;[38;5;147m[90a0d0e0]&amp#27;[0m&amp#27;[38;5;-20m[AndroidUiautomator2Driver@c2a7]&amp#27;[0m Proxying [GET /status] to [GET http://127.0.0.1:8202/status] with no body
&amp#27;[38;5;227m[7a4d3510]&amp#27;[0m&amp#27;[38;5;64m[AppiumDriver@04b4]&amp#27;[0m New AndroidUiautomator2Driver session created successfully, session 7a4d3510-27eb-4adc-bf6d-9ce3c2de6d76 added to master session list
&amp#27;[38;5;227m[7a4d3510]&amp#27;[0m&amp#27;[38;5;64m[AppiumDriver@04b4]&amp#27;[0m Event 'newSessionStarted' logged at 1750218051945 (23:40:51 GMT-0400 (Eastern Daylight Saving Time))
&amp#27;[38;5;227m[7a4d3510]&amp#27;[0m&amp#27;[38;5;-172m[AndroidUiautomator2Driver@b423]&amp#27;[0m Cached the protocol value 'W3C' for the new session 7a4d3510-27eb-4adc-bf6d-9ce3c2de6d76
&amp#27;[38;5;227m[7a4d3510]&amp#27;[0m&amp#27;[38;5;-172m[AndroidUiautomator2Driver@b423]&amp#27;[0m Responding to client with driver.createSession() result: {"capabilities":{"platformName":"ANDROID","appActivity":"com.androidsample.generalstore.SplashActivity","appPackage":"com.androidsample.generalstore","automationName":"UiAutomator2","deviceName":"R3CRC00KHBT","noReset":true,"platformVersion":"15","systemPort":8201,"udid":"R3CRC00KHBT","platform":"LINUX","webStorageEnabled":false,"takesScreenshot":true,"javascriptEnabled":true,"databaseEnabled":false,"networkConnectionEnabled":true,"locationContextEnabled":false,"warnings":{},"desired":{"platformName":"ANDROID","appActivity":"com.androidsample.generalstore.SplashActivity","appPackage":"com.androidsample.generalstore","automationName":"UiAutomator2","deviceName":"Samsung_Galaxy_S21","noReset":true,"platformVersion":"10.0","systemPort":8201,"udid":"R3CRC00KHBT"},"deviceUDID":"R3CRC00KHBT","pixelRatio":"3","statBarHeight":80,"viewportRect":{"left":0,"top":80,"width":1080,"height":2320},"deviceApiLevel":35,"deviceManufacturer":"samsung","deviceModel":"SM-G991W","deviceScreenSize":"1080x2400","deviceScreenDensit...
&amp#27;[38;5;227m[7a4d3510]&amp#27;[0m&amp#27;[38;5;86m[HTTP]&amp#27;[0m &amp#27;[37m<-- POST /session &amp#27;[39m&amp#27;[32m200&amp#27;[39m &amp#27;[90m4248 ms - 1090&amp#27;[39m &amp#27;[90m&amp#27;[39m
&amp#27;[38;5;147m[90a0d0e0]&amp#27;[0m&amp#27;[38;5;-20m[AndroidUiautomator2Driver@c2a7]&amp#27;[0m Got response with status 200: {"sessionId":"None","value":{"message":"UiAutomator2 Server is ready to accept commands","ready":true}}
&amp#27;[38;5;147m[90a0d0e0]&amp#27;[0m&amp#27;[38;5;-20m[AndroidUiautomator2Driver@c2a7]&amp#27;[0m The initialization of the instrumentation process took 2200ms
&amp#27;[38;5;147m[90a0d0e0]&amp#27;[0m&amp#27;[38;5;-20m[AndroidUiautomator2Driver@c2a7]&amp#27;[0m Matched '/session' to command name 'createSession'
&amp#27;[38;5;147m[90a0d0e0]&amp#27;[0m&amp#27;[38;5;-20m[AndroidUiautomator2Driver@c2a7]&amp#27;[0m Proxying [POST /session] to [POST http://127.0.0.1:8202/session] with body: {"capabilities":{"firstMatch":[{"platformName":"ANDROID","appActivity":"com.androidsample.generalstore.SplashActivity","appPackage":"com.androidsample.generalstore","automationName":"UiAutomator2","deviceName":"CTLID18120801016","noReset":true,"platformVersion":"11.0","systemPort":8202,"udid":"CTLID18120801016","platform":"LINUX","webStorageEnabled":false,"takesScreenshot":true,"javascriptEnabled":true,"databaseEnabled":false,"networkConnectionEnabled":true,"locationContextEnabled":false,"warnings":{},"desired":{"platformName":"ANDROID","appActivity":"com.androidsample.generalstore.SplashActivity","appPackage":"com.androidsample.generalstore","automationName":"UiAutomator2","deviceName":"Nokia","noReset":true,"platformVersion":"11.0","systemPort":8202,"udid":"CTLID18120801016"},"deviceUDID":"CTLID18120801016"}],"alwaysMatch":{}}}
&amp#27;[38;5;147m[90a0d0e0]&amp#27;[0m&amp#27;[38;5;-20m[AndroidUiautomator2Driver@c2a7]&amp#27;[0m Got response with status 200: {"sessionId":"c961158f-d744-4bfa-9c87-7cc014e2cd01","value":{"capabilities":{"firstMatch":[{"platformName":"ANDROID","appActivity":"com.androidsample.generalstore.SplashActivity","appPackage":"com.androidsample.generalstore","automationName":"UiAutomator2","deviceName":"CTLID18120801016","noReset":true,"platformVersion":"11.0","systemPort":8202,"udid":"CTLID18120801016","platform":"LINUX","webStorageEnabled":false,"takesScreenshot":true,"javascriptEnabled":true,"databaseEnabled":false,"networkConnectionEnabled":true,"locationContextEnabled":false,"warnings":{},"desired":{"platformName":"ANDROID","appActivity":"com.androidsample.generalstore.SplashActivity","appPackage":"com.androidsample.generalstore","automationName":"UiAutomator2","deviceName":"Nokia","noReset":true,"platformVersion":"11.0","systemPort":8202,"udid":"CTLID18120801016"},"deviceUDID":"CTLID18120801016"}],"alwaysMatch":{}},"sessionId":"c961158f-d744-4bfa-9c87-7cc014e2cd01"}}
&amp#27;[38;5;147m[90a0d0e0]&amp#27;[0m&amp#27;[38;5;-20m[AndroidUiautomator2Driver@c2a7]&amp#27;[0m Determined the downstream protocol as 'W3C'
&amp#27;[38;5;147m[90a0d0e0]&amp#27;[0m&amp#27;[38;5;-20m[AndroidUiautomator2Driver@c2a7]&amp#27;[0m Proxying [GET /appium/device/pixel_ratio] to [GET http://127.0.0.1:8202/session/c961158f-d744-4bfa-9c87-7cc014e2cd01/appium/device/pixel_ratio] with no body
&amp#27;[38;5;147m[90a0d0e0]&amp#27;[0m&amp#27;[38;5;-20m[AndroidUiautomator2Driver@c2a7]&amp#27;[0m Matched '/appium/device/system_bars' to command name 'getSystemBars'
&amp#27;[38;5;147m[90a0d0e0]&amp#27;[0m&amp#27;[38;5;-20m[AndroidUiautomator2Driver@c2a7]&amp#27;[0m Proxying [GET /appium/device/system_bars] to [GET http://127.0.0.1:8202/session/c961158f-d744-4bfa-9c87-7cc014e2cd01/appium/device/system_bars] with no body
&amp#27;[38;5;147m[90a0d0e0]&amp#27;[0m&amp#27;[38;5;-20m[AndroidUiautomator2Driver@c2a7]&amp#27;[0m Matched '/window/current/size' to command name 'getWindowSize'
&amp#27;[38;5;147m[90a0d0e0]&amp#27;[0m&amp#27;[38;5;-20m[AndroidUiautomator2Driver@c2a7]&amp#27;[0m Proxying [GET /window/current/size] to [GET http://127.0.0.1:8202/session/c961158f-d744-4bfa-9c87-7cc014e2cd01/window/current/size] with no body
&amp#27;[38;5;147m[90a0d0e0]&amp#27;[0m&amp#27;[38;5;-20m[AndroidUiautomator2Driver@c2a7]&amp#27;[0m Proxying [GET /appium/device/info] to [GET http://127.0.0.1:8202/session/c961158f-d744-4bfa-9c87-7cc014e2cd01/appium/device/info] with no body
&amp#27;[38;5;147m[90a0d0e0]&amp#27;[0m&amp#27;[38;5;229m[ADB]&amp#27;[0m Running 'C:\Users\sajus\AppData\Local\Android\Sdk\platform-tools\adb.exe -P 5037 -s CTLID18120801016 shell dumpsys window'
&amp#27;[38;5;147m[90a0d0e0]&amp#27;[0m&amp#27;[38;5;229m[ADB]&amp#27;[0m Running 'C:\Users\sajus\AppData\Local\Android\Sdk\platform-tools\adb.exe -P 5037 -s CTLID18120801016 shell dumpsys power'
&amp#27;[38;5;147m[90a0d0e0]&amp#27;[0m&amp#27;[38;5;-20m[AndroidUiautomator2Driver@c2a7]&amp#27;[0m Got response with status 200: {"sessionId":"c961158f-d744-4bfa-9c87-7cc014e2cd01","value":2.625}
&amp#27;[38;5;147m[90a0d0e0]&amp#27;[0m&amp#27;[38;5;-20m[AndroidUiautomator2Driver@c2a7]&amp#27;[0m Got response with status 200: {"sessionId":"c961158f-d744-4bfa-9c87-7cc014e2cd01","value":{"statusBar":89}}
&amp#27;[38;5;147m[90a0d0e0]&amp#27;[0m&amp#27;[38;5;-20m[AndroidUiautomator2Driver@c2a7]&amp#27;[0m Got response with status 200: {"sessionId":"c961158f-d744-4bfa-9c87-7cc014e2cd01","value":{"height":2280,"width":1080}}
&amp#27;[38;5;147m[90a0d0e0]&amp#27;[0m&amp#27;[38;5;-20m[AndroidUiautomator2Driver@c2a7]&amp#27;[0m Screen already unlocked, doing nothing
&amp#27;[38;5;147m[90a0d0e0]&amp#27;[0m&amp#27;[38;5;-20m[AndroidUiautomator2Driver@c2a7]&amp#27;[0m Starting 'com.androidsample.generalstore/com.androidsample.generalstore.SplashActivity' and waiting for 'com.androidsample.generalstore/com.androidsample.generalstore.SplashActivity'
&amp#27;[38;5;147m[90a0d0e0]&amp#27;[0m&amp#27;[38;5;229m[ADB]&amp#27;[0m Getting IDs of all 'com.androidsample.generalstore' processes
&amp#27;[38;5;147m[90a0d0e0]&amp#27;[0m&amp#27;[38;5;229m[ADB]&amp#27;[0m Running 'C:\Users\sajus\AppData\Local\Android\Sdk\platform-tools\adb.exe -P 5037 -s CTLID18120801016 shell 'pgrep --help; echo $?''
&amp#27;[38;5;147m[90a0d0e0]&amp#27;[0m&amp#27;[38;5;-20m[AndroidUiautomator2Driver@c2a7]&amp#27;[0m Got response with status 200: {"sessionId":"c961158f-d744-4bfa-9c87-7cc014e2cd01","value":{"androidId":"7be9e4e610cc4454","apiVersion":"29","bluetooth":{"state":"OFF"},"brand":"Nokia","carrierName":"","displayDensity":420,"locale":"en_IN","manufacturer":"HMD Global","model":"Nokia 7.1","networks":[{"capabilities":{"SSID":null,"linkDownBandwidthKbps":1048576,"linkUpstreamBandwidthKbps":1048576,"networkCapabilities":"NET_CAPABILITY_NOT_METERED,NET_CAPABILITY_INTERNET,NET_CAPABILITY_NOT_RESTRICTED,NET_CAPABILITY_TRUSTED,NET_CAPABILITY_NOT_VPN,NET_CAPABILITY_VALIDATED,NET_CAPABILITY_NOT_ROAMING,NET_CAPABILITY_FOREGROUND,NET_CAPABILITY_NOT_CONGESTED,NET_CAPABILITY_NOT_SUSPENDED","signalStrength":-53,"transportTypes":"TRANSPORT_WIFI"},"detailedState":"CONNECTED","extraInfo":null,"isAvailable":true,"isConnected":true,"isFailover":false,"isRoaming":false,"state":"CONNECTED","subtype":0,"subtypeName":"","type":1,"typeName":"WIFI"}],"platformVersion":"10","realDisplaySize":"1080x2280","timeZone":"America/Toronto"}}
&amp#27;[38;5;147m[90a0d0e0]&amp#27;[0m&amp#27;[38;5;229m[ADB]&amp#27;[0m Running 'C:\Users\sajus\AppData\Local\Android\Sdk\platform-tools\adb.exe -P 5037 -s CTLID18120801016 shell pgrep -f \(\[\[:blank:\]\]\|\^\)com\.androidsample\.generalstore\(:\[a-zA-Z0-9_-\]\+\)\?\(\[\[:blank:\]\]\|\$\)'
&amp#27;[38;5;147m[90a0d0e0]&amp#27;[0m&amp#27;[38;5;229m[ADB]&amp#27;[0m Running 'C:\Users\sajus\AppData\Local\Android\Sdk\platform-tools\adb.exe -P 5037 -s CTLID18120801016 shell am start-activity -W -n com.androidsample.generalstore/com.androidsample.generalstore.SplashActivity -S -a android.intent.action.MAIN -c android.intent.category.LAUNCHER -f 0x10200000'
&amp#27;[38;5;147m[90a0d0e0]&amp#27;[0m&amp#27;[38;5;85m[AppiumDriver@0de2]&amp#27;[0m New AndroidUiautomator2Driver session created successfully, session 90a0d0e0-e7aa-4773-9db8-bd637a03077b added to master session list
&amp#27;[38;5;147m[90a0d0e0]&amp#27;[0m&amp#27;[38;5;85m[AppiumDriver@0de2]&amp#27;[0m Event 'newSessionStarted' logged at 1750218053052 (23:40:53 GMT-0400 (Eastern Daylight Saving Time))
&amp#27;[38;5;147m[90a0d0e0]&amp#27;[0m&amp#27;[38;5;-20m[AndroidUiautomator2Driver@c2a7]&amp#27;[0m Cached the protocol value 'W3C' for the new session 90a0d0e0-e7aa-4773-9db8-bd637a03077b
&amp#27;[38;5;147m[90a0d0e0]&amp#27;[0m&amp#27;[38;5;-20m[AndroidUiautomator2Driver@c2a7]&amp#27;[0m Responding to client with driver.createSession() result: {"capabilities":{"platformName":"ANDROID","appActivity":"com.androidsample.generalstore.SplashActivity","appPackage":"com.androidsample.generalstore","automationName":"UiAutomator2","deviceName":"CTLID18120801016","noReset":true,"platformVersion":"10","systemPort":8202,"udid":"CTLID18120801016","platform":"LINUX","webStorageEnabled":false,"takesScreenshot":true,"javascriptEnabled":true,"databaseEnabled":false,"networkConnectionEnabled":true,"locationContextEnabled":false,"warnings":{},"desired":{"platformName":"ANDROID","appActivity":"com.androidsample.generalstore.SplashActivity","appPackage":"com.androidsample.generalstore","automationName":"UiAutomator2","deviceName":"Nokia","noReset":true,"platformVersion":"11.0","systemPort":8202,"udid":"CTLID18120801016"},"deviceUDID":"CTLID18120801016","pixelRatio":"2.625","statBarHeight":89,"viewportRect":{"left":0,"top":89,"width":1080,"height":2191},"deviceApiLevel":29,"deviceManufacturer":"HMD Global","deviceModel":"Nokia 7.1","deviceScreenSize":"1080x2280","dev...
&amp#27;[38;5;147m[90a0d0e0]&amp#27;[0m&amp#27;[38;5;86m[HTTP]&amp#27;[0m &amp#27;[37m<-- POST /session &amp#27;[39m&amp#27;[32m200&amp#27;[39m &amp#27;[90m5001 ms - 1105&amp#27;[39m &amp#27;[90m&amp#27;[39m
&amp#27;[38;5;227m[7a4d3510]&amp#27;[0m&amp#27;[38;5;86m[HTTP]&amp#27;[0m &amp#27;[37m-->&amp#27;[39m &amp#27;[37mPOST&amp#27;[39m &amp#27;[37m/session/7a4d3510-27eb-4adc-bf6d-9ce3c2de6d76/element&amp#27;[39m &amp#27;[90m{"using":"id","value":"com.androidsample.generalstore:id/nameField"}&amp#27;[39m
&amp#27;[38;5;227m[7a4d3510]&amp#27;[0m&amp#27;[38;5;-172m[AndroidUiautomator2Driver@b423]&amp#27;[0m Calling AppiumDriver.findElement() with args: ["id","com.androidsample.generalstore:id/nameField","7a4d3510-27eb-4adc-bf6d-9ce3c2de6d76"]
&amp#27;[38;5;227m[7a4d3510]&amp#27;[0m&amp#27;[38;5;-172m[AndroidUiautomator2Driver@b423]&amp#27;[0m Valid locator strategies for this request: xpath, id, class name, accessibility id, css selector, -android uiautomator
&amp#27;[38;5;227m[7a4d3510]&amp#27;[0m&amp#27;[38;5;-172m[AndroidUiautomator2Driver@b423]&amp#27;[0m Waiting up to 0 ms for condition
&amp#27;[38;5;227m[7a4d3510]&amp#27;[0m&amp#27;[38;5;-172m[AndroidUiautomator2Driver@b423]&amp#27;[0m Matched '/element' to command name 'findElement'
&amp#27;[38;5;227m[7a4d3510]&amp#27;[0m&amp#27;[38;5;-172m[AndroidUiautomator2Driver@b423]&amp#27;[0m Proxying [POST /element] to [POST http://127.0.0.1:8201/session/79087b6b-1ab3-4fe0-b6b2-ac2adad434c0/element] with body: {"strategy":"id","selector":"com.androidsample.generalstore:id/nameField","context":"","multiple":false}
&amp#27;[38;5;227m[7a4d3510]&amp#27;[0m&amp#27;[38;5;-172m[AndroidUiautomator2Driver@b423]&amp#27;[0m Got response with status 200: {"sessionId":"79087b6b-1ab3-4fe0-b6b2-ac2adad434c0","value":{"ELEMENT":"00000000-0000-1125-ffff-ffff0000001c","element-6066-11e4-a52e-4f735466cecf":"00000000-0000-1125-ffff-ffff0000001c"}}
&amp#27;[38;5;227m[7a4d3510]&amp#27;[0m&amp#27;[38;5;-172m[AndroidUiautomator2Driver@b423]&amp#27;[0m Responding to client with driver.findElement() result: {"element-6066-11e4-a52e-4f735466cecf":"00000000-0000-1125-ffff-ffff0000001c","ELEMENT":"00000000-0000-1125-ffff-ffff0000001c"}
&amp#27;[38;5;227m[7a4d3510]&amp#27;[0m&amp#27;[38;5;86m[HTTP]&amp#27;[0m &amp#27;[37m<-- POST /session/7a4d3510-27eb-4adc-bf6d-9ce3c2de6d76/element &amp#27;[39m&amp#27;[32m200&amp#27;[39m &amp#27;[90m54 ms - 137&amp#27;[39m &amp#27;[90m&amp#27;[39m
&amp#27;[38;5;227m[7a4d3510]&amp#27;[0m&amp#27;[38;5;86m[HTTP]&amp#27;[0m &amp#27;[37m-->&amp#27;[39m &amp#27;[37mPOST&amp#27;[39m &amp#27;[37m/session/7a4d3510-27eb-4adc-bf6d-9ce3c2de6d76/element/00000000-0000-1125-ffff-ffff0000001c/value&amp#27;[39m &amp#27;[90m{"id":"00000000-0000-1125-ffff-ffff0000001c","text":"Steve Smith","value":["S","t","e","v","e"," ","S","m","i","t","h"]}&amp#27;[39m
&amp#27;[38;5;227m[7a4d3510]&amp#27;[0m&amp#27;[38;5;-172m[AndroidUiautomator2Driver@b423]&amp#27;[0m Calling AppiumDriver.setValue() with args: [["S","t","e","v","e"," ","S","m","i","t","h"],"00000000-0000-1125-ffff-ffff0000001c","7a4d3510-27eb-4adc-bf6d-9ce3c2de6d76"]
&amp#27;[38;5;227m[7a4d3510]&amp#27;[0m&amp#27;[38;5;-172m[AndroidUiautomator2Driver@b423]&amp#27;[0m Matched '/element/00000000-0000-1125-ffff-ffff0000001c/value' to command name 'setValue'
&amp#27;[38;5;227m[7a4d3510]&amp#27;[0m&amp#27;[38;5;-172m[AndroidUiautomator2Driver@b423]&amp#27;[0m Added 'value' property ["S","t","e","v","e"," ","S","m","i","t","h"] to 'setValue' request body
&amp#27;[38;5;227m[7a4d3510]&amp#27;[0m&amp#27;[38;5;-172m[AndroidUiautomator2Driver@b423]&amp#27;[0m Proxying [POST /element/00000000-0000-1125-ffff-ffff0000001c/value] to [POST http://127.0.0.1:8201/session/79087b6b-1ab3-4fe0-b6b2-ac2adad434c0/element/00000000-0000-1125-ffff-ffff0000001c/value] with body: {"elementId":"00000000-0000-1125-ffff-ffff0000001c","text":"Steve Smith","replace":false,"value":["S","t","e","v","e"," ","S","m","i","t","h"]}
&amp#27;[38;5;227m[7a4d3510]&amp#27;[0m&amp#27;[38;5;-172m[AndroidUiautomator2Driver@b423]&amp#27;[0m Got response with status 200: {"sessionId":"79087b6b-1ab3-4fe0-b6b2-ac2adad434c0","value":null}
&amp#27;[38;5;227m[7a4d3510]&amp#27;[0m&amp#27;[38;5;-172m[AndroidUiautomator2Driver@b423]&amp#27;[0m Responding to client with driver.setValue() result: null
&amp#27;[38;5;227m[7a4d3510]&amp#27;[0m&amp#27;[38;5;86m[HTTP]&amp#27;[0m &amp#27;[37m<-- POST /session/7a4d3510-27eb-4adc-bf6d-9ce3c2de6d76/element/00000000-0000-1125-ffff-ffff0000001c/value &amp#27;[39m&amp#27;[32m200&amp#27;[39m &amp#27;[90m547 ms - 14&amp#27;[39m &amp#27;[90m&amp#27;[39m
&amp#27;[38;5;227m[7a4d3510]&amp#27;[0m&amp#27;[38;5;86m[HTTP]&amp#27;[0m &amp#27;[37m-->&amp#27;[39m &amp#27;[37mPOST&amp#27;[39m &amp#27;[37m/session/7a4d3510-27eb-4adc-bf6d-9ce3c2de6d76/execute/sync&amp#27;[39m &amp#27;[90m{"script":"mobile: hideKeyboard","args":[]}&amp#27;[39m
&amp#27;[38;5;227m[7a4d3510]&amp#27;[0m&amp#27;[38;5;-172m[AndroidUiautomator2Driver@b423]&amp#27;[0m Calling AppiumDriver.execute() with args: ["mobile: hideKeyboard",[],"7a4d3510-27eb-4adc-bf6d-9ce3c2de6d76"]
&amp#27;[38;5;227m[7a4d3510]&amp#27;[0m&amp#27;[38;5;229m[ADB]&amp#27;[0m Running 'C:\Users\sajus\AppData\Local\Android\Sdk\platform-tools\adb.exe -P 5037 -s R3CRC00KHBT shell dumpsys input_method'
&amp#27;[38;5;227m[7a4d3510]&amp#27;[0m&amp#27;[38;5;229m[ADB]&amp#27;[0m Keyboard has no UI; no closing necessary
&amp#27;[38;5;227m[7a4d3510]&amp#27;[0m&amp#27;[38;5;-172m[AndroidUiautomator2Driver@b423]&amp#27;[0m Responding to client with driver.execute() result: false
&amp#27;[38;5;227m[7a4d3510]&amp#27;[0m&amp#27;[38;5;86m[HTTP]&amp#27;[0m &amp#27;[37m<-- POST /session/7a4d3510-27eb-4adc-bf6d-9ce3c2de6d76/execute/sync &amp#27;[39m&amp#27;[32m200&amp#27;[39m &amp#27;[90m223 ms - 15&amp#27;[39m &amp#27;[90m&amp#27;[39m
&amp#27;[38;5;227m[7a4d3510]&amp#27;[0m&amp#27;[38;5;86m[HTTP]&amp#27;[0m &amp#27;[37m-->&amp#27;[39m &amp#27;[37mPOST&amp#27;[39m &amp#27;[37m/session/7a4d3510-27eb-4adc-bf6d-9ce3c2de6d76/element&amp#27;[39m &amp#27;[90m{"using":"id","value":"com.androidsample.generalstore:id/radioFemale"}&amp#27;[39m
&amp#27;[38;5;227m[7a4d3510]&amp#27;[0m&amp#27;[38;5;-172m[AndroidUiautomator2Driver@b423]&amp#27;[0m Calling AppiumDriver.findElement() with args: ["id","com.androidsample.generalstore:id/radioFemale","7a4d3510-27eb-4adc-bf6d-9ce3c2de6d76"]
&amp#27;[38;5;227m[7a4d3510]&amp#27;[0m&amp#27;[38;5;-172m[AndroidUiautomator2Driver@b423]&amp#27;[0m Valid locator strategies for this request: xpath, id, class name, accessibility id, css selector, -android uiautomator
&amp#27;[38;5;227m[7a4d3510]&amp#27;[0m&amp#27;[38;5;-172m[AndroidUiautomator2Driver@b423]&amp#27;[0m Waiting up to 0 ms for condition
&amp#27;[38;5;227m[7a4d3510]&amp#27;[0m&amp#27;[38;5;-172m[AndroidUiautomator2Driver@b423]&amp#27;[0m Matched '/element' to command name 'findElement'
&amp#27;[38;5;227m[7a4d3510]&amp#27;[0m&amp#27;[38;5;-172m[AndroidUiautomator2Driver@b423]&amp#27;[0m Proxying [POST /element] to [POST http://127.0.0.1:8201/session/79087b6b-1ab3-4fe0-b6b2-ac2adad434c0/element] with body: {"strategy":"id","selector":"com.androidsample.generalstore:id/radioFemale","context":"","multiple":false}
&amp#27;[38;5;147m[90a0d0e0]&amp#27;[0m&amp#27;[38;5;86m[HTTP]&amp#27;[0m &amp#27;[37m-->&amp#27;[39m &amp#27;[37mPOST&amp#27;[39m &amp#27;[37m/session/90a0d0e0-e7aa-4773-9db8-bd637a03077b/element&amp#27;[39m &amp#27;[90m{"using":"id","value":"com.androidsample.generalstore:id/nameField"}&amp#27;[39m
&amp#27;[38;5;147m[90a0d0e0]&amp#27;[0m&amp#27;[38;5;-20m[AndroidUiautomator2Driver@c2a7]&amp#27;[0m Calling AppiumDriver.findElement() with args: ["id","com.androidsample.generalstore:id/nameField","90a0d0e0-e7aa-4773-9db8-bd637a03077b"]
&amp#27;[38;5;147m[90a0d0e0]&amp#27;[0m&amp#27;[38;5;-20m[AndroidUiautomator2Driver@c2a7]&amp#27;[0m Valid locator strategies for this request: xpath, id, class name, accessibility id, css selector, -android uiautomator
&amp#27;[38;5;147m[90a0d0e0]&amp#27;[0m&amp#27;[38;5;-20m[AndroidUiautomator2Driver@c2a7]&amp#27;[0m Waiting up to 0 ms for condition
&amp#27;[38;5;147m[90a0d0e0]&amp#27;[0m&amp#27;[38;5;-20m[AndroidUiautomator2Driver@c2a7]&amp#27;[0m Matched '/element' to command name 'findElement'
&amp#27;[38;5;147m[90a0d0e0]&amp#27;[0m&amp#27;[38;5;-20m[AndroidUiautomator2Driver@c2a7]&amp#27;[0m Proxying [POST /element] to [POST http://127.0.0.1:8202/session/c961158f-d744-4bfa-9c87-7cc014e2cd01/element] with body: {"strategy":"id","selector":"com.androidsample.generalstore:id/nameField","context":"","multiple":false}
&amp#27;[38;5;227m[7a4d3510]&amp#27;[0m&amp#27;[38;5;-172m[AndroidUiautomator2Driver@b423]&amp#27;[0m Got response with status 200: {"sessionId":"79087b6b-1ab3-4fe0-b6b2-ac2adad434c0","value":{"ELEMENT":"00000000-0000-1125-ffff-ffff00000020","element-6066-11e4-a52e-4f735466cecf":"00000000-0000-1125-ffff-ffff00000020"}}
&amp#27;[38;5;227m[7a4d3510]&amp#27;[0m&amp#27;[38;5;-172m[AndroidUiautomator2Driver@b423]&amp#27;[0m Responding to client with driver.findElement() result: {"element-6066-11e4-a52e-4f735466cecf":"00000000-0000-1125-ffff-ffff00000020","ELEMENT":"00000000-0000-1125-ffff-ffff00000020"}
&amp#27;[38;5;227m[7a4d3510]&amp#27;[0m&amp#27;[38;5;86m[HTTP]&amp#27;[0m &amp#27;[37m<-- POST /session/7a4d3510-27eb-4adc-bf6d-9ce3c2de6d76/element &amp#27;[39m&amp#27;[32m200&amp#27;[39m &amp#27;[90m312 ms - 137&amp#27;[39m &amp#27;[90m&amp#27;[39m
&amp#27;[38;5;227m[7a4d3510]&amp#27;[0m&amp#27;[38;5;86m[HTTP]&amp#27;[0m &amp#27;[37m-->&amp#27;[39m &amp#27;[37mPOST&amp#27;[39m &amp#27;[37m/session/7a4d3510-27eb-4adc-bf6d-9ce3c2de6d76/element/00000000-0000-1125-ffff-ffff00000020/click&amp#27;[39m &amp#27;[90m{"id":"00000000-0000-1125-ffff-ffff00000020"}&amp#27;[39m
&amp#27;[38;5;227m[7a4d3510]&amp#27;[0m&amp#27;[38;5;-172m[AndroidUiautomator2Driver@b423]&amp#27;[0m Calling AppiumDriver.click() with args: ["00000000-0000-1125-ffff-ffff00000020","7a4d3510-27eb-4adc-bf6d-9ce3c2de6d76"]
&amp#27;[38;5;227m[7a4d3510]&amp#27;[0m&amp#27;[38;5;-172m[AndroidUiautomator2Driver@b423]&amp#27;[0m Matched '/element/00000000-0000-1125-ffff-ffff00000020/click' to command name 'click'
&amp#27;[38;5;227m[7a4d3510]&amp#27;[0m&amp#27;[38;5;-172m[AndroidUiautomator2Driver@b423]&amp#27;[0m Proxying [POST /element/00000000-0000-1125-ffff-ffff00000020/click] to [POST http://127.0.0.1:8201/session/79087b6b-1ab3-4fe0-b6b2-ac2adad434c0/element/00000000-0000-1125-ffff-ffff00000020/click] with body: {"element":"00000000-0000-1125-ffff-ffff00000020"}
&amp#27;[38;5;147m[90a0d0e0]&amp#27;[0m&amp#27;[38;5;-20m[AndroidUiautomator2Driver@c2a7]&amp#27;[0m Got response with status 200: {"sessionId":"c961158f-d744-4bfa-9c87-7cc014e2cd01","value":{"ELEMENT":"00000000-0000-061a-ffff-ffff0000001c","element-6066-11e4-a52e-4f735466cecf":"00000000-0000-061a-ffff-ffff0000001c"}}
&amp#27;[38;5;147m[90a0d0e0]&amp#27;[0m&amp#27;[38;5;-20m[AndroidUiautomator2Driver@c2a7]&amp#27;[0m Responding to client with driver.findElement() result: {"element-6066-11e4-a52e-4f735466cecf":"00000000-0000-061a-ffff-ffff0000001c","ELEMENT":"00000000-0000-061a-ffff-ffff0000001c"}
&amp#27;[38;5;147m[90a0d0e0]&amp#27;[0m&amp#27;[38;5;86m[HTTP]&amp#27;[0m &amp#27;[37m<-- POST /session/90a0d0e0-e7aa-4773-9db8-bd637a03077b/element &amp#27;[39m&amp#27;[32m200&amp#27;[39m &amp#27;[90m67 ms - 137&amp#27;[39m &amp#27;[90m&amp#27;[39m
&amp#27;[38;5;147m[90a0d0e0]&amp#27;[0m&amp#27;[38;5;86m[HTTP]&amp#27;[0m &amp#27;[37m-->&amp#27;[39m &amp#27;[37mPOST&amp#27;[39m &amp#27;[37m/session/90a0d0e0-e7aa-4773-9db8-bd637a03077b/element/00000000-0000-061a-ffff-ffff0000001c/value&amp#27;[39m &amp#27;[90m{"id":"00000000-0000-061a-ffff-ffff0000001c","text":"Steve Smith","value":["S","t","e","v","e"," ","S","m","i","t","h"]}&amp#27;[39m
&amp#27;[38;5;147m[90a0d0e0]&amp#27;[0m&amp#27;[38;5;-20m[AndroidUiautomator2Driver@c2a7]&amp#27;[0m Calling AppiumDriver.setValue() with args: [["S","t","e","v","e"," ","S","m","i","t","h"],"00000000-0000-061a-ffff-ffff0000001c","90a0d0e0-e7aa-4773-9db8-bd637a03077b"]
&amp#27;[38;5;147m[90a0d0e0]&amp#27;[0m&amp#27;[38;5;-20m[AndroidUiautomator2Driver@c2a7]&amp#27;[0m Matched '/element/00000000-0000-061a-ffff-ffff0000001c/value' to command name 'setValue'
&amp#27;[38;5;147m[90a0d0e0]&amp#27;[0m&amp#27;[38;5;-20m[AndroidUiautomator2Driver@c2a7]&amp#27;[0m Added 'value' property ["S","t","e","v","e"," ","S","m","i","t","h"] to 'setValue' request body
&amp#27;[38;5;147m[90a0d0e0]&amp#27;[0m&amp#27;[38;5;-20m[AndroidUiautomator2Driver@c2a7]&amp#27;[0m Proxying [POST /element/00000000-0000-061a-ffff-ffff0000001c/value] to [POST http://127.0.0.1:8202/session/c961158f-d744-4bfa-9c87-7cc014e2cd01/element/00000000-0000-061a-ffff-ffff0000001c/value] with body: {"elementId":"00000000-0000-061a-ffff-ffff0000001c","text":"Steve Smith","replace":false,"value":["S","t","e","v","e"," ","S","m","i","t","h"]}
&amp#27;[38;5;147m[90a0d0e0]&amp#27;[0m&amp#27;[38;5;-20m[AndroidUiautomator2Driver@c2a7]&amp#27;[0m Got response with status 200: {"sessionId":"c961158f-d744-4bfa-9c87-7cc014e2cd01","value":null}
&amp#27;[38;5;147m[90a0d0e0]&amp#27;[0m&amp#27;[38;5;-20m[AndroidUiautomator2Driver@c2a7]&amp#27;[0m Responding to client with driver.setValue() result: null
&amp#27;[38;5;147m[90a0d0e0]&amp#27;[0m&amp#27;[38;5;86m[HTTP]&amp#27;[0m &amp#27;[37m<-- POST /session/90a0d0e0-e7aa-4773-9db8-bd637a03077b/element/00000000-0000-061a-ffff-ffff0000001c/value &amp#27;[39m&amp#27;[32m200&amp#27;[39m &amp#27;[90m563 ms - 14&amp#27;[39m &amp#27;[90m&amp#27;[39m
&amp#27;[38;5;147m[90a0d0e0]&amp#27;[0m&amp#27;[38;5;86m[HTTP]&amp#27;[0m &amp#27;[37m-->&amp#27;[39m &amp#27;[37mPOST&amp#27;[39m &amp#27;[37m/session/90a0d0e0-e7aa-4773-9db8-bd637a03077b/execute/sync&amp#27;[39m &amp#27;[90m{"script":"mobile: hideKeyboard","args":[]}&amp#27;[39m
&amp#27;[38;5;147m[90a0d0e0]&amp#27;[0m&amp#27;[38;5;-20m[AndroidUiautomator2Driver@c2a7]&amp#27;[0m Calling AppiumDriver.execute() with args: ["mobile: hideKeyboard",[],"90a0d0e0-e7aa-4773-9db8-bd637a03077b"]
&amp#27;[38;5;147m[90a0d0e0]&amp#27;[0m&amp#27;[38;5;229m[ADB]&amp#27;[0m Running 'C:\Users\sajus\AppData\Local\Android\Sdk\platform-tools\adb.exe -P 5037 -s CTLID18120801016 shell dumpsys input_method'
&amp#27;[38;5;227m[7a4d3510]&amp#27;[0m&amp#27;[38;5;-172m[AndroidUiautomator2Driver@b423]&amp#27;[0m Got response with status 200: {"sessionId":"79087b6b-1ab3-4fe0-b6b2-ac2adad434c0","value":null}
&amp#27;[38;5;227m[7a4d3510]&amp#27;[0m&amp#27;[38;5;-172m[AndroidUiautomator2Driver@b423]&amp#27;[0m Responding to client with driver.click() result: null
&amp#27;[38;5;227m[7a4d3510]&amp#27;[0m&amp#27;[38;5;86m[HTTP]&amp#27;[0m &amp#27;[37m<-- POST /session/7a4d3510-27eb-4adc-bf6d-9ce3c2de6d76/element/00000000-0000-1125-ffff-ffff00000020/click &amp#27;[39m&amp#27;[32m200&amp#27;[39m &amp#27;[90m693 ms - 14&amp#27;[39m &amp#27;[90m&amp#27;[39m
&amp#27;[38;5;227m[7a4d3510]&amp#27;[0m&amp#27;[38;5;86m[HTTP]&amp#27;[0m &amp#27;[37m-->&amp#27;[39m &amp#27;[37mPOST&amp#27;[39m &amp#27;[37m/session/7a4d3510-27eb-4adc-bf6d-9ce3c2de6d76/element&amp#27;[39m &amp#27;[90m{"using":"id","value":"android:id/text1"}&amp#27;[39m
&amp#27;[38;5;227m[7a4d3510]&amp#27;[0m&amp#27;[38;5;-172m[AndroidUiautomator2Driver@b423]&amp#27;[0m Calling AppiumDriver.findElement() with args: ["id","android:id/text1","7a4d3510-27eb-4adc-bf6d-9ce3c2de6d76"]
&amp#27;[38;5;227m[7a4d3510]&amp#27;[0m&amp#27;[38;5;-172m[AndroidUiautomator2Driver@b423]&amp#27;[0m Valid locator strategies for this request: xpath, id, class name, accessibility id, css selector, -android uiautomator
&amp#27;[38;5;227m[7a4d3510]&amp#27;[0m&amp#27;[38;5;-172m[AndroidUiautomator2Driver@b423]&amp#27;[0m Waiting up to 0 ms for condition
&amp#27;[38;5;227m[7a4d3510]&amp#27;[0m&amp#27;[38;5;-172m[AndroidUiautomator2Driver@b423]&amp#27;[0m Matched '/element' to command name 'findElement'
&amp#27;[38;5;227m[7a4d3510]&amp#27;[0m&amp#27;[38;5;-172m[AndroidUiautomator2Driver@b423]&amp#27;[0m Proxying [POST /element] to [POST http://127.0.0.1:8201/session/79087b6b-1ab3-4fe0-b6b2-ac2adad434c0/element] with body: {"strategy":"id","selector":"android:id/text1","context":"","multiple":false}
&amp#27;[38;5;227m[7a4d3510]&amp#27;[0m&amp#27;[38;5;-172m[AndroidUiautomator2Driver@b423]&amp#27;[0m Got response with status 200: {"sessionId":"79087b6b-1ab3-4fe0-b6b2-ac2adad434c0","value":{"ELEMENT":"00000000-0000-1125-ffff-ffff00000024","element-6066-11e4-a52e-4f735466cecf":"00000000-0000-1125-ffff-ffff00000024"}}
&amp#27;[38;5;227m[7a4d3510]&amp#27;[0m&amp#27;[38;5;-172m[AndroidUiautomator2Driver@b423]&amp#27;[0m Responding to client with driver.findElement() result: {"element-6066-11e4-a52e-4f735466cecf":"00000000-0000-1125-ffff-ffff00000024","ELEMENT":"00000000-0000-1125-ffff-ffff00000024"}
&amp#27;[38;5;227m[7a4d3510]&amp#27;[0m&amp#27;[38;5;86m[HTTP]&amp#27;[0m &amp#27;[37m<-- POST /session/7a4d3510-27eb-4adc-bf6d-9ce3c2de6d76/element &amp#27;[39m&amp#27;[32m200&amp#27;[39m &amp#27;[90m60 ms - 137&amp#27;[39m &amp#27;[90m&amp#27;[39m
&amp#27;[38;5;227m[7a4d3510]&amp#27;[0m&amp#27;[38;5;86m[HTTP]&amp#27;[0m &amp#27;[37m-->&amp#27;[39m &amp#27;[37mPOST&amp#27;[39m &amp#27;[37m/session/7a4d3510-27eb-4adc-bf6d-9ce3c2de6d76/element/00000000-0000-1125-ffff-ffff00000024/click&amp#27;[39m &amp#27;[90m{"id":"00000000-0000-1125-ffff-ffff00000024"}&amp#27;[39m
&amp#27;[38;5;227m[7a4d3510]&amp#27;[0m&amp#27;[38;5;-172m[AndroidUiautomator2Driver@b423]&amp#27;[0m Calling AppiumDriver.click() with args: ["00000000-0000-1125-ffff-ffff00000024","7a4d3510-27eb-4adc-bf6d-9ce3c2de6d76"]
&amp#27;[38;5;227m[7a4d3510]&amp#27;[0m&amp#27;[38;5;-172m[AndroidUiautomator2Driver@b423]&amp#27;[0m Matched '/element/00000000-0000-1125-ffff-ffff00000024/click' to command name 'click'
&amp#27;[38;5;227m[7a4d3510]&amp#27;[0m&amp#27;[38;5;-172m[AndroidUiautomator2Driver@b423]&amp#27;[0m Proxying [POST /element/00000000-0000-1125-ffff-ffff00000024/click] to [POST http://127.0.0.1:8201/session/79087b6b-1ab3-4fe0-b6b2-ac2adad434c0/element/00000000-0000-1125-ffff-ffff00000024/click] with body: {"element":"00000000-0000-1125-ffff-ffff00000024"}
&amp#27;[38;5;227m[7a4d3510]&amp#27;[0m&amp#27;[38;5;-172m[AndroidUiautomator2Driver@b423]&amp#27;[0m Got response with status 200: {"sessionId":"79087b6b-1ab3-4fe0-b6b2-ac2adad434c0","value":null}
&amp#27;[38;5;227m[7a4d3510]&amp#27;[0m&amp#27;[38;5;-172m[AndroidUiautomator2Driver@b423]&amp#27;[0m Responding to client with driver.click() result: null
&amp#27;[38;5;227m[7a4d3510]&amp#27;[0m&amp#27;[38;5;86m[HTTP]&amp#27;[0m &amp#27;[37m<-- POST /session/7a4d3510-27eb-4adc-bf6d-9ce3c2de6d76/element/00000000-0000-1125-ffff-ffff00000024/click &amp#27;[39m&amp#27;[32m200&amp#27;[39m &amp#27;[90m77 ms - 14&amp#27;[39m &amp#27;[90m&amp#27;[39m
&amp#27;[38;5;227m[7a4d3510]&amp#27;[0m&amp#27;[38;5;86m[HTTP]&amp#27;[0m &amp#27;[37m-->&amp#27;[39m &amp#27;[37mPOST&amp#27;[39m &amp#27;[37m/session/7a4d3510-27eb-4adc-bf6d-9ce3c2de6d76/element&amp#27;[39m &amp#27;[90m{"using":"-android uiautomator","value":"new UiScrollable(new UiSelector()).scrollIntoView(text(\"Argentina\"));"}&amp#27;[39m
&amp#27;[38;5;227m[7a4d3510]&amp#27;[0m&amp#27;[38;5;-172m[AndroidUiautomator2Driver@b423]&amp#27;[0m Calling AppiumDriver.findElement() with args: ["-android uiautomator","new UiScrollable(new UiSelector()).scrollIntoView(text(\"Argentina\"));","7a4d3510-27eb-4adc-bf6d-9ce3c2de6d76"]
&amp#27;[38;5;227m[7a4d3510]&amp#27;[0m&amp#27;[38;5;-172m[AndroidUiautomator2Driver@b423]&amp#27;[0m Valid locator strategies for this request: xpath, id, class name, accessibility id, css selector, -android uiautomator
&amp#27;[38;5;227m[7a4d3510]&amp#27;[0m&amp#27;[38;5;-172m[AndroidUiautomator2Driver@b423]&amp#27;[0m Waiting up to 0 ms for condition
&amp#27;[38;5;227m[7a4d3510]&amp#27;[0m&amp#27;[38;5;-172m[AndroidUiautomator2Driver@b423]&amp#27;[0m Matched '/element' to command name 'findElement'
&amp#27;[38;5;227m[7a4d3510]&amp#27;[0m&amp#27;[38;5;-172m[AndroidUiautomator2Driver@b423]&amp#27;[0m Proxying [POST /element] to [POST http://127.0.0.1:8201/session/79087b6b-1ab3-4fe0-b6b2-ac2adad434c0/element] with body: {"strategy":"-android uiautomator","selector":"new UiScrollable(new UiSelector()).scrollIntoView(text(\"Argentina\"));","context":"","multiple":false}
&amp#27;[38;5;147m[90a0d0e0]&amp#27;[0m&amp#27;[38;5;229m[ADB]&amp#27;[0m Keyboard has no UI; no closing necessary
&amp#27;[38;5;147m[90a0d0e0]&amp#27;[0m&amp#27;[38;5;-20m[AndroidUiautomator2Driver@c2a7]&amp#27;[0m Responding to client with driver.execute() result: false
&amp#27;[38;5;147m[90a0d0e0]&amp#27;[0m&amp#27;[38;5;86m[HTTP]&amp#27;[0m &amp#27;[37m<-- POST /session/90a0d0e0-e7aa-4773-9db8-bd637a03077b/execute/sync &amp#27;[39m&amp#27;[32m200&amp#27;[39m &amp#27;[90m606 ms - 15&amp#27;[39m &amp#27;[90m&amp#27;[39m
&amp#27;[38;5;147m[90a0d0e0]&amp#27;[0m&amp#27;[38;5;86m[HTTP]&amp#27;[0m &amp#27;[37m-->&amp#27;[39m &amp#27;[37mPOST&amp#27;[39m &amp#27;[37m/session/90a0d0e0-e7aa-4773-9db8-bd637a03077b/element&amp#27;[39m &amp#27;[90m{"using":"id","value":"com.androidsample.generalstore:id/radioFemale"}&amp#27;[39m
&amp#27;[38;5;147m[90a0d0e0]&amp#27;[0m&amp#27;[38;5;-20m[AndroidUiautomator2Driver@c2a7]&amp#27;[0m Calling AppiumDriver.findElement() with args: ["id","com.androidsample.generalstore:id/radioFemale","90a0d0e0-e7aa-4773-9db8-bd637a03077b"]
&amp#27;[38;5;147m[90a0d0e0]&amp#27;[0m&amp#27;[38;5;-20m[AndroidUiautomator2Driver@c2a7]&amp#27;[0m Valid locator strategies for this request: xpath, id, class name, accessibility id, css selector, -android uiautomator
&amp#27;[38;5;147m[90a0d0e0]&amp#27;[0m&amp#27;[38;5;-20m[AndroidUiautomator2Driver@c2a7]&amp#27;[0m Waiting up to 0 ms for condition
&amp#27;[38;5;147m[90a0d0e0]&amp#27;[0m&amp#27;[38;5;-20m[AndroidUiautomator2Driver@c2a7]&amp#27;[0m Matched '/element' to command name 'findElement'
&amp#27;[38;5;147m[90a0d0e0]&amp#27;[0m&amp#27;[38;5;-20m[AndroidUiautomator2Driver@c2a7]&amp#27;[0m Proxying [POST /element] to [POST http://127.0.0.1:8202/session/c961158f-d744-4bfa-9c87-7cc014e2cd01/element] with body: {"strategy":"id","selector":"com.androidsample.generalstore:id/radioFemale","context":"","multiple":false}
&amp#27;[38;5;147m[90a0d0e0]&amp#27;[0m&amp#27;[38;5;-20m[AndroidUiautomator2Driver@c2a7]&amp#27;[0m Got response with status 200: {"sessionId":"c961158f-d744-4bfa-9c87-7cc014e2cd01","value":{"ELEMENT":"00000000-0000-061a-ffff-ffff00000020","element-6066-11e4-a52e-4f735466cecf":"00000000-0000-061a-ffff-ffff00000020"}}
&amp#27;[38;5;147m[90a0d0e0]&amp#27;[0m&amp#27;[38;5;-20m[AndroidUiautomator2Driver@c2a7]&amp#27;[0m Responding to client with driver.findElement() result: {"element-6066-11e4-a52e-4f735466cecf":"00000000-0000-061a-ffff-ffff00000020","ELEMENT":"00000000-0000-061a-ffff-ffff00000020"}
&amp#27;[38;5;147m[90a0d0e0]&amp#27;[0m&amp#27;[38;5;86m[HTTP]&amp#27;[0m &amp#27;[37m<-- POST /session/90a0d0e0-e7aa-4773-9db8-bd637a03077b/element &amp#27;[39m&amp#27;[32m200&amp#27;[39m &amp#27;[90m43 ms - 137&amp#27;[39m &amp#27;[90m&amp#27;[39m
&amp#27;[38;5;147m[90a0d0e0]&amp#27;[0m&amp#27;[38;5;86m[HTTP]&amp#27;[0m &amp#27;[37m-->&amp#27;[39m &amp#27;[37mPOST&amp#27;[39m &amp#27;[37m/session/90a0d0e0-e7aa-4773-9db8-bd637a03077b/element/00000000-0000-061a-ffff-ffff00000020/click&amp#27;[39m &amp#27;[90m{"id":"00000000-0000-061a-ffff-ffff00000020"}&amp#27;[39m
&amp#27;[38;5;147m[90a0d0e0]&amp#27;[0m&amp#27;[38;5;-20m[AndroidUiautomator2Driver@c2a7]&amp#27;[0m Calling AppiumDriver.click() with args: ["00000000-0000-061a-ffff-ffff00000020","90a0d0e0-e7aa-4773-9db8-bd637a03077b"]
&amp#27;[38;5;147m[90a0d0e0]&amp#27;[0m&amp#27;[38;5;-20m[AndroidUiautomator2Driver@c2a7]&amp#27;[0m Matched '/element/00000000-0000-061a-ffff-ffff00000020/click' to command name 'click'
&amp#27;[38;5;147m[90a0d0e0]&amp#27;[0m&amp#27;[38;5;-20m[AndroidUiautomator2Driver@c2a7]&amp#27;[0m Proxying [POST /element/00000000-0000-061a-ffff-ffff00000020/click] to [POST http://127.0.0.1:8202/session/c961158f-d744-4bfa-9c87-7cc014e2cd01/element/00000000-0000-061a-ffff-ffff00000020/click] with body: {"element":"00000000-0000-061a-ffff-ffff00000020"}
&amp#27;[38;5;147m[90a0d0e0]&amp#27;[0m&amp#27;[38;5;-20m[AndroidUiautomator2Driver@c2a7]&amp#27;[0m Got response with status 200: {"sessionId":"c961158f-d744-4bfa-9c87-7cc014e2cd01","value":null}
&amp#27;[38;5;147m[90a0d0e0]&amp#27;[0m&amp#27;[38;5;-20m[AndroidUiautomator2Driver@c2a7]&amp#27;[0m Responding to client with driver.click() result: null
&amp#27;[38;5;147m[90a0d0e0]&amp#27;[0m&amp#27;[38;5;86m[HTTP]&amp#27;[0m &amp#27;[37m<-- POST /session/90a0d0e0-e7aa-4773-9db8-bd637a03077b/element/00000000-0000-061a-ffff-ffff00000020/click &amp#27;[39m&amp#27;[32m200&amp#27;[39m &amp#27;[90m62 ms - 14&amp#27;[39m &amp#27;[90m&amp#27;[39m
&amp#27;[38;5;147m[90a0d0e0]&amp#27;[0m&amp#27;[38;5;86m[HTTP]&amp#27;[0m &amp#27;[37m-->&amp#27;[39m &amp#27;[37mPOST&amp#27;[39m &amp#27;[37m/session/90a0d0e0-e7aa-4773-9db8-bd637a03077b/element&amp#27;[39m &amp#27;[90m{"using":"id","value":"android:id/text1"}&amp#27;[39m
&amp#27;[38;5;147m[90a0d0e0]&amp#27;[0m&amp#27;[38;5;-20m[AndroidUiautomator2Driver@c2a7]&amp#27;[0m Calling AppiumDriver.findElement() with args: ["id","android:id/text1","90a0d0e0-e7aa-4773-9db8-bd637a03077b"]
&amp#27;[38;5;147m[90a0d0e0]&amp#27;[0m&amp#27;[38;5;-20m[AndroidUiautomator2Driver@c2a7]&amp#27;[0m Valid locator strategies for this request: xpath, id, class name, accessibility id, css selector, -android uiautomator
&amp#27;[38;5;147m[90a0d0e0]&amp#27;[0m&amp#27;[38;5;-20m[AndroidUiautomator2Driver@c2a7]&amp#27;[0m Waiting up to 0 ms for condition
&amp#27;[38;5;147m[90a0d0e0]&amp#27;[0m&amp#27;[38;5;-20m[AndroidUiautomator2Driver@c2a7]&amp#27;[0m Matched '/element' to command name 'findElement'
&amp#27;[38;5;147m[90a0d0e0]&amp#27;[0m&amp#27;[38;5;-20m[AndroidUiautomator2Driver@c2a7]&amp#27;[0m Proxying [POST /element] to [POST http://127.0.0.1:8202/session/c961158f-d744-4bfa-9c87-7cc014e2cd01/element] with body: {"strategy":"id","selector":"android:id/text1","context":"","multiple":false}
&amp#27;[38;5;147m[90a0d0e0]&amp#27;[0m&amp#27;[38;5;-20m[AndroidUiautomator2Driver@c2a7]&amp#27;[0m Got response with status 200: {"sessionId":"c961158f-d744-4bfa-9c87-7cc014e2cd01","value":{"ELEMENT":"00000000-0000-061a-ffff-ffff00000024","element-6066-11e4-a52e-4f735466cecf":"00000000-0000-061a-ffff-ffff00000024"}}
&amp#27;[38;5;147m[90a0d0e0]&amp#27;[0m&amp#27;[38;5;-20m[AndroidUiautomator2Driver@c2a7]&amp#27;[0m Responding to client with driver.findElement() result: {"element-6066-11e4-a52e-4f735466cecf":"00000000-0000-061a-ffff-ffff00000024","ELEMENT":"00000000-0000-061a-ffff-ffff00000024"}
&amp#27;[38;5;147m[90a0d0e0]&amp#27;[0m&amp#27;[38;5;86m[HTTP]&amp#27;[0m &amp#27;[37m<-- POST /session/90a0d0e0-e7aa-4773-9db8-bd637a03077b/element &amp#27;[39m&amp#27;[32m200&amp#27;[39m &amp#27;[90m521 ms - 137&amp#27;[39m &amp#27;[90m&amp#27;[39m
&amp#27;[38;5;147m[90a0d0e0]&amp#27;[0m&amp#27;[38;5;86m[HTTP]&amp#27;[0m &amp#27;[37m-->&amp#27;[39m &amp#27;[37mPOST&amp#27;[39m &amp#27;[37m/session/90a0d0e0-e7aa-4773-9db8-bd637a03077b/element/00000000-0000-061a-ffff-ffff00000024/click&amp#27;[39m &amp#27;[90m{"id":"00000000-0000-061a-ffff-ffff00000024"}&amp#27;[39m
&amp#27;[38;5;147m[90a0d0e0]&amp#27;[0m&amp#27;[38;5;-20m[AndroidUiautomator2Driver@c2a7]&amp#27;[0m Calling AppiumDriver.click() with args: ["00000000-0000-061a-ffff-ffff00000024","90a0d0e0-e7aa-4773-9db8-bd637a03077b"]
&amp#27;[38;5;147m[90a0d0e0]&amp#27;[0m&amp#27;[38;5;-20m[AndroidUiautomator2Driver@c2a7]&amp#27;[0m Matched '/element/00000000-0000-061a-ffff-ffff00000024/click' to command name 'click'
&amp#27;[38;5;147m[90a0d0e0]&amp#27;[0m&amp#27;[38;5;-20m[AndroidUiautomator2Driver@c2a7]&amp#27;[0m Proxying [POST /element/00000000-0000-061a-ffff-ffff00000024/click] to [POST http://127.0.0.1:8202/session/c961158f-d744-4bfa-9c87-7cc014e2cd01/element/00000000-0000-061a-ffff-ffff00000024/click] with body: {"element":"00000000-0000-061a-ffff-ffff00000024"}
&amp#27;[38;5;147m[90a0d0e0]&amp#27;[0m&amp#27;[38;5;-20m[AndroidUiautomator2Driver@c2a7]&amp#27;[0m Got response with status 200: {"sessionId":"c961158f-d744-4bfa-9c87-7cc014e2cd01","value":null}
&amp#27;[38;5;147m[90a0d0e0]&amp#27;[0m&amp#27;[38;5;-20m[AndroidUiautomator2Driver@c2a7]&amp#27;[0m Responding to client with driver.click() result: null
&amp#27;[38;5;147m[90a0d0e0]&amp#27;[0m&amp#27;[38;5;86m[HTTP]&amp#27;[0m &amp#27;[37m<-- POST /session/90a0d0e0-e7aa-4773-9db8-bd637a03077b/element/00000000-0000-061a-ffff-ffff00000024/click &amp#27;[39m&amp#27;[32m200&amp#27;[39m &amp#27;[90m70 ms - 14&amp#27;[39m &amp#27;[90m&amp#27;[39m
&amp#27;[38;5;147m[90a0d0e0]&amp#27;[0m&amp#27;[38;5;86m[HTTP]&amp#27;[0m &amp#27;[37m-->&amp#27;[39m &amp#27;[37mPOST&amp#27;[39m &amp#27;[37m/session/90a0d0e0-e7aa-4773-9db8-bd637a03077b/element&amp#27;[39m &amp#27;[90m{"using":"-android uiautomator","value":"new UiScrollable(new UiSelector()).scrollIntoView(text(\"Argentina\"));"}&amp#27;[39m
&amp#27;[38;5;147m[90a0d0e0]&amp#27;[0m&amp#27;[38;5;-20m[AndroidUiautomator2Driver@c2a7]&amp#27;[0m Calling AppiumDriver.findElement() with args: ["-android uiautomator","new UiScrollable(new UiSelector()).scrollIntoView(text(\"Argentina\"));","90a0d0e0-e7aa-4773-9db8-bd637a03077b"]
&amp#27;[38;5;147m[90a0d0e0]&amp#27;[0m&amp#27;[38;5;-20m[AndroidUiautomator2Driver@c2a7]&amp#27;[0m Valid locator strategies for this request: xpath, id, class name, accessibility id, css selector, -android uiautomator
&amp#27;[38;5;147m[90a0d0e0]&amp#27;[0m&amp#27;[38;5;-20m[AndroidUiautomator2Driver@c2a7]&amp#27;[0m Waiting up to 0 ms for condition
&amp#27;[38;5;147m[90a0d0e0]&amp#27;[0m&amp#27;[38;5;-20m[AndroidUiautomator2Driver@c2a7]&amp#27;[0m Matched '/element' to command name 'findElement'
&amp#27;[38;5;147m[90a0d0e0]&amp#27;[0m&amp#27;[38;5;-20m[AndroidUiautomator2Driver@c2a7]&amp#27;[0m Proxying [POST /element] to [POST http://127.0.0.1:8202/session/c961158f-d744-4bfa-9c87-7cc014e2cd01/element] with body: {"strategy":"-android uiautomator","selector":"new UiScrollable(new UiSelector()).scrollIntoView(text(\"Argentina\"));","context":"","multiple":false}
&amp#27;[38;5;227m[7a4d3510]&amp#27;[0m&amp#27;[38;5;-172m[AndroidUiautomator2Driver@b423]&amp#27;[0m Got response with status 200: {"sessionId":"79087b6b-1ab3-4fe0-b6b2-ac2adad434c0","value":{"ELEMENT":"00000000-0000-1126-ffff-ffff00000032","element-6066-11e4-a52e-4f735466cecf":"00000000-0000-1126-ffff-ffff00000032"}}
&amp#27;[38;5;227m[7a4d3510]&amp#27;[0m&amp#27;[38;5;-172m[AndroidUiautomator2Driver@b423]&amp#27;[0m Responding to client with driver.findElement() result: {"element-6066-11e4-a52e-4f735466cecf":"00000000-0000-1126-ffff-ffff00000032","ELEMENT":"00000000-0000-1126-ffff-ffff00000032"}
&amp#27;[38;5;227m[7a4d3510]&amp#27;[0m&amp#27;[38;5;86m[HTTP]&amp#27;[0m &amp#27;[37m<-- POST /session/7a4d3510-27eb-4adc-bf6d-9ce3c2de6d76/element &amp#27;[39m&amp#27;[32m200&amp#27;[39m &amp#27;[90m4697 ms - 137&amp#27;[39m &amp#27;[90m&amp#27;[39m
&amp#27;[38;5;227m[7a4d3510]&amp#27;[0m&amp#27;[38;5;86m[HTTP]&amp#27;[0m &amp#27;[37m-->&amp#27;[39m &amp#27;[37mPOST&amp#27;[39m &amp#27;[37m/session/7a4d3510-27eb-4adc-bf6d-9ce3c2de6d76/element&amp#27;[39m &amp#27;[90m{"using":"xpath","value":"//android.widget.TextView[@text='Argentina']"}&amp#27;[39m
&amp#27;[38;5;227m[7a4d3510]&amp#27;[0m&amp#27;[38;5;-172m[AndroidUiautomator2Driver@b423]&amp#27;[0m Calling AppiumDriver.findElement() with args: ["xpath","//android.widget.TextView[@text='Argentina']","7a4d3510-27eb-4adc-bf6d-9ce3c2de6d76"]
&amp#27;[38;5;227m[7a4d3510]&amp#27;[0m&amp#27;[38;5;-172m[AndroidUiautomator2Driver@b423]&amp#27;[0m Valid locator strategies for this request: xpath, id, class name, accessibility id, css selector, -android uiautomator
&amp#27;[38;5;227m[7a4d3510]&amp#27;[0m&amp#27;[38;5;-172m[AndroidUiautomator2Driver@b423]&amp#27;[0m Waiting up to 0 ms for condition
&amp#27;[38;5;227m[7a4d3510]&amp#27;[0m&amp#27;[38;5;-172m[AndroidUiautomator2Driver@b423]&amp#27;[0m Matched '/element' to command name 'findElement'
&amp#27;[38;5;227m[7a4d3510]&amp#27;[0m&amp#27;[38;5;-172m[AndroidUiautomator2Driver@b423]&amp#27;[0m Proxying [POST /element] to [POST http://127.0.0.1:8201/session/79087b6b-1ab3-4fe0-b6b2-ac2adad434c0/element] with body: {"strategy":"xpath","selector":"//android.widget.TextView[@text='Argentina']","context":"","multiple":false}
&amp#27;[38;5;227m[7a4d3510]&amp#27;[0m&amp#27;[38;5;-172m[AndroidUiautomator2Driver@b423]&amp#27;[0m Got response with status 200: {"sessionId":"79087b6b-1ab3-4fe0-b6b2-ac2adad434c0","value":{"ELEMENT":"00000000-0000-1126-ffff-ffff00000032","element-6066-11e4-a52e-4f735466cecf":"00000000-0000-1126-ffff-ffff00000032"}}
&amp#27;[38;5;227m[7a4d3510]&amp#27;[0m&amp#27;[38;5;-172m[AndroidUiautomator2Driver@b423]&amp#27;[0m Responding to client with driver.findElement() result: {"element-6066-11e4-a52e-4f735466cecf":"00000000-0000-1126-ffff-ffff00000032","ELEMENT":"00000000-0000-1126-ffff-ffff00000032"}
&amp#27;[38;5;227m[7a4d3510]&amp#27;[0m&amp#27;[38;5;86m[HTTP]&amp#27;[0m &amp#27;[37m<-- POST /session/7a4d3510-27eb-4adc-bf6d-9ce3c2de6d76/element &amp#27;[39m&amp#27;[32m200&amp#27;[39m &amp#27;[90m221 ms - 137&amp#27;[39m &amp#27;[90m&amp#27;[39m
&amp#27;[38;5;227m[7a4d3510]&amp#27;[0m&amp#27;[38;5;86m[HTTP]&amp#27;[0m &amp#27;[37m-->&amp#27;[39m &amp#27;[37mPOST&amp#27;[39m &amp#27;[37m/session/7a4d3510-27eb-4adc-bf6d-9ce3c2de6d76/element/00000000-0000-1126-ffff-ffff00000032/click&amp#27;[39m &amp#27;[90m{"id":"00000000-0000-1126-ffff-ffff00000032"}&amp#27;[39m
&amp#27;[38;5;227m[7a4d3510]&amp#27;[0m&amp#27;[38;5;-172m[AndroidUiautomator2Driver@b423]&amp#27;[0m Calling AppiumDriver.click() with args: ["00000000-0000-1126-ffff-ffff00000032","7a4d3510-27eb-4adc-bf6d-9ce3c2de6d76"]
&amp#27;[38;5;227m[7a4d3510]&amp#27;[0m&amp#27;[38;5;-172m[AndroidUiautomator2Driver@b423]&amp#27;[0m Matched '/element/00000000-0000-1126-ffff-ffff00000032/click' to command name 'click'
&amp#27;[38;5;227m[7a4d3510]&amp#27;[0m&amp#27;[38;5;-172m[AndroidUiautomator2Driver@b423]&amp#27;[0m Proxying [POST /element/00000000-0000-1126-ffff-ffff00000032/click] to [POST http://127.0.0.1:8201/session/79087b6b-1ab3-4fe0-b6b2-ac2adad434c0/element/00000000-0000-1126-ffff-ffff00000032/click] with body: {"element":"00000000-0000-1126-ffff-ffff00000032"}
&amp#27;[38;5;147m[90a0d0e0]&amp#27;[0m&amp#27;[38;5;-20m[AndroidUiautomator2Driver@c2a7]&amp#27;[0m Got response with status 200: {"sessionId":"c961158f-d744-4bfa-9c87-7cc014e2cd01","value":{"ELEMENT":"00000000-0000-061b-ffff-ffff00000032","element-6066-11e4-a52e-4f735466cecf":"00000000-0000-061b-ffff-ffff00000032"}}
&amp#27;[38;5;147m[90a0d0e0]&amp#27;[0m&amp#27;[38;5;-20m[AndroidUiautomator2Driver@c2a7]&amp#27;[0m Responding to client with driver.findElement() result: {"element-6066-11e4-a52e-4f735466cecf":"00000000-0000-061b-ffff-ffff00000032","ELEMENT":"00000000-0000-061b-ffff-ffff00000032"}
&amp#27;[38;5;147m[90a0d0e0]&amp#27;[0m&amp#27;[38;5;86m[HTTP]&amp#27;[0m &amp#27;[37m<-- POST /session/90a0d0e0-e7aa-4773-9db8-bd637a03077b/element &amp#27;[39m&amp#27;[32m200&amp#27;[39m &amp#27;[90m4027 ms - 137&amp#27;[39m &amp#27;[90m&amp#27;[39m
&amp#27;[38;5;147m[90a0d0e0]&amp#27;[0m&amp#27;[38;5;86m[HTTP]&amp#27;[0m &amp#27;[37m-->&amp#27;[39m &amp#27;[37mPOST&amp#27;[39m &amp#27;[37m/session/90a0d0e0-e7aa-4773-9db8-bd637a03077b/element&amp#27;[39m &amp#27;[90m{"using":"xpath","value":"//android.widget.TextView[@text='Argentina']"}&amp#27;[39m
&amp#27;[38;5;147m[90a0d0e0]&amp#27;[0m&amp#27;[38;5;-20m[AndroidUiautomator2Driver@c2a7]&amp#27;[0m Calling AppiumDriver.findElement() with args: ["xpath","//android.widget.TextView[@text='Argentina']","90a0d0e0-e7aa-4773-9db8-bd637a03077b"]
&amp#27;[38;5;147m[90a0d0e0]&amp#27;[0m&amp#27;[38;5;-20m[AndroidUiautomator2Driver@c2a7]&amp#27;[0m Valid locator strategies for this request: xpath, id, class name, accessibility id, css selector, -android uiautomator
&amp#27;[38;5;147m[90a0d0e0]&amp#27;[0m&amp#27;[38;5;-20m[AndroidUiautomator2Driver@c2a7]&amp#27;[0m Waiting up to 0 ms for condition
&amp#27;[38;5;147m[90a0d0e0]&amp#27;[0m&amp#27;[38;5;-20m[AndroidUiautomator2Driver@c2a7]&amp#27;[0m Matched '/element' to command name 'findElement'
&amp#27;[38;5;147m[90a0d0e0]&amp#27;[0m&amp#27;[38;5;-20m[AndroidUiautomator2Driver@c2a7]&amp#27;[0m Proxying [POST /element] to [POST http://127.0.0.1:8202/session/c961158f-d744-4bfa-9c87-7cc014e2cd01/element] with body: {"strategy":"xpath","selector":"//android.widget.TextView[@text='Argentina']","context":"","multiple":false}
&amp#27;[38;5;147m[90a0d0e0]&amp#27;[0m&amp#27;[38;5;-20m[AndroidUiautomator2Driver@c2a7]&amp#27;[0m Got response with status 200: {"sessionId":"c961158f-d744-4bfa-9c87-7cc014e2cd01","value":{"ELEMENT":"00000000-0000-061b-ffff-ffff00000032","element-6066-11e4-a52e-4f735466cecf":"00000000-0000-061b-ffff-ffff00000032"}}
&amp#27;[38;5;147m[90a0d0e0]&amp#27;[0m&amp#27;[38;5;-20m[AndroidUiautomator2Driver@c2a7]&amp#27;[0m Responding to client with driver.findElement() result: {"element-6066-11e4-a52e-4f735466cecf":"00000000-0000-061b-ffff-ffff00000032","ELEMENT":"00000000-0000-061b-ffff-ffff00000032"}
&amp#27;[38;5;147m[90a0d0e0]&amp#27;[0m&amp#27;[38;5;86m[HTTP]&amp#27;[0m &amp#27;[37m<-- POST /session/90a0d0e0-e7aa-4773-9db8-bd637a03077b/element &amp#27;[39m&amp#27;[32m200&amp#27;[39m &amp#27;[90m435 ms - 137&amp#27;[39m &amp#27;[90m&amp#27;[39m
&amp#27;[38;5;147m[90a0d0e0]&amp#27;[0m&amp#27;[38;5;86m[HTTP]&amp#27;[0m &amp#27;[37m-->&amp#27;[39m &amp#27;[37mPOST&amp#27;[39m &amp#27;[37m/session/90a0d0e0-e7aa-4773-9db8-bd637a03077b/element/00000000-0000-061b-ffff-ffff00000032/click&amp#27;[39m &amp#27;[90m{"id":"00000000-0000-061b-ffff-ffff00000032"}&amp#27;[39m
&amp#27;[38;5;147m[90a0d0e0]&amp#27;[0m&amp#27;[38;5;-20m[AndroidUiautomator2Driver@c2a7]&amp#27;[0m Calling AppiumDriver.click() with args: ["00000000-0000-061b-ffff-ffff00000032","90a0d0e0-e7aa-4773-9db8-bd637a03077b"]
&amp#27;[38;5;147m[90a0d0e0]&amp#27;[0m&amp#27;[38;5;-20m[AndroidUiautomator2Driver@c2a7]&amp#27;[0m Matched '/element/00000000-0000-061b-ffff-ffff00000032/click' to command name 'click'
&amp#27;[38;5;147m[90a0d0e0]&amp#27;[0m&amp#27;[38;5;-20m[AndroidUiautomator2Driver@c2a7]&amp#27;[0m Proxying [POST /element/00000000-0000-061b-ffff-ffff00000032/click] to [POST http://127.0.0.1:8202/session/c961158f-d744-4bfa-9c87-7cc014e2cd01/element/00000000-0000-061b-ffff-ffff00000032/click] with body: {"element":"00000000-0000-061b-ffff-ffff00000032"}
&amp#27;[38;5;227m[7a4d3510]&amp#27;[0m&amp#27;[38;5;-172m[AndroidUiautomator2Driver@b423]&amp#27;[0m Got response with status 200: {"sessionId":"79087b6b-1ab3-4fe0-b6b2-ac2adad434c0","value":null}
&amp#27;[38;5;227m[7a4d3510]&amp#27;[0m&amp#27;[38;5;-172m[AndroidUiautomator2Driver@b423]&amp#27;[0m Responding to client with driver.click() result: null
&amp#27;[38;5;227m[7a4d3510]&amp#27;[0m&amp#27;[38;5;86m[HTTP]&amp#27;[0m &amp#27;[37m<-- POST /session/7a4d3510-27eb-4adc-bf6d-9ce3c2de6d76/element/00000000-0000-1126-ffff-ffff00000032/click &amp#27;[39m&amp#27;[32m200&amp#27;[39m &amp#27;[90m674 ms - 14&amp#27;[39m &amp#27;[90m&amp#27;[39m
&amp#27;[38;5;227m[7a4d3510]&amp#27;[0m&amp#27;[38;5;86m[HTTP]&amp#27;[0m &amp#27;[37m-->&amp#27;[39m &amp#27;[37mPOST&amp#27;[39m &amp#27;[37m/session/7a4d3510-27eb-4adc-bf6d-9ce3c2de6d76/element&amp#27;[39m &amp#27;[90m{"using":"id","value":"com.androidsample.generalstore:id/btnLetsShop"}&amp#27;[39m
&amp#27;[38;5;227m[7a4d3510]&amp#27;[0m&amp#27;[38;5;-172m[AndroidUiautomator2Driver@b423]&amp#27;[0m Calling AppiumDriver.findElement() with args: ["id","com.androidsample.generalstore:id/btnLetsShop","7a4d3510-27eb-4adc-bf6d-9ce3c2de6d76"]
&amp#27;[38;5;227m[7a4d3510]&amp#27;[0m&amp#27;[38;5;-172m[AndroidUiautomator2Driver@b423]&amp#27;[0m Valid locator strategies for this request: xpath, id, class name, accessibility id, css selector, -android uiautomator
&amp#27;[38;5;227m[7a4d3510]&amp#27;[0m&amp#27;[38;5;-172m[AndroidUiautomator2Driver@b423]&amp#27;[0m Waiting up to 0 ms for condition
&amp#27;[38;5;227m[7a4d3510]&amp#27;[0m&amp#27;[38;5;-172m[AndroidUiautomator2Driver@b423]&amp#27;[0m Matched '/element' to command name 'findElement'
&amp#27;[38;5;227m[7a4d3510]&amp#27;[0m&amp#27;[38;5;-172m[AndroidUiautomator2Driver@b423]&amp#27;[0m Proxying [POST /element] to [POST http://127.0.0.1:8201/session/79087b6b-1ab3-4fe0-b6b2-ac2adad434c0/element] with body: {"strategy":"id","selector":"com.androidsample.generalstore:id/btnLetsShop","context":"","multiple":false}
&amp#27;[38;5;227m[7a4d3510]&amp#27;[0m&amp#27;[38;5;-172m[AndroidUiautomator2Driver@b423]&amp#27;[0m Got response with status 200: {"sessionId":"79087b6b-1ab3-4fe0-b6b2-ac2adad434c0","value":{"ELEMENT":"00000000-0000-1125-ffff-ffff00000021","element-6066-11e4-a52e-4f735466cecf":"00000000-0000-1125-ffff-ffff00000021"}}
&amp#27;[38;5;227m[7a4d3510]&amp#27;[0m&amp#27;[38;5;-172m[AndroidUiautomator2Driver@b423]&amp#27;[0m Responding to client with driver.findElement() result: {"element-6066-11e4-a52e-4f735466cecf":"00000000-0000-1125-ffff-ffff00000021","ELEMENT":"00000000-0000-1125-ffff-ffff00000021"}
&amp#27;[38;5;227m[7a4d3510]&amp#27;[0m&amp#27;[38;5;86m[HTTP]&amp#27;[0m &amp#27;[37m<-- POST /session/7a4d3510-27eb-4adc-bf6d-9ce3c2de6d76/element &amp#27;[39m&amp#27;[32m200&amp#27;[39m &amp#27;[90m71 ms - 137&amp#27;[39m &amp#27;[90m&amp#27;[39m
&amp#27;[38;5;227m[7a4d3510]&amp#27;[0m&amp#27;[38;5;86m[HTTP]&amp#27;[0m &amp#27;[37m-->&amp#27;[39m &amp#27;[37mPOST&amp#27;[39m &amp#27;[37m/session/7a4d3510-27eb-4adc-bf6d-9ce3c2de6d76/element/00000000-0000-1125-ffff-ffff00000021/click&amp#27;[39m &amp#27;[90m{"id":"00000000-0000-1125-ffff-ffff00000021"}&amp#27;[39m
&amp#27;[38;5;227m[7a4d3510]&amp#27;[0m&amp#27;[38;5;-172m[AndroidUiautomator2Driver@b423]&amp#27;[0m Calling AppiumDriver.click() with args: ["00000000-0000-1125-ffff-ffff00000021","7a4d3510-27eb-4adc-bf6d-9ce3c2de6d76"]
&amp#27;[38;5;227m[7a4d3510]&amp#27;[0m&amp#27;[38;5;-172m[AndroidUiautomator2Driver@b423]&amp#27;[0m Matched '/element/00000000-0000-1125-ffff-ffff00000021/click' to command name 'click'
&amp#27;[38;5;227m[7a4d3510]&amp#27;[0m&amp#27;[38;5;-172m[AndroidUiautomator2Driver@b423]&amp#27;[0m Proxying [POST /element/00000000-0000-1125-ffff-ffff00000021/click] to [POST http://127.0.0.1:8201/session/79087b6b-1ab3-4fe0-b6b2-ac2adad434c0/element/00000000-0000-1125-ffff-ffff00000021/click] with body: {"element":"00000000-0000-1125-ffff-ffff00000021"}
&amp#27;[38;5;227m[7a4d3510]&amp#27;[0m&amp#27;[38;5;-172m[AndroidUiautomator2Driver@b423]&amp#27;[0m Got response with status 200: {"sessionId":"79087b6b-1ab3-4fe0-b6b2-ac2adad434c0","value":null}
&amp#27;[38;5;227m[7a4d3510]&amp#27;[0m&amp#27;[38;5;-172m[AndroidUiautomator2Driver@b423]&amp#27;[0m Responding to client with driver.click() result: null
&amp#27;[38;5;227m[7a4d3510]&amp#27;[0m&amp#27;[38;5;86m[HTTP]&amp#27;[0m &amp#27;[37m<-- POST /session/7a4d3510-27eb-4adc-bf6d-9ce3c2de6d76/element/00000000-0000-1125-ffff-ffff00000021/click &amp#27;[39m&amp#27;[32m200&amp#27;[39m &amp#27;[90m85 ms - 14&amp#27;[39m &amp#27;[90m&amp#27;[39m
&amp#27;[38;5;147m[90a0d0e0]&amp#27;[0m&amp#27;[38;5;-20m[AndroidUiautomator2Driver@c2a7]&amp#27;[0m Got response with status 200: {"sessionId":"c961158f-d744-4bfa-9c87-7cc014e2cd01","value":null}
&amp#27;[38;5;147m[90a0d0e0]&amp#27;[0m&amp#27;[38;5;-20m[AndroidUiautomator2Driver@c2a7]&amp#27;[0m Responding to client with driver.click() result: null
&amp#27;[38;5;147m[90a0d0e0]&amp#27;[0m&amp#27;[38;5;86m[HTTP]&amp#27;[0m &amp#27;[37m<-- POST /session/90a0d0e0-e7aa-4773-9db8-bd637a03077b/element/00000000-0000-061b-ffff-ffff00000032/click &amp#27;[39m&amp#27;[32m200&amp#27;[39m &amp#27;[90m612 ms - 14&amp#27;[39m &amp#27;[90m&amp#27;[39m
&amp#27;[38;5;147m[90a0d0e0]&amp#27;[0m&amp#27;[38;5;86m[HTTP]&amp#27;[0m &amp#27;[37m-->&amp#27;[39m &amp#27;[37mPOST&amp#27;[39m &amp#27;[37m/session/90a0d0e0-e7aa-4773-9db8-bd637a03077b/element&amp#27;[39m &amp#27;[90m{"using":"id","value":"com.androidsample.generalstore:id/btnLetsShop"}&amp#27;[39m
&amp#27;[38;5;147m[90a0d0e0]&amp#27;[0m&amp#27;[38;5;-20m[AndroidUiautomator2Driver@c2a7]&amp#27;[0m Calling AppiumDriver.findElement() with args: ["id","com.androidsample.generalstore:id/btnLetsShop","90a0d0e0-e7aa-4773-9db8-bd637a03077b"]
&amp#27;[38;5;147m[90a0d0e0]&amp#27;[0m&amp#27;[38;5;-20m[AndroidUiautomator2Driver@c2a7]&amp#27;[0m Valid locator strategies for this request: xpath, id, class name, accessibility id, css selector, -android uiautomator
&amp#27;[38;5;147m[90a0d0e0]&amp#27;[0m&amp#27;[38;5;-20m[AndroidUiautomator2Driver@c2a7]&amp#27;[0m Waiting up to 0 ms for condition
&amp#27;[38;5;147m[90a0d0e0]&amp#27;[0m&amp#27;[38;5;-20m[AndroidUiautomator2Driver@c2a7]&amp#27;[0m Matched '/element' to command name 'findElement'
&amp#27;[38;5;147m[90a0d0e0]&amp#27;[0m&amp#27;[38;5;-20m[AndroidUiautomator2Driver@c2a7]&amp#27;[0m Proxying [POST /element] to [POST http://127.0.0.1:8202/session/c961158f-d744-4bfa-9c87-7cc014e2cd01/element] with body: {"strategy":"id","selector":"com.androidsample.generalstore:id/btnLetsShop","context":"","multiple":false}
&amp#27;[38;5;147m[90a0d0e0]&amp#27;[0m&amp#27;[38;5;-20m[AndroidUiautomator2Driver@c2a7]&amp#27;[0m Got response with status 200: {"sessionId":"c961158f-d744-4bfa-9c87-7cc014e2cd01","value":{"ELEMENT":"00000000-0000-061a-ffff-ffff00000021","element-6066-11e4-a52e-4f735466cecf":"00000000-0000-061a-ffff-ffff00000021"}}
&amp#27;[38;5;147m[90a0d0e0]&amp#27;[0m&amp#27;[38;5;-20m[AndroidUiautomator2Driver@c2a7]&amp#27;[0m Responding to client with driver.findElement() result: {"element-6066-11e4-a52e-4f735466cecf":"00000000-0000-061a-ffff-ffff00000021","ELEMENT":"00000000-0000-061a-ffff-ffff00000021"}
&amp#27;[38;5;147m[90a0d0e0]&amp#27;[0m&amp#27;[38;5;86m[HTTP]&amp#27;[0m &amp#27;[37m<-- POST /session/90a0d0e0-e7aa-4773-9db8-bd637a03077b/element &amp#27;[39m&amp#27;[32m200&amp#27;[39m &amp#27;[90m38 ms - 137&amp#27;[39m &amp#27;[90m&amp#27;[39m
&amp#27;[38;5;147m[90a0d0e0]&amp#27;[0m&amp#27;[38;5;86m[HTTP]&amp#27;[0m &amp#27;[37m-->&amp#27;[39m &amp#27;[37mPOST&amp#27;[39m &amp#27;[37m/session/90a0d0e0-e7aa-4773-9db8-bd637a03077b/element/00000000-0000-061a-ffff-ffff00000021/click&amp#27;[39m &amp#27;[90m{"id":"00000000-0000-061a-ffff-ffff00000021"}&amp#27;[39m
&amp#27;[38;5;147m[90a0d0e0]&amp#27;[0m&amp#27;[38;5;-20m[AndroidUiautomator2Driver@c2a7]&amp#27;[0m Calling AppiumDriver.click() with args: ["00000000-0000-061a-ffff-ffff00000021","90a0d0e0-e7aa-4773-9db8-bd637a03077b"]
&amp#27;[38;5;147m[90a0d0e0]&amp#27;[0m&amp#27;[38;5;-20m[AndroidUiautomator2Driver@c2a7]&amp#27;[0m Matched '/element/00000000-0000-061a-ffff-ffff00000021/click' to command name 'click'
&amp#27;[38;5;147m[90a0d0e0]&amp#27;[0m&amp#27;[38;5;-20m[AndroidUiautomator2Driver@c2a7]&amp#27;[0m Proxying [POST /element/00000000-0000-061a-ffff-ffff00000021/click] to [POST http://127.0.0.1:8202/session/c961158f-d744-4bfa-9c87-7cc014e2cd01/element/00000000-0000-061a-ffff-ffff00000021/click] with body: {"element":"00000000-0000-061a-ffff-ffff00000021"}
&amp#27;[38;5;147m[90a0d0e0]&amp#27;[0m&amp#27;[38;5;-20m[AndroidUiautomator2Driver@c2a7]&amp#27;[0m Got response with status 200: {"sessionId":"c961158f-d744-4bfa-9c87-7cc014e2cd01","value":null}
&amp#27;[38;5;147m[90a0d0e0]&amp#27;[0m&amp#27;[38;5;-20m[AndroidUiautomator2Driver@c2a7]&amp#27;[0m Responding to client with driver.click() result: null
&amp#27;[38;5;147m[90a0d0e0]&amp#27;[0m&amp#27;[38;5;86m[HTTP]&amp#27;[0m &amp#27;[37m<-- POST /session/90a0d0e0-e7aa-4773-9db8-bd637a03077b/element/00000000-0000-061a-ffff-ffff00000021/click &amp#27;[39m&amp#27;[32m200&amp#27;[39m &amp#27;[90m59 ms - 14&amp#27;[39m &amp#27;[90m&amp#27;[39m
&amp#27;[38;5;227m[7a4d3510]&amp#27;[0m&amp#27;[38;5;86m[HTTP]&amp#27;[0m &amp#27;[37m-->&amp#27;[39m &amp#27;[37mGET&amp#27;[39m &amp#27;[37m/session/7a4d3510-27eb-4adc-bf6d-9ce3c2de6d76/screenshot&amp#27;[39m &amp#27;[90m{}&amp#27;[39m
&amp#27;[38;5;227m[7a4d3510]&amp#27;[0m&amp#27;[38;5;-172m[AndroidUiautomator2Driver@b423]&amp#27;[0m Calling AppiumDriver.getScreenshot() with args: ["7a4d3510-27eb-4adc-bf6d-9ce3c2de6d76"]
&amp#27;[38;5;227m[7a4d3510]&amp#27;[0m&amp#27;[38;5;-172m[AndroidUiautomator2Driver@b423]&amp#27;[0m Matched '/screenshot' to command name 'getScreenshot'
&amp#27;[38;5;227m[7a4d3510]&amp#27;[0m&amp#27;[38;5;-172m[AndroidUiautomator2Driver@b423]&amp#27;[0m Proxying [GET /screenshot] to [GET http://127.0.0.1:8201/session/79087b6b-1ab3-4fe0-b6b2-ac2adad434c0/screenshot] with no body
&amp#27;[38;5;227m[7a4d3510]&amp#27;[0m&amp#27;[38;5;-172m[AndroidUiautomator2Driver@b423]&amp#27;[0m Got response with status 200: {"sessionId":"79087b6b-1ab3-4fe0-b6b2-ac2adad434c0","value":"iVBORw0KGgoAAAANSUhEUgAABDgAAAlgCAYAAABtGofVAAAAAXNSR0IArs4c6QAAAARzQklUCAgICHwIZIgAACAASURBVHic7N13fNT1/Qfw1+f7/d7MniRh7wAyZQkIuKuIaLXWvdtatT+1dmnttttOR92tts5WRdyDggwBBQHZewQCIXtdcvcdn98fJGmS+15yl1xyueT19NFH4Ts+3/cFfXD3us/n/RFp26+TICIiIiIiIiKKY0qsCyAiIiIiIiIi6iwGHEREREREREQU9xhwEBEREREREVHcY8BBRERERERERHGPAQcRERERERERxT0GHEREREREREQU9xhwEBEREREREVHcY8BBRERERERERHGPAQcRERERERERxT0GHEREREREREQU9xhwEBEREREREVHcY8BBRERERERERHGPAQcRERERERERxT0GHEREREREREQU9xhwEBEREREREVHcY8BBRERERERERHGPAQcRERERERERxT0GHEREREREREQU9xhwEBEREREREVHcY8BBRERERERERHGPAQcRERERERERxT0GHEREREREREQU9xhwEBEREREREVHcY8BBRERERERERHGPAQcRERERERERxT0GHEREREREREQU9xhwEBEREREREVHcY8BBRERERERERHGPAQcRERERERERxT0t1gUQERERERER9SQCAplaEmZ6RmGsawDyHOnI1dKQo6XCo7i6pYY6y49jRjmOGxUo1Muw3X8Ea+t2o8SohoTslhriDQMOIiIiIiIi6tMEBBIUF4Y4s3Fu4kSc7h2Dsa4B0EQMPzKriejvyGhxyJAGtvkLsLJ2Bz6o2YyDejF8lp+BRwORtv06/iSIiIiIiIiozxEQSFLcGOXKw4KkU7EoeTpSFG+sywpLuVmD16vW4YOazdjlP4pqq77PBx0MOIiIiIiIiKjPUSAwyJGJL6fM...
&amp#27;[38;5;227m[7a4d3510]&amp#27;[0m&amp#27;[38;5;-172m[AndroidUiautomator2Driver@b423]&amp#27;[0m Responding to client with driver.getScreenshot() result: "iVBORw0KGgoAAAANSUhEUgAABDgAAAlgCAYAAABtGofVAAAAAXNSR0IArs4c6QAAAARzQklUCAgICHwIZIgAACAASURBVHic7N13fNT1/Qfw1+f7/d7MniRh7wAyZQkIuKuIaLXWvdtatT+1dmnttttOR92tts5WRdyDggwBBQHZewQCIXtdcvcdn98fJGmS+15yl1xyueT19NFH4Ts+3/cFfXD3us/n/RFp26+TICIiIiIiIiKKY0qsCyAiIiIiIiIi6iwGHEREREREREQU9xhwEBEREREREVHcY8BBRERERERERHGPAQcRERERERERxT0GHEREREREREQU9xhwEBEREREREVHcY8BBRERERERERHGPAQcRERERERERxT0GHEREREREREQU9xhwEBEREREREVHcY8BBRERERERERHGPAQcRERERERERxT0GHEREREREREQU9xhwEBEREREREVHcY8BBRERERERERHGPAQcRERERERERxT0GHEREREREREQU9xhwEBEREREREVHcY8BBRERERERERHGPAQcRERERERERxT0GHEREREREREQU9xhwEBEREREREVHcY8BBRERERERERHGPAQcRERERERERxT0GHEREREREREQU9xhwEBEREREREVHcY8BBRERERERERHGPAQcRERERERERxT0t1gUQERERERER9SQCAplaEmZ6RmGsawDyHOnI1dKQo6XCo7i6pYY6y49jRjmOGxUo1Muw3X8Ea+t2o8SohoTslhriDQMOIiIiIiIi6tMEBBIUF4Y4s3Fu4kSc7h2Dsa4B0EQMPzKriejvyGhxyJAGtvkLsLJ2Bz6o2YyDejF8lp+BRwORtv06/iSIiIiIiIiozxEQSFLcGOXKw4KkU7EoeTpSFG+sywpLuVmD16vW4YOazdjlP4pqq77PBx0MOIiIiIiIiKjPUSAwyJGJL6fMxILEUzHImQklztpUWrBwOFCCt2s24D+Va1Cgl/bpkIMBBxEREREREfU541wD...
&amp#27;[38;5;227m[7a4d3510]&amp#27;[0m&amp#27;[38;5;86m[HTTP]&amp#27;[0m &amp#27;[37m<-- GET /session/7a4d3510-27eb-4adc-bf6d-9ce3c2de6d76/screenshot &amp#27;[39m&amp#27;[32m200&amp#27;[39m &amp#27;[90m445 ms - 379532&amp#27;[39m &amp#27;[90m&amp#27;[39m
]]></system-out>
  </testcase>
  <testcase name="SecondCase" classname="org.testCase.TestCase2" time="15.984">
    <system-out><![CDATA[&amp#27;[38;5;227m[7a4d3510]&amp#27;[0m&amp#27;[38;5;86m[HTTP]&amp#27;[0m &amp#27;[37m-->&amp#27;[39m &amp#27;[37mPOST&amp#27;[39m &amp#27;[37m/session/7a4d3510-27eb-4adc-bf6d-9ce3c2de6d76/execute/sync&amp#27;[39m &amp#27;[90m{"script":"mobile: isAppInstalled","args":[{"bundleId":"com.androidsample.generalstore","appId":"com.androidsample.generalstore"}]}&amp#27;[39m
&amp#27;[38;5;227m[7a4d3510]&amp#27;[0m&amp#27;[38;5;-172m[AndroidUiautomator2Driver@b423]&amp#27;[0m Calling AppiumDriver.execute() with args: ["mobile: isAppInstalled",[{"bundleId":"com.androidsample.generalstore","appId":"com.androidsample.generalstore"}],"7a4d3510-27eb-4adc-bf6d-9ce3c2de6d76"]
&amp#27;[38;5;227m[7a4d3510]&amp#27;[0m&amp#27;[38;5;123m[BaseDriver]&amp#27;[0m The following script arguments are not known and will be ignored: bundleId
&amp#27;[38;5;227m[7a4d3510]&amp#27;[0m&amp#27;[38;5;229m[ADB]&amp#27;[0m Getting install status for com.androidsample.generalstore
&amp#27;[38;5;227m[7a4d3510]&amp#27;[0m&amp#27;[38;5;229m[ADB]&amp#27;[0m Running 'C:\Users\sajus\AppData\Local\Android\Sdk\platform-tools\adb.exe -P 5037 -s R3CRC00KHBT shell cmd package list packages'
&amp#27;[38;5;147m[90a0d0e0]&amp#27;[0m&amp#27;[38;5;86m[HTTP]&amp#27;[0m &amp#27;[37m-->&amp#27;[39m &amp#27;[37mGET&amp#27;[39m &amp#27;[37m/session/90a0d0e0-e7aa-4773-9db8-bd637a03077b/screenshot&amp#27;[39m &amp#27;[90m{}&amp#27;[39m
&amp#27;[38;5;147m[90a0d0e0]&amp#27;[0m&amp#27;[38;5;-20m[AndroidUiautomator2Driver@c2a7]&amp#27;[0m Calling AppiumDriver.getScreenshot() with args: ["90a0d0e0-e7aa-4773-9db8-bd637a03077b"]
&amp#27;[38;5;147m[90a0d0e0]&amp#27;[0m&amp#27;[38;5;-20m[AndroidUiautomator2Driver@c2a7]&amp#27;[0m Matched '/screenshot' to command name 'getScreenshot'
&amp#27;[38;5;147m[90a0d0e0]&amp#27;[0m&amp#27;[38;5;-20m[AndroidUiautomator2Driver@c2a7]&amp#27;[0m Proxying [GET /screenshot] to [GET http://127.0.0.1:8202/session/c961158f-d744-4bfa-9c87-7cc014e2cd01/screenshot] with no body
&amp#27;[38;5;227m[7a4d3510]&amp#27;[0m&amp#27;[38;5;229m[ADB]&amp#27;[0m 'com.androidsample.generalstore' is installed
&amp#27;[38;5;227m[7a4d3510]&amp#27;[0m&amp#27;[38;5;-172m[AndroidUiautomator2Driver@b423]&amp#27;[0m Responding to client with driver.execute() result: true
&amp#27;[38;5;227m[7a4d3510]&amp#27;[0m&amp#27;[38;5;86m[HTTP]&amp#27;[0m &amp#27;[37m<-- POST /session/7a4d3510-27eb-4adc-bf6d-9ce3c2de6d76/execute/sync &amp#27;[39m&amp#27;[32m200&amp#27;[39m &amp#27;[90m108 ms - 14&amp#27;[39m &amp#27;[90m&amp#27;[39m
&amp#27;[38;5;227m[7a4d3510]&amp#27;[0m&amp#27;[38;5;86m[HTTP]&amp#27;[0m &amp#27;[37m-->&amp#27;[39m &amp#27;[37mPOST&amp#27;[39m &amp#27;[37m/session/7a4d3510-27eb-4adc-bf6d-9ce3c2de6d76/execute/sync&amp#27;[39m &amp#27;[90m{"script":"mobile: terminateApp","args":[{"bundleId":"com.androidsample.generalstore","appId":"com.androidsample.generalstore"}]}&amp#27;[39m
&amp#27;[38;5;227m[7a4d3510]&amp#27;[0m&amp#27;[38;5;-172m[AndroidUiautomator2Driver@b423]&amp#27;[0m Calling AppiumDriver.execute() with args: ["mobile: terminateApp",[{"bundleId":"com.androidsample.generalstore","appId":"com.androidsample.generalstore"}],"7a4d3510-27eb-4adc-bf6d-9ce3c2de6d76"]
&amp#27;[38;5;227m[7a4d3510]&amp#27;[0m&amp#27;[38;5;123m[BaseDriver]&amp#27;[0m The following script arguments are not known and will be ignored: bundleId
&amp#27;[38;5;227m[7a4d3510]&amp#27;[0m&amp#27;[38;5;-172m[AndroidUiautomator2Driver@b423]&amp#27;[0m Terminating 'com.androidsample.generalstore'
&amp#27;[38;5;227m[7a4d3510]&amp#27;[0m&amp#27;[38;5;229m[ADB]&amp#27;[0m Getting IDs of all 'com.androidsample.generalstore' processes
&amp#27;[38;5;227m[7a4d3510]&amp#27;[0m&amp#27;[38;5;229m[ADB]&amp#27;[0m Running 'C:\Users\sajus\AppData\Local\Android\Sdk\platform-tools\adb.exe -P 5037 -s R3CRC00KHBT shell pgrep -f \(\[\[:blank:\]\]\|\^\)com\.androidsample\.generalstore\(:\[a-zA-Z0-9_-\]\+\)\?\(\[\[:blank:\]\]\|\$\)'
&amp#27;[38;5;227m[7a4d3510]&amp#27;[0m&amp#27;[38;5;229m[ADB]&amp#27;[0m Running 'C:\Users\sajus\AppData\Local\Android\Sdk\platform-tools\adb.exe -P 5037 -s R3CRC00KHBT shell am force-stop com.androidsample.generalstore'
&amp#27;[38;5;227m[7a4d3510]&amp#27;[0m&amp#27;[38;5;-172m[AndroidUiautomator2Driver@b423]&amp#27;[0m Querying the state of 'com.androidsample.generalstore'
&amp#27;[38;5;227m[7a4d3510]&amp#27;[0m&amp#27;[38;5;229m[ADB]&amp#27;[0m Getting install status for com.androidsample.generalstore
&amp#27;[38;5;227m[7a4d3510]&amp#27;[0m&amp#27;[38;5;229m[ADB]&amp#27;[0m Running 'C:\Users\sajus\AppData\Local\Android\Sdk\platform-tools\adb.exe -P 5037 -s R3CRC00KHBT shell cmd package list packages'
&amp#27;[38;5;227m[7a4d3510]&amp#27;[0m&amp#27;[38;5;229m[ADB]&amp#27;[0m 'com.androidsample.generalstore' is installed
&amp#27;[38;5;227m[7a4d3510]&amp#27;[0m&amp#27;[38;5;229m[ADB]&amp#27;[0m Getting IDs of all 'com.androidsample.generalstore' processes
&amp#27;[38;5;227m[7a4d3510]&amp#27;[0m&amp#27;[38;5;229m[ADB]&amp#27;[0m Running 'C:\Users\sajus\AppData\Local\Android\Sdk\platform-tools\adb.exe -P 5037 -s R3CRC00KHBT shell pgrep -f \(\[\[:blank:\]\]\|\^\)com\.androidsample\.generalstore\(:\[a-zA-Z0-9_-\]\+\)\?\(\[\[:blank:\]\]\|\$\)'
&amp#27;[38;5;227m[7a4d3510]&amp#27;[0m&amp#27;[38;5;-172m[AndroidUiautomator2Driver@b423]&amp#27;[0m 'com.androidsample.generalstore' has been successfully terminated
&amp#27;[38;5;227m[7a4d3510]&amp#27;[0m&amp#27;[38;5;-172m[AndroidUiautomator2Driver@b423]&amp#27;[0m Responding to client with driver.execute() result: true
&amp#27;[38;5;227m[7a4d3510]&amp#27;[0m&amp#27;[38;5;86m[HTTP]&amp#27;[0m &amp#27;[37m<-- POST /session/7a4d3510-27eb-4adc-bf6d-9ce3c2de6d76/execute/sync &amp#27;[39m&amp#27;[32m200&amp#27;[39m &amp#27;[90m557 ms - 14&amp#27;[39m &amp#27;[90m&amp#27;[39m
🛑 App terminated: com.androidsample.generalstore
&amp#27;[38;5;227m[7a4d3510]&amp#27;[0m&amp#27;[38;5;86m[HTTP]&amp#27;[0m &amp#27;[37m-->&amp#27;[39m &amp#27;[37mDELETE&amp#27;[39m &amp#27;[37m/session/7a4d3510-27eb-4adc-bf6d-9ce3c2de6d76&amp#27;[39m &amp#27;[90m{}&amp#27;[39m
&amp#27;[38;5;227m[7a4d3510]&amp#27;[0m&amp#27;[38;5;-172m[AndroidUiautomator2Driver@b423]&amp#27;[0m Calling AppiumDriver.deleteSession() with args: ["7a4d3510-27eb-4adc-bf6d-9ce3c2de6d76"]
&amp#27;[38;5;227m[7a4d3510]&amp#27;[0m&amp#27;[38;5;64m[AppiumDriver@04b4]&amp#27;[0m Event 'quitSessionRequested' logged at 1750218068884 (23:41:08 GMT-0400 (Eastern Daylight Saving Time))
&amp#27;[38;5;227m[7a4d3510]&amp#27;[0m&amp#27;[38;5;64m[AppiumDriver@04b4]&amp#27;[0m Removing session 7a4d3510-27eb-4adc-bf6d-9ce3c2de6d76 from our master session list
&amp#27;[38;5;227m[7a4d3510]&amp#27;[0m&amp#27;[38;5;-172m[AndroidUiautomator2Driver@b423]&amp#27;[0m Deleting UiAutomator2 session
&amp#27;[38;5;227m[7a4d3510]&amp#27;[0m&amp#27;[38;5;-172m[AndroidUiautomator2Driver@b423]&amp#27;[0m Deleting UiAutomator2 server session
&amp#27;[38;5;227m[7a4d3510]&amp#27;[0m&amp#27;[38;5;-172m[AndroidUiautomator2Driver@b423]&amp#27;[0m Proxying [DELETE /] to [DELETE http://127.0.0.1:8201/session/79087b6b-1ab3-4fe0-b6b2-ac2adad434c0] with no body
&amp#27;[38;5;227m[7a4d3510]&amp#27;[0m&amp#27;[38;5;-172m[AndroidUiautomator2Driver@b423]&amp#27;[0m Got response with status 200: {"sessionId":"79087b6b-1ab3-4fe0-b6b2-ac2adad434c0","value":null}
&amp#27;[38;5;227m[7a4d3510]&amp#27;[0m&amp#27;[38;5;229m[ADB]&amp#27;[0m Getting IDs of all 'io.appium.uiautomator2.server' processes
&amp#27;[38;5;227m[7a4d3510]&amp#27;[0m&amp#27;[38;5;229m[ADB]&amp#27;[0m Running 'C:\Users\sajus\AppData\Local\Android\Sdk\platform-tools\adb.exe -P 5037 -s R3CRC00KHBT shell pgrep -f \(\[\[:blank:\]\]\|\^\)io\.appium\.uiautomator2\.server\(:\[a-zA-Z0-9_-\]\+\)\?\(\[\[:blank:\]\]\|\$\)'
&amp#27;[38;5;227m[7a4d3510]&amp#27;[0m&amp#27;[38;5;-172m[AndroidUiautomator2Driver@b423]&amp#27;[0m [Instrumentation] io.appium.uiautomator2.server.test.AppiumUiAutomator2Server:.
&amp#27;[38;5;227m[7a4d3510]&amp#27;[0m&amp#27;[38;5;-172m[AndroidUiautomator2Driver@b423]&amp#27;[0m [Instrumentation] 
&amp#27;[38;5;227m[7a4d3510]&amp#27;[0m&amp#27;[38;5;-172m[AndroidUiautomator2Driver@b423]&amp#27;[0m [Instrumentation] Time: 18.612
&amp#27;[38;5;227m[7a4d3510]&amp#27;[0m&amp#27;[38;5;-172m[AndroidUiautomator2Driver@b423]&amp#27;[0m [Instrumentation] 
&amp#27;[38;5;227m[7a4d3510]&amp#27;[0m&amp#27;[38;5;-172m[AndroidUiautomator2Driver@b423]&amp#27;[0m [Instrumentation] OK (1 test)
&amp#27;[38;5;227m[7a4d3510]&amp#27;[0m&amp#27;[38;5;-172m[AndroidUiautomator2Driver@b423]&amp#27;[0m [Instrumentation] 
&amp#27;[38;5;227m[7a4d3510]&amp#27;[0m&amp#27;[38;5;-172m[AndroidUiautomator2Driver@b423]&amp#27;[0m [Instrumentation] 
&amp#27;[38;5;227m[7a4d3510]&amp#27;[0m&amp#27;[38;5;-172m[AndroidUiautomator2Driver@b423]&amp#27;[0m [Instrumentation] The process has exited with code 0, signal null
&amp#27;[38;5;147m[90a0d0e0]&amp#27;[0m&amp#27;[38;5;-20m[AndroidUiautomator2Driver@c2a7]&amp#27;[0m Got response with status 200: {"sessionId":"c961158f-d744-4bfa-9c87-7cc014e2cd01","value":"iVBORw0KGgoAAAANSUhEUgAABDgAAAjoCAYAAAA5jhrUAAAAAXNSR0IArs4c6QAAAARzQklUCAgICHwIZIgAACAASURBVHic7N13nFTV/f/x9713Zhvb6CJdCdiQZhejgjExKpZYsbfEFnviTxMjJtYkxh6NosLXSFRUxJJYoogiiAbBaBSw0ZGyyy4L22buvb8/cFdmZ2Z3ZndnZ87O6+mD4Jy55XOXIMx7z/kcq+tnZ/oCAAAAAAAwmJ3uAgAAAAAAANqKgAMAAAAAABiPgAMAAAAAABiPgAMAAAAAABiPgAMAAAAAABiPgAMAAAAAABiPgAMAAAAAABiPgAMAAAAAABiPgAMAAAAAABiPgAMAAAAAABiPgAMAAAAAABiPgAMAAAAAABiPgAMAAAAAABiPgAMAAAAAABiPgAMAAAAAABiPgAMAAAAAABiPgAMAAAAAABiPgAMAAAAAABiPgAMAAAAAABiPgAMAAAAAABiPgAMAAAAAABiPgAMAAAAAABiPgAMAAAAAABiPgAMAAAAAABiPgAMAAAAAABgvkO4CgExgyZLV8LO17d8lyZfk+762/aPv/tdc2fKcAAAAALIPAQeyliVLAcvWzjk7aFr/KzUo2LPZ45eFNujUlXfp6/pvFfY9Y0KAbHlOAAAAIBElToH2yB2g4XkDVGIXaI+8ASpxujS+X+lu1ae1K1TpVeuT2hX6tG6FKt3qtNQ6tmAXvTjwuoSOnbD8Ns2pXpziijIbAQeyUpGdr9/1OlFndz1UToIrtQYFe2reTrfKlaepm97WTeufUZVXk+JK2yZbnhMAAABozoBgD/20aLR+WjRGYwt2afH4I4vGRLyeU71Y/6xaoH9WfaQVoY2pKhNtZHX97Ey+PYusEbAcXdTtx5rU6yR9v0CjdXz5umn9dP21/FWFfbedKmwf2fKcAAAAQHPGFuyiX3Q7PCqwaItX...
&amp#27;[38;5;147m[90a0d0e0]&amp#27;[0m&amp#27;[38;5;-20m[AndroidUiautomator2Driver@c2a7]&amp#27;[0m Responding to client with driver.getScreenshot() result: "iVBORw0KGgoAAAANSUhEUgAABDgAAAjoCAYAAAA5jhrUAAAAAXNSR0IArs4c6QAAAARzQklUCAgICHwIZIgAACAASURBVHic7N13nFTV/f/x9713Zhvb6CJdCdiQZhejgjExKpZYsbfEFnviTxMjJtYkxh6NosLXSFRUxJJYoogiiAbBaBSw0ZGyyy4L22buvb8/cFdmZ2Z3ZndnZ87O6+mD4Jy55XOXIMx7z/kcq+tnZ/oCAAAAAAAwmJ3uAgAAAAAAANqKgAMAAAAAABiPgAMAAAAAABiPgAMAAAAAABiPgAMAAAAAABiPgAMAAAAAABiPgAMAAAAAABiPgAMAAAAAABiPgAMAAAAAABiPgAMAAAAAABiPgAMAAAAAABiPgAMAAAAAABiPgAMAAAAAABiPgAMAAAAAABiPgAMAAAAAABiPgAMAAAAAABiPgAMAAAAAABiPgAMAAAAAABiPgAMAAAAAABiPgAMAAAAAABiPgAMAAAAAABiPgAMAAAAAABiPgAMAAAAAABiPgAMAAAAAABiPgAMAAAAAABgvkO4CgExgyZLV8LO17d8lyZfk+762/aPv/tdc2fKcAAAAALIPAQeyliVLAcvWzjk7aFr/KzUo2LPZ45eFNujUlXfp6/pvFfY9Y0KAbHlOAAAAIBElToH2yB2g4XkDVGIXaI+8ASpxujS+X+lu1ae1K1TpVeuT2hX6tG6FKt3qtNQ6tmAXvTjwuoSOnbD8Ns2pXpziijIbAQeyUpGdr9/1OlFndz1UToIrtQYFe2reTrfKlaepm97WTeufUZVXk+JK2yZbnhMAAABozoBgD/20aLR+WjRGYwt2afH4I4vGRLyeU71Y/6xaoH9WfaQVoY2pKhNtZHX97Ey+PYusEbAcXdTtx5rU6yR9v0CjdXz5umn9dP21/FWFfbedKmwf2fKcAAAAQHPGFuyiX3Q7PCqwaItXqhbob+Wvd8hsCWZwJIeAA1nBkqUiO0+zBv9eg3N6teu1v6lfr3HLbtRmtybt...
&amp#27;[38;5;227m[7a4d3510]&amp#27;[0m&amp#27;[38;5;229m[ADB]&amp#27;[0m Running 'C:\Users\sajus\AppData\Local\Android\Sdk\platform-tools\adb.exe -P 5037 -s R3CRC00KHBT shell am force-stop io.appium.uiautomator2.server'
&amp#27;[38;5;147m[90a0d0e0]&amp#27;[0m&amp#27;[38;5;86m[HTTP]&amp#27;[0m &amp#27;[37m<-- GET /session/90a0d0e0-e7aa-4773-9db8-bd637a03077b/screenshot &amp#27;[39m&amp#27;[32m200&amp#27;[39m &amp#27;[90m777 ms - 345276&amp#27;[39m &amp#27;[90m&amp#27;[39m
]]></system-out>
  </testcase>
  <testcase name="ThirdCase" classname="org.testCase.TestCase3" time="14.789">
    <system-out><![CDATA[&amp#27;[38;5;147m[90a0d0e0]&amp#27;[0m&amp#27;[38;5;86m[HTTP]&amp#27;[0m &amp#27;[37m-->&amp#27;[39m &amp#27;[37mPOST&amp#27;[39m &amp#27;[37m/session/90a0d0e0-e7aa-4773-9db8-bd637a03077b/execute/sync&amp#27;[39m &amp#27;[90m{"script":"mobile: isAppInstalled","args":[{"bundleId":"com.androidsample.generalstore","appId":"com.androidsample.generalstore"}]}&amp#27;[39m
&amp#27;[38;5;147m[90a0d0e0]&amp#27;[0m&amp#27;[38;5;-20m[AndroidUiautomator2Driver@c2a7]&amp#27;[0m Calling AppiumDriver.execute() with args: ["mobile: isAppInstalled",[{"bundleId":"com.androidsample.generalstore","appId":"com.androidsample.generalstore"}],"90a0d0e0-e7aa-4773-9db8-bd637a03077b"]
&amp#27;[38;5;147m[90a0d0e0]&amp#27;[0m&amp#27;[38;5;123m[BaseDriver]&amp#27;[0m The following script arguments are not known and will be ignored: bundleId
&amp#27;[38;5;147m[90a0d0e0]&amp#27;[0m&amp#27;[38;5;229m[ADB]&amp#27;[0m Getting install status for com.androidsample.generalstore
&amp#27;[38;5;147m[90a0d0e0]&amp#27;[0m&amp#27;[38;5;229m[ADB]&amp#27;[0m Running 'C:\Users\sajus\AppData\Local\Android\Sdk\platform-tools\adb.exe -P 5037 -s CTLID18120801016 shell cmd package list packages'
&amp#27;[38;5;227m[7a4d3510]&amp#27;[0m&amp#27;[38;5;229m[ADB]&amp#27;[0m Running 'C:\Users\sajus\AppData\Local\Android\Sdk\platform-tools\adb.exe -P 5037 -s R3CRC00KHBT shell am force-stop io.appium.uiautomator2.server.test'
&amp#27;[38;5;147m[90a0d0e0]&amp#27;[0m&amp#27;[38;5;229m[ADB]&amp#27;[0m 'com.androidsample.generalstore' is installed
&amp#27;[38;5;147m[90a0d0e0]&amp#27;[0m&amp#27;[38;5;-20m[AndroidUiautomator2Driver@c2a7]&amp#27;[0m Responding to client with driver.execute() result: true
&amp#27;[38;5;147m[90a0d0e0]&amp#27;[0m&amp#27;[38;5;86m[HTTP]&amp#27;[0m &amp#27;[37m<-- POST /session/90a0d0e0-e7aa-4773-9db8-bd637a03077b/execute/sync &amp#27;[39m&amp#27;[32m200&amp#27;[39m &amp#27;[90m120 ms - 14&amp#27;[39m &amp#27;[90m&amp#27;[39m
&amp#27;[38;5;147m[90a0d0e0]&amp#27;[0m&amp#27;[38;5;86m[HTTP]&amp#27;[0m &amp#27;[37m-->&amp#27;[39m &amp#27;[37mPOST&amp#27;[39m &amp#27;[37m/session/90a0d0e0-e7aa-4773-9db8-bd637a03077b/execute/sync&amp#27;[39m &amp#27;[90m{"script":"mobile: terminateApp","args":[{"bundleId":"com.androidsample.generalstore","appId":"com.androidsample.generalstore"}]}&amp#27;[39m
&amp#27;[38;5;147m[90a0d0e0]&amp#27;[0m&amp#27;[38;5;-20m[AndroidUiautomator2Driver@c2a7]&amp#27;[0m Calling AppiumDriver.execute() with args: ["mobile: terminateApp",[{"bundleId":"com.androidsample.generalstore","appId":"com.androidsample.generalstore"}],"90a0d0e0-e7aa-4773-9db8-bd637a03077b"]
&amp#27;[38;5;147m[90a0d0e0]&amp#27;[0m&amp#27;[38;5;123m[BaseDriver]&amp#27;[0m The following script arguments are not known and will be ignored: bundleId
&amp#27;[38;5;147m[90a0d0e0]&amp#27;[0m&amp#27;[38;5;-20m[AndroidUiautomator2Driver@c2a7]&amp#27;[0m Terminating 'com.androidsample.generalstore'
&amp#27;[38;5;147m[90a0d0e0]&amp#27;[0m&amp#27;[38;5;229m[ADB]&amp#27;[0m Getting IDs of all 'com.androidsample.generalstore' processes
&amp#27;[38;5;147m[90a0d0e0]&amp#27;[0m&amp#27;[38;5;229m[ADB]&amp#27;[0m Running 'C:\Users\sajus\AppData\Local\Android\Sdk\platform-tools\adb.exe -P 5037 -s CTLID18120801016 shell pgrep -f \(\[\[:blank:\]\]\|\^\)com\.androidsample\.generalstore\(:\[a-zA-Z0-9_-\]\+\)\?\(\[\[:blank:\]\]\|\$\)'
&amp#27;[38;5;227m[7a4d3510]&amp#27;[0m&amp#27;[38;5;229m[ADB]&amp#27;[0m Running 'C:\Users\sajus\AppData\Local\Android\Sdk\platform-tools\adb.exe -P 5037 -s R3CRC00KHBT shell dumpsys activity services io.appium.settings/.recorder.RecorderService'
&amp#27;[38;5;227m[7a4d3510]&amp#27;[0m&amp#27;[38;5;229m[ADB]&amp#27;[0m Removing forwarded port socket connection: 8201 
&amp#27;[38;5;227m[7a4d3510]&amp#27;[0m&amp#27;[38;5;229m[ADB]&amp#27;[0m Running 'C:\Users\sajus\AppData\Local\Android\Sdk\platform-tools\adb.exe -P 5037 -s R3CRC00KHBT forward --remove tcp:8201'
&amp#27;[38;5;227m[7a4d3510]&amp#27;[0m&amp#27;[38;5;-172m[AndroidUiautomator2Driver@b423]&amp#27;[0m Restoring hidden api policy to the device default configuration
&amp#27;[38;5;227m[7a4d3510]&amp#27;[0m&amp#27;[38;5;229m[ADB]&amp#27;[0m Running 'C:\Users\sajus\AppData\Local\Android\Sdk\platform-tools\adb.exe -P 5037 -s R3CRC00KHBT shell 'settings delete global hidden_api_policy_pre_p_apps;settings delete global hidden_api_policy_p_apps;settings delete global hidden_api_policy''
&amp#27;[38;5;147m[90a0d0e0]&amp#27;[0m&amp#27;[38;5;229m[ADB]&amp#27;[0m Running 'C:\Users\sajus\AppData\Local\Android\Sdk\platform-tools\adb.exe -P 5037 -s CTLID18120801016 shell am force-stop com.androidsample.generalstore'
&amp#27;[38;5;147m[90a0d0e0]&amp#27;[0m&amp#27;[38;5;-20m[AndroidUiautomator2Driver@c2a7]&amp#27;[0m Querying the state of 'com.androidsample.generalstore'
&amp#27;[38;5;147m[90a0d0e0]&amp#27;[0m&amp#27;[38;5;229m[ADB]&amp#27;[0m Getting install status for com.androidsample.generalstore
&amp#27;[38;5;147m[90a0d0e0]&amp#27;[0m&amp#27;[38;5;229m[ADB]&amp#27;[0m Running 'C:\Users\sajus\AppData\Local\Android\Sdk\platform-tools\adb.exe -P 5037 -s CTLID18120801016 shell cmd package list packages'
&amp#27;[38;5;147m[90a0d0e0]&amp#27;[0m&amp#27;[38;5;229m[ADB]&amp#27;[0m 'com.androidsample.generalstore' is installed
&amp#27;[38;5;147m[90a0d0e0]&amp#27;[0m&amp#27;[38;5;229m[ADB]&amp#27;[0m Getting IDs of all 'com.androidsample.generalstore' processes
&amp#27;[38;5;147m[90a0d0e0]&amp#27;[0m&amp#27;[38;5;229m[ADB]&amp#27;[0m Running 'C:\Users\sajus\AppData\Local\Android\Sdk\platform-tools\adb.exe -P 5037 -s CTLID18120801016 shell pgrep -f \(\[\[:blank:\]\]\|\^\)com\.androidsample\.generalstore\(:\[a-zA-Z0-9_-\]\+\)\?\(\[\[:blank:\]\]\|\$\)'
&amp#27;[38;5;227m[7a4d3510]&amp#27;[0m&amp#27;[38;5;160m[Logcat]&amp#27;[0m Stopping logcat capture
&amp#27;[38;5;227m[7a4d3510]&amp#27;[0m&amp#27;[38;5;64m[AppiumDriver@04b4]&amp#27;[0m Event 'quitSessionFinished' logged at 1750218069584 (23:41:09 GMT-0400 (Eastern Daylight Saving Time))
&amp#27;[38;5;227m[7a4d3510]&amp#27;[0m&amp#27;[38;5;64m[AppiumDriver@04b4]&amp#27;[0m Received response: null
&amp#27;[38;5;227m[7a4d3510]&amp#27;[0m&amp#27;[38;5;64m[AppiumDriver@04b4]&amp#27;[0m But deleting session, so not returning
&amp#27;[38;5;227m[7a4d3510]&amp#27;[0m&amp#27;[38;5;64m[AppiumDriver@04b4]&amp#27;[0m Responding to client with driver.deleteSession() result: null
&amp#27;[38;5;227m[7a4d3510]&amp#27;[0m&amp#27;[38;5;86m[HTTP]&amp#27;[0m &amp#27;[37m<-- DELETE /session/7a4d3510-27eb-4adc-bf6d-9ce3c2de6d76 &amp#27;[39m&amp#27;[32m200&amp#27;[39m &amp#27;[90m702 ms - 14&amp#27;[39m &amp#27;[90m&amp#27;[39m
&amp#27;[38;5;86m[HTTP]&amp#27;[0m &amp#27;[37m-->&amp#27;[39m &amp#27;[37mGET&amp#27;[39m &amp#27;[37m/status&amp#27;[39m &amp#27;[90m{}&amp#27;[39m
&amp#27;[38;5;64m[AppiumDriver@04b4]&amp#27;[0m Calling AppiumDriver.getStatus() with args: []
&amp#27;[38;5;64m[AppiumDriver@04b4]&amp#27;[0m Responding to client with driver.getStatus() result: {"ready":true,"message":"The server is ready to accept new connections","build":{"version":"2.18.0"}}
&amp#27;[38;5;86m[HTTP]&amp#27;[0m &amp#27;[37m<-- GET /status &amp#27;[39m&amp#27;[32m200&amp#27;[39m &amp#27;[90m1 ms - 111&amp#27;[39m &amp#27;[90m&amp#27;[39m
Appium server stopped
✅ Test completed for device: Samsung_Galaxy_S21
&amp#27;[38;5;147m[90a0d0e0]&amp#27;[0m&amp#27;[38;5;-20m[AndroidUiautomator2Driver@c2a7]&amp#27;[0m 'com.androidsample.generalstore' has been successfully terminated
&amp#27;[38;5;147m[90a0d0e0]&amp#27;[0m&amp#27;[38;5;-20m[AndroidUiautomator2Driver@c2a7]&amp#27;[0m Responding to client with driver.execute() result: true
&amp#27;[38;5;147m[90a0d0e0]&amp#27;[0m&amp#27;[38;5;86m[HTTP]&amp#27;[0m &amp#27;[37m<-- POST /session/90a0d0e0-e7aa-4773-9db8-bd637a03077b/execute/sync &amp#27;[39m&amp#27;[32m200&amp#27;[39m &amp#27;[90m533 ms - 14&amp#27;[39m &amp#27;[90m&amp#27;[39m
🛑 App terminated: com.androidsample.generalstore
&amp#27;[38;5;147m[90a0d0e0]&amp#27;[0m&amp#27;[38;5;86m[HTTP]&amp#27;[0m &amp#27;[37m-->&amp#27;[39m &amp#27;[37mDELETE&amp#27;[39m &amp#27;[37m/session/90a0d0e0-e7aa-4773-9db8-bd637a03077b&amp#27;[39m &amp#27;[90m{}&amp#27;[39m
&amp#27;[38;5;147m[90a0d0e0]&amp#27;[0m&amp#27;[38;5;-20m[AndroidUiautomator2Driver@c2a7]&amp#27;[0m Calling AppiumDriver.deleteSession() with args: ["90a0d0e0-e7aa-4773-9db8-bd637a03077b"]
&amp#27;[38;5;147m[90a0d0e0]&amp#27;[0m&amp#27;[38;5;85m[AppiumDriver@0de2]&amp#27;[0m Event 'quitSessionRequested' logged at 1750218069707 (23:41:09 GMT-0400 (Eastern Daylight Saving Time))
&amp#27;[38;5;147m[90a0d0e0]&amp#27;[0m&amp#27;[38;5;85m[AppiumDriver@0de2]&amp#27;[0m Removing session 90a0d0e0-e7aa-4773-9db8-bd637a03077b from our master session list
&amp#27;[38;5;147m[90a0d0e0]&amp#27;[0m&amp#27;[38;5;-20m[AndroidUiautomator2Driver@c2a7]&amp#27;[0m Deleting UiAutomator2 session
&amp#27;[38;5;147m[90a0d0e0]&amp#27;[0m&amp#27;[38;5;-20m[AndroidUiautomator2Driver@c2a7]&amp#27;[0m Deleting UiAutomator2 server session
&amp#27;[38;5;147m[90a0d0e0]&amp#27;[0m&amp#27;[38;5;-20m[AndroidUiautomator2Driver@c2a7]&amp#27;[0m Proxying [DELETE /] to [DELETE http://127.0.0.1:8202/session/c961158f-d744-4bfa-9c87-7cc014e2cd01] with no body
&amp#27;[38;5;147m[90a0d0e0]&amp#27;[0m&amp#27;[38;5;-20m[AndroidUiautomator2Driver@c2a7]&amp#27;[0m Got response with status 200: {"sessionId":"c961158f-d744-4bfa-9c87-7cc014e2cd01","value":null}
&amp#27;[38;5;147m[90a0d0e0]&amp#27;[0m&amp#27;[38;5;229m[ADB]&amp#27;[0m Getting IDs of all 'io.appium.uiautomator2.server' processes
&amp#27;[38;5;147m[90a0d0e0]&amp#27;[0m&amp#27;[38;5;229m[ADB]&amp#27;[0m Running 'C:\Users\sajus\AppData\Local\Android\Sdk\platform-tools\adb.exe -P 5037 -s CTLID18120801016 shell pgrep -f \(\[\[:blank:\]\]\|\^\)io\.appium\.uiautomator2\.server\(:\[a-zA-Z0-9_-\]\+\)\?\(\[\[:blank:\]\]\|\$\)'
&amp#27;[38;5;147m[90a0d0e0]&amp#27;[0m&amp#27;[38;5;-20m[AndroidUiautomator2Driver@c2a7]&amp#27;[0m [Instrumentation] io.appium.uiautomator2.server.test.AppiumUiAutomator2Server:.
&amp#27;[38;5;147m[90a0d0e0]&amp#27;[0m&amp#27;[38;5;-20m[AndroidUiautomator2Driver@c2a7]&amp#27;[0m [Instrumentation] 
&amp#27;[38;5;147m[90a0d0e0]&amp#27;[0m&amp#27;[38;5;-20m[AndroidUiautomator2Driver@c2a7]&amp#27;[0m [Instrumentation] Time: 18.376
&amp#27;[38;5;147m[90a0d0e0]&amp#27;[0m&amp#27;[38;5;-20m[AndroidUiautomator2Driver@c2a7]&amp#27;[0m [Instrumentation] 
&amp#27;[38;5;147m[90a0d0e0]&amp#27;[0m&amp#27;[38;5;-20m[AndroidUiautomator2Driver@c2a7]&amp#27;[0m [Instrumentation] OK (1 test)
&amp#27;[38;5;147m[90a0d0e0]&amp#27;[0m&amp#27;[38;5;-20m[AndroidUiautomator2Driver@c2a7]&amp#27;[0m [Instrumentation] 
&amp#27;[38;5;147m[90a0d0e0]&amp#27;[0m&amp#27;[38;5;-20m[AndroidUiautomator2Driver@c2a7]&amp#27;[0m [Instrumentation] 
&amp#27;[38;5;147m[90a0d0e0]&amp#27;[0m&amp#27;[38;5;-20m[AndroidUiautomator2Driver@c2a7]&amp#27;[0m [Instrumentation] The process has exited with code null, signal SIGTERM
&amp#27;[38;5;147m[90a0d0e0]&amp#27;[0m&amp#27;[38;5;229m[ADB]&amp#27;[0m Running 'C:\Users\sajus\AppData\Local\Android\Sdk\platform-tools\adb.exe -P 5037 -s CTLID18120801016 shell am force-stop io.appium.uiautomator2.server'
&amp#27;[38;5;147m[90a0d0e0]&amp#27;[0m&amp#27;[38;5;229m[ADB]&amp#27;[0m Running 'C:\Users\sajus\AppData\Local\Android\Sdk\platform-tools\adb.exe -P 5037 -s CTLID18120801016 shell am force-stop io.appium.uiautomator2.server.test'
&amp#27;[38;5;147m[90a0d0e0]&amp#27;[0m&amp#27;[38;5;229m[ADB]&amp#27;[0m Running 'C:\Users\sajus\AppData\Local\Android\Sdk\platform-tools\adb.exe -P 5037 -s CTLID18120801016 shell dumpsys activity services io.appium.settings/.recorder.RecorderService'
&amp#27;[38;5;147m[90a0d0e0]&amp#27;[0m&amp#27;[38;5;229m[ADB]&amp#27;[0m Removing forwarded port socket connection: 8202 
&amp#27;[38;5;147m[90a0d0e0]&amp#27;[0m&amp#27;[38;5;229m[ADB]&amp#27;[0m Running 'C:\Users\sajus\AppData\Local\Android\Sdk\platform-tools\adb.exe -P 5037 -s CTLID18120801016 forward --remove tcp:8202'
&amp#27;[38;5;147m[90a0d0e0]&amp#27;[0m&amp#27;[38;5;-20m[AndroidUiautomator2Driver@c2a7]&amp#27;[0m Restoring hidden api policy to the device default configuration
&amp#27;[38;5;147m[90a0d0e0]&amp#27;[0m&amp#27;[38;5;229m[ADB]&amp#27;[0m Running 'C:\Users\sajus\AppData\Local\Android\Sdk\platform-tools\adb.exe -P 5037 -s CTLID18120801016 shell 'settings delete global hidden_api_policy_pre_p_apps;settings delete global hidden_api_policy_p_apps;settings delete global hidden_api_policy''
&amp#27;[38;5;147m[90a0d0e0]&amp#27;[0m&amp#27;[38;5;160m[Logcat]&amp#27;[0m Stopping logcat capture
&amp#27;[38;5;147m[90a0d0e0]&amp#27;[0m&amp#27;[38;5;85m[AppiumDriver@0de2]&amp#27;[0m Event 'quitSessionFinished' logged at 1750218070347 (23:41:10 GMT-0400 (Eastern Daylight Saving Time))
&amp#27;[38;5;147m[90a0d0e0]&amp#27;[0m&amp#27;[38;5;85m[AppiumDriver@0de2]&amp#27;[0m Received response: null
&amp#27;[38;5;147m[90a0d0e0]&amp#27;[0m&amp#27;[38;5;85m[AppiumDriver@0de2]&amp#27;[0m But deleting session, so not returning
&amp#27;[38;5;147m[90a0d0e0]&amp#27;[0m&amp#27;[38;5;85m[AppiumDriver@0de2]&amp#27;[0m Responding to client with driver.deleteSession() result: null
&amp#27;[38;5;147m[90a0d0e0]&amp#27;[0m&amp#27;[38;5;86m[HTTP]&amp#27;[0m &amp#27;[37m<-- DELETE /session/90a0d0e0-e7aa-4773-9db8-bd637a03077b &amp#27;[39m&amp#27;[32m200&amp#27;[39m &amp#27;[90m641 ms - 14&amp#27;[39m &amp#27;[90m&amp#27;[39m
&amp#27;[38;5;86m[HTTP]&amp#27;[0m &amp#27;[37m-->&amp#27;[39m &amp#27;[37mGET&amp#27;[39m &amp#27;[37m/status&amp#27;[39m &amp#27;[90m{}&amp#27;[39m
&amp#27;[38;5;85m[AppiumDriver@0de2]&amp#27;[0m Calling AppiumDriver.getStatus() with args: []
&amp#27;[38;5;85m[AppiumDriver@0de2]&amp#27;[0m Responding to client with driver.getStatus() result: {"ready":true,"message":"The server is ready to accept new connections","build":{"version":"2.18.0"}}
&amp#27;[38;5;86m[HTTP]&amp#27;[0m &amp#27;[37m<-- GET /status &amp#27;[39m&amp#27;[32m200&amp#27;[39m &amp#27;[90m1 ms - 111&amp#27;[39m &amp#27;[90m&amp#27;[39m
Appium server stopped
✅ Test completed for device: Nokia
&amp#27;[38;5;112m[Appium]&amp#27;[0m Welcome to Appium v2.18.0
&amp#27;[38;5;112m[Appium]&amp#27;[0m Non-default server args:
&amp#27;[38;5;112m[Appium]&amp#27;[0m { port: &amp#27;[33m4724&amp#27;[39m }
&amp#27;[38;5;112m[Appium]&amp#27;[0m The autodetected Appium home path: C:\Users\sajus\.appium
&amp#27;[38;5;112m[Appium]&amp#27;[0m Attempting to load driver uiautomator2...
&amp#27;[38;5;112m[Appium]&amp#27;[0m Requiring driver at C:\Users\sajus\.appium\node_modules\appium-uiautomator2-driver\build\index.js
&amp#27;[38;5;112m[Appium]&amp#27;[0m Welcome to Appium v2.18.0
&amp#27;[38;5;112m[Appium]&amp#27;[0m The autodetected Appium home path: C:\Users\sajus\.appium
&amp#27;[38;5;112m[Appium]&amp#27;[0m Attempting to load driver uiautomator2...
&amp#27;[38;5;112m[Appium]&amp#27;[0m Requiring driver at C:\Users\sajus\.appium\node_modules\appium-uiautomator2-driver\build\index.js
&amp#27;[38;5;112m[Appium]&amp#27;[0m AndroidUiautomator2Driver has been successfully loaded in 0.925s
&amp#27;[38;5;112m[Appium]&amp#27;[0m Appium REST http interface listener started on http://0.0.0.0:4724
&amp#27;[38;5;112m[Appium]&amp#27;[0m You can provide the following URLs in your client code to connect to this server:
	http://192.168.2.20:4724/
	http://127.0.0.1:4724/ (only accessible from the same host)
&amp#27;[38;5;112m[Appium]&amp#27;[0m Available drivers:
&amp#27;[38;5;112m[Appium]&amp#27;[0m   - uiautomator2@4.2.3 (automationName 'UiAutomator2')
&amp#27;[38;5;112m[Appium]&amp#27;[0m No plugins have been installed. Use the "appium plugin" command to install the one(s) you want to use.
&amp#27;[38;5;86m[HTTP]&amp#27;[0m &amp#27;[37m-->&amp#27;[39m &amp#27;[37mGET&amp#27;[39m &amp#27;[37m/status&amp#27;[39m &amp#27;[90m{}&amp#27;[39m
&amp#27;[38;5;188m[AppiumDriver@108a]&amp#27;[0m Calling AppiumDriver.getStatus() with args: []
&amp#27;[38;5;188m[AppiumDriver@108a]&amp#27;[0m Responding to client with driver.getStatus() result: {"ready":true,"message":"The server is ready to accept new connections","build":{"version":"2.18.0"}}
Appium server started on port: 4724
&amp#27;[38;5;86m[HTTP]&amp#27;[0m &amp#27;[37m<-- GET /status &amp#27;[39m&amp#27;[32m200&amp#27;[39m &amp#27;[90m5 ms - 111&amp#27;[39m &amp#27;[90m&amp#27;[39m
&amp#27;[38;5;86m[HTTP]&amp#27;[0m Request idempotency key: b3f52c53-0dc4-4469-99f7-16d244bdc321
&amp#27;[38;5;86m[HTTP]&amp#27;[0m &amp#27;[37m-->&amp#27;[39m &amp#27;[37mPOST&amp#27;[39m &amp#27;[37m/session&amp#27;[39m &amp#27;[90m{"capabilities":{"firstMatch":[{}],"alwaysMatch":{"appium:appActivity":"com.androidsample.generalstore.SplashActivity","appium:appPackage":"com.androidsample.generalstore","appium:automationName":"UiAutomator2","appium:deviceName":"Samsung_Galaxy_S21","appium:noReset":true,"appium:platformVersion":"10.0","appium:systemPort":8201,"appium:udid":"R3CRC00KHBT","platformName":"ANDROID"}}}&amp#27;[39m
&amp#27;[38;5;188m[AppiumDriver@108a]&amp#27;[0m Calling AppiumDriver.createSession() with args: [null,null,{"firstMatch":[{}],"alwaysMatch":{"appium:appActivity":"com.androidsample.generalstore.SplashActivity","appium:appPackage":"com.androidsample.generalstore","appium:automationName":"UiAutomator2","appium:deviceName":"Samsung_Galaxy_S21","appium:noReset":true,"appium:platformVersion":"10.0","appium:systemPort":8201,"appium:udid":"R3CRC00KHBT","platformName":"ANDROID"}}]
&amp#27;[38;5;188m[AppiumDriver@108a]&amp#27;[0m Event 'newSessionRequested' logged at 1750218072753 (23:41:12 GMT-0400 (Eastern Daylight Saving Time))
&amp#27;[38;5;112m[Appium]&amp#27;[0m Attempting to find matching driver for automationName 'UiAutomator2' and platformName 'ANDROID'
&amp#27;[38;5;112m[Appium]&amp#27;[0m The 'uiautomator2' driver was installed and matched caps.
&amp#27;[38;5;112m[Appium]&amp#27;[0m Will require it at C:\Users\sajus\.appium\node_modules\appium-uiautomator2-driver
&amp#27;[38;5;112m[Appium]&amp#27;[0m Requiring driver at C:\Users\sajus\.appium\node_modules\appium-uiautomator2-driver\build\index.js
&amp#27;[38;5;188m[AppiumDriver@108a]&amp#27;[0m Appium v2.18.0 creating new AndroidUiautomator2Driver (v4.2.3) session
&amp#27;[38;5;188m[AppiumDriver@108a]&amp#27;[0m Checking BaseDriver versions for Appium and AndroidUiautomator2Driver
&amp#27;[38;5;188m[AppiumDriver@108a]&amp#27;[0m Appium's BaseDriver version is 9.17.0
&amp#27;[38;5;188m[AppiumDriver@108a]&amp#27;[0m AndroidUiautomator2Driver's BaseDriver version is 9.17.0
&amp#27;[38;5;14m[AndroidUiautomator2Driver@8676]&amp#27;[0m 
&amp#27;[38;5;14m[AndroidUiautomator2Driver@8676]&amp#27;[0m Creating session with W3C capabilities: {
  "alwaysMatch": {
    "platformName": "ANDROID",
    "appium:appActivity": "com.androidsample.generalstore.SplashActivity",
    "appium:appPackage": "com.androidsample.generalstore",
    "appium:automationName": "UiAutomator2",
    "appium:deviceName": "Samsung_Galaxy_S21",
    "appium:noReset": true,
    "appium:platformVersion": "10.0",
    "appium:systemPort": 8201,
    "appium:udid": "R3CRC00KHBT"
  },
  "firstMatch": [
    {}
  ]
}
&amp#27;[38;5;90m[8623a550]&amp#27;[0m&amp#27;[38;5;14m[AndroidUiautomator2Driver@8676]&amp#27;[0m Session created with session id: 8623a550-1941-4acb-bd8d-a694e6c0ac1b
&amp#27;[38;5;90m[8623a550]&amp#27;[0m&amp#27;[38;5;229m[ADB]&amp#27;[0m Found 3 'build-tools' folders under 'C:\Users\sajus\AppData\Local\Android\Sdk' (newest first):
&amp#27;[38;5;90m[8623a550]&amp#27;[0m&amp#27;[38;5;229m[ADB]&amp#27;[0m     C:\Users\sajus\AppData\Local\Android\Sdk\build-tools\36.0.0
&amp#27;[38;5;90m[8623a550]&amp#27;[0m&amp#27;[38;5;229m[ADB]&amp#27;[0m     C:\Users\sajus\AppData\Local\Android\Sdk\build-tools\35.0.1
&amp#27;[38;5;90m[8623a550]&amp#27;[0m&amp#27;[38;5;229m[ADB]&amp#27;[0m     C:\Users\sajus\AppData\Local\Android\Sdk\build-tools\35.0.0
&amp#27;[38;5;90m[8623a550]&amp#27;[0m&amp#27;[38;5;229m[ADB]&amp#27;[0m Using 'adb.exe' from 'C:\Users\sajus\AppData\Local\Android\Sdk\platform-tools\adb.exe'
&amp#27;[38;5;90m[8623a550]&amp#27;[0m&amp#27;[38;5;229m[ADB]&amp#27;[0m Running 'C:\Users\sajus\AppData\Local\Android\Sdk\platform-tools\adb.exe -P 5037 start-server'
&amp#27;[38;5;90m[8623a550]&amp#27;[0m&amp#27;[38;5;14m[AndroidUiautomator2Driver@8676]&amp#27;[0m Retrieving device list
&amp#27;[38;5;90m[8623a550]&amp#27;[0m&amp#27;[38;5;229m[ADB]&amp#27;[0m Trying to find connected Android devices
&amp#27;[38;5;90m[8623a550]&amp#27;[0m&amp#27;[38;5;229m[ADB]&amp#27;[0m Getting connected devices
&amp#27;[38;5;90m[8623a550]&amp#27;[0m&amp#27;[38;5;229m[ADB]&amp#27;[0m Connected devices: [{"udid":"CTLID18120801016","state":"device"},{"udid":"R3CRC00KHBT","state":"device"}]
&amp#27;[38;5;90m[8623a550]&amp#27;[0m&amp#27;[38;5;14m[AndroidUiautomator2Driver@8676]&amp#27;[0m Using device: R3CRC00KHBT
&amp#27;[38;5;90m[8623a550]&amp#27;[0m&amp#27;[38;5;229m[ADB]&amp#27;[0m Using 'adb.exe' from 'C:\Users\sajus\AppData\Local\Android\Sdk\platform-tools\adb.exe'
&amp#27;[38;5;90m[8623a550]&amp#27;[0m&amp#27;[38;5;229m[ADB]&amp#27;[0m Running 'C:\Users\sajus\AppData\Local\Android\Sdk\platform-tools\adb.exe -P 5037 start-server'
&amp#27;[38;5;90m[8623a550]&amp#27;[0m&amp#27;[38;5;229m[ADB]&amp#27;[0m Setting device id to R3CRC00KHBT
&amp#27;[38;5;90m[8623a550]&amp#27;[0m&amp#27;[38;5;14m[AndroidUiautomator2Driver@8676]&amp#27;[0m Starting 'com.androidsample.generalstore' directly on the device
&amp#27;[38;5;90m[8623a550]&amp#27;[0m&amp#27;[38;5;229m[ADB]&amp#27;[0m Running 'C:\Users\sajus\AppData\Local\Android\Sdk\platform-tools\adb.exe -P 5037 -s R3CRC00KHBT shell getprop ro.build.version.sdk'
&amp#27;[38;5;112m[Appium]&amp#27;[0m AndroidUiautomator2Driver has been successfully loaded in 0.863s
&amp#27;[38;5;112m[Appium]&amp#27;[0m Appium REST http interface listener started on http://0.0.0.0:4723
&amp#27;[38;5;112m[Appium]&amp#27;[0m You can provide the following URLs in your client code to connect to this server:
	http://192.168.2.20:4723/
	http://127.0.0.1:4723/ (only accessible from the same host)
&amp#27;[38;5;112m[Appium]&amp#27;[0m Available drivers:
&amp#27;[38;5;112m[Appium]&amp#27;[0m   - uiautomator2@4.2.3 (automationName 'UiAutomator2')
&amp#27;[38;5;112m[Appium]&amp#27;[0m No plugins have been installed. Use the "appium plugin" command to install the one(s) you want to use.
&amp#27;[38;5;90m[8623a550]&amp#27;[0m&amp#27;[38;5;229m[ADB]&amp#27;[0m Current device property 'ro.build.version.sdk': 35
&amp#27;[38;5;90m[8623a550]&amp#27;[0m&amp#27;[38;5;229m[ADB]&amp#27;[0m Getting device platform version
&amp#27;[38;5;90m[8623a550]&amp#27;[0m&amp#27;[38;5;229m[ADB]&amp#27;[0m Running 'C:\Users\sajus\AppData\Local\Android\Sdk\platform-tools\adb.exe -P 5037 -s R3CRC00KHBT shell getprop ro.build.version.release'
&amp#27;[38;5;86m[HTTP]&amp#27;[0m &amp#27;[37m-->&amp#27;[39m &amp#27;[37mGET&amp#27;[39m &amp#27;[37m/status&amp#27;[39m &amp#27;[90m{}&amp#27;[39m
&amp#27;[38;5;42m[AppiumDriver@19a1]&amp#27;[0m Calling AppiumDriver.getStatus() with args: []
&amp#27;[38;5;42m[AppiumDriver@19a1]&amp#27;[0m Responding to client with driver.getStatus() result: {"ready":true,"message":"The server is ready to accept new connections","build":{"version":"2.18.0"}}
Appium server started on port: 4723
&amp#27;[38;5;86m[HTTP]&amp#27;[0m &amp#27;[37m<-- GET /status &amp#27;[39m&amp#27;[32m200&amp#27;[39m &amp#27;[90m7 ms - 111&amp#27;[39m &amp#27;[90m&amp#27;[39m
&amp#27;[38;5;86m[HTTP]&amp#27;[0m Request idempotency key: f74485f1-5008-4cb1-a203-37d928a13111
&amp#27;[38;5;86m[HTTP]&amp#27;[0m &amp#27;[37m-->&amp#27;[39m &amp#27;[37mPOST&amp#27;[39m &amp#27;[37m/session&amp#27;[39m &amp#27;[90m{"capabilities":{"firstMatch":[{}],"alwaysMatch":{"appium:appActivity":"com.androidsample.generalstore.SplashActivity","appium:appPackage":"com.androidsample.generalstore","appium:automationName":"UiAutomator2","appium:deviceName":"Nokia","appium:noReset":true,"appium:platformVersion":"11.0","appium:systemPort":8202,"appium:udid":"CTLID18120801016","platformName":"ANDROID"}}}&amp#27;[39m
&amp#27;[38;5;42m[AppiumDriver@19a1]&amp#27;[0m Calling AppiumDriver.createSession() with args: [null,null,{"firstMatch":[{}],"alwaysMatch":{"appium:appActivity":"com.androidsample.generalstore.SplashActivity","appium:appPackage":"com.androidsample.generalstore","appium:automationName":"UiAutomator2","appium:deviceName":"Nokia","appium:noReset":true,"appium:platformVersion":"11.0","appium:systemPort":8202,"appium:udid":"CTLID18120801016","platformName":"ANDROID"}}]
&amp#27;[38;5;42m[AppiumDriver@19a1]&amp#27;[0m Event 'newSessionRequested' logged at 1750218073199 (23:41:13 GMT-0400 (Eastern Daylight Saving Time))
&amp#27;[38;5;112m[Appium]&amp#27;[0m Attempting to find matching driver for automationName 'UiAutomator2' and platformName 'ANDROID'
&amp#27;[38;5;112m[Appium]&amp#27;[0m The 'uiautomator2' driver was installed and matched caps.
&amp#27;[38;5;112m[Appium]&amp#27;[0m Will require it at C:\Users\sajus\.appium\node_modules\appium-uiautomator2-driver
&amp#27;[38;5;112m[Appium]&amp#27;[0m Requiring driver at C:\Users\sajus\.appium\node_modules\appium-uiautomator2-driver\build\index.js
&amp#27;[38;5;42m[AppiumDriver@19a1]&amp#27;[0m Appium v2.18.0 creating new AndroidUiautomator2Driver (v4.2.3) session
&amp#27;[38;5;42m[AppiumDriver@19a1]&amp#27;[0m Checking BaseDriver versions for Appium and AndroidUiautomator2Driver
&amp#27;[38;5;42m[AppiumDriver@19a1]&amp#27;[0m Appium's BaseDriver version is 9.17.0
&amp#27;[38;5;42m[AppiumDriver@19a1]&amp#27;[0m AndroidUiautomator2Driver's BaseDriver version is 9.17.0
&amp#27;[38;5;-165m[AndroidUiautomator2Driver@93ae]&amp#27;[0m 
&amp#27;[38;5;-165m[AndroidUiautomator2Driver@93ae]&amp#27;[0m Creating session with W3C capabilities: {
  "alwaysMatch": {
    "platformName": "ANDROID",
    "appium:appActivity": "com.androidsample.generalstore.SplashActivity",
    "appium:appPackage": "com.androidsample.generalstore",
    "appium:automationName": "UiAutomator2",
    "appium:deviceName": "Nokia",
    "appium:noReset": true,
    "appium:platformVersion": "11.0",
    "appium:systemPort": 8202,
    "appium:udid": "CTLID18120801016"
  },
  "firstMatch": [
    {}
  ]
}
&amp#27;[38;5;90m[8623a550]&amp#27;[0m&amp#27;[38;5;229m[ADB]&amp#27;[0m Current device property 'ro.build.version.release': 15
&amp#27;[38;5;90m[8623a550]&amp#27;[0m&amp#27;[38;5;229m[ADB]&amp#27;[0m Device API level: 35
&amp#27;[38;5;90m[8623a550]&amp#27;[0m&amp#27;[38;5;14m[AndroidUiautomator2Driver@8676]&amp#27;[0m Relaxing hidden api policy
&amp#27;[38;5;90m[8623a550]&amp#27;[0m&amp#27;[38;5;229m[ADB]&amp#27;[0m Running 'C:\Users\sajus\AppData\Local\Android\Sdk\platform-tools\adb.exe -P 5037 -s R3CRC00KHBT shell 'settings put global hidden_api_policy_pre_p_apps 1;settings put global hidden_api_policy_p_apps 1;settings put global hidden_api_policy 1''
&amp#27;[38;5;121m[4ff434ac]&amp#27;[0m&amp#27;[38;5;-165m[AndroidUiautomator2Driver@93ae]&amp#27;[0m Session created with session id: 4ff434ac-d6a8-4011-b953-01a74d9f1b45
&amp#27;[38;5;121m[4ff434ac]&amp#27;[0m&amp#27;[38;5;229m[ADB]&amp#27;[0m Found 3 'build-tools' folders under 'C:\Users\sajus\AppData\Local\Android\Sdk' (newest first):
&amp#27;[38;5;121m[4ff434ac]&amp#27;[0m&amp#27;[38;5;229m[ADB]&amp#27;[0m     C:\Users\sajus\AppData\Local\Android\Sdk\build-tools\36.0.0
&amp#27;[38;5;121m[4ff434ac]&amp#27;[0m&amp#27;[38;5;229m[ADB]&amp#27;[0m     C:\Users\sajus\AppData\Local\Android\Sdk\build-tools\35.0.1
&amp#27;[38;5;121m[4ff434ac]&amp#27;[0m&amp#27;[38;5;229m[ADB]&amp#27;[0m     C:\Users\sajus\AppData\Local\Android\Sdk\build-tools\35.0.0
&amp#27;[38;5;121m[4ff434ac]&amp#27;[0m&amp#27;[38;5;229m[ADB]&amp#27;[0m Using 'adb.exe' from 'C:\Users\sajus\AppData\Local\Android\Sdk\platform-tools\adb.exe'
&amp#27;[38;5;121m[4ff434ac]&amp#27;[0m&amp#27;[38;5;229m[ADB]&amp#27;[0m Running 'C:\Users\sajus\AppData\Local\Android\Sdk\platform-tools\adb.exe -P 5037 start-server'
&amp#27;[38;5;90m[8623a550]&amp#27;[0m&amp#27;[38;5;14m[AndroidUiautomator2Driver@8676]&amp#27;[0m Pushing settings apk to the device...
&amp#27;[38;5;90m[8623a550]&amp#27;[0m&amp#27;[38;5;229m[ADB]&amp#27;[0m Getting package info for 'io.appium.settings'
&amp#27;[38;5;90m[8623a550]&amp#27;[0m&amp#27;[38;5;229m[ADB]&amp#27;[0m Running 'C:\Users\sajus\AppData\Local\Android\Sdk\platform-tools\adb.exe -P 5037 -s R3CRC00KHBT shell dumpsys package io.appium.settings'
&amp#27;[38;5;121m[4ff434ac]&amp#27;[0m&amp#27;[38;5;-165m[AndroidUiautomator2Driver@93ae]&amp#27;[0m Retrieving device list
&amp#27;[38;5;121m[4ff434ac]&amp#27;[0m&amp#27;[38;5;229m[ADB]&amp#27;[0m Trying to find connected Android devices
&amp#27;[38;5;121m[4ff434ac]&amp#27;[0m&amp#27;[38;5;229m[ADB]&amp#27;[0m Getting connected devices
&amp#27;[38;5;121m[4ff434ac]&amp#27;[0m&amp#27;[38;5;229m[ADB]&amp#27;[0m Connected devices: [{"udid":"CTLID18120801016","state":"device"},{"udid":"R3CRC00KHBT","state":"device"}]
&amp#27;[38;5;121m[4ff434ac]&amp#27;[0m&amp#27;[38;5;-165m[AndroidUiautomator2Driver@93ae]&amp#27;[0m Using device: CTLID18120801016
&amp#27;[38;5;121m[4ff434ac]&amp#27;[0m&amp#27;[38;5;229m[ADB]&amp#27;[0m Using 'adb.exe' from 'C:\Users\sajus\AppData\Local\Android\Sdk\platform-tools\adb.exe'
&amp#27;[38;5;121m[4ff434ac]&amp#27;[0m&amp#27;[38;5;229m[ADB]&amp#27;[0m Running 'C:\Users\sajus\AppData\Local\Android\Sdk\platform-tools\adb.exe -P 5037 start-server'
&amp#27;[38;5;90m[8623a550]&amp#27;[0m&amp#27;[38;5;229m[ADB]&amp#27;[0m Using 'aapt2.exe' from 'C:\Users\sajus\AppData\Local\Android\Sdk\build-tools\36.0.0\aapt2.exe'
&amp#27;[38;5;90m[8623a550]&amp#27;[0m&amp#27;[38;5;229m[ADB]&amp#27;[0m Reading package manifest: 'C:\\Users\\sajus\\AppData\\Local\\Android\\Sdk\\build-tools\\36.0.0\\aapt2.exe dump badging C:\\Users\\sajus\\.appium\\node_modules\\appium-uiautomator2-driver\\node_modules\\io.appium.settings\\apks\\settings_apk-debug.apk'
&amp#27;[38;5;90m[8623a550]&amp#27;[0m&amp#27;[38;5;229m[ADB]&amp#27;[0m The version name of the installed 'io.appium.settings' is greater or equal to the application version name ('5.14.8' >= '5.14.8')
&amp#27;[38;5;90m[8623a550]&amp#27;[0m&amp#27;[38;5;229m[ADB]&amp#27;[0m There is no need to install/upgrade 'C:\Users\sajus\.appium\node_modules\appium-uiautomator2-driver\node_modules\io.appium.settings\apks\settings_apk-debug.apk'
&amp#27;[38;5;90m[8623a550]&amp#27;[0m&amp#27;[38;5;229m[ADB]&amp#27;[0m Running 'C:\Users\sajus\AppData\Local\Android\Sdk\platform-tools\adb.exe -P 5037 -s R3CRC00KHBT shell dumpsys activity services io.appium.settings'
&amp#27;[38;5;121m[4ff434ac]&amp#27;[0m&amp#27;[38;5;229m[ADB]&amp#27;[0m Setting device id to CTLID18120801016
&amp#27;[38;5;121m[4ff434ac]&amp#27;[0m&amp#27;[38;5;-165m[AndroidUiautomator2Driver@93ae]&amp#27;[0m Starting 'com.androidsample.generalstore' directly on the device
&amp#27;[38;5;121m[4ff434ac]&amp#27;[0m&amp#27;[38;5;229m[ADB]&amp#27;[0m Running 'C:\Users\sajus\AppData\Local\Android\Sdk\platform-tools\adb.exe -P 5037 -s CTLID18120801016 shell getprop ro.build.version.sdk'
&amp#27;[38;5;121m[4ff434ac]&amp#27;[0m&amp#27;[38;5;229m[ADB]&amp#27;[0m Current device property 'ro.build.version.sdk': 29
&amp#27;[38;5;121m[4ff434ac]&amp#27;[0m&amp#27;[38;5;229m[ADB]&amp#27;[0m Getting device platform version
&amp#27;[38;5;121m[4ff434ac]&amp#27;[0m&amp#27;[38;5;229m[ADB]&amp#27;[0m Running 'C:\Users\sajus\AppData\Local\Android\Sdk\platform-tools\adb.exe -P 5037 -s CTLID18120801016 shell getprop ro.build.version.release'
&amp#27;[38;5;90m[8623a550]&amp#27;[0m&amp#27;[38;5;14m[AndroidUiautomator2Driver@8676]&amp#27;[0m io.appium.settings is already running. There is no need to reset its permissions.
&amp#27;[38;5;90m[8623a550]&amp#27;[0m&amp#27;[38;5;160m[Logcat]&amp#27;[0m Starting logs capture with command: C:\\Users\\sajus\\AppData\\Local\\Android\\Sdk\\platform-tools\\adb.exe -P 5037 -s R3CRC00KHBT logcat -v threadtime
&amp#27;[38;5;90m[8623a550]&amp#27;[0m&amp#27;[38;5;229m[ADB]&amp#27;[0m Running 'C:\Users\sajus\AppData\Local\Android\Sdk\platform-tools\adb.exe -P 5037 -s R3CRC00KHBT shell appops set io.appium.settings android:mock_location allow'
&amp#27;[38;5;121m[4ff434ac]&amp#27;[0m&amp#27;[38;5;229m[ADB]&amp#27;[0m Current device property 'ro.build.version.release': 10
&amp#27;[38;5;121m[4ff434ac]&amp#27;[0m&amp#27;[38;5;229m[ADB]&amp#27;[0m Device API level: 29
&amp#27;[38;5;121m[4ff434ac]&amp#27;[0m&amp#27;[38;5;-165m[AndroidUiautomator2Driver@93ae]&amp#27;[0m Relaxing hidden api policy
&amp#27;[38;5;121m[4ff434ac]&amp#27;[0m&amp#27;[38;5;229m[ADB]&amp#27;[0m Running 'C:\Users\sajus\AppData\Local\Android\Sdk\platform-tools\adb.exe -P 5037 -s CTLID18120801016 shell 'settings put global hidden_api_policy_pre_p_apps 1;settings put global hidden_api_policy_p_apps 1;settings put global hidden_api_policy 1''
&amp#27;[38;5;121m[4ff434ac]&amp#27;[0m&amp#27;[38;5;-165m[AndroidUiautomator2Driver@93ae]&amp#27;[0m Pushing settings apk to the device...
&amp#27;[38;5;121m[4ff434ac]&amp#27;[0m&amp#27;[38;5;229m[ADB]&amp#27;[0m Getting package info for 'io.appium.settings'
&amp#27;[38;5;121m[4ff434ac]&amp#27;[0m&amp#27;[38;5;229m[ADB]&amp#27;[0m Running 'C:\Users\sajus\AppData\Local\Android\Sdk\platform-tools\adb.exe -P 5037 -s CTLID18120801016 shell dumpsys package io.appium.settings'
&amp#27;[38;5;90m[8623a550]&amp#27;[0m&amp#27;[38;5;229m[ADB]&amp#27;[0m Running 'C:\Users\sajus\AppData\Local\Android\Sdk\platform-tools\adb.exe -P 5037 -s R3CRC00KHBT shell "[ -e '/data/local/tmp/mock_apps.json' ] && echo __PASS__"'
&amp#27;[38;5;121m[4ff434ac]&amp#27;[0m&amp#27;[38;5;229m[ADB]&amp#27;[0m Using 'aapt2.exe' from 'C:\Users\sajus\AppData\Local\Android\Sdk\build-tools\36.0.0\aapt2.exe'
&amp#27;[38;5;121m[4ff434ac]&amp#27;[0m&amp#27;[38;5;229m[ADB]&amp#27;[0m Reading package manifest: 'C:\\Users\\sajus\\AppData\\Local\\Android\\Sdk\\build-tools\\36.0.0\\aapt2.exe dump badging C:\\Users\\sajus\\.appium\\node_modules\\appium-uiautomator2-driver\\node_modules\\io.appium.settings\\apks\\settings_apk-debug.apk'
&amp#27;[38;5;121m[4ff434ac]&amp#27;[0m&amp#27;[38;5;229m[ADB]&amp#27;[0m The version name of the installed 'io.appium.settings' is greater or equal to the application version name ('5.14.8' >= '5.14.8')
&amp#27;[38;5;121m[4ff434ac]&amp#27;[0m&amp#27;[38;5;229m[ADB]&amp#27;[0m There is no need to install/upgrade 'C:\Users\sajus\.appium\node_modules\appium-uiautomator2-driver\node_modules\io.appium.settings\apks\settings_apk-debug.apk'
&amp#27;[38;5;121m[4ff434ac]&amp#27;[0m&amp#27;[38;5;229m[ADB]&amp#27;[0m Running 'C:\Users\sajus\AppData\Local\Android\Sdk\platform-tools\adb.exe -P 5037 -s CTLID18120801016 shell dumpsys activity services io.appium.settings'
&amp#27;[38;5;90m[8623a550]&amp#27;[0m&amp#27;[38;5;229m[ADB]&amp#27;[0m Running 'C:\Users\sajus\AppData\Local\Android\Sdk\platform-tools\adb.exe -P 5037 -s R3CRC00KHBT shell cat /data/local/tmp/mock_apps.json'
&amp#27;[38;5;121m[4ff434ac]&amp#27;[0m&amp#27;[38;5;-165m[AndroidUiautomator2Driver@93ae]&amp#27;[0m io.appium.settings is already running. There is no need to reset its permissions.
&amp#27;[38;5;121m[4ff434ac]&amp#27;[0m&amp#27;[38;5;160m[Logcat]&amp#27;[0m Starting logs capture with command: C:\\Users\\sajus\\AppData\\Local\\Android\\Sdk\\platform-tools\\adb.exe -P 5037 -s CTLID18120801016 logcat -v threadtime
&amp#27;[38;5;90m[8623a550]&amp#27;[0m&amp#27;[38;5;14m[AndroidUiautomator2Driver@8676]&amp#27;[0m Forwarding UiAutomator2 Server port 6790 to local port 8201
&amp#27;[38;5;90m[8623a550]&amp#27;[0m&amp#27;[38;5;229m[ADB]&amp#27;[0m Forwarding system: 8201 to device: 6790
&amp#27;[38;5;90m[8623a550]&amp#27;[0m&amp#27;[38;5;229m[ADB]&amp#27;[0m Running 'C:\Users\sajus\AppData\Local\Android\Sdk\platform-tools\adb.exe -P 5037 -s R3CRC00KHBT forward tcp:8201 tcp:6790'
&amp#27;[38;5;121m[4ff434ac]&amp#27;[0m&amp#27;[38;5;229m[ADB]&amp#27;[0m Running 'C:\Users\sajus\AppData\Local\Android\Sdk\platform-tools\adb.exe -P 5037 -s CTLID18120801016 shell appops set io.appium.settings android:mock_location allow'
&amp#27;[38;5;90m[8623a550]&amp#27;[0m&amp#27;[38;5;14m[AndroidUiautomator2Driver@8676]&amp#27;[0m UIA2Proxy options: {"server":"127.0.0.1","port":8201,"keepAlive":true,"scheme":"http","base":"","reqBasePath":"","sessionId":null,"timeout":240000}
&amp#27;[38;5;90m[8623a550]&amp#27;[0m&amp#27;[38;5;229m[ADB]&amp#27;[0m Getting package info for 'io.appium.uiautomator2.server'
&amp#27;[38;5;90m[8623a550]&amp#27;[0m&amp#27;[38;5;229m[ADB]&amp#27;[0m Running 'C:\Users\sajus\AppData\Local\Android\Sdk\platform-tools\adb.exe -P 5037 -s R3CRC00KHBT shell dumpsys package io.appium.uiautomator2.server'
&amp#27;[38;5;90m[8623a550]&amp#27;[0m&amp#27;[38;5;229m[ADB]&amp#27;[0m Getting install status for io.appium.uiautomator2.server.test
&amp#27;[38;5;90m[8623a550]&amp#27;[0m&amp#27;[38;5;14m[AndroidUiautomator2Driver@8676]&amp#27;[0m No app capability. Assuming it is already on the device
&amp#27;[38;5;90m[8623a550]&amp#27;[0m&amp#27;[38;5;229m[ADB]&amp#27;[0m Running 'C:\Users\sajus\AppData\Local\Android\Sdk\platform-tools\adb.exe -P 5037 -s R3CRC00KHBT shell cmd package list packages'
&amp#27;[38;5;121m[4ff434ac]&amp#27;[0m&amp#27;[38;5;229m[ADB]&amp#27;[0m Running 'C:\Users\sajus\AppData\Local\Android\Sdk\platform-tools\adb.exe -P 5037 -s CTLID18120801016 shell "[ -e '/data/local/tmp/mock_apps.json' ] && echo __PASS__"'
&amp#27;[38;5;90m[8623a550]&amp#27;[0m&amp#27;[38;5;229m[ADB]&amp#27;[0m Reading package manifest: 'C:\\Users\\sajus\\AppData\\Local\\Android\\Sdk\\build-tools\\36.0.0\\aapt2.exe dump badging C:\\Users\\sajus\\.appium\\node_modules\\appium-uiautomator2-driver\\node_modules\\appium-uiautomator2-server\\apks\\appium-uiautomator2-server-v7.5.2.apk'
&amp#27;[38;5;121m[4ff434ac]&amp#27;[0m&amp#27;[38;5;229m[ADB]&amp#27;[0m Running 'C:\Users\sajus\AppData\Local\Android\Sdk\platform-tools\adb.exe -P 5037 -s CTLID18120801016 shell cat /data/local/tmp/mock_apps.json'
&amp#27;[38;5;90m[8623a550]&amp#27;[0m&amp#27;[38;5;229m[ADB]&amp#27;[0m 'io.appium.uiautomator2.server.test' is installed
&amp#27;[38;5;90m[8623a550]&amp#27;[0m&amp#27;[38;5;229m[ADB]&amp#27;[0m The version name of the installed 'io.appium.uiautomator2.server' is greater or equal to the application version name ('7.5.2' >= '7.5.2')
&amp#27;[38;5;90m[8623a550]&amp#27;[0m&amp#27;[38;5;14m[AndroidUiautomator2Driver@8676]&amp#27;[0m Server packages status: [{"installState":"sameVersionInstalled","appPath":"C:\\Users\\sajus\\.appium\\node_modules\\appium-uiautomator2-driver\\node_modules\\appium-uiautomator2-server\\apks\\appium-uiautomator2-server-v7.5.2.apk","appId":"io.appium.uiautomator2.server"},{"installState":"sameVersionInstalled","appPath":"C:\\Users\\sajus\\.appium\\node_modules\\appium-uiautomator2-driver\\node_modules\\appium-uiautomator2-server\\apks\\appium-uiautomator2-server-debug-androidTest.apk","appId":"io.appium.uiautomator2.server.test"}]
&amp#27;[38;5;90m[8623a550]&amp#27;[0m&amp#27;[38;5;14m[AndroidUiautomator2Driver@8676]&amp#27;[0m Server packages are not going to be (re)installed
&amp#27;[38;5;90m[8623a550]&amp#27;[0m&amp#27;[38;5;14m[AndroidUiautomator2Driver@8676]&amp#27;[0m Waiting up to 30000ms for services to be available
&amp#27;[38;5;90m[8623a550]&amp#27;[0m&amp#27;[38;5;229m[ADB]&amp#27;[0m Running 'C:\Users\sajus\AppData\Local\Android\Sdk\platform-tools\adb.exe -P 5037 -s R3CRC00KHBT shell pm list instrumentation'
&amp#27;[38;5;121m[4ff434ac]&amp#27;[0m&amp#27;[38;5;-165m[AndroidUiautomator2Driver@93ae]&amp#27;[0m Forwarding UiAutomator2 Server port 6790 to local port 8202
&amp#27;[38;5;121m[4ff434ac]&amp#27;[0m&amp#27;[38;5;229m[ADB]&amp#27;[0m Forwarding system: 8202 to device: 6790
&amp#27;[38;5;121m[4ff434ac]&amp#27;[0m&amp#27;[38;5;229m[ADB]&amp#27;[0m Running 'C:\Users\sajus\AppData\Local\Android\Sdk\platform-tools\adb.exe -P 5037 -s CTLID18120801016 forward tcp:8202 tcp:6790'
&amp#27;[38;5;90m[8623a550]&amp#27;[0m&amp#27;[38;5;14m[AndroidUiautomator2Driver@8676]&amp#27;[0m Instrumentation target 'io.appium.uiautomator2.server.test/androidx.test.runner.AndroidJUnitRunner' is available
&amp#27;[38;5;90m[8623a550]&amp#27;[0m&amp#27;[38;5;229m[ADB]&amp#27;[0m Adding packages ["io.appium.settings","io.appium.uiautomator2.server","io.appium.uiautomator2.server.test"] to Doze whitelist
&amp#27;[38;5;90m[8623a550]&amp#27;[0m&amp#27;[38;5;229m[ADB]&amp#27;[0m Got the following command chunks to execute: [["dumpsys","deviceidle","whitelist","+io.appium.settings",";","dumpsys","deviceidle","whitelist","+io.appium.uiautomator2.server",";","dumpsys","deviceidle","whitelist","+io.appium.uiautomator2.server.test",";"]]
&amp#27;[38;5;90m[8623a550]&amp#27;[0m&amp#27;[38;5;229m[ADB]&amp#27;[0m Running 'C:\Users\sajus\AppData\Local\Android\Sdk\platform-tools\adb.exe -P 5037 -s R3CRC00KHBT shell dumpsys deviceidle whitelist +io.appium.settings ; dumpsys deviceidle whitelist +io.appium.uiautomator2.server ; dumpsys deviceidle whitelist +io.appium.uiautomator2.server.test ;'
&amp#27;[38;5;121m[4ff434ac]&amp#27;[0m&amp#27;[38;5;-165m[AndroidUiautomator2Driver@93ae]&amp#27;[0m UIA2Proxy options: {"server":"127.0.0.1","port":8202,"keepAlive":true,"scheme":"http","base":"","reqBasePath":"","sessionId":null,"timeout":240000}
&amp#27;[38;5;121m[4ff434ac]&amp#27;[0m&amp#27;[38;5;229m[ADB]&amp#27;[0m Getting package info for 'io.appium.uiautomator2.server'
&amp#27;[38;5;121m[4ff434ac]&amp#27;[0m&amp#27;[38;5;229m[ADB]&amp#27;[0m Running 'C:\Users\sajus\AppData\Local\Android\Sdk\platform-tools\adb.exe -P 5037 -s CTLID18120801016 shell dumpsys package io.appium.uiautomator2.server'
&amp#27;[38;5;121m[4ff434ac]&amp#27;[0m&amp#27;[38;5;229m[ADB]&amp#27;[0m Getting install status for io.appium.uiautomator2.server.test
&amp#27;[38;5;121m[4ff434ac]&amp#27;[0m&amp#27;[38;5;-165m[AndroidUiautomator2Driver@93ae]&amp#27;[0m No app capability. Assuming it is already on the device
&amp#27;[38;5;121m[4ff434ac]&amp#27;[0m&amp#27;[38;5;229m[ADB]&amp#27;[0m Running 'C:\Users\sajus\AppData\Local\Android\Sdk\platform-tools\adb.exe -P 5037 -s CTLID18120801016 shell cmd package list packages'
&amp#27;[38;5;121m[4ff434ac]&amp#27;[0m&amp#27;[38;5;229m[ADB]&amp#27;[0m Reading package manifest: 'C:\\Users\\sajus\\AppData\\Local\\Android\\Sdk\\build-tools\\36.0.0\\aapt2.exe dump badging C:\\Users\\sajus\\.appium\\node_modules\\appium-uiautomator2-driver\\node_modules\\appium-uiautomator2-server\\apks\\appium-uiautomator2-server-v7.5.2.apk'
&amp#27;[38;5;121m[4ff434ac]&amp#27;[0m&amp#27;[38;5;229m[ADB]&amp#27;[0m 'io.appium.uiautomator2.server.test' is installed
&amp#27;[38;5;121m[4ff434ac]&amp#27;[0m&amp#27;[38;5;229m[ADB]&amp#27;[0m The version name of the installed 'io.appium.uiautomator2.server' is greater or equal to the application version name ('7.5.2' >= '7.5.2')
&amp#27;[38;5;121m[4ff434ac]&amp#27;[0m&amp#27;[38;5;-165m[AndroidUiautomator2Driver@93ae]&amp#27;[0m Server packages status: [{"installState":"sameVersionInstalled","appPath":"C:\\Users\\sajus\\.appium\\node_modules\\appium-uiautomator2-driver\\node_modules\\appium-uiautomator2-server\\apks\\appium-uiautomator2-server-v7.5.2.apk","appId":"io.appium.uiautomator2.server"},{"installState":"sameVersionInstalled","appPath":"C:\\Users\\sajus\\.appium\\node_modules\\appium-uiautomator2-driver\\node_modules\\appium-uiautomator2-server\\apks\\appium-uiautomator2-server-debug-androidTest.apk","appId":"io.appium.uiautomator2.server.test"}]
&amp#27;[38;5;121m[4ff434ac]&amp#27;[0m&amp#27;[38;5;-165m[AndroidUiautomator2Driver@93ae]&amp#27;[0m Server packages are not going to be (re)installed
&amp#27;[38;5;121m[4ff434ac]&amp#27;[0m&amp#27;[38;5;-165m[AndroidUiautomator2Driver@93ae]&amp#27;[0m Waiting up to 30000ms for services to be available
&amp#27;[38;5;121m[4ff434ac]&amp#27;[0m&amp#27;[38;5;229m[ADB]&amp#27;[0m Running 'C:\Users\sajus\AppData\Local\Android\Sdk\platform-tools\adb.exe -P 5037 -s CTLID18120801016 shell pm list instrumentation'
&amp#27;[38;5;90m[8623a550]&amp#27;[0m&amp#27;[38;5;14m[AndroidUiautomator2Driver@8676]&amp#27;[0m Performing shallow cleanup of automation leftovers
&amp#27;[38;5;90m[8623a550]&amp#27;[0m&amp#27;[38;5;14m[AndroidUiautomator2Driver@8676]&amp#27;[0m No obsolete sessions have been detected (socket hang up)
&amp#27;[38;5;90m[8623a550]&amp#27;[0m&amp#27;[38;5;229m[ADB]&amp#27;[0m Running 'C:\Users\sajus\AppData\Local\Android\Sdk\platform-tools\adb.exe -P 5037 -s R3CRC00KHBT shell am force-stop io.appium.uiautomator2.server'
&amp#27;[38;5;121m[4ff434ac]&amp#27;[0m&amp#27;[38;5;-165m[AndroidUiautomator2Driver@93ae]&amp#27;[0m Instrumentation target 'io.appium.uiautomator2.server.test/androidx.test.runner.AndroidJUnitRunner' is available
&amp#27;[38;5;121m[4ff434ac]&amp#27;[0m&amp#27;[38;5;229m[ADB]&amp#27;[0m Adding packages ["io.appium.settings","io.appium.uiautomator2.server","io.appium.uiautomator2.server.test"] to Doze whitelist
&amp#27;[38;5;121m[4ff434ac]&amp#27;[0m&amp#27;[38;5;229m[ADB]&amp#27;[0m Got the following command chunks to execute: [["dumpsys","deviceidle","whitelist","+io.appium.settings",";","dumpsys","deviceidle","whitelist","+io.appium.uiautomator2.server",";","dumpsys","deviceidle","whitelist","+io.appium.uiautomator2.server.test",";"]]
&amp#27;[38;5;121m[4ff434ac]&amp#27;[0m&amp#27;[38;5;229m[ADB]&amp#27;[0m Running 'C:\Users\sajus\AppData\Local\Android\Sdk\platform-tools\adb.exe -P 5037 -s CTLID18120801016 shell dumpsys deviceidle whitelist +io.appium.settings ; dumpsys deviceidle whitelist +io.appium.uiautomator2.server ; dumpsys deviceidle whitelist +io.appium.uiautomator2.server.test ;'
&amp#27;[38;5;90m[8623a550]&amp#27;[0m&amp#27;[38;5;229m[ADB]&amp#27;[0m Running 'C:\Users\sajus\AppData\Local\Android\Sdk\platform-tools\adb.exe -P 5037 -s R3CRC00KHBT shell am force-stop io.appium.uiautomator2.server.test'
&amp#27;[38;5;121m[4ff434ac]&amp#27;[0m&amp#27;[38;5;-165m[AndroidUiautomator2Driver@93ae]&amp#27;[0m Performing shallow cleanup of automation leftovers
&amp#27;[38;5;90m[8623a550]&amp#27;[0m&amp#27;[38;5;14m[AndroidUiautomator2Driver@8676]&amp#27;[0m Starting UIAutomator2 server 7.5.2
&amp#27;[38;5;90m[8623a550]&amp#27;[0m&amp#27;[38;5;14m[AndroidUiautomator2Driver@8676]&amp#27;[0m Using UIAutomator2 server from 'C:\Users\sajus\.appium\node_modules\appium-uiautomator2-driver\node_modules\appium-uiautomator2-server\apks\appium-uiautomator2-server-v7.5.2.apk' and test from 'C:\Users\sajus\.appium\node_modules\appium-uiautomator2-driver\node_modules\appium-uiautomator2-server\apks\appium-uiautomator2-server-debug-androidTest.apk'
&amp#27;[38;5;90m[8623a550]&amp#27;[0m&amp#27;[38;5;14m[AndroidUiautomator2Driver@8676]&amp#27;[0m Waiting up to 30000ms for UiAutomator2 to be online...
&amp#27;[38;5;90m[8623a550]&amp#27;[0m&amp#27;[38;5;229m[ADB]&amp#27;[0m Creating ADB subprocess with args: ["-P","5037","-s","R3CRC00KHBT","shell","am","instrument","-w","-e","disableAnalytics","true","io.appium.uiautomator2.server.test/androidx.test.runner.AndroidJUnitRunner"]
&amp#27;[38;5;90m[8623a550]&amp#27;[0m&amp#27;[38;5;14m[AndroidUiautomator2Driver@8676]&amp#27;[0m Matched '/status' to command name 'getStatus'
&amp#27;[38;5;90m[8623a550]&amp#27;[0m&amp#27;[38;5;14m[AndroidUiautomator2Driver@8676]&amp#27;[0m Proxying [GET /status] to [GET http://127.0.0.1:8201/status] with no body
&amp#27;[38;5;121m[4ff434ac]&amp#27;[0m&amp#27;[38;5;-165m[AndroidUiautomator2Driver@93ae]&amp#27;[0m No obsolete sessions have been detected (socket hang up)
&amp#27;[38;5;121m[4ff434ac]&amp#27;[0m&amp#27;[38;5;229m[ADB]&amp#27;[0m Running 'C:\Users\sajus\AppData\Local\Android\Sdk\platform-tools\adb.exe -P 5037 -s CTLID18120801016 shell am force-stop io.appium.uiautomator2.server'
&amp#27;[38;5;90m[8623a550]&amp#27;[0m&amp#27;[38;5;14m[AndroidUiautomator2Driver@8676]&amp#27;[0m socket hang up
&amp#27;[38;5;121m[4ff434ac]&amp#27;[0m&amp#27;[38;5;229m[ADB]&amp#27;[0m Running 'C:\Users\sajus\AppData\Local\Android\Sdk\platform-tools\adb.exe -P 5037 -s CTLID18120801016 shell am force-stop io.appium.uiautomator2.server.test'
&amp#27;[38;5;121m[4ff434ac]&amp#27;[0m&amp#27;[38;5;-165m[AndroidUiautomator2Driver@93ae]&amp#27;[0m Starting UIAutomator2 server 7.5.2
&amp#27;[38;5;121m[4ff434ac]&amp#27;[0m&amp#27;[38;5;-165m[AndroidUiautomator2Driver@93ae]&amp#27;[0m Using UIAutomator2 server from 'C:\Users\sajus\.appium\node_modules\appium-uiautomator2-driver\node_modules\appium-uiautomator2-server\apks\appium-uiautomator2-server-v7.5.2.apk' and test from 'C:\Users\sajus\.appium\node_modules\appium-uiautomator2-driver\node_modules\appium-uiautomator2-server\apks\appium-uiautomator2-server-debug-androidTest.apk'
&amp#27;[38;5;121m[4ff434ac]&amp#27;[0m&amp#27;[38;5;-165m[AndroidUiautomator2Driver@93ae]&amp#27;[0m Waiting up to 30000ms for UiAutomator2 to be online...
&amp#27;[38;5;121m[4ff434ac]&amp#27;[0m&amp#27;[38;5;229m[ADB]&amp#27;[0m Creating ADB subprocess with args: ["-P","5037","-s","CTLID18120801016","shell","am","instrument","-w","-e","disableAnalytics","true","io.appium.uiautomator2.server.test/androidx.test.runner.AndroidJUnitRunner"]
&amp#27;[38;5;121m[4ff434ac]&amp#27;[0m&amp#27;[38;5;-165m[AndroidUiautomator2Driver@93ae]&amp#27;[0m Matched '/status' to command name 'getStatus'
&amp#27;[38;5;121m[4ff434ac]&amp#27;[0m&amp#27;[38;5;-165m[AndroidUiautomator2Driver@93ae]&amp#27;[0m Proxying [GET /status] to [GET http://127.0.0.1:8202/status] with no body
&amp#27;[38;5;121m[4ff434ac]&amp#27;[0m&amp#27;[38;5;-165m[AndroidUiautomator2Driver@93ae]&amp#27;[0m socket hang up
&amp#27;[38;5;90m[8623a550]&amp#27;[0m&amp#27;[38;5;14m[AndroidUiautomator2Driver@8676]&amp#27;[0m [Instrumentation] 
&amp#27;[38;5;90m[8623a550]&amp#27;[0m&amp#27;[38;5;14m[AndroidUiautomator2Driver@8676]&amp#27;[0m Matched '/status' to command name 'getStatus'
&amp#27;[38;5;90m[8623a550]&amp#27;[0m&amp#27;[38;5;14m[AndroidUiautomator2Driver@8676]&amp#27;[0m Proxying [GET /status] to [GET http://127.0.0.1:8201/status] with no body
&amp#27;[38;5;90m[8623a550]&amp#27;[0m&amp#27;[38;5;14m[AndroidUiautomator2Driver@8676]&amp#27;[0m Got response with status 200: {"sessionId":"None","value":{"message":"UiAutomator2 Server is ready to accept commands","ready":true}}
&amp#27;[38;5;90m[8623a550]&amp#27;[0m&amp#27;[38;5;14m[AndroidUiautomator2Driver@8676]&amp#27;[0m The initialization of the instrumentation process took 1145ms
&amp#27;[38;5;90m[8623a550]&amp#27;[0m&amp#27;[38;5;14m[AndroidUiautomator2Driver@8676]&amp#27;[0m Matched '/session' to command name 'createSession'
&amp#27;[38;5;90m[8623a550]&amp#27;[0m&amp#27;[38;5;14m[AndroidUiautomator2Driver@8676]&amp#27;[0m Proxying [POST /session] to [POST http://127.0.0.1:8201/session] with body: {"capabilities":{"firstMatch":[{"platformName":"ANDROID","appActivity":"com.androidsample.generalstore.SplashActivity","appPackage":"com.androidsample.generalstore","automationName":"UiAutomator2","deviceName":"R3CRC00KHBT","noReset":true,"platformVersion":"10.0","systemPort":8201,"udid":"R3CRC00KHBT","platform":"LINUX","webStorageEnabled":false,"takesScreenshot":true,"javascriptEnabled":true,"databaseEnabled":false,"networkConnectionEnabled":true,"locationContextEnabled":false,"warnings":{},"desired":{"platformName":"ANDROID","appActivity":"com.androidsample.generalstore.SplashActivity","appPackage":"com.androidsample.generalstore","automationName":"UiAutomator2","deviceName":"Samsung_Galaxy_S21","noReset":true,"platformVersion":"10.0","systemPort":8201,"udid":"R3CRC00KHBT"},"deviceUDID":"R3CRC00KHBT"}],"alwaysMatch":{}}}
&amp#27;[38;5;90m[8623a550]&amp#27;[0m&amp#27;[38;5;14m[AndroidUiautomator2Driver@8676]&amp#27;[0m Got response with status 200: {"sessionId":"17dd3f1c-fd58-4321-aab4-522ecfe2a444","value":{"capabilities":{"firstMatch":[{"platformName":"ANDROID","appActivity":"com.androidsample.generalstore.SplashActivity","appPackage":"com.androidsample.generalstore","automationName":"UiAutomator2","deviceName":"R3CRC00KHBT","noReset":true,"platformVersion":"10.0","systemPort":8201,"udid":"R3CRC00KHBT","platform":"LINUX","webStorageEnabled":false,"takesScreenshot":true,"javascriptEnabled":true,"databaseEnabled":false,"networkConnectionEnabled":true,"locationContextEnabled":false,"warnings":{},"desired":{"platformName":"ANDROID","appActivity":"com.androidsample.generalstore.SplashActivity","appPackage":"com.androidsample.generalstore","automationName":"UiAutomator2","deviceName":"Samsung_Galaxy_S21","noReset":true,"platformVersion":"10.0","systemPort":8201,"udid":"R3CRC00KHBT"},"deviceUDID":"R3CRC00KHBT"}],"alwaysMatch":{}},"sessionId":"17dd3f1c-fd58-4321-aab4-522ecfe2a444"}}
&amp#27;[38;5;90m[8623a550]&amp#27;[0m&amp#27;[38;5;14m[AndroidUiautomator2Driver@8676]&amp#27;[0m Determined the downstream protocol as 'W3C'
&amp#27;[38;5;90m[8623a550]&amp#27;[0m&amp#27;[38;5;14m[AndroidUiautomator2Driver@8676]&amp#27;[0m Proxying [GET /appium/device/pixel_ratio] to [GET http://127.0.0.1:8201/session/17dd3f1c-fd58-4321-aab4-522ecfe2a444/appium/device/pixel_ratio] with no body
&amp#27;[38;5;90m[8623a550]&amp#27;[0m&amp#27;[38;5;14m[AndroidUiautomator2Driver@8676]&amp#27;[0m Matched '/appium/device/system_bars' to command name 'getSystemBars'
&amp#27;[38;5;90m[8623a550]&amp#27;[0m&amp#27;[38;5;14m[AndroidUiautomator2Driver@8676]&amp#27;[0m Proxying [GET /appium/device/system_bars] to [GET http://127.0.0.1:8201/session/17dd3f1c-fd58-4321-aab4-522ecfe2a444/appium/device/system_bars] with no body
&amp#27;[38;5;90m[8623a550]&amp#27;[0m&amp#27;[38;5;14m[AndroidUiautomator2Driver@8676]&amp#27;[0m Matched '/window/current/size' to command name 'getWindowSize'
&amp#27;[38;5;90m[8623a550]&amp#27;[0m&amp#27;[38;5;14m[AndroidUiautomator2Driver@8676]&amp#27;[0m Proxying [GET /window/current/size] to [GET http://127.0.0.1:8201/session/17dd3f1c-fd58-4321-aab4-522ecfe2a444/window/current/size] with no body
&amp#27;[38;5;90m[8623a550]&amp#27;[0m&amp#27;[38;5;14m[AndroidUiautomator2Driver@8676]&amp#27;[0m Proxying [GET /appium/device/info] to [GET http://127.0.0.1:8201/session/17dd3f1c-fd58-4321-aab4-522ecfe2a444/appium/device/info] with no body
&amp#27;[38;5;90m[8623a550]&amp#27;[0m&amp#27;[38;5;229m[ADB]&amp#27;[0m Running 'C:\Users\sajus\AppData\Local\Android\Sdk\platform-tools\adb.exe -P 5037 -s R3CRC00KHBT shell dumpsys window'
&amp#27;[38;5;90m[8623a550]&amp#27;[0m&amp#27;[38;5;229m[ADB]&amp#27;[0m Running 'C:\Users\sajus\AppData\Local\Android\Sdk\platform-tools\adb.exe -P 5037 -s R3CRC00KHBT shell dumpsys power'
&amp#27;[38;5;90m[8623a550]&amp#27;[0m&amp#27;[38;5;14m[AndroidUiautomator2Driver@8676]&amp#27;[0m Got response with status 200: {"sessionId":"17dd3f1c-fd58-4321-aab4-522ecfe2a444","value":3}
&amp#27;[38;5;90m[8623a550]&amp#27;[0m&amp#27;[38;5;14m[AndroidUiautomator2Driver@8676]&amp#27;[0m Got response with status 200: {"sessionId":"17dd3f1c-fd58-4321-aab4-522ecfe2a444","value":{"height":2400,"width":1080}}
&amp#27;[38;5;121m[4ff434ac]&amp#27;[0m&amp#27;[38;5;-165m[AndroidUiautomator2Driver@93ae]&amp#27;[0m Matched '/status' to command name 'getStatus'
&amp#27;[38;5;121m[4ff434ac]&amp#27;[0m&amp#27;[38;5;-165m[AndroidUiautomator2Driver@93ae]&amp#27;[0m Proxying [GET /status] to [GET http://127.0.0.1:8202/status] with no body
&amp#27;[38;5;90m[8623a550]&amp#27;[0m&amp#27;[38;5;14m[AndroidUiautomator2Driver@8676]&amp#27;[0m Got response with status 200: {"sessionId":"17dd3f1c-fd58-4321-aab4-522ecfe2a444","value":{"statusBar":80}}
&amp#27;[38;5;121m[4ff434ac]&amp#27;[0m&amp#27;[38;5;-165m[AndroidUiautomator2Driver@93ae]&amp#27;[0m socket hang up
&amp#27;[38;5;90m[8623a550]&amp#27;[0m&amp#27;[38;5;14m[AndroidUiautomator2Driver@8676]&amp#27;[0m Got response with status 200: {"sessionId":"17dd3f1c-fd58-4321-aab4-522ecfe2a444","value":{"androidId":"f27012414286a658","apiVersion":"35","bluetooth":{"state":"ON"},"brand":"samsung","carrierName":"","displayDensity":480,"locale":"en_CA","manufacturer":"samsung","model":"SM-G991W","networks":[{"capabilities":{"SSID":null,"linkDownBandwidthKbps":282299,"linkUpstreamBandwidthKbps":1421,"networkCapabilities":"NET_CAPABILITY_NOT_METERED,NET_CAPABILITY_INTERNET,NET_CAPABILITY_NOT_RESTRICTED,NET_CAPABILITY_TRUSTED,NET_CAPABILITY_NOT_VPN,NET_CAPABILITY_VALIDATED,NET_CAPABILITY_NOT_ROAMING,NET_CAPABILITY_FOREGROUND,NET_CAPABILITY_NOT_CONGESTED,NET_CAPABILITY_NOT_SUSPENDED","signalStrength":-53,"transportTypes":"TRANSPORT_WIFI"},"detailedState":"CONNECTED","extraInfo":"","isAvailable":true,"isConnected":true,"isFailover":false,"isRoaming":false,"state":"CONNECTED","subtype":-1,"subtypeName":"","type":1,"typeName":"WIFI"}],"platformVersion":"15","realDisplaySize":"1080x2400","timeZone":"America/New_York"}}
&amp#27;[38;5;90m[8623a550]&amp#27;[0m&amp#27;[38;5;14m[AndroidUiautomator2Driver@8676]&amp#27;[0m Screen already unlocked, doing nothing
&amp#27;[38;5;90m[8623a550]&amp#27;[0m&amp#27;[38;5;14m[AndroidUiautomator2Driver@8676]&amp#27;[0m Starting 'com.androidsample.generalstore/com.androidsample.generalstore.SplashActivity' and waiting for 'com.androidsample.generalstore/com.androidsample.generalstore.SplashActivity'
&amp#27;[38;5;90m[8623a550]&amp#27;[0m&amp#27;[38;5;229m[ADB]&amp#27;[0m Getting IDs of all 'com.androidsample.generalstore' processes
&amp#27;[38;5;90m[8623a550]&amp#27;[0m&amp#27;[38;5;229m[ADB]&amp#27;[0m Running 'C:\Users\sajus\AppData\Local\Android\Sdk\platform-tools\adb.exe -P 5037 -s R3CRC00KHBT shell 'pgrep --help; echo $?''
&amp#27;[38;5;90m[8623a550]&amp#27;[0m&amp#27;[38;5;229m[ADB]&amp#27;[0m Running 'C:\Users\sajus\AppData\Local\Android\Sdk\platform-tools\adb.exe -P 5037 -s R3CRC00KHBT shell pgrep -f \(\[\[:blank:\]\]\|\^\)com\.androidsample\.generalstore\(:\[a-zA-Z0-9_-\]\+\)\?\(\[\[:blank:\]\]\|\$\)'
&amp#27;[38;5;90m[8623a550]&amp#27;[0m&amp#27;[38;5;229m[ADB]&amp#27;[0m Running 'C:\Users\sajus\AppData\Local\Android\Sdk\platform-tools\adb.exe -P 5037 -s R3CRC00KHBT shell am start-activity -W -n com.androidsample.generalstore/com.androidsample.generalstore.SplashActivity -S -a android.intent.action.MAIN -c android.intent.category.LAUNCHER -f 0x10200000'
&amp#27;[38;5;121m[4ff434ac]&amp#27;[0m&amp#27;[38;5;-165m[AndroidUiautomator2Driver@93ae]&amp#27;[0m [Instrumentation] 
&amp#27;[38;5;90m[8623a550]&amp#27;[0m&amp#27;[38;5;188m[AppiumDriver@108a]&amp#27;[0m New AndroidUiautomator2Driver session created successfully, session 8623a550-1941-4acb-bd8d-a694e6c0ac1b added to master session list
&amp#27;[38;5;90m[8623a550]&amp#27;[0m&amp#27;[38;5;188m[AppiumDriver@108a]&amp#27;[0m Event 'newSessionStarted' logged at 1750218077088 (23:41:17 GMT-0400 (Eastern Daylight Saving Time))
&amp#27;[38;5;90m[8623a550]&amp#27;[0m&amp#27;[38;5;14m[AndroidUiautomator2Driver@8676]&amp#27;[0m Cached the protocol value 'W3C' for the new session 8623a550-1941-4acb-bd8d-a694e6c0ac1b
&amp#27;[38;5;90m[8623a550]&amp#27;[0m&amp#27;[38;5;14m[AndroidUiautomator2Driver@8676]&amp#27;[0m Responding to client with driver.createSession() result: {"capabilities":{"platformName":"ANDROID","appActivity":"com.androidsample.generalstore.SplashActivity","appPackage":"com.androidsample.generalstore","automationName":"UiAutomator2","deviceName":"R3CRC00KHBT","noReset":true,"platformVersion":"15","systemPort":8201,"udid":"R3CRC00KHBT","platform":"LINUX","webStorageEnabled":false,"takesScreenshot":true,"javascriptEnabled":true,"databaseEnabled":false,"networkConnectionEnabled":true,"locationContextEnabled":false,"warnings":{},"desired":{"platformName":"ANDROID","appActivity":"com.androidsample.generalstore.SplashActivity","appPackage":"com.androidsample.generalstore","automationName":"UiAutomator2","deviceName":"Samsung_Galaxy_S21","noReset":true,"platformVersion":"10.0","systemPort":8201,"udid":"R3CRC00KHBT"},"deviceUDID":"R3CRC00KHBT","pixelRatio":"3","statBarHeight":80,"viewportRect":{"left":0,"top":80,"width":1080,"height":2320},"deviceApiLevel":35,"deviceManufacturer":"samsung","deviceModel":"SM-G991W","deviceScreenSize":"1080x2400","deviceScreenDensit...
&amp#27;[38;5;90m[8623a550]&amp#27;[0m&amp#27;[38;5;86m[HTTP]&amp#27;[0m &amp#27;[37m<-- POST /session &amp#27;[39m&amp#27;[32m200&amp#27;[39m &amp#27;[90m4338 ms - 1090&amp#27;[39m &amp#27;[90m&amp#27;[39m
&amp#27;[38;5;121m[4ff434ac]&amp#27;[0m&amp#27;[38;5;-165m[AndroidUiautomator2Driver@93ae]&amp#27;[0m Matched '/status' to command name 'getStatus'
&amp#27;[38;5;121m[4ff434ac]&amp#27;[0m&amp#27;[38;5;-165m[AndroidUiautomator2Driver@93ae]&amp#27;[0m Proxying [GET /status] to [GET http://127.0.0.1:8202/status] with no body
&amp#27;[38;5;121m[4ff434ac]&amp#27;[0m&amp#27;[38;5;-165m[AndroidUiautomator2Driver@93ae]&amp#27;[0m Got response with status 200: {"sessionId":"None","value":{"message":"UiAutomator2 Server is ready to accept commands","ready":true}}
&amp#27;[38;5;121m[4ff434ac]&amp#27;[0m&amp#27;[38;5;-165m[AndroidUiautomator2Driver@93ae]&amp#27;[0m The initialization of the instrumentation process took 2212ms
&amp#27;[38;5;121m[4ff434ac]&amp#27;[0m&amp#27;[38;5;-165m[AndroidUiautomator2Driver@93ae]&amp#27;[0m Matched '/session' to command name 'createSession'
&amp#27;[38;5;121m[4ff434ac]&amp#27;[0m&amp#27;[38;5;-165m[AndroidUiautomator2Driver@93ae]&amp#27;[0m Proxying [POST /session] to [POST http://127.0.0.1:8202/session] with body: {"capabilities":{"firstMatch":[{"platformName":"ANDROID","appActivity":"com.androidsample.generalstore.SplashActivity","appPackage":"com.androidsample.generalstore","automationName":"UiAutomator2","deviceName":"CTLID18120801016","noReset":true,"platformVersion":"11.0","systemPort":8202,"udid":"CTLID18120801016","platform":"LINUX","webStorageEnabled":false,"takesScreenshot":true,"javascriptEnabled":true,"databaseEnabled":false,"networkConnectionEnabled":true,"locationContextEnabled":false,"warnings":{},"desired":{"platformName":"ANDROID","appActivity":"com.androidsample.generalstore.SplashActivity","appPackage":"com.androidsample.generalstore","automationName":"UiAutomator2","deviceName":"Nokia","noReset":true,"platformVersion":"11.0","systemPort":8202,"udid":"CTLID18120801016"},"deviceUDID":"CTLID18120801016"}],"alwaysMatch":{}}}
&amp#27;[38;5;121m[4ff434ac]&amp#27;[0m&amp#27;[38;5;-165m[AndroidUiautomator2Driver@93ae]&amp#27;[0m Got response with status 200: {"sessionId":"8a44f394-f29b-410e-a1c4-61744e9cb70c","value":{"capabilities":{"firstMatch":[{"platformName":"ANDROID","appActivity":"com.androidsample.generalstore.SplashActivity","appPackage":"com.androidsample.generalstore","automationName":"UiAutomator2","deviceName":"CTLID18120801016","noReset":true,"platformVersion":"11.0","systemPort":8202,"udid":"CTLID18120801016","platform":"LINUX","webStorageEnabled":false,"takesScreenshot":true,"javascriptEnabled":true,"databaseEnabled":false,"networkConnectionEnabled":true,"locationContextEnabled":false,"warnings":{},"desired":{"platformName":"ANDROID","appActivity":"com.androidsample.generalstore.SplashActivity","appPackage":"com.androidsample.generalstore","automationName":"UiAutomator2","deviceName":"Nokia","noReset":true,"platformVersion":"11.0","systemPort":8202,"udid":"CTLID18120801016"},"deviceUDID":"CTLID18120801016"}],"alwaysMatch":{}},"sessionId":"8a44f394-f29b-410e-a1c4-61744e9cb70c"}}
&amp#27;[38;5;121m[4ff434ac]&amp#27;[0m&amp#27;[38;5;-165m[AndroidUiautomator2Driver@93ae]&amp#27;[0m Determined the downstream protocol as 'W3C'
&amp#27;[38;5;121m[4ff434ac]&amp#27;[0m&amp#27;[38;5;-165m[AndroidUiautomator2Driver@93ae]&amp#27;[0m Proxying [GET /appium/device/pixel_ratio] to [GET http://127.0.0.1:8202/session/8a44f394-f29b-410e-a1c4-61744e9cb70c/appium/device/pixel_ratio] with no body
&amp#27;[38;5;121m[4ff434ac]&amp#27;[0m&amp#27;[38;5;-165m[AndroidUiautomator2Driver@93ae]&amp#27;[0m Matched '/appium/device/system_bars' to command name 'getSystemBars'
&amp#27;[38;5;121m[4ff434ac]&amp#27;[0m&amp#27;[38;5;-165m[AndroidUiautomator2Driver@93ae]&amp#27;[0m Proxying [GET /appium/device/system_bars] to [GET http://127.0.0.1:8202/session/8a44f394-f29b-410e-a1c4-61744e9cb70c/appium/device/system_bars] with no body
&amp#27;[38;5;121m[4ff434ac]&amp#27;[0m&amp#27;[38;5;-165m[AndroidUiautomator2Driver@93ae]&amp#27;[0m Matched '/window/current/size' to command name 'getWindowSize'
&amp#27;[38;5;121m[4ff434ac]&amp#27;[0m&amp#27;[38;5;-165m[AndroidUiautomator2Driver@93ae]&amp#27;[0m Proxying [GET /window/current/size] to [GET http://127.0.0.1:8202/session/8a44f394-f29b-410e-a1c4-61744e9cb70c/window/current/size] with no body
&amp#27;[38;5;121m[4ff434ac]&amp#27;[0m&amp#27;[38;5;-165m[AndroidUiautomator2Driver@93ae]&amp#27;[0m Proxying [GET /appium/device/info] to [GET http://127.0.0.1:8202/session/8a44f394-f29b-410e-a1c4-61744e9cb70c/appium/device/info] with no body
&amp#27;[38;5;121m[4ff434ac]&amp#27;[0m&amp#27;[38;5;229m[ADB]&amp#27;[0m Running 'C:\Users\sajus\AppData\Local\Android\Sdk\platform-tools\adb.exe -P 5037 -s CTLID18120801016 shell dumpsys window'
&amp#27;[38;5;121m[4ff434ac]&amp#27;[0m&amp#27;[38;5;229m[ADB]&amp#27;[0m Running 'C:\Users\sajus\AppData\Local\Android\Sdk\platform-tools\adb.exe -P 5037 -s CTLID18120801016 shell dumpsys power'
&amp#27;[38;5;121m[4ff434ac]&amp#27;[0m&amp#27;[38;5;-165m[AndroidUiautomator2Driver@93ae]&amp#27;[0m Got response with status 200: {"sessionId":"8a44f394-f29b-410e-a1c4-61744e9cb70c","value":2.625}
&amp#27;[38;5;121m[4ff434ac]&amp#27;[0m&amp#27;[38;5;-165m[AndroidUiautomator2Driver@93ae]&amp#27;[0m Got response with status 200: {"sessionId":"8a44f394-f29b-410e-a1c4-61744e9cb70c","value":{"statusBar":89}}
&amp#27;[38;5;121m[4ff434ac]&amp#27;[0m&amp#27;[38;5;-165m[AndroidUiautomator2Driver@93ae]&amp#27;[0m Got response with status 200: {"sessionId":"8a44f394-f29b-410e-a1c4-61744e9cb70c","value":{"height":2280,"width":1080}}
&amp#27;[38;5;121m[4ff434ac]&amp#27;[0m&amp#27;[38;5;-165m[AndroidUiautomator2Driver@93ae]&amp#27;[0m Screen already unlocked, doing nothing
&amp#27;[38;5;121m[4ff434ac]&amp#27;[0m&amp#27;[38;5;-165m[AndroidUiautomator2Driver@93ae]&amp#27;[0m Starting 'com.androidsample.generalstore/com.androidsample.generalstore.SplashActivity' and waiting for 'com.androidsample.generalstore/com.androidsample.generalstore.SplashActivity'
&amp#27;[38;5;121m[4ff434ac]&amp#27;[0m&amp#27;[38;5;229m[ADB]&amp#27;[0m Getting IDs of all 'com.androidsample.generalstore' processes
&amp#27;[38;5;121m[4ff434ac]&amp#27;[0m&amp#27;[38;5;229m[ADB]&amp#27;[0m Running 'C:\Users\sajus\AppData\Local\Android\Sdk\platform-tools\adb.exe -P 5037 -s CTLID18120801016 shell 'pgrep --help; echo $?''
&amp#27;[38;5;121m[4ff434ac]&amp#27;[0m&amp#27;[38;5;-165m[AndroidUiautomator2Driver@93ae]&amp#27;[0m Got response with status 200: {"sessionId":"8a44f394-f29b-410e-a1c4-61744e9cb70c","value":{"androidId":"7be9e4e610cc4454","apiVersion":"29","bluetooth":{"state":"OFF"},"brand":"Nokia","carrierName":"","displayDensity":420,"locale":"en_IN","manufacturer":"HMD Global","model":"Nokia 7.1","networks":[{"capabilities":{"SSID":null,"linkDownBandwidthKbps":1048576,"linkUpstreamBandwidthKbps":1048576,"networkCapabilities":"NET_CAPABILITY_NOT_METERED,NET_CAPABILITY_INTERNET,NET_CAPABILITY_NOT_RESTRICTED,NET_CAPABILITY_TRUSTED,NET_CAPABILITY_NOT_VPN,NET_CAPABILITY_VALIDATED,NET_CAPABILITY_NOT_ROAMING,NET_CAPABILITY_FOREGROUND,NET_CAPABILITY_NOT_CONGESTED,NET_CAPABILITY_NOT_SUSPENDED","signalStrength":-53,"transportTypes":"TRANSPORT_WIFI"},"detailedState":"CONNECTED","extraInfo":null,"isAvailable":true,"isConnected":true,"isFailover":false,"isRoaming":false,"state":"CONNECTED","subtype":0,"subtypeName":"","type":1,"typeName":"WIFI"}],"platformVersion":"10","realDisplaySize":"1080x2280","timeZone":"America/Toronto"}}
&amp#27;[38;5;121m[4ff434ac]&amp#27;[0m&amp#27;[38;5;229m[ADB]&amp#27;[0m Running 'C:\Users\sajus\AppData\Local\Android\Sdk\platform-tools\adb.exe -P 5037 -s CTLID18120801016 shell pgrep -f \(\[\[:blank:\]\]\|\^\)com\.androidsample\.generalstore\(:\[a-zA-Z0-9_-\]\+\)\?\(\[\[:blank:\]\]\|\$\)'
&amp#27;[38;5;121m[4ff434ac]&amp#27;[0m&amp#27;[38;5;229m[ADB]&amp#27;[0m Running 'C:\Users\sajus\AppData\Local\Android\Sdk\platform-tools\adb.exe -P 5037 -s CTLID18120801016 shell am start-activity -W -n com.androidsample.generalstore/com.androidsample.generalstore.SplashActivity -S -a android.intent.action.MAIN -c android.intent.category.LAUNCHER -f 0x10200000'
&amp#27;[38;5;121m[4ff434ac]&amp#27;[0m&amp#27;[38;5;42m[AppiumDriver@19a1]&amp#27;[0m New AndroidUiautomator2Driver session created successfully, session 4ff434ac-d6a8-4011-b953-01a74d9f1b45 added to master session list
&amp#27;[38;5;121m[4ff434ac]&amp#27;[0m&amp#27;[38;5;42m[AppiumDriver@19a1]&amp#27;[0m Event 'newSessionStarted' logged at 1750218078420 (23:41:18 GMT-0400 (Eastern Daylight Saving Time))
&amp#27;[38;5;121m[4ff434ac]&amp#27;[0m&amp#27;[38;5;-165m[AndroidUiautomator2Driver@93ae]&amp#27;[0m Cached the protocol value 'W3C' for the new session 4ff434ac-d6a8-4011-b953-01a74d9f1b45
&amp#27;[38;5;121m[4ff434ac]&amp#27;[0m&amp#27;[38;5;-165m[AndroidUiautomator2Driver@93ae]&amp#27;[0m Responding to client with driver.createSession() result: {"capabilities":{"platformName":"ANDROID","appActivity":"com.androidsample.generalstore.SplashActivity","appPackage":"com.androidsample.generalstore","automationName":"UiAutomator2","deviceName":"CTLID18120801016","noReset":true,"platformVersion":"10","systemPort":8202,"udid":"CTLID18120801016","platform":"LINUX","webStorageEnabled":false,"takesScreenshot":true,"javascriptEnabled":true,"databaseEnabled":false,"networkConnectionEnabled":true,"locationContextEnabled":false,"warnings":{},"desired":{"platformName":"ANDROID","appActivity":"com.androidsample.generalstore.SplashActivity","appPackage":"com.androidsample.generalstore","automationName":"UiAutomator2","deviceName":"Nokia","noReset":true,"platformVersion":"11.0","systemPort":8202,"udid":"CTLID18120801016"},"deviceUDID":"CTLID18120801016","pixelRatio":"2.625","statBarHeight":89,"viewportRect":{"left":0,"top":89,"width":1080,"height":2191},"deviceApiLevel":29,"deviceManufacturer":"HMD Global","deviceModel":"Nokia 7.1","deviceScreenSize":"1080x2280","dev...
&amp#27;[38;5;121m[4ff434ac]&amp#27;[0m&amp#27;[38;5;86m[HTTP]&amp#27;[0m &amp#27;[37m<-- POST /session &amp#27;[39m&amp#27;[32m200&amp#27;[39m &amp#27;[90m5223 ms - 1105&amp#27;[39m &amp#27;[90m&amp#27;[39m
&amp#27;[38;5;90m[8623a550]&amp#27;[0m&amp#27;[38;5;86m[HTTP]&amp#27;[0m &amp#27;[37m-->&amp#27;[39m &amp#27;[37mPOST&amp#27;[39m &amp#27;[37m/session/8623a550-1941-4acb-bd8d-a694e6c0ac1b/element&amp#27;[39m &amp#27;[90m{"using":"id","value":"com.androidsample.generalstore:id/nameField"}&amp#27;[39m
&amp#27;[38;5;90m[8623a550]&amp#27;[0m&amp#27;[38;5;14m[AndroidUiautomator2Driver@8676]&amp#27;[0m Calling AppiumDriver.findElement() with args: ["id","com.androidsample.generalstore:id/nameField","8623a550-1941-4acb-bd8d-a694e6c0ac1b"]
&amp#27;[38;5;90m[8623a550]&amp#27;[0m&amp#27;[38;5;14m[AndroidUiautomator2Driver@8676]&amp#27;[0m Valid locator strategies for this request: xpath, id, class name, accessibility id, css selector, -android uiautomator
&amp#27;[38;5;90m[8623a550]&amp#27;[0m&amp#27;[38;5;14m[AndroidUiautomator2Driver@8676]&amp#27;[0m Waiting up to 0 ms for condition
&amp#27;[38;5;90m[8623a550]&amp#27;[0m&amp#27;[38;5;14m[AndroidUiautomator2Driver@8676]&amp#27;[0m Matched '/element' to command name 'findElement'
&amp#27;[38;5;90m[8623a550]&amp#27;[0m&amp#27;[38;5;14m[AndroidUiautomator2Driver@8676]&amp#27;[0m Proxying [POST /element] to [POST http://127.0.0.1:8201/session/17dd3f1c-fd58-4321-aab4-522ecfe2a444/element] with body: {"strategy":"id","selector":"com.androidsample.generalstore:id/nameField","context":"","multiple":false}
&amp#27;[38;5;90m[8623a550]&amp#27;[0m&amp#27;[38;5;14m[AndroidUiautomator2Driver@8676]&amp#27;[0m Got response with status 200: {"sessionId":"17dd3f1c-fd58-4321-aab4-522ecfe2a444","value":{"ELEMENT":"00000000-0000-1136-ffff-ffff0000001c","element-6066-11e4-a52e-4f735466cecf":"00000000-0000-1136-ffff-ffff0000001c"}}
&amp#27;[38;5;90m[8623a550]&amp#27;[0m&amp#27;[38;5;14m[AndroidUiautomator2Driver@8676]&amp#27;[0m Responding to client with driver.findElement() result: {"element-6066-11e4-a52e-4f735466cecf":"00000000-0000-1136-ffff-ffff0000001c","ELEMENT":"00000000-0000-1136-ffff-ffff0000001c"}
&amp#27;[38;5;90m[8623a550]&amp#27;[0m&amp#27;[38;5;86m[HTTP]&amp#27;[0m &amp#27;[37m<-- POST /session/8623a550-1941-4acb-bd8d-a694e6c0ac1b/element &amp#27;[39m&amp#27;[32m200&amp#27;[39m &amp#27;[90m76 ms - 137&amp#27;[39m &amp#27;[90m&amp#27;[39m
&amp#27;[38;5;90m[8623a550]&amp#27;[0m&amp#27;[38;5;86m[HTTP]&amp#27;[0m &amp#27;[37m-->&amp#27;[39m &amp#27;[37mPOST&amp#27;[39m &amp#27;[37m/session/8623a550-1941-4acb-bd8d-a694e6c0ac1b/element/00000000-0000-1136-ffff-ffff0000001c/value&amp#27;[39m &amp#27;[90m{"id":"00000000-0000-1136-ffff-ffff0000001c","text":"gogan","value":["g","o","g","a","n"]}&amp#27;[39m
&amp#27;[38;5;90m[8623a550]&amp#27;[0m&amp#27;[38;5;14m[AndroidUiautomator2Driver@8676]&amp#27;[0m Calling AppiumDriver.setValue() with args: [["g","o","g","a","n"],"00000000-0000-1136-ffff-ffff0000001c","8623a550-1941-4acb-bd8d-a694e6c0ac1b"]
&amp#27;[38;5;90m[8623a550]&amp#27;[0m&amp#27;[38;5;14m[AndroidUiautomator2Driver@8676]&amp#27;[0m Matched '/element/00000000-0000-1136-ffff-ffff0000001c/value' to command name 'setValue'
&amp#27;[38;5;90m[8623a550]&amp#27;[0m&amp#27;[38;5;14m[AndroidUiautomator2Driver@8676]&amp#27;[0m Added 'value' property ["g","o","g","a","n"] to 'setValue' request body
&amp#27;[38;5;90m[8623a550]&amp#27;[0m&amp#27;[38;5;14m[AndroidUiautomator2Driver@8676]&amp#27;[0m Proxying [POST /element/00000000-0000-1136-ffff-ffff0000001c/value] to [POST http://127.0.0.1:8201/session/17dd3f1c-fd58-4321-aab4-522ecfe2a444/element/00000000-0000-1136-ffff-ffff0000001c/value] with body: {"elementId":"00000000-0000-1136-ffff-ffff0000001c","text":"gogan","replace":false,"value":["g","o","g","a","n"]}
&amp#27;[38;5;90m[8623a550]&amp#27;[0m&amp#27;[38;5;14m[AndroidUiautomator2Driver@8676]&amp#27;[0m Got response with status 200: {"sessionId":"17dd3f1c-fd58-4321-aab4-522ecfe2a444","value":null}
&amp#27;[38;5;90m[8623a550]&amp#27;[0m&amp#27;[38;5;14m[AndroidUiautomator2Driver@8676]&amp#27;[0m Responding to client with driver.setValue() result: null
&amp#27;[38;5;90m[8623a550]&amp#27;[0m&amp#27;[38;5;86m[HTTP]&amp#27;[0m &amp#27;[37m<-- POST /session/8623a550-1941-4acb-bd8d-a694e6c0ac1b/element/00000000-0000-1136-ffff-ffff0000001c/value &amp#27;[39m&amp#27;[32m200&amp#27;[39m &amp#27;[90m560 ms - 14&amp#27;[39m &amp#27;[90m&amp#27;[39m
&amp#27;[38;5;90m[8623a550]&amp#27;[0m&amp#27;[38;5;86m[HTTP]&amp#27;[0m &amp#27;[37m-->&amp#27;[39m &amp#27;[37mPOST&amp#27;[39m &amp#27;[37m/session/8623a550-1941-4acb-bd8d-a694e6c0ac1b/execute/sync&amp#27;[39m &amp#27;[90m{"script":"mobile: hideKeyboard","args":[]}&amp#27;[39m
&amp#27;[38;5;90m[8623a550]&amp#27;[0m&amp#27;[38;5;14m[AndroidUiautomator2Driver@8676]&amp#27;[0m Calling AppiumDriver.execute() with args: ["mobile: hideKeyboard",[],"8623a550-1941-4acb-bd8d-a694e6c0ac1b"]
&amp#27;[38;5;90m[8623a550]&amp#27;[0m&amp#27;[38;5;229m[ADB]&amp#27;[0m Running 'C:\Users\sajus\AppData\Local\Android\Sdk\platform-tools\adb.exe -P 5037 -s R3CRC00KHBT shell dumpsys input_method'
&amp#27;[38;5;90m[8623a550]&amp#27;[0m&amp#27;[38;5;229m[ADB]&amp#27;[0m Keyboard has no UI; no closing necessary
&amp#27;[38;5;90m[8623a550]&amp#27;[0m&amp#27;[38;5;14m[AndroidUiautomator2Driver@8676]&amp#27;[0m Responding to client with driver.execute() result: false
&amp#27;[38;5;90m[8623a550]&amp#27;[0m&amp#27;[38;5;86m[HTTP]&amp#27;[0m &amp#27;[37m<-- POST /session/8623a550-1941-4acb-bd8d-a694e6c0ac1b/execute/sync &amp#27;[39m&amp#27;[32m200&amp#27;[39m &amp#27;[90m175 ms - 15&amp#27;[39m &amp#27;[90m&amp#27;[39m
&amp#27;[38;5;90m[8623a550]&amp#27;[0m&amp#27;[38;5;86m[HTTP]&amp#27;[0m &amp#27;[37m-->&amp#27;[39m &amp#27;[37mPOST&amp#27;[39m &amp#27;[37m/session/8623a550-1941-4acb-bd8d-a694e6c0ac1b/element&amp#27;[39m &amp#27;[90m{"using":"id","value":"com.androidsample.generalstore:id/radioMale"}&amp#27;[39m
&amp#27;[38;5;90m[8623a550]&amp#27;[0m&amp#27;[38;5;14m[AndroidUiautomator2Driver@8676]&amp#27;[0m Calling AppiumDriver.findElement() with args: ["id","com.androidsample.generalstore:id/radioMale","8623a550-1941-4acb-bd8d-a694e6c0ac1b"]
&amp#27;[38;5;90m[8623a550]&amp#27;[0m&amp#27;[38;5;14m[AndroidUiautomator2Driver@8676]&amp#27;[0m Valid locator strategies for this request: xpath, id, class name, accessibility id, css selector, -android uiautomator
&amp#27;[38;5;90m[8623a550]&amp#27;[0m&amp#27;[38;5;14m[AndroidUiautomator2Driver@8676]&amp#27;[0m Waiting up to 0 ms for condition
&amp#27;[38;5;90m[8623a550]&amp#27;[0m&amp#27;[38;5;14m[AndroidUiautomator2Driver@8676]&amp#27;[0m Matched '/element' to command name 'findElement'
&amp#27;[38;5;90m[8623a550]&amp#27;[0m&amp#27;[38;5;14m[AndroidUiautomator2Driver@8676]&amp#27;[0m Proxying [POST /element] to [POST http://127.0.0.1:8201/session/17dd3f1c-fd58-4321-aab4-522ecfe2a444/element] with body: {"strategy":"id","selector":"com.androidsample.generalstore:id/radioMale","context":"","multiple":false}
&amp#27;[38;5;90m[8623a550]&amp#27;[0m&amp#27;[38;5;14m[AndroidUiautomator2Driver@8676]&amp#27;[0m Got response with status 200: {"sessionId":"17dd3f1c-fd58-4321-aab4-522ecfe2a444","value":{"ELEMENT":"00000000-0000-1136-ffff-ffff0000001f","element-6066-11e4-a52e-4f735466cecf":"00000000-0000-1136-ffff-ffff0000001f"}}
&amp#27;[38;5;90m[8623a550]&amp#27;[0m&amp#27;[38;5;14m[AndroidUiautomator2Driver@8676]&amp#27;[0m Responding to client with driver.findElement() result: {"element-6066-11e4-a52e-4f735466cecf":"00000000-0000-1136-ffff-ffff0000001f","ELEMENT":"00000000-0000-1136-ffff-ffff0000001f"}
&amp#27;[38;5;90m[8623a550]&amp#27;[0m&amp#27;[38;5;86m[HTTP]&amp#27;[0m &amp#27;[37m<-- POST /session/8623a550-1941-4acb-bd8d-a694e6c0ac1b/element &amp#27;[39m&amp#27;[32m200&amp#27;[39m &amp#27;[90m363 ms - 137&amp#27;[39m &amp#27;[90m&amp#27;[39m
&amp#27;[38;5;90m[8623a550]&amp#27;[0m&amp#27;[38;5;86m[HTTP]&amp#27;[0m &amp#27;[37m-->&amp#27;[39m &amp#27;[37mPOST&amp#27;[39m &amp#27;[37m/session/8623a550-1941-4acb-bd8d-a694e6c0ac1b/element/00000000-0000-1136-ffff-ffff0000001f/click&amp#27;[39m &amp#27;[90m{"id":"00000000-0000-1136-ffff-ffff0000001f"}&amp#27;[39m
&amp#27;[38;5;90m[8623a550]&amp#27;[0m&amp#27;[38;5;14m[AndroidUiautomator2Driver@8676]&amp#27;[0m Calling AppiumDriver.click() with args: ["00000000-0000-1136-ffff-ffff0000001f","8623a550-1941-4acb-bd8d-a694e6c0ac1b"]
&amp#27;[38;5;90m[8623a550]&amp#27;[0m&amp#27;[38;5;14m[AndroidUiautomator2Driver@8676]&amp#27;[0m Matched '/element/00000000-0000-1136-ffff-ffff0000001f/click' to command name 'click'
&amp#27;[38;5;90m[8623a550]&amp#27;[0m&amp#27;[38;5;14m[AndroidUiautomator2Driver@8676]&amp#27;[0m Proxying [POST /element/00000000-0000-1136-ffff-ffff0000001f/click] to [POST http://127.0.0.1:8201/session/17dd3f1c-fd58-4321-aab4-522ecfe2a444/element/00000000-0000-1136-ffff-ffff0000001f/click] with body: {"element":"00000000-0000-1136-ffff-ffff0000001f"}
&amp#27;[38;5;121m[4ff434ac]&amp#27;[0m&amp#27;[38;5;86m[HTTP]&amp#27;[0m &amp#27;[37m-->&amp#27;[39m &amp#27;[37mPOST&amp#27;[39m &amp#27;[37m/session/4ff434ac-d6a8-4011-b953-01a74d9f1b45/element&amp#27;[39m &amp#27;[90m{"using":"id","value":"com.androidsample.generalstore:id/nameField"}&amp#27;[39m
&amp#27;[38;5;121m[4ff434ac]&amp#27;[0m&amp#27;[38;5;-165m[AndroidUiautomator2Driver@93ae]&amp#27;[0m Calling AppiumDriver.findElement() with args: ["id","com.androidsample.generalstore:id/nameField","4ff434ac-d6a8-4011-b953-01a74d9f1b45"]
&amp#27;[38;5;121m[4ff434ac]&amp#27;[0m&amp#27;[38;5;-165m[AndroidUiautomator2Driver@93ae]&amp#27;[0m Valid locator strategies for this request: xpath, id, class name, accessibility id, css selector, -android uiautomator
&amp#27;[38;5;121m[4ff434ac]&amp#27;[0m&amp#27;[38;5;-165m[AndroidUiautomator2Driver@93ae]&amp#27;[0m Waiting up to 0 ms for condition
&amp#27;[38;5;121m[4ff434ac]&amp#27;[0m&amp#27;[38;5;-165m[AndroidUiautomator2Driver@93ae]&amp#27;[0m Matched '/element' to command name 'findElement'
&amp#27;[38;5;121m[4ff434ac]&amp#27;[0m&amp#27;[38;5;-165m[AndroidUiautomator2Driver@93ae]&amp#27;[0m Proxying [POST /element] to [POST http://127.0.0.1:8202/session/8a44f394-f29b-410e-a1c4-61744e9cb70c/element] with body: {"strategy":"id","selector":"com.androidsample.generalstore:id/nameField","context":"","multiple":false}
&amp#27;[38;5;121m[4ff434ac]&amp#27;[0m&amp#27;[38;5;-165m[AndroidUiautomator2Driver@93ae]&amp#27;[0m Got response with status 200: {"sessionId":"8a44f394-f29b-410e-a1c4-61744e9cb70c","value":{"ELEMENT":"00000000-0000-0626-ffff-ffff0000001c","element-6066-11e4-a52e-4f735466cecf":"00000000-0000-0626-ffff-ffff0000001c"}}
&amp#27;[38;5;121m[4ff434ac]&amp#27;[0m&amp#27;[38;5;-165m[AndroidUiautomator2Driver@93ae]&amp#27;[0m Responding to client with driver.findElement() result: {"element-6066-11e4-a52e-4f735466cecf":"00000000-0000-0626-ffff-ffff0000001c","ELEMENT":"00000000-0000-0626-ffff-ffff0000001c"}
&amp#27;[38;5;121m[4ff434ac]&amp#27;[0m&amp#27;[38;5;86m[HTTP]&amp#27;[0m &amp#27;[37m<-- POST /session/4ff434ac-d6a8-4011-b953-01a74d9f1b45/element &amp#27;[39m&amp#27;[32m200&amp#27;[39m &amp#27;[90m68 ms - 137&amp#27;[39m &amp#27;[90m&amp#27;[39m
&amp#27;[38;5;121m[4ff434ac]&amp#27;[0m&amp#27;[38;5;86m[HTTP]&amp#27;[0m &amp#27;[37m-->&amp#27;[39m &amp#27;[37mPOST&amp#27;[39m &amp#27;[37m/session/4ff434ac-d6a8-4011-b953-01a74d9f1b45/element/00000000-0000-0626-ffff-ffff0000001c/value&amp#27;[39m &amp#27;[90m{"id":"00000000-0000-0626-ffff-ffff0000001c","text":"danny","value":["d","a","n","n","y"]}&amp#27;[39m
&amp#27;[38;5;121m[4ff434ac]&amp#27;[0m&amp#27;[38;5;-165m[AndroidUiautomator2Driver@93ae]&amp#27;[0m Calling AppiumDriver.setValue() with args: [["d","a","n","n","y"],"00000000-0000-0626-ffff-ffff0000001c","4ff434ac-d6a8-4011-b953-01a74d9f1b45"]
&amp#27;[38;5;121m[4ff434ac]&amp#27;[0m&amp#27;[38;5;-165m[AndroidUiautomator2Driver@93ae]&amp#27;[0m Matched '/element/00000000-0000-0626-ffff-ffff0000001c/value' to command name 'setValue'
&amp#27;[38;5;121m[4ff434ac]&amp#27;[0m&amp#27;[38;5;-165m[AndroidUiautomator2Driver@93ae]&amp#27;[0m Added 'value' property ["d","a","n","n","y"] to 'setValue' request body
&amp#27;[38;5;121m[4ff434ac]&amp#27;[0m&amp#27;[38;5;-165m[AndroidUiautomator2Driver@93ae]&amp#27;[0m Proxying [POST /element/00000000-0000-0626-ffff-ffff0000001c/value] to [POST http://127.0.0.1:8202/session/8a44f394-f29b-410e-a1c4-61744e9cb70c/element/00000000-0000-0626-ffff-ffff0000001c/value] with body: {"elementId":"00000000-0000-0626-ffff-ffff0000001c","text":"danny","replace":false,"value":["d","a","n","n","y"]}
&amp#27;[38;5;90m[8623a550]&amp#27;[0m&amp#27;[38;5;14m[AndroidUiautomator2Driver@8676]&amp#27;[0m Got response with status 200: {"sessionId":"17dd3f1c-fd58-4321-aab4-522ecfe2a444","value":null}
&amp#27;[38;5;90m[8623a550]&amp#27;[0m&amp#27;[38;5;14m[AndroidUiautomator2Driver@8676]&amp#27;[0m Responding to client with driver.click() result: null
&amp#27;[38;5;90m[8623a550]&amp#27;[0m&amp#27;[38;5;86m[HTTP]&amp#27;[0m &amp#27;[37m<-- POST /session/8623a550-1941-4acb-bd8d-a694e6c0ac1b/element/00000000-0000-1136-ffff-ffff0000001f/click &amp#27;[39m&amp#27;[32m200&amp#27;[39m &amp#27;[90m619 ms - 14&amp#27;[39m &amp#27;[90m&amp#27;[39m
&amp#27;[38;5;90m[8623a550]&amp#27;[0m&amp#27;[38;5;86m[HTTP]&amp#27;[0m &amp#27;[37m-->&amp#27;[39m &amp#27;[37mPOST&amp#27;[39m &amp#27;[37m/session/8623a550-1941-4acb-bd8d-a694e6c0ac1b/element&amp#27;[39m &amp#27;[90m{"using":"id","value":"android:id/text1"}&amp#27;[39m
&amp#27;[38;5;90m[8623a550]&amp#27;[0m&amp#27;[38;5;14m[AndroidUiautomator2Driver@8676]&amp#27;[0m Calling AppiumDriver.findElement() with args: ["id","android:id/text1","8623a550-1941-4acb-bd8d-a694e6c0ac1b"]
&amp#27;[38;5;90m[8623a550]&amp#27;[0m&amp#27;[38;5;14m[AndroidUiautomator2Driver@8676]&amp#27;[0m Valid locator strategies for this request: xpath, id, class name, accessibility id, css selector, -android uiautomator
&amp#27;[38;5;90m[8623a550]&amp#27;[0m&amp#27;[38;5;14m[AndroidUiautomator2Driver@8676]&amp#27;[0m Waiting up to 0 ms for condition
&amp#27;[38;5;90m[8623a550]&amp#27;[0m&amp#27;[38;5;14m[AndroidUiautomator2Driver@8676]&amp#27;[0m Matched '/element' to command name 'findElement'
&amp#27;[38;5;90m[8623a550]&amp#27;[0m&amp#27;[38;5;14m[AndroidUiautomator2Driver@8676]&amp#27;[0m Proxying [POST /element] to [POST http://127.0.0.1:8201/session/17dd3f1c-fd58-4321-aab4-522ecfe2a444/element] with body: {"strategy":"id","selector":"android:id/text1","context":"","multiple":false}
&amp#27;[38;5;90m[8623a550]&amp#27;[0m&amp#27;[38;5;14m[AndroidUiautomator2Driver@8676]&amp#27;[0m Got response with status 200: {"sessionId":"17dd3f1c-fd58-4321-aab4-522ecfe2a444","value":{"ELEMENT":"00000000-0000-1136-ffff-ffff00000024","element-6066-11e4-a52e-4f735466cecf":"00000000-0000-1136-ffff-ffff00000024"}}
&amp#27;[38;5;90m[8623a550]&amp#27;[0m&amp#27;[38;5;14m[AndroidUiautomator2Driver@8676]&amp#27;[0m Responding to client with driver.findElement() result: {"element-6066-11e4-a52e-4f735466cecf":"00000000-0000-1136-ffff-ffff00000024","ELEMENT":"00000000-0000-1136-ffff-ffff00000024"}
&amp#27;[38;5;90m[8623a550]&amp#27;[0m&amp#27;[38;5;86m[HTTP]&amp#27;[0m &amp#27;[37m<-- POST /session/8623a550-1941-4acb-bd8d-a694e6c0ac1b/element &amp#27;[39m&amp#27;[32m200&amp#27;[39m &amp#27;[90m74 ms - 137&amp#27;[39m &amp#27;[90m&amp#27;[39m
&amp#27;[38;5;90m[8623a550]&amp#27;[0m&amp#27;[38;5;86m[HTTP]&amp#27;[0m &amp#27;[37m-->&amp#27;[39m &amp#27;[37mPOST&amp#27;[39m &amp#27;[37m/session/8623a550-1941-4acb-bd8d-a694e6c0ac1b/element/00000000-0000-1136-ffff-ffff00000024/click&amp#27;[39m &amp#27;[90m{"id":"00000000-0000-1136-ffff-ffff00000024"}&amp#27;[39m
&amp#27;[38;5;90m[8623a550]&amp#27;[0m&amp#27;[38;5;14m[AndroidUiautomator2Driver@8676]&amp#27;[0m Calling AppiumDriver.click() with args: ["00000000-0000-1136-ffff-ffff00000024","8623a550-1941-4acb-bd8d-a694e6c0ac1b"]
&amp#27;[38;5;90m[8623a550]&amp#27;[0m&amp#27;[38;5;14m[AndroidUiautomator2Driver@8676]&amp#27;[0m Matched '/element/00000000-0000-1136-ffff-ffff00000024/click' to command name 'click'
&amp#27;[38;5;90m[8623a550]&amp#27;[0m&amp#27;[38;5;14m[AndroidUiautomator2Driver@8676]&amp#27;[0m Proxying [POST /element/00000000-0000-1136-ffff-ffff00000024/click] to [POST http://127.0.0.1:8201/session/17dd3f1c-fd58-4321-aab4-522ecfe2a444/element/00000000-0000-1136-ffff-ffff00000024/click] with body: {"element":"00000000-0000-1136-ffff-ffff00000024"}
&amp#27;[38;5;121m[4ff434ac]&amp#27;[0m&amp#27;[38;5;-165m[AndroidUiautomator2Driver@93ae]&amp#27;[0m Got response with status 200: {"sessionId":"8a44f394-f29b-410e-a1c4-61744e9cb70c","value":null}
&amp#27;[38;5;121m[4ff434ac]&amp#27;[0m&amp#27;[38;5;-165m[AndroidUiautomator2Driver@93ae]&amp#27;[0m Responding to client with driver.setValue() result: null
&amp#27;[38;5;121m[4ff434ac]&amp#27;[0m&amp#27;[38;5;86m[HTTP]&amp#27;[0m &amp#27;[37m<-- POST /session/4ff434ac-d6a8-4011-b953-01a74d9f1b45/element/00000000-0000-0626-ffff-ffff0000001c/value &amp#27;[39m&amp#27;[32m200&amp#27;[39m &amp#27;[90m562 ms - 14&amp#27;[39m &amp#27;[90m&amp#27;[39m
&amp#27;[38;5;121m[4ff434ac]&amp#27;[0m&amp#27;[38;5;86m[HTTP]&amp#27;[0m &amp#27;[37m-->&amp#27;[39m &amp#27;[37mPOST&amp#27;[39m &amp#27;[37m/session/4ff434ac-d6a8-4011-b953-01a74d9f1b45/execute/sync&amp#27;[39m &amp#27;[90m{"script":"mobile: hideKeyboard","args":[]}&amp#27;[39m
&amp#27;[38;5;121m[4ff434ac]&amp#27;[0m&amp#27;[38;5;-165m[AndroidUiautomator2Driver@93ae]&amp#27;[0m Calling AppiumDriver.execute() with args: ["mobile: hideKeyboard",[],"4ff434ac-d6a8-4011-b953-01a74d9f1b45"]
&amp#27;[38;5;121m[4ff434ac]&amp#27;[0m&amp#27;[38;5;229m[ADB]&amp#27;[0m Running 'C:\Users\sajus\AppData\Local\Android\Sdk\platform-tools\adb.exe -P 5037 -s CTLID18120801016 shell dumpsys input_method'
&amp#27;[38;5;90m[8623a550]&amp#27;[0m&amp#27;[38;5;14m[AndroidUiautomator2Driver@8676]&amp#27;[0m Got response with status 200: {"sessionId":"17dd3f1c-fd58-4321-aab4-522ecfe2a444","value":null}
&amp#27;[38;5;90m[8623a550]&amp#27;[0m&amp#27;[38;5;14m[AndroidUiautomator2Driver@8676]&amp#27;[0m Responding to client with driver.click() result: null
&amp#27;[38;5;90m[8623a550]&amp#27;[0m&amp#27;[38;5;86m[HTTP]&amp#27;[0m &amp#27;[37m<-- POST /session/8623a550-1941-4acb-bd8d-a694e6c0ac1b/element/00000000-0000-1136-ffff-ffff00000024/click &amp#27;[39m&amp#27;[32m200&amp#27;[39m &amp#27;[90m77 ms - 14&amp#27;[39m &amp#27;[90m&amp#27;[39m
&amp#27;[38;5;90m[8623a550]&amp#27;[0m&amp#27;[38;5;86m[HTTP]&amp#27;[0m &amp#27;[37m-->&amp#27;[39m &amp#27;[37mPOST&amp#27;[39m &amp#27;[37m/session/8623a550-1941-4acb-bd8d-a694e6c0ac1b/element&amp#27;[39m &amp#27;[90m{"using":"-android uiautomator","value":"new UiScrollable(new UiSelector()).scrollIntoView(text(\"Argentina\"));"}&amp#27;[39m
&amp#27;[38;5;90m[8623a550]&amp#27;[0m&amp#27;[38;5;14m[AndroidUiautomator2Driver@8676]&amp#27;[0m Calling AppiumDriver.findElement() with args: ["-android uiautomator","new UiScrollable(new UiSelector()).scrollIntoView(text(\"Argentina\"));","8623a550-1941-4acb-bd8d-a694e6c0ac1b"]
&amp#27;[38;5;90m[8623a550]&amp#27;[0m&amp#27;[38;5;14m[AndroidUiautomator2Driver@8676]&amp#27;[0m Valid locator strategies for this request: xpath, id, class name, accessibility id, css selector, -android uiautomator
&amp#27;[38;5;90m[8623a550]&amp#27;[0m&amp#27;[38;5;14m[AndroidUiautomator2Driver@8676]&amp#27;[0m Waiting up to 0 ms for condition
&amp#27;[38;5;90m[8623a550]&amp#27;[0m&amp#27;[38;5;14m[AndroidUiautomator2Driver@8676]&amp#27;[0m Matched '/element' to command name 'findElement'
&amp#27;[38;5;90m[8623a550]&amp#27;[0m&amp#27;[38;5;14m[AndroidUiautomator2Driver@8676]&amp#27;[0m Proxying [POST /element] to [POST http://127.0.0.1:8201/session/17dd3f1c-fd58-4321-aab4-522ecfe2a444/element] with body: {"strategy":"-android uiautomator","selector":"new UiScrollable(new UiSelector()).scrollIntoView(text(\"Argentina\"));","context":"","multiple":false}
&amp#27;[38;5;121m[4ff434ac]&amp#27;[0m&amp#27;[38;5;229m[ADB]&amp#27;[0m Keyboard has no UI; no closing necessary
&amp#27;[38;5;121m[4ff434ac]&amp#27;[0m&amp#27;[38;5;-165m[AndroidUiautomator2Driver@93ae]&amp#27;[0m Responding to client with driver.execute() result: false
&amp#27;[38;5;121m[4ff434ac]&amp#27;[0m&amp#27;[38;5;86m[HTTP]&amp#27;[0m &amp#27;[37m<-- POST /session/4ff434ac-d6a8-4011-b953-01a74d9f1b45/execute/sync &amp#27;[39m&amp#27;[32m200&amp#27;[39m &amp#27;[90m693 ms - 15&amp#27;[39m &amp#27;[90m&amp#27;[39m
&amp#27;[38;5;121m[4ff434ac]&amp#27;[0m&amp#27;[38;5;86m[HTTP]&amp#27;[0m &amp#27;[37m-->&amp#27;[39m &amp#27;[37mPOST&amp#27;[39m &amp#27;[37m/session/4ff434ac-d6a8-4011-b953-01a74d9f1b45/element&amp#27;[39m &amp#27;[90m{"using":"id","value":"com.androidsample.generalstore:id/radioFemale"}&amp#27;[39m
&amp#27;[38;5;121m[4ff434ac]&amp#27;[0m&amp#27;[38;5;-165m[AndroidUiautomator2Driver@93ae]&amp#27;[0m Calling AppiumDriver.findElement() with args: ["id","com.androidsample.generalstore:id/radioFemale","4ff434ac-d6a8-4011-b953-01a74d9f1b45"]
&amp#27;[38;5;121m[4ff434ac]&amp#27;[0m&amp#27;[38;5;-165m[AndroidUiautomator2Driver@93ae]&amp#27;[0m Valid locator strategies for this request: xpath, id, class name, accessibility id, css selector, -android uiautomator
&amp#27;[38;5;121m[4ff434ac]&amp#27;[0m&amp#27;[38;5;-165m[AndroidUiautomator2Driver@93ae]&amp#27;[0m Waiting up to 0 ms for condition
&amp#27;[38;5;121m[4ff434ac]&amp#27;[0m&amp#27;[38;5;-165m[AndroidUiautomator2Driver@93ae]&amp#27;[0m Matched '/element' to command name 'findElement'
&amp#27;[38;5;121m[4ff434ac]&amp#27;[0m&amp#27;[38;5;-165m[AndroidUiautomator2Driver@93ae]&amp#27;[0m Proxying [POST /element] to [POST http://127.0.0.1:8202/session/8a44f394-f29b-410e-a1c4-61744e9cb70c/element] with body: {"strategy":"id","selector":"com.androidsample.generalstore:id/radioFemale","context":"","multiple":false}
&amp#27;[38;5;121m[4ff434ac]&amp#27;[0m&amp#27;[38;5;-165m[AndroidUiautomator2Driver@93ae]&amp#27;[0m Got response with status 200: {"sessionId":"8a44f394-f29b-410e-a1c4-61744e9cb70c","value":{"ELEMENT":"00000000-0000-0626-ffff-ffff00000020","element-6066-11e4-a52e-4f735466cecf":"00000000-0000-0626-ffff-ffff00000020"}}
&amp#27;[38;5;121m[4ff434ac]&amp#27;[0m&amp#27;[38;5;-165m[AndroidUiautomator2Driver@93ae]&amp#27;[0m Responding to client with driver.findElement() result: {"element-6066-11e4-a52e-4f735466cecf":"00000000-0000-0626-ffff-ffff00000020","ELEMENT":"00000000-0000-0626-ffff-ffff00000020"}
&amp#27;[38;5;121m[4ff434ac]&amp#27;[0m&amp#27;[38;5;86m[HTTP]&amp#27;[0m &amp#27;[37m<-- POST /session/4ff434ac-d6a8-4011-b953-01a74d9f1b45/element &amp#27;[39m&amp#27;[32m200&amp#27;[39m &amp#27;[90m51 ms - 137&amp#27;[39m &amp#27;[90m&amp#27;[39m
&amp#27;[38;5;121m[4ff434ac]&amp#27;[0m&amp#27;[38;5;86m[HTTP]&amp#27;[0m &amp#27;[37m-->&amp#27;[39m &amp#27;[37mPOST&amp#27;[39m &amp#27;[37m/session/4ff434ac-d6a8-4011-b953-01a74d9f1b45/element/00000000-0000-0626-ffff-ffff00000020/click&amp#27;[39m &amp#27;[90m{"id":"00000000-0000-0626-ffff-ffff00000020"}&amp#27;[39m
&amp#27;[38;5;121m[4ff434ac]&amp#27;[0m&amp#27;[38;5;-165m[AndroidUiautomator2Driver@93ae]&amp#27;[0m Calling AppiumDriver.click() with args: ["00000000-0000-0626-ffff-ffff00000020","4ff434ac-d6a8-4011-b953-01a74d9f1b45"]
&amp#27;[38;5;121m[4ff434ac]&amp#27;[0m&amp#27;[38;5;-165m[AndroidUiautomator2Driver@93ae]&amp#27;[0m Matched '/element/00000000-0000-0626-ffff-ffff00000020/click' to command name 'click'
&amp#27;[38;5;121m[4ff434ac]&amp#27;[0m&amp#27;[38;5;-165m[AndroidUiautomator2Driver@93ae]&amp#27;[0m Proxying [POST /element/00000000-0000-0626-ffff-ffff00000020/click] to [POST http://127.0.0.1:8202/session/8a44f394-f29b-410e-a1c4-61744e9cb70c/element/00000000-0000-0626-ffff-ffff00000020/click] with body: {"element":"00000000-0000-0626-ffff-ffff00000020"}
&amp#27;[38;5;121m[4ff434ac]&amp#27;[0m&amp#27;[38;5;-165m[AndroidUiautomator2Driver@93ae]&amp#27;[0m Got response with status 200: {"sessionId":"8a44f394-f29b-410e-a1c4-61744e9cb70c","value":null}
&amp#27;[38;5;121m[4ff434ac]&amp#27;[0m&amp#27;[38;5;-165m[AndroidUiautomator2Driver@93ae]&amp#27;[0m Responding to client with driver.click() result: null
&amp#27;[38;5;121m[4ff434ac]&amp#27;[0m&amp#27;[38;5;86m[HTTP]&amp#27;[0m &amp#27;[37m<-- POST /session/4ff434ac-d6a8-4011-b953-01a74d9f1b45/element/00000000-0000-0626-ffff-ffff00000020/click &amp#27;[39m&amp#27;[32m200&amp#27;[39m &amp#27;[90m75 ms - 14&amp#27;[39m &amp#27;[90m&amp#27;[39m
&amp#27;[38;5;121m[4ff434ac]&amp#27;[0m&amp#27;[38;5;86m[HTTP]&amp#27;[0m &amp#27;[37m-->&amp#27;[39m &amp#27;[37mPOST&amp#27;[39m &amp#27;[37m/session/4ff434ac-d6a8-4011-b953-01a74d9f1b45/element&amp#27;[39m &amp#27;[90m{"using":"id","value":"android:id/text1"}&amp#27;[39m
&amp#27;[38;5;121m[4ff434ac]&amp#27;[0m&amp#27;[38;5;-165m[AndroidUiautomator2Driver@93ae]&amp#27;[0m Calling AppiumDriver.findElement() with args: ["id","android:id/text1","4ff434ac-d6a8-4011-b953-01a74d9f1b45"]
&amp#27;[38;5;121m[4ff434ac]&amp#27;[0m&amp#27;[38;5;-165m[AndroidUiautomator2Driver@93ae]&amp#27;[0m Valid locator strategies for this request: xpath, id, class name, accessibility id, css selector, -android uiautomator
&amp#27;[38;5;121m[4ff434ac]&amp#27;[0m&amp#27;[38;5;-165m[AndroidUiautomator2Driver@93ae]&amp#27;[0m Waiting up to 0 ms for condition
&amp#27;[38;5;121m[4ff434ac]&amp#27;[0m&amp#27;[38;5;-165m[AndroidUiautomator2Driver@93ae]&amp#27;[0m Matched '/element' to command name 'findElement'
&amp#27;[38;5;121m[4ff434ac]&amp#27;[0m&amp#27;[38;5;-165m[AndroidUiautomator2Driver@93ae]&amp#27;[0m Proxying [POST /element] to [POST http://127.0.0.1:8202/session/8a44f394-f29b-410e-a1c4-61744e9cb70c/element] with body: {"strategy":"id","selector":"android:id/text1","context":"","multiple":false}
&amp#27;[38;5;121m[4ff434ac]&amp#27;[0m&amp#27;[38;5;-165m[AndroidUiautomator2Driver@93ae]&amp#27;[0m Got response with status 200: {"sessionId":"8a44f394-f29b-410e-a1c4-61744e9cb70c","value":{"ELEMENT":"00000000-0000-0626-ffff-ffff00000024","element-6066-11e4-a52e-4f735466cecf":"00000000-0000-0626-ffff-ffff00000024"}}
&amp#27;[38;5;121m[4ff434ac]&amp#27;[0m&amp#27;[38;5;-165m[AndroidUiautomator2Driver@93ae]&amp#27;[0m Responding to client with driver.findElement() result: {"element-6066-11e4-a52e-4f735466cecf":"00000000-0000-0626-ffff-ffff00000024","ELEMENT":"00000000-0000-0626-ffff-ffff00000024"}
&amp#27;[38;5;121m[4ff434ac]&amp#27;[0m&amp#27;[38;5;86m[HTTP]&amp#27;[0m &amp#27;[37m<-- POST /session/4ff434ac-d6a8-4011-b953-01a74d9f1b45/element &amp#27;[39m&amp#27;[32m200&amp#27;[39m &amp#27;[90m523 ms - 137&amp#27;[39m &amp#27;[90m&amp#27;[39m
&amp#27;[38;5;121m[4ff434ac]&amp#27;[0m&amp#27;[38;5;86m[HTTP]&amp#27;[0m &amp#27;[37m-->&amp#27;[39m &amp#27;[37mPOST&amp#27;[39m &amp#27;[37m/session/4ff434ac-d6a8-4011-b953-01a74d9f1b45/element/00000000-0000-0626-ffff-ffff00000024/click&amp#27;[39m &amp#27;[90m{"id":"00000000-0000-0626-ffff-ffff00000024"}&amp#27;[39m
&amp#27;[38;5;121m[4ff434ac]&amp#27;[0m&amp#27;[38;5;-165m[AndroidUiautomator2Driver@93ae]&amp#27;[0m Calling AppiumDriver.click() with args: ["00000000-0000-0626-ffff-ffff00000024","4ff434ac-d6a8-4011-b953-01a74d9f1b45"]
&amp#27;[38;5;121m[4ff434ac]&amp#27;[0m&amp#27;[38;5;-165m[AndroidUiautomator2Driver@93ae]&amp#27;[0m Matched '/element/00000000-0000-0626-ffff-ffff00000024/click' to command name 'click'
&amp#27;[38;5;121m[4ff434ac]&amp#27;[0m&amp#27;[38;5;-165m[AndroidUiautomator2Driver@93ae]&amp#27;[0m Proxying [POST /element/00000000-0000-0626-ffff-ffff00000024/click] to [POST http://127.0.0.1:8202/session/8a44f394-f29b-410e-a1c4-61744e9cb70c/element/00000000-0000-0626-ffff-ffff00000024/click] with body: {"element":"00000000-0000-0626-ffff-ffff00000024"}
&amp#27;[38;5;121m[4ff434ac]&amp#27;[0m&amp#27;[38;5;-165m[AndroidUiautomator2Driver@93ae]&amp#27;[0m Got response with status 200: {"sessionId":"8a44f394-f29b-410e-a1c4-61744e9cb70c","value":null}
&amp#27;[38;5;121m[4ff434ac]&amp#27;[0m&amp#27;[38;5;-165m[AndroidUiautomator2Driver@93ae]&amp#27;[0m Responding to client with driver.click() result: null
&amp#27;[38;5;121m[4ff434ac]&amp#27;[0m&amp#27;[38;5;86m[HTTP]&amp#27;[0m &amp#27;[37m<-- POST /session/4ff434ac-d6a8-4011-b953-01a74d9f1b45/element/00000000-0000-0626-ffff-ffff00000024/click &amp#27;[39m&amp#27;[32m200&amp#27;[39m &amp#27;[90m66 ms - 14&amp#27;[39m &amp#27;[90m&amp#27;[39m
&amp#27;[38;5;121m[4ff434ac]&amp#27;[0m&amp#27;[38;5;86m[HTTP]&amp#27;[0m &amp#27;[37m-->&amp#27;[39m &amp#27;[37mPOST&amp#27;[39m &amp#27;[37m/session/4ff434ac-d6a8-4011-b953-01a74d9f1b45/element&amp#27;[39m &amp#27;[90m{"using":"-android uiautomator","value":"new UiScrollable(new UiSelector()).scrollIntoView(text(\"Argentina\"));"}&amp#27;[39m
&amp#27;[38;5;121m[4ff434ac]&amp#27;[0m&amp#27;[38;5;-165m[AndroidUiautomator2Driver@93ae]&amp#27;[0m Calling AppiumDriver.findElement() with args: ["-android uiautomator","new UiScrollable(new UiSelector()).scrollIntoView(text(\"Argentina\"));","4ff434ac-d6a8-4011-b953-01a74d9f1b45"]
&amp#27;[38;5;121m[4ff434ac]&amp#27;[0m&amp#27;[38;5;-165m[AndroidUiautomator2Driver@93ae]&amp#27;[0m Valid locator strategies for this request: xpath, id, class name, accessibility id, css selector, -android uiautomator
&amp#27;[38;5;121m[4ff434ac]&amp#27;[0m&amp#27;[38;5;-165m[AndroidUiautomator2Driver@93ae]&amp#27;[0m Waiting up to 0 ms for condition
&amp#27;[38;5;121m[4ff434ac]&amp#27;[0m&amp#27;[38;5;-165m[AndroidUiautomator2Driver@93ae]&amp#27;[0m Matched '/element' to command name 'findElement'
&amp#27;[38;5;121m[4ff434ac]&amp#27;[0m&amp#27;[38;5;-165m[AndroidUiautomator2Driver@93ae]&amp#27;[0m Proxying [POST /element] to [POST http://127.0.0.1:8202/session/8a44f394-f29b-410e-a1c4-61744e9cb70c/element] with body: {"strategy":"-android uiautomator","selector":"new UiScrollable(new UiSelector()).scrollIntoView(text(\"Argentina\"));","context":"","multiple":false}
&amp#27;[38;5;90m[8623a550]&amp#27;[0m&amp#27;[38;5;14m[AndroidUiautomator2Driver@8676]&amp#27;[0m Got response with status 200: {"sessionId":"17dd3f1c-fd58-4321-aab4-522ecfe2a444","value":{"ELEMENT":"00000000-0000-1137-ffff-ffff00000029","element-6066-11e4-a52e-4f735466cecf":"00000000-0000-1137-ffff-ffff00000029"}}
&amp#27;[38;5;90m[8623a550]&amp#27;[0m&amp#27;[38;5;14m[AndroidUiautomator2Driver@8676]&amp#27;[0m Responding to client with driver.findElement() result: {"element-6066-11e4-a52e-4f735466cecf":"00000000-0000-1137-ffff-ffff00000029","ELEMENT":"00000000-0000-1137-ffff-ffff00000029"}
&amp#27;[38;5;90m[8623a550]&amp#27;[0m&amp#27;[38;5;86m[HTTP]&amp#27;[0m &amp#27;[37m<-- POST /session/8623a550-1941-4acb-bd8d-a694e6c0ac1b/element &amp#27;[39m&amp#27;[32m200&amp#27;[39m &amp#27;[90m4565 ms - 137&amp#27;[39m &amp#27;[90m&amp#27;[39m
&amp#27;[38;5;90m[8623a550]&amp#27;[0m&amp#27;[38;5;86m[HTTP]&amp#27;[0m &amp#27;[37m-->&amp#27;[39m &amp#27;[37mPOST&amp#27;[39m &amp#27;[37m/session/8623a550-1941-4acb-bd8d-a694e6c0ac1b/element&amp#27;[39m &amp#27;[90m{"using":"xpath","value":"//android.widget.TextView[@text='Argentina']"}&amp#27;[39m
&amp#27;[38;5;90m[8623a550]&amp#27;[0m&amp#27;[38;5;14m[AndroidUiautomator2Driver@8676]&amp#27;[0m Calling AppiumDriver.findElement() with args: ["xpath","//android.widget.TextView[@text='Argentina']","8623a550-1941-4acb-bd8d-a694e6c0ac1b"]
&amp#27;[38;5;90m[8623a550]&amp#27;[0m&amp#27;[38;5;14m[AndroidUiautomator2Driver@8676]&amp#27;[0m Valid locator strategies for this request: xpath, id, class name, accessibility id, css selector, -android uiautomator
&amp#27;[38;5;90m[8623a550]&amp#27;[0m&amp#27;[38;5;14m[AndroidUiautomator2Driver@8676]&amp#27;[0m Waiting up to 0 ms for condition
&amp#27;[38;5;90m[8623a550]&amp#27;[0m&amp#27;[38;5;14m[AndroidUiautomator2Driver@8676]&amp#27;[0m Matched '/element' to command name 'findElement'
&amp#27;[38;5;90m[8623a550]&amp#27;[0m&amp#27;[38;5;14m[AndroidUiautomator2Driver@8676]&amp#27;[0m Proxying [POST /element] to [POST http://127.0.0.1:8201/session/17dd3f1c-fd58-4321-aab4-522ecfe2a444/element] with body: {"strategy":"xpath","selector":"//android.widget.TextView[@text='Argentina']","context":"","multiple":false}
&amp#27;[38;5;90m[8623a550]&amp#27;[0m&amp#27;[38;5;14m[AndroidUiautomator2Driver@8676]&amp#27;[0m Got response with status 200: {"sessionId":"17dd3f1c-fd58-4321-aab4-522ecfe2a444","value":{"ELEMENT":"00000000-0000-1137-ffff-ffff00000029","element-6066-11e4-a52e-4f735466cecf":"00000000-0000-1137-ffff-ffff00000029"}}
&amp#27;[38;5;90m[8623a550]&amp#27;[0m&amp#27;[38;5;14m[AndroidUiautomator2Driver@8676]&amp#27;[0m Responding to client with driver.findElement() result: {"element-6066-11e4-a52e-4f735466cecf":"00000000-0000-1137-ffff-ffff00000029","ELEMENT":"00000000-0000-1137-ffff-ffff00000029"}
&amp#27;[38;5;90m[8623a550]&amp#27;[0m&amp#27;[38;5;86m[HTTP]&amp#27;[0m &amp#27;[37m<-- POST /session/8623a550-1941-4acb-bd8d-a694e6c0ac1b/element &amp#27;[39m&amp#27;[32m200&amp#27;[39m &amp#27;[90m240 ms - 137&amp#27;[39m &amp#27;[90m&amp#27;[39m
&amp#27;[38;5;90m[8623a550]&amp#27;[0m&amp#27;[38;5;86m[HTTP]&amp#27;[0m &amp#27;[37m-->&amp#27;[39m &amp#27;[37mPOST&amp#27;[39m &amp#27;[37m/session/8623a550-1941-4acb-bd8d-a694e6c0ac1b/element/00000000-0000-1137-ffff-ffff00000029/click&amp#27;[39m &amp#27;[90m{"id":"00000000-0000-1137-ffff-ffff00000029"}&amp#27;[39m
&amp#27;[38;5;90m[8623a550]&amp#27;[0m&amp#27;[38;5;14m[AndroidUiautomator2Driver@8676]&amp#27;[0m Calling AppiumDriver.click() with args: ["00000000-0000-1137-ffff-ffff00000029","8623a550-1941-4acb-bd8d-a694e6c0ac1b"]
&amp#27;[38;5;90m[8623a550]&amp#27;[0m&amp#27;[38;5;14m[AndroidUiautomator2Driver@8676]&amp#27;[0m Matched '/element/00000000-0000-1137-ffff-ffff00000029/click' to command name 'click'
&amp#27;[38;5;90m[8623a550]&amp#27;[0m&amp#27;[38;5;14m[AndroidUiautomator2Driver@8676]&amp#27;[0m Proxying [POST /element/00000000-0000-1137-ffff-ffff00000029/click] to [POST http://127.0.0.1:8201/session/17dd3f1c-fd58-4321-aab4-522ecfe2a444/element/00000000-0000-1137-ffff-ffff00000029/click] with body: {"element":"00000000-0000-1137-ffff-ffff00000029"}
&amp#27;[38;5;121m[4ff434ac]&amp#27;[0m&amp#27;[38;5;-165m[AndroidUiautomator2Driver@93ae]&amp#27;[0m Got response with status 200: {"sessionId":"8a44f394-f29b-410e-a1c4-61744e9cb70c","value":{"ELEMENT":"00000000-0000-0627-ffff-ffff00000032","element-6066-11e4-a52e-4f735466cecf":"00000000-0000-0627-ffff-ffff00000032"}}
&amp#27;[38;5;121m[4ff434ac]&amp#27;[0m&amp#27;[38;5;-165m[AndroidUiautomator2Driver@93ae]&amp#27;[0m Responding to client with driver.findElement() result: {"element-6066-11e4-a52e-4f735466cecf":"00000000-0000-0627-ffff-ffff00000032","ELEMENT":"00000000-0000-0627-ffff-ffff00000032"}
&amp#27;[38;5;121m[4ff434ac]&amp#27;[0m&amp#27;[38;5;86m[HTTP]&amp#27;[0m &amp#27;[37m<-- POST /session/4ff434ac-d6a8-4011-b953-01a74d9f1b45/element &amp#27;[39m&amp#27;[32m200&amp#27;[39m &amp#27;[90m4032 ms - 137&amp#27;[39m &amp#27;[90m&amp#27;[39m
&amp#27;[38;5;121m[4ff434ac]&amp#27;[0m&amp#27;[38;5;86m[HTTP]&amp#27;[0m &amp#27;[37m-->&amp#27;[39m &amp#27;[37mPOST&amp#27;[39m &amp#27;[37m/session/4ff434ac-d6a8-4011-b953-01a74d9f1b45/element&amp#27;[39m &amp#27;[90m{"using":"xpath","value":"//android.widget.TextView[@text='Argentina']"}&amp#27;[39m
&amp#27;[38;5;121m[4ff434ac]&amp#27;[0m&amp#27;[38;5;-165m[AndroidUiautomator2Driver@93ae]&amp#27;[0m Calling AppiumDriver.findElement() with args: ["xpath","//android.widget.TextView[@text='Argentina']","4ff434ac-d6a8-4011-b953-01a74d9f1b45"]
&amp#27;[38;5;121m[4ff434ac]&amp#27;[0m&amp#27;[38;5;-165m[AndroidUiautomator2Driver@93ae]&amp#27;[0m Valid locator strategies for this request: xpath, id, class name, accessibility id, css selector, -android uiautomator
&amp#27;[38;5;121m[4ff434ac]&amp#27;[0m&amp#27;[38;5;-165m[AndroidUiautomator2Driver@93ae]&amp#27;[0m Waiting up to 0 ms for condition
&amp#27;[38;5;121m[4ff434ac]&amp#27;[0m&amp#27;[38;5;-165m[AndroidUiautomator2Driver@93ae]&amp#27;[0m Matched '/element' to command name 'findElement'
&amp#27;[38;5;121m[4ff434ac]&amp#27;[0m&amp#27;[38;5;-165m[AndroidUiautomator2Driver@93ae]&amp#27;[0m Proxying [POST /element] to [POST http://127.0.0.1:8202/session/8a44f394-f29b-410e-a1c4-61744e9cb70c/element] with body: {"strategy":"xpath","selector":"//android.widget.TextView[@text='Argentina']","context":"","multiple":false}
&amp#27;[38;5;90m[8623a550]&amp#27;[0m&amp#27;[38;5;14m[AndroidUiautomator2Driver@8676]&amp#27;[0m Got response with status 200: {"sessionId":"17dd3f1c-fd58-4321-aab4-522ecfe2a444","value":null}
&amp#27;[38;5;90m[8623a550]&amp#27;[0m&amp#27;[38;5;14m[AndroidUiautomator2Driver@8676]&amp#27;[0m Responding to client with driver.click() result: null
&amp#27;[38;5;90m[8623a550]&amp#27;[0m&amp#27;[38;5;86m[HTTP]&amp#27;[0m &amp#27;[37m<-- POST /session/8623a550-1941-4acb-bd8d-a694e6c0ac1b/element/00000000-0000-1137-ffff-ffff00000029/click &amp#27;[39m&amp#27;[32m200&amp#27;[39m &amp#27;[90m663 ms - 14&amp#27;[39m &amp#27;[90m&amp#27;[39m
&amp#27;[38;5;90m[8623a550]&amp#27;[0m&amp#27;[38;5;86m[HTTP]&amp#27;[0m &amp#27;[37m-->&amp#27;[39m &amp#27;[37mPOST&amp#27;[39m &amp#27;[37m/session/8623a550-1941-4acb-bd8d-a694e6c0ac1b/element&amp#27;[39m &amp#27;[90m{"using":"id","value":"com.androidsample.generalstore:id/btnLetsShop"}&amp#27;[39m
&amp#27;[38;5;90m[8623a550]&amp#27;[0m&amp#27;[38;5;14m[AndroidUiautomator2Driver@8676]&amp#27;[0m Calling AppiumDriver.findElement() with args: ["id","com.androidsample.generalstore:id/btnLetsShop","8623a550-1941-4acb-bd8d-a694e6c0ac1b"]
&amp#27;[38;5;90m[8623a550]&amp#27;[0m&amp#27;[38;5;14m[AndroidUiautomator2Driver@8676]&amp#27;[0m Valid locator strategies for this request: xpath, id, class name, accessibility id, css selector, -android uiautomator
&amp#27;[38;5;90m[8623a550]&amp#27;[0m&amp#27;[38;5;14m[AndroidUiautomator2Driver@8676]&amp#27;[0m Waiting up to 0 ms for condition
&amp#27;[38;5;90m[8623a550]&amp#27;[0m&amp#27;[38;5;14m[AndroidUiautomator2Driver@8676]&amp#27;[0m Matched '/element' to command name 'findElement'
&amp#27;[38;5;90m[8623a550]&amp#27;[0m&amp#27;[38;5;14m[AndroidUiautomator2Driver@8676]&amp#27;[0m Proxying [POST /element] to [POST http://127.0.0.1:8201/session/17dd3f1c-fd58-4321-aab4-522ecfe2a444/element] with body: {"strategy":"id","selector":"com.androidsample.generalstore:id/btnLetsShop","context":"","multiple":false}
&amp#27;[38;5;90m[8623a550]&amp#27;[0m&amp#27;[38;5;14m[AndroidUiautomator2Driver@8676]&amp#27;[0m Got response with status 200: {"sessionId":"17dd3f1c-fd58-4321-aab4-522ecfe2a444","value":{"ELEMENT":"00000000-0000-1136-ffff-ffff00000021","element-6066-11e4-a52e-4f735466cecf":"00000000-0000-1136-ffff-ffff00000021"}}
&amp#27;[38;5;90m[8623a550]&amp#27;[0m&amp#27;[38;5;14m[AndroidUiautomator2Driver@8676]&amp#27;[0m Responding to client with driver.findElement() result: {"element-6066-11e4-a52e-4f735466cecf":"00000000-0000-1136-ffff-ffff00000021","ELEMENT":"00000000-0000-1136-ffff-ffff00000021"}
&amp#27;[38;5;90m[8623a550]&amp#27;[0m&amp#27;[38;5;86m[HTTP]&amp#27;[0m &amp#27;[37m<-- POST /session/8623a550-1941-4acb-bd8d-a694e6c0ac1b/element &amp#27;[39m&amp#27;[32m200&amp#27;[39m &amp#27;[90m66 ms - 137&amp#27;[39m &amp#27;[90m&amp#27;[39m
&amp#27;[38;5;90m[8623a550]&amp#27;[0m&amp#27;[38;5;86m[HTTP]&amp#27;[0m &amp#27;[37m-->&amp#27;[39m &amp#27;[37mPOST&amp#27;[39m &amp#27;[37m/session/8623a550-1941-4acb-bd8d-a694e6c0ac1b/element/00000000-0000-1136-ffff-ffff00000021/click&amp#27;[39m &amp#27;[90m{"id":"00000000-0000-1136-ffff-ffff00000021"}&amp#27;[39m
&amp#27;[38;5;90m[8623a550]&amp#27;[0m&amp#27;[38;5;14m[AndroidUiautomator2Driver@8676]&amp#27;[0m Calling AppiumDriver.click() with args: ["00000000-0000-1136-ffff-ffff00000021","8623a550-1941-4acb-bd8d-a694e6c0ac1b"]
&amp#27;[38;5;90m[8623a550]&amp#27;[0m&amp#27;[38;5;14m[AndroidUiautomator2Driver@8676]&amp#27;[0m Matched '/element/00000000-0000-1136-ffff-ffff00000021/click' to command name 'click'
&amp#27;[38;5;90m[8623a550]&amp#27;[0m&amp#27;[38;5;14m[AndroidUiautomator2Driver@8676]&amp#27;[0m Proxying [POST /element/00000000-0000-1136-ffff-ffff00000021/click] to [POST http://127.0.0.1:8201/session/17dd3f1c-fd58-4321-aab4-522ecfe2a444/element/00000000-0000-1136-ffff-ffff00000021/click] with body: {"element":"00000000-0000-1136-ffff-ffff00000021"}
&amp#27;[38;5;90m[8623a550]&amp#27;[0m&amp#27;[38;5;14m[AndroidUiautomator2Driver@8676]&amp#27;[0m Got response with status 200: {"sessionId":"17dd3f1c-fd58-4321-aab4-522ecfe2a444","value":null}
&amp#27;[38;5;90m[8623a550]&amp#27;[0m&amp#27;[38;5;14m[AndroidUiautomator2Driver@8676]&amp#27;[0m Responding to client with driver.click() result: null
&amp#27;[38;5;90m[8623a550]&amp#27;[0m&amp#27;[38;5;86m[HTTP]&amp#27;[0m &amp#27;[37m<-- POST /session/8623a550-1941-4acb-bd8d-a694e6c0ac1b/element/00000000-0000-1136-ffff-ffff00000021/click &amp#27;[39m&amp#27;[32m200&amp#27;[39m &amp#27;[90m69 ms - 14&amp#27;[39m &amp#27;[90m&amp#27;[39m
&amp#27;[38;5;121m[4ff434ac]&amp#27;[0m&amp#27;[38;5;-165m[AndroidUiautomator2Driver@93ae]&amp#27;[0m Got response with status 200: {"sessionId":"8a44f394-f29b-410e-a1c4-61744e9cb70c","value":{"ELEMENT":"00000000-0000-0627-ffff-ffff00000032","element-6066-11e4-a52e-4f735466cecf":"00000000-0000-0627-ffff-ffff00000032"}}
&amp#27;[38;5;121m[4ff434ac]&amp#27;[0m&amp#27;[38;5;-165m[AndroidUiautomator2Driver@93ae]&amp#27;[0m Responding to client with driver.findElement() result: {"element-6066-11e4-a52e-4f735466cecf":"00000000-0000-0627-ffff-ffff00000032","ELEMENT":"00000000-0000-0627-ffff-ffff00000032"}
&amp#27;[38;5;121m[4ff434ac]&amp#27;[0m&amp#27;[38;5;86m[HTTP]&amp#27;[0m &amp#27;[37m<-- POST /session/4ff434ac-d6a8-4011-b953-01a74d9f1b45/element &amp#27;[39m&amp#27;[32m200&amp#27;[39m &amp#27;[90m433 ms - 137&amp#27;[39m &amp#27;[90m&amp#27;[39m
&amp#27;[38;5;121m[4ff434ac]&amp#27;[0m&amp#27;[38;5;86m[HTTP]&amp#27;[0m &amp#27;[37m-->&amp#27;[39m &amp#27;[37mPOST&amp#27;[39m &amp#27;[37m/session/4ff434ac-d6a8-4011-b953-01a74d9f1b45/element/00000000-0000-0627-ffff-ffff00000032/click&amp#27;[39m &amp#27;[90m{"id":"00000000-0000-0627-ffff-ffff00000032"}&amp#27;[39m
&amp#27;[38;5;121m[4ff434ac]&amp#27;[0m&amp#27;[38;5;-165m[AndroidUiautomator2Driver@93ae]&amp#27;[0m Calling AppiumDriver.click() with args: ["00000000-0000-0627-ffff-ffff00000032","4ff434ac-d6a8-4011-b953-01a74d9f1b45"]
&amp#27;[38;5;121m[4ff434ac]&amp#27;[0m&amp#27;[38;5;-165m[AndroidUiautomator2Driver@93ae]&amp#27;[0m Matched '/element/00000000-0000-0627-ffff-ffff00000032/click' to command name 'click'
&amp#27;[38;5;121m[4ff434ac]&amp#27;[0m&amp#27;[38;5;-165m[AndroidUiautomator2Driver@93ae]&amp#27;[0m Proxying [POST /element/00000000-0000-0627-ffff-ffff00000032/click] to [POST http://127.0.0.1:8202/session/8a44f394-f29b-410e-a1c4-61744e9cb70c/element/00000000-0000-0627-ffff-ffff00000032/click] with body: {"element":"00000000-0000-0627-ffff-ffff00000032"}
&amp#27;[38;5;121m[4ff434ac]&amp#27;[0m&amp#27;[38;5;-165m[AndroidUiautomator2Driver@93ae]&amp#27;[0m Got response with status 200: {"sessionId":"8a44f394-f29b-410e-a1c4-61744e9cb70c","value":null}
&amp#27;[38;5;121m[4ff434ac]&amp#27;[0m&amp#27;[38;5;-165m[AndroidUiautomator2Driver@93ae]&amp#27;[0m Responding to client with driver.click() result: null
&amp#27;[38;5;121m[4ff434ac]&amp#27;[0m&amp#27;[38;5;86m[HTTP]&amp#27;[0m &amp#27;[37m<-- POST /session/4ff434ac-d6a8-4011-b953-01a74d9f1b45/element/00000000-0000-0627-ffff-ffff00000032/click &amp#27;[39m&amp#27;[32m200&amp#27;[39m &amp#27;[90m615 ms - 14&amp#27;[39m &amp#27;[90m&amp#27;[39m
&amp#27;[38;5;121m[4ff434ac]&amp#27;[0m&amp#27;[38;5;86m[HTTP]&amp#27;[0m &amp#27;[37m-->&amp#27;[39m &amp#27;[37mPOST&amp#27;[39m &amp#27;[37m/session/4ff434ac-d6a8-4011-b953-01a74d9f1b45/element&amp#27;[39m &amp#27;[90m{"using":"id","value":"com.androidsample.generalstore:id/btnLetsShop"}&amp#27;[39m
&amp#27;[38;5;121m[4ff434ac]&amp#27;[0m&amp#27;[38;5;-165m[AndroidUiautomator2Driver@93ae]&amp#27;[0m Calling AppiumDriver.findElement() with args: ["id","com.androidsample.generalstore:id/btnLetsShop","4ff434ac-d6a8-4011-b953-01a74d9f1b45"]
&amp#27;[38;5;121m[4ff434ac]&amp#27;[0m&amp#27;[38;5;-165m[AndroidUiautomator2Driver@93ae]&amp#27;[0m Valid locator strategies for this request: xpath, id, class name, accessibility id, css selector, -android uiautomator
&amp#27;[38;5;121m[4ff434ac]&amp#27;[0m&amp#27;[38;5;-165m[AndroidUiautomator2Driver@93ae]&amp#27;[0m Waiting up to 0 ms for condition
&amp#27;[38;5;121m[4ff434ac]&amp#27;[0m&amp#27;[38;5;-165m[AndroidUiautomator2Driver@93ae]&amp#27;[0m Matched '/element' to command name 'findElement'
&amp#27;[38;5;121m[4ff434ac]&amp#27;[0m&amp#27;[38;5;-165m[AndroidUiautomator2Driver@93ae]&amp#27;[0m Proxying [POST /element] to [POST http://127.0.0.1:8202/session/8a44f394-f29b-410e-a1c4-61744e9cb70c/element] with body: {"strategy":"id","selector":"com.androidsample.generalstore:id/btnLetsShop","context":"","multiple":false}
&amp#27;[38;5;121m[4ff434ac]&amp#27;[0m&amp#27;[38;5;-165m[AndroidUiautomator2Driver@93ae]&amp#27;[0m Got response with status 200: {"sessionId":"8a44f394-f29b-410e-a1c4-61744e9cb70c","value":{"ELEMENT":"00000000-0000-0626-ffff-ffff00000021","element-6066-11e4-a52e-4f735466cecf":"00000000-0000-0626-ffff-ffff00000021"}}
&amp#27;[38;5;121m[4ff434ac]&amp#27;[0m&amp#27;[38;5;-165m[AndroidUiautomator2Driver@93ae]&amp#27;[0m Responding to client with driver.findElement() result: {"element-6066-11e4-a52e-4f735466cecf":"00000000-0000-0626-ffff-ffff00000021","ELEMENT":"00000000-0000-0626-ffff-ffff00000021"}
&amp#27;[38;5;121m[4ff434ac]&amp#27;[0m&amp#27;[38;5;86m[HTTP]&amp#27;[0m &amp#27;[37m<-- POST /session/4ff434ac-d6a8-4011-b953-01a74d9f1b45/element &amp#27;[39m&amp#27;[32m200&amp#27;[39m &amp#27;[90m32 ms - 137&amp#27;[39m &amp#27;[90m&amp#27;[39m
&amp#27;[38;5;121m[4ff434ac]&amp#27;[0m&amp#27;[38;5;86m[HTTP]&amp#27;[0m &amp#27;[37m-->&amp#27;[39m &amp#27;[37mPOST&amp#27;[39m &amp#27;[37m/session/4ff434ac-d6a8-4011-b953-01a74d9f1b45/element/00000000-0000-0626-ffff-ffff00000021/click&amp#27;[39m &amp#27;[90m{"id":"00000000-0000-0626-ffff-ffff00000021"}&amp#27;[39m
&amp#27;[38;5;121m[4ff434ac]&amp#27;[0m&amp#27;[38;5;-165m[AndroidUiautomator2Driver@93ae]&amp#27;[0m Calling AppiumDriver.click() with args: ["00000000-0000-0626-ffff-ffff00000021","4ff434ac-d6a8-4011-b953-01a74d9f1b45"]
&amp#27;[38;5;121m[4ff434ac]&amp#27;[0m&amp#27;[38;5;-165m[AndroidUiautomator2Driver@93ae]&amp#27;[0m Matched '/element/00000000-0000-0626-ffff-ffff00000021/click' to command name 'click'
&amp#27;[38;5;121m[4ff434ac]&amp#27;[0m&amp#27;[38;5;-165m[AndroidUiautomator2Driver@93ae]&amp#27;[0m Proxying [POST /element/00000000-0000-0626-ffff-ffff00000021/click] to [POST http://127.0.0.1:8202/session/8a44f394-f29b-410e-a1c4-61744e9cb70c/element/00000000-0000-0626-ffff-ffff00000021/click] with body: {"element":"00000000-0000-0626-ffff-ffff00000021"}
&amp#27;[38;5;121m[4ff434ac]&amp#27;[0m&amp#27;[38;5;-165m[AndroidUiautomator2Driver@93ae]&amp#27;[0m Got response with status 200: {"sessionId":"8a44f394-f29b-410e-a1c4-61744e9cb70c","value":null}
&amp#27;[38;5;121m[4ff434ac]&amp#27;[0m&amp#27;[38;5;-165m[AndroidUiautomator2Driver@93ae]&amp#27;[0m Responding to client with driver.click() result: null
&amp#27;[38;5;121m[4ff434ac]&amp#27;[0m&amp#27;[38;5;86m[HTTP]&amp#27;[0m &amp#27;[37m<-- POST /session/4ff434ac-d6a8-4011-b953-01a74d9f1b45/element/00000000-0000-0626-ffff-ffff00000021/click &amp#27;[39m&amp#27;[32m200&amp#27;[39m &amp#27;[90m64 ms - 14&amp#27;[39m &amp#27;[90m&amp#27;[39m
&amp#27;[38;5;90m[8623a550]&amp#27;[0m&amp#27;[38;5;86m[HTTP]&amp#27;[0m &amp#27;[37m-->&amp#27;[39m &amp#27;[37mGET&amp#27;[39m &amp#27;[37m/session/8623a550-1941-4acb-bd8d-a694e6c0ac1b/screenshot&amp#27;[39m &amp#27;[90m{}&amp#27;[39m
&amp#27;[38;5;90m[8623a550]&amp#27;[0m&amp#27;[38;5;14m[AndroidUiautomator2Driver@8676]&amp#27;[0m Calling AppiumDriver.getScreenshot() with args: ["8623a550-1941-4acb-bd8d-a694e6c0ac1b"]
&amp#27;[38;5;90m[8623a550]&amp#27;[0m&amp#27;[38;5;14m[AndroidUiautomator2Driver@8676]&amp#27;[0m Matched '/screenshot' to command name 'getScreenshot'
&amp#27;[38;5;90m[8623a550]&amp#27;[0m&amp#27;[38;5;14m[AndroidUiautomator2Driver@8676]&amp#27;[0m Proxying [GET /screenshot] to [GET http://127.0.0.1:8201/session/17dd3f1c-fd58-4321-aab4-522ecfe2a444/screenshot] with no body
&amp#27;[38;5;90m[8623a550]&amp#27;[0m&amp#27;[38;5;14m[AndroidUiautomator2Driver@8676]&amp#27;[0m Got response with status 200: {"sessionId":"17dd3f1c-fd58-4321-aab4-522ecfe2a444","value":"iVBORw0KGgoAAAANSUhEUgAABDgAAAlgCAYAAABtGofVAAAAAXNSR0IArs4c6QAAAARzQklUCAgICHwIZIgAACAASURBVHic7N13fNT1/Qfw1+f7/d7MniRh7wAyZQkIuKuIaLXWvdtatT+1dmnttttOR92tts5WRdyDggwBBQHZewQCIXtdcvcdn98fJGmS+15yl1xyueT19NFH4Ts+3/cFfXD3us/n/RFp26+TICIiIiIiIiKKY0qsCyAiIiIiIiIi6iwGHEREREREREQU9xhwEBEREREREVHcY8BBRERERERERHGPAQcRERERERERxT0GHEREREREREQU9xhwEBEREREREVHcY8BBRERERERERHGPAQcRERERERERxT0GHEREREREREQU9xhwEBEREREREVHcY8BBRERERERERHGPAQcRERERERERxT0GHEREREREREQU9xhwEBEREREREVHcY8BBRERERERERHGPAQcRERERERERxT0GHEREREREREQU9xhwEBEREREREVHcY8BBRERERERERHGPAQcRERERERERxT0GHEREREREREQU9xhwEBEREREREVHcY8BBRERERERERHGPAQcRERERERERxT0GHEREREREREQU9xhwEBEREREREVHcY8BBRERERERERHGPAQcRERERERERxT0t1gUQERERERER9SQCAplaEmZ6RmGsawDyHOnI1dKQo6XCo7i6pYY6y49jRjmOGxUo1Muw3X8Ea+t2o8SohoTslhriDQMOIiIiIiIi6tMEBBIUF4Y4s3Fu4kSc7h2Dsa4B0EQMPzKriejvyGhxyJAGtvkLsLJ2Bz6o2YyDejF8lp+BRwORtv06/iSIiIiIiIiozxEQSFLcGOXKw4KkU7EoeTpSFG+sywpLuVmD16vW4YOazdjlP4pqq77PBx0MOIiIiIiIiKjPUSAwyJGJL6fM...
&amp#27;[38;5;90m[8623a550]&amp#27;[0m&amp#27;[38;5;14m[AndroidUiautomator2Driver@8676]&amp#27;[0m Responding to client with driver.getScreenshot() result: "iVBORw0KGgoAAAANSUhEUgAABDgAAAlgCAYAAABtGofVAAAAAXNSR0IArs4c6QAAAARzQklUCAgICHwIZIgAACAASURBVHic7N13fNT1/Qfw1+f7/d7MniRh7wAyZQkIuKuIaLXWvdtatT+1dmnttttOR92tts5WRdyDggwBBQHZewQCIXtdcvcdn98fJGmS+15yl1xyueT19NFH4Ts+3/cFfXD3us/n/RFp26+TICIiIiIiIiKKY0qsCyAiIiIiIiIi6iwGHEREREREREQU9xhwEBEREREREVHcY8BBRERERERERHGPAQcRERERERERxT0GHEREREREREQU9xhwEBEREREREVHcY8BBRERERERERHGPAQcRERERERERxT0GHEREREREREQU9xhwEBEREREREVHcY8BBRERERERERHGPAQcRERERERERxT0GHEREREREREQU9xhwEBEREREREVHcY8BBRERERERERHGPAQcRERERERERxT0GHEREREREREQU9xhwEBEREREREVHcY8BBRERERERERHGPAQcRERERERERxT0GHEREREREREQU9xhwEBEREREREVHcY8BBRERERERERHGPAQcRERERERERxT0GHEREREREREQU9xhwEBEREREREVHcY8BBRERERERERHGPAQcRERERERERxT0t1gUQERERERER9SQCAplaEmZ6RmGsawDyHOnI1dKQo6XCo7i6pYY6y49jRjmOGxUo1Muw3X8Ea+t2o8SohoTslhriDQMOIiIiIiIi6tMEBBIUF4Y4s3Fu4kSc7h2Dsa4B0EQMPzKriejvyGhxyJAGtvkLsLJ2Bz6o2YyDejF8lp+BRwORtv06/iSIiIiIiIiozxEQSFLcGOXKw4KkU7EoeTpSFG+sywpLuVmD16vW4YOazdjlP4pqq77PBx0MOIiIiIiIiKjPUSAwyJGJL6fMxILEUzHImQklztpUWrBwOFCCt2s24D+Va1Cgl/bpkIMBBxEREREREfU541wD...
&amp#27;[38;5;90m[8623a550]&amp#27;[0m&amp#27;[38;5;86m[HTTP]&amp#27;[0m &amp#27;[37m<-- GET /session/8623a550-1941-4acb-bd8d-a694e6c0ac1b/screenshot &amp#27;[39m&amp#27;[32m200&amp#27;[39m &amp#27;[90m442 ms - 379532&amp#27;[39m &amp#27;[90m&amp#27;[39m
]]></system-out>
  </testcase>
  <testcase name="ThirdCase" classname="org.testCase.TestCase3" time="16.105">
    <system-out><![CDATA[&amp#27;[38;5;90m[8623a550]&amp#27;[0m&amp#27;[38;5;86m[HTTP]&amp#27;[0m &amp#27;[37m-->&amp#27;[39m &amp#27;[37mPOST&amp#27;[39m &amp#27;[37m/session/8623a550-1941-4acb-bd8d-a694e6c0ac1b/execute/sync&amp#27;[39m &amp#27;[90m{"script":"mobile: isAppInstalled","args":[{"bundleId":"com.androidsample.generalstore","appId":"com.androidsample.generalstore"}]}&amp#27;[39m
&amp#27;[38;5;90m[8623a550]&amp#27;[0m&amp#27;[38;5;14m[AndroidUiautomator2Driver@8676]&amp#27;[0m Calling AppiumDriver.execute() with args: ["mobile: isAppInstalled",[{"bundleId":"com.androidsample.generalstore","appId":"com.androidsample.generalstore"}],"8623a550-1941-4acb-bd8d-a694e6c0ac1b"]
&amp#27;[38;5;90m[8623a550]&amp#27;[0m&amp#27;[38;5;123m[BaseDriver]&amp#27;[0m The following script arguments are not known and will be ignored: bundleId
&amp#27;[38;5;90m[8623a550]&amp#27;[0m&amp#27;[38;5;229m[ADB]&amp#27;[0m Getting install status for com.androidsample.generalstore
&amp#27;[38;5;90m[8623a550]&amp#27;[0m&amp#27;[38;5;229m[ADB]&amp#27;[0m Running 'C:\Users\sajus\AppData\Local\Android\Sdk\platform-tools\adb.exe -P 5037 -s R3CRC00KHBT shell cmd package list packages'
&amp#27;[38;5;90m[8623a550]&amp#27;[0m&amp#27;[38;5;229m[ADB]&amp#27;[0m 'com.androidsample.generalstore' is installed
&amp#27;[38;5;90m[8623a550]&amp#27;[0m&amp#27;[38;5;14m[AndroidUiautomator2Driver@8676]&amp#27;[0m Responding to client with driver.execute() result: true
&amp#27;[38;5;90m[8623a550]&amp#27;[0m&amp#27;[38;5;86m[HTTP]&amp#27;[0m &amp#27;[37m<-- POST /session/8623a550-1941-4acb-bd8d-a694e6c0ac1b/execute/sync &amp#27;[39m&amp#27;[32m200&amp#27;[39m &amp#27;[90m125 ms - 14&amp#27;[39m &amp#27;[90m&amp#27;[39m
&amp#27;[38;5;90m[8623a550]&amp#27;[0m&amp#27;[38;5;86m[HTTP]&amp#27;[0m &amp#27;[37m-->&amp#27;[39m &amp#27;[37mPOST&amp#27;[39m &amp#27;[37m/session/8623a550-1941-4acb-bd8d-a694e6c0ac1b/execute/sync&amp#27;[39m &amp#27;[90m{"script":"mobile: terminateApp","args":[{"bundleId":"com.androidsample.generalstore","appId":"com.androidsample.generalstore"}]}&amp#27;[39m
&amp#27;[38;5;90m[8623a550]&amp#27;[0m&amp#27;[38;5;14m[AndroidUiautomator2Driver@8676]&amp#27;[0m Calling AppiumDriver.execute() with args: ["mobile: terminateApp",[{"bundleId":"com.androidsample.generalstore","appId":"com.androidsample.generalstore"}],"8623a550-1941-4acb-bd8d-a694e6c0ac1b"]
&amp#27;[38;5;90m[8623a550]&amp#27;[0m&amp#27;[38;5;123m[BaseDriver]&amp#27;[0m The following script arguments are not known and will be ignored: bundleId
&amp#27;[38;5;90m[8623a550]&amp#27;[0m&amp#27;[38;5;14m[AndroidUiautomator2Driver@8676]&amp#27;[0m Terminating 'com.androidsample.generalstore'
&amp#27;[38;5;90m[8623a550]&amp#27;[0m&amp#27;[38;5;229m[ADB]&amp#27;[0m Getting IDs of all 'com.androidsample.generalstore' processes
&amp#27;[38;5;90m[8623a550]&amp#27;[0m&amp#27;[38;5;229m[ADB]&amp#27;[0m Running 'C:\Users\sajus\AppData\Local\Android\Sdk\platform-tools\adb.exe -P 5037 -s R3CRC00KHBT shell pgrep -f \(\[\[:blank:\]\]\|\^\)com\.androidsample\.generalstore\(:\[a-zA-Z0-9_-\]\+\)\?\(\[\[:blank:\]\]\|\$\)'
&amp#27;[38;5;90m[8623a550]&amp#27;[0m&amp#27;[38;5;229m[ADB]&amp#27;[0m Running 'C:\Users\sajus\AppData\Local\Android\Sdk\platform-tools\adb.exe -P 5037 -s R3CRC00KHBT shell am force-stop com.androidsample.generalstore'
&amp#27;[38;5;90m[8623a550]&amp#27;[0m&amp#27;[38;5;14m[AndroidUiautomator2Driver@8676]&amp#27;[0m Querying the state of 'com.androidsample.generalstore'
&amp#27;[38;5;90m[8623a550]&amp#27;[0m&amp#27;[38;5;229m[ADB]&amp#27;[0m Getting install status for com.androidsample.generalstore
&amp#27;[38;5;90m[8623a550]&amp#27;[0m&amp#27;[38;5;229m[ADB]&amp#27;[0m Running 'C:\Users\sajus\AppData\Local\Android\Sdk\platform-tools\adb.exe -P 5037 -s R3CRC00KHBT shell cmd package list packages'
&amp#27;[38;5;121m[4ff434ac]&amp#27;[0m&amp#27;[38;5;86m[HTTP]&amp#27;[0m &amp#27;[37m-->&amp#27;[39m &amp#27;[37mGET&amp#27;[39m &amp#27;[37m/session/4ff434ac-d6a8-4011-b953-01a74d9f1b45/screenshot&amp#27;[39m &amp#27;[90m{}&amp#27;[39m
&amp#27;[38;5;121m[4ff434ac]&amp#27;[0m&amp#27;[38;5;-165m[AndroidUiautomator2Driver@93ae]&amp#27;[0m Calling AppiumDriver.getScreenshot() with args: ["4ff434ac-d6a8-4011-b953-01a74d9f1b45"]
&amp#27;[38;5;121m[4ff434ac]&amp#27;[0m&amp#27;[38;5;-165m[AndroidUiautomator2Driver@93ae]&amp#27;[0m Matched '/screenshot' to command name 'getScreenshot'
&amp#27;[38;5;121m[4ff434ac]&amp#27;[0m&amp#27;[38;5;-165m[AndroidUiautomator2Driver@93ae]&amp#27;[0m Proxying [GET /screenshot] to [GET http://127.0.0.1:8202/session/8a44f394-f29b-410e-a1c4-61744e9cb70c/screenshot] with no body
&amp#27;[38;5;90m[8623a550]&amp#27;[0m&amp#27;[38;5;229m[ADB]&amp#27;[0m 'com.androidsample.generalstore' is installed
&amp#27;[38;5;90m[8623a550]&amp#27;[0m&amp#27;[38;5;229m[ADB]&amp#27;[0m Getting IDs of all 'com.androidsample.generalstore' processes
&amp#27;[38;5;90m[8623a550]&amp#27;[0m&amp#27;[38;5;229m[ADB]&amp#27;[0m Running 'C:\Users\sajus\AppData\Local\Android\Sdk\platform-tools\adb.exe -P 5037 -s R3CRC00KHBT shell pgrep -f \(\[\[:blank:\]\]\|\^\)com\.androidsample\.generalstore\(:\[a-zA-Z0-9_-\]\+\)\?\(\[\[:blank:\]\]\|\$\)'
&amp#27;[38;5;90m[8623a550]&amp#27;[0m&amp#27;[38;5;14m[AndroidUiautomator2Driver@8676]&amp#27;[0m 'com.androidsample.generalstore' has been successfully terminated
&amp#27;[38;5;90m[8623a550]&amp#27;[0m&amp#27;[38;5;14m[AndroidUiautomator2Driver@8676]&amp#27;[0m Responding to client with driver.execute() result: true
&amp#27;[38;5;90m[8623a550]&amp#27;[0m&amp#27;[38;5;86m[HTTP]&amp#27;[0m &amp#27;[37m<-- POST /session/8623a550-1941-4acb-bd8d-a694e6c0ac1b/execute/sync &amp#27;[39m&amp#27;[32m200&amp#27;[39m &amp#27;[90m540 ms - 14&amp#27;[39m &amp#27;[90m&amp#27;[39m
🛑 App terminated: com.androidsample.generalstore
&amp#27;[38;5;90m[8623a550]&amp#27;[0m&amp#27;[38;5;86m[HTTP]&amp#27;[0m &amp#27;[37m-->&amp#27;[39m &amp#27;[37mDELETE&amp#27;[39m &amp#27;[37m/session/8623a550-1941-4acb-bd8d-a694e6c0ac1b&amp#27;[39m &amp#27;[90m{}&amp#27;[39m
&amp#27;[38;5;90m[8623a550]&amp#27;[0m&amp#27;[38;5;14m[AndroidUiautomator2Driver@8676]&amp#27;[0m Calling AppiumDriver.deleteSession() with args: ["8623a550-1941-4acb-bd8d-a694e6c0ac1b"]
&amp#27;[38;5;90m[8623a550]&amp#27;[0m&amp#27;[38;5;188m[AppiumDriver@108a]&amp#27;[0m Event 'quitSessionRequested' logged at 1750218093891 (23:41:33 GMT-0400 (Eastern Daylight Saving Time))
&amp#27;[38;5;90m[8623a550]&amp#27;[0m&amp#27;[38;5;188m[AppiumDriver@108a]&amp#27;[0m Removing session 8623a550-1941-4acb-bd8d-a694e6c0ac1b from our master session list
&amp#27;[38;5;90m[8623a550]&amp#27;[0m&amp#27;[38;5;14m[AndroidUiautomator2Driver@8676]&amp#27;[0m Deleting UiAutomator2 session
&amp#27;[38;5;90m[8623a550]&amp#27;[0m&amp#27;[38;5;14m[AndroidUiautomator2Driver@8676]&amp#27;[0m Deleting UiAutomator2 server session
&amp#27;[38;5;90m[8623a550]&amp#27;[0m&amp#27;[38;5;14m[AndroidUiautomator2Driver@8676]&amp#27;[0m Proxying [DELETE /] to [DELETE http://127.0.0.1:8201/session/17dd3f1c-fd58-4321-aab4-522ecfe2a444] with no body
&amp#27;[38;5;90m[8623a550]&amp#27;[0m&amp#27;[38;5;14m[AndroidUiautomator2Driver@8676]&amp#27;[0m Got response with status 200: {"sessionId":"17dd3f1c-fd58-4321-aab4-522ecfe2a444","value":null}
&amp#27;[38;5;90m[8623a550]&amp#27;[0m&amp#27;[38;5;229m[ADB]&amp#27;[0m Getting IDs of all 'io.appium.uiautomator2.server' processes
&amp#27;[38;5;90m[8623a550]&amp#27;[0m&amp#27;[38;5;229m[ADB]&amp#27;[0m Running 'C:\Users\sajus\AppData\Local\Android\Sdk\platform-tools\adb.exe -P 5037 -s R3CRC00KHBT shell pgrep -f \(\[\[:blank:\]\]\|\^\)io\.appium\.uiautomator2\.server\(:\[a-zA-Z0-9_-\]\+\)\?\(\[\[:blank:\]\]\|\$\)'
&amp#27;[38;5;90m[8623a550]&amp#27;[0m&amp#27;[38;5;14m[AndroidUiautomator2Driver@8676]&amp#27;[0m [Instrumentation] io.appium.uiautomator2.server.test.AppiumUiAutomator2Server:.
&amp#27;[38;5;90m[8623a550]&amp#27;[0m&amp#27;[38;5;14m[AndroidUiautomator2Driver@8676]&amp#27;[0m [Instrumentation] 
&amp#27;[38;5;90m[8623a550]&amp#27;[0m&amp#27;[38;5;14m[AndroidUiautomator2Driver@8676]&amp#27;[0m [Instrumentation] Time: 18.47
&amp#27;[38;5;90m[8623a550]&amp#27;[0m&amp#27;[38;5;14m[AndroidUiautomator2Driver@8676]&amp#27;[0m [Instrumentation] 
&amp#27;[38;5;90m[8623a550]&amp#27;[0m&amp#27;[38;5;14m[AndroidUiautomator2Driver@8676]&amp#27;[0m [Instrumentation] OK (1 test)
&amp#27;[38;5;90m[8623a550]&amp#27;[0m&amp#27;[38;5;14m[AndroidUiautomator2Driver@8676]&amp#27;[0m [Instrumentation] 
&amp#27;[38;5;90m[8623a550]&amp#27;[0m&amp#27;[38;5;14m[AndroidUiautomator2Driver@8676]&amp#27;[0m [Instrumentation] 
&amp#27;[38;5;90m[8623a550]&amp#27;[0m&amp#27;[38;5;14m[AndroidUiautomator2Driver@8676]&amp#27;[0m [Instrumentation] The process has exited with code 0, signal null
&amp#27;[38;5;90m[8623a550]&amp#27;[0m&amp#27;[38;5;229m[ADB]&amp#27;[0m Running 'C:\Users\sajus\AppData\Local\Android\Sdk\platform-tools\adb.exe -P 5037 -s R3CRC00KHBT shell am force-stop io.appium.uiautomator2.server'
&amp#27;[38;5;90m[8623a550]&amp#27;[0m&amp#27;[38;5;229m[ADB]&amp#27;[0m Running 'C:\Users\sajus\AppData\Local\Android\Sdk\platform-tools\adb.exe -P 5037 -s R3CRC00KHBT shell am force-stop io.appium.uiautomator2.server.test'
&amp#27;[38;5;90m[8623a550]&amp#27;[0m&amp#27;[38;5;229m[ADB]&amp#27;[0m Running 'C:\Users\sajus\AppData\Local\Android\Sdk\platform-tools\adb.exe -P 5037 -s R3CRC00KHBT shell dumpsys activity services io.appium.settings/.recorder.RecorderService'
&amp#27;[38;5;90m[8623a550]&amp#27;[0m&amp#27;[38;5;229m[ADB]&amp#27;[0m Removing forwarded port socket connection: 8201 
&amp#27;[38;5;90m[8623a550]&amp#27;[0m&amp#27;[38;5;229m[ADB]&amp#27;[0m Running 'C:\Users\sajus\AppData\Local\Android\Sdk\platform-tools\adb.exe -P 5037 -s R3CRC00KHBT forward --remove tcp:8201'
&amp#27;[38;5;90m[8623a550]&amp#27;[0m&amp#27;[38;5;14m[AndroidUiautomator2Driver@8676]&amp#27;[0m Restoring hidden api policy to the device default configuration
&amp#27;[38;5;90m[8623a550]&amp#27;[0m&amp#27;[38;5;229m[ADB]&amp#27;[0m Running 'C:\Users\sajus\AppData\Local\Android\Sdk\platform-tools\adb.exe -P 5037 -s R3CRC00KHBT shell 'settings delete global hidden_api_policy_pre_p_apps;settings delete global hidden_api_policy_p_apps;settings delete global hidden_api_policy''
&amp#27;[38;5;121m[4ff434ac]&amp#27;[0m&amp#27;[38;5;-165m[AndroidUiautomator2Driver@93ae]&amp#27;[0m Got response with status 200: {"sessionId":"8a44f394-f29b-410e-a1c4-61744e9cb70c","value":"iVBORw0KGgoAAAANSUhEUgAABDgAAAjoCAYAAAA5jhrUAAAAAXNSR0IArs4c6QAAAARzQklUCAgICHwIZIgAACAASURBVHic7N13nFTV/f/x9713Zhvb6CJdCdiQZhejgjExKpZYsbfEFnviTxMjJtYkxh6NosLXSFRUxJJYoogiiAbBaBSw0ZGyyy4L22buvb8/cFdmZ2Z3ZndnZ87O6+mD4Jy55XOXIMx7z/kcq+tnZ/oCAAAAAAAwmJ3uAgAAAAAAANqKgAMAAAAAABiPgAMAAAAAABiPgAMAAAAAABiPgAMAAAAAABiPgAMAAAAAABiPgAMAAAAAABiPgAMAAAAAABiPgAMAAAAAABiPgAMAAAAAABiPgAMAAAAAABiPgAMAAAAAABiPgAMAAAAAABiPgAMAAAAAABiPgAMAAAAAABiPgAMAAAAAABiPgAMAAAAAABiPgAMAAAAAABiPgAMAAAAAABiPgAMAAAAAABiPgAMAAAAAABiPgAMAAAAAABiPgAMAAAAAABiPgAMAAAAAABiPgAMAAAAAABgvkO4CgExgyZLV8LO17d8lyZfk+762/aPv/tdc2fKcAAAAALIPAQeyliVLAcvWzjk7aFr/KzUo2LPZ45eFNujUlXfp6/pvFfY9Y0KAbHlOAAAAIBElToH2yB2g4XkDVGIXaI+8ASpxujS+X+lu1ae1K1TpVeuT2hX6tG6FKt3qtNQ6tmAXvTjwuoSOnbD8Ns2pXpziijIbAQeyUpGdr9/1OlFndz1UToIrtQYFe2reTrfKlaepm97WTeufUZVXk+JK2yZbnhMAAABozoBgD/20aLR+WjRGYwt2afH4I4vGRLyeU71Y/6xaoH9WfaQVoY2pKhNtZHX97Ey+PYusEbAcXdTtx5rU6yR9v0CjdXz5umn9dP21/FWFfbedKmwf2fKcAAAAQHPGFuyiX3Q7PCqwaItX...
&amp#27;[38;5;121m[4ff434ac]&amp#27;[0m&amp#27;[38;5;-165m[AndroidUiautomator2Driver@93ae]&amp#27;[0m Responding to client with driver.getScreenshot() result: "iVBORw0KGgoAAAANSUhEUgAABDgAAAjoCAYAAAA5jhrUAAAAAXNSR0IArs4c6QAAAARzQklUCAgICHwIZIgAACAASURBVHic7N13nFTV/f/x9713Zhvb6CJdCdiQZhejgjExKpZYsbfEFnviTxMjJtYkxh6NosLXSFRUxJJYoogiiAbBaBSw0ZGyyy4L22buvb8/cFdmZ2Z3ZndnZ87O6+mD4Jy55XOXIMx7z/kcq+tnZ/oCAAAAAAAwmJ3uAgAAAAAAANqKgAMAAAAAABiPgAMAAAAAABiPgAMAAAAAABiPgAMAAAAAABiPgAMAAAAAABiPgAMAAAAAABiPgAMAAAAAABiPgAMAAAAAABiPgAMAAAAAABiPgAMAAAAAABiPgAMAAAAAABiPgAMAAAAAABiPgAMAAAAAABiPgAMAAAAAABiPgAMAAAAAABiPgAMAAAAAABiPgAMAAAAAABiPgAMAAAAAABiPgAMAAAAAABiPgAMAAAAAABiPgAMAAAAAABiPgAMAAAAAABiPgAMAAAAAABiPgAMAAAAAABgvkO4CgExgyZLV8LO17d8lyZfk+762/aPv/tdc2fKcAAAAALIPAQeyliVLAcvWzjk7aFr/KzUo2LPZ45eFNujUlXfp6/pvFfY9Y0KAbHlOAAAAIBElToH2yB2g4XkDVGIXaI+8ASpxujS+X+lu1ae1K1TpVeuT2hX6tG6FKt3qtNQ6tmAXvTjwuoSOnbD8Ns2pXpziijIbAQeyUpGdr9/1OlFndz1UToIrtQYFe2reTrfKlaepm97WTeufUZVXk+JK2yZbnhMAAABozoBgD/20aLR+WjRGYwt2afH4I4vGRLyeU71Y/6xaoH9WfaQVoY2pKhNtZHX97Ey+PYusEbAcXdTtx5rU6yR9v0CjdXz5umn9dP21/FWFfbedKmwf2fKcAAAAQHPGFuyiX3Q7PCqwaItXqhbob+Wvd8hsCWZwJIeAA1nBkqUiO0+zBv9eg3N6teu1v6lfr3HLbtRmtybt...
&amp#27;[38;5;121m[4ff434ac]&amp#27;[0m&amp#27;[38;5;86m[HTTP]&amp#27;[0m &amp#27;[37m<-- GET /session/4ff434ac-d6a8-4011-b953-01a74d9f1b45/screenshot &amp#27;[39m&amp#27;[32m200&amp#27;[39m &amp#27;[90m783 ms - 345276&amp#27;[39m &amp#27;[90m&amp#27;[39m
]]></system-out>
  </testcase>
</testsuite>