<?xml version="1.0" encoding="UTF-8"?>
<testsuite xmlns:xsi="http://www.w3.org/2001/XMLSchema-instance" xsi:noNamespaceSchemaLocation="https://maven.apache.org/surefire/maven-surefire-plugin/xsd/surefire-test-report-3.0.xsd" version="3.0" name="TestSuite" time="46.635" tests="4" errors="0" skipped="0" failures="0">
  <properties>
    <property name="sun.desktop" value="windows"/>
    <property name="awt.toolkit" value="sun.awt.windows.WToolkit"/>
    <property name="java.specification.version" value="11"/>
    <property name="sun.cpu.isalist" value="amd64"/>
    <property name="sun.jnu.encoding" value="Cp1252"/>
    <property name="java.class.path" value="C:\Users\sajus\IdeaProjects\appium_Device\target\test-classes;C:\Users\sajus\IdeaProjects\appium_Device\target\classes;C:\Users\sajus\.m2\repository\io\appium\java-client\8.5.1\java-client-8.5.1.jar;C:\Users\sajus\.m2\repository\org\seleniumhq\selenium\selenium-api\4.33.0\selenium-api-4.33.0.jar;C:\Users\sajus\.m2\repository\org\jspecify\jspecify\1.0.0\jspecify-1.0.0.jar;C:\Users\sajus\.m2\repository\org\seleniumhq\selenium\selenium-support\4.33.0\selenium-support-4.33.0.jar;C:\Users\sajus\.m2\repository\com\google\code\gson\gson\2.10.1\gson-2.10.1.jar;C:\Users\sajus\.m2\repository\commons-validator\commons-validator\1.7\commons-validator-1.7.jar;C:\Users\sajus\.m2\repository\commons-beanutils\commons-beanutils\1.9.4\commons-beanutils-1.9.4.jar;C:\Users\sajus\.m2\repository\commons-digester\commons-digester\2.1\commons-digester-2.1.jar;C:\Users\sajus\.m2\repository\commons-logging\commons-logging\1.2\commons-logging-1.2.jar;C:\Users\sajus\.m2\repository\commons-collections\commons-collections\3.2.2\commons-collections-3.2.2.jar;C:\Users\sajus\.m2\repository\org\apache\commons\commons-lang3\3.12.0\commons-lang3-3.12.0.jar;C:\Users\sajus\.m2\repository\commons-io\commons-io\2.12.0\commons-io-2.12.0.jar;C:\Users\sajus\.m2\repository\org\slf4j\slf4j-api\2.0.7\slf4j-api-2.0.7.jar;C:\Users\sajus\.m2\repository\org\seleniumhq\selenium\selenium-java\4.8.0\selenium-java-4.8.0.jar;C:\Users\sajus\.m2\repository\org\seleniumhq\selenium\selenium-chrome-driver\4.8.0\selenium-chrome-driver-4.8.0.jar;C:\Users\sajus\.m2\repository\com\google\auto\service\auto-service\1.0.1\auto-service-1.0.1.jar;C:\Users\sajus\.m2\repository\com\google\auto\auto-common\1.2\auto-common-1.2.jar;C:\Users\sajus\.m2\repository\org\seleniumhq\selenium\selenium-chromium-driver\4.8.0\selenium-chromium-driver-4.8.0.jar;C:\Users\sajus\.m2\repository\org\seleniumhq\selenium\selenium-devtools-v107\4.8.0\selenium-devtools-v107-4.8.0.jar;C:\Users\sajus\.m2\repository\org\seleniumhq\selenium\selenium-devtools-v108\4.8.0\selenium-devtools-v108-4.8.0.jar;C:\Users\sajus\.m2\repository\org\seleniumhq\selenium\selenium-devtools-v109\4.8.0\selenium-devtools-v109-4.8.0.jar;C:\Users\sajus\.m2\repository\org\seleniumhq\selenium\selenium-devtools-v85\4.8.0\selenium-devtools-v85-4.8.0.jar;C:\Users\sajus\.m2\repository\org\seleniumhq\selenium\selenium-edge-driver\4.8.0\selenium-edge-driver-4.8.0.jar;C:\Users\sajus\.m2\repository\org\seleniumhq\selenium\selenium-firefox-driver\4.8.0\selenium-firefox-driver-4.8.0.jar;C:\Users\sajus\.m2\repository\org\seleniumhq\selenium\selenium-ie-driver\4.8.0\selenium-ie-driver-4.8.0.jar;C:\Users\sajus\.m2\repository\org\seleniumhq\selenium\selenium-safari-driver\4.8.0\selenium-safari-driver-4.8.0.jar;C:\Users\sajus\.m2\repository\org\seleniumhq\selenium\selenium-remote-driver\4.13.0\selenium-remote-driver-4.13.0.jar;C:\Users\sajus\.m2\repository\com\google\auto\service\auto-service-annotations\1.1.1\auto-service-annotations-1.1.1.jar;C:\Users\sajus\.m2\repository\com\google\guava\guava\32.1.2-jre\guava-32.1.2-jre.jar;C:\Users\sajus\.m2\repository\com\google\guava\failureaccess\1.0.1\failureaccess-1.0.1.jar;C:\Users\sajus\.m2\repository\com\google\guava\listenablefuture\9999.0-empty-to-avoid-conflict-with-guava\listenablefuture-9999.0-empty-to-avoid-conflict-with-guava.jar;C:\Users\sajus\.m2\repository\com\google\code\findbugs\jsr305\3.0.2\jsr305-3.0.2.jar;C:\Users\sajus\.m2\repository\org\checkerframework\checker-qual\3.33.0\checker-qual-3.33.0.jar;C:\Users\sajus\.m2\repository\com\google\errorprone\error_prone_annotations\2.18.0\error_prone_annotations-2.18.0.jar;C:\Users\sajus\.m2\repository\com\google\j2objc\j2objc-annotations\2.8\j2objc-annotations-2.8.jar;C:\Users\sajus\.m2\repository\io\netty\netty-buffer\4.1.96.Final\netty-buffer-4.1.96.Final.jar;C:\Users\sajus\.m2\repository\io\netty\netty-codec-http\4.1.96.Final\netty-codec-http-4.1.96.Final.jar;C:\Users\sajus\.m2\repository\io\netty\netty-codec\4.1.96.Final\netty-codec-4.1.96.Final.jar;C:\Users\sajus\.m2\repository\io\netty\netty-handler\4.1.96.Final\netty-handler-4.1.96.Final.jar;C:\Users\sajus\.m2\repository\io\netty\netty-common\4.1.96.Final\netty-common-4.1.96.Final.jar;C:\Users\sajus\.m2\repository\io\netty\netty-transport-classes-epoll\4.1.96.Final\netty-transport-classes-epoll-4.1.96.Final.jar;C:\Users\sajus\.m2\repository\io\netty\netty-transport-classes-kqueue\4.1.96.Final\netty-transport-classes-kqueue-4.1.96.Final.jar;C:\Users\sajus\.m2\repository\io\netty\netty-transport-native-epoll\4.1.96.Final\netty-transport-native-epoll-4.1.96.Final.jar;C:\Users\sajus\.m2\repository\io\netty\netty-transport-native-kqueue\4.1.96.Final\netty-transport-native-kqueue-4.1.96.Final.jar;C:\Users\sajus\.m2\repository\io\netty\netty-transport-native-unix-common\4.1.96.Final\netty-transport-native-unix-common-4.1.96.Final.jar;C:\Users\sajus\.m2\repository\io\netty\netty-transport\4.1.96.Final\netty-transport-4.1.96.Final.jar;C:\Users\sajus\.m2\repository\io\netty\netty-resolver\4.1.96.Final\netty-resolver-4.1.96.Final.jar;C:\Users\sajus\.m2\repository\io\opentelemetry\opentelemetry-api\1.28.0\opentelemetry-api-1.28.0.jar;C:\Users\sajus\.m2\repository\io\opentelemetry\opentelemetry-context\1.28.0\opentelemetry-context-1.28.0.jar;C:\Users\sajus\.m2\repository\io\opentelemetry\opentelemetry-exporter-logging\1.28.0\opentelemetry-exporter-logging-1.28.0.jar;C:\Users\sajus\.m2\repository\io\opentelemetry\opentelemetry-sdk-metrics\1.28.0\opentelemetry-sdk-metrics-1.28.0.jar;C:\Users\sajus\.m2\repository\io\opentelemetry\opentelemetry-extension-incubator\1.28.0-alpha\opentelemetry-extension-incubator-1.28.0-alpha.jar;C:\Users\sajus\.m2\repository\io\opentelemetry\opentelemetry-sdk-logs\1.28.0\opentelemetry-sdk-logs-1.28.0.jar;C:\Users\sajus\.m2\repository\io\opentelemetry\opentelemetry-sdk-common\1.28.0\opentelemetry-sdk-common-1.28.0.jar;C:\Users\sajus\.m2\repository\io\opentelemetry\opentelemetry-sdk-extension-autoconfigure-spi\1.28.0\opentelemetry-sdk-extension-autoconfigure-spi-1.28.0.jar;C:\Users\sajus\.m2\repository\io\opentelemetry\opentelemetry-sdk-extension-autoconfigure\1.28.0\opentelemetry-sdk-extension-autoconfigure-1.28.0.jar;C:\Users\sajus\.m2\repository\io\opentelemetry\opentelemetry-api-events\1.28.0-alpha\opentelemetry-api-events-1.28.0-alpha.jar;C:\Users\sajus\.m2\repository\io\opentelemetry\opentelemetry-sdk-trace\1.28.0\opentelemetry-sdk-trace-1.28.0.jar;C:\Users\sajus\.m2\repository\io\opentelemetry\opentelemetry-sdk\1.28.0\opentelemetry-sdk-1.28.0.jar;C:\Users\sajus\.m2\repository\io\opentelemetry\opentelemetry-semconv\1.28.0-alpha\opentelemetry-semconv-1.28.0-alpha.jar;C:\Users\sajus\.m2\repository\net\bytebuddy\byte-buddy\1.14.5\byte-buddy-1.14.5.jar;C:\Users\sajus\.m2\repository\org\asynchttpclient\async-http-client\2.12.3\async-http-client-2.12.3.jar;C:\Users\sajus\.m2\repository\org\asynchttpclient\async-http-client-netty-utils\2.12.3\async-http-client-netty-utils-2.12.3.jar;C:\Users\sajus\.m2\repository\io\netty\netty-codec-socks\4.1.60.Final\netty-codec-socks-4.1.60.Final.jar;C:\Users\sajus\.m2\repository\io\netty\netty-handler-proxy\4.1.60.Final\netty-handler-proxy-4.1.60.Final.jar;C:\Users\sajus\.m2\repository\io\netty\netty-transport-native-epoll\4.1.60.Final\netty-transport-native-epoll-4.1.60.Final-linux-x86_64.jar;C:\Users\sajus\.m2\repository\io\netty\netty-transport-native-kqueue\4.1.60.Final\netty-transport-native-kqueue-4.1.60.Final-osx-x86_64.jar;C:\Users\sajus\.m2\repository\org\reactivestreams\reactive-streams\1.0.3\reactive-streams-1.0.3.jar;C:\Users\sajus\.m2\repository\com\typesafe\netty\netty-reactive-streams\2.0.4\netty-reactive-streams-2.0.4.jar;C:\Users\sajus\.m2\repository\com\sun\activation\jakarta.activation\1.2.2\jakarta.activation-1.2.2.jar;C:\Users\sajus\.m2\repository\org\seleniumhq\selenium\selenium-http\4.13.0\selenium-http-4.13.0.jar;C:\Users\sajus\.m2\repository\dev\failsafe\failsafe\3.3.2\failsafe-3.3.2.jar;C:\Users\sajus\.m2\repository\org\seleniumhq\selenium\selenium-json\4.13.0\selenium-json-4.13.0.jar;C:\Users\sajus\.m2\repository\org\seleniumhq\selenium\selenium-manager\4.13.0\selenium-manager-4.13.0.jar;C:\Users\sajus\.m2\repository\org\seleniumhq\selenium\selenium-os\4.13.0\selenium-os-4.13.0.jar;C:\Users\sajus\.m2\repository\org\apache\commons\commons-exec\1.3\commons-exec-1.3.jar;C:\Users\sajus\.m2\repository\org\testng\testng\7.11.0\testng-7.11.0.jar;C:\Users\sajus\.m2\repository\org\jcommander\jcommander\1.83\jcommander-1.83.jar;C:\Users\sajus\.m2\repository\org\webjars\jquery\3.7.1\jquery-3.7.1.jar;C:\Users\sajus\.m2\repository\com\aventstack\extentreports\5.0.9\extentreports-5.0.9.jar;C:\Users\sajus\.m2\repository\io\reactivex\rxjava3\rxjava\3.0.4\rxjava-3.0.4.jar;C:\Users\sajus\.m2\repository\org\freemarker\freemarker\2.3.30\freemarker-2.3.30.jar;C:\Users\sajus\.m2\repository\com\fasterxml\jackson\core\jackson-databind\2.15.2\jackson-databind-2.15.2.jar;C:\Users\sajus\.m2\repository\com\fasterxml\jackson\core\jackson-annotations\2.15.2\jackson-annotations-2.15.2.jar;C:\Users\sajus\.m2\repository\com\fasterxml\jackson\core\jackson-core\2.15.2\jackson-core-2.15.2.jar;C:\Users\sajus\.m2\repository\org\apache\logging\log4j\log4j-core\2.20.0\log4j-core-2.20.0.jar;C:\Users\sajus\.m2\repository\org\apache\logging\log4j\log4j-api\2.20.0\log4j-api-2.20.0.jar;C:\Users\sajus\.m2\repository\org\slf4j\slf4j-simple\2.0.9\slf4j-simple-2.0.9.jar;C:\Users\sajus\.m2\repository\org\projectlombok\lombok\1.18.28\lombok-1.18.28.jar;C:\Users\sajus\.m2\repository\com\beust\jcommander\1.82\jcommander-1.82.jar;"/>
    <property name="java.vm.vendor" value="Oracle Corporation"/>
    <property name="sun.arch.data.model" value="64"/>
    <property name="user.variant" value=""/>
    <property name="java.vendor.url" value="https://openjdk.java.net/"/>
    <property name="user.timezone" value="America/Toronto"/>
    <property name="java.vm.specification.version" value="11"/>
    <property name="os.name" value="Windows 11"/>
    <property name="sun.java.launcher" value="SUN_STANDARD"/>
    <property name="user.country" value="CA"/>
    <property name="sun.boot.library.path" value="C:\Program Files\jdk-11.0.26\bin"/>
    <property name="sun.java.command" value="C:\Users\sajus\AppData\Local\Temp\surefire18184869026603042740\surefirebooter-20250617193523401_3.jar C:\Users\sajus\AppData\Local\Temp\surefire18184869026603042740 2025-06-17T19-35-22_637-jvmRun1 surefire-20250617193523401_1tmp surefire_0-20250617193523401_2tmp"/>
    <property name="jdk.debug" value="release"/>
    <property name="surefire.test.class.path" value="C:\Users\sajus\IdeaProjects\appium_Device\target\test-classes;C:\Users\sajus\IdeaProjects\appium_Device\target\classes;C:\Users\sajus\.m2\repository\io\appium\java-client\8.5.1\java-client-8.5.1.jar;C:\Users\sajus\.m2\repository\org\seleniumhq\selenium\selenium-api\4.33.0\selenium-api-4.33.0.jar;C:\Users\sajus\.m2\repository\org\jspecify\jspecify\1.0.0\jspecify-1.0.0.jar;C:\Users\sajus\.m2\repository\org\seleniumhq\selenium\selenium-support\4.33.0\selenium-support-4.33.0.jar;C:\Users\sajus\.m2\repository\com\google\code\gson\gson\2.10.1\gson-2.10.1.jar;C:\Users\sajus\.m2\repository\commons-validator\commons-validator\1.7\commons-validator-1.7.jar;C:\Users\sajus\.m2\repository\commons-beanutils\commons-beanutils\1.9.4\commons-beanutils-1.9.4.jar;C:\Users\sajus\.m2\repository\commons-digester\commons-digester\2.1\commons-digester-2.1.jar;C:\Users\sajus\.m2\repository\commons-logging\commons-logging\1.2\commons-logging-1.2.jar;C:\Users\sajus\.m2\repository\commons-collections\commons-collections\3.2.2\commons-collections-3.2.2.jar;C:\Users\sajus\.m2\repository\org\apache\commons\commons-lang3\3.12.0\commons-lang3-3.12.0.jar;C:\Users\sajus\.m2\repository\commons-io\commons-io\2.12.0\commons-io-2.12.0.jar;C:\Users\sajus\.m2\repository\org\slf4j\slf4j-api\2.0.7\slf4j-api-2.0.7.jar;C:\Users\sajus\.m2\repository\org\seleniumhq\selenium\selenium-java\4.8.0\selenium-java-4.8.0.jar;C:\Users\sajus\.m2\repository\org\seleniumhq\selenium\selenium-chrome-driver\4.8.0\selenium-chrome-driver-4.8.0.jar;C:\Users\sajus\.m2\repository\com\google\auto\service\auto-service\1.0.1\auto-service-1.0.1.jar;C:\Users\sajus\.m2\repository\com\google\auto\auto-common\1.2\auto-common-1.2.jar;C:\Users\sajus\.m2\repository\org\seleniumhq\selenium\selenium-chromium-driver\4.8.0\selenium-chromium-driver-4.8.0.jar;C:\Users\sajus\.m2\repository\org\seleniumhq\selenium\selenium-devtools-v107\4.8.0\selenium-devtools-v107-4.8.0.jar;C:\Users\sajus\.m2\repository\org\seleniumhq\selenium\selenium-devtools-v108\4.8.0\selenium-devtools-v108-4.8.0.jar;C:\Users\sajus\.m2\repository\org\seleniumhq\selenium\selenium-devtools-v109\4.8.0\selenium-devtools-v109-4.8.0.jar;C:\Users\sajus\.m2\repository\org\seleniumhq\selenium\selenium-devtools-v85\4.8.0\selenium-devtools-v85-4.8.0.jar;C:\Users\sajus\.m2\repository\org\seleniumhq\selenium\selenium-edge-driver\4.8.0\selenium-edge-driver-4.8.0.jar;C:\Users\sajus\.m2\repository\org\seleniumhq\selenium\selenium-firefox-driver\4.8.0\selenium-firefox-driver-4.8.0.jar;C:\Users\sajus\.m2\repository\org\seleniumhq\selenium\selenium-ie-driver\4.8.0\selenium-ie-driver-4.8.0.jar;C:\Users\sajus\.m2\repository\org\seleniumhq\selenium\selenium-safari-driver\4.8.0\selenium-safari-driver-4.8.0.jar;C:\Users\sajus\.m2\repository\org\seleniumhq\selenium\selenium-remote-driver\4.13.0\selenium-remote-driver-4.13.0.jar;C:\Users\sajus\.m2\repository\com\google\auto\service\auto-service-annotations\1.1.1\auto-service-annotations-1.1.1.jar;C:\Users\sajus\.m2\repository\com\google\guava\guava\32.1.2-jre\guava-32.1.2-jre.jar;C:\Users\sajus\.m2\repository\com\google\guava\failureaccess\1.0.1\failureaccess-1.0.1.jar;C:\Users\sajus\.m2\repository\com\google\guava\listenablefuture\9999.0-empty-to-avoid-conflict-with-guava\listenablefuture-9999.0-empty-to-avoid-conflict-with-guava.jar;C:\Users\sajus\.m2\repository\com\google\code\findbugs\jsr305\3.0.2\jsr305-3.0.2.jar;C:\Users\sajus\.m2\repository\org\checkerframework\checker-qual\3.33.0\checker-qual-3.33.0.jar;C:\Users\sajus\.m2\repository\com\google\errorprone\error_prone_annotations\2.18.0\error_prone_annotations-2.18.0.jar;C:\Users\sajus\.m2\repository\com\google\j2objc\j2objc-annotations\2.8\j2objc-annotations-2.8.jar;C:\Users\sajus\.m2\repository\io\netty\netty-buffer\4.1.96.Final\netty-buffer-4.1.96.Final.jar;C:\Users\sajus\.m2\repository\io\netty\netty-codec-http\4.1.96.Final\netty-codec-http-4.1.96.Final.jar;C:\Users\sajus\.m2\repository\io\netty\netty-codec\4.1.96.Final\netty-codec-4.1.96.Final.jar;C:\Users\sajus\.m2\repository\io\netty\netty-handler\4.1.96.Final\netty-handler-4.1.96.Final.jar;C:\Users\sajus\.m2\repository\io\netty\netty-common\4.1.96.Final\netty-common-4.1.96.Final.jar;C:\Users\sajus\.m2\repository\io\netty\netty-transport-classes-epoll\4.1.96.Final\netty-transport-classes-epoll-4.1.96.Final.jar;C:\Users\sajus\.m2\repository\io\netty\netty-transport-classes-kqueue\4.1.96.Final\netty-transport-classes-kqueue-4.1.96.Final.jar;C:\Users\sajus\.m2\repository\io\netty\netty-transport-native-epoll\4.1.96.Final\netty-transport-native-epoll-4.1.96.Final.jar;C:\Users\sajus\.m2\repository\io\netty\netty-transport-native-kqueue\4.1.96.Final\netty-transport-native-kqueue-4.1.96.Final.jar;C:\Users\sajus\.m2\repository\io\netty\netty-transport-native-unix-common\4.1.96.Final\netty-transport-native-unix-common-4.1.96.Final.jar;C:\Users\sajus\.m2\repository\io\netty\netty-transport\4.1.96.Final\netty-transport-4.1.96.Final.jar;C:\Users\sajus\.m2\repository\io\netty\netty-resolver\4.1.96.Final\netty-resolver-4.1.96.Final.jar;C:\Users\sajus\.m2\repository\io\opentelemetry\opentelemetry-api\1.28.0\opentelemetry-api-1.28.0.jar;C:\Users\sajus\.m2\repository\io\opentelemetry\opentelemetry-context\1.28.0\opentelemetry-context-1.28.0.jar;C:\Users\sajus\.m2\repository\io\opentelemetry\opentelemetry-exporter-logging\1.28.0\opentelemetry-exporter-logging-1.28.0.jar;C:\Users\sajus\.m2\repository\io\opentelemetry\opentelemetry-sdk-metrics\1.28.0\opentelemetry-sdk-metrics-1.28.0.jar;C:\Users\sajus\.m2\repository\io\opentelemetry\opentelemetry-extension-incubator\1.28.0-alpha\opentelemetry-extension-incubator-1.28.0-alpha.jar;C:\Users\sajus\.m2\repository\io\opentelemetry\opentelemetry-sdk-logs\1.28.0\opentelemetry-sdk-logs-1.28.0.jar;C:\Users\sajus\.m2\repository\io\opentelemetry\opentelemetry-sdk-common\1.28.0\opentelemetry-sdk-common-1.28.0.jar;C:\Users\sajus\.m2\repository\io\opentelemetry\opentelemetry-sdk-extension-autoconfigure-spi\1.28.0\opentelemetry-sdk-extension-autoconfigure-spi-1.28.0.jar;C:\Users\sajus\.m2\repository\io\opentelemetry\opentelemetry-sdk-extension-autoconfigure\1.28.0\opentelemetry-sdk-extension-autoconfigure-1.28.0.jar;C:\Users\sajus\.m2\repository\io\opentelemetry\opentelemetry-api-events\1.28.0-alpha\opentelemetry-api-events-1.28.0-alpha.jar;C:\Users\sajus\.m2\repository\io\opentelemetry\opentelemetry-sdk-trace\1.28.0\opentelemetry-sdk-trace-1.28.0.jar;C:\Users\sajus\.m2\repository\io\opentelemetry\opentelemetry-sdk\1.28.0\opentelemetry-sdk-1.28.0.jar;C:\Users\sajus\.m2\repository\io\opentelemetry\opentelemetry-semconv\1.28.0-alpha\opentelemetry-semconv-1.28.0-alpha.jar;C:\Users\sajus\.m2\repository\net\bytebuddy\byte-buddy\1.14.5\byte-buddy-1.14.5.jar;C:\Users\sajus\.m2\repository\org\asynchttpclient\async-http-client\2.12.3\async-http-client-2.12.3.jar;C:\Users\sajus\.m2\repository\org\asynchttpclient\async-http-client-netty-utils\2.12.3\async-http-client-netty-utils-2.12.3.jar;C:\Users\sajus\.m2\repository\io\netty\netty-codec-socks\4.1.60.Final\netty-codec-socks-4.1.60.Final.jar;C:\Users\sajus\.m2\repository\io\netty\netty-handler-proxy\4.1.60.Final\netty-handler-proxy-4.1.60.Final.jar;C:\Users\sajus\.m2\repository\io\netty\netty-transport-native-epoll\4.1.60.Final\netty-transport-native-epoll-4.1.60.Final-linux-x86_64.jar;C:\Users\sajus\.m2\repository\io\netty\netty-transport-native-kqueue\4.1.60.Final\netty-transport-native-kqueue-4.1.60.Final-osx-x86_64.jar;C:\Users\sajus\.m2\repository\org\reactivestreams\reactive-streams\1.0.3\reactive-streams-1.0.3.jar;C:\Users\sajus\.m2\repository\com\typesafe\netty\netty-reactive-streams\2.0.4\netty-reactive-streams-2.0.4.jar;C:\Users\sajus\.m2\repository\com\sun\activation\jakarta.activation\1.2.2\jakarta.activation-1.2.2.jar;C:\Users\sajus\.m2\repository\org\seleniumhq\selenium\selenium-http\4.13.0\selenium-http-4.13.0.jar;C:\Users\sajus\.m2\repository\dev\failsafe\failsafe\3.3.2\failsafe-3.3.2.jar;C:\Users\sajus\.m2\repository\org\seleniumhq\selenium\selenium-json\4.13.0\selenium-json-4.13.0.jar;C:\Users\sajus\.m2\repository\org\seleniumhq\selenium\selenium-manager\4.13.0\selenium-manager-4.13.0.jar;C:\Users\sajus\.m2\repository\org\seleniumhq\selenium\selenium-os\4.13.0\selenium-os-4.13.0.jar;C:\Users\sajus\.m2\repository\org\apache\commons\commons-exec\1.3\commons-exec-1.3.jar;C:\Users\sajus\.m2\repository\org\testng\testng\7.11.0\testng-7.11.0.jar;C:\Users\sajus\.m2\repository\org\jcommander\jcommander\1.83\jcommander-1.83.jar;C:\Users\sajus\.m2\repository\org\webjars\jquery\3.7.1\jquery-3.7.1.jar;C:\Users\sajus\.m2\repository\com\aventstack\extentreports\5.0.9\extentreports-5.0.9.jar;C:\Users\sajus\.m2\repository\io\reactivex\rxjava3\rxjava\3.0.4\rxjava-3.0.4.jar;C:\Users\sajus\.m2\repository\org\freemarker\freemarker\2.3.30\freemarker-2.3.30.jar;C:\Users\sajus\.m2\repository\com\fasterxml\jackson\core\jackson-databind\2.15.2\jackson-databind-2.15.2.jar;C:\Users\sajus\.m2\repository\com\fasterxml\jackson\core\jackson-annotations\2.15.2\jackson-annotations-2.15.2.jar;C:\Users\sajus\.m2\repository\com\fasterxml\jackson\core\jackson-core\2.15.2\jackson-core-2.15.2.jar;C:\Users\sajus\.m2\repository\org\apache\logging\log4j\log4j-core\2.20.0\log4j-core-2.20.0.jar;C:\Users\sajus\.m2\repository\org\apache\logging\log4j\log4j-api\2.20.0\log4j-api-2.20.0.jar;C:\Users\sajus\.m2\repository\org\slf4j\slf4j-simple\2.0.9\slf4j-simple-2.0.9.jar;C:\Users\sajus\.m2\repository\org\projectlombok\lombok\1.18.28\lombok-1.18.28.jar;C:\Users\sajus\.m2\repository\com\beust\jcommander\1.82\jcommander-1.82.jar;"/>
    <property name="sun.cpu.endian" value="little"/>
    <property name="user.home" value="C:\Users\sajus"/>
    <property name="user.language" value="en"/>
    <property name="java.specification.vendor" value="Oracle Corporation"/>
    <property name="java.version.date" value="2025-01-21"/>
    <property name="java.home" value="C:\Program Files\jdk-11.0.26"/>
    <property name="file.separator" value="\"/>
    <property name="basedir" value="C:\Users\sajus\IdeaProjects\appium_Device"/>
    <property name="java.vm.compressedOopsMode" value="32-bit"/>
    <property name="line.separator" value="&#10;"/>
    <property name="java.specification.name" value="Java Platform API Specification"/>
    <property name="java.vm.specification.vendor" value="Oracle Corporation"/>
    <property name="java.awt.graphicsenv" value="sun.awt.Win32GraphicsEnvironment"/>
    <property name="surefire.real.class.path" value="C:\Users\sajus\AppData\Local\Temp\surefire18184869026603042740\surefirebooter-20250617193523401_3.jar"/>
    <property name="user.script" value=""/>
    <property name="sun.management.compiler" value="HotSpot 64-Bit Tiered Compilers"/>
    <property name="java.runtime.version" value="11.0.26+7-LTS-187"/>
    <property name="user.name" value="sajus"/>
    <property name="path.separator" value=";"/>
    <property name="os.version" value="10.0"/>
    <property name="java.runtime.name" value="Java(TM) SE Runtime Environment"/>
    <property name="file.encoding" value="Cp1252"/>
    <property name="java.vm.name" value="Java HotSpot(TM) 64-Bit Server VM"/>
    <property name="java.vendor.version" value="18.9"/>
    <property name="localRepository" value="C:\Users\sajus\.m2\repository"/>
    <property name="java.vendor.url.bug" value="https://bugreport.java.com/bugreport/"/>
    <property name="java.io.tmpdir" value="C:\Users\sajus\AppData\Local\Temp\"/>
    <property name="java.version" value="11.0.26"/>
    <property name="user.dir" value="C:\Users\sajus\IdeaProjects\appium_Device"/>
    <property name="os.arch" value="amd64"/>
    <property name="java.vm.specification.name" value="Java Virtual Machine Specification"/>
    <property name="java.awt.printerjob" value="sun.awt.windows.WPrinterJob"/>
    <property name="sun.os.patch.level" value=""/>
    <property name="java.library.path" value="C:\Program Files\jdk-11.0.26\bin;C:\WINDOWS\Sun\Java\bin;C:\WINDOWS\system32;C:\WINDOWS;C:\WINDOWS\system32;C:\WINDOWS;C:\WINDOWS\System32\Wbem;C:\WINDOWS\System32\WindowsPowerShell\v1.0\;C:\WINDOWS\System32\OpenSSH\;C:\Program Files\dotnet\;C:\Program Files\nodejs\;C:\Users\sajus\AppData\Local\Android\Sdk\tools\bin;C:\Users\sajus\AppData\Local\Android\Sdk\platform-tools;C:\Program Files\jdk-11.0.26\bin;C:\Program Files\apache-maven-3.9.9\apache-maven-3.9.9\bin;C:\Program Files\Git\cmd;C:\Users\sajus\AppData\Local\Microsoft\WindowsApps;C:\Users\sajus\AppData\Local\Programs\Microsoft VS Code\bin;C:\Users\sajus\AppData\Roaming\npm;;."/>
    <property name="java.vendor" value="Oracle Corporation"/>
    <property name="java.vm.info" value="mixed mode"/>
    <property name="java.vm.version" value="11.0.26+7-LTS-187"/>
    <property name="java.specification.maintenance.version" value="3"/>
    <property name="sun.io.unicode.encoding" value="UnicodeLittle"/>
    <property name="java.class.version" value="55.0"/>
  </properties>
  <testcase name="FirstCase" classname="org.testCase.TestCase1" time="5.692">
    <system-out><![CDATA[&amp#27;[38;5;112m[Appium]&amp#27;[0m Welcome to Appium v2.18.0
&amp#27;[38;5;112m[Appium]&amp#27;[0m Non-default server args:
&amp#27;[38;5;112m[Appium]&amp#27;[0m { port: &amp#27;[33m4724&amp#27;[39m }
&amp#27;[38;5;112m[Appium]&amp#27;[0m The autodetected Appium home path: C:\Users\sajus\.appium
&amp#27;[38;5;112m[Appium]&amp#27;[0m Attempting to load driver uiautomator2...
&amp#27;[38;5;112m[Appium]&amp#27;[0m Requiring driver at C:\Users\sajus\.appium\node_modules\appium-uiautomator2-driver\build\index.js
&amp#27;[38;5;112m[Appium]&amp#27;[0m Welcome to Appium v2.18.0
&amp#27;[38;5;112m[Appium]&amp#27;[0m The autodetected Appium home path: C:\Users\sajus\.appium
&amp#27;[38;5;112m[Appium]&amp#27;[0m Attempting to load driver uiautomator2...
&amp#27;[38;5;112m[Appium]&amp#27;[0m Requiring driver at C:\Users\sajus\.appium\node_modules\appium-uiautomator2-driver\build\index.js
&amp#27;[38;5;112m[Appium]&amp#27;[0m AndroidUiautomator2Driver has been successfully loaded in 1.347s
&amp#27;[38;5;112m[Appium]&amp#27;[0m AndroidUiautomator2Driver has been successfully loaded in 1.274s
&amp#27;[38;5;112m[Appium]&amp#27;[0m Appium REST http interface listener started on http://0.0.0.0:4723
&amp#27;[38;5;112m[Appium]&amp#27;[0m Appium REST http interface listener started on http://0.0.0.0:4724
&amp#27;[38;5;112m[Appium]&amp#27;[0m You can provide the following URLs in your client code to connect to this server:
	http://192.168.2.20:4724/
	http://127.0.0.1:4724/ (only accessible from the same host)
&amp#27;[38;5;112m[Appium]&amp#27;[0m Available drivers:
&amp#27;[38;5;112m[Appium]&amp#27;[0m You can provide the following URLs in your client code to connect to this server:
	http://192.168.2.20:4723/
	http://127.0.0.1:4723/ (only accessible from the same host)
&amp#27;[38;5;112m[Appium]&amp#27;[0m   - uiautomator2@4.2.3 (automationName 'UiAutomator2')
&amp#27;[38;5;112m[Appium]&amp#27;[0m No plugins have been installed. Use the "appium plugin" command to install the one(s) you want to use.
&amp#27;[38;5;112m[Appium]&amp#27;[0m Available drivers:
&amp#27;[38;5;112m[Appium]&amp#27;[0m   - uiautomator2@4.2.3 (automationName 'UiAutomator2')
&amp#27;[38;5;112m[Appium]&amp#27;[0m No plugins have been installed. Use the "appium plugin" command to install the one(s) you want to use.
&amp#27;[38;5;86m[HTTP]&amp#27;[0m &amp#27;[37m-->&amp#27;[39m &amp#27;[37mGET&amp#27;[39m &amp#27;[37m/status&amp#27;[39m &amp#27;[90m{}&amp#27;[39m
&amp#27;[38;5;86m[HTTP]&amp#27;[0m &amp#27;[37m-->&amp#27;[39m &amp#27;[37mGET&amp#27;[39m &amp#27;[37m/status&amp#27;[39m &amp#27;[90m{}&amp#27;[39m
&amp#27;[38;5;103m[AppiumDriver@5d82]&amp#27;[0m Calling AppiumDriver.getStatus() with args: []
&amp#27;[38;5;178m[AppiumDriver@314d]&amp#27;[0m Calling AppiumDriver.getStatus() with args: []
&amp#27;[38;5;103m[AppiumDriver@5d82]&amp#27;[0m Responding to client with driver.getStatus() result: {"ready":true,"message":"The server is ready to accept new connections","build":{"version":"2.18.0"}}
&amp#27;[38;5;178m[AppiumDriver@314d]&amp#27;[0m Responding to client with driver.getStatus() result: {"ready":true,"message":"The server is ready to accept new connections","build":{"version":"2.18.0"}}
&amp#27;[38;5;86m[HTTP]&amp#27;[0m &amp#27;[37m<-- GET /status &amp#27;[39m&amp#27;[32m200&amp#27;[39m &amp#27;[90m8 ms - 111&amp#27;[39m &amp#27;[90m&amp#27;[39m
&amp#27;[38;5;86m[HTTP]&amp#27;[0m &amp#27;[37m<-- GET /status &amp#27;[39m&amp#27;[32m200&amp#27;[39m &amp#27;[90m8 ms - 111&amp#27;[39m &amp#27;[90m&amp#27;[39m
Appium server started on port: 4723
Appium server started on port: 4724
&amp#27;[38;5;86m[HTTP]&amp#27;[0m Request idempotency key: 62601189-bb58-40f6-a44e-86de443eca49
&amp#27;[38;5;86m[HTTP]&amp#27;[0m Request idempotency key: 88558a25-116b-4e65-b6f8-5032d355aea5
&amp#27;[38;5;86m[HTTP]&amp#27;[0m &amp#27;[37m-->&amp#27;[39m &amp#27;[37mPOST&amp#27;[39m &amp#27;[37m/session&amp#27;[39m &amp#27;[90m{"capabilities":{"firstMatch":[{}],"alwaysMatch":{"appium:appActivity":"com.androidsample.generalstore.SplashActivity","appium:appPackage":"com.androidsample.generalstore","appium:automationName":"UiAutomator2","appium:deviceName":"Nokia","appium:noReset":true,"appium:platformVersion":"11.0","appium:systemPort":8200,"appium:udid":"CTLID18120801016","platformName":"ANDROID"}}}&amp#27;[39m
&amp#27;[38;5;86m[HTTP]&amp#27;[0m &amp#27;[37m-->&amp#27;[39m &amp#27;[37mPOST&amp#27;[39m &amp#27;[37m/session&amp#27;[39m &amp#27;[90m{"capabilities":{"firstMatch":[{}],"alwaysMatch":{"appium:appActivity":"com.androidsample.generalstore.SplashActivity","appium:appPackage":"com.androidsample.generalstore","appium:automationName":"UiAutomator2","appium:deviceName":"Samsung_Galaxy_S21","appium:noReset":true,"appium:platformVersion":"10.0","appium:systemPort":8201,"appium:udid":"R3CRC00KHBT","platformName":"ANDROID"}}}&amp#27;[39m
&amp#27;[38;5;178m[AppiumDriver@314d]&amp#27;[0m Calling AppiumDriver.createSession() with args: [null,null,{"firstMatch":[{}],"alwaysMatch":{"appium:appActivity":"com.androidsample.generalstore.SplashActivity","appium:appPackage":"com.androidsample.generalstore","appium:automationName":"UiAutomator2","appium:deviceName":"Nokia","appium:noReset":true,"appium:platformVersion":"11.0","appium:systemPort":8200,"appium:udid":"CTLID18120801016","platformName":"ANDROID"}}]
&amp#27;[38;5;103m[AppiumDriver@5d82]&amp#27;[0m Calling AppiumDriver.createSession() with args: [null,null,{"firstMatch":[{}],"alwaysMatch":{"appium:appActivity":"com.androidsample.generalstore.SplashActivity","appium:appPackage":"com.androidsample.generalstore","appium:automationName":"UiAutomator2","appium:deviceName":"Samsung_Galaxy_S21","appium:noReset":true,"appium:platformVersion":"10.0","appium:systemPort":8201,"appium:udid":"R3CRC00KHBT","platformName":"ANDROID"}}]
&amp#27;[38;5;103m[AppiumDriver@5d82]&amp#27;[0m Event 'newSessionRequested' logged at 1750203330193 (19:35:30 GMT-0400 (Eastern Daylight Saving Time))
&amp#27;[38;5;178m[AppiumDriver@314d]&amp#27;[0m Event 'newSessionRequested' logged at 1750203330192 (19:35:30 GMT-0400 (Eastern Daylight Saving Time))
&amp#27;[38;5;112m[Appium]&amp#27;[0m Attempting to find matching driver for automationName 'UiAutomator2' and platformName 'ANDROID'
&amp#27;[38;5;112m[Appium]&amp#27;[0m The 'uiautomator2' driver was installed and matched caps.
&amp#27;[38;5;112m[Appium]&amp#27;[0m Will require it at C:\Users\sajus\.appium\node_modules\appium-uiautomator2-driver
&amp#27;[38;5;112m[Appium]&amp#27;[0m Attempting to find matching driver for automationName 'UiAutomator2' and platformName 'ANDROID'
&amp#27;[38;5;112m[Appium]&amp#27;[0m Requiring driver at C:\Users\sajus\.appium\node_modules\appium-uiautomator2-driver\build\index.js
&amp#27;[38;5;112m[Appium]&amp#27;[0m The 'uiautomator2' driver was installed and matched caps.
&amp#27;[38;5;112m[Appium]&amp#27;[0m Will require it at C:\Users\sajus\.appium\node_modules\appium-uiautomator2-driver
&amp#27;[38;5;103m[AppiumDriver@5d82]&amp#27;[0m Appium v2.18.0 creating new AndroidUiautomator2Driver (v4.2.3) session
&amp#27;[38;5;103m[AppiumDriver@5d82]&amp#27;[0m Checking BaseDriver versions for Appium and AndroidUiautomator2Driver
&amp#27;[38;5;103m[AppiumDriver@5d82]&amp#27;[0m Appium's BaseDriver version is 9.17.0
&amp#27;[38;5;103m[AppiumDriver@5d82]&amp#27;[0m AndroidUiautomator2Driver's BaseDriver version is 9.17.0
&amp#27;[38;5;112m[Appium]&amp#27;[0m Requiring driver at C:\Users\sajus\.appium\node_modules\appium-uiautomator2-driver\build\index.js
&amp#27;[38;5;178m[AppiumDriver@314d]&amp#27;[0m Appium v2.18.0 creating new AndroidUiautomator2Driver (v4.2.3) session
&amp#27;[38;5;178m[AppiumDriver@314d]&amp#27;[0m Checking BaseDriver versions for Appium and AndroidUiautomator2Driver
&amp#27;[38;5;178m[AppiumDriver@314d]&amp#27;[0m Appium's BaseDriver version is 9.17.0
&amp#27;[38;5;178m[AppiumDriver@314d]&amp#27;[0m AndroidUiautomator2Driver's BaseDriver version is 9.17.0
&amp#27;[38;5;-175m[AndroidUiautomator2Driver@39a9]&amp#27;[0m 
&amp#27;[38;5;-175m[AndroidUiautomator2Driver@39a9]&amp#27;[0m Creating session with W3C capabilities: {
  "alwaysMatch": {
    "platformName": "ANDROID",
    "appium:appActivity": "com.androidsample.generalstore.SplashActivity",
    "appium:appPackage": "com.androidsample.generalstore",
    "appium:automationName": "UiAutomator2",
    "appium:deviceName": "Samsung_Galaxy_S21",
    "appium:noReset": true,
    "appium:platformVersion": "10.0",
    "appium:systemPort": 8201,
    "appium:udid": "R3CRC00KHBT"
  },
  "firstMatch": [
    {}
  ]
}
&amp#27;[38;5;17m[AndroidUiautomator2Driver@9eac]&amp#27;[0m 
&amp#27;[38;5;17m[AndroidUiautomator2Driver@9eac]&amp#27;[0m Creating session with W3C capabilities: {
  "alwaysMatch": {
    "platformName": "ANDROID",
    "appium:appActivity": "com.androidsample.generalstore.SplashActivity",
    "appium:appPackage": "com.androidsample.generalstore",
    "appium:automationName": "UiAutomator2",
    "appium:deviceName": "Nokia",
    "appium:noReset": true,
    "appium:platformVersion": "11.0",
    "appium:systemPort": 8200,
    "appium:udid": "CTLID18120801016"
  },
  "firstMatch": [
    {}
  ]
}
&amp#27;[38;5;64m[eb4da930]&amp#27;[0m&amp#27;[38;5;-175m[AndroidUiautomator2Driver@39a9]&amp#27;[0m Session created with session id: eb4da930-970d-49aa-857d-f2bc443b9da7
&amp#27;[38;5;220m[a4efe9ae]&amp#27;[0m&amp#27;[38;5;17m[AndroidUiautomator2Driver@9eac]&amp#27;[0m Session created with session id: a4efe9ae-43e2-459e-a770-e06f851e8a61
&amp#27;[38;5;64m[eb4da930]&amp#27;[0m&amp#27;[38;5;229m[ADB]&amp#27;[0m Found 3 'build-tools' folders under 'C:\Users\sajus\AppData\Local\Android\Sdk' (newest first):
&amp#27;[38;5;220m[a4efe9ae]&amp#27;[0m&amp#27;[38;5;229m[ADB]&amp#27;[0m Found 3 'build-tools' folders under 'C:\Users\sajus\AppData\Local\Android\Sdk' (newest first):
&amp#27;[38;5;220m[a4efe9ae]&amp#27;[0m&amp#27;[38;5;229m[ADB]&amp#27;[0m     C:\Users\sajus\AppData\Local\Android\Sdk\build-tools\36.0.0
&amp#27;[38;5;220m[a4efe9ae]&amp#27;[0m&amp#27;[38;5;229m[ADB]&amp#27;[0m     C:\Users\sajus\AppData\Local\Android\Sdk\build-tools\35.0.1
&amp#27;[38;5;220m[a4efe9ae]&amp#27;[0m&amp#27;[38;5;229m[ADB]&amp#27;[0m     C:\Users\sajus\AppData\Local\Android\Sdk\build-tools\35.0.0
&amp#27;[38;5;64m[eb4da930]&amp#27;[0m&amp#27;[38;5;229m[ADB]&amp#27;[0m     C:\Users\sajus\AppData\Local\Android\Sdk\build-tools\36.0.0
&amp#27;[38;5;64m[eb4da930]&amp#27;[0m&amp#27;[38;5;229m[ADB]&amp#27;[0m     C:\Users\sajus\AppData\Local\Android\Sdk\build-tools\35.0.1
&amp#27;[38;5;64m[eb4da930]&amp#27;[0m&amp#27;[38;5;229m[ADB]&amp#27;[0m     C:\Users\sajus\AppData\Local\Android\Sdk\build-tools\35.0.0
&amp#27;[38;5;64m[eb4da930]&amp#27;[0m&amp#27;[38;5;229m[ADB]&amp#27;[0m Using 'adb.exe' from 'C:\Users\sajus\AppData\Local\Android\Sdk\platform-tools\adb.exe'
&amp#27;[38;5;220m[a4efe9ae]&amp#27;[0m&amp#27;[38;5;229m[ADB]&amp#27;[0m Using 'adb.exe' from 'C:\Users\sajus\AppData\Local\Android\Sdk\platform-tools\adb.exe'
&amp#27;[38;5;220m[a4efe9ae]&amp#27;[0m&amp#27;[38;5;229m[ADB]&amp#27;[0m Running 'C:\Users\sajus\AppData\Local\Android\Sdk\platform-tools\adb.exe -P 5037 start-server'
&amp#27;[38;5;64m[eb4da930]&amp#27;[0m&amp#27;[38;5;229m[ADB]&amp#27;[0m Running 'C:\Users\sajus\AppData\Local\Android\Sdk\platform-tools\adb.exe -P 5037 start-server'
&amp#27;[38;5;220m[a4efe9ae]&amp#27;[0m&amp#27;[38;5;17m[AndroidUiautomator2Driver@9eac]&amp#27;[0m Retrieving device list
&amp#27;[38;5;64m[eb4da930]&amp#27;[0m&amp#27;[38;5;-175m[AndroidUiautomator2Driver@39a9]&amp#27;[0m Retrieving device list
&amp#27;[38;5;220m[a4efe9ae]&amp#27;[0m&amp#27;[38;5;229m[ADB]&amp#27;[0m Trying to find connected Android devices
&amp#27;[38;5;64m[eb4da930]&amp#27;[0m&amp#27;[38;5;229m[ADB]&amp#27;[0m Trying to find connected Android devices
&amp#27;[38;5;220m[a4efe9ae]&amp#27;[0m&amp#27;[38;5;229m[ADB]&amp#27;[0m Getting connected devices
&amp#27;[38;5;64m[eb4da930]&amp#27;[0m&amp#27;[38;5;229m[ADB]&amp#27;[0m Getting connected devices
&amp#27;[38;5;220m[a4efe9ae]&amp#27;[0m&amp#27;[38;5;229m[ADB]&amp#27;[0m Connected devices: [{"udid":"CTLID18120801016","state":"device"},{"udid":"R3CRC00KHBT","state":"device"}]
&amp#27;[38;5;64m[eb4da930]&amp#27;[0m&amp#27;[38;5;229m[ADB]&amp#27;[0m Connected devices: [{"udid":"CTLID18120801016","state":"device"},{"udid":"R3CRC00KHBT","state":"device"}]
&amp#27;[38;5;220m[a4efe9ae]&amp#27;[0m&amp#27;[38;5;17m[AndroidUiautomator2Driver@9eac]&amp#27;[0m Using device: CTLID18120801016
&amp#27;[38;5;64m[eb4da930]&amp#27;[0m&amp#27;[38;5;-175m[AndroidUiautomator2Driver@39a9]&amp#27;[0m Using device: R3CRC00KHBT
&amp#27;[38;5;64m[eb4da930]&amp#27;[0m&amp#27;[38;5;229m[ADB]&amp#27;[0m Using 'adb.exe' from 'C:\Users\sajus\AppData\Local\Android\Sdk\platform-tools\adb.exe'
&amp#27;[38;5;64m[eb4da930]&amp#27;[0m&amp#27;[38;5;229m[ADB]&amp#27;[0m Running 'C:\Users\sajus\AppData\Local\Android\Sdk\platform-tools\adb.exe -P 5037 start-server'
&amp#27;[38;5;220m[a4efe9ae]&amp#27;[0m&amp#27;[38;5;229m[ADB]&amp#27;[0m Using 'adb.exe' from 'C:\Users\sajus\AppData\Local\Android\Sdk\platform-tools\adb.exe'
&amp#27;[38;5;220m[a4efe9ae]&amp#27;[0m&amp#27;[38;5;229m[ADB]&amp#27;[0m Running 'C:\Users\sajus\AppData\Local\Android\Sdk\platform-tools\adb.exe -P 5037 start-server'
&amp#27;[38;5;64m[eb4da930]&amp#27;[0m&amp#27;[38;5;229m[ADB]&amp#27;[0m Setting device id to R3CRC00KHBT
&amp#27;[38;5;220m[a4efe9ae]&amp#27;[0m&amp#27;[38;5;229m[ADB]&amp#27;[0m Setting device id to CTLID18120801016
&amp#27;[38;5;64m[eb4da930]&amp#27;[0m&amp#27;[38;5;-175m[AndroidUiautomator2Driver@39a9]&amp#27;[0m Starting 'com.androidsample.generalstore' directly on the device
&amp#27;[38;5;220m[a4efe9ae]&amp#27;[0m&amp#27;[38;5;17m[AndroidUiautomator2Driver@9eac]&amp#27;[0m Starting 'com.androidsample.generalstore' directly on the device
&amp#27;[38;5;220m[a4efe9ae]&amp#27;[0m&amp#27;[38;5;229m[ADB]&amp#27;[0m Running 'C:\Users\sajus\AppData\Local\Android\Sdk\platform-tools\adb.exe -P 5037 -s CTLID18120801016 shell getprop ro.build.version.sdk'
&amp#27;[38;5;64m[eb4da930]&amp#27;[0m&amp#27;[38;5;229m[ADB]&amp#27;[0m Running 'C:\Users\sajus\AppData\Local\Android\Sdk\platform-tools\adb.exe -P 5037 -s R3CRC00KHBT shell getprop ro.build.version.sdk'
&amp#27;[38;5;220m[a4efe9ae]&amp#27;[0m&amp#27;[38;5;229m[ADB]&amp#27;[0m Current device property 'ro.build.version.sdk': 29
&amp#27;[38;5;220m[a4efe9ae]&amp#27;[0m&amp#27;[38;5;229m[ADB]&amp#27;[0m Getting device platform version
&amp#27;[38;5;220m[a4efe9ae]&amp#27;[0m&amp#27;[38;5;229m[ADB]&amp#27;[0m Running 'C:\Users\sajus\AppData\Local\Android\Sdk\platform-tools\adb.exe -P 5037 -s CTLID18120801016 shell getprop ro.build.version.release'
&amp#27;[38;5;64m[eb4da930]&amp#27;[0m&amp#27;[38;5;229m[ADB]&amp#27;[0m Current device property 'ro.build.version.sdk': 35
&amp#27;[38;5;64m[eb4da930]&amp#27;[0m&amp#27;[38;5;229m[ADB]&amp#27;[0m Getting device platform version
&amp#27;[38;5;64m[eb4da930]&amp#27;[0m&amp#27;[38;5;229m[ADB]&amp#27;[0m Running 'C:\Users\sajus\AppData\Local\Android\Sdk\platform-tools\adb.exe -P 5037 -s R3CRC00KHBT shell getprop ro.build.version.release'
&amp#27;[38;5;220m[a4efe9ae]&amp#27;[0m&amp#27;[38;5;229m[ADB]&amp#27;[0m Current device property 'ro.build.version.release': 10
&amp#27;[38;5;220m[a4efe9ae]&amp#27;[0m&amp#27;[38;5;229m[ADB]&amp#27;[0m Device API level: 29
&amp#27;[38;5;220m[a4efe9ae]&amp#27;[0m&amp#27;[38;5;17m[AndroidUiautomator2Driver@9eac]&amp#27;[0m Relaxing hidden api policy
&amp#27;[38;5;220m[a4efe9ae]&amp#27;[0m&amp#27;[38;5;229m[ADB]&amp#27;[0m Running 'C:\Users\sajus\AppData\Local\Android\Sdk\platform-tools\adb.exe -P 5037 -s CTLID18120801016 shell 'settings put global hidden_api_policy_pre_p_apps 1;settings put global hidden_api_policy_p_apps 1;settings put global hidden_api_policy 1''
&amp#27;[38;5;220m[a4efe9ae]&amp#27;[0m&amp#27;[38;5;17m[AndroidUiautomator2Driver@9eac]&amp#27;[0m Pushing settings apk to the device...
&amp#27;[38;5;220m[a4efe9ae]&amp#27;[0m&amp#27;[38;5;229m[ADB]&amp#27;[0m Getting package info for 'io.appium.settings'
&amp#27;[38;5;220m[a4efe9ae]&amp#27;[0m&amp#27;[38;5;229m[ADB]&amp#27;[0m Running 'C:\Users\sajus\AppData\Local\Android\Sdk\platform-tools\adb.exe -P 5037 -s CTLID18120801016 shell dumpsys package io.appium.settings'
&amp#27;[38;5;64m[eb4da930]&amp#27;[0m&amp#27;[38;5;229m[ADB]&amp#27;[0m Current device property 'ro.build.version.release': 15
&amp#27;[38;5;64m[eb4da930]&amp#27;[0m&amp#27;[38;5;229m[ADB]&amp#27;[0m Device API level: 35
&amp#27;[38;5;64m[eb4da930]&amp#27;[0m&amp#27;[38;5;-175m[AndroidUiautomator2Driver@39a9]&amp#27;[0m Relaxing hidden api policy
&amp#27;[38;5;64m[eb4da930]&amp#27;[0m&amp#27;[38;5;229m[ADB]&amp#27;[0m Running 'C:\Users\sajus\AppData\Local\Android\Sdk\platform-tools\adb.exe -P 5037 -s R3CRC00KHBT shell 'settings put global hidden_api_policy_pre_p_apps 1;settings put global hidden_api_policy_p_apps 1;settings put global hidden_api_policy 1''
&amp#27;[38;5;64m[eb4da930]&amp#27;[0m&amp#27;[38;5;-175m[AndroidUiautomator2Driver@39a9]&amp#27;[0m Pushing settings apk to the device...
&amp#27;[38;5;64m[eb4da930]&amp#27;[0m&amp#27;[38;5;229m[ADB]&amp#27;[0m Getting package info for 'io.appium.settings'
&amp#27;[38;5;64m[eb4da930]&amp#27;[0m&amp#27;[38;5;229m[ADB]&amp#27;[0m Running 'C:\Users\sajus\AppData\Local\Android\Sdk\platform-tools\adb.exe -P 5037 -s R3CRC00KHBT shell dumpsys package io.appium.settings'
&amp#27;[38;5;220m[a4efe9ae]&amp#27;[0m&amp#27;[38;5;229m[ADB]&amp#27;[0m Using 'aapt2.exe' from 'C:\Users\sajus\AppData\Local\Android\Sdk\build-tools\36.0.0\aapt2.exe'
&amp#27;[38;5;220m[a4efe9ae]&amp#27;[0m&amp#27;[38;5;229m[ADB]&amp#27;[0m Reading package manifest: 'C:\\Users\\sajus\\AppData\\Local\\Android\\Sdk\\build-tools\\36.0.0\\aapt2.exe dump badging C:\\Users\\sajus\\.appium\\node_modules\\appium-uiautomator2-driver\\node_modules\\io.appium.settings\\apks\\settings_apk-debug.apk'
&amp#27;[38;5;220m[a4efe9ae]&amp#27;[0m&amp#27;[38;5;229m[ADB]&amp#27;[0m The version name of the installed 'io.appium.settings' is greater or equal to the application version name ('5.14.8' >= '5.14.8')
&amp#27;[38;5;220m[a4efe9ae]&amp#27;[0m&amp#27;[38;5;229m[ADB]&amp#27;[0m There is no need to install/upgrade 'C:\Users\sajus\.appium\node_modules\appium-uiautomator2-driver\node_modules\io.appium.settings\apks\settings_apk-debug.apk'
&amp#27;[38;5;220m[a4efe9ae]&amp#27;[0m&amp#27;[38;5;229m[ADB]&amp#27;[0m Running 'C:\Users\sajus\AppData\Local\Android\Sdk\platform-tools\adb.exe -P 5037 -s CTLID18120801016 shell dumpsys activity services io.appium.settings'
&amp#27;[38;5;64m[eb4da930]&amp#27;[0m&amp#27;[38;5;229m[ADB]&amp#27;[0m Using 'aapt2.exe' from 'C:\Users\sajus\AppData\Local\Android\Sdk\build-tools\36.0.0\aapt2.exe'
&amp#27;[38;5;64m[eb4da930]&amp#27;[0m&amp#27;[38;5;229m[ADB]&amp#27;[0m Reading package manifest: 'C:\\Users\\sajus\\AppData\\Local\\Android\\Sdk\\build-tools\\36.0.0\\aapt2.exe dump badging C:\\Users\\sajus\\.appium\\node_modules\\appium-uiautomator2-driver\\node_modules\\io.appium.settings\\apks\\settings_apk-debug.apk'
&amp#27;[38;5;64m[eb4da930]&amp#27;[0m&amp#27;[38;5;229m[ADB]&amp#27;[0m The version name of the installed 'io.appium.settings' is greater or equal to the application version name ('5.14.8' >= '5.14.8')
&amp#27;[38;5;64m[eb4da930]&amp#27;[0m&amp#27;[38;5;229m[ADB]&amp#27;[0m There is no need to install/upgrade 'C:\Users\sajus\.appium\node_modules\appium-uiautomator2-driver\node_modules\io.appium.settings\apks\settings_apk-debug.apk'
&amp#27;[38;5;64m[eb4da930]&amp#27;[0m&amp#27;[38;5;229m[ADB]&amp#27;[0m Running 'C:\Users\sajus\AppData\Local\Android\Sdk\platform-tools\adb.exe -P 5037 -s R3CRC00KHBT shell dumpsys activity services io.appium.settings'
&amp#27;[38;5;220m[a4efe9ae]&amp#27;[0m&amp#27;[38;5;17m[AndroidUiautomator2Driver@9eac]&amp#27;[0m io.appium.settings is already running. There is no need to reset its permissions.
&amp#27;[38;5;220m[a4efe9ae]&amp#27;[0m&amp#27;[38;5;160m[Logcat]&amp#27;[0m Starting logs capture with command: C:\\Users\\sajus\\AppData\\Local\\Android\\Sdk\\platform-tools\\adb.exe -P 5037 -s CTLID18120801016 logcat -v threadtime
&amp#27;[38;5;220m[a4efe9ae]&amp#27;[0m&amp#27;[38;5;229m[ADB]&amp#27;[0m Running 'C:\Users\sajus\AppData\Local\Android\Sdk\platform-tools\adb.exe -P 5037 -s CTLID18120801016 shell appops set io.appium.settings android:mock_location allow'
&amp#27;[38;5;64m[eb4da930]&amp#27;[0m&amp#27;[38;5;-175m[AndroidUiautomator2Driver@39a9]&amp#27;[0m io.appium.settings is already running. There is no need to reset its permissions.
&amp#27;[38;5;64m[eb4da930]&amp#27;[0m&amp#27;[38;5;160m[Logcat]&amp#27;[0m Starting logs capture with command: C:\\Users\\sajus\\AppData\\Local\\Android\\Sdk\\platform-tools\\adb.exe -P 5037 -s R3CRC00KHBT logcat -v threadtime
&amp#27;[38;5;64m[eb4da930]&amp#27;[0m&amp#27;[38;5;229m[ADB]&amp#27;[0m Running 'C:\Users\sajus\AppData\Local\Android\Sdk\platform-tools\adb.exe -P 5037 -s R3CRC00KHBT shell appops set io.appium.settings android:mock_location allow'
&amp#27;[38;5;220m[a4efe9ae]&amp#27;[0m&amp#27;[38;5;229m[ADB]&amp#27;[0m Running 'C:\Users\sajus\AppData\Local\Android\Sdk\platform-tools\adb.exe -P 5037 -s CTLID18120801016 shell "[ -e '/data/local/tmp/mock_apps.json' ] && echo __PASS__"'
&amp#27;[38;5;220m[a4efe9ae]&amp#27;[0m&amp#27;[38;5;229m[ADB]&amp#27;[0m Running 'C:\Users\sajus\AppData\Local\Android\Sdk\platform-tools\adb.exe -P 5037 -s CTLID18120801016 shell cat /data/local/tmp/mock_apps.json'
&amp#27;[38;5;64m[eb4da930]&amp#27;[0m&amp#27;[38;5;229m[ADB]&amp#27;[0m Running 'C:\Users\sajus\AppData\Local\Android\Sdk\platform-tools\adb.exe -P 5037 -s R3CRC00KHBT shell "[ -e '/data/local/tmp/mock_apps.json' ] && echo __PASS__"'
&amp#27;[38;5;220m[a4efe9ae]&amp#27;[0m&amp#27;[38;5;17m[AndroidUiautomator2Driver@9eac]&amp#27;[0m Forwarding UiAutomator2 Server port 6790 to local port 8200
&amp#27;[38;5;220m[a4efe9ae]&amp#27;[0m&amp#27;[38;5;229m[ADB]&amp#27;[0m Forwarding system: 8200 to device: 6790
&amp#27;[38;5;220m[a4efe9ae]&amp#27;[0m&amp#27;[38;5;229m[ADB]&amp#27;[0m Running 'C:\Users\sajus\AppData\Local\Android\Sdk\platform-tools\adb.exe -P 5037 -s CTLID18120801016 forward tcp:8200 tcp:6790'
&amp#27;[38;5;64m[eb4da930]&amp#27;[0m&amp#27;[38;5;229m[ADB]&amp#27;[0m Running 'C:\Users\sajus\AppData\Local\Android\Sdk\platform-tools\adb.exe -P 5037 -s R3CRC00KHBT shell cat /data/local/tmp/mock_apps.json'
&amp#27;[38;5;220m[a4efe9ae]&amp#27;[0m&amp#27;[38;5;17m[AndroidUiautomator2Driver@9eac]&amp#27;[0m UIA2Proxy options: {"server":"127.0.0.1","port":8200,"keepAlive":true,"scheme":"http","base":"","reqBasePath":"","sessionId":null,"timeout":240000}
&amp#27;[38;5;220m[a4efe9ae]&amp#27;[0m&amp#27;[38;5;229m[ADB]&amp#27;[0m Getting package info for 'io.appium.uiautomator2.server'
&amp#27;[38;5;220m[a4efe9ae]&amp#27;[0m&amp#27;[38;5;229m[ADB]&amp#27;[0m Running 'C:\Users\sajus\AppData\Local\Android\Sdk\platform-tools\adb.exe -P 5037 -s CTLID18120801016 shell dumpsys package io.appium.uiautomator2.server'
&amp#27;[38;5;220m[a4efe9ae]&amp#27;[0m&amp#27;[38;5;229m[ADB]&amp#27;[0m Getting install status for io.appium.uiautomator2.server.test
&amp#27;[38;5;220m[a4efe9ae]&amp#27;[0m&amp#27;[38;5;17m[AndroidUiautomator2Driver@9eac]&amp#27;[0m No app capability. Assuming it is already on the device
&amp#27;[38;5;220m[a4efe9ae]&amp#27;[0m&amp#27;[38;5;229m[ADB]&amp#27;[0m Running 'C:\Users\sajus\AppData\Local\Android\Sdk\platform-tools\adb.exe -P 5037 -s CTLID18120801016 shell cmd package list packages'
&amp#27;[38;5;64m[eb4da930]&amp#27;[0m&amp#27;[38;5;-175m[AndroidUiautomator2Driver@39a9]&amp#27;[0m Forwarding UiAutomator2 Server port 6790 to local port 8201
&amp#27;[38;5;64m[eb4da930]&amp#27;[0m&amp#27;[38;5;229m[ADB]&amp#27;[0m Forwarding system: 8201 to device: 6790
&amp#27;[38;5;64m[eb4da930]&amp#27;[0m&amp#27;[38;5;229m[ADB]&amp#27;[0m Running 'C:\Users\sajus\AppData\Local\Android\Sdk\platform-tools\adb.exe -P 5037 -s R3CRC00KHBT forward tcp:8201 tcp:6790'
&amp#27;[38;5;220m[a4efe9ae]&amp#27;[0m&amp#27;[38;5;229m[ADB]&amp#27;[0m Reading package manifest: 'C:\\Users\\sajus\\AppData\\Local\\Android\\Sdk\\build-tools\\36.0.0\\aapt2.exe dump badging C:\\Users\\sajus\\.appium\\node_modules\\appium-uiautomator2-driver\\node_modules\\appium-uiautomator2-server\\apks\\appium-uiautomator2-server-v7.5.2.apk'
&amp#27;[38;5;64m[eb4da930]&amp#27;[0m&amp#27;[38;5;-175m[AndroidUiautomator2Driver@39a9]&amp#27;[0m UIA2Proxy options: {"server":"127.0.0.1","port":8201,"keepAlive":true,"scheme":"http","base":"","reqBasePath":"","sessionId":null,"timeout":240000}
&amp#27;[38;5;64m[eb4da930]&amp#27;[0m&amp#27;[38;5;229m[ADB]&amp#27;[0m Getting package info for 'io.appium.uiautomator2.server'
&amp#27;[38;5;64m[eb4da930]&amp#27;[0m&amp#27;[38;5;229m[ADB]&amp#27;[0m Running 'C:\Users\sajus\AppData\Local\Android\Sdk\platform-tools\adb.exe -P 5037 -s R3CRC00KHBT shell dumpsys package io.appium.uiautomator2.server'
&amp#27;[38;5;220m[a4efe9ae]&amp#27;[0m&amp#27;[38;5;229m[ADB]&amp#27;[0m 'io.appium.uiautomator2.server.test' is installed
&amp#27;[38;5;64m[eb4da930]&amp#27;[0m&amp#27;[38;5;229m[ADB]&amp#27;[0m Getting install status for io.appium.uiautomator2.server.test
&amp#27;[38;5;64m[eb4da930]&amp#27;[0m&amp#27;[38;5;-175m[AndroidUiautomator2Driver@39a9]&amp#27;[0m No app capability. Assuming it is already on the device
&amp#27;[38;5;64m[eb4da930]&amp#27;[0m&amp#27;[38;5;229m[ADB]&amp#27;[0m Running 'C:\Users\sajus\AppData\Local\Android\Sdk\platform-tools\adb.exe -P 5037 -s R3CRC00KHBT shell cmd package list packages'
&amp#27;[38;5;64m[eb4da930]&amp#27;[0m&amp#27;[38;5;229m[ADB]&amp#27;[0m Reading package manifest: 'C:\\Users\\sajus\\AppData\\Local\\Android\\Sdk\\build-tools\\36.0.0\\aapt2.exe dump badging C:\\Users\\sajus\\.appium\\node_modules\\appium-uiautomator2-driver\\node_modules\\appium-uiautomator2-server\\apks\\appium-uiautomator2-server-v7.5.2.apk'
&amp#27;[38;5;64m[eb4da930]&amp#27;[0m&amp#27;[38;5;229m[ADB]&amp#27;[0m 'io.appium.uiautomator2.server.test' is installed
&amp#27;[38;5;220m[a4efe9ae]&amp#27;[0m&amp#27;[38;5;229m[ADB]&amp#27;[0m The version name of the installed 'io.appium.uiautomator2.server' is greater or equal to the application version name ('7.5.2' >= '7.5.2')
&amp#27;[38;5;220m[a4efe9ae]&amp#27;[0m&amp#27;[38;5;17m[AndroidUiautomator2Driver@9eac]&amp#27;[0m Server packages status: [{"installState":"sameVersionInstalled","appPath":"C:\\Users\\sajus\\.appium\\node_modules\\appium-uiautomator2-driver\\node_modules\\appium-uiautomator2-server\\apks\\appium-uiautomator2-server-v7.5.2.apk","appId":"io.appium.uiautomator2.server"},{"installState":"sameVersionInstalled","appPath":"C:\\Users\\sajus\\.appium\\node_modules\\appium-uiautomator2-driver\\node_modules\\appium-uiautomator2-server\\apks\\appium-uiautomator2-server-debug-androidTest.apk","appId":"io.appium.uiautomator2.server.test"}]
&amp#27;[38;5;220m[a4efe9ae]&amp#27;[0m&amp#27;[38;5;17m[AndroidUiautomator2Driver@9eac]&amp#27;[0m Server packages are not going to be (re)installed
&amp#27;[38;5;220m[a4efe9ae]&amp#27;[0m&amp#27;[38;5;17m[AndroidUiautomator2Driver@9eac]&amp#27;[0m Waiting up to 30000ms for services to be available
&amp#27;[38;5;220m[a4efe9ae]&amp#27;[0m&amp#27;[38;5;229m[ADB]&amp#27;[0m Running 'C:\Users\sajus\AppData\Local\Android\Sdk\platform-tools\adb.exe -P 5037 -s CTLID18120801016 shell pm list instrumentation'
&amp#27;[38;5;64m[eb4da930]&amp#27;[0m&amp#27;[38;5;229m[ADB]&amp#27;[0m The version name of the installed 'io.appium.uiautomator2.server' is greater or equal to the application version name ('7.5.2' >= '7.5.2')
&amp#27;[38;5;64m[eb4da930]&amp#27;[0m&amp#27;[38;5;-175m[AndroidUiautomator2Driver@39a9]&amp#27;[0m Server packages status: [{"installState":"sameVersionInstalled","appPath":"C:\\Users\\sajus\\.appium\\node_modules\\appium-uiautomator2-driver\\node_modules\\appium-uiautomator2-server\\apks\\appium-uiautomator2-server-v7.5.2.apk","appId":"io.appium.uiautomator2.server"},{"installState":"sameVersionInstalled","appPath":"C:\\Users\\sajus\\.appium\\node_modules\\appium-uiautomator2-driver\\node_modules\\appium-uiautomator2-server\\apks\\appium-uiautomator2-server-debug-androidTest.apk","appId":"io.appium.uiautomator2.server.test"}]
&amp#27;[38;5;64m[eb4da930]&amp#27;[0m&amp#27;[38;5;-175m[AndroidUiautomator2Driver@39a9]&amp#27;[0m Server packages are not going to be (re)installed
&amp#27;[38;5;64m[eb4da930]&amp#27;[0m&amp#27;[38;5;-175m[AndroidUiautomator2Driver@39a9]&amp#27;[0m Waiting up to 30000ms for services to be available
&amp#27;[38;5;64m[eb4da930]&amp#27;[0m&amp#27;[38;5;229m[ADB]&amp#27;[0m Running 'C:\Users\sajus\AppData\Local\Android\Sdk\platform-tools\adb.exe -P 5037 -s R3CRC00KHBT shell pm list instrumentation'
&amp#27;[38;5;220m[a4efe9ae]&amp#27;[0m&amp#27;[38;5;17m[AndroidUiautomator2Driver@9eac]&amp#27;[0m Instrumentation target 'io.appium.uiautomator2.server.test/androidx.test.runner.AndroidJUnitRunner' is available
&amp#27;[38;5;220m[a4efe9ae]&amp#27;[0m&amp#27;[38;5;229m[ADB]&amp#27;[0m Adding packages ["io.appium.settings","io.appium.uiautomator2.server","io.appium.uiautomator2.server.test"] to Doze whitelist
&amp#27;[38;5;220m[a4efe9ae]&amp#27;[0m&amp#27;[38;5;229m[ADB]&amp#27;[0m Got the following command chunks to execute: [["dumpsys","deviceidle","whitelist","+io.appium.settings",";","dumpsys","deviceidle","whitelist","+io.appium.uiautomator2.server",";","dumpsys","deviceidle","whitelist","+io.appium.uiautomator2.server.test",";"]]
&amp#27;[38;5;220m[a4efe9ae]&amp#27;[0m&amp#27;[38;5;229m[ADB]&amp#27;[0m Running 'C:\Users\sajus\AppData\Local\Android\Sdk\platform-tools\adb.exe -P 5037 -s CTLID18120801016 shell dumpsys deviceidle whitelist +io.appium.settings ; dumpsys deviceidle whitelist +io.appium.uiautomator2.server ; dumpsys deviceidle whitelist +io.appium.uiautomator2.server.test ;'
&amp#27;[38;5;64m[eb4da930]&amp#27;[0m&amp#27;[38;5;-175m[AndroidUiautomator2Driver@39a9]&amp#27;[0m Instrumentation target 'io.appium.uiautomator2.server.test/androidx.test.runner.AndroidJUnitRunner' is available
&amp#27;[38;5;64m[eb4da930]&amp#27;[0m&amp#27;[38;5;229m[ADB]&amp#27;[0m Adding packages ["io.appium.settings","io.appium.uiautomator2.server","io.appium.uiautomator2.server.test"] to Doze whitelist
&amp#27;[38;5;64m[eb4da930]&amp#27;[0m&amp#27;[38;5;229m[ADB]&amp#27;[0m Got the following command chunks to execute: [["dumpsys","deviceidle","whitelist","+io.appium.settings",";","dumpsys","deviceidle","whitelist","+io.appium.uiautomator2.server",";","dumpsys","deviceidle","whitelist","+io.appium.uiautomator2.server.test",";"]]
&amp#27;[38;5;64m[eb4da930]&amp#27;[0m&amp#27;[38;5;229m[ADB]&amp#27;[0m Running 'C:\Users\sajus\AppData\Local\Android\Sdk\platform-tools\adb.exe -P 5037 -s R3CRC00KHBT shell dumpsys deviceidle whitelist +io.appium.settings ; dumpsys deviceidle whitelist +io.appium.uiautomator2.server ; dumpsys deviceidle whitelist +io.appium.uiautomator2.server.test ;'
&amp#27;[38;5;220m[a4efe9ae]&amp#27;[0m&amp#27;[38;5;17m[AndroidUiautomator2Driver@9eac]&amp#27;[0m Performing shallow cleanup of automation leftovers
&amp#27;[38;5;64m[eb4da930]&amp#27;[0m&amp#27;[38;5;-175m[AndroidUiautomator2Driver@39a9]&amp#27;[0m Performing shallow cleanup of automation leftovers
&amp#27;[38;5;220m[a4efe9ae]&amp#27;[0m&amp#27;[38;5;17m[AndroidUiautomator2Driver@9eac]&amp#27;[0m No obsolete sessions have been detected (socket hang up)
&amp#27;[38;5;220m[a4efe9ae]&amp#27;[0m&amp#27;[38;5;229m[ADB]&amp#27;[0m Running 'C:\Users\sajus\AppData\Local\Android\Sdk\platform-tools\adb.exe -P 5037 -s CTLID18120801016 shell am force-stop io.appium.uiautomator2.server'
&amp#27;[38;5;220m[a4efe9ae]&amp#27;[0m&amp#27;[38;5;229m[ADB]&amp#27;[0m Running 'C:\Users\sajus\AppData\Local\Android\Sdk\platform-tools\adb.exe -P 5037 -s CTLID18120801016 shell am force-stop io.appium.uiautomator2.server.test'
&amp#27;[38;5;64m[eb4da930]&amp#27;[0m&amp#27;[38;5;-175m[AndroidUiautomator2Driver@39a9]&amp#27;[0m No obsolete sessions have been detected (socket hang up)
&amp#27;[38;5;64m[eb4da930]&amp#27;[0m&amp#27;[38;5;229m[ADB]&amp#27;[0m Running 'C:\Users\sajus\AppData\Local\Android\Sdk\platform-tools\adb.exe -P 5037 -s R3CRC00KHBT shell am force-stop io.appium.uiautomator2.server'
&amp#27;[38;5;64m[eb4da930]&amp#27;[0m&amp#27;[38;5;229m[ADB]&amp#27;[0m Running 'C:\Users\sajus\AppData\Local\Android\Sdk\platform-tools\adb.exe -P 5037 -s R3CRC00KHBT shell am force-stop io.appium.uiautomator2.server.test'
&amp#27;[38;5;220m[a4efe9ae]&amp#27;[0m&amp#27;[38;5;17m[AndroidUiautomator2Driver@9eac]&amp#27;[0m Starting UIAutomator2 server 7.5.2
&amp#27;[38;5;220m[a4efe9ae]&amp#27;[0m&amp#27;[38;5;17m[AndroidUiautomator2Driver@9eac]&amp#27;[0m Using UIAutomator2 server from 'C:\Users\sajus\.appium\node_modules\appium-uiautomator2-driver\node_modules\appium-uiautomator2-server\apks\appium-uiautomator2-server-v7.5.2.apk' and test from 'C:\Users\sajus\.appium\node_modules\appium-uiautomator2-driver\node_modules\appium-uiautomator2-server\apks\appium-uiautomator2-server-debug-androidTest.apk'
&amp#27;[38;5;220m[a4efe9ae]&amp#27;[0m&amp#27;[38;5;17m[AndroidUiautomator2Driver@9eac]&amp#27;[0m Waiting up to 30000ms for UiAutomator2 to be online...
&amp#27;[38;5;220m[a4efe9ae]&amp#27;[0m&amp#27;[38;5;229m[ADB]&amp#27;[0m Creating ADB subprocess with args: ["-P","5037","-s","CTLID18120801016","shell","am","instrument","-w","-e","disableAnalytics","true","io.appium.uiautomator2.server.test/androidx.test.runner.AndroidJUnitRunner"]
&amp#27;[38;5;220m[a4efe9ae]&amp#27;[0m&amp#27;[38;5;17m[AndroidUiautomator2Driver@9eac]&amp#27;[0m Matched '/status' to command name 'getStatus'
&amp#27;[38;5;220m[a4efe9ae]&amp#27;[0m&amp#27;[38;5;17m[AndroidUiautomator2Driver@9eac]&amp#27;[0m Proxying [GET /status] to [GET http://127.0.0.1:8200/status] with no body
&amp#27;[38;5;64m[eb4da930]&amp#27;[0m&amp#27;[38;5;-175m[AndroidUiautomator2Driver@39a9]&amp#27;[0m Starting UIAutomator2 server 7.5.2
&amp#27;[38;5;64m[eb4da930]&amp#27;[0m&amp#27;[38;5;-175m[AndroidUiautomator2Driver@39a9]&amp#27;[0m Using UIAutomator2 server from 'C:\Users\sajus\.appium\node_modules\appium-uiautomator2-driver\node_modules\appium-uiautomator2-server\apks\appium-uiautomator2-server-v7.5.2.apk' and test from 'C:\Users\sajus\.appium\node_modules\appium-uiautomator2-driver\node_modules\appium-uiautomator2-server\apks\appium-uiautomator2-server-debug-androidTest.apk'
&amp#27;[38;5;64m[eb4da930]&amp#27;[0m&amp#27;[38;5;-175m[AndroidUiautomator2Driver@39a9]&amp#27;[0m Waiting up to 30000ms for UiAutomator2 to be online...
&amp#27;[38;5;64m[eb4da930]&amp#27;[0m&amp#27;[38;5;229m[ADB]&amp#27;[0m Creating ADB subprocess with args: ["-P","5037","-s","R3CRC00KHBT","shell","am","instrument","-w","-e","disableAnalytics","true","io.appium.uiautomator2.server.test/androidx.test.runner.AndroidJUnitRunner"]
&amp#27;[38;5;220m[a4efe9ae]&amp#27;[0m&amp#27;[38;5;17m[AndroidUiautomator2Driver@9eac]&amp#27;[0m socket hang up
&amp#27;[38;5;64m[eb4da930]&amp#27;[0m&amp#27;[38;5;-175m[AndroidUiautomator2Driver@39a9]&amp#27;[0m Matched '/status' to command name 'getStatus'
&amp#27;[38;5;64m[eb4da930]&amp#27;[0m&amp#27;[38;5;-175m[AndroidUiautomator2Driver@39a9]&amp#27;[0m Proxying [GET /status] to [GET http://127.0.0.1:8201/status] with no body
&amp#27;[38;5;64m[eb4da930]&amp#27;[0m&amp#27;[38;5;-175m[AndroidUiautomator2Driver@39a9]&amp#27;[0m socket hang up
&amp#27;[38;5;64m[eb4da930]&amp#27;[0m&amp#27;[38;5;-175m[AndroidUiautomator2Driver@39a9]&amp#27;[0m [Instrumentation] 
&amp#27;[38;5;220m[a4efe9ae]&amp#27;[0m&amp#27;[38;5;17m[AndroidUiautomator2Driver@9eac]&amp#27;[0m Matched '/status' to command name 'getStatus'
&amp#27;[38;5;220m[a4efe9ae]&amp#27;[0m&amp#27;[38;5;17m[AndroidUiautomator2Driver@9eac]&amp#27;[0m Proxying [GET /status] to [GET http://127.0.0.1:8200/status] with no body
&amp#27;[38;5;220m[a4efe9ae]&amp#27;[0m&amp#27;[38;5;17m[AndroidUiautomator2Driver@9eac]&amp#27;[0m socket hang up
&amp#27;[38;5;64m[eb4da930]&amp#27;[0m&amp#27;[38;5;-175m[AndroidUiautomator2Driver@39a9]&amp#27;[0m Matched '/status' to command name 'getStatus'
&amp#27;[38;5;64m[eb4da930]&amp#27;[0m&amp#27;[38;5;-175m[AndroidUiautomator2Driver@39a9]&amp#27;[0m Proxying [GET /status] to [GET http://127.0.0.1:8201/status] with no body
&amp#27;[38;5;64m[eb4da930]&amp#27;[0m&amp#27;[38;5;-175m[AndroidUiautomator2Driver@39a9]&amp#27;[0m Got response with status 200: {"sessionId":"None","value":{"message":"UiAutomator2 Server is ready to accept commands","ready":true}}
&amp#27;[38;5;64m[eb4da930]&amp#27;[0m&amp#27;[38;5;-175m[AndroidUiautomator2Driver@39a9]&amp#27;[0m The initialization of the instrumentation process took 1145ms
&amp#27;[38;5;64m[eb4da930]&amp#27;[0m&amp#27;[38;5;-175m[AndroidUiautomator2Driver@39a9]&amp#27;[0m Matched '/session' to command name 'createSession'
&amp#27;[38;5;64m[eb4da930]&amp#27;[0m&amp#27;[38;5;-175m[AndroidUiautomator2Driver@39a9]&amp#27;[0m Proxying [POST /session] to [POST http://127.0.0.1:8201/session] with body: {"capabilities":{"firstMatch":[{"platformName":"ANDROID","appActivity":"com.androidsample.generalstore.SplashActivity","appPackage":"com.androidsample.generalstore","automationName":"UiAutomator2","deviceName":"R3CRC00KHBT","noReset":true,"platformVersion":"10.0","systemPort":8201,"udid":"R3CRC00KHBT","platform":"LINUX","webStorageEnabled":false,"takesScreenshot":true,"javascriptEnabled":true,"databaseEnabled":false,"networkConnectionEnabled":true,"locationContextEnabled":false,"warnings":{},"desired":{"platformName":"ANDROID","appActivity":"com.androidsample.generalstore.SplashActivity","appPackage":"com.androidsample.generalstore","automationName":"UiAutomator2","deviceName":"Samsung_Galaxy_S21","noReset":true,"platformVersion":"10.0","systemPort":8201,"udid":"R3CRC00KHBT"},"deviceUDID":"R3CRC00KHBT"}],"alwaysMatch":{}}}
&amp#27;[38;5;64m[eb4da930]&amp#27;[0m&amp#27;[38;5;-175m[AndroidUiautomator2Driver@39a9]&amp#27;[0m Got response with status 200: {"sessionId":"ec7f02c8-611e-4baa-8ade-106c89ae9366","value":{"capabilities":{"firstMatch":[{"platformName":"ANDROID","appActivity":"com.androidsample.generalstore.SplashActivity","appPackage":"com.androidsample.generalstore","automationName":"UiAutomator2","deviceName":"R3CRC00KHBT","noReset":true,"platformVersion":"10.0","systemPort":8201,"udid":"R3CRC00KHBT","platform":"LINUX","webStorageEnabled":false,"takesScreenshot":true,"javascriptEnabled":true,"databaseEnabled":false,"networkConnectionEnabled":true,"locationContextEnabled":false,"warnings":{},"desired":{"platformName":"ANDROID","appActivity":"com.androidsample.generalstore.SplashActivity","appPackage":"com.androidsample.generalstore","automationName":"UiAutomator2","deviceName":"Samsung_Galaxy_S21","noReset":true,"platformVersion":"10.0","systemPort":8201,"udid":"R3CRC00KHBT"},"deviceUDID":"R3CRC00KHBT"}],"alwaysMatch":{}},"sessionId":"ec7f02c8-611e-4baa-8ade-106c89ae9366"}}
&amp#27;[38;5;64m[eb4da930]&amp#27;[0m&amp#27;[38;5;-175m[AndroidUiautomator2Driver@39a9]&amp#27;[0m Determined the downstream protocol as 'W3C'
&amp#27;[38;5;64m[eb4da930]&amp#27;[0m&amp#27;[38;5;-175m[AndroidUiautomator2Driver@39a9]&amp#27;[0m Proxying [GET /appium/device/pixel_ratio] to [GET http://127.0.0.1:8201/session/ec7f02c8-611e-4baa-8ade-106c89ae9366/appium/device/pixel_ratio] with no body
&amp#27;[38;5;64m[eb4da930]&amp#27;[0m&amp#27;[38;5;-175m[AndroidUiautomator2Driver@39a9]&amp#27;[0m Matched '/appium/device/system_bars' to command name 'getSystemBars'
&amp#27;[38;5;64m[eb4da930]&amp#27;[0m&amp#27;[38;5;-175m[AndroidUiautomator2Driver@39a9]&amp#27;[0m Proxying [GET /appium/device/system_bars] to [GET http://127.0.0.1:8201/session/ec7f02c8-611e-4baa-8ade-106c89ae9366/appium/device/system_bars] with no body
&amp#27;[38;5;64m[eb4da930]&amp#27;[0m&amp#27;[38;5;-175m[AndroidUiautomator2Driver@39a9]&amp#27;[0m Matched '/window/current/size' to command name 'getWindowSize'
&amp#27;[38;5;64m[eb4da930]&amp#27;[0m&amp#27;[38;5;-175m[AndroidUiautomator2Driver@39a9]&amp#27;[0m Proxying [GET /window/current/size] to [GET http://127.0.0.1:8201/session/ec7f02c8-611e-4baa-8ade-106c89ae9366/window/current/size] with no body
&amp#27;[38;5;64m[eb4da930]&amp#27;[0m&amp#27;[38;5;-175m[AndroidUiautomator2Driver@39a9]&amp#27;[0m Proxying [GET /appium/device/info] to [GET http://127.0.0.1:8201/session/ec7f02c8-611e-4baa-8ade-106c89ae9366/appium/device/info] with no body
&amp#27;[38;5;64m[eb4da930]&amp#27;[0m&amp#27;[38;5;229m[ADB]&amp#27;[0m Running 'C:\Users\sajus\AppData\Local\Android\Sdk\platform-tools\adb.exe -P 5037 -s R3CRC00KHBT shell dumpsys window'
&amp#27;[38;5;64m[eb4da930]&amp#27;[0m&amp#27;[38;5;229m[ADB]&amp#27;[0m Running 'C:\Users\sajus\AppData\Local\Android\Sdk\platform-tools\adb.exe -P 5037 -s R3CRC00KHBT shell dumpsys power'
&amp#27;[38;5;64m[eb4da930]&amp#27;[0m&amp#27;[38;5;-175m[AndroidUiautomator2Driver@39a9]&amp#27;[0m Got response with status 200: {"sessionId":"ec7f02c8-611e-4baa-8ade-106c89ae9366","value":3}
&amp#27;[38;5;64m[eb4da930]&amp#27;[0m&amp#27;[38;5;-175m[AndroidUiautomator2Driver@39a9]&amp#27;[0m Got response with status 200: {"sessionId":"ec7f02c8-611e-4baa-8ade-106c89ae9366","value":{"height":2400,"width":1080}}
&amp#27;[38;5;64m[eb4da930]&amp#27;[0m&amp#27;[38;5;-175m[AndroidUiautomator2Driver@39a9]&amp#27;[0m Got response with status 200: {"sessionId":"ec7f02c8-611e-4baa-8ade-106c89ae9366","value":{"statusBar":80}}
&amp#27;[38;5;64m[eb4da930]&amp#27;[0m&amp#27;[38;5;-175m[AndroidUiautomator2Driver@39a9]&amp#27;[0m Got response with status 200: {"sessionId":"ec7f02c8-611e-4baa-8ade-106c89ae9366","value":{"androidId":"f27012414286a658","apiVersion":"35","bluetooth":{"state":"ON"},"brand":"samsung","carrierName":"","displayDensity":480,"locale":"en_CA","manufacturer":"samsung","model":"SM-G991W","networks":[{"capabilities":{"SSID":null,"linkDownBandwidthKbps":282299,"linkUpstreamBandwidthKbps":1421,"networkCapabilities":"NET_CAPABILITY_NOT_METERED,NET_CAPABILITY_INTERNET,NET_CAPABILITY_NOT_RESTRICTED,NET_CAPABILITY_TRUSTED,NET_CAPABILITY_NOT_VPN,NET_CAPABILITY_VALIDATED,NET_CAPABILITY_NOT_ROAMING,NET_CAPABILITY_FOREGROUND,NET_CAPABILITY_NOT_CONGESTED,NET_CAPABILITY_NOT_SUSPENDED","signalStrength":-51,"transportTypes":"TRANSPORT_WIFI"},"detailedState":"CONNECTED","extraInfo":"","isAvailable":true,"isConnected":true,"isFailover":false,"isRoaming":false,"state":"CONNECTED","subtype":-1,"subtypeName":"","type":1,"typeName":"WIFI"}],"platformVersion":"15","realDisplaySize":"1080x2400","timeZone":"America/New_York"}}
&amp#27;[38;5;64m[eb4da930]&amp#27;[0m&amp#27;[38;5;-175m[AndroidUiautomator2Driver@39a9]&amp#27;[0m Screen already unlocked, doing nothing
&amp#27;[38;5;64m[eb4da930]&amp#27;[0m&amp#27;[38;5;-175m[AndroidUiautomator2Driver@39a9]&amp#27;[0m Starting 'com.androidsample.generalstore/com.androidsample.generalstore.SplashActivity' and waiting for 'com.androidsample.generalstore/com.androidsample.generalstore.SplashActivity'
&amp#27;[38;5;64m[eb4da930]&amp#27;[0m&amp#27;[38;5;229m[ADB]&amp#27;[0m Getting IDs of all 'com.androidsample.generalstore' processes
&amp#27;[38;5;64m[eb4da930]&amp#27;[0m&amp#27;[38;5;229m[ADB]&amp#27;[0m Running 'C:\Users\sajus\AppData\Local\Android\Sdk\platform-tools\adb.exe -P 5037 -s R3CRC00KHBT shell 'pgrep --help; echo $?''
&amp#27;[38;5;64m[eb4da930]&amp#27;[0m&amp#27;[38;5;229m[ADB]&amp#27;[0m Running 'C:\Users\sajus\AppData\Local\Android\Sdk\platform-tools\adb.exe -P 5037 -s R3CRC00KHBT shell pgrep -f \(\[\[:blank:\]\]\|\^\)com\.androidsample\.generalstore\(:\[a-zA-Z0-9_-\]\+\)\?\(\[\[:blank:\]\]\|\$\)'
&amp#27;[38;5;220m[a4efe9ae]&amp#27;[0m&amp#27;[38;5;17m[AndroidUiautomator2Driver@9eac]&amp#27;[0m [Instrumentation] 
&amp#27;[38;5;64m[eb4da930]&amp#27;[0m&amp#27;[38;5;229m[ADB]&amp#27;[0m Running 'C:\Users\sajus\AppData\Local\Android\Sdk\platform-tools\adb.exe -P 5037 -s R3CRC00KHBT shell am start-activity -W -n com.androidsample.generalstore/com.androidsample.generalstore.SplashActivity -S -a android.intent.action.MAIN -c android.intent.category.LAUNCHER -f 0x10200000'
&amp#27;[38;5;220m[a4efe9ae]&amp#27;[0m&amp#27;[38;5;17m[AndroidUiautomator2Driver@9eac]&amp#27;[0m Matched '/status' to command name 'getStatus'
&amp#27;[38;5;220m[a4efe9ae]&amp#27;[0m&amp#27;[38;5;17m[AndroidUiautomator2Driver@9eac]&amp#27;[0m Proxying [GET /status] to [GET http://127.0.0.1:8200/status] with no body
&amp#27;[38;5;220m[a4efe9ae]&amp#27;[0m&amp#27;[38;5;17m[AndroidUiautomator2Driver@9eac]&amp#27;[0m Got response with status 200: {"sessionId":"None","value":{"message":"UiAutomator2 Server is ready to accept commands","ready":true}}
&amp#27;[38;5;220m[a4efe9ae]&amp#27;[0m&amp#27;[38;5;17m[AndroidUiautomator2Driver@9eac]&amp#27;[0m The initialization of the instrumentation process took 2210ms
&amp#27;[38;5;220m[a4efe9ae]&amp#27;[0m&amp#27;[38;5;17m[AndroidUiautomator2Driver@9eac]&amp#27;[0m Matched '/session' to command name 'createSession'
&amp#27;[38;5;220m[a4efe9ae]&amp#27;[0m&amp#27;[38;5;17m[AndroidUiautomator2Driver@9eac]&amp#27;[0m Proxying [POST /session] to [POST http://127.0.0.1:8200/session] with body: {"capabilities":{"firstMatch":[{"platformName":"ANDROID","appActivity":"com.androidsample.generalstore.SplashActivity","appPackage":"com.androidsample.generalstore","automationName":"UiAutomator2","deviceName":"CTLID18120801016","noReset":true,"platformVersion":"11.0","systemPort":8200,"udid":"CTLID18120801016","platform":"LINUX","webStorageEnabled":false,"takesScreenshot":true,"javascriptEnabled":true,"databaseEnabled":false,"networkConnectionEnabled":true,"locationContextEnabled":false,"warnings":{},"desired":{"platformName":"ANDROID","appActivity":"com.androidsample.generalstore.SplashActivity","appPackage":"com.androidsample.generalstore","automationName":"UiAutomator2","deviceName":"Nokia","noReset":true,"platformVersion":"11.0","systemPort":8200,"udid":"CTLID18120801016"},"deviceUDID":"CTLID18120801016"}],"alwaysMatch":{}}}
&amp#27;[38;5;220m[a4efe9ae]&amp#27;[0m&amp#27;[38;5;17m[AndroidUiautomator2Driver@9eac]&amp#27;[0m Got response with status 200: {"sessionId":"63865314-8840-4edf-8419-44a24e5c22f3","value":{"capabilities":{"firstMatch":[{"platformName":"ANDROID","appActivity":"com.androidsample.generalstore.SplashActivity","appPackage":"com.androidsample.generalstore","automationName":"UiAutomator2","deviceName":"CTLID18120801016","noReset":true,"platformVersion":"11.0","systemPort":8200,"udid":"CTLID18120801016","platform":"LINUX","webStorageEnabled":false,"takesScreenshot":true,"javascriptEnabled":true,"databaseEnabled":false,"networkConnectionEnabled":true,"locationContextEnabled":false,"warnings":{},"desired":{"platformName":"ANDROID","appActivity":"com.androidsample.generalstore.SplashActivity","appPackage":"com.androidsample.generalstore","automationName":"UiAutomator2","deviceName":"Nokia","noReset":true,"platformVersion":"11.0","systemPort":8200,"udid":"CTLID18120801016"},"deviceUDID":"CTLID18120801016"}],"alwaysMatch":{}},"sessionId":"63865314-8840-4edf-8419-44a24e5c22f3"}}
&amp#27;[38;5;220m[a4efe9ae]&amp#27;[0m&amp#27;[38;5;17m[AndroidUiautomator2Driver@9eac]&amp#27;[0m Determined the downstream protocol as 'W3C'
&amp#27;[38;5;220m[a4efe9ae]&amp#27;[0m&amp#27;[38;5;17m[AndroidUiautomator2Driver@9eac]&amp#27;[0m Proxying [GET /appium/device/pixel_ratio] to [GET http://127.0.0.1:8200/session/63865314-8840-4edf-8419-44a24e5c22f3/appium/device/pixel_ratio] with no body
&amp#27;[38;5;220m[a4efe9ae]&amp#27;[0m&amp#27;[38;5;17m[AndroidUiautomator2Driver@9eac]&amp#27;[0m Matched '/appium/device/system_bars' to command name 'getSystemBars'
&amp#27;[38;5;220m[a4efe9ae]&amp#27;[0m&amp#27;[38;5;17m[AndroidUiautomator2Driver@9eac]&amp#27;[0m Proxying [GET /appium/device/system_bars] to [GET http://127.0.0.1:8200/session/63865314-8840-4edf-8419-44a24e5c22f3/appium/device/system_bars] with no body
&amp#27;[38;5;220m[a4efe9ae]&amp#27;[0m&amp#27;[38;5;17m[AndroidUiautomator2Driver@9eac]&amp#27;[0m Matched '/window/current/size' to command name 'getWindowSize'
&amp#27;[38;5;220m[a4efe9ae]&amp#27;[0m&amp#27;[38;5;17m[AndroidUiautomator2Driver@9eac]&amp#27;[0m Proxying [GET /window/current/size] to [GET http://127.0.0.1:8200/session/63865314-8840-4edf-8419-44a24e5c22f3/window/current/size] with no body
&amp#27;[38;5;220m[a4efe9ae]&amp#27;[0m&amp#27;[38;5;17m[AndroidUiautomator2Driver@9eac]&amp#27;[0m Proxying [GET /appium/device/info] to [GET http://127.0.0.1:8200/session/63865314-8840-4edf-8419-44a24e5c22f3/appium/device/info] with no body
&amp#27;[38;5;220m[a4efe9ae]&amp#27;[0m&amp#27;[38;5;229m[ADB]&amp#27;[0m Running 'C:\Users\sajus\AppData\Local\Android\Sdk\platform-tools\adb.exe -P 5037 -s CTLID18120801016 shell dumpsys window'
&amp#27;[38;5;64m[eb4da930]&amp#27;[0m&amp#27;[38;5;103m[AppiumDriver@5d82]&amp#27;[0m New AndroidUiautomator2Driver session created successfully, session eb4da930-970d-49aa-857d-f2bc443b9da7 added to master session list
&amp#27;[38;5;64m[eb4da930]&amp#27;[0m&amp#27;[38;5;103m[AppiumDriver@5d82]&amp#27;[0m Event 'newSessionStarted' logged at 1750203334472 (19:35:34 GMT-0400 (Eastern Daylight Saving Time))
&amp#27;[38;5;64m[eb4da930]&amp#27;[0m&amp#27;[38;5;-175m[AndroidUiautomator2Driver@39a9]&amp#27;[0m Cached the protocol value 'W3C' for the new session eb4da930-970d-49aa-857d-f2bc443b9da7
&amp#27;[38;5;64m[eb4da930]&amp#27;[0m&amp#27;[38;5;-175m[AndroidUiautomator2Driver@39a9]&amp#27;[0m Responding to client with driver.createSession() result: {"capabilities":{"platformName":"ANDROID","appActivity":"com.androidsample.generalstore.SplashActivity","appPackage":"com.androidsample.generalstore","automationName":"UiAutomator2","deviceName":"R3CRC00KHBT","noReset":true,"platformVersion":"15","systemPort":8201,"udid":"R3CRC00KHBT","platform":"LINUX","webStorageEnabled":false,"takesScreenshot":true,"javascriptEnabled":true,"databaseEnabled":false,"networkConnectionEnabled":true,"locationContextEnabled":false,"warnings":{},"desired":{"platformName":"ANDROID","appActivity":"com.androidsample.generalstore.SplashActivity","appPackage":"com.androidsample.generalstore","automationName":"UiAutomator2","deviceName":"Samsung_Galaxy_S21","noReset":true,"platformVersion":"10.0","systemPort":8201,"udid":"R3CRC00KHBT"},"deviceUDID":"R3CRC00KHBT","pixelRatio":"3","statBarHeight":80,"viewportRect":{"left":0,"top":80,"width":1080,"height":2320},"deviceApiLevel":35,"deviceManufacturer":"samsung","deviceModel":"SM-G991W","deviceScreenSize":"1080x2400","deviceScreenDensit...
&amp#27;[38;5;64m[eb4da930]&amp#27;[0m&amp#27;[38;5;86m[HTTP]&amp#27;[0m &amp#27;[37m<-- POST /session &amp#27;[39m&amp#27;[32m200&amp#27;[39m &amp#27;[90m4283 ms - 1090&amp#27;[39m &amp#27;[90m&amp#27;[39m
&amp#27;[38;5;220m[a4efe9ae]&amp#27;[0m&amp#27;[38;5;229m[ADB]&amp#27;[0m Running 'C:\Users\sajus\AppData\Local\Android\Sdk\platform-tools\adb.exe -P 5037 -s CTLID18120801016 shell dumpsys power'
&amp#27;[38;5;220m[a4efe9ae]&amp#27;[0m&amp#27;[38;5;17m[AndroidUiautomator2Driver@9eac]&amp#27;[0m Got response with status 200: {"sessionId":"63865314-8840-4edf-8419-44a24e5c22f3","value":2.625}
&amp#27;[38;5;220m[a4efe9ae]&amp#27;[0m&amp#27;[38;5;17m[AndroidUiautomator2Driver@9eac]&amp#27;[0m Got response with status 200: {"sessionId":"63865314-8840-4edf-8419-44a24e5c22f3","value":{"statusBar":89}}
&amp#27;[38;5;220m[a4efe9ae]&amp#27;[0m&amp#27;[38;5;17m[AndroidUiautomator2Driver@9eac]&amp#27;[0m Got response with status 200: {"sessionId":"63865314-8840-4edf-8419-44a24e5c22f3","value":{"height":2280,"width":1080}}
&amp#27;[38;5;220m[a4efe9ae]&amp#27;[0m&amp#27;[38;5;17m[AndroidUiautomator2Driver@9eac]&amp#27;[0m Got response with status 200: {"sessionId":"63865314-8840-4edf-8419-44a24e5c22f3","value":{"androidId":"7be9e4e610cc4454","apiVersion":"29","bluetooth":{"state":"OFF"},"brand":"Nokia","carrierName":"","displayDensity":420,"locale":"en_IN","manufacturer":"HMD Global","model":"Nokia 7.1","networks":[{"capabilities":{"SSID":null,"linkDownBandwidthKbps":1048576,"linkUpstreamBandwidthKbps":1048576,"networkCapabilities":"NET_CAPABILITY_NOT_METERED,NET_CAPABILITY_INTERNET,NET_CAPABILITY_NOT_RESTRICTED,NET_CAPABILITY_TRUSTED,NET_CAPABILITY_NOT_VPN,NET_CAPABILITY_VALIDATED,NET_CAPABILITY_NOT_ROAMING,NET_CAPABILITY_FOREGROUND,NET_CAPABILITY_NOT_CONGESTED,NET_CAPABILITY_NOT_SUSPENDED","signalStrength":-54,"transportTypes":"TRANSPORT_WIFI"},"detailedState":"CONNECTED","extraInfo":null,"isAvailable":true,"isConnected":true,"isFailover":false,"isRoaming":false,"state":"CONNECTED","subtype":0,"subtypeName":"","type":1,"typeName":"WIFI"}],"platformVersion":"10","realDisplaySize":"1080x2280","timeZone":"America/Toronto"}}
&amp#27;[38;5;220m[a4efe9ae]&amp#27;[0m&amp#27;[38;5;17m[AndroidUiautomator2Driver@9eac]&amp#27;[0m Screen already unlocked, doing nothing
&amp#27;[38;5;220m[a4efe9ae]&amp#27;[0m&amp#27;[38;5;17m[AndroidUiautomator2Driver@9eac]&amp#27;[0m Starting 'com.androidsample.generalstore/com.androidsample.generalstore.SplashActivity' and waiting for 'com.androidsample.generalstore/com.androidsample.generalstore.SplashActivity'
&amp#27;[38;5;220m[a4efe9ae]&amp#27;[0m&amp#27;[38;5;229m[ADB]&amp#27;[0m Getting IDs of all 'com.androidsample.generalstore' processes
&amp#27;[38;5;220m[a4efe9ae]&amp#27;[0m&amp#27;[38;5;229m[ADB]&amp#27;[0m Running 'C:\Users\sajus\AppData\Local\Android\Sdk\platform-tools\adb.exe -P 5037 -s CTLID18120801016 shell 'pgrep --help; echo $?''
Device: Samsung_Galaxy_S21
&amp#27;[38;5;64m[eb4da930]&amp#27;[0m&amp#27;[38;5;86m[HTTP]&amp#27;[0m &amp#27;[37m-->&amp#27;[39m &amp#27;[37mPOST&amp#27;[39m &amp#27;[37m/session/eb4da930-970d-49aa-857d-f2bc443b9da7/execute/sync&amp#27;[39m &amp#27;[90m{"script":"mobile: getCurrentActivity","args":[]}&amp#27;[39m
&amp#27;[38;5;64m[eb4da930]&amp#27;[0m&amp#27;[38;5;-175m[AndroidUiautomator2Driver@39a9]&amp#27;[0m Calling AppiumDriver.execute() with args: ["mobile: getCurrentActivity",[],"eb4da930-970d-49aa-857d-f2bc443b9da7"]
&amp#27;[38;5;64m[eb4da930]&amp#27;[0m&amp#27;[38;5;229m[ADB]&amp#27;[0m Getting focused package and activity
&amp#27;[38;5;64m[eb4da930]&amp#27;[0m&amp#27;[38;5;229m[ADB]&amp#27;[0m Running 'C:\Users\sajus\AppData\Local\Android\Sdk\platform-tools\adb.exe -P 5037 -s R3CRC00KHBT shell dumpsys window displays'
&amp#27;[38;5;220m[a4efe9ae]&amp#27;[0m&amp#27;[38;5;229m[ADB]&amp#27;[0m Running 'C:\Users\sajus\AppData\Local\Android\Sdk\platform-tools\adb.exe -P 5037 -s CTLID18120801016 shell pgrep -f \(\[\[:blank:\]\]\|\^\)com\.androidsample\.generalstore\(:\[a-zA-Z0-9_-\]\+\)\?\(\[\[:blank:\]\]\|\$\)'
&amp#27;[38;5;64m[eb4da930]&amp#27;[0m&amp#27;[38;5;-175m[AndroidUiautomator2Driver@39a9]&amp#27;[0m Responding to client with driver.execute() result: ".SplashActivity"
&amp#27;[38;5;64m[eb4da930]&amp#27;[0m&amp#27;[38;5;86m[HTTP]&amp#27;[0m &amp#27;[37m<-- POST /session/eb4da930-970d-49aa-857d-f2bc443b9da7/execute/sync &amp#27;[39m&amp#27;[32m200&amp#27;[39m &amp#27;[90m98 ms - 27&amp#27;[39m &amp#27;[90m&amp#27;[39m
Current Activity: .SplashActivity
&amp#27;[38;5;220m[a4efe9ae]&amp#27;[0m&amp#27;[38;5;229m[ADB]&amp#27;[0m Running 'C:\Users\sajus\AppData\Local\Android\Sdk\platform-tools\adb.exe -P 5037 -s CTLID18120801016 shell am start-activity -W -n com.androidsample.generalstore/com.androidsample.generalstore.SplashActivity -S -a android.intent.action.MAIN -c android.intent.category.LAUNCHER -f 0x10200000'
&amp#27;[38;5;220m[a4efe9ae]&amp#27;[0m&amp#27;[38;5;178m[AppiumDriver@314d]&amp#27;[0m New AndroidUiautomator2Driver session created successfully, session a4efe9ae-43e2-459e-a770-e06f851e8a61 added to master session list
&amp#27;[38;5;220m[a4efe9ae]&amp#27;[0m&amp#27;[38;5;178m[AppiumDriver@314d]&amp#27;[0m Event 'newSessionStarted' logged at 1750203335474 (19:35:35 GMT-0400 (Eastern Daylight Saving Time))
&amp#27;[38;5;220m[a4efe9ae]&amp#27;[0m&amp#27;[38;5;17m[AndroidUiautomator2Driver@9eac]&amp#27;[0m Cached the protocol value 'W3C' for the new session a4efe9ae-43e2-459e-a770-e06f851e8a61
&amp#27;[38;5;220m[a4efe9ae]&amp#27;[0m&amp#27;[38;5;17m[AndroidUiautomator2Driver@9eac]&amp#27;[0m Responding to client with driver.createSession() result: {"capabilities":{"platformName":"ANDROID","appActivity":"com.androidsample.generalstore.SplashActivity","appPackage":"com.androidsample.generalstore","automationName":"UiAutomator2","deviceName":"CTLID18120801016","noReset":true,"platformVersion":"10","systemPort":8200,"udid":"CTLID18120801016","platform":"LINUX","webStorageEnabled":false,"takesScreenshot":true,"javascriptEnabled":true,"databaseEnabled":false,"networkConnectionEnabled":true,"locationContextEnabled":false,"warnings":{},"desired":{"platformName":"ANDROID","appActivity":"com.androidsample.generalstore.SplashActivity","appPackage":"com.androidsample.generalstore","automationName":"UiAutomator2","deviceName":"Nokia","noReset":true,"platformVersion":"11.0","systemPort":8200,"udid":"CTLID18120801016"},"deviceUDID":"CTLID18120801016","pixelRatio":"2.625","statBarHeight":89,"viewportRect":{"left":0,"top":89,"width":1080,"height":2191},"deviceApiLevel":29,"deviceManufacturer":"HMD Global","deviceModel":"Nokia 7.1","deviceScreenSize":"1080x2280","dev...
&amp#27;[38;5;220m[a4efe9ae]&amp#27;[0m&amp#27;[38;5;86m[HTTP]&amp#27;[0m &amp#27;[37m<-- POST /session &amp#27;[39m&amp#27;[32m200&amp#27;[39m &amp#27;[90m5284 ms - 1105&amp#27;[39m &amp#27;[90m&amp#27;[39m
Device: Nokia
&amp#27;[38;5;220m[a4efe9ae]&amp#27;[0m&amp#27;[38;5;86m[HTTP]&amp#27;[0m &amp#27;[37m-->&amp#27;[39m &amp#27;[37mPOST&amp#27;[39m &amp#27;[37m/session/a4efe9ae-43e2-459e-a770-e06f851e8a61/execute/sync&amp#27;[39m &amp#27;[90m{"script":"mobile: getCurrentActivity","args":[]}&amp#27;[39m
&amp#27;[38;5;220m[a4efe9ae]&amp#27;[0m&amp#27;[38;5;17m[AndroidUiautomator2Driver@9eac]&amp#27;[0m Calling AppiumDriver.execute() with args: ["mobile: getCurrentActivity",[],"a4efe9ae-43e2-459e-a770-e06f851e8a61"]
&amp#27;[38;5;220m[a4efe9ae]&amp#27;[0m&amp#27;[38;5;229m[ADB]&amp#27;[0m Getting focused package and activity
&amp#27;[38;5;220m[a4efe9ae]&amp#27;[0m&amp#27;[38;5;229m[ADB]&amp#27;[0m Running 'C:\Users\sajus\AppData\Local\Android\Sdk\platform-tools\adb.exe -P 5037 -s CTLID18120801016 shell dumpsys window displays'
&amp#27;[38;5;220m[a4efe9ae]&amp#27;[0m&amp#27;[38;5;17m[AndroidUiautomator2Driver@9eac]&amp#27;[0m Responding to client with driver.execute() result: ".SplashActivity"
&amp#27;[38;5;220m[a4efe9ae]&amp#27;[0m&amp#27;[38;5;86m[HTTP]&amp#27;[0m &amp#27;[37m<-- POST /session/a4efe9ae-43e2-459e-a770-e06f851e8a61/execute/sync &amp#27;[39m&amp#27;[32m200&amp#27;[39m &amp#27;[90m105 ms - 27&amp#27;[39m &amp#27;[90m&amp#27;[39m
Current Activity: .SplashActivity
&amp#27;[38;5;64m[eb4da930]&amp#27;[0m&amp#27;[38;5;86m[HTTP]&amp#27;[0m &amp#27;[37m-->&amp#27;[39m &amp#27;[37mPOST&amp#27;[39m &amp#27;[37m/session/eb4da930-970d-49aa-857d-f2bc443b9da7/element&amp#27;[39m &amp#27;[90m{"using":"id","value":"com.androidsample.generalstore:id/btnLetsShop"}&amp#27;[39m
&amp#27;[38;5;64m[eb4da930]&amp#27;[0m&amp#27;[38;5;-175m[AndroidUiautomator2Driver@39a9]&amp#27;[0m Calling AppiumDriver.findElement() with args: ["id","com.androidsample.generalstore:id/btnLetsShop","eb4da930-970d-49aa-857d-f2bc443b9da7"]
&amp#27;[38;5;64m[eb4da930]&amp#27;[0m&amp#27;[38;5;-175m[AndroidUiautomator2Driver@39a9]&amp#27;[0m Valid locator strategies for this request: xpath, id, class name, accessibility id, css selector, -android uiautomator
&amp#27;[38;5;64m[eb4da930]&amp#27;[0m&amp#27;[38;5;-175m[AndroidUiautomator2Driver@39a9]&amp#27;[0m Waiting up to 0 ms for condition
&amp#27;[38;5;64m[eb4da930]&amp#27;[0m&amp#27;[38;5;-175m[AndroidUiautomator2Driver@39a9]&amp#27;[0m Matched '/element' to command name 'findElement'
&amp#27;[38;5;64m[eb4da930]&amp#27;[0m&amp#27;[38;5;-175m[AndroidUiautomator2Driver@39a9]&amp#27;[0m Proxying [POST /element] to [POST http://127.0.0.1:8201/session/ec7f02c8-611e-4baa-8ade-106c89ae9366/element] with body: {"strategy":"id","selector":"com.androidsample.generalstore:id/btnLetsShop","context":"","multiple":false}
&amp#27;[38;5;64m[eb4da930]&amp#27;[0m&amp#27;[38;5;-175m[AndroidUiautomator2Driver@39a9]&amp#27;[0m Got response with status 200: {"sessionId":"ec7f02c8-611e-4baa-8ade-106c89ae9366","value":{"ELEMENT":"00000000-0000-0e78-ffff-ffff00000021","element-6066-11e4-a52e-4f735466cecf":"00000000-0000-0e78-ffff-ffff00000021"}}
&amp#27;[38;5;64m[eb4da930]&amp#27;[0m&amp#27;[38;5;-175m[AndroidUiautomator2Driver@39a9]&amp#27;[0m Responding to client with driver.findElement() result: {"element-6066-11e4-a52e-4f735466cecf":"00000000-0000-0e78-ffff-ffff00000021","ELEMENT":"00000000-0000-0e78-ffff-ffff00000021"}
&amp#27;[38;5;64m[eb4da930]&amp#27;[0m&amp#27;[38;5;86m[HTTP]&amp#27;[0m &amp#27;[37m<-- POST /session/eb4da930-970d-49aa-857d-f2bc443b9da7/element &amp#27;[39m&amp#27;[32m200&amp#27;[39m &amp#27;[90m65 ms - 137&amp#27;[39m &amp#27;[90m&amp#27;[39m
&amp#27;[38;5;64m[eb4da930]&amp#27;[0m&amp#27;[38;5;86m[HTTP]&amp#27;[0m &amp#27;[37m-->&amp#27;[39m &amp#27;[37mPOST&amp#27;[39m &amp#27;[37m/session/eb4da930-970d-49aa-857d-f2bc443b9da7/element/00000000-0000-0e78-ffff-ffff00000021/click&amp#27;[39m &amp#27;[90m{"id":"00000000-0000-0e78-ffff-ffff00000021"}&amp#27;[39m
&amp#27;[38;5;64m[eb4da930]&amp#27;[0m&amp#27;[38;5;-175m[AndroidUiautomator2Driver@39a9]&amp#27;[0m Calling AppiumDriver.click() with args: ["00000000-0000-0e78-ffff-ffff00000021","eb4da930-970d-49aa-857d-f2bc443b9da7"]
&amp#27;[38;5;64m[eb4da930]&amp#27;[0m&amp#27;[38;5;-175m[AndroidUiautomator2Driver@39a9]&amp#27;[0m Matched '/element/00000000-0000-0e78-ffff-ffff00000021/click' to command name 'click'
&amp#27;[38;5;64m[eb4da930]&amp#27;[0m&amp#27;[38;5;-175m[AndroidUiautomator2Driver@39a9]&amp#27;[0m Proxying [POST /element/00000000-0000-0e78-ffff-ffff00000021/click] to [POST http://127.0.0.1:8201/session/ec7f02c8-611e-4baa-8ade-106c89ae9366/element/00000000-0000-0e78-ffff-ffff00000021/click] with body: {"element":"00000000-0000-0e78-ffff-ffff00000021"}
&amp#27;[38;5;64m[eb4da930]&amp#27;[0m&amp#27;[38;5;-175m[AndroidUiautomator2Driver@39a9]&amp#27;[0m Got response with status 200: {"sessionId":"ec7f02c8-611e-4baa-8ade-106c89ae9366","value":null}
&amp#27;[38;5;64m[eb4da930]&amp#27;[0m&amp#27;[38;5;-175m[AndroidUiautomator2Driver@39a9]&amp#27;[0m Responding to client with driver.click() result: null
&amp#27;[38;5;64m[eb4da930]&amp#27;[0m&amp#27;[38;5;86m[HTTP]&amp#27;[0m &amp#27;[37m<-- POST /session/eb4da930-970d-49aa-857d-f2bc443b9da7/element/00000000-0000-0e78-ffff-ffff00000021/click &amp#27;[39m&amp#27;[32m200&amp#27;[39m &amp#27;[90m92 ms - 14&amp#27;[39m &amp#27;[90m&amp#27;[39m
&amp#27;[38;5;64m[eb4da930]&amp#27;[0m&amp#27;[38;5;86m[HTTP]&amp#27;[0m &amp#27;[37m-->&amp#27;[39m &amp#27;[37mPOST&amp#27;[39m &amp#27;[37m/session/eb4da930-970d-49aa-857d-f2bc443b9da7/element&amp#27;[39m &amp#27;[90m{"using":"xpath","value":"//android.widget.Toast[@text='Please enter your name']"}&amp#27;[39m
&amp#27;[38;5;64m[eb4da930]&amp#27;[0m&amp#27;[38;5;-175m[AndroidUiautomator2Driver@39a9]&amp#27;[0m Calling AppiumDriver.findElement() with args: ["xpath","//android.widget.Toast[@text='Please enter your name']","eb4da930-970d-49aa-857d-f2bc443b9da7"]
&amp#27;[38;5;64m[eb4da930]&amp#27;[0m&amp#27;[38;5;-175m[AndroidUiautomator2Driver@39a9]&amp#27;[0m Valid locator strategies for this request: xpath, id, class name, accessibility id, css selector, -android uiautomator
&amp#27;[38;5;64m[eb4da930]&amp#27;[0m&amp#27;[38;5;-175m[AndroidUiautomator2Driver@39a9]&amp#27;[0m Waiting up to 0 ms for condition
&amp#27;[38;5;64m[eb4da930]&amp#27;[0m&amp#27;[38;5;-175m[AndroidUiautomator2Driver@39a9]&amp#27;[0m Matched '/element' to command name 'findElement'
&amp#27;[38;5;64m[eb4da930]&amp#27;[0m&amp#27;[38;5;-175m[AndroidUiautomator2Driver@39a9]&amp#27;[0m Proxying [POST /element] to [POST http://127.0.0.1:8201/session/ec7f02c8-611e-4baa-8ade-106c89ae9366/element] with body: {"strategy":"xpath","selector":"//android.widget.Toast[@text='Please enter your name']","context":"","multiple":false}
&amp#27;[38;5;64m[eb4da930]&amp#27;[0m&amp#27;[38;5;-175m[AndroidUiautomator2Driver@39a9]&amp#27;[0m Got response with status 200: {"sessionId":"ec7f02c8-611e-4baa-8ade-106c89ae9366","value":{"ELEMENT":"b40039c9-5a8a-4a7c-ae9e-001573666e8b","element-6066-11e4-a52e-4f735466cecf":"b40039c9-5a8a-4a7c-ae9e-001573666e8b"}}
&amp#27;[38;5;64m[eb4da930]&amp#27;[0m&amp#27;[38;5;-175m[AndroidUiautomator2Driver@39a9]&amp#27;[0m Responding to client with driver.findElement() result: {"element-6066-11e4-a52e-4f735466cecf":"b40039c9-5a8a-4a7c-ae9e-001573666e8b","ELEMENT":"b40039c9-5a8a-4a7c-ae9e-001573666e8b"}
&amp#27;[38;5;64m[eb4da930]&amp#27;[0m&amp#27;[38;5;86m[HTTP]&amp#27;[0m &amp#27;[37m<-- POST /session/eb4da930-970d-49aa-857d-f2bc443b9da7/element &amp#27;[39m&amp#27;[32m200&amp#27;[39m &amp#27;[90m224 ms - 137&amp#27;[39m &amp#27;[90m&amp#27;[39m
&amp#27;[38;5;64m[eb4da930]&amp#27;[0m&amp#27;[38;5;86m[HTTP]&amp#27;[0m &amp#27;[37m-->&amp#27;[39m &amp#27;[37mGET&amp#27;[39m &amp#27;[37m/session/eb4da930-970d-49aa-857d-f2bc443b9da7/element/b40039c9-5a8a-4a7c-ae9e-001573666e8b/text&amp#27;[39m &amp#27;[90m{}&amp#27;[39m
&amp#27;[38;5;64m[eb4da930]&amp#27;[0m&amp#27;[38;5;-175m[AndroidUiautomator2Driver@39a9]&amp#27;[0m Driver proxy active, passing request on via HTTP proxy
&amp#27;[38;5;64m[eb4da930]&amp#27;[0m&amp#27;[38;5;-175m[AndroidUiautomator2Driver@39a9]&amp#27;[0m Matched '/session/eb4da930-970d-49aa-857d-f2bc443b9da7/element/b40039c9-5a8a-4a7c-ae9e-001573666e8b/text' to command name 'getText'
&amp#27;[38;5;64m[eb4da930]&amp#27;[0m&amp#27;[38;5;-175m[AndroidUiautomator2Driver@39a9]&amp#27;[0m Proxying [GET /session/eb4da930-970d-49aa-857d-f2bc443b9da7/element/b40039c9-5a8a-4a7c-ae9e-001573666e8b/text] to [GET http://127.0.0.1:8201/session/ec7f02c8-611e-4baa-8ade-106c89ae9366/element/b40039c9-5a8a-4a7c-ae9e-001573666e8b/text] with no body
&amp#27;[38;5;64m[eb4da930]&amp#27;[0m&amp#27;[38;5;-175m[AndroidUiautomator2Driver@39a9]&amp#27;[0m Got response with status 200: {"sessionId":"ec7f02c8-611e-4baa-8ade-106c89ae9366","value":"Please enter your name"}
&amp#27;[38;5;64m[eb4da930]&amp#27;[0m&amp#27;[38;5;-175m[AndroidUiautomator2Driver@39a9]&amp#27;[0m Replacing sessionId ec7f02c8-611e-4baa-8ade-106c89ae9366 with eb4da930-970d-49aa-857d-f2bc443b9da7
&amp#27;[38;5;64m[eb4da930]&amp#27;[0m&amp#27;[38;5;86m[HTTP]&amp#27;[0m &amp#27;[37m<-- GET /session/eb4da930-970d-49aa-857d-f2bc443b9da7/element/b40039c9-5a8a-4a7c-ae9e-001573666e8b/text &amp#27;[39m&amp#27;[32m200&amp#27;[39m &amp#27;[90m304 ms - 85&amp#27;[39m &amp#27;[90m&amp#27;[39m
Please enter your name
&amp#27;[38;5;64m[eb4da930]&amp#27;[0m&amp#27;[38;5;86m[HTTP]&amp#27;[0m &amp#27;[37m-->&amp#27;[39m &amp#27;[37mGET&amp#27;[39m &amp#27;[37m/session/eb4da930-970d-49aa-857d-f2bc443b9da7/screenshot&amp#27;[39m &amp#27;[90m{}&amp#27;[39m
&amp#27;[38;5;64m[eb4da930]&amp#27;[0m&amp#27;[38;5;-175m[AndroidUiautomator2Driver@39a9]&amp#27;[0m Calling AppiumDriver.getScreenshot() with args: ["eb4da930-970d-49aa-857d-f2bc443b9da7"]
&amp#27;[38;5;64m[eb4da930]&amp#27;[0m&amp#27;[38;5;-175m[AndroidUiautomator2Driver@39a9]&amp#27;[0m Matched '/screenshot' to command name 'getScreenshot'
&amp#27;[38;5;64m[eb4da930]&amp#27;[0m&amp#27;[38;5;-175m[AndroidUiautomator2Driver@39a9]&amp#27;[0m Proxying [GET /screenshot] to [GET http://127.0.0.1:8201/session/ec7f02c8-611e-4baa-8ade-106c89ae9366/screenshot] with no body
&amp#27;[38;5;220m[a4efe9ae]&amp#27;[0m&amp#27;[38;5;86m[HTTP]&amp#27;[0m &amp#27;[37m-->&amp#27;[39m &amp#27;[37mPOST&amp#27;[39m &amp#27;[37m/session/a4efe9ae-43e2-459e-a770-e06f851e8a61/element&amp#27;[39m &amp#27;[90m{"using":"id","value":"com.androidsample.generalstore:id/btnLetsShop"}&amp#27;[39m
&amp#27;[38;5;220m[a4efe9ae]&amp#27;[0m&amp#27;[38;5;17m[AndroidUiautomator2Driver@9eac]&amp#27;[0m Calling AppiumDriver.findElement() with args: ["id","com.androidsample.generalstore:id/btnLetsShop","a4efe9ae-43e2-459e-a770-e06f851e8a61"]
&amp#27;[38;5;220m[a4efe9ae]&amp#27;[0m&amp#27;[38;5;17m[AndroidUiautomator2Driver@9eac]&amp#27;[0m Valid locator strategies for this request: xpath, id, class name, accessibility id, css selector, -android uiautomator
&amp#27;[38;5;220m[a4efe9ae]&amp#27;[0m&amp#27;[38;5;17m[AndroidUiautomator2Driver@9eac]&amp#27;[0m Waiting up to 0 ms for condition
&amp#27;[38;5;220m[a4efe9ae]&amp#27;[0m&amp#27;[38;5;17m[AndroidUiautomator2Driver@9eac]&amp#27;[0m Matched '/element' to command name 'findElement'
&amp#27;[38;5;220m[a4efe9ae]&amp#27;[0m&amp#27;[38;5;17m[AndroidUiautomator2Driver@9eac]&amp#27;[0m Proxying [POST /element] to [POST http://127.0.0.1:8200/session/63865314-8840-4edf-8419-44a24e5c22f3/element] with body: {"strategy":"id","selector":"com.androidsample.generalstore:id/btnLetsShop","context":"","multiple":false}
&amp#27;[38;5;220m[a4efe9ae]&amp#27;[0m&amp#27;[38;5;17m[AndroidUiautomator2Driver@9eac]&amp#27;[0m Got response with status 200: {"sessionId":"63865314-8840-4edf-8419-44a24e5c22f3","value":{"ELEMENT":"00000000-0000-0490-ffff-ffff00000021","element-6066-11e4-a52e-4f735466cecf":"00000000-0000-0490-ffff-ffff00000021"}}
&amp#27;[38;5;220m[a4efe9ae]&amp#27;[0m&amp#27;[38;5;17m[AndroidUiautomator2Driver@9eac]&amp#27;[0m Responding to client with driver.findElement() result: {"element-6066-11e4-a52e-4f735466cecf":"00000000-0000-0490-ffff-ffff00000021","ELEMENT":"00000000-0000-0490-ffff-ffff00000021"}
&amp#27;[38;5;220m[a4efe9ae]&amp#27;[0m&amp#27;[38;5;86m[HTTP]&amp#27;[0m &amp#27;[37m<-- POST /session/a4efe9ae-43e2-459e-a770-e06f851e8a61/element &amp#27;[39m&amp#27;[32m200&amp#27;[39m &amp#27;[90m67 ms - 137&amp#27;[39m &amp#27;[90m&amp#27;[39m
&amp#27;[38;5;220m[a4efe9ae]&amp#27;[0m&amp#27;[38;5;86m[HTTP]&amp#27;[0m &amp#27;[37m-->&amp#27;[39m &amp#27;[37mPOST&amp#27;[39m &amp#27;[37m/session/a4efe9ae-43e2-459e-a770-e06f851e8a61/element/00000000-0000-0490-ffff-ffff00000021/click&amp#27;[39m &amp#27;[90m{"id":"00000000-0000-0490-ffff-ffff00000021"}&amp#27;[39m
&amp#27;[38;5;220m[a4efe9ae]&amp#27;[0m&amp#27;[38;5;17m[AndroidUiautomator2Driver@9eac]&amp#27;[0m Calling AppiumDriver.click() with args: ["00000000-0000-0490-ffff-ffff00000021","a4efe9ae-43e2-459e-a770-e06f851e8a61"]
&amp#27;[38;5;220m[a4efe9ae]&amp#27;[0m&amp#27;[38;5;17m[AndroidUiautomator2Driver@9eac]&amp#27;[0m Matched '/element/00000000-0000-0490-ffff-ffff00000021/click' to command name 'click'
&amp#27;[38;5;220m[a4efe9ae]&amp#27;[0m&amp#27;[38;5;17m[AndroidUiautomator2Driver@9eac]&amp#27;[0m Proxying [POST /element/00000000-0000-0490-ffff-ffff00000021/click] to [POST http://127.0.0.1:8200/session/63865314-8840-4edf-8419-44a24e5c22f3/element/00000000-0000-0490-ffff-ffff00000021/click] with body: {"element":"00000000-0000-0490-ffff-ffff00000021"}
&amp#27;[38;5;220m[a4efe9ae]&amp#27;[0m&amp#27;[38;5;17m[AndroidUiautomator2Driver@9eac]&amp#27;[0m Got response with status 200: {"sessionId":"63865314-8840-4edf-8419-44a24e5c22f3","value":null}
&amp#27;[38;5;220m[a4efe9ae]&amp#27;[0m&amp#27;[38;5;17m[AndroidUiautomator2Driver@9eac]&amp#27;[0m Responding to client with driver.click() result: null
&amp#27;[38;5;220m[a4efe9ae]&amp#27;[0m&amp#27;[38;5;86m[HTTP]&amp#27;[0m &amp#27;[37m<-- POST /session/a4efe9ae-43e2-459e-a770-e06f851e8a61/element/00000000-0000-0490-ffff-ffff00000021/click &amp#27;[39m&amp#27;[32m200&amp#27;[39m &amp#27;[90m63 ms - 14&amp#27;[39m &amp#27;[90m&amp#27;[39m
&amp#27;[38;5;220m[a4efe9ae]&amp#27;[0m&amp#27;[38;5;86m[HTTP]&amp#27;[0m &amp#27;[37m-->&amp#27;[39m &amp#27;[37mPOST&amp#27;[39m &amp#27;[37m/session/a4efe9ae-43e2-459e-a770-e06f851e8a61/element&amp#27;[39m &amp#27;[90m{"using":"xpath","value":"//android.widget.Toast[@text='Please enter your name']"}&amp#27;[39m
&amp#27;[38;5;220m[a4efe9ae]&amp#27;[0m&amp#27;[38;5;17m[AndroidUiautomator2Driver@9eac]&amp#27;[0m Calling AppiumDriver.findElement() with args: ["xpath","//android.widget.Toast[@text='Please enter your name']","a4efe9ae-43e2-459e-a770-e06f851e8a61"]
&amp#27;[38;5;220m[a4efe9ae]&amp#27;[0m&amp#27;[38;5;17m[AndroidUiautomator2Driver@9eac]&amp#27;[0m Valid locator strategies for this request: xpath, id, class name, accessibility id, css selector, -android uiautomator
&amp#27;[38;5;220m[a4efe9ae]&amp#27;[0m&amp#27;[38;5;17m[AndroidUiautomator2Driver@9eac]&amp#27;[0m Waiting up to 0 ms for condition
&amp#27;[38;5;220m[a4efe9ae]&amp#27;[0m&amp#27;[38;5;17m[AndroidUiautomator2Driver@9eac]&amp#27;[0m Matched '/element' to command name 'findElement'
&amp#27;[38;5;220m[a4efe9ae]&amp#27;[0m&amp#27;[38;5;17m[AndroidUiautomator2Driver@9eac]&amp#27;[0m Proxying [POST /element] to [POST http://127.0.0.1:8200/session/63865314-8840-4edf-8419-44a24e5c22f3/element] with body: {"strategy":"xpath","selector":"//android.widget.Toast[@text='Please enter your name']","context":"","multiple":false}
&amp#27;[38;5;64m[eb4da930]&amp#27;[0m&amp#27;[38;5;-175m[AndroidUiautomator2Driver@39a9]&amp#27;[0m Got response with status 200: {"sessionId":"ec7f02c8-611e-4baa-8ade-106c89ae9366","value":"iVBORw0KGgoAAAANSUhEUgAABDgAAAlgCAYAAABtGofVAAAAAXNSR0IArs4c6QAAAARzQklUCAgICHwIZIgAACAASURBVHic7N13eBzV2Tbw+8zMVvUuSy5yk7txt7GNMc1UU0IvNqE7lATyEkhekjeQwBcSII1AIIQkQOhgcAGMjUOxwb33XmRZltX7linfH7YUSTuzWq3qru4fV67Yc2bPHo13fHnuPec5ImnnXANERERERERERBFM6uoBEBERERERERG1FQMOIiIiIiIiIop4DDiIiIiIiIiIKOIx4CAiIiIiIiKiiMeAg4iIiIiIiIgiHgMOIiIiIiIiIop4DDiIiIiIiIiIKOIx4CAiIiIiIiKiiMeAg4iIiIiIiIgiHgMOIiIiIiIiIop4DDiIiIiIiIiIKOIx4CAiIiIiIiKiiMeAg4iIiIiIiIgiHgMOIiIiIiIiIop4DDiIiIiIiIiIKOIx4CAiIiIiIiKiiMeAg4iIiIiIiIgiHgMOIiIiIiIiIop4DDiIiIiIiIiIKOIx4CAiIiIiIiKiiMeAg4iIiIiIiIgiHgMOIiIiIiIiIop4DDiIiIiIiIiIKOIx4CAiIiIiIiKiiMeAg4iIiIiIiIgiHgMOIiIiIiIiIop4DDiIiIiIiIiIKOIx4CAiIiIiIiKiiMeAg4iIiIiIiIgintLVAyAiIiIiIiLqTgQEUpU4THHlYrijN7JsyeilJCFTSYRLcnTKGOp0LwrUMpxQy3HcX4qd3mNYXbcXxWoVDBidMoZIw4CDiIiIiIiIejQBgRjJgRx7OmbFnoGz3MMw3NEbiujCR2Y5Ftm2lCaHVEPFDm8eVtTswtLqLTjsL0Kt7mXgcZpI2jmXV4KIiIiIiIh6HAGBOMmJXEcWLo0bjyviJyFBcnf1sEJSplXjo8o1WFq9BXu8+ajSPT0+6GDAQURERERERD2OBIG+tlR8...
&amp#27;[38;5;64m[eb4da930]&amp#27;[0m&amp#27;[38;5;-175m[AndroidUiautomator2Driver@39a9]&amp#27;[0m Responding to client with driver.getScreenshot() result: "iVBORw0KGgoAAAANSUhEUgAABDgAAAlgCAYAAABtGofVAAAAAXNSR0IArs4c6QAAAARzQklUCAgICHwIZIgAACAASURBVHic7N13eBzV2Tbw+8zMVvUuSy5yk7txt7GNMc1UU0IvNqE7lATyEkhekjeQwBcSII1AIIQkQOhgcAGMjUOxwb33XmRZltX7linfH7YUSTuzWq3qru4fV67Yc2bPHo13fHnuPec5ImnnXANERERERERERBFM6uoBEBERERERERG1FQMOIiIiIiIiIop4DDiIiIiIiIiIKOIx4CAiIiIiIiKiiMeAg4iIiIiIiIgiHgMOIiIiIiIiIop4DDiIiIiIiIiIKOIx4CAiIiIiIiKiiMeAg4iIiIiIiIgiHgMOIiIiIiIiIop4DDiIiIiIiIiIKOIx4CAiIiIiIiKiiMeAg4iIiIiIiIgiHgMOIiIiIiIiIop4DDiIiIiIiIiIKOIx4CAiIiIiIiKiiMeAg4iIiIiIiIgiHgMOIiIiIiIiIop4DDiIiIiIiIiIKOIx4CAiIiIiIiKiiMeAg4iIiIiIiIgiHgMOIiIiIiIiIop4DDiIiIiIiIiIKOIx4CAiIiIiIiKiiMeAg4iIiIiIiIgiHgMOIiIiIiIiIop4DDiIiIiIiIiIKOIx4CAiIiIiIiKiiMeAg4iIiIiIiIgintLVAyAiIiIiIiLqTgQEUpU4THHlYrijN7JsyeilJCFTSYRLcnTKGOp0LwrUMpxQy3HcX4qd3mNYXbcXxWoVDBidMoZIw4CDiIiIiIiIejQBgRjJgRx7OmbFnoGz3MMw3NEbiujCR2Y5Ftm2lCaHVEPFDm8eVtTswtLqLTjsL0Kt7mXgcZpI2jmXV4KIiIiIiIh6HAGBOMmJXEcWLo0bjyviJyFBcnf1sEJSplXjo8o1WFq9BXu8+ajSPT0+6GDAQURERERERD2OBIG+tlR8L2EKLo0dj772VEgRVqZSh46jvmJ8Ur0BH1SsQp6/pEeHHAw4iIiIiIiIqMcZ...
&amp#27;[38;5;64m[eb4da930]&amp#27;[0m&amp#27;[38;5;86m[HTTP]&amp#27;[0m &amp#27;[37m<-- GET /session/eb4da930-970d-49aa-857d-f2bc443b9da7/screenshot &amp#27;[39m&amp#27;[32m200&amp#27;[39m &amp#27;[90m587 ms - 700632&amp#27;[39m &amp#27;[90m&amp#27;[39m
]]></system-out>
  </testcase>
  <testcase name="FirstCase" classname="org.testCase.TestCase1" time="6.993">
    <system-out><![CDATA[&amp#27;[38;5;64m[eb4da930]&amp#27;[0m&amp#27;[38;5;86m[HTTP]&amp#27;[0m &amp#27;[37m-->&amp#27;[39m &amp#27;[37mPOST&amp#27;[39m &amp#27;[37m/session/eb4da930-970d-49aa-857d-f2bc443b9da7/execute/sync&amp#27;[39m &amp#27;[90m{"script":"mobile: isAppInstalled","args":[{"bundleId":"com.androidsample.generalstore","appId":"com.androidsample.generalstore"}]}&amp#27;[39m
&amp#27;[38;5;64m[eb4da930]&amp#27;[0m&amp#27;[38;5;-175m[AndroidUiautomator2Driver@39a9]&amp#27;[0m Calling AppiumDriver.execute() with args: ["mobile: isAppInstalled",[{"bundleId":"com.androidsample.generalstore","appId":"com.androidsample.generalstore"}],"eb4da930-970d-49aa-857d-f2bc443b9da7"]
&amp#27;[38;5;64m[eb4da930]&amp#27;[0m&amp#27;[38;5;123m[BaseDriver]&amp#27;[0m The following script arguments are not known and will be ignored: bundleId
&amp#27;[38;5;64m[eb4da930]&amp#27;[0m&amp#27;[38;5;229m[ADB]&amp#27;[0m Getting install status for com.androidsample.generalstore
&amp#27;[38;5;64m[eb4da930]&amp#27;[0m&amp#27;[38;5;229m[ADB]&amp#27;[0m Running 'C:\Users\sajus\AppData\Local\Android\Sdk\platform-tools\adb.exe -P 5037 -s R3CRC00KHBT shell cmd package list packages'
&amp#27;[38;5;64m[eb4da930]&amp#27;[0m&amp#27;[38;5;229m[ADB]&amp#27;[0m 'com.androidsample.generalstore' is installed
&amp#27;[38;5;64m[eb4da930]&amp#27;[0m&amp#27;[38;5;-175m[AndroidUiautomator2Driver@39a9]&amp#27;[0m Responding to client with driver.execute() result: true
&amp#27;[38;5;64m[eb4da930]&amp#27;[0m&amp#27;[38;5;86m[HTTP]&amp#27;[0m &amp#27;[37m<-- POST /session/eb4da930-970d-49aa-857d-f2bc443b9da7/execute/sync &amp#27;[39m&amp#27;[32m200&amp#27;[39m &amp#27;[90m107 ms - 14&amp#27;[39m &amp#27;[90m&amp#27;[39m
&amp#27;[38;5;64m[eb4da930]&amp#27;[0m&amp#27;[38;5;86m[HTTP]&amp#27;[0m &amp#27;[37m-->&amp#27;[39m &amp#27;[37mPOST&amp#27;[39m &amp#27;[37m/session/eb4da930-970d-49aa-857d-f2bc443b9da7/execute/sync&amp#27;[39m &amp#27;[90m{"script":"mobile: terminateApp","args":[{"bundleId":"com.androidsample.generalstore","appId":"com.androidsample.generalstore"}]}&amp#27;[39m
&amp#27;[38;5;64m[eb4da930]&amp#27;[0m&amp#27;[38;5;-175m[AndroidUiautomator2Driver@39a9]&amp#27;[0m Calling AppiumDriver.execute() with args: ["mobile: terminateApp",[{"bundleId":"com.androidsample.generalstore","appId":"com.androidsample.generalstore"}],"eb4da930-970d-49aa-857d-f2bc443b9da7"]
&amp#27;[38;5;64m[eb4da930]&amp#27;[0m&amp#27;[38;5;123m[BaseDriver]&amp#27;[0m The following script arguments are not known and will be ignored: bundleId
&amp#27;[38;5;64m[eb4da930]&amp#27;[0m&amp#27;[38;5;-175m[AndroidUiautomator2Driver@39a9]&amp#27;[0m Terminating 'com.androidsample.generalstore'
&amp#27;[38;5;64m[eb4da930]&amp#27;[0m&amp#27;[38;5;229m[ADB]&amp#27;[0m Getting IDs of all 'com.androidsample.generalstore' processes
&amp#27;[38;5;64m[eb4da930]&amp#27;[0m&amp#27;[38;5;229m[ADB]&amp#27;[0m Running 'C:\Users\sajus\AppData\Local\Android\Sdk\platform-tools\adb.exe -P 5037 -s R3CRC00KHBT shell pgrep -f \(\[\[:blank:\]\]\|\^\)com\.androidsample\.generalstore\(:\[a-zA-Z0-9_-\]\+\)\?\(\[\[:blank:\]\]\|\$\)'
&amp#27;[38;5;220m[a4efe9ae]&amp#27;[0m&amp#27;[38;5;17m[AndroidUiautomator2Driver@9eac]&amp#27;[0m Got response with status 200: {"sessionId":"63865314-8840-4edf-8419-44a24e5c22f3","value":{"ELEMENT":"26e21e0d-472a-4913-a22d-9fc4c52217d7","element-6066-11e4-a52e-4f735466cecf":"26e21e0d-472a-4913-a22d-9fc4c52217d7"}}
&amp#27;[38;5;220m[a4efe9ae]&amp#27;[0m&amp#27;[38;5;17m[AndroidUiautomator2Driver@9eac]&amp#27;[0m Responding to client with driver.findElement() result: {"element-6066-11e4-a52e-4f735466cecf":"26e21e0d-472a-4913-a22d-9fc4c52217d7","ELEMENT":"26e21e0d-472a-4913-a22d-9fc4c52217d7"}
&amp#27;[38;5;220m[a4efe9ae]&amp#27;[0m&amp#27;[38;5;86m[HTTP]&amp#27;[0m &amp#27;[37m<-- POST /session/a4efe9ae-43e2-459e-a770-e06f851e8a61/element &amp#27;[39m&amp#27;[32m200&amp#27;[39m &amp#27;[90m564 ms - 137&amp#27;[39m &amp#27;[90m&amp#27;[39m
&amp#27;[38;5;220m[a4efe9ae]&amp#27;[0m&amp#27;[38;5;86m[HTTP]&amp#27;[0m &amp#27;[37m-->&amp#27;[39m &amp#27;[37mGET&amp#27;[39m &amp#27;[37m/session/a4efe9ae-43e2-459e-a770-e06f851e8a61/element/26e21e0d-472a-4913-a22d-9fc4c52217d7/text&amp#27;[39m &amp#27;[90m{}&amp#27;[39m
&amp#27;[38;5;220m[a4efe9ae]&amp#27;[0m&amp#27;[38;5;17m[AndroidUiautomator2Driver@9eac]&amp#27;[0m Driver proxy active, passing request on via HTTP proxy
&amp#27;[38;5;220m[a4efe9ae]&amp#27;[0m&amp#27;[38;5;17m[AndroidUiautomator2Driver@9eac]&amp#27;[0m Matched '/session/a4efe9ae-43e2-459e-a770-e06f851e8a61/element/26e21e0d-472a-4913-a22d-9fc4c52217d7/text' to command name 'getText'
&amp#27;[38;5;220m[a4efe9ae]&amp#27;[0m&amp#27;[38;5;17m[AndroidUiautomator2Driver@9eac]&amp#27;[0m Proxying [GET /session/a4efe9ae-43e2-459e-a770-e06f851e8a61/element/26e21e0d-472a-4913-a22d-9fc4c52217d7/text] to [GET http://127.0.0.1:8200/session/63865314-8840-4edf-8419-44a24e5c22f3/element/26e21e0d-472a-4913-a22d-9fc4c52217d7/text] with no body
&amp#27;[38;5;220m[a4efe9ae]&amp#27;[0m&amp#27;[38;5;17m[AndroidUiautomator2Driver@9eac]&amp#27;[0m Got response with status 200: {"sessionId":"63865314-8840-4edf-8419-44a24e5c22f3","value":"Please enter your name"}
&amp#27;[38;5;220m[a4efe9ae]&amp#27;[0m&amp#27;[38;5;17m[AndroidUiautomator2Driver@9eac]&amp#27;[0m Replacing sessionId 63865314-8840-4edf-8419-44a24e5c22f3 with a4efe9ae-43e2-459e-a770-e06f851e8a61
&amp#27;[38;5;220m[a4efe9ae]&amp#27;[0m&amp#27;[38;5;86m[HTTP]&amp#27;[0m &amp#27;[37m<-- GET /session/a4efe9ae-43e2-459e-a770-e06f851e8a61/element/26e21e0d-472a-4913-a22d-9fc4c52217d7/text &amp#27;[39m&amp#27;[32m200&amp#27;[39m &amp#27;[90m67 ms - 85&amp#27;[39m &amp#27;[90m&amp#27;[39m
Please enter your name
&amp#27;[38;5;220m[a4efe9ae]&amp#27;[0m&amp#27;[38;5;86m[HTTP]&amp#27;[0m &amp#27;[37m-->&amp#27;[39m &amp#27;[37mGET&amp#27;[39m &amp#27;[37m/session/a4efe9ae-43e2-459e-a770-e06f851e8a61/screenshot&amp#27;[39m &amp#27;[90m{}&amp#27;[39m
&amp#27;[38;5;220m[a4efe9ae]&amp#27;[0m&amp#27;[38;5;17m[AndroidUiautomator2Driver@9eac]&amp#27;[0m Calling AppiumDriver.getScreenshot() with args: ["a4efe9ae-43e2-459e-a770-e06f851e8a61"]
&amp#27;[38;5;220m[a4efe9ae]&amp#27;[0m&amp#27;[38;5;17m[AndroidUiautomator2Driver@9eac]&amp#27;[0m Matched '/screenshot' to command name 'getScreenshot'
&amp#27;[38;5;220m[a4efe9ae]&amp#27;[0m&amp#27;[38;5;17m[AndroidUiautomator2Driver@9eac]&amp#27;[0m Proxying [GET /screenshot] to [GET http://127.0.0.1:8200/session/63865314-8840-4edf-8419-44a24e5c22f3/screenshot] with no body
&amp#27;[38;5;64m[eb4da930]&amp#27;[0m&amp#27;[38;5;229m[ADB]&amp#27;[0m Running 'C:\Users\sajus\AppData\Local\Android\Sdk\platform-tools\adb.exe -P 5037 -s R3CRC00KHBT shell am force-stop com.androidsample.generalstore'
&amp#27;[38;5;64m[eb4da930]&amp#27;[0m&amp#27;[38;5;-175m[AndroidUiautomator2Driver@39a9]&amp#27;[0m Querying the state of 'com.androidsample.generalstore'
&amp#27;[38;5;64m[eb4da930]&amp#27;[0m&amp#27;[38;5;229m[ADB]&amp#27;[0m Getting install status for com.androidsample.generalstore
&amp#27;[38;5;64m[eb4da930]&amp#27;[0m&amp#27;[38;5;229m[ADB]&amp#27;[0m Running 'C:\Users\sajus\AppData\Local\Android\Sdk\platform-tools\adb.exe -P 5037 -s R3CRC00KHBT shell cmd package list packages'
&amp#27;[38;5;64m[eb4da930]&amp#27;[0m&amp#27;[38;5;229m[ADB]&amp#27;[0m 'com.androidsample.generalstore' is installed
&amp#27;[38;5;64m[eb4da930]&amp#27;[0m&amp#27;[38;5;229m[ADB]&amp#27;[0m Getting IDs of all 'com.androidsample.generalstore' processes
&amp#27;[38;5;64m[eb4da930]&amp#27;[0m&amp#27;[38;5;229m[ADB]&amp#27;[0m Running 'C:\Users\sajus\AppData\Local\Android\Sdk\platform-tools\adb.exe -P 5037 -s R3CRC00KHBT shell pgrep -f \(\[\[:blank:\]\]\|\^\)com\.androidsample\.generalstore\(:\[a-zA-Z0-9_-\]\+\)\?\(\[\[:blank:\]\]\|\$\)'
&amp#27;[38;5;64m[eb4da930]&amp#27;[0m&amp#27;[38;5;-175m[AndroidUiautomator2Driver@39a9]&amp#27;[0m 'com.androidsample.generalstore' has been successfully terminated
&amp#27;[38;5;64m[eb4da930]&amp#27;[0m&amp#27;[38;5;-175m[AndroidUiautomator2Driver@39a9]&amp#27;[0m Responding to client with driver.execute() result: true
&amp#27;[38;5;64m[eb4da930]&amp#27;[0m&amp#27;[38;5;86m[HTTP]&amp#27;[0m &amp#27;[37m<-- POST /session/eb4da930-970d-49aa-857d-f2bc443b9da7/execute/sync &amp#27;[39m&amp#27;[32m200&amp#27;[39m &amp#27;[90m547 ms - 14&amp#27;[39m &amp#27;[90m&amp#27;[39m
🛑 App terminated: com.androidsample.generalstore
&amp#27;[38;5;64m[eb4da930]&amp#27;[0m&amp#27;[38;5;86m[HTTP]&amp#27;[0m &amp#27;[37m-->&amp#27;[39m &amp#27;[37mDELETE&amp#27;[39m &amp#27;[37m/session/eb4da930-970d-49aa-857d-f2bc443b9da7&amp#27;[39m &amp#27;[90m{}&amp#27;[39m
&amp#27;[38;5;64m[eb4da930]&amp#27;[0m&amp#27;[38;5;-175m[AndroidUiautomator2Driver@39a9]&amp#27;[0m Calling AppiumDriver.deleteSession() with args: ["eb4da930-970d-49aa-857d-f2bc443b9da7"]
&amp#27;[38;5;64m[eb4da930]&amp#27;[0m&amp#27;[38;5;103m[AppiumDriver@5d82]&amp#27;[0m Event 'quitSessionRequested' logged at 1750203341844 (19:35:41 GMT-0400 (Eastern Daylight Saving Time))
&amp#27;[38;5;64m[eb4da930]&amp#27;[0m&amp#27;[38;5;103m[AppiumDriver@5d82]&amp#27;[0m Removing session eb4da930-970d-49aa-857d-f2bc443b9da7 from our master session list
&amp#27;[38;5;64m[eb4da930]&amp#27;[0m&amp#27;[38;5;-175m[AndroidUiautomator2Driver@39a9]&amp#27;[0m Deleting UiAutomator2 session
&amp#27;[38;5;64m[eb4da930]&amp#27;[0m&amp#27;[38;5;-175m[AndroidUiautomator2Driver@39a9]&amp#27;[0m Deleting UiAutomator2 server session
&amp#27;[38;5;64m[eb4da930]&amp#27;[0m&amp#27;[38;5;-175m[AndroidUiautomator2Driver@39a9]&amp#27;[0m Proxying [DELETE /] to [DELETE http://127.0.0.1:8201/session/ec7f02c8-611e-4baa-8ade-106c89ae9366] with no body
&amp#27;[38;5;64m[eb4da930]&amp#27;[0m&amp#27;[38;5;-175m[AndroidUiautomator2Driver@39a9]&amp#27;[0m Got response with status 200: {"sessionId":"ec7f02c8-611e-4baa-8ade-106c89ae9366","value":null}
&amp#27;[38;5;64m[eb4da930]&amp#27;[0m&amp#27;[38;5;229m[ADB]&amp#27;[0m Getting IDs of all 'io.appium.uiautomator2.server' processes
&amp#27;[38;5;64m[eb4da930]&amp#27;[0m&amp#27;[38;5;229m[ADB]&amp#27;[0m Running 'C:\Users\sajus\AppData\Local\Android\Sdk\platform-tools\adb.exe -P 5037 -s R3CRC00KHBT shell pgrep -f \(\[\[:blank:\]\]\|\^\)io\.appium\.uiautomator2\.server\(:\[a-zA-Z0-9_-\]\+\)\?\(\[\[:blank:\]\]\|\$\)'
&amp#27;[38;5;64m[eb4da930]&amp#27;[0m&amp#27;[38;5;-175m[AndroidUiautomator2Driver@39a9]&amp#27;[0m [Instrumentation] io.appium.uiautomator2.server.test.AppiumUiAutomator2Server:.
&amp#27;[38;5;64m[eb4da930]&amp#27;[0m&amp#27;[38;5;-175m[AndroidUiautomator2Driver@39a9]&amp#27;[0m [Instrumentation] 
&amp#27;[38;5;64m[eb4da930]&amp#27;[0m&amp#27;[38;5;-175m[AndroidUiautomator2Driver@39a9]&amp#27;[0m [Instrumentation] Time: 9.046
&amp#27;[38;5;64m[eb4da930]&amp#27;[0m&amp#27;[38;5;-175m[AndroidUiautomator2Driver@39a9]&amp#27;[0m [Instrumentation] 
&amp#27;[38;5;64m[eb4da930]&amp#27;[0m&amp#27;[38;5;-175m[AndroidUiautomator2Driver@39a9]&amp#27;[0m [Instrumentation] OK (1 test)
&amp#27;[38;5;64m[eb4da930]&amp#27;[0m&amp#27;[38;5;-175m[AndroidUiautomator2Driver@39a9]&amp#27;[0m [Instrumentation] 
&amp#27;[38;5;64m[eb4da930]&amp#27;[0m&amp#27;[38;5;-175m[AndroidUiautomator2Driver@39a9]&amp#27;[0m [Instrumentation] 
&amp#27;[38;5;64m[eb4da930]&amp#27;[0m&amp#27;[38;5;-175m[AndroidUiautomator2Driver@39a9]&amp#27;[0m [Instrumentation] The process has exited with code 0, signal null
&amp#27;[38;5;64m[eb4da930]&amp#27;[0m&amp#27;[38;5;229m[ADB]&amp#27;[0m Running 'C:\Users\sajus\AppData\Local\Android\Sdk\platform-tools\adb.exe -P 5037 -s R3CRC00KHBT shell am force-stop io.appium.uiautomator2.server'
&amp#27;[38;5;64m[eb4da930]&amp#27;[0m&amp#27;[38;5;229m[ADB]&amp#27;[0m Running 'C:\Users\sajus\AppData\Local\Android\Sdk\platform-tools\adb.exe -P 5037 -s R3CRC00KHBT shell am force-stop io.appium.uiautomator2.server.test'
&amp#27;[38;5;64m[eb4da930]&amp#27;[0m&amp#27;[38;5;229m[ADB]&amp#27;[0m Running 'C:\Users\sajus\AppData\Local\Android\Sdk\platform-tools\adb.exe -P 5037 -s R3CRC00KHBT shell dumpsys activity services io.appium.settings/.recorder.RecorderService'
&amp#27;[38;5;64m[eb4da930]&amp#27;[0m&amp#27;[38;5;229m[ADB]&amp#27;[0m Removing forwarded port socket connection: 8201 
&amp#27;[38;5;64m[eb4da930]&amp#27;[0m&amp#27;[38;5;229m[ADB]&amp#27;[0m Running 'C:\Users\sajus\AppData\Local\Android\Sdk\platform-tools\adb.exe -P 5037 -s R3CRC00KHBT forward --remove tcp:8201'
&amp#27;[38;5;64m[eb4da930]&amp#27;[0m&amp#27;[38;5;-175m[AndroidUiautomator2Driver@39a9]&amp#27;[0m Restoring hidden api policy to the device default configuration
&amp#27;[38;5;64m[eb4da930]&amp#27;[0m&amp#27;[38;5;229m[ADB]&amp#27;[0m Running 'C:\Users\sajus\AppData\Local\Android\Sdk\platform-tools\adb.exe -P 5037 -s R3CRC00KHBT shell 'settings delete global hidden_api_policy_pre_p_apps;settings delete global hidden_api_policy_p_apps;settings delete global hidden_api_policy''
&amp#27;[38;5;220m[a4efe9ae]&amp#27;[0m&amp#27;[38;5;17m[AndroidUiautomator2Driver@9eac]&amp#27;[0m Got response with status 200: {"sessionId":"63865314-8840-4edf-8419-44a24e5c22f3","value":"iVBORw0KGgoAAAANSUhEUgAABDgAAAjoCAYAAAA5jhrUAAAAAXNSR0IArs4c6QAAAARzQklUCAgICHwIZIgAACAASURBVHic7N13nB1V/f/x9zlz77Zks+khpAJJ6CX0XqUKsaFgBAQLUv2q+LWAHRULKoooCviDr1IUpCkiIEXpTXoJPSEhhJRN3XbvnPP745a9d+/c7Xd3J/t6+kDYMzNnzpl+PvfMGTPmxZO8AAAAAAAAYswOdgEAAAAAAAD6igAHAAAAAACIPQIcAAAAAAAg9ghwAAAAAACA2CPAAQAAAAAAYo8ABwAAAAAAiD0CHAAAAAAAIPYIcAAAAAAAgNgjwAEAAAAAAGKPAAcAAAAAAIg9AhwAAAAAACD2CHAAAAAAAIDYI8ABAAAAAABijwAHAAAAAACIPQIcAAAAAAAg9ghwAAAAAACA2CPAAQAAAAAAYo8ABwAAAAAAiD0CHAAAAAAAIPYIcAAAAAAAgNgjwAEAAAAAAGKPAAcAAAAAAIg9AhwAAAAAACD2CHAAAAAAAIDYI8ABAAAAAABiLzHYBQCGAiMjk/u3yfy3JHlJ3ntl/qfs/8fXcKknAAAAgOGHAAeGLSOjhLHaomoTXTPti5qZnNDp/G+lluvjb/9Cb7S9q7R3sQkCDJd6AgAAAN3RENRpu+rp2r5muhpsnbarma6GYER++ppwg55vWaQ1rknPtSzS862LtCZsGpSy7lu3lW6d8fVuzTtv4QV6oOnlCpdoaCPAgWGp3tbqWxM/qpPHHKSgm29qzUxO0MOb/1ChnK5qvE/ffe8vWueaK1zSvhku9QQAAAA6Mz05XkfV76yj6nfRvnVbdTn/++t3Kfr7gaaX9Y91T+of6/6rRakVlSom+siMefEkfp7FsJEwgU4fe7i+M/Fjan9Bo3e8vL773vX6zap/Ku3Dfiph/xgu9QQAAAA6s2/dVvrc2MNK...
&amp#27;[38;5;220m[a4efe9ae]&amp#27;[0m&amp#27;[38;5;17m[AndroidUiautomator2Driver@9eac]&amp#27;[0m Responding to client with driver.getScreenshot() result: "iVBORw0KGgoAAAANSUhEUgAABDgAAAjoCAYAAAA5jhrUAAAAAXNSR0IArs4c6QAAAARzQklUCAgICHwIZIgAACAASURBVHic7N13nB1V/f/x9zlz77Zks+khpAJJ6CX0XqUKsaFgBAQLUv2q+LWAHRULKoooCviDr1IUpCkiIEXpTXoJPSEhhJRN3XbvnPP745a9d+/c7Xd3J/t6+kDYMzNnzpl+PvfMGTPmxZO8AAAAAAAAYswOdgEAAAAAAAD6igAHAAAAAACIPQIcAAAAAAAg9ghwAAAAAACA2CPAAQAAAAAAYo8ABwAAAAAAiD0CHAAAAAAAIPYIcAAAAAAAgNgjwAEAAAAAAGKPAAcAAAAAAIg9AhwAAAAAACD2CHAAAAAAAIDYI8ABAAAAAABijwAHAAAAAACIPQIcAAAAAAAg9ghwAAAAAACA2CPAAQAAAAAAYo8ABwAAAAAAiD0CHAAAAAAAIPYIcAAAAAAAgNgjwAEAAAAAAGKPAAcAAAAAAIg9AhwAAAAAACD2CHAAAAAAAIDYI8ABAAAAAABiLzHYBQCGAiMjk/u3yfy3JHlJ3ntl/qfs/8fXcKknAAAAgOGHAAeGLSOjhLHaomoTXTPti5qZnNDp/G+lluvjb/9Cb7S9q7R3sQkCDJd6AgAAAN3RENRpu+rp2r5muhpsnbarma6GYER++ppwg55vWaQ1rknPtSzS862LtCZsGpSy7lu3lW6d8fVuzTtv4QV6oOnlCpdoaCPAgWGp3tbqWxM/qpPHHKSgm29qzUxO0MOb/1ChnK5qvE/ffe8vWueaK1zSvhku9QQAAAA6Mz05XkfV76yj6nfRvnVbdTn/++t3Kfr7gaaX9Y91T+of6/6rRakVlSom+siMefEkfp7FsJEwgU4fe7i+M/Fjan9Bo3e8vL773vX6zap/Ku3Dfiph/xgu9QQAAAA6s2/dVvrc2MNKAhZ9cdu6J/W7VXcOSG8JenD0DAEODAtGRvW2Rvdu9j1tVjWxX/N+s+09HfzW...
&amp#27;[38;5;220m[a4efe9ae]&amp#27;[0m&amp#27;[38;5;86m[HTTP]&amp#27;[0m &amp#27;[37m<-- GET /session/a4efe9ae-43e2-459e-a770-e06f851e8a61/screenshot &amp#27;[39m&amp#27;[32m200&amp#27;[39m &amp#27;[90m1061 ms - 615136&amp#27;[39m &amp#27;[90m&amp#27;[39m
&amp#27;[38;5;64m[eb4da930]&amp#27;[0m&amp#27;[38;5;160m[Logcat]&amp#27;[0m Stopping logcat capture
]]></system-out>
  </testcase>
  <testcase name="SecondCase" classname="org.testCase.TestCase2" time="15.133">
    <system-out><![CDATA[&amp#27;[38;5;64m[eb4da930]&amp#27;[0m&amp#27;[38;5;103m[AppiumDriver@5d82]&amp#27;[0m Event 'quitSessionFinished' logged at 1750203342483 (19:35:42 GMT-0400 (Eastern Daylight Saving Time))
&amp#27;[38;5;64m[eb4da930]&amp#27;[0m&amp#27;[38;5;103m[AppiumDriver@5d82]&amp#27;[0m Received response: null
&amp#27;[38;5;64m[eb4da930]&amp#27;[0m&amp#27;[38;5;103m[AppiumDriver@5d82]&amp#27;[0m But deleting session, so not returning
&amp#27;[38;5;64m[eb4da930]&amp#27;[0m&amp#27;[38;5;103m[AppiumDriver@5d82]&amp#27;[0m Responding to client with driver.deleteSession() result: null
&amp#27;[38;5;64m[eb4da930]&amp#27;[0m&amp#27;[38;5;86m[HTTP]&amp#27;[0m &amp#27;[37m<-- DELETE /session/eb4da930-970d-49aa-857d-f2bc443b9da7 &amp#27;[39m&amp#27;[32m200&amp#27;[39m &amp#27;[90m642 ms - 14&amp#27;[39m &amp#27;[90m&amp#27;[39m
&amp#27;[38;5;220m[a4efe9ae]&amp#27;[0m&amp#27;[38;5;86m[HTTP]&amp#27;[0m &amp#27;[37m-->&amp#27;[39m &amp#27;[37mPOST&amp#27;[39m &amp#27;[37m/session/a4efe9ae-43e2-459e-a770-e06f851e8a61/execute/sync&amp#27;[39m &amp#27;[90m{"script":"mobile: isAppInstalled","args":[{"bundleId":"com.androidsample.generalstore","appId":"com.androidsample.generalstore"}]}&amp#27;[39m
&amp#27;[38;5;220m[a4efe9ae]&amp#27;[0m&amp#27;[38;5;17m[AndroidUiautomator2Driver@9eac]&amp#27;[0m Calling AppiumDriver.execute() with args: ["mobile: isAppInstalled",[{"bundleId":"com.androidsample.generalstore","appId":"com.androidsample.generalstore"}],"a4efe9ae-43e2-459e-a770-e06f851e8a61"]
&amp#27;[38;5;220m[a4efe9ae]&amp#27;[0m&amp#27;[38;5;123m[BaseDriver]&amp#27;[0m The following script arguments are not known and will be ignored: bundleId
&amp#27;[38;5;220m[a4efe9ae]&amp#27;[0m&amp#27;[38;5;229m[ADB]&amp#27;[0m Getting install status for com.androidsample.generalstore
&amp#27;[38;5;220m[a4efe9ae]&amp#27;[0m&amp#27;[38;5;229m[ADB]&amp#27;[0m Running 'C:\Users\sajus\AppData\Local\Android\Sdk\platform-tools\adb.exe -P 5037 -s CTLID18120801016 shell cmd package list packages'
&amp#27;[38;5;86m[HTTP]&amp#27;[0m &amp#27;[37m-->&amp#27;[39m &amp#27;[37mGET&amp#27;[39m &amp#27;[37m/status&amp#27;[39m &amp#27;[90m{}&amp#27;[39m
&amp#27;[38;5;103m[AppiumDriver@5d82]&amp#27;[0m Calling AppiumDriver.getStatus() with args: []
&amp#27;[38;5;103m[AppiumDriver@5d82]&amp#27;[0m Responding to client with driver.getStatus() result: {"ready":true,"message":"The server is ready to accept new connections","build":{"version":"2.18.0"}}
&amp#27;[38;5;86m[HTTP]&amp#27;[0m &amp#27;[37m<-- GET /status &amp#27;[39m&amp#27;[32m200&amp#27;[39m &amp#27;[90m2 ms - 111&amp#27;[39m &amp#27;[90m&amp#27;[39m
Appium server stopped
✅ Test completed for device: Samsung_Galaxy_S21
&amp#27;[38;5;220m[a4efe9ae]&amp#27;[0m&amp#27;[38;5;229m[ADB]&amp#27;[0m 'com.androidsample.generalstore' is installed
&amp#27;[38;5;220m[a4efe9ae]&amp#27;[0m&amp#27;[38;5;17m[AndroidUiautomator2Driver@9eac]&amp#27;[0m Responding to client with driver.execute() result: true
&amp#27;[38;5;220m[a4efe9ae]&amp#27;[0m&amp#27;[38;5;86m[HTTP]&amp#27;[0m &amp#27;[37m<-- POST /session/a4efe9ae-43e2-459e-a770-e06f851e8a61/execute/sync &amp#27;[39m&amp#27;[32m200&amp#27;[39m &amp#27;[90m115 ms - 14&amp#27;[39m &amp#27;[90m&amp#27;[39m
&amp#27;[38;5;220m[a4efe9ae]&amp#27;[0m&amp#27;[38;5;86m[HTTP]&amp#27;[0m &amp#27;[37m-->&amp#27;[39m &amp#27;[37mPOST&amp#27;[39m &amp#27;[37m/session/a4efe9ae-43e2-459e-a770-e06f851e8a61/execute/sync&amp#27;[39m &amp#27;[90m{"script":"mobile: terminateApp","args":[{"bundleId":"com.androidsample.generalstore","appId":"com.androidsample.generalstore"}]}&amp#27;[39m
&amp#27;[38;5;220m[a4efe9ae]&amp#27;[0m&amp#27;[38;5;17m[AndroidUiautomator2Driver@9eac]&amp#27;[0m Calling AppiumDriver.execute() with args: ["mobile: terminateApp",[{"bundleId":"com.androidsample.generalstore","appId":"com.androidsample.generalstore"}],"a4efe9ae-43e2-459e-a770-e06f851e8a61"]
&amp#27;[38;5;220m[a4efe9ae]&amp#27;[0m&amp#27;[38;5;123m[BaseDriver]&amp#27;[0m The following script arguments are not known and will be ignored: bundleId
&amp#27;[38;5;220m[a4efe9ae]&amp#27;[0m&amp#27;[38;5;17m[AndroidUiautomator2Driver@9eac]&amp#27;[0m Terminating 'com.androidsample.generalstore'
&amp#27;[38;5;220m[a4efe9ae]&amp#27;[0m&amp#27;[38;5;229m[ADB]&amp#27;[0m Getting IDs of all 'com.androidsample.generalstore' processes
&amp#27;[38;5;220m[a4efe9ae]&amp#27;[0m&amp#27;[38;5;229m[ADB]&amp#27;[0m Running 'C:\Users\sajus\AppData\Local\Android\Sdk\platform-tools\adb.exe -P 5037 -s CTLID18120801016 shell pgrep -f \(\[\[:blank:\]\]\|\^\)com\.androidsample\.generalstore\(:\[a-zA-Z0-9_-\]\+\)\?\(\[\[:blank:\]\]\|\$\)'
&amp#27;[38;5;220m[a4efe9ae]&amp#27;[0m&amp#27;[38;5;229m[ADB]&amp#27;[0m Running 'C:\Users\sajus\AppData\Local\Android\Sdk\platform-tools\adb.exe -P 5037 -s CTLID18120801016 shell am force-stop com.androidsample.generalstore'
&amp#27;[38;5;220m[a4efe9ae]&amp#27;[0m&amp#27;[38;5;17m[AndroidUiautomator2Driver@9eac]&amp#27;[0m Querying the state of 'com.androidsample.generalstore'
&amp#27;[38;5;220m[a4efe9ae]&amp#27;[0m&amp#27;[38;5;229m[ADB]&amp#27;[0m Getting install status for com.androidsample.generalstore
&amp#27;[38;5;220m[a4efe9ae]&amp#27;[0m&amp#27;[38;5;229m[ADB]&amp#27;[0m Running 'C:\Users\sajus\AppData\Local\Android\Sdk\platform-tools\adb.exe -P 5037 -s CTLID18120801016 shell cmd package list packages'
&amp#27;[38;5;220m[a4efe9ae]&amp#27;[0m&amp#27;[38;5;229m[ADB]&amp#27;[0m 'com.androidsample.generalstore' is installed
&amp#27;[38;5;220m[a4efe9ae]&amp#27;[0m&amp#27;[38;5;229m[ADB]&amp#27;[0m Getting IDs of all 'com.androidsample.generalstore' processes
&amp#27;[38;5;220m[a4efe9ae]&amp#27;[0m&amp#27;[38;5;229m[ADB]&amp#27;[0m Running 'C:\Users\sajus\AppData\Local\Android\Sdk\platform-tools\adb.exe -P 5037 -s CTLID18120801016 shell pgrep -f \(\[\[:blank:\]\]\|\^\)com\.androidsample\.generalstore\(:\[a-zA-Z0-9_-\]\+\)\?\(\[\[:blank:\]\]\|\$\)'
&amp#27;[38;5;220m[a4efe9ae]&amp#27;[0m&amp#27;[38;5;17m[AndroidUiautomator2Driver@9eac]&amp#27;[0m 'com.androidsample.generalstore' has been successfully terminated
&amp#27;[38;5;220m[a4efe9ae]&amp#27;[0m&amp#27;[38;5;17m[AndroidUiautomator2Driver@9eac]&amp#27;[0m Responding to client with driver.execute() result: true
&amp#27;[38;5;220m[a4efe9ae]&amp#27;[0m&amp#27;[38;5;86m[HTTP]&amp#27;[0m &amp#27;[37m<-- POST /session/a4efe9ae-43e2-459e-a770-e06f851e8a61/execute/sync &amp#27;[39m&amp#27;[32m200&amp#27;[39m &amp#27;[90m785 ms - 14&amp#27;[39m &amp#27;[90m&amp#27;[39m
🛑 App terminated: com.androidsample.generalstore
&amp#27;[38;5;220m[a4efe9ae]&amp#27;[0m&amp#27;[38;5;86m[HTTP]&amp#27;[0m &amp#27;[37m-->&amp#27;[39m &amp#27;[37mDELETE&amp#27;[39m &amp#27;[37m/session/a4efe9ae-43e2-459e-a770-e06f851e8a61&amp#27;[39m &amp#27;[90m{}&amp#27;[39m
&amp#27;[38;5;220m[a4efe9ae]&amp#27;[0m&amp#27;[38;5;17m[AndroidUiautomator2Driver@9eac]&amp#27;[0m Calling AppiumDriver.deleteSession() with args: ["a4efe9ae-43e2-459e-a770-e06f851e8a61"]
&amp#27;[38;5;220m[a4efe9ae]&amp#27;[0m&amp#27;[38;5;178m[AppiumDriver@314d]&amp#27;[0m Event 'quitSessionRequested' logged at 1750203343398 (19:35:43 GMT-0400 (Eastern Daylight Saving Time))
&amp#27;[38;5;220m[a4efe9ae]&amp#27;[0m&amp#27;[38;5;178m[AppiumDriver@314d]&amp#27;[0m Removing session a4efe9ae-43e2-459e-a770-e06f851e8a61 from our master session list
&amp#27;[38;5;220m[a4efe9ae]&amp#27;[0m&amp#27;[38;5;17m[AndroidUiautomator2Driver@9eac]&amp#27;[0m Deleting UiAutomator2 session
&amp#27;[38;5;220m[a4efe9ae]&amp#27;[0m&amp#27;[38;5;17m[AndroidUiautomator2Driver@9eac]&amp#27;[0m Deleting UiAutomator2 server session
&amp#27;[38;5;220m[a4efe9ae]&amp#27;[0m&amp#27;[38;5;17m[AndroidUiautomator2Driver@9eac]&amp#27;[0m Proxying [DELETE /] to [DELETE http://127.0.0.1:8200/session/63865314-8840-4edf-8419-44a24e5c22f3] with no body
&amp#27;[38;5;220m[a4efe9ae]&amp#27;[0m&amp#27;[38;5;17m[AndroidUiautomator2Driver@9eac]&amp#27;[0m Got response with status 200: {"sessionId":"63865314-8840-4edf-8419-44a24e5c22f3","value":null}
&amp#27;[38;5;220m[a4efe9ae]&amp#27;[0m&amp#27;[38;5;229m[ADB]&amp#27;[0m Getting IDs of all 'io.appium.uiautomator2.server' processes
&amp#27;[38;5;220m[a4efe9ae]&amp#27;[0m&amp#27;[38;5;229m[ADB]&amp#27;[0m Running 'C:\Users\sajus\AppData\Local\Android\Sdk\platform-tools\adb.exe -P 5037 -s CTLID18120801016 shell pgrep -f \(\[\[:blank:\]\]\|\^\)io\.appium\.uiautomator2\.server\(:\[a-zA-Z0-9_-\]\+\)\?\(\[\[:blank:\]\]\|\$\)'
&amp#27;[38;5;220m[a4efe9ae]&amp#27;[0m&amp#27;[38;5;17m[AndroidUiautomator2Driver@9eac]&amp#27;[0m [Instrumentation] io.appium.uiautomator2.server.test.AppiumUiAutomator2Server:.
&amp#27;[38;5;220m[a4efe9ae]&amp#27;[0m&amp#27;[38;5;17m[AndroidUiautomator2Driver@9eac]&amp#27;[0m [Instrumentation] 
&amp#27;[38;5;220m[a4efe9ae]&amp#27;[0m&amp#27;[38;5;17m[AndroidUiautomator2Driver@9eac]&amp#27;[0m [Instrumentation] Time: 9.683
&amp#27;[38;5;220m[a4efe9ae]&amp#27;[0m&amp#27;[38;5;17m[AndroidUiautomator2Driver@9eac]&amp#27;[0m [Instrumentation] 
&amp#27;[38;5;220m[a4efe9ae]&amp#27;[0m&amp#27;[38;5;17m[AndroidUiautomator2Driver@9eac]&amp#27;[0m [Instrumentation] OK (1 test)
&amp#27;[38;5;220m[a4efe9ae]&amp#27;[0m&amp#27;[38;5;17m[AndroidUiautomator2Driver@9eac]&amp#27;[0m [Instrumentation] 
&amp#27;[38;5;220m[a4efe9ae]&amp#27;[0m&amp#27;[38;5;17m[AndroidUiautomator2Driver@9eac]&amp#27;[0m [Instrumentation] 
&amp#27;[38;5;220m[a4efe9ae]&amp#27;[0m&amp#27;[38;5;17m[AndroidUiautomator2Driver@9eac]&amp#27;[0m [Instrumentation] The process has exited with code null, signal SIGTERM
&amp#27;[38;5;220m[a4efe9ae]&amp#27;[0m&amp#27;[38;5;229m[ADB]&amp#27;[0m Running 'C:\Users\sajus\AppData\Local\Android\Sdk\platform-tools\adb.exe -P 5037 -s CTLID18120801016 shell am force-stop io.appium.uiautomator2.server'
&amp#27;[38;5;220m[a4efe9ae]&amp#27;[0m&amp#27;[38;5;229m[ADB]&amp#27;[0m Running 'C:\Users\sajus\AppData\Local\Android\Sdk\platform-tools\adb.exe -P 5037 -s CTLID18120801016 shell am force-stop io.appium.uiautomator2.server.test'
&amp#27;[38;5;220m[a4efe9ae]&amp#27;[0m&amp#27;[38;5;229m[ADB]&amp#27;[0m Running 'C:\Users\sajus\AppData\Local\Android\Sdk\platform-tools\adb.exe -P 5037 -s CTLID18120801016 shell dumpsys activity services io.appium.settings/.recorder.RecorderService'
&amp#27;[38;5;220m[a4efe9ae]&amp#27;[0m&amp#27;[38;5;229m[ADB]&amp#27;[0m Removing forwarded port socket connection: 8200 
&amp#27;[38;5;220m[a4efe9ae]&amp#27;[0m&amp#27;[38;5;229m[ADB]&amp#27;[0m Running 'C:\Users\sajus\AppData\Local\Android\Sdk\platform-tools\adb.exe -P 5037 -s CTLID18120801016 forward --remove tcp:8200'
&amp#27;[38;5;220m[a4efe9ae]&amp#27;[0m&amp#27;[38;5;17m[AndroidUiautomator2Driver@9eac]&amp#27;[0m Restoring hidden api policy to the device default configuration
&amp#27;[38;5;220m[a4efe9ae]&amp#27;[0m&amp#27;[38;5;229m[ADB]&amp#27;[0m Running 'C:\Users\sajus\AppData\Local\Android\Sdk\platform-tools\adb.exe -P 5037 -s CTLID18120801016 shell 'settings delete global hidden_api_policy_pre_p_apps;settings delete global hidden_api_policy_p_apps;settings delete global hidden_api_policy''
&amp#27;[38;5;220m[a4efe9ae]&amp#27;[0m&amp#27;[38;5;160m[Logcat]&amp#27;[0m Stopping logcat capture
&amp#27;[38;5;220m[a4efe9ae]&amp#27;[0m&amp#27;[38;5;178m[AppiumDriver@314d]&amp#27;[0m Event 'quitSessionFinished' logged at 1750203344307 (19:35:44 GMT-0400 (Eastern Daylight Saving Time))
&amp#27;[38;5;220m[a4efe9ae]&amp#27;[0m&amp#27;[38;5;178m[AppiumDriver@314d]&amp#27;[0m Received response: null
&amp#27;[38;5;220m[a4efe9ae]&amp#27;[0m&amp#27;[38;5;178m[AppiumDriver@314d]&amp#27;[0m But deleting session, so not returning
&amp#27;[38;5;220m[a4efe9ae]&amp#27;[0m&amp#27;[38;5;178m[AppiumDriver@314d]&amp#27;[0m Responding to client with driver.deleteSession() result: null
&amp#27;[38;5;220m[a4efe9ae]&amp#27;[0m&amp#27;[38;5;86m[HTTP]&amp#27;[0m &amp#27;[37m<-- DELETE /session/a4efe9ae-43e2-459e-a770-e06f851e8a61 &amp#27;[39m&amp#27;[32m200&amp#27;[39m &amp#27;[90m912 ms - 14&amp#27;[39m &amp#27;[90m&amp#27;[39m
&amp#27;[38;5;86m[HTTP]&amp#27;[0m &amp#27;[37m-->&amp#27;[39m &amp#27;[37mGET&amp#27;[39m &amp#27;[37m/status&amp#27;[39m &amp#27;[90m{}&amp#27;[39m
&amp#27;[38;5;178m[AppiumDriver@314d]&amp#27;[0m Calling AppiumDriver.getStatus() with args: []
&amp#27;[38;5;178m[AppiumDriver@314d]&amp#27;[0m Responding to client with driver.getStatus() result: {"ready":true,"message":"The server is ready to accept new connections","build":{"version":"2.18.0"}}
&amp#27;[38;5;86m[HTTP]&amp#27;[0m &amp#27;[37m<-- GET /status &amp#27;[39m&amp#27;[32m200&amp#27;[39m &amp#27;[90m1 ms - 111&amp#27;[39m &amp#27;[90m&amp#27;[39m
Appium server stopped
✅ Test completed for device: Nokia
&amp#27;[38;5;112m[Appium]&amp#27;[0m Welcome to Appium v2.18.0
&amp#27;[38;5;112m[Appium]&amp#27;[0m Non-default server args:
&amp#27;[38;5;112m[Appium]&amp#27;[0m { port: &amp#27;[33m4724&amp#27;[39m }
&amp#27;[38;5;112m[Appium]&amp#27;[0m The autodetected Appium home path: C:\Users\sajus\.appium
&amp#27;[38;5;112m[Appium]&amp#27;[0m Attempting to load driver uiautomator2...
&amp#27;[38;5;112m[Appium]&amp#27;[0m Requiring driver at C:\Users\sajus\.appium\node_modules\appium-uiautomator2-driver\build\index.js
&amp#27;[38;5;112m[Appium]&amp#27;[0m AndroidUiautomator2Driver has been successfully loaded in 0.999s
&amp#27;[38;5;112m[Appium]&amp#27;[0m Welcome to Appium v2.18.0
&amp#27;[38;5;112m[Appium]&amp#27;[0m The autodetected Appium home path: C:\Users\sajus\.appium
&amp#27;[38;5;112m[Appium]&amp#27;[0m Attempting to load driver uiautomator2...
&amp#27;[38;5;112m[Appium]&amp#27;[0m Requiring driver at C:\Users\sajus\.appium\node_modules\appium-uiautomator2-driver\build\index.js
&amp#27;[38;5;112m[Appium]&amp#27;[0m Appium REST http interface listener started on http://0.0.0.0:4724
&amp#27;[38;5;112m[Appium]&amp#27;[0m You can provide the following URLs in your client code to connect to this server:
	http://192.168.2.20:4724/
	http://127.0.0.1:4724/ (only accessible from the same host)
&amp#27;[38;5;112m[Appium]&amp#27;[0m Available drivers:
&amp#27;[38;5;112m[Appium]&amp#27;[0m   - uiautomator2@4.2.3 (automationName 'UiAutomator2')
&amp#27;[38;5;112m[Appium]&amp#27;[0m No plugins have been installed. Use the "appium plugin" command to install the one(s) you want to use.
&amp#27;[38;5;86m[HTTP]&amp#27;[0m &amp#27;[37m-->&amp#27;[39m &amp#27;[37mGET&amp#27;[39m &amp#27;[37m/status&amp#27;[39m &amp#27;[90m{}&amp#27;[39m
&amp#27;[38;5;169m[AppiumDriver@5d51]&amp#27;[0m Calling AppiumDriver.getStatus() with args: []
&amp#27;[38;5;169m[AppiumDriver@5d51]&amp#27;[0m Responding to client with driver.getStatus() result: {"ready":true,"message":"The server is ready to accept new connections","build":{"version":"2.18.0"}}
Appium server started on port: 4724
&amp#27;[38;5;86m[HTTP]&amp#27;[0m &amp#27;[37m<-- GET /status &amp#27;[39m&amp#27;[32m200&amp#27;[39m &amp#27;[90m10 ms - 111&amp#27;[39m &amp#27;[90m&amp#27;[39m
&amp#27;[38;5;86m[HTTP]&amp#27;[0m Request idempotency key: 6253bfd9-b0dd-4c71-accb-e260249ae1e1
&amp#27;[38;5;86m[HTTP]&amp#27;[0m &amp#27;[37m-->&amp#27;[39m &amp#27;[37mPOST&amp#27;[39m &amp#27;[37m/session&amp#27;[39m &amp#27;[90m{"capabilities":{"firstMatch":[{}],"alwaysMatch":{"appium:appActivity":"com.androidsample.generalstore.SplashActivity","appium:appPackage":"com.androidsample.generalstore","appium:automationName":"UiAutomator2","appium:deviceName":"Samsung_Galaxy_S21","appium:noReset":true,"appium:platformVersion":"10.0","appium:systemPort":8201,"appium:udid":"R3CRC00KHBT","platformName":"ANDROID"}}}&amp#27;[39m
&amp#27;[38;5;169m[AppiumDriver@5d51]&amp#27;[0m Calling AppiumDriver.createSession() with args: [null,null,{"firstMatch":[{}],"alwaysMatch":{"appium:appActivity":"com.androidsample.generalstore.SplashActivity","appium:appPackage":"com.androidsample.generalstore","appium:automationName":"UiAutomator2","appium:deviceName":"Samsung_Galaxy_S21","appium:noReset":true,"appium:platformVersion":"10.0","appium:systemPort":8201,"appium:udid":"R3CRC00KHBT","platformName":"ANDROID"}}]
&amp#27;[38;5;169m[AppiumDriver@5d51]&amp#27;[0m Event 'newSessionRequested' logged at 1750203346702 (19:35:46 GMT-0400 (Eastern Daylight Saving Time))
&amp#27;[38;5;112m[Appium]&amp#27;[0m Attempting to find matching driver for automationName 'UiAutomator2' and platformName 'ANDROID'
&amp#27;[38;5;112m[Appium]&amp#27;[0m The 'uiautomator2' driver was installed and matched caps.
&amp#27;[38;5;112m[Appium]&amp#27;[0m Will require it at C:\Users\sajus\.appium\node_modules\appium-uiautomator2-driver
&amp#27;[38;5;112m[Appium]&amp#27;[0m Requiring driver at C:\Users\sajus\.appium\node_modules\appium-uiautomator2-driver\build\index.js
&amp#27;[38;5;169m[AppiumDriver@5d51]&amp#27;[0m Appium v2.18.0 creating new AndroidUiautomator2Driver (v4.2.3) session
&amp#27;[38;5;169m[AppiumDriver@5d51]&amp#27;[0m Checking BaseDriver versions for Appium and AndroidUiautomator2Driver
&amp#27;[38;5;169m[AppiumDriver@5d51]&amp#27;[0m Appium's BaseDriver version is 9.17.0
&amp#27;[38;5;169m[AppiumDriver@5d51]&amp#27;[0m AndroidUiautomator2Driver's BaseDriver version is 9.17.0
&amp#27;[38;5;-10m[AndroidUiautomator2Driver@1064]&amp#27;[0m 
&amp#27;[38;5;-10m[AndroidUiautomator2Driver@1064]&amp#27;[0m Creating session with W3C capabilities: {
  "alwaysMatch": {
    "platformName": "ANDROID",
    "appium:appActivity": "com.androidsample.generalstore.SplashActivity",
    "appium:appPackage": "com.androidsample.generalstore",
    "appium:automationName": "UiAutomator2",
    "appium:deviceName": "Samsung_Galaxy_S21",
    "appium:noReset": true,
    "appium:platformVersion": "10.0",
    "appium:systemPort": 8201,
    "appium:udid": "R3CRC00KHBT"
  },
  "firstMatch": [
    {}
  ]
}
&amp#27;[38;5;142m[b3ede57a]&amp#27;[0m&amp#27;[38;5;-10m[AndroidUiautomator2Driver@1064]&amp#27;[0m Session created with session id: b3ede57a-b9bd-46eb-b470-459546fb7f88
&amp#27;[38;5;142m[b3ede57a]&amp#27;[0m&amp#27;[38;5;229m[ADB]&amp#27;[0m Found 3 'build-tools' folders under 'C:\Users\sajus\AppData\Local\Android\Sdk' (newest first):
&amp#27;[38;5;142m[b3ede57a]&amp#27;[0m&amp#27;[38;5;229m[ADB]&amp#27;[0m     C:\Users\sajus\AppData\Local\Android\Sdk\build-tools\36.0.0
&amp#27;[38;5;142m[b3ede57a]&amp#27;[0m&amp#27;[38;5;229m[ADB]&amp#27;[0m     C:\Users\sajus\AppData\Local\Android\Sdk\build-tools\35.0.1
&amp#27;[38;5;142m[b3ede57a]&amp#27;[0m&amp#27;[38;5;229m[ADB]&amp#27;[0m     C:\Users\sajus\AppData\Local\Android\Sdk\build-tools\35.0.0
&amp#27;[38;5;142m[b3ede57a]&amp#27;[0m&amp#27;[38;5;229m[ADB]&amp#27;[0m Using 'adb.exe' from 'C:\Users\sajus\AppData\Local\Android\Sdk\platform-tools\adb.exe'
&amp#27;[38;5;142m[b3ede57a]&amp#27;[0m&amp#27;[38;5;229m[ADB]&amp#27;[0m Running 'C:\Users\sajus\AppData\Local\Android\Sdk\platform-tools\adb.exe -P 5037 start-server'
&amp#27;[38;5;142m[b3ede57a]&amp#27;[0m&amp#27;[38;5;-10m[AndroidUiautomator2Driver@1064]&amp#27;[0m Retrieving device list
&amp#27;[38;5;142m[b3ede57a]&amp#27;[0m&amp#27;[38;5;229m[ADB]&amp#27;[0m Trying to find connected Android devices
&amp#27;[38;5;142m[b3ede57a]&amp#27;[0m&amp#27;[38;5;229m[ADB]&amp#27;[0m Getting connected devices
&amp#27;[38;5;142m[b3ede57a]&amp#27;[0m&amp#27;[38;5;229m[ADB]&amp#27;[0m Connected devices: [{"udid":"CTLID18120801016","state":"device"},{"udid":"R3CRC00KHBT","state":"device"}]
&amp#27;[38;5;142m[b3ede57a]&amp#27;[0m&amp#27;[38;5;-10m[AndroidUiautomator2Driver@1064]&amp#27;[0m Using device: R3CRC00KHBT
&amp#27;[38;5;142m[b3ede57a]&amp#27;[0m&amp#27;[38;5;229m[ADB]&amp#27;[0m Using 'adb.exe' from 'C:\Users\sajus\AppData\Local\Android\Sdk\platform-tools\adb.exe'
&amp#27;[38;5;142m[b3ede57a]&amp#27;[0m&amp#27;[38;5;229m[ADB]&amp#27;[0m Running 'C:\Users\sajus\AppData\Local\Android\Sdk\platform-tools\adb.exe -P 5037 start-server'
&amp#27;[38;5;142m[b3ede57a]&amp#27;[0m&amp#27;[38;5;229m[ADB]&amp#27;[0m Setting device id to R3CRC00KHBT
&amp#27;[38;5;142m[b3ede57a]&amp#27;[0m&amp#27;[38;5;-10m[AndroidUiautomator2Driver@1064]&amp#27;[0m Starting 'com.androidsample.generalstore' directly on the device
&amp#27;[38;5;142m[b3ede57a]&amp#27;[0m&amp#27;[38;5;229m[ADB]&amp#27;[0m Running 'C:\Users\sajus\AppData\Local\Android\Sdk\platform-tools\adb.exe -P 5037 -s R3CRC00KHBT shell getprop ro.build.version.sdk'
&amp#27;[38;5;142m[b3ede57a]&amp#27;[0m&amp#27;[38;5;229m[ADB]&amp#27;[0m Current device property 'ro.build.version.sdk': 35
&amp#27;[38;5;142m[b3ede57a]&amp#27;[0m&amp#27;[38;5;229m[ADB]&amp#27;[0m Getting device platform version
&amp#27;[38;5;142m[b3ede57a]&amp#27;[0m&amp#27;[38;5;229m[ADB]&amp#27;[0m Running 'C:\Users\sajus\AppData\Local\Android\Sdk\platform-tools\adb.exe -P 5037 -s R3CRC00KHBT shell getprop ro.build.version.release'
&amp#27;[38;5;142m[b3ede57a]&amp#27;[0m&amp#27;[38;5;229m[ADB]&amp#27;[0m Current device property 'ro.build.version.release': 15
&amp#27;[38;5;142m[b3ede57a]&amp#27;[0m&amp#27;[38;5;229m[ADB]&amp#27;[0m Device API level: 35
&amp#27;[38;5;142m[b3ede57a]&amp#27;[0m&amp#27;[38;5;-10m[AndroidUiautomator2Driver@1064]&amp#27;[0m Relaxing hidden api policy
&amp#27;[38;5;142m[b3ede57a]&amp#27;[0m&amp#27;[38;5;229m[ADB]&amp#27;[0m Running 'C:\Users\sajus\AppData\Local\Android\Sdk\platform-tools\adb.exe -P 5037 -s R3CRC00KHBT shell 'settings put global hidden_api_policy_pre_p_apps 1;settings put global hidden_api_policy_p_apps 1;settings put global hidden_api_policy 1''
&amp#27;[38;5;142m[b3ede57a]&amp#27;[0m&amp#27;[38;5;-10m[AndroidUiautomator2Driver@1064]&amp#27;[0m Pushing settings apk to the device...
&amp#27;[38;5;142m[b3ede57a]&amp#27;[0m&amp#27;[38;5;229m[ADB]&amp#27;[0m Getting package info for 'io.appium.settings'
&amp#27;[38;5;142m[b3ede57a]&amp#27;[0m&amp#27;[38;5;229m[ADB]&amp#27;[0m Running 'C:\Users\sajus\AppData\Local\Android\Sdk\platform-tools\adb.exe -P 5037 -s R3CRC00KHBT shell dumpsys package io.appium.settings'
&amp#27;[38;5;142m[b3ede57a]&amp#27;[0m&amp#27;[38;5;229m[ADB]&amp#27;[0m Using 'aapt2.exe' from 'C:\Users\sajus\AppData\Local\Android\Sdk\build-tools\36.0.0\aapt2.exe'
&amp#27;[38;5;142m[b3ede57a]&amp#27;[0m&amp#27;[38;5;229m[ADB]&amp#27;[0m Reading package manifest: 'C:\\Users\\sajus\\AppData\\Local\\Android\\Sdk\\build-tools\\36.0.0\\aapt2.exe dump badging C:\\Users\\sajus\\.appium\\node_modules\\appium-uiautomator2-driver\\node_modules\\io.appium.settings\\apks\\settings_apk-debug.apk'
&amp#27;[38;5;142m[b3ede57a]&amp#27;[0m&amp#27;[38;5;229m[ADB]&amp#27;[0m The version name of the installed 'io.appium.settings' is greater or equal to the application version name ('5.14.8' >= '5.14.8')
&amp#27;[38;5;142m[b3ede57a]&amp#27;[0m&amp#27;[38;5;229m[ADB]&amp#27;[0m There is no need to install/upgrade 'C:\Users\sajus\.appium\node_modules\appium-uiautomator2-driver\node_modules\io.appium.settings\apks\settings_apk-debug.apk'
&amp#27;[38;5;142m[b3ede57a]&amp#27;[0m&amp#27;[38;5;229m[ADB]&amp#27;[0m Running 'C:\Users\sajus\AppData\Local\Android\Sdk\platform-tools\adb.exe -P 5037 -s R3CRC00KHBT shell dumpsys activity services io.appium.settings'
&amp#27;[38;5;142m[b3ede57a]&amp#27;[0m&amp#27;[38;5;-10m[AndroidUiautomator2Driver@1064]&amp#27;[0m io.appium.settings is already running. There is no need to reset its permissions.
&amp#27;[38;5;142m[b3ede57a]&amp#27;[0m&amp#27;[38;5;160m[Logcat]&amp#27;[0m Starting logs capture with command: C:\\Users\\sajus\\AppData\\Local\\Android\\Sdk\\platform-tools\\adb.exe -P 5037 -s R3CRC00KHBT logcat -v threadtime
&amp#27;[38;5;142m[b3ede57a]&amp#27;[0m&amp#27;[38;5;229m[ADB]&amp#27;[0m Running 'C:\Users\sajus\AppData\Local\Android\Sdk\platform-tools\adb.exe -P 5037 -s R3CRC00KHBT shell appops set io.appium.settings android:mock_location allow'
&amp#27;[38;5;142m[b3ede57a]&amp#27;[0m&amp#27;[38;5;229m[ADB]&amp#27;[0m Running 'C:\Users\sajus\AppData\Local\Android\Sdk\platform-tools\adb.exe -P 5037 -s R3CRC00KHBT shell "[ -e '/data/local/tmp/mock_apps.json' ] && echo __PASS__"'
&amp#27;[38;5;112m[Appium]&amp#27;[0m AndroidUiautomator2Driver has been successfully loaded in 1.141s
&amp#27;[38;5;112m[Appium]&amp#27;[0m Appium REST http interface listener started on http://0.0.0.0:4723
&amp#27;[38;5;112m[Appium]&amp#27;[0m You can provide the following URLs in your client code to connect to this server:
	http://192.168.2.20:4723/
	http://127.0.0.1:4723/ (only accessible from the same host)
&amp#27;[38;5;112m[Appium]&amp#27;[0m Available drivers:
&amp#27;[38;5;112m[Appium]&amp#27;[0m   - uiautomator2@4.2.3 (automationName 'UiAutomator2')
&amp#27;[38;5;112m[Appium]&amp#27;[0m No plugins have been installed. Use the "appium plugin" command to install the one(s) you want to use.
&amp#27;[38;5;86m[HTTP]&amp#27;[0m &amp#27;[37m-->&amp#27;[39m &amp#27;[37mGET&amp#27;[39m &amp#27;[37m/status&amp#27;[39m &amp#27;[90m{}&amp#27;[39m
&amp#27;[38;5;205m[AppiumDriver@cc5b]&amp#27;[0m Calling AppiumDriver.getStatus() with args: []
&amp#27;[38;5;205m[AppiumDriver@cc5b]&amp#27;[0m Responding to client with driver.getStatus() result: {"ready":true,"message":"The server is ready to accept new connections","build":{"version":"2.18.0"}}
Appium server started on port: 4723
&amp#27;[38;5;86m[HTTP]&amp#27;[0m &amp#27;[37m<-- GET /status &amp#27;[39m&amp#27;[32m200&amp#27;[39m &amp#27;[90m5 ms - 111&amp#27;[39m &amp#27;[90m&amp#27;[39m
&amp#27;[38;5;142m[b3ede57a]&amp#27;[0m&amp#27;[38;5;229m[ADB]&amp#27;[0m Running 'C:\Users\sajus\AppData\Local\Android\Sdk\platform-tools\adb.exe -P 5037 -s R3CRC00KHBT shell cat /data/local/tmp/mock_apps.json'
&amp#27;[38;5;86m[HTTP]&amp#27;[0m Request idempotency key: e73b0b1b-482f-42e4-9ae4-117061c47856
&amp#27;[38;5;86m[HTTP]&amp#27;[0m &amp#27;[37m-->&amp#27;[39m &amp#27;[37mPOST&amp#27;[39m &amp#27;[37m/session&amp#27;[39m &amp#27;[90m{"capabilities":{"firstMatch":[{}],"alwaysMatch":{"appium:appActivity":"com.androidsample.generalstore.SplashActivity","appium:appPackage":"com.androidsample.generalstore","appium:automationName":"UiAutomator2","appium:deviceName":"Nokia","appium:noReset":true,"appium:platformVersion":"11.0","appium:systemPort":8200,"appium:udid":"CTLID18120801016","platformName":"ANDROID"}}}&amp#27;[39m
&amp#27;[38;5;205m[AppiumDriver@cc5b]&amp#27;[0m Calling AppiumDriver.createSession() with args: [null,null,{"firstMatch":[{}],"alwaysMatch":{"appium:appActivity":"com.androidsample.generalstore.SplashActivity","appium:appPackage":"com.androidsample.generalstore","appium:automationName":"UiAutomator2","appium:deviceName":"Nokia","appium:noReset":true,"appium:platformVersion":"11.0","appium:systemPort":8200,"appium:udid":"CTLID18120801016","platformName":"ANDROID"}}]
&amp#27;[38;5;205m[AppiumDriver@cc5b]&amp#27;[0m Event 'newSessionRequested' logged at 1750203347805 (19:35:47 GMT-0400 (Eastern Daylight Saving Time))
&amp#27;[38;5;112m[Appium]&amp#27;[0m Attempting to find matching driver for automationName 'UiAutomator2' and platformName 'ANDROID'
&amp#27;[38;5;112m[Appium]&amp#27;[0m The 'uiautomator2' driver was installed and matched caps.
&amp#27;[38;5;112m[Appium]&amp#27;[0m Will require it at C:\Users\sajus\.appium\node_modules\appium-uiautomator2-driver
&amp#27;[38;5;112m[Appium]&amp#27;[0m Requiring driver at C:\Users\sajus\.appium\node_modules\appium-uiautomator2-driver\build\index.js
&amp#27;[38;5;205m[AppiumDriver@cc5b]&amp#27;[0m Appium v2.18.0 creating new AndroidUiautomator2Driver (v4.2.3) session
&amp#27;[38;5;205m[AppiumDriver@cc5b]&amp#27;[0m Checking BaseDriver versions for Appium and AndroidUiautomator2Driver
&amp#27;[38;5;205m[AppiumDriver@cc5b]&amp#27;[0m Appium's BaseDriver version is 9.17.0
&amp#27;[38;5;205m[AppiumDriver@cc5b]&amp#27;[0m AndroidUiautomator2Driver's BaseDriver version is 9.17.0
&amp#27;[38;5;2m[AndroidUiautomator2Driver@7ec8]&amp#27;[0m 
&amp#27;[38;5;2m[AndroidUiautomator2Driver@7ec8]&amp#27;[0m Creating session with W3C capabilities: {
  "alwaysMatch": {
    "platformName": "ANDROID",
    "appium:appActivity": "com.androidsample.generalstore.SplashActivity",
    "appium:appPackage": "com.androidsample.generalstore",
    "appium:automationName": "UiAutomator2",
    "appium:deviceName": "Nokia",
    "appium:noReset": true,
    "appium:platformVersion": "11.0",
    "appium:systemPort": 8200,
    "appium:udid": "CTLID18120801016"
  },
  "firstMatch": [
    {}
  ]
}
&amp#27;[38;5;228m[61b1573e]&amp#27;[0m&amp#27;[38;5;2m[AndroidUiautomator2Driver@7ec8]&amp#27;[0m Session created with session id: 61b1573e-c8cc-4ed1-a039-7d8f6bc98109
&amp#27;[38;5;228m[61b1573e]&amp#27;[0m&amp#27;[38;5;229m[ADB]&amp#27;[0m Found 3 'build-tools' folders under 'C:\Users\sajus\AppData\Local\Android\Sdk' (newest first):
&amp#27;[38;5;228m[61b1573e]&amp#27;[0m&amp#27;[38;5;229m[ADB]&amp#27;[0m     C:\Users\sajus\AppData\Local\Android\Sdk\build-tools\36.0.0
&amp#27;[38;5;228m[61b1573e]&amp#27;[0m&amp#27;[38;5;229m[ADB]&amp#27;[0m     C:\Users\sajus\AppData\Local\Android\Sdk\build-tools\35.0.1
&amp#27;[38;5;228m[61b1573e]&amp#27;[0m&amp#27;[38;5;229m[ADB]&amp#27;[0m     C:\Users\sajus\AppData\Local\Android\Sdk\build-tools\35.0.0
&amp#27;[38;5;228m[61b1573e]&amp#27;[0m&amp#27;[38;5;229m[ADB]&amp#27;[0m Using 'adb.exe' from 'C:\Users\sajus\AppData\Local\Android\Sdk\platform-tools\adb.exe'
&amp#27;[38;5;228m[61b1573e]&amp#27;[0m&amp#27;[38;5;229m[ADB]&amp#27;[0m Running 'C:\Users\sajus\AppData\Local\Android\Sdk\platform-tools\adb.exe -P 5037 start-server'
&amp#27;[38;5;142m[b3ede57a]&amp#27;[0m&amp#27;[38;5;-10m[AndroidUiautomator2Driver@1064]&amp#27;[0m Forwarding UiAutomator2 Server port 6790 to local port 8201
&amp#27;[38;5;142m[b3ede57a]&amp#27;[0m&amp#27;[38;5;229m[ADB]&amp#27;[0m Forwarding system: 8201 to device: 6790
&amp#27;[38;5;142m[b3ede57a]&amp#27;[0m&amp#27;[38;5;229m[ADB]&amp#27;[0m Running 'C:\Users\sajus\AppData\Local\Android\Sdk\platform-tools\adb.exe -P 5037 -s R3CRC00KHBT forward tcp:8201 tcp:6790'
&amp#27;[38;5;228m[61b1573e]&amp#27;[0m&amp#27;[38;5;2m[AndroidUiautomator2Driver@7ec8]&amp#27;[0m Retrieving device list
&amp#27;[38;5;228m[61b1573e]&amp#27;[0m&amp#27;[38;5;229m[ADB]&amp#27;[0m Trying to find connected Android devices
&amp#27;[38;5;228m[61b1573e]&amp#27;[0m&amp#27;[38;5;229m[ADB]&amp#27;[0m Getting connected devices
&amp#27;[38;5;142m[b3ede57a]&amp#27;[0m&amp#27;[38;5;-10m[AndroidUiautomator2Driver@1064]&amp#27;[0m UIA2Proxy options: {"server":"127.0.0.1","port":8201,"keepAlive":true,"scheme":"http","base":"","reqBasePath":"","sessionId":null,"timeout":240000}
&amp#27;[38;5;142m[b3ede57a]&amp#27;[0m&amp#27;[38;5;229m[ADB]&amp#27;[0m Getting package info for 'io.appium.uiautomator2.server'
&amp#27;[38;5;142m[b3ede57a]&amp#27;[0m&amp#27;[38;5;229m[ADB]&amp#27;[0m Running 'C:\Users\sajus\AppData\Local\Android\Sdk\platform-tools\adb.exe -P 5037 -s R3CRC00KHBT shell dumpsys package io.appium.uiautomator2.server'
&amp#27;[38;5;228m[61b1573e]&amp#27;[0m&amp#27;[38;5;229m[ADB]&amp#27;[0m Connected devices: [{"udid":"CTLID18120801016","state":"device"},{"udid":"R3CRC00KHBT","state":"device"}]
&amp#27;[38;5;228m[61b1573e]&amp#27;[0m&amp#27;[38;5;2m[AndroidUiautomator2Driver@7ec8]&amp#27;[0m Using device: CTLID18120801016
&amp#27;[38;5;228m[61b1573e]&amp#27;[0m&amp#27;[38;5;229m[ADB]&amp#27;[0m Using 'adb.exe' from 'C:\Users\sajus\AppData\Local\Android\Sdk\platform-tools\adb.exe'
&amp#27;[38;5;228m[61b1573e]&amp#27;[0m&amp#27;[38;5;229m[ADB]&amp#27;[0m Running 'C:\Users\sajus\AppData\Local\Android\Sdk\platform-tools\adb.exe -P 5037 start-server'
&amp#27;[38;5;142m[b3ede57a]&amp#27;[0m&amp#27;[38;5;229m[ADB]&amp#27;[0m Getting install status for io.appium.uiautomator2.server.test
&amp#27;[38;5;142m[b3ede57a]&amp#27;[0m&amp#27;[38;5;-10m[AndroidUiautomator2Driver@1064]&amp#27;[0m No app capability. Assuming it is already on the device
&amp#27;[38;5;142m[b3ede57a]&amp#27;[0m&amp#27;[38;5;229m[ADB]&amp#27;[0m Running 'C:\Users\sajus\AppData\Local\Android\Sdk\platform-tools\adb.exe -P 5037 -s R3CRC00KHBT shell cmd package list packages'
&amp#27;[38;5;228m[61b1573e]&amp#27;[0m&amp#27;[38;5;229m[ADB]&amp#27;[0m Setting device id to CTLID18120801016
&amp#27;[38;5;228m[61b1573e]&amp#27;[0m&amp#27;[38;5;2m[AndroidUiautomator2Driver@7ec8]&amp#27;[0m Starting 'com.androidsample.generalstore' directly on the device
&amp#27;[38;5;228m[61b1573e]&amp#27;[0m&amp#27;[38;5;229m[ADB]&amp#27;[0m Running 'C:\Users\sajus\AppData\Local\Android\Sdk\platform-tools\adb.exe -P 5037 -s CTLID18120801016 shell getprop ro.build.version.sdk'
&amp#27;[38;5;142m[b3ede57a]&amp#27;[0m&amp#27;[38;5;229m[ADB]&amp#27;[0m Reading package manifest: 'C:\\Users\\sajus\\AppData\\Local\\Android\\Sdk\\build-tools\\36.0.0\\aapt2.exe dump badging C:\\Users\\sajus\\.appium\\node_modules\\appium-uiautomator2-driver\\node_modules\\appium-uiautomator2-server\\apks\\appium-uiautomator2-server-v7.5.2.apk'
&amp#27;[38;5;142m[b3ede57a]&amp#27;[0m&amp#27;[38;5;229m[ADB]&amp#27;[0m 'io.appium.uiautomator2.server.test' is installed
&amp#27;[38;5;228m[61b1573e]&amp#27;[0m&amp#27;[38;5;229m[ADB]&amp#27;[0m Current device property 'ro.build.version.sdk': 29
&amp#27;[38;5;228m[61b1573e]&amp#27;[0m&amp#27;[38;5;229m[ADB]&amp#27;[0m Getting device platform version
&amp#27;[38;5;228m[61b1573e]&amp#27;[0m&amp#27;[38;5;229m[ADB]&amp#27;[0m Running 'C:\Users\sajus\AppData\Local\Android\Sdk\platform-tools\adb.exe -P 5037 -s CTLID18120801016 shell getprop ro.build.version.release'
&amp#27;[38;5;142m[b3ede57a]&amp#27;[0m&amp#27;[38;5;229m[ADB]&amp#27;[0m The version name of the installed 'io.appium.uiautomator2.server' is greater or equal to the application version name ('7.5.2' >= '7.5.2')
&amp#27;[38;5;142m[b3ede57a]&amp#27;[0m&amp#27;[38;5;-10m[AndroidUiautomator2Driver@1064]&amp#27;[0m Server packages status: [{"installState":"sameVersionInstalled","appPath":"C:\\Users\\sajus\\.appium\\node_modules\\appium-uiautomator2-driver\\node_modules\\appium-uiautomator2-server\\apks\\appium-uiautomator2-server-v7.5.2.apk","appId":"io.appium.uiautomator2.server"},{"installState":"sameVersionInstalled","appPath":"C:\\Users\\sajus\\.appium\\node_modules\\appium-uiautomator2-driver\\node_modules\\appium-uiautomator2-server\\apks\\appium-uiautomator2-server-debug-androidTest.apk","appId":"io.appium.uiautomator2.server.test"}]
&amp#27;[38;5;142m[b3ede57a]&amp#27;[0m&amp#27;[38;5;-10m[AndroidUiautomator2Driver@1064]&amp#27;[0m Server packages are not going to be (re)installed
&amp#27;[38;5;142m[b3ede57a]&amp#27;[0m&amp#27;[38;5;-10m[AndroidUiautomator2Driver@1064]&amp#27;[0m Waiting up to 30000ms for services to be available
&amp#27;[38;5;142m[b3ede57a]&amp#27;[0m&amp#27;[38;5;229m[ADB]&amp#27;[0m Running 'C:\Users\sajus\AppData\Local\Android\Sdk\platform-tools\adb.exe -P 5037 -s R3CRC00KHBT shell pm list instrumentation'
&amp#27;[38;5;228m[61b1573e]&amp#27;[0m&amp#27;[38;5;229m[ADB]&amp#27;[0m Current device property 'ro.build.version.release': 10
&amp#27;[38;5;228m[61b1573e]&amp#27;[0m&amp#27;[38;5;229m[ADB]&amp#27;[0m Device API level: 29
&amp#27;[38;5;228m[61b1573e]&amp#27;[0m&amp#27;[38;5;2m[AndroidUiautomator2Driver@7ec8]&amp#27;[0m Relaxing hidden api policy
&amp#27;[38;5;228m[61b1573e]&amp#27;[0m&amp#27;[38;5;229m[ADB]&amp#27;[0m Running 'C:\Users\sajus\AppData\Local\Android\Sdk\platform-tools\adb.exe -P 5037 -s CTLID18120801016 shell 'settings put global hidden_api_policy_pre_p_apps 1;settings put global hidden_api_policy_p_apps 1;settings put global hidden_api_policy 1''
&amp#27;[38;5;228m[61b1573e]&amp#27;[0m&amp#27;[38;5;2m[AndroidUiautomator2Driver@7ec8]&amp#27;[0m Pushing settings apk to the device...
&amp#27;[38;5;228m[61b1573e]&amp#27;[0m&amp#27;[38;5;229m[ADB]&amp#27;[0m Getting package info for 'io.appium.settings'
&amp#27;[38;5;228m[61b1573e]&amp#27;[0m&amp#27;[38;5;229m[ADB]&amp#27;[0m Running 'C:\Users\sajus\AppData\Local\Android\Sdk\platform-tools\adb.exe -P 5037 -s CTLID18120801016 shell dumpsys package io.appium.settings'
&amp#27;[38;5;142m[b3ede57a]&amp#27;[0m&amp#27;[38;5;-10m[AndroidUiautomator2Driver@1064]&amp#27;[0m Instrumentation target 'io.appium.uiautomator2.server.test/androidx.test.runner.AndroidJUnitRunner' is available
&amp#27;[38;5;142m[b3ede57a]&amp#27;[0m&amp#27;[38;5;229m[ADB]&amp#27;[0m Adding packages ["io.appium.settings","io.appium.uiautomator2.server","io.appium.uiautomator2.server.test"] to Doze whitelist
&amp#27;[38;5;142m[b3ede57a]&amp#27;[0m&amp#27;[38;5;229m[ADB]&amp#27;[0m Got the following command chunks to execute: [["dumpsys","deviceidle","whitelist","+io.appium.settings",";","dumpsys","deviceidle","whitelist","+io.appium.uiautomator2.server",";","dumpsys","deviceidle","whitelist","+io.appium.uiautomator2.server.test",";"]]
&amp#27;[38;5;142m[b3ede57a]&amp#27;[0m&amp#27;[38;5;229m[ADB]&amp#27;[0m Running 'C:\Users\sajus\AppData\Local\Android\Sdk\platform-tools\adb.exe -P 5037 -s R3CRC00KHBT shell dumpsys deviceidle whitelist +io.appium.settings ; dumpsys deviceidle whitelist +io.appium.uiautomator2.server ; dumpsys deviceidle whitelist +io.appium.uiautomator2.server.test ;'
&amp#27;[38;5;228m[61b1573e]&amp#27;[0m&amp#27;[38;5;229m[ADB]&amp#27;[0m Using 'aapt2.exe' from 'C:\Users\sajus\AppData\Local\Android\Sdk\build-tools\36.0.0\aapt2.exe'
&amp#27;[38;5;228m[61b1573e]&amp#27;[0m&amp#27;[38;5;229m[ADB]&amp#27;[0m Reading package manifest: 'C:\\Users\\sajus\\AppData\\Local\\Android\\Sdk\\build-tools\\36.0.0\\aapt2.exe dump badging C:\\Users\\sajus\\.appium\\node_modules\\appium-uiautomator2-driver\\node_modules\\io.appium.settings\\apks\\settings_apk-debug.apk'
&amp#27;[38;5;228m[61b1573e]&amp#27;[0m&amp#27;[38;5;229m[ADB]&amp#27;[0m The version name of the installed 'io.appium.settings' is greater or equal to the application version name ('5.14.8' >= '5.14.8')
&amp#27;[38;5;228m[61b1573e]&amp#27;[0m&amp#27;[38;5;229m[ADB]&amp#27;[0m There is no need to install/upgrade 'C:\Users\sajus\.appium\node_modules\appium-uiautomator2-driver\node_modules\io.appium.settings\apks\settings_apk-debug.apk'
&amp#27;[38;5;228m[61b1573e]&amp#27;[0m&amp#27;[38;5;229m[ADB]&amp#27;[0m Running 'C:\Users\sajus\AppData\Local\Android\Sdk\platform-tools\adb.exe -P 5037 -s CTLID18120801016 shell dumpsys activity services io.appium.settings'
&amp#27;[38;5;142m[b3ede57a]&amp#27;[0m&amp#27;[38;5;-10m[AndroidUiautomator2Driver@1064]&amp#27;[0m Performing shallow cleanup of automation leftovers
&amp#27;[38;5;142m[b3ede57a]&amp#27;[0m&amp#27;[38;5;-10m[AndroidUiautomator2Driver@1064]&amp#27;[0m No obsolete sessions have been detected (socket hang up)
&amp#27;[38;5;142m[b3ede57a]&amp#27;[0m&amp#27;[38;5;229m[ADB]&amp#27;[0m Running 'C:\Users\sajus\AppData\Local\Android\Sdk\platform-tools\adb.exe -P 5037 -s R3CRC00KHBT shell am force-stop io.appium.uiautomator2.server'
&amp#27;[38;5;228m[61b1573e]&amp#27;[0m&amp#27;[38;5;2m[AndroidUiautomator2Driver@7ec8]&amp#27;[0m io.appium.settings is already running. There is no need to reset its permissions.
&amp#27;[38;5;228m[61b1573e]&amp#27;[0m&amp#27;[38;5;160m[Logcat]&amp#27;[0m Starting logs capture with command: C:\\Users\\sajus\\AppData\\Local\\Android\\Sdk\\platform-tools\\adb.exe -P 5037 -s CTLID18120801016 logcat -v threadtime
&amp#27;[38;5;142m[b3ede57a]&amp#27;[0m&amp#27;[38;5;229m[ADB]&amp#27;[0m Running 'C:\Users\sajus\AppData\Local\Android\Sdk\platform-tools\adb.exe -P 5037 -s R3CRC00KHBT shell am force-stop io.appium.uiautomator2.server.test'
&amp#27;[38;5;228m[61b1573e]&amp#27;[0m&amp#27;[38;5;229m[ADB]&amp#27;[0m Running 'C:\Users\sajus\AppData\Local\Android\Sdk\platform-tools\adb.exe -P 5037 -s CTLID18120801016 shell appops set io.appium.settings android:mock_location allow'
&amp#27;[38;5;142m[b3ede57a]&amp#27;[0m&amp#27;[38;5;-10m[AndroidUiautomator2Driver@1064]&amp#27;[0m Starting UIAutomator2 server 7.5.2
&amp#27;[38;5;142m[b3ede57a]&amp#27;[0m&amp#27;[38;5;-10m[AndroidUiautomator2Driver@1064]&amp#27;[0m Using UIAutomator2 server from 'C:\Users\sajus\.appium\node_modules\appium-uiautomator2-driver\node_modules\appium-uiautomator2-server\apks\appium-uiautomator2-server-v7.5.2.apk' and test from 'C:\Users\sajus\.appium\node_modules\appium-uiautomator2-driver\node_modules\appium-uiautomator2-server\apks\appium-uiautomator2-server-debug-androidTest.apk'
&amp#27;[38;5;142m[b3ede57a]&amp#27;[0m&amp#27;[38;5;-10m[AndroidUiautomator2Driver@1064]&amp#27;[0m Waiting up to 30000ms for UiAutomator2 to be online...
&amp#27;[38;5;142m[b3ede57a]&amp#27;[0m&amp#27;[38;5;229m[ADB]&amp#27;[0m Creating ADB subprocess with args: ["-P","5037","-s","R3CRC00KHBT","shell","am","instrument","-w","-e","disableAnalytics","true","io.appium.uiautomator2.server.test/androidx.test.runner.AndroidJUnitRunner"]
&amp#27;[38;5;228m[61b1573e]&amp#27;[0m&amp#27;[38;5;229m[ADB]&amp#27;[0m Running 'C:\Users\sajus\AppData\Local\Android\Sdk\platform-tools\adb.exe -P 5037 -s CTLID18120801016 shell "[ -e '/data/local/tmp/mock_apps.json' ] && echo __PASS__"'
&amp#27;[38;5;142m[b3ede57a]&amp#27;[0m&amp#27;[38;5;-10m[AndroidUiautomator2Driver@1064]&amp#27;[0m Matched '/status' to command name 'getStatus'
&amp#27;[38;5;142m[b3ede57a]&amp#27;[0m&amp#27;[38;5;-10m[AndroidUiautomator2Driver@1064]&amp#27;[0m Proxying [GET /status] to [GET http://127.0.0.1:8201/status] with no body
&amp#27;[38;5;228m[61b1573e]&amp#27;[0m&amp#27;[38;5;229m[ADB]&amp#27;[0m Running 'C:\Users\sajus\AppData\Local\Android\Sdk\platform-tools\adb.exe -P 5037 -s CTLID18120801016 shell cat /data/local/tmp/mock_apps.json'
&amp#27;[38;5;142m[b3ede57a]&amp#27;[0m&amp#27;[38;5;-10m[AndroidUiautomator2Driver@1064]&amp#27;[0m socket hang up
&amp#27;[38;5;228m[61b1573e]&amp#27;[0m&amp#27;[38;5;2m[AndroidUiautomator2Driver@7ec8]&amp#27;[0m Forwarding UiAutomator2 Server port 6790 to local port 8200
&amp#27;[38;5;228m[61b1573e]&amp#27;[0m&amp#27;[38;5;229m[ADB]&amp#27;[0m Forwarding system: 8200 to device: 6790
&amp#27;[38;5;228m[61b1573e]&amp#27;[0m&amp#27;[38;5;229m[ADB]&amp#27;[0m Running 'C:\Users\sajus\AppData\Local\Android\Sdk\platform-tools\adb.exe -P 5037 -s CTLID18120801016 forward tcp:8200 tcp:6790'
&amp#27;[38;5;228m[61b1573e]&amp#27;[0m&amp#27;[38;5;2m[AndroidUiautomator2Driver@7ec8]&amp#27;[0m UIA2Proxy options: {"server":"127.0.0.1","port":8200,"keepAlive":true,"scheme":"http","base":"","reqBasePath":"","sessionId":null,"timeout":240000}
&amp#27;[38;5;228m[61b1573e]&amp#27;[0m&amp#27;[38;5;229m[ADB]&amp#27;[0m Getting package info for 'io.appium.uiautomator2.server'
&amp#27;[38;5;228m[61b1573e]&amp#27;[0m&amp#27;[38;5;229m[ADB]&amp#27;[0m Running 'C:\Users\sajus\AppData\Local\Android\Sdk\platform-tools\adb.exe -P 5037 -s CTLID18120801016 shell dumpsys package io.appium.uiautomator2.server'
&amp#27;[38;5;228m[61b1573e]&amp#27;[0m&amp#27;[38;5;229m[ADB]&amp#27;[0m Getting install status for io.appium.uiautomator2.server.test
&amp#27;[38;5;228m[61b1573e]&amp#27;[0m&amp#27;[38;5;2m[AndroidUiautomator2Driver@7ec8]&amp#27;[0m No app capability. Assuming it is already on the device
&amp#27;[38;5;228m[61b1573e]&amp#27;[0m&amp#27;[38;5;229m[ADB]&amp#27;[0m Running 'C:\Users\sajus\AppData\Local\Android\Sdk\platform-tools\adb.exe -P 5037 -s CTLID18120801016 shell cmd package list packages'
&amp#27;[38;5;228m[61b1573e]&amp#27;[0m&amp#27;[38;5;229m[ADB]&amp#27;[0m Reading package manifest: 'C:\\Users\\sajus\\AppData\\Local\\Android\\Sdk\\build-tools\\36.0.0\\aapt2.exe dump badging C:\\Users\\sajus\\.appium\\node_modules\\appium-uiautomator2-driver\\node_modules\\appium-uiautomator2-server\\apks\\appium-uiautomator2-server-v7.5.2.apk'
&amp#27;[38;5;228m[61b1573e]&amp#27;[0m&amp#27;[38;5;229m[ADB]&amp#27;[0m 'io.appium.uiautomator2.server.test' is installed
&amp#27;[38;5;228m[61b1573e]&amp#27;[0m&amp#27;[38;5;229m[ADB]&amp#27;[0m The version name of the installed 'io.appium.uiautomator2.server' is greater or equal to the application version name ('7.5.2' >= '7.5.2')
&amp#27;[38;5;228m[61b1573e]&amp#27;[0m&amp#27;[38;5;2m[AndroidUiautomator2Driver@7ec8]&amp#27;[0m Server packages status: [{"installState":"sameVersionInstalled","appPath":"C:\\Users\\sajus\\.appium\\node_modules\\appium-uiautomator2-driver\\node_modules\\appium-uiautomator2-server\\apks\\appium-uiautomator2-server-v7.5.2.apk","appId":"io.appium.uiautomator2.server"},{"installState":"sameVersionInstalled","appPath":"C:\\Users\\sajus\\.appium\\node_modules\\appium-uiautomator2-driver\\node_modules\\appium-uiautomator2-server\\apks\\appium-uiautomator2-server-debug-androidTest.apk","appId":"io.appium.uiautomator2.server.test"}]
&amp#27;[38;5;228m[61b1573e]&amp#27;[0m&amp#27;[38;5;2m[AndroidUiautomator2Driver@7ec8]&amp#27;[0m Server packages are not going to be (re)installed
&amp#27;[38;5;228m[61b1573e]&amp#27;[0m&amp#27;[38;5;2m[AndroidUiautomator2Driver@7ec8]&amp#27;[0m Waiting up to 30000ms for services to be available
&amp#27;[38;5;228m[61b1573e]&amp#27;[0m&amp#27;[38;5;229m[ADB]&amp#27;[0m Running 'C:\Users\sajus\AppData\Local\Android\Sdk\platform-tools\adb.exe -P 5037 -s CTLID18120801016 shell pm list instrumentation'
&amp#27;[38;5;228m[61b1573e]&amp#27;[0m&amp#27;[38;5;2m[AndroidUiautomator2Driver@7ec8]&amp#27;[0m Instrumentation target 'io.appium.uiautomator2.server.test/androidx.test.runner.AndroidJUnitRunner' is available
&amp#27;[38;5;228m[61b1573e]&amp#27;[0m&amp#27;[38;5;229m[ADB]&amp#27;[0m Adding packages ["io.appium.settings","io.appium.uiautomator2.server","io.appium.uiautomator2.server.test"] to Doze whitelist
&amp#27;[38;5;228m[61b1573e]&amp#27;[0m&amp#27;[38;5;229m[ADB]&amp#27;[0m Got the following command chunks to execute: [["dumpsys","deviceidle","whitelist","+io.appium.settings",";","dumpsys","deviceidle","whitelist","+io.appium.uiautomator2.server",";","dumpsys","deviceidle","whitelist","+io.appium.uiautomator2.server.test",";"]]
&amp#27;[38;5;228m[61b1573e]&amp#27;[0m&amp#27;[38;5;229m[ADB]&amp#27;[0m Running 'C:\Users\sajus\AppData\Local\Android\Sdk\platform-tools\adb.exe -P 5037 -s CTLID18120801016 shell dumpsys deviceidle whitelist +io.appium.settings ; dumpsys deviceidle whitelist +io.appium.uiautomator2.server ; dumpsys deviceidle whitelist +io.appium.uiautomator2.server.test ;'
&amp#27;[38;5;142m[b3ede57a]&amp#27;[0m&amp#27;[38;5;-10m[AndroidUiautomator2Driver@1064]&amp#27;[0m [Instrumentation] 
&amp#27;[38;5;228m[61b1573e]&amp#27;[0m&amp#27;[38;5;2m[AndroidUiautomator2Driver@7ec8]&amp#27;[0m Performing shallow cleanup of automation leftovers
&amp#27;[38;5;228m[61b1573e]&amp#27;[0m&amp#27;[38;5;2m[AndroidUiautomator2Driver@7ec8]&amp#27;[0m No obsolete sessions have been detected (socket hang up)
&amp#27;[38;5;228m[61b1573e]&amp#27;[0m&amp#27;[38;5;229m[ADB]&amp#27;[0m Running 'C:\Users\sajus\AppData\Local\Android\Sdk\platform-tools\adb.exe -P 5037 -s CTLID18120801016 shell am force-stop io.appium.uiautomator2.server'
&amp#27;[38;5;228m[61b1573e]&amp#27;[0m&amp#27;[38;5;229m[ADB]&amp#27;[0m Running 'C:\Users\sajus\AppData\Local\Android\Sdk\platform-tools\adb.exe -P 5037 -s CTLID18120801016 shell am force-stop io.appium.uiautomator2.server.test'
&amp#27;[38;5;228m[61b1573e]&amp#27;[0m&amp#27;[38;5;2m[AndroidUiautomator2Driver@7ec8]&amp#27;[0m Starting UIAutomator2 server 7.5.2
&amp#27;[38;5;228m[61b1573e]&amp#27;[0m&amp#27;[38;5;2m[AndroidUiautomator2Driver@7ec8]&amp#27;[0m Using UIAutomator2 server from 'C:\Users\sajus\.appium\node_modules\appium-uiautomator2-driver\node_modules\appium-uiautomator2-server\apks\appium-uiautomator2-server-v7.5.2.apk' and test from 'C:\Users\sajus\.appium\node_modules\appium-uiautomator2-driver\node_modules\appium-uiautomator2-server\apks\appium-uiautomator2-server-debug-androidTest.apk'
&amp#27;[38;5;228m[61b1573e]&amp#27;[0m&amp#27;[38;5;2m[AndroidUiautomator2Driver@7ec8]&amp#27;[0m Waiting up to 30000ms for UiAutomator2 to be online...
&amp#27;[38;5;228m[61b1573e]&amp#27;[0m&amp#27;[38;5;229m[ADB]&amp#27;[0m Creating ADB subprocess with args: ["-P","5037","-s","CTLID18120801016","shell","am","instrument","-w","-e","disableAnalytics","true","io.appium.uiautomator2.server.test/androidx.test.runner.AndroidJUnitRunner"]
&amp#27;[38;5;228m[61b1573e]&amp#27;[0m&amp#27;[38;5;2m[AndroidUiautomator2Driver@7ec8]&amp#27;[0m Matched '/status' to command name 'getStatus'
&amp#27;[38;5;228m[61b1573e]&amp#27;[0m&amp#27;[38;5;2m[AndroidUiautomator2Driver@7ec8]&amp#27;[0m Proxying [GET /status] to [GET http://127.0.0.1:8200/status] with no body
&amp#27;[38;5;228m[61b1573e]&amp#27;[0m&amp#27;[38;5;2m[AndroidUiautomator2Driver@7ec8]&amp#27;[0m socket hang up
&amp#27;[38;5;142m[b3ede57a]&amp#27;[0m&amp#27;[38;5;-10m[AndroidUiautomator2Driver@1064]&amp#27;[0m Matched '/status' to command name 'getStatus'
&amp#27;[38;5;142m[b3ede57a]&amp#27;[0m&amp#27;[38;5;-10m[AndroidUiautomator2Driver@1064]&amp#27;[0m Proxying [GET /status] to [GET http://127.0.0.1:8201/status] with no body
&amp#27;[38;5;142m[b3ede57a]&amp#27;[0m&amp#27;[38;5;-10m[AndroidUiautomator2Driver@1064]&amp#27;[0m Got response with status 200: {"sessionId":"None","value":{"message":"UiAutomator2 Server is ready to accept commands","ready":true}}
&amp#27;[38;5;142m[b3ede57a]&amp#27;[0m&amp#27;[38;5;-10m[AndroidUiautomator2Driver@1064]&amp#27;[0m The initialization of the instrumentation process took 1174ms
&amp#27;[38;5;142m[b3ede57a]&amp#27;[0m&amp#27;[38;5;-10m[AndroidUiautomator2Driver@1064]&amp#27;[0m Matched '/session' to command name 'createSession'
&amp#27;[38;5;142m[b3ede57a]&amp#27;[0m&amp#27;[38;5;-10m[AndroidUiautomator2Driver@1064]&amp#27;[0m Proxying [POST /session] to [POST http://127.0.0.1:8201/session] with body: {"capabilities":{"firstMatch":[{"platformName":"ANDROID","appActivity":"com.androidsample.generalstore.SplashActivity","appPackage":"com.androidsample.generalstore","automationName":"UiAutomator2","deviceName":"R3CRC00KHBT","noReset":true,"platformVersion":"10.0","systemPort":8201,"udid":"R3CRC00KHBT","platform":"LINUX","webStorageEnabled":false,"takesScreenshot":true,"javascriptEnabled":true,"databaseEnabled":false,"networkConnectionEnabled":true,"locationContextEnabled":false,"warnings":{},"desired":{"platformName":"ANDROID","appActivity":"com.androidsample.generalstore.SplashActivity","appPackage":"com.androidsample.generalstore","automationName":"UiAutomator2","deviceName":"Samsung_Galaxy_S21","noReset":true,"platformVersion":"10.0","systemPort":8201,"udid":"R3CRC00KHBT"},"deviceUDID":"R3CRC00KHBT"}],"alwaysMatch":{}}}
&amp#27;[38;5;142m[b3ede57a]&amp#27;[0m&amp#27;[38;5;-10m[AndroidUiautomator2Driver@1064]&amp#27;[0m Got response with status 200: {"sessionId":"f3423726-8768-44da-b679-737db9d04d30","value":{"capabilities":{"firstMatch":[{"platformName":"ANDROID","appActivity":"com.androidsample.generalstore.SplashActivity","appPackage":"com.androidsample.generalstore","automationName":"UiAutomator2","deviceName":"R3CRC00KHBT","noReset":true,"platformVersion":"10.0","systemPort":8201,"udid":"R3CRC00KHBT","platform":"LINUX","webStorageEnabled":false,"takesScreenshot":true,"javascriptEnabled":true,"databaseEnabled":false,"networkConnectionEnabled":true,"locationContextEnabled":false,"warnings":{},"desired":{"platformName":"ANDROID","appActivity":"com.androidsample.generalstore.SplashActivity","appPackage":"com.androidsample.generalstore","automationName":"UiAutomator2","deviceName":"Samsung_Galaxy_S21","noReset":true,"platformVersion":"10.0","systemPort":8201,"udid":"R3CRC00KHBT"},"deviceUDID":"R3CRC00KHBT"}],"alwaysMatch":{}},"sessionId":"f3423726-8768-44da-b679-737db9d04d30"}}
&amp#27;[38;5;142m[b3ede57a]&amp#27;[0m&amp#27;[38;5;-10m[AndroidUiautomator2Driver@1064]&amp#27;[0m Determined the downstream protocol as 'W3C'
&amp#27;[38;5;142m[b3ede57a]&amp#27;[0m&amp#27;[38;5;-10m[AndroidUiautomator2Driver@1064]&amp#27;[0m Proxying [GET /appium/device/pixel_ratio] to [GET http://127.0.0.1:8201/session/f3423726-8768-44da-b679-737db9d04d30/appium/device/pixel_ratio] with no body
&amp#27;[38;5;142m[b3ede57a]&amp#27;[0m&amp#27;[38;5;-10m[AndroidUiautomator2Driver@1064]&amp#27;[0m Matched '/appium/device/system_bars' to command name 'getSystemBars'
&amp#27;[38;5;142m[b3ede57a]&amp#27;[0m&amp#27;[38;5;-10m[AndroidUiautomator2Driver@1064]&amp#27;[0m Proxying [GET /appium/device/system_bars] to [GET http://127.0.0.1:8201/session/f3423726-8768-44da-b679-737db9d04d30/appium/device/system_bars] with no body
&amp#27;[38;5;142m[b3ede57a]&amp#27;[0m&amp#27;[38;5;-10m[AndroidUiautomator2Driver@1064]&amp#27;[0m Matched '/window/current/size' to command name 'getWindowSize'
&amp#27;[38;5;142m[b3ede57a]&amp#27;[0m&amp#27;[38;5;-10m[AndroidUiautomator2Driver@1064]&amp#27;[0m Proxying [GET /window/current/size] to [GET http://127.0.0.1:8201/session/f3423726-8768-44da-b679-737db9d04d30/window/current/size] with no body
&amp#27;[38;5;142m[b3ede57a]&amp#27;[0m&amp#27;[38;5;-10m[AndroidUiautomator2Driver@1064]&amp#27;[0m Proxying [GET /appium/device/info] to [GET http://127.0.0.1:8201/session/f3423726-8768-44da-b679-737db9d04d30/appium/device/info] with no body
&amp#27;[38;5;142m[b3ede57a]&amp#27;[0m&amp#27;[38;5;229m[ADB]&amp#27;[0m Running 'C:\Users\sajus\AppData\Local\Android\Sdk\platform-tools\adb.exe -P 5037 -s R3CRC00KHBT shell dumpsys window'
&amp#27;[38;5;142m[b3ede57a]&amp#27;[0m&amp#27;[38;5;229m[ADB]&amp#27;[0m Running 'C:\Users\sajus\AppData\Local\Android\Sdk\platform-tools\adb.exe -P 5037 -s R3CRC00KHBT shell dumpsys power'
&amp#27;[38;5;142m[b3ede57a]&amp#27;[0m&amp#27;[38;5;-10m[AndroidUiautomator2Driver@1064]&amp#27;[0m Got response with status 200: {"sessionId":"f3423726-8768-44da-b679-737db9d04d30","value":3}
&amp#27;[38;5;142m[b3ede57a]&amp#27;[0m&amp#27;[38;5;-10m[AndroidUiautomator2Driver@1064]&amp#27;[0m Got response with status 200: {"sessionId":"f3423726-8768-44da-b679-737db9d04d30","value":{"statusBar":80}}
&amp#27;[38;5;142m[b3ede57a]&amp#27;[0m&amp#27;[38;5;-10m[AndroidUiautomator2Driver@1064]&amp#27;[0m Got response with status 200: {"sessionId":"f3423726-8768-44da-b679-737db9d04d30","value":{"height":2400,"width":1080}}
&amp#27;[38;5;142m[b3ede57a]&amp#27;[0m&amp#27;[38;5;-10m[AndroidUiautomator2Driver@1064]&amp#27;[0m Got response with status 200: {"sessionId":"f3423726-8768-44da-b679-737db9d04d30","value":{"androidId":"f27012414286a658","apiVersion":"35","bluetooth":{"state":"ON"},"brand":"samsung","carrierName":"","displayDensity":480,"locale":"en_CA","manufacturer":"samsung","model":"SM-G991W","networks":[{"capabilities":{"SSID":null,"linkDownBandwidthKbps":282299,"linkUpstreamBandwidthKbps":1421,"networkCapabilities":"NET_CAPABILITY_NOT_METERED,NET_CAPABILITY_INTERNET,NET_CAPABILITY_NOT_RESTRICTED,NET_CAPABILITY_TRUSTED,NET_CAPABILITY_NOT_VPN,NET_CAPABILITY_VALIDATED,NET_CAPABILITY_NOT_ROAMING,NET_CAPABILITY_FOREGROUND,NET_CAPABILITY_NOT_CONGESTED,NET_CAPABILITY_NOT_SUSPENDED","signalStrength":-51,"transportTypes":"TRANSPORT_WIFI"},"detailedState":"CONNECTED","extraInfo":"","isAvailable":true,"isConnected":true,"isFailover":false,"isRoaming":false,"state":"CONNECTED","subtype":-1,"subtypeName":"","type":1,"typeName":"WIFI"}],"platformVersion":"15","realDisplaySize":"1080x2400","timeZone":"America/New_York"}}
&amp#27;[38;5;142m[b3ede57a]&amp#27;[0m&amp#27;[38;5;-10m[AndroidUiautomator2Driver@1064]&amp#27;[0m Screen already unlocked, doing nothing
&amp#27;[38;5;142m[b3ede57a]&amp#27;[0m&amp#27;[38;5;-10m[AndroidUiautomator2Driver@1064]&amp#27;[0m Starting 'com.androidsample.generalstore/com.androidsample.generalstore.SplashActivity' and waiting for 'com.androidsample.generalstore/com.androidsample.generalstore.SplashActivity'
&amp#27;[38;5;142m[b3ede57a]&amp#27;[0m&amp#27;[38;5;229m[ADB]&amp#27;[0m Getting IDs of all 'com.androidsample.generalstore' processes
&amp#27;[38;5;142m[b3ede57a]&amp#27;[0m&amp#27;[38;5;229m[ADB]&amp#27;[0m Running 'C:\Users\sajus\AppData\Local\Android\Sdk\platform-tools\adb.exe -P 5037 -s R3CRC00KHBT shell 'pgrep --help; echo $?''
&amp#27;[38;5;142m[b3ede57a]&amp#27;[0m&amp#27;[38;5;229m[ADB]&amp#27;[0m Running 'C:\Users\sajus\AppData\Local\Android\Sdk\platform-tools\adb.exe -P 5037 -s R3CRC00KHBT shell pgrep -f \(\[\[:blank:\]\]\|\^\)com\.androidsample\.generalstore\(:\[a-zA-Z0-9_-\]\+\)\?\(\[\[:blank:\]\]\|\$\)'
&amp#27;[38;5;142m[b3ede57a]&amp#27;[0m&amp#27;[38;5;229m[ADB]&amp#27;[0m Running 'C:\Users\sajus\AppData\Local\Android\Sdk\platform-tools\adb.exe -P 5037 -s R3CRC00KHBT shell am start-activity -W -n com.androidsample.generalstore/com.androidsample.generalstore.SplashActivity -S -a android.intent.action.MAIN -c android.intent.category.LAUNCHER -f 0x10200000'
&amp#27;[38;5;228m[61b1573e]&amp#27;[0m&amp#27;[38;5;2m[AndroidUiautomator2Driver@7ec8]&amp#27;[0m Matched '/status' to command name 'getStatus'
&amp#27;[38;5;228m[61b1573e]&amp#27;[0m&amp#27;[38;5;2m[AndroidUiautomator2Driver@7ec8]&amp#27;[0m Proxying [GET /status] to [GET http://127.0.0.1:8200/status] with no body
&amp#27;[38;5;228m[61b1573e]&amp#27;[0m&amp#27;[38;5;2m[AndroidUiautomator2Driver@7ec8]&amp#27;[0m socket hang up
&amp#27;[38;5;142m[b3ede57a]&amp#27;[0m&amp#27;[38;5;169m[AppiumDriver@5d51]&amp#27;[0m New AndroidUiautomator2Driver session created successfully, session b3ede57a-b9bd-46eb-b470-459546fb7f88 added to master session list
&amp#27;[38;5;142m[b3ede57a]&amp#27;[0m&amp#27;[38;5;169m[AppiumDriver@5d51]&amp#27;[0m Event 'newSessionStarted' logged at 1750203351001 (19:35:51 GMT-0400 (Eastern Daylight Saving Time))
&amp#27;[38;5;142m[b3ede57a]&amp#27;[0m&amp#27;[38;5;-10m[AndroidUiautomator2Driver@1064]&amp#27;[0m Cached the protocol value 'W3C' for the new session b3ede57a-b9bd-46eb-b470-459546fb7f88
&amp#27;[38;5;142m[b3ede57a]&amp#27;[0m&amp#27;[38;5;-10m[AndroidUiautomator2Driver@1064]&amp#27;[0m Responding to client with driver.createSession() result: {"capabilities":{"platformName":"ANDROID","appActivity":"com.androidsample.generalstore.SplashActivity","appPackage":"com.androidsample.generalstore","automationName":"UiAutomator2","deviceName":"R3CRC00KHBT","noReset":true,"platformVersion":"15","systemPort":8201,"udid":"R3CRC00KHBT","platform":"LINUX","webStorageEnabled":false,"takesScreenshot":true,"javascriptEnabled":true,"databaseEnabled":false,"networkConnectionEnabled":true,"locationContextEnabled":false,"warnings":{},"desired":{"platformName":"ANDROID","appActivity":"com.androidsample.generalstore.SplashActivity","appPackage":"com.androidsample.generalstore","automationName":"UiAutomator2","deviceName":"Samsung_Galaxy_S21","noReset":true,"platformVersion":"10.0","systemPort":8201,"udid":"R3CRC00KHBT"},"deviceUDID":"R3CRC00KHBT","pixelRatio":"3","statBarHeight":80,"viewportRect":{"left":0,"top":80,"width":1080,"height":2320},"deviceApiLevel":35,"deviceManufacturer":"samsung","deviceModel":"SM-G991W","deviceScreenSize":"1080x2400","deviceScreenDensit...
&amp#27;[38;5;142m[b3ede57a]&amp#27;[0m&amp#27;[38;5;86m[HTTP]&amp#27;[0m &amp#27;[37m<-- POST /session &amp#27;[39m&amp#27;[32m200&amp#27;[39m &amp#27;[90m4302 ms - 1090&amp#27;[39m &amp#27;[90m&amp#27;[39m
Device: Samsung_Galaxy_S21
&amp#27;[38;5;228m[61b1573e]&amp#27;[0m&amp#27;[38;5;2m[AndroidUiautomator2Driver@7ec8]&amp#27;[0m [Instrumentation] 
&amp#27;[38;5;228m[61b1573e]&amp#27;[0m&amp#27;[38;5;2m[AndroidUiautomator2Driver@7ec8]&amp#27;[0m Matched '/status' to command name 'getStatus'
&amp#27;[38;5;228m[61b1573e]&amp#27;[0m&amp#27;[38;5;2m[AndroidUiautomator2Driver@7ec8]&amp#27;[0m Proxying [GET /status] to [GET http://127.0.0.1:8200/status] with no body
&amp#27;[38;5;228m[61b1573e]&amp#27;[0m&amp#27;[38;5;2m[AndroidUiautomator2Driver@7ec8]&amp#27;[0m Got response with status 200: {"sessionId":"None","value":{"message":"UiAutomator2 Server is ready to accept commands","ready":true}}
&amp#27;[38;5;228m[61b1573e]&amp#27;[0m&amp#27;[38;5;2m[AndroidUiautomator2Driver@7ec8]&amp#27;[0m The initialization of the instrumentation process took 2207ms
&amp#27;[38;5;228m[61b1573e]&amp#27;[0m&amp#27;[38;5;2m[AndroidUiautomator2Driver@7ec8]&amp#27;[0m Matched '/session' to command name 'createSession'
&amp#27;[38;5;228m[61b1573e]&amp#27;[0m&amp#27;[38;5;2m[AndroidUiautomator2Driver@7ec8]&amp#27;[0m Proxying [POST /session] to [POST http://127.0.0.1:8200/session] with body: {"capabilities":{"firstMatch":[{"platformName":"ANDROID","appActivity":"com.androidsample.generalstore.SplashActivity","appPackage":"com.androidsample.generalstore","automationName":"UiAutomator2","deviceName":"CTLID18120801016","noReset":true,"platformVersion":"11.0","systemPort":8200,"udid":"CTLID18120801016","platform":"LINUX","webStorageEnabled":false,"takesScreenshot":true,"javascriptEnabled":true,"databaseEnabled":false,"networkConnectionEnabled":true,"locationContextEnabled":false,"warnings":{},"desired":{"platformName":"ANDROID","appActivity":"com.androidsample.generalstore.SplashActivity","appPackage":"com.androidsample.generalstore","automationName":"UiAutomator2","deviceName":"Nokia","noReset":true,"platformVersion":"11.0","systemPort":8200,"udid":"CTLID18120801016"},"deviceUDID":"CTLID18120801016"}],"alwaysMatch":{}}}
&amp#27;[38;5;228m[61b1573e]&amp#27;[0m&amp#27;[38;5;2m[AndroidUiautomator2Driver@7ec8]&amp#27;[0m Got response with status 200: {"sessionId":"2d4a0e19-8d46-45d5-bf74-dfe9a77e2d8d","value":{"capabilities":{"firstMatch":[{"platformName":"ANDROID","appActivity":"com.androidsample.generalstore.SplashActivity","appPackage":"com.androidsample.generalstore","automationName":"UiAutomator2","deviceName":"CTLID18120801016","noReset":true,"platformVersion":"11.0","systemPort":8200,"udid":"CTLID18120801016","platform":"LINUX","webStorageEnabled":false,"takesScreenshot":true,"javascriptEnabled":true,"databaseEnabled":false,"networkConnectionEnabled":true,"locationContextEnabled":false,"warnings":{},"desired":{"platformName":"ANDROID","appActivity":"com.androidsample.generalstore.SplashActivity","appPackage":"com.androidsample.generalstore","automationName":"UiAutomator2","deviceName":"Nokia","noReset":true,"platformVersion":"11.0","systemPort":8200,"udid":"CTLID18120801016"},"deviceUDID":"CTLID18120801016"}],"alwaysMatch":{}},"sessionId":"2d4a0e19-8d46-45d5-bf74-dfe9a77e2d8d"}}
&amp#27;[38;5;228m[61b1573e]&amp#27;[0m&amp#27;[38;5;2m[AndroidUiautomator2Driver@7ec8]&amp#27;[0m Determined the downstream protocol as 'W3C'
&amp#27;[38;5;228m[61b1573e]&amp#27;[0m&amp#27;[38;5;2m[AndroidUiautomator2Driver@7ec8]&amp#27;[0m Proxying [GET /appium/device/pixel_ratio] to [GET http://127.0.0.1:8200/session/2d4a0e19-8d46-45d5-bf74-dfe9a77e2d8d/appium/device/pixel_ratio] with no body
&amp#27;[38;5;228m[61b1573e]&amp#27;[0m&amp#27;[38;5;2m[AndroidUiautomator2Driver@7ec8]&amp#27;[0m Matched '/appium/device/system_bars' to command name 'getSystemBars'
&amp#27;[38;5;228m[61b1573e]&amp#27;[0m&amp#27;[38;5;2m[AndroidUiautomator2Driver@7ec8]&amp#27;[0m Proxying [GET /appium/device/system_bars] to [GET http://127.0.0.1:8200/session/2d4a0e19-8d46-45d5-bf74-dfe9a77e2d8d/appium/device/system_bars] with no body
&amp#27;[38;5;228m[61b1573e]&amp#27;[0m&amp#27;[38;5;2m[AndroidUiautomator2Driver@7ec8]&amp#27;[0m Matched '/window/current/size' to command name 'getWindowSize'
&amp#27;[38;5;228m[61b1573e]&amp#27;[0m&amp#27;[38;5;2m[AndroidUiautomator2Driver@7ec8]&amp#27;[0m Proxying [GET /window/current/size] to [GET http://127.0.0.1:8200/session/2d4a0e19-8d46-45d5-bf74-dfe9a77e2d8d/window/current/size] with no body
&amp#27;[38;5;228m[61b1573e]&amp#27;[0m&amp#27;[38;5;2m[AndroidUiautomator2Driver@7ec8]&amp#27;[0m Proxying [GET /appium/device/info] to [GET http://127.0.0.1:8200/session/2d4a0e19-8d46-45d5-bf74-dfe9a77e2d8d/appium/device/info] with no body
&amp#27;[38;5;228m[61b1573e]&amp#27;[0m&amp#27;[38;5;229m[ADB]&amp#27;[0m Running 'C:\Users\sajus\AppData\Local\Android\Sdk\platform-tools\adb.exe -P 5037 -s CTLID18120801016 shell dumpsys window'
&amp#27;[38;5;228m[61b1573e]&amp#27;[0m&amp#27;[38;5;229m[ADB]&amp#27;[0m Running 'C:\Users\sajus\AppData\Local\Android\Sdk\platform-tools\adb.exe -P 5037 -s CTLID18120801016 shell dumpsys power'
&amp#27;[38;5;228m[61b1573e]&amp#27;[0m&amp#27;[38;5;2m[AndroidUiautomator2Driver@7ec8]&amp#27;[0m Got response with status 200: {"sessionId":"2d4a0e19-8d46-45d5-bf74-dfe9a77e2d8d","value":2.625}
&amp#27;[38;5;228m[61b1573e]&amp#27;[0m&amp#27;[38;5;2m[AndroidUiautomator2Driver@7ec8]&amp#27;[0m Got response with status 200: {"sessionId":"2d4a0e19-8d46-45d5-bf74-dfe9a77e2d8d","value":{"statusBar":89}}
&amp#27;[38;5;228m[61b1573e]&amp#27;[0m&amp#27;[38;5;2m[AndroidUiautomator2Driver@7ec8]&amp#27;[0m Got response with status 200: {"sessionId":"2d4a0e19-8d46-45d5-bf74-dfe9a77e2d8d","value":{"height":2280,"width":1080}}
&amp#27;[38;5;228m[61b1573e]&amp#27;[0m&amp#27;[38;5;2m[AndroidUiautomator2Driver@7ec8]&amp#27;[0m Got response with status 200: {"sessionId":"2d4a0e19-8d46-45d5-bf74-dfe9a77e2d8d","value":{"androidId":"7be9e4e610cc4454","apiVersion":"29","bluetooth":{"state":"OFF"},"brand":"Nokia","carrierName":"","displayDensity":420,"locale":"en_IN","manufacturer":"HMD Global","model":"Nokia 7.1","networks":[{"capabilities":{"SSID":null,"linkDownBandwidthKbps":1048576,"linkUpstreamBandwidthKbps":1048576,"networkCapabilities":"NET_CAPABILITY_NOT_METERED,NET_CAPABILITY_INTERNET,NET_CAPABILITY_NOT_RESTRICTED,NET_CAPABILITY_TRUSTED,NET_CAPABILITY_NOT_VPN,NET_CAPABILITY_VALIDATED,NET_CAPABILITY_NOT_ROAMING,NET_CAPABILITY_FOREGROUND,NET_CAPABILITY_NOT_CONGESTED,NET_CAPABILITY_NOT_SUSPENDED","signalStrength":-54,"transportTypes":"TRANSPORT_WIFI"},"detailedState":"CONNECTED","extraInfo":null,"isAvailable":true,"isConnected":true,"isFailover":false,"isRoaming":false,"state":"CONNECTED","subtype":0,"subtypeName":"","type":1,"typeName":"WIFI"}],"platformVersion":"10","realDisplaySize":"1080x2280","timeZone":"America/Toronto"}}
&amp#27;[38;5;228m[61b1573e]&amp#27;[0m&amp#27;[38;5;2m[AndroidUiautomator2Driver@7ec8]&amp#27;[0m Screen already unlocked, doing nothing
&amp#27;[38;5;228m[61b1573e]&amp#27;[0m&amp#27;[38;5;2m[AndroidUiautomator2Driver@7ec8]&amp#27;[0m Starting 'com.androidsample.generalstore/com.androidsample.generalstore.SplashActivity' and waiting for 'com.androidsample.generalstore/com.androidsample.generalstore.SplashActivity'
&amp#27;[38;5;228m[61b1573e]&amp#27;[0m&amp#27;[38;5;229m[ADB]&amp#27;[0m Getting IDs of all 'com.androidsample.generalstore' processes
&amp#27;[38;5;228m[61b1573e]&amp#27;[0m&amp#27;[38;5;229m[ADB]&amp#27;[0m Running 'C:\Users\sajus\AppData\Local\Android\Sdk\platform-tools\adb.exe -P 5037 -s CTLID18120801016 shell 'pgrep --help; echo $?''
&amp#27;[38;5;228m[61b1573e]&amp#27;[0m&amp#27;[38;5;229m[ADB]&amp#27;[0m Running 'C:\Users\sajus\AppData\Local\Android\Sdk\platform-tools\adb.exe -P 5037 -s CTLID18120801016 shell pgrep -f \(\[\[:blank:\]\]\|\^\)com\.androidsample\.generalstore\(:\[a-zA-Z0-9_-\]\+\)\?\(\[\[:blank:\]\]\|\$\)'
&amp#27;[38;5;228m[61b1573e]&amp#27;[0m&amp#27;[38;5;229m[ADB]&amp#27;[0m Running 'C:\Users\sajus\AppData\Local\Android\Sdk\platform-tools\adb.exe -P 5037 -s CTLID18120801016 shell am start-activity -W -n com.androidsample.generalstore/com.androidsample.generalstore.SplashActivity -S -a android.intent.action.MAIN -c android.intent.category.LAUNCHER -f 0x10200000'
&amp#27;[38;5;228m[61b1573e]&amp#27;[0m&amp#27;[38;5;205m[AppiumDriver@cc5b]&amp#27;[0m New AndroidUiautomator2Driver session created successfully, session 61b1573e-c8cc-4ed1-a039-7d8f6bc98109 added to master session list
&amp#27;[38;5;228m[61b1573e]&amp#27;[0m&amp#27;[38;5;205m[AppiumDriver@cc5b]&amp#27;[0m Event 'newSessionStarted' logged at 1750203353124 (19:35:53 GMT-0400 (Eastern Daylight Saving Time))
&amp#27;[38;5;228m[61b1573e]&amp#27;[0m&amp#27;[38;5;2m[AndroidUiautomator2Driver@7ec8]&amp#27;[0m Cached the protocol value 'W3C' for the new session 61b1573e-c8cc-4ed1-a039-7d8f6bc98109
&amp#27;[38;5;228m[61b1573e]&amp#27;[0m&amp#27;[38;5;2m[AndroidUiautomator2Driver@7ec8]&amp#27;[0m Responding to client with driver.createSession() result: {"capabilities":{"platformName":"ANDROID","appActivity":"com.androidsample.generalstore.SplashActivity","appPackage":"com.androidsample.generalstore","automationName":"UiAutomator2","deviceName":"CTLID18120801016","noReset":true,"platformVersion":"10","systemPort":8200,"udid":"CTLID18120801016","platform":"LINUX","webStorageEnabled":false,"takesScreenshot":true,"javascriptEnabled":true,"databaseEnabled":false,"networkConnectionEnabled":true,"locationContextEnabled":false,"warnings":{},"desired":{"platformName":"ANDROID","appActivity":"com.androidsample.generalstore.SplashActivity","appPackage":"com.androidsample.generalstore","automationName":"UiAutomator2","deviceName":"Nokia","noReset":true,"platformVersion":"11.0","systemPort":8200,"udid":"CTLID18120801016"},"deviceUDID":"CTLID18120801016","pixelRatio":"2.625","statBarHeight":89,"viewportRect":{"left":0,"top":89,"width":1080,"height":2191},"deviceApiLevel":29,"deviceManufacturer":"HMD Global","deviceModel":"Nokia 7.1","deviceScreenSize":"1080x2280","dev...
&amp#27;[38;5;228m[61b1573e]&amp#27;[0m&amp#27;[38;5;86m[HTTP]&amp#27;[0m &amp#27;[37m<-- POST /session &amp#27;[39m&amp#27;[32m200&amp#27;[39m &amp#27;[90m5322 ms - 1105&amp#27;[39m &amp#27;[90m&amp#27;[39m
Device: Nokia
&amp#27;[38;5;142m[b3ede57a]&amp#27;[0m&amp#27;[38;5;86m[HTTP]&amp#27;[0m &amp#27;[37m-->&amp#27;[39m &amp#27;[37mPOST&amp#27;[39m &amp#27;[37m/session/b3ede57a-b9bd-46eb-b470-459546fb7f88/element&amp#27;[39m &amp#27;[90m{"using":"id","value":"com.androidsample.generalstore:id/nameField"}&amp#27;[39m
&amp#27;[38;5;142m[b3ede57a]&amp#27;[0m&amp#27;[38;5;-10m[AndroidUiautomator2Driver@1064]&amp#27;[0m Calling AppiumDriver.findElement() with args: ["id","com.androidsample.generalstore:id/nameField","b3ede57a-b9bd-46eb-b470-459546fb7f88"]
&amp#27;[38;5;142m[b3ede57a]&amp#27;[0m&amp#27;[38;5;-10m[AndroidUiautomator2Driver@1064]&amp#27;[0m Valid locator strategies for this request: xpath, id, class name, accessibility id, css selector, -android uiautomator
&amp#27;[38;5;142m[b3ede57a]&amp#27;[0m&amp#27;[38;5;-10m[AndroidUiautomator2Driver@1064]&amp#27;[0m Waiting up to 0 ms for condition
&amp#27;[38;5;142m[b3ede57a]&amp#27;[0m&amp#27;[38;5;-10m[AndroidUiautomator2Driver@1064]&amp#27;[0m Matched '/element' to command name 'findElement'
&amp#27;[38;5;142m[b3ede57a]&amp#27;[0m&amp#27;[38;5;-10m[AndroidUiautomator2Driver@1064]&amp#27;[0m Proxying [POST /element] to [POST http://127.0.0.1:8201/session/f3423726-8768-44da-b679-737db9d04d30/element] with body: {"strategy":"id","selector":"com.androidsample.generalstore:id/nameField","context":"","multiple":false}
&amp#27;[38;5;142m[b3ede57a]&amp#27;[0m&amp#27;[38;5;-10m[AndroidUiautomator2Driver@1064]&amp#27;[0m Got response with status 200: {"sessionId":"f3423726-8768-44da-b679-737db9d04d30","value":{"ELEMENT":"00000000-0000-0e88-ffff-ffff0000001c","element-6066-11e4-a52e-4f735466cecf":"00000000-0000-0e88-ffff-ffff0000001c"}}
&amp#27;[38;5;142m[b3ede57a]&amp#27;[0m&amp#27;[38;5;-10m[AndroidUiautomator2Driver@1064]&amp#27;[0m Responding to client with driver.findElement() result: {"element-6066-11e4-a52e-4f735466cecf":"00000000-0000-0e88-ffff-ffff0000001c","ELEMENT":"00000000-0000-0e88-ffff-ffff0000001c"}
&amp#27;[38;5;142m[b3ede57a]&amp#27;[0m&amp#27;[38;5;86m[HTTP]&amp#27;[0m &amp#27;[37m<-- POST /session/b3ede57a-b9bd-46eb-b470-459546fb7f88/element &amp#27;[39m&amp#27;[32m200&amp#27;[39m &amp#27;[90m49 ms - 137&amp#27;[39m &amp#27;[90m&amp#27;[39m
&amp#27;[38;5;142m[b3ede57a]&amp#27;[0m&amp#27;[38;5;86m[HTTP]&amp#27;[0m &amp#27;[37m-->&amp#27;[39m &amp#27;[37mPOST&amp#27;[39m &amp#27;[37m/session/b3ede57a-b9bd-46eb-b470-459546fb7f88/element/00000000-0000-0e88-ffff-ffff0000001c/value&amp#27;[39m &amp#27;[90m{"id":"00000000-0000-0e88-ffff-ffff0000001c","text":"Steve Smith","value":["S","t","e","v","e"," ","S","m","i","t","h"]}&amp#27;[39m
&amp#27;[38;5;142m[b3ede57a]&amp#27;[0m&amp#27;[38;5;-10m[AndroidUiautomator2Driver@1064]&amp#27;[0m Calling AppiumDriver.setValue() with args: [["S","t","e","v","e"," ","S","m","i","t","h"],"00000000-0000-0e88-ffff-ffff0000001c","b3ede57a-b9bd-46eb-b470-459546fb7f88"]
&amp#27;[38;5;142m[b3ede57a]&amp#27;[0m&amp#27;[38;5;-10m[AndroidUiautomator2Driver@1064]&amp#27;[0m Matched '/element/00000000-0000-0e88-ffff-ffff0000001c/value' to command name 'setValue'
&amp#27;[38;5;142m[b3ede57a]&amp#27;[0m&amp#27;[38;5;-10m[AndroidUiautomator2Driver@1064]&amp#27;[0m Added 'value' property ["S","t","e","v","e"," ","S","m","i","t","h"] to 'setValue' request body
&amp#27;[38;5;142m[b3ede57a]&amp#27;[0m&amp#27;[38;5;-10m[AndroidUiautomator2Driver@1064]&amp#27;[0m Proxying [POST /element/00000000-0000-0e88-ffff-ffff0000001c/value] to [POST http://127.0.0.1:8201/session/f3423726-8768-44da-b679-737db9d04d30/element/00000000-0000-0e88-ffff-ffff0000001c/value] with body: {"elementId":"00000000-0000-0e88-ffff-ffff0000001c","text":"Steve Smith","replace":false,"value":["S","t","e","v","e"," ","S","m","i","t","h"]}
&amp#27;[38;5;142m[b3ede57a]&amp#27;[0m&amp#27;[38;5;-10m[AndroidUiautomator2Driver@1064]&amp#27;[0m Got response with status 200: {"sessionId":"f3423726-8768-44da-b679-737db9d04d30","value":null}
&amp#27;[38;5;142m[b3ede57a]&amp#27;[0m&amp#27;[38;5;-10m[AndroidUiautomator2Driver@1064]&amp#27;[0m Responding to client with driver.setValue() result: null
&amp#27;[38;5;142m[b3ede57a]&amp#27;[0m&amp#27;[38;5;86m[HTTP]&amp#27;[0m &amp#27;[37m<-- POST /session/b3ede57a-b9bd-46eb-b470-459546fb7f88/element/00000000-0000-0e88-ffff-ffff0000001c/value &amp#27;[39m&amp#27;[32m200&amp#27;[39m &amp#27;[90m561 ms - 14&amp#27;[39m &amp#27;[90m&amp#27;[39m
&amp#27;[38;5;142m[b3ede57a]&amp#27;[0m&amp#27;[38;5;86m[HTTP]&amp#27;[0m &amp#27;[37m-->&amp#27;[39m &amp#27;[37mPOST&amp#27;[39m &amp#27;[37m/session/b3ede57a-b9bd-46eb-b470-459546fb7f88/execute/sync&amp#27;[39m &amp#27;[90m{"script":"mobile: hideKeyboard","args":[]}&amp#27;[39m
&amp#27;[38;5;142m[b3ede57a]&amp#27;[0m&amp#27;[38;5;-10m[AndroidUiautomator2Driver@1064]&amp#27;[0m Calling AppiumDriver.execute() with args: ["mobile: hideKeyboard",[],"b3ede57a-b9bd-46eb-b470-459546fb7f88"]
&amp#27;[38;5;142m[b3ede57a]&amp#27;[0m&amp#27;[38;5;229m[ADB]&amp#27;[0m Running 'C:\Users\sajus\AppData\Local\Android\Sdk\platform-tools\adb.exe -P 5037 -s R3CRC00KHBT shell dumpsys input_method'
&amp#27;[38;5;142m[b3ede57a]&amp#27;[0m&amp#27;[38;5;229m[ADB]&amp#27;[0m Keyboard has no UI; no closing necessary
&amp#27;[38;5;142m[b3ede57a]&amp#27;[0m&amp#27;[38;5;-10m[AndroidUiautomator2Driver@1064]&amp#27;[0m Responding to client with driver.execute() result: false
&amp#27;[38;5;142m[b3ede57a]&amp#27;[0m&amp#27;[38;5;86m[HTTP]&amp#27;[0m &amp#27;[37m<-- POST /session/b3ede57a-b9bd-46eb-b470-459546fb7f88/execute/sync &amp#27;[39m&amp#27;[32m200&amp#27;[39m &amp#27;[90m187 ms - 15&amp#27;[39m &amp#27;[90m&amp#27;[39m
&amp#27;[38;5;142m[b3ede57a]&amp#27;[0m&amp#27;[38;5;86m[HTTP]&amp#27;[0m &amp#27;[37m-->&amp#27;[39m &amp#27;[37mPOST&amp#27;[39m &amp#27;[37m/session/b3ede57a-b9bd-46eb-b470-459546fb7f88/element&amp#27;[39m &amp#27;[90m{"using":"id","value":"com.androidsample.generalstore:id/radioFemale"}&amp#27;[39m
&amp#27;[38;5;142m[b3ede57a]&amp#27;[0m&amp#27;[38;5;-10m[AndroidUiautomator2Driver@1064]&amp#27;[0m Calling AppiumDriver.findElement() with args: ["id","com.androidsample.generalstore:id/radioFemale","b3ede57a-b9bd-46eb-b470-459546fb7f88"]
&amp#27;[38;5;142m[b3ede57a]&amp#27;[0m&amp#27;[38;5;-10m[AndroidUiautomator2Driver@1064]&amp#27;[0m Valid locator strategies for this request: xpath, id, class name, accessibility id, css selector, -android uiautomator
&amp#27;[38;5;142m[b3ede57a]&amp#27;[0m&amp#27;[38;5;-10m[AndroidUiautomator2Driver@1064]&amp#27;[0m Waiting up to 0 ms for condition
&amp#27;[38;5;142m[b3ede57a]&amp#27;[0m&amp#27;[38;5;-10m[AndroidUiautomator2Driver@1064]&amp#27;[0m Matched '/element' to command name 'findElement'
&amp#27;[38;5;142m[b3ede57a]&amp#27;[0m&amp#27;[38;5;-10m[AndroidUiautomator2Driver@1064]&amp#27;[0m Proxying [POST /element] to [POST http://127.0.0.1:8201/session/f3423726-8768-44da-b679-737db9d04d30/element] with body: {"strategy":"id","selector":"com.androidsample.generalstore:id/radioFemale","context":"","multiple":false}
&amp#27;[38;5;142m[b3ede57a]&amp#27;[0m&amp#27;[38;5;-10m[AndroidUiautomator2Driver@1064]&amp#27;[0m Got response with status 200: {"sessionId":"f3423726-8768-44da-b679-737db9d04d30","value":{"ELEMENT":"00000000-0000-0e88-ffff-ffff00000020","element-6066-11e4-a52e-4f735466cecf":"00000000-0000-0e88-ffff-ffff00000020"}}
&amp#27;[38;5;142m[b3ede57a]&amp#27;[0m&amp#27;[38;5;-10m[AndroidUiautomator2Driver@1064]&amp#27;[0m Responding to client with driver.findElement() result: {"element-6066-11e4-a52e-4f735466cecf":"00000000-0000-0e88-ffff-ffff00000020","ELEMENT":"00000000-0000-0e88-ffff-ffff00000020"}
&amp#27;[38;5;142m[b3ede57a]&amp#27;[0m&amp#27;[38;5;86m[HTTP]&amp#27;[0m &amp#27;[37m<-- POST /session/b3ede57a-b9bd-46eb-b470-459546fb7f88/element &amp#27;[39m&amp#27;[32m200&amp#27;[39m &amp#27;[90m343 ms - 137&amp#27;[39m &amp#27;[90m&amp#27;[39m
&amp#27;[38;5;142m[b3ede57a]&amp#27;[0m&amp#27;[38;5;86m[HTTP]&amp#27;[0m &amp#27;[37m-->&amp#27;[39m &amp#27;[37mPOST&amp#27;[39m &amp#27;[37m/session/b3ede57a-b9bd-46eb-b470-459546fb7f88/element/00000000-0000-0e88-ffff-ffff00000020/click&amp#27;[39m &amp#27;[90m{"id":"00000000-0000-0e88-ffff-ffff00000020"}&amp#27;[39m
&amp#27;[38;5;142m[b3ede57a]&amp#27;[0m&amp#27;[38;5;-10m[AndroidUiautomator2Driver@1064]&amp#27;[0m Calling AppiumDriver.click() with args: ["00000000-0000-0e88-ffff-ffff00000020","b3ede57a-b9bd-46eb-b470-459546fb7f88"]
&amp#27;[38;5;142m[b3ede57a]&amp#27;[0m&amp#27;[38;5;-10m[AndroidUiautomator2Driver@1064]&amp#27;[0m Matched '/element/00000000-0000-0e88-ffff-ffff00000020/click' to command name 'click'
&amp#27;[38;5;142m[b3ede57a]&amp#27;[0m&amp#27;[38;5;-10m[AndroidUiautomator2Driver@1064]&amp#27;[0m Proxying [POST /element/00000000-0000-0e88-ffff-ffff00000020/click] to [POST http://127.0.0.1:8201/session/f3423726-8768-44da-b679-737db9d04d30/element/00000000-0000-0e88-ffff-ffff00000020/click] with body: {"element":"00000000-0000-0e88-ffff-ffff00000020"}
&amp#27;[38;5;142m[b3ede57a]&amp#27;[0m&amp#27;[38;5;-10m[AndroidUiautomator2Driver@1064]&amp#27;[0m Got response with status 200: {"sessionId":"f3423726-8768-44da-b679-737db9d04d30","value":null}
&amp#27;[38;5;142m[b3ede57a]&amp#27;[0m&amp#27;[38;5;-10m[AndroidUiautomator2Driver@1064]&amp#27;[0m Responding to client with driver.click() result: null
&amp#27;[38;5;142m[b3ede57a]&amp#27;[0m&amp#27;[38;5;86m[HTTP]&amp#27;[0m &amp#27;[37m<-- POST /session/b3ede57a-b9bd-46eb-b470-459546fb7f88/element/00000000-0000-0e88-ffff-ffff00000020/click &amp#27;[39m&amp#27;[32m200&amp#27;[39m &amp#27;[90m87 ms - 14&amp#27;[39m &amp#27;[90m&amp#27;[39m
&amp#27;[38;5;142m[b3ede57a]&amp#27;[0m&amp#27;[38;5;86m[HTTP]&amp#27;[0m &amp#27;[37m-->&amp#27;[39m &amp#27;[37mPOST&amp#27;[39m &amp#27;[37m/session/b3ede57a-b9bd-46eb-b470-459546fb7f88/element&amp#27;[39m &amp#27;[90m{"using":"id","value":"android:id/text1"}&amp#27;[39m
&amp#27;[38;5;142m[b3ede57a]&amp#27;[0m&amp#27;[38;5;-10m[AndroidUiautomator2Driver@1064]&amp#27;[0m Calling AppiumDriver.findElement() with args: ["id","android:id/text1","b3ede57a-b9bd-46eb-b470-459546fb7f88"]
&amp#27;[38;5;142m[b3ede57a]&amp#27;[0m&amp#27;[38;5;-10m[AndroidUiautomator2Driver@1064]&amp#27;[0m Valid locator strategies for this request: xpath, id, class name, accessibility id, css selector, -android uiautomator
&amp#27;[38;5;142m[b3ede57a]&amp#27;[0m&amp#27;[38;5;-10m[AndroidUiautomator2Driver@1064]&amp#27;[0m Waiting up to 0 ms for condition
&amp#27;[38;5;142m[b3ede57a]&amp#27;[0m&amp#27;[38;5;-10m[AndroidUiautomator2Driver@1064]&amp#27;[0m Matched '/element' to command name 'findElement'
&amp#27;[38;5;142m[b3ede57a]&amp#27;[0m&amp#27;[38;5;-10m[AndroidUiautomator2Driver@1064]&amp#27;[0m Proxying [POST /element] to [POST http://127.0.0.1:8201/session/f3423726-8768-44da-b679-737db9d04d30/element] with body: {"strategy":"id","selector":"android:id/text1","context":"","multiple":false}
&amp#27;[38;5;142m[b3ede57a]&amp#27;[0m&amp#27;[38;5;-10m[AndroidUiautomator2Driver@1064]&amp#27;[0m Got response with status 200: {"sessionId":"f3423726-8768-44da-b679-737db9d04d30","value":{"ELEMENT":"00000000-0000-0e88-ffff-ffff00000024","element-6066-11e4-a52e-4f735466cecf":"00000000-0000-0e88-ffff-ffff00000024"}}
&amp#27;[38;5;142m[b3ede57a]&amp#27;[0m&amp#27;[38;5;-10m[AndroidUiautomator2Driver@1064]&amp#27;[0m Responding to client with driver.findElement() result: {"element-6066-11e4-a52e-4f735466cecf":"00000000-0000-0e88-ffff-ffff00000024","ELEMENT":"00000000-0000-0e88-ffff-ffff00000024"}
&amp#27;[38;5;142m[b3ede57a]&amp#27;[0m&amp#27;[38;5;86m[HTTP]&amp#27;[0m &amp#27;[37m<-- POST /session/b3ede57a-b9bd-46eb-b470-459546fb7f88/element &amp#27;[39m&amp#27;[32m200&amp#27;[39m &amp#27;[90m626 ms - 137&amp#27;[39m &amp#27;[90m&amp#27;[39m
&amp#27;[38;5;142m[b3ede57a]&amp#27;[0m&amp#27;[38;5;86m[HTTP]&amp#27;[0m &amp#27;[37m-->&amp#27;[39m &amp#27;[37mPOST&amp#27;[39m &amp#27;[37m/session/b3ede57a-b9bd-46eb-b470-459546fb7f88/element/00000000-0000-0e88-ffff-ffff00000024/click&amp#27;[39m &amp#27;[90m{"id":"00000000-0000-0e88-ffff-ffff00000024"}&amp#27;[39m
&amp#27;[38;5;142m[b3ede57a]&amp#27;[0m&amp#27;[38;5;-10m[AndroidUiautomator2Driver@1064]&amp#27;[0m Calling AppiumDriver.click() with args: ["00000000-0000-0e88-ffff-ffff00000024","b3ede57a-b9bd-46eb-b470-459546fb7f88"]
&amp#27;[38;5;142m[b3ede57a]&amp#27;[0m&amp#27;[38;5;-10m[AndroidUiautomator2Driver@1064]&amp#27;[0m Matched '/element/00000000-0000-0e88-ffff-ffff00000024/click' to command name 'click'
&amp#27;[38;5;142m[b3ede57a]&amp#27;[0m&amp#27;[38;5;-10m[AndroidUiautomator2Driver@1064]&amp#27;[0m Proxying [POST /element/00000000-0000-0e88-ffff-ffff00000024/click] to [POST http://127.0.0.1:8201/session/f3423726-8768-44da-b679-737db9d04d30/element/00000000-0000-0e88-ffff-ffff00000024/click] with body: {"element":"00000000-0000-0e88-ffff-ffff00000024"}
&amp#27;[38;5;142m[b3ede57a]&amp#27;[0m&amp#27;[38;5;-10m[AndroidUiautomator2Driver@1064]&amp#27;[0m Got response with status 200: {"sessionId":"f3423726-8768-44da-b679-737db9d04d30","value":null}
&amp#27;[38;5;142m[b3ede57a]&amp#27;[0m&amp#27;[38;5;-10m[AndroidUiautomator2Driver@1064]&amp#27;[0m Responding to client with driver.click() result: null
&amp#27;[38;5;142m[b3ede57a]&amp#27;[0m&amp#27;[38;5;86m[HTTP]&amp#27;[0m &amp#27;[37m<-- POST /session/b3ede57a-b9bd-46eb-b470-459546fb7f88/element/00000000-0000-0e88-ffff-ffff00000024/click &amp#27;[39m&amp#27;[32m200&amp#27;[39m &amp#27;[90m84 ms - 14&amp#27;[39m &amp#27;[90m&amp#27;[39m
&amp#27;[38;5;142m[b3ede57a]&amp#27;[0m&amp#27;[38;5;86m[HTTP]&amp#27;[0m &amp#27;[37m-->&amp#27;[39m &amp#27;[37mPOST&amp#27;[39m &amp#27;[37m/session/b3ede57a-b9bd-46eb-b470-459546fb7f88/element&amp#27;[39m &amp#27;[90m{"using":"-android uiautomator","value":"new UiScrollable(new UiSelector()).scrollIntoView(text(\"Argentina\"));"}&amp#27;[39m
&amp#27;[38;5;142m[b3ede57a]&amp#27;[0m&amp#27;[38;5;-10m[AndroidUiautomator2Driver@1064]&amp#27;[0m Calling AppiumDriver.findElement() with args: ["-android uiautomator","new UiScrollable(new UiSelector()).scrollIntoView(text(\"Argentina\"));","b3ede57a-b9bd-46eb-b470-459546fb7f88"]
&amp#27;[38;5;142m[b3ede57a]&amp#27;[0m&amp#27;[38;5;-10m[AndroidUiautomator2Driver@1064]&amp#27;[0m Valid locator strategies for this request: xpath, id, class name, accessibility id, css selector, -android uiautomator
&amp#27;[38;5;142m[b3ede57a]&amp#27;[0m&amp#27;[38;5;-10m[AndroidUiautomator2Driver@1064]&amp#27;[0m Waiting up to 0 ms for condition
&amp#27;[38;5;142m[b3ede57a]&amp#27;[0m&amp#27;[38;5;-10m[AndroidUiautomator2Driver@1064]&amp#27;[0m Matched '/element' to command name 'findElement'
&amp#27;[38;5;142m[b3ede57a]&amp#27;[0m&amp#27;[38;5;-10m[AndroidUiautomator2Driver@1064]&amp#27;[0m Proxying [POST /element] to [POST http://127.0.0.1:8201/session/f3423726-8768-44da-b679-737db9d04d30/element] with body: {"strategy":"-android uiautomator","selector":"new UiScrollable(new UiSelector()).scrollIntoView(text(\"Argentina\"));","context":"","multiple":false}
&amp#27;[38;5;228m[61b1573e]&amp#27;[0m&amp#27;[38;5;86m[HTTP]&amp#27;[0m &amp#27;[37m-->&amp#27;[39m &amp#27;[37mPOST&amp#27;[39m &amp#27;[37m/session/61b1573e-c8cc-4ed1-a039-7d8f6bc98109/element&amp#27;[39m &amp#27;[90m{"using":"id","value":"com.androidsample.generalstore:id/nameField"}&amp#27;[39m
&amp#27;[38;5;228m[61b1573e]&amp#27;[0m&amp#27;[38;5;2m[AndroidUiautomator2Driver@7ec8]&amp#27;[0m Calling AppiumDriver.findElement() with args: ["id","com.androidsample.generalstore:id/nameField","61b1573e-c8cc-4ed1-a039-7d8f6bc98109"]
&amp#27;[38;5;228m[61b1573e]&amp#27;[0m&amp#27;[38;5;2m[AndroidUiautomator2Driver@7ec8]&amp#27;[0m Valid locator strategies for this request: xpath, id, class name, accessibility id, css selector, -android uiautomator
&amp#27;[38;5;228m[61b1573e]&amp#27;[0m&amp#27;[38;5;2m[AndroidUiautomator2Driver@7ec8]&amp#27;[0m Waiting up to 0 ms for condition
&amp#27;[38;5;228m[61b1573e]&amp#27;[0m&amp#27;[38;5;2m[AndroidUiautomator2Driver@7ec8]&amp#27;[0m Matched '/element' to command name 'findElement'
&amp#27;[38;5;228m[61b1573e]&amp#27;[0m&amp#27;[38;5;2m[AndroidUiautomator2Driver@7ec8]&amp#27;[0m Proxying [POST /element] to [POST http://127.0.0.1:8200/session/2d4a0e19-8d46-45d5-bf74-dfe9a77e2d8d/element] with body: {"strategy":"id","selector":"com.androidsample.generalstore:id/nameField","context":"","multiple":false}
&amp#27;[38;5;228m[61b1573e]&amp#27;[0m&amp#27;[38;5;2m[AndroidUiautomator2Driver@7ec8]&amp#27;[0m Got response with status 200: {"sessionId":"2d4a0e19-8d46-45d5-bf74-dfe9a77e2d8d","value":{"ELEMENT":"00000000-0000-049b-ffff-ffff0000001c","element-6066-11e4-a52e-4f735466cecf":"00000000-0000-049b-ffff-ffff0000001c"}}
&amp#27;[38;5;228m[61b1573e]&amp#27;[0m&amp#27;[38;5;2m[AndroidUiautomator2Driver@7ec8]&amp#27;[0m Responding to client with driver.findElement() result: {"element-6066-11e4-a52e-4f735466cecf":"00000000-0000-049b-ffff-ffff0000001c","ELEMENT":"00000000-0000-049b-ffff-ffff0000001c"}
&amp#27;[38;5;228m[61b1573e]&amp#27;[0m&amp#27;[38;5;86m[HTTP]&amp#27;[0m &amp#27;[37m<-- POST /session/61b1573e-c8cc-4ed1-a039-7d8f6bc98109/element &amp#27;[39m&amp#27;[32m200&amp#27;[39m &amp#27;[90m67 ms - 137&amp#27;[39m &amp#27;[90m&amp#27;[39m
&amp#27;[38;5;228m[61b1573e]&amp#27;[0m&amp#27;[38;5;86m[HTTP]&amp#27;[0m &amp#27;[37m-->&amp#27;[39m &amp#27;[37mPOST&amp#27;[39m &amp#27;[37m/session/61b1573e-c8cc-4ed1-a039-7d8f6bc98109/element/00000000-0000-049b-ffff-ffff0000001c/value&amp#27;[39m &amp#27;[90m{"id":"00000000-0000-049b-ffff-ffff0000001c","text":"Steve Smith","value":["S","t","e","v","e"," ","S","m","i","t","h"]}&amp#27;[39m
&amp#27;[38;5;228m[61b1573e]&amp#27;[0m&amp#27;[38;5;2m[AndroidUiautomator2Driver@7ec8]&amp#27;[0m Calling AppiumDriver.setValue() with args: [["S","t","e","v","e"," ","S","m","i","t","h"],"00000000-0000-049b-ffff-ffff0000001c","61b1573e-c8cc-4ed1-a039-7d8f6bc98109"]
&amp#27;[38;5;228m[61b1573e]&amp#27;[0m&amp#27;[38;5;2m[AndroidUiautomator2Driver@7ec8]&amp#27;[0m Matched '/element/00000000-0000-049b-ffff-ffff0000001c/value' to command name 'setValue'
&amp#27;[38;5;228m[61b1573e]&amp#27;[0m&amp#27;[38;5;2m[AndroidUiautomator2Driver@7ec8]&amp#27;[0m Added 'value' property ["S","t","e","v","e"," ","S","m","i","t","h"] to 'setValue' request body
&amp#27;[38;5;228m[61b1573e]&amp#27;[0m&amp#27;[38;5;2m[AndroidUiautomator2Driver@7ec8]&amp#27;[0m Proxying [POST /element/00000000-0000-049b-ffff-ffff0000001c/value] to [POST http://127.0.0.1:8200/session/2d4a0e19-8d46-45d5-bf74-dfe9a77e2d8d/element/00000000-0000-049b-ffff-ffff0000001c/value] with body: {"elementId":"00000000-0000-049b-ffff-ffff0000001c","text":"Steve Smith","replace":false,"value":["S","t","e","v","e"," ","S","m","i","t","h"]}
&amp#27;[38;5;228m[61b1573e]&amp#27;[0m&amp#27;[38;5;2m[AndroidUiautomator2Driver@7ec8]&amp#27;[0m Got response with status 200: {"sessionId":"2d4a0e19-8d46-45d5-bf74-dfe9a77e2d8d","value":null}
&amp#27;[38;5;228m[61b1573e]&amp#27;[0m&amp#27;[38;5;2m[AndroidUiautomator2Driver@7ec8]&amp#27;[0m Responding to client with driver.setValue() result: null
&amp#27;[38;5;228m[61b1573e]&amp#27;[0m&amp#27;[38;5;86m[HTTP]&amp#27;[0m &amp#27;[37m<-- POST /session/61b1573e-c8cc-4ed1-a039-7d8f6bc98109/element/00000000-0000-049b-ffff-ffff0000001c/value &amp#27;[39m&amp#27;[32m200&amp#27;[39m &amp#27;[90m565 ms - 14&amp#27;[39m &amp#27;[90m&amp#27;[39m
&amp#27;[38;5;228m[61b1573e]&amp#27;[0m&amp#27;[38;5;86m[HTTP]&amp#27;[0m &amp#27;[37m-->&amp#27;[39m &amp#27;[37mPOST&amp#27;[39m &amp#27;[37m/session/61b1573e-c8cc-4ed1-a039-7d8f6bc98109/execute/sync&amp#27;[39m &amp#27;[90m{"script":"mobile: hideKeyboard","args":[]}&amp#27;[39m
&amp#27;[38;5;228m[61b1573e]&amp#27;[0m&amp#27;[38;5;2m[AndroidUiautomator2Driver@7ec8]&amp#27;[0m Calling AppiumDriver.execute() with args: ["mobile: hideKeyboard",[],"61b1573e-c8cc-4ed1-a039-7d8f6bc98109"]
&amp#27;[38;5;228m[61b1573e]&amp#27;[0m&amp#27;[38;5;229m[ADB]&amp#27;[0m Running 'C:\Users\sajus\AppData\Local\Android\Sdk\platform-tools\adb.exe -P 5037 -s CTLID18120801016 shell dumpsys input_method'
&amp#27;[38;5;228m[61b1573e]&amp#27;[0m&amp#27;[38;5;229m[ADB]&amp#27;[0m Keyboard has no UI; no closing necessary
&amp#27;[38;5;228m[61b1573e]&amp#27;[0m&amp#27;[38;5;2m[AndroidUiautomator2Driver@7ec8]&amp#27;[0m Responding to client with driver.execute() result: false
&amp#27;[38;5;228m[61b1573e]&amp#27;[0m&amp#27;[38;5;86m[HTTP]&amp#27;[0m &amp#27;[37m<-- POST /session/61b1573e-c8cc-4ed1-a039-7d8f6bc98109/execute/sync &amp#27;[39m&amp#27;[32m200&amp#27;[39m &amp#27;[90m712 ms - 15&amp#27;[39m &amp#27;[90m&amp#27;[39m
&amp#27;[38;5;228m[61b1573e]&amp#27;[0m&amp#27;[38;5;86m[HTTP]&amp#27;[0m &amp#27;[37m-->&amp#27;[39m &amp#27;[37mPOST&amp#27;[39m &amp#27;[37m/session/61b1573e-c8cc-4ed1-a039-7d8f6bc98109/element&amp#27;[39m &amp#27;[90m{"using":"id","value":"com.androidsample.generalstore:id/radioFemale"}&amp#27;[39m
&amp#27;[38;5;228m[61b1573e]&amp#27;[0m&amp#27;[38;5;2m[AndroidUiautomator2Driver@7ec8]&amp#27;[0m Calling AppiumDriver.findElement() with args: ["id","com.androidsample.generalstore:id/radioFemale","61b1573e-c8cc-4ed1-a039-7d8f6bc98109"]
&amp#27;[38;5;228m[61b1573e]&amp#27;[0m&amp#27;[38;5;2m[AndroidUiautomator2Driver@7ec8]&amp#27;[0m Valid locator strategies for this request: xpath, id, class name, accessibility id, css selector, -android uiautomator
&amp#27;[38;5;228m[61b1573e]&amp#27;[0m&amp#27;[38;5;2m[AndroidUiautomator2Driver@7ec8]&amp#27;[0m Waiting up to 0 ms for condition
&amp#27;[38;5;228m[61b1573e]&amp#27;[0m&amp#27;[38;5;2m[AndroidUiautomator2Driver@7ec8]&amp#27;[0m Matched '/element' to command name 'findElement'
&amp#27;[38;5;228m[61b1573e]&amp#27;[0m&amp#27;[38;5;2m[AndroidUiautomator2Driver@7ec8]&amp#27;[0m Proxying [POST /element] to [POST http://127.0.0.1:8200/session/2d4a0e19-8d46-45d5-bf74-dfe9a77e2d8d/element] with body: {"strategy":"id","selector":"com.androidsample.generalstore:id/radioFemale","context":"","multiple":false}
&amp#27;[38;5;228m[61b1573e]&amp#27;[0m&amp#27;[38;5;2m[AndroidUiautomator2Driver@7ec8]&amp#27;[0m Got response with status 200: {"sessionId":"2d4a0e19-8d46-45d5-bf74-dfe9a77e2d8d","value":{"ELEMENT":"00000000-0000-049b-ffff-ffff00000020","element-6066-11e4-a52e-4f735466cecf":"00000000-0000-049b-ffff-ffff00000020"}}
&amp#27;[38;5;228m[61b1573e]&amp#27;[0m&amp#27;[38;5;2m[AndroidUiautomator2Driver@7ec8]&amp#27;[0m Responding to client with driver.findElement() result: {"element-6066-11e4-a52e-4f735466cecf":"00000000-0000-049b-ffff-ffff00000020","ELEMENT":"00000000-0000-049b-ffff-ffff00000020"}
&amp#27;[38;5;228m[61b1573e]&amp#27;[0m&amp#27;[38;5;86m[HTTP]&amp#27;[0m &amp#27;[37m<-- POST /session/61b1573e-c8cc-4ed1-a039-7d8f6bc98109/element &amp#27;[39m&amp#27;[32m200&amp#27;[39m &amp#27;[90m36 ms - 137&amp#27;[39m &amp#27;[90m&amp#27;[39m
&amp#27;[38;5;228m[61b1573e]&amp#27;[0m&amp#27;[38;5;86m[HTTP]&amp#27;[0m &amp#27;[37m-->&amp#27;[39m &amp#27;[37mPOST&amp#27;[39m &amp#27;[37m/session/61b1573e-c8cc-4ed1-a039-7d8f6bc98109/element/00000000-0000-049b-ffff-ffff00000020/click&amp#27;[39m &amp#27;[90m{"id":"00000000-0000-049b-ffff-ffff00000020"}&amp#27;[39m
&amp#27;[38;5;228m[61b1573e]&amp#27;[0m&amp#27;[38;5;2m[AndroidUiautomator2Driver@7ec8]&amp#27;[0m Calling AppiumDriver.click() with args: ["00000000-0000-049b-ffff-ffff00000020","61b1573e-c8cc-4ed1-a039-7d8f6bc98109"]
&amp#27;[38;5;228m[61b1573e]&amp#27;[0m&amp#27;[38;5;2m[AndroidUiautomator2Driver@7ec8]&amp#27;[0m Matched '/element/00000000-0000-049b-ffff-ffff00000020/click' to command name 'click'
&amp#27;[38;5;228m[61b1573e]&amp#27;[0m&amp#27;[38;5;2m[AndroidUiautomator2Driver@7ec8]&amp#27;[0m Proxying [POST /element/00000000-0000-049b-ffff-ffff00000020/click] to [POST http://127.0.0.1:8200/session/2d4a0e19-8d46-45d5-bf74-dfe9a77e2d8d/element/00000000-0000-049b-ffff-ffff00000020/click] with body: {"element":"00000000-0000-049b-ffff-ffff00000020"}
&amp#27;[38;5;228m[61b1573e]&amp#27;[0m&amp#27;[38;5;2m[AndroidUiautomator2Driver@7ec8]&amp#27;[0m Got response with status 200: {"sessionId":"2d4a0e19-8d46-45d5-bf74-dfe9a77e2d8d","value":null}
&amp#27;[38;5;228m[61b1573e]&amp#27;[0m&amp#27;[38;5;2m[AndroidUiautomator2Driver@7ec8]&amp#27;[0m Responding to client with driver.click() result: null
&amp#27;[38;5;228m[61b1573e]&amp#27;[0m&amp#27;[38;5;86m[HTTP]&amp#27;[0m &amp#27;[37m<-- POST /session/61b1573e-c8cc-4ed1-a039-7d8f6bc98109/element/00000000-0000-049b-ffff-ffff00000020/click &amp#27;[39m&amp#27;[32m200&amp#27;[39m &amp#27;[90m57 ms - 14&amp#27;[39m &amp#27;[90m&amp#27;[39m
&amp#27;[38;5;228m[61b1573e]&amp#27;[0m&amp#27;[38;5;86m[HTTP]&amp#27;[0m &amp#27;[37m-->&amp#27;[39m &amp#27;[37mPOST&amp#27;[39m &amp#27;[37m/session/61b1573e-c8cc-4ed1-a039-7d8f6bc98109/element&amp#27;[39m &amp#27;[90m{"using":"id","value":"android:id/text1"}&amp#27;[39m
&amp#27;[38;5;228m[61b1573e]&amp#27;[0m&amp#27;[38;5;2m[AndroidUiautomator2Driver@7ec8]&amp#27;[0m Calling AppiumDriver.findElement() with args: ["id","android:id/text1","61b1573e-c8cc-4ed1-a039-7d8f6bc98109"]
&amp#27;[38;5;228m[61b1573e]&amp#27;[0m&amp#27;[38;5;2m[AndroidUiautomator2Driver@7ec8]&amp#27;[0m Valid locator strategies for this request: xpath, id, class name, accessibility id, css selector, -android uiautomator
&amp#27;[38;5;228m[61b1573e]&amp#27;[0m&amp#27;[38;5;2m[AndroidUiautomator2Driver@7ec8]&amp#27;[0m Waiting up to 0 ms for condition
&amp#27;[38;5;228m[61b1573e]&amp#27;[0m&amp#27;[38;5;2m[AndroidUiautomator2Driver@7ec8]&amp#27;[0m Matched '/element' to command name 'findElement'
&amp#27;[38;5;228m[61b1573e]&amp#27;[0m&amp#27;[38;5;2m[AndroidUiautomator2Driver@7ec8]&amp#27;[0m Proxying [POST /element] to [POST http://127.0.0.1:8200/session/2d4a0e19-8d46-45d5-bf74-dfe9a77e2d8d/element] with body: {"strategy":"id","selector":"android:id/text1","context":"","multiple":false}
&amp#27;[38;5;228m[61b1573e]&amp#27;[0m&amp#27;[38;5;2m[AndroidUiautomator2Driver@7ec8]&amp#27;[0m Got response with status 200: {"sessionId":"2d4a0e19-8d46-45d5-bf74-dfe9a77e2d8d","value":{"ELEMENT":"00000000-0000-049b-ffff-ffff00000024","element-6066-11e4-a52e-4f735466cecf":"00000000-0000-049b-ffff-ffff00000024"}}
&amp#27;[38;5;228m[61b1573e]&amp#27;[0m&amp#27;[38;5;2m[AndroidUiautomator2Driver@7ec8]&amp#27;[0m Responding to client with driver.findElement() result: {"element-6066-11e4-a52e-4f735466cecf":"00000000-0000-049b-ffff-ffff00000024","ELEMENT":"00000000-0000-049b-ffff-ffff00000024"}
&amp#27;[38;5;228m[61b1573e]&amp#27;[0m&amp#27;[38;5;86m[HTTP]&amp#27;[0m &amp#27;[37m<-- POST /session/61b1573e-c8cc-4ed1-a039-7d8f6bc98109/element &amp#27;[39m&amp#27;[32m200&amp#27;[39m &amp#27;[90m523 ms - 137&amp#27;[39m &amp#27;[90m&amp#27;[39m
&amp#27;[38;5;228m[61b1573e]&amp#27;[0m&amp#27;[38;5;86m[HTTP]&amp#27;[0m &amp#27;[37m-->&amp#27;[39m &amp#27;[37mPOST&amp#27;[39m &amp#27;[37m/session/61b1573e-c8cc-4ed1-a039-7d8f6bc98109/element/00000000-0000-049b-ffff-ffff00000024/click&amp#27;[39m &amp#27;[90m{"id":"00000000-0000-049b-ffff-ffff00000024"}&amp#27;[39m
&amp#27;[38;5;228m[61b1573e]&amp#27;[0m&amp#27;[38;5;2m[AndroidUiautomator2Driver@7ec8]&amp#27;[0m Calling AppiumDriver.click() with args: ["00000000-0000-049b-ffff-ffff00000024","61b1573e-c8cc-4ed1-a039-7d8f6bc98109"]
&amp#27;[38;5;228m[61b1573e]&amp#27;[0m&amp#27;[38;5;2m[AndroidUiautomator2Driver@7ec8]&amp#27;[0m Matched '/element/00000000-0000-049b-ffff-ffff00000024/click' to command name 'click'
&amp#27;[38;5;228m[61b1573e]&amp#27;[0m&amp#27;[38;5;2m[AndroidUiautomator2Driver@7ec8]&amp#27;[0m Proxying [POST /element/00000000-0000-049b-ffff-ffff00000024/click] to [POST http://127.0.0.1:8200/session/2d4a0e19-8d46-45d5-bf74-dfe9a77e2d8d/element/00000000-0000-049b-ffff-ffff00000024/click] with body: {"element":"00000000-0000-049b-ffff-ffff00000024"}
&amp#27;[38;5;228m[61b1573e]&amp#27;[0m&amp#27;[38;5;2m[AndroidUiautomator2Driver@7ec8]&amp#27;[0m Got response with status 200: {"sessionId":"2d4a0e19-8d46-45d5-bf74-dfe9a77e2d8d","value":null}
&amp#27;[38;5;228m[61b1573e]&amp#27;[0m&amp#27;[38;5;2m[AndroidUiautomator2Driver@7ec8]&amp#27;[0m Responding to client with driver.click() result: null
&amp#27;[38;5;228m[61b1573e]&amp#27;[0m&amp#27;[38;5;86m[HTTP]&amp#27;[0m &amp#27;[37m<-- POST /session/61b1573e-c8cc-4ed1-a039-7d8f6bc98109/element/00000000-0000-049b-ffff-ffff00000024/click &amp#27;[39m&amp#27;[32m200&amp#27;[39m &amp#27;[90m68 ms - 14&amp#27;[39m &amp#27;[90m&amp#27;[39m
&amp#27;[38;5;228m[61b1573e]&amp#27;[0m&amp#27;[38;5;86m[HTTP]&amp#27;[0m &amp#27;[37m-->&amp#27;[39m &amp#27;[37mPOST&amp#27;[39m &amp#27;[37m/session/61b1573e-c8cc-4ed1-a039-7d8f6bc98109/element&amp#27;[39m &amp#27;[90m{"using":"-android uiautomator","value":"new UiScrollable(new UiSelector()).scrollIntoView(text(\"Argentina\"));"}&amp#27;[39m
&amp#27;[38;5;228m[61b1573e]&amp#27;[0m&amp#27;[38;5;2m[AndroidUiautomator2Driver@7ec8]&amp#27;[0m Calling AppiumDriver.findElement() with args: ["-android uiautomator","new UiScrollable(new UiSelector()).scrollIntoView(text(\"Argentina\"));","61b1573e-c8cc-4ed1-a039-7d8f6bc98109"]
&amp#27;[38;5;228m[61b1573e]&amp#27;[0m&amp#27;[38;5;2m[AndroidUiautomator2Driver@7ec8]&amp#27;[0m Valid locator strategies for this request: xpath, id, class name, accessibility id, css selector, -android uiautomator
&amp#27;[38;5;228m[61b1573e]&amp#27;[0m&amp#27;[38;5;2m[AndroidUiautomator2Driver@7ec8]&amp#27;[0m Waiting up to 0 ms for condition
&amp#27;[38;5;228m[61b1573e]&amp#27;[0m&amp#27;[38;5;2m[AndroidUiautomator2Driver@7ec8]&amp#27;[0m Matched '/element' to command name 'findElement'
&amp#27;[38;5;228m[61b1573e]&amp#27;[0m&amp#27;[38;5;2m[AndroidUiautomator2Driver@7ec8]&amp#27;[0m Proxying [POST /element] to [POST http://127.0.0.1:8200/session/2d4a0e19-8d46-45d5-bf74-dfe9a77e2d8d/element] with body: {"strategy":"-android uiautomator","selector":"new UiScrollable(new UiSelector()).scrollIntoView(text(\"Argentina\"));","context":"","multiple":false}
&amp#27;[38;5;142m[b3ede57a]&amp#27;[0m&amp#27;[38;5;-10m[AndroidUiautomator2Driver@1064]&amp#27;[0m Got response with status 200: {"sessionId":"f3423726-8768-44da-b679-737db9d04d30","value":{"ELEMENT":"00000000-0000-0e89-ffff-ffff00000029","element-6066-11e4-a52e-4f735466cecf":"00000000-0000-0e89-ffff-ffff00000029"}}
&amp#27;[38;5;142m[b3ede57a]&amp#27;[0m&amp#27;[38;5;-10m[AndroidUiautomator2Driver@1064]&amp#27;[0m Responding to client with driver.findElement() result: {"element-6066-11e4-a52e-4f735466cecf":"00000000-0000-0e89-ffff-ffff00000029","ELEMENT":"00000000-0000-0e89-ffff-ffff00000029"}
&amp#27;[38;5;142m[b3ede57a]&amp#27;[0m&amp#27;[38;5;86m[HTTP]&amp#27;[0m &amp#27;[37m<-- POST /session/b3ede57a-b9bd-46eb-b470-459546fb7f88/element &amp#27;[39m&amp#27;[32m200&amp#27;[39m &amp#27;[90m4539 ms - 137&amp#27;[39m &amp#27;[90m&amp#27;[39m
&amp#27;[38;5;142m[b3ede57a]&amp#27;[0m&amp#27;[38;5;86m[HTTP]&amp#27;[0m &amp#27;[37m-->&amp#27;[39m &amp#27;[37mPOST&amp#27;[39m &amp#27;[37m/session/b3ede57a-b9bd-46eb-b470-459546fb7f88/element&amp#27;[39m &amp#27;[90m{"using":"xpath","value":"//android.widget.TextView[@text='Argentina']"}&amp#27;[39m
&amp#27;[38;5;142m[b3ede57a]&amp#27;[0m&amp#27;[38;5;-10m[AndroidUiautomator2Driver@1064]&amp#27;[0m Calling AppiumDriver.findElement() with args: ["xpath","//android.widget.TextView[@text='Argentina']","b3ede57a-b9bd-46eb-b470-459546fb7f88"]
&amp#27;[38;5;142m[b3ede57a]&amp#27;[0m&amp#27;[38;5;-10m[AndroidUiautomator2Driver@1064]&amp#27;[0m Valid locator strategies for this request: xpath, id, class name, accessibility id, css selector, -android uiautomator
&amp#27;[38;5;142m[b3ede57a]&amp#27;[0m&amp#27;[38;5;-10m[AndroidUiautomator2Driver@1064]&amp#27;[0m Waiting up to 0 ms for condition
&amp#27;[38;5;142m[b3ede57a]&amp#27;[0m&amp#27;[38;5;-10m[AndroidUiautomator2Driver@1064]&amp#27;[0m Matched '/element' to command name 'findElement'
&amp#27;[38;5;142m[b3ede57a]&amp#27;[0m&amp#27;[38;5;-10m[AndroidUiautomator2Driver@1064]&amp#27;[0m Proxying [POST /element] to [POST http://127.0.0.1:8201/session/f3423726-8768-44da-b679-737db9d04d30/element] with body: {"strategy":"xpath","selector":"//android.widget.TextView[@text='Argentina']","context":"","multiple":false}
&amp#27;[38;5;142m[b3ede57a]&amp#27;[0m&amp#27;[38;5;-10m[AndroidUiautomator2Driver@1064]&amp#27;[0m Got response with status 200: {"sessionId":"f3423726-8768-44da-b679-737db9d04d30","value":{"ELEMENT":"00000000-0000-0e89-ffff-ffff00000029","element-6066-11e4-a52e-4f735466cecf":"00000000-0000-0e89-ffff-ffff00000029"}}
&amp#27;[38;5;142m[b3ede57a]&amp#27;[0m&amp#27;[38;5;-10m[AndroidUiautomator2Driver@1064]&amp#27;[0m Responding to client with driver.findElement() result: {"element-6066-11e4-a52e-4f735466cecf":"00000000-0000-0e89-ffff-ffff00000029","ELEMENT":"00000000-0000-0e89-ffff-ffff00000029"}
&amp#27;[38;5;142m[b3ede57a]&amp#27;[0m&amp#27;[38;5;86m[HTTP]&amp#27;[0m &amp#27;[37m<-- POST /session/b3ede57a-b9bd-46eb-b470-459546fb7f88/element &amp#27;[39m&amp#27;[32m200&amp#27;[39m &amp#27;[90m222 ms - 137&amp#27;[39m &amp#27;[90m&amp#27;[39m
&amp#27;[38;5;142m[b3ede57a]&amp#27;[0m&amp#27;[38;5;86m[HTTP]&amp#27;[0m &amp#27;[37m-->&amp#27;[39m &amp#27;[37mPOST&amp#27;[39m &amp#27;[37m/session/b3ede57a-b9bd-46eb-b470-459546fb7f88/element/00000000-0000-0e89-ffff-ffff00000029/click&amp#27;[39m &amp#27;[90m{"id":"00000000-0000-0e89-ffff-ffff00000029"}&amp#27;[39m
&amp#27;[38;5;142m[b3ede57a]&amp#27;[0m&amp#27;[38;5;-10m[AndroidUiautomator2Driver@1064]&amp#27;[0m Calling AppiumDriver.click() with args: ["00000000-0000-0e89-ffff-ffff00000029","b3ede57a-b9bd-46eb-b470-459546fb7f88"]
&amp#27;[38;5;142m[b3ede57a]&amp#27;[0m&amp#27;[38;5;-10m[AndroidUiautomator2Driver@1064]&amp#27;[0m Matched '/element/00000000-0000-0e89-ffff-ffff00000029/click' to command name 'click'
&amp#27;[38;5;142m[b3ede57a]&amp#27;[0m&amp#27;[38;5;-10m[AndroidUiautomator2Driver@1064]&amp#27;[0m Proxying [POST /element/00000000-0000-0e89-ffff-ffff00000029/click] to [POST http://127.0.0.1:8201/session/f3423726-8768-44da-b679-737db9d04d30/element/00000000-0000-0e89-ffff-ffff00000029/click] with body: {"element":"00000000-0000-0e89-ffff-ffff00000029"}
&amp#27;[38;5;142m[b3ede57a]&amp#27;[0m&amp#27;[38;5;-10m[AndroidUiautomator2Driver@1064]&amp#27;[0m Got response with status 200: {"sessionId":"f3423726-8768-44da-b679-737db9d04d30","value":null}
&amp#27;[38;5;142m[b3ede57a]&amp#27;[0m&amp#27;[38;5;-10m[AndroidUiautomator2Driver@1064]&amp#27;[0m Responding to client with driver.click() result: null
&amp#27;[38;5;142m[b3ede57a]&amp#27;[0m&amp#27;[38;5;86m[HTTP]&amp#27;[0m &amp#27;[37m<-- POST /session/b3ede57a-b9bd-46eb-b470-459546fb7f88/element/00000000-0000-0e89-ffff-ffff00000029/click &amp#27;[39m&amp#27;[32m200&amp#27;[39m &amp#27;[90m657 ms - 14&amp#27;[39m &amp#27;[90m&amp#27;[39m
&amp#27;[38;5;142m[b3ede57a]&amp#27;[0m&amp#27;[38;5;86m[HTTP]&amp#27;[0m &amp#27;[37m-->&amp#27;[39m &amp#27;[37mPOST&amp#27;[39m &amp#27;[37m/session/b3ede57a-b9bd-46eb-b470-459546fb7f88/element&amp#27;[39m &amp#27;[90m{"using":"id","value":"com.androidsample.generalstore:id/btnLetsShop"}&amp#27;[39m
&amp#27;[38;5;142m[b3ede57a]&amp#27;[0m&amp#27;[38;5;-10m[AndroidUiautomator2Driver@1064]&amp#27;[0m Calling AppiumDriver.findElement() with args: ["id","com.androidsample.generalstore:id/btnLetsShop","b3ede57a-b9bd-46eb-b470-459546fb7f88"]
&amp#27;[38;5;142m[b3ede57a]&amp#27;[0m&amp#27;[38;5;-10m[AndroidUiautomator2Driver@1064]&amp#27;[0m Valid locator strategies for this request: xpath, id, class name, accessibility id, css selector, -android uiautomator
&amp#27;[38;5;142m[b3ede57a]&amp#27;[0m&amp#27;[38;5;-10m[AndroidUiautomator2Driver@1064]&amp#27;[0m Waiting up to 0 ms for condition
&amp#27;[38;5;142m[b3ede57a]&amp#27;[0m&amp#27;[38;5;-10m[AndroidUiautomator2Driver@1064]&amp#27;[0m Matched '/element' to command name 'findElement'
&amp#27;[38;5;142m[b3ede57a]&amp#27;[0m&amp#27;[38;5;-10m[AndroidUiautomator2Driver@1064]&amp#27;[0m Proxying [POST /element] to [POST http://127.0.0.1:8201/session/f3423726-8768-44da-b679-737db9d04d30/element] with body: {"strategy":"id","selector":"com.androidsample.generalstore:id/btnLetsShop","context":"","multiple":false}
&amp#27;[38;5;142m[b3ede57a]&amp#27;[0m&amp#27;[38;5;-10m[AndroidUiautomator2Driver@1064]&amp#27;[0m Got response with status 200: {"sessionId":"f3423726-8768-44da-b679-737db9d04d30","value":{"ELEMENT":"00000000-0000-0e88-ffff-ffff00000021","element-6066-11e4-a52e-4f735466cecf":"00000000-0000-0e88-ffff-ffff00000021"}}
&amp#27;[38;5;142m[b3ede57a]&amp#27;[0m&amp#27;[38;5;-10m[AndroidUiautomator2Driver@1064]&amp#27;[0m Responding to client with driver.findElement() result: {"element-6066-11e4-a52e-4f735466cecf":"00000000-0000-0e88-ffff-ffff00000021","ELEMENT":"00000000-0000-0e88-ffff-ffff00000021"}
&amp#27;[38;5;142m[b3ede57a]&amp#27;[0m&amp#27;[38;5;86m[HTTP]&amp#27;[0m &amp#27;[37m<-- POST /session/b3ede57a-b9bd-46eb-b470-459546fb7f88/element &amp#27;[39m&amp#27;[32m200&amp#27;[39m &amp#27;[90m57 ms - 137&amp#27;[39m &amp#27;[90m&amp#27;[39m
&amp#27;[38;5;142m[b3ede57a]&amp#27;[0m&amp#27;[38;5;86m[HTTP]&amp#27;[0m &amp#27;[37m-->&amp#27;[39m &amp#27;[37mPOST&amp#27;[39m &amp#27;[37m/session/b3ede57a-b9bd-46eb-b470-459546fb7f88/element/00000000-0000-0e88-ffff-ffff00000021/click&amp#27;[39m &amp#27;[90m{"id":"00000000-0000-0e88-ffff-ffff00000021"}&amp#27;[39m
&amp#27;[38;5;142m[b3ede57a]&amp#27;[0m&amp#27;[38;5;-10m[AndroidUiautomator2Driver@1064]&amp#27;[0m Calling AppiumDriver.click() with args: ["00000000-0000-0e88-ffff-ffff00000021","b3ede57a-b9bd-46eb-b470-459546fb7f88"]
&amp#27;[38;5;142m[b3ede57a]&amp#27;[0m&amp#27;[38;5;-10m[AndroidUiautomator2Driver@1064]&amp#27;[0m Matched '/element/00000000-0000-0e88-ffff-ffff00000021/click' to command name 'click'
&amp#27;[38;5;142m[b3ede57a]&amp#27;[0m&amp#27;[38;5;-10m[AndroidUiautomator2Driver@1064]&amp#27;[0m Proxying [POST /element/00000000-0000-0e88-ffff-ffff00000021/click] to [POST http://127.0.0.1:8201/session/f3423726-8768-44da-b679-737db9d04d30/element/00000000-0000-0e88-ffff-ffff00000021/click] with body: {"element":"00000000-0000-0e88-ffff-ffff00000021"}
&amp#27;[38;5;228m[61b1573e]&amp#27;[0m&amp#27;[38;5;2m[AndroidUiautomator2Driver@7ec8]&amp#27;[0m Got response with status 200: {"sessionId":"2d4a0e19-8d46-45d5-bf74-dfe9a77e2d8d","value":{"ELEMENT":"00000000-0000-049c-ffff-ffff00000032","element-6066-11e4-a52e-4f735466cecf":"00000000-0000-049c-ffff-ffff00000032"}}
&amp#27;[38;5;228m[61b1573e]&amp#27;[0m&amp#27;[38;5;2m[AndroidUiautomator2Driver@7ec8]&amp#27;[0m Responding to client with driver.findElement() result: {"element-6066-11e4-a52e-4f735466cecf":"00000000-0000-049c-ffff-ffff00000032","ELEMENT":"00000000-0000-049c-ffff-ffff00000032"}
&amp#27;[38;5;228m[61b1573e]&amp#27;[0m&amp#27;[38;5;86m[HTTP]&amp#27;[0m &amp#27;[37m<-- POST /session/61b1573e-c8cc-4ed1-a039-7d8f6bc98109/element &amp#27;[39m&amp#27;[32m200&amp#27;[39m &amp#27;[90m3947 ms - 137&amp#27;[39m &amp#27;[90m&amp#27;[39m
&amp#27;[38;5;228m[61b1573e]&amp#27;[0m&amp#27;[38;5;86m[HTTP]&amp#27;[0m &amp#27;[37m-->&amp#27;[39m &amp#27;[37mPOST&amp#27;[39m &amp#27;[37m/session/61b1573e-c8cc-4ed1-a039-7d8f6bc98109/element&amp#27;[39m &amp#27;[90m{"using":"xpath","value":"//android.widget.TextView[@text='Argentina']"}&amp#27;[39m
&amp#27;[38;5;228m[61b1573e]&amp#27;[0m&amp#27;[38;5;2m[AndroidUiautomator2Driver@7ec8]&amp#27;[0m Calling AppiumDriver.findElement() with args: ["xpath","//android.widget.TextView[@text='Argentina']","61b1573e-c8cc-4ed1-a039-7d8f6bc98109"]
&amp#27;[38;5;228m[61b1573e]&amp#27;[0m&amp#27;[38;5;2m[AndroidUiautomator2Driver@7ec8]&amp#27;[0m Valid locator strategies for this request: xpath, id, class name, accessibility id, css selector, -android uiautomator
&amp#27;[38;5;228m[61b1573e]&amp#27;[0m&amp#27;[38;5;2m[AndroidUiautomator2Driver@7ec8]&amp#27;[0m Waiting up to 0 ms for condition
&amp#27;[38;5;228m[61b1573e]&amp#27;[0m&amp#27;[38;5;2m[AndroidUiautomator2Driver@7ec8]&amp#27;[0m Matched '/element' to command name 'findElement'
&amp#27;[38;5;228m[61b1573e]&amp#27;[0m&amp#27;[38;5;2m[AndroidUiautomator2Driver@7ec8]&amp#27;[0m Proxying [POST /element] to [POST http://127.0.0.1:8200/session/2d4a0e19-8d46-45d5-bf74-dfe9a77e2d8d/element] with body: {"strategy":"xpath","selector":"//android.widget.TextView[@text='Argentina']","context":"","multiple":false}
&amp#27;[38;5;228m[61b1573e]&amp#27;[0m&amp#27;[38;5;2m[AndroidUiautomator2Driver@7ec8]&amp#27;[0m Got response with status 200: {"sessionId":"2d4a0e19-8d46-45d5-bf74-dfe9a77e2d8d","value":{"ELEMENT":"00000000-0000-049c-ffff-ffff00000032","element-6066-11e4-a52e-4f735466cecf":"00000000-0000-049c-ffff-ffff00000032"}}
&amp#27;[38;5;228m[61b1573e]&amp#27;[0m&amp#27;[38;5;2m[AndroidUiautomator2Driver@7ec8]&amp#27;[0m Responding to client with driver.findElement() result: {"element-6066-11e4-a52e-4f735466cecf":"00000000-0000-049c-ffff-ffff00000032","ELEMENT":"00000000-0000-049c-ffff-ffff00000032"}
&amp#27;[38;5;228m[61b1573e]&amp#27;[0m&amp#27;[38;5;86m[HTTP]&amp#27;[0m &amp#27;[37m<-- POST /session/61b1573e-c8cc-4ed1-a039-7d8f6bc98109/element &amp#27;[39m&amp#27;[32m200&amp#27;[39m &amp#27;[90m434 ms - 137&amp#27;[39m &amp#27;[90m&amp#27;[39m
&amp#27;[38;5;228m[61b1573e]&amp#27;[0m&amp#27;[38;5;86m[HTTP]&amp#27;[0m &amp#27;[37m-->&amp#27;[39m &amp#27;[37mPOST&amp#27;[39m &amp#27;[37m/session/61b1573e-c8cc-4ed1-a039-7d8f6bc98109/element/00000000-0000-049c-ffff-ffff00000032/click&amp#27;[39m &amp#27;[90m{"id":"00000000-0000-049c-ffff-ffff00000032"}&amp#27;[39m
&amp#27;[38;5;228m[61b1573e]&amp#27;[0m&amp#27;[38;5;2m[AndroidUiautomator2Driver@7ec8]&amp#27;[0m Calling AppiumDriver.click() with args: ["00000000-0000-049c-ffff-ffff00000032","61b1573e-c8cc-4ed1-a039-7d8f6bc98109"]
&amp#27;[38;5;228m[61b1573e]&amp#27;[0m&amp#27;[38;5;2m[AndroidUiautomator2Driver@7ec8]&amp#27;[0m Matched '/element/00000000-0000-049c-ffff-ffff00000032/click' to command name 'click'
&amp#27;[38;5;228m[61b1573e]&amp#27;[0m&amp#27;[38;5;2m[AndroidUiautomator2Driver@7ec8]&amp#27;[0m Proxying [POST /element/00000000-0000-049c-ffff-ffff00000032/click] to [POST http://127.0.0.1:8200/session/2d4a0e19-8d46-45d5-bf74-dfe9a77e2d8d/element/00000000-0000-049c-ffff-ffff00000032/click] with body: {"element":"00000000-0000-049c-ffff-ffff00000032"}
&amp#27;[38;5;142m[b3ede57a]&amp#27;[0m&amp#27;[38;5;-10m[AndroidUiautomator2Driver@1064]&amp#27;[0m Got response with status 200: {"sessionId":"f3423726-8768-44da-b679-737db9d04d30","value":null}
&amp#27;[38;5;142m[b3ede57a]&amp#27;[0m&amp#27;[38;5;-10m[AndroidUiautomator2Driver@1064]&amp#27;[0m Responding to client with driver.click() result: null
&amp#27;[38;5;142m[b3ede57a]&amp#27;[0m&amp#27;[38;5;86m[HTTP]&amp#27;[0m &amp#27;[37m<-- POST /session/b3ede57a-b9bd-46eb-b470-459546fb7f88/element/00000000-0000-0e88-ffff-ffff00000021/click &amp#27;[39m&amp#27;[32m200&amp#27;[39m &amp#27;[90m1274 ms - 14&amp#27;[39m &amp#27;[90m&amp#27;[39m
&amp#27;[38;5;228m[61b1573e]&amp#27;[0m&amp#27;[38;5;2m[AndroidUiautomator2Driver@7ec8]&amp#27;[0m Got response with status 200: {"sessionId":"2d4a0e19-8d46-45d5-bf74-dfe9a77e2d8d","value":null}
&amp#27;[38;5;228m[61b1573e]&amp#27;[0m&amp#27;[38;5;2m[AndroidUiautomator2Driver@7ec8]&amp#27;[0m Responding to client with driver.click() result: null
&amp#27;[38;5;228m[61b1573e]&amp#27;[0m&amp#27;[38;5;86m[HTTP]&amp#27;[0m &amp#27;[37m<-- POST /session/61b1573e-c8cc-4ed1-a039-7d8f6bc98109/element/00000000-0000-049c-ffff-ffff00000032/click &amp#27;[39m&amp#27;[32m200&amp#27;[39m &amp#27;[90m614 ms - 14&amp#27;[39m &amp#27;[90m&amp#27;[39m
&amp#27;[38;5;228m[61b1573e]&amp#27;[0m&amp#27;[38;5;86m[HTTP]&amp#27;[0m &amp#27;[37m-->&amp#27;[39m &amp#27;[37mPOST&amp#27;[39m &amp#27;[37m/session/61b1573e-c8cc-4ed1-a039-7d8f6bc98109/element&amp#27;[39m &amp#27;[90m{"using":"id","value":"com.androidsample.generalstore:id/btnLetsShop"}&amp#27;[39m
&amp#27;[38;5;228m[61b1573e]&amp#27;[0m&amp#27;[38;5;2m[AndroidUiautomator2Driver@7ec8]&amp#27;[0m Calling AppiumDriver.findElement() with args: ["id","com.androidsample.generalstore:id/btnLetsShop","61b1573e-c8cc-4ed1-a039-7d8f6bc98109"]
&amp#27;[38;5;228m[61b1573e]&amp#27;[0m&amp#27;[38;5;2m[AndroidUiautomator2Driver@7ec8]&amp#27;[0m Valid locator strategies for this request: xpath, id, class name, accessibility id, css selector, -android uiautomator
&amp#27;[38;5;228m[61b1573e]&amp#27;[0m&amp#27;[38;5;2m[AndroidUiautomator2Driver@7ec8]&amp#27;[0m Waiting up to 0 ms for condition
&amp#27;[38;5;228m[61b1573e]&amp#27;[0m&amp#27;[38;5;2m[AndroidUiautomator2Driver@7ec8]&amp#27;[0m Matched '/element' to command name 'findElement'
&amp#27;[38;5;228m[61b1573e]&amp#27;[0m&amp#27;[38;5;2m[AndroidUiautomator2Driver@7ec8]&amp#27;[0m Proxying [POST /element] to [POST http://127.0.0.1:8200/session/2d4a0e19-8d46-45d5-bf74-dfe9a77e2d8d/element] with body: {"strategy":"id","selector":"com.androidsample.generalstore:id/btnLetsShop","context":"","multiple":false}
&amp#27;[38;5;228m[61b1573e]&amp#27;[0m&amp#27;[38;5;2m[AndroidUiautomator2Driver@7ec8]&amp#27;[0m Got response with status 200: {"sessionId":"2d4a0e19-8d46-45d5-bf74-dfe9a77e2d8d","value":{"ELEMENT":"00000000-0000-049b-ffff-ffff00000021","element-6066-11e4-a52e-4f735466cecf":"00000000-0000-049b-ffff-ffff00000021"}}
&amp#27;[38;5;228m[61b1573e]&amp#27;[0m&amp#27;[38;5;2m[AndroidUiautomator2Driver@7ec8]&amp#27;[0m Responding to client with driver.findElement() result: {"element-6066-11e4-a52e-4f735466cecf":"00000000-0000-049b-ffff-ffff00000021","ELEMENT":"00000000-0000-049b-ffff-ffff00000021"}
&amp#27;[38;5;228m[61b1573e]&amp#27;[0m&amp#27;[38;5;86m[HTTP]&amp#27;[0m &amp#27;[37m<-- POST /session/61b1573e-c8cc-4ed1-a039-7d8f6bc98109/element &amp#27;[39m&amp#27;[32m200&amp#27;[39m &amp#27;[90m36 ms - 137&amp#27;[39m &amp#27;[90m&amp#27;[39m
&amp#27;[38;5;228m[61b1573e]&amp#27;[0m&amp#27;[38;5;86m[HTTP]&amp#27;[0m &amp#27;[37m-->&amp#27;[39m &amp#27;[37mPOST&amp#27;[39m &amp#27;[37m/session/61b1573e-c8cc-4ed1-a039-7d8f6bc98109/element/00000000-0000-049b-ffff-ffff00000021/click&amp#27;[39m &amp#27;[90m{"id":"00000000-0000-049b-ffff-ffff00000021"}&amp#27;[39m
&amp#27;[38;5;228m[61b1573e]&amp#27;[0m&amp#27;[38;5;2m[AndroidUiautomator2Driver@7ec8]&amp#27;[0m Calling AppiumDriver.click() with args: ["00000000-0000-049b-ffff-ffff00000021","61b1573e-c8cc-4ed1-a039-7d8f6bc98109"]
&amp#27;[38;5;228m[61b1573e]&amp#27;[0m&amp#27;[38;5;2m[AndroidUiautomator2Driver@7ec8]&amp#27;[0m Matched '/element/00000000-0000-049b-ffff-ffff00000021/click' to command name 'click'
&amp#27;[38;5;228m[61b1573e]&amp#27;[0m&amp#27;[38;5;2m[AndroidUiautomator2Driver@7ec8]&amp#27;[0m Proxying [POST /element/00000000-0000-049b-ffff-ffff00000021/click] to [POST http://127.0.0.1:8200/session/2d4a0e19-8d46-45d5-bf74-dfe9a77e2d8d/element/00000000-0000-049b-ffff-ffff00000021/click] with body: {"element":"00000000-0000-049b-ffff-ffff00000021"}
&amp#27;[38;5;228m[61b1573e]&amp#27;[0m&amp#27;[38;5;2m[AndroidUiautomator2Driver@7ec8]&amp#27;[0m Got response with status 200: {"sessionId":"2d4a0e19-8d46-45d5-bf74-dfe9a77e2d8d","value":null}
&amp#27;[38;5;228m[61b1573e]&amp#27;[0m&amp#27;[38;5;2m[AndroidUiautomator2Driver@7ec8]&amp#27;[0m Responding to client with driver.click() result: null
&amp#27;[38;5;228m[61b1573e]&amp#27;[0m&amp#27;[38;5;86m[HTTP]&amp#27;[0m &amp#27;[37m<-- POST /session/61b1573e-c8cc-4ed1-a039-7d8f6bc98109/element/00000000-0000-049b-ffff-ffff00000021/click &amp#27;[39m&amp#27;[32m200&amp#27;[39m &amp#27;[90m62 ms - 14&amp#27;[39m &amp#27;[90m&amp#27;[39m
&amp#27;[38;5;142m[b3ede57a]&amp#27;[0m&amp#27;[38;5;86m[HTTP]&amp#27;[0m &amp#27;[37m-->&amp#27;[39m &amp#27;[37mGET&amp#27;[39m &amp#27;[37m/session/b3ede57a-b9bd-46eb-b470-459546fb7f88/screenshot&amp#27;[39m &amp#27;[90m{}&amp#27;[39m
&amp#27;[38;5;142m[b3ede57a]&amp#27;[0m&amp#27;[38;5;-10m[AndroidUiautomator2Driver@1064]&amp#27;[0m Calling AppiumDriver.getScreenshot() with args: ["b3ede57a-b9bd-46eb-b470-459546fb7f88"]
&amp#27;[38;5;142m[b3ede57a]&amp#27;[0m&amp#27;[38;5;-10m[AndroidUiautomator2Driver@1064]&amp#27;[0m Matched '/screenshot' to command name 'getScreenshot'
&amp#27;[38;5;142m[b3ede57a]&amp#27;[0m&amp#27;[38;5;-10m[AndroidUiautomator2Driver@1064]&amp#27;[0m Proxying [GET /screenshot] to [GET http://127.0.0.1:8201/session/f3423726-8768-44da-b679-737db9d04d30/screenshot] with no body
&amp#27;[38;5;142m[b3ede57a]&amp#27;[0m&amp#27;[38;5;-10m[AndroidUiautomator2Driver@1064]&amp#27;[0m Got response with status 200: {"sessionId":"f3423726-8768-44da-b679-737db9d04d30","value":"iVBORw0KGgoAAAANSUhEUgAABDgAAAlgCAYAAABtGofVAAAAAXNSR0IArs4c6QAAAARzQklUCAgICHwIZIgAACAASURBVHic7N13eBzV2Tbw+8zMVvVqWXLvBdvYuOGO6RhTHQKEElpCKAmEN3TSSCchH6GEToBQE8CYXoxxt8EV915kSZbV27Zp3x8qkbSz0q7aaqX7l+u9XjzlzLMy2Lv3nvMckbLzGhNERERERERERDFMinYBRERERERERETtxYCDiIiIiIiIiGIeAw4iIiIiIiIiinkMOIiIiIiIiIgo5jHgICIiIiIiIqKYx4CDiIiIiIiIiGIeAw4iIiIiIiIiinkMOIiIiIiIiIgo5jHgICIiIiIiIqKYx4CDiIiIiIiIiGIeAw4iIiIiIiIiinkMOIiIiIiIiIgo5jHgICIiIiIiIqKYx4CDiIiIiIiIiGIeAw4iIiIiIiIiinkMOIiIiIiIiIgo5jHgICIiIiIiIqKYx4CDiIiIiIiIiGIeAw4iIiIiIiIiinkMOIiIiIiIiIgo5jHgICIiIiIiIqKYx4CDiIiIiIiIiGIeAw4iIiIiIiIiinkMOIiIiIiIiIgo5jHgICIiIiIiIqKYx4CDiIiIiIiIiGIeAw4iIiIiIiIiinkMOIiIiIiIiIgo5jHgICIiIiIiIqKYp0S7ACIiIiIiIqLuREAgXUnAdNcIjHH0Q7YtFX2VFGQpyXBJji6pwWv4UaCV4bhWjny1FDv9x7DOuxfFWhVMmF1SQ6xhwEFERERERES9moBAnOTAIHsmzoqfgNnu0Rjj6AdFRPEjsxyPHFtak0OaqWGHPxcra3bh8+qtOKwWwWP4GXjUESk7r+FPgoiIiIiIiHodAYEEyYkRjmwsSDgFFyZORZLkjnZZYSnTq/Fe5Xp8Xr0Ve/x5qDJ8vT7oYMBBREREREREvY4EgQG2dFySNB0L4k/B...
&amp#27;[38;5;142m[b3ede57a]&amp#27;[0m&amp#27;[38;5;-10m[AndroidUiautomator2Driver@1064]&amp#27;[0m Responding to client with driver.getScreenshot() result: "iVBORw0KGgoAAAANSUhEUgAABDgAAAlgCAYAAABtGofVAAAAAXNSR0IArs4c6QAAAARzQklUCAgICHwIZIgAACAASURBVHic7N13eBzV2Tbw+8zMVvVqWXLvBdvYuOGO6RhTHQKEElpCKAmEN3TSSCchH6GEToBQE8CYXoxxt8EV915kSZbV27Zp3x8qkbSz0q7aaqX7l+u9XjzlzLMy2Lv3nvMckbLzGhNERERERERERDFMinYBRERERERERETtxYCDiIiIiIiIiGIeAw4iIiIiIiIiinkMOIiIiIiIiIgo5jHgICIiIiIiIqKYx4CDiIiIiIiIiGIeAw4iIiIiIiIiinkMOIiIiIiIiIgo5jHgICIiIiIiIqKYx4CDiIiIiIiIiGIeAw4iIiIiIiIiinkMOIiIiIiIiIgo5jHgICIiIiIiIqKYx4CDiIiIiIiIiGIeAw4iIiIiIiIiinkMOIiIiIiIiIgo5jHgICIiIiIiIqKYx4CDiIiIiIiIiGIeAw4iIiIiIiIiinkMOIiIiIiIiIgo5jHgICIiIiIiIqKYx4CDiIiIiIiIiGIeAw4iIiIiIiIiinkMOIiIiIiIiIgo5jHgICIiIiIiIqKYx4CDiIiIiIiIiGIeAw4iIiIiIiIiinkMOIiIiIiIiIgo5jHgICIiIiIiIqKYp0S7ACIiIiIiIqLuREAgXUnAdNcIjHH0Q7YtFX2VFGQpyXBJji6pwWv4UaCV4bhWjny1FDv9x7DOuxfFWhVMmF1SQ6xhwEFERERERES9moBAnOTAIHsmzoqfgNnu0Rjj6AdFRPEjsxyPHFtak0OaqWGHPxcra3bh8+qtOKwWwWP4GXjUESk7r+FPgoiIiIiIiHodAYEEyYkRjmwsSDgFFyZORZLkjnZZYSnTq/Fe5Xp8Xr0Ve/x5qDJ8vT7oYMBBREREREREvY4EgQG2dFySNB0L4k/BAHs6pBhrU2nAwNFAMT6q3oj/VqxFrlrSq0MOBhxERERERETU64x19Mdtaedi...
&amp#27;[38;5;142m[b3ede57a]&amp#27;[0m&amp#27;[38;5;86m[HTTP]&amp#27;[0m &amp#27;[37m<-- GET /session/b3ede57a-b9bd-46eb-b470-459546fb7f88/screenshot &amp#27;[39m&amp#27;[32m200&amp#27;[39m &amp#27;[90m469 ms - 381988&amp#27;[39m &amp#27;[90m&amp#27;[39m
]]></system-out>
  </testcase>
  <testcase name="SecondCase" classname="org.testCase.TestCase2" time="16.022">
    <system-out><![CDATA[&amp#27;[38;5;142m[b3ede57a]&amp#27;[0m&amp#27;[38;5;86m[HTTP]&amp#27;[0m &amp#27;[37m-->&amp#27;[39m &amp#27;[37mPOST&amp#27;[39m &amp#27;[37m/session/b3ede57a-b9bd-46eb-b470-459546fb7f88/execute/sync&amp#27;[39m &amp#27;[90m{"script":"mobile: isAppInstalled","args":[{"bundleId":"com.androidsample.generalstore","appId":"com.androidsample.generalstore"}]}&amp#27;[39m
&amp#27;[38;5;142m[b3ede57a]&amp#27;[0m&amp#27;[38;5;-10m[AndroidUiautomator2Driver@1064]&amp#27;[0m Calling AppiumDriver.execute() with args: ["mobile: isAppInstalled",[{"bundleId":"com.androidsample.generalstore","appId":"com.androidsample.generalstore"}],"b3ede57a-b9bd-46eb-b470-459546fb7f88"]
&amp#27;[38;5;142m[b3ede57a]&amp#27;[0m&amp#27;[38;5;123m[BaseDriver]&amp#27;[0m The following script arguments are not known and will be ignored: bundleId
&amp#27;[38;5;142m[b3ede57a]&amp#27;[0m&amp#27;[38;5;229m[ADB]&amp#27;[0m Getting install status for com.androidsample.generalstore
&amp#27;[38;5;142m[b3ede57a]&amp#27;[0m&amp#27;[38;5;229m[ADB]&amp#27;[0m Running 'C:\Users\sajus\AppData\Local\Android\Sdk\platform-tools\adb.exe -P 5037 -s R3CRC00KHBT shell cmd package list packages'
&amp#27;[38;5;228m[61b1573e]&amp#27;[0m&amp#27;[38;5;86m[HTTP]&amp#27;[0m &amp#27;[37m-->&amp#27;[39m &amp#27;[37mGET&amp#27;[39m &amp#27;[37m/session/61b1573e-c8cc-4ed1-a039-7d8f6bc98109/screenshot&amp#27;[39m &amp#27;[90m{}&amp#27;[39m
&amp#27;[38;5;228m[61b1573e]&amp#27;[0m&amp#27;[38;5;2m[AndroidUiautomator2Driver@7ec8]&amp#27;[0m Calling AppiumDriver.getScreenshot() with args: ["61b1573e-c8cc-4ed1-a039-7d8f6bc98109"]
&amp#27;[38;5;228m[61b1573e]&amp#27;[0m&amp#27;[38;5;2m[AndroidUiautomator2Driver@7ec8]&amp#27;[0m Matched '/screenshot' to command name 'getScreenshot'
&amp#27;[38;5;228m[61b1573e]&amp#27;[0m&amp#27;[38;5;2m[AndroidUiautomator2Driver@7ec8]&amp#27;[0m Proxying [GET /screenshot] to [GET http://127.0.0.1:8200/session/2d4a0e19-8d46-45d5-bf74-dfe9a77e2d8d/screenshot] with no body
&amp#27;[38;5;142m[b3ede57a]&amp#27;[0m&amp#27;[38;5;229m[ADB]&amp#27;[0m 'com.androidsample.generalstore' is installed
&amp#27;[38;5;142m[b3ede57a]&amp#27;[0m&amp#27;[38;5;-10m[AndroidUiautomator2Driver@1064]&amp#27;[0m Responding to client with driver.execute() result: true
&amp#27;[38;5;142m[b3ede57a]&amp#27;[0m&amp#27;[38;5;86m[HTTP]&amp#27;[0m &amp#27;[37m<-- POST /session/b3ede57a-b9bd-46eb-b470-459546fb7f88/execute/sync &amp#27;[39m&amp#27;[32m200&amp#27;[39m &amp#27;[90m109 ms - 14&amp#27;[39m &amp#27;[90m&amp#27;[39m
&amp#27;[38;5;142m[b3ede57a]&amp#27;[0m&amp#27;[38;5;86m[HTTP]&amp#27;[0m &amp#27;[37m-->&amp#27;[39m &amp#27;[37mPOST&amp#27;[39m &amp#27;[37m/session/b3ede57a-b9bd-46eb-b470-459546fb7f88/execute/sync&amp#27;[39m &amp#27;[90m{"script":"mobile: terminateApp","args":[{"bundleId":"com.androidsample.generalstore","appId":"com.androidsample.generalstore"}]}&amp#27;[39m
&amp#27;[38;5;142m[b3ede57a]&amp#27;[0m&amp#27;[38;5;-10m[AndroidUiautomator2Driver@1064]&amp#27;[0m Calling AppiumDriver.execute() with args: ["mobile: terminateApp",[{"bundleId":"com.androidsample.generalstore","appId":"com.androidsample.generalstore"}],"b3ede57a-b9bd-46eb-b470-459546fb7f88"]
&amp#27;[38;5;142m[b3ede57a]&amp#27;[0m&amp#27;[38;5;123m[BaseDriver]&amp#27;[0m The following script arguments are not known and will be ignored: bundleId
&amp#27;[38;5;142m[b3ede57a]&amp#27;[0m&amp#27;[38;5;-10m[AndroidUiautomator2Driver@1064]&amp#27;[0m Terminating 'com.androidsample.generalstore'
&amp#27;[38;5;142m[b3ede57a]&amp#27;[0m&amp#27;[38;5;229m[ADB]&amp#27;[0m Getting IDs of all 'com.androidsample.generalstore' processes
&amp#27;[38;5;142m[b3ede57a]&amp#27;[0m&amp#27;[38;5;229m[ADB]&amp#27;[0m Running 'C:\Users\sajus\AppData\Local\Android\Sdk\platform-tools\adb.exe -P 5037 -s R3CRC00KHBT shell pgrep -f \(\[\[:blank:\]\]\|\^\)com\.androidsample\.generalstore\(:\[a-zA-Z0-9_-\]\+\)\?\(\[\[:blank:\]\]\|\$\)'
&amp#27;[38;5;142m[b3ede57a]&amp#27;[0m&amp#27;[38;5;229m[ADB]&amp#27;[0m Running 'C:\Users\sajus\AppData\Local\Android\Sdk\platform-tools\adb.exe -P 5037 -s R3CRC00KHBT shell am force-stop com.androidsample.generalstore'
&amp#27;[38;5;142m[b3ede57a]&amp#27;[0m&amp#27;[38;5;-10m[AndroidUiautomator2Driver@1064]&amp#27;[0m Querying the state of 'com.androidsample.generalstore'
&amp#27;[38;5;142m[b3ede57a]&amp#27;[0m&amp#27;[38;5;229m[ADB]&amp#27;[0m Getting install status for com.androidsample.generalstore
&amp#27;[38;5;142m[b3ede57a]&amp#27;[0m&amp#27;[38;5;229m[ADB]&amp#27;[0m Running 'C:\Users\sajus\AppData\Local\Android\Sdk\platform-tools\adb.exe -P 5037 -s R3CRC00KHBT shell cmd package list packages'
&amp#27;[38;5;142m[b3ede57a]&amp#27;[0m&amp#27;[38;5;229m[ADB]&amp#27;[0m 'com.androidsample.generalstore' is installed
&amp#27;[38;5;142m[b3ede57a]&amp#27;[0m&amp#27;[38;5;229m[ADB]&amp#27;[0m Getting IDs of all 'com.androidsample.generalstore' processes
&amp#27;[38;5;142m[b3ede57a]&amp#27;[0m&amp#27;[38;5;229m[ADB]&amp#27;[0m Running 'C:\Users\sajus\AppData\Local\Android\Sdk\platform-tools\adb.exe -P 5037 -s R3CRC00KHBT shell pgrep -f \(\[\[:blank:\]\]\|\^\)com\.androidsample\.generalstore\(:\[a-zA-Z0-9_-\]\+\)\?\(\[\[:blank:\]\]\|\$\)'
&amp#27;[38;5;142m[b3ede57a]&amp#27;[0m&amp#27;[38;5;-10m[AndroidUiautomator2Driver@1064]&amp#27;[0m 'com.androidsample.generalstore' has been successfully terminated
&amp#27;[38;5;142m[b3ede57a]&amp#27;[0m&amp#27;[38;5;-10m[AndroidUiautomator2Driver@1064]&amp#27;[0m Responding to client with driver.execute() result: true
&amp#27;[38;5;142m[b3ede57a]&amp#27;[0m&amp#27;[38;5;86m[HTTP]&amp#27;[0m &amp#27;[37m<-- POST /session/b3ede57a-b9bd-46eb-b470-459546fb7f88/execute/sync &amp#27;[39m&amp#27;[32m200&amp#27;[39m &amp#27;[90m541 ms - 14&amp#27;[39m &amp#27;[90m&amp#27;[39m
🛑 App terminated: com.androidsample.generalstore
&amp#27;[38;5;142m[b3ede57a]&amp#27;[0m&amp#27;[38;5;86m[HTTP]&amp#27;[0m &amp#27;[37m-->&amp#27;[39m &amp#27;[37mDELETE&amp#27;[39m &amp#27;[37m/session/b3ede57a-b9bd-46eb-b470-459546fb7f88&amp#27;[39m &amp#27;[90m{}&amp#27;[39m
&amp#27;[38;5;142m[b3ede57a]&amp#27;[0m&amp#27;[38;5;-10m[AndroidUiautomator2Driver@1064]&amp#27;[0m Calling AppiumDriver.deleteSession() with args: ["b3ede57a-b9bd-46eb-b470-459546fb7f88"]
&amp#27;[38;5;142m[b3ede57a]&amp#27;[0m&amp#27;[38;5;169m[AppiumDriver@5d51]&amp#27;[0m Event 'quitSessionRequested' logged at 1750203368931 (19:36:08 GMT-0400 (Eastern Daylight Saving Time))
&amp#27;[38;5;142m[b3ede57a]&amp#27;[0m&amp#27;[38;5;169m[AppiumDriver@5d51]&amp#27;[0m Removing session b3ede57a-b9bd-46eb-b470-459546fb7f88 from our master session list
&amp#27;[38;5;142m[b3ede57a]&amp#27;[0m&amp#27;[38;5;-10m[AndroidUiautomator2Driver@1064]&amp#27;[0m Deleting UiAutomator2 session
&amp#27;[38;5;142m[b3ede57a]&amp#27;[0m&amp#27;[38;5;-10m[AndroidUiautomator2Driver@1064]&amp#27;[0m Deleting UiAutomator2 server session
&amp#27;[38;5;142m[b3ede57a]&amp#27;[0m&amp#27;[38;5;-10m[AndroidUiautomator2Driver@1064]&amp#27;[0m Proxying [DELETE /] to [DELETE http://127.0.0.1:8201/session/f3423726-8768-44da-b679-737db9d04d30] with no body
&amp#27;[38;5;142m[b3ede57a]&amp#27;[0m&amp#27;[38;5;-10m[AndroidUiautomator2Driver@1064]&amp#27;[0m Got response with status 200: {"sessionId":"f3423726-8768-44da-b679-737db9d04d30","value":null}
&amp#27;[38;5;142m[b3ede57a]&amp#27;[0m&amp#27;[38;5;229m[ADB]&amp#27;[0m Getting IDs of all 'io.appium.uiautomator2.server' processes
&amp#27;[38;5;142m[b3ede57a]&amp#27;[0m&amp#27;[38;5;229m[ADB]&amp#27;[0m Running 'C:\Users\sajus\AppData\Local\Android\Sdk\platform-tools\adb.exe -P 5037 -s R3CRC00KHBT shell pgrep -f \(\[\[:blank:\]\]\|\^\)io\.appium\.uiautomator2\.server\(:\[a-zA-Z0-9_-\]\+\)\?\(\[\[:blank:\]\]\|\$\)'
&amp#27;[38;5;142m[b3ede57a]&amp#27;[0m&amp#27;[38;5;-10m[AndroidUiautomator2Driver@1064]&amp#27;[0m [Instrumentation] io.appium.uiautomator2.server.test.AppiumUiAutomator2Server:.
&amp#27;[38;5;142m[b3ede57a]&amp#27;[0m&amp#27;[38;5;-10m[AndroidUiautomator2Driver@1064]&amp#27;[0m [Instrumentation] 
&amp#27;[38;5;142m[b3ede57a]&amp#27;[0m&amp#27;[38;5;-10m[AndroidUiautomator2Driver@1064]&amp#27;[0m [Instrumentation] Time: 19.685
&amp#27;[38;5;142m[b3ede57a]&amp#27;[0m&amp#27;[38;5;-10m[AndroidUiautomator2Driver@1064]&amp#27;[0m [Instrumentation] 
&amp#27;[38;5;142m[b3ede57a]&amp#27;[0m&amp#27;[38;5;-10m[AndroidUiautomator2Driver@1064]&amp#27;[0m [Instrumentation] OK (1 test)
&amp#27;[38;5;142m[b3ede57a]&amp#27;[0m&amp#27;[38;5;-10m[AndroidUiautomator2Driver@1064]&amp#27;[0m [Instrumentation] 
&amp#27;[38;5;142m[b3ede57a]&amp#27;[0m&amp#27;[38;5;-10m[AndroidUiautomator2Driver@1064]&amp#27;[0m [Instrumentation] 
&amp#27;[38;5;142m[b3ede57a]&amp#27;[0m&amp#27;[38;5;-10m[AndroidUiautomator2Driver@1064]&amp#27;[0m [Instrumentation] The process has exited with code 0, signal null
&amp#27;[38;5;142m[b3ede57a]&amp#27;[0m&amp#27;[38;5;229m[ADB]&amp#27;[0m Running 'C:\Users\sajus\AppData\Local\Android\Sdk\platform-tools\adb.exe -P 5037 -s R3CRC00KHBT shell am force-stop io.appium.uiautomator2.server'
&amp#27;[38;5;142m[b3ede57a]&amp#27;[0m&amp#27;[38;5;229m[ADB]&amp#27;[0m Running 'C:\Users\sajus\AppData\Local\Android\Sdk\platform-tools\adb.exe -P 5037 -s R3CRC00KHBT shell am force-stop io.appium.uiautomator2.server.test'
&amp#27;[38;5;228m[61b1573e]&amp#27;[0m&amp#27;[38;5;2m[AndroidUiautomator2Driver@7ec8]&amp#27;[0m Got response with status 200: {"sessionId":"2d4a0e19-8d46-45d5-bf74-dfe9a77e2d8d","value":"iVBORw0KGgoAAAANSUhEUgAABDgAAAjoCAYAAAA5jhrUAAAAAXNSR0IArs4c6QAAAARzQklUCAgICHwIZIgAACAASURBVHic7N15fFTV/f/x9713JhvZSNh3FAEXBMFdrChW64b7hvtat7q11V9rrdi6f2vrWrWiQq24oIJr3RFFcCmKK4IbYRVIICGQbebe+/sDEzOZmWQmmcnMzbyefVDNudvnhlqZd875HKP7V6e7AgAAAAAA8DAz1QUAAAAAAAB0FAEHAAAAAADwPAIOAAAAAADgeQQcAAAAAADA8wg4AAAAAACA5xFwAAAAAAAAzyPgAAAAAAAAnkfAAQAAAAAAPI+AAwAAAAAAeB4BBwAAAAAA8DwCDgAAAAAA4HkEHAAAAAAAwPMIOAAAAAAAgOcRcAAAAAAAAM8j4AAAAAAAAJ5HwAEAAAAAADyPgAMAAAAAAHgeAQcAAAAAAPA8Ag4AAAAAAOB5BBwAAAAAAMDzCDgAAAAAAIDnEXAAAAAAAADPI+AAAAAAAACeR8ABAAAAAAA8j4ADAAAAAAB4ni/VBQDpwJAho/Gvxta/lyRXkuu62vof/fTf3pUp7wkAAAAg8xBwIGMZMuQzTG2b1UczBl6hIf6erZ6/LLBeJ6/4h75v+FFB1/FMCJAp7wkAAADEosjK007ZgzQqZ5CKzDztlDNIRVa3puNV9hZ9UbdcVU6NPq9bri/ql6vKrklJrePzRur5wX+I6dxJZTdrXs3XSa4ovRFwICMVmLn6c6/jdWb3/WXFuFJriL+nFmxzk2w5mr7xbV2/7ilVO7VJrrRjMuU9AQAAgNYM8vfQoQVjdWjBOI3PG9nm+YcVjAv5el7N13q5eqFerv5YywPlySoTHWR0/+p0fjyLjOEzLF1YcrCm9DpBPy/QaB9Xrq5fN1P/3PCKgq6doAoTI1PeEwAAAGjN+LyR+nXJQWGBRUe8...
&amp#27;[38;5;228m[61b1573e]&amp#27;[0m&amp#27;[38;5;2m[AndroidUiautomator2Driver@7ec8]&amp#27;[0m Responding to client with driver.getScreenshot() result: "iVBORw0KGgoAAAANSUhEUgAABDgAAAjoCAYAAAA5jhrUAAAAAXNSR0IArs4c6QAAAARzQklUCAgICHwIZIgAACAASURBVHic7N15fFTV/f/x9713JhvZSNh3FAEXBMFdrChW64b7hvtat7q11V9rrdi6f2vrWrWiQq24oIJr3RFFcCmKK4IbYRVIICGQbebe+/sDEzOZmWQmmcnMzbyefVDNudvnhlqZd875HKP7V6e7AgAAAAAA8DAz1QUAAAAAAAB0FAEHAAAAAADwPAIOAAAAAADgeQQcAAAAAADA8wg4AAAAAACA5xFwAAAAAAAAzyPgAAAAAAAAnkfAAQAAAAAAPI+AAwAAAAAAeB4BBwAAAAAA8DwCDgAAAAAA4HkEHAAAAAAAwPMIOAAAAAAAgOcRcAAAAAAAAM8j4AAAAAAAAJ5HwAEAAAAAADyPgAMAAAAAAHgeAQcAAAAAAPA8Ag4AAAAAAOB5BBwAAAAAAMDzCDgAAAAAAIDnEXAAAAAAAADPI+AAAAAAAACeR8ABAAAAAAA8j4ADAAAAAAB4ni/VBQDpwJAho/Gvxta/lyRXkuu62vof/fTf3pUp7wkAAAAg8xBwIGMZMuQzTG2b1UczBl6hIf6erZ6/LLBeJ6/4h75v+FFB1/FMCJAp7wkAAADEosjK007ZgzQqZ5CKzDztlDNIRVa3puNV9hZ9UbdcVU6NPq9bri/ql6vKrklJrePzRur5wX+I6dxJZTdrXs3XSa4ovRFwICMVmLn6c6/jdWb3/WXFuFJriL+nFmxzk2w5mr7xbV2/7ilVO7VJrrRjMuU9AQAAgNYM8vfQoQVjdWjBOI3PG9nm+YcVjAv5el7N13q5eqFerv5YywPlySoTHWR0/+p0fjyLjOEzLF1YcrCm9DpBPy/QaB9Xrq5fN1P/3PCKgq6doAoTI1PeEwAAAGjN+LyR+nXJQWGBRUe8VL1QD2x4rVNmSzCDIz4EHMgIhgwVmDmaM/QvGprVK6H3/qFhnQ5Ydp022bUp...
&amp#27;[38;5;228m[61b1573e]&amp#27;[0m&amp#27;[38;5;86m[HTTP]&amp#27;[0m &amp#27;[37m<-- GET /session/61b1573e-c8cc-4ed1-a039-7d8f6bc98109/screenshot &amp#27;[39m&amp#27;[32m200&amp#27;[39m &amp#27;[90m797 ms - 346328&amp#27;[39m &amp#27;[90m&amp#27;[39m
]]></system-out>
  </testcase>
</testsuite>