<?xml version="1.0" encoding="UTF-8"?>
<testsuite xmlns:xsi="http://www.w3.org/2001/XMLSchema-instance" xsi:noNamespaceSchemaLocation="https://maven.apache.org/surefire/maven-surefire-plugin/xsd/surefire-test-report-3.0.xsd" version="3.0" name="TestSuite" time="94.799" tests="9" errors="0" skipped="3" failures="3">
  <properties>
    <property name="sun.desktop" value="windows"/>
    <property name="awt.toolkit" value="sun.awt.windows.WToolkit"/>
    <property name="java.specification.version" value="11"/>
    <property name="sun.cpu.isalist" value="amd64"/>
    <property name="sun.jnu.encoding" value="Cp1252"/>
    <property name="java.class.path" value="C:\Users\sajus\IdeaProjects\appium_Device\target\test-classes;C:\Users\sajus\IdeaProjects\appium_Device\target\classes;C:\Users\sajus\.m2\repository\io\appium\java-client\8.5.1\java-client-8.5.1.jar;C:\Users\sajus\.m2\repository\org\seleniumhq\selenium\selenium-api\4.33.0\selenium-api-4.33.0.jar;C:\Users\sajus\.m2\repository\org\jspecify\jspecify\1.0.0\jspecify-1.0.0.jar;C:\Users\sajus\.m2\repository\org\seleniumhq\selenium\selenium-support\4.33.0\selenium-support-4.33.0.jar;C:\Users\sajus\.m2\repository\com\google\code\gson\gson\2.10.1\gson-2.10.1.jar;C:\Users\sajus\.m2\repository\commons-validator\commons-validator\1.7\commons-validator-1.7.jar;C:\Users\sajus\.m2\repository\commons-beanutils\commons-beanutils\1.9.4\commons-beanutils-1.9.4.jar;C:\Users\sajus\.m2\repository\commons-digester\commons-digester\2.1\commons-digester-2.1.jar;C:\Users\sajus\.m2\repository\commons-logging\commons-logging\1.2\commons-logging-1.2.jar;C:\Users\sajus\.m2\repository\commons-collections\commons-collections\3.2.2\commons-collections-3.2.2.jar;C:\Users\sajus\.m2\repository\org\apache\commons\commons-lang3\3.12.0\commons-lang3-3.12.0.jar;C:\Users\sajus\.m2\repository\commons-io\commons-io\2.12.0\commons-io-2.12.0.jar;C:\Users\sajus\.m2\repository\org\slf4j\slf4j-api\2.0.7\slf4j-api-2.0.7.jar;C:\Users\sajus\.m2\repository\org\seleniumhq\selenium\selenium-java\4.8.0\selenium-java-4.8.0.jar;C:\Users\sajus\.m2\repository\org\seleniumhq\selenium\selenium-chrome-driver\4.8.0\selenium-chrome-driver-4.8.0.jar;C:\Users\sajus\.m2\repository\com\google\auto\service\auto-service\1.0.1\auto-service-1.0.1.jar;C:\Users\sajus\.m2\repository\com\google\auto\auto-common\1.2\auto-common-1.2.jar;C:\Users\sajus\.m2\repository\org\seleniumhq\selenium\selenium-chromium-driver\4.8.0\selenium-chromium-driver-4.8.0.jar;C:\Users\sajus\.m2\repository\org\seleniumhq\selenium\selenium-devtools-v107\4.8.0\selenium-devtools-v107-4.8.0.jar;C:\Users\sajus\.m2\repository\org\seleniumhq\selenium\selenium-devtools-v108\4.8.0\selenium-devtools-v108-4.8.0.jar;C:\Users\sajus\.m2\repository\org\seleniumhq\selenium\selenium-devtools-v109\4.8.0\selenium-devtools-v109-4.8.0.jar;C:\Users\sajus\.m2\repository\org\seleniumhq\selenium\selenium-devtools-v85\4.8.0\selenium-devtools-v85-4.8.0.jar;C:\Users\sajus\.m2\repository\org\seleniumhq\selenium\selenium-edge-driver\4.8.0\selenium-edge-driver-4.8.0.jar;C:\Users\sajus\.m2\repository\org\seleniumhq\selenium\selenium-firefox-driver\4.8.0\selenium-firefox-driver-4.8.0.jar;C:\Users\sajus\.m2\repository\org\seleniumhq\selenium\selenium-ie-driver\4.8.0\selenium-ie-driver-4.8.0.jar;C:\Users\sajus\.m2\repository\org\seleniumhq\selenium\selenium-safari-driver\4.8.0\selenium-safari-driver-4.8.0.jar;C:\Users\sajus\.m2\repository\org\seleniumhq\selenium\selenium-remote-driver\4.13.0\selenium-remote-driver-4.13.0.jar;C:\Users\sajus\.m2\repository\com\google\auto\service\auto-service-annotations\1.1.1\auto-service-annotations-1.1.1.jar;C:\Users\sajus\.m2\repository\com\google\guava\guava\32.1.2-jre\guava-32.1.2-jre.jar;C:\Users\sajus\.m2\repository\com\google\guava\failureaccess\1.0.1\failureaccess-1.0.1.jar;C:\Users\sajus\.m2\repository\com\google\guava\listenablefuture\9999.0-empty-to-avoid-conflict-with-guava\listenablefuture-9999.0-empty-to-avoid-conflict-with-guava.jar;C:\Users\sajus\.m2\repository\com\google\code\findbugs\jsr305\3.0.2\jsr305-3.0.2.jar;C:\Users\sajus\.m2\repository\org\checkerframework\checker-qual\3.33.0\checker-qual-3.33.0.jar;C:\Users\sajus\.m2\repository\com\google\errorprone\error_prone_annotations\2.18.0\error_prone_annotations-2.18.0.jar;C:\Users\sajus\.m2\repository\com\google\j2objc\j2objc-annotations\2.8\j2objc-annotations-2.8.jar;C:\Users\sajus\.m2\repository\io\netty\netty-buffer\4.1.96.Final\netty-buffer-4.1.96.Final.jar;C:\Users\sajus\.m2\repository\io\netty\netty-codec-http\4.1.96.Final\netty-codec-http-4.1.96.Final.jar;C:\Users\sajus\.m2\repository\io\netty\netty-codec\4.1.96.Final\netty-codec-4.1.96.Final.jar;C:\Users\sajus\.m2\repository\io\netty\netty-handler\4.1.96.Final\netty-handler-4.1.96.Final.jar;C:\Users\sajus\.m2\repository\io\netty\netty-common\4.1.96.Final\netty-common-4.1.96.Final.jar;C:\Users\sajus\.m2\repository\io\netty\netty-transport-classes-epoll\4.1.96.Final\netty-transport-classes-epoll-4.1.96.Final.jar;C:\Users\sajus\.m2\repository\io\netty\netty-transport-classes-kqueue\4.1.96.Final\netty-transport-classes-kqueue-4.1.96.Final.jar;C:\Users\sajus\.m2\repository\io\netty\netty-transport-native-epoll\4.1.96.Final\netty-transport-native-epoll-4.1.96.Final.jar;C:\Users\sajus\.m2\repository\io\netty\netty-transport-native-kqueue\4.1.96.Final\netty-transport-native-kqueue-4.1.96.Final.jar;C:\Users\sajus\.m2\repository\io\netty\netty-transport-native-unix-common\4.1.96.Final\netty-transport-native-unix-common-4.1.96.Final.jar;C:\Users\sajus\.m2\repository\io\netty\netty-transport\4.1.96.Final\netty-transport-4.1.96.Final.jar;C:\Users\sajus\.m2\repository\io\netty\netty-resolver\4.1.96.Final\netty-resolver-4.1.96.Final.jar;C:\Users\sajus\.m2\repository\io\opentelemetry\opentelemetry-api\1.28.0\opentelemetry-api-1.28.0.jar;C:\Users\sajus\.m2\repository\io\opentelemetry\opentelemetry-context\1.28.0\opentelemetry-context-1.28.0.jar;C:\Users\sajus\.m2\repository\io\opentelemetry\opentelemetry-exporter-logging\1.28.0\opentelemetry-exporter-logging-1.28.0.jar;C:\Users\sajus\.m2\repository\io\opentelemetry\opentelemetry-sdk-metrics\1.28.0\opentelemetry-sdk-metrics-1.28.0.jar;C:\Users\sajus\.m2\repository\io\opentelemetry\opentelemetry-extension-incubator\1.28.0-alpha\opentelemetry-extension-incubator-1.28.0-alpha.jar;C:\Users\sajus\.m2\repository\io\opentelemetry\opentelemetry-sdk-logs\1.28.0\opentelemetry-sdk-logs-1.28.0.jar;C:\Users\sajus\.m2\repository\io\opentelemetry\opentelemetry-sdk-common\1.28.0\opentelemetry-sdk-common-1.28.0.jar;C:\Users\sajus\.m2\repository\io\opentelemetry\opentelemetry-sdk-extension-autoconfigure-spi\1.28.0\opentelemetry-sdk-extension-autoconfigure-spi-1.28.0.jar;C:\Users\sajus\.m2\repository\io\opentelemetry\opentelemetry-sdk-extension-autoconfigure\1.28.0\opentelemetry-sdk-extension-autoconfigure-1.28.0.jar;C:\Users\sajus\.m2\repository\io\opentelemetry\opentelemetry-api-events\1.28.0-alpha\opentelemetry-api-events-1.28.0-alpha.jar;C:\Users\sajus\.m2\repository\io\opentelemetry\opentelemetry-sdk-trace\1.28.0\opentelemetry-sdk-trace-1.28.0.jar;C:\Users\sajus\.m2\repository\io\opentelemetry\opentelemetry-sdk\1.28.0\opentelemetry-sdk-1.28.0.jar;C:\Users\sajus\.m2\repository\io\opentelemetry\opentelemetry-semconv\1.28.0-alpha\opentelemetry-semconv-1.28.0-alpha.jar;C:\Users\sajus\.m2\repository\net\bytebuddy\byte-buddy\1.14.5\byte-buddy-1.14.5.jar;C:\Users\sajus\.m2\repository\org\asynchttpclient\async-http-client\2.12.3\async-http-client-2.12.3.jar;C:\Users\sajus\.m2\repository\org\asynchttpclient\async-http-client-netty-utils\2.12.3\async-http-client-netty-utils-2.12.3.jar;C:\Users\sajus\.m2\repository\io\netty\netty-codec-socks\4.1.60.Final\netty-codec-socks-4.1.60.Final.jar;C:\Users\sajus\.m2\repository\io\netty\netty-handler-proxy\4.1.60.Final\netty-handler-proxy-4.1.60.Final.jar;C:\Users\sajus\.m2\repository\io\netty\netty-transport-native-epoll\4.1.60.Final\netty-transport-native-epoll-4.1.60.Final-linux-x86_64.jar;C:\Users\sajus\.m2\repository\io\netty\netty-transport-native-kqueue\4.1.60.Final\netty-transport-native-kqueue-4.1.60.Final-osx-x86_64.jar;C:\Users\sajus\.m2\repository\org\reactivestreams\reactive-streams\1.0.3\reactive-streams-1.0.3.jar;C:\Users\sajus\.m2\repository\com\typesafe\netty\netty-reactive-streams\2.0.4\netty-reactive-streams-2.0.4.jar;C:\Users\sajus\.m2\repository\com\sun\activation\jakarta.activation\1.2.2\jakarta.activation-1.2.2.jar;C:\Users\sajus\.m2\repository\org\seleniumhq\selenium\selenium-http\4.13.0\selenium-http-4.13.0.jar;C:\Users\sajus\.m2\repository\dev\failsafe\failsafe\3.3.2\failsafe-3.3.2.jar;C:\Users\sajus\.m2\repository\org\seleniumhq\selenium\selenium-json\4.13.0\selenium-json-4.13.0.jar;C:\Users\sajus\.m2\repository\org\seleniumhq\selenium\selenium-manager\4.13.0\selenium-manager-4.13.0.jar;C:\Users\sajus\.m2\repository\org\seleniumhq\selenium\selenium-os\4.13.0\selenium-os-4.13.0.jar;C:\Users\sajus\.m2\repository\org\apache\commons\commons-exec\1.3\commons-exec-1.3.jar;C:\Users\sajus\.m2\repository\org\testng\testng\7.11.0\testng-7.11.0.jar;C:\Users\sajus\.m2\repository\org\jcommander\jcommander\1.83\jcommander-1.83.jar;C:\Users\sajus\.m2\repository\org\webjars\jquery\3.7.1\jquery-3.7.1.jar;C:\Users\sajus\.m2\repository\com\aventstack\extentreports\5.0.9\extentreports-5.0.9.jar;C:\Users\sajus\.m2\repository\io\reactivex\rxjava3\rxjava\3.0.4\rxjava-3.0.4.jar;C:\Users\sajus\.m2\repository\org\freemarker\freemarker\2.3.30\freemarker-2.3.30.jar;C:\Users\sajus\.m2\repository\com\fasterxml\jackson\core\jackson-databind\2.15.2\jackson-databind-2.15.2.jar;C:\Users\sajus\.m2\repository\com\fasterxml\jackson\core\jackson-annotations\2.15.2\jackson-annotations-2.15.2.jar;C:\Users\sajus\.m2\repository\com\fasterxml\jackson\core\jackson-core\2.15.2\jackson-core-2.15.2.jar;C:\Users\sajus\.m2\repository\org\apache\logging\log4j\log4j-core\2.20.0\log4j-core-2.20.0.jar;C:\Users\sajus\.m2\repository\org\apache\logging\log4j\log4j-api\2.20.0\log4j-api-2.20.0.jar;C:\Users\sajus\.m2\repository\org\slf4j\slf4j-simple\2.0.9\slf4j-simple-2.0.9.jar;C:\Users\sajus\.m2\repository\org\projectlombok\lombok\1.18.28\lombok-1.18.28.jar;C:\Users\sajus\.m2\repository\com\beust\jcommander\1.82\jcommander-1.82.jar;C:\Users\sajus\.m2\repository\io\qameta\allure\allure-testng\2.29.0\allure-testng-2.29.0.jar;C:\Users\sajus\.m2\repository\io\qameta\allure\allure-java-commons\2.29.0\allure-java-commons-2.29.0.jar;C:\Users\sajus\.m2\repository\io\qameta\allure\allure-model\2.29.0\allure-model-2.29.0.jar;C:\Users\sajus\.m2\repository\io\qameta\allure\allure-test-filter\2.29.0\allure-test-filter-2.29.0.jar;C:\Users\sajus\.m2\repository\org\aspectj\aspectjweaver\1.9.20\aspectjweaver-1.9.20.jar;"/>
    <property name="java.vm.vendor" value="Oracle Corporation"/>
    <property name="sun.arch.data.model" value="64"/>
    <property name="user.variant" value=""/>
    <property name="java.vendor.url" value="https://openjdk.java.net/"/>
    <property name="user.timezone" value="America/Toronto"/>
    <property name="java.vm.specification.version" value="11"/>
    <property name="os.name" value="Windows 11"/>
    <property name="sun.java.launcher" value="SUN_STANDARD"/>
    <property name="user.country" value="CA"/>
    <property name="sun.boot.library.path" value="C:\Program Files\jdk-11.0.26\bin"/>
    <property name="sun.java.command" value="C:\Users\sajus\AppData\Local\Temp\surefire13641335916095397303\surefirebooter-20250619152117595_3.jar C:\Users\sajus\AppData\Local\Temp\surefire13641335916095397303 2025-06-19T15-21-17_072-jvmRun1 surefire-20250619152117595_1tmp surefire_0-20250619152117595_2tmp"/>
    <property name="jdk.debug" value="release"/>
    <property name="surefire.test.class.path" value="C:\Users\sajus\IdeaProjects\appium_Device\target\test-classes;C:\Users\sajus\IdeaProjects\appium_Device\target\classes;C:\Users\sajus\.m2\repository\io\appium\java-client\8.5.1\java-client-8.5.1.jar;C:\Users\sajus\.m2\repository\org\seleniumhq\selenium\selenium-api\4.33.0\selenium-api-4.33.0.jar;C:\Users\sajus\.m2\repository\org\jspecify\jspecify\1.0.0\jspecify-1.0.0.jar;C:\Users\sajus\.m2\repository\org\seleniumhq\selenium\selenium-support\4.33.0\selenium-support-4.33.0.jar;C:\Users\sajus\.m2\repository\com\google\code\gson\gson\2.10.1\gson-2.10.1.jar;C:\Users\sajus\.m2\repository\commons-validator\commons-validator\1.7\commons-validator-1.7.jar;C:\Users\sajus\.m2\repository\commons-beanutils\commons-beanutils\1.9.4\commons-beanutils-1.9.4.jar;C:\Users\sajus\.m2\repository\commons-digester\commons-digester\2.1\commons-digester-2.1.jar;C:\Users\sajus\.m2\repository\commons-logging\commons-logging\1.2\commons-logging-1.2.jar;C:\Users\sajus\.m2\repository\commons-collections\commons-collections\3.2.2\commons-collections-3.2.2.jar;C:\Users\sajus\.m2\repository\org\apache\commons\commons-lang3\3.12.0\commons-lang3-3.12.0.jar;C:\Users\sajus\.m2\repository\commons-io\commons-io\2.12.0\commons-io-2.12.0.jar;C:\Users\sajus\.m2\repository\org\slf4j\slf4j-api\2.0.7\slf4j-api-2.0.7.jar;C:\Users\sajus\.m2\repository\org\seleniumhq\selenium\selenium-java\4.8.0\selenium-java-4.8.0.jar;C:\Users\sajus\.m2\repository\org\seleniumhq\selenium\selenium-chrome-driver\4.8.0\selenium-chrome-driver-4.8.0.jar;C:\Users\sajus\.m2\repository\com\google\auto\service\auto-service\1.0.1\auto-service-1.0.1.jar;C:\Users\sajus\.m2\repository\com\google\auto\auto-common\1.2\auto-common-1.2.jar;C:\Users\sajus\.m2\repository\org\seleniumhq\selenium\selenium-chromium-driver\4.8.0\selenium-chromium-driver-4.8.0.jar;C:\Users\sajus\.m2\repository\org\seleniumhq\selenium\selenium-devtools-v107\4.8.0\selenium-devtools-v107-4.8.0.jar;C:\Users\sajus\.m2\repository\org\seleniumhq\selenium\selenium-devtools-v108\4.8.0\selenium-devtools-v108-4.8.0.jar;C:\Users\sajus\.m2\repository\org\seleniumhq\selenium\selenium-devtools-v109\4.8.0\selenium-devtools-v109-4.8.0.jar;C:\Users\sajus\.m2\repository\org\seleniumhq\selenium\selenium-devtools-v85\4.8.0\selenium-devtools-v85-4.8.0.jar;C:\Users\sajus\.m2\repository\org\seleniumhq\selenium\selenium-edge-driver\4.8.0\selenium-edge-driver-4.8.0.jar;C:\Users\sajus\.m2\repository\org\seleniumhq\selenium\selenium-firefox-driver\4.8.0\selenium-firefox-driver-4.8.0.jar;C:\Users\sajus\.m2\repository\org\seleniumhq\selenium\selenium-ie-driver\4.8.0\selenium-ie-driver-4.8.0.jar;C:\Users\sajus\.m2\repository\org\seleniumhq\selenium\selenium-safari-driver\4.8.0\selenium-safari-driver-4.8.0.jar;C:\Users\sajus\.m2\repository\org\seleniumhq\selenium\selenium-remote-driver\4.13.0\selenium-remote-driver-4.13.0.jar;C:\Users\sajus\.m2\repository\com\google\auto\service\auto-service-annotations\1.1.1\auto-service-annotations-1.1.1.jar;C:\Users\sajus\.m2\repository\com\google\guava\guava\32.1.2-jre\guava-32.1.2-jre.jar;C:\Users\sajus\.m2\repository\com\google\guava\failureaccess\1.0.1\failureaccess-1.0.1.jar;C:\Users\sajus\.m2\repository\com\google\guava\listenablefuture\9999.0-empty-to-avoid-conflict-with-guava\listenablefuture-9999.0-empty-to-avoid-conflict-with-guava.jar;C:\Users\sajus\.m2\repository\com\google\code\findbugs\jsr305\3.0.2\jsr305-3.0.2.jar;C:\Users\sajus\.m2\repository\org\checkerframework\checker-qual\3.33.0\checker-qual-3.33.0.jar;C:\Users\sajus\.m2\repository\com\google\errorprone\error_prone_annotations\2.18.0\error_prone_annotations-2.18.0.jar;C:\Users\sajus\.m2\repository\com\google\j2objc\j2objc-annotations\2.8\j2objc-annotations-2.8.jar;C:\Users\sajus\.m2\repository\io\netty\netty-buffer\4.1.96.Final\netty-buffer-4.1.96.Final.jar;C:\Users\sajus\.m2\repository\io\netty\netty-codec-http\4.1.96.Final\netty-codec-http-4.1.96.Final.jar;C:\Users\sajus\.m2\repository\io\netty\netty-codec\4.1.96.Final\netty-codec-4.1.96.Final.jar;C:\Users\sajus\.m2\repository\io\netty\netty-handler\4.1.96.Final\netty-handler-4.1.96.Final.jar;C:\Users\sajus\.m2\repository\io\netty\netty-common\4.1.96.Final\netty-common-4.1.96.Final.jar;C:\Users\sajus\.m2\repository\io\netty\netty-transport-classes-epoll\4.1.96.Final\netty-transport-classes-epoll-4.1.96.Final.jar;C:\Users\sajus\.m2\repository\io\netty\netty-transport-classes-kqueue\4.1.96.Final\netty-transport-classes-kqueue-4.1.96.Final.jar;C:\Users\sajus\.m2\repository\io\netty\netty-transport-native-epoll\4.1.96.Final\netty-transport-native-epoll-4.1.96.Final.jar;C:\Users\sajus\.m2\repository\io\netty\netty-transport-native-kqueue\4.1.96.Final\netty-transport-native-kqueue-4.1.96.Final.jar;C:\Users\sajus\.m2\repository\io\netty\netty-transport-native-unix-common\4.1.96.Final\netty-transport-native-unix-common-4.1.96.Final.jar;C:\Users\sajus\.m2\repository\io\netty\netty-transport\4.1.96.Final\netty-transport-4.1.96.Final.jar;C:\Users\sajus\.m2\repository\io\netty\netty-resolver\4.1.96.Final\netty-resolver-4.1.96.Final.jar;C:\Users\sajus\.m2\repository\io\opentelemetry\opentelemetry-api\1.28.0\opentelemetry-api-1.28.0.jar;C:\Users\sajus\.m2\repository\io\opentelemetry\opentelemetry-context\1.28.0\opentelemetry-context-1.28.0.jar;C:\Users\sajus\.m2\repository\io\opentelemetry\opentelemetry-exporter-logging\1.28.0\opentelemetry-exporter-logging-1.28.0.jar;C:\Users\sajus\.m2\repository\io\opentelemetry\opentelemetry-sdk-metrics\1.28.0\opentelemetry-sdk-metrics-1.28.0.jar;C:\Users\sajus\.m2\repository\io\opentelemetry\opentelemetry-extension-incubator\1.28.0-alpha\opentelemetry-extension-incubator-1.28.0-alpha.jar;C:\Users\sajus\.m2\repository\io\opentelemetry\opentelemetry-sdk-logs\1.28.0\opentelemetry-sdk-logs-1.28.0.jar;C:\Users\sajus\.m2\repository\io\opentelemetry\opentelemetry-sdk-common\1.28.0\opentelemetry-sdk-common-1.28.0.jar;C:\Users\sajus\.m2\repository\io\opentelemetry\opentelemetry-sdk-extension-autoconfigure-spi\1.28.0\opentelemetry-sdk-extension-autoconfigure-spi-1.28.0.jar;C:\Users\sajus\.m2\repository\io\opentelemetry\opentelemetry-sdk-extension-autoconfigure\1.28.0\opentelemetry-sdk-extension-autoconfigure-1.28.0.jar;C:\Users\sajus\.m2\repository\io\opentelemetry\opentelemetry-api-events\1.28.0-alpha\opentelemetry-api-events-1.28.0-alpha.jar;C:\Users\sajus\.m2\repository\io\opentelemetry\opentelemetry-sdk-trace\1.28.0\opentelemetry-sdk-trace-1.28.0.jar;C:\Users\sajus\.m2\repository\io\opentelemetry\opentelemetry-sdk\1.28.0\opentelemetry-sdk-1.28.0.jar;C:\Users\sajus\.m2\repository\io\opentelemetry\opentelemetry-semconv\1.28.0-alpha\opentelemetry-semconv-1.28.0-alpha.jar;C:\Users\sajus\.m2\repository\net\bytebuddy\byte-buddy\1.14.5\byte-buddy-1.14.5.jar;C:\Users\sajus\.m2\repository\org\asynchttpclient\async-http-client\2.12.3\async-http-client-2.12.3.jar;C:\Users\sajus\.m2\repository\org\asynchttpclient\async-http-client-netty-utils\2.12.3\async-http-client-netty-utils-2.12.3.jar;C:\Users\sajus\.m2\repository\io\netty\netty-codec-socks\4.1.60.Final\netty-codec-socks-4.1.60.Final.jar;C:\Users\sajus\.m2\repository\io\netty\netty-handler-proxy\4.1.60.Final\netty-handler-proxy-4.1.60.Final.jar;C:\Users\sajus\.m2\repository\io\netty\netty-transport-native-epoll\4.1.60.Final\netty-transport-native-epoll-4.1.60.Final-linux-x86_64.jar;C:\Users\sajus\.m2\repository\io\netty\netty-transport-native-kqueue\4.1.60.Final\netty-transport-native-kqueue-4.1.60.Final-osx-x86_64.jar;C:\Users\sajus\.m2\repository\org\reactivestreams\reactive-streams\1.0.3\reactive-streams-1.0.3.jar;C:\Users\sajus\.m2\repository\com\typesafe\netty\netty-reactive-streams\2.0.4\netty-reactive-streams-2.0.4.jar;C:\Users\sajus\.m2\repository\com\sun\activation\jakarta.activation\1.2.2\jakarta.activation-1.2.2.jar;C:\Users\sajus\.m2\repository\org\seleniumhq\selenium\selenium-http\4.13.0\selenium-http-4.13.0.jar;C:\Users\sajus\.m2\repository\dev\failsafe\failsafe\3.3.2\failsafe-3.3.2.jar;C:\Users\sajus\.m2\repository\org\seleniumhq\selenium\selenium-json\4.13.0\selenium-json-4.13.0.jar;C:\Users\sajus\.m2\repository\org\seleniumhq\selenium\selenium-manager\4.13.0\selenium-manager-4.13.0.jar;C:\Users\sajus\.m2\repository\org\seleniumhq\selenium\selenium-os\4.13.0\selenium-os-4.13.0.jar;C:\Users\sajus\.m2\repository\org\apache\commons\commons-exec\1.3\commons-exec-1.3.jar;C:\Users\sajus\.m2\repository\org\testng\testng\7.11.0\testng-7.11.0.jar;C:\Users\sajus\.m2\repository\org\jcommander\jcommander\1.83\jcommander-1.83.jar;C:\Users\sajus\.m2\repository\org\webjars\jquery\3.7.1\jquery-3.7.1.jar;C:\Users\sajus\.m2\repository\com\aventstack\extentreports\5.0.9\extentreports-5.0.9.jar;C:\Users\sajus\.m2\repository\io\reactivex\rxjava3\rxjava\3.0.4\rxjava-3.0.4.jar;C:\Users\sajus\.m2\repository\org\freemarker\freemarker\2.3.30\freemarker-2.3.30.jar;C:\Users\sajus\.m2\repository\com\fasterxml\jackson\core\jackson-databind\2.15.2\jackson-databind-2.15.2.jar;C:\Users\sajus\.m2\repository\com\fasterxml\jackson\core\jackson-annotations\2.15.2\jackson-annotations-2.15.2.jar;C:\Users\sajus\.m2\repository\com\fasterxml\jackson\core\jackson-core\2.15.2\jackson-core-2.15.2.jar;C:\Users\sajus\.m2\repository\org\apache\logging\log4j\log4j-core\2.20.0\log4j-core-2.20.0.jar;C:\Users\sajus\.m2\repository\org\apache\logging\log4j\log4j-api\2.20.0\log4j-api-2.20.0.jar;C:\Users\sajus\.m2\repository\org\slf4j\slf4j-simple\2.0.9\slf4j-simple-2.0.9.jar;C:\Users\sajus\.m2\repository\org\projectlombok\lombok\1.18.28\lombok-1.18.28.jar;C:\Users\sajus\.m2\repository\com\beust\jcommander\1.82\jcommander-1.82.jar;C:\Users\sajus\.m2\repository\io\qameta\allure\allure-testng\2.29.0\allure-testng-2.29.0.jar;C:\Users\sajus\.m2\repository\io\qameta\allure\allure-java-commons\2.29.0\allure-java-commons-2.29.0.jar;C:\Users\sajus\.m2\repository\io\qameta\allure\allure-model\2.29.0\allure-model-2.29.0.jar;C:\Users\sajus\.m2\repository\io\qameta\allure\allure-test-filter\2.29.0\allure-test-filter-2.29.0.jar;C:\Users\sajus\.m2\repository\org\aspectj\aspectjweaver\1.9.20\aspectjweaver-1.9.20.jar;"/>
    <property name="allure.results.directory" value="C:\Users\sajus\IdeaProjects\appium_Device\target/allure-results"/>
    <property name="sun.cpu.endian" value="little"/>
    <property name="user.home" value="C:\Users\sajus"/>
    <property name="user.language" value="en"/>
    <property name="java.specification.vendor" value="Oracle Corporation"/>
    <property name="java.version.date" value="2025-01-21"/>
    <property name="java.home" value="C:\Program Files\jdk-11.0.26"/>
    <property name="file.separator" value="\"/>
    <property name="basedir" value="C:\Users\sajus\IdeaProjects\appium_Device"/>
    <property name="java.vm.compressedOopsMode" value="32-bit"/>
    <property name="line.separator" value="&#10;"/>
    <property name="java.specification.name" value="Java Platform API Specification"/>
    <property name="java.vm.specification.vendor" value="Oracle Corporation"/>
    <property name="java.awt.graphicsenv" value="sun.awt.Win32GraphicsEnvironment"/>
    <property name="surefire.real.class.path" value="C:\Users\sajus\AppData\Local\Temp\surefire13641335916095397303\surefirebooter-20250619152117595_3.jar"/>
    <property name="user.script" value=""/>
    <property name="sun.management.compiler" value="HotSpot 64-Bit Tiered Compilers"/>
    <property name="java.runtime.version" value="11.0.26+7-LTS-187"/>
    <property name="user.name" value="sajus"/>
    <property name="path.separator" value=";"/>
    <property name="os.version" value="10.0"/>
    <property name="java.runtime.name" value="Java(TM) SE Runtime Environment"/>
    <property name="file.encoding" value="Cp1252"/>
    <property name="java.vm.name" value="Java HotSpot(TM) 64-Bit Server VM"/>
    <property name="java.vendor.version" value="18.9"/>
    <property name="localRepository" value="C:\Users\sajus\.m2\repository"/>
    <property name="java.vendor.url.bug" value="https://bugreport.java.com/bugreport/"/>
    <property name="java.io.tmpdir" value="C:\Users\sajus\AppData\Local\Temp\"/>
    <property name="java.version" value="11.0.26"/>
    <property name="user.dir" value="C:\Users\sajus\IdeaProjects\appium_Device"/>
    <property name="os.arch" value="amd64"/>
    <property name="java.vm.specification.name" value="Java Virtual Machine Specification"/>
    <property name="java.awt.printerjob" value="sun.awt.windows.WPrinterJob"/>
    <property name="sun.os.patch.level" value=""/>
    <property name="java.library.path" value="C:\Program Files\jdk-11.0.26\bin;C:\WINDOWS\Sun\Java\bin;C:\WINDOWS\system32;C:\WINDOWS;C:\WINDOWS\system32;C:\WINDOWS;C:\WINDOWS\System32\Wbem;C:\WINDOWS\System32\WindowsPowerShell\v1.0\;C:\WINDOWS\System32\OpenSSH\;C:\Program Files\dotnet\;C:\Program Files\nodejs\;C:\Users\sajus\AppData\Local\Android\Sdk\tools\bin;C:\Users\sajus\AppData\Local\Android\Sdk\platform-tools;C:\Program Files\jdk-11.0.26\bin;C:\Program Files\apache-maven-3.9.9\apache-maven-3.9.9\bin;C:\Program Files\Git\cmd;C:\Users\sajus\AppData\Local\Microsoft\WindowsApps;C:\Users\sajus\AppData\Local\Programs\Microsoft VS Code\bin;C:\Users\sajus\AppData\Roaming\npm;;."/>
    <property name="java.vendor" value="Oracle Corporation"/>
    <property name="java.vm.info" value="mixed mode"/>
    <property name="java.vm.version" value="11.0.26+7-LTS-187"/>
    <property name="java.specification.maintenance.version" value="3"/>
    <property name="sun.io.unicode.encoding" value="UnicodeLittle"/>
    <property name="java.class.version" value="55.0"/>
  </properties>
  <testcase name="setUp[1, 1](0)" classname="org.testCase.TestCase1" time="11.823">
    <failure message="Could not start a new session. Response code 500. Message: An unknown server-side error occurred while processing the command. Original error: Device R3CRC00KHBT was not in the list of connected devices &#10;Host info: host: &apos;ELSA&apos;, ip: &apos;192.168.2.20&apos;&#10;Build info: version: &apos;4.33.0&apos;, revision: &apos;2c6aaad03a&apos;&#10;System info: os.name: &apos;Windows 11&apos;, os.arch: &apos;amd64&apos;, os.version: &apos;10.0&apos;, java.version: &apos;11.0.26&apos;&#10;Driver info: io.appium.java_client.android.AndroidDriver&#10;Command: [null, newSession {capabilities=[{appium:appActivity=com.androidsample.generalstore.SplashActivity, appium:appPackage=com.androidsample.generalstore, appium:automationName=UiAutomator2, appium:deviceName=Samsung_Galaxy_S21, appium:noReset=true, platformName=ANDROID, appium:platformVersion=10.0, appium:systemPort=8201, appium:udid=R3CRC00KHBT}], desiredCapabilities=Capabilities {appActivity: com.androidsample.generalst..., appPackage: com.androidsample.generalstore, automationName: UiAutomator2, deviceName: Samsung_Galaxy_S21, noReset: true, platformName: ANDROID, platformVersion: 10.0, systemPort: 8201, udid: R3CRC00KHBT}}]&#10;Capabilities {appActivity: com.androidsample.generalst..., appPackage: com.androidsample.generalstore, automationName: UiAutomator2, deviceName: Samsung_Galaxy_S21, noReset: true, platformName: ANDROID, platformVersion: 10.0, systemPort: 8201, udid: R3CRC00KHBT}" type="org.openqa.selenium.SessionNotCreatedException"><![CDATA[org.openqa.selenium.SessionNotCreatedException: 
Could not start a new session. Response code 500. Message: An unknown server-side error occurred while processing the command. Original error: Device R3CRC00KHBT was not in the list of connected devices 
Host info: host: 'ELSA', ip: '192.168.2.20'
Build info: version: '4.33.0', revision: '2c6aaad03a'
System info: os.name: 'Windows 11', os.arch: 'amd64', os.version: '10.0', java.version: '11.0.26'
Driver info: io.appium.java_client.android.AndroidDriver
Command: [null, newSession {capabilities=[{appium:appActivity=com.androidsample.generalstore.SplashActivity, appium:appPackage=com.androidsample.generalstore, appium:automationName=UiAutomator2, appium:deviceName=Samsung_Galaxy_S21, appium:noReset=true, platformName=ANDROID, appium:platformVersion=10.0, appium:systemPort=8201, appium:udid=R3CRC00KHBT}], desiredCapabilities=Capabilities {appActivity: com.androidsample.generalst..., appPackage: com.androidsample.generalstore, automationName: UiAutomator2, deviceName: Samsung_Galaxy_S21, noReset: true, platformName: ANDROID, platformVersion: 10.0, systemPort: 8201, udid: R3CRC00KHBT}}]
Capabilities {appActivity: com.androidsample.generalst..., appPackage: com.androidsample.generalstore, automationName: UiAutomator2, deviceName: Samsung_Galaxy_S21, noReset: true, platformName: ANDROID, platformVersion: 10.0, systemPort: 8201, udid: R3CRC00KHBT}
	at org.openqa.selenium.remote.ProtocolHandshake.createSession(ProtocolHandshake.java:140)
	at java.base/jdk.internal.reflect.NativeMethodAccessorImpl.invoke0(Native Method)
	at java.base/jdk.internal.reflect.NativeMethodAccessorImpl.invoke(NativeMethodAccessorImpl.java:62)
	at java.base/jdk.internal.reflect.DelegatingMethodAccessorImpl.invoke(DelegatingMethodAccessorImpl.java:43)
	at java.base/java.lang.reflect.Method.invoke(Method.java:566)
	at io.appium.java_client.remote.AppiumProtocolHandshake.createSession(AppiumProtocolHandshake.java:133)
	at io.appium.java_client.remote.AppiumProtocolHandshake.createSession(AppiumProtocolHandshake.java:102)
	at io.appium.java_client.remote.AppiumCommandExecutor.createSession(AppiumCommandExecutor.java:182)
	at io.appium.java_client.remote.AppiumCommandExecutor.execute(AppiumCommandExecutor.java:250)
	at org.openqa.selenium.remote.RemoteWebDriver.execute(RemoteWebDriver.java:602)
	at io.appium.java_client.AppiumDriver.startSession(AppiumDriver.java:274)
	at org.openqa.selenium.remote.RemoteWebDriver.<init>(RemoteWebDriver.java:163)
	at io.appium.java_client.AppiumDriver.<init>(AppiumDriver.java:89)
	at io.appium.java_client.AppiumDriver.<init>(AppiumDriver.java:101)
	at io.appium.java_client.android.AndroidDriver.<init>(AndroidDriver.java:113)
	at org.appium.TestUtils.BaseTest.setUp(BaseTest.java:45)
	at java.base/jdk.internal.reflect.NativeMethodAccessorImpl.invoke0(Native Method)
	at java.base/jdk.internal.reflect.NativeMethodAccessorImpl.invoke(NativeMethodAccessorImpl.java:62)
	at java.base/jdk.internal.reflect.DelegatingMethodAccessorImpl.invoke(DelegatingMethodAccessorImpl.java:43)
	at java.base/java.lang.reflect.Method.invoke(Method.java:566)
	at org.testng.internal.invokers.MethodInvocationHelper.invokeMethod(MethodInvocationHelper.java:141)
	at org.testng.internal.invokers.MethodInvocationHelper.invokeMethodConsideringTimeout(MethodInvocationHelper.java:71)
	at org.testng.internal.invokers.ConfigInvoker.invokeConfigurationMethod(ConfigInvoker.java:400)
	at org.testng.internal.invokers.ConfigInvoker.invokeConfigurations(ConfigInvoker.java:333)
	at org.testng.internal.invokers.TestMethodWorker.invokeBeforeClassMethods(TestMethodWorker.java:188)
	at org.testng.internal.invokers.TestMethodWorker.run(TestMethodWorker.java:128)
	at java.base/java.util.ArrayList.forEach(ArrayList.java:1541)
	at org.testng.TestRunner.privateRun(TestRunner.java:741)
	at org.testng.TestRunner.run(TestRunner.java:616)
	at org.testng.SuiteRunner.runTest(SuiteRunner.java:421)
	at org.testng.SuiteRunner$SuiteWorker.run(SuiteRunner.java:463)
	at org.testng.internal.thread.ThreadUtil.lambda$execute$0(ThreadUtil.java:64)
	at java.base/java.util.concurrent.FutureTask.run(FutureTask.java:264)
	at java.base/java.util.concurrent.ThreadPoolExecutor.runWorker(ThreadPoolExecutor.java:1128)
	at java.base/java.util.concurrent.ThreadPoolExecutor$Worker.run(ThreadPoolExecutor.java:628)
	at java.base/java.lang.Thread.run(Thread.java:834)
]]></failure>
    <system-out><![CDATA[&amp#27;[38;5;112m[Appium]&amp#27;[0m Welcome to Appium v2.19.0
&amp#27;[38;5;112m[Appium]&amp#27;[0m Welcome to Appium v2.19.0
&amp#27;[38;5;112m[Appium]&amp#27;[0m Non-default server args:
&amp#27;[38;5;112m[Appium]&amp#27;[0m The autodetected Appium home path: C:\Users\sajus\.appium
&amp#27;[38;5;112m[Appium]&amp#27;[0m Attempting to load driver uiautomator2...
&amp#27;[38;5;112m[Appium]&amp#27;[0m { port: &amp#27;[33m4724&amp#27;[39m }
&amp#27;[38;5;112m[Appium]&amp#27;[0m The autodetected Appium home path: C:\Users\sajus\.appium
&amp#27;[38;5;112m[Appium]&amp#27;[0m Attempting to load driver uiautomator2...
&amp#27;[38;5;112m[Appium]&amp#27;[0m Requiring driver at C:\Users\sajus\.appium\node_modules\appium-uiautomator2-driver\build\index.js
&amp#27;[38;5;112m[Appium]&amp#27;[0m Requiring driver at C:\Users\sajus\.appium\node_modules\appium-uiautomator2-driver\build\index.js
&amp#27;[38;5;112m[Appium]&amp#27;[0m AndroidUiautomator2Driver has been successfully loaded in 1.366s
&amp#27;[38;5;112m[Appium]&amp#27;[0m AndroidUiautomator2Driver has been successfully loaded in 1.365s
&amp#27;[38;5;112m[Appium]&amp#27;[0m Appium REST http interface listener started on http://0.0.0.0:4723
&amp#27;[38;5;112m[Appium]&amp#27;[0m Appium REST http interface listener started on http://0.0.0.0:4724
&amp#27;[38;5;112m[Appium]&amp#27;[0m You can provide the following URLs in your client code to connect to this server:
	http://192.168.2.20:4724/
	http://127.0.0.1:4724/ (only accessible from the same host)
&amp#27;[38;5;112m[Appium]&amp#27;[0m You can provide the following URLs in your client code to connect to this server:
	http://192.168.2.20:4723/
	http://127.0.0.1:4723/ (only accessible from the same host)
&amp#27;[38;5;112m[Appium]&amp#27;[0m Available drivers:
&amp#27;[38;5;112m[Appium]&amp#27;[0m   - uiautomator2@4.2.3 (automationName 'UiAutomator2')
&amp#27;[38;5;112m[Appium]&amp#27;[0m Available drivers:
&amp#27;[38;5;112m[Appium]&amp#27;[0m   - uiautomator2@4.2.3 (automationName 'UiAutomator2')
&amp#27;[38;5;112m[Appium]&amp#27;[0m No plugins have been installed. Use the "appium plugin" command to install the one(s) you want to use.
&amp#27;[38;5;112m[Appium]&amp#27;[0m No plugins have been installed. Use the "appium plugin" command to install the one(s) you want to use.
&amp#27;[38;5;86m[HTTP]&amp#27;[0m &amp#27;[37m-->&amp#27;[39m &amp#27;[37mGET&amp#27;[39m &amp#27;[37m/status&amp#27;[39m &amp#27;[90m{}&amp#27;[39m
&amp#27;[38;5;137m[AppiumDriver@bc57]&amp#27;[0m Calling AppiumDriver.getStatus() with args: []
&amp#27;[38;5;137m[AppiumDriver@bc57]&amp#27;[0m Responding to client with driver.getStatus() result: {"ready":true,"message":"The server is ready to accept new connections","build":{"version":"2.19.0"}}
&amp#27;[38;5;86m[HTTP]&amp#27;[0m &amp#27;[37m-->&amp#27;[39m &amp#27;[37mGET&amp#27;[39m &amp#27;[37m/status&amp#27;[39m &amp#27;[90m{}&amp#27;[39m
&amp#27;[38;5;128m[AppiumDriver@7d98]&amp#27;[0m Calling AppiumDriver.getStatus() with args: []
&amp#27;[38;5;128m[AppiumDriver@7d98]&amp#27;[0m Responding to client with driver.getStatus() result: {"ready":true,"message":"The server is ready to accept new connections","build":{"version":"2.19.0"}}
&amp#27;[38;5;86m[HTTP]&amp#27;[0m &amp#27;[37m<-- GET /status &amp#27;[39m&amp#27;[32m200&amp#27;[39m &amp#27;[90m7 ms - 111&amp#27;[39m &amp#27;[90m&amp#27;[39m
&amp#27;[38;5;86m[HTTP]&amp#27;[0m &amp#27;[37m<-- GET /status &amp#27;[39m&amp#27;[32m200&amp#27;[39m &amp#27;[90m16 ms - 111&amp#27;[39m &amp#27;[90m&amp#27;[39m
&amp#27;[38;5;86m[HTTP]&amp#27;[0m Request idempotency key: 339f6ec7-cf7e-40d6-91f2-15cf016921f7
&amp#27;[38;5;86m[HTTP]&amp#27;[0m Request idempotency key: 03f549f7-7001-4717-9a3f-951e0da150c4
&amp#27;[38;5;86m[HTTP]&amp#27;[0m &amp#27;[37m-->&amp#27;[39m &amp#27;[37mPOST&amp#27;[39m &amp#27;[37m/session&amp#27;[39m &amp#27;[90m{"capabilities":{"firstMatch":[{}],"alwaysMatch":{"appium:appActivity":"com.androidsample.generalstore.SplashActivity","appium:appPackage":"com.androidsample.generalstore","appium:automationName":"UiAutomator2","appium:deviceName":"Nokia","appium:noReset":true,"appium:platformVersion":"11.0","appium:systemPort":8202,"appium:udid":"CTLID18120801016","platformName":"ANDROID"}}}&amp#27;[39m
&amp#27;[38;5;86m[HTTP]&amp#27;[0m &amp#27;[37m-->&amp#27;[39m &amp#27;[37mPOST&amp#27;[39m &amp#27;[37m/session&amp#27;[39m &amp#27;[90m{"capabilities":{"firstMatch":[{}],"alwaysMatch":{"appium:appActivity":"com.androidsample.generalstore.SplashActivity","appium:appPackage":"com.androidsample.generalstore","appium:automationName":"UiAutomator2","appium:deviceName":"Samsung_Galaxy_S21","appium:noReset":true,"appium:platformVersion":"10.0","appium:systemPort":8201,"appium:udid":"R3CRC00KHBT","platformName":"ANDROID"}}}&amp#27;[39m
&amp#27;[38;5;128m[AppiumDriver@7d98]&amp#27;[0m Calling AppiumDriver.createSession() with args: [null,null,{"firstMatch":[{}],"alwaysMatch":{"appium:appActivity":"com.androidsample.generalstore.SplashActivity","appium:appPackage":"com.androidsample.generalstore","appium:automationName":"UiAutomator2","appium:deviceName":"Nokia","appium:noReset":true,"appium:platformVersion":"11.0","appium:systemPort":8202,"appium:udid":"CTLID18120801016","platformName":"ANDROID"}}]
&amp#27;[38;5;137m[AppiumDriver@bc57]&amp#27;[0m Calling AppiumDriver.createSession() with args: [null,null,{"firstMatch":[{}],"alwaysMatch":{"appium:appActivity":"com.androidsample.generalstore.SplashActivity","appium:appPackage":"com.androidsample.generalstore","appium:automationName":"UiAutomator2","appium:deviceName":"Samsung_Galaxy_S21","appium:noReset":true,"appium:platformVersion":"10.0","appium:systemPort":8201,"appium:udid":"R3CRC00KHBT","platformName":"ANDROID"}}]
&amp#27;[38;5;128m[AppiumDriver@7d98]&amp#27;[0m Event 'newSessionRequested' logged at 1750360889957 (15:21:29 GMT-0400 (Eastern Daylight Saving Time))
&amp#27;[38;5;137m[AppiumDriver@bc57]&amp#27;[0m Event 'newSessionRequested' logged at 1750360889958 (15:21:29 GMT-0400 (Eastern Daylight Saving Time))
&amp#27;[38;5;112m[Appium]&amp#27;[0m Attempting to find matching driver for automationName 'UiAutomator2' and platformName 'ANDROID'
&amp#27;[38;5;112m[Appium]&amp#27;[0m Attempting to find matching driver for automationName 'UiAutomator2' and platformName 'ANDROID'
&amp#27;[38;5;112m[Appium]&amp#27;[0m The 'uiautomator2' driver was installed and matched caps.
&amp#27;[38;5;112m[Appium]&amp#27;[0m Will require it at C:\Users\sajus\.appium\node_modules\appium-uiautomator2-driver
&amp#27;[38;5;112m[Appium]&amp#27;[0m The 'uiautomator2' driver was installed and matched caps.
&amp#27;[38;5;112m[Appium]&amp#27;[0m Will require it at C:\Users\sajus\.appium\node_modules\appium-uiautomator2-driver
&amp#27;[38;5;112m[Appium]&amp#27;[0m Requiring driver at C:\Users\sajus\.appium\node_modules\appium-uiautomator2-driver\build\index.js
&amp#27;[38;5;112m[Appium]&amp#27;[0m Requiring driver at C:\Users\sajus\.appium\node_modules\appium-uiautomator2-driver\build\index.js
&amp#27;[38;5;137m[AppiumDriver@bc57]&amp#27;[0m Appium v2.19.0 creating new AndroidUiautomator2Driver (v4.2.3) session
&amp#27;[38;5;137m[AppiumDriver@bc57]&amp#27;[0m Checking BaseDriver versions for Appium and AndroidUiautomator2Driver
&amp#27;[38;5;137m[AppiumDriver@bc57]&amp#27;[0m Appium's BaseDriver version is 9.18.0
&amp#27;[38;5;137m[AppiumDriver@bc57]&amp#27;[0m AndroidUiautomator2Driver's BaseDriver version is 9.18.0
&amp#27;[38;5;128m[AppiumDriver@7d98]&amp#27;[0m Appium v2.19.0 creating new AndroidUiautomator2Driver (v4.2.3) session
&amp#27;[38;5;128m[AppiumDriver@7d98]&amp#27;[0m Checking BaseDriver versions for Appium and AndroidUiautomator2Driver
&amp#27;[38;5;128m[AppiumDriver@7d98]&amp#27;[0m Appium's BaseDriver version is 9.18.0
&amp#27;[38;5;128m[AppiumDriver@7d98]&amp#27;[0m AndroidUiautomator2Driver's BaseDriver version is 9.18.0
&amp#27;[38;5;-104m[AndroidUiautomator2Driver@b115]&amp#27;[0m 
&amp#27;[38;5;-166m[AndroidUiautomator2Driver@1dc7]&amp#27;[0m 
&amp#27;[38;5;-104m[AndroidUiautomator2Driver@b115]&amp#27;[0m Creating session with W3C capabilities: {
  "alwaysMatch": {
    "platformName": "ANDROID",
    "appium:appActivity": "com.androidsample.generalstore.SplashActivity",
    "appium:appPackage": "com.androidsample.generalstore",
    "appium:automationName": "UiAutomator2",
    "appium:deviceName": "Nokia",
    "appium:noReset": true,
    "appium:platformVersion": "11.0",
    "appium:systemPort": 8202,
    "appium:udid": "CTLID18120801016"
  },
  "firstMatch": [
    {}
  ]
}
&amp#27;[38;5;-166m[AndroidUiautomator2Driver@1dc7]&amp#27;[0m Creating session with W3C capabilities: {
  "alwaysMatch": {
    "platformName": "ANDROID",
    "appium:appActivity": "com.androidsample.generalstore.SplashActivity",
    "appium:appPackage": "com.androidsample.generalstore",
    "appium:automationName": "UiAutomator2",
    "appium:deviceName": "Samsung_Galaxy_S21",
    "appium:noReset": true,
    "appium:platformVersion": "10.0",
    "appium:systemPort": 8201,
    "appium:udid": "R3CRC00KHBT"
  },
  "firstMatch": [
    {}
  ]
}
&amp#27;[38;5;100m[a5ea6323]&amp#27;[0m&amp#27;[38;5;-166m[AndroidUiautomator2Driver@1dc7]&amp#27;[0m Session created with session id: a5ea6323-7c52-46b9-8cbf-69ee4b5b4be4
&amp#27;[38;5;220m[50fc3f61]&amp#27;[0m&amp#27;[38;5;-104m[AndroidUiautomator2Driver@b115]&amp#27;[0m Session created with session id: 50fc3f61-c54b-40da-8988-3af8f6bf222c
&amp#27;[38;5;220m[50fc3f61]&amp#27;[0m&amp#27;[38;5;229m[ADB]&amp#27;[0m Found 3 'build-tools' folders under 'C:\Users\sajus\AppData\Local\Android\Sdk' (newest first):
&amp#27;[38;5;100m[a5ea6323]&amp#27;[0m&amp#27;[38;5;229m[ADB]&amp#27;[0m Found 3 'build-tools' folders under 'C:\Users\sajus\AppData\Local\Android\Sdk' (newest first):
&amp#27;[38;5;100m[a5ea6323]&amp#27;[0m&amp#27;[38;5;229m[ADB]&amp#27;[0m     C:\Users\sajus\AppData\Local\Android\Sdk\build-tools\36.0.0
&amp#27;[38;5;100m[a5ea6323]&amp#27;[0m&amp#27;[38;5;229m[ADB]&amp#27;[0m     C:\Users\sajus\AppData\Local\Android\Sdk\build-tools\35.0.1
&amp#27;[38;5;220m[50fc3f61]&amp#27;[0m&amp#27;[38;5;229m[ADB]&amp#27;[0m     C:\Users\sajus\AppData\Local\Android\Sdk\build-tools\36.0.0
&amp#27;[38;5;100m[a5ea6323]&amp#27;[0m&amp#27;[38;5;229m[ADB]&amp#27;[0m     C:\Users\sajus\AppData\Local\Android\Sdk\build-tools\35.0.0
&amp#27;[38;5;220m[50fc3f61]&amp#27;[0m&amp#27;[38;5;229m[ADB]&amp#27;[0m     C:\Users\sajus\AppData\Local\Android\Sdk\build-tools\35.0.1
&amp#27;[38;5;220m[50fc3f61]&amp#27;[0m&amp#27;[38;5;229m[ADB]&amp#27;[0m     C:\Users\sajus\AppData\Local\Android\Sdk\build-tools\35.0.0
&amp#27;[38;5;100m[a5ea6323]&amp#27;[0m&amp#27;[38;5;229m[ADB]&amp#27;[0m Using 'adb.exe' from 'C:\Users\sajus\AppData\Local\Android\Sdk\platform-tools\adb.exe'
&amp#27;[38;5;220m[50fc3f61]&amp#27;[0m&amp#27;[38;5;229m[ADB]&amp#27;[0m Using 'adb.exe' from 'C:\Users\sajus\AppData\Local\Android\Sdk\platform-tools\adb.exe'
&amp#27;[38;5;100m[a5ea6323]&amp#27;[0m&amp#27;[38;5;229m[ADB]&amp#27;[0m Running 'C:\Users\sajus\AppData\Local\Android\Sdk\platform-tools\adb.exe -P 5037 start-server'
&amp#27;[38;5;220m[50fc3f61]&amp#27;[0m&amp#27;[38;5;229m[ADB]&amp#27;[0m Running 'C:\Users\sajus\AppData\Local\Android\Sdk\platform-tools\adb.exe -P 5037 start-server'
&amp#27;[38;5;220m[50fc3f61]&amp#27;[0m&amp#27;[38;5;-104m[AndroidUiautomator2Driver@b115]&amp#27;[0m Retrieving device list
&amp#27;[38;5;220m[50fc3f61]&amp#27;[0m&amp#27;[38;5;229m[ADB]&amp#27;[0m Trying to find connected Android devices
&amp#27;[38;5;100m[a5ea6323]&amp#27;[0m&amp#27;[38;5;-166m[AndroidUiautomator2Driver@1dc7]&amp#27;[0m Retrieving device list
&amp#27;[38;5;100m[a5ea6323]&amp#27;[0m&amp#27;[38;5;229m[ADB]&amp#27;[0m Trying to find connected Android devices
&amp#27;[38;5;220m[50fc3f61]&amp#27;[0m&amp#27;[38;5;229m[ADB]&amp#27;[0m Getting connected devices
&amp#27;[38;5;100m[a5ea6323]&amp#27;[0m&amp#27;[38;5;229m[ADB]&amp#27;[0m Getting connected devices
&amp#27;[38;5;100m[a5ea6323]&amp#27;[0m&amp#27;[38;5;229m[ADB]&amp#27;[0m Connected devices: [{"udid":"CTLID18120801016","state":"device"}]
&amp#27;[38;5;220m[50fc3f61]&amp#27;[0m&amp#27;[38;5;229m[ADB]&amp#27;[0m Connected devices: [{"udid":"CTLID18120801016","state":"device"}]
&amp#27;[38;5;100m[a5ea6323]&amp#27;[0m&amp#27;[38;5;-166m[AndroidUiautomator2Driver@1dc7]&amp#27;[0m Device R3CRC00KHBT was not in the list of connected devices
&amp#27;[38;5;100m[a5ea6323]&amp#27;[0m&amp#27;[38;5;-166m[AndroidUiautomator2Driver@1dc7]&amp#27;[0m Deleting UiAutomator2 session
&amp#27;[38;5;220m[50fc3f61]&amp#27;[0m&amp#27;[38;5;-104m[AndroidUiautomator2Driver@b115]&amp#27;[0m Using device: CTLID18120801016
&amp#27;[38;5;100m[a5ea6323]&amp#27;[0m&amp#27;[38;5;137m[AppiumDriver@bc57]&amp#27;[0m Event 'newSessionStarted' logged at 1750360890152 (15:21:30 GMT-0400 (Eastern Daylight Saving Time))
&amp#27;[38;5;220m[50fc3f61]&amp#27;[0m&amp#27;[38;5;229m[ADB]&amp#27;[0m Using 'adb.exe' from 'C:\Users\sajus\AppData\Local\Android\Sdk\platform-tools\adb.exe'
&amp#27;[38;5;220m[50fc3f61]&amp#27;[0m&amp#27;[38;5;229m[ADB]&amp#27;[0m Running 'C:\Users\sajus\AppData\Local\Android\Sdk\platform-tools\adb.exe -P 5037 start-server'
&amp#27;[38;5;100m[a5ea6323]&amp#27;[0m&amp#27;[38;5;137m[AppiumDriver@bc57]&amp#27;[0m Encountered internal error running command: Error: Device R3CRC00KHBT was not in the list of connected devices
    at Object.errorWithException (C:\Users\JenkinsUser\AppData\Roaming\npm\node_modules\appium\node_modules\@appium\support\lib\logging.js:41:45)
    at AndroidUiautomator2Driver.getDeviceInfoFromCaps (C:\Users\sajus\.appium\node_modules\appium-uiautomator2-driver\node_modules\appium-android-driver\lib\commands\device\common.js:46:24)
    at AndroidUiautomator2Driver.createSession (C:\Users\sajus\.appium\node_modules\appium-uiautomator2-driver\lib\driver.ts:357:30)
    at AppiumDriver.createSession (C:\Users\JenkinsUser\AppData\Roaming\npm\node_modules\appium\lib\appium.js:379:35)
&amp#27;[38;5;100m[a5ea6323]&amp#27;[0m&amp#27;[38;5;86m[HTTP]&amp#27;[0m &amp#27;[37m<-- POST /session &amp#27;[39m&amp#27;[31m500&amp#27;[39m &amp#27;[90m243 ms - 696&amp#27;[39m &amp#27;[90m&amp#27;[39m
&amp#27;[38;5;220m[50fc3f61]&amp#27;[0m&amp#27;[38;5;229m[ADB]&amp#27;[0m Setting device id to CTLID18120801016
&amp#27;[38;5;220m[50fc3f61]&amp#27;[0m&amp#27;[38;5;-104m[AndroidUiautomator2Driver@b115]&amp#27;[0m Starting 'com.androidsample.generalstore' directly on the device
&amp#27;[38;5;220m[50fc3f61]&amp#27;[0m&amp#27;[38;5;229m[ADB]&amp#27;[0m Running 'C:\Users\sajus\AppData\Local\Android\Sdk\platform-tools\adb.exe -P 5037 -s CTLID18120801016 shell getprop ro.build.version.sdk'
&amp#27;[38;5;220m[50fc3f61]&amp#27;[0m&amp#27;[38;5;229m[ADB]&amp#27;[0m Current device property 'ro.build.version.sdk': 29
&amp#27;[38;5;220m[50fc3f61]&amp#27;[0m&amp#27;[38;5;229m[ADB]&amp#27;[0m Getting device platform version
&amp#27;[38;5;220m[50fc3f61]&amp#27;[0m&amp#27;[38;5;229m[ADB]&amp#27;[0m Running 'C:\Users\sajus\AppData\Local\Android\Sdk\platform-tools\adb.exe -P 5037 -s CTLID18120801016 shell getprop ro.build.version.release'
&amp#27;[38;5;220m[50fc3f61]&amp#27;[0m&amp#27;[38;5;229m[ADB]&amp#27;[0m Current device property 'ro.build.version.release': 10
&amp#27;[38;5;220m[50fc3f61]&amp#27;[0m&amp#27;[38;5;229m[ADB]&amp#27;[0m Device API level: 29
&amp#27;[38;5;220m[50fc3f61]&amp#27;[0m&amp#27;[38;5;-104m[AndroidUiautomator2Driver@b115]&amp#27;[0m Relaxing hidden api policy
&amp#27;[38;5;220m[50fc3f61]&amp#27;[0m&amp#27;[38;5;229m[ADB]&amp#27;[0m Running 'C:\Users\sajus\AppData\Local\Android\Sdk\platform-tools\adb.exe -P 5037 -s CTLID18120801016 shell 'settings put global hidden_api_policy_pre_p_apps 1;settings put global hidden_api_policy_p_apps 1;settings put global hidden_api_policy 1''
&amp#27;[38;5;220m[50fc3f61]&amp#27;[0m&amp#27;[38;5;-104m[AndroidUiautomator2Driver@b115]&amp#27;[0m Pushing settings apk to the device...
&amp#27;[38;5;220m[50fc3f61]&amp#27;[0m&amp#27;[38;5;229m[ADB]&amp#27;[0m Getting package info for 'io.appium.settings'
&amp#27;[38;5;220m[50fc3f61]&amp#27;[0m&amp#27;[38;5;229m[ADB]&amp#27;[0m Running 'C:\Users\sajus\AppData\Local\Android\Sdk\platform-tools\adb.exe -P 5037 -s CTLID18120801016 shell dumpsys package io.appium.settings'
]]></system-out>
    <system-err><![CDATA[[main] WARN org.testng.TestNG - Ignoring duplicate listener : io.qameta.allure.testng.AllureTestNg
[main] WARN org.testng.TestNG - Ignoring duplicate listener : io.qameta.allure.testng.AllureTestNg
[main] WARN org.testng.TestNG - Ignoring duplicate listener : io.qameta.allure.testng.AllureTestNg
]]></system-err>
  </testcase>
  <testcase name="FirstCase" classname="org.testCase.TestCase1" time="0">
    <skipped message="Could not start a new session. Response code 500. Message: An unknown server-side error occurred while processing the command. Original error: Device R3CRC00KHBT was not in the list of connected devices &#10;Host info: host: &apos;ELSA&apos;, ip: &apos;192.168.2.20&apos;&#10;Build info: version: &apos;4.33.0&apos;, revision: &apos;2c6aaad03a&apos;&#10;System info: os.name: &apos;Windows 11&apos;, os.arch: &apos;amd64&apos;, os.version: &apos;10.0&apos;, java.version: &apos;11.0.26&apos;&#10;Driver info: io.appium.java_client.android.AndroidDriver&#10;Command: [null, newSession {capabilities=[{appium:appActivity=com.androidsample.generalstore.SplashActivity, appium:appPackage=com.androidsample.generalstore, appium:automationName=UiAutomator2, appium:deviceName=Samsung_Galaxy_S21, appium:noReset=true, platformName=ANDROID, appium:platformVersion=10.0, appium:systemPort=8201, appium:udid=R3CRC00KHBT}], desiredCapabilities=Capabilities {appActivity: com.androidsample.generalst..., appPackage: com.androidsample.generalstore, automationName: UiAutomator2, deviceName: Samsung_Galaxy_S21, noReset: true, platformName: ANDROID, platformVersion: 10.0, systemPort: 8201, udid: R3CRC00KHBT}}]&#10;Capabilities {appActivity: com.androidsample.generalst..., appPackage: com.androidsample.generalstore, automationName: UiAutomator2, deviceName: Samsung_Galaxy_S21, noReset: true, platformName: ANDROID, platformVersion: 10.0, systemPort: 8201, udid: R3CRC00KHBT}"/>
  </testcase>
  <testcase name="FirstCase" classname="org.testCase.TestCase1" time="10.962">
    <system-out><![CDATA[&amp#27;[38;5;86m[HTTP]&amp#27;[0m &amp#27;[37m-->&amp#27;[39m &amp#27;[37mGET&amp#27;[39m &amp#27;[37m/status&amp#27;[39m &amp#27;[90m{}&amp#27;[39m
&amp#27;[38;5;88m[AppiumDriver@88d6]&amp#27;[0m Calling AppiumDriver.getStatus() with args: []
&amp#27;[38;5;88m[AppiumDriver@88d6]&amp#27;[0m Responding to client with driver.getStatus() result: {"ready":true,"message":"The server is ready to accept new connections","build":{"version":"2.19.0"}}
&amp#27;[38;5;86m[HTTP]&amp#27;[0m &amp#27;[37m<-- GET /status &amp#27;[39m&amp#27;[32m200&amp#27;[39m &amp#27;[90m1 ms - 111&amp#27;[39m &amp#27;[90m&amp#27;[39m
Appium server stopped
✅ Test completed for device: Samsung_Galaxy_S21

📊 Test Summary:
✅ Passed:  0
❌ Failed:  0
⚠️ Skipped: 3
Σ  Total:   3
📝 Test Suite Finished: Report generated.
&amp#27;[38;5;220m[50fc3f61]&amp#27;[0m&amp#27;[38;5;86m[HTTP]&amp#27;[0m &amp#27;[37m-->&amp#27;[39m &amp#27;[37mPOST&amp#27;[39m &amp#27;[37m/session/50fc3f61-c54b-40da-8988-3af8f6bf222c/element&amp#27;[39m &amp#27;[90m{"using":"id","value":"com.androidsample.generalstore:id/btnLetsShop"}&amp#27;[39m
&amp#27;[38;5;220m[50fc3f61]&amp#27;[0m&amp#27;[38;5;-104m[AndroidUiautomator2Driver@b115]&amp#27;[0m Calling AppiumDriver.findElement() with args: ["id","com.androidsample.generalstore:id/btnLetsShop","50fc3f61-c54b-40da-8988-3af8f6bf222c"]
&amp#27;[38;5;220m[50fc3f61]&amp#27;[0m&amp#27;[38;5;-104m[AndroidUiautomator2Driver@b115]&amp#27;[0m Valid locator strategies for this request: xpath, id, class name, accessibility id, css selector, -android uiautomator
&amp#27;[38;5;220m[50fc3f61]&amp#27;[0m&amp#27;[38;5;-104m[AndroidUiautomator2Driver@b115]&amp#27;[0m Waiting up to 0 ms for condition
&amp#27;[38;5;220m[50fc3f61]&amp#27;[0m&amp#27;[38;5;-104m[AndroidUiautomator2Driver@b115]&amp#27;[0m Matched '/element' to command name 'findElement'
&amp#27;[38;5;220m[50fc3f61]&amp#27;[0m&amp#27;[38;5;-104m[AndroidUiautomator2Driver@b115]&amp#27;[0m Proxying [POST /element] to [POST http://127.0.0.1:8202/session/052b56d1-0dc1-40c8-b833-130020f82b9f/element] with body: {"strategy":"id","selector":"com.androidsample.generalstore:id/btnLetsShop","context":"","multiple":false}
&amp#27;[38;5;220m[50fc3f61]&amp#27;[0m&amp#27;[38;5;-104m[AndroidUiautomator2Driver@b115]&amp#27;[0m Got response with status 200: {"sessionId":"052b56d1-0dc1-40c8-b833-130020f82b9f","value":{"ELEMENT":"00000000-0000-0a0d-ffff-ffff00000021","element-6066-11e4-a52e-4f735466cecf":"00000000-0000-0a0d-ffff-ffff00000021"}}
&amp#27;[38;5;220m[50fc3f61]&amp#27;[0m&amp#27;[38;5;-104m[AndroidUiautomator2Driver@b115]&amp#27;[0m Responding to client with driver.findElement() result: {"element-6066-11e4-a52e-4f735466cecf":"00000000-0000-0a0d-ffff-ffff00000021","ELEMENT":"00000000-0000-0a0d-ffff-ffff00000021"}
&amp#27;[38;5;220m[50fc3f61]&amp#27;[0m&amp#27;[38;5;86m[HTTP]&amp#27;[0m &amp#27;[37m<-- POST /session/50fc3f61-c54b-40da-8988-3af8f6bf222c/element &amp#27;[39m&amp#27;[32m200&amp#27;[39m &amp#27;[90m66 ms - 137&amp#27;[39m &amp#27;[90m&amp#27;[39m
&amp#27;[38;5;220m[50fc3f61]&amp#27;[0m&amp#27;[38;5;86m[HTTP]&amp#27;[0m &amp#27;[37m-->&amp#27;[39m &amp#27;[37mPOST&amp#27;[39m &amp#27;[37m/session/50fc3f61-c54b-40da-8988-3af8f6bf222c/element/00000000-0000-0a0d-ffff-ffff00000021/click&amp#27;[39m &amp#27;[90m{"id":"00000000-0000-0a0d-ffff-ffff00000021"}&amp#27;[39m
&amp#27;[38;5;220m[50fc3f61]&amp#27;[0m&amp#27;[38;5;-104m[AndroidUiautomator2Driver@b115]&amp#27;[0m Calling AppiumDriver.click() with args: ["00000000-0000-0a0d-ffff-ffff00000021","50fc3f61-c54b-40da-8988-3af8f6bf222c"]
&amp#27;[38;5;220m[50fc3f61]&amp#27;[0m&amp#27;[38;5;-104m[AndroidUiautomator2Driver@b115]&amp#27;[0m Matched '/element/00000000-0000-0a0d-ffff-ffff00000021/click' to command name 'click'
&amp#27;[38;5;220m[50fc3f61]&amp#27;[0m&amp#27;[38;5;-104m[AndroidUiautomator2Driver@b115]&amp#27;[0m Proxying [POST /element/00000000-0000-0a0d-ffff-ffff00000021/click] to [POST http://127.0.0.1:8202/session/052b56d1-0dc1-40c8-b833-130020f82b9f/element/00000000-0000-0a0d-ffff-ffff00000021/click] with body: {"element":"00000000-0000-0a0d-ffff-ffff00000021"}
&amp#27;[38;5;220m[50fc3f61]&amp#27;[0m&amp#27;[38;5;-104m[AndroidUiautomator2Driver@b115]&amp#27;[0m Got response with status 200: {"sessionId":"052b56d1-0dc1-40c8-b833-130020f82b9f","value":null}
&amp#27;[38;5;220m[50fc3f61]&amp#27;[0m&amp#27;[38;5;-104m[AndroidUiautomator2Driver@b115]&amp#27;[0m Responding to client with driver.click() result: null
&amp#27;[38;5;220m[50fc3f61]&amp#27;[0m&amp#27;[38;5;86m[HTTP]&amp#27;[0m &amp#27;[37m<-- POST /session/50fc3f61-c54b-40da-8988-3af8f6bf222c/element/00000000-0000-0a0d-ffff-ffff00000021/click &amp#27;[39m&amp#27;[32m200&amp#27;[39m &amp#27;[90m68 ms - 14&amp#27;[39m &amp#27;[90m&amp#27;[39m
&amp#27;[38;5;220m[50fc3f61]&amp#27;[0m&amp#27;[38;5;86m[HTTP]&amp#27;[0m &amp#27;[37m-->&amp#27;[39m &amp#27;[37mGET&amp#27;[39m &amp#27;[37m/session/50fc3f61-c54b-40da-8988-3af8f6bf222c/screenshot&amp#27;[39m &amp#27;[90m{}&amp#27;[39m
&amp#27;[38;5;220m[50fc3f61]&amp#27;[0m&amp#27;[38;5;-104m[AndroidUiautomator2Driver@b115]&amp#27;[0m Calling AppiumDriver.getScreenshot() with args: ["50fc3f61-c54b-40da-8988-3af8f6bf222c"]
&amp#27;[38;5;220m[50fc3f61]&amp#27;[0m&amp#27;[38;5;-104m[AndroidUiautomator2Driver@b115]&amp#27;[0m Matched '/screenshot' to command name 'getScreenshot'
&amp#27;[38;5;220m[50fc3f61]&amp#27;[0m&amp#27;[38;5;-104m[AndroidUiautomator2Driver@b115]&amp#27;[0m Proxying [GET /screenshot] to [GET http://127.0.0.1:8202/session/052b56d1-0dc1-40c8-b833-130020f82b9f/screenshot] with no body
&amp#27;[38;5;220m[50fc3f61]&amp#27;[0m&amp#27;[38;5;-104m[AndroidUiautomator2Driver@b115]&amp#27;[0m Got response with status 200: {"sessionId":"052b56d1-0dc1-40c8-b833-130020f82b9f","value":"iVBORw0KGgoAAAANSUhEUgAABDgAAAjoCAYAAAA5jhrUAAAAAXNSR0IArs4c6QAAAARzQklUCAgICHwIZIgAACAASURBVHic7N13vBxV/f/x9zkze1tyc9NDSEgooTdDL0EpX0BQARFbEERFBUUsqCh2saGoSBFU8AciyFeQpsAXLKA0aQLSSygphPSeW3bnnN8fs7t3997ZW/eWyX09eYRkp5w5Z/r5zJkzZtyzJ3sBAAAAAACkmB3qDAAAAAAAAPQXAQ4AAAAAAJB6BDgAAAAAAEDqEeAAAAAAAACpR4ADAAAAAACkHgEOAAAAAACQegQ4AAAAAABA6hHgAAAAAAAAqUeAAwAAAAAApB4BDgAAAAAAkHoEOAAAAAAAQOoR4AAAAAAAAKlHgAMAAAAAAKQeAQ4AAAAAAJB6BDgAAAAAAEDqEeAAAAAAAACpR4ADAAAAAACkHgEOAAAAAACQegQ4AAAAAABA6hHgAAAAAAAAqUeAAwAAAAAApB4BDgAAAAAAkHoEOAAAAAAAQOoR4AAAAAAAAKlHgAMAAAAAAKReONQZAIYDIyNT+NvE/5YkL8l7r/g/5f+fXiOlnAAAAABGHgIcGLGMjEJjtU3NZrp2i89ry8ykLqd/LbtMH1zwc73S9qZy3qUmCDBSygkAAAD0RFPQoF1qZ2jXuhlqsg3apW6GmoJRxfFrog16umW+1riNeqplvp5una810cYhyeuchh1068yv9mjaY17/oe7b+PwA52h4I8CBEanR1uubk9+rU8YdoqCHb2ptmZmkB7f+gSI5XbXqHn1n6R+1zjUPcE77Z6SUEwAAAOjKjMxEHd24h45u3FNzGnbodvp3NO5Z9vu+jc/r9nWP6fZ1/9H87PKByib6yYx79mQez2LECE2g08cfqW9Pfp/aX9DoGy+v7yy9Xr9c+X/K+ahKOayOkVJOAAAAoCtzGnbQJ8cf...
&amp#27;[38;5;220m[50fc3f61]&amp#27;[0m&amp#27;[38;5;-104m[AndroidUiautomator2Driver@b115]&amp#27;[0m Responding to client with driver.getScreenshot() result: "iVBORw0KGgoAAAANSUhEUgAABDgAAAjoCAYAAAA5jhrUAAAAAXNSR0IArs4c6QAAAARzQklUCAgICHwIZIgAACAASURBVHic7N13vBxV/f/x9zkze1tyc9NDSEgooTdDL0EpX0BQARFbEERFBUUsqCh2saGoSBFU8AciyFeQpsAXLKA0aQLSSygphPSeW3bnnN8fs7t3997ZW/eWyX09eYRkp5w5Z/r5zJkzZtyzJ3sBAAAAAACkmB3qDAAAAAAAAPQXAQ4AAAAAAJB6BDgAAAAAAEDqEeAAAAAAAACpR4ADAAAAAACkHgEOAAAAAACQegQ4AAAAAABA6hHgAAAAAAAAqUeAAwAAAAAApB4BDgAAAAAAkHoEOAAAAAAAQOoR4AAAAAAAAKlHgAMAAAAAAKQeAQ4AAAAAAJB6BDgAAAAAAEDqEeAAAAAAAACpR4ADAAAAAACkHgEOAAAAAACQegQ4AAAAAABA6hHgAAAAAAAAqUeAAwAAAAAApB4BDgAAAAAAkHoEOAAAAAAAQOoR4AAAAAAAAKlHgAMAAAAAAKReONQZAIYDIyNT+NvE/5YkL8l7r/g/5f+fXiOlnAAAAABGHgIcGLGMjEJjtU3NZrp2i89ry8ykLqd/LbtMH1zwc73S9qZy3qUmCDBSygkAAAD0RFPQoF1qZ2jXuhlqsg3apW6GmoJRxfFrog16umW+1riNeqplvp5una810cYhyeuchh1068yv9mjaY17/oe7b+PwA52h4I8CBEanR1uubk9+rU8YdoqCHb2ptmZmkB7f+gSI5XbXqHn1n6R+1zjUPcE77Z6SUEwAAAOjKjMxEHd24h45u3FNzGnbodvp3NO5Z9vu+jc/r9nWP6fZ1/9H87PKByib6yYx79mQez2LECE2g08cfqW9Pfp/aX9DoGy+v7yy9Xr9c+X/K+ahKOayOkVJOAAAAoCtzGnbQJ8cf0Slg0R+3rXtMv1p516C0lqAFR+8Q4MCIYGTUaOt091bf1VY1k6ua9qttS3Xo...
&amp#27;[38;5;220m[50fc3f61]&amp#27;[0m&amp#27;[38;5;86m[HTTP]&amp#27;[0m &amp#27;[37m<-- GET /session/50fc3f61-c54b-40da-8988-3af8f6bf222c/screenshot &amp#27;[39m&amp#27;[32m200&amp#27;[39m &amp#27;[90m1123 ms - 613072&amp#27;[39m &amp#27;[90m&amp#27;[39m
&amp#27;[38;5;220m[50fc3f61]&amp#27;[0m&amp#27;[38;5;86m[HTTP]&amp#27;[0m &amp#27;[37m-->&amp#27;[39m &amp#27;[37mGET&amp#27;[39m &amp#27;[37m/session/50fc3f61-c54b-40da-8988-3af8f6bf222c/screenshot&amp#27;[39m &amp#27;[90m{}&amp#27;[39m
&amp#27;[38;5;220m[50fc3f61]&amp#27;[0m&amp#27;[38;5;-104m[AndroidUiautomator2Driver@b115]&amp#27;[0m Calling AppiumDriver.getScreenshot() with args: ["50fc3f61-c54b-40da-8988-3af8f6bf222c"]
&amp#27;[38;5;220m[50fc3f61]&amp#27;[0m&amp#27;[38;5;-104m[AndroidUiautomator2Driver@b115]&amp#27;[0m Matched '/screenshot' to command name 'getScreenshot'
&amp#27;[38;5;220m[50fc3f61]&amp#27;[0m&amp#27;[38;5;-104m[AndroidUiautomator2Driver@b115]&amp#27;[0m Proxying [GET /screenshot] to [GET http://127.0.0.1:8202/session/052b56d1-0dc1-40c8-b833-130020f82b9f/screenshot] with no body
&amp#27;[38;5;220m[50fc3f61]&amp#27;[0m&amp#27;[38;5;-104m[AndroidUiautomator2Driver@b115]&amp#27;[0m Got response with status 200: {"sessionId":"052b56d1-0dc1-40c8-b833-130020f82b9f","value":"iVBORw0KGgoAAAANSUhEUgAABDgAAAjoCAYAAAA5jhrUAAAAAXNSR0IArs4c6QAAAARzQklUCAgICHwIZIgAACAASURBVHic7N13vBxV/f/x9zkze1tyc9NDSEgooTdDL0EpX0BQARFbEERFBUUsqCh2saGoSBFU8AciyFeQpsAXLKA0aQLSSygphPSeW3bnnN8fs7t3997ZW/eWyX09eYRkp5w5Z/r5zJkzZtyzJ3sBAAAAAACkmB3qDAAAAAAAAPQXAQ4AAAAAAJB6BDgAAAAAAEDqEeAAAAAAAACpR4ADAAAAAACkHgEOAAAAAACQegQ4AAAAAABA6hHgAAAAAAAAqUeAAwAAAAAApB4BDgAAAAAAkHoEOAAAAAAAQOoR4AAAAAAAAKlHgAMAAAAAAKQeAQ4AAAAAAJB6BDgAAAAAAEDqEeAAAAAAAACpR4ADAAAAAACkHgEOAAAAAACQegQ4AAAAAABA6hHgAAAAAAAAqUeAAwAAAAAApB4BDgAAAAAAkHoEOAAAAAAAQOoR4AAAAAAAAKlHgAMAAAAAAKReONQZAIYDIyNT+NvE/5YkL8l7r/g/5f+fXiOlnAAAAABGHgIcGLGMjEJjtU3NZrp2i89ry8ykLqd/LbtMH1zwc73S9qZy3qUmCDBSygkAAAD0RFPQoF1qZ2jXuhlqsg3apW6GmoJRxfFrog16umW+1riNeqplvp5una810cYhyeuchh1068yv9mjaY17/oe7b+PwA52h4I8CBEanR1uubk9+rU8YdoqCHb2ptmZmkB7f+gSI5XbXqHn1n6R+1zjUPcE77Z6SUEwAAAOjKjMxEHd24h45u3FNzGnbodvp3NO5Z9vu+jc/r9nWP6fZ1/9H87PKByib6yYx79mQez2LECE2g08cfqW9Pfp/aX9DoGy+v7yy9Xr9c+X/K+ahKOayOkVJOAAAAoCtzGnbQJ8cf...
&amp#27;[38;5;220m[50fc3f61]&amp#27;[0m&amp#27;[38;5;-104m[AndroidUiautomator2Driver@b115]&amp#27;[0m Responding to client with driver.getScreenshot() result: "iVBORw0KGgoAAAANSUhEUgAABDgAAAjoCAYAAAA5jhrUAAAAAXNSR0IArs4c6QAAAARzQklUCAgICHwIZIgAACAASURBVHic7N13vBxV/f/x9zkze1tyc9NDSEgooTdDL0EpX0BQARFbEERFBUUsqCh2saGoSBFU8AciyFeQpsAXLKA0aQLSSygphPSeW3bnnN8fs7t3997ZW/eWyX09eYRkp5w5Z/r5zJkzZtyzJ3sBAAAAAACkmB3qDAAAAAAAAPQXAQ4AAAAAAJB6BDgAAAAAAEDqEeAAAAAAAACpR4ADAAAAAACkHgEOAAAAAACQegQ4AAAAAABA6hHgAAAAAAAAqUeAAwAAAAAApB4BDgAAAAAAkHoEOAAAAAAAQOoR4AAAAAAAAKlHgAMAAAAAAKQeAQ4AAAAAAJB6BDgAAAAAAEDqEeAAAAAAAACpR4ADAAAAAACkHgEOAAAAAACQegQ4AAAAAABA6hHgAAAAAAAAqUeAAwAAAAAApB4BDgAAAAAAkHoEOAAAAAAAQOoR4AAAAAAAAKlHgAMAAAAAAKReONQZAIYDIyNT+NvE/5YkL8l7r/g/5f+fXiOlnAAAAABGHgIcGLGMjEJjtU3NZrp2i89ry8ykLqd/LbtMH1zwc73S9qZy3qUmCDBSygkAAAD0RFPQoF1qZ2jXuhlqsg3apW6GmoJRxfFrog16umW+1riNeqplvp5una810cYhyeuchh1068yv9mjaY17/oe7b+PwA52h4I8CBEanR1uubk9+rU8YdoqCHb2ptmZmkB7f+gSI5XbXqHn1n6R+1zjUPcE77Z6SUEwAAAOjKjMxEHd24h45u3FNzGnbodvp3NO5Z9vu+jc/r9nWP6fZ1/9H87PKByib6yYx79mQez2LECE2g08cfqW9Pfp/aX9DoGy+v7yy9Xr9c+X/K+ahKOayOkVJOAAAAoCtzGnbQJ8cf0Slg0R+3rXtMv1p516C0lqAFR+8Q4MCIYGTUaOt091bf1VY1k6ua9qttS3Xo...
&amp#27;[38;5;220m[50fc3f61]&amp#27;[0m&amp#27;[38;5;86m[HTTP]&amp#27;[0m &amp#27;[37m<-- GET /session/50fc3f61-c54b-40da-8988-3af8f6bf222c/screenshot &amp#27;[39m&amp#27;[32m200&amp#27;[39m &amp#27;[90m1050 ms - 614996&amp#27;[39m &amp#27;[90m&amp#27;[39m
&amp#27;[38;5;220m[50fc3f61]&amp#27;[0m&amp#27;[38;5;86m[HTTP]&amp#27;[0m &amp#27;[37m-->&amp#27;[39m &amp#27;[37mPOST&amp#27;[39m &amp#27;[37m/session/50fc3f61-c54b-40da-8988-3af8f6bf222c/element&amp#27;[39m &amp#27;[90m{"using":"xpath","value":"//android.widget.Toast[@text='Please enter your name']"}&amp#27;[39m
&amp#27;[38;5;220m[50fc3f61]&amp#27;[0m&amp#27;[38;5;-104m[AndroidUiautomator2Driver@b115]&amp#27;[0m Calling AppiumDriver.findElement() with args: ["xpath","//android.widget.Toast[@text='Please enter your name']","50fc3f61-c54b-40da-8988-3af8f6bf222c"]
&amp#27;[38;5;220m[50fc3f61]&amp#27;[0m&amp#27;[38;5;-104m[AndroidUiautomator2Driver@b115]&amp#27;[0m Valid locator strategies for this request: xpath, id, class name, accessibility id, css selector, -android uiautomator
&amp#27;[38;5;220m[50fc3f61]&amp#27;[0m&amp#27;[38;5;-104m[AndroidUiautomator2Driver@b115]&amp#27;[0m Waiting up to 0 ms for condition
&amp#27;[38;5;220m[50fc3f61]&amp#27;[0m&amp#27;[38;5;-104m[AndroidUiautomator2Driver@b115]&amp#27;[0m Matched '/element' to command name 'findElement'
&amp#27;[38;5;220m[50fc3f61]&amp#27;[0m&amp#27;[38;5;-104m[AndroidUiautomator2Driver@b115]&amp#27;[0m Proxying [POST /element] to [POST http://127.0.0.1:8202/session/052b56d1-0dc1-40c8-b833-130020f82b9f/element] with body: {"strategy":"xpath","selector":"//android.widget.Toast[@text='Please enter your name']","context":"","multiple":false}
&amp#27;[38;5;220m[50fc3f61]&amp#27;[0m&amp#27;[38;5;-104m[AndroidUiautomator2Driver@b115]&amp#27;[0m Got response with status 200: {"sessionId":"052b56d1-0dc1-40c8-b833-130020f82b9f","value":{"ELEMENT":"b4d9aa82-c655-4482-8175-d4096ea9660a","element-6066-11e4-a52e-4f735466cecf":"b4d9aa82-c655-4482-8175-d4096ea9660a"}}
&amp#27;[38;5;220m[50fc3f61]&amp#27;[0m&amp#27;[38;5;-104m[AndroidUiautomator2Driver@b115]&amp#27;[0m Responding to client with driver.findElement() result: {"element-6066-11e4-a52e-4f735466cecf":"b4d9aa82-c655-4482-8175-d4096ea9660a","ELEMENT":"b4d9aa82-c655-4482-8175-d4096ea9660a"}
&amp#27;[38;5;220m[50fc3f61]&amp#27;[0m&amp#27;[38;5;86m[HTTP]&amp#27;[0m &amp#27;[37m<-- POST /session/50fc3f61-c54b-40da-8988-3af8f6bf222c/element &amp#27;[39m&amp#27;[32m200&amp#27;[39m &amp#27;[90m495 ms - 137&amp#27;[39m &amp#27;[90m&amp#27;[39m
&amp#27;[38;5;220m[50fc3f61]&amp#27;[0m&amp#27;[38;5;86m[HTTP]&amp#27;[0m &amp#27;[37m-->&amp#27;[39m &amp#27;[37mGET&amp#27;[39m &amp#27;[37m/session/50fc3f61-c54b-40da-8988-3af8f6bf222c/element/b4d9aa82-c655-4482-8175-d4096ea9660a/text&amp#27;[39m &amp#27;[90m{}&amp#27;[39m
&amp#27;[38;5;220m[50fc3f61]&amp#27;[0m&amp#27;[38;5;-104m[AndroidUiautomator2Driver@b115]&amp#27;[0m Driver proxy active, passing request on via HTTP proxy
&amp#27;[38;5;220m[50fc3f61]&amp#27;[0m&amp#27;[38;5;-104m[AndroidUiautomator2Driver@b115]&amp#27;[0m Matched '/session/50fc3f61-c54b-40da-8988-3af8f6bf222c/element/b4d9aa82-c655-4482-8175-d4096ea9660a/text' to command name 'getText'
&amp#27;[38;5;220m[50fc3f61]&amp#27;[0m&amp#27;[38;5;-104m[AndroidUiautomator2Driver@b115]&amp#27;[0m Proxying [GET /session/50fc3f61-c54b-40da-8988-3af8f6bf222c/element/b4d9aa82-c655-4482-8175-d4096ea9660a/text] to [GET http://127.0.0.1:8202/session/052b56d1-0dc1-40c8-b833-130020f82b9f/element/b4d9aa82-c655-4482-8175-d4096ea9660a/text] with no body
&amp#27;[38;5;220m[50fc3f61]&amp#27;[0m&amp#27;[38;5;-104m[AndroidUiautomator2Driver@b115]&amp#27;[0m Got response with status 200: {"sessionId":"052b56d1-0dc1-40c8-b833-130020f82b9f","value":"Please enter your name"}
&amp#27;[38;5;220m[50fc3f61]&amp#27;[0m&amp#27;[38;5;-104m[AndroidUiautomator2Driver@b115]&amp#27;[0m Replacing sessionId 052b56d1-0dc1-40c8-b833-130020f82b9f with 50fc3f61-c54b-40da-8988-3af8f6bf222c
&amp#27;[38;5;220m[50fc3f61]&amp#27;[0m&amp#27;[38;5;86m[HTTP]&amp#27;[0m &amp#27;[37m<-- GET /session/50fc3f61-c54b-40da-8988-3af8f6bf222c/element/b4d9aa82-c655-4482-8175-d4096ea9660a/text &amp#27;[39m&amp#27;[32m200&amp#27;[39m &amp#27;[90m68 ms - 85&amp#27;[39m &amp#27;[90m&amp#27;[39m
&amp#27;[38;5;220m[50fc3f61]&amp#27;[0m&amp#27;[38;5;86m[HTTP]&amp#27;[0m &amp#27;[37m-->&amp#27;[39m &amp#27;[37mGET&amp#27;[39m &amp#27;[37m/session/50fc3f61-c54b-40da-8988-3af8f6bf222c/screenshot&amp#27;[39m &amp#27;[90m{}&amp#27;[39m
&amp#27;[38;5;220m[50fc3f61]&amp#27;[0m&amp#27;[38;5;-104m[AndroidUiautomator2Driver@b115]&amp#27;[0m Calling AppiumDriver.getScreenshot() with args: ["50fc3f61-c54b-40da-8988-3af8f6bf222c"]
&amp#27;[38;5;220m[50fc3f61]&amp#27;[0m&amp#27;[38;5;-104m[AndroidUiautomator2Driver@b115]&amp#27;[0m Matched '/screenshot' to command name 'getScreenshot'
&amp#27;[38;5;220m[50fc3f61]&amp#27;[0m&amp#27;[38;5;-104m[AndroidUiautomator2Driver@b115]&amp#27;[0m Proxying [GET /screenshot] to [GET http://127.0.0.1:8202/session/052b56d1-0dc1-40c8-b833-130020f82b9f/screenshot] with no body
&amp#27;[38;5;220m[50fc3f61]&amp#27;[0m&amp#27;[38;5;-104m[AndroidUiautomator2Driver@b115]&amp#27;[0m Got response with status 200: {"sessionId":"052b56d1-0dc1-40c8-b833-130020f82b9f","value":"iVBORw0KGgoAAAANSUhEUgAABDgAAAjoCAYAAAA5jhrUAAAAAXNSR0IArs4c6QAAAARzQklUCAgICHwIZIgAACAASURBVHic7N13vBxV/f/x9zkze1tyc9NDSEgooTdDL0EpX0BQARFbEERFBUUsqCh2saGoSBFU8AciyFeQpsAXLKA0aQLSSygphPSeW3bnnN8fs7t3997ZW/eWyX09eYRkp5w5Z/r5zJkzZtyzJ3sBAAAAAACkmB3qDAAAAAAAAPQXAQ4AAAAAAJB6BDgAAAAAAEDqEeAAAAAAAACpR4ADAAAAAACkHgEOAAAAAACQegQ4AAAAAABA6hHgAAAAAAAAqUeAAwAAAAAApB4BDgAAAAAAkHoEOAAAAAAAQOoR4AAAAAAAAKlHgAMAAAAAAKQeAQ4AAAAAAJB6BDgAAAAAAEDqEeAAAAAAAACpR4ADAAAAAACkHgEOAAAAAACQegQ4AAAAAABA6hHgAAAAAAAAqUeAAwAAAAAApB4BDgAAAAAAkHoEOAAAAAAAQOoR4AAAAAAAAKlHgAMAAAAAAKReONQZAIYDIyNT+NvE/5YkL8l7r/g/5f+fXiOlnAAAAABGHgIcGLGMjEJjtU3NZrp2i89ry8ykLqd/LbtMH1zwc73S9qZy3qUmCDBSygkAAAD0RFPQoF1qZ2jXuhlqsg3apW6GmoJRxfFrog16umW+1riNeqplvp5una810cYhyeuchh1068yv9mjaY17/oe7b+PwA52h4I8CBEanR1uubk9+rU8YdoqCHb2ptmZmkB7f+gSI5XbXqHn1n6R+1zjUPcE77Z6SUEwAAAOjKjMxEHd24h45u3FNzGnbodvp3NO5Z9vu+jc/r9nWP6fZ1/9H87PKByib6yYx79mQez2LECE2g08cfqW9Pfp/aX9DoGy+v7yy9Xr9c+X/K+ahKOayOkVJOAAAAoCtzGnbQJ8cf...
&amp#27;[38;5;220m[50fc3f61]&amp#27;[0m&amp#27;[38;5;-104m[AndroidUiautomator2Driver@b115]&amp#27;[0m Responding to client with driver.getScreenshot() result: "iVBORw0KGgoAAAANSUhEUgAABDgAAAjoCAYAAAA5jhrUAAAAAXNSR0IArs4c6QAAAARzQklUCAgICHwIZIgAACAASURBVHic7N13vBxV/f/x9zkze1tyc9NDSEgooTdDL0EpX0BQARFbEERFBUUsqCh2saGoSBFU8AciyFeQpsAXLKA0aQLSSygphPSeW3bnnN8fs7t3997ZW/eWyX09eYRkp5w5Z/r5zJkzZtyzJ3sBAAAAAACkmB3qDAAAAAAAAPQXAQ4AAAAAAJB6BDgAAAAAAEDqEeAAAAAAAACpR4ADAAAAAACkHgEOAAAAAACQegQ4AAAAAABA6hHgAAAAAAAAqUeAAwAAAAAApB4BDgAAAAAAkHoEOAAAAAAAQOoR4AAAAAAAAKlHgAMAAAAAAKQeAQ4AAAAAAJB6BDgAAAAAAEDqEeAAAAAAAACpR4ADAAAAAACkHgEOAAAAAACQegQ4AAAAAABA6hHgAAAAAAAAqUeAAwAAAAAApB4BDgAAAAAAkHoEOAAAAAAAQOoR4AAAAAAAAKlHgAMAAAAAAKReONQZAIYDIyNT+NvE/5YkL8l7r/g/5f+fXiOlnAAAAABGHgIcGLGMjEJjtU3NZrp2i89ry8ykLqd/LbtMH1zwc73S9qZy3qUmCDBSygkAAAD0RFPQoF1qZ2jXuhlqsg3apW6GmoJRxfFrog16umW+1riNeqplvp5una810cYhyeuchh1068yv9mjaY17/oe7b+PwA52h4I8CBEanR1uubk9+rU8YdoqCHb2ptmZmkB7f+gSI5XbXqHn1n6R+1zjUPcE77Z6SUEwAAAOjKjMxEHd24h45u3FNzGnbodvp3NO5Z9vu+jc/r9nWP6fZ1/9H87PKByib6yYx79mQez2LECE2g08cfqW9Pfp/aX9DoGy+v7yy9Xr9c+X/K+ahKOayOkVJOAAAAoCtzGnbQJ8cf0Slg0R+3rXtMv1p516C0lqAFR+8Q4MCIYGTUaOt091bf1VY1k6ua9qttS3Xo...
&amp#27;[38;5;220m[50fc3f61]&amp#27;[0m&amp#27;[38;5;86m[HTTP]&amp#27;[0m &amp#27;[37m<-- GET /session/50fc3f61-c54b-40da-8988-3af8f6bf222c/screenshot &amp#27;[39m&amp#27;[32m200&amp#27;[39m &amp#27;[90m1042 ms - 600984&amp#27;[39m &amp#27;[90m&amp#27;[39m
&amp#27;[38;5;220m[50fc3f61]&amp#27;[0m&amp#27;[38;5;86m[HTTP]&amp#27;[0m &amp#27;[37m-->&amp#27;[39m &amp#27;[37mGET&amp#27;[39m &amp#27;[37m/session/50fc3f61-c54b-40da-8988-3af8f6bf222c/screenshot&amp#27;[39m &amp#27;[90m{}&amp#27;[39m
&amp#27;[38;5;220m[50fc3f61]&amp#27;[0m&amp#27;[38;5;-104m[AndroidUiautomator2Driver@b115]&amp#27;[0m Calling AppiumDriver.getScreenshot() with args: ["50fc3f61-c54b-40da-8988-3af8f6bf222c"]
&amp#27;[38;5;220m[50fc3f61]&amp#27;[0m&amp#27;[38;5;-104m[AndroidUiautomator2Driver@b115]&amp#27;[0m Matched '/screenshot' to command name 'getScreenshot'
&amp#27;[38;5;220m[50fc3f61]&amp#27;[0m&amp#27;[38;5;-104m[AndroidUiautomator2Driver@b115]&amp#27;[0m Proxying [GET /screenshot] to [GET http://127.0.0.1:8202/session/052b56d1-0dc1-40c8-b833-130020f82b9f/screenshot] with no body
&amp#27;[38;5;220m[50fc3f61]&amp#27;[0m&amp#27;[38;5;-104m[AndroidUiautomator2Driver@b115]&amp#27;[0m Got response with status 200: {"sessionId":"052b56d1-0dc1-40c8-b833-130020f82b9f","value":"iVBORw0KGgoAAAANSUhEUgAABDgAAAjoCAYAAAA5jhrUAAAAAXNSR0IArs4c6QAAAARzQklUCAgICHwIZIgAACAASURBVHic7N13vBxV/f/x9zkze1tyc9NDSEgooTdDL0EpX0BQARFbEERFBUUsqCh2saGoSBFU8AciyFeQpsAXLKA0aQLSSygphPSeW3bnnN8fs7t3997ZW/eWyX09eYRkp5w5Z/r5zJkzZtyzJ3sBAAAAAACkmB3qDAAAAAAAAPQXAQ4AAAAAAJB6BDgAAAAAAEDqEeAAAAAAAACpR4ADAAAAAACkHgEOAAAAAACQegQ4AAAAAABA6hHgAAAAAAAAqUeAAwAAAAAApB4BDgAAAAAAkHoEOAAAAAAAQOoR4AAAAAAAAKlHgAMAAAAAAKQeAQ4AAAAAAJB6BDgAAAAAAEDqEeAAAAAAAACpR4ADAAAAAACkHgEOAAAAAACQegQ4AAAAAABA6hHgAAAAAAAAqUeAAwAAAAAApB4BDgAAAAAAkHoEOAAAAAAAQOoR4AAAAAAAAKlHgAMAAAAAAKReONQZAIYDIyNT+NvE/5YkL8l7r/g/5f+fXiOlnAAAAABGHgIcGLGMjEJjtU3NZrp2i89ry8ykLqd/LbtMH1zwc73S9qZy3qUmCDBSygkAAAD0RFPQoF1qZ2jXuhlqsg3apW6GmoJRxfFrog16umW+1riNeqplvp5una810cYhyeuchh1068yv9mjaY17/oe7b+PwA52h4I8CBEanR1uubk9+rU8YdoqCHb2ptmZmkB7f+gSI5XbXqHn1n6R+1zjUPcE77Z6SUEwAAAOjKjMxEHd24h45u3FNzGnbodvp3NO5Z9vu+jc/r9nWP6fZ1/9H87PKByib6yYx79mQez2LECE2g08cfqW9Pfp/aX9DoGy+v7yy9Xr9c+X/K+ahKOayOkVJOAAAAoCtzGnbQJ8cf...
&amp#27;[38;5;220m[50fc3f61]&amp#27;[0m&amp#27;[38;5;-104m[AndroidUiautomator2Driver@b115]&amp#27;[0m Responding to client with driver.getScreenshot() result: "iVBORw0KGgoAAAANSUhEUgAABDgAAAjoCAYAAAA5jhrUAAAAAXNSR0IArs4c6QAAAARzQklUCAgICHwIZIgAACAASURBVHic7N13vBxV/f/x9zkze1tyc9NDSEgooTdDL0EpX0BQARFbEERFBUUsqCh2saGoSBFU8AciyFeQpsAXLKA0aQLSSygphPSeW3bnnN8fs7t3997ZW/eWyX09eYRkp5w5Z/r5zJkzZtyzJ3sBAAAAAACkmB3qDAAAAAAAAPQXAQ4AAAAAAJB6BDgAAAAAAEDqEeAAAAAAAACpR4ADAAAAAACkHgEOAAAAAACQegQ4AAAAAABA6hHgAAAAAAAAqUeAAwAAAAAApB4BDgAAAAAAkHoEOAAAAAAAQOoR4AAAAAAAAKlHgAMAAAAAAKQeAQ4AAAAAAJB6BDgAAAAAAEDqEeAAAAAAAACpR4ADAAAAAACkHgEOAAAAAACQegQ4AAAAAABA6hHgAAAAAAAAqUeAAwAAAAAApB4BDgAAAAAAkHoEOAAAAAAAQOoR4AAAAAAAAKlHgAMAAAAAAKReONQZAIYDIyNT+NvE/5YkL8l7r/g/5f+fXiOlnAAAAABGHgIcGLGMjEJjtU3NZrp2i89ry8ykLqd/LbtMH1zwc73S9qZy3qUmCDBSygkAAAD0RFPQoF1qZ2jXuhlqsg3apW6GmoJRxfFrog16umW+1riNeqplvp5una810cYhyeuchh1068yv9mjaY17/oe7b+PwA52h4I8CBEanR1uubk9+rU8YdoqCHb2ptmZmkB7f+gSI5XbXqHn1n6R+1zjUPcE77Z6SUEwAAAOjKjMxEHd24h45u3FNzGnbodvp3NO5Z9vu+jc/r9nWP6fZ1/9H87PKByib6yYx79mQez2LECE2g08cfqW9Pfp/aX9DoGy+v7yy9Xr9c+X/K+ahKOayOkVJOAAAAoCtzGnbQJ8cf0Slg0R+3rXtMv1p516C0lqAFR+8Q4MCIYGTUaOt091bf1VY1k6ua9qttS3Xo...
&amp#27;[38;5;220m[50fc3f61]&amp#27;[0m&amp#27;[38;5;86m[HTTP]&amp#27;[0m &amp#27;[37m<-- GET /session/50fc3f61-c54b-40da-8988-3af8f6bf222c/screenshot &amp#27;[39m&amp#27;[32m200&amp#27;[39m &amp#27;[90m1035 ms - 600984&amp#27;[39m &amp#27;[90m&amp#27;[39m
Toast Message: Please enter your name
&amp#27;[38;5;220m[50fc3f61]&amp#27;[0m&amp#27;[38;5;86m[HTTP]&amp#27;[0m &amp#27;[37m-->&amp#27;[39m &amp#27;[37mGET&amp#27;[39m &amp#27;[37m/session/50fc3f61-c54b-40da-8988-3af8f6bf222c/screenshot&amp#27;[39m &amp#27;[90m{}&amp#27;[39m
&amp#27;[38;5;220m[50fc3f61]&amp#27;[0m&amp#27;[38;5;-104m[AndroidUiautomator2Driver@b115]&amp#27;[0m Calling AppiumDriver.getScreenshot() with args: ["50fc3f61-c54b-40da-8988-3af8f6bf222c"]
&amp#27;[38;5;220m[50fc3f61]&amp#27;[0m&amp#27;[38;5;-104m[AndroidUiautomator2Driver@b115]&amp#27;[0m Matched '/screenshot' to command name 'getScreenshot'
&amp#27;[38;5;220m[50fc3f61]&amp#27;[0m&amp#27;[38;5;-104m[AndroidUiautomator2Driver@b115]&amp#27;[0m Proxying [GET /screenshot] to [GET http://127.0.0.1:8202/session/052b56d1-0dc1-40c8-b833-130020f82b9f/screenshot] with no body
&amp#27;[38;5;220m[50fc3f61]&amp#27;[0m&amp#27;[38;5;-104m[AndroidUiautomator2Driver@b115]&amp#27;[0m Got response with status 200: {"sessionId":"052b56d1-0dc1-40c8-b833-130020f82b9f","value":"iVBORw0KGgoAAAANSUhEUgAABDgAAAjoCAYAAAA5jhrUAAAAAXNSR0IArs4c6QAAAARzQklUCAgICHwIZIgAACAASURBVHic7N13vBxV/f/x9zkze1tyc9NDSEgooTdDL0EpX0BQARFbEERFBUUsqCh2saGoSBFU8AciyFeQpsAXLKA0aQLSSygphPSeW3bnnN8fs7t3997ZW/eWyX09eYRkp5w5Z/r5zJkzZtyzJ3sBAAAAAACkmB3qDAAAAAAAAPQXAQ4AAAAAAJB6BDgAAAAAAEDqEeAAAAAAAACpR4ADAAAAAACkHgEOAAAAAACQegQ4AAAAAABA6hHgAAAAAAAAqUeAAwAAAAAApB4BDgAAAAAAkHoEOAAAAAAAQOoR4AAAAAAAAKlHgAMAAAAAAKQeAQ4AAAAAAJB6BDgAAAAAAEDqEeAAAAAAAACpR4ADAAAAAACkHgEOAAAAAACQegQ4AAAAAABA6hHgAAAAAAAAqUeAAwAAAAAApB4BDgAAAAAAkHoEOAAAAAAAQOoR4AAAAAAAAKlHgAMAAAAAAKReONQZAIYDIyNT+NvE/5YkL8l7r/g/5f+fXiOlnAAAAABGHgIcGLGMjEJjtU3NZrp2i89ry8ykLqd/LbtMH1zwc73S9qZy3qUmCDBSygkAAAD0RFPQoF1qZ2jXuhlqsg3apW6GmoJRxfFrog16umW+1riNeqplvp5una810cYhyeuchh1068yv9mjaY17/oe7b+PwA52h4I8CBEanR1uubk9+rU8YdoqCHb2ptmZmkB7f+gSI5XbXqHn1n6R+1zjUPcE77Z6SUEwAAAOjKjMxEHd24h45u3FNzGnbodvp3NO5Z9vu+jc/r9nWP6fZ1/9H87PKByib6yYx79mQez2LECE2g08cfqW9Pfp/aX9DoGy+v7yy9Xr9c+X/K+ahKOayOkVJOAAAAoCtzGnbQJ8cf...
&amp#27;[38;5;220m[50fc3f61]&amp#27;[0m&amp#27;[38;5;-104m[AndroidUiautomator2Driver@b115]&amp#27;[0m Responding to client with driver.getScreenshot() result: "iVBORw0KGgoAAAANSUhEUgAABDgAAAjoCAYAAAA5jhrUAAAAAXNSR0IArs4c6QAAAARzQklUCAgICHwIZIgAACAASURBVHic7N13vBxV/f/x9zkze1tyc9NDSEgooTdDL0EpX0BQARFbEERFBUUsqCh2saGoSBFU8AciyFeQpsAXLKA0aQLSSygphPSeW3bnnN8fs7t3997ZW/eWyX09eYRkp5w5Z/r5zJkzZtyzJ3sBAAAAAACkmB3qDAAAAAAAAPQXAQ4AAAAAAJB6BDgAAAAAAEDqEeAAAAAAAACpR4ADAAAAAACkHgEOAAAAAACQegQ4AAAAAABA6hHgAAAAAAAAqUeAAwAAAAAApB4BDgAAAAAAkHoEOAAAAAAAQOoR4AAAAAAAAKlHgAMAAAAAAKQeAQ4AAAAAAJB6BDgAAAAAAEDqEeAAAAAAAACpR4ADAAAAAACkHgEOAAAAAACQegQ4AAAAAABA6hHgAAAAAAAAqUeAAwAAAAAApB4BDgAAAAAAkHoEOAAAAAAAQOoR4AAAAAAAAKlHgAMAAAAAAKReONQZAIYDIyNT+NvE/5YkL8l7r/g/5f+fXiOlnAAAAABGHgIcGLGMjEJjtU3NZrp2i89ry8ykLqd/LbtMH1zwc73S9qZy3qUmCDBSygkAAAD0RFPQoF1qZ2jXuhlqsg3apW6GmoJRxfFrog16umW+1riNeqplvp5una810cYhyeuchh1068yv9mjaY17/oe7b+PwA52h4I8CBEanR1uubk9+rU8YdoqCHb2ptmZmkB7f+gSI5XbXqHn1n6R+1zjUPcE77Z6SUEwAAAOjKjMxEHd24h45u3FNzGnbodvp3NO5Z9vu+jc/r9nWP6fZ1/9H87PKByib6yYx79mQez2LECE2g08cfqW9Pfp/aX9DoGy+v7yy9Xr9c+X/K+ahKOayOkVJOAAAAoCtzGnbQJ8cf0Slg0R+3rXtMv1p516C0lqAFR+8Q4MCIYGTUaOt091bf1VY1k6ua9qttS3Xo...
&amp#27;[38;5;220m[50fc3f61]&amp#27;[0m&amp#27;[38;5;86m[HTTP]&amp#27;[0m &amp#27;[37m<-- GET /session/50fc3f61-c54b-40da-8988-3af8f6bf222c/screenshot &amp#27;[39m&amp#27;[32m200&amp#27;[39m &amp#27;[90m1038 ms - 600984&amp#27;[39m &amp#27;[90m&amp#27;[39m
]]></system-out>
  </testcase>
  <testcase name="setUp[1, 1](0)" classname="org.testCase.TestCase2" time="3.453">
    <failure message="Could not start a new session. Response code 500. Message: An unknown server-side error occurred while processing the command. Original error: Device R3CRC00KHBT was not in the list of connected devices &#10;Host info: host: &apos;ELSA&apos;, ip: &apos;192.168.2.20&apos;&#10;Build info: version: &apos;4.33.0&apos;, revision: &apos;2c6aaad03a&apos;&#10;System info: os.name: &apos;Windows 11&apos;, os.arch: &apos;amd64&apos;, os.version: &apos;10.0&apos;, java.version: &apos;11.0.26&apos;&#10;Driver info: io.appium.java_client.android.AndroidDriver&#10;Command: [null, newSession {capabilities=[{appium:appActivity=com.androidsample.generalstore.SplashActivity, appium:appPackage=com.androidsample.generalstore, appium:automationName=UiAutomator2, appium:deviceName=Samsung_Galaxy_S21, appium:noReset=true, platformName=ANDROID, appium:platformVersion=10.0, appium:systemPort=8201, appium:udid=R3CRC00KHBT}], desiredCapabilities=Capabilities {appActivity: com.androidsample.generalst..., appPackage: com.androidsample.generalstore, automationName: UiAutomator2, deviceName: Samsung_Galaxy_S21, noReset: true, platformName: ANDROID, platformVersion: 10.0, systemPort: 8201, udid: R3CRC00KHBT}}]&#10;Capabilities {appActivity: com.androidsample.generalst..., appPackage: com.androidsample.generalstore, automationName: UiAutomator2, deviceName: Samsung_Galaxy_S21, noReset: true, platformName: ANDROID, platformVersion: 10.0, systemPort: 8201, udid: R3CRC00KHBT}" type="org.openqa.selenium.SessionNotCreatedException"><![CDATA[org.openqa.selenium.SessionNotCreatedException: 
Could not start a new session. Response code 500. Message: An unknown server-side error occurred while processing the command. Original error: Device R3CRC00KHBT was not in the list of connected devices 
Host info: host: 'ELSA', ip: '192.168.2.20'
Build info: version: '4.33.0', revision: '2c6aaad03a'
System info: os.name: 'Windows 11', os.arch: 'amd64', os.version: '10.0', java.version: '11.0.26'
Driver info: io.appium.java_client.android.AndroidDriver
Command: [null, newSession {capabilities=[{appium:appActivity=com.androidsample.generalstore.SplashActivity, appium:appPackage=com.androidsample.generalstore, appium:automationName=UiAutomator2, appium:deviceName=Samsung_Galaxy_S21, appium:noReset=true, platformName=ANDROID, appium:platformVersion=10.0, appium:systemPort=8201, appium:udid=R3CRC00KHBT}], desiredCapabilities=Capabilities {appActivity: com.androidsample.generalst..., appPackage: com.androidsample.generalstore, automationName: UiAutomator2, deviceName: Samsung_Galaxy_S21, noReset: true, platformName: ANDROID, platformVersion: 10.0, systemPort: 8201, udid: R3CRC00KHBT}}]
Capabilities {appActivity: com.androidsample.generalst..., appPackage: com.androidsample.generalstore, automationName: UiAutomator2, deviceName: Samsung_Galaxy_S21, noReset: true, platformName: ANDROID, platformVersion: 10.0, systemPort: 8201, udid: R3CRC00KHBT}
	at org.openqa.selenium.remote.ProtocolHandshake.createSession(ProtocolHandshake.java:140)
	at java.base/jdk.internal.reflect.NativeMethodAccessorImpl.invoke0(Native Method)
	at java.base/jdk.internal.reflect.NativeMethodAccessorImpl.invoke(NativeMethodAccessorImpl.java:62)
	at java.base/jdk.internal.reflect.DelegatingMethodAccessorImpl.invoke(DelegatingMethodAccessorImpl.java:43)
	at java.base/java.lang.reflect.Method.invoke(Method.java:566)
	at io.appium.java_client.remote.AppiumProtocolHandshake.createSession(AppiumProtocolHandshake.java:133)
	at io.appium.java_client.remote.AppiumProtocolHandshake.createSession(AppiumProtocolHandshake.java:102)
	at io.appium.java_client.remote.AppiumCommandExecutor.createSession(AppiumCommandExecutor.java:182)
	at io.appium.java_client.remote.AppiumCommandExecutor.execute(AppiumCommandExecutor.java:250)
	at org.openqa.selenium.remote.RemoteWebDriver.execute(RemoteWebDriver.java:602)
	at io.appium.java_client.AppiumDriver.startSession(AppiumDriver.java:274)
	at org.openqa.selenium.remote.RemoteWebDriver.<init>(RemoteWebDriver.java:163)
	at io.appium.java_client.AppiumDriver.<init>(AppiumDriver.java:89)
	at io.appium.java_client.AppiumDriver.<init>(AppiumDriver.java:101)
	at io.appium.java_client.android.AndroidDriver.<init>(AndroidDriver.java:113)
	at org.appium.TestUtils.BaseTest.setUp(BaseTest.java:45)
	at java.base/jdk.internal.reflect.NativeMethodAccessorImpl.invoke0(Native Method)
	at java.base/jdk.internal.reflect.NativeMethodAccessorImpl.invoke(NativeMethodAccessorImpl.java:62)
	at java.base/jdk.internal.reflect.DelegatingMethodAccessorImpl.invoke(DelegatingMethodAccessorImpl.java:43)
	at java.base/java.lang.reflect.Method.invoke(Method.java:566)
	at org.testng.internal.invokers.MethodInvocationHelper.invokeMethod(MethodInvocationHelper.java:141)
	at org.testng.internal.invokers.MethodInvocationHelper.invokeMethodConsideringTimeout(MethodInvocationHelper.java:71)
	at org.testng.internal.invokers.ConfigInvoker.invokeConfigurationMethod(ConfigInvoker.java:400)
	at org.testng.internal.invokers.ConfigInvoker.invokeConfigurations(ConfigInvoker.java:333)
	at org.testng.internal.invokers.TestMethodWorker.invokeBeforeClassMethods(TestMethodWorker.java:188)
	at org.testng.internal.invokers.TestMethodWorker.run(TestMethodWorker.java:128)
	at java.base/java.util.ArrayList.forEach(ArrayList.java:1541)
	at org.testng.TestRunner.privateRun(TestRunner.java:741)
	at org.testng.TestRunner.run(TestRunner.java:616)
	at org.testng.SuiteRunner.runTest(SuiteRunner.java:421)
	at org.testng.SuiteRunner$SuiteWorker.run(SuiteRunner.java:463)
	at org.testng.internal.thread.ThreadUtil.lambda$execute$0(ThreadUtil.java:64)
	at java.base/java.util.concurrent.FutureTask.run(FutureTask.java:264)
	at java.base/java.util.concurrent.ThreadPoolExecutor.runWorker(ThreadPoolExecutor.java:1128)
	at java.base/java.util.concurrent.ThreadPoolExecutor$Worker.run(ThreadPoolExecutor.java:628)
	at java.base/java.lang.Thread.run(Thread.java:834)
]]></failure>
    <system-out><![CDATA[&amp#27;[38;5;86m[HTTP]&amp#27;[0m &amp#27;[37m-->&amp#27;[39m &amp#27;[37mGET&amp#27;[39m &amp#27;[37m/status&amp#27;[39m &amp#27;[90m{}&amp#27;[39m
&amp#27;[38;5;137m[AppiumDriver@bc57]&amp#27;[0m Calling AppiumDriver.getStatus() with args: []
&amp#27;[38;5;137m[AppiumDriver@bc57]&amp#27;[0m Responding to client with driver.getStatus() result: {"ready":true,"message":"The server is ready to accept new connections","build":{"version":"2.19.0"}}
&amp#27;[38;5;86m[HTTP]&amp#27;[0m &amp#27;[37m<-- GET /status &amp#27;[39m&amp#27;[32m200&amp#27;[39m &amp#27;[90m1 ms - 111&amp#27;[39m &amp#27;[90m&amp#27;[39m
&amp#27;[38;5;220m[50fc3f61]&amp#27;[0m&amp#27;[38;5;229m[ADB]&amp#27;[0m Using 'aapt2.exe' from 'C:\Users\sajus\AppData\Local\Android\Sdk\build-tools\36.0.0\aapt2.exe'
&amp#27;[38;5;220m[50fc3f61]&amp#27;[0m&amp#27;[38;5;229m[ADB]&amp#27;[0m Reading package manifest: 'C:\\Users\\sajus\\AppData\\Local\\Android\\Sdk\\build-tools\\36.0.0\\aapt2.exe dump badging C:\\Users\\sajus\\.appium\\node_modules\\appium-uiautomator2-driver\\node_modules\\io.appium.settings\\apks\\settings_apk-debug.apk'
Appium server stopped
✅ Test completed for device: Samsung_Galaxy_S21
&amp#27;[38;5;220m[50fc3f61]&amp#27;[0m&amp#27;[38;5;229m[ADB]&amp#27;[0m The version name of the installed 'io.appium.settings' is greater or equal to the application version name ('5.14.8' >= '5.14.8')
&amp#27;[38;5;220m[50fc3f61]&amp#27;[0m&amp#27;[38;5;229m[ADB]&amp#27;[0m There is no need to install/upgrade 'C:\Users\sajus\.appium\node_modules\appium-uiautomator2-driver\node_modules\io.appium.settings\apks\settings_apk-debug.apk'
&amp#27;[38;5;220m[50fc3f61]&amp#27;[0m&amp#27;[38;5;229m[ADB]&amp#27;[0m Running 'C:\Users\sajus\AppData\Local\Android\Sdk\platform-tools\adb.exe -P 5037 -s CTLID18120801016 shell dumpsys activity services io.appium.settings'
&amp#27;[38;5;220m[50fc3f61]&amp#27;[0m&amp#27;[38;5;-104m[AndroidUiautomator2Driver@b115]&amp#27;[0m io.appium.settings is already running. There is no need to reset its permissions.
&amp#27;[38;5;220m[50fc3f61]&amp#27;[0m&amp#27;[38;5;160m[Logcat]&amp#27;[0m Starting logs capture with command: C:\\Users\\sajus\\AppData\\Local\\Android\\Sdk\\platform-tools\\adb.exe -P 5037 -s CTLID18120801016 logcat -v threadtime
&amp#27;[38;5;220m[50fc3f61]&amp#27;[0m&amp#27;[38;5;229m[ADB]&amp#27;[0m Running 'C:\Users\sajus\AppData\Local\Android\Sdk\platform-tools\adb.exe -P 5037 -s CTLID18120801016 shell appops set io.appium.settings android:mock_location allow'
&amp#27;[38;5;220m[50fc3f61]&amp#27;[0m&amp#27;[38;5;229m[ADB]&amp#27;[0m Running 'C:\Users\sajus\AppData\Local\Android\Sdk\platform-tools\adb.exe -P 5037 -s CTLID18120801016 shell "[ -e '/data/local/tmp/mock_apps.json' ] && echo __PASS__"'
&amp#27;[38;5;220m[50fc3f61]&amp#27;[0m&amp#27;[38;5;229m[ADB]&amp#27;[0m Running 'C:\Users\sajus\AppData\Local\Android\Sdk\platform-tools\adb.exe -P 5037 -s CTLID18120801016 shell cat /data/local/tmp/mock_apps.json'
&amp#27;[38;5;220m[50fc3f61]&amp#27;[0m&amp#27;[38;5;-104m[AndroidUiautomator2Driver@b115]&amp#27;[0m Forwarding UiAutomator2 Server port 6790 to local port 8202
&amp#27;[38;5;220m[50fc3f61]&amp#27;[0m&amp#27;[38;5;229m[ADB]&amp#27;[0m Forwarding system: 8202 to device: 6790
&amp#27;[38;5;220m[50fc3f61]&amp#27;[0m&amp#27;[38;5;229m[ADB]&amp#27;[0m Running 'C:\Users\sajus\AppData\Local\Android\Sdk\platform-tools\adb.exe -P 5037 -s CTLID18120801016 forward tcp:8202 tcp:6790'
&amp#27;[38;5;220m[50fc3f61]&amp#27;[0m&amp#27;[38;5;-104m[AndroidUiautomator2Driver@b115]&amp#27;[0m UIA2Proxy options: {"server":"127.0.0.1","port":8202,"keepAlive":true,"scheme":"http","base":"","reqBasePath":"","sessionId":null,"timeout":240000}
&amp#27;[38;5;220m[50fc3f61]&amp#27;[0m&amp#27;[38;5;229m[ADB]&amp#27;[0m Getting package info for 'io.appium.uiautomator2.server'
&amp#27;[38;5;220m[50fc3f61]&amp#27;[0m&amp#27;[38;5;229m[ADB]&amp#27;[0m Running 'C:\Users\sajus\AppData\Local\Android\Sdk\platform-tools\adb.exe -P 5037 -s CTLID18120801016 shell dumpsys package io.appium.uiautomator2.server'
&amp#27;[38;5;220m[50fc3f61]&amp#27;[0m&amp#27;[38;5;229m[ADB]&amp#27;[0m Getting install status for io.appium.uiautomator2.server.test
&amp#27;[38;5;220m[50fc3f61]&amp#27;[0m&amp#27;[38;5;-104m[AndroidUiautomator2Driver@b115]&amp#27;[0m No app capability. Assuming it is already on the device
&amp#27;[38;5;220m[50fc3f61]&amp#27;[0m&amp#27;[38;5;229m[ADB]&amp#27;[0m Running 'C:\Users\sajus\AppData\Local\Android\Sdk\platform-tools\adb.exe -P 5037 -s CTLID18120801016 shell cmd package list packages'
&amp#27;[38;5;220m[50fc3f61]&amp#27;[0m&amp#27;[38;5;229m[ADB]&amp#27;[0m Reading package manifest: 'C:\\Users\\sajus\\AppData\\Local\\Android\\Sdk\\build-tools\\36.0.0\\aapt2.exe dump badging C:\\Users\\sajus\\.appium\\node_modules\\appium-uiautomator2-driver\\node_modules\\appium-uiautomator2-server\\apks\\appium-uiautomator2-server-v7.5.2.apk'
&amp#27;[38;5;220m[50fc3f61]&amp#27;[0m&amp#27;[38;5;229m[ADB]&amp#27;[0m 'io.appium.uiautomator2.server.test' is installed
&amp#27;[38;5;220m[50fc3f61]&amp#27;[0m&amp#27;[38;5;229m[ADB]&amp#27;[0m The version name of the installed 'io.appium.uiautomator2.server' is greater or equal to the application version name ('7.5.2' >= '7.5.2')
&amp#27;[38;5;220m[50fc3f61]&amp#27;[0m&amp#27;[38;5;-104m[AndroidUiautomator2Driver@b115]&amp#27;[0m Server packages status: [{"installState":"sameVersionInstalled","appPath":"C:\\Users\\sajus\\.appium\\node_modules\\appium-uiautomator2-driver\\node_modules\\appium-uiautomator2-server\\apks\\appium-uiautomator2-server-v7.5.2.apk","appId":"io.appium.uiautomator2.server"},{"installState":"sameVersionInstalled","appPath":"C:\\Users\\sajus\\.appium\\node_modules\\appium-uiautomator2-driver\\node_modules\\appium-uiautomator2-server\\apks\\appium-uiautomator2-server-debug-androidTest.apk","appId":"io.appium.uiautomator2.server.test"}]
&amp#27;[38;5;220m[50fc3f61]&amp#27;[0m&amp#27;[38;5;-104m[AndroidUiautomator2Driver@b115]&amp#27;[0m Server packages are not going to be (re)installed
&amp#27;[38;5;220m[50fc3f61]&amp#27;[0m&amp#27;[38;5;-104m[AndroidUiautomator2Driver@b115]&amp#27;[0m Waiting up to 30000ms for services to be available
&amp#27;[38;5;220m[50fc3f61]&amp#27;[0m&amp#27;[38;5;229m[ADB]&amp#27;[0m Running 'C:\Users\sajus\AppData\Local\Android\Sdk\platform-tools\adb.exe -P 5037 -s CTLID18120801016 shell pm list instrumentation'
&amp#27;[38;5;220m[50fc3f61]&amp#27;[0m&amp#27;[38;5;-104m[AndroidUiautomator2Driver@b115]&amp#27;[0m Instrumentation target 'io.appium.uiautomator2.server.test/androidx.test.runner.AndroidJUnitRunner' is available
&amp#27;[38;5;220m[50fc3f61]&amp#27;[0m&amp#27;[38;5;229m[ADB]&amp#27;[0m Adding packages ["io.appium.settings","io.appium.uiautomator2.server","io.appium.uiautomator2.server.test"] to Doze whitelist
&amp#27;[38;5;220m[50fc3f61]&amp#27;[0m&amp#27;[38;5;229m[ADB]&amp#27;[0m Got the following command chunks to execute: [["dumpsys","deviceidle","whitelist","+io.appium.settings",";","dumpsys","deviceidle","whitelist","+io.appium.uiautomator2.server",";","dumpsys","deviceidle","whitelist","+io.appium.uiautomator2.server.test",";"]]
&amp#27;[38;5;220m[50fc3f61]&amp#27;[0m&amp#27;[38;5;229m[ADB]&amp#27;[0m Running 'C:\Users\sajus\AppData\Local\Android\Sdk\platform-tools\adb.exe -P 5037 -s CTLID18120801016 shell dumpsys deviceidle whitelist +io.appium.settings ; dumpsys deviceidle whitelist +io.appium.uiautomator2.server ; dumpsys deviceidle whitelist +io.appium.uiautomator2.server.test ;'
&amp#27;[38;5;220m[50fc3f61]&amp#27;[0m&amp#27;[38;5;-104m[AndroidUiautomator2Driver@b115]&amp#27;[0m Performing shallow cleanup of automation leftovers
&amp#27;[38;5;220m[50fc3f61]&amp#27;[0m&amp#27;[38;5;-104m[AndroidUiautomator2Driver@b115]&amp#27;[0m No obsolete sessions have been detected (socket hang up)
&amp#27;[38;5;220m[50fc3f61]&amp#27;[0m&amp#27;[38;5;229m[ADB]&amp#27;[0m Running 'C:\Users\sajus\AppData\Local\Android\Sdk\platform-tools\adb.exe -P 5037 -s CTLID18120801016 shell am force-stop io.appium.uiautomator2.server'
&amp#27;[38;5;220m[50fc3f61]&amp#27;[0m&amp#27;[38;5;229m[ADB]&amp#27;[0m Running 'C:\Users\sajus\AppData\Local\Android\Sdk\platform-tools\adb.exe -P 5037 -s CTLID18120801016 shell am force-stop io.appium.uiautomator2.server.test'
&amp#27;[38;5;220m[50fc3f61]&amp#27;[0m&amp#27;[38;5;-104m[AndroidUiautomator2Driver@b115]&amp#27;[0m Starting UIAutomator2 server 7.5.2
&amp#27;[38;5;220m[50fc3f61]&amp#27;[0m&amp#27;[38;5;-104m[AndroidUiautomator2Driver@b115]&amp#27;[0m Using UIAutomator2 server from 'C:\Users\sajus\.appium\node_modules\appium-uiautomator2-driver\node_modules\appium-uiautomator2-server\apks\appium-uiautomator2-server-v7.5.2.apk' and test from 'C:\Users\sajus\.appium\node_modules\appium-uiautomator2-driver\node_modules\appium-uiautomator2-server\apks\appium-uiautomator2-server-debug-androidTest.apk'
&amp#27;[38;5;220m[50fc3f61]&amp#27;[0m&amp#27;[38;5;-104m[AndroidUiautomator2Driver@b115]&amp#27;[0m Waiting up to 30000ms for UiAutomator2 to be online...
&amp#27;[38;5;220m[50fc3f61]&amp#27;[0m&amp#27;[38;5;229m[ADB]&amp#27;[0m Creating ADB subprocess with args: ["-P","5037","-s","CTLID18120801016","shell","am","instrument","-w","-e","disableAnalytics","true","io.appium.uiautomator2.server.test/androidx.test.runner.AndroidJUnitRunner"]
&amp#27;[38;5;220m[50fc3f61]&amp#27;[0m&amp#27;[38;5;-104m[AndroidUiautomator2Driver@b115]&amp#27;[0m Matched '/status' to command name 'getStatus'
&amp#27;[38;5;220m[50fc3f61]&amp#27;[0m&amp#27;[38;5;-104m[AndroidUiautomator2Driver@b115]&amp#27;[0m Proxying [GET /status] to [GET http://127.0.0.1:8202/status] with no body
&amp#27;[38;5;220m[50fc3f61]&amp#27;[0m&amp#27;[38;5;-104m[AndroidUiautomator2Driver@b115]&amp#27;[0m socket hang up
&amp#27;[38;5;112m[Appium]&amp#27;[0m Welcome to Appium v2.19.0
&amp#27;[38;5;112m[Appium]&amp#27;[0m Non-default server args:
&amp#27;[38;5;112m[Appium]&amp#27;[0m { port: &amp#27;[33m4724&amp#27;[39m }
&amp#27;[38;5;112m[Appium]&amp#27;[0m The autodetected Appium home path: C:\Users\sajus\.appium
&amp#27;[38;5;112m[Appium]&amp#27;[0m Attempting to load driver uiautomator2...
&amp#27;[38;5;112m[Appium]&amp#27;[0m Requiring driver at C:\Users\sajus\.appium\node_modules\appium-uiautomator2-driver\build\index.js
&amp#27;[38;5;220m[50fc3f61]&amp#27;[0m&amp#27;[38;5;-104m[AndroidUiautomator2Driver@b115]&amp#27;[0m Matched '/status' to command name 'getStatus'
&amp#27;[38;5;220m[50fc3f61]&amp#27;[0m&amp#27;[38;5;-104m[AndroidUiautomator2Driver@b115]&amp#27;[0m Proxying [GET /status] to [GET http://127.0.0.1:8202/status] with no body
&amp#27;[38;5;220m[50fc3f61]&amp#27;[0m&amp#27;[38;5;-104m[AndroidUiautomator2Driver@b115]&amp#27;[0m socket hang up
&amp#27;[38;5;112m[Appium]&amp#27;[0m AndroidUiautomator2Driver has been successfully loaded in 0.832s
&amp#27;[38;5;112m[Appium]&amp#27;[0m Appium REST http interface listener started on http://0.0.0.0:4724
&amp#27;[38;5;112m[Appium]&amp#27;[0m You can provide the following URLs in your client code to connect to this server:
	http://192.168.2.20:4724/
	http://127.0.0.1:4724/ (only accessible from the same host)
&amp#27;[38;5;112m[Appium]&amp#27;[0m Available drivers:
&amp#27;[38;5;112m[Appium]&amp#27;[0m   - uiautomator2@4.2.3 (automationName 'UiAutomator2')
&amp#27;[38;5;112m[Appium]&amp#27;[0m No plugins have been installed. Use the "appium plugin" command to install the one(s) you want to use.
&amp#27;[38;5;86m[HTTP]&amp#27;[0m &amp#27;[37m-->&amp#27;[39m &amp#27;[37mGET&amp#27;[39m &amp#27;[37m/status&amp#27;[39m &amp#27;[90m{}&amp#27;[39m
&amp#27;[38;5;75m[AppiumDriver@ee30]&amp#27;[0m Calling AppiumDriver.getStatus() with args: []
&amp#27;[38;5;75m[AppiumDriver@ee30]&amp#27;[0m Responding to client with driver.getStatus() result: {"ready":true,"message":"The server is ready to accept new connections","build":{"version":"2.19.0"}}
&amp#27;[38;5;86m[HTTP]&amp#27;[0m &amp#27;[37m<-- GET /status &amp#27;[39m&amp#27;[32m200&amp#27;[39m &amp#27;[90m4 ms - 111&amp#27;[39m &amp#27;[90m&amp#27;[39m
&amp#27;[38;5;86m[HTTP]&amp#27;[0m Request idempotency key: c24ebb36-77a2-4024-9b98-e46325ee2c60
&amp#27;[38;5;86m[HTTP]&amp#27;[0m &amp#27;[37m-->&amp#27;[39m &amp#27;[37mPOST&amp#27;[39m &amp#27;[37m/session&amp#27;[39m &amp#27;[90m{"capabilities":{"firstMatch":[{}],"alwaysMatch":{"appium:appActivity":"com.androidsample.generalstore.SplashActivity","appium:appPackage":"com.androidsample.generalstore","appium:automationName":"UiAutomator2","appium:deviceName":"Samsung_Galaxy_S21","appium:noReset":true,"appium:platformVersion":"10.0","appium:systemPort":8201,"appium:udid":"R3CRC00KHBT","platformName":"ANDROID"}}}&amp#27;[39m
&amp#27;[38;5;75m[AppiumDriver@ee30]&amp#27;[0m Calling AppiumDriver.createSession() with args: [null,null,{"firstMatch":[{}],"alwaysMatch":{"appium:appActivity":"com.androidsample.generalstore.SplashActivity","appium:appPackage":"com.androidsample.generalstore","appium:automationName":"UiAutomator2","appium:deviceName":"Samsung_Galaxy_S21","appium:noReset":true,"appium:platformVersion":"10.0","appium:systemPort":8201,"appium:udid":"R3CRC00KHBT","platformName":"ANDROID"}}]
&amp#27;[38;5;75m[AppiumDriver@ee30]&amp#27;[0m Event 'newSessionRequested' logged at 1750360893809 (15:21:33 GMT-0400 (Eastern Daylight Saving Time))
&amp#27;[38;5;112m[Appium]&amp#27;[0m Attempting to find matching driver for automationName 'UiAutomator2' and platformName 'ANDROID'
&amp#27;[38;5;112m[Appium]&amp#27;[0m The 'uiautomator2' driver was installed and matched caps.
&amp#27;[38;5;112m[Appium]&amp#27;[0m Will require it at C:\Users\sajus\.appium\node_modules\appium-uiautomator2-driver
&amp#27;[38;5;112m[Appium]&amp#27;[0m Requiring driver at C:\Users\sajus\.appium\node_modules\appium-uiautomator2-driver\build\index.js
&amp#27;[38;5;75m[AppiumDriver@ee30]&amp#27;[0m Appium v2.19.0 creating new AndroidUiautomator2Driver (v4.2.3) session
&amp#27;[38;5;75m[AppiumDriver@ee30]&amp#27;[0m Checking BaseDriver versions for Appium and AndroidUiautomator2Driver
&amp#27;[38;5;75m[AppiumDriver@ee30]&amp#27;[0m Appium's BaseDriver version is 9.18.0
&amp#27;[38;5;75m[AppiumDriver@ee30]&amp#27;[0m AndroidUiautomator2Driver's BaseDriver version is 9.18.0
&amp#27;[38;5;-58m[AndroidUiautomator2Driver@e7e0]&amp#27;[0m 
&amp#27;[38;5;-58m[AndroidUiautomator2Driver@e7e0]&amp#27;[0m Creating session with W3C capabilities: {
  "alwaysMatch": {
    "platformName": "ANDROID",
    "appium:appActivity": "com.androidsample.generalstore.SplashActivity",
    "appium:appPackage": "com.androidsample.generalstore",
    "appium:automationName": "UiAutomator2",
    "appium:deviceName": "Samsung_Galaxy_S21",
    "appium:noReset": true,
    "appium:platformVersion": "10.0",
    "appium:systemPort": 8201,
    "appium:udid": "R3CRC00KHBT"
  },
  "firstMatch": [
    {}
  ]
}
&amp#27;[38;5;192m[0fae4039]&amp#27;[0m&amp#27;[38;5;-58m[AndroidUiautomator2Driver@e7e0]&amp#27;[0m Session created with session id: 0fae4039-2324-4f58-a3a4-0d92c407ac12
&amp#27;[38;5;192m[0fae4039]&amp#27;[0m&amp#27;[38;5;229m[ADB]&amp#27;[0m Found 3 'build-tools' folders under 'C:\Users\sajus\AppData\Local\Android\Sdk' (newest first):
&amp#27;[38;5;192m[0fae4039]&amp#27;[0m&amp#27;[38;5;229m[ADB]&amp#27;[0m     C:\Users\sajus\AppData\Local\Android\Sdk\build-tools\36.0.0
&amp#27;[38;5;192m[0fae4039]&amp#27;[0m&amp#27;[38;5;229m[ADB]&amp#27;[0m     C:\Users\sajus\AppData\Local\Android\Sdk\build-tools\35.0.1
&amp#27;[38;5;192m[0fae4039]&amp#27;[0m&amp#27;[38;5;229m[ADB]&amp#27;[0m     C:\Users\sajus\AppData\Local\Android\Sdk\build-tools\35.0.0
&amp#27;[38;5;192m[0fae4039]&amp#27;[0m&amp#27;[38;5;229m[ADB]&amp#27;[0m Using 'adb.exe' from 'C:\Users\sajus\AppData\Local\Android\Sdk\platform-tools\adb.exe'
&amp#27;[38;5;192m[0fae4039]&amp#27;[0m&amp#27;[38;5;229m[ADB]&amp#27;[0m Running 'C:\Users\sajus\AppData\Local\Android\Sdk\platform-tools\adb.exe -P 5037 start-server'
&amp#27;[38;5;192m[0fae4039]&amp#27;[0m&amp#27;[38;5;-58m[AndroidUiautomator2Driver@e7e0]&amp#27;[0m Retrieving device list
&amp#27;[38;5;192m[0fae4039]&amp#27;[0m&amp#27;[38;5;229m[ADB]&amp#27;[0m Trying to find connected Android devices
&amp#27;[38;5;192m[0fae4039]&amp#27;[0m&amp#27;[38;5;229m[ADB]&amp#27;[0m Getting connected devices
&amp#27;[38;5;192m[0fae4039]&amp#27;[0m&amp#27;[38;5;229m[ADB]&amp#27;[0m Connected devices: [{"udid":"CTLID18120801016","state":"device"}]
&amp#27;[38;5;192m[0fae4039]&amp#27;[0m&amp#27;[38;5;-58m[AndroidUiautomator2Driver@e7e0]&amp#27;[0m Device R3CRC00KHBT was not in the list of connected devices
&amp#27;[38;5;192m[0fae4039]&amp#27;[0m&amp#27;[38;5;-58m[AndroidUiautomator2Driver@e7e0]&amp#27;[0m Deleting UiAutomator2 session
&amp#27;[38;5;192m[0fae4039]&amp#27;[0m&amp#27;[38;5;75m[AppiumDriver@ee30]&amp#27;[0m Event 'newSessionStarted' logged at 1750360893960 (15:21:33 GMT-0400 (Eastern Daylight Saving Time))
&amp#27;[38;5;192m[0fae4039]&amp#27;[0m&amp#27;[38;5;75m[AppiumDriver@ee30]&amp#27;[0m Encountered internal error running command: Error: Device R3CRC00KHBT was not in the list of connected devices
    at Object.errorWithException (C:\Users\JenkinsUser\AppData\Roaming\npm\node_modules\appium\node_modules\@appium\support\lib\logging.js:41:45)
    at AndroidUiautomator2Driver.getDeviceInfoFromCaps (C:\Users\sajus\.appium\node_modules\appium-uiautomator2-driver\node_modules\appium-android-driver\lib\commands\device\common.js:46:24)
    at AndroidUiautomator2Driver.createSession (C:\Users\sajus\.appium\node_modules\appium-uiautomator2-driver\lib\driver.ts:357:30)
    at AppiumDriver.createSession (C:\Users\JenkinsUser\AppData\Roaming\npm\node_modules\appium\lib\appium.js:379:35)
&amp#27;[38;5;192m[0fae4039]&amp#27;[0m&amp#27;[38;5;86m[HTTP]&amp#27;[0m &amp#27;[37m<-- POST /session &amp#27;[39m&amp#27;[31m500&amp#27;[39m &amp#27;[90m184 ms - 696&amp#27;[39m &amp#27;[90m&amp#27;[39m
]]></system-out>
  </testcase>
  <testcase name="SecondCase" classname="org.testCase.TestCase2" time="0">
    <skipped message="Could not start a new session. Response code 500. Message: An unknown server-side error occurred while processing the command. Original error: Device R3CRC00KHBT was not in the list of connected devices &#10;Host info: host: &apos;ELSA&apos;, ip: &apos;192.168.2.20&apos;&#10;Build info: version: &apos;4.33.0&apos;, revision: &apos;2c6aaad03a&apos;&#10;System info: os.name: &apos;Windows 11&apos;, os.arch: &apos;amd64&apos;, os.version: &apos;10.0&apos;, java.version: &apos;11.0.26&apos;&#10;Driver info: io.appium.java_client.android.AndroidDriver&#10;Command: [null, newSession {capabilities=[{appium:appActivity=com.androidsample.generalstore.SplashActivity, appium:appPackage=com.androidsample.generalstore, appium:automationName=UiAutomator2, appium:deviceName=Samsung_Galaxy_S21, appium:noReset=true, platformName=ANDROID, appium:platformVersion=10.0, appium:systemPort=8201, appium:udid=R3CRC00KHBT}], desiredCapabilities=Capabilities {appActivity: com.androidsample.generalst..., appPackage: com.androidsample.generalstore, automationName: UiAutomator2, deviceName: Samsung_Galaxy_S21, noReset: true, platformName: ANDROID, platformVersion: 10.0, systemPort: 8201, udid: R3CRC00KHBT}}]&#10;Capabilities {appActivity: com.androidsample.generalst..., appPackage: com.androidsample.generalstore, automationName: UiAutomator2, deviceName: Samsung_Galaxy_S21, noReset: true, platformName: ANDROID, platformVersion: 10.0, systemPort: 8201, udid: R3CRC00KHBT}"/>
  </testcase>
  <testcase name="SecondCase" classname="org.testCase.TestCase2" time="16.612">
    <system-out><![CDATA[&amp#27;[38;5;220m[50fc3f61]&amp#27;[0m&amp#27;[38;5;86m[HTTP]&amp#27;[0m &amp#27;[37m-->&amp#27;[39m &amp#27;[37mPOST&amp#27;[39m &amp#27;[37m/session/50fc3f61-c54b-40da-8988-3af8f6bf222c/execute/sync&amp#27;[39m &amp#27;[90m{"script":"mobile: isAppInstalled","args":[{"bundleId":"com.androidsample.generalstore","appId":"com.androidsample.generalstore"}]}&amp#27;[39m
&amp#27;[38;5;220m[50fc3f61]&amp#27;[0m&amp#27;[38;5;-104m[AndroidUiautomator2Driver@b115]&amp#27;[0m Calling AppiumDriver.execute() with args: ["mobile: isAppInstalled",[{"bundleId":"com.androidsample.generalstore","appId":"com.androidsample.generalstore"}],"50fc3f61-c54b-40da-8988-3af8f6bf222c"]
&amp#27;[38;5;220m[50fc3f61]&amp#27;[0m&amp#27;[38;5;123m[BaseDriver]&amp#27;[0m The following script arguments are not known and will be ignored: bundleId
&amp#27;[38;5;220m[50fc3f61]&amp#27;[0m&amp#27;[38;5;229m[ADB]&amp#27;[0m Getting install status for com.androidsample.generalstore
&amp#27;[38;5;220m[50fc3f61]&amp#27;[0m&amp#27;[38;5;229m[ADB]&amp#27;[0m Running 'C:\Users\sajus\AppData\Local\Android\Sdk\platform-tools\adb.exe -P 5037 -s CTLID18120801016 shell cmd package list packages'
&amp#27;[38;5;220m[50fc3f61]&amp#27;[0m&amp#27;[38;5;229m[ADB]&amp#27;[0m 'com.androidsample.generalstore' is installed
&amp#27;[38;5;220m[50fc3f61]&amp#27;[0m&amp#27;[38;5;-104m[AndroidUiautomator2Driver@b115]&amp#27;[0m Responding to client with driver.execute() result: true
&amp#27;[38;5;220m[50fc3f61]&amp#27;[0m&amp#27;[38;5;86m[HTTP]&amp#27;[0m &amp#27;[37m<-- POST /session/50fc3f61-c54b-40da-8988-3af8f6bf222c/execute/sync &amp#27;[39m&amp#27;[32m200&amp#27;[39m &amp#27;[90m111 ms - 14&amp#27;[39m &amp#27;[90m&amp#27;[39m
&amp#27;[38;5;220m[50fc3f61]&amp#27;[0m&amp#27;[38;5;86m[HTTP]&amp#27;[0m &amp#27;[37m-->&amp#27;[39m &amp#27;[37mPOST&amp#27;[39m &amp#27;[37m/session/50fc3f61-c54b-40da-8988-3af8f6bf222c/execute/sync&amp#27;[39m &amp#27;[90m{"script":"mobile: terminateApp","args":[{"bundleId":"com.androidsample.generalstore","appId":"com.androidsample.generalstore"}]}&amp#27;[39m
&amp#27;[38;5;220m[50fc3f61]&amp#27;[0m&amp#27;[38;5;-104m[AndroidUiautomator2Driver@b115]&amp#27;[0m Calling AppiumDriver.execute() with args: ["mobile: terminateApp",[{"bundleId":"com.androidsample.generalstore","appId":"com.androidsample.generalstore"}],"50fc3f61-c54b-40da-8988-3af8f6bf222c"]
&amp#27;[38;5;220m[50fc3f61]&amp#27;[0m&amp#27;[38;5;123m[BaseDriver]&amp#27;[0m The following script arguments are not known and will be ignored: bundleId
&amp#27;[38;5;220m[50fc3f61]&amp#27;[0m&amp#27;[38;5;-104m[AndroidUiautomator2Driver@b115]&amp#27;[0m Terminating 'com.androidsample.generalstore'
&amp#27;[38;5;220m[50fc3f61]&amp#27;[0m&amp#27;[38;5;229m[ADB]&amp#27;[0m Getting IDs of all 'com.androidsample.generalstore' processes
&amp#27;[38;5;220m[50fc3f61]&amp#27;[0m&amp#27;[38;5;229m[ADB]&amp#27;[0m Running 'C:\Users\sajus\AppData\Local\Android\Sdk\platform-tools\adb.exe -P 5037 -s CTLID18120801016 shell pgrep -f \(\[\[:blank:\]\]\|\^\)com\.androidsample\.generalstore\(:\[a-zA-Z0-9_-\]\+\)\?\(\[\[:blank:\]\]\|\$\)'
&amp#27;[38;5;220m[50fc3f61]&amp#27;[0m&amp#27;[38;5;229m[ADB]&amp#27;[0m Running 'C:\Users\sajus\AppData\Local\Android\Sdk\platform-tools\adb.exe -P 5037 -s CTLID18120801016 shell am force-stop com.androidsample.generalstore'
&amp#27;[38;5;220m[50fc3f61]&amp#27;[0m&amp#27;[38;5;-104m[AndroidUiautomator2Driver@b115]&amp#27;[0m Querying the state of 'com.androidsample.generalstore'
&amp#27;[38;5;220m[50fc3f61]&amp#27;[0m&amp#27;[38;5;229m[ADB]&amp#27;[0m Getting install status for com.androidsample.generalstore
&amp#27;[38;5;220m[50fc3f61]&amp#27;[0m&amp#27;[38;5;229m[ADB]&amp#27;[0m Running 'C:\Users\sajus\AppData\Local\Android\Sdk\platform-tools\adb.exe -P 5037 -s CTLID18120801016 shell cmd package list packages'
&amp#27;[38;5;220m[50fc3f61]&amp#27;[0m&amp#27;[38;5;229m[ADB]&amp#27;[0m 'com.androidsample.generalstore' is installed
&amp#27;[38;5;220m[50fc3f61]&amp#27;[0m&amp#27;[38;5;229m[ADB]&amp#27;[0m Getting IDs of all 'com.androidsample.generalstore' processes
&amp#27;[38;5;220m[50fc3f61]&amp#27;[0m&amp#27;[38;5;229m[ADB]&amp#27;[0m Running 'C:\Users\sajus\AppData\Local\Android\Sdk\platform-tools\adb.exe -P 5037 -s CTLID18120801016 shell pgrep -f \(\[\[:blank:\]\]\|\^\)com\.androidsample\.generalstore\(:\[a-zA-Z0-9_-\]\+\)\?\(\[\[:blank:\]\]\|\$\)'
&amp#27;[38;5;220m[50fc3f61]&amp#27;[0m&amp#27;[38;5;-104m[AndroidUiautomator2Driver@b115]&amp#27;[0m 'com.androidsample.generalstore' has been successfully terminated
&amp#27;[38;5;220m[50fc3f61]&amp#27;[0m&amp#27;[38;5;-104m[AndroidUiautomator2Driver@b115]&amp#27;[0m Responding to client with driver.execute() result: true
&amp#27;[38;5;220m[50fc3f61]&amp#27;[0m&amp#27;[38;5;86m[HTTP]&amp#27;[0m &amp#27;[37m<-- POST /session/50fc3f61-c54b-40da-8988-3af8f6bf222c/execute/sync &amp#27;[39m&amp#27;[32m200&amp#27;[39m &amp#27;[90m498 ms - 14&amp#27;[39m &amp#27;[90m&amp#27;[39m
🛑 App terminated: com.androidsample.generalstore
&amp#27;[38;5;220m[50fc3f61]&amp#27;[0m&amp#27;[38;5;86m[HTTP]&amp#27;[0m &amp#27;[37m-->&amp#27;[39m &amp#27;[37mDELETE&amp#27;[39m &amp#27;[37m/session/50fc3f61-c54b-40da-8988-3af8f6bf222c&amp#27;[39m &amp#27;[90m{}&amp#27;[39m
&amp#27;[38;5;220m[50fc3f61]&amp#27;[0m&amp#27;[38;5;-104m[AndroidUiautomator2Driver@b115]&amp#27;[0m Calling AppiumDriver.deleteSession() with args: ["50fc3f61-c54b-40da-8988-3af8f6bf222c"]
&amp#27;[38;5;220m[50fc3f61]&amp#27;[0m&amp#27;[38;5;128m[AppiumDriver@7d98]&amp#27;[0m Event 'quitSessionRequested' logged at 1750360908945 (15:21:48 GMT-0400 (Eastern Daylight Saving Time))
&amp#27;[38;5;220m[50fc3f61]&amp#27;[0m&amp#27;[38;5;128m[AppiumDriver@7d98]&amp#27;[0m Removing session 50fc3f61-c54b-40da-8988-3af8f6bf222c from our master session list
&amp#27;[38;5;220m[50fc3f61]&amp#27;[0m&amp#27;[38;5;-104m[AndroidUiautomator2Driver@b115]&amp#27;[0m Deleting UiAutomator2 session
&amp#27;[38;5;220m[50fc3f61]&amp#27;[0m&amp#27;[38;5;-104m[AndroidUiautomator2Driver@b115]&amp#27;[0m Deleting UiAutomator2 server session
&amp#27;[38;5;220m[50fc3f61]&amp#27;[0m&amp#27;[38;5;-104m[AndroidUiautomator2Driver@b115]&amp#27;[0m Proxying [DELETE /] to [DELETE http://127.0.0.1:8202/session/052b56d1-0dc1-40c8-b833-130020f82b9f] with no body
&amp#27;[38;5;220m[50fc3f61]&amp#27;[0m&amp#27;[38;5;-104m[AndroidUiautomator2Driver@b115]&amp#27;[0m Got response with status 200: {"sessionId":"052b56d1-0dc1-40c8-b833-130020f82b9f","value":null}
&amp#27;[38;5;220m[50fc3f61]&amp#27;[0m&amp#27;[38;5;229m[ADB]&amp#27;[0m Getting IDs of all 'io.appium.uiautomator2.server' processes
&amp#27;[38;5;220m[50fc3f61]&amp#27;[0m&amp#27;[38;5;229m[ADB]&amp#27;[0m Running 'C:\Users\sajus\AppData\Local\Android\Sdk\platform-tools\adb.exe -P 5037 -s CTLID18120801016 shell pgrep -f \(\[\[:blank:\]\]\|\^\)io\.appium\.uiautomator2\.server\(:\[a-zA-Z0-9_-\]\+\)\?\(\[\[:blank:\]\]\|\$\)'
&amp#27;[38;5;220m[50fc3f61]&amp#27;[0m&amp#27;[38;5;-104m[AndroidUiautomator2Driver@b115]&amp#27;[0m [Instrumentation] io.appium.uiautomator2.server.test.AppiumUiAutomator2Server:.
&amp#27;[38;5;220m[50fc3f61]&amp#27;[0m&amp#27;[38;5;-104m[AndroidUiautomator2Driver@b115]&amp#27;[0m [Instrumentation] 
&amp#27;[38;5;220m[50fc3f61]&amp#27;[0m&amp#27;[38;5;-104m[AndroidUiautomator2Driver@b115]&amp#27;[0m [Instrumentation] Time: 14.659
&amp#27;[38;5;220m[50fc3f61]&amp#27;[0m&amp#27;[38;5;-104m[AndroidUiautomator2Driver@b115]&amp#27;[0m [Instrumentation] 
&amp#27;[38;5;220m[50fc3f61]&amp#27;[0m&amp#27;[38;5;-104m[AndroidUiautomator2Driver@b115]&amp#27;[0m [Instrumentation] OK (1 test)
&amp#27;[38;5;220m[50fc3f61]&amp#27;[0m&amp#27;[38;5;-104m[AndroidUiautomator2Driver@b115]&amp#27;[0m [Instrumentation] 
&amp#27;[38;5;220m[50fc3f61]&amp#27;[0m&amp#27;[38;5;-104m[AndroidUiautomator2Driver@b115]&amp#27;[0m [Instrumentation] 
&amp#27;[38;5;220m[50fc3f61]&amp#27;[0m&amp#27;[38;5;-104m[AndroidUiautomator2Driver@b115]&amp#27;[0m [Instrumentation] The process has exited with code null, signal SIGTERM
&amp#27;[38;5;220m[50fc3f61]&amp#27;[0m&amp#27;[38;5;229m[ADB]&amp#27;[0m Running 'C:\Users\sajus\AppData\Local\Android\Sdk\platform-tools\adb.exe -P 5037 -s CTLID18120801016 shell am force-stop io.appium.uiautomator2.server'
&amp#27;[38;5;220m[50fc3f61]&amp#27;[0m&amp#27;[38;5;229m[ADB]&amp#27;[0m Running 'C:\Users\sajus\AppData\Local\Android\Sdk\platform-tools\adb.exe -P 5037 -s CTLID18120801016 shell am force-stop io.appium.uiautomator2.server.test'
&amp#27;[38;5;220m[50fc3f61]&amp#27;[0m&amp#27;[38;5;229m[ADB]&amp#27;[0m Running 'C:\Users\sajus\AppData\Local\Android\Sdk\platform-tools\adb.exe -P 5037 -s CTLID18120801016 shell dumpsys activity services io.appium.settings/.recorder.RecorderService'
&amp#27;[38;5;220m[50fc3f61]&amp#27;[0m&amp#27;[38;5;229m[ADB]&amp#27;[0m Removing forwarded port socket connection: 8202 
&amp#27;[38;5;220m[50fc3f61]&amp#27;[0m&amp#27;[38;5;229m[ADB]&amp#27;[0m Running 'C:\Users\sajus\AppData\Local\Android\Sdk\platform-tools\adb.exe -P 5037 -s CTLID18120801016 forward --remove tcp:8202'
&amp#27;[38;5;220m[50fc3f61]&amp#27;[0m&amp#27;[38;5;-104m[AndroidUiautomator2Driver@b115]&amp#27;[0m Restoring hidden api policy to the device default configuration
&amp#27;[38;5;220m[50fc3f61]&amp#27;[0m&amp#27;[38;5;229m[ADB]&amp#27;[0m Running 'C:\Users\sajus\AppData\Local\Android\Sdk\platform-tools\adb.exe -P 5037 -s CTLID18120801016 shell 'settings delete global hidden_api_policy_pre_p_apps;settings delete global hidden_api_policy_p_apps;settings delete global hidden_api_policy''
&amp#27;[38;5;220m[50fc3f61]&amp#27;[0m&amp#27;[38;5;160m[Logcat]&amp#27;[0m Stopping logcat capture
&amp#27;[38;5;220m[50fc3f61]&amp#27;[0m&amp#27;[38;5;128m[AppiumDriver@7d98]&amp#27;[0m Event 'quitSessionFinished' logged at 1750360909521 (15:21:49 GMT-0400 (Eastern Daylight Saving Time))
&amp#27;[38;5;220m[50fc3f61]&amp#27;[0m&amp#27;[38;5;128m[AppiumDriver@7d98]&amp#27;[0m Received response: null
&amp#27;[38;5;220m[50fc3f61]&amp#27;[0m&amp#27;[38;5;128m[AppiumDriver@7d98]&amp#27;[0m But deleting session, so not returning
&amp#27;[38;5;220m[50fc3f61]&amp#27;[0m&amp#27;[38;5;128m[AppiumDriver@7d98]&amp#27;[0m Responding to client with driver.deleteSession() result: null
&amp#27;[38;5;220m[50fc3f61]&amp#27;[0m&amp#27;[38;5;86m[HTTP]&amp#27;[0m &amp#27;[37m<-- DELETE /session/50fc3f61-c54b-40da-8988-3af8f6bf222c &amp#27;[39m&amp#27;[32m200&amp#27;[39m &amp#27;[90m578 ms - 14&amp#27;[39m &amp#27;[90m&amp#27;[39m
&amp#27;[38;5;86m[HTTP]&amp#27;[0m &amp#27;[37m-->&amp#27;[39m &amp#27;[37mGET&amp#27;[39m &amp#27;[37m/status&amp#27;[39m &amp#27;[90m{}&amp#27;[39m
&amp#27;[38;5;128m[AppiumDriver@7d98]&amp#27;[0m Calling AppiumDriver.getStatus() with args: []
&amp#27;[38;5;128m[AppiumDriver@7d98]&amp#27;[0m Responding to client with driver.getStatus() result: {"ready":true,"message":"The server is ready to accept new connections","build":{"version":"2.19.0"}}
&amp#27;[38;5;86m[HTTP]&amp#27;[0m &amp#27;[37m<-- GET /status &amp#27;[39m&amp#27;[32m200&amp#27;[39m &amp#27;[90m1 ms - 111&amp#27;[39m &amp#27;[90m&amp#27;[39m
Appium server stopped
✅ Test completed for device: Nokia
&amp#27;[38;5;112m[Appium]&amp#27;[0m Welcome to Appium v2.19.0
&amp#27;[38;5;112m[Appium]&amp#27;[0m The autodetected Appium home path: C:\Users\sajus\.appium
&amp#27;[38;5;112m[Appium]&amp#27;[0m Attempting to load driver uiautomator2...
&amp#27;[38;5;112m[Appium]&amp#27;[0m Requiring driver at C:\Users\sajus\.appium\node_modules\appium-uiautomator2-driver\build\index.js
&amp#27;[38;5;112m[Appium]&amp#27;[0m AndroidUiautomator2Driver has been successfully loaded in 1.360s
&amp#27;[38;5;112m[Appium]&amp#27;[0m Appium REST http interface listener started on http://0.0.0.0:4723
&amp#27;[38;5;112m[Appium]&amp#27;[0m You can provide the following URLs in your client code to connect to this server:
	http://192.168.2.20:4723/
	http://127.0.0.1:4723/ (only accessible from the same host)
&amp#27;[38;5;112m[Appium]&amp#27;[0m Available drivers:
&amp#27;[38;5;112m[Appium]&amp#27;[0m   - uiautomator2@4.2.3 (automationName 'UiAutomator2')
&amp#27;[38;5;112m[Appium]&amp#27;[0m No plugins have been installed. Use the "appium plugin" command to install the one(s) you want to use.
&amp#27;[38;5;86m[HTTP]&amp#27;[0m &amp#27;[37m-->&amp#27;[39m &amp#27;[37mGET&amp#27;[39m &amp#27;[37m/status&amp#27;[39m &amp#27;[90m{}&amp#27;[39m
&amp#27;[38;5;178m[AppiumDriver@2312]&amp#27;[0m Calling AppiumDriver.getStatus() with args: []
&amp#27;[38;5;178m[AppiumDriver@2312]&amp#27;[0m Responding to client with driver.getStatus() result: {"ready":true,"message":"The server is ready to accept new connections","build":{"version":"2.19.0"}}
&amp#27;[38;5;86m[HTTP]&amp#27;[0m &amp#27;[37m<-- GET /status &amp#27;[39m&amp#27;[32m200&amp#27;[39m &amp#27;[90m4 ms - 111&amp#27;[39m &amp#27;[90m&amp#27;[39m
&amp#27;[38;5;86m[HTTP]&amp#27;[0m Request idempotency key: da238cda-0b53-468c-8766-f71ff5708718
&amp#27;[38;5;86m[HTTP]&amp#27;[0m &amp#27;[37m-->&amp#27;[39m &amp#27;[37mPOST&amp#27;[39m &amp#27;[37m/session&amp#27;[39m &amp#27;[90m{"capabilities":{"firstMatch":[{}],"alwaysMatch":{"appium:appActivity":"com.androidsample.generalstore.SplashActivity","appium:appPackage":"com.androidsample.generalstore","appium:automationName":"UiAutomator2","appium:deviceName":"Nokia","appium:noReset":true,"appium:platformVersion":"11.0","appium:systemPort":8202,"appium:udid":"CTLID18120801016","platformName":"ANDROID"}}}&amp#27;[39m
&amp#27;[38;5;178m[AppiumDriver@2312]&amp#27;[0m Calling AppiumDriver.createSession() with args: [null,null,{"firstMatch":[{}],"alwaysMatch":{"appium:appActivity":"com.androidsample.generalstore.SplashActivity","appium:appPackage":"com.androidsample.generalstore","appium:automationName":"UiAutomator2","appium:deviceName":"Nokia","appium:noReset":true,"appium:platformVersion":"11.0","appium:systemPort":8202,"appium:udid":"CTLID18120801016","platformName":"ANDROID"}}]
&amp#27;[38;5;178m[AppiumDriver@2312]&amp#27;[0m Event 'newSessionRequested' logged at 1750360913794 (15:21:53 GMT-0400 (Eastern Daylight Saving Time))
&amp#27;[38;5;112m[Appium]&amp#27;[0m Attempting to find matching driver for automationName 'UiAutomator2' and platformName 'ANDROID'
&amp#27;[38;5;112m[Appium]&amp#27;[0m The 'uiautomator2' driver was installed and matched caps.
&amp#27;[38;5;112m[Appium]&amp#27;[0m Will require it at C:\Users\sajus\.appium\node_modules\appium-uiautomator2-driver
&amp#27;[38;5;112m[Appium]&amp#27;[0m Requiring driver at C:\Users\sajus\.appium\node_modules\appium-uiautomator2-driver\build\index.js
&amp#27;[38;5;178m[AppiumDriver@2312]&amp#27;[0m Appium v2.19.0 creating new AndroidUiautomator2Driver (v4.2.3) session
&amp#27;[38;5;178m[AppiumDriver@2312]&amp#27;[0m Checking BaseDriver versions for Appium and AndroidUiautomator2Driver
&amp#27;[38;5;178m[AppiumDriver@2312]&amp#27;[0m Appium's BaseDriver version is 9.18.0
&amp#27;[38;5;178m[AppiumDriver@2312]&amp#27;[0m AndroidUiautomator2Driver's BaseDriver version is 9.18.0
&amp#27;[38;5;-52m[AndroidUiautomator2Driver@b205]&amp#27;[0m 
&amp#27;[38;5;-52m[AndroidUiautomator2Driver@b205]&amp#27;[0m Creating session with W3C capabilities: {
  "alwaysMatch": {
    "platformName": "ANDROID",
    "appium:appActivity": "com.androidsample.generalstore.SplashActivity",
    "appium:appPackage": "com.androidsample.generalstore",
    "appium:automationName": "UiAutomator2",
    "appium:deviceName": "Nokia",
    "appium:noReset": true,
    "appium:platformVersion": "11.0",
    "appium:systemPort": 8202,
    "appium:udid": "CTLID18120801016"
  },
  "firstMatch": [
    {}
  ]
}
&amp#27;[38;5;180m[0c344714]&amp#27;[0m&amp#27;[38;5;-52m[AndroidUiautomator2Driver@b205]&amp#27;[0m Session created with session id: 0c344714-8f82-4d3f-b23e-b65b22e4b623
&amp#27;[38;5;180m[0c344714]&amp#27;[0m&amp#27;[38;5;229m[ADB]&amp#27;[0m Found 3 'build-tools' folders under 'C:\Users\sajus\AppData\Local\Android\Sdk' (newest first):
&amp#27;[38;5;180m[0c344714]&amp#27;[0m&amp#27;[38;5;229m[ADB]&amp#27;[0m     C:\Users\sajus\AppData\Local\Android\Sdk\build-tools\36.0.0
&amp#27;[38;5;180m[0c344714]&amp#27;[0m&amp#27;[38;5;229m[ADB]&amp#27;[0m     C:\Users\sajus\AppData\Local\Android\Sdk\build-tools\35.0.1
&amp#27;[38;5;180m[0c344714]&amp#27;[0m&amp#27;[38;5;229m[ADB]&amp#27;[0m     C:\Users\sajus\AppData\Local\Android\Sdk\build-tools\35.0.0
&amp#27;[38;5;180m[0c344714]&amp#27;[0m&amp#27;[38;5;229m[ADB]&amp#27;[0m Using 'adb.exe' from 'C:\Users\sajus\AppData\Local\Android\Sdk\platform-tools\adb.exe'
&amp#27;[38;5;180m[0c344714]&amp#27;[0m&amp#27;[38;5;229m[ADB]&amp#27;[0m Running 'C:\Users\sajus\AppData\Local\Android\Sdk\platform-tools\adb.exe -P 5037 start-server'
&amp#27;[38;5;180m[0c344714]&amp#27;[0m&amp#27;[38;5;-52m[AndroidUiautomator2Driver@b205]&amp#27;[0m Retrieving device list
&amp#27;[38;5;180m[0c344714]&amp#27;[0m&amp#27;[38;5;229m[ADB]&amp#27;[0m Trying to find connected Android devices
&amp#27;[38;5;180m[0c344714]&amp#27;[0m&amp#27;[38;5;229m[ADB]&amp#27;[0m Getting connected devices
&amp#27;[38;5;180m[0c344714]&amp#27;[0m&amp#27;[38;5;229m[ADB]&amp#27;[0m Connected devices: [{"udid":"CTLID18120801016","state":"device"}]
&amp#27;[38;5;180m[0c344714]&amp#27;[0m&amp#27;[38;5;-52m[AndroidUiautomator2Driver@b205]&amp#27;[0m Using device: CTLID18120801016
&amp#27;[38;5;180m[0c344714]&amp#27;[0m&amp#27;[38;5;229m[ADB]&amp#27;[0m Using 'adb.exe' from 'C:\Users\sajus\AppData\Local\Android\Sdk\platform-tools\adb.exe'
&amp#27;[38;5;180m[0c344714]&amp#27;[0m&amp#27;[38;5;229m[ADB]&amp#27;[0m Running 'C:\Users\sajus\AppData\Local\Android\Sdk\platform-tools\adb.exe -P 5037 start-server'
&amp#27;[38;5;180m[0c344714]&amp#27;[0m&amp#27;[38;5;229m[ADB]&amp#27;[0m Setting device id to CTLID18120801016
&amp#27;[38;5;180m[0c344714]&amp#27;[0m&amp#27;[38;5;-52m[AndroidUiautomator2Driver@b205]&amp#27;[0m Starting 'com.androidsample.generalstore' directly on the device
&amp#27;[38;5;180m[0c344714]&amp#27;[0m&amp#27;[38;5;229m[ADB]&amp#27;[0m Running 'C:\Users\sajus\AppData\Local\Android\Sdk\platform-tools\adb.exe -P 5037 -s CTLID18120801016 shell getprop ro.build.version.sdk'
&amp#27;[38;5;180m[0c344714]&amp#27;[0m&amp#27;[38;5;229m[ADB]&amp#27;[0m Current device property 'ro.build.version.sdk': 29
&amp#27;[38;5;180m[0c344714]&amp#27;[0m&amp#27;[38;5;229m[ADB]&amp#27;[0m Getting device platform version
&amp#27;[38;5;180m[0c344714]&amp#27;[0m&amp#27;[38;5;229m[ADB]&amp#27;[0m Running 'C:\Users\sajus\AppData\Local\Android\Sdk\platform-tools\adb.exe -P 5037 -s CTLID18120801016 shell getprop ro.build.version.release'
&amp#27;[38;5;180m[0c344714]&amp#27;[0m&amp#27;[38;5;229m[ADB]&amp#27;[0m Current device property 'ro.build.version.release': 10
&amp#27;[38;5;180m[0c344714]&amp#27;[0m&amp#27;[38;5;229m[ADB]&amp#27;[0m Device API level: 29
&amp#27;[38;5;180m[0c344714]&amp#27;[0m&amp#27;[38;5;-52m[AndroidUiautomator2Driver@b205]&amp#27;[0m Relaxing hidden api policy
&amp#27;[38;5;180m[0c344714]&amp#27;[0m&amp#27;[38;5;229m[ADB]&amp#27;[0m Running 'C:\Users\sajus\AppData\Local\Android\Sdk\platform-tools\adb.exe -P 5037 -s CTLID18120801016 shell 'settings put global hidden_api_policy_pre_p_apps 1;settings put global hidden_api_policy_p_apps 1;settings put global hidden_api_policy 1''
&amp#27;[38;5;180m[0c344714]&amp#27;[0m&amp#27;[38;5;-52m[AndroidUiautomator2Driver@b205]&amp#27;[0m Pushing settings apk to the device...
&amp#27;[38;5;180m[0c344714]&amp#27;[0m&amp#27;[38;5;229m[ADB]&amp#27;[0m Getting package info for 'io.appium.settings'
&amp#27;[38;5;180m[0c344714]&amp#27;[0m&amp#27;[38;5;229m[ADB]&amp#27;[0m Running 'C:\Users\sajus\AppData\Local\Android\Sdk\platform-tools\adb.exe -P 5037 -s CTLID18120801016 shell dumpsys package io.appium.settings'
&amp#27;[38;5;180m[0c344714]&amp#27;[0m&amp#27;[38;5;229m[ADB]&amp#27;[0m Using 'aapt2.exe' from 'C:\Users\sajus\AppData\Local\Android\Sdk\build-tools\36.0.0\aapt2.exe'
&amp#27;[38;5;180m[0c344714]&amp#27;[0m&amp#27;[38;5;229m[ADB]&amp#27;[0m Reading package manifest: 'C:\\Users\\sajus\\AppData\\Local\\Android\\Sdk\\build-tools\\36.0.0\\aapt2.exe dump badging C:\\Users\\sajus\\.appium\\node_modules\\appium-uiautomator2-driver\\node_modules\\io.appium.settings\\apks\\settings_apk-debug.apk'
&amp#27;[38;5;180m[0c344714]&amp#27;[0m&amp#27;[38;5;229m[ADB]&amp#27;[0m The version name of the installed 'io.appium.settings' is greater or equal to the application version name ('5.14.8' >= '5.14.8')
&amp#27;[38;5;180m[0c344714]&amp#27;[0m&amp#27;[38;5;229m[ADB]&amp#27;[0m There is no need to install/upgrade 'C:\Users\sajus\.appium\node_modules\appium-uiautomator2-driver\node_modules\io.appium.settings\apks\settings_apk-debug.apk'
&amp#27;[38;5;180m[0c344714]&amp#27;[0m&amp#27;[38;5;229m[ADB]&amp#27;[0m Running 'C:\Users\sajus\AppData\Local\Android\Sdk\platform-tools\adb.exe -P 5037 -s CTLID18120801016 shell dumpsys activity services io.appium.settings'
&amp#27;[38;5;180m[0c344714]&amp#27;[0m&amp#27;[38;5;-52m[AndroidUiautomator2Driver@b205]&amp#27;[0m io.appium.settings is already running. There is no need to reset its permissions.
&amp#27;[38;5;180m[0c344714]&amp#27;[0m&amp#27;[38;5;160m[Logcat]&amp#27;[0m Starting logs capture with command: C:\\Users\\sajus\\AppData\\Local\\Android\\Sdk\\platform-tools\\adb.exe -P 5037 -s CTLID18120801016 logcat -v threadtime
&amp#27;[38;5;180m[0c344714]&amp#27;[0m&amp#27;[38;5;229m[ADB]&amp#27;[0m Running 'C:\Users\sajus\AppData\Local\Android\Sdk\platform-tools\adb.exe -P 5037 -s CTLID18120801016 shell appops set io.appium.settings android:mock_location allow'
&amp#27;[38;5;180m[0c344714]&amp#27;[0m&amp#27;[38;5;229m[ADB]&amp#27;[0m Running 'C:\Users\sajus\AppData\Local\Android\Sdk\platform-tools\adb.exe -P 5037 -s CTLID18120801016 shell "[ -e '/data/local/tmp/mock_apps.json' ] && echo __PASS__"'
&amp#27;[38;5;180m[0c344714]&amp#27;[0m&amp#27;[38;5;229m[ADB]&amp#27;[0m Running 'C:\Users\sajus\AppData\Local\Android\Sdk\platform-tools\adb.exe -P 5037 -s CTLID18120801016 shell cat /data/local/tmp/mock_apps.json'
&amp#27;[38;5;180m[0c344714]&amp#27;[0m&amp#27;[38;5;-52m[AndroidUiautomator2Driver@b205]&amp#27;[0m Forwarding UiAutomator2 Server port 6790 to local port 8202
&amp#27;[38;5;180m[0c344714]&amp#27;[0m&amp#27;[38;5;229m[ADB]&amp#27;[0m Forwarding system: 8202 to device: 6790
&amp#27;[38;5;180m[0c344714]&amp#27;[0m&amp#27;[38;5;229m[ADB]&amp#27;[0m Running 'C:\Users\sajus\AppData\Local\Android\Sdk\platform-tools\adb.exe -P 5037 -s CTLID18120801016 forward tcp:8202 tcp:6790'
&amp#27;[38;5;180m[0c344714]&amp#27;[0m&amp#27;[38;5;-52m[AndroidUiautomator2Driver@b205]&amp#27;[0m UIA2Proxy options: {"server":"127.0.0.1","port":8202,"keepAlive":true,"scheme":"http","base":"","reqBasePath":"","sessionId":null,"timeout":240000}
&amp#27;[38;5;180m[0c344714]&amp#27;[0m&amp#27;[38;5;229m[ADB]&amp#27;[0m Getting package info for 'io.appium.uiautomator2.server'
&amp#27;[38;5;180m[0c344714]&amp#27;[0m&amp#27;[38;5;229m[ADB]&amp#27;[0m Running 'C:\Users\sajus\AppData\Local\Android\Sdk\platform-tools\adb.exe -P 5037 -s CTLID18120801016 shell dumpsys package io.appium.uiautomator2.server'
&amp#27;[38;5;180m[0c344714]&amp#27;[0m&amp#27;[38;5;229m[ADB]&amp#27;[0m Getting install status for io.appium.uiautomator2.server.test
&amp#27;[38;5;180m[0c344714]&amp#27;[0m&amp#27;[38;5;-52m[AndroidUiautomator2Driver@b205]&amp#27;[0m No app capability. Assuming it is already on the device
&amp#27;[38;5;180m[0c344714]&amp#27;[0m&amp#27;[38;5;229m[ADB]&amp#27;[0m Running 'C:\Users\sajus\AppData\Local\Android\Sdk\platform-tools\adb.exe -P 5037 -s CTLID18120801016 shell cmd package list packages'
&amp#27;[38;5;180m[0c344714]&amp#27;[0m&amp#27;[38;5;229m[ADB]&amp#27;[0m Reading package manifest: 'C:\\Users\\sajus\\AppData\\Local\\Android\\Sdk\\build-tools\\36.0.0\\aapt2.exe dump badging C:\\Users\\sajus\\.appium\\node_modules\\appium-uiautomator2-driver\\node_modules\\appium-uiautomator2-server\\apks\\appium-uiautomator2-server-v7.5.2.apk'
&amp#27;[38;5;180m[0c344714]&amp#27;[0m&amp#27;[38;5;229m[ADB]&amp#27;[0m 'io.appium.uiautomator2.server.test' is installed
&amp#27;[38;5;180m[0c344714]&amp#27;[0m&amp#27;[38;5;229m[ADB]&amp#27;[0m The version name of the installed 'io.appium.uiautomator2.server' is greater or equal to the application version name ('7.5.2' >= '7.5.2')
&amp#27;[38;5;180m[0c344714]&amp#27;[0m&amp#27;[38;5;-52m[AndroidUiautomator2Driver@b205]&amp#27;[0m Server packages status: [{"installState":"sameVersionInstalled","appPath":"C:\\Users\\sajus\\.appium\\node_modules\\appium-uiautomator2-driver\\node_modules\\appium-uiautomator2-server\\apks\\appium-uiautomator2-server-v7.5.2.apk","appId":"io.appium.uiautomator2.server"},{"installState":"sameVersionInstalled","appPath":"C:\\Users\\sajus\\.appium\\node_modules\\appium-uiautomator2-driver\\node_modules\\appium-uiautomator2-server\\apks\\appium-uiautomator2-server-debug-androidTest.apk","appId":"io.appium.uiautomator2.server.test"}]
&amp#27;[38;5;180m[0c344714]&amp#27;[0m&amp#27;[38;5;-52m[AndroidUiautomator2Driver@b205]&amp#27;[0m Server packages are not going to be (re)installed
&amp#27;[38;5;180m[0c344714]&amp#27;[0m&amp#27;[38;5;-52m[AndroidUiautomator2Driver@b205]&amp#27;[0m Waiting up to 30000ms for services to be available
&amp#27;[38;5;180m[0c344714]&amp#27;[0m&amp#27;[38;5;229m[ADB]&amp#27;[0m Running 'C:\Users\sajus\AppData\Local\Android\Sdk\platform-tools\adb.exe -P 5037 -s CTLID18120801016 shell pm list instrumentation'
&amp#27;[38;5;180m[0c344714]&amp#27;[0m&amp#27;[38;5;-52m[AndroidUiautomator2Driver@b205]&amp#27;[0m Instrumentation target 'io.appium.uiautomator2.server.test/androidx.test.runner.AndroidJUnitRunner' is available
&amp#27;[38;5;180m[0c344714]&amp#27;[0m&amp#27;[38;5;229m[ADB]&amp#27;[0m Adding packages ["io.appium.settings","io.appium.uiautomator2.server","io.appium.uiautomator2.server.test"] to Doze whitelist
&amp#27;[38;5;180m[0c344714]&amp#27;[0m&amp#27;[38;5;229m[ADB]&amp#27;[0m Got the following command chunks to execute: [["dumpsys","deviceidle","whitelist","+io.appium.settings",";","dumpsys","deviceidle","whitelist","+io.appium.uiautomator2.server",";","dumpsys","deviceidle","whitelist","+io.appium.uiautomator2.server.test",";"]]
&amp#27;[38;5;180m[0c344714]&amp#27;[0m&amp#27;[38;5;229m[ADB]&amp#27;[0m Running 'C:\Users\sajus\AppData\Local\Android\Sdk\platform-tools\adb.exe -P 5037 -s CTLID18120801016 shell dumpsys deviceidle whitelist +io.appium.settings ; dumpsys deviceidle whitelist +io.appium.uiautomator2.server ; dumpsys deviceidle whitelist +io.appium.uiautomator2.server.test ;'
&amp#27;[38;5;180m[0c344714]&amp#27;[0m&amp#27;[38;5;-52m[AndroidUiautomator2Driver@b205]&amp#27;[0m Performing shallow cleanup of automation leftovers
&amp#27;[38;5;180m[0c344714]&amp#27;[0m&amp#27;[38;5;-52m[AndroidUiautomator2Driver@b205]&amp#27;[0m No obsolete sessions have been detected (socket hang up)
&amp#27;[38;5;180m[0c344714]&amp#27;[0m&amp#27;[38;5;229m[ADB]&amp#27;[0m Running 'C:\Users\sajus\AppData\Local\Android\Sdk\platform-tools\adb.exe -P 5037 -s CTLID18120801016 shell am force-stop io.appium.uiautomator2.server'
&amp#27;[38;5;180m[0c344714]&amp#27;[0m&amp#27;[38;5;229m[ADB]&amp#27;[0m Running 'C:\Users\sajus\AppData\Local\Android\Sdk\platform-tools\adb.exe -P 5037 -s CTLID18120801016 shell am force-stop io.appium.uiautomator2.server.test'
&amp#27;[38;5;180m[0c344714]&amp#27;[0m&amp#27;[38;5;-52m[AndroidUiautomator2Driver@b205]&amp#27;[0m Starting UIAutomator2 server 7.5.2
&amp#27;[38;5;180m[0c344714]&amp#27;[0m&amp#27;[38;5;-52m[AndroidUiautomator2Driver@b205]&amp#27;[0m Using UIAutomator2 server from 'C:\Users\sajus\.appium\node_modules\appium-uiautomator2-driver\node_modules\appium-uiautomator2-server\apks\appium-uiautomator2-server-v7.5.2.apk' and test from 'C:\Users\sajus\.appium\node_modules\appium-uiautomator2-driver\node_modules\appium-uiautomator2-server\apks\appium-uiautomator2-server-debug-androidTest.apk'
&amp#27;[38;5;180m[0c344714]&amp#27;[0m&amp#27;[38;5;-52m[AndroidUiautomator2Driver@b205]&amp#27;[0m Waiting up to 30000ms for UiAutomator2 to be online...
&amp#27;[38;5;180m[0c344714]&amp#27;[0m&amp#27;[38;5;229m[ADB]&amp#27;[0m Creating ADB subprocess with args: ["-P","5037","-s","CTLID18120801016","shell","am","instrument","-w","-e","disableAnalytics","true","io.appium.uiautomator2.server.test/androidx.test.runner.AndroidJUnitRunner"]
&amp#27;[38;5;180m[0c344714]&amp#27;[0m&amp#27;[38;5;-52m[AndroidUiautomator2Driver@b205]&amp#27;[0m Matched '/status' to command name 'getStatus'
&amp#27;[38;5;180m[0c344714]&amp#27;[0m&amp#27;[38;5;-52m[AndroidUiautomator2Driver@b205]&amp#27;[0m Proxying [GET /status] to [GET http://127.0.0.1:8202/status] with no body
&amp#27;[38;5;180m[0c344714]&amp#27;[0m&amp#27;[38;5;-52m[AndroidUiautomator2Driver@b205]&amp#27;[0m socket hang up
&amp#27;[38;5;180m[0c344714]&amp#27;[0m&amp#27;[38;5;-52m[AndroidUiautomator2Driver@b205]&amp#27;[0m Matched '/status' to command name 'getStatus'
&amp#27;[38;5;180m[0c344714]&amp#27;[0m&amp#27;[38;5;-52m[AndroidUiautomator2Driver@b205]&amp#27;[0m Proxying [GET /status] to [GET http://127.0.0.1:8202/status] with no body
&amp#27;[38;5;180m[0c344714]&amp#27;[0m&amp#27;[38;5;-52m[AndroidUiautomator2Driver@b205]&amp#27;[0m socket hang up
&amp#27;[38;5;180m[0c344714]&amp#27;[0m&amp#27;[38;5;-52m[AndroidUiautomator2Driver@b205]&amp#27;[0m [Instrumentation] 
&amp#27;[38;5;180m[0c344714]&amp#27;[0m&amp#27;[38;5;-52m[AndroidUiautomator2Driver@b205]&amp#27;[0m Matched '/status' to command name 'getStatus'
&amp#27;[38;5;180m[0c344714]&amp#27;[0m&amp#27;[38;5;-52m[AndroidUiautomator2Driver@b205]&amp#27;[0m Proxying [GET /status] to [GET http://127.0.0.1:8202/status] with no body
&amp#27;[38;5;180m[0c344714]&amp#27;[0m&amp#27;[38;5;-52m[AndroidUiautomator2Driver@b205]&amp#27;[0m Got response with status 200: {"sessionId":"None","value":{"message":"UiAutomator2 Server is ready to accept commands","ready":true}}
&amp#27;[38;5;180m[0c344714]&amp#27;[0m&amp#27;[38;5;-52m[AndroidUiautomator2Driver@b205]&amp#27;[0m The initialization of the instrumentation process took 2238ms
&amp#27;[38;5;180m[0c344714]&amp#27;[0m&amp#27;[38;5;-52m[AndroidUiautomator2Driver@b205]&amp#27;[0m Matched '/session' to command name 'createSession'
&amp#27;[38;5;180m[0c344714]&amp#27;[0m&amp#27;[38;5;-52m[AndroidUiautomator2Driver@b205]&amp#27;[0m Proxying [POST /session] to [POST http://127.0.0.1:8202/session] with body: {"capabilities":{"firstMatch":[{"platformName":"ANDROID","appActivity":"com.androidsample.generalstore.SplashActivity","appPackage":"com.androidsample.generalstore","automationName":"UiAutomator2","deviceName":"CTLID18120801016","noReset":true,"platformVersion":"11.0","systemPort":8202,"udid":"CTLID18120801016","platform":"LINUX","webStorageEnabled":false,"takesScreenshot":true,"javascriptEnabled":true,"databaseEnabled":false,"networkConnectionEnabled":true,"locationContextEnabled":false,"warnings":{},"desired":{"platformName":"ANDROID","appActivity":"com.androidsample.generalstore.SplashActivity","appPackage":"com.androidsample.generalstore","automationName":"UiAutomator2","deviceName":"Nokia","noReset":true,"platformVersion":"11.0","systemPort":8202,"udid":"CTLID18120801016"},"deviceUDID":"CTLID18120801016"}],"alwaysMatch":{}}}
&amp#27;[38;5;180m[0c344714]&amp#27;[0m&amp#27;[38;5;-52m[AndroidUiautomator2Driver@b205]&amp#27;[0m Got response with status 200: {"sessionId":"05978328-b83c-42ef-8bed-89ec22c29f6b","value":{"capabilities":{"firstMatch":[{"platformName":"ANDROID","appActivity":"com.androidsample.generalstore.SplashActivity","appPackage":"com.androidsample.generalstore","automationName":"UiAutomator2","deviceName":"CTLID18120801016","noReset":true,"platformVersion":"11.0","systemPort":8202,"udid":"CTLID18120801016","platform":"LINUX","webStorageEnabled":false,"takesScreenshot":true,"javascriptEnabled":true,"databaseEnabled":false,"networkConnectionEnabled":true,"locationContextEnabled":false,"warnings":{},"desired":{"platformName":"ANDROID","appActivity":"com.androidsample.generalstore.SplashActivity","appPackage":"com.androidsample.generalstore","automationName":"UiAutomator2","deviceName":"Nokia","noReset":true,"platformVersion":"11.0","systemPort":8202,"udid":"CTLID18120801016"},"deviceUDID":"CTLID18120801016"}],"alwaysMatch":{}},"sessionId":"05978328-b83c-42ef-8bed-89ec22c29f6b"}}
&amp#27;[38;5;180m[0c344714]&amp#27;[0m&amp#27;[38;5;-52m[AndroidUiautomator2Driver@b205]&amp#27;[0m Determined the downstream protocol as 'W3C'
&amp#27;[38;5;180m[0c344714]&amp#27;[0m&amp#27;[38;5;-52m[AndroidUiautomator2Driver@b205]&amp#27;[0m Proxying [GET /appium/device/pixel_ratio] to [GET http://127.0.0.1:8202/session/05978328-b83c-42ef-8bed-89ec22c29f6b/appium/device/pixel_ratio] with no body
&amp#27;[38;5;180m[0c344714]&amp#27;[0m&amp#27;[38;5;-52m[AndroidUiautomator2Driver@b205]&amp#27;[0m Matched '/appium/device/system_bars' to command name 'getSystemBars'
&amp#27;[38;5;180m[0c344714]&amp#27;[0m&amp#27;[38;5;-52m[AndroidUiautomator2Driver@b205]&amp#27;[0m Proxying [GET /appium/device/system_bars] to [GET http://127.0.0.1:8202/session/05978328-b83c-42ef-8bed-89ec22c29f6b/appium/device/system_bars] with no body
&amp#27;[38;5;180m[0c344714]&amp#27;[0m&amp#27;[38;5;-52m[AndroidUiautomator2Driver@b205]&amp#27;[0m Matched '/window/current/size' to command name 'getWindowSize'
&amp#27;[38;5;180m[0c344714]&amp#27;[0m&amp#27;[38;5;-52m[AndroidUiautomator2Driver@b205]&amp#27;[0m Proxying [GET /window/current/size] to [GET http://127.0.0.1:8202/session/05978328-b83c-42ef-8bed-89ec22c29f6b/window/current/size] with no body
&amp#27;[38;5;180m[0c344714]&amp#27;[0m&amp#27;[38;5;-52m[AndroidUiautomator2Driver@b205]&amp#27;[0m Proxying [GET /appium/device/info] to [GET http://127.0.0.1:8202/session/05978328-b83c-42ef-8bed-89ec22c29f6b/appium/device/info] with no body
&amp#27;[38;5;180m[0c344714]&amp#27;[0m&amp#27;[38;5;229m[ADB]&amp#27;[0m Running 'C:\Users\sajus\AppData\Local\Android\Sdk\platform-tools\adb.exe -P 5037 -s CTLID18120801016 shell dumpsys window'
&amp#27;[38;5;180m[0c344714]&amp#27;[0m&amp#27;[38;5;229m[ADB]&amp#27;[0m Running 'C:\Users\sajus\AppData\Local\Android\Sdk\platform-tools\adb.exe -P 5037 -s CTLID18120801016 shell dumpsys power'
&amp#27;[38;5;180m[0c344714]&amp#27;[0m&amp#27;[38;5;-52m[AndroidUiautomator2Driver@b205]&amp#27;[0m Got response with status 200: {"sessionId":"05978328-b83c-42ef-8bed-89ec22c29f6b","value":2.625}
&amp#27;[38;5;180m[0c344714]&amp#27;[0m&amp#27;[38;5;-52m[AndroidUiautomator2Driver@b205]&amp#27;[0m Got response with status 200: {"sessionId":"05978328-b83c-42ef-8bed-89ec22c29f6b","value":{"statusBar":89}}
&amp#27;[38;5;180m[0c344714]&amp#27;[0m&amp#27;[38;5;-52m[AndroidUiautomator2Driver@b205]&amp#27;[0m Got response with status 200: {"sessionId":"05978328-b83c-42ef-8bed-89ec22c29f6b","value":{"height":2280,"width":1080}}
&amp#27;[38;5;180m[0c344714]&amp#27;[0m&amp#27;[38;5;-52m[AndroidUiautomator2Driver@b205]&amp#27;[0m Screen already unlocked, doing nothing
&amp#27;[38;5;180m[0c344714]&amp#27;[0m&amp#27;[38;5;-52m[AndroidUiautomator2Driver@b205]&amp#27;[0m Starting 'com.androidsample.generalstore/com.androidsample.generalstore.SplashActivity' and waiting for 'com.androidsample.generalstore/com.androidsample.generalstore.SplashActivity'
&amp#27;[38;5;180m[0c344714]&amp#27;[0m&amp#27;[38;5;229m[ADB]&amp#27;[0m Getting IDs of all 'com.androidsample.generalstore' processes
&amp#27;[38;5;180m[0c344714]&amp#27;[0m&amp#27;[38;5;229m[ADB]&amp#27;[0m Running 'C:\Users\sajus\AppData\Local\Android\Sdk\platform-tools\adb.exe -P 5037 -s CTLID18120801016 shell 'pgrep --help; echo $?''
&amp#27;[38;5;180m[0c344714]&amp#27;[0m&amp#27;[38;5;-52m[AndroidUiautomator2Driver@b205]&amp#27;[0m Got response with status 200: {"sessionId":"05978328-b83c-42ef-8bed-89ec22c29f6b","value":{"androidId":"7be9e4e610cc4454","apiVersion":"29","bluetooth":{"state":"OFF"},"brand":"Nokia","carrierName":"","displayDensity":420,"locale":"en_IN","manufacturer":"HMD Global","model":"Nokia 7.1","networks":[{"capabilities":{"SSID":null,"linkDownBandwidthKbps":1048576,"linkUpstreamBandwidthKbps":1048576,"networkCapabilities":"NET_CAPABILITY_NOT_METERED,NET_CAPABILITY_INTERNET,NET_CAPABILITY_NOT_RESTRICTED,NET_CAPABILITY_TRUSTED,NET_CAPABILITY_NOT_VPN,NET_CAPABILITY_VALIDATED,NET_CAPABILITY_NOT_ROAMING,NET_CAPABILITY_FOREGROUND,NET_CAPABILITY_NOT_CONGESTED,NET_CAPABILITY_NOT_SUSPENDED","signalStrength":-58,"transportTypes":"TRANSPORT_WIFI"},"detailedState":"CONNECTED","extraInfo":null,"isAvailable":true,"isConnected":true,"isFailover":false,"isRoaming":false,"state":"CONNECTED","subtype":0,"subtypeName":"","type":1,"typeName":"WIFI"}],"platformVersion":"10","realDisplaySize":"1080x2280","timeZone":"America/Toronto"}}
&amp#27;[38;5;180m[0c344714]&amp#27;[0m&amp#27;[38;5;229m[ADB]&amp#27;[0m Running 'C:\Users\sajus\AppData\Local\Android\Sdk\platform-tools\adb.exe -P 5037 -s CTLID18120801016 shell pgrep -f \(\[\[:blank:\]\]\|\^\)com\.androidsample\.generalstore\(:\[a-zA-Z0-9_-\]\+\)\?\(\[\[:blank:\]\]\|\$\)'
&amp#27;[38;5;180m[0c344714]&amp#27;[0m&amp#27;[38;5;229m[ADB]&amp#27;[0m Running 'C:\Users\sajus\AppData\Local\Android\Sdk\platform-tools\adb.exe -P 5037 -s CTLID18120801016 shell am start-activity -W -n com.androidsample.generalstore/com.androidsample.generalstore.SplashActivity -S -a android.intent.action.MAIN -c android.intent.category.LAUNCHER -f 0x10200000'
&amp#27;[38;5;180m[0c344714]&amp#27;[0m&amp#27;[38;5;178m[AppiumDriver@2312]&amp#27;[0m New AndroidUiautomator2Driver session created successfully, session 0c344714-8f82-4d3f-b23e-b65b22e4b623 added to master session list
&amp#27;[38;5;180m[0c344714]&amp#27;[0m&amp#27;[38;5;178m[AppiumDriver@2312]&amp#27;[0m Event 'newSessionStarted' logged at 1750360918954 (15:21:58 GMT-0400 (Eastern Daylight Saving Time))
&amp#27;[38;5;180m[0c344714]&amp#27;[0m&amp#27;[38;5;-52m[AndroidUiautomator2Driver@b205]&amp#27;[0m Cached the protocol value 'W3C' for the new session 0c344714-8f82-4d3f-b23e-b65b22e4b623
&amp#27;[38;5;180m[0c344714]&amp#27;[0m&amp#27;[38;5;-52m[AndroidUiautomator2Driver@b205]&amp#27;[0m Responding to client with driver.createSession() result: {"capabilities":{"platformName":"ANDROID","appActivity":"com.androidsample.generalstore.SplashActivity","appPackage":"com.androidsample.generalstore","automationName":"UiAutomator2","deviceName":"CTLID18120801016","noReset":true,"platformVersion":"10","systemPort":8202,"udid":"CTLID18120801016","platform":"LINUX","webStorageEnabled":false,"takesScreenshot":true,"javascriptEnabled":true,"databaseEnabled":false,"networkConnectionEnabled":true,"locationContextEnabled":false,"warnings":{},"desired":{"platformName":"ANDROID","appActivity":"com.androidsample.generalstore.SplashActivity","appPackage":"com.androidsample.generalstore","automationName":"UiAutomator2","deviceName":"Nokia","noReset":true,"platformVersion":"11.0","systemPort":8202,"udid":"CTLID18120801016"},"deviceUDID":"CTLID18120801016","pixelRatio":"2.625","statBarHeight":89,"viewportRect":{"left":0,"top":89,"width":1080,"height":2191},"deviceApiLevel":29,"deviceManufacturer":"HMD Global","deviceModel":"Nokia 7.1","deviceScreenSize":"1080x2280","dev...
&amp#27;[38;5;180m[0c344714]&amp#27;[0m&amp#27;[38;5;86m[HTTP]&amp#27;[0m &amp#27;[37m<-- POST /session &amp#27;[39m&amp#27;[32m200&amp#27;[39m &amp#27;[90m5162 ms - 1105&amp#27;[39m &amp#27;[90m&amp#27;[39m
&amp#27;[38;5;180m[0c344714]&amp#27;[0m&amp#27;[38;5;86m[HTTP]&amp#27;[0m &amp#27;[37m-->&amp#27;[39m &amp#27;[37mPOST&amp#27;[39m &amp#27;[37m/session/0c344714-8f82-4d3f-b23e-b65b22e4b623/element&amp#27;[39m &amp#27;[90m{"using":"id","value":"com.androidsample.generalstore:id/nameField"}&amp#27;[39m
&amp#27;[38;5;180m[0c344714]&amp#27;[0m&amp#27;[38;5;-52m[AndroidUiautomator2Driver@b205]&amp#27;[0m Calling AppiumDriver.findElement() with args: ["id","com.androidsample.generalstore:id/nameField","0c344714-8f82-4d3f-b23e-b65b22e4b623"]
&amp#27;[38;5;180m[0c344714]&amp#27;[0m&amp#27;[38;5;-52m[AndroidUiautomator2Driver@b205]&amp#27;[0m Valid locator strategies for this request: xpath, id, class name, accessibility id, css selector, -android uiautomator
&amp#27;[38;5;180m[0c344714]&amp#27;[0m&amp#27;[38;5;-52m[AndroidUiautomator2Driver@b205]&amp#27;[0m Waiting up to 0 ms for condition
&amp#27;[38;5;180m[0c344714]&amp#27;[0m&amp#27;[38;5;-52m[AndroidUiautomator2Driver@b205]&amp#27;[0m Matched '/element' to command name 'findElement'
&amp#27;[38;5;180m[0c344714]&amp#27;[0m&amp#27;[38;5;-52m[AndroidUiautomator2Driver@b205]&amp#27;[0m Proxying [POST /element] to [POST http://127.0.0.1:8202/session/05978328-b83c-42ef-8bed-89ec22c29f6b/element] with body: {"strategy":"id","selector":"com.androidsample.generalstore:id/nameField","context":"","multiple":false}
&amp#27;[38;5;180m[0c344714]&amp#27;[0m&amp#27;[38;5;-52m[AndroidUiautomator2Driver@b205]&amp#27;[0m Got response with status 200: {"sessionId":"05978328-b83c-42ef-8bed-89ec22c29f6b","value":{"ELEMENT":"00000000-0000-0a18-ffff-ffff0000001c","element-6066-11e4-a52e-4f735466cecf":"00000000-0000-0a18-ffff-ffff0000001c"}}
&amp#27;[38;5;180m[0c344714]&amp#27;[0m&amp#27;[38;5;-52m[AndroidUiautomator2Driver@b205]&amp#27;[0m Responding to client with driver.findElement() result: {"element-6066-11e4-a52e-4f735466cecf":"00000000-0000-0a18-ffff-ffff0000001c","ELEMENT":"00000000-0000-0a18-ffff-ffff0000001c"}
&amp#27;[38;5;180m[0c344714]&amp#27;[0m&amp#27;[38;5;86m[HTTP]&amp#27;[0m &amp#27;[37m<-- POST /session/0c344714-8f82-4d3f-b23e-b65b22e4b623/element &amp#27;[39m&amp#27;[32m200&amp#27;[39m &amp#27;[90m65 ms - 137&amp#27;[39m &amp#27;[90m&amp#27;[39m
&amp#27;[38;5;180m[0c344714]&amp#27;[0m&amp#27;[38;5;86m[HTTP]&amp#27;[0m &amp#27;[37m-->&amp#27;[39m &amp#27;[37mPOST&amp#27;[39m &amp#27;[37m/session/0c344714-8f82-4d3f-b23e-b65b22e4b623/element/00000000-0000-0a18-ffff-ffff0000001c/value&amp#27;[39m &amp#27;[90m{"id":"00000000-0000-0a18-ffff-ffff0000001c","text":"Steve Smith","value":["S","t","e","v","e"," ","S","m","i","t","h"]}&amp#27;[39m
&amp#27;[38;5;180m[0c344714]&amp#27;[0m&amp#27;[38;5;-52m[AndroidUiautomator2Driver@b205]&amp#27;[0m Calling AppiumDriver.setValue() with args: [["S","t","e","v","e"," ","S","m","i","t","h"],"00000000-0000-0a18-ffff-ffff0000001c","0c344714-8f82-4d3f-b23e-b65b22e4b623"]
&amp#27;[38;5;180m[0c344714]&amp#27;[0m&amp#27;[38;5;-52m[AndroidUiautomator2Driver@b205]&amp#27;[0m Matched '/element/00000000-0000-0a18-ffff-ffff0000001c/value' to command name 'setValue'
&amp#27;[38;5;180m[0c344714]&amp#27;[0m&amp#27;[38;5;-52m[AndroidUiautomator2Driver@b205]&amp#27;[0m Added 'value' property ["S","t","e","v","e"," ","S","m","i","t","h"] to 'setValue' request body
&amp#27;[38;5;180m[0c344714]&amp#27;[0m&amp#27;[38;5;-52m[AndroidUiautomator2Driver@b205]&amp#27;[0m Proxying [POST /element/00000000-0000-0a18-ffff-ffff0000001c/value] to [POST http://127.0.0.1:8202/session/05978328-b83c-42ef-8bed-89ec22c29f6b/element/00000000-0000-0a18-ffff-ffff0000001c/value] with body: {"elementId":"00000000-0000-0a18-ffff-ffff0000001c","text":"Steve Smith","replace":false,"value":["S","t","e","v","e"," ","S","m","i","t","h"]}
&amp#27;[38;5;180m[0c344714]&amp#27;[0m&amp#27;[38;5;-52m[AndroidUiautomator2Driver@b205]&amp#27;[0m Got response with status 200: {"sessionId":"05978328-b83c-42ef-8bed-89ec22c29f6b","value":null}
&amp#27;[38;5;180m[0c344714]&amp#27;[0m&amp#27;[38;5;-52m[AndroidUiautomator2Driver@b205]&amp#27;[0m Responding to client with driver.setValue() result: null
&amp#27;[38;5;180m[0c344714]&amp#27;[0m&amp#27;[38;5;86m[HTTP]&amp#27;[0m &amp#27;[37m<-- POST /session/0c344714-8f82-4d3f-b23e-b65b22e4b623/element/00000000-0000-0a18-ffff-ffff0000001c/value &amp#27;[39m&amp#27;[32m200&amp#27;[39m &amp#27;[90m556 ms - 14&amp#27;[39m &amp#27;[90m&amp#27;[39m
&amp#27;[38;5;180m[0c344714]&amp#27;[0m&amp#27;[38;5;86m[HTTP]&amp#27;[0m &amp#27;[37m-->&amp#27;[39m &amp#27;[37mPOST&amp#27;[39m &amp#27;[37m/session/0c344714-8f82-4d3f-b23e-b65b22e4b623/execute/sync&amp#27;[39m &amp#27;[90m{"script":"mobile: hideKeyboard","args":[]}&amp#27;[39m
&amp#27;[38;5;180m[0c344714]&amp#27;[0m&amp#27;[38;5;-52m[AndroidUiautomator2Driver@b205]&amp#27;[0m Calling AppiumDriver.execute() with args: ["mobile: hideKeyboard",[],"0c344714-8f82-4d3f-b23e-b65b22e4b623"]
&amp#27;[38;5;180m[0c344714]&amp#27;[0m&amp#27;[38;5;229m[ADB]&amp#27;[0m Running 'C:\Users\sajus\AppData\Local\Android\Sdk\platform-tools\adb.exe -P 5037 -s CTLID18120801016 shell dumpsys input_method'
&amp#27;[38;5;180m[0c344714]&amp#27;[0m&amp#27;[38;5;229m[ADB]&amp#27;[0m Keyboard has no UI; no closing necessary
&amp#27;[38;5;180m[0c344714]&amp#27;[0m&amp#27;[38;5;-52m[AndroidUiautomator2Driver@b205]&amp#27;[0m Responding to client with driver.execute() result: false
&amp#27;[38;5;180m[0c344714]&amp#27;[0m&amp#27;[38;5;86m[HTTP]&amp#27;[0m &amp#27;[37m<-- POST /session/0c344714-8f82-4d3f-b23e-b65b22e4b623/execute/sync &amp#27;[39m&amp#27;[32m200&amp#27;[39m &amp#27;[90m1224 ms - 15&amp#27;[39m &amp#27;[90m&amp#27;[39m
&amp#27;[38;5;180m[0c344714]&amp#27;[0m&amp#27;[38;5;86m[HTTP]&amp#27;[0m &amp#27;[37m-->&amp#27;[39m &amp#27;[37mPOST&amp#27;[39m &amp#27;[37m/session/0c344714-8f82-4d3f-b23e-b65b22e4b623/element&amp#27;[39m &amp#27;[90m{"using":"id","value":"com.androidsample.generalstore:id/radioFemale"}&amp#27;[39m
&amp#27;[38;5;180m[0c344714]&amp#27;[0m&amp#27;[38;5;-52m[AndroidUiautomator2Driver@b205]&amp#27;[0m Calling AppiumDriver.findElement() with args: ["id","com.androidsample.generalstore:id/radioFemale","0c344714-8f82-4d3f-b23e-b65b22e4b623"]
&amp#27;[38;5;180m[0c344714]&amp#27;[0m&amp#27;[38;5;-52m[AndroidUiautomator2Driver@b205]&amp#27;[0m Valid locator strategies for this request: xpath, id, class name, accessibility id, css selector, -android uiautomator
&amp#27;[38;5;180m[0c344714]&amp#27;[0m&amp#27;[38;5;-52m[AndroidUiautomator2Driver@b205]&amp#27;[0m Waiting up to 0 ms for condition
&amp#27;[38;5;180m[0c344714]&amp#27;[0m&amp#27;[38;5;-52m[AndroidUiautomator2Driver@b205]&amp#27;[0m Matched '/element' to command name 'findElement'
&amp#27;[38;5;180m[0c344714]&amp#27;[0m&amp#27;[38;5;-52m[AndroidUiautomator2Driver@b205]&amp#27;[0m Proxying [POST /element] to [POST http://127.0.0.1:8202/session/05978328-b83c-42ef-8bed-89ec22c29f6b/element] with body: {"strategy":"id","selector":"com.androidsample.generalstore:id/radioFemale","context":"","multiple":false}
&amp#27;[38;5;180m[0c344714]&amp#27;[0m&amp#27;[38;5;-52m[AndroidUiautomator2Driver@b205]&amp#27;[0m Got response with status 200: {"sessionId":"05978328-b83c-42ef-8bed-89ec22c29f6b","value":{"ELEMENT":"00000000-0000-0a18-ffff-ffff00000020","element-6066-11e4-a52e-4f735466cecf":"00000000-0000-0a18-ffff-ffff00000020"}}
&amp#27;[38;5;180m[0c344714]&amp#27;[0m&amp#27;[38;5;-52m[AndroidUiautomator2Driver@b205]&amp#27;[0m Responding to client with driver.findElement() result: {"element-6066-11e4-a52e-4f735466cecf":"00000000-0000-0a18-ffff-ffff00000020","ELEMENT":"00000000-0000-0a18-ffff-ffff00000020"}
&amp#27;[38;5;180m[0c344714]&amp#27;[0m&amp#27;[38;5;86m[HTTP]&amp#27;[0m &amp#27;[37m<-- POST /session/0c344714-8f82-4d3f-b23e-b65b22e4b623/element &amp#27;[39m&amp#27;[32m200&amp#27;[39m &amp#27;[90m38 ms - 137&amp#27;[39m &amp#27;[90m&amp#27;[39m
&amp#27;[38;5;180m[0c344714]&amp#27;[0m&amp#27;[38;5;86m[HTTP]&amp#27;[0m &amp#27;[37m-->&amp#27;[39m &amp#27;[37mPOST&amp#27;[39m &amp#27;[37m/session/0c344714-8f82-4d3f-b23e-b65b22e4b623/element/00000000-0000-0a18-ffff-ffff00000020/click&amp#27;[39m &amp#27;[90m{"id":"00000000-0000-0a18-ffff-ffff00000020"}&amp#27;[39m
&amp#27;[38;5;180m[0c344714]&amp#27;[0m&amp#27;[38;5;-52m[AndroidUiautomator2Driver@b205]&amp#27;[0m Calling AppiumDriver.click() with args: ["00000000-0000-0a18-ffff-ffff00000020","0c344714-8f82-4d3f-b23e-b65b22e4b623"]
&amp#27;[38;5;180m[0c344714]&amp#27;[0m&amp#27;[38;5;-52m[AndroidUiautomator2Driver@b205]&amp#27;[0m Matched '/element/00000000-0000-0a18-ffff-ffff00000020/click' to command name 'click'
&amp#27;[38;5;180m[0c344714]&amp#27;[0m&amp#27;[38;5;-52m[AndroidUiautomator2Driver@b205]&amp#27;[0m Proxying [POST /element/00000000-0000-0a18-ffff-ffff00000020/click] to [POST http://127.0.0.1:8202/session/05978328-b83c-42ef-8bed-89ec22c29f6b/element/00000000-0000-0a18-ffff-ffff00000020/click] with body: {"element":"00000000-0000-0a18-ffff-ffff00000020"}
&amp#27;[38;5;180m[0c344714]&amp#27;[0m&amp#27;[38;5;-52m[AndroidUiautomator2Driver@b205]&amp#27;[0m Got response with status 200: {"sessionId":"05978328-b83c-42ef-8bed-89ec22c29f6b","value":null}
&amp#27;[38;5;180m[0c344714]&amp#27;[0m&amp#27;[38;5;-52m[AndroidUiautomator2Driver@b205]&amp#27;[0m Responding to client with driver.click() result: null
&amp#27;[38;5;180m[0c344714]&amp#27;[0m&amp#27;[38;5;86m[HTTP]&amp#27;[0m &amp#27;[37m<-- POST /session/0c344714-8f82-4d3f-b23e-b65b22e4b623/element/00000000-0000-0a18-ffff-ffff00000020/click &amp#27;[39m&amp#27;[32m200&amp#27;[39m &amp#27;[90m58 ms - 14&amp#27;[39m &amp#27;[90m&amp#27;[39m
&amp#27;[38;5;180m[0c344714]&amp#27;[0m&amp#27;[38;5;86m[HTTP]&amp#27;[0m &amp#27;[37m-->&amp#27;[39m &amp#27;[37mPOST&amp#27;[39m &amp#27;[37m/session/0c344714-8f82-4d3f-b23e-b65b22e4b623/element&amp#27;[39m &amp#27;[90m{"using":"id","value":"android:id/text1"}&amp#27;[39m
&amp#27;[38;5;180m[0c344714]&amp#27;[0m&amp#27;[38;5;-52m[AndroidUiautomator2Driver@b205]&amp#27;[0m Calling AppiumDriver.findElement() with args: ["id","android:id/text1","0c344714-8f82-4d3f-b23e-b65b22e4b623"]
&amp#27;[38;5;180m[0c344714]&amp#27;[0m&amp#27;[38;5;-52m[AndroidUiautomator2Driver@b205]&amp#27;[0m Valid locator strategies for this request: xpath, id, class name, accessibility id, css selector, -android uiautomator
&amp#27;[38;5;180m[0c344714]&amp#27;[0m&amp#27;[38;5;-52m[AndroidUiautomator2Driver@b205]&amp#27;[0m Waiting up to 0 ms for condition
&amp#27;[38;5;180m[0c344714]&amp#27;[0m&amp#27;[38;5;-52m[AndroidUiautomator2Driver@b205]&amp#27;[0m Matched '/element' to command name 'findElement'
&amp#27;[38;5;180m[0c344714]&amp#27;[0m&amp#27;[38;5;-52m[AndroidUiautomator2Driver@b205]&amp#27;[0m Proxying [POST /element] to [POST http://127.0.0.1:8202/session/05978328-b83c-42ef-8bed-89ec22c29f6b/element] with body: {"strategy":"id","selector":"android:id/text1","context":"","multiple":false}
&amp#27;[38;5;180m[0c344714]&amp#27;[0m&amp#27;[38;5;-52m[AndroidUiautomator2Driver@b205]&amp#27;[0m Got response with status 200: {"sessionId":"05978328-b83c-42ef-8bed-89ec22c29f6b","value":{"ELEMENT":"00000000-0000-0a18-ffff-ffff00000024","element-6066-11e4-a52e-4f735466cecf":"00000000-0000-0a18-ffff-ffff00000024"}}
&amp#27;[38;5;180m[0c344714]&amp#27;[0m&amp#27;[38;5;-52m[AndroidUiautomator2Driver@b205]&amp#27;[0m Responding to client with driver.findElement() result: {"element-6066-11e4-a52e-4f735466cecf":"00000000-0000-0a18-ffff-ffff00000024","ELEMENT":"00000000-0000-0a18-ffff-ffff00000024"}
&amp#27;[38;5;180m[0c344714]&amp#27;[0m&amp#27;[38;5;86m[HTTP]&amp#27;[0m &amp#27;[37m<-- POST /session/0c344714-8f82-4d3f-b23e-b65b22e4b623/element &amp#27;[39m&amp#27;[32m200&amp#27;[39m &amp#27;[90m523 ms - 137&amp#27;[39m &amp#27;[90m&amp#27;[39m
&amp#27;[38;5;180m[0c344714]&amp#27;[0m&amp#27;[38;5;86m[HTTP]&amp#27;[0m &amp#27;[37m-->&amp#27;[39m &amp#27;[37mPOST&amp#27;[39m &amp#27;[37m/session/0c344714-8f82-4d3f-b23e-b65b22e4b623/element/00000000-0000-0a18-ffff-ffff00000024/click&amp#27;[39m &amp#27;[90m{"id":"00000000-0000-0a18-ffff-ffff00000024"}&amp#27;[39m
&amp#27;[38;5;180m[0c344714]&amp#27;[0m&amp#27;[38;5;-52m[AndroidUiautomator2Driver@b205]&amp#27;[0m Calling AppiumDriver.click() with args: ["00000000-0000-0a18-ffff-ffff00000024","0c344714-8f82-4d3f-b23e-b65b22e4b623"]
&amp#27;[38;5;180m[0c344714]&amp#27;[0m&amp#27;[38;5;-52m[AndroidUiautomator2Driver@b205]&amp#27;[0m Matched '/element/00000000-0000-0a18-ffff-ffff00000024/click' to command name 'click'
&amp#27;[38;5;180m[0c344714]&amp#27;[0m&amp#27;[38;5;-52m[AndroidUiautomator2Driver@b205]&amp#27;[0m Proxying [POST /element/00000000-0000-0a18-ffff-ffff00000024/click] to [POST http://127.0.0.1:8202/session/05978328-b83c-42ef-8bed-89ec22c29f6b/element/00000000-0000-0a18-ffff-ffff00000024/click] with body: {"element":"00000000-0000-0a18-ffff-ffff00000024"}
&amp#27;[38;5;180m[0c344714]&amp#27;[0m&amp#27;[38;5;-52m[AndroidUiautomator2Driver@b205]&amp#27;[0m Got response with status 200: {"sessionId":"05978328-b83c-42ef-8bed-89ec22c29f6b","value":null}
&amp#27;[38;5;180m[0c344714]&amp#27;[0m&amp#27;[38;5;-52m[AndroidUiautomator2Driver@b205]&amp#27;[0m Responding to client with driver.click() result: null
&amp#27;[38;5;180m[0c344714]&amp#27;[0m&amp#27;[38;5;86m[HTTP]&amp#27;[0m &amp#27;[37m<-- POST /session/0c344714-8f82-4d3f-b23e-b65b22e4b623/element/00000000-0000-0a18-ffff-ffff00000024/click &amp#27;[39m&amp#27;[32m200&amp#27;[39m &amp#27;[90m68 ms - 14&amp#27;[39m &amp#27;[90m&amp#27;[39m
&amp#27;[38;5;180m[0c344714]&amp#27;[0m&amp#27;[38;5;86m[HTTP]&amp#27;[0m &amp#27;[37m-->&amp#27;[39m &amp#27;[37mPOST&amp#27;[39m &amp#27;[37m/session/0c344714-8f82-4d3f-b23e-b65b22e4b623/element&amp#27;[39m &amp#27;[90m{"using":"-android uiautomator","value":"new UiScrollable(new UiSelector()).scrollIntoView(text(\"Argentina\"));"}&amp#27;[39m
&amp#27;[38;5;180m[0c344714]&amp#27;[0m&amp#27;[38;5;-52m[AndroidUiautomator2Driver@b205]&amp#27;[0m Calling AppiumDriver.findElement() with args: ["-android uiautomator","new UiScrollable(new UiSelector()).scrollIntoView(text(\"Argentina\"));","0c344714-8f82-4d3f-b23e-b65b22e4b623"]
&amp#27;[38;5;180m[0c344714]&amp#27;[0m&amp#27;[38;5;-52m[AndroidUiautomator2Driver@b205]&amp#27;[0m Valid locator strategies for this request: xpath, id, class name, accessibility id, css selector, -android uiautomator
&amp#27;[38;5;180m[0c344714]&amp#27;[0m&amp#27;[38;5;-52m[AndroidUiautomator2Driver@b205]&amp#27;[0m Waiting up to 0 ms for condition
&amp#27;[38;5;180m[0c344714]&amp#27;[0m&amp#27;[38;5;-52m[AndroidUiautomator2Driver@b205]&amp#27;[0m Matched '/element' to command name 'findElement'
&amp#27;[38;5;180m[0c344714]&amp#27;[0m&amp#27;[38;5;-52m[AndroidUiautomator2Driver@b205]&amp#27;[0m Proxying [POST /element] to [POST http://127.0.0.1:8202/session/05978328-b83c-42ef-8bed-89ec22c29f6b/element] with body: {"strategy":"-android uiautomator","selector":"new UiScrollable(new UiSelector()).scrollIntoView(text(\"Argentina\"));","context":"","multiple":false}
&amp#27;[38;5;180m[0c344714]&amp#27;[0m&amp#27;[38;5;-52m[AndroidUiautomator2Driver@b205]&amp#27;[0m Got response with status 200: {"sessionId":"05978328-b83c-42ef-8bed-89ec22c29f6b","value":{"ELEMENT":"00000000-0000-0a19-ffff-ffff00000032","element-6066-11e4-a52e-4f735466cecf":"00000000-0000-0a19-ffff-ffff00000032"}}
&amp#27;[38;5;180m[0c344714]&amp#27;[0m&amp#27;[38;5;-52m[AndroidUiautomator2Driver@b205]&amp#27;[0m Responding to client with driver.findElement() result: {"element-6066-11e4-a52e-4f735466cecf":"00000000-0000-0a19-ffff-ffff00000032","ELEMENT":"00000000-0000-0a19-ffff-ffff00000032"}
&amp#27;[38;5;180m[0c344714]&amp#27;[0m&amp#27;[38;5;86m[HTTP]&amp#27;[0m &amp#27;[37m<-- POST /session/0c344714-8f82-4d3f-b23e-b65b22e4b623/element &amp#27;[39m&amp#27;[32m200&amp#27;[39m &amp#27;[90m4029 ms - 137&amp#27;[39m &amp#27;[90m&amp#27;[39m
&amp#27;[38;5;180m[0c344714]&amp#27;[0m&amp#27;[38;5;86m[HTTP]&amp#27;[0m &amp#27;[37m-->&amp#27;[39m &amp#27;[37mPOST&amp#27;[39m &amp#27;[37m/session/0c344714-8f82-4d3f-b23e-b65b22e4b623/element&amp#27;[39m &amp#27;[90m{"using":"xpath","value":"//android.widget.TextView[@text='Argentina']"}&amp#27;[39m
&amp#27;[38;5;180m[0c344714]&amp#27;[0m&amp#27;[38;5;-52m[AndroidUiautomator2Driver@b205]&amp#27;[0m Calling AppiumDriver.findElement() with args: ["xpath","//android.widget.TextView[@text='Argentina']","0c344714-8f82-4d3f-b23e-b65b22e4b623"]
&amp#27;[38;5;180m[0c344714]&amp#27;[0m&amp#27;[38;5;-52m[AndroidUiautomator2Driver@b205]&amp#27;[0m Valid locator strategies for this request: xpath, id, class name, accessibility id, css selector, -android uiautomator
&amp#27;[38;5;180m[0c344714]&amp#27;[0m&amp#27;[38;5;-52m[AndroidUiautomator2Driver@b205]&amp#27;[0m Waiting up to 0 ms for condition
&amp#27;[38;5;180m[0c344714]&amp#27;[0m&amp#27;[38;5;-52m[AndroidUiautomator2Driver@b205]&amp#27;[0m Matched '/element' to command name 'findElement'
&amp#27;[38;5;180m[0c344714]&amp#27;[0m&amp#27;[38;5;-52m[AndroidUiautomator2Driver@b205]&amp#27;[0m Proxying [POST /element] to [POST http://127.0.0.1:8202/session/05978328-b83c-42ef-8bed-89ec22c29f6b/element] with body: {"strategy":"xpath","selector":"//android.widget.TextView[@text='Argentina']","context":"","multiple":false}
&amp#27;[38;5;180m[0c344714]&amp#27;[0m&amp#27;[38;5;-52m[AndroidUiautomator2Driver@b205]&amp#27;[0m Got response with status 200: {"sessionId":"05978328-b83c-42ef-8bed-89ec22c29f6b","value":{"ELEMENT":"00000000-0000-0a19-ffff-ffff00000032","element-6066-11e4-a52e-4f735466cecf":"00000000-0000-0a19-ffff-ffff00000032"}}
&amp#27;[38;5;180m[0c344714]&amp#27;[0m&amp#27;[38;5;-52m[AndroidUiautomator2Driver@b205]&amp#27;[0m Responding to client with driver.findElement() result: {"element-6066-11e4-a52e-4f735466cecf":"00000000-0000-0a19-ffff-ffff00000032","ELEMENT":"00000000-0000-0a19-ffff-ffff00000032"}
&amp#27;[38;5;180m[0c344714]&amp#27;[0m&amp#27;[38;5;86m[HTTP]&amp#27;[0m &amp#27;[37m<-- POST /session/0c344714-8f82-4d3f-b23e-b65b22e4b623/element &amp#27;[39m&amp#27;[32m200&amp#27;[39m &amp#27;[90m451 ms - 137&amp#27;[39m &amp#27;[90m&amp#27;[39m
&amp#27;[38;5;180m[0c344714]&amp#27;[0m&amp#27;[38;5;86m[HTTP]&amp#27;[0m &amp#27;[37m-->&amp#27;[39m &amp#27;[37mPOST&amp#27;[39m &amp#27;[37m/session/0c344714-8f82-4d3f-b23e-b65b22e4b623/element/00000000-0000-0a19-ffff-ffff00000032/click&amp#27;[39m &amp#27;[90m{"id":"00000000-0000-0a19-ffff-ffff00000032"}&amp#27;[39m
&amp#27;[38;5;180m[0c344714]&amp#27;[0m&amp#27;[38;5;-52m[AndroidUiautomator2Driver@b205]&amp#27;[0m Calling AppiumDriver.click() with args: ["00000000-0000-0a19-ffff-ffff00000032","0c344714-8f82-4d3f-b23e-b65b22e4b623"]
&amp#27;[38;5;180m[0c344714]&amp#27;[0m&amp#27;[38;5;-52m[AndroidUiautomator2Driver@b205]&amp#27;[0m Matched '/element/00000000-0000-0a19-ffff-ffff00000032/click' to command name 'click'
&amp#27;[38;5;180m[0c344714]&amp#27;[0m&amp#27;[38;5;-52m[AndroidUiautomator2Driver@b205]&amp#27;[0m Proxying [POST /element/00000000-0000-0a19-ffff-ffff00000032/click] to [POST http://127.0.0.1:8202/session/05978328-b83c-42ef-8bed-89ec22c29f6b/element/00000000-0000-0a19-ffff-ffff00000032/click] with body: {"element":"00000000-0000-0a19-ffff-ffff00000032"}
&amp#27;[38;5;180m[0c344714]&amp#27;[0m&amp#27;[38;5;-52m[AndroidUiautomator2Driver@b205]&amp#27;[0m Got response with status 200: {"sessionId":"05978328-b83c-42ef-8bed-89ec22c29f6b","value":null}
&amp#27;[38;5;180m[0c344714]&amp#27;[0m&amp#27;[38;5;-52m[AndroidUiautomator2Driver@b205]&amp#27;[0m Responding to client with driver.click() result: null
&amp#27;[38;5;180m[0c344714]&amp#27;[0m&amp#27;[38;5;86m[HTTP]&amp#27;[0m &amp#27;[37m<-- POST /session/0c344714-8f82-4d3f-b23e-b65b22e4b623/element/00000000-0000-0a19-ffff-ffff00000032/click &amp#27;[39m&amp#27;[32m200&amp#27;[39m &amp#27;[90m612 ms - 14&amp#27;[39m &amp#27;[90m&amp#27;[39m
&amp#27;[38;5;180m[0c344714]&amp#27;[0m&amp#27;[38;5;86m[HTTP]&amp#27;[0m &amp#27;[37m-->&amp#27;[39m &amp#27;[37mPOST&amp#27;[39m &amp#27;[37m/session/0c344714-8f82-4d3f-b23e-b65b22e4b623/element&amp#27;[39m &amp#27;[90m{"using":"id","value":"com.androidsample.generalstore:id/btnLetsShop"}&amp#27;[39m
&amp#27;[38;5;180m[0c344714]&amp#27;[0m&amp#27;[38;5;-52m[AndroidUiautomator2Driver@b205]&amp#27;[0m Calling AppiumDriver.findElement() with args: ["id","com.androidsample.generalstore:id/btnLetsShop","0c344714-8f82-4d3f-b23e-b65b22e4b623"]
&amp#27;[38;5;180m[0c344714]&amp#27;[0m&amp#27;[38;5;-52m[AndroidUiautomator2Driver@b205]&amp#27;[0m Valid locator strategies for this request: xpath, id, class name, accessibility id, css selector, -android uiautomator
&amp#27;[38;5;180m[0c344714]&amp#27;[0m&amp#27;[38;5;-52m[AndroidUiautomator2Driver@b205]&amp#27;[0m Waiting up to 0 ms for condition
&amp#27;[38;5;180m[0c344714]&amp#27;[0m&amp#27;[38;5;-52m[AndroidUiautomator2Driver@b205]&amp#27;[0m Matched '/element' to command name 'findElement'
&amp#27;[38;5;180m[0c344714]&amp#27;[0m&amp#27;[38;5;-52m[AndroidUiautomator2Driver@b205]&amp#27;[0m Proxying [POST /element] to [POST http://127.0.0.1:8202/session/05978328-b83c-42ef-8bed-89ec22c29f6b/element] with body: {"strategy":"id","selector":"com.androidsample.generalstore:id/btnLetsShop","context":"","multiple":false}
&amp#27;[38;5;180m[0c344714]&amp#27;[0m&amp#27;[38;5;-52m[AndroidUiautomator2Driver@b205]&amp#27;[0m Got response with status 200: {"sessionId":"05978328-b83c-42ef-8bed-89ec22c29f6b","value":{"ELEMENT":"00000000-0000-0a18-ffff-ffff00000021","element-6066-11e4-a52e-4f735466cecf":"00000000-0000-0a18-ffff-ffff00000021"}}
&amp#27;[38;5;180m[0c344714]&amp#27;[0m&amp#27;[38;5;-52m[AndroidUiautomator2Driver@b205]&amp#27;[0m Responding to client with driver.findElement() result: {"element-6066-11e4-a52e-4f735466cecf":"00000000-0000-0a18-ffff-ffff00000021","ELEMENT":"00000000-0000-0a18-ffff-ffff00000021"}
&amp#27;[38;5;180m[0c344714]&amp#27;[0m&amp#27;[38;5;86m[HTTP]&amp#27;[0m &amp#27;[37m<-- POST /session/0c344714-8f82-4d3f-b23e-b65b22e4b623/element &amp#27;[39m&amp#27;[32m200&amp#27;[39m &amp#27;[90m32 ms - 137&amp#27;[39m &amp#27;[90m&amp#27;[39m
&amp#27;[38;5;180m[0c344714]&amp#27;[0m&amp#27;[38;5;86m[HTTP]&amp#27;[0m &amp#27;[37m-->&amp#27;[39m &amp#27;[37mPOST&amp#27;[39m &amp#27;[37m/session/0c344714-8f82-4d3f-b23e-b65b22e4b623/element/00000000-0000-0a18-ffff-ffff00000021/click&amp#27;[39m &amp#27;[90m{"id":"00000000-0000-0a18-ffff-ffff00000021"}&amp#27;[39m
&amp#27;[38;5;180m[0c344714]&amp#27;[0m&amp#27;[38;5;-52m[AndroidUiautomator2Driver@b205]&amp#27;[0m Calling AppiumDriver.click() with args: ["00000000-0000-0a18-ffff-ffff00000021","0c344714-8f82-4d3f-b23e-b65b22e4b623"]
&amp#27;[38;5;180m[0c344714]&amp#27;[0m&amp#27;[38;5;-52m[AndroidUiautomator2Driver@b205]&amp#27;[0m Matched '/element/00000000-0000-0a18-ffff-ffff00000021/click' to command name 'click'
&amp#27;[38;5;180m[0c344714]&amp#27;[0m&amp#27;[38;5;-52m[AndroidUiautomator2Driver@b205]&amp#27;[0m Proxying [POST /element/00000000-0000-0a18-ffff-ffff00000021/click] to [POST http://127.0.0.1:8202/session/05978328-b83c-42ef-8bed-89ec22c29f6b/element/00000000-0000-0a18-ffff-ffff00000021/click] with body: {"element":"00000000-0000-0a18-ffff-ffff00000021"}
&amp#27;[38;5;180m[0c344714]&amp#27;[0m&amp#27;[38;5;-52m[AndroidUiautomator2Driver@b205]&amp#27;[0m Got response with status 200: {"sessionId":"05978328-b83c-42ef-8bed-89ec22c29f6b","value":null}
&amp#27;[38;5;180m[0c344714]&amp#27;[0m&amp#27;[38;5;-52m[AndroidUiautomator2Driver@b205]&amp#27;[0m Responding to client with driver.click() result: null
&amp#27;[38;5;180m[0c344714]&amp#27;[0m&amp#27;[38;5;86m[HTTP]&amp#27;[0m &amp#27;[37m<-- POST /session/0c344714-8f82-4d3f-b23e-b65b22e4b623/element/00000000-0000-0a18-ffff-ffff00000021/click &amp#27;[39m&amp#27;[32m200&amp#27;[39m &amp#27;[90m69 ms - 14&amp#27;[39m &amp#27;[90m&amp#27;[39m
&amp#27;[38;5;180m[0c344714]&amp#27;[0m&amp#27;[38;5;86m[HTTP]&amp#27;[0m &amp#27;[37m-->&amp#27;[39m &amp#27;[37mGET&amp#27;[39m &amp#27;[37m/session/0c344714-8f82-4d3f-b23e-b65b22e4b623/screenshot&amp#27;[39m &amp#27;[90m{}&amp#27;[39m
&amp#27;[38;5;180m[0c344714]&amp#27;[0m&amp#27;[38;5;-52m[AndroidUiautomator2Driver@b205]&amp#27;[0m Calling AppiumDriver.getScreenshot() with args: ["0c344714-8f82-4d3f-b23e-b65b22e4b623"]
&amp#27;[38;5;180m[0c344714]&amp#27;[0m&amp#27;[38;5;-52m[AndroidUiautomator2Driver@b205]&amp#27;[0m Matched '/screenshot' to command name 'getScreenshot'
&amp#27;[38;5;180m[0c344714]&amp#27;[0m&amp#27;[38;5;-52m[AndroidUiautomator2Driver@b205]&amp#27;[0m Proxying [GET /screenshot] to [GET http://127.0.0.1:8202/session/05978328-b83c-42ef-8bed-89ec22c29f6b/screenshot] with no body
&amp#27;[38;5;180m[0c344714]&amp#27;[0m&amp#27;[38;5;-52m[AndroidUiautomator2Driver@b205]&amp#27;[0m Got response with status 200: {"sessionId":"05978328-b83c-42ef-8bed-89ec22c29f6b","value":"iVBORw0KGgoAAAANSUhEUgAABDgAAAjoCAYAAAA5jhrUAAAAAXNSR0IArs4c6QAAAARzQklUCAgICHwIZIgAACAASURBVHic7N15fBT1/cfx98zsJiSQgxBAbhAEPFAOb6GiWG2971qs91FR69nqr7Ze9W613pXWC4ql3oBn1VpEEUSLQL1R5AiHHAkJCTl2d2Z+f2BiNrubbJLd7E729eyDH+zszHc+E9of2Xe+38/X6P75ma4AAAAAAAA8zEx1AQAAAAAAAO1FwAEAAAAAADyPgAMAAAAAAHgeAQcAAAAAAPA8Ag4AAAAAAOB5BBwAAAAAAMDzCDgAAAAAAIDnEXAAAAAAAADPI+AAAAAAAACeR8ABAAAAAAA8j4ADAAAAAAB4HgEHAAAAAADwPAIOAAAAAADgeQQcAAAAAADA8wg4AAAAAACA5xFwAAAAAAAAzyPgAAAAAAAAnkfAAQAAAAAAPI+AAwAAAAAAeB4BBwAAAAAA8DwCDgAAAAAA4HkEHAAAAAAAwPMIOAAAAAAAgOcRcAAAAAAAAM8j4AAAAAAAAJ7nS3UBQDowZMio/93Y8WdJciW5rqsd/9H3/9e7MuU5AQAAAGQeAg5kLEOGfIapoVk7aeaAKzXY37PZ81cFN+vnJffq28B3CrmOZ0KATHlOAAAAIB4FVq72yB6oUV0GqsDM1R5dBqrA6trwfoW9XZ/WrlGFU61Patfo07o1qrCrU1Lr+NyRemnQb+M699jVd2h+9ZdJrii9EXAgI+WZObqh1yk6u/shsuJcqTXY31MLd75dthxN3/qObt70rCqdmiRX2j6Z8pwAAABAcwb6i3Vk3lgdmTdO43NHtnj+UXnjwl7Pr/5Sr1Uu1muVH2tNcEuyykQ7Gd0/P5MfzyJj+AxLU4qO0E29TtUPCzTaxpWrmzc9p7+U/Ush105QhYmRKc8JAAAANGd87kj9sujw...
&amp#27;[38;5;180m[0c344714]&amp#27;[0m&amp#27;[38;5;-52m[AndroidUiautomator2Driver@b205]&amp#27;[0m Responding to client with driver.getScreenshot() result: "iVBORw0KGgoAAAANSUhEUgAABDgAAAjoCAYAAAA5jhrUAAAAAXNSR0IArs4c6QAAAARzQklUCAgICHwIZIgAACAASURBVHic7N15fBT1/cfx98zsJiSQgxBAbhAEPFAOb6GiWG2971qs91FR69nqr7Ze9W613pXWC4ql3oBn1VpEEUSLQL1R5AiHHAkJCTl2d2Z+f2BiNrubbJLd7E729eyDH+zszHc+E9of2Xe+38/X6P75ma4AAAAAAAA8zEx1AQAAAAAAAO1FwAEAAAAAADyPgAMAAAAAAHgeAQcAAAAAAPA8Ag4AAAAAAOB5BBwAAAAAAMDzCDgAAAAAAIDnEXAAAAAAAADPI+AAAAAAAACeR8ABAAAAAAA8j4ADAAAAAAB4HgEHAAAAAADwPAIOAAAAAADgeQQcAAAAAADA8wg4AAAAAACA5xFwAAAAAAAAzyPgAAAAAAAAnkfAAQAAAAAAPI+AAwAAAAAAeB4BBwAAAAAA8DwCDgAAAAAA4HkEHAAAAAAAwPMIOAAAAAAAgOcRcAAAAAAAAM8j4AAAAAAAAJ7nS3UBQDowZMio/93Y8WdJciW5rqsd/9H3/9e7MuU5AQAAAGQeAg5kLEOGfIapoVk7aeaAKzXY37PZ81cFN+vnJffq28B3CrmOZ0KATHlOAAAAIB4FVq72yB6oUV0GqsDM1R5dBqrA6trwfoW9XZ/WrlGFU61Patfo07o1qrCrU1Lr+NyRemnQb+M699jVd2h+9ZdJrii9EXAgI+WZObqh1yk6u/shsuJcqTXY31MLd75dthxN3/qObt70rCqdmiRX2j6Z8pwAAABAcwb6i3Vk3lgdmTdO43NHtnj+UXnjwl7Pr/5Sr1Uu1muVH2tNcEuyykQ7Gd0/P5MfzyJj+AxLU4qO0E29TtUPCzTaxpWrmzc9p7+U/Ush105QhYmRKc8JAAAANGd87kj9sujwiMCiPV6tXKy/lr3ZIbMlmMHROgQcyAiGDOWZXTR3yB80JKtXQsdeGdikQ1fd...
&amp#27;[38;5;180m[0c344714]&amp#27;[0m&amp#27;[38;5;86m[HTTP]&amp#27;[0m &amp#27;[37m<-- GET /session/0c344714-8f82-4d3f-b23e-b65b22e4b623/screenshot &amp#27;[39m&amp#27;[32m200&amp#27;[39m &amp#27;[90m786 ms - 345968&amp#27;[39m &amp#27;[90m&amp#27;[39m
]]></system-out>
  </testcase>
  <testcase name="setUp[1, 1](0)" classname="org.testCase.TestCase3" time="0.434">
    <failure message="Could not start a new session. Response code 500. Message: An unknown server-side error occurred while processing the command. Original error: Device R3CRC00KHBT was not in the list of connected devices &#10;Host info: host: &apos;ELSA&apos;, ip: &apos;192.168.2.20&apos;&#10;Build info: version: &apos;4.33.0&apos;, revision: &apos;2c6aaad03a&apos;&#10;System info: os.name: &apos;Windows 11&apos;, os.arch: &apos;amd64&apos;, os.version: &apos;10.0&apos;, java.version: &apos;11.0.26&apos;&#10;Driver info: io.appium.java_client.android.AndroidDriver&#10;Command: [null, newSession {capabilities=[{appium:appActivity=com.androidsample.generalstore.SplashActivity, appium:appPackage=com.androidsample.generalstore, appium:automationName=UiAutomator2, appium:deviceName=Samsung_Galaxy_S21, appium:noReset=true, platformName=ANDROID, appium:platformVersion=10.0, appium:systemPort=8201, appium:udid=R3CRC00KHBT}], desiredCapabilities=Capabilities {appActivity: com.androidsample.generalst..., appPackage: com.androidsample.generalstore, automationName: UiAutomator2, deviceName: Samsung_Galaxy_S21, noReset: true, platformName: ANDROID, platformVersion: 10.0, systemPort: 8201, udid: R3CRC00KHBT}}]&#10;Capabilities {appActivity: com.androidsample.generalst..., appPackage: com.androidsample.generalstore, automationName: UiAutomator2, deviceName: Samsung_Galaxy_S21, noReset: true, platformName: ANDROID, platformVersion: 10.0, systemPort: 8201, udid: R3CRC00KHBT}" type="org.openqa.selenium.SessionNotCreatedException"><![CDATA[org.openqa.selenium.SessionNotCreatedException: 
Could not start a new session. Response code 500. Message: An unknown server-side error occurred while processing the command. Original error: Device R3CRC00KHBT was not in the list of connected devices 
Host info: host: 'ELSA', ip: '192.168.2.20'
Build info: version: '4.33.0', revision: '2c6aaad03a'
System info: os.name: 'Windows 11', os.arch: 'amd64', os.version: '10.0', java.version: '11.0.26'
Driver info: io.appium.java_client.android.AndroidDriver
Command: [null, newSession {capabilities=[{appium:appActivity=com.androidsample.generalstore.SplashActivity, appium:appPackage=com.androidsample.generalstore, appium:automationName=UiAutomator2, appium:deviceName=Samsung_Galaxy_S21, appium:noReset=true, platformName=ANDROID, appium:platformVersion=10.0, appium:systemPort=8201, appium:udid=R3CRC00KHBT}], desiredCapabilities=Capabilities {appActivity: com.androidsample.generalst..., appPackage: com.androidsample.generalstore, automationName: UiAutomator2, deviceName: Samsung_Galaxy_S21, noReset: true, platformName: ANDROID, platformVersion: 10.0, systemPort: 8201, udid: R3CRC00KHBT}}]
Capabilities {appActivity: com.androidsample.generalst..., appPackage: com.androidsample.generalstore, automationName: UiAutomator2, deviceName: Samsung_Galaxy_S21, noReset: true, platformName: ANDROID, platformVersion: 10.0, systemPort: 8201, udid: R3CRC00KHBT}
	at org.openqa.selenium.remote.ProtocolHandshake.createSession(ProtocolHandshake.java:140)
	at java.base/jdk.internal.reflect.NativeMethodAccessorImpl.invoke0(Native Method)
	at java.base/jdk.internal.reflect.NativeMethodAccessorImpl.invoke(NativeMethodAccessorImpl.java:62)
	at java.base/jdk.internal.reflect.DelegatingMethodAccessorImpl.invoke(DelegatingMethodAccessorImpl.java:43)
	at java.base/java.lang.reflect.Method.invoke(Method.java:566)
	at io.appium.java_client.remote.AppiumProtocolHandshake.createSession(AppiumProtocolHandshake.java:133)
	at io.appium.java_client.remote.AppiumProtocolHandshake.createSession(AppiumProtocolHandshake.java:102)
	at io.appium.java_client.remote.AppiumCommandExecutor.createSession(AppiumCommandExecutor.java:182)
	at io.appium.java_client.remote.AppiumCommandExecutor.execute(AppiumCommandExecutor.java:250)
	at org.openqa.selenium.remote.RemoteWebDriver.execute(RemoteWebDriver.java:602)
	at io.appium.java_client.AppiumDriver.startSession(AppiumDriver.java:274)
	at org.openqa.selenium.remote.RemoteWebDriver.<init>(RemoteWebDriver.java:163)
	at io.appium.java_client.AppiumDriver.<init>(AppiumDriver.java:89)
	at io.appium.java_client.AppiumDriver.<init>(AppiumDriver.java:101)
	at io.appium.java_client.android.AndroidDriver.<init>(AndroidDriver.java:113)
	at org.appium.TestUtils.BaseTest.setUp(BaseTest.java:45)
	at java.base/jdk.internal.reflect.NativeMethodAccessorImpl.invoke0(Native Method)
	at java.base/jdk.internal.reflect.NativeMethodAccessorImpl.invoke(NativeMethodAccessorImpl.java:62)
	at java.base/jdk.internal.reflect.DelegatingMethodAccessorImpl.invoke(DelegatingMethodAccessorImpl.java:43)
	at java.base/java.lang.reflect.Method.invoke(Method.java:566)
	at org.testng.internal.invokers.MethodInvocationHelper.invokeMethod(MethodInvocationHelper.java:141)
	at org.testng.internal.invokers.MethodInvocationHelper.invokeMethodConsideringTimeout(MethodInvocationHelper.java:71)
	at org.testng.internal.invokers.ConfigInvoker.invokeConfigurationMethod(ConfigInvoker.java:400)
	at org.testng.internal.invokers.ConfigInvoker.invokeConfigurations(ConfigInvoker.java:333)
	at org.testng.internal.invokers.TestMethodWorker.invokeBeforeClassMethods(TestMethodWorker.java:188)
	at org.testng.internal.invokers.TestMethodWorker.run(TestMethodWorker.java:128)
	at java.base/java.util.ArrayList.forEach(ArrayList.java:1541)
	at org.testng.TestRunner.privateRun(TestRunner.java:741)
	at org.testng.TestRunner.run(TestRunner.java:616)
	at org.testng.SuiteRunner.runTest(SuiteRunner.java:421)
	at org.testng.SuiteRunner$SuiteWorker.run(SuiteRunner.java:463)
	at org.testng.internal.thread.ThreadUtil.lambda$execute$0(ThreadUtil.java:64)
	at java.base/java.util.concurrent.FutureTask.run(FutureTask.java:264)
	at java.base/java.util.concurrent.ThreadPoolExecutor.runWorker(ThreadPoolExecutor.java:1128)
	at java.base/java.util.concurrent.ThreadPoolExecutor$Worker.run(ThreadPoolExecutor.java:628)
	at java.base/java.lang.Thread.run(Thread.java:834)
]]></failure>
    <system-out><![CDATA[&amp#27;[38;5;86m[HTTP]&amp#27;[0m &amp#27;[37m-->&amp#27;[39m &amp#27;[37mGET&amp#27;[39m &amp#27;[37m/status&amp#27;[39m &amp#27;[90m{}&amp#27;[39m
&amp#27;[38;5;75m[AppiumDriver@ee30]&amp#27;[0m Calling AppiumDriver.getStatus() with args: []
&amp#27;[38;5;75m[AppiumDriver@ee30]&amp#27;[0m Responding to client with driver.getStatus() result: {"ready":true,"message":"The server is ready to accept new connections","build":{"version":"2.19.0"}}
&amp#27;[38;5;86m[HTTP]&amp#27;[0m &amp#27;[37m<-- GET /status &amp#27;[39m&amp#27;[32m200&amp#27;[39m &amp#27;[90m1 ms - 111&amp#27;[39m &amp#27;[90m&amp#27;[39m
Appium server stopped
✅ Test completed for device: Samsung_Galaxy_S21
&amp#27;[38;5;220m[50fc3f61]&amp#27;[0m&amp#27;[38;5;-104m[AndroidUiautomator2Driver@b115]&amp#27;[0m [Instrumentation] 
&amp#27;[38;5;220m[50fc3f61]&amp#27;[0m&amp#27;[38;5;-104m[AndroidUiautomator2Driver@b115]&amp#27;[0m Matched '/status' to command name 'getStatus'
&amp#27;[38;5;220m[50fc3f61]&amp#27;[0m&amp#27;[38;5;-104m[AndroidUiautomator2Driver@b115]&amp#27;[0m Proxying [GET /status] to [GET http://127.0.0.1:8202/status] with no body
&amp#27;[38;5;220m[50fc3f61]&amp#27;[0m&amp#27;[38;5;-104m[AndroidUiautomator2Driver@b115]&amp#27;[0m socket hang up
&amp#27;[38;5;220m[50fc3f61]&amp#27;[0m&amp#27;[38;5;-104m[AndroidUiautomator2Driver@b115]&amp#27;[0m Matched '/status' to command name 'getStatus'
&amp#27;[38;5;220m[50fc3f61]&amp#27;[0m&amp#27;[38;5;-104m[AndroidUiautomator2Driver@b115]&amp#27;[0m Proxying [GET /status] to [GET http://127.0.0.1:8202/status] with no body
&amp#27;[38;5;220m[50fc3f61]&amp#27;[0m&amp#27;[38;5;-104m[AndroidUiautomator2Driver@b115]&amp#27;[0m Got response with status 200: {"sessionId":"None","value":{"message":"UiAutomator2 Server is ready to accept commands","ready":true}}
&amp#27;[38;5;220m[50fc3f61]&amp#27;[0m&amp#27;[38;5;-104m[AndroidUiautomator2Driver@b115]&amp#27;[0m The initialization of the instrumentation process took 3231ms
&amp#27;[38;5;220m[50fc3f61]&amp#27;[0m&amp#27;[38;5;-104m[AndroidUiautomator2Driver@b115]&amp#27;[0m Matched '/session' to command name 'createSession'
&amp#27;[38;5;220m[50fc3f61]&amp#27;[0m&amp#27;[38;5;-104m[AndroidUiautomator2Driver@b115]&amp#27;[0m Proxying [POST /session] to [POST http://127.0.0.1:8202/session] with body: {"capabilities":{"firstMatch":[{"platformName":"ANDROID","appActivity":"com.androidsample.generalstore.SplashActivity","appPackage":"com.androidsample.generalstore","automationName":"UiAutomator2","deviceName":"CTLID18120801016","noReset":true,"platformVersion":"11.0","systemPort":8202,"udid":"CTLID18120801016","platform":"LINUX","webStorageEnabled":false,"takesScreenshot":true,"javascriptEnabled":true,"databaseEnabled":false,"networkConnectionEnabled":true,"locationContextEnabled":false,"warnings":{},"desired":{"platformName":"ANDROID","appActivity":"com.androidsample.generalstore.SplashActivity","appPackage":"com.androidsample.generalstore","automationName":"UiAutomator2","deviceName":"Nokia","noReset":true,"platformVersion":"11.0","systemPort":8202,"udid":"CTLID18120801016"},"deviceUDID":"CTLID18120801016"}],"alwaysMatch":{}}}
&amp#27;[38;5;220m[50fc3f61]&amp#27;[0m&amp#27;[38;5;-104m[AndroidUiautomator2Driver@b115]&amp#27;[0m Got response with status 200: {"sessionId":"052b56d1-0dc1-40c8-b833-130020f82b9f","value":{"capabilities":{"firstMatch":[{"platformName":"ANDROID","appActivity":"com.androidsample.generalstore.SplashActivity","appPackage":"com.androidsample.generalstore","automationName":"UiAutomator2","deviceName":"CTLID18120801016","noReset":true,"platformVersion":"11.0","systemPort":8202,"udid":"CTLID18120801016","platform":"LINUX","webStorageEnabled":false,"takesScreenshot":true,"javascriptEnabled":true,"databaseEnabled":false,"networkConnectionEnabled":true,"locationContextEnabled":false,"warnings":{},"desired":{"platformName":"ANDROID","appActivity":"com.androidsample.generalstore.SplashActivity","appPackage":"com.androidsample.generalstore","automationName":"UiAutomator2","deviceName":"Nokia","noReset":true,"platformVersion":"11.0","systemPort":8202,"udid":"CTLID18120801016"},"deviceUDID":"CTLID18120801016"}],"alwaysMatch":{}},"sessionId":"052b56d1-0dc1-40c8-b833-130020f82b9f"}}
&amp#27;[38;5;220m[50fc3f61]&amp#27;[0m&amp#27;[38;5;-104m[AndroidUiautomator2Driver@b115]&amp#27;[0m Determined the downstream protocol as 'W3C'
&amp#27;[38;5;220m[50fc3f61]&amp#27;[0m&amp#27;[38;5;-104m[AndroidUiautomator2Driver@b115]&amp#27;[0m Proxying [GET /appium/device/pixel_ratio] to [GET http://127.0.0.1:8202/session/052b56d1-0dc1-40c8-b833-130020f82b9f/appium/device/pixel_ratio] with no body
&amp#27;[38;5;220m[50fc3f61]&amp#27;[0m&amp#27;[38;5;-104m[AndroidUiautomator2Driver@b115]&amp#27;[0m Matched '/appium/device/system_bars' to command name 'getSystemBars'
&amp#27;[38;5;220m[50fc3f61]&amp#27;[0m&amp#27;[38;5;-104m[AndroidUiautomator2Driver@b115]&amp#27;[0m Proxying [GET /appium/device/system_bars] to [GET http://127.0.0.1:8202/session/052b56d1-0dc1-40c8-b833-130020f82b9f/appium/device/system_bars] with no body
&amp#27;[38;5;220m[50fc3f61]&amp#27;[0m&amp#27;[38;5;-104m[AndroidUiautomator2Driver@b115]&amp#27;[0m Matched '/window/current/size' to command name 'getWindowSize'
&amp#27;[38;5;220m[50fc3f61]&amp#27;[0m&amp#27;[38;5;-104m[AndroidUiautomator2Driver@b115]&amp#27;[0m Proxying [GET /window/current/size] to [GET http://127.0.0.1:8202/session/052b56d1-0dc1-40c8-b833-130020f82b9f/window/current/size] with no body
&amp#27;[38;5;220m[50fc3f61]&amp#27;[0m&amp#27;[38;5;-104m[AndroidUiautomator2Driver@b115]&amp#27;[0m Proxying [GET /appium/device/info] to [GET http://127.0.0.1:8202/session/052b56d1-0dc1-40c8-b833-130020f82b9f/appium/device/info] with no body
&amp#27;[38;5;220m[50fc3f61]&amp#27;[0m&amp#27;[38;5;229m[ADB]&amp#27;[0m Running 'C:\Users\sajus\AppData\Local\Android\Sdk\platform-tools\adb.exe -P 5037 -s CTLID18120801016 shell dumpsys window'
&amp#27;[38;5;220m[50fc3f61]&amp#27;[0m&amp#27;[38;5;229m[ADB]&amp#27;[0m Running 'C:\Users\sajus\AppData\Local\Android\Sdk\platform-tools\adb.exe -P 5037 -s CTLID18120801016 shell dumpsys power'
&amp#27;[38;5;220m[50fc3f61]&amp#27;[0m&amp#27;[38;5;-104m[AndroidUiautomator2Driver@b115]&amp#27;[0m Got response with status 200: {"sessionId":"052b56d1-0dc1-40c8-b833-130020f82b9f","value":2.625}
&amp#27;[38;5;220m[50fc3f61]&amp#27;[0m&amp#27;[38;5;-104m[AndroidUiautomator2Driver@b115]&amp#27;[0m Got response with status 200: {"sessionId":"052b56d1-0dc1-40c8-b833-130020f82b9f","value":{"statusBar":89}}
&amp#27;[38;5;220m[50fc3f61]&amp#27;[0m&amp#27;[38;5;-104m[AndroidUiautomator2Driver@b115]&amp#27;[0m Got response with status 200: {"sessionId":"052b56d1-0dc1-40c8-b833-130020f82b9f","value":{"height":2280,"width":1080}}
&amp#27;[38;5;220m[50fc3f61]&amp#27;[0m&amp#27;[38;5;-104m[AndroidUiautomator2Driver@b115]&amp#27;[0m Screen already unlocked, doing nothing
&amp#27;[38;5;220m[50fc3f61]&amp#27;[0m&amp#27;[38;5;-104m[AndroidUiautomator2Driver@b115]&amp#27;[0m Starting 'com.androidsample.generalstore/com.androidsample.generalstore.SplashActivity' and waiting for 'com.androidsample.generalstore/com.androidsample.generalstore.SplashActivity'
&amp#27;[38;5;220m[50fc3f61]&amp#27;[0m&amp#27;[38;5;229m[ADB]&amp#27;[0m Getting IDs of all 'com.androidsample.generalstore' processes
&amp#27;[38;5;220m[50fc3f61]&amp#27;[0m&amp#27;[38;5;229m[ADB]&amp#27;[0m Running 'C:\Users\sajus\AppData\Local\Android\Sdk\platform-tools\adb.exe -P 5037 -s CTLID18120801016 shell 'pgrep --help; echo $?''
&amp#27;[38;5;220m[50fc3f61]&amp#27;[0m&amp#27;[38;5;-104m[AndroidUiautomator2Driver@b115]&amp#27;[0m Got response with status 200: {"sessionId":"052b56d1-0dc1-40c8-b833-130020f82b9f","value":{"androidId":"7be9e4e610cc4454","apiVersion":"29","bluetooth":{"state":"OFF"},"brand":"Nokia","carrierName":"","displayDensity":420,"locale":"en_IN","manufacturer":"HMD Global","model":"Nokia 7.1","networks":[{"capabilities":{"SSID":null,"linkDownBandwidthKbps":1048576,"linkUpstreamBandwidthKbps":1048576,"networkCapabilities":"NET_CAPABILITY_NOT_METERED,NET_CAPABILITY_INTERNET,NET_CAPABILITY_NOT_RESTRICTED,NET_CAPABILITY_TRUSTED,NET_CAPABILITY_NOT_VPN,NET_CAPABILITY_VALIDATED,NET_CAPABILITY_NOT_ROAMING,NET_CAPABILITY_FOREGROUND,NET_CAPABILITY_NOT_CONGESTED,NET_CAPABILITY_NOT_SUSPENDED","signalStrength":-58,"transportTypes":"TRANSPORT_WIFI"},"detailedState":"CONNECTED","extraInfo":null,"isAvailable":true,"isConnected":true,"isFailover":false,"isRoaming":false,"state":"CONNECTED","subtype":0,"subtypeName":"","type":1,"typeName":"WIFI"}],"platformVersion":"10","realDisplaySize":"1080x2280","timeZone":"America/Toronto"}}
&amp#27;[38;5;220m[50fc3f61]&amp#27;[0m&amp#27;[38;5;229m[ADB]&amp#27;[0m Running 'C:\Users\sajus\AppData\Local\Android\Sdk\platform-tools\adb.exe -P 5037 -s CTLID18120801016 shell pgrep -f \(\[\[:blank:\]\]\|\^\)com\.androidsample\.generalstore\(:\[a-zA-Z0-9_-\]\+\)\?\(\[\[:blank:\]\]\|\$\)'
&amp#27;[38;5;220m[50fc3f61]&amp#27;[0m&amp#27;[38;5;229m[ADB]&amp#27;[0m Running 'C:\Users\sajus\AppData\Local\Android\Sdk\platform-tools\adb.exe -P 5037 -s CTLID18120801016 shell am start-activity -W -n com.androidsample.generalstore/com.androidsample.generalstore.SplashActivity -S -a android.intent.action.MAIN -c android.intent.category.LAUNCHER -f 0x10200000'
&amp#27;[38;5;112m[Appium]&amp#27;[0m Welcome to Appium v2.19.0
&amp#27;[38;5;112m[Appium]&amp#27;[0m Non-default server args:
&amp#27;[38;5;112m[Appium]&amp#27;[0m { port: &amp#27;[33m4724&amp#27;[39m }
&amp#27;[38;5;112m[Appium]&amp#27;[0m The autodetected Appium home path: C:\Users\sajus\.appium
&amp#27;[38;5;112m[Appium]&amp#27;[0m Attempting to load driver uiautomator2...
&amp#27;[38;5;112m[Appium]&amp#27;[0m Requiring driver at C:\Users\sajus\.appium\node_modules\appium-uiautomator2-driver\build\index.js
&amp#27;[38;5;220m[50fc3f61]&amp#27;[0m&amp#27;[38;5;128m[AppiumDriver@7d98]&amp#27;[0m New AndroidUiautomator2Driver session created successfully, session 50fc3f61-c54b-40da-8988-3af8f6bf222c added to master session list
&amp#27;[38;5;220m[50fc3f61]&amp#27;[0m&amp#27;[38;5;128m[AppiumDriver@7d98]&amp#27;[0m Event 'newSessionStarted' logged at 1750360896835 (15:21:36 GMT-0400 (Eastern Daylight Saving Time))
&amp#27;[38;5;220m[50fc3f61]&amp#27;[0m&amp#27;[38;5;-104m[AndroidUiautomator2Driver@b115]&amp#27;[0m Cached the protocol value 'W3C' for the new session 50fc3f61-c54b-40da-8988-3af8f6bf222c
&amp#27;[38;5;220m[50fc3f61]&amp#27;[0m&amp#27;[38;5;-104m[AndroidUiautomator2Driver@b115]&amp#27;[0m Responding to client with driver.createSession() result: {"capabilities":{"platformName":"ANDROID","appActivity":"com.androidsample.generalstore.SplashActivity","appPackage":"com.androidsample.generalstore","automationName":"UiAutomator2","deviceName":"CTLID18120801016","noReset":true,"platformVersion":"10","systemPort":8202,"udid":"CTLID18120801016","platform":"LINUX","webStorageEnabled":false,"takesScreenshot":true,"javascriptEnabled":true,"databaseEnabled":false,"networkConnectionEnabled":true,"locationContextEnabled":false,"warnings":{},"desired":{"platformName":"ANDROID","appActivity":"com.androidsample.generalstore.SplashActivity","appPackage":"com.androidsample.generalstore","automationName":"UiAutomator2","deviceName":"Nokia","noReset":true,"platformVersion":"11.0","systemPort":8202,"udid":"CTLID18120801016"},"deviceUDID":"CTLID18120801016","pixelRatio":"2.625","statBarHeight":89,"viewportRect":{"left":0,"top":89,"width":1080,"height":2191},"deviceApiLevel":29,"deviceManufacturer":"HMD Global","deviceModel":"Nokia 7.1","deviceScreenSize":"1080x2280","dev...
&amp#27;[38;5;220m[50fc3f61]&amp#27;[0m&amp#27;[38;5;86m[HTTP]&amp#27;[0m &amp#27;[37m<-- POST /session &amp#27;[39m&amp#27;[32m200&amp#27;[39m &amp#27;[90m6880 ms - 1105&amp#27;[39m &amp#27;[90m&amp#27;[39m
&amp#27;[38;5;220m[50fc3f61]&amp#27;[0m&amp#27;[38;5;86m[HTTP]&amp#27;[0m &amp#27;[37m-->&amp#27;[39m &amp#27;[37mPOST&amp#27;[39m &amp#27;[37m/session/50fc3f61-c54b-40da-8988-3af8f6bf222c/execute/sync&amp#27;[39m &amp#27;[90m{"script":"mobile: getCurrentActivity","args":[]}&amp#27;[39m
&amp#27;[38;5;220m[50fc3f61]&amp#27;[0m&amp#27;[38;5;-104m[AndroidUiautomator2Driver@b115]&amp#27;[0m Calling AppiumDriver.execute() with args: ["mobile: getCurrentActivity",[],"50fc3f61-c54b-40da-8988-3af8f6bf222c"]
&amp#27;[38;5;220m[50fc3f61]&amp#27;[0m&amp#27;[38;5;229m[ADB]&amp#27;[0m Getting focused package and activity
&amp#27;[38;5;220m[50fc3f61]&amp#27;[0m&amp#27;[38;5;229m[ADB]&amp#27;[0m Running 'C:\Users\sajus\AppData\Local\Android\Sdk\platform-tools\adb.exe -P 5037 -s CTLID18120801016 shell dumpsys window displays'
&amp#27;[38;5;112m[Appium]&amp#27;[0m AndroidUiautomator2Driver has been successfully loaded in 0.893s
&amp#27;[38;5;112m[Appium]&amp#27;[0m Appium REST http interface listener started on http://0.0.0.0:4724
&amp#27;[38;5;112m[Appium]&amp#27;[0m You can provide the following URLs in your client code to connect to this server:
	http://192.168.2.20:4724/
	http://127.0.0.1:4724/ (only accessible from the same host)
&amp#27;[38;5;112m[Appium]&amp#27;[0m Available drivers:
&amp#27;[38;5;112m[Appium]&amp#27;[0m   - uiautomator2@4.2.3 (automationName 'UiAutomator2')
&amp#27;[38;5;112m[Appium]&amp#27;[0m No plugins have been installed. Use the "appium plugin" command to install the one(s) you want to use.
&amp#27;[38;5;220m[50fc3f61]&amp#27;[0m&amp#27;[38;5;-104m[AndroidUiautomator2Driver@b115]&amp#27;[0m Responding to client with driver.execute() result: ".SplashActivity"
&amp#27;[38;5;220m[50fc3f61]&amp#27;[0m&amp#27;[38;5;86m[HTTP]&amp#27;[0m &amp#27;[37m<-- POST /session/50fc3f61-c54b-40da-8988-3af8f6bf222c/execute/sync &amp#27;[39m&amp#27;[32m200&amp#27;[39m &amp#27;[90m94 ms - 27&amp#27;[39m &amp#27;[90m&amp#27;[39m
Current Activity: .SplashActivity
&amp#27;[38;5;86m[HTTP]&amp#27;[0m &amp#27;[37m-->&amp#27;[39m &amp#27;[37mGET&amp#27;[39m &amp#27;[37m/status&amp#27;[39m &amp#27;[90m{}&amp#27;[39m
&amp#27;[38;5;88m[AppiumDriver@88d6]&amp#27;[0m Calling AppiumDriver.getStatus() with args: []
&amp#27;[38;5;88m[AppiumDriver@88d6]&amp#27;[0m Responding to client with driver.getStatus() result: {"ready":true,"message":"The server is ready to accept new connections","build":{"version":"2.19.0"}}
&amp#27;[38;5;86m[HTTP]&amp#27;[0m &amp#27;[37m<-- GET /status &amp#27;[39m&amp#27;[32m200&amp#27;[39m &amp#27;[90m4 ms - 111&amp#27;[39m &amp#27;[90m&amp#27;[39m
&amp#27;[38;5;86m[HTTP]&amp#27;[0m Request idempotency key: 8f8453b7-f0a2-45fa-acdd-cff7fdf0b806
&amp#27;[38;5;86m[HTTP]&amp#27;[0m &amp#27;[37m-->&amp#27;[39m &amp#27;[37mPOST&amp#27;[39m &amp#27;[37m/session&amp#27;[39m &amp#27;[90m{"capabilities":{"firstMatch":[{}],"alwaysMatch":{"appium:appActivity":"com.androidsample.generalstore.SplashActivity","appium:appPackage":"com.androidsample.generalstore","appium:automationName":"UiAutomator2","appium:deviceName":"Samsung_Galaxy_S21","appium:noReset":true,"appium:platformVersion":"10.0","appium:systemPort":8201,"appium:udid":"R3CRC00KHBT","platformName":"ANDROID"}}}&amp#27;[39m
&amp#27;[38;5;88m[AppiumDriver@88d6]&amp#27;[0m Calling AppiumDriver.createSession() with args: [null,null,{"firstMatch":[{}],"alwaysMatch":{"appium:appActivity":"com.androidsample.generalstore.SplashActivity","appium:appPackage":"com.androidsample.generalstore","appium:automationName":"UiAutomator2","appium:deviceName":"Samsung_Galaxy_S21","appium:noReset":true,"appium:platformVersion":"10.0","appium:systemPort":8201,"appium:udid":"R3CRC00KHBT","platformName":"ANDROID"}}]
&amp#27;[38;5;88m[AppiumDriver@88d6]&amp#27;[0m Event 'newSessionRequested' logged at 1750360897148 (15:21:37 GMT-0400 (Eastern Daylight Saving Time))
&amp#27;[38;5;112m[Appium]&amp#27;[0m Attempting to find matching driver for automationName 'UiAutomator2' and platformName 'ANDROID'
&amp#27;[38;5;112m[Appium]&amp#27;[0m The 'uiautomator2' driver was installed and matched caps.
&amp#27;[38;5;112m[Appium]&amp#27;[0m Will require it at C:\Users\sajus\.appium\node_modules\appium-uiautomator2-driver
&amp#27;[38;5;112m[Appium]&amp#27;[0m Requiring driver at C:\Users\sajus\.appium\node_modules\appium-uiautomator2-driver\build\index.js
&amp#27;[38;5;88m[AppiumDriver@88d6]&amp#27;[0m Appium v2.19.0 creating new AndroidUiautomator2Driver (v4.2.3) session
&amp#27;[38;5;88m[AppiumDriver@88d6]&amp#27;[0m Checking BaseDriver versions for Appium and AndroidUiautomator2Driver
&amp#27;[38;5;88m[AppiumDriver@88d6]&amp#27;[0m Appium's BaseDriver version is 9.18.0
&amp#27;[38;5;88m[AppiumDriver@88d6]&amp#27;[0m AndroidUiautomator2Driver's BaseDriver version is 9.18.0
&amp#27;[38;5;-97m[AndroidUiautomator2Driver@ca55]&amp#27;[0m 
&amp#27;[38;5;-97m[AndroidUiautomator2Driver@ca55]&amp#27;[0m Creating session with W3C capabilities: {
  "alwaysMatch": {
    "platformName": "ANDROID",
    "appium:appActivity": "com.androidsample.generalstore.SplashActivity",
    "appium:appPackage": "com.androidsample.generalstore",
    "appium:automationName": "UiAutomator2",
    "appium:deviceName": "Samsung_Galaxy_S21",
    "appium:noReset": true,
    "appium:platformVersion": "10.0",
    "appium:systemPort": 8201,
    "appium:udid": "R3CRC00KHBT"
  },
  "firstMatch": [
    {}
  ]
}
&amp#27;[38;5;215m[2d4cb248]&amp#27;[0m&amp#27;[38;5;-97m[AndroidUiautomator2Driver@ca55]&amp#27;[0m Session created with session id: 2d4cb248-d50d-4a22-9ef3-4c3fb1364d1b
&amp#27;[38;5;215m[2d4cb248]&amp#27;[0m&amp#27;[38;5;229m[ADB]&amp#27;[0m Found 3 'build-tools' folders under 'C:\Users\sajus\AppData\Local\Android\Sdk' (newest first):
&amp#27;[38;5;215m[2d4cb248]&amp#27;[0m&amp#27;[38;5;229m[ADB]&amp#27;[0m     C:\Users\sajus\AppData\Local\Android\Sdk\build-tools\36.0.0
&amp#27;[38;5;215m[2d4cb248]&amp#27;[0m&amp#27;[38;5;229m[ADB]&amp#27;[0m     C:\Users\sajus\AppData\Local\Android\Sdk\build-tools\35.0.1
&amp#27;[38;5;215m[2d4cb248]&amp#27;[0m&amp#27;[38;5;229m[ADB]&amp#27;[0m     C:\Users\sajus\AppData\Local\Android\Sdk\build-tools\35.0.0
&amp#27;[38;5;215m[2d4cb248]&amp#27;[0m&amp#27;[38;5;229m[ADB]&amp#27;[0m Using 'adb.exe' from 'C:\Users\sajus\AppData\Local\Android\Sdk\platform-tools\adb.exe'
&amp#27;[38;5;215m[2d4cb248]&amp#27;[0m&amp#27;[38;5;229m[ADB]&amp#27;[0m Running 'C:\Users\sajus\AppData\Local\Android\Sdk\platform-tools\adb.exe -P 5037 start-server'
&amp#27;[38;5;215m[2d4cb248]&amp#27;[0m&amp#27;[38;5;-97m[AndroidUiautomator2Driver@ca55]&amp#27;[0m Retrieving device list
&amp#27;[38;5;215m[2d4cb248]&amp#27;[0m&amp#27;[38;5;229m[ADB]&amp#27;[0m Trying to find connected Android devices
&amp#27;[38;5;215m[2d4cb248]&amp#27;[0m&amp#27;[38;5;229m[ADB]&amp#27;[0m Getting connected devices
&amp#27;[38;5;215m[2d4cb248]&amp#27;[0m&amp#27;[38;5;229m[ADB]&amp#27;[0m Connected devices: [{"udid":"CTLID18120801016","state":"device"}]
&amp#27;[38;5;215m[2d4cb248]&amp#27;[0m&amp#27;[38;5;-97m[AndroidUiautomator2Driver@ca55]&amp#27;[0m Deleting UiAutomator2 session
&amp#27;[38;5;215m[2d4cb248]&amp#27;[0m&amp#27;[38;5;-97m[AndroidUiautomator2Driver@ca55]&amp#27;[0m Device R3CRC00KHBT was not in the list of connected devices
&amp#27;[38;5;215m[2d4cb248]&amp#27;[0m&amp#27;[38;5;88m[AppiumDriver@88d6]&amp#27;[0m Event 'newSessionStarted' logged at 1750360897315 (15:21:37 GMT-0400 (Eastern Daylight Saving Time))
&amp#27;[38;5;215m[2d4cb248]&amp#27;[0m&amp#27;[38;5;88m[AppiumDriver@88d6]&amp#27;[0m Encountered internal error running command: Error: Device R3CRC00KHBT was not in the list of connected devices
    at Object.errorWithException (C:\Users\JenkinsUser\AppData\Roaming\npm\node_modules\appium\node_modules\@appium\support\lib\logging.js:41:45)
    at AndroidUiautomator2Driver.getDeviceInfoFromCaps (C:\Users\sajus\.appium\node_modules\appium-uiautomator2-driver\node_modules\appium-android-driver\lib\commands\device\common.js:46:24)
    at AndroidUiautomator2Driver.createSession (C:\Users\sajus\.appium\node_modules\appium-uiautomator2-driver\lib\driver.ts:357:30)
    at AppiumDriver.createSession (C:\Users\JenkinsUser\AppData\Roaming\npm\node_modules\appium\lib\appium.js:379:35)
&amp#27;[38;5;215m[2d4cb248]&amp#27;[0m&amp#27;[38;5;86m[HTTP]&amp#27;[0m &amp#27;[37m<-- POST /session &amp#27;[39m&amp#27;[31m500&amp#27;[39m &amp#27;[90m199 ms - 696&amp#27;[39m &amp#27;[90m&amp#27;[39m
]]></system-out>
  </testcase>
  <testcase name="ThirdCase" classname="org.testCase.TestCase3" time="0">
    <skipped message="Could not start a new session. Response code 500. Message: An unknown server-side error occurred while processing the command. Original error: Device R3CRC00KHBT was not in the list of connected devices &#10;Host info: host: &apos;ELSA&apos;, ip: &apos;192.168.2.20&apos;&#10;Build info: version: &apos;4.33.0&apos;, revision: &apos;2c6aaad03a&apos;&#10;System info: os.name: &apos;Windows 11&apos;, os.arch: &apos;amd64&apos;, os.version: &apos;10.0&apos;, java.version: &apos;11.0.26&apos;&#10;Driver info: io.appium.java_client.android.AndroidDriver&#10;Command: [null, newSession {capabilities=[{appium:appActivity=com.androidsample.generalstore.SplashActivity, appium:appPackage=com.androidsample.generalstore, appium:automationName=UiAutomator2, appium:deviceName=Samsung_Galaxy_S21, appium:noReset=true, platformName=ANDROID, appium:platformVersion=10.0, appium:systemPort=8201, appium:udid=R3CRC00KHBT}], desiredCapabilities=Capabilities {appActivity: com.androidsample.generalst..., appPackage: com.androidsample.generalstore, automationName: UiAutomator2, deviceName: Samsung_Galaxy_S21, noReset: true, platformName: ANDROID, platformVersion: 10.0, systemPort: 8201, udid: R3CRC00KHBT}}]&#10;Capabilities {appActivity: com.androidsample.generalst..., appPackage: com.androidsample.generalstore, automationName: UiAutomator2, deviceName: Samsung_Galaxy_S21, noReset: true, platformName: ANDROID, platformVersion: 10.0, systemPort: 8201, udid: R3CRC00KHBT}"/>
  </testcase>
  <testcase name="ThirdCase" classname="org.testCase.TestCase3" time="25.236">
    <system-out><![CDATA[&amp#27;[38;5;180m[0c344714]&amp#27;[0m&amp#27;[38;5;86m[HTTP]&amp#27;[0m &amp#27;[37m-->&amp#27;[39m &amp#27;[37mPOST&amp#27;[39m &amp#27;[37m/session/0c344714-8f82-4d3f-b23e-b65b22e4b623/execute/sync&amp#27;[39m &amp#27;[90m{"script":"mobile: isAppInstalled","args":[{"bundleId":"com.androidsample.generalstore","appId":"com.androidsample.generalstore"}]}&amp#27;[39m
&amp#27;[38;5;180m[0c344714]&amp#27;[0m&amp#27;[38;5;-52m[AndroidUiautomator2Driver@b205]&amp#27;[0m Calling AppiumDriver.execute() with args: ["mobile: isAppInstalled",[{"bundleId":"com.androidsample.generalstore","appId":"com.androidsample.generalstore"}],"0c344714-8f82-4d3f-b23e-b65b22e4b623"]
&amp#27;[38;5;180m[0c344714]&amp#27;[0m&amp#27;[38;5;123m[BaseDriver]&amp#27;[0m The following script arguments are not known and will be ignored: bundleId
&amp#27;[38;5;180m[0c344714]&amp#27;[0m&amp#27;[38;5;229m[ADB]&amp#27;[0m Getting install status for com.androidsample.generalstore
&amp#27;[38;5;180m[0c344714]&amp#27;[0m&amp#27;[38;5;229m[ADB]&amp#27;[0m Running 'C:\Users\sajus\AppData\Local\Android\Sdk\platform-tools\adb.exe -P 5037 -s CTLID18120801016 shell cmd package list packages'
&amp#27;[38;5;180m[0c344714]&amp#27;[0m&amp#27;[38;5;229m[ADB]&amp#27;[0m 'com.androidsample.generalstore' is installed
&amp#27;[38;5;180m[0c344714]&amp#27;[0m&amp#27;[38;5;-52m[AndroidUiautomator2Driver@b205]&amp#27;[0m Responding to client with driver.execute() result: true
&amp#27;[38;5;180m[0c344714]&amp#27;[0m&amp#27;[38;5;86m[HTTP]&amp#27;[0m &amp#27;[37m<-- POST /session/0c344714-8f82-4d3f-b23e-b65b22e4b623/execute/sync &amp#27;[39m&amp#27;[32m200&amp#27;[39m &amp#27;[90m126 ms - 14&amp#27;[39m &amp#27;[90m&amp#27;[39m
&amp#27;[38;5;180m[0c344714]&amp#27;[0m&amp#27;[38;5;86m[HTTP]&amp#27;[0m &amp#27;[37m-->&amp#27;[39m &amp#27;[37mPOST&amp#27;[39m &amp#27;[37m/session/0c344714-8f82-4d3f-b23e-b65b22e4b623/execute/sync&amp#27;[39m &amp#27;[90m{"script":"mobile: terminateApp","args":[{"bundleId":"com.androidsample.generalstore","appId":"com.androidsample.generalstore"}]}&amp#27;[39m
&amp#27;[38;5;180m[0c344714]&amp#27;[0m&amp#27;[38;5;-52m[AndroidUiautomator2Driver@b205]&amp#27;[0m Calling AppiumDriver.execute() with args: ["mobile: terminateApp",[{"bundleId":"com.androidsample.generalstore","appId":"com.androidsample.generalstore"}],"0c344714-8f82-4d3f-b23e-b65b22e4b623"]
&amp#27;[38;5;180m[0c344714]&amp#27;[0m&amp#27;[38;5;123m[BaseDriver]&amp#27;[0m The following script arguments are not known and will be ignored: bundleId
&amp#27;[38;5;180m[0c344714]&amp#27;[0m&amp#27;[38;5;-52m[AndroidUiautomator2Driver@b205]&amp#27;[0m Terminating 'com.androidsample.generalstore'
&amp#27;[38;5;180m[0c344714]&amp#27;[0m&amp#27;[38;5;229m[ADB]&amp#27;[0m Getting IDs of all 'com.androidsample.generalstore' processes
&amp#27;[38;5;180m[0c344714]&amp#27;[0m&amp#27;[38;5;229m[ADB]&amp#27;[0m Running 'C:\Users\sajus\AppData\Local\Android\Sdk\platform-tools\adb.exe -P 5037 -s CTLID18120801016 shell pgrep -f \(\[\[:blank:\]\]\|\^\)com\.androidsample\.generalstore\(:\[a-zA-Z0-9_-\]\+\)\?\(\[\[:blank:\]\]\|\$\)'
&amp#27;[38;5;180m[0c344714]&amp#27;[0m&amp#27;[38;5;229m[ADB]&amp#27;[0m Running 'C:\Users\sajus\AppData\Local\Android\Sdk\platform-tools\adb.exe -P 5037 -s CTLID18120801016 shell am force-stop com.androidsample.generalstore'
&amp#27;[38;5;180m[0c344714]&amp#27;[0m&amp#27;[38;5;-52m[AndroidUiautomator2Driver@b205]&amp#27;[0m Querying the state of 'com.androidsample.generalstore'
&amp#27;[38;5;180m[0c344714]&amp#27;[0m&amp#27;[38;5;229m[ADB]&amp#27;[0m Getting install status for com.androidsample.generalstore
&amp#27;[38;5;180m[0c344714]&amp#27;[0m&amp#27;[38;5;229m[ADB]&amp#27;[0m Running 'C:\Users\sajus\AppData\Local\Android\Sdk\platform-tools\adb.exe -P 5037 -s CTLID18120801016 shell cmd package list packages'
&amp#27;[38;5;180m[0c344714]&amp#27;[0m&amp#27;[38;5;229m[ADB]&amp#27;[0m 'com.androidsample.generalstore' is installed
&amp#27;[38;5;180m[0c344714]&amp#27;[0m&amp#27;[38;5;229m[ADB]&amp#27;[0m Getting IDs of all 'com.androidsample.generalstore' processes
&amp#27;[38;5;180m[0c344714]&amp#27;[0m&amp#27;[38;5;229m[ADB]&amp#27;[0m Running 'C:\Users\sajus\AppData\Local\Android\Sdk\platform-tools\adb.exe -P 5037 -s CTLID18120801016 shell pgrep -f \(\[\[:blank:\]\]\|\^\)com\.androidsample\.generalstore\(:\[a-zA-Z0-9_-\]\+\)\?\(\[\[:blank:\]\]\|\$\)'
&amp#27;[38;5;180m[0c344714]&amp#27;[0m&amp#27;[38;5;-52m[AndroidUiautomator2Driver@b205]&amp#27;[0m 'com.androidsample.generalstore' has been successfully terminated
&amp#27;[38;5;180m[0c344714]&amp#27;[0m&amp#27;[38;5;-52m[AndroidUiautomator2Driver@b205]&amp#27;[0m Responding to client with driver.execute() result: true
&amp#27;[38;5;180m[0c344714]&amp#27;[0m&amp#27;[38;5;86m[HTTP]&amp#27;[0m &amp#27;[37m<-- POST /session/0c344714-8f82-4d3f-b23e-b65b22e4b623/execute/sync &amp#27;[39m&amp#27;[32m200&amp#27;[39m &amp#27;[90m495 ms - 14&amp#27;[39m &amp#27;[90m&amp#27;[39m
🛑 App terminated: com.androidsample.generalstore
&amp#27;[38;5;180m[0c344714]&amp#27;[0m&amp#27;[38;5;86m[HTTP]&amp#27;[0m &amp#27;[37m-->&amp#27;[39m &amp#27;[37mDELETE&amp#27;[39m &amp#27;[37m/session/0c344714-8f82-4d3f-b23e-b65b22e4b623&amp#27;[39m &amp#27;[90m{}&amp#27;[39m
&amp#27;[38;5;180m[0c344714]&amp#27;[0m&amp#27;[38;5;-52m[AndroidUiautomator2Driver@b205]&amp#27;[0m Calling AppiumDriver.deleteSession() with args: ["0c344714-8f82-4d3f-b23e-b65b22e4b623"]
&amp#27;[38;5;180m[0c344714]&amp#27;[0m&amp#27;[38;5;178m[AppiumDriver@2312]&amp#27;[0m Event 'quitSessionRequested' logged at 1750360936210 (15:22:16 GMT-0400 (Eastern Daylight Saving Time))
&amp#27;[38;5;180m[0c344714]&amp#27;[0m&amp#27;[38;5;178m[AppiumDriver@2312]&amp#27;[0m Removing session 0c344714-8f82-4d3f-b23e-b65b22e4b623 from our master session list
&amp#27;[38;5;180m[0c344714]&amp#27;[0m&amp#27;[38;5;-52m[AndroidUiautomator2Driver@b205]&amp#27;[0m Deleting UiAutomator2 session
&amp#27;[38;5;180m[0c344714]&amp#27;[0m&amp#27;[38;5;-52m[AndroidUiautomator2Driver@b205]&amp#27;[0m Deleting UiAutomator2 server session
&amp#27;[38;5;180m[0c344714]&amp#27;[0m&amp#27;[38;5;-52m[AndroidUiautomator2Driver@b205]&amp#27;[0m Proxying [DELETE /] to [DELETE http://127.0.0.1:8202/session/05978328-b83c-42ef-8bed-89ec22c29f6b] with no body
&amp#27;[38;5;180m[0c344714]&amp#27;[0m&amp#27;[38;5;-52m[AndroidUiautomator2Driver@b205]&amp#27;[0m Got response with status 200: {"sessionId":"05978328-b83c-42ef-8bed-89ec22c29f6b","value":null}
&amp#27;[38;5;180m[0c344714]&amp#27;[0m&amp#27;[38;5;229m[ADB]&amp#27;[0m Getting IDs of all 'io.appium.uiautomator2.server' processes
&amp#27;[38;5;180m[0c344714]&amp#27;[0m&amp#27;[38;5;229m[ADB]&amp#27;[0m Running 'C:\Users\sajus\AppData\Local\Android\Sdk\platform-tools\adb.exe -P 5037 -s CTLID18120801016 shell pgrep -f \(\[\[:blank:\]\]\|\^\)io\.appium\.uiautomator2\.server\(:\[a-zA-Z0-9_-\]\+\)\?\(\[\[:blank:\]\]\|\$\)'
&amp#27;[38;5;180m[0c344714]&amp#27;[0m&amp#27;[38;5;-52m[AndroidUiautomator2Driver@b205]&amp#27;[0m [Instrumentation] io.appium.uiautomator2.server.test.AppiumUiAutomator2Server:.
&amp#27;[38;5;180m[0c344714]&amp#27;[0m&amp#27;[38;5;-52m[AndroidUiautomator2Driver@b205]&amp#27;[0m [Instrumentation] 
&amp#27;[38;5;180m[0c344714]&amp#27;[0m&amp#27;[38;5;-52m[AndroidUiautomator2Driver@b205]&amp#27;[0m [Instrumentation] Time: 19.006
&amp#27;[38;5;180m[0c344714]&amp#27;[0m&amp#27;[38;5;-52m[AndroidUiautomator2Driver@b205]&amp#27;[0m [Instrumentation] 
&amp#27;[38;5;180m[0c344714]&amp#27;[0m&amp#27;[38;5;-52m[AndroidUiautomator2Driver@b205]&amp#27;[0m [Instrumentation] OK (1 test)
&amp#27;[38;5;180m[0c344714]&amp#27;[0m&amp#27;[38;5;-52m[AndroidUiautomator2Driver@b205]&amp#27;[0m [Instrumentation] 
&amp#27;[38;5;180m[0c344714]&amp#27;[0m&amp#27;[38;5;-52m[AndroidUiautomator2Driver@b205]&amp#27;[0m [Instrumentation] 
&amp#27;[38;5;180m[0c344714]&amp#27;[0m&amp#27;[38;5;-52m[AndroidUiautomator2Driver@b205]&amp#27;[0m [Instrumentation] The process has exited with code null, signal SIGTERM
&amp#27;[38;5;180m[0c344714]&amp#27;[0m&amp#27;[38;5;229m[ADB]&amp#27;[0m Running 'C:\Users\sajus\AppData\Local\Android\Sdk\platform-tools\adb.exe -P 5037 -s CTLID18120801016 shell am force-stop io.appium.uiautomator2.server'
&amp#27;[38;5;180m[0c344714]&amp#27;[0m&amp#27;[38;5;229m[ADB]&amp#27;[0m Running 'C:\Users\sajus\AppData\Local\Android\Sdk\platform-tools\adb.exe -P 5037 -s CTLID18120801016 shell am force-stop io.appium.uiautomator2.server.test'
&amp#27;[38;5;180m[0c344714]&amp#27;[0m&amp#27;[38;5;229m[ADB]&amp#27;[0m Running 'C:\Users\sajus\AppData\Local\Android\Sdk\platform-tools\adb.exe -P 5037 -s CTLID18120801016 shell dumpsys activity services io.appium.settings/.recorder.RecorderService'
&amp#27;[38;5;180m[0c344714]&amp#27;[0m&amp#27;[38;5;229m[ADB]&amp#27;[0m Removing forwarded port socket connection: 8202 
&amp#27;[38;5;180m[0c344714]&amp#27;[0m&amp#27;[38;5;229m[ADB]&amp#27;[0m Running 'C:\Users\sajus\AppData\Local\Android\Sdk\platform-tools\adb.exe -P 5037 -s CTLID18120801016 forward --remove tcp:8202'
&amp#27;[38;5;180m[0c344714]&amp#27;[0m&amp#27;[38;5;-52m[AndroidUiautomator2Driver@b205]&amp#27;[0m Restoring hidden api policy to the device default configuration
&amp#27;[38;5;180m[0c344714]&amp#27;[0m&amp#27;[38;5;229m[ADB]&amp#27;[0m Running 'C:\Users\sajus\AppData\Local\Android\Sdk\platform-tools\adb.exe -P 5037 -s CTLID18120801016 shell 'settings delete global hidden_api_policy_pre_p_apps;settings delete global hidden_api_policy_p_apps;settings delete global hidden_api_policy''
&amp#27;[38;5;180m[0c344714]&amp#27;[0m&amp#27;[38;5;160m[Logcat]&amp#27;[0m Stopping logcat capture
&amp#27;[38;5;180m[0c344714]&amp#27;[0m&amp#27;[38;5;178m[AppiumDriver@2312]&amp#27;[0m Event 'quitSessionFinished' logged at 1750360936791 (15:22:16 GMT-0400 (Eastern Daylight Saving Time))
&amp#27;[38;5;180m[0c344714]&amp#27;[0m&amp#27;[38;5;178m[AppiumDriver@2312]&amp#27;[0m Received response: null
&amp#27;[38;5;180m[0c344714]&amp#27;[0m&amp#27;[38;5;178m[AppiumDriver@2312]&amp#27;[0m But deleting session, so not returning
&amp#27;[38;5;180m[0c344714]&amp#27;[0m&amp#27;[38;5;178m[AppiumDriver@2312]&amp#27;[0m Responding to client with driver.deleteSession() result: null
&amp#27;[38;5;180m[0c344714]&amp#27;[0m&amp#27;[38;5;86m[HTTP]&amp#27;[0m &amp#27;[37m<-- DELETE /session/0c344714-8f82-4d3f-b23e-b65b22e4b623 &amp#27;[39m&amp#27;[32m200&amp#27;[39m &amp#27;[90m583 ms - 14&amp#27;[39m &amp#27;[90m&amp#27;[39m
&amp#27;[38;5;86m[HTTP]&amp#27;[0m &amp#27;[37m-->&amp#27;[39m &amp#27;[37mGET&amp#27;[39m &amp#27;[37m/status&amp#27;[39m &amp#27;[90m{}&amp#27;[39m
&amp#27;[38;5;178m[AppiumDriver@2312]&amp#27;[0m Calling AppiumDriver.getStatus() with args: []
&amp#27;[38;5;178m[AppiumDriver@2312]&amp#27;[0m Responding to client with driver.getStatus() result: {"ready":true,"message":"The server is ready to accept new connections","build":{"version":"2.19.0"}}
&amp#27;[38;5;86m[HTTP]&amp#27;[0m &amp#27;[37m<-- GET /status &amp#27;[39m&amp#27;[32m200&amp#27;[39m &amp#27;[90m1 ms - 111&amp#27;[39m &amp#27;[90m&amp#27;[39m
Appium server stopped
✅ Test completed for device: Nokia
&amp#27;[38;5;112m[Appium]&amp#27;[0m Welcome to Appium v2.19.0
&amp#27;[38;5;112m[Appium]&amp#27;[0m The autodetected Appium home path: C:\Users\sajus\.appium
&amp#27;[38;5;112m[Appium]&amp#27;[0m Attempting to load driver uiautomator2...
&amp#27;[38;5;112m[Appium]&amp#27;[0m Requiring driver at C:\Users\sajus\.appium\node_modules\appium-uiautomator2-driver\build\index.js
&amp#27;[38;5;112m[Appium]&amp#27;[0m AndroidUiautomator2Driver has been successfully loaded in 1.282s
&amp#27;[38;5;112m[Appium]&amp#27;[0m Appium REST http interface listener started on http://0.0.0.0:4723
&amp#27;[38;5;112m[Appium]&amp#27;[0m You can provide the following URLs in your client code to connect to this server:
	http://192.168.2.20:4723/
	http://127.0.0.1:4723/ (only accessible from the same host)
&amp#27;[38;5;112m[Appium]&amp#27;[0m Available drivers:
&amp#27;[38;5;112m[Appium]&amp#27;[0m   - uiautomator2@4.2.3 (automationName 'UiAutomator2')
&amp#27;[38;5;112m[Appium]&amp#27;[0m No plugins have been installed. Use the "appium plugin" command to install the one(s) you want to use.
&amp#27;[38;5;86m[HTTP]&amp#27;[0m &amp#27;[37m-->&amp#27;[39m &amp#27;[37mGET&amp#27;[39m &amp#27;[37m/status&amp#27;[39m &amp#27;[90m{}&amp#27;[39m
&amp#27;[38;5;131m[AppiumDriver@47fb]&amp#27;[0m Calling AppiumDriver.getStatus() with args: []
&amp#27;[38;5;131m[AppiumDriver@47fb]&amp#27;[0m Responding to client with driver.getStatus() result: {"ready":true,"message":"The server is ready to accept new connections","build":{"version":"2.19.0"}}
&amp#27;[38;5;86m[HTTP]&amp#27;[0m &amp#27;[37m<-- GET /status &amp#27;[39m&amp#27;[32m200&amp#27;[39m &amp#27;[90m5 ms - 111&amp#27;[39m &amp#27;[90m&amp#27;[39m
&amp#27;[38;5;86m[HTTP]&amp#27;[0m Request idempotency key: 53c0f8ab-3949-435d-ba49-220f63128143
&amp#27;[38;5;86m[HTTP]&amp#27;[0m &amp#27;[37m-->&amp#27;[39m &amp#27;[37mPOST&amp#27;[39m &amp#27;[37m/session&amp#27;[39m &amp#27;[90m{"capabilities":{"firstMatch":[{}],"alwaysMatch":{"appium:appActivity":"com.androidsample.generalstore.SplashActivity","appium:appPackage":"com.androidsample.generalstore","appium:automationName":"UiAutomator2","appium:deviceName":"Nokia","appium:noReset":true,"appium:platformVersion":"11.0","appium:systemPort":8202,"appium:udid":"CTLID18120801016","platformName":"ANDROID"}}}&amp#27;[39m
&amp#27;[38;5;131m[AppiumDriver@47fb]&amp#27;[0m Calling AppiumDriver.createSession() with args: [null,null,{"firstMatch":[{}],"alwaysMatch":{"appium:appActivity":"com.androidsample.generalstore.SplashActivity","appium:appPackage":"com.androidsample.generalstore","appium:automationName":"UiAutomator2","appium:deviceName":"Nokia","appium:noReset":true,"appium:platformVersion":"11.0","appium:systemPort":8202,"appium:udid":"CTLID18120801016","platformName":"ANDROID"}}]
&amp#27;[38;5;131m[AppiumDriver@47fb]&amp#27;[0m Event 'newSessionRequested' logged at 1750360941043 (15:22:21 GMT-0400 (Eastern Daylight Saving Time))
&amp#27;[38;5;112m[Appium]&amp#27;[0m Attempting to find matching driver for automationName 'UiAutomator2' and platformName 'ANDROID'
&amp#27;[38;5;112m[Appium]&amp#27;[0m The 'uiautomator2' driver was installed and matched caps.
&amp#27;[38;5;112m[Appium]&amp#27;[0m Will require it at C:\Users\sajus\.appium\node_modules\appium-uiautomator2-driver
&amp#27;[38;5;112m[Appium]&amp#27;[0m Requiring driver at C:\Users\sajus\.appium\node_modules\appium-uiautomator2-driver\build\index.js
&amp#27;[38;5;131m[AppiumDriver@47fb]&amp#27;[0m Appium v2.19.0 creating new AndroidUiautomator2Driver (v4.2.3) session
&amp#27;[38;5;131m[AppiumDriver@47fb]&amp#27;[0m Checking BaseDriver versions for Appium and AndroidUiautomator2Driver
&amp#27;[38;5;131m[AppiumDriver@47fb]&amp#27;[0m Appium's BaseDriver version is 9.18.0
&amp#27;[38;5;131m[AppiumDriver@47fb]&amp#27;[0m AndroidUiautomator2Driver's BaseDriver version is 9.18.0
&amp#27;[38;5;-4m[AndroidUiautomator2Driver@71b9]&amp#27;[0m 
&amp#27;[38;5;-4m[AndroidUiautomator2Driver@71b9]&amp#27;[0m Creating session with W3C capabilities: {
  "alwaysMatch": {
    "platformName": "ANDROID",
    "appium:appActivity": "com.androidsample.generalstore.SplashActivity",
    "appium:appPackage": "com.androidsample.generalstore",
    "appium:automationName": "UiAutomator2",
    "appium:deviceName": "Nokia",
    "appium:noReset": true,
    "appium:platformVersion": "11.0",
    "appium:systemPort": 8202,
    "appium:udid": "CTLID18120801016"
  },
  "firstMatch": [
    {}
  ]
}
&amp#27;[38;5;122m[bd289573]&amp#27;[0m&amp#27;[38;5;-4m[AndroidUiautomator2Driver@71b9]&amp#27;[0m Session created with session id: bd289573-53e7-4628-849e-3a8efb3ab045
&amp#27;[38;5;122m[bd289573]&amp#27;[0m&amp#27;[38;5;229m[ADB]&amp#27;[0m Found 3 'build-tools' folders under 'C:\Users\sajus\AppData\Local\Android\Sdk' (newest first):
&amp#27;[38;5;122m[bd289573]&amp#27;[0m&amp#27;[38;5;229m[ADB]&amp#27;[0m     C:\Users\sajus\AppData\Local\Android\Sdk\build-tools\36.0.0
&amp#27;[38;5;122m[bd289573]&amp#27;[0m&amp#27;[38;5;229m[ADB]&amp#27;[0m     C:\Users\sajus\AppData\Local\Android\Sdk\build-tools\35.0.1
&amp#27;[38;5;122m[bd289573]&amp#27;[0m&amp#27;[38;5;229m[ADB]&amp#27;[0m     C:\Users\sajus\AppData\Local\Android\Sdk\build-tools\35.0.0
&amp#27;[38;5;122m[bd289573]&amp#27;[0m&amp#27;[38;5;229m[ADB]&amp#27;[0m Using 'adb.exe' from 'C:\Users\sajus\AppData\Local\Android\Sdk\platform-tools\adb.exe'
&amp#27;[38;5;122m[bd289573]&amp#27;[0m&amp#27;[38;5;229m[ADB]&amp#27;[0m Running 'C:\Users\sajus\AppData\Local\Android\Sdk\platform-tools\adb.exe -P 5037 start-server'
&amp#27;[38;5;122m[bd289573]&amp#27;[0m&amp#27;[38;5;-4m[AndroidUiautomator2Driver@71b9]&amp#27;[0m Retrieving device list
&amp#27;[38;5;122m[bd289573]&amp#27;[0m&amp#27;[38;5;229m[ADB]&amp#27;[0m Trying to find connected Android devices
&amp#27;[38;5;122m[bd289573]&amp#27;[0m&amp#27;[38;5;229m[ADB]&amp#27;[0m Getting connected devices
&amp#27;[38;5;122m[bd289573]&amp#27;[0m&amp#27;[38;5;229m[ADB]&amp#27;[0m Connected devices: [{"udid":"CTLID18120801016","state":"device"}]
&amp#27;[38;5;122m[bd289573]&amp#27;[0m&amp#27;[38;5;-4m[AndroidUiautomator2Driver@71b9]&amp#27;[0m Using device: CTLID18120801016
&amp#27;[38;5;122m[bd289573]&amp#27;[0m&amp#27;[38;5;229m[ADB]&amp#27;[0m Using 'adb.exe' from 'C:\Users\sajus\AppData\Local\Android\Sdk\platform-tools\adb.exe'
&amp#27;[38;5;122m[bd289573]&amp#27;[0m&amp#27;[38;5;229m[ADB]&amp#27;[0m Running 'C:\Users\sajus\AppData\Local\Android\Sdk\platform-tools\adb.exe -P 5037 start-server'
&amp#27;[38;5;122m[bd289573]&amp#27;[0m&amp#27;[38;5;229m[ADB]&amp#27;[0m Setting device id to CTLID18120801016
&amp#27;[38;5;122m[bd289573]&amp#27;[0m&amp#27;[38;5;-4m[AndroidUiautomator2Driver@71b9]&amp#27;[0m Starting 'com.androidsample.generalstore' directly on the device
&amp#27;[38;5;122m[bd289573]&amp#27;[0m&amp#27;[38;5;229m[ADB]&amp#27;[0m Running 'C:\Users\sajus\AppData\Local\Android\Sdk\platform-tools\adb.exe -P 5037 -s CTLID18120801016 shell getprop ro.build.version.sdk'
&amp#27;[38;5;122m[bd289573]&amp#27;[0m&amp#27;[38;5;229m[ADB]&amp#27;[0m Current device property 'ro.build.version.sdk': 29
&amp#27;[38;5;122m[bd289573]&amp#27;[0m&amp#27;[38;5;229m[ADB]&amp#27;[0m Getting device platform version
&amp#27;[38;5;122m[bd289573]&amp#27;[0m&amp#27;[38;5;229m[ADB]&amp#27;[0m Running 'C:\Users\sajus\AppData\Local\Android\Sdk\platform-tools\adb.exe -P 5037 -s CTLID18120801016 shell getprop ro.build.version.release'
&amp#27;[38;5;122m[bd289573]&amp#27;[0m&amp#27;[38;5;229m[ADB]&amp#27;[0m Current device property 'ro.build.version.release': 10
&amp#27;[38;5;122m[bd289573]&amp#27;[0m&amp#27;[38;5;229m[ADB]&amp#27;[0m Device API level: 29
&amp#27;[38;5;122m[bd289573]&amp#27;[0m&amp#27;[38;5;-4m[AndroidUiautomator2Driver@71b9]&amp#27;[0m Relaxing hidden api policy
&amp#27;[38;5;122m[bd289573]&amp#27;[0m&amp#27;[38;5;229m[ADB]&amp#27;[0m Running 'C:\Users\sajus\AppData\Local\Android\Sdk\platform-tools\adb.exe -P 5037 -s CTLID18120801016 shell 'settings put global hidden_api_policy_pre_p_apps 1;settings put global hidden_api_policy_p_apps 1;settings put global hidden_api_policy 1''
&amp#27;[38;5;122m[bd289573]&amp#27;[0m&amp#27;[38;5;-4m[AndroidUiautomator2Driver@71b9]&amp#27;[0m Pushing settings apk to the device...
&amp#27;[38;5;122m[bd289573]&amp#27;[0m&amp#27;[38;5;229m[ADB]&amp#27;[0m Getting package info for 'io.appium.settings'
&amp#27;[38;5;122m[bd289573]&amp#27;[0m&amp#27;[38;5;229m[ADB]&amp#27;[0m Running 'C:\Users\sajus\AppData\Local\Android\Sdk\platform-tools\adb.exe -P 5037 -s CTLID18120801016 shell dumpsys package io.appium.settings'
&amp#27;[38;5;122m[bd289573]&amp#27;[0m&amp#27;[38;5;229m[ADB]&amp#27;[0m Using 'aapt2.exe' from 'C:\Users\sajus\AppData\Local\Android\Sdk\build-tools\36.0.0\aapt2.exe'
&amp#27;[38;5;122m[bd289573]&amp#27;[0m&amp#27;[38;5;229m[ADB]&amp#27;[0m Reading package manifest: 'C:\\Users\\sajus\\AppData\\Local\\Android\\Sdk\\build-tools\\36.0.0\\aapt2.exe dump badging C:\\Users\\sajus\\.appium\\node_modules\\appium-uiautomator2-driver\\node_modules\\io.appium.settings\\apks\\settings_apk-debug.apk'
&amp#27;[38;5;122m[bd289573]&amp#27;[0m&amp#27;[38;5;229m[ADB]&amp#27;[0m The version name of the installed 'io.appium.settings' is greater or equal to the application version name ('5.14.8' >= '5.14.8')
&amp#27;[38;5;122m[bd289573]&amp#27;[0m&amp#27;[38;5;229m[ADB]&amp#27;[0m There is no need to install/upgrade 'C:\Users\sajus\.appium\node_modules\appium-uiautomator2-driver\node_modules\io.appium.settings\apks\settings_apk-debug.apk'
&amp#27;[38;5;122m[bd289573]&amp#27;[0m&amp#27;[38;5;229m[ADB]&amp#27;[0m Running 'C:\Users\sajus\AppData\Local\Android\Sdk\platform-tools\adb.exe -P 5037 -s CTLID18120801016 shell dumpsys activity services io.appium.settings'
&amp#27;[38;5;122m[bd289573]&amp#27;[0m&amp#27;[38;5;-4m[AndroidUiautomator2Driver@71b9]&amp#27;[0m io.appium.settings is already running. There is no need to reset its permissions.
&amp#27;[38;5;122m[bd289573]&amp#27;[0m&amp#27;[38;5;160m[Logcat]&amp#27;[0m Starting logs capture with command: C:\\Users\\sajus\\AppData\\Local\\Android\\Sdk\\platform-tools\\adb.exe -P 5037 -s CTLID18120801016 logcat -v threadtime
&amp#27;[38;5;122m[bd289573]&amp#27;[0m&amp#27;[38;5;229m[ADB]&amp#27;[0m Running 'C:\Users\sajus\AppData\Local\Android\Sdk\platform-tools\adb.exe -P 5037 -s CTLID18120801016 shell appops set io.appium.settings android:mock_location allow'
&amp#27;[38;5;122m[bd289573]&amp#27;[0m&amp#27;[38;5;229m[ADB]&amp#27;[0m Running 'C:\Users\sajus\AppData\Local\Android\Sdk\platform-tools\adb.exe -P 5037 -s CTLID18120801016 shell "[ -e '/data/local/tmp/mock_apps.json' ] && echo __PASS__"'
&amp#27;[38;5;122m[bd289573]&amp#27;[0m&amp#27;[38;5;229m[ADB]&amp#27;[0m Running 'C:\Users\sajus\AppData\Local\Android\Sdk\platform-tools\adb.exe -P 5037 -s CTLID18120801016 shell cat /data/local/tmp/mock_apps.json'
&amp#27;[38;5;122m[bd289573]&amp#27;[0m&amp#27;[38;5;-4m[AndroidUiautomator2Driver@71b9]&amp#27;[0m Forwarding UiAutomator2 Server port 6790 to local port 8202
&amp#27;[38;5;122m[bd289573]&amp#27;[0m&amp#27;[38;5;229m[ADB]&amp#27;[0m Forwarding system: 8202 to device: 6790
&amp#27;[38;5;122m[bd289573]&amp#27;[0m&amp#27;[38;5;229m[ADB]&amp#27;[0m Running 'C:\Users\sajus\AppData\Local\Android\Sdk\platform-tools\adb.exe -P 5037 -s CTLID18120801016 forward tcp:8202 tcp:6790'
&amp#27;[38;5;122m[bd289573]&amp#27;[0m&amp#27;[38;5;-4m[AndroidUiautomator2Driver@71b9]&amp#27;[0m UIA2Proxy options: {"server":"127.0.0.1","port":8202,"keepAlive":true,"scheme":"http","base":"","reqBasePath":"","sessionId":null,"timeout":240000}
&amp#27;[38;5;122m[bd289573]&amp#27;[0m&amp#27;[38;5;229m[ADB]&amp#27;[0m Getting package info for 'io.appium.uiautomator2.server'
&amp#27;[38;5;122m[bd289573]&amp#27;[0m&amp#27;[38;5;229m[ADB]&amp#27;[0m Running 'C:\Users\sajus\AppData\Local\Android\Sdk\platform-tools\adb.exe -P 5037 -s CTLID18120801016 shell dumpsys package io.appium.uiautomator2.server'
&amp#27;[38;5;122m[bd289573]&amp#27;[0m&amp#27;[38;5;229m[ADB]&amp#27;[0m Getting install status for io.appium.uiautomator2.server.test
&amp#27;[38;5;122m[bd289573]&amp#27;[0m&amp#27;[38;5;-4m[AndroidUiautomator2Driver@71b9]&amp#27;[0m No app capability. Assuming it is already on the device
&amp#27;[38;5;122m[bd289573]&amp#27;[0m&amp#27;[38;5;229m[ADB]&amp#27;[0m Running 'C:\Users\sajus\AppData\Local\Android\Sdk\platform-tools\adb.exe -P 5037 -s CTLID18120801016 shell cmd package list packages'
&amp#27;[38;5;122m[bd289573]&amp#27;[0m&amp#27;[38;5;229m[ADB]&amp#27;[0m Reading package manifest: 'C:\\Users\\sajus\\AppData\\Local\\Android\\Sdk\\build-tools\\36.0.0\\aapt2.exe dump badging C:\\Users\\sajus\\.appium\\node_modules\\appium-uiautomator2-driver\\node_modules\\appium-uiautomator2-server\\apks\\appium-uiautomator2-server-v7.5.2.apk'
&amp#27;[38;5;122m[bd289573]&amp#27;[0m&amp#27;[38;5;229m[ADB]&amp#27;[0m 'io.appium.uiautomator2.server.test' is installed
&amp#27;[38;5;122m[bd289573]&amp#27;[0m&amp#27;[38;5;229m[ADB]&amp#27;[0m The version name of the installed 'io.appium.uiautomator2.server' is greater or equal to the application version name ('7.5.2' >= '7.5.2')
&amp#27;[38;5;122m[bd289573]&amp#27;[0m&amp#27;[38;5;-4m[AndroidUiautomator2Driver@71b9]&amp#27;[0m Server packages status: [{"installState":"sameVersionInstalled","appPath":"C:\\Users\\sajus\\.appium\\node_modules\\appium-uiautomator2-driver\\node_modules\\appium-uiautomator2-server\\apks\\appium-uiautomator2-server-v7.5.2.apk","appId":"io.appium.uiautomator2.server"},{"installState":"sameVersionInstalled","appPath":"C:\\Users\\sajus\\.appium\\node_modules\\appium-uiautomator2-driver\\node_modules\\appium-uiautomator2-server\\apks\\appium-uiautomator2-server-debug-androidTest.apk","appId":"io.appium.uiautomator2.server.test"}]
&amp#27;[38;5;122m[bd289573]&amp#27;[0m&amp#27;[38;5;-4m[AndroidUiautomator2Driver@71b9]&amp#27;[0m Server packages are not going to be (re)installed
&amp#27;[38;5;122m[bd289573]&amp#27;[0m&amp#27;[38;5;-4m[AndroidUiautomator2Driver@71b9]&amp#27;[0m Waiting up to 30000ms for services to be available
&amp#27;[38;5;122m[bd289573]&amp#27;[0m&amp#27;[38;5;229m[ADB]&amp#27;[0m Running 'C:\Users\sajus\AppData\Local\Android\Sdk\platform-tools\adb.exe -P 5037 -s CTLID18120801016 shell pm list instrumentation'
&amp#27;[38;5;122m[bd289573]&amp#27;[0m&amp#27;[38;5;-4m[AndroidUiautomator2Driver@71b9]&amp#27;[0m Instrumentation target 'io.appium.uiautomator2.server.test/androidx.test.runner.AndroidJUnitRunner' is available
&amp#27;[38;5;122m[bd289573]&amp#27;[0m&amp#27;[38;5;229m[ADB]&amp#27;[0m Adding packages ["io.appium.settings","io.appium.uiautomator2.server","io.appium.uiautomator2.server.test"] to Doze whitelist
&amp#27;[38;5;122m[bd289573]&amp#27;[0m&amp#27;[38;5;229m[ADB]&amp#27;[0m Got the following command chunks to execute: [["dumpsys","deviceidle","whitelist","+io.appium.settings",";","dumpsys","deviceidle","whitelist","+io.appium.uiautomator2.server",";","dumpsys","deviceidle","whitelist","+io.appium.uiautomator2.server.test",";"]]
&amp#27;[38;5;122m[bd289573]&amp#27;[0m&amp#27;[38;5;229m[ADB]&amp#27;[0m Running 'C:\Users\sajus\AppData\Local\Android\Sdk\platform-tools\adb.exe -P 5037 -s CTLID18120801016 shell dumpsys deviceidle whitelist +io.appium.settings ; dumpsys deviceidle whitelist +io.appium.uiautomator2.server ; dumpsys deviceidle whitelist +io.appium.uiautomator2.server.test ;'
&amp#27;[38;5;122m[bd289573]&amp#27;[0m&amp#27;[38;5;-4m[AndroidUiautomator2Driver@71b9]&amp#27;[0m Performing shallow cleanup of automation leftovers
&amp#27;[38;5;122m[bd289573]&amp#27;[0m&amp#27;[38;5;-4m[AndroidUiautomator2Driver@71b9]&amp#27;[0m No obsolete sessions have been detected (socket hang up)
&amp#27;[38;5;122m[bd289573]&amp#27;[0m&amp#27;[38;5;229m[ADB]&amp#27;[0m Running 'C:\Users\sajus\AppData\Local\Android\Sdk\platform-tools\adb.exe -P 5037 -s CTLID18120801016 shell am force-stop io.appium.uiautomator2.server'
&amp#27;[38;5;122m[bd289573]&amp#27;[0m&amp#27;[38;5;229m[ADB]&amp#27;[0m Running 'C:\Users\sajus\AppData\Local\Android\Sdk\platform-tools\adb.exe -P 5037 -s CTLID18120801016 shell am force-stop io.appium.uiautomator2.server.test'
&amp#27;[38;5;122m[bd289573]&amp#27;[0m&amp#27;[38;5;-4m[AndroidUiautomator2Driver@71b9]&amp#27;[0m Starting UIAutomator2 server 7.5.2
&amp#27;[38;5;122m[bd289573]&amp#27;[0m&amp#27;[38;5;-4m[AndroidUiautomator2Driver@71b9]&amp#27;[0m Using UIAutomator2 server from 'C:\Users\sajus\.appium\node_modules\appium-uiautomator2-driver\node_modules\appium-uiautomator2-server\apks\appium-uiautomator2-server-v7.5.2.apk' and test from 'C:\Users\sajus\.appium\node_modules\appium-uiautomator2-driver\node_modules\appium-uiautomator2-server\apks\appium-uiautomator2-server-debug-androidTest.apk'
&amp#27;[38;5;122m[bd289573]&amp#27;[0m&amp#27;[38;5;-4m[AndroidUiautomator2Driver@71b9]&amp#27;[0m Waiting up to 30000ms for UiAutomator2 to be online...
&amp#27;[38;5;122m[bd289573]&amp#27;[0m&amp#27;[38;5;229m[ADB]&amp#27;[0m Creating ADB subprocess with args: ["-P","5037","-s","CTLID18120801016","shell","am","instrument","-w","-e","disableAnalytics","true","io.appium.uiautomator2.server.test/androidx.test.runner.AndroidJUnitRunner"]
&amp#27;[38;5;122m[bd289573]&amp#27;[0m&amp#27;[38;5;-4m[AndroidUiautomator2Driver@71b9]&amp#27;[0m Matched '/status' to command name 'getStatus'
&amp#27;[38;5;122m[bd289573]&amp#27;[0m&amp#27;[38;5;-4m[AndroidUiautomator2Driver@71b9]&amp#27;[0m Proxying [GET /status] to [GET http://127.0.0.1:8202/status] with no body
&amp#27;[38;5;122m[bd289573]&amp#27;[0m&amp#27;[38;5;-4m[AndroidUiautomator2Driver@71b9]&amp#27;[0m socket hang up
&amp#27;[38;5;122m[bd289573]&amp#27;[0m&amp#27;[38;5;-4m[AndroidUiautomator2Driver@71b9]&amp#27;[0m Matched '/status' to command name 'getStatus'
&amp#27;[38;5;122m[bd289573]&amp#27;[0m&amp#27;[38;5;-4m[AndroidUiautomator2Driver@71b9]&amp#27;[0m Proxying [GET /status] to [GET http://127.0.0.1:8202/status] with no body
&amp#27;[38;5;122m[bd289573]&amp#27;[0m&amp#27;[38;5;-4m[AndroidUiautomator2Driver@71b9]&amp#27;[0m socket hang up
&amp#27;[38;5;122m[bd289573]&amp#27;[0m&amp#27;[38;5;-4m[AndroidUiautomator2Driver@71b9]&amp#27;[0m [Instrumentation] 
&amp#27;[38;5;122m[bd289573]&amp#27;[0m&amp#27;[38;5;-4m[AndroidUiautomator2Driver@71b9]&amp#27;[0m Matched '/status' to command name 'getStatus'
&amp#27;[38;5;122m[bd289573]&amp#27;[0m&amp#27;[38;5;-4m[AndroidUiautomator2Driver@71b9]&amp#27;[0m Proxying [GET /status] to [GET http://127.0.0.1:8202/status] with no body
&amp#27;[38;5;122m[bd289573]&amp#27;[0m&amp#27;[38;5;-4m[AndroidUiautomator2Driver@71b9]&amp#27;[0m Got response with status 200: {"sessionId":"None","value":{"message":"UiAutomator2 Server is ready to accept commands","ready":true}}
&amp#27;[38;5;122m[bd289573]&amp#27;[0m&amp#27;[38;5;-4m[AndroidUiautomator2Driver@71b9]&amp#27;[0m The initialization of the instrumentation process took 2211ms
&amp#27;[38;5;122m[bd289573]&amp#27;[0m&amp#27;[38;5;-4m[AndroidUiautomator2Driver@71b9]&amp#27;[0m Matched '/session' to command name 'createSession'
&amp#27;[38;5;122m[bd289573]&amp#27;[0m&amp#27;[38;5;-4m[AndroidUiautomator2Driver@71b9]&amp#27;[0m Proxying [POST /session] to [POST http://127.0.0.1:8202/session] with body: {"capabilities":{"firstMatch":[{"platformName":"ANDROID","appActivity":"com.androidsample.generalstore.SplashActivity","appPackage":"com.androidsample.generalstore","automationName":"UiAutomator2","deviceName":"CTLID18120801016","noReset":true,"platformVersion":"11.0","systemPort":8202,"udid":"CTLID18120801016","platform":"LINUX","webStorageEnabled":false,"takesScreenshot":true,"javascriptEnabled":true,"databaseEnabled":false,"networkConnectionEnabled":true,"locationContextEnabled":false,"warnings":{},"desired":{"platformName":"ANDROID","appActivity":"com.androidsample.generalstore.SplashActivity","appPackage":"com.androidsample.generalstore","automationName":"UiAutomator2","deviceName":"Nokia","noReset":true,"platformVersion":"11.0","systemPort":8202,"udid":"CTLID18120801016"},"deviceUDID":"CTLID18120801016"}],"alwaysMatch":{}}}
&amp#27;[38;5;122m[bd289573]&amp#27;[0m&amp#27;[38;5;-4m[AndroidUiautomator2Driver@71b9]&amp#27;[0m Got response with status 200: {"sessionId":"edb432b8-4747-4727-841b-9c05c196febb","value":{"capabilities":{"firstMatch":[{"platformName":"ANDROID","appActivity":"com.androidsample.generalstore.SplashActivity","appPackage":"com.androidsample.generalstore","automationName":"UiAutomator2","deviceName":"CTLID18120801016","noReset":true,"platformVersion":"11.0","systemPort":8202,"udid":"CTLID18120801016","platform":"LINUX","webStorageEnabled":false,"takesScreenshot":true,"javascriptEnabled":true,"databaseEnabled":false,"networkConnectionEnabled":true,"locationContextEnabled":false,"warnings":{},"desired":{"platformName":"ANDROID","appActivity":"com.androidsample.generalstore.SplashActivity","appPackage":"com.androidsample.generalstore","automationName":"UiAutomator2","deviceName":"Nokia","noReset":true,"platformVersion":"11.0","systemPort":8202,"udid":"CTLID18120801016"},"deviceUDID":"CTLID18120801016"}],"alwaysMatch":{}},"sessionId":"edb432b8-4747-4727-841b-9c05c196febb"}}
&amp#27;[38;5;122m[bd289573]&amp#27;[0m&amp#27;[38;5;-4m[AndroidUiautomator2Driver@71b9]&amp#27;[0m Determined the downstream protocol as 'W3C'
&amp#27;[38;5;122m[bd289573]&amp#27;[0m&amp#27;[38;5;-4m[AndroidUiautomator2Driver@71b9]&amp#27;[0m Proxying [GET /appium/device/pixel_ratio] to [GET http://127.0.0.1:8202/session/edb432b8-4747-4727-841b-9c05c196febb/appium/device/pixel_ratio] with no body
&amp#27;[38;5;122m[bd289573]&amp#27;[0m&amp#27;[38;5;-4m[AndroidUiautomator2Driver@71b9]&amp#27;[0m Matched '/appium/device/system_bars' to command name 'getSystemBars'
&amp#27;[38;5;122m[bd289573]&amp#27;[0m&amp#27;[38;5;-4m[AndroidUiautomator2Driver@71b9]&amp#27;[0m Proxying [GET /appium/device/system_bars] to [GET http://127.0.0.1:8202/session/edb432b8-4747-4727-841b-9c05c196febb/appium/device/system_bars] with no body
&amp#27;[38;5;122m[bd289573]&amp#27;[0m&amp#27;[38;5;-4m[AndroidUiautomator2Driver@71b9]&amp#27;[0m Matched '/window/current/size' to command name 'getWindowSize'
&amp#27;[38;5;122m[bd289573]&amp#27;[0m&amp#27;[38;5;-4m[AndroidUiautomator2Driver@71b9]&amp#27;[0m Proxying [GET /window/current/size] to [GET http://127.0.0.1:8202/session/edb432b8-4747-4727-841b-9c05c196febb/window/current/size] with no body
&amp#27;[38;5;122m[bd289573]&amp#27;[0m&amp#27;[38;5;-4m[AndroidUiautomator2Driver@71b9]&amp#27;[0m Proxying [GET /appium/device/info] to [GET http://127.0.0.1:8202/session/edb432b8-4747-4727-841b-9c05c196febb/appium/device/info] with no body
&amp#27;[38;5;122m[bd289573]&amp#27;[0m&amp#27;[38;5;229m[ADB]&amp#27;[0m Running 'C:\Users\sajus\AppData\Local\Android\Sdk\platform-tools\adb.exe -P 5037 -s CTLID18120801016 shell dumpsys window'
&amp#27;[38;5;122m[bd289573]&amp#27;[0m&amp#27;[38;5;229m[ADB]&amp#27;[0m Running 'C:\Users\sajus\AppData\Local\Android\Sdk\platform-tools\adb.exe -P 5037 -s CTLID18120801016 shell dumpsys power'
&amp#27;[38;5;122m[bd289573]&amp#27;[0m&amp#27;[38;5;-4m[AndroidUiautomator2Driver@71b9]&amp#27;[0m Got response with status 200: {"sessionId":"edb432b8-4747-4727-841b-9c05c196febb","value":2.625}
&amp#27;[38;5;122m[bd289573]&amp#27;[0m&amp#27;[38;5;-4m[AndroidUiautomator2Driver@71b9]&amp#27;[0m Got response with status 200: {"sessionId":"edb432b8-4747-4727-841b-9c05c196febb","value":{"statusBar":89}}
&amp#27;[38;5;122m[bd289573]&amp#27;[0m&amp#27;[38;5;-4m[AndroidUiautomator2Driver@71b9]&amp#27;[0m Got response with status 200: {"sessionId":"edb432b8-4747-4727-841b-9c05c196febb","value":{"height":2280,"width":1080}}
&amp#27;[38;5;122m[bd289573]&amp#27;[0m&amp#27;[38;5;-4m[AndroidUiautomator2Driver@71b9]&amp#27;[0m Screen already unlocked, doing nothing
&amp#27;[38;5;122m[bd289573]&amp#27;[0m&amp#27;[38;5;-4m[AndroidUiautomator2Driver@71b9]&amp#27;[0m Starting 'com.androidsample.generalstore/com.androidsample.generalstore.SplashActivity' and waiting for 'com.androidsample.generalstore/com.androidsample.generalstore.SplashActivity'
&amp#27;[38;5;122m[bd289573]&amp#27;[0m&amp#27;[38;5;229m[ADB]&amp#27;[0m Getting IDs of all 'com.androidsample.generalstore' processes
&amp#27;[38;5;122m[bd289573]&amp#27;[0m&amp#27;[38;5;229m[ADB]&amp#27;[0m Running 'C:\Users\sajus\AppData\Local\Android\Sdk\platform-tools\adb.exe -P 5037 -s CTLID18120801016 shell 'pgrep --help; echo $?''
&amp#27;[38;5;122m[bd289573]&amp#27;[0m&amp#27;[38;5;-4m[AndroidUiautomator2Driver@71b9]&amp#27;[0m Got response with status 200: {"sessionId":"edb432b8-4747-4727-841b-9c05c196febb","value":{"androidId":"7be9e4e610cc4454","apiVersion":"29","bluetooth":{"state":"OFF"},"brand":"Nokia","carrierName":"","displayDensity":420,"locale":"en_IN","manufacturer":"HMD Global","model":"Nokia 7.1","networks":[{"capabilities":{"SSID":null,"linkDownBandwidthKbps":1048576,"linkUpstreamBandwidthKbps":1048576,"networkCapabilities":"NET_CAPABILITY_NOT_METERED,NET_CAPABILITY_INTERNET,NET_CAPABILITY_NOT_RESTRICTED,NET_CAPABILITY_TRUSTED,NET_CAPABILITY_NOT_VPN,NET_CAPABILITY_VALIDATED,NET_CAPABILITY_NOT_ROAMING,NET_CAPABILITY_FOREGROUND,NET_CAPABILITY_NOT_CONGESTED,NET_CAPABILITY_NOT_SUSPENDED","signalStrength":-58,"transportTypes":"TRANSPORT_WIFI"},"detailedState":"CONNECTED","extraInfo":null,"isAvailable":true,"isConnected":true,"isFailover":false,"isRoaming":false,"state":"CONNECTED","subtype":0,"subtypeName":"","type":1,"typeName":"WIFI"}],"platformVersion":"10","realDisplaySize":"1080x2280","timeZone":"America/Toronto"}}
&amp#27;[38;5;122m[bd289573]&amp#27;[0m&amp#27;[38;5;229m[ADB]&amp#27;[0m Running 'C:\Users\sajus\AppData\Local\Android\Sdk\platform-tools\adb.exe -P 5037 -s CTLID18120801016 shell pgrep -f \(\[\[:blank:\]\]\|\^\)com\.androidsample\.generalstore\(:\[a-zA-Z0-9_-\]\+\)\?\(\[\[:blank:\]\]\|\$\)'
&amp#27;[38;5;122m[bd289573]&amp#27;[0m&amp#27;[38;5;229m[ADB]&amp#27;[0m Running 'C:\Users\sajus\AppData\Local\Android\Sdk\platform-tools\adb.exe -P 5037 -s CTLID18120801016 shell am start-activity -W -n com.androidsample.generalstore/com.androidsample.generalstore.SplashActivity -S -a android.intent.action.MAIN -c android.intent.category.LAUNCHER -f 0x10200000'
&amp#27;[38;5;122m[bd289573]&amp#27;[0m&amp#27;[38;5;131m[AppiumDriver@47fb]&amp#27;[0m New AndroidUiautomator2Driver session created successfully, session bd289573-53e7-4628-849e-3a8efb3ab045 added to master session list
&amp#27;[38;5;122m[bd289573]&amp#27;[0m&amp#27;[38;5;131m[AppiumDriver@47fb]&amp#27;[0m Event 'newSessionStarted' logged at 1750360946613 (15:22:26 GMT-0400 (Eastern Daylight Saving Time))
&amp#27;[38;5;122m[bd289573]&amp#27;[0m&amp#27;[38;5;-4m[AndroidUiautomator2Driver@71b9]&amp#27;[0m Cached the protocol value 'W3C' for the new session bd289573-53e7-4628-849e-3a8efb3ab045
&amp#27;[38;5;122m[bd289573]&amp#27;[0m&amp#27;[38;5;-4m[AndroidUiautomator2Driver@71b9]&amp#27;[0m Responding to client with driver.createSession() result: {"capabilities":{"platformName":"ANDROID","appActivity":"com.androidsample.generalstore.SplashActivity","appPackage":"com.androidsample.generalstore","automationName":"UiAutomator2","deviceName":"CTLID18120801016","noReset":true,"platformVersion":"10","systemPort":8202,"udid":"CTLID18120801016","platform":"LINUX","webStorageEnabled":false,"takesScreenshot":true,"javascriptEnabled":true,"databaseEnabled":false,"networkConnectionEnabled":true,"locationContextEnabled":false,"warnings":{},"desired":{"platformName":"ANDROID","appActivity":"com.androidsample.generalstore.SplashActivity","appPackage":"com.androidsample.generalstore","automationName":"UiAutomator2","deviceName":"Nokia","noReset":true,"platformVersion":"11.0","systemPort":8202,"udid":"CTLID18120801016"},"deviceUDID":"CTLID18120801016","pixelRatio":"2.625","statBarHeight":89,"viewportRect":{"left":0,"top":89,"width":1080,"height":2191},"deviceApiLevel":29,"deviceManufacturer":"HMD Global","deviceModel":"Nokia 7.1","deviceScreenSize":"1080x2280","dev...
&amp#27;[38;5;122m[bd289573]&amp#27;[0m&amp#27;[38;5;86m[HTTP]&amp#27;[0m &amp#27;[37m<-- POST /session &amp#27;[39m&amp#27;[32m200&amp#27;[39m &amp#27;[90m5571 ms - 1105&amp#27;[39m &amp#27;[90m&amp#27;[39m
&amp#27;[38;5;122m[bd289573]&amp#27;[0m&amp#27;[38;5;86m[HTTP]&amp#27;[0m &amp#27;[37m-->&amp#27;[39m &amp#27;[37mPOST&amp#27;[39m &amp#27;[37m/session/bd289573-53e7-4628-849e-3a8efb3ab045/element&amp#27;[39m &amp#27;[90m{"using":"id","value":"com.androidsample.generalstore:id/nameField"}&amp#27;[39m
&amp#27;[38;5;122m[bd289573]&amp#27;[0m&amp#27;[38;5;-4m[AndroidUiautomator2Driver@71b9]&amp#27;[0m Calling AppiumDriver.findElement() with args: ["id","com.androidsample.generalstore:id/nameField","bd289573-53e7-4628-849e-3a8efb3ab045"]
&amp#27;[38;5;122m[bd289573]&amp#27;[0m&amp#27;[38;5;-4m[AndroidUiautomator2Driver@71b9]&amp#27;[0m Valid locator strategies for this request: xpath, id, class name, accessibility id, css selector, -android uiautomator
&amp#27;[38;5;122m[bd289573]&amp#27;[0m&amp#27;[38;5;-4m[AndroidUiautomator2Driver@71b9]&amp#27;[0m Waiting up to 0 ms for condition
&amp#27;[38;5;122m[bd289573]&amp#27;[0m&amp#27;[38;5;-4m[AndroidUiautomator2Driver@71b9]&amp#27;[0m Matched '/element' to command name 'findElement'
&amp#27;[38;5;122m[bd289573]&amp#27;[0m&amp#27;[38;5;-4m[AndroidUiautomator2Driver@71b9]&amp#27;[0m Proxying [POST /element] to [POST http://127.0.0.1:8202/session/edb432b8-4747-4727-841b-9c05c196febb/element] with body: {"strategy":"id","selector":"com.androidsample.generalstore:id/nameField","context":"","multiple":false}
&amp#27;[38;5;122m[bd289573]&amp#27;[0m&amp#27;[38;5;-4m[AndroidUiautomator2Driver@71b9]&amp#27;[0m Got response with status 200: {"sessionId":"edb432b8-4747-4727-841b-9c05c196febb","value":{"ELEMENT":"00000000-0000-0a24-ffff-ffff0000001c","element-6066-11e4-a52e-4f735466cecf":"00000000-0000-0a24-ffff-ffff0000001c"}}
&amp#27;[38;5;122m[bd289573]&amp#27;[0m&amp#27;[38;5;-4m[AndroidUiautomator2Driver@71b9]&amp#27;[0m Responding to client with driver.findElement() result: {"element-6066-11e4-a52e-4f735466cecf":"00000000-0000-0a24-ffff-ffff0000001c","ELEMENT":"00000000-0000-0a24-ffff-ffff0000001c"}
&amp#27;[38;5;122m[bd289573]&amp#27;[0m&amp#27;[38;5;86m[HTTP]&amp#27;[0m &amp#27;[37m<-- POST /session/bd289573-53e7-4628-849e-3a8efb3ab045/element &amp#27;[39m&amp#27;[32m200&amp#27;[39m &amp#27;[90m67 ms - 137&amp#27;[39m &amp#27;[90m&amp#27;[39m
&amp#27;[38;5;122m[bd289573]&amp#27;[0m&amp#27;[38;5;86m[HTTP]&amp#27;[0m &amp#27;[37m-->&amp#27;[39m &amp#27;[37mPOST&amp#27;[39m &amp#27;[37m/session/bd289573-53e7-4628-849e-3a8efb3ab045/element/00000000-0000-0a24-ffff-ffff0000001c/value&amp#27;[39m &amp#27;[90m{"id":"00000000-0000-0a24-ffff-ffff0000001c","text":"danny","value":["d","a","n","n","y"]}&amp#27;[39m
&amp#27;[38;5;122m[bd289573]&amp#27;[0m&amp#27;[38;5;-4m[AndroidUiautomator2Driver@71b9]&amp#27;[0m Calling AppiumDriver.setValue() with args: [["d","a","n","n","y"],"00000000-0000-0a24-ffff-ffff0000001c","bd289573-53e7-4628-849e-3a8efb3ab045"]
&amp#27;[38;5;122m[bd289573]&amp#27;[0m&amp#27;[38;5;-4m[AndroidUiautomator2Driver@71b9]&amp#27;[0m Matched '/element/00000000-0000-0a24-ffff-ffff0000001c/value' to command name 'setValue'
&amp#27;[38;5;122m[bd289573]&amp#27;[0m&amp#27;[38;5;-4m[AndroidUiautomator2Driver@71b9]&amp#27;[0m Added 'value' property ["d","a","n","n","y"] to 'setValue' request body
&amp#27;[38;5;122m[bd289573]&amp#27;[0m&amp#27;[38;5;-4m[AndroidUiautomator2Driver@71b9]&amp#27;[0m Proxying [POST /element/00000000-0000-0a24-ffff-ffff0000001c/value] to [POST http://127.0.0.1:8202/session/edb432b8-4747-4727-841b-9c05c196febb/element/00000000-0000-0a24-ffff-ffff0000001c/value] with body: {"elementId":"00000000-0000-0a24-ffff-ffff0000001c","text":"danny","replace":false,"value":["d","a","n","n","y"]}
&amp#27;[38;5;122m[bd289573]&amp#27;[0m&amp#27;[38;5;-4m[AndroidUiautomator2Driver@71b9]&amp#27;[0m Got response with status 200: {"sessionId":"edb432b8-4747-4727-841b-9c05c196febb","value":null}
&amp#27;[38;5;122m[bd289573]&amp#27;[0m&amp#27;[38;5;-4m[AndroidUiautomator2Driver@71b9]&amp#27;[0m Responding to client with driver.setValue() result: null
&amp#27;[38;5;122m[bd289573]&amp#27;[0m&amp#27;[38;5;86m[HTTP]&amp#27;[0m &amp#27;[37m<-- POST /session/bd289573-53e7-4628-849e-3a8efb3ab045/element/00000000-0000-0a24-ffff-ffff0000001c/value &amp#27;[39m&amp#27;[32m200&amp#27;[39m &amp#27;[90m556 ms - 14&amp#27;[39m &amp#27;[90m&amp#27;[39m
&amp#27;[38;5;122m[bd289573]&amp#27;[0m&amp#27;[38;5;86m[HTTP]&amp#27;[0m &amp#27;[37m-->&amp#27;[39m &amp#27;[37mGET&amp#27;[39m &amp#27;[37m/session/bd289573-53e7-4628-849e-3a8efb3ab045/screenshot&amp#27;[39m &amp#27;[90m{}&amp#27;[39m
&amp#27;[38;5;122m[bd289573]&amp#27;[0m&amp#27;[38;5;-4m[AndroidUiautomator2Driver@71b9]&amp#27;[0m Calling AppiumDriver.getScreenshot() with args: ["bd289573-53e7-4628-849e-3a8efb3ab045"]
&amp#27;[38;5;122m[bd289573]&amp#27;[0m&amp#27;[38;5;-4m[AndroidUiautomator2Driver@71b9]&amp#27;[0m Matched '/screenshot' to command name 'getScreenshot'
&amp#27;[38;5;122m[bd289573]&amp#27;[0m&amp#27;[38;5;-4m[AndroidUiautomator2Driver@71b9]&amp#27;[0m Proxying [GET /screenshot] to [GET http://127.0.0.1:8202/session/edb432b8-4747-4727-841b-9c05c196febb/screenshot] with no body
&amp#27;[38;5;122m[bd289573]&amp#27;[0m&amp#27;[38;5;-4m[AndroidUiautomator2Driver@71b9]&amp#27;[0m Got response with status 200: {"sessionId":"edb432b8-4747-4727-841b-9c05c196febb","value":"iVBORw0KGgoAAAANSUhEUgAABDgAAAjoCAYAAAA5jhrUAAAAAXNSR0IArs4c6QAAAARzQklUCAgICHwIZIgAACAASURBVHic7N13nNxF/cfx98z3u9eSy6WHkJBQQm+GXoJSBAQVELEFQVRUQMSCimIXG4qKFEEFfyCC/AQJoMCPWEBp0gSkBgglhZDec2X3O/P7Y8vt3n336u7dfXOvJ4+Q7LfMd2a/dT473xkz5rlTvQAAAAAAABLMDnYGAAAAAAAA+osABwAAAAAASDwCHAAAAAAAIPEIcAAAAAAAgMQjwAEAAAAAABKPAAcAAAAAAEg8AhwAAAAAACDxCHAAAAAAAIDEI8ABAAAAAAASjwAHAAAAAABIPAIcAAAAAAAg8QhwAAAAAACAxCPAAQAAAAAAEo8ABwAAAAAASDwCHAAAAAAAIPEIcAAAAAAAgMQjwAEAAAAAABKPAAcAAAAAAEg8AhwAAAAAACDxCHAAAAAAAIDEI8ABAAAAAAASjwAHAAAAAABIPAIcAAAAAAAg8QhwAAAAAACAxCPAAQAAAAAAEi8c7AwAQ4GRkcn/bbL/liQvyXuv7H/K/T+5hks5AQAAAAw/BDgwbBkZhcZqu5otdMNWn9fWqQldLv9aerk+tPDneqXtTWW8S0wQYLiUEwAAAOiJpqBBu9VO0+5109RkG7Rb3TQ1BSMK89dGG/VMywKtdZv0dMsCPdO6QGujTYOS11kNO+n26V/t0bLHvf5D3b/phSrnaGgjwIFhqdHW65sT36fTxhymoIdvam2dmqCHtv2BIjldu/pefWfZH7XeNVc5p/0zXMoJAAAAdGVaaryObdxLxzburVkNO3W7/Dsb9y75fP+mF3Tn+sd15/r/aEF6RbWyiX4yY547lZ9nMWyEJtCZY4/Wtye+X+0vaPSNl9d3lt2kX676P2V8VKEcVsZwKScAAADQlVkNO+lT...
&amp#27;[38;5;122m[bd289573]&amp#27;[0m&amp#27;[38;5;-4m[AndroidUiautomator2Driver@71b9]&amp#27;[0m Responding to client with driver.getScreenshot() result: "iVBORw0KGgoAAAANSUhEUgAABDgAAAjoCAYAAAA5jhrUAAAAAXNSR0IArs4c6QAAAARzQklUCAgICHwIZIgAACAASURBVHic7N13nNxF/cfx98z3u9eSy6WHkJBQQm+GXoJSBAQVELEFQVRUQMSCimIXG4qKFEEFfyCC/AQJoMCPWEBp0gSkBgglhZDec2X3O/P7Y8vt3n336u7dfXOvJ4+Q7LfMd2a/dT473xkz5rlTvQAAAAAAABLMDnYGAAAAAAAA+osABwAAAAAASDwCHAAAAAAAIPEIcAAAAAAAgMQjwAEAAAAAABKPAAcAAAAAAEg8AhwAAAAAACDxCHAAAAAAAIDEI8ABAAAAAAASjwAHAAAAAABIPAIcAAAAAAAg8QhwAAAAAACAxCPAAQAAAAAAEo8ABwAAAAAASDwCHAAAAAAAIPEIcAAAAAAAgMQjwAEAAAAAABKPAAcAAAAAAEg8AhwAAAAAACDxCHAAAAAAAIDEI8ABAAAAAAASjwAHAAAAAABIPAIcAAAAAAAg8QhwAAAAAACAxCPAAQAAAAAAEi8c7AwAQ4GRkcn/bbL/liQvyXuv7H/K/T+5hks5AQAAAAw/BDgwbBkZhcZqu5otdMNWn9fWqQldLv9aerk+tPDneqXtTWW8S0wQYLiUEwAAAOiJpqBBu9VO0+5109RkG7Rb3TQ1BSMK89dGG/VMywKtdZv0dMsCPdO6QGujTYOS11kNO+n26V/t0bLHvf5D3b/phSrnaGgjwIFhqdHW65sT36fTxhymoIdvam2dmqCHtv2BIjldu/pefWfZH7XeNVc5p/0zXMoJAAAAdGVaaryObdxLxzburVkNO3W7/Dsb9y75fP+mF3Tn+sd15/r/aEF6RbWyiX4yY547lZ9nMWyEJtCZY4/Wtye+X+0vaPSNl9d3lt2kX676P2V8VKEcVsZwKScAAADQlVkNO+lTY4/qFLDojzvWP65frZo7IK0laMHROwQ4MCwYGTXaOt2zzXe1Tc3Eiqb9atsy...
&amp#27;[38;5;122m[bd289573]&amp#27;[0m&amp#27;[38;5;86m[HTTP]&amp#27;[0m &amp#27;[37m<-- GET /session/bd289573-53e7-4628-849e-3a8efb3ab045/screenshot &amp#27;[39m&amp#27;[32m200&amp#27;[39m &amp#27;[90m1059 ms - 600308&amp#27;[39m &amp#27;[90m&amp#27;[39m
&amp#27;[38;5;122m[bd289573]&amp#27;[0m&amp#27;[38;5;86m[HTTP]&amp#27;[0m &amp#27;[37m-->&amp#27;[39m &amp#27;[37mGET&amp#27;[39m &amp#27;[37m/session/bd289573-53e7-4628-849e-3a8efb3ab045/screenshot&amp#27;[39m &amp#27;[90m{}&amp#27;[39m
&amp#27;[38;5;122m[bd289573]&amp#27;[0m&amp#27;[38;5;-4m[AndroidUiautomator2Driver@71b9]&amp#27;[0m Calling AppiumDriver.getScreenshot() with args: ["bd289573-53e7-4628-849e-3a8efb3ab045"]
&amp#27;[38;5;122m[bd289573]&amp#27;[0m&amp#27;[38;5;-4m[AndroidUiautomator2Driver@71b9]&amp#27;[0m Matched '/screenshot' to command name 'getScreenshot'
&amp#27;[38;5;122m[bd289573]&amp#27;[0m&amp#27;[38;5;-4m[AndroidUiautomator2Driver@71b9]&amp#27;[0m Proxying [GET /screenshot] to [GET http://127.0.0.1:8202/session/edb432b8-4747-4727-841b-9c05c196febb/screenshot] with no body
&amp#27;[38;5;122m[bd289573]&amp#27;[0m&amp#27;[38;5;-4m[AndroidUiautomator2Driver@71b9]&amp#27;[0m Got response with status 200: {"sessionId":"edb432b8-4747-4727-841b-9c05c196febb","value":"iVBORw0KGgoAAAANSUhEUgAABDgAAAjoCAYAAAA5jhrUAAAAAXNSR0IArs4c6QAAAARzQklUCAgICHwIZIgAACAASURBVHic7N13nNxF/cfx98z3u9eSy6WHkJBQQm+GXoJSBAQVELEFQVRUQMSCimIXG4qKFEEFfyCC/AQJoMCPWEBp0gSkBgglhZDec2X3O/P7Y8vt3n336u7dfXOvJ4+Q7LfMd2a/dT473xkz5rlTvQAAAAAAABLMDnYGAAAAAAAA+osABwAAAAAASDwCHAAAAAAAIPEIcAAAAAAAgMQjwAEAAAAAABKPAAcAAAAAAEg8AhwAAAAAACDxCHAAAAAAAIDEI8ABAAAAAAASjwAHAAAAAABIPAIcAAAAAAAg8QhwAAAAAACAxCPAAQAAAAAAEo8ABwAAAAAASDwCHAAAAAAAIPEIcAAAAAAAgMQjwAEAAAAAABKPAAcAAAAAAEg8AhwAAAAAACDxCHAAAAAAAIDEI8ABAAAAAAASjwAHAAAAAABIPAIcAAAAAAAg8QhwAAAAAACAxCPAAQAAAAAAEi8c7AwAQ4GRkcn/bbL/liQvyXuv7H/K/T+5hks5AQAAAAw/BDgwbBkZhcZqu5otdMNWn9fWqQldLv9aerk+tPDneqXtTWW8S0wQYLiUEwAAAOiJpqBBu9VO0+5109RkG7Rb3TQ1BSMK89dGG/VMywKtdZv0dMsCPdO6QGujTYOS11kNO+n26V/t0bLHvf5D3b/phSrnaGgjwIFhqdHW65sT36fTxhymoIdvam2dmqCHtv2BIjldu/pefWfZH7XeNVc5p/0zXMoJAAAAdGVaaryObdxLxzburVkNO3W7/Dsb9y75fP+mF3Tn+sd15/r/aEF6RbWyiX4yY547lZ9nMWyEJtCZY4/Wtye+X+0vaPSNl9d3lt2kX676P2V8VKEcVsZwKScAAADQlVkNO+lT...
&amp#27;[38;5;122m[bd289573]&amp#27;[0m&amp#27;[38;5;-4m[AndroidUiautomator2Driver@71b9]&amp#27;[0m Responding to client with driver.getScreenshot() result: "iVBORw0KGgoAAAANSUhEUgAABDgAAAjoCAYAAAA5jhrUAAAAAXNSR0IArs4c6QAAAARzQklUCAgICHwIZIgAACAASURBVHic7N13nNxF/cfx98z3u9eSy6WHkJBQQm+GXoJSBAQVELEFQVRUQMSCimIXG4qKFEEFfyCC/AQJoMCPWEBp0gSkBgglhZDec2X3O/P7Y8vt3n336u7dfXOvJ4+Q7LfMd2a/dT473xkz5rlTvQAAAAAAABLMDnYGAAAAAAAA+osABwAAAAAASDwCHAAAAAAAIPEIcAAAAAAAgMQjwAEAAAAAABKPAAcAAAAAAEg8AhwAAAAAACDxCHAAAAAAAIDEI8ABAAAAAAASjwAHAAAAAABIPAIcAAAAAAAg8QhwAAAAAACAxCPAAQAAAAAAEo8ABwAAAAAASDwCHAAAAAAAIPEIcAAAAAAAgMQjwAEAAAAAABKPAAcAAAAAAEg8AhwAAAAAACDxCHAAAAAAAIDEI8ABAAAAAAASjwAHAAAAAABIPAIcAAAAAAAg8QhwAAAAAACAxCPAAQAAAAAAEi8c7AwAQ4GRkcn/bbL/liQvyXuv7H/K/T+5hks5AQAAAAw/BDgwbBkZhcZqu5otdMNWn9fWqQldLv9aerk+tPDneqXtTWW8S0wQYLiUEwAAAOiJpqBBu9VO0+5109RkG7Rb3TQ1BSMK89dGG/VMywKtdZv0dMsCPdO6QGujTYOS11kNO+n26V/t0bLHvf5D3b/phSrnaGgjwIFhqdHW65sT36fTxhymoIdvam2dmqCHtv2BIjldu/pefWfZH7XeNVc5p/0zXMoJAAAAdGVaaryObdxLxzburVkNO3W7/Dsb9y75fP+mF3Tn+sd15/r/aEF6RbWyiX4yY547lZ9nMWyEJtCZY4/Wtye+X+0vaPSNl9d3lt2kX676P2V8VKEcVsZwKScAAADQlVkNO+lTY4/qFLDojzvWP65frZo7IK0laMHROwQ4MCwYGTXaOt2zzXe1Tc3Eiqb9atsy...
&amp#27;[38;5;122m[bd289573]&amp#27;[0m&amp#27;[38;5;86m[HTTP]&amp#27;[0m &amp#27;[37m<-- GET /session/bd289573-53e7-4628-849e-3a8efb3ab045/screenshot &amp#27;[39m&amp#27;[32m200&amp#27;[39m &amp#27;[90m1043 ms - 600308&amp#27;[39m &amp#27;[90m&amp#27;[39m
&amp#27;[38;5;122m[bd289573]&amp#27;[0m&amp#27;[38;5;86m[HTTP]&amp#27;[0m &amp#27;[37m-->&amp#27;[39m &amp#27;[37mPOST&amp#27;[39m &amp#27;[37m/session/bd289573-53e7-4628-849e-3a8efb3ab045/execute/sync&amp#27;[39m &amp#27;[90m{"script":"mobile: hideKeyboard","args":[]}&amp#27;[39m
&amp#27;[38;5;122m[bd289573]&amp#27;[0m&amp#27;[38;5;-4m[AndroidUiautomator2Driver@71b9]&amp#27;[0m Calling AppiumDriver.execute() with args: ["mobile: hideKeyboard",[],"bd289573-53e7-4628-849e-3a8efb3ab045"]
&amp#27;[38;5;122m[bd289573]&amp#27;[0m&amp#27;[38;5;229m[ADB]&amp#27;[0m Running 'C:\Users\sajus\AppData\Local\Android\Sdk\platform-tools\adb.exe -P 5037 -s CTLID18120801016 shell dumpsys input_method'
&amp#27;[38;5;122m[bd289573]&amp#27;[0m&amp#27;[38;5;229m[ADB]&amp#27;[0m Keyboard has no UI; no closing necessary
&amp#27;[38;5;122m[bd289573]&amp#27;[0m&amp#27;[38;5;-4m[AndroidUiautomator2Driver@71b9]&amp#27;[0m Responding to client with driver.execute() result: false
&amp#27;[38;5;122m[bd289573]&amp#27;[0m&amp#27;[38;5;86m[HTTP]&amp#27;[0m &amp#27;[37m<-- POST /session/bd289573-53e7-4628-849e-3a8efb3ab045/execute/sync &amp#27;[39m&amp#27;[32m200&amp#27;[39m &amp#27;[90m689 ms - 15&amp#27;[39m &amp#27;[90m&amp#27;[39m
&amp#27;[38;5;122m[bd289573]&amp#27;[0m&amp#27;[38;5;86m[HTTP]&amp#27;[0m &amp#27;[37m-->&amp#27;[39m &amp#27;[37mPOST&amp#27;[39m &amp#27;[37m/session/bd289573-53e7-4628-849e-3a8efb3ab045/element&amp#27;[39m &amp#27;[90m{"using":"id","value":"com.androidsample.generalstore:id/radioFemale"}&amp#27;[39m
&amp#27;[38;5;122m[bd289573]&amp#27;[0m&amp#27;[38;5;-4m[AndroidUiautomator2Driver@71b9]&amp#27;[0m Calling AppiumDriver.findElement() with args: ["id","com.androidsample.generalstore:id/radioFemale","bd289573-53e7-4628-849e-3a8efb3ab045"]
&amp#27;[38;5;122m[bd289573]&amp#27;[0m&amp#27;[38;5;-4m[AndroidUiautomator2Driver@71b9]&amp#27;[0m Valid locator strategies for this request: xpath, id, class name, accessibility id, css selector, -android uiautomator
&amp#27;[38;5;122m[bd289573]&amp#27;[0m&amp#27;[38;5;-4m[AndroidUiautomator2Driver@71b9]&amp#27;[0m Waiting up to 0 ms for condition
&amp#27;[38;5;122m[bd289573]&amp#27;[0m&amp#27;[38;5;-4m[AndroidUiautomator2Driver@71b9]&amp#27;[0m Matched '/element' to command name 'findElement'
&amp#27;[38;5;122m[bd289573]&amp#27;[0m&amp#27;[38;5;-4m[AndroidUiautomator2Driver@71b9]&amp#27;[0m Proxying [POST /element] to [POST http://127.0.0.1:8202/session/edb432b8-4747-4727-841b-9c05c196febb/element] with body: {"strategy":"id","selector":"com.androidsample.generalstore:id/radioFemale","context":"","multiple":false}
&amp#27;[38;5;122m[bd289573]&amp#27;[0m&amp#27;[38;5;-4m[AndroidUiautomator2Driver@71b9]&amp#27;[0m Got response with status 200: {"sessionId":"edb432b8-4747-4727-841b-9c05c196febb","value":{"ELEMENT":"00000000-0000-0a24-ffff-ffff00000020","element-6066-11e4-a52e-4f735466cecf":"00000000-0000-0a24-ffff-ffff00000020"}}
&amp#27;[38;5;122m[bd289573]&amp#27;[0m&amp#27;[38;5;-4m[AndroidUiautomator2Driver@71b9]&amp#27;[0m Responding to client with driver.findElement() result: {"element-6066-11e4-a52e-4f735466cecf":"00000000-0000-0a24-ffff-ffff00000020","ELEMENT":"00000000-0000-0a24-ffff-ffff00000020"}
&amp#27;[38;5;122m[bd289573]&amp#27;[0m&amp#27;[38;5;86m[HTTP]&amp#27;[0m &amp#27;[37m<-- POST /session/bd289573-53e7-4628-849e-3a8efb3ab045/element &amp#27;[39m&amp#27;[32m200&amp#27;[39m &amp#27;[90m40 ms - 137&amp#27;[39m &amp#27;[90m&amp#27;[39m
&amp#27;[38;5;122m[bd289573]&amp#27;[0m&amp#27;[38;5;86m[HTTP]&amp#27;[0m &amp#27;[37m-->&amp#27;[39m &amp#27;[37mPOST&amp#27;[39m &amp#27;[37m/session/bd289573-53e7-4628-849e-3a8efb3ab045/element/00000000-0000-0a24-ffff-ffff00000020/click&amp#27;[39m &amp#27;[90m{"id":"00000000-0000-0a24-ffff-ffff00000020"}&amp#27;[39m
&amp#27;[38;5;122m[bd289573]&amp#27;[0m&amp#27;[38;5;-4m[AndroidUiautomator2Driver@71b9]&amp#27;[0m Calling AppiumDriver.click() with args: ["00000000-0000-0a24-ffff-ffff00000020","bd289573-53e7-4628-849e-3a8efb3ab045"]
&amp#27;[38;5;122m[bd289573]&amp#27;[0m&amp#27;[38;5;-4m[AndroidUiautomator2Driver@71b9]&amp#27;[0m Matched '/element/00000000-0000-0a24-ffff-ffff00000020/click' to command name 'click'
&amp#27;[38;5;122m[bd289573]&amp#27;[0m&amp#27;[38;5;-4m[AndroidUiautomator2Driver@71b9]&amp#27;[0m Proxying [POST /element/00000000-0000-0a24-ffff-ffff00000020/click] to [POST http://127.0.0.1:8202/session/edb432b8-4747-4727-841b-9c05c196febb/element/00000000-0000-0a24-ffff-ffff00000020/click] with body: {"element":"00000000-0000-0a24-ffff-ffff00000020"}
&amp#27;[38;5;122m[bd289573]&amp#27;[0m&amp#27;[38;5;-4m[AndroidUiautomator2Driver@71b9]&amp#27;[0m Got response with status 200: {"sessionId":"edb432b8-4747-4727-841b-9c05c196febb","value":null}
&amp#27;[38;5;122m[bd289573]&amp#27;[0m&amp#27;[38;5;-4m[AndroidUiautomator2Driver@71b9]&amp#27;[0m Responding to client with driver.click() result: null
&amp#27;[38;5;122m[bd289573]&amp#27;[0m&amp#27;[38;5;86m[HTTP]&amp#27;[0m &amp#27;[37m<-- POST /session/bd289573-53e7-4628-849e-3a8efb3ab045/element/00000000-0000-0a24-ffff-ffff00000020/click &amp#27;[39m&amp#27;[32m200&amp#27;[39m &amp#27;[90m70 ms - 14&amp#27;[39m &amp#27;[90m&amp#27;[39m
&amp#27;[38;5;122m[bd289573]&amp#27;[0m&amp#27;[38;5;86m[HTTP]&amp#27;[0m &amp#27;[37m-->&amp#27;[39m &amp#27;[37mGET&amp#27;[39m &amp#27;[37m/session/bd289573-53e7-4628-849e-3a8efb3ab045/screenshot&amp#27;[39m &amp#27;[90m{}&amp#27;[39m
&amp#27;[38;5;122m[bd289573]&amp#27;[0m&amp#27;[38;5;-4m[AndroidUiautomator2Driver@71b9]&amp#27;[0m Calling AppiumDriver.getScreenshot() with args: ["bd289573-53e7-4628-849e-3a8efb3ab045"]
&amp#27;[38;5;122m[bd289573]&amp#27;[0m&amp#27;[38;5;-4m[AndroidUiautomator2Driver@71b9]&amp#27;[0m Matched '/screenshot' to command name 'getScreenshot'
&amp#27;[38;5;122m[bd289573]&amp#27;[0m&amp#27;[38;5;-4m[AndroidUiautomator2Driver@71b9]&amp#27;[0m Proxying [GET /screenshot] to [GET http://127.0.0.1:8202/session/edb432b8-4747-4727-841b-9c05c196febb/screenshot] with no body
&amp#27;[38;5;122m[bd289573]&amp#27;[0m&amp#27;[38;5;-4m[AndroidUiautomator2Driver@71b9]&amp#27;[0m Got response with status 200: {"sessionId":"edb432b8-4747-4727-841b-9c05c196febb","value":"iVBORw0KGgoAAAANSUhEUgAABDgAAAjoCAYAAAA5jhrUAAAAAXNSR0IArs4c6QAAAARzQklUCAgICHwIZIgAACAASURBVHic7N13nNxF/cfx98z3u9eSy6WHkJBQQm+GXoJSBAQVELEFQVRUQMSCimIXG4qKFEEFfyCC/AQJoMCPWEBp0gSkBgglhZDec2X3O/P7Y8vt3n336u7dfXOvJ4+Q7LfMd2a/dT473xkz5rlTvQAAAAAAABLMDnYGAAAAAAAA+osABwAAAAAASDwCHAAAAAAAIPEIcAAAAAAAgMQjwAEAAAAAABKPAAcAAAAAAEg8AhwAAAAAACDxCHAAAAAAAIDEI8ABAAAAAAASjwAHAAAAAABIPAIcAAAAAAAg8QhwAAAAAACAxCPAAQAAAAAAEo8ABwAAAAAASDwCHAAAAAAAIPEIcAAAAAAAgMQjwAEAAAAAABKPAAcAAAAAAEg8AhwAAAAAACDxCHAAAAAAAIDEI8ABAAAAAAASjwAHAAAAAABIPAIcAAAAAAAg8QhwAAAAAACAxCPAAQAAAAAAEi8c7AwAQ4GRkcn/bbL/liQvyXuv7H/K/T+5hks5AQAAAAw/BDgwbBkZhcZqu5otdMNWn9fWqQldLv9aerk+tPDneqXtTWW8S0wQYLiUEwAAAOiJpqBBu9VO0+5109RkG7Rb3TQ1BSMK89dGG/VMywKtdZv0dMsCPdO6QGujTYOS11kNO+n26V/t0bLHvf5D3b/phSrnaGgjwIFhqdHW65sT36fTxhymoIdvam2dmqCHtv2BIjldu/pefWfZH7XeNVc5p/0zXMoJAAAAdGVaaryObdxLxzburVkNO3W7/Dsb9y75fP+mF3Tn+sd15/r/aEF6RbWyiX4yY547lZ9nMWyEJtCZY4/Wtye+X+0vaPSNl9d3lt2kX676P2V8VKEcVsZwKScAAADQlVkNO+lT...
&amp#27;[38;5;122m[bd289573]&amp#27;[0m&amp#27;[38;5;-4m[AndroidUiautomator2Driver@71b9]&amp#27;[0m Responding to client with driver.getScreenshot() result: "iVBORw0KGgoAAAANSUhEUgAABDgAAAjoCAYAAAA5jhrUAAAAAXNSR0IArs4c6QAAAARzQklUCAgICHwIZIgAACAASURBVHic7N13nNxF/cfx98z3u9eSy6WHkJBQQm+GXoJSBAQVELEFQVRUQMSCimIXG4qKFEEFfyCC/AQJoMCPWEBp0gSkBgglhZDec2X3O/P7Y8vt3n336u7dfXOvJ4+Q7LfMd2a/dT473xkz5rlTvQAAAAAAABLMDnYGAAAAAAAA+osABwAAAAAASDwCHAAAAAAAIPEIcAAAAAAAgMQjwAEAAAAAABKPAAcAAAAAAEg8AhwAAAAAACDxCHAAAAAAAIDEI8ABAAAAAAASjwAHAAAAAABIPAIcAAAAAAAg8QhwAAAAAACAxCPAAQAAAAAAEo8ABwAAAAAASDwCHAAAAAAAIPEIcAAAAAAAgMQjwAEAAAAAABKPAAcAAAAAAEg8AhwAAAAAACDxCHAAAAAAAIDEI8ABAAAAAAASjwAHAAAAAABIPAIcAAAAAAAg8QhwAAAAAACAxCPAAQAAAAAAEi8c7AwAQ4GRkcn/bbL/liQvyXuv7H/K/T+5hks5AQAAAAw/BDgwbBkZhcZqu5otdMNWn9fWqQldLv9aerk+tPDneqXtTWW8S0wQYLiUEwAAAOiJpqBBu9VO0+5109RkG7Rb3TQ1BSMK89dGG/VMywKtdZv0dMsCPdO6QGujTYOS11kNO+n26V/t0bLHvf5D3b/phSrnaGgjwIFhqdHW65sT36fTxhymoIdvam2dmqCHtv2BIjldu/pefWfZH7XeNVc5p/0zXMoJAAAAdGVaaryObdxLxzburVkNO3W7/Dsb9y75fP+mF3Tn+sd15/r/aEF6RbWyiX4yY547lZ9nMWyEJtCZY4/Wtye+X+0vaPSNl9d3lt2kX676P2V8VKEcVsZwKScAAADQlVkNO+lTY4/qFLDojzvWP65frZo7IK0laMHROwQ4MCwYGTXaOt2zzXe1Tc3Eiqb9atsy...
&amp#27;[38;5;122m[bd289573]&amp#27;[0m&amp#27;[38;5;86m[HTTP]&amp#27;[0m &amp#27;[37m<-- GET /session/bd289573-53e7-4628-849e-3a8efb3ab045/screenshot &amp#27;[39m&amp#27;[32m200&amp#27;[39m &amp#27;[90m1071 ms - 600920&amp#27;[39m &amp#27;[90m&amp#27;[39m
&amp#27;[38;5;122m[bd289573]&amp#27;[0m&amp#27;[38;5;86m[HTTP]&amp#27;[0m &amp#27;[37m-->&amp#27;[39m &amp#27;[37mGET&amp#27;[39m &amp#27;[37m/session/bd289573-53e7-4628-849e-3a8efb3ab045/screenshot&amp#27;[39m &amp#27;[90m{}&amp#27;[39m
&amp#27;[38;5;122m[bd289573]&amp#27;[0m&amp#27;[38;5;-4m[AndroidUiautomator2Driver@71b9]&amp#27;[0m Calling AppiumDriver.getScreenshot() with args: ["bd289573-53e7-4628-849e-3a8efb3ab045"]
&amp#27;[38;5;122m[bd289573]&amp#27;[0m&amp#27;[38;5;-4m[AndroidUiautomator2Driver@71b9]&amp#27;[0m Matched '/screenshot' to command name 'getScreenshot'
&amp#27;[38;5;122m[bd289573]&amp#27;[0m&amp#27;[38;5;-4m[AndroidUiautomator2Driver@71b9]&amp#27;[0m Proxying [GET /screenshot] to [GET http://127.0.0.1:8202/session/edb432b8-4747-4727-841b-9c05c196febb/screenshot] with no body
&amp#27;[38;5;122m[bd289573]&amp#27;[0m&amp#27;[38;5;-4m[AndroidUiautomator2Driver@71b9]&amp#27;[0m Got response with status 200: {"sessionId":"edb432b8-4747-4727-841b-9c05c196febb","value":"iVBORw0KGgoAAAANSUhEUgAABDgAAAjoCAYAAAA5jhrUAAAAAXNSR0IArs4c6QAAAARzQklUCAgICHwIZIgAACAASURBVHic7N13nNxF/cfx98z3u9eSy6WHkJBQQm+GXoJSBAQVELEFQVRUQMSCimIXG4qKFEEFfyCC/AQJoMCPWEBp0gSkBgglhZDec2X3O/P7Y8vt3n336u7dfXOvJ4+Q7LfMd2a/dT473xkz5rlTvQAAAAAAABLMDnYGAAAAAAAA+osABwAAAAAASDwCHAAAAAAAIPEIcAAAAAAAgMQjwAEAAAAAABKPAAcAAAAAAEg8AhwAAAAAACDxCHAAAAAAAIDEI8ABAAAAAAASjwAHAAAAAABIPAIcAAAAAAAg8QhwAAAAAACAxCPAAQAAAAAAEo8ABwAAAAAASDwCHAAAAAAAIPEIcAAAAAAAgMQjwAEAAAAAABKPAAcAAAAAAEg8AhwAAAAAACDxCHAAAAAAAIDEI8ABAAAAAAASjwAHAAAAAABIPAIcAAAAAAAg8QhwAAAAAACAxCPAAQAAAAAAEi8c7AwAQ4GRkcn/bbL/liQvyXuv7H/K/T+5hks5AQAAAAw/BDgwbBkZhcZqu5otdMNWn9fWqQldLv9aerk+tPDneqXtTWW8S0wQYLiUEwAAAOiJpqBBu9VO0+5109RkG7Rb3TQ1BSMK89dGG/VMywKtdZv0dMsCPdO6QGujTYOS11kNO+n26V/t0bLHvf5D3b/phSrnaGgjwIFhqdHW65sT36fTxhymoIdvam2dmqCHtv2BIjldu/pefWfZH7XeNVc5p/0zXMoJAAAAdGVaaryObdxLxzburVkNO3W7/Dsb9y75fP+mF3Tn+sd15/r/aEF6RbWyiX4yY547lZ9nMWyEJtCZY4/Wtye+X+0vaPSNl9d3lt2kX676P2V8VKEcVsZwKScAAADQlVkNO+lT...
&amp#27;[38;5;122m[bd289573]&amp#27;[0m&amp#27;[38;5;-4m[AndroidUiautomator2Driver@71b9]&amp#27;[0m Responding to client with driver.getScreenshot() result: "iVBORw0KGgoAAAANSUhEUgAABDgAAAjoCAYAAAA5jhrUAAAAAXNSR0IArs4c6QAAAARzQklUCAgICHwIZIgAACAASURBVHic7N13nNxF/cfx98z3u9eSy6WHkJBQQm+GXoJSBAQVELEFQVRUQMSCimIXG4qKFEEFfyCC/AQJoMCPWEBp0gSkBgglhZDec2X3O/P7Y8vt3n336u7dfXOvJ4+Q7LfMd2a/dT473xkz5rlTvQAAAAAAABLMDnYGAAAAAAAA+osABwAAAAAASDwCHAAAAAAAIPEIcAAAAAAAgMQjwAEAAAAAABKPAAcAAAAAAEg8AhwAAAAAACDxCHAAAAAAAIDEI8ABAAAAAAASjwAHAAAAAABIPAIcAAAAAAAg8QhwAAAAAACAxCPAAQAAAAAAEo8ABwAAAAAASDwCHAAAAAAAIPEIcAAAAAAAgMQjwAEAAAAAABKPAAcAAAAAAEg8AhwAAAAAACDxCHAAAAAAAIDEI8ABAAAAAAASjwAHAAAAAABIPAIcAAAAAAAg8QhwAAAAAACAxCPAAQAAAAAAEi8c7AwAQ4GRkcn/bbL/liQvyXuv7H/K/T+5hks5AQAAAAw/BDgwbBkZhcZqu5otdMNWn9fWqQldLv9aerk+tPDneqXtTWW8S0wQYLiUEwAAAOiJpqBBu9VO0+5109RkG7Rb3TQ1BSMK89dGG/VMywKtdZv0dMsCPdO6QGujTYOS11kNO+n26V/t0bLHvf5D3b/phSrnaGgjwIFhqdHW65sT36fTxhymoIdvam2dmqCHtv2BIjldu/pefWfZH7XeNVc5p/0zXMoJAAAAdGVaaryObdxLxzburVkNO3W7/Dsb9y75fP+mF3Tn+sd15/r/aEF6RbWyiX4yY547lZ9nMWyEJtCZY4/Wtye+X+0vaPSNl9d3lt2kX676P2V8VKEcVsZwKScAAADQlVkNO+lTY4/qFLDojzvWP65frZo7IK0laMHROwQ4MCwYGTXaOt2zzXe1Tc3Eiqb9atsy...
&amp#27;[38;5;122m[bd289573]&amp#27;[0m&amp#27;[38;5;86m[HTTP]&amp#27;[0m &amp#27;[37m<-- GET /session/bd289573-53e7-4628-849e-3a8efb3ab045/screenshot &amp#27;[39m&amp#27;[32m200&amp#27;[39m &amp#27;[90m1052 ms - 600316&amp#27;[39m &amp#27;[90m&amp#27;[39m
&amp#27;[38;5;122m[bd289573]&amp#27;[0m&amp#27;[38;5;86m[HTTP]&amp#27;[0m &amp#27;[37m-->&amp#27;[39m &amp#27;[37mPOST&amp#27;[39m &amp#27;[37m/session/bd289573-53e7-4628-849e-3a8efb3ab045/element&amp#27;[39m &amp#27;[90m{"using":"id","value":"android:id/text1"}&amp#27;[39m
&amp#27;[38;5;122m[bd289573]&amp#27;[0m&amp#27;[38;5;-4m[AndroidUiautomator2Driver@71b9]&amp#27;[0m Calling AppiumDriver.findElement() with args: ["id","android:id/text1","bd289573-53e7-4628-849e-3a8efb3ab045"]
&amp#27;[38;5;122m[bd289573]&amp#27;[0m&amp#27;[38;5;-4m[AndroidUiautomator2Driver@71b9]&amp#27;[0m Valid locator strategies for this request: xpath, id, class name, accessibility id, css selector, -android uiautomator
&amp#27;[38;5;122m[bd289573]&amp#27;[0m&amp#27;[38;5;-4m[AndroidUiautomator2Driver@71b9]&amp#27;[0m Waiting up to 0 ms for condition
&amp#27;[38;5;122m[bd289573]&amp#27;[0m&amp#27;[38;5;-4m[AndroidUiautomator2Driver@71b9]&amp#27;[0m Matched '/element' to command name 'findElement'
&amp#27;[38;5;122m[bd289573]&amp#27;[0m&amp#27;[38;5;-4m[AndroidUiautomator2Driver@71b9]&amp#27;[0m Proxying [POST /element] to [POST http://127.0.0.1:8202/session/edb432b8-4747-4727-841b-9c05c196febb/element] with body: {"strategy":"id","selector":"android:id/text1","context":"","multiple":false}
&amp#27;[38;5;122m[bd289573]&amp#27;[0m&amp#27;[38;5;-4m[AndroidUiautomator2Driver@71b9]&amp#27;[0m Got response with status 200: {"sessionId":"edb432b8-4747-4727-841b-9c05c196febb","value":{"ELEMENT":"00000000-0000-0a24-ffff-ffff00000024","element-6066-11e4-a52e-4f735466cecf":"00000000-0000-0a24-ffff-ffff00000024"}}
&amp#27;[38;5;122m[bd289573]&amp#27;[0m&amp#27;[38;5;-4m[AndroidUiautomator2Driver@71b9]&amp#27;[0m Responding to client with driver.findElement() result: {"element-6066-11e4-a52e-4f735466cecf":"00000000-0000-0a24-ffff-ffff00000024","ELEMENT":"00000000-0000-0a24-ffff-ffff00000024"}
&amp#27;[38;5;122m[bd289573]&amp#27;[0m&amp#27;[38;5;86m[HTTP]&amp#27;[0m &amp#27;[37m<-- POST /session/bd289573-53e7-4628-849e-3a8efb3ab045/element &amp#27;[39m&amp#27;[32m200&amp#27;[39m &amp#27;[90m38 ms - 137&amp#27;[39m &amp#27;[90m&amp#27;[39m
&amp#27;[38;5;122m[bd289573]&amp#27;[0m&amp#27;[38;5;86m[HTTP]&amp#27;[0m &amp#27;[37m-->&amp#27;[39m &amp#27;[37mPOST&amp#27;[39m &amp#27;[37m/session/bd289573-53e7-4628-849e-3a8efb3ab045/element/00000000-0000-0a24-ffff-ffff00000024/click&amp#27;[39m &amp#27;[90m{"id":"00000000-0000-0a24-ffff-ffff00000024"}&amp#27;[39m
&amp#27;[38;5;122m[bd289573]&amp#27;[0m&amp#27;[38;5;-4m[AndroidUiautomator2Driver@71b9]&amp#27;[0m Calling AppiumDriver.click() with args: ["00000000-0000-0a24-ffff-ffff00000024","bd289573-53e7-4628-849e-3a8efb3ab045"]
&amp#27;[38;5;122m[bd289573]&amp#27;[0m&amp#27;[38;5;-4m[AndroidUiautomator2Driver@71b9]&amp#27;[0m Matched '/element/00000000-0000-0a24-ffff-ffff00000024/click' to command name 'click'
&amp#27;[38;5;122m[bd289573]&amp#27;[0m&amp#27;[38;5;-4m[AndroidUiautomator2Driver@71b9]&amp#27;[0m Proxying [POST /element/00000000-0000-0a24-ffff-ffff00000024/click] to [POST http://127.0.0.1:8202/session/edb432b8-4747-4727-841b-9c05c196febb/element/00000000-0000-0a24-ffff-ffff00000024/click] with body: {"element":"00000000-0000-0a24-ffff-ffff00000024"}
&amp#27;[38;5;122m[bd289573]&amp#27;[0m&amp#27;[38;5;-4m[AndroidUiautomator2Driver@71b9]&amp#27;[0m Got response with status 200: {"sessionId":"edb432b8-4747-4727-841b-9c05c196febb","value":null}
&amp#27;[38;5;122m[bd289573]&amp#27;[0m&amp#27;[38;5;-4m[AndroidUiautomator2Driver@71b9]&amp#27;[0m Responding to client with driver.click() result: null
&amp#27;[38;5;122m[bd289573]&amp#27;[0m&amp#27;[38;5;86m[HTTP]&amp#27;[0m &amp#27;[37m<-- POST /session/bd289573-53e7-4628-849e-3a8efb3ab045/element/00000000-0000-0a24-ffff-ffff00000024/click &amp#27;[39m&amp#27;[32m200&amp#27;[39m &amp#27;[90m74 ms - 14&amp#27;[39m &amp#27;[90m&amp#27;[39m
&amp#27;[38;5;122m[bd289573]&amp#27;[0m&amp#27;[38;5;86m[HTTP]&amp#27;[0m &amp#27;[37m-->&amp#27;[39m &amp#27;[37mGET&amp#27;[39m &amp#27;[37m/session/bd289573-53e7-4628-849e-3a8efb3ab045/screenshot&amp#27;[39m &amp#27;[90m{}&amp#27;[39m
&amp#27;[38;5;122m[bd289573]&amp#27;[0m&amp#27;[38;5;-4m[AndroidUiautomator2Driver@71b9]&amp#27;[0m Calling AppiumDriver.getScreenshot() with args: ["bd289573-53e7-4628-849e-3a8efb3ab045"]
&amp#27;[38;5;122m[bd289573]&amp#27;[0m&amp#27;[38;5;-4m[AndroidUiautomator2Driver@71b9]&amp#27;[0m Matched '/screenshot' to command name 'getScreenshot'
&amp#27;[38;5;122m[bd289573]&amp#27;[0m&amp#27;[38;5;-4m[AndroidUiautomator2Driver@71b9]&amp#27;[0m Proxying [GET /screenshot] to [GET http://127.0.0.1:8202/session/edb432b8-4747-4727-841b-9c05c196febb/screenshot] with no body
&amp#27;[38;5;122m[bd289573]&amp#27;[0m&amp#27;[38;5;-4m[AndroidUiautomator2Driver@71b9]&amp#27;[0m Got response with status 200: {"sessionId":"edb432b8-4747-4727-841b-9c05c196febb","value":"iVBORw0KGgoAAAANSUhEUgAABDgAAAjoCAYAAAA5jhrUAAAAAXNSR0IArs4c6QAAAARzQklUCAgICHwIZIgAACAASURBVHic7N13nNxF/cfx98z3u9eSy6WHkJBQQm+GXoJSBAQVELEFQVRUQMSCimIXG4qKFEEFfyCC/AQJoMCPWEBp0gSkBgglhZDec2X3O/P7Y8vt3n336u7dfXOvJ4+Q7LfMd2a/dT473xkz5rlTvQAAAAAAABLMDnYGAAAAAAAA+osABwAAAAAASDwCHAAAAAAAIPEIcAAAAAAAgMQjwAEAAAAAABKPAAcAAAAAAEg8AhwAAAAAACDxCHAAAAAAAIDEI8ABAAAAAAASjwAHAAAAAABIPAIcAAAAAAAg8QhwAAAAAACAxCPAAQAAAAAAEo8ABwAAAAAASDwCHAAAAAAAIPEIcAAAAAAAgMQjwAEAAAAAABKPAAcAAAAAAEg8AhwAAAAAACDxCHAAAAAAAIDEI8ABAAAAAAASjwAHAAAAAABIPAIcAAAAAAAg8QhwAAAAAACAxCPAAQAAAAAAEi8c7AwAQ4GRkcn/bbL/liQvyXuv7H/K/T+5hks5AQAAAAw/BDgwbBkZhcZqu5otdMNWn9fWqQldLv9aerk+tPDneqXtTWW8S0wQYLiUEwAAAOiJpqBBu9VO0+5109RkG7Rb3TQ1BSMK89dGG/VMywKtdZv0dMsCPdO6QGujTYOS11kNO+n26V/t0bLHvf5D3b/phSrnaGgjwIFhqdHW65sT36fTxhymoIdvam2dmqCHtv2BIjldu/pefWfZH7XeNVc5p/0zXMoJAAAAdGVaaryObdxLxzburVkNO3W7/Dsb9y75fP+mF3Tn+sd15/r/aEF6RbWyiX4yY547lZ9nMWyEJtCZY4/Wtye+X+0vaPSNl9d3lt2kX676P2V8VKEcVsZwKScAAADQlVkNO+lT...
&amp#27;[38;5;122m[bd289573]&amp#27;[0m&amp#27;[38;5;-4m[AndroidUiautomator2Driver@71b9]&amp#27;[0m Responding to client with driver.getScreenshot() result: "iVBORw0KGgoAAAANSUhEUgAABDgAAAjoCAYAAAA5jhrUAAAAAXNSR0IArs4c6QAAAARzQklUCAgICHwIZIgAACAASURBVHic7N13nNxF/cfx98z3u9eSy6WHkJBQQm+GXoJSBAQVELEFQVRUQMSCimIXG4qKFEEFfyCC/AQJoMCPWEBp0gSkBgglhZDec2X3O/P7Y8vt3n336u7dfXOvJ4+Q7LfMd2a/dT473xkz5rlTvQAAAAAAABLMDnYGAAAAAAAA+osABwAAAAAASDwCHAAAAAAAIPEIcAAAAAAAgMQjwAEAAAAAABKPAAcAAAAAAEg8AhwAAAAAACDxCHAAAAAAAIDEI8ABAAAAAAASjwAHAAAAAABIPAIcAAAAAAAg8QhwAAAAAACAxCPAAQAAAAAAEo8ABwAAAAAASDwCHAAAAAAAIPEIcAAAAAAAgMQjwAEAAAAAABKPAAcAAAAAAEg8AhwAAAAAACDxCHAAAAAAAIDEI8ABAAAAAAASjwAHAAAAAABIPAIcAAAAAAAg8QhwAAAAAACAxCPAAQAAAAAAEi8c7AwAQ4GRkcn/bbL/liQvyXuv7H/K/T+5hks5AQAAAAw/BDgwbBkZhcZqu5otdMNWn9fWqQldLv9aerk+tPDneqXtTWW8S0wQYLiUEwAAAOiJpqBBu9VO0+5109RkG7Rb3TQ1BSMK89dGG/VMywKtdZv0dMsCPdO6QGujTYOS11kNO+n26V/t0bLHvf5D3b/phSrnaGgjwIFhqdHW65sT36fTxhymoIdvam2dmqCHtv2BIjldu/pefWfZH7XeNVc5p/0zXMoJAAAAdGVaaryObdxLxzburVkNO3W7/Dsb9y75fP+mF3Tn+sd15/r/aEF6RbWyiX4yY547lZ9nMWyEJtCZY4/Wtye+X+0vaPSNl9d3lt2kX676P2V8VKEcVsZwKScAAADQlVkNO+lTY4/qFLDojzvWP65frZo7IK0laMHROwQ4MCwYGTXaOt2zzXe1Tc3Eiqb9atsy...
&amp#27;[38;5;122m[bd289573]&amp#27;[0m&amp#27;[38;5;86m[HTTP]&amp#27;[0m &amp#27;[37m<-- GET /session/bd289573-53e7-4628-849e-3a8efb3ab045/screenshot &amp#27;[39m&amp#27;[32m200&amp#27;[39m &amp#27;[90m1070 ms - 617456&amp#27;[39m &amp#27;[90m&amp#27;[39m
&amp#27;[38;5;122m[bd289573]&amp#27;[0m&amp#27;[38;5;86m[HTTP]&amp#27;[0m &amp#27;[37m-->&amp#27;[39m &amp#27;[37mGET&amp#27;[39m &amp#27;[37m/session/bd289573-53e7-4628-849e-3a8efb3ab045/screenshot&amp#27;[39m &amp#27;[90m{}&amp#27;[39m
&amp#27;[38;5;122m[bd289573]&amp#27;[0m&amp#27;[38;5;-4m[AndroidUiautomator2Driver@71b9]&amp#27;[0m Calling AppiumDriver.getScreenshot() with args: ["bd289573-53e7-4628-849e-3a8efb3ab045"]
&amp#27;[38;5;122m[bd289573]&amp#27;[0m&amp#27;[38;5;-4m[AndroidUiautomator2Driver@71b9]&amp#27;[0m Matched '/screenshot' to command name 'getScreenshot'
&amp#27;[38;5;122m[bd289573]&amp#27;[0m&amp#27;[38;5;-4m[AndroidUiautomator2Driver@71b9]&amp#27;[0m Proxying [GET /screenshot] to [GET http://127.0.0.1:8202/session/edb432b8-4747-4727-841b-9c05c196febb/screenshot] with no body
&amp#27;[38;5;122m[bd289573]&amp#27;[0m&amp#27;[38;5;-4m[AndroidUiautomator2Driver@71b9]&amp#27;[0m Got response with status 200: {"sessionId":"edb432b8-4747-4727-841b-9c05c196febb","value":"iVBORw0KGgoAAAANSUhEUgAABDgAAAjoCAYAAAA5jhrUAAAAAXNSR0IArs4c6QAAAARzQklUCAgICHwIZIgAACAASURBVHic7N13nNxF/cfx98z3u9eSy6WHkJBQQm+GXoJSBAQVELEFQVRUQMSCimIXG4qKFEEFfyCC/AQJoMCPWEBp0gSkBgglhZDec2X3O/P7Y8vt3n336u7dfXOvJ4+Q7LfMd2a/dT473xkz5rlTvQAAAAAAABLMDnYGAAAAAAAA+osABwAAAAAASDwCHAAAAAAAIPEIcAAAAAAAgMQjwAEAAAAAABKPAAcAAAAAAEg8AhwAAAAAACDxCHAAAAAAAIDEI8ABAAAAAAASjwAHAAAAAABIPAIcAAAAAAAg8QhwAAAAAACAxCPAAQAAAAAAEo8ABwAAAAAASDwCHAAAAAAAIPEIcAAAAAAAgMQjwAEAAAAAABKPAAcAAAAAAEg8AhwAAAAAACDxCHAAAAAAAIDEI8ABAAAAAAASjwAHAAAAAABIPAIcAAAAAAAg8QhwAAAAAACAxCPAAQAAAAAAEi8c7AwAQ4GRkcn/bbL/liQvyXuv7H/K/T+5hks5AQAAAAw/BDgwbBkZhcZqu5otdMNWn9fWqQldLv9aerk+tPDneqXtTWW8S0wQYLiUEwAAAOiJpqBBu9VO0+5109RkG7Rb3TQ1BSMK89dGG/VMywKtdZv0dMsCPdO6QGujTYOS11kNO+n26V/t0bLHvf5D3b/phSrnaGgjwIFhqdHW65sT36fTxhymoIdvam2dmqCHtv2BIjldu/pefWfZH7XeNVc5p/0zXMoJAAAAdGVaaryObdxLxzburVkNO3W7/Dsb9y75fP+mF3Tn+sd15/r/aEF6RbWyiX4yY547lZ9nMWyEJtCZY4/Wtye+X+0vaPSNl9d3lt2kX676P2V8VKEcVsZwKScAAADQlVkNO+lT...
&amp#27;[38;5;122m[bd289573]&amp#27;[0m&amp#27;[38;5;-4m[AndroidUiautomator2Driver@71b9]&amp#27;[0m Responding to client with driver.getScreenshot() result: "iVBORw0KGgoAAAANSUhEUgAABDgAAAjoCAYAAAA5jhrUAAAAAXNSR0IArs4c6QAAAARzQklUCAgICHwIZIgAACAASURBVHic7N13nNxF/cfx98z3u9eSy6WHkJBQQm+GXoJSBAQVELEFQVRUQMSCimIXG4qKFEEFfyCC/AQJoMCPWEBp0gSkBgglhZDec2X3O/P7Y8vt3n336u7dfXOvJ4+Q7LfMd2a/dT473xkz5rlTvQAAAAAAABLMDnYGAAAAAAAA+osABwAAAAAASDwCHAAAAAAAIPEIcAAAAAAAgMQjwAEAAAAAABKPAAcAAAAAAEg8AhwAAAAAACDxCHAAAAAAAIDEI8ABAAAAAAASjwAHAAAAAABIPAIcAAAAAAAg8QhwAAAAAACAxCPAAQAAAAAAEo8ABwAAAAAASDwCHAAAAAAAIPEIcAAAAAAAgMQjwAEAAAAAABKPAAcAAAAAAEg8AhwAAAAAACDxCHAAAAAAAIDEI8ABAAAAAAASjwAHAAAAAABIPAIcAAAAAAAg8QhwAAAAAACAxCPAAQAAAAAAEi8c7AwAQ4GRkcn/bbL/liQvyXuv7H/K/T+5hks5AQAAAAw/BDgwbBkZhcZqu5otdMNWn9fWqQldLv9aerk+tPDneqXtTWW8S0wQYLiUEwAAAOiJpqBBu9VO0+5109RkG7Rb3TQ1BSMK89dGG/VMywKtdZv0dMsCPdO6QGujTYOS11kNO+n26V/t0bLHvf5D3b/phSrnaGgjwIFhqdHW65sT36fTxhymoIdvam2dmqCHtv2BIjldu/pefWfZH7XeNVc5p/0zXMoJAAAAdGVaaryObdxLxzburVkNO3W7/Dsb9y75fP+mF3Tn+sd15/r/aEF6RbWyiX4yY547lZ9nMWyEJtCZY4/Wtye+X+0vaPSNl9d3lt2kX676P2V8VKEcVsZwKScAAADQlVkNO+lTY4/qFLDojzvWP65frZo7IK0laMHROwQ4MCwYGTXaOt2zzXe1Tc3Eiqb9atsy...
&amp#27;[38;5;122m[bd289573]&amp#27;[0m&amp#27;[38;5;86m[HTTP]&amp#27;[0m &amp#27;[37m<-- GET /session/bd289573-53e7-4628-849e-3a8efb3ab045/screenshot &amp#27;[39m&amp#27;[32m200&amp#27;[39m &amp#27;[90m1062 ms - 620176&amp#27;[39m &amp#27;[90m&amp#27;[39m
&amp#27;[38;5;122m[bd289573]&amp#27;[0m&amp#27;[38;5;86m[HTTP]&amp#27;[0m &amp#27;[37m-->&amp#27;[39m &amp#27;[37mPOST&amp#27;[39m &amp#27;[37m/session/bd289573-53e7-4628-849e-3a8efb3ab045/element&amp#27;[39m &amp#27;[90m{"using":"-android uiautomator","value":"new UiScrollable(new UiSelector()).scrollIntoView(text(\"Argentina\"));"}&amp#27;[39m
&amp#27;[38;5;122m[bd289573]&amp#27;[0m&amp#27;[38;5;-4m[AndroidUiautomator2Driver@71b9]&amp#27;[0m Calling AppiumDriver.findElement() with args: ["-android uiautomator","new UiScrollable(new UiSelector()).scrollIntoView(text(\"Argentina\"));","bd289573-53e7-4628-849e-3a8efb3ab045"]
&amp#27;[38;5;122m[bd289573]&amp#27;[0m&amp#27;[38;5;-4m[AndroidUiautomator2Driver@71b9]&amp#27;[0m Valid locator strategies for this request: xpath, id, class name, accessibility id, css selector, -android uiautomator
&amp#27;[38;5;122m[bd289573]&amp#27;[0m&amp#27;[38;5;-4m[AndroidUiautomator2Driver@71b9]&amp#27;[0m Waiting up to 0 ms for condition
&amp#27;[38;5;122m[bd289573]&amp#27;[0m&amp#27;[38;5;-4m[AndroidUiautomator2Driver@71b9]&amp#27;[0m Matched '/element' to command name 'findElement'
&amp#27;[38;5;122m[bd289573]&amp#27;[0m&amp#27;[38;5;-4m[AndroidUiautomator2Driver@71b9]&amp#27;[0m Proxying [POST /element] to [POST http://127.0.0.1:8202/session/edb432b8-4747-4727-841b-9c05c196febb/element] with body: {"strategy":"-android uiautomator","selector":"new UiScrollable(new UiSelector()).scrollIntoView(text(\"Argentina\"));","context":"","multiple":false}
&amp#27;[38;5;122m[bd289573]&amp#27;[0m&amp#27;[38;5;-4m[AndroidUiautomator2Driver@71b9]&amp#27;[0m Got response with status 200: {"sessionId":"edb432b8-4747-4727-841b-9c05c196febb","value":{"ELEMENT":"00000000-0000-0a25-ffff-ffff00000032","element-6066-11e4-a52e-4f735466cecf":"00000000-0000-0a25-ffff-ffff00000032"}}
&amp#27;[38;5;122m[bd289573]&amp#27;[0m&amp#27;[38;5;-4m[AndroidUiautomator2Driver@71b9]&amp#27;[0m Responding to client with driver.findElement() result: {"element-6066-11e4-a52e-4f735466cecf":"00000000-0000-0a25-ffff-ffff00000032","ELEMENT":"00000000-0000-0a25-ffff-ffff00000032"}
&amp#27;[38;5;122m[bd289573]&amp#27;[0m&amp#27;[38;5;86m[HTTP]&amp#27;[0m &amp#27;[37m<-- POST /session/bd289573-53e7-4628-849e-3a8efb3ab045/element &amp#27;[39m&amp#27;[32m200&amp#27;[39m &amp#27;[90m3022 ms - 137&amp#27;[39m &amp#27;[90m&amp#27;[39m
&amp#27;[38;5;122m[bd289573]&amp#27;[0m&amp#27;[38;5;86m[HTTP]&amp#27;[0m &amp#27;[37m-->&amp#27;[39m &amp#27;[37mPOST&amp#27;[39m &amp#27;[37m/session/bd289573-53e7-4628-849e-3a8efb3ab045/element&amp#27;[39m &amp#27;[90m{"using":"xpath","value":"//android.widget.TextView[@text='Argentina']"}&amp#27;[39m
&amp#27;[38;5;122m[bd289573]&amp#27;[0m&amp#27;[38;5;-4m[AndroidUiautomator2Driver@71b9]&amp#27;[0m Calling AppiumDriver.findElement() with args: ["xpath","//android.widget.TextView[@text='Argentina']","bd289573-53e7-4628-849e-3a8efb3ab045"]
&amp#27;[38;5;122m[bd289573]&amp#27;[0m&amp#27;[38;5;-4m[AndroidUiautomator2Driver@71b9]&amp#27;[0m Valid locator strategies for this request: xpath, id, class name, accessibility id, css selector, -android uiautomator
&amp#27;[38;5;122m[bd289573]&amp#27;[0m&amp#27;[38;5;-4m[AndroidUiautomator2Driver@71b9]&amp#27;[0m Waiting up to 0 ms for condition
&amp#27;[38;5;122m[bd289573]&amp#27;[0m&amp#27;[38;5;-4m[AndroidUiautomator2Driver@71b9]&amp#27;[0m Matched '/element' to command name 'findElement'
&amp#27;[38;5;122m[bd289573]&amp#27;[0m&amp#27;[38;5;-4m[AndroidUiautomator2Driver@71b9]&amp#27;[0m Proxying [POST /element] to [POST http://127.0.0.1:8202/session/edb432b8-4747-4727-841b-9c05c196febb/element] with body: {"strategy":"xpath","selector":"//android.widget.TextView[@text='Argentina']","context":"","multiple":false}
&amp#27;[38;5;122m[bd289573]&amp#27;[0m&amp#27;[38;5;-4m[AndroidUiautomator2Driver@71b9]&amp#27;[0m Got response with status 200: {"sessionId":"edb432b8-4747-4727-841b-9c05c196febb","value":{"ELEMENT":"00000000-0000-0a25-ffff-ffff00000032","element-6066-11e4-a52e-4f735466cecf":"00000000-0000-0a25-ffff-ffff00000032"}}
&amp#27;[38;5;122m[bd289573]&amp#27;[0m&amp#27;[38;5;-4m[AndroidUiautomator2Driver@71b9]&amp#27;[0m Responding to client with driver.findElement() result: {"element-6066-11e4-a52e-4f735466cecf":"00000000-0000-0a25-ffff-ffff00000032","ELEMENT":"00000000-0000-0a25-ffff-ffff00000032"}
&amp#27;[38;5;122m[bd289573]&amp#27;[0m&amp#27;[38;5;86m[HTTP]&amp#27;[0m &amp#27;[37m<-- POST /session/bd289573-53e7-4628-849e-3a8efb3ab045/element &amp#27;[39m&amp#27;[32m200&amp#27;[39m &amp#27;[90m438 ms - 137&amp#27;[39m &amp#27;[90m&amp#27;[39m
&amp#27;[38;5;122m[bd289573]&amp#27;[0m&amp#27;[38;5;86m[HTTP]&amp#27;[0m &amp#27;[37m-->&amp#27;[39m &amp#27;[37mPOST&amp#27;[39m &amp#27;[37m/session/bd289573-53e7-4628-849e-3a8efb3ab045/element/00000000-0000-0a25-ffff-ffff00000032/click&amp#27;[39m &amp#27;[90m{"id":"00000000-0000-0a25-ffff-ffff00000032"}&amp#27;[39m
&amp#27;[38;5;122m[bd289573]&amp#27;[0m&amp#27;[38;5;-4m[AndroidUiautomator2Driver@71b9]&amp#27;[0m Calling AppiumDriver.click() with args: ["00000000-0000-0a25-ffff-ffff00000032","bd289573-53e7-4628-849e-3a8efb3ab045"]
&amp#27;[38;5;122m[bd289573]&amp#27;[0m&amp#27;[38;5;-4m[AndroidUiautomator2Driver@71b9]&amp#27;[0m Matched '/element/00000000-0000-0a25-ffff-ffff00000032/click' to command name 'click'
&amp#27;[38;5;122m[bd289573]&amp#27;[0m&amp#27;[38;5;-4m[AndroidUiautomator2Driver@71b9]&amp#27;[0m Proxying [POST /element/00000000-0000-0a25-ffff-ffff00000032/click] to [POST http://127.0.0.1:8202/session/edb432b8-4747-4727-841b-9c05c196febb/element/00000000-0000-0a25-ffff-ffff00000032/click] with body: {"element":"00000000-0000-0a25-ffff-ffff00000032"}
&amp#27;[38;5;122m[bd289573]&amp#27;[0m&amp#27;[38;5;-4m[AndroidUiautomator2Driver@71b9]&amp#27;[0m Got response with status 200: {"sessionId":"edb432b8-4747-4727-841b-9c05c196febb","value":null}
&amp#27;[38;5;122m[bd289573]&amp#27;[0m&amp#27;[38;5;-4m[AndroidUiautomator2Driver@71b9]&amp#27;[0m Responding to client with driver.click() result: null
&amp#27;[38;5;122m[bd289573]&amp#27;[0m&amp#27;[38;5;86m[HTTP]&amp#27;[0m &amp#27;[37m<-- POST /session/bd289573-53e7-4628-849e-3a8efb3ab045/element/00000000-0000-0a25-ffff-ffff00000032/click &amp#27;[39m&amp#27;[32m200&amp#27;[39m &amp#27;[90m608 ms - 14&amp#27;[39m &amp#27;[90m&amp#27;[39m
&amp#27;[38;5;122m[bd289573]&amp#27;[0m&amp#27;[38;5;86m[HTTP]&amp#27;[0m &amp#27;[37m-->&amp#27;[39m &amp#27;[37mGET&amp#27;[39m &amp#27;[37m/session/bd289573-53e7-4628-849e-3a8efb3ab045/screenshot&amp#27;[39m &amp#27;[90m{}&amp#27;[39m
&amp#27;[38;5;122m[bd289573]&amp#27;[0m&amp#27;[38;5;-4m[AndroidUiautomator2Driver@71b9]&amp#27;[0m Calling AppiumDriver.getScreenshot() with args: ["bd289573-53e7-4628-849e-3a8efb3ab045"]
&amp#27;[38;5;122m[bd289573]&amp#27;[0m&amp#27;[38;5;-4m[AndroidUiautomator2Driver@71b9]&amp#27;[0m Matched '/screenshot' to command name 'getScreenshot'
&amp#27;[38;5;122m[bd289573]&amp#27;[0m&amp#27;[38;5;-4m[AndroidUiautomator2Driver@71b9]&amp#27;[0m Proxying [GET /screenshot] to [GET http://127.0.0.1:8202/session/edb432b8-4747-4727-841b-9c05c196febb/screenshot] with no body
&amp#27;[38;5;122m[bd289573]&amp#27;[0m&amp#27;[38;5;-4m[AndroidUiautomator2Driver@71b9]&amp#27;[0m Got response with status 200: {"sessionId":"edb432b8-4747-4727-841b-9c05c196febb","value":"iVBORw0KGgoAAAANSUhEUgAABDgAAAjoCAYAAAA5jhrUAAAAAXNSR0IArs4c6QAAAARzQklUCAgICHwIZIgAACAASURBVHic7N13nNxF/cfx98z3u9eSy6WHkJBQQm+GXoJSBAQVELEFQVRUQMSCimIXG4qKFEEFfyCC/AQJoMCPWEBp0gSkBgglhZDec2X3O/P7Y8vt3n336u7dfXOvJ4+Q7LfMd2a/dT473xkz5rlTvQAAAAAAABLMDnYGAAAAAAAA+osABwAAAAAASDwCHAAAAAAAIPEIcAAAAAAAgMQjwAEAAAAAABKPAAcAAAAAAEg8AhwAAAAAACDxCHAAAAAAAIDEI8ABAAAAAAASjwAHAAAAAABIPAIcAAAAAAAg8QhwAAAAAACAxCPAAQAAAAAAEo8ABwAAAAAASDwCHAAAAAAAIPEIcAAAAAAAgMQjwAEAAAAAABKPAAcAAAAAAEg8AhwAAAAAACDxCHAAAAAAAIDEI8ABAAAAAAASjwAHAAAAAABIPAIcAAAAAAAg8QhwAAAAAACAxCPAAQAAAAAAEi8c7AwAQ4GRkcn/bbL/liQvyXuv7H/K/T+5hks5AQAAAAw/BDgwbBkZhcZqu5otdMNWn9fWqQldLv9aerk+tPDneqXtTWW8S0wQYLiUEwAAAOiJpqBBu9VO0+5109RkG7Rb3TQ1BSMK89dGG/VMywKtdZv0dMsCPdO6QGujTYOS11kNO+n26V/t0bLHvf5D3b/phSrnaGgjwIFhqdHW65sT36fTxhymoIdvam2dmqCHtv2BIjldu/pefWfZH7XeNVc5p/0zXMoJAAAAdGVaaryObdxLxzburVkNO3W7/Dsb9y75fP+mF3Tn+sd15/r/aEF6RbWyiX4yY547lZ9nMWyEJtCZY4/Wtye+X+0vaPSNl9d3lt2kX676P2V8VKEcVsZwKScAAADQlVkNO+lT...
&amp#27;[38;5;122m[bd289573]&amp#27;[0m&amp#27;[38;5;-4m[AndroidUiautomator2Driver@71b9]&amp#27;[0m Responding to client with driver.getScreenshot() result: "iVBORw0KGgoAAAANSUhEUgAABDgAAAjoCAYAAAA5jhrUAAAAAXNSR0IArs4c6QAAAARzQklUCAgICHwIZIgAACAASURBVHic7N13nNxF/cfx98z3u9eSy6WHkJBQQm+GXoJSBAQVELEFQVRUQMSCimIXG4qKFEEFfyCC/AQJoMCPWEBp0gSkBgglhZDec2X3O/P7Y8vt3n336u7dfXOvJ4+Q7LfMd2a/dT473xkz5rlTvQAAAAAAABLMDnYGAAAAAAAA+osABwAAAAAASDwCHAAAAAAAIPEIcAAAAAAAgMQjwAEAAAAAABKPAAcAAAAAAEg8AhwAAAAAACDxCHAAAAAAAIDEI8ABAAAAAAASjwAHAAAAAABIPAIcAAAAAAAg8QhwAAAAAACAxCPAAQAAAAAAEo8ABwAAAAAASDwCHAAAAAAAIPEIcAAAAAAAgMQjwAEAAAAAABKPAAcAAAAAAEg8AhwAAAAAACDxCHAAAAAAAIDEI8ABAAAAAAASjwAHAAAAAABIPAIcAAAAAAAg8QhwAAAAAACAxCPAAQAAAAAAEi8c7AwAQ4GRkcn/bbL/liQvyXuv7H/K/T+5hks5AQAAAAw/BDgwbBkZhcZqu5otdMNWn9fWqQldLv9aerk+tPDneqXtTWW8S0wQYLiUEwAAAOiJpqBBu9VO0+5109RkG7Rb3TQ1BSMK89dGG/VMywKtdZv0dMsCPdO6QGujTYOS11kNO+n26V/t0bLHvf5D3b/phSrnaGgjwIFhqdHW65sT36fTxhymoIdvam2dmqCHtv2BIjldu/pefWfZH7XeNVc5p/0zXMoJAAAAdGVaaryObdxLxzburVkNO3W7/Dsb9y75fP+mF3Tn+sd15/r/aEF6RbWyiX4yY547lZ9nMWyEJtCZY4/Wtye+X+0vaPSNl9d3lt2kX676P2V8VKEcVsZwKScAAADQlVkNO+lTY4/qFLDojzvWP65frZo7IK0laMHROwQ4MCwYGTXaOt2zzXe1Tc3Eiqb9atsy...
&amp#27;[38;5;122m[bd289573]&amp#27;[0m&amp#27;[38;5;86m[HTTP]&amp#27;[0m &amp#27;[37m<-- GET /session/bd289573-53e7-4628-849e-3a8efb3ab045/screenshot &amp#27;[39m&amp#27;[32m200&amp#27;[39m &amp#27;[90m1031 ms - 599104&amp#27;[39m &amp#27;[90m&amp#27;[39m
&amp#27;[38;5;122m[bd289573]&amp#27;[0m&amp#27;[38;5;86m[HTTP]&amp#27;[0m &amp#27;[37m-->&amp#27;[39m &amp#27;[37mGET&amp#27;[39m &amp#27;[37m/session/bd289573-53e7-4628-849e-3a8efb3ab045/screenshot&amp#27;[39m &amp#27;[90m{}&amp#27;[39m
&amp#27;[38;5;122m[bd289573]&amp#27;[0m&amp#27;[38;5;-4m[AndroidUiautomator2Driver@71b9]&amp#27;[0m Calling AppiumDriver.getScreenshot() with args: ["bd289573-53e7-4628-849e-3a8efb3ab045"]
&amp#27;[38;5;122m[bd289573]&amp#27;[0m&amp#27;[38;5;-4m[AndroidUiautomator2Driver@71b9]&amp#27;[0m Matched '/screenshot' to command name 'getScreenshot'
&amp#27;[38;5;122m[bd289573]&amp#27;[0m&amp#27;[38;5;-4m[AndroidUiautomator2Driver@71b9]&amp#27;[0m Proxying [GET /screenshot] to [GET http://127.0.0.1:8202/session/edb432b8-4747-4727-841b-9c05c196febb/screenshot] with no body
&amp#27;[38;5;122m[bd289573]&amp#27;[0m&amp#27;[38;5;-4m[AndroidUiautomator2Driver@71b9]&amp#27;[0m Got response with status 200: {"sessionId":"edb432b8-4747-4727-841b-9c05c196febb","value":"iVBORw0KGgoAAAANSUhEUgAABDgAAAjoCAYAAAA5jhrUAAAAAXNSR0IArs4c6QAAAARzQklUCAgICHwIZIgAACAASURBVHic7N13nNxF/cfx98z3u9eSy6WHkJBQQm+GXoJSBAQVELEFQVRUQMSCimIXG4qKFEEFfyCC/AQJoMCPWEBp0gSkBgglhZDec2X3O/P7Y8vt3n336u7dfXOvJ4+Q7LfMd2a/dT473xkz5rlTvQAAAAAAABLMDnYGAAAAAAAA+osABwAAAAAASDwCHAAAAAAAIPEIcAAAAAAAgMQjwAEAAAAAABKPAAcAAAAAAEg8AhwAAAAAACDxCHAAAAAAAIDEI8ABAAAAAAASjwAHAAAAAABIPAIcAAAAAAAg8QhwAAAAAACAxCPAAQAAAAAAEo8ABwAAAAAASDwCHAAAAAAAIPEIcAAAAAAAgMQjwAEAAAAAABKPAAcAAAAAAEg8AhwAAAAAACDxCHAAAAAAAIDEI8ABAAAAAAASjwAHAAAAAABIPAIcAAAAAAAg8QhwAAAAAACAxCPAAQAAAAAAEi8c7AwAQ4GRkcn/bbL/liQvyXuv7H/K/T+5hks5AQAAAAw/BDgwbBkZhcZqu5otdMNWn9fWqQldLv9aerk+tPDneqXtTWW8S0wQYLiUEwAAAOiJpqBBu9VO0+5109RkG7Rb3TQ1BSMK89dGG/VMywKtdZv0dMsCPdO6QGujTYOS11kNO+n26V/t0bLHvf5D3b/phSrnaGgjwIFhqdHW65sT36fTxhymoIdvam2dmqCHtv2BIjldu/pefWfZH7XeNVc5p/0zXMoJAAAAdGVaaryObdxLxzburVkNO3W7/Dsb9y75fP+mF3Tn+sd15/r/aEF6RbWyiX4yY547lZ9nMWyEJtCZY4/Wtye+X+0vaPSNl9d3lt2kX676P2V8VKEcVsZwKScAAADQlVkNO+lT...
&amp#27;[38;5;122m[bd289573]&amp#27;[0m&amp#27;[38;5;-4m[AndroidUiautomator2Driver@71b9]&amp#27;[0m Responding to client with driver.getScreenshot() result: "iVBORw0KGgoAAAANSUhEUgAABDgAAAjoCAYAAAA5jhrUAAAAAXNSR0IArs4c6QAAAARzQklUCAgICHwIZIgAACAASURBVHic7N13nNxF/cfx98z3u9eSy6WHkJBQQm+GXoJSBAQVELEFQVRUQMSCimIXG4qKFEEFfyCC/AQJoMCPWEBp0gSkBgglhZDec2X3O/P7Y8vt3n336u7dfXOvJ4+Q7LfMd2a/dT473xkz5rlTvQAAAAAAABLMDnYGAAAAAAAA+osABwAAAAAASDwCHAAAAAAAIPEIcAAAAAAAgMQjwAEAAAAAABKPAAcAAAAAAEg8AhwAAAAAACDxCHAAAAAAAIDEI8ABAAAAAAASjwAHAAAAAABIPAIcAAAAAAAg8QhwAAAAAACAxCPAAQAAAAAAEo8ABwAAAAAASDwCHAAAAAAAIPEIcAAAAAAAgMQjwAEAAAAAABKPAAcAAAAAAEg8AhwAAAAAACDxCHAAAAAAAIDEI8ABAAAAAAASjwAHAAAAAABIPAIcAAAAAAAg8QhwAAAAAACAxCPAAQAAAAAAEi8c7AwAQ4GRkcn/bbL/liQvyXuv7H/K/T+5hks5AQAAAAw/BDgwbBkZhcZqu5otdMNWn9fWqQldLv9aerk+tPDneqXtTWW8S0wQYLiUEwAAAOiJpqBBu9VO0+5109RkG7Rb3TQ1BSMK89dGG/VMywKtdZv0dMsCPdO6QGujTYOS11kNO+n26V/t0bLHvf5D3b/phSrnaGgjwIFhqdHW65sT36fTxhymoIdvam2dmqCHtv2BIjldu/pefWfZH7XeNVc5p/0zXMoJAAAAdGVaaryObdxLxzburVkNO3W7/Dsb9y75fP+mF3Tn+sd15/r/aEF6RbWyiX4yY547lZ9nMWyEJtCZY4/Wtye+X+0vaPSNl9d3lt2kX676P2V8VKEcVsZwKScAAADQlVkNO+lTY4/qFLDojzvWP65frZo7IK0laMHROwQ4MCwYGTXaOt2zzXe1Tc3Eiqb9atsy...
&amp#27;[38;5;122m[bd289573]&amp#27;[0m&amp#27;[38;5;86m[HTTP]&amp#27;[0m &amp#27;[37m<-- GET /session/bd289573-53e7-4628-849e-3a8efb3ab045/screenshot &amp#27;[39m&amp#27;[32m200&amp#27;[39m &amp#27;[90m1036 ms - 599104&amp#27;[39m &amp#27;[90m&amp#27;[39m
&amp#27;[38;5;122m[bd289573]&amp#27;[0m&amp#27;[38;5;86m[HTTP]&amp#27;[0m &amp#27;[37m-->&amp#27;[39m &amp#27;[37mPOST&amp#27;[39m &amp#27;[37m/session/bd289573-53e7-4628-849e-3a8efb3ab045/element&amp#27;[39m &amp#27;[90m{"using":"id","value":"com.androidsample.generalstore:id/btnLetsShop"}&amp#27;[39m
&amp#27;[38;5;122m[bd289573]&amp#27;[0m&amp#27;[38;5;-4m[AndroidUiautomator2Driver@71b9]&amp#27;[0m Calling AppiumDriver.findElement() with args: ["id","com.androidsample.generalstore:id/btnLetsShop","bd289573-53e7-4628-849e-3a8efb3ab045"]
&amp#27;[38;5;122m[bd289573]&amp#27;[0m&amp#27;[38;5;-4m[AndroidUiautomator2Driver@71b9]&amp#27;[0m Valid locator strategies for this request: xpath, id, class name, accessibility id, css selector, -android uiautomator
&amp#27;[38;5;122m[bd289573]&amp#27;[0m&amp#27;[38;5;-4m[AndroidUiautomator2Driver@71b9]&amp#27;[0m Waiting up to 0 ms for condition
&amp#27;[38;5;122m[bd289573]&amp#27;[0m&amp#27;[38;5;-4m[AndroidUiautomator2Driver@71b9]&amp#27;[0m Matched '/element' to command name 'findElement'
&amp#27;[38;5;122m[bd289573]&amp#27;[0m&amp#27;[38;5;-4m[AndroidUiautomator2Driver@71b9]&amp#27;[0m Proxying [POST /element] to [POST http://127.0.0.1:8202/session/edb432b8-4747-4727-841b-9c05c196febb/element] with body: {"strategy":"id","selector":"com.androidsample.generalstore:id/btnLetsShop","context":"","multiple":false}
&amp#27;[38;5;122m[bd289573]&amp#27;[0m&amp#27;[38;5;-4m[AndroidUiautomator2Driver@71b9]&amp#27;[0m Got response with status 200: {"sessionId":"edb432b8-4747-4727-841b-9c05c196febb","value":{"ELEMENT":"00000000-0000-0a24-ffff-ffff00000021","element-6066-11e4-a52e-4f735466cecf":"00000000-0000-0a24-ffff-ffff00000021"}}
&amp#27;[38;5;122m[bd289573]&amp#27;[0m&amp#27;[38;5;-4m[AndroidUiautomator2Driver@71b9]&amp#27;[0m Responding to client with driver.findElement() result: {"element-6066-11e4-a52e-4f735466cecf":"00000000-0000-0a24-ffff-ffff00000021","ELEMENT":"00000000-0000-0a24-ffff-ffff00000021"}
&amp#27;[38;5;122m[bd289573]&amp#27;[0m&amp#27;[38;5;86m[HTTP]&amp#27;[0m &amp#27;[37m<-- POST /session/bd289573-53e7-4628-849e-3a8efb3ab045/element &amp#27;[39m&amp#27;[32m200&amp#27;[39m &amp#27;[90m36 ms - 137&amp#27;[39m &amp#27;[90m&amp#27;[39m
&amp#27;[38;5;122m[bd289573]&amp#27;[0m&amp#27;[38;5;86m[HTTP]&amp#27;[0m &amp#27;[37m-->&amp#27;[39m &amp#27;[37mPOST&amp#27;[39m &amp#27;[37m/session/bd289573-53e7-4628-849e-3a8efb3ab045/element/00000000-0000-0a24-ffff-ffff00000021/click&amp#27;[39m &amp#27;[90m{"id":"00000000-0000-0a24-ffff-ffff00000021"}&amp#27;[39m
&amp#27;[38;5;122m[bd289573]&amp#27;[0m&amp#27;[38;5;-4m[AndroidUiautomator2Driver@71b9]&amp#27;[0m Calling AppiumDriver.click() with args: ["00000000-0000-0a24-ffff-ffff00000021","bd289573-53e7-4628-849e-3a8efb3ab045"]
&amp#27;[38;5;122m[bd289573]&amp#27;[0m&amp#27;[38;5;-4m[AndroidUiautomator2Driver@71b9]&amp#27;[0m Matched '/element/00000000-0000-0a24-ffff-ffff00000021/click' to command name 'click'
&amp#27;[38;5;122m[bd289573]&amp#27;[0m&amp#27;[38;5;-4m[AndroidUiautomator2Driver@71b9]&amp#27;[0m Proxying [POST /element/00000000-0000-0a24-ffff-ffff00000021/click] to [POST http://127.0.0.1:8202/session/edb432b8-4747-4727-841b-9c05c196febb/element/00000000-0000-0a24-ffff-ffff00000021/click] with body: {"element":"00000000-0000-0a24-ffff-ffff00000021"}
&amp#27;[38;5;122m[bd289573]&amp#27;[0m&amp#27;[38;5;-4m[AndroidUiautomator2Driver@71b9]&amp#27;[0m Got response with status 200: {"sessionId":"edb432b8-4747-4727-841b-9c05c196febb","value":null}
&amp#27;[38;5;122m[bd289573]&amp#27;[0m&amp#27;[38;5;-4m[AndroidUiautomator2Driver@71b9]&amp#27;[0m Responding to client with driver.click() result: null
&amp#27;[38;5;122m[bd289573]&amp#27;[0m&amp#27;[38;5;86m[HTTP]&amp#27;[0m &amp#27;[37m<-- POST /session/bd289573-53e7-4628-849e-3a8efb3ab045/element/00000000-0000-0a24-ffff-ffff00000021/click &amp#27;[39m&amp#27;[32m200&amp#27;[39m &amp#27;[90m54 ms - 14&amp#27;[39m &amp#27;[90m&amp#27;[39m
&amp#27;[38;5;122m[bd289573]&amp#27;[0m&amp#27;[38;5;86m[HTTP]&amp#27;[0m &amp#27;[37m-->&amp#27;[39m &amp#27;[37mGET&amp#27;[39m &amp#27;[37m/session/bd289573-53e7-4628-849e-3a8efb3ab045/screenshot&amp#27;[39m &amp#27;[90m{}&amp#27;[39m
&amp#27;[38;5;122m[bd289573]&amp#27;[0m&amp#27;[38;5;-4m[AndroidUiautomator2Driver@71b9]&amp#27;[0m Calling AppiumDriver.getScreenshot() with args: ["bd289573-53e7-4628-849e-3a8efb3ab045"]
&amp#27;[38;5;122m[bd289573]&amp#27;[0m&amp#27;[38;5;-4m[AndroidUiautomator2Driver@71b9]&amp#27;[0m Matched '/screenshot' to command name 'getScreenshot'
&amp#27;[38;5;122m[bd289573]&amp#27;[0m&amp#27;[38;5;-4m[AndroidUiautomator2Driver@71b9]&amp#27;[0m Proxying [GET /screenshot] to [GET http://127.0.0.1:8202/session/edb432b8-4747-4727-841b-9c05c196febb/screenshot] with no body
&amp#27;[38;5;122m[bd289573]&amp#27;[0m&amp#27;[38;5;-4m[AndroidUiautomator2Driver@71b9]&amp#27;[0m Got response with status 200: {"sessionId":"edb432b8-4747-4727-841b-9c05c196febb","value":"iVBORw0KGgoAAAANSUhEUgAABDgAAAjoCAYAAAA5jhrUAAAAAXNSR0IArs4c6QAAAARzQklUCAgICHwIZIgAACAASURBVHic7N13nNxF/cfx98z3u9eSy6WHkJBQQm+GXoJSBAQVELEFQVRUQMSCimIXG4qKFEEFfyCC/AQJoMCPWEBp0gSkBgglhZDec2X3O/P7Y8vt3n336u7dfXOvJ4+Q7LfMd2a/dT473xkz5rlTvQAAAAAAABLMDnYGAAAAAAAA+osABwAAAAAASDwCHAAAAAAAIPEIcAAAAAAAgMQjwAEAAAAAABKPAAcAAAAAAEg8AhwAAAAAACDxCHAAAAAAAIDEI8ABAAAAAAASjwAHAAAAAABIPAIcAAAAAAAg8QhwAAAAAACAxCPAAQAAAAAAEo8ABwAAAAAASDwCHAAAAAAAIPEIcAAAAAAAgMQjwAEAAAAAABKPAAcAAAAAAEg8AhwAAAAAACDxCHAAAAAAAIDEI8ABAAAAAAASjwAHAAAAAABIPAIcAAAAAAAg8QhwAAAAAACAxCPAAQAAAAAAEi8c7AwAQ4GRkcn/bbL/liQvyXuv7H/K/T+5hks5AQAAAAw/BDgwbBkZhcZqu5otdMNWn9fWqQldLv9aerk+tPDneqXtTWW8S0wQYLiUEwAAAOiJpqBBu9VO0+5109RkG7Rb3TQ1BSMK89dGG/VMywKtdZv0dMsCPdO6QGujTYOS11kNO+n26V/t0bLHvf5D3b/phSrnaGgjwIFhqdHW65sT36fTxhymoIdvam2dmqCHtv2BIjldu/pefWfZH7XeNVc5p/0zXMoJAAAAdGVaaryObdxLxzburVkNO3W7/Dsb9y75fP+mF3Tn+sd15/r/aEF6RbWyiX4yY547lZ9nMWyEJtCZY4/Wtye+X+0vaPSNl9d3lt2kX676P2V8VKEcVsZwKScAAADQlVkNO+lT...
&amp#27;[38;5;122m[bd289573]&amp#27;[0m&amp#27;[38;5;-4m[AndroidUiautomator2Driver@71b9]&amp#27;[0m Responding to client with driver.getScreenshot() result: "iVBORw0KGgoAAAANSUhEUgAABDgAAAjoCAYAAAA5jhrUAAAAAXNSR0IArs4c6QAAAARzQklUCAgICHwIZIgAACAASURBVHic7N13nNxF/cfx98z3u9eSy6WHkJBQQm+GXoJSBAQVELEFQVRUQMSCimIXG4qKFEEFfyCC/AQJoMCPWEBp0gSkBgglhZDec2X3O/P7Y8vt3n336u7dfXOvJ4+Q7LfMd2a/dT473xkz5rlTvQAAAAAAABLMDnYGAAAAAAAA+osABwAAAAAASDwCHAAAAAAAIPEIcAAAAAAAgMQjwAEAAAAAABKPAAcAAAAAAEg8AhwAAAAAACDxCHAAAAAAAIDEI8ABAAAAAAASjwAHAAAAAABIPAIcAAAAAAAg8QhwAAAAAACAxCPAAQAAAAAAEo8ABwAAAAAASDwCHAAAAAAAIPEIcAAAAAAAgMQjwAEAAAAAABKPAAcAAAAAAEg8AhwAAAAAACDxCHAAAAAAAIDEI8ABAAAAAAASjwAHAAAAAABIPAIcAAAAAAAg8QhwAAAAAACAxCPAAQAAAAAAEi8c7AwAQ4GRkcn/bbL/liQvyXuv7H/K/T+5hks5AQAAAAw/BDgwbBkZhcZqu5otdMNWn9fWqQldLv9aerk+tPDneqXtTWW8S0wQYLiUEwAAAOiJpqBBu9VO0+5109RkG7Rb3TQ1BSMK89dGG/VMywKtdZv0dMsCPdO6QGujTYOS11kNO+n26V/t0bLHvf5D3b/phSrnaGgjwIFhqdHW65sT36fTxhymoIdvam2dmqCHtv2BIjldu/pefWfZH7XeNVc5p/0zXMoJAAAAdGVaaryObdxLxzburVkNO3W7/Dsb9y75fP+mF3Tn+sd15/r/aEF6RbWyiX4yY547lZ9nMWyEJtCZY4/Wtye+X+0vaPSNl9d3lt2kX676P2V8VKEcVsZwKScAAADQlVkNO+lTY4/qFLDojzvWP65frZo7IK0laMHROwQ4MCwYGTXaOt2zzXe1Tc3Eiqb9atsy...
&amp#27;[38;5;122m[bd289573]&amp#27;[0m&amp#27;[38;5;86m[HTTP]&amp#27;[0m &amp#27;[37m<-- GET /session/bd289573-53e7-4628-849e-3a8efb3ab045/screenshot &amp#27;[39m&amp#27;[32m200&amp#27;[39m &amp#27;[90m1119 ms - 598508&amp#27;[39m &amp#27;[90m&amp#27;[39m
&amp#27;[38;5;122m[bd289573]&amp#27;[0m&amp#27;[38;5;86m[HTTP]&amp#27;[0m &amp#27;[37m-->&amp#27;[39m &amp#27;[37mGET&amp#27;[39m &amp#27;[37m/session/bd289573-53e7-4628-849e-3a8efb3ab045/screenshot&amp#27;[39m &amp#27;[90m{}&amp#27;[39m
&amp#27;[38;5;122m[bd289573]&amp#27;[0m&amp#27;[38;5;-4m[AndroidUiautomator2Driver@71b9]&amp#27;[0m Calling AppiumDriver.getScreenshot() with args: ["bd289573-53e7-4628-849e-3a8efb3ab045"]
&amp#27;[38;5;122m[bd289573]&amp#27;[0m&amp#27;[38;5;-4m[AndroidUiautomator2Driver@71b9]&amp#27;[0m Matched '/screenshot' to command name 'getScreenshot'
&amp#27;[38;5;122m[bd289573]&amp#27;[0m&amp#27;[38;5;-4m[AndroidUiautomator2Driver@71b9]&amp#27;[0m Proxying [GET /screenshot] to [GET http://127.0.0.1:8202/session/edb432b8-4747-4727-841b-9c05c196febb/screenshot] with no body
&amp#27;[38;5;122m[bd289573]&amp#27;[0m&amp#27;[38;5;-4m[AndroidUiautomator2Driver@71b9]&amp#27;[0m Got response with status 200: {"sessionId":"edb432b8-4747-4727-841b-9c05c196febb","value":"iVBORw0KGgoAAAANSUhEUgAABDgAAAjoCAYAAAA5jhrUAAAAAXNSR0IArs4c6QAAAARzQklUCAgICHwIZIgAACAASURBVHic7N15fBT1/cfx98zsJiSQgxBAbhAEPFAOb6GiWG2971qs91FR69nqr7Ze9W613pXWC4ql3oBn1VpEEUSLQL1R5AiHHAkJCTl2d2Z+f2BiNrubbJLd7E729eyDH+zszHc+E9of2Xe+38/X6P75ma4AAAAAAAA8zEx1AQAAAAAAAO1FwAEAAAAAADyPgAMAAAAAAHgeAQcAAAAAAPA8Ag4AAAAAAOB5BBwAAAAAAMDzCDgAAAAAAIDnEXAAAAAAAADPI+AAAAAAAACeR8ABAAAAAAA8j4ADAAAAAAB4HgEHAAAAAADwPAIOAAAAAADgeQQcAAAAAADA8wg4AAAAAACA5xFwAAAAAAAAzyPgAAAAAAAAnkfAAQAAAAAAPI+AAwAAAAAAeB4BBwAAAAAA8DwCDgAAAAAA4HkEHAAAAAAAwPMIOAAAAAAAgOcRcAAAAAAAAM8j4AAAAAAAAJ7nS3UBQDowZMio/93Y8WdJciW5rqsd/9H3/9e7MuU5AQAAAGQeAg5kLEOGfIapoVk7aeaAKzXY37PZ81cFN+vnJffq28B3CrmOZ0KATHlOAAAAIB4FVq72yB6oUV0GqsDM1R5dBqrA6trwfoW9XZ/WrlGFU61Patfo07o1qrCrU1Lr+NyRemnQb+M699jVd2h+9ZdJrii9EXAgI+WZObqh1yk6u/shsuJcqTXY31MLd75dthxN3/qObt70rCqdmiRX2j6Z8pwAAABAcwb6i3Vk3lgdmTdO43NHtnj+UXnjwl7Pr/5Sr1Uu1muVH2tNcEuyykQ7Gd0/P5MfzyJj+AxLU4qO0E29TtUPCzTaxpWrmzc9p7+U/Ush105QhYmRKc8JAAAANGd87kj9sujw...
&amp#27;[38;5;122m[bd289573]&amp#27;[0m&amp#27;[38;5;-4m[AndroidUiautomator2Driver@71b9]&amp#27;[0m Responding to client with driver.getScreenshot() result: "iVBORw0KGgoAAAANSUhEUgAABDgAAAjoCAYAAAA5jhrUAAAAAXNSR0IArs4c6QAAAARzQklUCAgICHwIZIgAACAASURBVHic7N15fBT1/cfx98zsJiSQgxBAbhAEPFAOb6GiWG2971qs91FR69nqr7Ze9W613pXWC4ql3oBn1VpEEUSLQL1R5AiHHAkJCTl2d2Z+f2BiNrubbJLd7E729eyDH+zszHc+E9of2Xe+38/X6P75ma4AAAAAAAA8zEx1AQAAAAAAAO1FwAEAAAAAADyPgAMAAAAAAHgeAQcAAAAAAPA8Ag4AAAAAAOB5BBwAAAAAAMDzCDgAAAAAAIDnEXAAAAAAAADPI+AAAAAAAACeR8ABAAAAAAA8j4ADAAAAAAB4HgEHAAAAAADwPAIOAAAAAADgeQQcAAAAAADA8wg4AAAAAACA5xFwAAAAAAAAzyPgAAAAAAAAnkfAAQAAAAAAPI+AAwAAAAAAeB4BBwAAAAAA8DwCDgAAAAAA4HkEHAAAAAAAwPMIOAAAAAAAgOcRcAAAAAAAAM8j4AAAAAAAAJ7nS3UBQDowZMio/93Y8WdJciW5rqsd/9H3/9e7MuU5AQAAAGQeAg5kLEOGfIapoVk7aeaAKzXY37PZ81cFN+vnJffq28B3CrmOZ0KATHlOAAAAIB4FVq72yB6oUV0GqsDM1R5dBqrA6trwfoW9XZ/WrlGFU61Patfo07o1qrCrU1Lr+NyRemnQb+M699jVd2h+9ZdJrii9EXAgI+WZObqh1yk6u/shsuJcqTXY31MLd75dthxN3/qObt70rCqdmiRX2j6Z8pwAAABAcwb6i3Vk3lgdmTdO43NHtnj+UXnjwl7Pr/5Sr1Uu1muVH2tNcEuyykQ7Gd0/P5MfzyJj+AxLU4qO0E29TtUPCzTaxpWrmzc9p7+U/Ush105QhYmRKc8JAAAANGd87kj9sujwiMCiPV6tXKy/lr3ZIbMlmMHROgQcyAiGDOWZXTR3yB80JKtXQsdeGdikQ1fd...
&amp#27;[38;5;122m[bd289573]&amp#27;[0m&amp#27;[38;5;86m[HTTP]&amp#27;[0m &amp#27;[37m<-- GET /session/bd289573-53e7-4628-849e-3a8efb3ab045/screenshot &amp#27;[39m&amp#27;[32m200&amp#27;[39m &amp#27;[90m766 ms - 345968&amp#27;[39m &amp#27;[90m&amp#27;[39m
&amp#27;[38;5;122m[bd289573]&amp#27;[0m&amp#27;[38;5;86m[HTTP]&amp#27;[0m &amp#27;[37m-->&amp#27;[39m &amp#27;[37mGET&amp#27;[39m &amp#27;[37m/session/bd289573-53e7-4628-849e-3a8efb3ab045/screenshot&amp#27;[39m &amp#27;[90m{}&amp#27;[39m
&amp#27;[38;5;122m[bd289573]&amp#27;[0m&amp#27;[38;5;-4m[AndroidUiautomator2Driver@71b9]&amp#27;[0m Calling AppiumDriver.getScreenshot() with args: ["bd289573-53e7-4628-849e-3a8efb3ab045"]
&amp#27;[38;5;122m[bd289573]&amp#27;[0m&amp#27;[38;5;-4m[AndroidUiautomator2Driver@71b9]&amp#27;[0m Matched '/screenshot' to command name 'getScreenshot'
&amp#27;[38;5;122m[bd289573]&amp#27;[0m&amp#27;[38;5;-4m[AndroidUiautomator2Driver@71b9]&amp#27;[0m Proxying [GET /screenshot] to [GET http://127.0.0.1:8202/session/edb432b8-4747-4727-841b-9c05c196febb/screenshot] with no body
&amp#27;[38;5;122m[bd289573]&amp#27;[0m&amp#27;[38;5;-4m[AndroidUiautomator2Driver@71b9]&amp#27;[0m Got response with status 200: {"sessionId":"edb432b8-4747-4727-841b-9c05c196febb","value":"iVBORw0KGgoAAAANSUhEUgAABDgAAAjoCAYAAAA5jhrUAAAAAXNSR0IArs4c6QAAAARzQklUCAgICHwIZIgAACAASURBVHic7N15fBT1/cfx98zsJiSQgxBAbhAEPFAOb6GiWG2971qs91FR69nqr7Ze9W613pXWC4ql3oBn1VpEEUSLQL1R5AiHHAkJCTl2d2Z+f2BiNrubbJLd7E729eyDH+zszHc+E9of2Xe+38/X6P75ma4AAAAAAAA8zEx1AQAAAAAAAO1FwAEAAAAAADyPgAMAAAAAAHgeAQcAAAAAAPA8Ag4AAAAAAOB5BBwAAAAAAMDzCDgAAAAAAIDnEXAAAAAAAADPI+AAAAAAAACeR8ABAAAAAAA8j4ADAAAAAAB4HgEHAAAAAADwPAIOAAAAAADgeQQcAAAAAADA8wg4AAAAAACA5xFwAAAAAAAAzyPgAAAAAAAAnkfAAQAAAAAAPI+AAwAAAAAAeB4BBwAAAAAA8DwCDgAAAAAA4HkEHAAAAAAAwPMIOAAAAAAAgOcRcAAAAAAAAM8j4AAAAAAAAJ7nS3UBQDowZMio/93Y8WdJciW5rqsd/9H3/9e7MuU5AQAAAGQeAg5kLEOGfIapoVk7aeaAKzXY37PZ81cFN+vnJffq28B3CrmOZ0KATHlOAAAAIB4FVq72yB6oUV0GqsDM1R5dBqrA6trwfoW9XZ/WrlGFU61Patfo07o1qrCrU1Lr+NyRemnQb+M699jVd2h+9ZdJrii9EXAgI+WZObqh1yk6u/shsuJcqTXY31MLd75dthxN3/qObt70rCqdmiRX2j6Z8pwAAABAcwb6i3Vk3lgdmTdO43NHtnj+UXnjwl7Pr/5Sr1Uu1muVH2tNcEuyykQ7Gd0/P5MfzyJj+AxLU4qO0E29TtUPCzTaxpWrmzc9p7+U/Ush105QhYmRKc8JAAAANGd87kj9sujw...
&amp#27;[38;5;122m[bd289573]&amp#27;[0m&amp#27;[38;5;-4m[AndroidUiautomator2Driver@71b9]&amp#27;[0m Responding to client with driver.getScreenshot() result: "iVBORw0KGgoAAAANSUhEUgAABDgAAAjoCAYAAAA5jhrUAAAAAXNSR0IArs4c6QAAAARzQklUCAgICHwIZIgAACAASURBVHic7N15fBT1/cfx98zsJiSQgxBAbhAEPFAOb6GiWG2971qs91FR69nqr7Ze9W613pXWC4ql3oBn1VpEEUSLQL1R5AiHHAkJCTl2d2Z+f2BiNrubbJLd7E729eyDH+zszHc+E9of2Xe+38/X6P75ma4AAAAAAAA8zEx1AQAAAAAAAO1FwAEAAAAAADyPgAMAAAAAAHgeAQcAAAAAAPA8Ag4AAAAAAOB5BBwAAAAAAMDzCDgAAAAAAIDnEXAAAAAAAADPI+AAAAAAAACeR8ABAAAAAAA8j4ADAAAAAAB4HgEHAAAAAADwPAIOAAAAAADgeQQcAAAAAADA8wg4AAAAAACA5xFwAAAAAAAAzyPgAAAAAAAAnkfAAQAAAAAAPI+AAwAAAAAAeB4BBwAAAAAA8DwCDgAAAAAA4HkEHAAAAAAAwPMIOAAAAAAAgOcRcAAAAAAAAM8j4AAAAAAAAJ7nS3UBQDowZMio/93Y8WdJciW5rqsd/9H3/9e7MuU5AQAAAGQeAg5kLEOGfIapoVk7aeaAKzXY37PZ81cFN+vnJffq28B3CrmOZ0KATHlOAAAAIB4FVq72yB6oUV0GqsDM1R5dBqrA6trwfoW9XZ/WrlGFU61Patfo07o1qrCrU1Lr+NyRemnQb+M699jVd2h+9ZdJrii9EXAgI+WZObqh1yk6u/shsuJcqTXY31MLd75dthxN3/qObt70rCqdmiRX2j6Z8pwAAABAcwb6i3Vk3lgdmTdO43NHtnj+UXnjwl7Pr/5Sr1Uu1muVH2tNcEuyykQ7Gd0/P5MfzyJj+AxLU4qO0E29TtUPCzTaxpWrmzc9p7+U/Ush105QhYmRKc8JAAAANGd87kj9sujwiMCiPV6tXKy/lr3ZIbMlmMHROgQcyAiGDOWZXTR3yB80JKtXQsdeGdikQ1fd...
&amp#27;[38;5;122m[bd289573]&amp#27;[0m&amp#27;[38;5;86m[HTTP]&amp#27;[0m &amp#27;[37m<-- GET /session/bd289573-53e7-4628-849e-3a8efb3ab045/screenshot &amp#27;[39m&amp#27;[32m200&amp#27;[39m &amp#27;[90m763 ms - 345968&amp#27;[39m &amp#27;[90m&amp#27;[39m
]]></system-out>
  </testcase>
</testsuite>