<?xml version="1.0" encoding="UTF-8"?>
<testsuite xmlns:xsi="http://www.w3.org/2001/XMLSchema-instance" xsi:noNamespaceSchemaLocation="https://maven.apache.org/surefire/maven-surefire-plugin/xsd/surefire-test-report-3.0.xsd" version="3.0" name="TestSuite" time="78.606" tests="6" errors="0" skipped="0" failures="0">
  <properties>
    <property name="sun.desktop" value="windows"/>
    <property name="awt.toolkit" value="sun.awt.windows.WToolkit"/>
    <property name="java.specification.version" value="11"/>
    <property name="sun.cpu.isalist" value="amd64"/>
    <property name="sun.jnu.encoding" value="Cp1252"/>
    <property name="java.class.path" value="C:\Users\sajus\IdeaProjects\appium_Device\target\test-classes;C:\Users\sajus\IdeaProjects\appium_Device\target\classes;C:\Users\sajus\.m2\repository\io\appium\java-client\8.5.1\java-client-8.5.1.jar;C:\Users\sajus\.m2\repository\org\seleniumhq\selenium\selenium-api\4.33.0\selenium-api-4.33.0.jar;C:\Users\sajus\.m2\repository\org\jspecify\jspecify\1.0.0\jspecify-1.0.0.jar;C:\Users\sajus\.m2\repository\org\seleniumhq\selenium\selenium-support\4.33.0\selenium-support-4.33.0.jar;C:\Users\sajus\.m2\repository\com\google\code\gson\gson\2.10.1\gson-2.10.1.jar;C:\Users\sajus\.m2\repository\commons-validator\commons-validator\1.7\commons-validator-1.7.jar;C:\Users\sajus\.m2\repository\commons-beanutils\commons-beanutils\1.9.4\commons-beanutils-1.9.4.jar;C:\Users\sajus\.m2\repository\commons-digester\commons-digester\2.1\commons-digester-2.1.jar;C:\Users\sajus\.m2\repository\commons-logging\commons-logging\1.2\commons-logging-1.2.jar;C:\Users\sajus\.m2\repository\commons-collections\commons-collections\3.2.2\commons-collections-3.2.2.jar;C:\Users\sajus\.m2\repository\org\apache\commons\commons-lang3\3.12.0\commons-lang3-3.12.0.jar;C:\Users\sajus\.m2\repository\commons-io\commons-io\2.12.0\commons-io-2.12.0.jar;C:\Users\sajus\.m2\repository\org\slf4j\slf4j-api\2.0.7\slf4j-api-2.0.7.jar;C:\Users\sajus\.m2\repository\org\seleniumhq\selenium\selenium-java\4.8.0\selenium-java-4.8.0.jar;C:\Users\sajus\.m2\repository\org\seleniumhq\selenium\selenium-chrome-driver\4.8.0\selenium-chrome-driver-4.8.0.jar;C:\Users\sajus\.m2\repository\com\google\auto\service\auto-service\1.0.1\auto-service-1.0.1.jar;C:\Users\sajus\.m2\repository\com\google\auto\auto-common\1.2\auto-common-1.2.jar;C:\Users\sajus\.m2\repository\org\seleniumhq\selenium\selenium-chromium-driver\4.8.0\selenium-chromium-driver-4.8.0.jar;C:\Users\sajus\.m2\repository\org\seleniumhq\selenium\selenium-devtools-v107\4.8.0\selenium-devtools-v107-4.8.0.jar;C:\Users\sajus\.m2\repository\org\seleniumhq\selenium\selenium-devtools-v108\4.8.0\selenium-devtools-v108-4.8.0.jar;C:\Users\sajus\.m2\repository\org\seleniumhq\selenium\selenium-devtools-v109\4.8.0\selenium-devtools-v109-4.8.0.jar;C:\Users\sajus\.m2\repository\org\seleniumhq\selenium\selenium-devtools-v85\4.8.0\selenium-devtools-v85-4.8.0.jar;C:\Users\sajus\.m2\repository\org\seleniumhq\selenium\selenium-edge-driver\4.8.0\selenium-edge-driver-4.8.0.jar;C:\Users\sajus\.m2\repository\org\seleniumhq\selenium\selenium-firefox-driver\4.8.0\selenium-firefox-driver-4.8.0.jar;C:\Users\sajus\.m2\repository\org\seleniumhq\selenium\selenium-ie-driver\4.8.0\selenium-ie-driver-4.8.0.jar;C:\Users\sajus\.m2\repository\org\seleniumhq\selenium\selenium-safari-driver\4.8.0\selenium-safari-driver-4.8.0.jar;C:\Users\sajus\.m2\repository\org\seleniumhq\selenium\selenium-remote-driver\4.13.0\selenium-remote-driver-4.13.0.jar;C:\Users\sajus\.m2\repository\com\google\auto\service\auto-service-annotations\1.1.1\auto-service-annotations-1.1.1.jar;C:\Users\sajus\.m2\repository\com\google\guava\guava\32.1.2-jre\guava-32.1.2-jre.jar;C:\Users\sajus\.m2\repository\com\google\guava\failureaccess\1.0.1\failureaccess-1.0.1.jar;C:\Users\sajus\.m2\repository\com\google\guava\listenablefuture\9999.0-empty-to-avoid-conflict-with-guava\listenablefuture-9999.0-empty-to-avoid-conflict-with-guava.jar;C:\Users\sajus\.m2\repository\com\google\code\findbugs\jsr305\3.0.2\jsr305-3.0.2.jar;C:\Users\sajus\.m2\repository\org\checkerframework\checker-qual\3.33.0\checker-qual-3.33.0.jar;C:\Users\sajus\.m2\repository\com\google\errorprone\error_prone_annotations\2.18.0\error_prone_annotations-2.18.0.jar;C:\Users\sajus\.m2\repository\com\google\j2objc\j2objc-annotations\2.8\j2objc-annotations-2.8.jar;C:\Users\sajus\.m2\repository\io\netty\netty-buffer\4.1.96.Final\netty-buffer-4.1.96.Final.jar;C:\Users\sajus\.m2\repository\io\netty\netty-codec-http\4.1.96.Final\netty-codec-http-4.1.96.Final.jar;C:\Users\sajus\.m2\repository\io\netty\netty-codec\4.1.96.Final\netty-codec-4.1.96.Final.jar;C:\Users\sajus\.m2\repository\io\netty\netty-handler\4.1.96.Final\netty-handler-4.1.96.Final.jar;C:\Users\sajus\.m2\repository\io\netty\netty-common\4.1.96.Final\netty-common-4.1.96.Final.jar;C:\Users\sajus\.m2\repository\io\netty\netty-transport-classes-epoll\4.1.96.Final\netty-transport-classes-epoll-4.1.96.Final.jar;C:\Users\sajus\.m2\repository\io\netty\netty-transport-classes-kqueue\4.1.96.Final\netty-transport-classes-kqueue-4.1.96.Final.jar;C:\Users\sajus\.m2\repository\io\netty\netty-transport-native-epoll\4.1.96.Final\netty-transport-native-epoll-4.1.96.Final.jar;C:\Users\sajus\.m2\repository\io\netty\netty-transport-native-kqueue\4.1.96.Final\netty-transport-native-kqueue-4.1.96.Final.jar;C:\Users\sajus\.m2\repository\io\netty\netty-transport-native-unix-common\4.1.96.Final\netty-transport-native-unix-common-4.1.96.Final.jar;C:\Users\sajus\.m2\repository\io\netty\netty-transport\4.1.96.Final\netty-transport-4.1.96.Final.jar;C:\Users\sajus\.m2\repository\io\netty\netty-resolver\4.1.96.Final\netty-resolver-4.1.96.Final.jar;C:\Users\sajus\.m2\repository\io\opentelemetry\opentelemetry-api\1.28.0\opentelemetry-api-1.28.0.jar;C:\Users\sajus\.m2\repository\io\opentelemetry\opentelemetry-context\1.28.0\opentelemetry-context-1.28.0.jar;C:\Users\sajus\.m2\repository\io\opentelemetry\opentelemetry-exporter-logging\1.28.0\opentelemetry-exporter-logging-1.28.0.jar;C:\Users\sajus\.m2\repository\io\opentelemetry\opentelemetry-sdk-metrics\1.28.0\opentelemetry-sdk-metrics-1.28.0.jar;C:\Users\sajus\.m2\repository\io\opentelemetry\opentelemetry-extension-incubator\1.28.0-alpha\opentelemetry-extension-incubator-1.28.0-alpha.jar;C:\Users\sajus\.m2\repository\io\opentelemetry\opentelemetry-sdk-logs\1.28.0\opentelemetry-sdk-logs-1.28.0.jar;C:\Users\sajus\.m2\repository\io\opentelemetry\opentelemetry-sdk-common\1.28.0\opentelemetry-sdk-common-1.28.0.jar;C:\Users\sajus\.m2\repository\io\opentelemetry\opentelemetry-sdk-extension-autoconfigure-spi\1.28.0\opentelemetry-sdk-extension-autoconfigure-spi-1.28.0.jar;C:\Users\sajus\.m2\repository\io\opentelemetry\opentelemetry-sdk-extension-autoconfigure\1.28.0\opentelemetry-sdk-extension-autoconfigure-1.28.0.jar;C:\Users\sajus\.m2\repository\io\opentelemetry\opentelemetry-api-events\1.28.0-alpha\opentelemetry-api-events-1.28.0-alpha.jar;C:\Users\sajus\.m2\repository\io\opentelemetry\opentelemetry-sdk-trace\1.28.0\opentelemetry-sdk-trace-1.28.0.jar;C:\Users\sajus\.m2\repository\io\opentelemetry\opentelemetry-sdk\1.28.0\opentelemetry-sdk-1.28.0.jar;C:\Users\sajus\.m2\repository\io\opentelemetry\opentelemetry-semconv\1.28.0-alpha\opentelemetry-semconv-1.28.0-alpha.jar;C:\Users\sajus\.m2\repository\net\bytebuddy\byte-buddy\1.14.5\byte-buddy-1.14.5.jar;C:\Users\sajus\.m2\repository\org\asynchttpclient\async-http-client\2.12.3\async-http-client-2.12.3.jar;C:\Users\sajus\.m2\repository\org\asynchttpclient\async-http-client-netty-utils\2.12.3\async-http-client-netty-utils-2.12.3.jar;C:\Users\sajus\.m2\repository\io\netty\netty-codec-socks\4.1.60.Final\netty-codec-socks-4.1.60.Final.jar;C:\Users\sajus\.m2\repository\io\netty\netty-handler-proxy\4.1.60.Final\netty-handler-proxy-4.1.60.Final.jar;C:\Users\sajus\.m2\repository\io\netty\netty-transport-native-epoll\4.1.60.Final\netty-transport-native-epoll-4.1.60.Final-linux-x86_64.jar;C:\Users\sajus\.m2\repository\io\netty\netty-transport-native-kqueue\4.1.60.Final\netty-transport-native-kqueue-4.1.60.Final-osx-x86_64.jar;C:\Users\sajus\.m2\repository\org\reactivestreams\reactive-streams\1.0.3\reactive-streams-1.0.3.jar;C:\Users\sajus\.m2\repository\com\typesafe\netty\netty-reactive-streams\2.0.4\netty-reactive-streams-2.0.4.jar;C:\Users\sajus\.m2\repository\com\sun\activation\jakarta.activation\1.2.2\jakarta.activation-1.2.2.jar;C:\Users\sajus\.m2\repository\org\seleniumhq\selenium\selenium-http\4.13.0\selenium-http-4.13.0.jar;C:\Users\sajus\.m2\repository\dev\failsafe\failsafe\3.3.2\failsafe-3.3.2.jar;C:\Users\sajus\.m2\repository\org\seleniumhq\selenium\selenium-json\4.13.0\selenium-json-4.13.0.jar;C:\Users\sajus\.m2\repository\org\seleniumhq\selenium\selenium-manager\4.13.0\selenium-manager-4.13.0.jar;C:\Users\sajus\.m2\repository\org\seleniumhq\selenium\selenium-os\4.13.0\selenium-os-4.13.0.jar;C:\Users\sajus\.m2\repository\org\apache\commons\commons-exec\1.3\commons-exec-1.3.jar;C:\Users\sajus\.m2\repository\org\testng\testng\7.11.0\testng-7.11.0.jar;C:\Users\sajus\.m2\repository\org\jcommander\jcommander\1.83\jcommander-1.83.jar;C:\Users\sajus\.m2\repository\org\webjars\jquery\3.7.1\jquery-3.7.1.jar;C:\Users\sajus\.m2\repository\com\aventstack\extentreports\5.0.9\extentreports-5.0.9.jar;C:\Users\sajus\.m2\repository\io\reactivex\rxjava3\rxjava\3.0.4\rxjava-3.0.4.jar;C:\Users\sajus\.m2\repository\org\freemarker\freemarker\2.3.30\freemarker-2.3.30.jar;C:\Users\sajus\.m2\repository\com\fasterxml\jackson\core\jackson-databind\2.15.2\jackson-databind-2.15.2.jar;C:\Users\sajus\.m2\repository\com\fasterxml\jackson\core\jackson-annotations\2.15.2\jackson-annotations-2.15.2.jar;C:\Users\sajus\.m2\repository\com\fasterxml\jackson\core\jackson-core\2.15.2\jackson-core-2.15.2.jar;C:\Users\sajus\.m2\repository\org\apache\logging\log4j\log4j-core\2.20.0\log4j-core-2.20.0.jar;C:\Users\sajus\.m2\repository\org\apache\logging\log4j\log4j-api\2.20.0\log4j-api-2.20.0.jar;C:\Users\sajus\.m2\repository\org\slf4j\slf4j-simple\2.0.9\slf4j-simple-2.0.9.jar;C:\Users\sajus\.m2\repository\org\projectlombok\lombok\1.18.28\lombok-1.18.28.jar;C:\Users\sajus\.m2\repository\com\beust\jcommander\1.82\jcommander-1.82.jar;"/>
    <property name="java.vm.vendor" value="Oracle Corporation"/>
    <property name="sun.arch.data.model" value="64"/>
    <property name="user.variant" value=""/>
    <property name="java.vendor.url" value="https://openjdk.java.net/"/>
    <property name="user.timezone" value="America/Toronto"/>
    <property name="java.vm.specification.version" value="11"/>
    <property name="os.name" value="Windows 11"/>
    <property name="sun.java.launcher" value="SUN_STANDARD"/>
    <property name="user.country" value="CA"/>
    <property name="sun.boot.library.path" value="C:\Program Files\jdk-11.0.26\bin"/>
    <property name="sun.java.command" value="C:\Users\sajus\AppData\Local\Temp\surefire2793193035554288821\surefirebooter-20250618004432033_3.jar C:\Users\sajus\AppData\Local\Temp\surefire2793193035554288821 2025-06-18T00-44-31_733-jvmRun1 surefire-20250618004432033_1tmp surefire_0-20250618004432033_2tmp"/>
    <property name="jdk.debug" value="release"/>
    <property name="surefire.test.class.path" value="C:\Users\sajus\IdeaProjects\appium_Device\target\test-classes;C:\Users\sajus\IdeaProjects\appium_Device\target\classes;C:\Users\sajus\.m2\repository\io\appium\java-client\8.5.1\java-client-8.5.1.jar;C:\Users\sajus\.m2\repository\org\seleniumhq\selenium\selenium-api\4.33.0\selenium-api-4.33.0.jar;C:\Users\sajus\.m2\repository\org\jspecify\jspecify\1.0.0\jspecify-1.0.0.jar;C:\Users\sajus\.m2\repository\org\seleniumhq\selenium\selenium-support\4.33.0\selenium-support-4.33.0.jar;C:\Users\sajus\.m2\repository\com\google\code\gson\gson\2.10.1\gson-2.10.1.jar;C:\Users\sajus\.m2\repository\commons-validator\commons-validator\1.7\commons-validator-1.7.jar;C:\Users\sajus\.m2\repository\commons-beanutils\commons-beanutils\1.9.4\commons-beanutils-1.9.4.jar;C:\Users\sajus\.m2\repository\commons-digester\commons-digester\2.1\commons-digester-2.1.jar;C:\Users\sajus\.m2\repository\commons-logging\commons-logging\1.2\commons-logging-1.2.jar;C:\Users\sajus\.m2\repository\commons-collections\commons-collections\3.2.2\commons-collections-3.2.2.jar;C:\Users\sajus\.m2\repository\org\apache\commons\commons-lang3\3.12.0\commons-lang3-3.12.0.jar;C:\Users\sajus\.m2\repository\commons-io\commons-io\2.12.0\commons-io-2.12.0.jar;C:\Users\sajus\.m2\repository\org\slf4j\slf4j-api\2.0.7\slf4j-api-2.0.7.jar;C:\Users\sajus\.m2\repository\org\seleniumhq\selenium\selenium-java\4.8.0\selenium-java-4.8.0.jar;C:\Users\sajus\.m2\repository\org\seleniumhq\selenium\selenium-chrome-driver\4.8.0\selenium-chrome-driver-4.8.0.jar;C:\Users\sajus\.m2\repository\com\google\auto\service\auto-service\1.0.1\auto-service-1.0.1.jar;C:\Users\sajus\.m2\repository\com\google\auto\auto-common\1.2\auto-common-1.2.jar;C:\Users\sajus\.m2\repository\org\seleniumhq\selenium\selenium-chromium-driver\4.8.0\selenium-chromium-driver-4.8.0.jar;C:\Users\sajus\.m2\repository\org\seleniumhq\selenium\selenium-devtools-v107\4.8.0\selenium-devtools-v107-4.8.0.jar;C:\Users\sajus\.m2\repository\org\seleniumhq\selenium\selenium-devtools-v108\4.8.0\selenium-devtools-v108-4.8.0.jar;C:\Users\sajus\.m2\repository\org\seleniumhq\selenium\selenium-devtools-v109\4.8.0\selenium-devtools-v109-4.8.0.jar;C:\Users\sajus\.m2\repository\org\seleniumhq\selenium\selenium-devtools-v85\4.8.0\selenium-devtools-v85-4.8.0.jar;C:\Users\sajus\.m2\repository\org\seleniumhq\selenium\selenium-edge-driver\4.8.0\selenium-edge-driver-4.8.0.jar;C:\Users\sajus\.m2\repository\org\seleniumhq\selenium\selenium-firefox-driver\4.8.0\selenium-firefox-driver-4.8.0.jar;C:\Users\sajus\.m2\repository\org\seleniumhq\selenium\selenium-ie-driver\4.8.0\selenium-ie-driver-4.8.0.jar;C:\Users\sajus\.m2\repository\org\seleniumhq\selenium\selenium-safari-driver\4.8.0\selenium-safari-driver-4.8.0.jar;C:\Users\sajus\.m2\repository\org\seleniumhq\selenium\selenium-remote-driver\4.13.0\selenium-remote-driver-4.13.0.jar;C:\Users\sajus\.m2\repository\com\google\auto\service\auto-service-annotations\1.1.1\auto-service-annotations-1.1.1.jar;C:\Users\sajus\.m2\repository\com\google\guava\guava\32.1.2-jre\guava-32.1.2-jre.jar;C:\Users\sajus\.m2\repository\com\google\guava\failureaccess\1.0.1\failureaccess-1.0.1.jar;C:\Users\sajus\.m2\repository\com\google\guava\listenablefuture\9999.0-empty-to-avoid-conflict-with-guava\listenablefuture-9999.0-empty-to-avoid-conflict-with-guava.jar;C:\Users\sajus\.m2\repository\com\google\code\findbugs\jsr305\3.0.2\jsr305-3.0.2.jar;C:\Users\sajus\.m2\repository\org\checkerframework\checker-qual\3.33.0\checker-qual-3.33.0.jar;C:\Users\sajus\.m2\repository\com\google\errorprone\error_prone_annotations\2.18.0\error_prone_annotations-2.18.0.jar;C:\Users\sajus\.m2\repository\com\google\j2objc\j2objc-annotations\2.8\j2objc-annotations-2.8.jar;C:\Users\sajus\.m2\repository\io\netty\netty-buffer\4.1.96.Final\netty-buffer-4.1.96.Final.jar;C:\Users\sajus\.m2\repository\io\netty\netty-codec-http\4.1.96.Final\netty-codec-http-4.1.96.Final.jar;C:\Users\sajus\.m2\repository\io\netty\netty-codec\4.1.96.Final\netty-codec-4.1.96.Final.jar;C:\Users\sajus\.m2\repository\io\netty\netty-handler\4.1.96.Final\netty-handler-4.1.96.Final.jar;C:\Users\sajus\.m2\repository\io\netty\netty-common\4.1.96.Final\netty-common-4.1.96.Final.jar;C:\Users\sajus\.m2\repository\io\netty\netty-transport-classes-epoll\4.1.96.Final\netty-transport-classes-epoll-4.1.96.Final.jar;C:\Users\sajus\.m2\repository\io\netty\netty-transport-classes-kqueue\4.1.96.Final\netty-transport-classes-kqueue-4.1.96.Final.jar;C:\Users\sajus\.m2\repository\io\netty\netty-transport-native-epoll\4.1.96.Final\netty-transport-native-epoll-4.1.96.Final.jar;C:\Users\sajus\.m2\repository\io\netty\netty-transport-native-kqueue\4.1.96.Final\netty-transport-native-kqueue-4.1.96.Final.jar;C:\Users\sajus\.m2\repository\io\netty\netty-transport-native-unix-common\4.1.96.Final\netty-transport-native-unix-common-4.1.96.Final.jar;C:\Users\sajus\.m2\repository\io\netty\netty-transport\4.1.96.Final\netty-transport-4.1.96.Final.jar;C:\Users\sajus\.m2\repository\io\netty\netty-resolver\4.1.96.Final\netty-resolver-4.1.96.Final.jar;C:\Users\sajus\.m2\repository\io\opentelemetry\opentelemetry-api\1.28.0\opentelemetry-api-1.28.0.jar;C:\Users\sajus\.m2\repository\io\opentelemetry\opentelemetry-context\1.28.0\opentelemetry-context-1.28.0.jar;C:\Users\sajus\.m2\repository\io\opentelemetry\opentelemetry-exporter-logging\1.28.0\opentelemetry-exporter-logging-1.28.0.jar;C:\Users\sajus\.m2\repository\io\opentelemetry\opentelemetry-sdk-metrics\1.28.0\opentelemetry-sdk-metrics-1.28.0.jar;C:\Users\sajus\.m2\repository\io\opentelemetry\opentelemetry-extension-incubator\1.28.0-alpha\opentelemetry-extension-incubator-1.28.0-alpha.jar;C:\Users\sajus\.m2\repository\io\opentelemetry\opentelemetry-sdk-logs\1.28.0\opentelemetry-sdk-logs-1.28.0.jar;C:\Users\sajus\.m2\repository\io\opentelemetry\opentelemetry-sdk-common\1.28.0\opentelemetry-sdk-common-1.28.0.jar;C:\Users\sajus\.m2\repository\io\opentelemetry\opentelemetry-sdk-extension-autoconfigure-spi\1.28.0\opentelemetry-sdk-extension-autoconfigure-spi-1.28.0.jar;C:\Users\sajus\.m2\repository\io\opentelemetry\opentelemetry-sdk-extension-autoconfigure\1.28.0\opentelemetry-sdk-extension-autoconfigure-1.28.0.jar;C:\Users\sajus\.m2\repository\io\opentelemetry\opentelemetry-api-events\1.28.0-alpha\opentelemetry-api-events-1.28.0-alpha.jar;C:\Users\sajus\.m2\repository\io\opentelemetry\opentelemetry-sdk-trace\1.28.0\opentelemetry-sdk-trace-1.28.0.jar;C:\Users\sajus\.m2\repository\io\opentelemetry\opentelemetry-sdk\1.28.0\opentelemetry-sdk-1.28.0.jar;C:\Users\sajus\.m2\repository\io\opentelemetry\opentelemetry-semconv\1.28.0-alpha\opentelemetry-semconv-1.28.0-alpha.jar;C:\Users\sajus\.m2\repository\net\bytebuddy\byte-buddy\1.14.5\byte-buddy-1.14.5.jar;C:\Users\sajus\.m2\repository\org\asynchttpclient\async-http-client\2.12.3\async-http-client-2.12.3.jar;C:\Users\sajus\.m2\repository\org\asynchttpclient\async-http-client-netty-utils\2.12.3\async-http-client-netty-utils-2.12.3.jar;C:\Users\sajus\.m2\repository\io\netty\netty-codec-socks\4.1.60.Final\netty-codec-socks-4.1.60.Final.jar;C:\Users\sajus\.m2\repository\io\netty\netty-handler-proxy\4.1.60.Final\netty-handler-proxy-4.1.60.Final.jar;C:\Users\sajus\.m2\repository\io\netty\netty-transport-native-epoll\4.1.60.Final\netty-transport-native-epoll-4.1.60.Final-linux-x86_64.jar;C:\Users\sajus\.m2\repository\io\netty\netty-transport-native-kqueue\4.1.60.Final\netty-transport-native-kqueue-4.1.60.Final-osx-x86_64.jar;C:\Users\sajus\.m2\repository\org\reactivestreams\reactive-streams\1.0.3\reactive-streams-1.0.3.jar;C:\Users\sajus\.m2\repository\com\typesafe\netty\netty-reactive-streams\2.0.4\netty-reactive-streams-2.0.4.jar;C:\Users\sajus\.m2\repository\com\sun\activation\jakarta.activation\1.2.2\jakarta.activation-1.2.2.jar;C:\Users\sajus\.m2\repository\org\seleniumhq\selenium\selenium-http\4.13.0\selenium-http-4.13.0.jar;C:\Users\sajus\.m2\repository\dev\failsafe\failsafe\3.3.2\failsafe-3.3.2.jar;C:\Users\sajus\.m2\repository\org\seleniumhq\selenium\selenium-json\4.13.0\selenium-json-4.13.0.jar;C:\Users\sajus\.m2\repository\org\seleniumhq\selenium\selenium-manager\4.13.0\selenium-manager-4.13.0.jar;C:\Users\sajus\.m2\repository\org\seleniumhq\selenium\selenium-os\4.13.0\selenium-os-4.13.0.jar;C:\Users\sajus\.m2\repository\org\apache\commons\commons-exec\1.3\commons-exec-1.3.jar;C:\Users\sajus\.m2\repository\org\testng\testng\7.11.0\testng-7.11.0.jar;C:\Users\sajus\.m2\repository\org\jcommander\jcommander\1.83\jcommander-1.83.jar;C:\Users\sajus\.m2\repository\org\webjars\jquery\3.7.1\jquery-3.7.1.jar;C:\Users\sajus\.m2\repository\com\aventstack\extentreports\5.0.9\extentreports-5.0.9.jar;C:\Users\sajus\.m2\repository\io\reactivex\rxjava3\rxjava\3.0.4\rxjava-3.0.4.jar;C:\Users\sajus\.m2\repository\org\freemarker\freemarker\2.3.30\freemarker-2.3.30.jar;C:\Users\sajus\.m2\repository\com\fasterxml\jackson\core\jackson-databind\2.15.2\jackson-databind-2.15.2.jar;C:\Users\sajus\.m2\repository\com\fasterxml\jackson\core\jackson-annotations\2.15.2\jackson-annotations-2.15.2.jar;C:\Users\sajus\.m2\repository\com\fasterxml\jackson\core\jackson-core\2.15.2\jackson-core-2.15.2.jar;C:\Users\sajus\.m2\repository\org\apache\logging\log4j\log4j-core\2.20.0\log4j-core-2.20.0.jar;C:\Users\sajus\.m2\repository\org\apache\logging\log4j\log4j-api\2.20.0\log4j-api-2.20.0.jar;C:\Users\sajus\.m2\repository\org\slf4j\slf4j-simple\2.0.9\slf4j-simple-2.0.9.jar;C:\Users\sajus\.m2\repository\org\projectlombok\lombok\1.18.28\lombok-1.18.28.jar;C:\Users\sajus\.m2\repository\com\beust\jcommander\1.82\jcommander-1.82.jar;"/>
    <property name="sun.cpu.endian" value="little"/>
    <property name="user.home" value="C:\Users\sajus"/>
    <property name="user.language" value="en"/>
    <property name="java.specification.vendor" value="Oracle Corporation"/>
    <property name="java.version.date" value="2025-01-21"/>
    <property name="java.home" value="C:\Program Files\jdk-11.0.26"/>
    <property name="file.separator" value="\"/>
    <property name="basedir" value="C:\Users\sajus\IdeaProjects\appium_Device"/>
    <property name="java.vm.compressedOopsMode" value="32-bit"/>
    <property name="line.separator" value="&#10;"/>
    <property name="java.specification.name" value="Java Platform API Specification"/>
    <property name="java.vm.specification.vendor" value="Oracle Corporation"/>
    <property name="java.awt.graphicsenv" value="sun.awt.Win32GraphicsEnvironment"/>
    <property name="surefire.real.class.path" value="C:\Users\sajus\AppData\Local\Temp\surefire2793193035554288821\surefirebooter-20250618004432033_3.jar"/>
    <property name="user.script" value=""/>
    <property name="sun.management.compiler" value="HotSpot 64-Bit Tiered Compilers"/>
    <property name="java.runtime.version" value="11.0.26+7-LTS-187"/>
    <property name="user.name" value="sajus"/>
    <property name="path.separator" value=";"/>
    <property name="os.version" value="10.0"/>
    <property name="java.runtime.name" value="Java(TM) SE Runtime Environment"/>
    <property name="file.encoding" value="Cp1252"/>
    <property name="java.vm.name" value="Java HotSpot(TM) 64-Bit Server VM"/>
    <property name="java.vendor.version" value="18.9"/>
    <property name="localRepository" value="C:\Users\sajus\.m2\repository"/>
    <property name="java.vendor.url.bug" value="https://bugreport.java.com/bugreport/"/>
    <property name="java.io.tmpdir" value="C:\Users\sajus\AppData\Local\Temp\"/>
    <property name="java.version" value="11.0.26"/>
    <property name="user.dir" value="C:\Users\sajus\IdeaProjects\appium_Device"/>
    <property name="os.arch" value="amd64"/>
    <property name="java.vm.specification.name" value="Java Virtual Machine Specification"/>
    <property name="java.awt.printerjob" value="sun.awt.windows.WPrinterJob"/>
    <property name="sun.os.patch.level" value=""/>
    <property name="java.library.path" value="C:\Program Files\jdk-11.0.26\bin;C:\WINDOWS\Sun\Java\bin;C:\WINDOWS\system32;C:\WINDOWS;C:\WINDOWS\system32;C:\WINDOWS;C:\WINDOWS\System32\Wbem;C:\WINDOWS\System32\WindowsPowerShell\v1.0\;C:\WINDOWS\System32\OpenSSH\;C:\Program Files\dotnet\;C:\Program Files\nodejs\;C:\Users\sajus\AppData\Local\Android\Sdk\tools\bin;C:\Users\sajus\AppData\Local\Android\Sdk\platform-tools;C:\Program Files\jdk-11.0.26\bin;C:\Program Files\apache-maven-3.9.9\apache-maven-3.9.9\bin;C:\Program Files\Git\cmd;C:\Users\sajus\AppData\Local\Microsoft\WindowsApps;C:\Users\sajus\AppData\Local\Programs\Microsoft VS Code\bin;C:\Users\sajus\AppData\Roaming\npm;;."/>
    <property name="java.vendor" value="Oracle Corporation"/>
    <property name="java.vm.info" value="mixed mode"/>
    <property name="java.vm.version" value="11.0.26+7-LTS-187"/>
    <property name="java.specification.maintenance.version" value="3"/>
    <property name="sun.io.unicode.encoding" value="UnicodeLittle"/>
    <property name="java.class.version" value="55.0"/>
  </properties>
  <testcase name="FirstCase" classname="org.testCase.TestCase1" time="4.879">
    <system-out><![CDATA[&amp#27;[38;5;112m[Appium]&amp#27;[0m Welcome to Appium v2.18.0
&amp#27;[38;5;112m[Appium]&amp#27;[0m The autodetected Appium home path: C:\Users\sajus\.appium
&amp#27;[38;5;112m[Appium]&amp#27;[0m Attempting to load driver uiautomator2...
&amp#27;[38;5;112m[Appium]&amp#27;[0m Welcome to Appium v2.18.0
&amp#27;[38;5;112m[Appium]&amp#27;[0m Requiring driver at C:\Users\sajus\.appium\node_modules\appium-uiautomator2-driver\build\index.js
&amp#27;[38;5;112m[Appium]&amp#27;[0m Non-default server args:
&amp#27;[38;5;112m[Appium]&amp#27;[0m { port: &amp#27;[33m4724&amp#27;[39m }
&amp#27;[38;5;112m[Appium]&amp#27;[0m The autodetected Appium home path: C:\Users\sajus\.appium
&amp#27;[38;5;112m[Appium]&amp#27;[0m Attempting to load driver uiautomator2...
&amp#27;[38;5;112m[Appium]&amp#27;[0m Requiring driver at C:\Users\sajus\.appium\node_modules\appium-uiautomator2-driver\build\index.js
&amp#27;[38;5;112m[Appium]&amp#27;[0m AndroidUiautomator2Driver has been successfully loaded in 1.848s
&amp#27;[38;5;112m[Appium]&amp#27;[0m AndroidUiautomator2Driver has been successfully loaded in 1.842s
&amp#27;[38;5;112m[Appium]&amp#27;[0m Appium REST http interface listener started on http://0.0.0.0:4723
&amp#27;[38;5;112m[Appium]&amp#27;[0m Appium REST http interface listener started on http://0.0.0.0:4724
&amp#27;[38;5;112m[Appium]&amp#27;[0m You can provide the following URLs in your client code to connect to this server:
	http://192.168.2.20:4724/
	http://127.0.0.1:4724/ (only accessible from the same host)
&amp#27;[38;5;112m[Appium]&amp#27;[0m You can provide the following URLs in your client code to connect to this server:
	http://192.168.2.20:4723/
	http://127.0.0.1:4723/ (only accessible from the same host)
&amp#27;[38;5;112m[Appium]&amp#27;[0m Available drivers:
&amp#27;[38;5;112m[Appium]&amp#27;[0m Available drivers:
&amp#27;[38;5;112m[Appium]&amp#27;[0m   - uiautomator2@4.2.3 (automationName 'UiAutomator2')
&amp#27;[38;5;112m[Appium]&amp#27;[0m   - uiautomator2@4.2.3 (automationName 'UiAutomator2')
&amp#27;[38;5;112m[Appium]&amp#27;[0m No plugins have been installed. Use the "appium plugin" command to install the one(s) you want to use.
&amp#27;[38;5;112m[Appium]&amp#27;[0m No plugins have been installed. Use the "appium plugin" command to install the one(s) you want to use.
&amp#27;[38;5;86m[HTTP]&amp#27;[0m &amp#27;[37m-->&amp#27;[39m &amp#27;[37mGET&amp#27;[39m &amp#27;[37m/status&amp#27;[39m &amp#27;[90m{}&amp#27;[39m
&amp#27;[38;5;18m[AppiumDriver@b0e3]&amp#27;[0m Calling AppiumDriver.getStatus() with args: []
&amp#27;[38;5;18m[AppiumDriver@b0e3]&amp#27;[0m Responding to client with driver.getStatus() result: {"ready":true,"message":"The server is ready to accept new connections","build":{"version":"2.18.0"}}
&amp#27;[38;5;86m[HTTP]&amp#27;[0m &amp#27;[37m<-- GET /status &amp#27;[39m&amp#27;[32m200&amp#27;[39m &amp#27;[90m10 ms - 111&amp#27;[39m &amp#27;[90m&amp#27;[39m
Appium server started on port: 4723
&amp#27;[38;5;86m[HTTP]&amp#27;[0m &amp#27;[37m-->&amp#27;[39m &amp#27;[37mGET&amp#27;[39m &amp#27;[37m/status&amp#27;[39m &amp#27;[90m{}&amp#27;[39m
&amp#27;[38;5;63m[AppiumDriver@6e20]&amp#27;[0m Calling AppiumDriver.getStatus() with args: []
&amp#27;[38;5;63m[AppiumDriver@6e20]&amp#27;[0m Responding to client with driver.getStatus() result: {"ready":true,"message":"The server is ready to accept new connections","build":{"version":"2.18.0"}}
Appium server started on port: 4724
&amp#27;[38;5;86m[HTTP]&amp#27;[0m &amp#27;[37m<-- GET /status &amp#27;[39m&amp#27;[32m200&amp#27;[39m &amp#27;[90m4 ms - 111&amp#27;[39m &amp#27;[90m&amp#27;[39m
&amp#27;[38;5;86m[HTTP]&amp#27;[0m Request idempotency key: 917cc217-e996-4f49-a886-149ae1980d66
&amp#27;[38;5;86m[HTTP]&amp#27;[0m Request idempotency key: 3c2f7e22-1710-405f-8014-f9d6731bb8f5
&amp#27;[38;5;86m[HTTP]&amp#27;[0m &amp#27;[37m-->&amp#27;[39m &amp#27;[37mPOST&amp#27;[39m &amp#27;[37m/session&amp#27;[39m &amp#27;[90m{"capabilities":{"firstMatch":[{}],"alwaysMatch":{"appium:appActivity":"com.androidsample.generalstore.SplashActivity","appium:appPackage":"com.androidsample.generalstore","appium:automationName":"UiAutomator2","appium:deviceName":"Nokia","appium:noReset":true,"appium:platformVersion":"11.0","appium:systemPort":8202,"appium:udid":"CTLID18120801016","platformName":"ANDROID"}}}&amp#27;[39m
&amp#27;[38;5;86m[HTTP]&amp#27;[0m &amp#27;[37m-->&amp#27;[39m &amp#27;[37mPOST&amp#27;[39m &amp#27;[37m/session&amp#27;[39m &amp#27;[90m{"capabilities":{"firstMatch":[{}],"alwaysMatch":{"appium:appActivity":"com.androidsample.generalstore.SplashActivity","appium:appPackage":"com.androidsample.generalstore","appium:automationName":"UiAutomator2","appium:deviceName":"Samsung_Galaxy_S21","appium:noReset":true,"appium:platformVersion":"10.0","appium:systemPort":8201,"appium:udid":"R3CRC00KHBT","platformName":"ANDROID"}}}&amp#27;[39m
&amp#27;[38;5;63m[AppiumDriver@6e20]&amp#27;[0m Calling AppiumDriver.createSession() with args: [null,null,{"firstMatch":[{}],"alwaysMatch":{"appium:appActivity":"com.androidsample.generalstore.SplashActivity","appium:appPackage":"com.androidsample.generalstore","appium:automationName":"UiAutomator2","appium:deviceName":"Samsung_Galaxy_S21","appium:noReset":true,"appium:platformVersion":"10.0","appium:systemPort":8201,"appium:udid":"R3CRC00KHBT","platformName":"ANDROID"}}]
&amp#27;[38;5;18m[AppiumDriver@b0e3]&amp#27;[0m Calling AppiumDriver.createSession() with args: [null,null,{"firstMatch":[{}],"alwaysMatch":{"appium:appActivity":"com.androidsample.generalstore.SplashActivity","appium:appPackage":"com.androidsample.generalstore","appium:automationName":"UiAutomator2","appium:deviceName":"Nokia","appium:noReset":true,"appium:platformVersion":"11.0","appium:systemPort":8202,"appium:udid":"CTLID18120801016","platformName":"ANDROID"}}]
&amp#27;[38;5;18m[AppiumDriver@b0e3]&amp#27;[0m Event 'newSessionRequested' logged at 1750221880088 (00:44:40 GMT-0400 (Eastern Daylight Saving Time))
&amp#27;[38;5;63m[AppiumDriver@6e20]&amp#27;[0m Event 'newSessionRequested' logged at 1750221880088 (00:44:40 GMT-0400 (Eastern Daylight Saving Time))
&amp#27;[38;5;112m[Appium]&amp#27;[0m Attempting to find matching driver for automationName 'UiAutomator2' and platformName 'ANDROID'
&amp#27;[38;5;112m[Appium]&amp#27;[0m Attempting to find matching driver for automationName 'UiAutomator2' and platformName 'ANDROID'
&amp#27;[38;5;112m[Appium]&amp#27;[0m The 'uiautomator2' driver was installed and matched caps.
&amp#27;[38;5;112m[Appium]&amp#27;[0m The 'uiautomator2' driver was installed and matched caps.
&amp#27;[38;5;112m[Appium]&amp#27;[0m Will require it at C:\Users\sajus\.appium\node_modules\appium-uiautomator2-driver
&amp#27;[38;5;112m[Appium]&amp#27;[0m Will require it at C:\Users\sajus\.appium\node_modules\appium-uiautomator2-driver
&amp#27;[38;5;112m[Appium]&amp#27;[0m Requiring driver at C:\Users\sajus\.appium\node_modules\appium-uiautomator2-driver\build\index.js
&amp#27;[38;5;112m[Appium]&amp#27;[0m Requiring driver at C:\Users\sajus\.appium\node_modules\appium-uiautomator2-driver\build\index.js
&amp#27;[38;5;63m[AppiumDriver@6e20]&amp#27;[0m Appium v2.18.0 creating new AndroidUiautomator2Driver (v4.2.3) session
&amp#27;[38;5;63m[AppiumDriver@6e20]&amp#27;[0m Checking BaseDriver versions for Appium and AndroidUiautomator2Driver
&amp#27;[38;5;63m[AppiumDriver@6e20]&amp#27;[0m Appium's BaseDriver version is 9.17.0
&amp#27;[38;5;63m[AppiumDriver@6e20]&amp#27;[0m AndroidUiautomator2Driver's BaseDriver version is 9.17.0
&amp#27;[38;5;18m[AppiumDriver@b0e3]&amp#27;[0m Appium v2.18.0 creating new AndroidUiautomator2Driver (v4.2.3) session
&amp#27;[38;5;18m[AppiumDriver@b0e3]&amp#27;[0m Checking BaseDriver versions for Appium and AndroidUiautomator2Driver
&amp#27;[38;5;18m[AppiumDriver@b0e3]&amp#27;[0m Appium's BaseDriver version is 9.17.0
&amp#27;[38;5;18m[AppiumDriver@b0e3]&amp#27;[0m AndroidUiautomator2Driver's BaseDriver version is 9.17.0
&amp#27;[38;5;5m[AndroidUiautomator2Driver@17f2]&amp#27;[0m 
&amp#27;[38;5;-56m[AndroidUiautomator2Driver@5464]&amp#27;[0m 
&amp#27;[38;5;5m[AndroidUiautomator2Driver@17f2]&amp#27;[0m Creating session with W3C capabilities: {
  "alwaysMatch": {
    "platformName": "ANDROID",
    "appium:appActivity": "com.androidsample.generalstore.SplashActivity",
    "appium:appPackage": "com.androidsample.generalstore",
    "appium:automationName": "UiAutomator2",
    "appium:deviceName": "Nokia",
    "appium:noReset": true,
    "appium:platformVersion": "11.0",
    "appium:systemPort": 8202,
    "appium:udid": "CTLID18120801016"
  },
  "firstMatch": [
    {}
  ]
}
&amp#27;[38;5;-56m[AndroidUiautomator2Driver@5464]&amp#27;[0m Creating session with W3C capabilities: {
  "alwaysMatch": {
    "platformName": "ANDROID",
    "appium:appActivity": "com.androidsample.generalstore.SplashActivity",
    "appium:appPackage": "com.androidsample.generalstore",
    "appium:automationName": "UiAutomator2",
    "appium:deviceName": "Samsung_Galaxy_S21",
    "appium:noReset": true,
    "appium:platformVersion": "10.0",
    "appium:systemPort": 8201,
    "appium:udid": "R3CRC00KHBT"
  },
  "firstMatch": [
    {}
  ]
}
&amp#27;[38;5;154m[0b41ab68]&amp#27;[0m&amp#27;[38;5;5m[AndroidUiautomator2Driver@17f2]&amp#27;[0m Session created with session id: 0b41ab68-6346-4d33-98a8-d18b6b253ad4
&amp#27;[38;5;120m[73ba5dca]&amp#27;[0m&amp#27;[38;5;-56m[AndroidUiautomator2Driver@5464]&amp#27;[0m Session created with session id: 73ba5dca-edc2-4248-af85-7d9e45061c7a
&amp#27;[38;5;154m[0b41ab68]&amp#27;[0m&amp#27;[38;5;229m[ADB]&amp#27;[0m Found 3 'build-tools' folders under 'C:\Users\sajus\AppData\Local\Android\Sdk' (newest first):
&amp#27;[38;5;154m[0b41ab68]&amp#27;[0m&amp#27;[38;5;229m[ADB]&amp#27;[0m     C:\Users\sajus\AppData\Local\Android\Sdk\build-tools\36.0.0
&amp#27;[38;5;154m[0b41ab68]&amp#27;[0m&amp#27;[38;5;229m[ADB]&amp#27;[0m     C:\Users\sajus\AppData\Local\Android\Sdk\build-tools\35.0.1
&amp#27;[38;5;154m[0b41ab68]&amp#27;[0m&amp#27;[38;5;229m[ADB]&amp#27;[0m     C:\Users\sajus\AppData\Local\Android\Sdk\build-tools\35.0.0
&amp#27;[38;5;154m[0b41ab68]&amp#27;[0m&amp#27;[38;5;229m[ADB]&amp#27;[0m Using 'adb.exe' from 'C:\Users\sajus\AppData\Local\Android\Sdk\platform-tools\adb.exe'
&amp#27;[38;5;154m[0b41ab68]&amp#27;[0m&amp#27;[38;5;229m[ADB]&amp#27;[0m Running 'C:\Users\sajus\AppData\Local\Android\Sdk\platform-tools\adb.exe -P 5037 start-server'
&amp#27;[38;5;120m[73ba5dca]&amp#27;[0m&amp#27;[38;5;229m[ADB]&amp#27;[0m Found 3 'build-tools' folders under 'C:\Users\sajus\AppData\Local\Android\Sdk' (newest first):
&amp#27;[38;5;120m[73ba5dca]&amp#27;[0m&amp#27;[38;5;229m[ADB]&amp#27;[0m     C:\Users\sajus\AppData\Local\Android\Sdk\build-tools\36.0.0
&amp#27;[38;5;120m[73ba5dca]&amp#27;[0m&amp#27;[38;5;229m[ADB]&amp#27;[0m     C:\Users\sajus\AppData\Local\Android\Sdk\build-tools\35.0.1
&amp#27;[38;5;120m[73ba5dca]&amp#27;[0m&amp#27;[38;5;229m[ADB]&amp#27;[0m     C:\Users\sajus\AppData\Local\Android\Sdk\build-tools\35.0.0
&amp#27;[38;5;120m[73ba5dca]&amp#27;[0m&amp#27;[38;5;229m[ADB]&amp#27;[0m Using 'adb.exe' from 'C:\Users\sajus\AppData\Local\Android\Sdk\platform-tools\adb.exe'
&amp#27;[38;5;120m[73ba5dca]&amp#27;[0m&amp#27;[38;5;229m[ADB]&amp#27;[0m Running 'C:\Users\sajus\AppData\Local\Android\Sdk\platform-tools\adb.exe -P 5037 start-server'
&amp#27;[38;5;154m[0b41ab68]&amp#27;[0m&amp#27;[38;5;5m[AndroidUiautomator2Driver@17f2]&amp#27;[0m Retrieving device list
&amp#27;[38;5;154m[0b41ab68]&amp#27;[0m&amp#27;[38;5;229m[ADB]&amp#27;[0m Trying to find connected Android devices
&amp#27;[38;5;120m[73ba5dca]&amp#27;[0m&amp#27;[38;5;-56m[AndroidUiautomator2Driver@5464]&amp#27;[0m Retrieving device list
&amp#27;[38;5;120m[73ba5dca]&amp#27;[0m&amp#27;[38;5;229m[ADB]&amp#27;[0m Trying to find connected Android devices
&amp#27;[38;5;154m[0b41ab68]&amp#27;[0m&amp#27;[38;5;229m[ADB]&amp#27;[0m Getting connected devices
&amp#27;[38;5;120m[73ba5dca]&amp#27;[0m&amp#27;[38;5;229m[ADB]&amp#27;[0m Getting connected devices
&amp#27;[38;5;154m[0b41ab68]&amp#27;[0m&amp#27;[38;5;229m[ADB]&amp#27;[0m Connected devices: [{"udid":"CTLID18120801016","state":"device"},{"udid":"R3CRC00KHBT","state":"device"}]
&amp#27;[38;5;120m[73ba5dca]&amp#27;[0m&amp#27;[38;5;229m[ADB]&amp#27;[0m Connected devices: [{"udid":"CTLID18120801016","state":"device"},{"udid":"R3CRC00KHBT","state":"device"}]
&amp#27;[38;5;154m[0b41ab68]&amp#27;[0m&amp#27;[38;5;5m[AndroidUiautomator2Driver@17f2]&amp#27;[0m Using device: CTLID18120801016
&amp#27;[38;5;120m[73ba5dca]&amp#27;[0m&amp#27;[38;5;-56m[AndroidUiautomator2Driver@5464]&amp#27;[0m Using device: R3CRC00KHBT
&amp#27;[38;5;154m[0b41ab68]&amp#27;[0m&amp#27;[38;5;229m[ADB]&amp#27;[0m Using 'adb.exe' from 'C:\Users\sajus\AppData\Local\Android\Sdk\platform-tools\adb.exe'
&amp#27;[38;5;154m[0b41ab68]&amp#27;[0m&amp#27;[38;5;229m[ADB]&amp#27;[0m Running 'C:\Users\sajus\AppData\Local\Android\Sdk\platform-tools\adb.exe -P 5037 start-server'
&amp#27;[38;5;120m[73ba5dca]&amp#27;[0m&amp#27;[38;5;229m[ADB]&amp#27;[0m Using 'adb.exe' from 'C:\Users\sajus\AppData\Local\Android\Sdk\platform-tools\adb.exe'
&amp#27;[38;5;120m[73ba5dca]&amp#27;[0m&amp#27;[38;5;229m[ADB]&amp#27;[0m Running 'C:\Users\sajus\AppData\Local\Android\Sdk\platform-tools\adb.exe -P 5037 start-server'
&amp#27;[38;5;120m[73ba5dca]&amp#27;[0m&amp#27;[38;5;229m[ADB]&amp#27;[0m Setting device id to R3CRC00KHBT
&amp#27;[38;5;120m[73ba5dca]&amp#27;[0m&amp#27;[38;5;-56m[AndroidUiautomator2Driver@5464]&amp#27;[0m Starting 'com.androidsample.generalstore' directly on the device
&amp#27;[38;5;120m[73ba5dca]&amp#27;[0m&amp#27;[38;5;229m[ADB]&amp#27;[0m Running 'C:\Users\sajus\AppData\Local\Android\Sdk\platform-tools\adb.exe -P 5037 -s R3CRC00KHBT shell getprop ro.build.version.sdk'
&amp#27;[38;5;154m[0b41ab68]&amp#27;[0m&amp#27;[38;5;229m[ADB]&amp#27;[0m Setting device id to CTLID18120801016
&amp#27;[38;5;154m[0b41ab68]&amp#27;[0m&amp#27;[38;5;5m[AndroidUiautomator2Driver@17f2]&amp#27;[0m Starting 'com.androidsample.generalstore' directly on the device
&amp#27;[38;5;154m[0b41ab68]&amp#27;[0m&amp#27;[38;5;229m[ADB]&amp#27;[0m Running 'C:\Users\sajus\AppData\Local\Android\Sdk\platform-tools\adb.exe -P 5037 -s CTLID18120801016 shell getprop ro.build.version.sdk'
&amp#27;[38;5;154m[0b41ab68]&amp#27;[0m&amp#27;[38;5;229m[ADB]&amp#27;[0m Current device property 'ro.build.version.sdk': 29
&amp#27;[38;5;154m[0b41ab68]&amp#27;[0m&amp#27;[38;5;229m[ADB]&amp#27;[0m Getting device platform version
&amp#27;[38;5;154m[0b41ab68]&amp#27;[0m&amp#27;[38;5;229m[ADB]&amp#27;[0m Running 'C:\Users\sajus\AppData\Local\Android\Sdk\platform-tools\adb.exe -P 5037 -s CTLID18120801016 shell getprop ro.build.version.release'
&amp#27;[38;5;120m[73ba5dca]&amp#27;[0m&amp#27;[38;5;229m[ADB]&amp#27;[0m Current device property 'ro.build.version.sdk': 35
&amp#27;[38;5;120m[73ba5dca]&amp#27;[0m&amp#27;[38;5;229m[ADB]&amp#27;[0m Getting device platform version
&amp#27;[38;5;120m[73ba5dca]&amp#27;[0m&amp#27;[38;5;229m[ADB]&amp#27;[0m Running 'C:\Users\sajus\AppData\Local\Android\Sdk\platform-tools\adb.exe -P 5037 -s R3CRC00KHBT shell getprop ro.build.version.release'
&amp#27;[38;5;154m[0b41ab68]&amp#27;[0m&amp#27;[38;5;229m[ADB]&amp#27;[0m Current device property 'ro.build.version.release': 10
&amp#27;[38;5;154m[0b41ab68]&amp#27;[0m&amp#27;[38;5;229m[ADB]&amp#27;[0m Device API level: 29
&amp#27;[38;5;154m[0b41ab68]&amp#27;[0m&amp#27;[38;5;5m[AndroidUiautomator2Driver@17f2]&amp#27;[0m Relaxing hidden api policy
&amp#27;[38;5;154m[0b41ab68]&amp#27;[0m&amp#27;[38;5;229m[ADB]&amp#27;[0m Running 'C:\Users\sajus\AppData\Local\Android\Sdk\platform-tools\adb.exe -P 5037 -s CTLID18120801016 shell 'settings put global hidden_api_policy_pre_p_apps 1;settings put global hidden_api_policy_p_apps 1;settings put global hidden_api_policy 1''
&amp#27;[38;5;120m[73ba5dca]&amp#27;[0m&amp#27;[38;5;229m[ADB]&amp#27;[0m Current device property 'ro.build.version.release': 15
&amp#27;[38;5;120m[73ba5dca]&amp#27;[0m&amp#27;[38;5;229m[ADB]&amp#27;[0m Device API level: 35
&amp#27;[38;5;120m[73ba5dca]&amp#27;[0m&amp#27;[38;5;-56m[AndroidUiautomator2Driver@5464]&amp#27;[0m Relaxing hidden api policy
&amp#27;[38;5;120m[73ba5dca]&amp#27;[0m&amp#27;[38;5;229m[ADB]&amp#27;[0m Running 'C:\Users\sajus\AppData\Local\Android\Sdk\platform-tools\adb.exe -P 5037 -s R3CRC00KHBT shell 'settings put global hidden_api_policy_pre_p_apps 1;settings put global hidden_api_policy_p_apps 1;settings put global hidden_api_policy 1''
&amp#27;[38;5;154m[0b41ab68]&amp#27;[0m&amp#27;[38;5;5m[AndroidUiautomator2Driver@17f2]&amp#27;[0m Pushing settings apk to the device...
&amp#27;[38;5;154m[0b41ab68]&amp#27;[0m&amp#27;[38;5;229m[ADB]&amp#27;[0m Getting package info for 'io.appium.settings'
&amp#27;[38;5;154m[0b41ab68]&amp#27;[0m&amp#27;[38;5;229m[ADB]&amp#27;[0m Running 'C:\Users\sajus\AppData\Local\Android\Sdk\platform-tools\adb.exe -P 5037 -s CTLID18120801016 shell dumpsys package io.appium.settings'
&amp#27;[38;5;120m[73ba5dca]&amp#27;[0m&amp#27;[38;5;-56m[AndroidUiautomator2Driver@5464]&amp#27;[0m Pushing settings apk to the device...
&amp#27;[38;5;120m[73ba5dca]&amp#27;[0m&amp#27;[38;5;229m[ADB]&amp#27;[0m Getting package info for 'io.appium.settings'
&amp#27;[38;5;120m[73ba5dca]&amp#27;[0m&amp#27;[38;5;229m[ADB]&amp#27;[0m Running 'C:\Users\sajus\AppData\Local\Android\Sdk\platform-tools\adb.exe -P 5037 -s R3CRC00KHBT shell dumpsys package io.appium.settings'
&amp#27;[38;5;154m[0b41ab68]&amp#27;[0m&amp#27;[38;5;229m[ADB]&amp#27;[0m Using 'aapt2.exe' from 'C:\Users\sajus\AppData\Local\Android\Sdk\build-tools\36.0.0\aapt2.exe'
&amp#27;[38;5;154m[0b41ab68]&amp#27;[0m&amp#27;[38;5;229m[ADB]&amp#27;[0m Reading package manifest: 'C:\\Users\\sajus\\AppData\\Local\\Android\\Sdk\\build-tools\\36.0.0\\aapt2.exe dump badging C:\\Users\\sajus\\.appium\\node_modules\\appium-uiautomator2-driver\\node_modules\\io.appium.settings\\apks\\settings_apk-debug.apk'
&amp#27;[38;5;154m[0b41ab68]&amp#27;[0m&amp#27;[38;5;229m[ADB]&amp#27;[0m The version name of the installed 'io.appium.settings' is greater or equal to the application version name ('5.14.8' >= '5.14.8')
&amp#27;[38;5;154m[0b41ab68]&amp#27;[0m&amp#27;[38;5;229m[ADB]&amp#27;[0m There is no need to install/upgrade 'C:\Users\sajus\.appium\node_modules\appium-uiautomator2-driver\node_modules\io.appium.settings\apks\settings_apk-debug.apk'
&amp#27;[38;5;154m[0b41ab68]&amp#27;[0m&amp#27;[38;5;229m[ADB]&amp#27;[0m Running 'C:\Users\sajus\AppData\Local\Android\Sdk\platform-tools\adb.exe -P 5037 -s CTLID18120801016 shell dumpsys activity services io.appium.settings'
&amp#27;[38;5;120m[73ba5dca]&amp#27;[0m&amp#27;[38;5;229m[ADB]&amp#27;[0m Using 'aapt2.exe' from 'C:\Users\sajus\AppData\Local\Android\Sdk\build-tools\36.0.0\aapt2.exe'
&amp#27;[38;5;120m[73ba5dca]&amp#27;[0m&amp#27;[38;5;229m[ADB]&amp#27;[0m Reading package manifest: 'C:\\Users\\sajus\\AppData\\Local\\Android\\Sdk\\build-tools\\36.0.0\\aapt2.exe dump badging C:\\Users\\sajus\\.appium\\node_modules\\appium-uiautomator2-driver\\node_modules\\io.appium.settings\\apks\\settings_apk-debug.apk'
&amp#27;[38;5;120m[73ba5dca]&amp#27;[0m&amp#27;[38;5;229m[ADB]&amp#27;[0m The version name of the installed 'io.appium.settings' is greater or equal to the application version name ('5.14.8' >= '5.14.8')
&amp#27;[38;5;120m[73ba5dca]&amp#27;[0m&amp#27;[38;5;229m[ADB]&amp#27;[0m There is no need to install/upgrade 'C:\Users\sajus\.appium\node_modules\appium-uiautomator2-driver\node_modules\io.appium.settings\apks\settings_apk-debug.apk'
&amp#27;[38;5;120m[73ba5dca]&amp#27;[0m&amp#27;[38;5;229m[ADB]&amp#27;[0m Running 'C:\Users\sajus\AppData\Local\Android\Sdk\platform-tools\adb.exe -P 5037 -s R3CRC00KHBT shell dumpsys activity services io.appium.settings'
&amp#27;[38;5;154m[0b41ab68]&amp#27;[0m&amp#27;[38;5;5m[AndroidUiautomator2Driver@17f2]&amp#27;[0m io.appium.settings is already running. There is no need to reset its permissions.
&amp#27;[38;5;154m[0b41ab68]&amp#27;[0m&amp#27;[38;5;160m[Logcat]&amp#27;[0m Starting logs capture with command: C:\\Users\\sajus\\AppData\\Local\\Android\\Sdk\\platform-tools\\adb.exe -P 5037 -s CTLID18120801016 logcat -v threadtime
&amp#27;[38;5;154m[0b41ab68]&amp#27;[0m&amp#27;[38;5;229m[ADB]&amp#27;[0m Running 'C:\Users\sajus\AppData\Local\Android\Sdk\platform-tools\adb.exe -P 5037 -s CTLID18120801016 shell appops set io.appium.settings android:mock_location allow'
&amp#27;[38;5;120m[73ba5dca]&amp#27;[0m&amp#27;[38;5;-56m[AndroidUiautomator2Driver@5464]&amp#27;[0m io.appium.settings is already running. There is no need to reset its permissions.
&amp#27;[38;5;120m[73ba5dca]&amp#27;[0m&amp#27;[38;5;160m[Logcat]&amp#27;[0m Starting logs capture with command: C:\\Users\\sajus\\AppData\\Local\\Android\\Sdk\\platform-tools\\adb.exe -P 5037 -s R3CRC00KHBT logcat -v threadtime
&amp#27;[38;5;120m[73ba5dca]&amp#27;[0m&amp#27;[38;5;229m[ADB]&amp#27;[0m Running 'C:\Users\sajus\AppData\Local\Android\Sdk\platform-tools\adb.exe -P 5037 -s R3CRC00KHBT shell appops set io.appium.settings android:mock_location allow'
&amp#27;[38;5;154m[0b41ab68]&amp#27;[0m&amp#27;[38;5;229m[ADB]&amp#27;[0m Running 'C:\Users\sajus\AppData\Local\Android\Sdk\platform-tools\adb.exe -P 5037 -s CTLID18120801016 shell "[ -e '/data/local/tmp/mock_apps.json' ] && echo __PASS__"'
&amp#27;[38;5;154m[0b41ab68]&amp#27;[0m&amp#27;[38;5;229m[ADB]&amp#27;[0m Running 'C:\Users\sajus\AppData\Local\Android\Sdk\platform-tools\adb.exe -P 5037 -s CTLID18120801016 shell cat /data/local/tmp/mock_apps.json'
&amp#27;[38;5;120m[73ba5dca]&amp#27;[0m&amp#27;[38;5;229m[ADB]&amp#27;[0m Running 'C:\Users\sajus\AppData\Local\Android\Sdk\platform-tools\adb.exe -P 5037 -s R3CRC00KHBT shell "[ -e '/data/local/tmp/mock_apps.json' ] && echo __PASS__"'
&amp#27;[38;5;154m[0b41ab68]&amp#27;[0m&amp#27;[38;5;5m[AndroidUiautomator2Driver@17f2]&amp#27;[0m Forwarding UiAutomator2 Server port 6790 to local port 8202
&amp#27;[38;5;154m[0b41ab68]&amp#27;[0m&amp#27;[38;5;229m[ADB]&amp#27;[0m Forwarding system: 8202 to device: 6790
&amp#27;[38;5;154m[0b41ab68]&amp#27;[0m&amp#27;[38;5;229m[ADB]&amp#27;[0m Running 'C:\Users\sajus\AppData\Local\Android\Sdk\platform-tools\adb.exe -P 5037 -s CTLID18120801016 forward tcp:8202 tcp:6790'
&amp#27;[38;5;120m[73ba5dca]&amp#27;[0m&amp#27;[38;5;229m[ADB]&amp#27;[0m Running 'C:\Users\sajus\AppData\Local\Android\Sdk\platform-tools\adb.exe -P 5037 -s R3CRC00KHBT shell cat /data/local/tmp/mock_apps.json'
&amp#27;[38;5;154m[0b41ab68]&amp#27;[0m&amp#27;[38;5;5m[AndroidUiautomator2Driver@17f2]&amp#27;[0m UIA2Proxy options: {"server":"127.0.0.1","port":8202,"keepAlive":true,"scheme":"http","base":"","reqBasePath":"","sessionId":null,"timeout":240000}
&amp#27;[38;5;154m[0b41ab68]&amp#27;[0m&amp#27;[38;5;229m[ADB]&amp#27;[0m Getting package info for 'io.appium.uiautomator2.server'
&amp#27;[38;5;154m[0b41ab68]&amp#27;[0m&amp#27;[38;5;229m[ADB]&amp#27;[0m Running 'C:\Users\sajus\AppData\Local\Android\Sdk\platform-tools\adb.exe -P 5037 -s CTLID18120801016 shell dumpsys package io.appium.uiautomator2.server'
&amp#27;[38;5;154m[0b41ab68]&amp#27;[0m&amp#27;[38;5;229m[ADB]&amp#27;[0m Getting install status for io.appium.uiautomator2.server.test
&amp#27;[38;5;154m[0b41ab68]&amp#27;[0m&amp#27;[38;5;5m[AndroidUiautomator2Driver@17f2]&amp#27;[0m No app capability. Assuming it is already on the device
&amp#27;[38;5;154m[0b41ab68]&amp#27;[0m&amp#27;[38;5;229m[ADB]&amp#27;[0m Running 'C:\Users\sajus\AppData\Local\Android\Sdk\platform-tools\adb.exe -P 5037 -s CTLID18120801016 shell cmd package list packages'
&amp#27;[38;5;120m[73ba5dca]&amp#27;[0m&amp#27;[38;5;-56m[AndroidUiautomator2Driver@5464]&amp#27;[0m Forwarding UiAutomator2 Server port 6790 to local port 8201
&amp#27;[38;5;120m[73ba5dca]&amp#27;[0m&amp#27;[38;5;229m[ADB]&amp#27;[0m Forwarding system: 8201 to device: 6790
&amp#27;[38;5;120m[73ba5dca]&amp#27;[0m&amp#27;[38;5;229m[ADB]&amp#27;[0m Running 'C:\Users\sajus\AppData\Local\Android\Sdk\platform-tools\adb.exe -P 5037 -s R3CRC00KHBT forward tcp:8201 tcp:6790'
&amp#27;[38;5;154m[0b41ab68]&amp#27;[0m&amp#27;[38;5;229m[ADB]&amp#27;[0m Reading package manifest: 'C:\\Users\\sajus\\AppData\\Local\\Android\\Sdk\\build-tools\\36.0.0\\aapt2.exe dump badging C:\\Users\\sajus\\.appium\\node_modules\\appium-uiautomator2-driver\\node_modules\\appium-uiautomator2-server\\apks\\appium-uiautomator2-server-v7.5.2.apk'
&amp#27;[38;5;120m[73ba5dca]&amp#27;[0m&amp#27;[38;5;-56m[AndroidUiautomator2Driver@5464]&amp#27;[0m UIA2Proxy options: {"server":"127.0.0.1","port":8201,"keepAlive":true,"scheme":"http","base":"","reqBasePath":"","sessionId":null,"timeout":240000}
&amp#27;[38;5;120m[73ba5dca]&amp#27;[0m&amp#27;[38;5;229m[ADB]&amp#27;[0m Getting package info for 'io.appium.uiautomator2.server'
&amp#27;[38;5;120m[73ba5dca]&amp#27;[0m&amp#27;[38;5;229m[ADB]&amp#27;[0m Running 'C:\Users\sajus\AppData\Local\Android\Sdk\platform-tools\adb.exe -P 5037 -s R3CRC00KHBT shell dumpsys package io.appium.uiautomator2.server'
&amp#27;[38;5;154m[0b41ab68]&amp#27;[0m&amp#27;[38;5;229m[ADB]&amp#27;[0m 'io.appium.uiautomator2.server.test' is installed
&amp#27;[38;5;120m[73ba5dca]&amp#27;[0m&amp#27;[38;5;229m[ADB]&amp#27;[0m Getting install status for io.appium.uiautomator2.server.test
&amp#27;[38;5;120m[73ba5dca]&amp#27;[0m&amp#27;[38;5;-56m[AndroidUiautomator2Driver@5464]&amp#27;[0m No app capability. Assuming it is already on the device
&amp#27;[38;5;120m[73ba5dca]&amp#27;[0m&amp#27;[38;5;229m[ADB]&amp#27;[0m Running 'C:\Users\sajus\AppData\Local\Android\Sdk\platform-tools\adb.exe -P 5037 -s R3CRC00KHBT shell cmd package list packages'
&amp#27;[38;5;120m[73ba5dca]&amp#27;[0m&amp#27;[38;5;229m[ADB]&amp#27;[0m Reading package manifest: 'C:\\Users\\sajus\\AppData\\Local\\Android\\Sdk\\build-tools\\36.0.0\\aapt2.exe dump badging C:\\Users\\sajus\\.appium\\node_modules\\appium-uiautomator2-driver\\node_modules\\appium-uiautomator2-server\\apks\\appium-uiautomator2-server-v7.5.2.apk'
&amp#27;[38;5;120m[73ba5dca]&amp#27;[0m&amp#27;[38;5;229m[ADB]&amp#27;[0m 'io.appium.uiautomator2.server.test' is installed
&amp#27;[38;5;154m[0b41ab68]&amp#27;[0m&amp#27;[38;5;229m[ADB]&amp#27;[0m The version name of the installed 'io.appium.uiautomator2.server' is greater or equal to the application version name ('7.5.2' >= '7.5.2')
&amp#27;[38;5;154m[0b41ab68]&amp#27;[0m&amp#27;[38;5;5m[AndroidUiautomator2Driver@17f2]&amp#27;[0m Server packages status: [{"installState":"sameVersionInstalled","appPath":"C:\\Users\\sajus\\.appium\\node_modules\\appium-uiautomator2-driver\\node_modules\\appium-uiautomator2-server\\apks\\appium-uiautomator2-server-v7.5.2.apk","appId":"io.appium.uiautomator2.server"},{"installState":"sameVersionInstalled","appPath":"C:\\Users\\sajus\\.appium\\node_modules\\appium-uiautomator2-driver\\node_modules\\appium-uiautomator2-server\\apks\\appium-uiautomator2-server-debug-androidTest.apk","appId":"io.appium.uiautomator2.server.test"}]
&amp#27;[38;5;154m[0b41ab68]&amp#27;[0m&amp#27;[38;5;5m[AndroidUiautomator2Driver@17f2]&amp#27;[0m Server packages are not going to be (re)installed
&amp#27;[38;5;154m[0b41ab68]&amp#27;[0m&amp#27;[38;5;5m[AndroidUiautomator2Driver@17f2]&amp#27;[0m Waiting up to 30000ms for services to be available
&amp#27;[38;5;154m[0b41ab68]&amp#27;[0m&amp#27;[38;5;229m[ADB]&amp#27;[0m Running 'C:\Users\sajus\AppData\Local\Android\Sdk\platform-tools\adb.exe -P 5037 -s CTLID18120801016 shell pm list instrumentation'
&amp#27;[38;5;120m[73ba5dca]&amp#27;[0m&amp#27;[38;5;229m[ADB]&amp#27;[0m The version name of the installed 'io.appium.uiautomator2.server' is greater or equal to the application version name ('7.5.2' >= '7.5.2')
&amp#27;[38;5;120m[73ba5dca]&amp#27;[0m&amp#27;[38;5;-56m[AndroidUiautomator2Driver@5464]&amp#27;[0m Server packages status: [{"installState":"sameVersionInstalled","appPath":"C:\\Users\\sajus\\.appium\\node_modules\\appium-uiautomator2-driver\\node_modules\\appium-uiautomator2-server\\apks\\appium-uiautomator2-server-v7.5.2.apk","appId":"io.appium.uiautomator2.server"},{"installState":"sameVersionInstalled","appPath":"C:\\Users\\sajus\\.appium\\node_modules\\appium-uiautomator2-driver\\node_modules\\appium-uiautomator2-server\\apks\\appium-uiautomator2-server-debug-androidTest.apk","appId":"io.appium.uiautomator2.server.test"}]
&amp#27;[38;5;120m[73ba5dca]&amp#27;[0m&amp#27;[38;5;-56m[AndroidUiautomator2Driver@5464]&amp#27;[0m Server packages are not going to be (re)installed
&amp#27;[38;5;120m[73ba5dca]&amp#27;[0m&amp#27;[38;5;-56m[AndroidUiautomator2Driver@5464]&amp#27;[0m Waiting up to 30000ms for services to be available
&amp#27;[38;5;120m[73ba5dca]&amp#27;[0m&amp#27;[38;5;229m[ADB]&amp#27;[0m Running 'C:\Users\sajus\AppData\Local\Android\Sdk\platform-tools\adb.exe -P 5037 -s R3CRC00KHBT shell pm list instrumentation'
&amp#27;[38;5;154m[0b41ab68]&amp#27;[0m&amp#27;[38;5;5m[AndroidUiautomator2Driver@17f2]&amp#27;[0m Instrumentation target 'io.appium.uiautomator2.server.test/androidx.test.runner.AndroidJUnitRunner' is available
&amp#27;[38;5;154m[0b41ab68]&amp#27;[0m&amp#27;[38;5;229m[ADB]&amp#27;[0m Adding packages ["io.appium.settings","io.appium.uiautomator2.server","io.appium.uiautomator2.server.test"] to Doze whitelist
&amp#27;[38;5;154m[0b41ab68]&amp#27;[0m&amp#27;[38;5;229m[ADB]&amp#27;[0m Got the following command chunks to execute: [["dumpsys","deviceidle","whitelist","+io.appium.settings",";","dumpsys","deviceidle","whitelist","+io.appium.uiautomator2.server",";","dumpsys","deviceidle","whitelist","+io.appium.uiautomator2.server.test",";"]]
&amp#27;[38;5;154m[0b41ab68]&amp#27;[0m&amp#27;[38;5;229m[ADB]&amp#27;[0m Running 'C:\Users\sajus\AppData\Local\Android\Sdk\platform-tools\adb.exe -P 5037 -s CTLID18120801016 shell dumpsys deviceidle whitelist +io.appium.settings ; dumpsys deviceidle whitelist +io.appium.uiautomator2.server ; dumpsys deviceidle whitelist +io.appium.uiautomator2.server.test ;'
&amp#27;[38;5;120m[73ba5dca]&amp#27;[0m&amp#27;[38;5;-56m[AndroidUiautomator2Driver@5464]&amp#27;[0m Instrumentation target 'io.appium.uiautomator2.server.test/androidx.test.runner.AndroidJUnitRunner' is available
&amp#27;[38;5;120m[73ba5dca]&amp#27;[0m&amp#27;[38;5;229m[ADB]&amp#27;[0m Adding packages ["io.appium.settings","io.appium.uiautomator2.server","io.appium.uiautomator2.server.test"] to Doze whitelist
&amp#27;[38;5;120m[73ba5dca]&amp#27;[0m&amp#27;[38;5;229m[ADB]&amp#27;[0m Got the following command chunks to execute: [["dumpsys","deviceidle","whitelist","+io.appium.settings",";","dumpsys","deviceidle","whitelist","+io.appium.uiautomator2.server",";","dumpsys","deviceidle","whitelist","+io.appium.uiautomator2.server.test",";"]]
&amp#27;[38;5;120m[73ba5dca]&amp#27;[0m&amp#27;[38;5;229m[ADB]&amp#27;[0m Running 'C:\Users\sajus\AppData\Local\Android\Sdk\platform-tools\adb.exe -P 5037 -s R3CRC00KHBT shell dumpsys deviceidle whitelist +io.appium.settings ; dumpsys deviceidle whitelist +io.appium.uiautomator2.server ; dumpsys deviceidle whitelist +io.appium.uiautomator2.server.test ;'
&amp#27;[38;5;154m[0b41ab68]&amp#27;[0m&amp#27;[38;5;5m[AndroidUiautomator2Driver@17f2]&amp#27;[0m Performing shallow cleanup of automation leftovers
&amp#27;[38;5;120m[73ba5dca]&amp#27;[0m&amp#27;[38;5;-56m[AndroidUiautomator2Driver@5464]&amp#27;[0m Performing shallow cleanup of automation leftovers
&amp#27;[38;5;154m[0b41ab68]&amp#27;[0m&amp#27;[38;5;5m[AndroidUiautomator2Driver@17f2]&amp#27;[0m No obsolete sessions have been detected (socket hang up)
&amp#27;[38;5;154m[0b41ab68]&amp#27;[0m&amp#27;[38;5;229m[ADB]&amp#27;[0m Running 'C:\Users\sajus\AppData\Local\Android\Sdk\platform-tools\adb.exe -P 5037 -s CTLID18120801016 shell am force-stop io.appium.uiautomator2.server'
&amp#27;[38;5;154m[0b41ab68]&amp#27;[0m&amp#27;[38;5;229m[ADB]&amp#27;[0m Running 'C:\Users\sajus\AppData\Local\Android\Sdk\platform-tools\adb.exe -P 5037 -s CTLID18120801016 shell am force-stop io.appium.uiautomator2.server.test'
&amp#27;[38;5;120m[73ba5dca]&amp#27;[0m&amp#27;[38;5;-56m[AndroidUiautomator2Driver@5464]&amp#27;[0m No obsolete sessions have been detected (socket hang up)
&amp#27;[38;5;120m[73ba5dca]&amp#27;[0m&amp#27;[38;5;229m[ADB]&amp#27;[0m Running 'C:\Users\sajus\AppData\Local\Android\Sdk\platform-tools\adb.exe -P 5037 -s R3CRC00KHBT shell am force-stop io.appium.uiautomator2.server'
&amp#27;[38;5;120m[73ba5dca]&amp#27;[0m&amp#27;[38;5;229m[ADB]&amp#27;[0m Running 'C:\Users\sajus\AppData\Local\Android\Sdk\platform-tools\adb.exe -P 5037 -s R3CRC00KHBT shell am force-stop io.appium.uiautomator2.server.test'
&amp#27;[38;5;154m[0b41ab68]&amp#27;[0m&amp#27;[38;5;5m[AndroidUiautomator2Driver@17f2]&amp#27;[0m Starting UIAutomator2 server 7.5.2
&amp#27;[38;5;154m[0b41ab68]&amp#27;[0m&amp#27;[38;5;5m[AndroidUiautomator2Driver@17f2]&amp#27;[0m Using UIAutomator2 server from 'C:\Users\sajus\.appium\node_modules\appium-uiautomator2-driver\node_modules\appium-uiautomator2-server\apks\appium-uiautomator2-server-v7.5.2.apk' and test from 'C:\Users\sajus\.appium\node_modules\appium-uiautomator2-driver\node_modules\appium-uiautomator2-server\apks\appium-uiautomator2-server-debug-androidTest.apk'
&amp#27;[38;5;154m[0b41ab68]&amp#27;[0m&amp#27;[38;5;5m[AndroidUiautomator2Driver@17f2]&amp#27;[0m Waiting up to 30000ms for UiAutomator2 to be online...
&amp#27;[38;5;154m[0b41ab68]&amp#27;[0m&amp#27;[38;5;229m[ADB]&amp#27;[0m Creating ADB subprocess with args: ["-P","5037","-s","CTLID18120801016","shell","am","instrument","-w","-e","disableAnalytics","true","io.appium.uiautomator2.server.test/androidx.test.runner.AndroidJUnitRunner"]
&amp#27;[38;5;154m[0b41ab68]&amp#27;[0m&amp#27;[38;5;5m[AndroidUiautomator2Driver@17f2]&amp#27;[0m Matched '/status' to command name 'getStatus'
&amp#27;[38;5;154m[0b41ab68]&amp#27;[0m&amp#27;[38;5;5m[AndroidUiautomator2Driver@17f2]&amp#27;[0m Proxying [GET /status] to [GET http://127.0.0.1:8202/status] with no body
&amp#27;[38;5;154m[0b41ab68]&amp#27;[0m&amp#27;[38;5;5m[AndroidUiautomator2Driver@17f2]&amp#27;[0m socket hang up
&amp#27;[38;5;120m[73ba5dca]&amp#27;[0m&amp#27;[38;5;-56m[AndroidUiautomator2Driver@5464]&amp#27;[0m Starting UIAutomator2 server 7.5.2
&amp#27;[38;5;120m[73ba5dca]&amp#27;[0m&amp#27;[38;5;-56m[AndroidUiautomator2Driver@5464]&amp#27;[0m Using UIAutomator2 server from 'C:\Users\sajus\.appium\node_modules\appium-uiautomator2-driver\node_modules\appium-uiautomator2-server\apks\appium-uiautomator2-server-v7.5.2.apk' and test from 'C:\Users\sajus\.appium\node_modules\appium-uiautomator2-driver\node_modules\appium-uiautomator2-server\apks\appium-uiautomator2-server-debug-androidTest.apk'
&amp#27;[38;5;120m[73ba5dca]&amp#27;[0m&amp#27;[38;5;-56m[AndroidUiautomator2Driver@5464]&amp#27;[0m Waiting up to 30000ms for UiAutomator2 to be online...
&amp#27;[38;5;120m[73ba5dca]&amp#27;[0m&amp#27;[38;5;229m[ADB]&amp#27;[0m Creating ADB subprocess with args: ["-P","5037","-s","R3CRC00KHBT","shell","am","instrument","-w","-e","disableAnalytics","true","io.appium.uiautomator2.server.test/androidx.test.runner.AndroidJUnitRunner"]
&amp#27;[38;5;120m[73ba5dca]&amp#27;[0m&amp#27;[38;5;-56m[AndroidUiautomator2Driver@5464]&amp#27;[0m Matched '/status' to command name 'getStatus'
&amp#27;[38;5;120m[73ba5dca]&amp#27;[0m&amp#27;[38;5;-56m[AndroidUiautomator2Driver@5464]&amp#27;[0m Proxying [GET /status] to [GET http://127.0.0.1:8201/status] with no body
&amp#27;[38;5;120m[73ba5dca]&amp#27;[0m&amp#27;[38;5;-56m[AndroidUiautomator2Driver@5464]&amp#27;[0m socket hang up
&amp#27;[38;5;120m[73ba5dca]&amp#27;[0m&amp#27;[38;5;-56m[AndroidUiautomator2Driver@5464]&amp#27;[0m [Instrumentation] 
&amp#27;[38;5;154m[0b41ab68]&amp#27;[0m&amp#27;[38;5;5m[AndroidUiautomator2Driver@17f2]&amp#27;[0m Matched '/status' to command name 'getStatus'
&amp#27;[38;5;154m[0b41ab68]&amp#27;[0m&amp#27;[38;5;5m[AndroidUiautomator2Driver@17f2]&amp#27;[0m Proxying [GET /status] to [GET http://127.0.0.1:8202/status] with no body
&amp#27;[38;5;154m[0b41ab68]&amp#27;[0m&amp#27;[38;5;5m[AndroidUiautomator2Driver@17f2]&amp#27;[0m socket hang up
&amp#27;[38;5;120m[73ba5dca]&amp#27;[0m&amp#27;[38;5;-56m[AndroidUiautomator2Driver@5464]&amp#27;[0m Matched '/status' to command name 'getStatus'
&amp#27;[38;5;120m[73ba5dca]&amp#27;[0m&amp#27;[38;5;-56m[AndroidUiautomator2Driver@5464]&amp#27;[0m Proxying [GET /status] to [GET http://127.0.0.1:8201/status] with no body
&amp#27;[38;5;120m[73ba5dca]&amp#27;[0m&amp#27;[38;5;-56m[AndroidUiautomator2Driver@5464]&amp#27;[0m Got response with status 200: {"sessionId":"None","value":{"message":"UiAutomator2 Server is ready to accept commands","ready":true}}
&amp#27;[38;5;120m[73ba5dca]&amp#27;[0m&amp#27;[38;5;-56m[AndroidUiautomator2Driver@5464]&amp#27;[0m The initialization of the instrumentation process took 1153ms
&amp#27;[38;5;120m[73ba5dca]&amp#27;[0m&amp#27;[38;5;-56m[AndroidUiautomator2Driver@5464]&amp#27;[0m Matched '/session' to command name 'createSession'
&amp#27;[38;5;120m[73ba5dca]&amp#27;[0m&amp#27;[38;5;-56m[AndroidUiautomator2Driver@5464]&amp#27;[0m Proxying [POST /session] to [POST http://127.0.0.1:8201/session] with body: {"capabilities":{"firstMatch":[{"platformName":"ANDROID","appActivity":"com.androidsample.generalstore.SplashActivity","appPackage":"com.androidsample.generalstore","automationName":"UiAutomator2","deviceName":"R3CRC00KHBT","noReset":true,"platformVersion":"10.0","systemPort":8201,"udid":"R3CRC00KHBT","platform":"LINUX","webStorageEnabled":false,"takesScreenshot":true,"javascriptEnabled":true,"databaseEnabled":false,"networkConnectionEnabled":true,"locationContextEnabled":false,"warnings":{},"desired":{"platformName":"ANDROID","appActivity":"com.androidsample.generalstore.SplashActivity","appPackage":"com.androidsample.generalstore","automationName":"UiAutomator2","deviceName":"Samsung_Galaxy_S21","noReset":true,"platformVersion":"10.0","systemPort":8201,"udid":"R3CRC00KHBT"},"deviceUDID":"R3CRC00KHBT"}],"alwaysMatch":{}}}
&amp#27;[38;5;120m[73ba5dca]&amp#27;[0m&amp#27;[38;5;-56m[AndroidUiautomator2Driver@5464]&amp#27;[0m Got response with status 200: {"sessionId":"0efb445b-1bcb-4bd9-b1f3-31308b721e1e","value":{"capabilities":{"firstMatch":[{"platformName":"ANDROID","appActivity":"com.androidsample.generalstore.SplashActivity","appPackage":"com.androidsample.generalstore","automationName":"UiAutomator2","deviceName":"R3CRC00KHBT","noReset":true,"platformVersion":"10.0","systemPort":8201,"udid":"R3CRC00KHBT","platform":"LINUX","webStorageEnabled":false,"takesScreenshot":true,"javascriptEnabled":true,"databaseEnabled":false,"networkConnectionEnabled":true,"locationContextEnabled":false,"warnings":{},"desired":{"platformName":"ANDROID","appActivity":"com.androidsample.generalstore.SplashActivity","appPackage":"com.androidsample.generalstore","automationName":"UiAutomator2","deviceName":"Samsung_Galaxy_S21","noReset":true,"platformVersion":"10.0","systemPort":8201,"udid":"R3CRC00KHBT"},"deviceUDID":"R3CRC00KHBT"}],"alwaysMatch":{}},"sessionId":"0efb445b-1bcb-4bd9-b1f3-31308b721e1e"}}
&amp#27;[38;5;120m[73ba5dca]&amp#27;[0m&amp#27;[38;5;-56m[AndroidUiautomator2Driver@5464]&amp#27;[0m Determined the downstream protocol as 'W3C'
&amp#27;[38;5;120m[73ba5dca]&amp#27;[0m&amp#27;[38;5;-56m[AndroidUiautomator2Driver@5464]&amp#27;[0m Proxying [GET /appium/device/pixel_ratio] to [GET http://127.0.0.1:8201/session/0efb445b-1bcb-4bd9-b1f3-31308b721e1e/appium/device/pixel_ratio] with no body
&amp#27;[38;5;120m[73ba5dca]&amp#27;[0m&amp#27;[38;5;-56m[AndroidUiautomator2Driver@5464]&amp#27;[0m Matched '/appium/device/system_bars' to command name 'getSystemBars'
&amp#27;[38;5;120m[73ba5dca]&amp#27;[0m&amp#27;[38;5;-56m[AndroidUiautomator2Driver@5464]&amp#27;[0m Proxying [GET /appium/device/system_bars] to [GET http://127.0.0.1:8201/session/0efb445b-1bcb-4bd9-b1f3-31308b721e1e/appium/device/system_bars] with no body
&amp#27;[38;5;120m[73ba5dca]&amp#27;[0m&amp#27;[38;5;-56m[AndroidUiautomator2Driver@5464]&amp#27;[0m Matched '/window/current/size' to command name 'getWindowSize'
&amp#27;[38;5;120m[73ba5dca]&amp#27;[0m&amp#27;[38;5;-56m[AndroidUiautomator2Driver@5464]&amp#27;[0m Proxying [GET /window/current/size] to [GET http://127.0.0.1:8201/session/0efb445b-1bcb-4bd9-b1f3-31308b721e1e/window/current/size] with no body
&amp#27;[38;5;120m[73ba5dca]&amp#27;[0m&amp#27;[38;5;-56m[AndroidUiautomator2Driver@5464]&amp#27;[0m Proxying [GET /appium/device/info] to [GET http://127.0.0.1:8201/session/0efb445b-1bcb-4bd9-b1f3-31308b721e1e/appium/device/info] with no body
&amp#27;[38;5;120m[73ba5dca]&amp#27;[0m&amp#27;[38;5;229m[ADB]&amp#27;[0m Running 'C:\Users\sajus\AppData\Local\Android\Sdk\platform-tools\adb.exe -P 5037 -s R3CRC00KHBT shell dumpsys window'
&amp#27;[38;5;120m[73ba5dca]&amp#27;[0m&amp#27;[38;5;229m[ADB]&amp#27;[0m Running 'C:\Users\sajus\AppData\Local\Android\Sdk\platform-tools\adb.exe -P 5037 -s R3CRC00KHBT shell dumpsys power'
&amp#27;[38;5;120m[73ba5dca]&amp#27;[0m&amp#27;[38;5;-56m[AndroidUiautomator2Driver@5464]&amp#27;[0m Got response with status 200: {"sessionId":"0efb445b-1bcb-4bd9-b1f3-31308b721e1e","value":3}
&amp#27;[38;5;120m[73ba5dca]&amp#27;[0m&amp#27;[38;5;-56m[AndroidUiautomator2Driver@5464]&amp#27;[0m Got response with status 200: {"sessionId":"0efb445b-1bcb-4bd9-b1f3-31308b721e1e","value":{"statusBar":80}}
&amp#27;[38;5;120m[73ba5dca]&amp#27;[0m&amp#27;[38;5;-56m[AndroidUiautomator2Driver@5464]&amp#27;[0m Got response with status 200: {"sessionId":"0efb445b-1bcb-4bd9-b1f3-31308b721e1e","value":{"height":2400,"width":1080}}
&amp#27;[38;5;120m[73ba5dca]&amp#27;[0m&amp#27;[38;5;-56m[AndroidUiautomator2Driver@5464]&amp#27;[0m Got response with status 200: {"sessionId":"0efb445b-1bcb-4bd9-b1f3-31308b721e1e","value":{"androidId":"f27012414286a658","apiVersion":"35","bluetooth":{"state":"ON"},"brand":"samsung","carrierName":"","displayDensity":480,"locale":"en_CA","manufacturer":"samsung","model":"SM-G991W","networks":[{"capabilities":{"SSID":null,"linkDownBandwidthKbps":282299,"linkUpstreamBandwidthKbps":1421,"networkCapabilities":"NET_CAPABILITY_NOT_METERED,NET_CAPABILITY_INTERNET,NET_CAPABILITY_NOT_RESTRICTED,NET_CAPABILITY_TRUSTED,NET_CAPABILITY_NOT_VPN,NET_CAPABILITY_VALIDATED,NET_CAPABILITY_NOT_ROAMING,NET_CAPABILITY_FOREGROUND,NET_CAPABILITY_NOT_CONGESTED,NET_CAPABILITY_NOT_SUSPENDED","signalStrength":-55,"transportTypes":"TRANSPORT_WIFI"},"detailedState":"CONNECTED","extraInfo":"","isAvailable":true,"isConnected":true,"isFailover":false,"isRoaming":false,"state":"CONNECTED","subtype":-1,"subtypeName":"","type":1,"typeName":"WIFI"}],"platformVersion":"15","realDisplaySize":"1080x2400","timeZone":"America/New_York"}}
&amp#27;[38;5;120m[73ba5dca]&amp#27;[0m&amp#27;[38;5;-56m[AndroidUiautomator2Driver@5464]&amp#27;[0m Screen already unlocked, doing nothing
&amp#27;[38;5;120m[73ba5dca]&amp#27;[0m&amp#27;[38;5;-56m[AndroidUiautomator2Driver@5464]&amp#27;[0m Starting 'com.androidsample.generalstore/com.androidsample.generalstore.SplashActivity' and waiting for 'com.androidsample.generalstore/com.androidsample.generalstore.SplashActivity'
&amp#27;[38;5;120m[73ba5dca]&amp#27;[0m&amp#27;[38;5;229m[ADB]&amp#27;[0m Getting IDs of all 'com.androidsample.generalstore' processes
&amp#27;[38;5;120m[73ba5dca]&amp#27;[0m&amp#27;[38;5;229m[ADB]&amp#27;[0m Running 'C:\Users\sajus\AppData\Local\Android\Sdk\platform-tools\adb.exe -P 5037 -s R3CRC00KHBT shell 'pgrep --help; echo $?''
&amp#27;[38;5;120m[73ba5dca]&amp#27;[0m&amp#27;[38;5;229m[ADB]&amp#27;[0m Running 'C:\Users\sajus\AppData\Local\Android\Sdk\platform-tools\adb.exe -P 5037 -s R3CRC00KHBT shell pgrep -f \(\[\[:blank:\]\]\|\^\)com\.androidsample\.generalstore\(:\[a-zA-Z0-9_-\]\+\)\?\(\[\[:blank:\]\]\|\$\)'
&amp#27;[38;5;120m[73ba5dca]&amp#27;[0m&amp#27;[38;5;229m[ADB]&amp#27;[0m Running 'C:\Users\sajus\AppData\Local\Android\Sdk\platform-tools\adb.exe -P 5037 -s R3CRC00KHBT shell am start-activity -W -n com.androidsample.generalstore/com.androidsample.generalstore.SplashActivity -S -a android.intent.action.MAIN -c android.intent.category.LAUNCHER -f 0x10200000'
&amp#27;[38;5;154m[0b41ab68]&amp#27;[0m&amp#27;[38;5;5m[AndroidUiautomator2Driver@17f2]&amp#27;[0m [Instrumentation] 
&amp#27;[38;5;154m[0b41ab68]&amp#27;[0m&amp#27;[38;5;5m[AndroidUiautomator2Driver@17f2]&amp#27;[0m Matched '/status' to command name 'getStatus'
&amp#27;[38;5;154m[0b41ab68]&amp#27;[0m&amp#27;[38;5;5m[AndroidUiautomator2Driver@17f2]&amp#27;[0m Proxying [GET /status] to [GET http://127.0.0.1:8202/status] with no body
&amp#27;[38;5;154m[0b41ab68]&amp#27;[0m&amp#27;[38;5;5m[AndroidUiautomator2Driver@17f2]&amp#27;[0m socket hang up
&amp#27;[38;5;120m[73ba5dca]&amp#27;[0m&amp#27;[38;5;63m[AppiumDriver@6e20]&amp#27;[0m New AndroidUiautomator2Driver session created successfully, session 73ba5dca-edc2-4248-af85-7d9e45061c7a added to master session list
&amp#27;[38;5;120m[73ba5dca]&amp#27;[0m&amp#27;[38;5;63m[AppiumDriver@6e20]&amp#27;[0m Event 'newSessionStarted' logged at 1750221884749 (00:44:44 GMT-0400 (Eastern Daylight Saving Time))
&amp#27;[38;5;120m[73ba5dca]&amp#27;[0m&amp#27;[38;5;-56m[AndroidUiautomator2Driver@5464]&amp#27;[0m Cached the protocol value 'W3C' for the new session 73ba5dca-edc2-4248-af85-7d9e45061c7a
&amp#27;[38;5;120m[73ba5dca]&amp#27;[0m&amp#27;[38;5;-56m[AndroidUiautomator2Driver@5464]&amp#27;[0m Responding to client with driver.createSession() result: {"capabilities":{"platformName":"ANDROID","appActivity":"com.androidsample.generalstore.SplashActivity","appPackage":"com.androidsample.generalstore","automationName":"UiAutomator2","deviceName":"R3CRC00KHBT","noReset":true,"platformVersion":"15","systemPort":8201,"udid":"R3CRC00KHBT","platform":"LINUX","webStorageEnabled":false,"takesScreenshot":true,"javascriptEnabled":true,"databaseEnabled":false,"networkConnectionEnabled":true,"locationContextEnabled":false,"warnings":{},"desired":{"platformName":"ANDROID","appActivity":"com.androidsample.generalstore.SplashActivity","appPackage":"com.androidsample.generalstore","automationName":"UiAutomator2","deviceName":"Samsung_Galaxy_S21","noReset":true,"platformVersion":"10.0","systemPort":8201,"udid":"R3CRC00KHBT"},"deviceUDID":"R3CRC00KHBT","pixelRatio":"3","statBarHeight":80,"viewportRect":{"left":0,"top":80,"width":1080,"height":2320},"deviceApiLevel":35,"deviceManufacturer":"samsung","deviceModel":"SM-G991W","deviceScreenSize":"1080x2400","deviceScreenDensit...
&amp#27;[38;5;120m[73ba5dca]&amp#27;[0m&amp#27;[38;5;86m[HTTP]&amp#27;[0m &amp#27;[37m<-- POST /session &amp#27;[39m&amp#27;[32m200&amp#27;[39m &amp#27;[90m4664 ms - 1090&amp#27;[39m &amp#27;[90m&amp#27;[39m
&amp#27;[38;5;120m[73ba5dca]&amp#27;[0m&amp#27;[38;5;86m[HTTP]&amp#27;[0m &amp#27;[37m-->&amp#27;[39m &amp#27;[37mPOST&amp#27;[39m &amp#27;[37m/session/73ba5dca-edc2-4248-af85-7d9e45061c7a/execute/sync&amp#27;[39m &amp#27;[90m{"script":"mobile: getCurrentActivity","args":[]}&amp#27;[39m
&amp#27;[38;5;120m[73ba5dca]&amp#27;[0m&amp#27;[38;5;-56m[AndroidUiautomator2Driver@5464]&amp#27;[0m Calling AppiumDriver.execute() with args: ["mobile: getCurrentActivity",[],"73ba5dca-edc2-4248-af85-7d9e45061c7a"]
&amp#27;[38;5;120m[73ba5dca]&amp#27;[0m&amp#27;[38;5;229m[ADB]&amp#27;[0m Getting focused package and activity
&amp#27;[38;5;120m[73ba5dca]&amp#27;[0m&amp#27;[38;5;229m[ADB]&amp#27;[0m Running 'C:\Users\sajus\AppData\Local\Android\Sdk\platform-tools\adb.exe -P 5037 -s R3CRC00KHBT shell dumpsys window displays'
&amp#27;[38;5;120m[73ba5dca]&amp#27;[0m&amp#27;[38;5;-56m[AndroidUiautomator2Driver@5464]&amp#27;[0m Responding to client with driver.execute() result: ".SplashActivity"
&amp#27;[38;5;120m[73ba5dca]&amp#27;[0m&amp#27;[38;5;86m[HTTP]&amp#27;[0m &amp#27;[37m<-- POST /session/73ba5dca-edc2-4248-af85-7d9e45061c7a/execute/sync &amp#27;[39m&amp#27;[32m200&amp#27;[39m &amp#27;[90m125 ms - 27&amp#27;[39m &amp#27;[90m&amp#27;[39m
Current Activity: .SplashActivity
&amp#27;[38;5;154m[0b41ab68]&amp#27;[0m&amp#27;[38;5;5m[AndroidUiautomator2Driver@17f2]&amp#27;[0m Matched '/status' to command name 'getStatus'
&amp#27;[38;5;154m[0b41ab68]&amp#27;[0m&amp#27;[38;5;5m[AndroidUiautomator2Driver@17f2]&amp#27;[0m Proxying [GET /status] to [GET http://127.0.0.1:8202/status] with no body
&amp#27;[38;5;154m[0b41ab68]&amp#27;[0m&amp#27;[38;5;5m[AndroidUiautomator2Driver@17f2]&amp#27;[0m Got response with status 200: {"sessionId":"None","value":{"message":"UiAutomator2 Server is ready to accept commands","ready":true}}
&amp#27;[38;5;154m[0b41ab68]&amp#27;[0m&amp#27;[38;5;5m[AndroidUiautomator2Driver@17f2]&amp#27;[0m The initialization of the instrumentation process took 3212ms
&amp#27;[38;5;154m[0b41ab68]&amp#27;[0m&amp#27;[38;5;5m[AndroidUiautomator2Driver@17f2]&amp#27;[0m Matched '/session' to command name 'createSession'
&amp#27;[38;5;154m[0b41ab68]&amp#27;[0m&amp#27;[38;5;5m[AndroidUiautomator2Driver@17f2]&amp#27;[0m Proxying [POST /session] to [POST http://127.0.0.1:8202/session] with body: {"capabilities":{"firstMatch":[{"platformName":"ANDROID","appActivity":"com.androidsample.generalstore.SplashActivity","appPackage":"com.androidsample.generalstore","automationName":"UiAutomator2","deviceName":"CTLID18120801016","noReset":true,"platformVersion":"11.0","systemPort":8202,"udid":"CTLID18120801016","platform":"LINUX","webStorageEnabled":false,"takesScreenshot":true,"javascriptEnabled":true,"databaseEnabled":false,"networkConnectionEnabled":true,"locationContextEnabled":false,"warnings":{},"desired":{"platformName":"ANDROID","appActivity":"com.androidsample.generalstore.SplashActivity","appPackage":"com.androidsample.generalstore","automationName":"UiAutomator2","deviceName":"Nokia","noReset":true,"platformVersion":"11.0","systemPort":8202,"udid":"CTLID18120801016"},"deviceUDID":"CTLID18120801016"}],"alwaysMatch":{}}}
&amp#27;[38;5;154m[0b41ab68]&amp#27;[0m&amp#27;[38;5;5m[AndroidUiautomator2Driver@17f2]&amp#27;[0m Got response with status 200: {"sessionId":"552b7aad-67ed-4118-accc-26161d88ea26","value":{"capabilities":{"firstMatch":[{"platformName":"ANDROID","appActivity":"com.androidsample.generalstore.SplashActivity","appPackage":"com.androidsample.generalstore","automationName":"UiAutomator2","deviceName":"CTLID18120801016","noReset":true,"platformVersion":"11.0","systemPort":8202,"udid":"CTLID18120801016","platform":"LINUX","webStorageEnabled":false,"takesScreenshot":true,"javascriptEnabled":true,"databaseEnabled":false,"networkConnectionEnabled":true,"locationContextEnabled":false,"warnings":{},"desired":{"platformName":"ANDROID","appActivity":"com.androidsample.generalstore.SplashActivity","appPackage":"com.androidsample.generalstore","automationName":"UiAutomator2","deviceName":"Nokia","noReset":true,"platformVersion":"11.0","systemPort":8202,"udid":"CTLID18120801016"},"deviceUDID":"CTLID18120801016"}],"alwaysMatch":{}},"sessionId":"552b7aad-67ed-4118-accc-26161d88ea26"}}
&amp#27;[38;5;154m[0b41ab68]&amp#27;[0m&amp#27;[38;5;5m[AndroidUiautomator2Driver@17f2]&amp#27;[0m Determined the downstream protocol as 'W3C'
&amp#27;[38;5;154m[0b41ab68]&amp#27;[0m&amp#27;[38;5;5m[AndroidUiautomator2Driver@17f2]&amp#27;[0m Proxying [GET /appium/device/pixel_ratio] to [GET http://127.0.0.1:8202/session/552b7aad-67ed-4118-accc-26161d88ea26/appium/device/pixel_ratio] with no body
&amp#27;[38;5;154m[0b41ab68]&amp#27;[0m&amp#27;[38;5;5m[AndroidUiautomator2Driver@17f2]&amp#27;[0m Matched '/appium/device/system_bars' to command name 'getSystemBars'
&amp#27;[38;5;154m[0b41ab68]&amp#27;[0m&amp#27;[38;5;5m[AndroidUiautomator2Driver@17f2]&amp#27;[0m Proxying [GET /appium/device/system_bars] to [GET http://127.0.0.1:8202/session/552b7aad-67ed-4118-accc-26161d88ea26/appium/device/system_bars] with no body
&amp#27;[38;5;154m[0b41ab68]&amp#27;[0m&amp#27;[38;5;5m[AndroidUiautomator2Driver@17f2]&amp#27;[0m Matched '/window/current/size' to command name 'getWindowSize'
&amp#27;[38;5;154m[0b41ab68]&amp#27;[0m&amp#27;[38;5;5m[AndroidUiautomator2Driver@17f2]&amp#27;[0m Proxying [GET /window/current/size] to [GET http://127.0.0.1:8202/session/552b7aad-67ed-4118-accc-26161d88ea26/window/current/size] with no body
&amp#27;[38;5;154m[0b41ab68]&amp#27;[0m&amp#27;[38;5;5m[AndroidUiautomator2Driver@17f2]&amp#27;[0m Proxying [GET /appium/device/info] to [GET http://127.0.0.1:8202/session/552b7aad-67ed-4118-accc-26161d88ea26/appium/device/info] with no body
&amp#27;[38;5;154m[0b41ab68]&amp#27;[0m&amp#27;[38;5;229m[ADB]&amp#27;[0m Running 'C:\Users\sajus\AppData\Local\Android\Sdk\platform-tools\adb.exe -P 5037 -s CTLID18120801016 shell dumpsys window'
&amp#27;[38;5;154m[0b41ab68]&amp#27;[0m&amp#27;[38;5;229m[ADB]&amp#27;[0m Running 'C:\Users\sajus\AppData\Local\Android\Sdk\platform-tools\adb.exe -P 5037 -s CTLID18120801016 shell dumpsys power'
&amp#27;[38;5;154m[0b41ab68]&amp#27;[0m&amp#27;[38;5;5m[AndroidUiautomator2Driver@17f2]&amp#27;[0m Got response with status 200: {"sessionId":"552b7aad-67ed-4118-accc-26161d88ea26","value":2.625}
&amp#27;[38;5;154m[0b41ab68]&amp#27;[0m&amp#27;[38;5;5m[AndroidUiautomator2Driver@17f2]&amp#27;[0m Got response with status 200: {"sessionId":"552b7aad-67ed-4118-accc-26161d88ea26","value":{"statusBar":89}}
&amp#27;[38;5;154m[0b41ab68]&amp#27;[0m&amp#27;[38;5;5m[AndroidUiautomator2Driver@17f2]&amp#27;[0m Got response with status 200: {"sessionId":"552b7aad-67ed-4118-accc-26161d88ea26","value":{"height":2280,"width":1080}}
&amp#27;[38;5;154m[0b41ab68]&amp#27;[0m&amp#27;[38;5;5m[AndroidUiautomator2Driver@17f2]&amp#27;[0m Screen already unlocked, doing nothing
&amp#27;[38;5;154m[0b41ab68]&amp#27;[0m&amp#27;[38;5;5m[AndroidUiautomator2Driver@17f2]&amp#27;[0m Starting 'com.androidsample.generalstore/com.androidsample.generalstore.SplashActivity' and waiting for 'com.androidsample.generalstore/com.androidsample.generalstore.SplashActivity'
&amp#27;[38;5;154m[0b41ab68]&amp#27;[0m&amp#27;[38;5;229m[ADB]&amp#27;[0m Getting IDs of all 'com.androidsample.generalstore' processes
&amp#27;[38;5;154m[0b41ab68]&amp#27;[0m&amp#27;[38;5;229m[ADB]&amp#27;[0m Running 'C:\Users\sajus\AppData\Local\Android\Sdk\platform-tools\adb.exe -P 5037 -s CTLID18120801016 shell 'pgrep --help; echo $?''
&amp#27;[38;5;154m[0b41ab68]&amp#27;[0m&amp#27;[38;5;5m[AndroidUiautomator2Driver@17f2]&amp#27;[0m Got response with status 200: {"sessionId":"552b7aad-67ed-4118-accc-26161d88ea26","value":{"androidId":"7be9e4e610cc4454","apiVersion":"29","bluetooth":{"state":"OFF"},"brand":"Nokia","carrierName":"","displayDensity":420,"locale":"en_IN","manufacturer":"HMD Global","model":"Nokia 7.1","networks":[{"capabilities":{"SSID":null,"linkDownBandwidthKbps":1048576,"linkUpstreamBandwidthKbps":1048576,"networkCapabilities":"NET_CAPABILITY_NOT_METERED,NET_CAPABILITY_INTERNET,NET_CAPABILITY_NOT_RESTRICTED,NET_CAPABILITY_TRUSTED,NET_CAPABILITY_NOT_VPN,NET_CAPABILITY_VALIDATED,NET_CAPABILITY_NOT_ROAMING,NET_CAPABILITY_FOREGROUND,NET_CAPABILITY_NOT_CONGESTED,NET_CAPABILITY_NOT_SUSPENDED","signalStrength":-55,"transportTypes":"TRANSPORT_WIFI"},"detailedState":"CONNECTED","extraInfo":null,"isAvailable":true,"isConnected":true,"isFailover":false,"isRoaming":false,"state":"CONNECTED","subtype":0,"subtypeName":"","type":1,"typeName":"WIFI"}],"platformVersion":"10","realDisplaySize":"1080x2280","timeZone":"America/Toronto"}}
&amp#27;[38;5;154m[0b41ab68]&amp#27;[0m&amp#27;[38;5;229m[ADB]&amp#27;[0m Running 'C:\Users\sajus\AppData\Local\Android\Sdk\platform-tools\adb.exe -P 5037 -s CTLID18120801016 shell pgrep -f \(\[\[:blank:\]\]\|\^\)com\.androidsample\.generalstore\(:\[a-zA-Z0-9_-\]\+\)\?\(\[\[:blank:\]\]\|\$\)'
&amp#27;[38;5;154m[0b41ab68]&amp#27;[0m&amp#27;[38;5;229m[ADB]&amp#27;[0m Running 'C:\Users\sajus\AppData\Local\Android\Sdk\platform-tools\adb.exe -P 5037 -s CTLID18120801016 shell am start-activity -W -n com.androidsample.generalstore/com.androidsample.generalstore.SplashActivity -S -a android.intent.action.MAIN -c android.intent.category.LAUNCHER -f 0x10200000'
&amp#27;[38;5;154m[0b41ab68]&amp#27;[0m&amp#27;[38;5;18m[AppiumDriver@b0e3]&amp#27;[0m New AndroidUiautomator2Driver session created successfully, session 0b41ab68-6346-4d33-98a8-d18b6b253ad4 added to master session list
&amp#27;[38;5;154m[0b41ab68]&amp#27;[0m&amp#27;[38;5;18m[AppiumDriver@b0e3]&amp#27;[0m Event 'newSessionStarted' logged at 1750221886740 (00:44:46 GMT-0400 (Eastern Daylight Saving Time))
&amp#27;[38;5;154m[0b41ab68]&amp#27;[0m&amp#27;[38;5;5m[AndroidUiautomator2Driver@17f2]&amp#27;[0m Cached the protocol value 'W3C' for the new session 0b41ab68-6346-4d33-98a8-d18b6b253ad4
&amp#27;[38;5;154m[0b41ab68]&amp#27;[0m&amp#27;[38;5;5m[AndroidUiautomator2Driver@17f2]&amp#27;[0m Responding to client with driver.createSession() result: {"capabilities":{"platformName":"ANDROID","appActivity":"com.androidsample.generalstore.SplashActivity","appPackage":"com.androidsample.generalstore","automationName":"UiAutomator2","deviceName":"CTLID18120801016","noReset":true,"platformVersion":"10","systemPort":8202,"udid":"CTLID18120801016","platform":"LINUX","webStorageEnabled":false,"takesScreenshot":true,"javascriptEnabled":true,"databaseEnabled":false,"networkConnectionEnabled":true,"locationContextEnabled":false,"warnings":{},"desired":{"platformName":"ANDROID","appActivity":"com.androidsample.generalstore.SplashActivity","appPackage":"com.androidsample.generalstore","automationName":"UiAutomator2","deviceName":"Nokia","noReset":true,"platformVersion":"11.0","systemPort":8202,"udid":"CTLID18120801016"},"deviceUDID":"CTLID18120801016","pixelRatio":"2.625","statBarHeight":89,"viewportRect":{"left":0,"top":89,"width":1080,"height":2191},"deviceApiLevel":29,"deviceManufacturer":"HMD Global","deviceModel":"Nokia 7.1","deviceScreenSize":"1080x2280","dev...
&amp#27;[38;5;154m[0b41ab68]&amp#27;[0m&amp#27;[38;5;86m[HTTP]&amp#27;[0m &amp#27;[37m<-- POST /session &amp#27;[39m&amp#27;[32m200&amp#27;[39m &amp#27;[90m6655 ms - 1105&amp#27;[39m &amp#27;[90m&amp#27;[39m
&amp#27;[38;5;154m[0b41ab68]&amp#27;[0m&amp#27;[38;5;86m[HTTP]&amp#27;[0m &amp#27;[37m-->&amp#27;[39m &amp#27;[37mPOST&amp#27;[39m &amp#27;[37m/session/0b41ab68-6346-4d33-98a8-d18b6b253ad4/execute/sync&amp#27;[39m &amp#27;[90m{"script":"mobile: getCurrentActivity","args":[]}&amp#27;[39m
&amp#27;[38;5;154m[0b41ab68]&amp#27;[0m&amp#27;[38;5;5m[AndroidUiautomator2Driver@17f2]&amp#27;[0m Calling AppiumDriver.execute() with args: ["mobile: getCurrentActivity",[],"0b41ab68-6346-4d33-98a8-d18b6b253ad4"]
&amp#27;[38;5;154m[0b41ab68]&amp#27;[0m&amp#27;[38;5;229m[ADB]&amp#27;[0m Getting focused package and activity
&amp#27;[38;5;154m[0b41ab68]&amp#27;[0m&amp#27;[38;5;229m[ADB]&amp#27;[0m Running 'C:\Users\sajus\AppData\Local\Android\Sdk\platform-tools\adb.exe -P 5037 -s CTLID18120801016 shell dumpsys window displays'
&amp#27;[38;5;154m[0b41ab68]&amp#27;[0m&amp#27;[38;5;5m[AndroidUiautomator2Driver@17f2]&amp#27;[0m Responding to client with driver.execute() result: ".SplashActivity"
&amp#27;[38;5;154m[0b41ab68]&amp#27;[0m&amp#27;[38;5;86m[HTTP]&amp#27;[0m &amp#27;[37m<-- POST /session/0b41ab68-6346-4d33-98a8-d18b6b253ad4/execute/sync &amp#27;[39m&amp#27;[32m200&amp#27;[39m &amp#27;[90m100 ms - 27&amp#27;[39m &amp#27;[90m&amp#27;[39m
Current Activity: .SplashActivity
&amp#27;[38;5;120m[73ba5dca]&amp#27;[0m&amp#27;[38;5;86m[HTTP]&amp#27;[0m &amp#27;[37m-->&amp#27;[39m &amp#27;[37mPOST&amp#27;[39m &amp#27;[37m/session/73ba5dca-edc2-4248-af85-7d9e45061c7a/element&amp#27;[39m &amp#27;[90m{"using":"id","value":"com.androidsample.generalstore:id/btnLetsShop"}&amp#27;[39m
&amp#27;[38;5;120m[73ba5dca]&amp#27;[0m&amp#27;[38;5;-56m[AndroidUiautomator2Driver@5464]&amp#27;[0m Calling AppiumDriver.findElement() with args: ["id","com.androidsample.generalstore:id/btnLetsShop","73ba5dca-edc2-4248-af85-7d9e45061c7a"]
&amp#27;[38;5;120m[73ba5dca]&amp#27;[0m&amp#27;[38;5;-56m[AndroidUiautomator2Driver@5464]&amp#27;[0m Valid locator strategies for this request: xpath, id, class name, accessibility id, css selector, -android uiautomator
&amp#27;[38;5;120m[73ba5dca]&amp#27;[0m&amp#27;[38;5;-56m[AndroidUiautomator2Driver@5464]&amp#27;[0m Waiting up to 0 ms for condition
&amp#27;[38;5;120m[73ba5dca]&amp#27;[0m&amp#27;[38;5;-56m[AndroidUiautomator2Driver@5464]&amp#27;[0m Matched '/element' to command name 'findElement'
&amp#27;[38;5;120m[73ba5dca]&amp#27;[0m&amp#27;[38;5;-56m[AndroidUiautomator2Driver@5464]&amp#27;[0m Proxying [POST /element] to [POST http://127.0.0.1:8201/session/0efb445b-1bcb-4bd9-b1f3-31308b721e1e/element] with body: {"strategy":"id","selector":"com.androidsample.generalstore:id/btnLetsShop","context":"","multiple":false}
&amp#27;[38;5;120m[73ba5dca]&amp#27;[0m&amp#27;[38;5;-56m[AndroidUiautomator2Driver@5464]&amp#27;[0m Got response with status 200: {"sessionId":"0efb445b-1bcb-4bd9-b1f3-31308b721e1e","value":{"ELEMENT":"00000000-0000-1179-ffff-ffff00000021","element-6066-11e4-a52e-4f735466cecf":"00000000-0000-1179-ffff-ffff00000021"}}
&amp#27;[38;5;120m[73ba5dca]&amp#27;[0m&amp#27;[38;5;-56m[AndroidUiautomator2Driver@5464]&amp#27;[0m Responding to client with driver.findElement() result: {"element-6066-11e4-a52e-4f735466cecf":"00000000-0000-1179-ffff-ffff00000021","ELEMENT":"00000000-0000-1179-ffff-ffff00000021"}
&amp#27;[38;5;120m[73ba5dca]&amp#27;[0m&amp#27;[38;5;86m[HTTP]&amp#27;[0m &amp#27;[37m<-- POST /session/73ba5dca-edc2-4248-af85-7d9e45061c7a/element &amp#27;[39m&amp#27;[32m200&amp#27;[39m &amp#27;[90m74 ms - 137&amp#27;[39m &amp#27;[90m&amp#27;[39m
&amp#27;[38;5;120m[73ba5dca]&amp#27;[0m&amp#27;[38;5;86m[HTTP]&amp#27;[0m &amp#27;[37m-->&amp#27;[39m &amp#27;[37mPOST&amp#27;[39m &amp#27;[37m/session/73ba5dca-edc2-4248-af85-7d9e45061c7a/element/00000000-0000-1179-ffff-ffff00000021/click&amp#27;[39m &amp#27;[90m{"id":"00000000-0000-1179-ffff-ffff00000021"}&amp#27;[39m
&amp#27;[38;5;120m[73ba5dca]&amp#27;[0m&amp#27;[38;5;-56m[AndroidUiautomator2Driver@5464]&amp#27;[0m Calling AppiumDriver.click() with args: ["00000000-0000-1179-ffff-ffff00000021","73ba5dca-edc2-4248-af85-7d9e45061c7a"]
&amp#27;[38;5;120m[73ba5dca]&amp#27;[0m&amp#27;[38;5;-56m[AndroidUiautomator2Driver@5464]&amp#27;[0m Matched '/element/00000000-0000-1179-ffff-ffff00000021/click' to command name 'click'
&amp#27;[38;5;120m[73ba5dca]&amp#27;[0m&amp#27;[38;5;-56m[AndroidUiautomator2Driver@5464]&amp#27;[0m Proxying [POST /element/00000000-0000-1179-ffff-ffff00000021/click] to [POST http://127.0.0.1:8201/session/0efb445b-1bcb-4bd9-b1f3-31308b721e1e/element/00000000-0000-1179-ffff-ffff00000021/click] with body: {"element":"00000000-0000-1179-ffff-ffff00000021"}
&amp#27;[38;5;120m[73ba5dca]&amp#27;[0m&amp#27;[38;5;-56m[AndroidUiautomator2Driver@5464]&amp#27;[0m Got response with status 200: {"sessionId":"0efb445b-1bcb-4bd9-b1f3-31308b721e1e","value":null}
&amp#27;[38;5;120m[73ba5dca]&amp#27;[0m&amp#27;[38;5;-56m[AndroidUiautomator2Driver@5464]&amp#27;[0m Responding to client with driver.click() result: null
&amp#27;[38;5;120m[73ba5dca]&amp#27;[0m&amp#27;[38;5;86m[HTTP]&amp#27;[0m &amp#27;[37m<-- POST /session/73ba5dca-edc2-4248-af85-7d9e45061c7a/element/00000000-0000-1179-ffff-ffff00000021/click &amp#27;[39m&amp#27;[32m200&amp#27;[39m &amp#27;[90m95 ms - 14&amp#27;[39m &amp#27;[90m&amp#27;[39m
&amp#27;[38;5;120m[73ba5dca]&amp#27;[0m&amp#27;[38;5;86m[HTTP]&amp#27;[0m &amp#27;[37m-->&amp#27;[39m &amp#27;[37mPOST&amp#27;[39m &amp#27;[37m/session/73ba5dca-edc2-4248-af85-7d9e45061c7a/element&amp#27;[39m &amp#27;[90m{"using":"xpath","value":"//android.widget.Toast[@text='Please enter your name']"}&amp#27;[39m
&amp#27;[38;5;120m[73ba5dca]&amp#27;[0m&amp#27;[38;5;-56m[AndroidUiautomator2Driver@5464]&amp#27;[0m Calling AppiumDriver.findElement() with args: ["xpath","//android.widget.Toast[@text='Please enter your name']","73ba5dca-edc2-4248-af85-7d9e45061c7a"]
&amp#27;[38;5;120m[73ba5dca]&amp#27;[0m&amp#27;[38;5;-56m[AndroidUiautomator2Driver@5464]&amp#27;[0m Valid locator strategies for this request: xpath, id, class name, accessibility id, css selector, -android uiautomator
&amp#27;[38;5;120m[73ba5dca]&amp#27;[0m&amp#27;[38;5;-56m[AndroidUiautomator2Driver@5464]&amp#27;[0m Waiting up to 0 ms for condition
&amp#27;[38;5;120m[73ba5dca]&amp#27;[0m&amp#27;[38;5;-56m[AndroidUiautomator2Driver@5464]&amp#27;[0m Matched '/element' to command name 'findElement'
&amp#27;[38;5;120m[73ba5dca]&amp#27;[0m&amp#27;[38;5;-56m[AndroidUiautomator2Driver@5464]&amp#27;[0m Proxying [POST /element] to [POST http://127.0.0.1:8201/session/0efb445b-1bcb-4bd9-b1f3-31308b721e1e/element] with body: {"strategy":"xpath","selector":"//android.widget.Toast[@text='Please enter your name']","context":"","multiple":false}
&amp#27;[38;5;120m[73ba5dca]&amp#27;[0m&amp#27;[38;5;-56m[AndroidUiautomator2Driver@5464]&amp#27;[0m Got response with status 200: {"sessionId":"0efb445b-1bcb-4bd9-b1f3-31308b721e1e","value":{"ELEMENT":"d6d48499-f4c1-49b6-a9a4-d00ff65511a6","element-6066-11e4-a52e-4f735466cecf":"d6d48499-f4c1-49b6-a9a4-d00ff65511a6"}}
&amp#27;[38;5;120m[73ba5dca]&amp#27;[0m&amp#27;[38;5;-56m[AndroidUiautomator2Driver@5464]&amp#27;[0m Responding to client with driver.findElement() result: {"element-6066-11e4-a52e-4f735466cecf":"d6d48499-f4c1-49b6-a9a4-d00ff65511a6","ELEMENT":"d6d48499-f4c1-49b6-a9a4-d00ff65511a6"}
&amp#27;[38;5;120m[73ba5dca]&amp#27;[0m&amp#27;[38;5;86m[HTTP]&amp#27;[0m &amp#27;[37m<-- POST /session/73ba5dca-edc2-4248-af85-7d9e45061c7a/element &amp#27;[39m&amp#27;[32m200&amp#27;[39m &amp#27;[90m709 ms - 137&amp#27;[39m &amp#27;[90m&amp#27;[39m
&amp#27;[38;5;120m[73ba5dca]&amp#27;[0m&amp#27;[38;5;86m[HTTP]&amp#27;[0m &amp#27;[37m-->&amp#27;[39m &amp#27;[37mGET&amp#27;[39m &amp#27;[37m/session/73ba5dca-edc2-4248-af85-7d9e45061c7a/element/d6d48499-f4c1-49b6-a9a4-d00ff65511a6/text&amp#27;[39m &amp#27;[90m{}&amp#27;[39m
&amp#27;[38;5;120m[73ba5dca]&amp#27;[0m&amp#27;[38;5;-56m[AndroidUiautomator2Driver@5464]&amp#27;[0m Driver proxy active, passing request on via HTTP proxy
&amp#27;[38;5;120m[73ba5dca]&amp#27;[0m&amp#27;[38;5;-56m[AndroidUiautomator2Driver@5464]&amp#27;[0m Matched '/session/73ba5dca-edc2-4248-af85-7d9e45061c7a/element/d6d48499-f4c1-49b6-a9a4-d00ff65511a6/text' to command name 'getText'
&amp#27;[38;5;120m[73ba5dca]&amp#27;[0m&amp#27;[38;5;-56m[AndroidUiautomator2Driver@5464]&amp#27;[0m Proxying [GET /session/73ba5dca-edc2-4248-af85-7d9e45061c7a/element/d6d48499-f4c1-49b6-a9a4-d00ff65511a6/text] to [GET http://127.0.0.1:8201/session/0efb445b-1bcb-4bd9-b1f3-31308b721e1e/element/d6d48499-f4c1-49b6-a9a4-d00ff65511a6/text] with no body
&amp#27;[38;5;120m[73ba5dca]&amp#27;[0m&amp#27;[38;5;-56m[AndroidUiautomator2Driver@5464]&amp#27;[0m Got response with status 200: {"sessionId":"0efb445b-1bcb-4bd9-b1f3-31308b721e1e","value":"Please enter your name"}
&amp#27;[38;5;120m[73ba5dca]&amp#27;[0m&amp#27;[38;5;-56m[AndroidUiautomator2Driver@5464]&amp#27;[0m Replacing sessionId 0efb445b-1bcb-4bd9-b1f3-31308b721e1e with 73ba5dca-edc2-4248-af85-7d9e45061c7a
&amp#27;[38;5;120m[73ba5dca]&amp#27;[0m&amp#27;[38;5;86m[HTTP]&amp#27;[0m &amp#27;[37m<-- GET /session/73ba5dca-edc2-4248-af85-7d9e45061c7a/element/d6d48499-f4c1-49b6-a9a4-d00ff65511a6/text &amp#27;[39m&amp#27;[32m200&amp#27;[39m &amp#27;[90m36 ms - 85&amp#27;[39m &amp#27;[90m&amp#27;[39m
Please enter your name
&amp#27;[38;5;120m[73ba5dca]&amp#27;[0m&amp#27;[38;5;86m[HTTP]&amp#27;[0m &amp#27;[37m-->&amp#27;[39m &amp#27;[37mGET&amp#27;[39m &amp#27;[37m/session/73ba5dca-edc2-4248-af85-7d9e45061c7a/screenshot&amp#27;[39m &amp#27;[90m{}&amp#27;[39m
&amp#27;[38;5;120m[73ba5dca]&amp#27;[0m&amp#27;[38;5;-56m[AndroidUiautomator2Driver@5464]&amp#27;[0m Calling AppiumDriver.getScreenshot() with args: ["73ba5dca-edc2-4248-af85-7d9e45061c7a"]
&amp#27;[38;5;120m[73ba5dca]&amp#27;[0m&amp#27;[38;5;-56m[AndroidUiautomator2Driver@5464]&amp#27;[0m Matched '/screenshot' to command name 'getScreenshot'
&amp#27;[38;5;120m[73ba5dca]&amp#27;[0m&amp#27;[38;5;-56m[AndroidUiautomator2Driver@5464]&amp#27;[0m Proxying [GET /screenshot] to [GET http://127.0.0.1:8201/session/0efb445b-1bcb-4bd9-b1f3-31308b721e1e/screenshot] with no body
&amp#27;[38;5;120m[73ba5dca]&amp#27;[0m&amp#27;[38;5;-56m[AndroidUiautomator2Driver@5464]&amp#27;[0m Got response with status 200: {"sessionId":"0efb445b-1bcb-4bd9-b1f3-31308b721e1e","value":"iVBORw0KGgoAAAANSUhEUgAABDgAAAlgCAYAAABtGofVAAAAAXNSR0IArs4c6QAAAARzQklUCAgICHwIZIgAACAASURBVHic7N13nFTV3T/wz7n3Tt3el6UtbYGlSAcBERvGgiXWWDCWKLFETYxp/p5ook+K+kRNjBqjiTF2RQVURIlGNHQB6b0su8v2vrMzt/3+gN3s7sydnZmtM/t5+8orMOfOuWcvc3lxP3PO94iUnYtMEBERERERERFFMam3B0BERERERERE1FkMOIiIiIiIiIgo6jHgICIiIiIiIqKox4CDiIiIiIiIiKIeAw4iIiIiIiIiinoMOIiIiIiIiIgo6jHgICIiIiIiIqKox4CDiIiIiIiIiKIeAw4iIiIiIiIiinoMOIiIiIiIiIgo6jHgICIiIiIiIqKox4CDiIiIiIiIiKIeAw4iIiIiIiIiinoMOIiIiIiIiIgo6jHgICIiIiIiIqKox4CDiIiIiIiIiKIeAw4iIiIiIiIiinoMOIiIiIiIiIgo6jHgICIiIiIiIqKox4CDiIiIiIiIiKIeAw4iIiIiIiIiinoMOIiIiIiIiIgo6jHgICIiIiIiIqKox4CDiIiIiIiIiKIeAw4iIiIiIiIiinoMOIiIiIiIiIgo6jHgICIiIiIiIqKox4CDiIiIiIiIiKIeAw4iIiIiIiIiinpKbw+AiIiIiIiIqC8REEhXEjDLlYd8xyDk2FIxQElBtpIMl+TokTF4DC+KtSoc16pRpFZip/cY1nr2olyrgwmzR8YQbRhwEBERERERUb8mIBAnOZBrz8SC+FNwmnss8h2DoIhefGSW4zHQltbmJc3UsMNbgNUNu7CyfisOq2VoNLwMPE4SKTsX8UoQERERERFRvyMgkCA5kefIwQUJU3Fx4gwkSe7eHlZIqvR6vFu7Divrt2KPtxB1RlO/DzoYcBAREREREVG/I0Fg...
&amp#27;[38;5;120m[73ba5dca]&amp#27;[0m&amp#27;[38;5;-56m[AndroidUiautomator2Driver@5464]&amp#27;[0m Responding to client with driver.getScreenshot() result: "iVBORw0KGgoAAAANSUhEUgAABDgAAAlgCAYAAABtGofVAAAAAXNSR0IArs4c6QAAAARzQklUCAgICHwIZIgAACAASURBVHic7N13nFTV3T/wz7n3Tt3el6UtbYGlSAcBERvGgiXWWDCWKLFETYxp/p5ook+K+kRNjBqjiTF2RQVURIlGNHQB6b0su8v2vrMzt/3+gN3s7sydnZmtM/t5+8orMOfOuWcvc3lxP3PO94iUnYtMEBERERERERFFMam3B0BERERERERE1FkMOIiIiIiIiIgo6jHgICIiIiIiIqKox4CDiIiIiIiIiKIeAw4iIiIiIiIiinoMOIiIiIiIiIgo6jHgICIiIiIiIqKox4CDiIiIiIiIiKIeAw4iIiIiIiIiinoMOIiIiIiIiIgo6jHgICIiIiIiIqKox4CDiIiIiIiIiKIeAw4iIiIiIiIiinoMOIiIiIiIiIgo6jHgICIiIiIiIqKox4CDiIiIiIiIiKIeAw4iIiIiIiIiinoMOIiIiIiIiIgo6jHgICIiIiIiIqKox4CDiIiIiIiIiKIeAw4iIiIiIiIiinoMOIiIiIiIiIgo6jHgICIiIiIiIqKox4CDiIiIiIiIiKIeAw4iIiIiIiIiinoMOIiIiIiIiIgo6jHgICIiIiIiIqKox4CDiIiIiIiIiKIeAw4iIiIiIiIiinpKbw+AiIiIiIiIqC8REEhXEjDLlYd8xyDk2FIxQElBtpIMl+TokTF4DC+KtSoc16pRpFZip/cY1nr2olyrgwmzR8YQbRhwEBERERERUb8mIBAnOZBrz8SC+FNwmnss8h2DoIhefGSW4zHQltbmJc3UsMNbgNUNu7CyfisOq2VoNLwMPE4SKTsX8UoQERERERFRvyMgkCA5kefIwQUJU3Fx4gwkSe7eHlZIqvR6vFu7Divrt2KPtxB1RlO/DzoYcBAREREREVG/I0FgiC0d306ahQvip2KIPR1SlJWpNGDgqK8cH9Rvwts1a1CgVvTrkIMBBxERERER...
&amp#27;[38;5;120m[73ba5dca]&amp#27;[0m&amp#27;[38;5;86m[HTTP]&amp#27;[0m &amp#27;[37m<-- GET /session/73ba5dca-edc2-4248-af85-7d9e45061c7a/screenshot &amp#27;[39m&amp#27;[32m200&amp#27;[39m &amp#27;[90m544 ms - 699528&amp#27;[39m &amp#27;[90m&amp#27;[39m
]]></system-out>
  </testcase>
  <testcase name="FirstCase" classname="org.testCase.TestCase1" time="7.462">
    <system-out><![CDATA[&amp#27;[38;5;120m[73ba5dca]&amp#27;[0m&amp#27;[38;5;86m[HTTP]&amp#27;[0m &amp#27;[37m-->&amp#27;[39m &amp#27;[37mPOST&amp#27;[39m &amp#27;[37m/session/73ba5dca-edc2-4248-af85-7d9e45061c7a/execute/sync&amp#27;[39m &amp#27;[90m{"script":"mobile: isAppInstalled","args":[{"bundleId":"com.androidsample.generalstore","appId":"com.androidsample.generalstore"}]}&amp#27;[39m
&amp#27;[38;5;120m[73ba5dca]&amp#27;[0m&amp#27;[38;5;-56m[AndroidUiautomator2Driver@5464]&amp#27;[0m Calling AppiumDriver.execute() with args: ["mobile: isAppInstalled",[{"bundleId":"com.androidsample.generalstore","appId":"com.androidsample.generalstore"}],"73ba5dca-edc2-4248-af85-7d9e45061c7a"]
&amp#27;[38;5;120m[73ba5dca]&amp#27;[0m&amp#27;[38;5;123m[BaseDriver]&amp#27;[0m The following script arguments are not known and will be ignored: bundleId
&amp#27;[38;5;120m[73ba5dca]&amp#27;[0m&amp#27;[38;5;229m[ADB]&amp#27;[0m Getting install status for com.androidsample.generalstore
&amp#27;[38;5;120m[73ba5dca]&amp#27;[0m&amp#27;[38;5;229m[ADB]&amp#27;[0m Running 'C:\Users\sajus\AppData\Local\Android\Sdk\platform-tools\adb.exe -P 5037 -s R3CRC00KHBT shell cmd package list packages'
&amp#27;[38;5;120m[73ba5dca]&amp#27;[0m&amp#27;[38;5;229m[ADB]&amp#27;[0m 'com.androidsample.generalstore' is installed
&amp#27;[38;5;120m[73ba5dca]&amp#27;[0m&amp#27;[38;5;-56m[AndroidUiautomator2Driver@5464]&amp#27;[0m Responding to client with driver.execute() result: true
&amp#27;[38;5;120m[73ba5dca]&amp#27;[0m&amp#27;[38;5;86m[HTTP]&amp#27;[0m &amp#27;[37m<-- POST /session/73ba5dca-edc2-4248-af85-7d9e45061c7a/execute/sync &amp#27;[39m&amp#27;[32m200&amp#27;[39m &amp#27;[90m107 ms - 14&amp#27;[39m &amp#27;[90m&amp#27;[39m
&amp#27;[38;5;120m[73ba5dca]&amp#27;[0m&amp#27;[38;5;86m[HTTP]&amp#27;[0m &amp#27;[37m-->&amp#27;[39m &amp#27;[37mPOST&amp#27;[39m &amp#27;[37m/session/73ba5dca-edc2-4248-af85-7d9e45061c7a/execute/sync&amp#27;[39m &amp#27;[90m{"script":"mobile: terminateApp","args":[{"bundleId":"com.androidsample.generalstore","appId":"com.androidsample.generalstore"}]}&amp#27;[39m
&amp#27;[38;5;120m[73ba5dca]&amp#27;[0m&amp#27;[38;5;-56m[AndroidUiautomator2Driver@5464]&amp#27;[0m Calling AppiumDriver.execute() with args: ["mobile: terminateApp",[{"bundleId":"com.androidsample.generalstore","appId":"com.androidsample.generalstore"}],"73ba5dca-edc2-4248-af85-7d9e45061c7a"]
&amp#27;[38;5;120m[73ba5dca]&amp#27;[0m&amp#27;[38;5;123m[BaseDriver]&amp#27;[0m The following script arguments are not known and will be ignored: bundleId
&amp#27;[38;5;120m[73ba5dca]&amp#27;[0m&amp#27;[38;5;-56m[AndroidUiautomator2Driver@5464]&amp#27;[0m Terminating 'com.androidsample.generalstore'
&amp#27;[38;5;120m[73ba5dca]&amp#27;[0m&amp#27;[38;5;229m[ADB]&amp#27;[0m Getting IDs of all 'com.androidsample.generalstore' processes
&amp#27;[38;5;120m[73ba5dca]&amp#27;[0m&amp#27;[38;5;229m[ADB]&amp#27;[0m Running 'C:\Users\sajus\AppData\Local\Android\Sdk\platform-tools\adb.exe -P 5037 -s R3CRC00KHBT shell pgrep -f \(\[\[:blank:\]\]\|\^\)com\.androidsample\.generalstore\(:\[a-zA-Z0-9_-\]\+\)\?\(\[\[:blank:\]\]\|\$\)'
&amp#27;[38;5;154m[0b41ab68]&amp#27;[0m&amp#27;[38;5;86m[HTTP]&amp#27;[0m &amp#27;[37m-->&amp#27;[39m &amp#27;[37mPOST&amp#27;[39m &amp#27;[37m/session/0b41ab68-6346-4d33-98a8-d18b6b253ad4/element&amp#27;[39m &amp#27;[90m{"using":"id","value":"com.androidsample.generalstore:id/btnLetsShop"}&amp#27;[39m
&amp#27;[38;5;154m[0b41ab68]&amp#27;[0m&amp#27;[38;5;5m[AndroidUiautomator2Driver@17f2]&amp#27;[0m Calling AppiumDriver.findElement() with args: ["id","com.androidsample.generalstore:id/btnLetsShop","0b41ab68-6346-4d33-98a8-d18b6b253ad4"]
&amp#27;[38;5;154m[0b41ab68]&amp#27;[0m&amp#27;[38;5;5m[AndroidUiautomator2Driver@17f2]&amp#27;[0m Valid locator strategies for this request: xpath, id, class name, accessibility id, css selector, -android uiautomator
&amp#27;[38;5;154m[0b41ab68]&amp#27;[0m&amp#27;[38;5;5m[AndroidUiautomator2Driver@17f2]&amp#27;[0m Waiting up to 0 ms for condition
&amp#27;[38;5;154m[0b41ab68]&amp#27;[0m&amp#27;[38;5;5m[AndroidUiautomator2Driver@17f2]&amp#27;[0m Matched '/element' to command name 'findElement'
&amp#27;[38;5;154m[0b41ab68]&amp#27;[0m&amp#27;[38;5;5m[AndroidUiautomator2Driver@17f2]&amp#27;[0m Proxying [POST /element] to [POST http://127.0.0.1:8202/session/552b7aad-67ed-4118-accc-26161d88ea26/element] with body: {"strategy":"id","selector":"com.androidsample.generalstore:id/btnLetsShop","context":"","multiple":false}
&amp#27;[38;5;120m[73ba5dca]&amp#27;[0m&amp#27;[38;5;229m[ADB]&amp#27;[0m Running 'C:\Users\sajus\AppData\Local\Android\Sdk\platform-tools\adb.exe -P 5037 -s R3CRC00KHBT shell am force-stop com.androidsample.generalstore'
&amp#27;[38;5;154m[0b41ab68]&amp#27;[0m&amp#27;[38;5;5m[AndroidUiautomator2Driver@17f2]&amp#27;[0m Got response with status 200: {"sessionId":"552b7aad-67ed-4118-accc-26161d88ea26","value":{"ELEMENT":"00000000-0000-0655-ffff-ffff00000021","element-6066-11e4-a52e-4f735466cecf":"00000000-0000-0655-ffff-ffff00000021"}}
&amp#27;[38;5;154m[0b41ab68]&amp#27;[0m&amp#27;[38;5;5m[AndroidUiautomator2Driver@17f2]&amp#27;[0m Responding to client with driver.findElement() result: {"element-6066-11e4-a52e-4f735466cecf":"00000000-0000-0655-ffff-ffff00000021","ELEMENT":"00000000-0000-0655-ffff-ffff00000021"}
&amp#27;[38;5;154m[0b41ab68]&amp#27;[0m&amp#27;[38;5;86m[HTTP]&amp#27;[0m &amp#27;[37m<-- POST /session/0b41ab68-6346-4d33-98a8-d18b6b253ad4/element &amp#27;[39m&amp#27;[32m200&amp#27;[39m &amp#27;[90m68 ms - 137&amp#27;[39m &amp#27;[90m&amp#27;[39m
&amp#27;[38;5;154m[0b41ab68]&amp#27;[0m&amp#27;[38;5;86m[HTTP]&amp#27;[0m &amp#27;[37m-->&amp#27;[39m &amp#27;[37mPOST&amp#27;[39m &amp#27;[37m/session/0b41ab68-6346-4d33-98a8-d18b6b253ad4/element/00000000-0000-0655-ffff-ffff00000021/click&amp#27;[39m &amp#27;[90m{"id":"00000000-0000-0655-ffff-ffff00000021"}&amp#27;[39m
&amp#27;[38;5;154m[0b41ab68]&amp#27;[0m&amp#27;[38;5;5m[AndroidUiautomator2Driver@17f2]&amp#27;[0m Calling AppiumDriver.click() with args: ["00000000-0000-0655-ffff-ffff00000021","0b41ab68-6346-4d33-98a8-d18b6b253ad4"]
&amp#27;[38;5;154m[0b41ab68]&amp#27;[0m&amp#27;[38;5;5m[AndroidUiautomator2Driver@17f2]&amp#27;[0m Matched '/element/00000000-0000-0655-ffff-ffff00000021/click' to command name 'click'
&amp#27;[38;5;154m[0b41ab68]&amp#27;[0m&amp#27;[38;5;5m[AndroidUiautomator2Driver@17f2]&amp#27;[0m Proxying [POST /element/00000000-0000-0655-ffff-ffff00000021/click] to [POST http://127.0.0.1:8202/session/552b7aad-67ed-4118-accc-26161d88ea26/element/00000000-0000-0655-ffff-ffff00000021/click] with body: {"element":"00000000-0000-0655-ffff-ffff00000021"}
&amp#27;[38;5;120m[73ba5dca]&amp#27;[0m&amp#27;[38;5;-56m[AndroidUiautomator2Driver@5464]&amp#27;[0m Querying the state of 'com.androidsample.generalstore'
&amp#27;[38;5;120m[73ba5dca]&amp#27;[0m&amp#27;[38;5;229m[ADB]&amp#27;[0m Getting install status for com.androidsample.generalstore
&amp#27;[38;5;120m[73ba5dca]&amp#27;[0m&amp#27;[38;5;229m[ADB]&amp#27;[0m Running 'C:\Users\sajus\AppData\Local\Android\Sdk\platform-tools\adb.exe -P 5037 -s R3CRC00KHBT shell cmd package list packages'
&amp#27;[38;5;120m[73ba5dca]&amp#27;[0m&amp#27;[38;5;229m[ADB]&amp#27;[0m 'com.androidsample.generalstore' is installed
&amp#27;[38;5;120m[73ba5dca]&amp#27;[0m&amp#27;[38;5;229m[ADB]&amp#27;[0m Getting IDs of all 'com.androidsample.generalstore' processes
&amp#27;[38;5;120m[73ba5dca]&amp#27;[0m&amp#27;[38;5;229m[ADB]&amp#27;[0m Running 'C:\Users\sajus\AppData\Local\Android\Sdk\platform-tools\adb.exe -P 5037 -s R3CRC00KHBT shell pgrep -f \(\[\[:blank:\]\]\|\^\)com\.androidsample\.generalstore\(:\[a-zA-Z0-9_-\]\+\)\?\(\[\[:blank:\]\]\|\$\)'
&amp#27;[38;5;120m[73ba5dca]&amp#27;[0m&amp#27;[38;5;-56m[AndroidUiautomator2Driver@5464]&amp#27;[0m 'com.androidsample.generalstore' has been successfully terminated
&amp#27;[38;5;120m[73ba5dca]&amp#27;[0m&amp#27;[38;5;-56m[AndroidUiautomator2Driver@5464]&amp#27;[0m Responding to client with driver.execute() result: true
&amp#27;[38;5;120m[73ba5dca]&amp#27;[0m&amp#27;[38;5;86m[HTTP]&amp#27;[0m &amp#27;[37m<-- POST /session/73ba5dca-edc2-4248-af85-7d9e45061c7a/execute/sync &amp#27;[39m&amp#27;[32m200&amp#27;[39m &amp#27;[90m538 ms - 14&amp#27;[39m &amp#27;[90m&amp#27;[39m
🛑 App terminated: com.androidsample.generalstore
&amp#27;[38;5;120m[73ba5dca]&amp#27;[0m&amp#27;[38;5;86m[HTTP]&amp#27;[0m &amp#27;[37m-->&amp#27;[39m &amp#27;[37mDELETE&amp#27;[39m &amp#27;[37m/session/73ba5dca-edc2-4248-af85-7d9e45061c7a&amp#27;[39m &amp#27;[90m{}&amp#27;[39m
&amp#27;[38;5;120m[73ba5dca]&amp#27;[0m&amp#27;[38;5;-56m[AndroidUiautomator2Driver@5464]&amp#27;[0m Calling AppiumDriver.deleteSession() with args: ["73ba5dca-edc2-4248-af85-7d9e45061c7a"]
&amp#27;[38;5;120m[73ba5dca]&amp#27;[0m&amp#27;[38;5;63m[AppiumDriver@6e20]&amp#27;[0m Event 'quitSessionRequested' logged at 1750221892293 (00:44:52 GMT-0400 (Eastern Daylight Saving Time))
&amp#27;[38;5;120m[73ba5dca]&amp#27;[0m&amp#27;[38;5;63m[AppiumDriver@6e20]&amp#27;[0m Removing session 73ba5dca-edc2-4248-af85-7d9e45061c7a from our master session list
&amp#27;[38;5;120m[73ba5dca]&amp#27;[0m&amp#27;[38;5;-56m[AndroidUiautomator2Driver@5464]&amp#27;[0m Deleting UiAutomator2 session
&amp#27;[38;5;120m[73ba5dca]&amp#27;[0m&amp#27;[38;5;-56m[AndroidUiautomator2Driver@5464]&amp#27;[0m Deleting UiAutomator2 server session
&amp#27;[38;5;120m[73ba5dca]&amp#27;[0m&amp#27;[38;5;-56m[AndroidUiautomator2Driver@5464]&amp#27;[0m Proxying [DELETE /] to [DELETE http://127.0.0.1:8201/session/0efb445b-1bcb-4bd9-b1f3-31308b721e1e] with no body
&amp#27;[38;5;120m[73ba5dca]&amp#27;[0m&amp#27;[38;5;-56m[AndroidUiautomator2Driver@5464]&amp#27;[0m Got response with status 200: {"sessionId":"0efb445b-1bcb-4bd9-b1f3-31308b721e1e","value":null}
&amp#27;[38;5;120m[73ba5dca]&amp#27;[0m&amp#27;[38;5;229m[ADB]&amp#27;[0m Getting IDs of all 'io.appium.uiautomator2.server' processes
&amp#27;[38;5;120m[73ba5dca]&amp#27;[0m&amp#27;[38;5;229m[ADB]&amp#27;[0m Running 'C:\Users\sajus\AppData\Local\Android\Sdk\platform-tools\adb.exe -P 5037 -s R3CRC00KHBT shell pgrep -f \(\[\[:blank:\]\]\|\^\)io\.appium\.uiautomator2\.server\(:\[a-zA-Z0-9_-\]\+\)\?\(\[\[:blank:\]\]\|\$\)'
&amp#27;[38;5;120m[73ba5dca]&amp#27;[0m&amp#27;[38;5;-56m[AndroidUiautomator2Driver@5464]&amp#27;[0m [Instrumentation] io.appium.uiautomator2.server.test.AppiumUiAutomator2Server:.
&amp#27;[38;5;120m[73ba5dca]&amp#27;[0m&amp#27;[38;5;-56m[AndroidUiautomator2Driver@5464]&amp#27;[0m [Instrumentation] 
&amp#27;[38;5;120m[73ba5dca]&amp#27;[0m&amp#27;[38;5;-56m[AndroidUiautomator2Driver@5464]&amp#27;[0m [Instrumentation] Time: 9.274
&amp#27;[38;5;120m[73ba5dca]&amp#27;[0m&amp#27;[38;5;-56m[AndroidUiautomator2Driver@5464]&amp#27;[0m [Instrumentation] 
&amp#27;[38;5;120m[73ba5dca]&amp#27;[0m&amp#27;[38;5;-56m[AndroidUiautomator2Driver@5464]&amp#27;[0m [Instrumentation] OK (1 test)
&amp#27;[38;5;120m[73ba5dca]&amp#27;[0m&amp#27;[38;5;-56m[AndroidUiautomator2Driver@5464]&amp#27;[0m [Instrumentation] 
&amp#27;[38;5;120m[73ba5dca]&amp#27;[0m&amp#27;[38;5;-56m[AndroidUiautomator2Driver@5464]&amp#27;[0m [Instrumentation] 
&amp#27;[38;5;120m[73ba5dca]&amp#27;[0m&amp#27;[38;5;-56m[AndroidUiautomator2Driver@5464]&amp#27;[0m [Instrumentation] The process has exited with code 0, signal null
&amp#27;[38;5;120m[73ba5dca]&amp#27;[0m&amp#27;[38;5;229m[ADB]&amp#27;[0m Running 'C:\Users\sajus\AppData\Local\Android\Sdk\platform-tools\adb.exe -P 5037 -s R3CRC00KHBT shell am force-stop io.appium.uiautomator2.server'
&amp#27;[38;5;120m[73ba5dca]&amp#27;[0m&amp#27;[38;5;229m[ADB]&amp#27;[0m Running 'C:\Users\sajus\AppData\Local\Android\Sdk\platform-tools\adb.exe -P 5037 -s R3CRC00KHBT shell am force-stop io.appium.uiautomator2.server.test'
&amp#27;[38;5;154m[0b41ab68]&amp#27;[0m&amp#27;[38;5;5m[AndroidUiautomator2Driver@17f2]&amp#27;[0m Got response with status 200: {"sessionId":"552b7aad-67ed-4118-accc-26161d88ea26","value":null}
&amp#27;[38;5;154m[0b41ab68]&amp#27;[0m&amp#27;[38;5;5m[AndroidUiautomator2Driver@17f2]&amp#27;[0m Responding to client with driver.click() result: null
&amp#27;[38;5;154m[0b41ab68]&amp#27;[0m&amp#27;[38;5;86m[HTTP]&amp#27;[0m &amp#27;[37m<-- POST /session/0b41ab68-6346-4d33-98a8-d18b6b253ad4/element/00000000-0000-0655-ffff-ffff00000021/click &amp#27;[39m&amp#27;[32m200&amp#27;[39m &amp#27;[90m603 ms - 14&amp#27;[39m &amp#27;[90m&amp#27;[39m
&amp#27;[38;5;154m[0b41ab68]&amp#27;[0m&amp#27;[38;5;86m[HTTP]&amp#27;[0m &amp#27;[37m-->&amp#27;[39m &amp#27;[37mPOST&amp#27;[39m &amp#27;[37m/session/0b41ab68-6346-4d33-98a8-d18b6b253ad4/element&amp#27;[39m &amp#27;[90m{"using":"xpath","value":"//android.widget.Toast[@text='Please enter your name']"}&amp#27;[39m
&amp#27;[38;5;154m[0b41ab68]&amp#27;[0m&amp#27;[38;5;5m[AndroidUiautomator2Driver@17f2]&amp#27;[0m Calling AppiumDriver.findElement() with args: ["xpath","//android.widget.Toast[@text='Please enter your name']","0b41ab68-6346-4d33-98a8-d18b6b253ad4"]
&amp#27;[38;5;154m[0b41ab68]&amp#27;[0m&amp#27;[38;5;5m[AndroidUiautomator2Driver@17f2]&amp#27;[0m Valid locator strategies for this request: xpath, id, class name, accessibility id, css selector, -android uiautomator
&amp#27;[38;5;154m[0b41ab68]&amp#27;[0m&amp#27;[38;5;5m[AndroidUiautomator2Driver@17f2]&amp#27;[0m Waiting up to 0 ms for condition
&amp#27;[38;5;154m[0b41ab68]&amp#27;[0m&amp#27;[38;5;5m[AndroidUiautomator2Driver@17f2]&amp#27;[0m Matched '/element' to command name 'findElement'
&amp#27;[38;5;154m[0b41ab68]&amp#27;[0m&amp#27;[38;5;5m[AndroidUiautomator2Driver@17f2]&amp#27;[0m Proxying [POST /element] to [POST http://127.0.0.1:8202/session/552b7aad-67ed-4118-accc-26161d88ea26/element] with body: {"strategy":"xpath","selector":"//android.widget.Toast[@text='Please enter your name']","context":"","multiple":false}
&amp#27;[38;5;120m[73ba5dca]&amp#27;[0m&amp#27;[38;5;229m[ADB]&amp#27;[0m Running 'C:\Users\sajus\AppData\Local\Android\Sdk\platform-tools\adb.exe -P 5037 -s R3CRC00KHBT shell dumpsys activity services io.appium.settings/.recorder.RecorderService'
&amp#27;[38;5;120m[73ba5dca]&amp#27;[0m&amp#27;[38;5;229m[ADB]&amp#27;[0m Removing forwarded port socket connection: 8201 
&amp#27;[38;5;120m[73ba5dca]&amp#27;[0m&amp#27;[38;5;229m[ADB]&amp#27;[0m Running 'C:\Users\sajus\AppData\Local\Android\Sdk\platform-tools\adb.exe -P 5037 -s R3CRC00KHBT forward --remove tcp:8201'
&amp#27;[38;5;120m[73ba5dca]&amp#27;[0m&amp#27;[38;5;-56m[AndroidUiautomator2Driver@5464]&amp#27;[0m Restoring hidden api policy to the device default configuration
&amp#27;[38;5;120m[73ba5dca]&amp#27;[0m&amp#27;[38;5;229m[ADB]&amp#27;[0m Running 'C:\Users\sajus\AppData\Local\Android\Sdk\platform-tools\adb.exe -P 5037 -s R3CRC00KHBT shell 'settings delete global hidden_api_policy_pre_p_apps;settings delete global hidden_api_policy_p_apps;settings delete global hidden_api_policy''
&amp#27;[38;5;120m[73ba5dca]&amp#27;[0m&amp#27;[38;5;160m[Logcat]&amp#27;[0m Stopping logcat capture
&amp#27;[38;5;120m[73ba5dca]&amp#27;[0m&amp#27;[38;5;63m[AppiumDriver@6e20]&amp#27;[0m Event 'quitSessionFinished' logged at 1750221892929 (00:44:52 GMT-0400 (Eastern Daylight Saving Time))
&amp#27;[38;5;120m[73ba5dca]&amp#27;[0m&amp#27;[38;5;63m[AppiumDriver@6e20]&amp#27;[0m Received response: null
&amp#27;[38;5;120m[73ba5dca]&amp#27;[0m&amp#27;[38;5;63m[AppiumDriver@6e20]&amp#27;[0m But deleting session, so not returning
&amp#27;[38;5;120m[73ba5dca]&amp#27;[0m&amp#27;[38;5;63m[AppiumDriver@6e20]&amp#27;[0m Responding to client with driver.deleteSession() result: null
&amp#27;[38;5;120m[73ba5dca]&amp#27;[0m&amp#27;[38;5;86m[HTTP]&amp#27;[0m &amp#27;[37m<-- DELETE /session/73ba5dca-edc2-4248-af85-7d9e45061c7a &amp#27;[39m&amp#27;[32m200&amp#27;[39m &amp#27;[90m638 ms - 14&amp#27;[39m &amp#27;[90m&amp#27;[39m
&amp#27;[38;5;86m[HTTP]&amp#27;[0m &amp#27;[37m-->&amp#27;[39m &amp#27;[37mGET&amp#27;[39m &amp#27;[37m/status&amp#27;[39m &amp#27;[90m{}&amp#27;[39m
&amp#27;[38;5;63m[AppiumDriver@6e20]&amp#27;[0m Calling AppiumDriver.getStatus() with args: []
&amp#27;[38;5;63m[AppiumDriver@6e20]&amp#27;[0m Responding to client with driver.getStatus() result: {"ready":true,"message":"The server is ready to accept new connections","build":{"version":"2.18.0"}}
&amp#27;[38;5;86m[HTTP]&amp#27;[0m &amp#27;[37m<-- GET /status &amp#27;[39m&amp#27;[32m200&amp#27;[39m &amp#27;[90m1 ms - 111&amp#27;[39m &amp#27;[90m&amp#27;[39m
Appium server stopped
✅ Test completed for device: Samsung_Galaxy_S21
&amp#27;[38;5;154m[0b41ab68]&amp#27;[0m&amp#27;[38;5;5m[AndroidUiautomator2Driver@17f2]&amp#27;[0m Got response with status 200: {"sessionId":"552b7aad-67ed-4118-accc-26161d88ea26","value":{"ELEMENT":"e3a9e1a9-45ac-412a-8540-726a999553cf","element-6066-11e4-a52e-4f735466cecf":"e3a9e1a9-45ac-412a-8540-726a999553cf"}}
&amp#27;[38;5;154m[0b41ab68]&amp#27;[0m&amp#27;[38;5;5m[AndroidUiautomator2Driver@17f2]&amp#27;[0m Responding to client with driver.findElement() result: {"element-6066-11e4-a52e-4f735466cecf":"e3a9e1a9-45ac-412a-8540-726a999553cf","ELEMENT":"e3a9e1a9-45ac-412a-8540-726a999553cf"}
&amp#27;[38;5;154m[0b41ab68]&amp#27;[0m&amp#27;[38;5;86m[HTTP]&amp#27;[0m &amp#27;[37m<-- POST /session/0b41ab68-6346-4d33-98a8-d18b6b253ad4/element &amp#27;[39m&amp#27;[32m200&amp#27;[39m &amp#27;[90m486 ms - 137&amp#27;[39m &amp#27;[90m&amp#27;[39m
&amp#27;[38;5;154m[0b41ab68]&amp#27;[0m&amp#27;[38;5;86m[HTTP]&amp#27;[0m &amp#27;[37m-->&amp#27;[39m &amp#27;[37mGET&amp#27;[39m &amp#27;[37m/session/0b41ab68-6346-4d33-98a8-d18b6b253ad4/element/e3a9e1a9-45ac-412a-8540-726a999553cf/text&amp#27;[39m &amp#27;[90m{}&amp#27;[39m
&amp#27;[38;5;154m[0b41ab68]&amp#27;[0m&amp#27;[38;5;5m[AndroidUiautomator2Driver@17f2]&amp#27;[0m Driver proxy active, passing request on via HTTP proxy
&amp#27;[38;5;154m[0b41ab68]&amp#27;[0m&amp#27;[38;5;5m[AndroidUiautomator2Driver@17f2]&amp#27;[0m Matched '/session/0b41ab68-6346-4d33-98a8-d18b6b253ad4/element/e3a9e1a9-45ac-412a-8540-726a999553cf/text' to command name 'getText'
&amp#27;[38;5;154m[0b41ab68]&amp#27;[0m&amp#27;[38;5;5m[AndroidUiautomator2Driver@17f2]&amp#27;[0m Proxying [GET /session/0b41ab68-6346-4d33-98a8-d18b6b253ad4/element/e3a9e1a9-45ac-412a-8540-726a999553cf/text] to [GET http://127.0.0.1:8202/session/552b7aad-67ed-4118-accc-26161d88ea26/element/e3a9e1a9-45ac-412a-8540-726a999553cf/text] with no body
&amp#27;[38;5;154m[0b41ab68]&amp#27;[0m&amp#27;[38;5;5m[AndroidUiautomator2Driver@17f2]&amp#27;[0m Got response with status 200: {"sessionId":"552b7aad-67ed-4118-accc-26161d88ea26","value":"Please enter your name"}
&amp#27;[38;5;154m[0b41ab68]&amp#27;[0m&amp#27;[38;5;5m[AndroidUiautomator2Driver@17f2]&amp#27;[0m Replacing sessionId 552b7aad-67ed-4118-accc-26161d88ea26 with 0b41ab68-6346-4d33-98a8-d18b6b253ad4
&amp#27;[38;5;154m[0b41ab68]&amp#27;[0m&amp#27;[38;5;86m[HTTP]&amp#27;[0m &amp#27;[37m<-- GET /session/0b41ab68-6346-4d33-98a8-d18b6b253ad4/element/e3a9e1a9-45ac-412a-8540-726a999553cf/text &amp#27;[39m&amp#27;[32m200&amp#27;[39m &amp#27;[90m68 ms - 85&amp#27;[39m &amp#27;[90m&amp#27;[39m
Please enter your name
&amp#27;[38;5;154m[0b41ab68]&amp#27;[0m&amp#27;[38;5;86m[HTTP]&amp#27;[0m &amp#27;[37m-->&amp#27;[39m &amp#27;[37mGET&amp#27;[39m &amp#27;[37m/session/0b41ab68-6346-4d33-98a8-d18b6b253ad4/screenshot&amp#27;[39m &amp#27;[90m{}&amp#27;[39m
&amp#27;[38;5;154m[0b41ab68]&amp#27;[0m&amp#27;[38;5;5m[AndroidUiautomator2Driver@17f2]&amp#27;[0m Calling AppiumDriver.getScreenshot() with args: ["0b41ab68-6346-4d33-98a8-d18b6b253ad4"]
&amp#27;[38;5;154m[0b41ab68]&amp#27;[0m&amp#27;[38;5;5m[AndroidUiautomator2Driver@17f2]&amp#27;[0m Matched '/screenshot' to command name 'getScreenshot'
&amp#27;[38;5;154m[0b41ab68]&amp#27;[0m&amp#27;[38;5;5m[AndroidUiautomator2Driver@17f2]&amp#27;[0m Proxying [GET /screenshot] to [GET http://127.0.0.1:8202/session/552b7aad-67ed-4118-accc-26161d88ea26/screenshot] with no body
&amp#27;[38;5;154m[0b41ab68]&amp#27;[0m&amp#27;[38;5;5m[AndroidUiautomator2Driver@17f2]&amp#27;[0m Got response with status 200: {"sessionId":"552b7aad-67ed-4118-accc-26161d88ea26","value":"iVBORw0KGgoAAAANSUhEUgAABDgAAAjoCAYAAAA5jhrUAAAAAXNSR0IArs4c6QAAAARzQklUCAgICHwIZIgAACAASURBVHic7N13nB1V/f/x9zkzd3dTNiGBJEJCAgiR3hFUVMoXKQooNkBFLF8VxPbFBliwYe+iKOAPvgqioiiKCHwFlKKIiEgNTQihhPSEZLN775zz+2Nm7p27d+72u7uTfT15hOROOXPO1HM+c2bGzLjvJC8AAAAAAIACs2OdAQAAAAAAgOEiwAEAAAAAAAqPAAcAAAAAACg8AhwAAAAAAKDwCHAAAAAAAIDCI8ABAAAAAAAKjwAHAAAAAAAoPAIcAAAAAACg8AhwAAAAAACAwiPAAQAAAAAACo8ABwAAAAAAKDwCHAAAAAAAoPAIcAAAAAAAgMIjwAEAAAAAAAqPAAcAAAAAACg8AhwAAAAAAKDwCHAAAAAAAIDCI8ABAAAAAAAKjwAHAAAAAAAoPAIcAAAAAACg8AhwAAAAAACAwiPAAQAAAAAACo8ABwAAAAAAKDwCHAAAAAAAoPAIcAAAAAAAgMILxzoDwHhgZGTSv038b0nykrz3iv9T8v/imijlBAAAADDxEODAhGVkFBqr57c9T5du/SFtU5rV5/SPlZfphCe+qUd7nlHFu8IEASZKOQEAAICBmB5M1q7t87Vbx3xNt5O1a8d8TQ+mVMevidbrno2LtcZt0N0bF+ue7sVaE20Yk7weOHlHXbngjAFNe8zjX9TNGx5ocY7GNwIcmJA67SR9avbrdfKMgxUM8EmtbUqz9NftzlEkp4tX3ajPPPsLrXNdLc7p8EyUcgIAAAB9mV/aQkd17q2jOvfRgZN37Hf6V3buU/f75g0P6A/r7tAf1v1Ti8vLW5VNDJOZcd9J3J7FhBGaQKfMPFxnz36Dag9oDI2X12ee/aW+v/KPqvhohHI4MiZKOQEAAIC+...
&amp#27;[38;5;154m[0b41ab68]&amp#27;[0m&amp#27;[38;5;5m[AndroidUiautomator2Driver@17f2]&amp#27;[0m Responding to client with driver.getScreenshot() result: "iVBORw0KGgoAAAANSUhEUgAABDgAAAjoCAYAAAA5jhrUAAAAAXNSR0IArs4c6QAAAARzQklUCAgICHwIZIgAACAASURBVHic7N13nB1V/f/x9zkzd3dTNiGBJEJCAgiR3hFUVMoXKQooNkBFLF8VxPbFBliwYe+iKOAPvgqioiiKCHwFlKKIiEgNTQihhPSEZLN775zz+2Nm7p27d+72u7uTfT15hOROOXPO1HM+c2bGzLjvJC8AAAAAAIACs2OdAQAAAAAAgOEiwAEAAAAAAAqPAAcAAAAAACg8AhwAAAAAAKDwCHAAAAAAAIDCI8ABAAAAAAAKjwAHAAAAAAAoPAIcAAAAAACg8AhwAAAAAACAwiPAAQAAAAAACo8ABwAAAAAAKDwCHAAAAAAAoPAIcAAAAAAAgMIjwAEAAAAAAAqPAAcAAAAAACg8AhwAAAAAAKDwCHAAAAAAAIDCI8ABAAAAAAAKjwAHAAAAAAAoPAIcAAAAAACg8AhwAAAAAACAwiPAAQAAAAAACo8ABwAAAAAAKDwCHAAAAAAAoPAIcAAAAAAAgMILxzoDwHhgZGTSv038b0nykrz3iv9T8v/imijlBAAAADDxEODAhGVkFBqr57c9T5du/SFtU5rV5/SPlZfphCe+qUd7nlHFu8IEASZKOQEAAICBmB5M1q7t87Vbx3xNt5O1a8d8TQ+mVMevidbrno2LtcZt0N0bF+ue7sVaE20Yk7weOHlHXbngjAFNe8zjX9TNGx5ocY7GNwIcmJA67SR9avbrdfKMgxUM8EmtbUqz9NftzlEkp4tX3ajPPPsLrXNdLc7p8EyUcgIAAAB9mV/aQkd17q2jOvfRgZN37Hf6V3buU/f75g0P6A/r7tAf1v1Ti8vLW5VNDJOZcd9J3J7FhBGaQKfMPFxnz36Dag9oDI2X12ee/aW+v/KPqvhohHI4MiZKOQEAAIC+HDh5R7175isaAhbDcdW6O/TDldeOSm8JenAMDgEOTAhGRp22Qzds+1lt2zZ7...
&amp#27;[38;5;154m[0b41ab68]&amp#27;[0m&amp#27;[38;5;86m[HTTP]&amp#27;[0m &amp#27;[37m<-- GET /session/0b41ab68-6346-4d33-98a8-d18b6b253ad4/screenshot &amp#27;[39m&amp#27;[32m200&amp#27;[39m &amp#27;[90m1075 ms - 613544&amp#27;[39m &amp#27;[90m&amp#27;[39m
]]></system-out>
  </testcase>
  <testcase name="SecondCase" classname="org.testCase.TestCase2" time="13.18">
    <system-out><![CDATA[&amp#27;[38;5;154m[0b41ab68]&amp#27;[0m&amp#27;[38;5;86m[HTTP]&amp#27;[0m &amp#27;[37m-->&amp#27;[39m &amp#27;[37mPOST&amp#27;[39m &amp#27;[37m/session/0b41ab68-6346-4d33-98a8-d18b6b253ad4/execute/sync&amp#27;[39m &amp#27;[90m{"script":"mobile: isAppInstalled","args":[{"bundleId":"com.androidsample.generalstore","appId":"com.androidsample.generalstore"}]}&amp#27;[39m
&amp#27;[38;5;154m[0b41ab68]&amp#27;[0m&amp#27;[38;5;5m[AndroidUiautomator2Driver@17f2]&amp#27;[0m Calling AppiumDriver.execute() with args: ["mobile: isAppInstalled",[{"bundleId":"com.androidsample.generalstore","appId":"com.androidsample.generalstore"}],"0b41ab68-6346-4d33-98a8-d18b6b253ad4"]
&amp#27;[38;5;154m[0b41ab68]&amp#27;[0m&amp#27;[38;5;123m[BaseDriver]&amp#27;[0m The following script arguments are not known and will be ignored: bundleId
&amp#27;[38;5;154m[0b41ab68]&amp#27;[0m&amp#27;[38;5;229m[ADB]&amp#27;[0m Getting install status for com.androidsample.generalstore
&amp#27;[38;5;154m[0b41ab68]&amp#27;[0m&amp#27;[38;5;229m[ADB]&amp#27;[0m Running 'C:\Users\sajus\AppData\Local\Android\Sdk\platform-tools\adb.exe -P 5037 -s CTLID18120801016 shell cmd package list packages'
&amp#27;[38;5;154m[0b41ab68]&amp#27;[0m&amp#27;[38;5;229m[ADB]&amp#27;[0m 'com.androidsample.generalstore' is installed
&amp#27;[38;5;154m[0b41ab68]&amp#27;[0m&amp#27;[38;5;5m[AndroidUiautomator2Driver@17f2]&amp#27;[0m Responding to client with driver.execute() result: true
&amp#27;[38;5;154m[0b41ab68]&amp#27;[0m&amp#27;[38;5;86m[HTTP]&amp#27;[0m &amp#27;[37m<-- POST /session/0b41ab68-6346-4d33-98a8-d18b6b253ad4/execute/sync &amp#27;[39m&amp#27;[32m200&amp#27;[39m &amp#27;[90m98 ms - 14&amp#27;[39m &amp#27;[90m&amp#27;[39m
&amp#27;[38;5;154m[0b41ab68]&amp#27;[0m&amp#27;[38;5;86m[HTTP]&amp#27;[0m &amp#27;[37m-->&amp#27;[39m &amp#27;[37mPOST&amp#27;[39m &amp#27;[37m/session/0b41ab68-6346-4d33-98a8-d18b6b253ad4/execute/sync&amp#27;[39m &amp#27;[90m{"script":"mobile: terminateApp","args":[{"bundleId":"com.androidsample.generalstore","appId":"com.androidsample.generalstore"}]}&amp#27;[39m
&amp#27;[38;5;154m[0b41ab68]&amp#27;[0m&amp#27;[38;5;5m[AndroidUiautomator2Driver@17f2]&amp#27;[0m Calling AppiumDriver.execute() with args: ["mobile: terminateApp",[{"bundleId":"com.androidsample.generalstore","appId":"com.androidsample.generalstore"}],"0b41ab68-6346-4d33-98a8-d18b6b253ad4"]
&amp#27;[38;5;154m[0b41ab68]&amp#27;[0m&amp#27;[38;5;123m[BaseDriver]&amp#27;[0m The following script arguments are not known and will be ignored: bundleId
&amp#27;[38;5;154m[0b41ab68]&amp#27;[0m&amp#27;[38;5;5m[AndroidUiautomator2Driver@17f2]&amp#27;[0m Terminating 'com.androidsample.generalstore'
&amp#27;[38;5;154m[0b41ab68]&amp#27;[0m&amp#27;[38;5;229m[ADB]&amp#27;[0m Getting IDs of all 'com.androidsample.generalstore' processes
&amp#27;[38;5;154m[0b41ab68]&amp#27;[0m&amp#27;[38;5;229m[ADB]&amp#27;[0m Running 'C:\Users\sajus\AppData\Local\Android\Sdk\platform-tools\adb.exe -P 5037 -s CTLID18120801016 shell pgrep -f \(\[\[:blank:\]\]\|\^\)com\.androidsample\.generalstore\(:\[a-zA-Z0-9_-\]\+\)\?\(\[\[:blank:\]\]\|\$\)'
&amp#27;[38;5;154m[0b41ab68]&amp#27;[0m&amp#27;[38;5;229m[ADB]&amp#27;[0m Running 'C:\Users\sajus\AppData\Local\Android\Sdk\platform-tools\adb.exe -P 5037 -s CTLID18120801016 shell am force-stop com.androidsample.generalstore'
&amp#27;[38;5;154m[0b41ab68]&amp#27;[0m&amp#27;[38;5;5m[AndroidUiautomator2Driver@17f2]&amp#27;[0m Querying the state of 'com.androidsample.generalstore'
&amp#27;[38;5;154m[0b41ab68]&amp#27;[0m&amp#27;[38;5;229m[ADB]&amp#27;[0m Getting install status for com.androidsample.generalstore
&amp#27;[38;5;154m[0b41ab68]&amp#27;[0m&amp#27;[38;5;229m[ADB]&amp#27;[0m Running 'C:\Users\sajus\AppData\Local\Android\Sdk\platform-tools\adb.exe -P 5037 -s CTLID18120801016 shell cmd package list packages'
&amp#27;[38;5;154m[0b41ab68]&amp#27;[0m&amp#27;[38;5;229m[ADB]&amp#27;[0m 'com.androidsample.generalstore' is installed
&amp#27;[38;5;154m[0b41ab68]&amp#27;[0m&amp#27;[38;5;229m[ADB]&amp#27;[0m Getting IDs of all 'com.androidsample.generalstore' processes
&amp#27;[38;5;154m[0b41ab68]&amp#27;[0m&amp#27;[38;5;229m[ADB]&amp#27;[0m Running 'C:\Users\sajus\AppData\Local\Android\Sdk\platform-tools\adb.exe -P 5037 -s CTLID18120801016 shell pgrep -f \(\[\[:blank:\]\]\|\^\)com\.androidsample\.generalstore\(:\[a-zA-Z0-9_-\]\+\)\?\(\[\[:blank:\]\]\|\$\)'
&amp#27;[38;5;154m[0b41ab68]&amp#27;[0m&amp#27;[38;5;5m[AndroidUiautomator2Driver@17f2]&amp#27;[0m 'com.androidsample.generalstore' has been successfully terminated
&amp#27;[38;5;154m[0b41ab68]&amp#27;[0m&amp#27;[38;5;5m[AndroidUiautomator2Driver@17f2]&amp#27;[0m Responding to client with driver.execute() result: true
&amp#27;[38;5;154m[0b41ab68]&amp#27;[0m&amp#27;[38;5;86m[HTTP]&amp#27;[0m &amp#27;[37m<-- POST /session/0b41ab68-6346-4d33-98a8-d18b6b253ad4/execute/sync &amp#27;[39m&amp#27;[32m200&amp#27;[39m &amp#27;[90m501 ms - 14&amp#27;[39m &amp#27;[90m&amp#27;[39m
🛑 App terminated: com.androidsample.generalstore
&amp#27;[38;5;154m[0b41ab68]&amp#27;[0m&amp#27;[38;5;86m[HTTP]&amp#27;[0m &amp#27;[37m-->&amp#27;[39m &amp#27;[37mDELETE&amp#27;[39m &amp#27;[37m/session/0b41ab68-6346-4d33-98a8-d18b6b253ad4&amp#27;[39m &amp#27;[90m{}&amp#27;[39m
&amp#27;[38;5;154m[0b41ab68]&amp#27;[0m&amp#27;[38;5;5m[AndroidUiautomator2Driver@17f2]&amp#27;[0m Calling AppiumDriver.deleteSession() with args: ["0b41ab68-6346-4d33-98a8-d18b6b253ad4"]
&amp#27;[38;5;154m[0b41ab68]&amp#27;[0m&amp#27;[38;5;18m[AppiumDriver@b0e3]&amp#27;[0m Event 'quitSessionRequested' logged at 1750221894828 (00:44:54 GMT-0400 (Eastern Daylight Saving Time))
&amp#27;[38;5;154m[0b41ab68]&amp#27;[0m&amp#27;[38;5;18m[AppiumDriver@b0e3]&amp#27;[0m Removing session 0b41ab68-6346-4d33-98a8-d18b6b253ad4 from our master session list
&amp#27;[38;5;154m[0b41ab68]&amp#27;[0m&amp#27;[38;5;5m[AndroidUiautomator2Driver@17f2]&amp#27;[0m Deleting UiAutomator2 session
&amp#27;[38;5;154m[0b41ab68]&amp#27;[0m&amp#27;[38;5;5m[AndroidUiautomator2Driver@17f2]&amp#27;[0m Deleting UiAutomator2 server session
&amp#27;[38;5;154m[0b41ab68]&amp#27;[0m&amp#27;[38;5;5m[AndroidUiautomator2Driver@17f2]&amp#27;[0m Proxying [DELETE /] to [DELETE http://127.0.0.1:8202/session/552b7aad-67ed-4118-accc-26161d88ea26] with no body
&amp#27;[38;5;154m[0b41ab68]&amp#27;[0m&amp#27;[38;5;5m[AndroidUiautomator2Driver@17f2]&amp#27;[0m Got response with status 200: {"sessionId":"552b7aad-67ed-4118-accc-26161d88ea26","value":null}
&amp#27;[38;5;154m[0b41ab68]&amp#27;[0m&amp#27;[38;5;229m[ADB]&amp#27;[0m Getting IDs of all 'io.appium.uiautomator2.server' processes
&amp#27;[38;5;154m[0b41ab68]&amp#27;[0m&amp#27;[38;5;229m[ADB]&amp#27;[0m Running 'C:\Users\sajus\AppData\Local\Android\Sdk\platform-tools\adb.exe -P 5037 -s CTLID18120801016 shell pgrep -f \(\[\[:blank:\]\]\|\^\)io\.appium\.uiautomator2\.server\(:\[a-zA-Z0-9_-\]\+\)\?\(\[\[:blank:\]\]\|\$\)'
&amp#27;[38;5;154m[0b41ab68]&amp#27;[0m&amp#27;[38;5;5m[AndroidUiautomator2Driver@17f2]&amp#27;[0m [Instrumentation] io.appium.uiautomator2.server.test.AppiumUiAutomator2Server:.
&amp#27;[38;5;154m[0b41ab68]&amp#27;[0m&amp#27;[38;5;5m[AndroidUiautomator2Driver@17f2]&amp#27;[0m [Instrumentation] 
&amp#27;[38;5;154m[0b41ab68]&amp#27;[0m&amp#27;[38;5;5m[AndroidUiautomator2Driver@17f2]&amp#27;[0m [Instrumentation] Time: 10.483
&amp#27;[38;5;154m[0b41ab68]&amp#27;[0m&amp#27;[38;5;5m[AndroidUiautomator2Driver@17f2]&amp#27;[0m [Instrumentation] 
&amp#27;[38;5;154m[0b41ab68]&amp#27;[0m&amp#27;[38;5;5m[AndroidUiautomator2Driver@17f2]&amp#27;[0m [Instrumentation] OK (1 test)
&amp#27;[38;5;154m[0b41ab68]&amp#27;[0m&amp#27;[38;5;5m[AndroidUiautomator2Driver@17f2]&amp#27;[0m [Instrumentation] 
&amp#27;[38;5;154m[0b41ab68]&amp#27;[0m&amp#27;[38;5;5m[AndroidUiautomator2Driver@17f2]&amp#27;[0m [Instrumentation] 
&amp#27;[38;5;112m[Appium]&amp#27;[0m Welcome to Appium v2.18.0
&amp#27;[38;5;112m[Appium]&amp#27;[0m Non-default server args:
&amp#27;[38;5;112m[Appium]&amp#27;[0m { port: &amp#27;[33m4724&amp#27;[39m }
&amp#27;[38;5;112m[Appium]&amp#27;[0m The autodetected Appium home path: C:\Users\sajus\.appium
&amp#27;[38;5;112m[Appium]&amp#27;[0m Attempting to load driver uiautomator2...
&amp#27;[38;5;112m[Appium]&amp#27;[0m Requiring driver at C:\Users\sajus\.appium\node_modules\appium-uiautomator2-driver\build\index.js
&amp#27;[38;5;154m[0b41ab68]&amp#27;[0m&amp#27;[38;5;5m[AndroidUiautomator2Driver@17f2]&amp#27;[0m [Instrumentation] The process has exited with code null, signal SIGTERM
&amp#27;[38;5;154m[0b41ab68]&amp#27;[0m&amp#27;[38;5;229m[ADB]&amp#27;[0m Running 'C:\Users\sajus\AppData\Local\Android\Sdk\platform-tools\adb.exe -P 5037 -s CTLID18120801016 shell am force-stop io.appium.uiautomator2.server'
&amp#27;[38;5;154m[0b41ab68]&amp#27;[0m&amp#27;[38;5;229m[ADB]&amp#27;[0m Running 'C:\Users\sajus\AppData\Local\Android\Sdk\platform-tools\adb.exe -P 5037 -s CTLID18120801016 shell am force-stop io.appium.uiautomator2.server.test'
&amp#27;[38;5;154m[0b41ab68]&amp#27;[0m&amp#27;[38;5;229m[ADB]&amp#27;[0m Running 'C:\Users\sajus\AppData\Local\Android\Sdk\platform-tools\adb.exe -P 5037 -s CTLID18120801016 shell dumpsys activity services io.appium.settings/.recorder.RecorderService'
&amp#27;[38;5;154m[0b41ab68]&amp#27;[0m&amp#27;[38;5;229m[ADB]&amp#27;[0m Removing forwarded port socket connection: 8202 
&amp#27;[38;5;154m[0b41ab68]&amp#27;[0m&amp#27;[38;5;229m[ADB]&amp#27;[0m Running 'C:\Users\sajus\AppData\Local\Android\Sdk\platform-tools\adb.exe -P 5037 -s CTLID18120801016 forward --remove tcp:8202'
&amp#27;[38;5;154m[0b41ab68]&amp#27;[0m&amp#27;[38;5;5m[AndroidUiautomator2Driver@17f2]&amp#27;[0m Restoring hidden api policy to the device default configuration
&amp#27;[38;5;154m[0b41ab68]&amp#27;[0m&amp#27;[38;5;229m[ADB]&amp#27;[0m Running 'C:\Users\sajus\AppData\Local\Android\Sdk\platform-tools\adb.exe -P 5037 -s CTLID18120801016 shell 'settings delete global hidden_api_policy_pre_p_apps;settings delete global hidden_api_policy_p_apps;settings delete global hidden_api_policy''
&amp#27;[38;5;154m[0b41ab68]&amp#27;[0m&amp#27;[38;5;160m[Logcat]&amp#27;[0m Stopping logcat capture
&amp#27;[38;5;154m[0b41ab68]&amp#27;[0m&amp#27;[38;5;18m[AppiumDriver@b0e3]&amp#27;[0m Event 'quitSessionFinished' logged at 1750221895470 (00:44:55 GMT-0400 (Eastern Daylight Saving Time))
&amp#27;[38;5;154m[0b41ab68]&amp#27;[0m&amp#27;[38;5;18m[AppiumDriver@b0e3]&amp#27;[0m Received response: null
&amp#27;[38;5;154m[0b41ab68]&amp#27;[0m&amp#27;[38;5;18m[AppiumDriver@b0e3]&amp#27;[0m But deleting session, so not returning
&amp#27;[38;5;154m[0b41ab68]&amp#27;[0m&amp#27;[38;5;18m[AppiumDriver@b0e3]&amp#27;[0m Responding to client with driver.deleteSession() result: null
&amp#27;[38;5;154m[0b41ab68]&amp#27;[0m&amp#27;[38;5;86m[HTTP]&amp#27;[0m &amp#27;[37m<-- DELETE /session/0b41ab68-6346-4d33-98a8-d18b6b253ad4 &amp#27;[39m&amp#27;[32m200&amp#27;[39m &amp#27;[90m643 ms - 14&amp#27;[39m &amp#27;[90m&amp#27;[39m
&amp#27;[38;5;86m[HTTP]&amp#27;[0m &amp#27;[37m-->&amp#27;[39m &amp#27;[37mGET&amp#27;[39m &amp#27;[37m/status&amp#27;[39m &amp#27;[90m{}&amp#27;[39m
&amp#27;[38;5;18m[AppiumDriver@b0e3]&amp#27;[0m Calling AppiumDriver.getStatus() with args: []
&amp#27;[38;5;18m[AppiumDriver@b0e3]&amp#27;[0m Responding to client with driver.getStatus() result: {"ready":true,"message":"The server is ready to accept new connections","build":{"version":"2.18.0"}}
Appium server stopped
✅ Test completed for device: Nokia
&amp#27;[38;5;112m[Appium]&amp#27;[0m AndroidUiautomator2Driver has been successfully loaded in 1.550s
&amp#27;[38;5;112m[Appium]&amp#27;[0m Appium REST http interface listener started on http://0.0.0.0:4724
&amp#27;[38;5;112m[Appium]&amp#27;[0m You can provide the following URLs in your client code to connect to this server:
	http://192.168.2.20:4724/
	http://127.0.0.1:4724/ (only accessible from the same host)
&amp#27;[38;5;112m[Appium]&amp#27;[0m Available drivers:
&amp#27;[38;5;112m[Appium]&amp#27;[0m   - uiautomator2@4.2.3 (automationName 'UiAutomator2')
&amp#27;[38;5;112m[Appium]&amp#27;[0m No plugins have been installed. Use the "appium plugin" command to install the one(s) you want to use.
&amp#27;[38;5;86m[HTTP]&amp#27;[0m &amp#27;[37m-->&amp#27;[39m &amp#27;[37mGET&amp#27;[39m &amp#27;[37m/status&amp#27;[39m &amp#27;[90m{}&amp#27;[39m
&amp#27;[38;5;211m[AppiumDriver@6cff]&amp#27;[0m Calling AppiumDriver.getStatus() with args: []
&amp#27;[38;5;211m[AppiumDriver@6cff]&amp#27;[0m Responding to client with driver.getStatus() result: {"ready":true,"message":"The server is ready to accept new connections","build":{"version":"2.18.0"}}
Appium server started on port: 4724
&amp#27;[38;5;86m[HTTP]&amp#27;[0m &amp#27;[37m<-- GET /status &amp#27;[39m&amp#27;[32m200&amp#27;[39m &amp#27;[90m5 ms - 111&amp#27;[39m &amp#27;[90m&amp#27;[39m
&amp#27;[38;5;86m[HTTP]&amp#27;[0m Request idempotency key: b59ab70d-046a-4331-aa61-71e5c230d823
&amp#27;[38;5;86m[HTTP]&amp#27;[0m &amp#27;[37m-->&amp#27;[39m &amp#27;[37mPOST&amp#27;[39m &amp#27;[37m/session&amp#27;[39m &amp#27;[90m{"capabilities":{"firstMatch":[{}],"alwaysMatch":{"appium:appActivity":"com.androidsample.generalstore.SplashActivity","appium:appPackage":"com.androidsample.generalstore","appium:automationName":"UiAutomator2","appium:deviceName":"Samsung_Galaxy_S21","appium:noReset":true,"appium:platformVersion":"10.0","appium:systemPort":8201,"appium:udid":"R3CRC00KHBT","platformName":"ANDROID"}}}&amp#27;[39m
&amp#27;[38;5;211m[AppiumDriver@6cff]&amp#27;[0m Calling AppiumDriver.createSession() with args: [null,null,{"firstMatch":[{}],"alwaysMatch":{"appium:appActivity":"com.androidsample.generalstore.SplashActivity","appium:appPackage":"com.androidsample.generalstore","appium:automationName":"UiAutomator2","appium:deviceName":"Samsung_Galaxy_S21","appium:noReset":true,"appium:platformVersion":"10.0","appium:systemPort":8201,"appium:udid":"R3CRC00KHBT","platformName":"ANDROID"}}]
&amp#27;[38;5;211m[AppiumDriver@6cff]&amp#27;[0m Event 'newSessionRequested' logged at 1750221896816 (00:44:56 GMT-0400 (Eastern Daylight Saving Time))
&amp#27;[38;5;112m[Appium]&amp#27;[0m Attempting to find matching driver for automationName 'UiAutomator2' and platformName 'ANDROID'
&amp#27;[38;5;112m[Appium]&amp#27;[0m The 'uiautomator2' driver was installed and matched caps.
&amp#27;[38;5;112m[Appium]&amp#27;[0m Will require it at C:\Users\sajus\.appium\node_modules\appium-uiautomator2-driver
&amp#27;[38;5;112m[Appium]&amp#27;[0m Requiring driver at C:\Users\sajus\.appium\node_modules\appium-uiautomator2-driver\build\index.js
&amp#27;[38;5;211m[AppiumDriver@6cff]&amp#27;[0m Appium v2.18.0 creating new AndroidUiautomator2Driver (v4.2.3) session
&amp#27;[38;5;211m[AppiumDriver@6cff]&amp#27;[0m Checking BaseDriver versions for Appium and AndroidUiautomator2Driver
&amp#27;[38;5;211m[AppiumDriver@6cff]&amp#27;[0m Appium's BaseDriver version is 9.17.0
&amp#27;[38;5;211m[AppiumDriver@6cff]&amp#27;[0m AndroidUiautomator2Driver's BaseDriver version is 9.17.0
&amp#27;[38;5;-103m[AndroidUiautomator2Driver@2a65]&amp#27;[0m 
&amp#27;[38;5;-103m[AndroidUiautomator2Driver@2a65]&amp#27;[0m Creating session with W3C capabilities: {
  "alwaysMatch": {
    "platformName": "ANDROID",
    "appium:appActivity": "com.androidsample.generalstore.SplashActivity",
    "appium:appPackage": "com.androidsample.generalstore",
    "appium:automationName": "UiAutomator2",
    "appium:deviceName": "Samsung_Galaxy_S21",
    "appium:noReset": true,
    "appium:platformVersion": "10.0",
    "appium:systemPort": 8201,
    "appium:udid": "R3CRC00KHBT"
  },
  "firstMatch": [
    {}
  ]
}
&amp#27;[38;5;204m[f4e21cef]&amp#27;[0m&amp#27;[38;5;-103m[AndroidUiautomator2Driver@2a65]&amp#27;[0m Session created with session id: f4e21cef-22bd-47be-acb4-849a9d02e6c3
&amp#27;[38;5;204m[f4e21cef]&amp#27;[0m&amp#27;[38;5;229m[ADB]&amp#27;[0m Found 3 'build-tools' folders under 'C:\Users\sajus\AppData\Local\Android\Sdk' (newest first):
&amp#27;[38;5;204m[f4e21cef]&amp#27;[0m&amp#27;[38;5;229m[ADB]&amp#27;[0m     C:\Users\sajus\AppData\Local\Android\Sdk\build-tools\36.0.0
&amp#27;[38;5;204m[f4e21cef]&amp#27;[0m&amp#27;[38;5;229m[ADB]&amp#27;[0m     C:\Users\sajus\AppData\Local\Android\Sdk\build-tools\35.0.1
&amp#27;[38;5;204m[f4e21cef]&amp#27;[0m&amp#27;[38;5;229m[ADB]&amp#27;[0m     C:\Users\sajus\AppData\Local\Android\Sdk\build-tools\35.0.0
&amp#27;[38;5;204m[f4e21cef]&amp#27;[0m&amp#27;[38;5;229m[ADB]&amp#27;[0m Using 'adb.exe' from 'C:\Users\sajus\AppData\Local\Android\Sdk\platform-tools\adb.exe'
&amp#27;[38;5;204m[f4e21cef]&amp#27;[0m&amp#27;[38;5;229m[ADB]&amp#27;[0m Running 'C:\Users\sajus\AppData\Local\Android\Sdk\platform-tools\adb.exe -P 5037 start-server'
&amp#27;[38;5;204m[f4e21cef]&amp#27;[0m&amp#27;[38;5;-103m[AndroidUiautomator2Driver@2a65]&amp#27;[0m Retrieving device list
&amp#27;[38;5;204m[f4e21cef]&amp#27;[0m&amp#27;[38;5;229m[ADB]&amp#27;[0m Trying to find connected Android devices
&amp#27;[38;5;204m[f4e21cef]&amp#27;[0m&amp#27;[38;5;229m[ADB]&amp#27;[0m Getting connected devices
&amp#27;[38;5;204m[f4e21cef]&amp#27;[0m&amp#27;[38;5;229m[ADB]&amp#27;[0m Connected devices: [{"udid":"CTLID18120801016","state":"device"},{"udid":"R3CRC00KHBT","state":"device"}]
&amp#27;[38;5;204m[f4e21cef]&amp#27;[0m&amp#27;[38;5;-103m[AndroidUiautomator2Driver@2a65]&amp#27;[0m Using device: R3CRC00KHBT
&amp#27;[38;5;204m[f4e21cef]&amp#27;[0m&amp#27;[38;5;229m[ADB]&amp#27;[0m Using 'adb.exe' from 'C:\Users\sajus\AppData\Local\Android\Sdk\platform-tools\adb.exe'
&amp#27;[38;5;204m[f4e21cef]&amp#27;[0m&amp#27;[38;5;229m[ADB]&amp#27;[0m Running 'C:\Users\sajus\AppData\Local\Android\Sdk\platform-tools\adb.exe -P 5037 start-server'
&amp#27;[38;5;204m[f4e21cef]&amp#27;[0m&amp#27;[38;5;229m[ADB]&amp#27;[0m Setting device id to R3CRC00KHBT
&amp#27;[38;5;204m[f4e21cef]&amp#27;[0m&amp#27;[38;5;-103m[AndroidUiautomator2Driver@2a65]&amp#27;[0m Starting 'com.androidsample.generalstore' directly on the device
&amp#27;[38;5;204m[f4e21cef]&amp#27;[0m&amp#27;[38;5;229m[ADB]&amp#27;[0m Running 'C:\Users\sajus\AppData\Local\Android\Sdk\platform-tools\adb.exe -P 5037 -s R3CRC00KHBT shell getprop ro.build.version.sdk'
&amp#27;[38;5;204m[f4e21cef]&amp#27;[0m&amp#27;[38;5;229m[ADB]&amp#27;[0m Current device property 'ro.build.version.sdk': 35
&amp#27;[38;5;204m[f4e21cef]&amp#27;[0m&amp#27;[38;5;229m[ADB]&amp#27;[0m Getting device platform version
&amp#27;[38;5;204m[f4e21cef]&amp#27;[0m&amp#27;[38;5;229m[ADB]&amp#27;[0m Running 'C:\Users\sajus\AppData\Local\Android\Sdk\platform-tools\adb.exe -P 5037 -s R3CRC00KHBT shell getprop ro.build.version.release'
&amp#27;[38;5;204m[f4e21cef]&amp#27;[0m&amp#27;[38;5;229m[ADB]&amp#27;[0m Current device property 'ro.build.version.release': 15
&amp#27;[38;5;204m[f4e21cef]&amp#27;[0m&amp#27;[38;5;229m[ADB]&amp#27;[0m Device API level: 35
&amp#27;[38;5;204m[f4e21cef]&amp#27;[0m&amp#27;[38;5;-103m[AndroidUiautomator2Driver@2a65]&amp#27;[0m Relaxing hidden api policy
&amp#27;[38;5;204m[f4e21cef]&amp#27;[0m&amp#27;[38;5;229m[ADB]&amp#27;[0m Running 'C:\Users\sajus\AppData\Local\Android\Sdk\platform-tools\adb.exe -P 5037 -s R3CRC00KHBT shell 'settings put global hidden_api_policy_pre_p_apps 1;settings put global hidden_api_policy_p_apps 1;settings put global hidden_api_policy 1''
&amp#27;[38;5;204m[f4e21cef]&amp#27;[0m&amp#27;[38;5;-103m[AndroidUiautomator2Driver@2a65]&amp#27;[0m Pushing settings apk to the device...
&amp#27;[38;5;204m[f4e21cef]&amp#27;[0m&amp#27;[38;5;229m[ADB]&amp#27;[0m Getting package info for 'io.appium.settings'
&amp#27;[38;5;204m[f4e21cef]&amp#27;[0m&amp#27;[38;5;229m[ADB]&amp#27;[0m Running 'C:\Users\sajus\AppData\Local\Android\Sdk\platform-tools\adb.exe -P 5037 -s R3CRC00KHBT shell dumpsys package io.appium.settings'
&amp#27;[38;5;204m[f4e21cef]&amp#27;[0m&amp#27;[38;5;229m[ADB]&amp#27;[0m Using 'aapt2.exe' from 'C:\Users\sajus\AppData\Local\Android\Sdk\build-tools\36.0.0\aapt2.exe'
&amp#27;[38;5;204m[f4e21cef]&amp#27;[0m&amp#27;[38;5;229m[ADB]&amp#27;[0m Reading package manifest: 'C:\\Users\\sajus\\AppData\\Local\\Android\\Sdk\\build-tools\\36.0.0\\aapt2.exe dump badging C:\\Users\\sajus\\.appium\\node_modules\\appium-uiautomator2-driver\\node_modules\\io.appium.settings\\apks\\settings_apk-debug.apk'
&amp#27;[38;5;204m[f4e21cef]&amp#27;[0m&amp#27;[38;5;229m[ADB]&amp#27;[0m The version name of the installed 'io.appium.settings' is greater or equal to the application version name ('5.14.8' >= '5.14.8')
&amp#27;[38;5;204m[f4e21cef]&amp#27;[0m&amp#27;[38;5;229m[ADB]&amp#27;[0m There is no need to install/upgrade 'C:\Users\sajus\.appium\node_modules\appium-uiautomator2-driver\node_modules\io.appium.settings\apks\settings_apk-debug.apk'
&amp#27;[38;5;204m[f4e21cef]&amp#27;[0m&amp#27;[38;5;229m[ADB]&amp#27;[0m Running 'C:\Users\sajus\AppData\Local\Android\Sdk\platform-tools\adb.exe -P 5037 -s R3CRC00KHBT shell dumpsys activity services io.appium.settings'
&amp#27;[38;5;112m[Appium]&amp#27;[0m Welcome to Appium v2.18.0
&amp#27;[38;5;112m[Appium]&amp#27;[0m The autodetected Appium home path: C:\Users\sajus\.appium
&amp#27;[38;5;112m[Appium]&amp#27;[0m Attempting to load driver uiautomator2...
&amp#27;[38;5;112m[Appium]&amp#27;[0m Requiring driver at C:\Users\sajus\.appium\node_modules\appium-uiautomator2-driver\build\index.js
&amp#27;[38;5;204m[f4e21cef]&amp#27;[0m&amp#27;[38;5;-103m[AndroidUiautomator2Driver@2a65]&amp#27;[0m io.appium.settings is already running. There is no need to reset its permissions.
&amp#27;[38;5;204m[f4e21cef]&amp#27;[0m&amp#27;[38;5;160m[Logcat]&amp#27;[0m Starting logs capture with command: C:\\Users\\sajus\\AppData\\Local\\Android\\Sdk\\platform-tools\\adb.exe -P 5037 -s R3CRC00KHBT logcat -v threadtime
&amp#27;[38;5;204m[f4e21cef]&amp#27;[0m&amp#27;[38;5;229m[ADB]&amp#27;[0m Running 'C:\Users\sajus\AppData\Local\Android\Sdk\platform-tools\adb.exe -P 5037 -s R3CRC00KHBT shell appops set io.appium.settings android:mock_location allow'
&amp#27;[38;5;204m[f4e21cef]&amp#27;[0m&amp#27;[38;5;229m[ADB]&amp#27;[0m Running 'C:\Users\sajus\AppData\Local\Android\Sdk\platform-tools\adb.exe -P 5037 -s R3CRC00KHBT shell "[ -e '/data/local/tmp/mock_apps.json' ] && echo __PASS__"'
&amp#27;[38;5;204m[f4e21cef]&amp#27;[0m&amp#27;[38;5;229m[ADB]&amp#27;[0m Running 'C:\Users\sajus\AppData\Local\Android\Sdk\platform-tools\adb.exe -P 5037 -s R3CRC00KHBT shell cat /data/local/tmp/mock_apps.json'
&amp#27;[38;5;204m[f4e21cef]&amp#27;[0m&amp#27;[38;5;-103m[AndroidUiautomator2Driver@2a65]&amp#27;[0m Forwarding UiAutomator2 Server port 6790 to local port 8201
&amp#27;[38;5;204m[f4e21cef]&amp#27;[0m&amp#27;[38;5;229m[ADB]&amp#27;[0m Forwarding system: 8201 to device: 6790
&amp#27;[38;5;204m[f4e21cef]&amp#27;[0m&amp#27;[38;5;229m[ADB]&amp#27;[0m Running 'C:\Users\sajus\AppData\Local\Android\Sdk\platform-tools\adb.exe -P 5037 -s R3CRC00KHBT forward tcp:8201 tcp:6790'
&amp#27;[38;5;204m[f4e21cef]&amp#27;[0m&amp#27;[38;5;-103m[AndroidUiautomator2Driver@2a65]&amp#27;[0m UIA2Proxy options: {"server":"127.0.0.1","port":8201,"keepAlive":true,"scheme":"http","base":"","reqBasePath":"","sessionId":null,"timeout":240000}
&amp#27;[38;5;204m[f4e21cef]&amp#27;[0m&amp#27;[38;5;229m[ADB]&amp#27;[0m Getting package info for 'io.appium.uiautomator2.server'
&amp#27;[38;5;204m[f4e21cef]&amp#27;[0m&amp#27;[38;5;229m[ADB]&amp#27;[0m Running 'C:\Users\sajus\AppData\Local\Android\Sdk\platform-tools\adb.exe -P 5037 -s R3CRC00KHBT shell dumpsys package io.appium.uiautomator2.server'
&amp#27;[38;5;204m[f4e21cef]&amp#27;[0m&amp#27;[38;5;229m[ADB]&amp#27;[0m Getting install status for io.appium.uiautomator2.server.test
&amp#27;[38;5;204m[f4e21cef]&amp#27;[0m&amp#27;[38;5;-103m[AndroidUiautomator2Driver@2a65]&amp#27;[0m No app capability. Assuming it is already on the device
&amp#27;[38;5;204m[f4e21cef]&amp#27;[0m&amp#27;[38;5;229m[ADB]&amp#27;[0m Running 'C:\Users\sajus\AppData\Local\Android\Sdk\platform-tools\adb.exe -P 5037 -s R3CRC00KHBT shell cmd package list packages'
&amp#27;[38;5;204m[f4e21cef]&amp#27;[0m&amp#27;[38;5;229m[ADB]&amp#27;[0m Reading package manifest: 'C:\\Users\\sajus\\AppData\\Local\\Android\\Sdk\\build-tools\\36.0.0\\aapt2.exe dump badging C:\\Users\\sajus\\.appium\\node_modules\\appium-uiautomator2-driver\\node_modules\\appium-uiautomator2-server\\apks\\appium-uiautomator2-server-v7.5.2.apk'
&amp#27;[38;5;204m[f4e21cef]&amp#27;[0m&amp#27;[38;5;229m[ADB]&amp#27;[0m 'io.appium.uiautomator2.server.test' is installed
&amp#27;[38;5;204m[f4e21cef]&amp#27;[0m&amp#27;[38;5;229m[ADB]&amp#27;[0m The version name of the installed 'io.appium.uiautomator2.server' is greater or equal to the application version name ('7.5.2' >= '7.5.2')
&amp#27;[38;5;204m[f4e21cef]&amp#27;[0m&amp#27;[38;5;-103m[AndroidUiautomator2Driver@2a65]&amp#27;[0m Server packages status: [{"installState":"sameVersionInstalled","appPath":"C:\\Users\\sajus\\.appium\\node_modules\\appium-uiautomator2-driver\\node_modules\\appium-uiautomator2-server\\apks\\appium-uiautomator2-server-v7.5.2.apk","appId":"io.appium.uiautomator2.server"},{"installState":"sameVersionInstalled","appPath":"C:\\Users\\sajus\\.appium\\node_modules\\appium-uiautomator2-driver\\node_modules\\appium-uiautomator2-server\\apks\\appium-uiautomator2-server-debug-androidTest.apk","appId":"io.appium.uiautomator2.server.test"}]
&amp#27;[38;5;204m[f4e21cef]&amp#27;[0m&amp#27;[38;5;-103m[AndroidUiautomator2Driver@2a65]&amp#27;[0m Server packages are not going to be (re)installed
&amp#27;[38;5;204m[f4e21cef]&amp#27;[0m&amp#27;[38;5;-103m[AndroidUiautomator2Driver@2a65]&amp#27;[0m Waiting up to 30000ms for services to be available
&amp#27;[38;5;204m[f4e21cef]&amp#27;[0m&amp#27;[38;5;229m[ADB]&amp#27;[0m Running 'C:\Users\sajus\AppData\Local\Android\Sdk\platform-tools\adb.exe -P 5037 -s R3CRC00KHBT shell pm list instrumentation'
&amp#27;[38;5;204m[f4e21cef]&amp#27;[0m&amp#27;[38;5;-103m[AndroidUiautomator2Driver@2a65]&amp#27;[0m Instrumentation target 'io.appium.uiautomator2.server.test/androidx.test.runner.AndroidJUnitRunner' is available
&amp#27;[38;5;204m[f4e21cef]&amp#27;[0m&amp#27;[38;5;229m[ADB]&amp#27;[0m Adding packages ["io.appium.settings","io.appium.uiautomator2.server","io.appium.uiautomator2.server.test"] to Doze whitelist
&amp#27;[38;5;204m[f4e21cef]&amp#27;[0m&amp#27;[38;5;229m[ADB]&amp#27;[0m Got the following command chunks to execute: [["dumpsys","deviceidle","whitelist","+io.appium.settings",";","dumpsys","deviceidle","whitelist","+io.appium.uiautomator2.server",";","dumpsys","deviceidle","whitelist","+io.appium.uiautomator2.server.test",";"]]
&amp#27;[38;5;204m[f4e21cef]&amp#27;[0m&amp#27;[38;5;229m[ADB]&amp#27;[0m Running 'C:\Users\sajus\AppData\Local\Android\Sdk\platform-tools\adb.exe -P 5037 -s R3CRC00KHBT shell dumpsys deviceidle whitelist +io.appium.settings ; dumpsys deviceidle whitelist +io.appium.uiautomator2.server ; dumpsys deviceidle whitelist +io.appium.uiautomator2.server.test ;'
&amp#27;[38;5;112m[Appium]&amp#27;[0m AndroidUiautomator2Driver has been successfully loaded in 0.980s
&amp#27;[38;5;112m[Appium]&amp#27;[0m Appium REST http interface listener started on http://0.0.0.0:4723
&amp#27;[38;5;112m[Appium]&amp#27;[0m You can provide the following URLs in your client code to connect to this server:
	http://192.168.2.20:4723/
	http://127.0.0.1:4723/ (only accessible from the same host)
&amp#27;[38;5;112m[Appium]&amp#27;[0m Available drivers:
&amp#27;[38;5;112m[Appium]&amp#27;[0m   - uiautomator2@4.2.3 (automationName 'UiAutomator2')
&amp#27;[38;5;112m[Appium]&amp#27;[0m No plugins have been installed. Use the "appium plugin" command to install the one(s) you want to use.
&amp#27;[38;5;204m[f4e21cef]&amp#27;[0m&amp#27;[38;5;-103m[AndroidUiautomator2Driver@2a65]&amp#27;[0m Performing shallow cleanup of automation leftovers
&amp#27;[38;5;204m[f4e21cef]&amp#27;[0m&amp#27;[38;5;-103m[AndroidUiautomator2Driver@2a65]&amp#27;[0m No obsolete sessions have been detected (socket hang up)
&amp#27;[38;5;204m[f4e21cef]&amp#27;[0m&amp#27;[38;5;229m[ADB]&amp#27;[0m Running 'C:\Users\sajus\AppData\Local\Android\Sdk\platform-tools\adb.exe -P 5037 -s R3CRC00KHBT shell am force-stop io.appium.uiautomator2.server'
&amp#27;[38;5;204m[f4e21cef]&amp#27;[0m&amp#27;[38;5;229m[ADB]&amp#27;[0m Running 'C:\Users\sajus\AppData\Local\Android\Sdk\platform-tools\adb.exe -P 5037 -s R3CRC00KHBT shell am force-stop io.appium.uiautomator2.server.test'
&amp#27;[38;5;204m[f4e21cef]&amp#27;[0m&amp#27;[38;5;-103m[AndroidUiautomator2Driver@2a65]&amp#27;[0m Starting UIAutomator2 server 7.5.2
&amp#27;[38;5;204m[f4e21cef]&amp#27;[0m&amp#27;[38;5;-103m[AndroidUiautomator2Driver@2a65]&amp#27;[0m Using UIAutomator2 server from 'C:\Users\sajus\.appium\node_modules\appium-uiautomator2-driver\node_modules\appium-uiautomator2-server\apks\appium-uiautomator2-server-v7.5.2.apk' and test from 'C:\Users\sajus\.appium\node_modules\appium-uiautomator2-driver\node_modules\appium-uiautomator2-server\apks\appium-uiautomator2-server-debug-androidTest.apk'
&amp#27;[38;5;204m[f4e21cef]&amp#27;[0m&amp#27;[38;5;-103m[AndroidUiautomator2Driver@2a65]&amp#27;[0m Waiting up to 30000ms for UiAutomator2 to be online...
&amp#27;[38;5;204m[f4e21cef]&amp#27;[0m&amp#27;[38;5;229m[ADB]&amp#27;[0m Creating ADB subprocess with args: ["-P","5037","-s","R3CRC00KHBT","shell","am","instrument","-w","-e","disableAnalytics","true","io.appium.uiautomator2.server.test/androidx.test.runner.AndroidJUnitRunner"]
&amp#27;[38;5;86m[HTTP]&amp#27;[0m &amp#27;[37m-->&amp#27;[39m &amp#27;[37mGET&amp#27;[39m &amp#27;[37m/status&amp#27;[39m &amp#27;[90m{}&amp#27;[39m
&amp#27;[38;5;39m[AppiumDriver@17ef]&amp#27;[0m Calling AppiumDriver.getStatus() with args: []
&amp#27;[38;5;39m[AppiumDriver@17ef]&amp#27;[0m Responding to client with driver.getStatus() result: {"ready":true,"message":"The server is ready to accept new connections","build":{"version":"2.18.0"}}
Appium server started on port: 4723
&amp#27;[38;5;86m[HTTP]&amp#27;[0m &amp#27;[37m<-- GET /status &amp#27;[39m&amp#27;[32m200&amp#27;[39m &amp#27;[90m5 ms - 111&amp#27;[39m &amp#27;[90m&amp#27;[39m
&amp#27;[38;5;86m[HTTP]&amp#27;[0m Request idempotency key: 38065d79-5c85-44fb-a5ed-b5e4cb9fc9d1
&amp#27;[38;5;86m[HTTP]&amp#27;[0m &amp#27;[37m-->&amp#27;[39m &amp#27;[37mPOST&amp#27;[39m &amp#27;[37m/session&amp#27;[39m &amp#27;[90m{"capabilities":{"firstMatch":[{}],"alwaysMatch":{"appium:appActivity":"com.androidsample.generalstore.SplashActivity","appium:appPackage":"com.androidsample.generalstore","appium:automationName":"UiAutomator2","appium:deviceName":"Nokia","appium:noReset":true,"appium:platformVersion":"11.0","appium:systemPort":8202,"appium:udid":"CTLID18120801016","platformName":"ANDROID"}}}&amp#27;[39m
&amp#27;[38;5;39m[AppiumDriver@17ef]&amp#27;[0m Calling AppiumDriver.createSession() with args: [null,null,{"firstMatch":[{}],"alwaysMatch":{"appium:appActivity":"com.androidsample.generalstore.SplashActivity","appium:appPackage":"com.androidsample.generalstore","appium:automationName":"UiAutomator2","appium:deviceName":"Nokia","appium:noReset":true,"appium:platformVersion":"11.0","appium:systemPort":8202,"appium:udid":"CTLID18120801016","platformName":"ANDROID"}}]
&amp#27;[38;5;39m[AppiumDriver@17ef]&amp#27;[0m Event 'newSessionRequested' logged at 1750221898943 (00:44:58 GMT-0400 (Eastern Daylight Saving Time))
&amp#27;[38;5;112m[Appium]&amp#27;[0m Attempting to find matching driver for automationName 'UiAutomator2' and platformName 'ANDROID'
&amp#27;[38;5;112m[Appium]&amp#27;[0m The 'uiautomator2' driver was installed and matched caps.
&amp#27;[38;5;112m[Appium]&amp#27;[0m Will require it at C:\Users\sajus\.appium\node_modules\appium-uiautomator2-driver
&amp#27;[38;5;112m[Appium]&amp#27;[0m Requiring driver at C:\Users\sajus\.appium\node_modules\appium-uiautomator2-driver\build\index.js
&amp#27;[38;5;39m[AppiumDriver@17ef]&amp#27;[0m Appium v2.18.0 creating new AndroidUiautomator2Driver (v4.2.3) session
&amp#27;[38;5;39m[AppiumDriver@17ef]&amp#27;[0m Checking BaseDriver versions for Appium and AndroidUiautomator2Driver
&amp#27;[38;5;39m[AppiumDriver@17ef]&amp#27;[0m Appium's BaseDriver version is 9.17.0
&amp#27;[38;5;39m[AppiumDriver@17ef]&amp#27;[0m AndroidUiautomator2Driver's BaseDriver version is 9.17.0
&amp#27;[38;5;-60m[AndroidUiautomator2Driver@4f10]&amp#27;[0m 
&amp#27;[38;5;-60m[AndroidUiautomator2Driver@4f10]&amp#27;[0m Creating session with W3C capabilities: {
  "alwaysMatch": {
    "platformName": "ANDROID",
    "appium:appActivity": "com.androidsample.generalstore.SplashActivity",
    "appium:appPackage": "com.androidsample.generalstore",
    "appium:automationName": "UiAutomator2",
    "appium:deviceName": "Nokia",
    "appium:noReset": true,
    "appium:platformVersion": "11.0",
    "appium:systemPort": 8202,
    "appium:udid": "CTLID18120801016"
  },
  "firstMatch": [
    {}
  ]
}
&amp#27;[38;5;204m[f4e21cef]&amp#27;[0m&amp#27;[38;5;-103m[AndroidUiautomator2Driver@2a65]&amp#27;[0m Matched '/status' to command name 'getStatus'
&amp#27;[38;5;204m[f4e21cef]&amp#27;[0m&amp#27;[38;5;-103m[AndroidUiautomator2Driver@2a65]&amp#27;[0m Proxying [GET /status] to [GET http://127.0.0.1:8201/status] with no body
&amp#27;[38;5;84m[bf108470]&amp#27;[0m&amp#27;[38;5;-60m[AndroidUiautomator2Driver@4f10]&amp#27;[0m Session created with session id: bf108470-aefa-4ade-9a0e-c46f45ff2392
&amp#27;[38;5;84m[bf108470]&amp#27;[0m&amp#27;[38;5;229m[ADB]&amp#27;[0m Found 3 'build-tools' folders under 'C:\Users\sajus\AppData\Local\Android\Sdk' (newest first):
&amp#27;[38;5;84m[bf108470]&amp#27;[0m&amp#27;[38;5;229m[ADB]&amp#27;[0m     C:\Users\sajus\AppData\Local\Android\Sdk\build-tools\36.0.0
&amp#27;[38;5;84m[bf108470]&amp#27;[0m&amp#27;[38;5;229m[ADB]&amp#27;[0m     C:\Users\sajus\AppData\Local\Android\Sdk\build-tools\35.0.1
&amp#27;[38;5;84m[bf108470]&amp#27;[0m&amp#27;[38;5;229m[ADB]&amp#27;[0m     C:\Users\sajus\AppData\Local\Android\Sdk\build-tools\35.0.0
&amp#27;[38;5;84m[bf108470]&amp#27;[0m&amp#27;[38;5;229m[ADB]&amp#27;[0m Using 'adb.exe' from 'C:\Users\sajus\AppData\Local\Android\Sdk\platform-tools\adb.exe'
&amp#27;[38;5;84m[bf108470]&amp#27;[0m&amp#27;[38;5;229m[ADB]&amp#27;[0m Running 'C:\Users\sajus\AppData\Local\Android\Sdk\platform-tools\adb.exe -P 5037 start-server'
&amp#27;[38;5;204m[f4e21cef]&amp#27;[0m&amp#27;[38;5;-103m[AndroidUiautomator2Driver@2a65]&amp#27;[0m socket hang up
&amp#27;[38;5;84m[bf108470]&amp#27;[0m&amp#27;[38;5;-60m[AndroidUiautomator2Driver@4f10]&amp#27;[0m Retrieving device list
&amp#27;[38;5;84m[bf108470]&amp#27;[0m&amp#27;[38;5;229m[ADB]&amp#27;[0m Trying to find connected Android devices
&amp#27;[38;5;84m[bf108470]&amp#27;[0m&amp#27;[38;5;229m[ADB]&amp#27;[0m Getting connected devices
&amp#27;[38;5;84m[bf108470]&amp#27;[0m&amp#27;[38;5;229m[ADB]&amp#27;[0m Connected devices: [{"udid":"CTLID18120801016","state":"device"},{"udid":"R3CRC00KHBT","state":"device"}]
&amp#27;[38;5;84m[bf108470]&amp#27;[0m&amp#27;[38;5;-60m[AndroidUiautomator2Driver@4f10]&amp#27;[0m Using device: CTLID18120801016
&amp#27;[38;5;84m[bf108470]&amp#27;[0m&amp#27;[38;5;229m[ADB]&amp#27;[0m Using 'adb.exe' from 'C:\Users\sajus\AppData\Local\Android\Sdk\platform-tools\adb.exe'
&amp#27;[38;5;84m[bf108470]&amp#27;[0m&amp#27;[38;5;229m[ADB]&amp#27;[0m Running 'C:\Users\sajus\AppData\Local\Android\Sdk\platform-tools\adb.exe -P 5037 start-server'
&amp#27;[38;5;84m[bf108470]&amp#27;[0m&amp#27;[38;5;229m[ADB]&amp#27;[0m Setting device id to CTLID18120801016
&amp#27;[38;5;84m[bf108470]&amp#27;[0m&amp#27;[38;5;-60m[AndroidUiautomator2Driver@4f10]&amp#27;[0m Starting 'com.androidsample.generalstore' directly on the device
&amp#27;[38;5;84m[bf108470]&amp#27;[0m&amp#27;[38;5;229m[ADB]&amp#27;[0m Running 'C:\Users\sajus\AppData\Local\Android\Sdk\platform-tools\adb.exe -P 5037 -s CTLID18120801016 shell getprop ro.build.version.sdk'
&amp#27;[38;5;84m[bf108470]&amp#27;[0m&amp#27;[38;5;229m[ADB]&amp#27;[0m Current device property 'ro.build.version.sdk': 29
&amp#27;[38;5;84m[bf108470]&amp#27;[0m&amp#27;[38;5;229m[ADB]&amp#27;[0m Getting device platform version
&amp#27;[38;5;84m[bf108470]&amp#27;[0m&amp#27;[38;5;229m[ADB]&amp#27;[0m Running 'C:\Users\sajus\AppData\Local\Android\Sdk\platform-tools\adb.exe -P 5037 -s CTLID18120801016 shell getprop ro.build.version.release'
&amp#27;[38;5;84m[bf108470]&amp#27;[0m&amp#27;[38;5;229m[ADB]&amp#27;[0m Current device property 'ro.build.version.release': 10
&amp#27;[38;5;84m[bf108470]&amp#27;[0m&amp#27;[38;5;229m[ADB]&amp#27;[0m Device API level: 29
&amp#27;[38;5;84m[bf108470]&amp#27;[0m&amp#27;[38;5;-60m[AndroidUiautomator2Driver@4f10]&amp#27;[0m Relaxing hidden api policy
&amp#27;[38;5;84m[bf108470]&amp#27;[0m&amp#27;[38;5;229m[ADB]&amp#27;[0m Running 'C:\Users\sajus\AppData\Local\Android\Sdk\platform-tools\adb.exe -P 5037 -s CTLID18120801016 shell 'settings put global hidden_api_policy_pre_p_apps 1;settings put global hidden_api_policy_p_apps 1;settings put global hidden_api_policy 1''
&amp#27;[38;5;84m[bf108470]&amp#27;[0m&amp#27;[38;5;-60m[AndroidUiautomator2Driver@4f10]&amp#27;[0m Pushing settings apk to the device...
&amp#27;[38;5;84m[bf108470]&amp#27;[0m&amp#27;[38;5;229m[ADB]&amp#27;[0m Getting package info for 'io.appium.settings'
&amp#27;[38;5;84m[bf108470]&amp#27;[0m&amp#27;[38;5;229m[ADB]&amp#27;[0m Running 'C:\Users\sajus\AppData\Local\Android\Sdk\platform-tools\adb.exe -P 5037 -s CTLID18120801016 shell dumpsys package io.appium.settings'
&amp#27;[38;5;204m[f4e21cef]&amp#27;[0m&amp#27;[38;5;-103m[AndroidUiautomator2Driver@2a65]&amp#27;[0m [Instrumentation] 
&amp#27;[38;5;84m[bf108470]&amp#27;[0m&amp#27;[38;5;229m[ADB]&amp#27;[0m Using 'aapt2.exe' from 'C:\Users\sajus\AppData\Local\Android\Sdk\build-tools\36.0.0\aapt2.exe'
&amp#27;[38;5;84m[bf108470]&amp#27;[0m&amp#27;[38;5;229m[ADB]&amp#27;[0m Reading package manifest: 'C:\\Users\\sajus\\AppData\\Local\\Android\\Sdk\\build-tools\\36.0.0\\aapt2.exe dump badging C:\\Users\\sajus\\.appium\\node_modules\\appium-uiautomator2-driver\\node_modules\\io.appium.settings\\apks\\settings_apk-debug.apk'
&amp#27;[38;5;84m[bf108470]&amp#27;[0m&amp#27;[38;5;229m[ADB]&amp#27;[0m The version name of the installed 'io.appium.settings' is greater or equal to the application version name ('5.14.8' >= '5.14.8')
&amp#27;[38;5;84m[bf108470]&amp#27;[0m&amp#27;[38;5;229m[ADB]&amp#27;[0m There is no need to install/upgrade 'C:\Users\sajus\.appium\node_modules\appium-uiautomator2-driver\node_modules\io.appium.settings\apks\settings_apk-debug.apk'
&amp#27;[38;5;84m[bf108470]&amp#27;[0m&amp#27;[38;5;229m[ADB]&amp#27;[0m Running 'C:\Users\sajus\AppData\Local\Android\Sdk\platform-tools\adb.exe -P 5037 -s CTLID18120801016 shell dumpsys activity services io.appium.settings'
&amp#27;[38;5;84m[bf108470]&amp#27;[0m&amp#27;[38;5;-60m[AndroidUiautomator2Driver@4f10]&amp#27;[0m io.appium.settings is already running. There is no need to reset its permissions.
&amp#27;[38;5;84m[bf108470]&amp#27;[0m&amp#27;[38;5;160m[Logcat]&amp#27;[0m Starting logs capture with command: C:\\Users\\sajus\\AppData\\Local\\Android\\Sdk\\platform-tools\\adb.exe -P 5037 -s CTLID18120801016 logcat -v threadtime
&amp#27;[38;5;84m[bf108470]&amp#27;[0m&amp#27;[38;5;229m[ADB]&amp#27;[0m Running 'C:\Users\sajus\AppData\Local\Android\Sdk\platform-tools\adb.exe -P 5037 -s CTLID18120801016 shell appops set io.appium.settings android:mock_location allow'
&amp#27;[38;5;84m[bf108470]&amp#27;[0m&amp#27;[38;5;229m[ADB]&amp#27;[0m Running 'C:\Users\sajus\AppData\Local\Android\Sdk\platform-tools\adb.exe -P 5037 -s CTLID18120801016 shell "[ -e '/data/local/tmp/mock_apps.json' ] && echo __PASS__"'
&amp#27;[38;5;84m[bf108470]&amp#27;[0m&amp#27;[38;5;229m[ADB]&amp#27;[0m Running 'C:\Users\sajus\AppData\Local\Android\Sdk\platform-tools\adb.exe -P 5037 -s CTLID18120801016 shell cat /data/local/tmp/mock_apps.json'
&amp#27;[38;5;84m[bf108470]&amp#27;[0m&amp#27;[38;5;-60m[AndroidUiautomator2Driver@4f10]&amp#27;[0m Forwarding UiAutomator2 Server port 6790 to local port 8202
&amp#27;[38;5;84m[bf108470]&amp#27;[0m&amp#27;[38;5;229m[ADB]&amp#27;[0m Forwarding system: 8202 to device: 6790
&amp#27;[38;5;84m[bf108470]&amp#27;[0m&amp#27;[38;5;229m[ADB]&amp#27;[0m Running 'C:\Users\sajus\AppData\Local\Android\Sdk\platform-tools\adb.exe -P 5037 -s CTLID18120801016 forward tcp:8202 tcp:6790'
&amp#27;[38;5;204m[f4e21cef]&amp#27;[0m&amp#27;[38;5;-103m[AndroidUiautomator2Driver@2a65]&amp#27;[0m Matched '/status' to command name 'getStatus'
&amp#27;[38;5;204m[f4e21cef]&amp#27;[0m&amp#27;[38;5;-103m[AndroidUiautomator2Driver@2a65]&amp#27;[0m Proxying [GET /status] to [GET http://127.0.0.1:8201/status] with no body
&amp#27;[38;5;204m[f4e21cef]&amp#27;[0m&amp#27;[38;5;-103m[AndroidUiautomator2Driver@2a65]&amp#27;[0m Got response with status 200: {"sessionId":"None","value":{"message":"UiAutomator2 Server is ready to accept commands","ready":true}}
&amp#27;[38;5;204m[f4e21cef]&amp#27;[0m&amp#27;[38;5;-103m[AndroidUiautomator2Driver@2a65]&amp#27;[0m The initialization of the instrumentation process took 1140ms
&amp#27;[38;5;204m[f4e21cef]&amp#27;[0m&amp#27;[38;5;-103m[AndroidUiautomator2Driver@2a65]&amp#27;[0m Matched '/session' to command name 'createSession'
&amp#27;[38;5;204m[f4e21cef]&amp#27;[0m&amp#27;[38;5;-103m[AndroidUiautomator2Driver@2a65]&amp#27;[0m Proxying [POST /session] to [POST http://127.0.0.1:8201/session] with body: {"capabilities":{"firstMatch":[{"platformName":"ANDROID","appActivity":"com.androidsample.generalstore.SplashActivity","appPackage":"com.androidsample.generalstore","automationName":"UiAutomator2","deviceName":"R3CRC00KHBT","noReset":true,"platformVersion":"10.0","systemPort":8201,"udid":"R3CRC00KHBT","platform":"LINUX","webStorageEnabled":false,"takesScreenshot":true,"javascriptEnabled":true,"databaseEnabled":false,"networkConnectionEnabled":true,"locationContextEnabled":false,"warnings":{},"desired":{"platformName":"ANDROID","appActivity":"com.androidsample.generalstore.SplashActivity","appPackage":"com.androidsample.generalstore","automationName":"UiAutomator2","deviceName":"Samsung_Galaxy_S21","noReset":true,"platformVersion":"10.0","systemPort":8201,"udid":"R3CRC00KHBT"},"deviceUDID":"R3CRC00KHBT"}],"alwaysMatch":{}}}
&amp#27;[38;5;204m[f4e21cef]&amp#27;[0m&amp#27;[38;5;-103m[AndroidUiautomator2Driver@2a65]&amp#27;[0m Got response with status 200: {"sessionId":"4438af8a-89f9-4b3c-b0f1-b9e00e8d65dc","value":{"capabilities":{"firstMatch":[{"platformName":"ANDROID","appActivity":"com.androidsample.generalstore.SplashActivity","appPackage":"com.androidsample.generalstore","automationName":"UiAutomator2","deviceName":"R3CRC00KHBT","noReset":true,"platformVersion":"10.0","systemPort":8201,"udid":"R3CRC00KHBT","platform":"LINUX","webStorageEnabled":false,"takesScreenshot":true,"javascriptEnabled":true,"databaseEnabled":false,"networkConnectionEnabled":true,"locationContextEnabled":false,"warnings":{},"desired":{"platformName":"ANDROID","appActivity":"com.androidsample.generalstore.SplashActivity","appPackage":"com.androidsample.generalstore","automationName":"UiAutomator2","deviceName":"Samsung_Galaxy_S21","noReset":true,"platformVersion":"10.0","systemPort":8201,"udid":"R3CRC00KHBT"},"deviceUDID":"R3CRC00KHBT"}],"alwaysMatch":{}},"sessionId":"4438af8a-89f9-4b3c-b0f1-b9e00e8d65dc"}}
&amp#27;[38;5;204m[f4e21cef]&amp#27;[0m&amp#27;[38;5;-103m[AndroidUiautomator2Driver@2a65]&amp#27;[0m Determined the downstream protocol as 'W3C'
&amp#27;[38;5;84m[bf108470]&amp#27;[0m&amp#27;[38;5;-60m[AndroidUiautomator2Driver@4f10]&amp#27;[0m UIA2Proxy options: {"server":"127.0.0.1","port":8202,"keepAlive":true,"scheme":"http","base":"","reqBasePath":"","sessionId":null,"timeout":240000}
&amp#27;[38;5;84m[bf108470]&amp#27;[0m&amp#27;[38;5;229m[ADB]&amp#27;[0m Getting package info for 'io.appium.uiautomator2.server'
&amp#27;[38;5;84m[bf108470]&amp#27;[0m&amp#27;[38;5;229m[ADB]&amp#27;[0m Running 'C:\Users\sajus\AppData\Local\Android\Sdk\platform-tools\adb.exe -P 5037 -s CTLID18120801016 shell dumpsys package io.appium.uiautomator2.server'
&amp#27;[38;5;204m[f4e21cef]&amp#27;[0m&amp#27;[38;5;-103m[AndroidUiautomator2Driver@2a65]&amp#27;[0m Proxying [GET /appium/device/pixel_ratio] to [GET http://127.0.0.1:8201/session/4438af8a-89f9-4b3c-b0f1-b9e00e8d65dc/appium/device/pixel_ratio] with no body
&amp#27;[38;5;204m[f4e21cef]&amp#27;[0m&amp#27;[38;5;-103m[AndroidUiautomator2Driver@2a65]&amp#27;[0m Matched '/appium/device/system_bars' to command name 'getSystemBars'
&amp#27;[38;5;204m[f4e21cef]&amp#27;[0m&amp#27;[38;5;-103m[AndroidUiautomator2Driver@2a65]&amp#27;[0m Proxying [GET /appium/device/system_bars] to [GET http://127.0.0.1:8201/session/4438af8a-89f9-4b3c-b0f1-b9e00e8d65dc/appium/device/system_bars] with no body
&amp#27;[38;5;204m[f4e21cef]&amp#27;[0m&amp#27;[38;5;-103m[AndroidUiautomator2Driver@2a65]&amp#27;[0m Matched '/window/current/size' to command name 'getWindowSize'
&amp#27;[38;5;204m[f4e21cef]&amp#27;[0m&amp#27;[38;5;-103m[AndroidUiautomator2Driver@2a65]&amp#27;[0m Proxying [GET /window/current/size] to [GET http://127.0.0.1:8201/session/4438af8a-89f9-4b3c-b0f1-b9e00e8d65dc/window/current/size] with no body
&amp#27;[38;5;204m[f4e21cef]&amp#27;[0m&amp#27;[38;5;-103m[AndroidUiautomator2Driver@2a65]&amp#27;[0m Proxying [GET /appium/device/info] to [GET http://127.0.0.1:8201/session/4438af8a-89f9-4b3c-b0f1-b9e00e8d65dc/appium/device/info] with no body
&amp#27;[38;5;204m[f4e21cef]&amp#27;[0m&amp#27;[38;5;229m[ADB]&amp#27;[0m Running 'C:\Users\sajus\AppData\Local\Android\Sdk\platform-tools\adb.exe -P 5037 -s R3CRC00KHBT shell dumpsys window'
&amp#27;[38;5;84m[bf108470]&amp#27;[0m&amp#27;[38;5;229m[ADB]&amp#27;[0m Getting install status for io.appium.uiautomator2.server.test
&amp#27;[38;5;84m[bf108470]&amp#27;[0m&amp#27;[38;5;-60m[AndroidUiautomator2Driver@4f10]&amp#27;[0m No app capability. Assuming it is already on the device
&amp#27;[38;5;84m[bf108470]&amp#27;[0m&amp#27;[38;5;229m[ADB]&amp#27;[0m Running 'C:\Users\sajus\AppData\Local\Android\Sdk\platform-tools\adb.exe -P 5037 -s CTLID18120801016 shell cmd package list packages'
&amp#27;[38;5;204m[f4e21cef]&amp#27;[0m&amp#27;[38;5;229m[ADB]&amp#27;[0m Running 'C:\Users\sajus\AppData\Local\Android\Sdk\platform-tools\adb.exe -P 5037 -s R3CRC00KHBT shell dumpsys power'
&amp#27;[38;5;84m[bf108470]&amp#27;[0m&amp#27;[38;5;229m[ADB]&amp#27;[0m Reading package manifest: 'C:\\Users\\sajus\\AppData\\Local\\Android\\Sdk\\build-tools\\36.0.0\\aapt2.exe dump badging C:\\Users\\sajus\\.appium\\node_modules\\appium-uiautomator2-driver\\node_modules\\appium-uiautomator2-server\\apks\\appium-uiautomator2-server-v7.5.2.apk'
&amp#27;[38;5;204m[f4e21cef]&amp#27;[0m&amp#27;[38;5;-103m[AndroidUiautomator2Driver@2a65]&amp#27;[0m Got response with status 200: {"sessionId":"4438af8a-89f9-4b3c-b0f1-b9e00e8d65dc","value":3}
&amp#27;[38;5;204m[f4e21cef]&amp#27;[0m&amp#27;[38;5;-103m[AndroidUiautomator2Driver@2a65]&amp#27;[0m Got response with status 200: {"sessionId":"4438af8a-89f9-4b3c-b0f1-b9e00e8d65dc","value":{"height":2400,"width":1080}}
&amp#27;[38;5;204m[f4e21cef]&amp#27;[0m&amp#27;[38;5;-103m[AndroidUiautomator2Driver@2a65]&amp#27;[0m Got response with status 200: {"sessionId":"4438af8a-89f9-4b3c-b0f1-b9e00e8d65dc","value":{"statusBar":80}}
&amp#27;[38;5;84m[bf108470]&amp#27;[0m&amp#27;[38;5;229m[ADB]&amp#27;[0m 'io.appium.uiautomator2.server.test' is installed
&amp#27;[38;5;84m[bf108470]&amp#27;[0m&amp#27;[38;5;229m[ADB]&amp#27;[0m The version name of the installed 'io.appium.uiautomator2.server' is greater or equal to the application version name ('7.5.2' >= '7.5.2')
&amp#27;[38;5;84m[bf108470]&amp#27;[0m&amp#27;[38;5;-60m[AndroidUiautomator2Driver@4f10]&amp#27;[0m Server packages status: [{"installState":"sameVersionInstalled","appPath":"C:\\Users\\sajus\\.appium\\node_modules\\appium-uiautomator2-driver\\node_modules\\appium-uiautomator2-server\\apks\\appium-uiautomator2-server-v7.5.2.apk","appId":"io.appium.uiautomator2.server"},{"installState":"sameVersionInstalled","appPath":"C:\\Users\\sajus\\.appium\\node_modules\\appium-uiautomator2-driver\\node_modules\\appium-uiautomator2-server\\apks\\appium-uiautomator2-server-debug-androidTest.apk","appId":"io.appium.uiautomator2.server.test"}]
&amp#27;[38;5;84m[bf108470]&amp#27;[0m&amp#27;[38;5;-60m[AndroidUiautomator2Driver@4f10]&amp#27;[0m Server packages are not going to be (re)installed
&amp#27;[38;5;84m[bf108470]&amp#27;[0m&amp#27;[38;5;-60m[AndroidUiautomator2Driver@4f10]&amp#27;[0m Waiting up to 30000ms for services to be available
&amp#27;[38;5;84m[bf108470]&amp#27;[0m&amp#27;[38;5;229m[ADB]&amp#27;[0m Running 'C:\Users\sajus\AppData\Local\Android\Sdk\platform-tools\adb.exe -P 5037 -s CTLID18120801016 shell pm list instrumentation'
&amp#27;[38;5;204m[f4e21cef]&amp#27;[0m&amp#27;[38;5;-103m[AndroidUiautomator2Driver@2a65]&amp#27;[0m Got response with status 200: {"sessionId":"4438af8a-89f9-4b3c-b0f1-b9e00e8d65dc","value":{"androidId":"f27012414286a658","apiVersion":"35","bluetooth":{"state":"ON"},"brand":"samsung","carrierName":"","displayDensity":480,"locale":"en_CA","manufacturer":"samsung","model":"SM-G991W","networks":[{"capabilities":{"SSID":null,"linkDownBandwidthKbps":282299,"linkUpstreamBandwidthKbps":1421,"networkCapabilities":"NET_CAPABILITY_NOT_METERED,NET_CAPABILITY_INTERNET,NET_CAPABILITY_NOT_RESTRICTED,NET_CAPABILITY_TRUSTED,NET_CAPABILITY_NOT_VPN,NET_CAPABILITY_VALIDATED,NET_CAPABILITY_NOT_ROAMING,NET_CAPABILITY_FOREGROUND,NET_CAPABILITY_NOT_CONGESTED,NET_CAPABILITY_NOT_SUSPENDED","signalStrength":-55,"transportTypes":"TRANSPORT_WIFI"},"detailedState":"CONNECTED","extraInfo":"","isAvailable":true,"isConnected":true,"isFailover":false,"isRoaming":false,"state":"CONNECTED","subtype":-1,"subtypeName":"","type":1,"typeName":"WIFI"}],"platformVersion":"15","realDisplaySize":"1080x2400","timeZone":"America/New_York"}}
&amp#27;[38;5;204m[f4e21cef]&amp#27;[0m&amp#27;[38;5;-103m[AndroidUiautomator2Driver@2a65]&amp#27;[0m Screen already unlocked, doing nothing
&amp#27;[38;5;204m[f4e21cef]&amp#27;[0m&amp#27;[38;5;-103m[AndroidUiautomator2Driver@2a65]&amp#27;[0m Starting 'com.androidsample.generalstore/com.androidsample.generalstore.SplashActivity' and waiting for 'com.androidsample.generalstore/com.androidsample.generalstore.SplashActivity'
&amp#27;[38;5;204m[f4e21cef]&amp#27;[0m&amp#27;[38;5;229m[ADB]&amp#27;[0m Getting IDs of all 'com.androidsample.generalstore' processes
&amp#27;[38;5;204m[f4e21cef]&amp#27;[0m&amp#27;[38;5;229m[ADB]&amp#27;[0m Running 'C:\Users\sajus\AppData\Local\Android\Sdk\platform-tools\adb.exe -P 5037 -s R3CRC00KHBT shell 'pgrep --help; echo $?''
&amp#27;[38;5;84m[bf108470]&amp#27;[0m&amp#27;[38;5;-60m[AndroidUiautomator2Driver@4f10]&amp#27;[0m Instrumentation target 'io.appium.uiautomator2.server.test/androidx.test.runner.AndroidJUnitRunner' is available
&amp#27;[38;5;84m[bf108470]&amp#27;[0m&amp#27;[38;5;229m[ADB]&amp#27;[0m Adding packages ["io.appium.settings","io.appium.uiautomator2.server","io.appium.uiautomator2.server.test"] to Doze whitelist
&amp#27;[38;5;84m[bf108470]&amp#27;[0m&amp#27;[38;5;229m[ADB]&amp#27;[0m Got the following command chunks to execute: [["dumpsys","deviceidle","whitelist","+io.appium.settings",";","dumpsys","deviceidle","whitelist","+io.appium.uiautomator2.server",";","dumpsys","deviceidle","whitelist","+io.appium.uiautomator2.server.test",";"]]
&amp#27;[38;5;84m[bf108470]&amp#27;[0m&amp#27;[38;5;229m[ADB]&amp#27;[0m Running 'C:\Users\sajus\AppData\Local\Android\Sdk\platform-tools\adb.exe -P 5037 -s CTLID18120801016 shell dumpsys deviceidle whitelist +io.appium.settings ; dumpsys deviceidle whitelist +io.appium.uiautomator2.server ; dumpsys deviceidle whitelist +io.appium.uiautomator2.server.test ;'
&amp#27;[38;5;204m[f4e21cef]&amp#27;[0m&amp#27;[38;5;229m[ADB]&amp#27;[0m Running 'C:\Users\sajus\AppData\Local\Android\Sdk\platform-tools\adb.exe -P 5037 -s R3CRC00KHBT shell pgrep -f \(\[\[:blank:\]\]\|\^\)com\.androidsample\.generalstore\(:\[a-zA-Z0-9_-\]\+\)\?\(\[\[:blank:\]\]\|\$\)'
&amp#27;[38;5;84m[bf108470]&amp#27;[0m&amp#27;[38;5;-60m[AndroidUiautomator2Driver@4f10]&amp#27;[0m Performing shallow cleanup of automation leftovers
&amp#27;[38;5;204m[f4e21cef]&amp#27;[0m&amp#27;[38;5;229m[ADB]&amp#27;[0m Running 'C:\Users\sajus\AppData\Local\Android\Sdk\platform-tools\adb.exe -P 5037 -s R3CRC00KHBT shell am start-activity -W -n com.androidsample.generalstore/com.androidsample.generalstore.SplashActivity -S -a android.intent.action.MAIN -c android.intent.category.LAUNCHER -f 0x10200000'
&amp#27;[38;5;84m[bf108470]&amp#27;[0m&amp#27;[38;5;-60m[AndroidUiautomator2Driver@4f10]&amp#27;[0m No obsolete sessions have been detected (socket hang up)
&amp#27;[38;5;84m[bf108470]&amp#27;[0m&amp#27;[38;5;229m[ADB]&amp#27;[0m Running 'C:\Users\sajus\AppData\Local\Android\Sdk\platform-tools\adb.exe -P 5037 -s CTLID18120801016 shell am force-stop io.appium.uiautomator2.server'
&amp#27;[38;5;84m[bf108470]&amp#27;[0m&amp#27;[38;5;229m[ADB]&amp#27;[0m Running 'C:\Users\sajus\AppData\Local\Android\Sdk\platform-tools\adb.exe -P 5037 -s CTLID18120801016 shell am force-stop io.appium.uiautomator2.server.test'
&amp#27;[38;5;84m[bf108470]&amp#27;[0m&amp#27;[38;5;-60m[AndroidUiautomator2Driver@4f10]&amp#27;[0m Starting UIAutomator2 server 7.5.2
&amp#27;[38;5;84m[bf108470]&amp#27;[0m&amp#27;[38;5;-60m[AndroidUiautomator2Driver@4f10]&amp#27;[0m Using UIAutomator2 server from 'C:\Users\sajus\.appium\node_modules\appium-uiautomator2-driver\node_modules\appium-uiautomator2-server\apks\appium-uiautomator2-server-v7.5.2.apk' and test from 'C:\Users\sajus\.appium\node_modules\appium-uiautomator2-driver\node_modules\appium-uiautomator2-server\apks\appium-uiautomator2-server-debug-androidTest.apk'
&amp#27;[38;5;84m[bf108470]&amp#27;[0m&amp#27;[38;5;-60m[AndroidUiautomator2Driver@4f10]&amp#27;[0m Waiting up to 30000ms for UiAutomator2 to be online...
&amp#27;[38;5;84m[bf108470]&amp#27;[0m&amp#27;[38;5;229m[ADB]&amp#27;[0m Creating ADB subprocess with args: ["-P","5037","-s","CTLID18120801016","shell","am","instrument","-w","-e","disableAnalytics","true","io.appium.uiautomator2.server.test/androidx.test.runner.AndroidJUnitRunner"]
&amp#27;[38;5;84m[bf108470]&amp#27;[0m&amp#27;[38;5;-60m[AndroidUiautomator2Driver@4f10]&amp#27;[0m Matched '/status' to command name 'getStatus'
&amp#27;[38;5;84m[bf108470]&amp#27;[0m&amp#27;[38;5;-60m[AndroidUiautomator2Driver@4f10]&amp#27;[0m Proxying [GET /status] to [GET http://127.0.0.1:8202/status] with no body
&amp#27;[38;5;84m[bf108470]&amp#27;[0m&amp#27;[38;5;-60m[AndroidUiautomator2Driver@4f10]&amp#27;[0m socket hang up
&amp#27;[38;5;204m[f4e21cef]&amp#27;[0m&amp#27;[38;5;211m[AppiumDriver@6cff]&amp#27;[0m New AndroidUiautomator2Driver session created successfully, session f4e21cef-22bd-47be-acb4-849a9d02e6c3 added to master session list
&amp#27;[38;5;204m[f4e21cef]&amp#27;[0m&amp#27;[38;5;211m[AppiumDriver@6cff]&amp#27;[0m Event 'newSessionStarted' logged at 1750221901104 (00:45:01 GMT-0400 (Eastern Daylight Saving Time))
&amp#27;[38;5;204m[f4e21cef]&amp#27;[0m&amp#27;[38;5;-103m[AndroidUiautomator2Driver@2a65]&amp#27;[0m Cached the protocol value 'W3C' for the new session f4e21cef-22bd-47be-acb4-849a9d02e6c3
&amp#27;[38;5;204m[f4e21cef]&amp#27;[0m&amp#27;[38;5;-103m[AndroidUiautomator2Driver@2a65]&amp#27;[0m Responding to client with driver.createSession() result: {"capabilities":{"platformName":"ANDROID","appActivity":"com.androidsample.generalstore.SplashActivity","appPackage":"com.androidsample.generalstore","automationName":"UiAutomator2","deviceName":"R3CRC00KHBT","noReset":true,"platformVersion":"15","systemPort":8201,"udid":"R3CRC00KHBT","platform":"LINUX","webStorageEnabled":false,"takesScreenshot":true,"javascriptEnabled":true,"databaseEnabled":false,"networkConnectionEnabled":true,"locationContextEnabled":false,"warnings":{},"desired":{"platformName":"ANDROID","appActivity":"com.androidsample.generalstore.SplashActivity","appPackage":"com.androidsample.generalstore","automationName":"UiAutomator2","deviceName":"Samsung_Galaxy_S21","noReset":true,"platformVersion":"10.0","systemPort":8201,"udid":"R3CRC00KHBT"},"deviceUDID":"R3CRC00KHBT","pixelRatio":"3","statBarHeight":80,"viewportRect":{"left":0,"top":80,"width":1080,"height":2320},"deviceApiLevel":35,"deviceManufacturer":"samsung","deviceModel":"SM-G991W","deviceScreenSize":"1080x2400","deviceScreenDensit...
&amp#27;[38;5;204m[f4e21cef]&amp#27;[0m&amp#27;[38;5;86m[HTTP]&amp#27;[0m &amp#27;[37m<-- POST /session &amp#27;[39m&amp#27;[32m200&amp#27;[39m &amp#27;[90m4292 ms - 1090&amp#27;[39m &amp#27;[90m&amp#27;[39m
&amp#27;[38;5;84m[bf108470]&amp#27;[0m&amp#27;[38;5;-60m[AndroidUiautomator2Driver@4f10]&amp#27;[0m Matched '/status' to command name 'getStatus'
&amp#27;[38;5;84m[bf108470]&amp#27;[0m&amp#27;[38;5;-60m[AndroidUiautomator2Driver@4f10]&amp#27;[0m Proxying [GET /status] to [GET http://127.0.0.1:8202/status] with no body
&amp#27;[38;5;84m[bf108470]&amp#27;[0m&amp#27;[38;5;-60m[AndroidUiautomator2Driver@4f10]&amp#27;[0m socket hang up
&amp#27;[38;5;84m[bf108470]&amp#27;[0m&amp#27;[38;5;-60m[AndroidUiautomator2Driver@4f10]&amp#27;[0m [Instrumentation] 
&amp#27;[38;5;84m[bf108470]&amp#27;[0m&amp#27;[38;5;-60m[AndroidUiautomator2Driver@4f10]&amp#27;[0m Matched '/status' to command name 'getStatus'
&amp#27;[38;5;84m[bf108470]&amp#27;[0m&amp#27;[38;5;-60m[AndroidUiautomator2Driver@4f10]&amp#27;[0m Proxying [GET /status] to [GET http://127.0.0.1:8202/status] with no body
&amp#27;[38;5;84m[bf108470]&amp#27;[0m&amp#27;[38;5;-60m[AndroidUiautomator2Driver@4f10]&amp#27;[0m Got response with status 200: {"sessionId":"None","value":{"message":"UiAutomator2 Server is ready to accept commands","ready":true}}
&amp#27;[38;5;84m[bf108470]&amp#27;[0m&amp#27;[38;5;-60m[AndroidUiautomator2Driver@4f10]&amp#27;[0m The initialization of the instrumentation process took 2206ms
&amp#27;[38;5;84m[bf108470]&amp#27;[0m&amp#27;[38;5;-60m[AndroidUiautomator2Driver@4f10]&amp#27;[0m Matched '/session' to command name 'createSession'
&amp#27;[38;5;84m[bf108470]&amp#27;[0m&amp#27;[38;5;-60m[AndroidUiautomator2Driver@4f10]&amp#27;[0m Proxying [POST /session] to [POST http://127.0.0.1:8202/session] with body: {"capabilities":{"firstMatch":[{"platformName":"ANDROID","appActivity":"com.androidsample.generalstore.SplashActivity","appPackage":"com.androidsample.generalstore","automationName":"UiAutomator2","deviceName":"CTLID18120801016","noReset":true,"platformVersion":"11.0","systemPort":8202,"udid":"CTLID18120801016","platform":"LINUX","webStorageEnabled":false,"takesScreenshot":true,"javascriptEnabled":true,"databaseEnabled":false,"networkConnectionEnabled":true,"locationContextEnabled":false,"warnings":{},"desired":{"platformName":"ANDROID","appActivity":"com.androidsample.generalstore.SplashActivity","appPackage":"com.androidsample.generalstore","automationName":"UiAutomator2","deviceName":"Nokia","noReset":true,"platformVersion":"11.0","systemPort":8202,"udid":"CTLID18120801016"},"deviceUDID":"CTLID18120801016"}],"alwaysMatch":{}}}
&amp#27;[38;5;84m[bf108470]&amp#27;[0m&amp#27;[38;5;-60m[AndroidUiautomator2Driver@4f10]&amp#27;[0m Got response with status 200: {"sessionId":"3ade6d62-387d-4ea7-8043-c5afb2572173","value":{"capabilities":{"firstMatch":[{"platformName":"ANDROID","appActivity":"com.androidsample.generalstore.SplashActivity","appPackage":"com.androidsample.generalstore","automationName":"UiAutomator2","deviceName":"CTLID18120801016","noReset":true,"platformVersion":"11.0","systemPort":8202,"udid":"CTLID18120801016","platform":"LINUX","webStorageEnabled":false,"takesScreenshot":true,"javascriptEnabled":true,"databaseEnabled":false,"networkConnectionEnabled":true,"locationContextEnabled":false,"warnings":{},"desired":{"platformName":"ANDROID","appActivity":"com.androidsample.generalstore.SplashActivity","appPackage":"com.androidsample.generalstore","automationName":"UiAutomator2","deviceName":"Nokia","noReset":true,"platformVersion":"11.0","systemPort":8202,"udid":"CTLID18120801016"},"deviceUDID":"CTLID18120801016"}],"alwaysMatch":{}},"sessionId":"3ade6d62-387d-4ea7-8043-c5afb2572173"}}
&amp#27;[38;5;84m[bf108470]&amp#27;[0m&amp#27;[38;5;-60m[AndroidUiautomator2Driver@4f10]&amp#27;[0m Determined the downstream protocol as 'W3C'
&amp#27;[38;5;84m[bf108470]&amp#27;[0m&amp#27;[38;5;-60m[AndroidUiautomator2Driver@4f10]&amp#27;[0m Proxying [GET /appium/device/pixel_ratio] to [GET http://127.0.0.1:8202/session/3ade6d62-387d-4ea7-8043-c5afb2572173/appium/device/pixel_ratio] with no body
&amp#27;[38;5;84m[bf108470]&amp#27;[0m&amp#27;[38;5;-60m[AndroidUiautomator2Driver@4f10]&amp#27;[0m Matched '/appium/device/system_bars' to command name 'getSystemBars'
&amp#27;[38;5;84m[bf108470]&amp#27;[0m&amp#27;[38;5;-60m[AndroidUiautomator2Driver@4f10]&amp#27;[0m Proxying [GET /appium/device/system_bars] to [GET http://127.0.0.1:8202/session/3ade6d62-387d-4ea7-8043-c5afb2572173/appium/device/system_bars] with no body
&amp#27;[38;5;84m[bf108470]&amp#27;[0m&amp#27;[38;5;-60m[AndroidUiautomator2Driver@4f10]&amp#27;[0m Matched '/window/current/size' to command name 'getWindowSize'
&amp#27;[38;5;84m[bf108470]&amp#27;[0m&amp#27;[38;5;-60m[AndroidUiautomator2Driver@4f10]&amp#27;[0m Proxying [GET /window/current/size] to [GET http://127.0.0.1:8202/session/3ade6d62-387d-4ea7-8043-c5afb2572173/window/current/size] with no body
&amp#27;[38;5;84m[bf108470]&amp#27;[0m&amp#27;[38;5;-60m[AndroidUiautomator2Driver@4f10]&amp#27;[0m Proxying [GET /appium/device/info] to [GET http://127.0.0.1:8202/session/3ade6d62-387d-4ea7-8043-c5afb2572173/appium/device/info] with no body
&amp#27;[38;5;84m[bf108470]&amp#27;[0m&amp#27;[38;5;229m[ADB]&amp#27;[0m Running 'C:\Users\sajus\AppData\Local\Android\Sdk\platform-tools\adb.exe -P 5037 -s CTLID18120801016 shell dumpsys window'
&amp#27;[38;5;84m[bf108470]&amp#27;[0m&amp#27;[38;5;229m[ADB]&amp#27;[0m Running 'C:\Users\sajus\AppData\Local\Android\Sdk\platform-tools\adb.exe -P 5037 -s CTLID18120801016 shell dumpsys power'
&amp#27;[38;5;84m[bf108470]&amp#27;[0m&amp#27;[38;5;-60m[AndroidUiautomator2Driver@4f10]&amp#27;[0m Got response with status 200: {"sessionId":"3ade6d62-387d-4ea7-8043-c5afb2572173","value":2.625}
&amp#27;[38;5;84m[bf108470]&amp#27;[0m&amp#27;[38;5;-60m[AndroidUiautomator2Driver@4f10]&amp#27;[0m Got response with status 200: {"sessionId":"3ade6d62-387d-4ea7-8043-c5afb2572173","value":{"height":2280,"width":1080}}
&amp#27;[38;5;84m[bf108470]&amp#27;[0m&amp#27;[38;5;-60m[AndroidUiautomator2Driver@4f10]&amp#27;[0m Got response with status 200: {"sessionId":"3ade6d62-387d-4ea7-8043-c5afb2572173","value":{"statusBar":89}}
&amp#27;[38;5;84m[bf108470]&amp#27;[0m&amp#27;[38;5;-60m[AndroidUiautomator2Driver@4f10]&amp#27;[0m Screen already unlocked, doing nothing
&amp#27;[38;5;84m[bf108470]&amp#27;[0m&amp#27;[38;5;-60m[AndroidUiautomator2Driver@4f10]&amp#27;[0m Starting 'com.androidsample.generalstore/com.androidsample.generalstore.SplashActivity' and waiting for 'com.androidsample.generalstore/com.androidsample.generalstore.SplashActivity'
&amp#27;[38;5;84m[bf108470]&amp#27;[0m&amp#27;[38;5;229m[ADB]&amp#27;[0m Getting IDs of all 'com.androidsample.generalstore' processes
&amp#27;[38;5;84m[bf108470]&amp#27;[0m&amp#27;[38;5;229m[ADB]&amp#27;[0m Running 'C:\Users\sajus\AppData\Local\Android\Sdk\platform-tools\adb.exe -P 5037 -s CTLID18120801016 shell 'pgrep --help; echo $?''
&amp#27;[38;5;84m[bf108470]&amp#27;[0m&amp#27;[38;5;-60m[AndroidUiautomator2Driver@4f10]&amp#27;[0m Got response with status 200: {"sessionId":"3ade6d62-387d-4ea7-8043-c5afb2572173","value":{"androidId":"7be9e4e610cc4454","apiVersion":"29","bluetooth":{"state":"OFF"},"brand":"Nokia","carrierName":"","displayDensity":420,"locale":"en_IN","manufacturer":"HMD Global","model":"Nokia 7.1","networks":[{"capabilities":{"SSID":null,"linkDownBandwidthKbps":1048576,"linkUpstreamBandwidthKbps":1048576,"networkCapabilities":"NET_CAPABILITY_NOT_METERED,NET_CAPABILITY_INTERNET,NET_CAPABILITY_NOT_RESTRICTED,NET_CAPABILITY_TRUSTED,NET_CAPABILITY_NOT_VPN,NET_CAPABILITY_VALIDATED,NET_CAPABILITY_NOT_ROAMING,NET_CAPABILITY_FOREGROUND,NET_CAPABILITY_NOT_CONGESTED,NET_CAPABILITY_NOT_SUSPENDED","signalStrength":-56,"transportTypes":"TRANSPORT_WIFI"},"detailedState":"CONNECTED","extraInfo":null,"isAvailable":true,"isConnected":true,"isFailover":false,"isRoaming":false,"state":"CONNECTED","subtype":0,"subtypeName":"","type":1,"typeName":"WIFI"}],"platformVersion":"10","realDisplaySize":"1080x2280","timeZone":"America/Toronto"}}
&amp#27;[38;5;84m[bf108470]&amp#27;[0m&amp#27;[38;5;229m[ADB]&amp#27;[0m Running 'C:\Users\sajus\AppData\Local\Android\Sdk\platform-tools\adb.exe -P 5037 -s CTLID18120801016 shell pgrep -f \(\[\[:blank:\]\]\|\^\)com\.androidsample\.generalstore\(:\[a-zA-Z0-9_-\]\+\)\?\(\[\[:blank:\]\]\|\$\)'
&amp#27;[38;5;84m[bf108470]&amp#27;[0m&amp#27;[38;5;229m[ADB]&amp#27;[0m Running 'C:\Users\sajus\AppData\Local\Android\Sdk\platform-tools\adb.exe -P 5037 -s CTLID18120801016 shell am start-activity -W -n com.androidsample.generalstore/com.androidsample.generalstore.SplashActivity -S -a android.intent.action.MAIN -c android.intent.category.LAUNCHER -f 0x10200000'
&amp#27;[38;5;84m[bf108470]&amp#27;[0m&amp#27;[38;5;39m[AppiumDriver@17ef]&amp#27;[0m New AndroidUiautomator2Driver session created successfully, session bf108470-aefa-4ade-9a0e-c46f45ff2392 added to master session list
&amp#27;[38;5;84m[bf108470]&amp#27;[0m&amp#27;[38;5;39m[AppiumDriver@17ef]&amp#27;[0m Event 'newSessionStarted' logged at 1750221904003 (00:45:04 GMT-0400 (Eastern Daylight Saving Time))
&amp#27;[38;5;84m[bf108470]&amp#27;[0m&amp#27;[38;5;-60m[AndroidUiautomator2Driver@4f10]&amp#27;[0m Cached the protocol value 'W3C' for the new session bf108470-aefa-4ade-9a0e-c46f45ff2392
&amp#27;[38;5;84m[bf108470]&amp#27;[0m&amp#27;[38;5;-60m[AndroidUiautomator2Driver@4f10]&amp#27;[0m Responding to client with driver.createSession() result: {"capabilities":{"platformName":"ANDROID","appActivity":"com.androidsample.generalstore.SplashActivity","appPackage":"com.androidsample.generalstore","automationName":"UiAutomator2","deviceName":"CTLID18120801016","noReset":true,"platformVersion":"10","systemPort":8202,"udid":"CTLID18120801016","platform":"LINUX","webStorageEnabled":false,"takesScreenshot":true,"javascriptEnabled":true,"databaseEnabled":false,"networkConnectionEnabled":true,"locationContextEnabled":false,"warnings":{},"desired":{"platformName":"ANDROID","appActivity":"com.androidsample.generalstore.SplashActivity","appPackage":"com.androidsample.generalstore","automationName":"UiAutomator2","deviceName":"Nokia","noReset":true,"platformVersion":"11.0","systemPort":8202,"udid":"CTLID18120801016"},"deviceUDID":"CTLID18120801016","pixelRatio":"2.625","statBarHeight":89,"viewportRect":{"left":0,"top":89,"width":1080,"height":2191},"deviceApiLevel":29,"deviceManufacturer":"HMD Global","deviceModel":"Nokia 7.1","deviceScreenSize":"1080x2280","dev...
&amp#27;[38;5;84m[bf108470]&amp#27;[0m&amp#27;[38;5;86m[HTTP]&amp#27;[0m &amp#27;[37m<-- POST /session &amp#27;[39m&amp#27;[32m200&amp#27;[39m &amp#27;[90m5062 ms - 1105&amp#27;[39m &amp#27;[90m&amp#27;[39m
&amp#27;[38;5;204m[f4e21cef]&amp#27;[0m&amp#27;[38;5;86m[HTTP]&amp#27;[0m &amp#27;[37m-->&amp#27;[39m &amp#27;[37mPOST&amp#27;[39m &amp#27;[37m/session/f4e21cef-22bd-47be-acb4-849a9d02e6c3/element&amp#27;[39m &amp#27;[90m{"using":"id","value":"com.androidsample.generalstore:id/nameField"}&amp#27;[39m
&amp#27;[38;5;204m[f4e21cef]&amp#27;[0m&amp#27;[38;5;-103m[AndroidUiautomator2Driver@2a65]&amp#27;[0m Calling AppiumDriver.findElement() with args: ["id","com.androidsample.generalstore:id/nameField","f4e21cef-22bd-47be-acb4-849a9d02e6c3"]
&amp#27;[38;5;204m[f4e21cef]&amp#27;[0m&amp#27;[38;5;-103m[AndroidUiautomator2Driver@2a65]&amp#27;[0m Valid locator strategies for this request: xpath, id, class name, accessibility id, css selector, -android uiautomator
&amp#27;[38;5;204m[f4e21cef]&amp#27;[0m&amp#27;[38;5;-103m[AndroidUiautomator2Driver@2a65]&amp#27;[0m Waiting up to 0 ms for condition
&amp#27;[38;5;204m[f4e21cef]&amp#27;[0m&amp#27;[38;5;-103m[AndroidUiautomator2Driver@2a65]&amp#27;[0m Matched '/element' to command name 'findElement'
&amp#27;[38;5;204m[f4e21cef]&amp#27;[0m&amp#27;[38;5;-103m[AndroidUiautomator2Driver@2a65]&amp#27;[0m Proxying [POST /element] to [POST http://127.0.0.1:8201/session/4438af8a-89f9-4b3c-b0f1-b9e00e8d65dc/element] with body: {"strategy":"id","selector":"com.androidsample.generalstore:id/nameField","context":"","multiple":false}
&amp#27;[38;5;204m[f4e21cef]&amp#27;[0m&amp#27;[38;5;-103m[AndroidUiautomator2Driver@2a65]&amp#27;[0m Got response with status 200: {"sessionId":"4438af8a-89f9-4b3c-b0f1-b9e00e8d65dc","value":{"ELEMENT":"00000000-0000-1189-ffff-ffff0000001c","element-6066-11e4-a52e-4f735466cecf":"00000000-0000-1189-ffff-ffff0000001c"}}
&amp#27;[38;5;204m[f4e21cef]&amp#27;[0m&amp#27;[38;5;-103m[AndroidUiautomator2Driver@2a65]&amp#27;[0m Responding to client with driver.findElement() result: {"element-6066-11e4-a52e-4f735466cecf":"00000000-0000-1189-ffff-ffff0000001c","ELEMENT":"00000000-0000-1189-ffff-ffff0000001c"}
&amp#27;[38;5;204m[f4e21cef]&amp#27;[0m&amp#27;[38;5;86m[HTTP]&amp#27;[0m &amp#27;[37m<-- POST /session/f4e21cef-22bd-47be-acb4-849a9d02e6c3/element &amp#27;[39m&amp#27;[32m200&amp#27;[39m &amp#27;[90m53 ms - 137&amp#27;[39m &amp#27;[90m&amp#27;[39m
&amp#27;[38;5;204m[f4e21cef]&amp#27;[0m&amp#27;[38;5;86m[HTTP]&amp#27;[0m &amp#27;[37m-->&amp#27;[39m &amp#27;[37mPOST&amp#27;[39m &amp#27;[37m/session/f4e21cef-22bd-47be-acb4-849a9d02e6c3/element/00000000-0000-1189-ffff-ffff0000001c/value&amp#27;[39m &amp#27;[90m{"id":"00000000-0000-1189-ffff-ffff0000001c","text":"Steve Smith","value":["S","t","e","v","e"," ","S","m","i","t","h"]}&amp#27;[39m
&amp#27;[38;5;204m[f4e21cef]&amp#27;[0m&amp#27;[38;5;-103m[AndroidUiautomator2Driver@2a65]&amp#27;[0m Calling AppiumDriver.setValue() with args: [["S","t","e","v","e"," ","S","m","i","t","h"],"00000000-0000-1189-ffff-ffff0000001c","f4e21cef-22bd-47be-acb4-849a9d02e6c3"]
&amp#27;[38;5;204m[f4e21cef]&amp#27;[0m&amp#27;[38;5;-103m[AndroidUiautomator2Driver@2a65]&amp#27;[0m Matched '/element/00000000-0000-1189-ffff-ffff0000001c/value' to command name 'setValue'
&amp#27;[38;5;204m[f4e21cef]&amp#27;[0m&amp#27;[38;5;-103m[AndroidUiautomator2Driver@2a65]&amp#27;[0m Added 'value' property ["S","t","e","v","e"," ","S","m","i","t","h"] to 'setValue' request body
&amp#27;[38;5;204m[f4e21cef]&amp#27;[0m&amp#27;[38;5;-103m[AndroidUiautomator2Driver@2a65]&amp#27;[0m Proxying [POST /element/00000000-0000-1189-ffff-ffff0000001c/value] to [POST http://127.0.0.1:8201/session/4438af8a-89f9-4b3c-b0f1-b9e00e8d65dc/element/00000000-0000-1189-ffff-ffff0000001c/value] with body: {"elementId":"00000000-0000-1189-ffff-ffff0000001c","text":"Steve Smith","replace":false,"value":["S","t","e","v","e"," ","S","m","i","t","h"]}
&amp#27;[38;5;204m[f4e21cef]&amp#27;[0m&amp#27;[38;5;-103m[AndroidUiautomator2Driver@2a65]&amp#27;[0m Got response with status 200: {"sessionId":"4438af8a-89f9-4b3c-b0f1-b9e00e8d65dc","value":null}
&amp#27;[38;5;204m[f4e21cef]&amp#27;[0m&amp#27;[38;5;-103m[AndroidUiautomator2Driver@2a65]&amp#27;[0m Responding to client with driver.setValue() result: null
&amp#27;[38;5;204m[f4e21cef]&amp#27;[0m&amp#27;[38;5;86m[HTTP]&amp#27;[0m &amp#27;[37m<-- POST /session/f4e21cef-22bd-47be-acb4-849a9d02e6c3/element/00000000-0000-1189-ffff-ffff0000001c/value &amp#27;[39m&amp#27;[32m200&amp#27;[39m &amp#27;[90m561 ms - 14&amp#27;[39m &amp#27;[90m&amp#27;[39m
&amp#27;[38;5;204m[f4e21cef]&amp#27;[0m&amp#27;[38;5;86m[HTTP]&amp#27;[0m &amp#27;[37m-->&amp#27;[39m &amp#27;[37mPOST&amp#27;[39m &amp#27;[37m/session/f4e21cef-22bd-47be-acb4-849a9d02e6c3/execute/sync&amp#27;[39m &amp#27;[90m{"script":"mobile: hideKeyboard","args":[]}&amp#27;[39m
&amp#27;[38;5;204m[f4e21cef]&amp#27;[0m&amp#27;[38;5;-103m[AndroidUiautomator2Driver@2a65]&amp#27;[0m Calling AppiumDriver.execute() with args: ["mobile: hideKeyboard",[],"f4e21cef-22bd-47be-acb4-849a9d02e6c3"]
&amp#27;[38;5;204m[f4e21cef]&amp#27;[0m&amp#27;[38;5;229m[ADB]&amp#27;[0m Running 'C:\Users\sajus\AppData\Local\Android\Sdk\platform-tools\adb.exe -P 5037 -s R3CRC00KHBT shell dumpsys input_method'
&amp#27;[38;5;204m[f4e21cef]&amp#27;[0m&amp#27;[38;5;229m[ADB]&amp#27;[0m Keyboard has no UI; no closing necessary
&amp#27;[38;5;204m[f4e21cef]&amp#27;[0m&amp#27;[38;5;-103m[AndroidUiautomator2Driver@2a65]&amp#27;[0m Responding to client with driver.execute() result: false
&amp#27;[38;5;204m[f4e21cef]&amp#27;[0m&amp#27;[38;5;86m[HTTP]&amp#27;[0m &amp#27;[37m<-- POST /session/f4e21cef-22bd-47be-acb4-849a9d02e6c3/execute/sync &amp#27;[39m&amp#27;[32m200&amp#27;[39m &amp#27;[90m177 ms - 15&amp#27;[39m &amp#27;[90m&amp#27;[39m
&amp#27;[38;5;204m[f4e21cef]&amp#27;[0m&amp#27;[38;5;86m[HTTP]&amp#27;[0m &amp#27;[37m-->&amp#27;[39m &amp#27;[37mPOST&amp#27;[39m &amp#27;[37m/session/f4e21cef-22bd-47be-acb4-849a9d02e6c3/element&amp#27;[39m &amp#27;[90m{"using":"id","value":"com.androidsample.generalstore:id/radioFemale"}&amp#27;[39m
&amp#27;[38;5;204m[f4e21cef]&amp#27;[0m&amp#27;[38;5;-103m[AndroidUiautomator2Driver@2a65]&amp#27;[0m Calling AppiumDriver.findElement() with args: ["id","com.androidsample.generalstore:id/radioFemale","f4e21cef-22bd-47be-acb4-849a9d02e6c3"]
&amp#27;[38;5;204m[f4e21cef]&amp#27;[0m&amp#27;[38;5;-103m[AndroidUiautomator2Driver@2a65]&amp#27;[0m Valid locator strategies for this request: xpath, id, class name, accessibility id, css selector, -android uiautomator
&amp#27;[38;5;204m[f4e21cef]&amp#27;[0m&amp#27;[38;5;-103m[AndroidUiautomator2Driver@2a65]&amp#27;[0m Waiting up to 0 ms for condition
&amp#27;[38;5;204m[f4e21cef]&amp#27;[0m&amp#27;[38;5;-103m[AndroidUiautomator2Driver@2a65]&amp#27;[0m Matched '/element' to command name 'findElement'
&amp#27;[38;5;204m[f4e21cef]&amp#27;[0m&amp#27;[38;5;-103m[AndroidUiautomator2Driver@2a65]&amp#27;[0m Proxying [POST /element] to [POST http://127.0.0.1:8201/session/4438af8a-89f9-4b3c-b0f1-b9e00e8d65dc/element] with body: {"strategy":"id","selector":"com.androidsample.generalstore:id/radioFemale","context":"","multiple":false}
&amp#27;[38;5;204m[f4e21cef]&amp#27;[0m&amp#27;[38;5;-103m[AndroidUiautomator2Driver@2a65]&amp#27;[0m Got response with status 200: {"sessionId":"4438af8a-89f9-4b3c-b0f1-b9e00e8d65dc","value":{"ELEMENT":"00000000-0000-1189-ffff-ffff00000020","element-6066-11e4-a52e-4f735466cecf":"00000000-0000-1189-ffff-ffff00000020"}}
&amp#27;[38;5;204m[f4e21cef]&amp#27;[0m&amp#27;[38;5;-103m[AndroidUiautomator2Driver@2a65]&amp#27;[0m Responding to client with driver.findElement() result: {"element-6066-11e4-a52e-4f735466cecf":"00000000-0000-1189-ffff-ffff00000020","ELEMENT":"00000000-0000-1189-ffff-ffff00000020"}
&amp#27;[38;5;204m[f4e21cef]&amp#27;[0m&amp#27;[38;5;86m[HTTP]&amp#27;[0m &amp#27;[37m<-- POST /session/f4e21cef-22bd-47be-acb4-849a9d02e6c3/element &amp#27;[39m&amp#27;[32m200&amp#27;[39m &amp#27;[90m351 ms - 137&amp#27;[39m &amp#27;[90m&amp#27;[39m
&amp#27;[38;5;204m[f4e21cef]&amp#27;[0m&amp#27;[38;5;86m[HTTP]&amp#27;[0m &amp#27;[37m-->&amp#27;[39m &amp#27;[37mPOST&amp#27;[39m &amp#27;[37m/session/f4e21cef-22bd-47be-acb4-849a9d02e6c3/element/00000000-0000-1189-ffff-ffff00000020/click&amp#27;[39m &amp#27;[90m{"id":"00000000-0000-1189-ffff-ffff00000020"}&amp#27;[39m
&amp#27;[38;5;204m[f4e21cef]&amp#27;[0m&amp#27;[38;5;-103m[AndroidUiautomator2Driver@2a65]&amp#27;[0m Calling AppiumDriver.click() with args: ["00000000-0000-1189-ffff-ffff00000020","f4e21cef-22bd-47be-acb4-849a9d02e6c3"]
&amp#27;[38;5;204m[f4e21cef]&amp#27;[0m&amp#27;[38;5;-103m[AndroidUiautomator2Driver@2a65]&amp#27;[0m Matched '/element/00000000-0000-1189-ffff-ffff00000020/click' to command name 'click'
&amp#27;[38;5;204m[f4e21cef]&amp#27;[0m&amp#27;[38;5;-103m[AndroidUiautomator2Driver@2a65]&amp#27;[0m Proxying [POST /element/00000000-0000-1189-ffff-ffff00000020/click] to [POST http://127.0.0.1:8201/session/4438af8a-89f9-4b3c-b0f1-b9e00e8d65dc/element/00000000-0000-1189-ffff-ffff00000020/click] with body: {"element":"00000000-0000-1189-ffff-ffff00000020"}
&amp#27;[38;5;204m[f4e21cef]&amp#27;[0m&amp#27;[38;5;-103m[AndroidUiautomator2Driver@2a65]&amp#27;[0m Got response with status 200: {"sessionId":"4438af8a-89f9-4b3c-b0f1-b9e00e8d65dc","value":null}
&amp#27;[38;5;204m[f4e21cef]&amp#27;[0m&amp#27;[38;5;-103m[AndroidUiautomator2Driver@2a65]&amp#27;[0m Responding to client with driver.click() result: null
&amp#27;[38;5;204m[f4e21cef]&amp#27;[0m&amp#27;[38;5;86m[HTTP]&amp#27;[0m &amp#27;[37m<-- POST /session/f4e21cef-22bd-47be-acb4-849a9d02e6c3/element/00000000-0000-1189-ffff-ffff00000020/click &amp#27;[39m&amp#27;[32m200&amp#27;[39m &amp#27;[90m686 ms - 14&amp#27;[39m &amp#27;[90m&amp#27;[39m
&amp#27;[38;5;204m[f4e21cef]&amp#27;[0m&amp#27;[38;5;86m[HTTP]&amp#27;[0m &amp#27;[37m-->&amp#27;[39m &amp#27;[37mPOST&amp#27;[39m &amp#27;[37m/session/f4e21cef-22bd-47be-acb4-849a9d02e6c3/element&amp#27;[39m &amp#27;[90m{"using":"id","value":"android:id/text1"}&amp#27;[39m
&amp#27;[38;5;204m[f4e21cef]&amp#27;[0m&amp#27;[38;5;-103m[AndroidUiautomator2Driver@2a65]&amp#27;[0m Calling AppiumDriver.findElement() with args: ["id","android:id/text1","f4e21cef-22bd-47be-acb4-849a9d02e6c3"]
&amp#27;[38;5;204m[f4e21cef]&amp#27;[0m&amp#27;[38;5;-103m[AndroidUiautomator2Driver@2a65]&amp#27;[0m Valid locator strategies for this request: xpath, id, class name, accessibility id, css selector, -android uiautomator
&amp#27;[38;5;204m[f4e21cef]&amp#27;[0m&amp#27;[38;5;-103m[AndroidUiautomator2Driver@2a65]&amp#27;[0m Waiting up to 0 ms for condition
&amp#27;[38;5;204m[f4e21cef]&amp#27;[0m&amp#27;[38;5;-103m[AndroidUiautomator2Driver@2a65]&amp#27;[0m Matched '/element' to command name 'findElement'
&amp#27;[38;5;204m[f4e21cef]&amp#27;[0m&amp#27;[38;5;-103m[AndroidUiautomator2Driver@2a65]&amp#27;[0m Proxying [POST /element] to [POST http://127.0.0.1:8201/session/4438af8a-89f9-4b3c-b0f1-b9e00e8d65dc/element] with body: {"strategy":"id","selector":"android:id/text1","context":"","multiple":false}
&amp#27;[38;5;204m[f4e21cef]&amp#27;[0m&amp#27;[38;5;-103m[AndroidUiautomator2Driver@2a65]&amp#27;[0m Got response with status 200: {"sessionId":"4438af8a-89f9-4b3c-b0f1-b9e00e8d65dc","value":{"ELEMENT":"00000000-0000-1189-ffff-ffff00000024","element-6066-11e4-a52e-4f735466cecf":"00000000-0000-1189-ffff-ffff00000024"}}
&amp#27;[38;5;204m[f4e21cef]&amp#27;[0m&amp#27;[38;5;-103m[AndroidUiautomator2Driver@2a65]&amp#27;[0m Responding to client with driver.findElement() result: {"element-6066-11e4-a52e-4f735466cecf":"00000000-0000-1189-ffff-ffff00000024","ELEMENT":"00000000-0000-1189-ffff-ffff00000024"}
&amp#27;[38;5;204m[f4e21cef]&amp#27;[0m&amp#27;[38;5;86m[HTTP]&amp#27;[0m &amp#27;[37m<-- POST /session/f4e21cef-22bd-47be-acb4-849a9d02e6c3/element &amp#27;[39m&amp#27;[32m200&amp#27;[39m &amp#27;[90m62 ms - 137&amp#27;[39m &amp#27;[90m&amp#27;[39m
&amp#27;[38;5;204m[f4e21cef]&amp#27;[0m&amp#27;[38;5;86m[HTTP]&amp#27;[0m &amp#27;[37m-->&amp#27;[39m &amp#27;[37mPOST&amp#27;[39m &amp#27;[37m/session/f4e21cef-22bd-47be-acb4-849a9d02e6c3/element/00000000-0000-1189-ffff-ffff00000024/click&amp#27;[39m &amp#27;[90m{"id":"00000000-0000-1189-ffff-ffff00000024"}&amp#27;[39m
&amp#27;[38;5;204m[f4e21cef]&amp#27;[0m&amp#27;[38;5;-103m[AndroidUiautomator2Driver@2a65]&amp#27;[0m Calling AppiumDriver.click() with args: ["00000000-0000-1189-ffff-ffff00000024","f4e21cef-22bd-47be-acb4-849a9d02e6c3"]
&amp#27;[38;5;204m[f4e21cef]&amp#27;[0m&amp#27;[38;5;-103m[AndroidUiautomator2Driver@2a65]&amp#27;[0m Matched '/element/00000000-0000-1189-ffff-ffff00000024/click' to command name 'click'
&amp#27;[38;5;204m[f4e21cef]&amp#27;[0m&amp#27;[38;5;-103m[AndroidUiautomator2Driver@2a65]&amp#27;[0m Proxying [POST /element/00000000-0000-1189-ffff-ffff00000024/click] to [POST http://127.0.0.1:8201/session/4438af8a-89f9-4b3c-b0f1-b9e00e8d65dc/element/00000000-0000-1189-ffff-ffff00000024/click] with body: {"element":"00000000-0000-1189-ffff-ffff00000024"}
&amp#27;[38;5;204m[f4e21cef]&amp#27;[0m&amp#27;[38;5;-103m[AndroidUiautomator2Driver@2a65]&amp#27;[0m Got response with status 200: {"sessionId":"4438af8a-89f9-4b3c-b0f1-b9e00e8d65dc","value":null}
&amp#27;[38;5;204m[f4e21cef]&amp#27;[0m&amp#27;[38;5;-103m[AndroidUiautomator2Driver@2a65]&amp#27;[0m Responding to client with driver.click() result: null
&amp#27;[38;5;204m[f4e21cef]&amp#27;[0m&amp#27;[38;5;86m[HTTP]&amp#27;[0m &amp#27;[37m<-- POST /session/f4e21cef-22bd-47be-acb4-849a9d02e6c3/element/00000000-0000-1189-ffff-ffff00000024/click &amp#27;[39m&amp#27;[32m200&amp#27;[39m &amp#27;[90m74 ms - 14&amp#27;[39m &amp#27;[90m&amp#27;[39m
&amp#27;[38;5;204m[f4e21cef]&amp#27;[0m&amp#27;[38;5;86m[HTTP]&amp#27;[0m &amp#27;[37m-->&amp#27;[39m &amp#27;[37mPOST&amp#27;[39m &amp#27;[37m/session/f4e21cef-22bd-47be-acb4-849a9d02e6c3/element&amp#27;[39m &amp#27;[90m{"using":"-android uiautomator","value":"new UiScrollable(new UiSelector()).scrollIntoView(text(\"Argentina\"));"}&amp#27;[39m
&amp#27;[38;5;204m[f4e21cef]&amp#27;[0m&amp#27;[38;5;-103m[AndroidUiautomator2Driver@2a65]&amp#27;[0m Calling AppiumDriver.findElement() with args: ["-android uiautomator","new UiScrollable(new UiSelector()).scrollIntoView(text(\"Argentina\"));","f4e21cef-22bd-47be-acb4-849a9d02e6c3"]
&amp#27;[38;5;204m[f4e21cef]&amp#27;[0m&amp#27;[38;5;-103m[AndroidUiautomator2Driver@2a65]&amp#27;[0m Valid locator strategies for this request: xpath, id, class name, accessibility id, css selector, -android uiautomator
&amp#27;[38;5;204m[f4e21cef]&amp#27;[0m&amp#27;[38;5;-103m[AndroidUiautomator2Driver@2a65]&amp#27;[0m Waiting up to 0 ms for condition
&amp#27;[38;5;204m[f4e21cef]&amp#27;[0m&amp#27;[38;5;-103m[AndroidUiautomator2Driver@2a65]&amp#27;[0m Matched '/element' to command name 'findElement'
&amp#27;[38;5;204m[f4e21cef]&amp#27;[0m&amp#27;[38;5;-103m[AndroidUiautomator2Driver@2a65]&amp#27;[0m Proxying [POST /element] to [POST http://127.0.0.1:8201/session/4438af8a-89f9-4b3c-b0f1-b9e00e8d65dc/element] with body: {"strategy":"-android uiautomator","selector":"new UiScrollable(new UiSelector()).scrollIntoView(text(\"Argentina\"));","context":"","multiple":false}
&amp#27;[38;5;84m[bf108470]&amp#27;[0m&amp#27;[38;5;86m[HTTP]&amp#27;[0m &amp#27;[37m-->&amp#27;[39m &amp#27;[37mPOST&amp#27;[39m &amp#27;[37m/session/bf108470-aefa-4ade-9a0e-c46f45ff2392/element&amp#27;[39m &amp#27;[90m{"using":"id","value":"com.androidsample.generalstore:id/nameField"}&amp#27;[39m
&amp#27;[38;5;84m[bf108470]&amp#27;[0m&amp#27;[38;5;-60m[AndroidUiautomator2Driver@4f10]&amp#27;[0m Calling AppiumDriver.findElement() with args: ["id","com.androidsample.generalstore:id/nameField","bf108470-aefa-4ade-9a0e-c46f45ff2392"]
&amp#27;[38;5;84m[bf108470]&amp#27;[0m&amp#27;[38;5;-60m[AndroidUiautomator2Driver@4f10]&amp#27;[0m Valid locator strategies for this request: xpath, id, class name, accessibility id, css selector, -android uiautomator
&amp#27;[38;5;84m[bf108470]&amp#27;[0m&amp#27;[38;5;-60m[AndroidUiautomator2Driver@4f10]&amp#27;[0m Waiting up to 0 ms for condition
&amp#27;[38;5;84m[bf108470]&amp#27;[0m&amp#27;[38;5;-60m[AndroidUiautomator2Driver@4f10]&amp#27;[0m Matched '/element' to command name 'findElement'
&amp#27;[38;5;84m[bf108470]&amp#27;[0m&amp#27;[38;5;-60m[AndroidUiautomator2Driver@4f10]&amp#27;[0m Proxying [POST /element] to [POST http://127.0.0.1:8202/session/3ade6d62-387d-4ea7-8043-c5afb2572173/element] with body: {"strategy":"id","selector":"com.androidsample.generalstore:id/nameField","context":"","multiple":false}
&amp#27;[38;5;84m[bf108470]&amp#27;[0m&amp#27;[38;5;-60m[AndroidUiautomator2Driver@4f10]&amp#27;[0m Got response with status 200: {"sessionId":"3ade6d62-387d-4ea7-8043-c5afb2572173","value":{"ELEMENT":"00000000-0000-0660-ffff-ffff0000001c","element-6066-11e4-a52e-4f735466cecf":"00000000-0000-0660-ffff-ffff0000001c"}}
&amp#27;[38;5;84m[bf108470]&amp#27;[0m&amp#27;[38;5;-60m[AndroidUiautomator2Driver@4f10]&amp#27;[0m Responding to client with driver.findElement() result: {"element-6066-11e4-a52e-4f735466cecf":"00000000-0000-0660-ffff-ffff0000001c","ELEMENT":"00000000-0000-0660-ffff-ffff0000001c"}
&amp#27;[38;5;84m[bf108470]&amp#27;[0m&amp#27;[38;5;86m[HTTP]&amp#27;[0m &amp#27;[37m<-- POST /session/bf108470-aefa-4ade-9a0e-c46f45ff2392/element &amp#27;[39m&amp#27;[32m200&amp#27;[39m &amp#27;[90m72 ms - 137&amp#27;[39m &amp#27;[90m&amp#27;[39m
&amp#27;[38;5;84m[bf108470]&amp#27;[0m&amp#27;[38;5;86m[HTTP]&amp#27;[0m &amp#27;[37m-->&amp#27;[39m &amp#27;[37mPOST&amp#27;[39m &amp#27;[37m/session/bf108470-aefa-4ade-9a0e-c46f45ff2392/element/00000000-0000-0660-ffff-ffff0000001c/value&amp#27;[39m &amp#27;[90m{"id":"00000000-0000-0660-ffff-ffff0000001c","text":"Steve Smith","value":["S","t","e","v","e"," ","S","m","i","t","h"]}&amp#27;[39m
&amp#27;[38;5;84m[bf108470]&amp#27;[0m&amp#27;[38;5;-60m[AndroidUiautomator2Driver@4f10]&amp#27;[0m Calling AppiumDriver.setValue() with args: [["S","t","e","v","e"," ","S","m","i","t","h"],"00000000-0000-0660-ffff-ffff0000001c","bf108470-aefa-4ade-9a0e-c46f45ff2392"]
&amp#27;[38;5;84m[bf108470]&amp#27;[0m&amp#27;[38;5;-60m[AndroidUiautomator2Driver@4f10]&amp#27;[0m Matched '/element/00000000-0000-0660-ffff-ffff0000001c/value' to command name 'setValue'
&amp#27;[38;5;84m[bf108470]&amp#27;[0m&amp#27;[38;5;-60m[AndroidUiautomator2Driver@4f10]&amp#27;[0m Added 'value' property ["S","t","e","v","e"," ","S","m","i","t","h"] to 'setValue' request body
&amp#27;[38;5;84m[bf108470]&amp#27;[0m&amp#27;[38;5;-60m[AndroidUiautomator2Driver@4f10]&amp#27;[0m Proxying [POST /element/00000000-0000-0660-ffff-ffff0000001c/value] to [POST http://127.0.0.1:8202/session/3ade6d62-387d-4ea7-8043-c5afb2572173/element/00000000-0000-0660-ffff-ffff0000001c/value] with body: {"elementId":"00000000-0000-0660-ffff-ffff0000001c","text":"Steve Smith","replace":false,"value":["S","t","e","v","e"," ","S","m","i","t","h"]}
&amp#27;[38;5;84m[bf108470]&amp#27;[0m&amp#27;[38;5;-60m[AndroidUiautomator2Driver@4f10]&amp#27;[0m Got response with status 200: {"sessionId":"3ade6d62-387d-4ea7-8043-c5afb2572173","value":null}
&amp#27;[38;5;84m[bf108470]&amp#27;[0m&amp#27;[38;5;-60m[AndroidUiautomator2Driver@4f10]&amp#27;[0m Responding to client with driver.setValue() result: null
&amp#27;[38;5;84m[bf108470]&amp#27;[0m&amp#27;[38;5;86m[HTTP]&amp#27;[0m &amp#27;[37m<-- POST /session/bf108470-aefa-4ade-9a0e-c46f45ff2392/element/00000000-0000-0660-ffff-ffff0000001c/value &amp#27;[39m&amp#27;[32m200&amp#27;[39m &amp#27;[90m563 ms - 14&amp#27;[39m &amp#27;[90m&amp#27;[39m
&amp#27;[38;5;84m[bf108470]&amp#27;[0m&amp#27;[38;5;86m[HTTP]&amp#27;[0m &amp#27;[37m-->&amp#27;[39m &amp#27;[37mPOST&amp#27;[39m &amp#27;[37m/session/bf108470-aefa-4ade-9a0e-c46f45ff2392/execute/sync&amp#27;[39m &amp#27;[90m{"script":"mobile: hideKeyboard","args":[]}&amp#27;[39m
&amp#27;[38;5;84m[bf108470]&amp#27;[0m&amp#27;[38;5;-60m[AndroidUiautomator2Driver@4f10]&amp#27;[0m Calling AppiumDriver.execute() with args: ["mobile: hideKeyboard",[],"bf108470-aefa-4ade-9a0e-c46f45ff2392"]
&amp#27;[38;5;84m[bf108470]&amp#27;[0m&amp#27;[38;5;229m[ADB]&amp#27;[0m Running 'C:\Users\sajus\AppData\Local\Android\Sdk\platform-tools\adb.exe -P 5037 -s CTLID18120801016 shell dumpsys input_method'
&amp#27;[38;5;84m[bf108470]&amp#27;[0m&amp#27;[38;5;229m[ADB]&amp#27;[0m Keyboard has no UI; no closing necessary
&amp#27;[38;5;84m[bf108470]&amp#27;[0m&amp#27;[38;5;-60m[AndroidUiautomator2Driver@4f10]&amp#27;[0m Responding to client with driver.execute() result: false
&amp#27;[38;5;84m[bf108470]&amp#27;[0m&amp#27;[38;5;86m[HTTP]&amp#27;[0m &amp#27;[37m<-- POST /session/bf108470-aefa-4ade-9a0e-c46f45ff2392/execute/sync &amp#27;[39m&amp#27;[32m200&amp#27;[39m &amp#27;[90m724 ms - 15&amp#27;[39m &amp#27;[90m&amp#27;[39m
&amp#27;[38;5;84m[bf108470]&amp#27;[0m&amp#27;[38;5;86m[HTTP]&amp#27;[0m &amp#27;[37m-->&amp#27;[39m &amp#27;[37mPOST&amp#27;[39m &amp#27;[37m/session/bf108470-aefa-4ade-9a0e-c46f45ff2392/element&amp#27;[39m &amp#27;[90m{"using":"id","value":"com.androidsample.generalstore:id/radioFemale"}&amp#27;[39m
&amp#27;[38;5;84m[bf108470]&amp#27;[0m&amp#27;[38;5;-60m[AndroidUiautomator2Driver@4f10]&amp#27;[0m Calling AppiumDriver.findElement() with args: ["id","com.androidsample.generalstore:id/radioFemale","bf108470-aefa-4ade-9a0e-c46f45ff2392"]
&amp#27;[38;5;84m[bf108470]&amp#27;[0m&amp#27;[38;5;-60m[AndroidUiautomator2Driver@4f10]&amp#27;[0m Valid locator strategies for this request: xpath, id, class name, accessibility id, css selector, -android uiautomator
&amp#27;[38;5;84m[bf108470]&amp#27;[0m&amp#27;[38;5;-60m[AndroidUiautomator2Driver@4f10]&amp#27;[0m Waiting up to 0 ms for condition
&amp#27;[38;5;84m[bf108470]&amp#27;[0m&amp#27;[38;5;-60m[AndroidUiautomator2Driver@4f10]&amp#27;[0m Matched '/element' to command name 'findElement'
&amp#27;[38;5;84m[bf108470]&amp#27;[0m&amp#27;[38;5;-60m[AndroidUiautomator2Driver@4f10]&amp#27;[0m Proxying [POST /element] to [POST http://127.0.0.1:8202/session/3ade6d62-387d-4ea7-8043-c5afb2572173/element] with body: {"strategy":"id","selector":"com.androidsample.generalstore:id/radioFemale","context":"","multiple":false}
&amp#27;[38;5;84m[bf108470]&amp#27;[0m&amp#27;[38;5;-60m[AndroidUiautomator2Driver@4f10]&amp#27;[0m Got response with status 200: {"sessionId":"3ade6d62-387d-4ea7-8043-c5afb2572173","value":{"ELEMENT":"00000000-0000-0660-ffff-ffff00000020","element-6066-11e4-a52e-4f735466cecf":"00000000-0000-0660-ffff-ffff00000020"}}
&amp#27;[38;5;84m[bf108470]&amp#27;[0m&amp#27;[38;5;-60m[AndroidUiautomator2Driver@4f10]&amp#27;[0m Responding to client with driver.findElement() result: {"element-6066-11e4-a52e-4f735466cecf":"00000000-0000-0660-ffff-ffff00000020","ELEMENT":"00000000-0000-0660-ffff-ffff00000020"}
&amp#27;[38;5;84m[bf108470]&amp#27;[0m&amp#27;[38;5;86m[HTTP]&amp#27;[0m &amp#27;[37m<-- POST /session/bf108470-aefa-4ade-9a0e-c46f45ff2392/element &amp#27;[39m&amp#27;[32m200&amp#27;[39m &amp#27;[90m38 ms - 137&amp#27;[39m &amp#27;[90m&amp#27;[39m
&amp#27;[38;5;84m[bf108470]&amp#27;[0m&amp#27;[38;5;86m[HTTP]&amp#27;[0m &amp#27;[37m-->&amp#27;[39m &amp#27;[37mPOST&amp#27;[39m &amp#27;[37m/session/bf108470-aefa-4ade-9a0e-c46f45ff2392/element/00000000-0000-0660-ffff-ffff00000020/click&amp#27;[39m &amp#27;[90m{"id":"00000000-0000-0660-ffff-ffff00000020"}&amp#27;[39m
&amp#27;[38;5;84m[bf108470]&amp#27;[0m&amp#27;[38;5;-60m[AndroidUiautomator2Driver@4f10]&amp#27;[0m Calling AppiumDriver.click() with args: ["00000000-0000-0660-ffff-ffff00000020","bf108470-aefa-4ade-9a0e-c46f45ff2392"]
&amp#27;[38;5;84m[bf108470]&amp#27;[0m&amp#27;[38;5;-60m[AndroidUiautomator2Driver@4f10]&amp#27;[0m Matched '/element/00000000-0000-0660-ffff-ffff00000020/click' to command name 'click'
&amp#27;[38;5;84m[bf108470]&amp#27;[0m&amp#27;[38;5;-60m[AndroidUiautomator2Driver@4f10]&amp#27;[0m Proxying [POST /element/00000000-0000-0660-ffff-ffff00000020/click] to [POST http://127.0.0.1:8202/session/3ade6d62-387d-4ea7-8043-c5afb2572173/element/00000000-0000-0660-ffff-ffff00000020/click] with body: {"element":"00000000-0000-0660-ffff-ffff00000020"}
&amp#27;[38;5;84m[bf108470]&amp#27;[0m&amp#27;[38;5;-60m[AndroidUiautomator2Driver@4f10]&amp#27;[0m Got response with status 200: {"sessionId":"3ade6d62-387d-4ea7-8043-c5afb2572173","value":null}
&amp#27;[38;5;84m[bf108470]&amp#27;[0m&amp#27;[38;5;-60m[AndroidUiautomator2Driver@4f10]&amp#27;[0m Responding to client with driver.click() result: null
&amp#27;[38;5;84m[bf108470]&amp#27;[0m&amp#27;[38;5;86m[HTTP]&amp#27;[0m &amp#27;[37m<-- POST /session/bf108470-aefa-4ade-9a0e-c46f45ff2392/element/00000000-0000-0660-ffff-ffff00000020/click &amp#27;[39m&amp#27;[32m200&amp#27;[39m &amp#27;[90m69 ms - 14&amp#27;[39m &amp#27;[90m&amp#27;[39m
&amp#27;[38;5;84m[bf108470]&amp#27;[0m&amp#27;[38;5;86m[HTTP]&amp#27;[0m &amp#27;[37m-->&amp#27;[39m &amp#27;[37mPOST&amp#27;[39m &amp#27;[37m/session/bf108470-aefa-4ade-9a0e-c46f45ff2392/element&amp#27;[39m &amp#27;[90m{"using":"id","value":"android:id/text1"}&amp#27;[39m
&amp#27;[38;5;84m[bf108470]&amp#27;[0m&amp#27;[38;5;-60m[AndroidUiautomator2Driver@4f10]&amp#27;[0m Calling AppiumDriver.findElement() with args: ["id","android:id/text1","bf108470-aefa-4ade-9a0e-c46f45ff2392"]
&amp#27;[38;5;84m[bf108470]&amp#27;[0m&amp#27;[38;5;-60m[AndroidUiautomator2Driver@4f10]&amp#27;[0m Valid locator strategies for this request: xpath, id, class name, accessibility id, css selector, -android uiautomator
&amp#27;[38;5;84m[bf108470]&amp#27;[0m&amp#27;[38;5;-60m[AndroidUiautomator2Driver@4f10]&amp#27;[0m Waiting up to 0 ms for condition
&amp#27;[38;5;84m[bf108470]&amp#27;[0m&amp#27;[38;5;-60m[AndroidUiautomator2Driver@4f10]&amp#27;[0m Matched '/element' to command name 'findElement'
&amp#27;[38;5;84m[bf108470]&amp#27;[0m&amp#27;[38;5;-60m[AndroidUiautomator2Driver@4f10]&amp#27;[0m Proxying [POST /element] to [POST http://127.0.0.1:8202/session/3ade6d62-387d-4ea7-8043-c5afb2572173/element] with body: {"strategy":"id","selector":"android:id/text1","context":"","multiple":false}
&amp#27;[38;5;84m[bf108470]&amp#27;[0m&amp#27;[38;5;-60m[AndroidUiautomator2Driver@4f10]&amp#27;[0m Got response with status 200: {"sessionId":"3ade6d62-387d-4ea7-8043-c5afb2572173","value":{"ELEMENT":"00000000-0000-0660-ffff-ffff00000024","element-6066-11e4-a52e-4f735466cecf":"00000000-0000-0660-ffff-ffff00000024"}}
&amp#27;[38;5;84m[bf108470]&amp#27;[0m&amp#27;[38;5;-60m[AndroidUiautomator2Driver@4f10]&amp#27;[0m Responding to client with driver.findElement() result: {"element-6066-11e4-a52e-4f735466cecf":"00000000-0000-0660-ffff-ffff00000024","ELEMENT":"00000000-0000-0660-ffff-ffff00000024"}
&amp#27;[38;5;84m[bf108470]&amp#27;[0m&amp#27;[38;5;86m[HTTP]&amp#27;[0m &amp#27;[37m<-- POST /session/bf108470-aefa-4ade-9a0e-c46f45ff2392/element &amp#27;[39m&amp#27;[32m200&amp#27;[39m &amp#27;[90m520 ms - 137&amp#27;[39m &amp#27;[90m&amp#27;[39m
&amp#27;[38;5;84m[bf108470]&amp#27;[0m&amp#27;[38;5;86m[HTTP]&amp#27;[0m &amp#27;[37m-->&amp#27;[39m &amp#27;[37mPOST&amp#27;[39m &amp#27;[37m/session/bf108470-aefa-4ade-9a0e-c46f45ff2392/element/00000000-0000-0660-ffff-ffff00000024/click&amp#27;[39m &amp#27;[90m{"id":"00000000-0000-0660-ffff-ffff00000024"}&amp#27;[39m
&amp#27;[38;5;84m[bf108470]&amp#27;[0m&amp#27;[38;5;-60m[AndroidUiautomator2Driver@4f10]&amp#27;[0m Calling AppiumDriver.click() with args: ["00000000-0000-0660-ffff-ffff00000024","bf108470-aefa-4ade-9a0e-c46f45ff2392"]
&amp#27;[38;5;84m[bf108470]&amp#27;[0m&amp#27;[38;5;-60m[AndroidUiautomator2Driver@4f10]&amp#27;[0m Matched '/element/00000000-0000-0660-ffff-ffff00000024/click' to command name 'click'
&amp#27;[38;5;84m[bf108470]&amp#27;[0m&amp#27;[38;5;-60m[AndroidUiautomator2Driver@4f10]&amp#27;[0m Proxying [POST /element/00000000-0000-0660-ffff-ffff00000024/click] to [POST http://127.0.0.1:8202/session/3ade6d62-387d-4ea7-8043-c5afb2572173/element/00000000-0000-0660-ffff-ffff00000024/click] with body: {"element":"00000000-0000-0660-ffff-ffff00000024"}
&amp#27;[38;5;84m[bf108470]&amp#27;[0m&amp#27;[38;5;-60m[AndroidUiautomator2Driver@4f10]&amp#27;[0m Got response with status 200: {"sessionId":"3ade6d62-387d-4ea7-8043-c5afb2572173","value":null}
&amp#27;[38;5;84m[bf108470]&amp#27;[0m&amp#27;[38;5;-60m[AndroidUiautomator2Driver@4f10]&amp#27;[0m Responding to client with driver.click() result: null
&amp#27;[38;5;84m[bf108470]&amp#27;[0m&amp#27;[38;5;86m[HTTP]&amp#27;[0m &amp#27;[37m<-- POST /session/bf108470-aefa-4ade-9a0e-c46f45ff2392/element/00000000-0000-0660-ffff-ffff00000024/click &amp#27;[39m&amp#27;[32m200&amp#27;[39m &amp#27;[90m52 ms - 14&amp#27;[39m &amp#27;[90m&amp#27;[39m
&amp#27;[38;5;84m[bf108470]&amp#27;[0m&amp#27;[38;5;86m[HTTP]&amp#27;[0m &amp#27;[37m-->&amp#27;[39m &amp#27;[37mPOST&amp#27;[39m &amp#27;[37m/session/bf108470-aefa-4ade-9a0e-c46f45ff2392/element&amp#27;[39m &amp#27;[90m{"using":"-android uiautomator","value":"new UiScrollable(new UiSelector()).scrollIntoView(text(\"Argentina\"));"}&amp#27;[39m
&amp#27;[38;5;84m[bf108470]&amp#27;[0m&amp#27;[38;5;-60m[AndroidUiautomator2Driver@4f10]&amp#27;[0m Calling AppiumDriver.findElement() with args: ["-android uiautomator","new UiScrollable(new UiSelector()).scrollIntoView(text(\"Argentina\"));","bf108470-aefa-4ade-9a0e-c46f45ff2392"]
&amp#27;[38;5;84m[bf108470]&amp#27;[0m&amp#27;[38;5;-60m[AndroidUiautomator2Driver@4f10]&amp#27;[0m Valid locator strategies for this request: xpath, id, class name, accessibility id, css selector, -android uiautomator
&amp#27;[38;5;84m[bf108470]&amp#27;[0m&amp#27;[38;5;-60m[AndroidUiautomator2Driver@4f10]&amp#27;[0m Waiting up to 0 ms for condition
&amp#27;[38;5;84m[bf108470]&amp#27;[0m&amp#27;[38;5;-60m[AndroidUiautomator2Driver@4f10]&amp#27;[0m Matched '/element' to command name 'findElement'
&amp#27;[38;5;84m[bf108470]&amp#27;[0m&amp#27;[38;5;-60m[AndroidUiautomator2Driver@4f10]&amp#27;[0m Proxying [POST /element] to [POST http://127.0.0.1:8202/session/3ade6d62-387d-4ea7-8043-c5afb2572173/element] with body: {"strategy":"-android uiautomator","selector":"new UiScrollable(new UiSelector()).scrollIntoView(text(\"Argentina\"));","context":"","multiple":false}
&amp#27;[38;5;204m[f4e21cef]&amp#27;[0m&amp#27;[38;5;-103m[AndroidUiautomator2Driver@2a65]&amp#27;[0m Got response with status 200: {"sessionId":"4438af8a-89f9-4b3c-b0f1-b9e00e8d65dc","value":{"ELEMENT":"00000000-0000-118a-ffff-ffff00000029","element-6066-11e4-a52e-4f735466cecf":"00000000-0000-118a-ffff-ffff00000029"}}
&amp#27;[38;5;204m[f4e21cef]&amp#27;[0m&amp#27;[38;5;-103m[AndroidUiautomator2Driver@2a65]&amp#27;[0m Responding to client with driver.findElement() result: {"element-6066-11e4-a52e-4f735466cecf":"00000000-0000-118a-ffff-ffff00000029","ELEMENT":"00000000-0000-118a-ffff-ffff00000029"}
&amp#27;[38;5;204m[f4e21cef]&amp#27;[0m&amp#27;[38;5;86m[HTTP]&amp#27;[0m &amp#27;[37m<-- POST /session/f4e21cef-22bd-47be-acb4-849a9d02e6c3/element &amp#27;[39m&amp#27;[32m200&amp#27;[39m &amp#27;[90m4538 ms - 137&amp#27;[39m &amp#27;[90m&amp#27;[39m
&amp#27;[38;5;204m[f4e21cef]&amp#27;[0m&amp#27;[38;5;86m[HTTP]&amp#27;[0m &amp#27;[37m-->&amp#27;[39m &amp#27;[37mPOST&amp#27;[39m &amp#27;[37m/session/f4e21cef-22bd-47be-acb4-849a9d02e6c3/element&amp#27;[39m &amp#27;[90m{"using":"xpath","value":"//android.widget.TextView[@text='Argentina']"}&amp#27;[39m
&amp#27;[38;5;204m[f4e21cef]&amp#27;[0m&amp#27;[38;5;-103m[AndroidUiautomator2Driver@2a65]&amp#27;[0m Calling AppiumDriver.findElement() with args: ["xpath","//android.widget.TextView[@text='Argentina']","f4e21cef-22bd-47be-acb4-849a9d02e6c3"]
&amp#27;[38;5;204m[f4e21cef]&amp#27;[0m&amp#27;[38;5;-103m[AndroidUiautomator2Driver@2a65]&amp#27;[0m Valid locator strategies for this request: xpath, id, class name, accessibility id, css selector, -android uiautomator
&amp#27;[38;5;204m[f4e21cef]&amp#27;[0m&amp#27;[38;5;-103m[AndroidUiautomator2Driver@2a65]&amp#27;[0m Waiting up to 0 ms for condition
&amp#27;[38;5;204m[f4e21cef]&amp#27;[0m&amp#27;[38;5;-103m[AndroidUiautomator2Driver@2a65]&amp#27;[0m Matched '/element' to command name 'findElement'
&amp#27;[38;5;204m[f4e21cef]&amp#27;[0m&amp#27;[38;5;-103m[AndroidUiautomator2Driver@2a65]&amp#27;[0m Proxying [POST /element] to [POST http://127.0.0.1:8201/session/4438af8a-89f9-4b3c-b0f1-b9e00e8d65dc/element] with body: {"strategy":"xpath","selector":"//android.widget.TextView[@text='Argentina']","context":"","multiple":false}
&amp#27;[38;5;204m[f4e21cef]&amp#27;[0m&amp#27;[38;5;-103m[AndroidUiautomator2Driver@2a65]&amp#27;[0m Got response with status 200: {"sessionId":"4438af8a-89f9-4b3c-b0f1-b9e00e8d65dc","value":{"ELEMENT":"00000000-0000-118a-ffff-ffff00000029","element-6066-11e4-a52e-4f735466cecf":"00000000-0000-118a-ffff-ffff00000029"}}
&amp#27;[38;5;204m[f4e21cef]&amp#27;[0m&amp#27;[38;5;-103m[AndroidUiautomator2Driver@2a65]&amp#27;[0m Responding to client with driver.findElement() result: {"element-6066-11e4-a52e-4f735466cecf":"00000000-0000-118a-ffff-ffff00000029","ELEMENT":"00000000-0000-118a-ffff-ffff00000029"}
&amp#27;[38;5;204m[f4e21cef]&amp#27;[0m&amp#27;[38;5;86m[HTTP]&amp#27;[0m &amp#27;[37m<-- POST /session/f4e21cef-22bd-47be-acb4-849a9d02e6c3/element &amp#27;[39m&amp#27;[32m200&amp#27;[39m &amp#27;[90m235 ms - 137&amp#27;[39m &amp#27;[90m&amp#27;[39m
&amp#27;[38;5;204m[f4e21cef]&amp#27;[0m&amp#27;[38;5;86m[HTTP]&amp#27;[0m &amp#27;[37m-->&amp#27;[39m &amp#27;[37mPOST&amp#27;[39m &amp#27;[37m/session/f4e21cef-22bd-47be-acb4-849a9d02e6c3/element/00000000-0000-118a-ffff-ffff00000029/click&amp#27;[39m &amp#27;[90m{"id":"00000000-0000-118a-ffff-ffff00000029"}&amp#27;[39m
&amp#27;[38;5;204m[f4e21cef]&amp#27;[0m&amp#27;[38;5;-103m[AndroidUiautomator2Driver@2a65]&amp#27;[0m Calling AppiumDriver.click() with args: ["00000000-0000-118a-ffff-ffff00000029","f4e21cef-22bd-47be-acb4-849a9d02e6c3"]
&amp#27;[38;5;204m[f4e21cef]&amp#27;[0m&amp#27;[38;5;-103m[AndroidUiautomator2Driver@2a65]&amp#27;[0m Matched '/element/00000000-0000-118a-ffff-ffff00000029/click' to command name 'click'
&amp#27;[38;5;204m[f4e21cef]&amp#27;[0m&amp#27;[38;5;-103m[AndroidUiautomator2Driver@2a65]&amp#27;[0m Proxying [POST /element/00000000-0000-118a-ffff-ffff00000029/click] to [POST http://127.0.0.1:8201/session/4438af8a-89f9-4b3c-b0f1-b9e00e8d65dc/element/00000000-0000-118a-ffff-ffff00000029/click] with body: {"element":"00000000-0000-118a-ffff-ffff00000029"}
&amp#27;[38;5;204m[f4e21cef]&amp#27;[0m&amp#27;[38;5;-103m[AndroidUiautomator2Driver@2a65]&amp#27;[0m Got response with status 200: {"sessionId":"4438af8a-89f9-4b3c-b0f1-b9e00e8d65dc","value":null}
&amp#27;[38;5;204m[f4e21cef]&amp#27;[0m&amp#27;[38;5;-103m[AndroidUiautomator2Driver@2a65]&amp#27;[0m Responding to client with driver.click() result: null
&amp#27;[38;5;204m[f4e21cef]&amp#27;[0m&amp#27;[38;5;86m[HTTP]&amp#27;[0m &amp#27;[37m<-- POST /session/f4e21cef-22bd-47be-acb4-849a9d02e6c3/element/00000000-0000-118a-ffff-ffff00000029/click &amp#27;[39m&amp#27;[32m200&amp#27;[39m &amp#27;[90m652 ms - 14&amp#27;[39m &amp#27;[90m&amp#27;[39m
&amp#27;[38;5;204m[f4e21cef]&amp#27;[0m&amp#27;[38;5;86m[HTTP]&amp#27;[0m &amp#27;[37m-->&amp#27;[39m &amp#27;[37mPOST&amp#27;[39m &amp#27;[37m/session/f4e21cef-22bd-47be-acb4-849a9d02e6c3/element&amp#27;[39m &amp#27;[90m{"using":"id","value":"com.androidsample.generalstore:id/btnLetsShop"}&amp#27;[39m
&amp#27;[38;5;204m[f4e21cef]&amp#27;[0m&amp#27;[38;5;-103m[AndroidUiautomator2Driver@2a65]&amp#27;[0m Calling AppiumDriver.findElement() with args: ["id","com.androidsample.generalstore:id/btnLetsShop","f4e21cef-22bd-47be-acb4-849a9d02e6c3"]
&amp#27;[38;5;204m[f4e21cef]&amp#27;[0m&amp#27;[38;5;-103m[AndroidUiautomator2Driver@2a65]&amp#27;[0m Valid locator strategies for this request: xpath, id, class name, accessibility id, css selector, -android uiautomator
&amp#27;[38;5;204m[f4e21cef]&amp#27;[0m&amp#27;[38;5;-103m[AndroidUiautomator2Driver@2a65]&amp#27;[0m Waiting up to 0 ms for condition
&amp#27;[38;5;204m[f4e21cef]&amp#27;[0m&amp#27;[38;5;-103m[AndroidUiautomator2Driver@2a65]&amp#27;[0m Matched '/element' to command name 'findElement'
&amp#27;[38;5;204m[f4e21cef]&amp#27;[0m&amp#27;[38;5;-103m[AndroidUiautomator2Driver@2a65]&amp#27;[0m Proxying [POST /element] to [POST http://127.0.0.1:8201/session/4438af8a-89f9-4b3c-b0f1-b9e00e8d65dc/element] with body: {"strategy":"id","selector":"com.androidsample.generalstore:id/btnLetsShop","context":"","multiple":false}
&amp#27;[38;5;204m[f4e21cef]&amp#27;[0m&amp#27;[38;5;-103m[AndroidUiautomator2Driver@2a65]&amp#27;[0m Got response with status 200: {"sessionId":"4438af8a-89f9-4b3c-b0f1-b9e00e8d65dc","value":{"ELEMENT":"00000000-0000-1189-ffff-ffff00000021","element-6066-11e4-a52e-4f735466cecf":"00000000-0000-1189-ffff-ffff00000021"}}
&amp#27;[38;5;204m[f4e21cef]&amp#27;[0m&amp#27;[38;5;-103m[AndroidUiautomator2Driver@2a65]&amp#27;[0m Responding to client with driver.findElement() result: {"element-6066-11e4-a52e-4f735466cecf":"00000000-0000-1189-ffff-ffff00000021","ELEMENT":"00000000-0000-1189-ffff-ffff00000021"}
&amp#27;[38;5;204m[f4e21cef]&amp#27;[0m&amp#27;[38;5;86m[HTTP]&amp#27;[0m &amp#27;[37m<-- POST /session/f4e21cef-22bd-47be-acb4-849a9d02e6c3/element &amp#27;[39m&amp#27;[32m200&amp#27;[39m &amp#27;[90m65 ms - 137&amp#27;[39m &amp#27;[90m&amp#27;[39m
&amp#27;[38;5;204m[f4e21cef]&amp#27;[0m&amp#27;[38;5;86m[HTTP]&amp#27;[0m &amp#27;[37m-->&amp#27;[39m &amp#27;[37mPOST&amp#27;[39m &amp#27;[37m/session/f4e21cef-22bd-47be-acb4-849a9d02e6c3/element/00000000-0000-1189-ffff-ffff00000021/click&amp#27;[39m &amp#27;[90m{"id":"00000000-0000-1189-ffff-ffff00000021"}&amp#27;[39m
&amp#27;[38;5;204m[f4e21cef]&amp#27;[0m&amp#27;[38;5;-103m[AndroidUiautomator2Driver@2a65]&amp#27;[0m Calling AppiumDriver.click() with args: ["00000000-0000-1189-ffff-ffff00000021","f4e21cef-22bd-47be-acb4-849a9d02e6c3"]
&amp#27;[38;5;204m[f4e21cef]&amp#27;[0m&amp#27;[38;5;-103m[AndroidUiautomator2Driver@2a65]&amp#27;[0m Matched '/element/00000000-0000-1189-ffff-ffff00000021/click' to command name 'click'
&amp#27;[38;5;204m[f4e21cef]&amp#27;[0m&amp#27;[38;5;-103m[AndroidUiautomator2Driver@2a65]&amp#27;[0m Proxying [POST /element/00000000-0000-1189-ffff-ffff00000021/click] to [POST http://127.0.0.1:8201/session/4438af8a-89f9-4b3c-b0f1-b9e00e8d65dc/element/00000000-0000-1189-ffff-ffff00000021/click] with body: {"element":"00000000-0000-1189-ffff-ffff00000021"}
&amp#27;[38;5;204m[f4e21cef]&amp#27;[0m&amp#27;[38;5;-103m[AndroidUiautomator2Driver@2a65]&amp#27;[0m Got response with status 200: {"sessionId":"4438af8a-89f9-4b3c-b0f1-b9e00e8d65dc","value":null}
&amp#27;[38;5;204m[f4e21cef]&amp#27;[0m&amp#27;[38;5;-103m[AndroidUiautomator2Driver@2a65]&amp#27;[0m Responding to client with driver.click() result: null
&amp#27;[38;5;204m[f4e21cef]&amp#27;[0m&amp#27;[38;5;86m[HTTP]&amp#27;[0m &amp#27;[37m<-- POST /session/f4e21cef-22bd-47be-acb4-849a9d02e6c3/element/00000000-0000-1189-ffff-ffff00000021/click &amp#27;[39m&amp#27;[32m200&amp#27;[39m &amp#27;[90m80 ms - 14&amp#27;[39m &amp#27;[90m&amp#27;[39m
&amp#27;[38;5;84m[bf108470]&amp#27;[0m&amp#27;[38;5;-60m[AndroidUiautomator2Driver@4f10]&amp#27;[0m Got response with status 200: {"sessionId":"3ade6d62-387d-4ea7-8043-c5afb2572173","value":{"ELEMENT":"00000000-0000-0661-ffff-ffff00000032","element-6066-11e4-a52e-4f735466cecf":"00000000-0000-0661-ffff-ffff00000032"}}
&amp#27;[38;5;84m[bf108470]&amp#27;[0m&amp#27;[38;5;-60m[AndroidUiautomator2Driver@4f10]&amp#27;[0m Responding to client with driver.findElement() result: {"element-6066-11e4-a52e-4f735466cecf":"00000000-0000-0661-ffff-ffff00000032","ELEMENT":"00000000-0000-0661-ffff-ffff00000032"}
&amp#27;[38;5;84m[bf108470]&amp#27;[0m&amp#27;[38;5;86m[HTTP]&amp#27;[0m &amp#27;[37m<-- POST /session/bf108470-aefa-4ade-9a0e-c46f45ff2392/element &amp#27;[39m&amp#27;[32m200&amp#27;[39m &amp#27;[90m4045 ms - 137&amp#27;[39m &amp#27;[90m&amp#27;[39m
&amp#27;[38;5;84m[bf108470]&amp#27;[0m&amp#27;[38;5;86m[HTTP]&amp#27;[0m &amp#27;[37m-->&amp#27;[39m &amp#27;[37mPOST&amp#27;[39m &amp#27;[37m/session/bf108470-aefa-4ade-9a0e-c46f45ff2392/element&amp#27;[39m &amp#27;[90m{"using":"xpath","value":"//android.widget.TextView[@text='Argentina']"}&amp#27;[39m
&amp#27;[38;5;84m[bf108470]&amp#27;[0m&amp#27;[38;5;-60m[AndroidUiautomator2Driver@4f10]&amp#27;[0m Calling AppiumDriver.findElement() with args: ["xpath","//android.widget.TextView[@text='Argentina']","bf108470-aefa-4ade-9a0e-c46f45ff2392"]
&amp#27;[38;5;84m[bf108470]&amp#27;[0m&amp#27;[38;5;-60m[AndroidUiautomator2Driver@4f10]&amp#27;[0m Valid locator strategies for this request: xpath, id, class name, accessibility id, css selector, -android uiautomator
&amp#27;[38;5;84m[bf108470]&amp#27;[0m&amp#27;[38;5;-60m[AndroidUiautomator2Driver@4f10]&amp#27;[0m Waiting up to 0 ms for condition
&amp#27;[38;5;84m[bf108470]&amp#27;[0m&amp#27;[38;5;-60m[AndroidUiautomator2Driver@4f10]&amp#27;[0m Matched '/element' to command name 'findElement'
&amp#27;[38;5;84m[bf108470]&amp#27;[0m&amp#27;[38;5;-60m[AndroidUiautomator2Driver@4f10]&amp#27;[0m Proxying [POST /element] to [POST http://127.0.0.1:8202/session/3ade6d62-387d-4ea7-8043-c5afb2572173/element] with body: {"strategy":"xpath","selector":"//android.widget.TextView[@text='Argentina']","context":"","multiple":false}
&amp#27;[38;5;84m[bf108470]&amp#27;[0m&amp#27;[38;5;-60m[AndroidUiautomator2Driver@4f10]&amp#27;[0m Got response with status 200: {"sessionId":"3ade6d62-387d-4ea7-8043-c5afb2572173","value":{"ELEMENT":"00000000-0000-0661-ffff-ffff00000032","element-6066-11e4-a52e-4f735466cecf":"00000000-0000-0661-ffff-ffff00000032"}}
&amp#27;[38;5;84m[bf108470]&amp#27;[0m&amp#27;[38;5;-60m[AndroidUiautomator2Driver@4f10]&amp#27;[0m Responding to client with driver.findElement() result: {"element-6066-11e4-a52e-4f735466cecf":"00000000-0000-0661-ffff-ffff00000032","ELEMENT":"00000000-0000-0661-ffff-ffff00000032"}
&amp#27;[38;5;84m[bf108470]&amp#27;[0m&amp#27;[38;5;86m[HTTP]&amp#27;[0m &amp#27;[37m<-- POST /session/bf108470-aefa-4ade-9a0e-c46f45ff2392/element &amp#27;[39m&amp#27;[32m200&amp#27;[39m &amp#27;[90m443 ms - 137&amp#27;[39m &amp#27;[90m&amp#27;[39m
&amp#27;[38;5;84m[bf108470]&amp#27;[0m&amp#27;[38;5;86m[HTTP]&amp#27;[0m &amp#27;[37m-->&amp#27;[39m &amp#27;[37mPOST&amp#27;[39m &amp#27;[37m/session/bf108470-aefa-4ade-9a0e-c46f45ff2392/element/00000000-0000-0661-ffff-ffff00000032/click&amp#27;[39m &amp#27;[90m{"id":"00000000-0000-0661-ffff-ffff00000032"}&amp#27;[39m
&amp#27;[38;5;84m[bf108470]&amp#27;[0m&amp#27;[38;5;-60m[AndroidUiautomator2Driver@4f10]&amp#27;[0m Calling AppiumDriver.click() with args: ["00000000-0000-0661-ffff-ffff00000032","bf108470-aefa-4ade-9a0e-c46f45ff2392"]
&amp#27;[38;5;84m[bf108470]&amp#27;[0m&amp#27;[38;5;-60m[AndroidUiautomator2Driver@4f10]&amp#27;[0m Matched '/element/00000000-0000-0661-ffff-ffff00000032/click' to command name 'click'
&amp#27;[38;5;84m[bf108470]&amp#27;[0m&amp#27;[38;5;-60m[AndroidUiautomator2Driver@4f10]&amp#27;[0m Proxying [POST /element/00000000-0000-0661-ffff-ffff00000032/click] to [POST http://127.0.0.1:8202/session/3ade6d62-387d-4ea7-8043-c5afb2572173/element/00000000-0000-0661-ffff-ffff00000032/click] with body: {"element":"00000000-0000-0661-ffff-ffff00000032"}
&amp#27;[38;5;84m[bf108470]&amp#27;[0m&amp#27;[38;5;-60m[AndroidUiautomator2Driver@4f10]&amp#27;[0m Got response with status 200: {"sessionId":"3ade6d62-387d-4ea7-8043-c5afb2572173","value":null}
&amp#27;[38;5;84m[bf108470]&amp#27;[0m&amp#27;[38;5;-60m[AndroidUiautomator2Driver@4f10]&amp#27;[0m Responding to client with driver.click() result: null
&amp#27;[38;5;84m[bf108470]&amp#27;[0m&amp#27;[38;5;86m[HTTP]&amp#27;[0m &amp#27;[37m<-- POST /session/bf108470-aefa-4ade-9a0e-c46f45ff2392/element/00000000-0000-0661-ffff-ffff00000032/click &amp#27;[39m&amp#27;[32m200&amp#27;[39m &amp#27;[90m606 ms - 14&amp#27;[39m &amp#27;[90m&amp#27;[39m
&amp#27;[38;5;84m[bf108470]&amp#27;[0m&amp#27;[38;5;86m[HTTP]&amp#27;[0m &amp#27;[37m-->&amp#27;[39m &amp#27;[37mPOST&amp#27;[39m &amp#27;[37m/session/bf108470-aefa-4ade-9a0e-c46f45ff2392/element&amp#27;[39m &amp#27;[90m{"using":"id","value":"com.androidsample.generalstore:id/btnLetsShop"}&amp#27;[39m
&amp#27;[38;5;84m[bf108470]&amp#27;[0m&amp#27;[38;5;-60m[AndroidUiautomator2Driver@4f10]&amp#27;[0m Calling AppiumDriver.findElement() with args: ["id","com.androidsample.generalstore:id/btnLetsShop","bf108470-aefa-4ade-9a0e-c46f45ff2392"]
&amp#27;[38;5;84m[bf108470]&amp#27;[0m&amp#27;[38;5;-60m[AndroidUiautomator2Driver@4f10]&amp#27;[0m Valid locator strategies for this request: xpath, id, class name, accessibility id, css selector, -android uiautomator
&amp#27;[38;5;84m[bf108470]&amp#27;[0m&amp#27;[38;5;-60m[AndroidUiautomator2Driver@4f10]&amp#27;[0m Waiting up to 0 ms for condition
&amp#27;[38;5;84m[bf108470]&amp#27;[0m&amp#27;[38;5;-60m[AndroidUiautomator2Driver@4f10]&amp#27;[0m Matched '/element' to command name 'findElement'
&amp#27;[38;5;84m[bf108470]&amp#27;[0m&amp#27;[38;5;-60m[AndroidUiautomator2Driver@4f10]&amp#27;[0m Proxying [POST /element] to [POST http://127.0.0.1:8202/session/3ade6d62-387d-4ea7-8043-c5afb2572173/element] with body: {"strategy":"id","selector":"com.androidsample.generalstore:id/btnLetsShop","context":"","multiple":false}
&amp#27;[38;5;84m[bf108470]&amp#27;[0m&amp#27;[38;5;-60m[AndroidUiautomator2Driver@4f10]&amp#27;[0m Got response with status 200: {"sessionId":"3ade6d62-387d-4ea7-8043-c5afb2572173","value":{"ELEMENT":"00000000-0000-0660-ffff-ffff00000021","element-6066-11e4-a52e-4f735466cecf":"00000000-0000-0660-ffff-ffff00000021"}}
&amp#27;[38;5;84m[bf108470]&amp#27;[0m&amp#27;[38;5;-60m[AndroidUiautomator2Driver@4f10]&amp#27;[0m Responding to client with driver.findElement() result: {"element-6066-11e4-a52e-4f735466cecf":"00000000-0000-0660-ffff-ffff00000021","ELEMENT":"00000000-0000-0660-ffff-ffff00000021"}
&amp#27;[38;5;84m[bf108470]&amp#27;[0m&amp#27;[38;5;86m[HTTP]&amp#27;[0m &amp#27;[37m<-- POST /session/bf108470-aefa-4ade-9a0e-c46f45ff2392/element &amp#27;[39m&amp#27;[32m200&amp#27;[39m &amp#27;[90m34 ms - 137&amp#27;[39m &amp#27;[90m&amp#27;[39m
&amp#27;[38;5;84m[bf108470]&amp#27;[0m&amp#27;[38;5;86m[HTTP]&amp#27;[0m &amp#27;[37m-->&amp#27;[39m &amp#27;[37mPOST&amp#27;[39m &amp#27;[37m/session/bf108470-aefa-4ade-9a0e-c46f45ff2392/element/00000000-0000-0660-ffff-ffff00000021/click&amp#27;[39m &amp#27;[90m{"id":"00000000-0000-0660-ffff-ffff00000021"}&amp#27;[39m
&amp#27;[38;5;84m[bf108470]&amp#27;[0m&amp#27;[38;5;-60m[AndroidUiautomator2Driver@4f10]&amp#27;[0m Calling AppiumDriver.click() with args: ["00000000-0000-0660-ffff-ffff00000021","bf108470-aefa-4ade-9a0e-c46f45ff2392"]
&amp#27;[38;5;84m[bf108470]&amp#27;[0m&amp#27;[38;5;-60m[AndroidUiautomator2Driver@4f10]&amp#27;[0m Matched '/element/00000000-0000-0660-ffff-ffff00000021/click' to command name 'click'
&amp#27;[38;5;84m[bf108470]&amp#27;[0m&amp#27;[38;5;-60m[AndroidUiautomator2Driver@4f10]&amp#27;[0m Proxying [POST /element/00000000-0000-0660-ffff-ffff00000021/click] to [POST http://127.0.0.1:8202/session/3ade6d62-387d-4ea7-8043-c5afb2572173/element/00000000-0000-0660-ffff-ffff00000021/click] with body: {"element":"00000000-0000-0660-ffff-ffff00000021"}
&amp#27;[38;5;84m[bf108470]&amp#27;[0m&amp#27;[38;5;-60m[AndroidUiautomator2Driver@4f10]&amp#27;[0m Got response with status 200: {"sessionId":"3ade6d62-387d-4ea7-8043-c5afb2572173","value":null}
&amp#27;[38;5;84m[bf108470]&amp#27;[0m&amp#27;[38;5;-60m[AndroidUiautomator2Driver@4f10]&amp#27;[0m Responding to client with driver.click() result: null
&amp#27;[38;5;84m[bf108470]&amp#27;[0m&amp#27;[38;5;86m[HTTP]&amp#27;[0m &amp#27;[37m<-- POST /session/bf108470-aefa-4ade-9a0e-c46f45ff2392/element/00000000-0000-0660-ffff-ffff00000021/click &amp#27;[39m&amp#27;[32m200&amp#27;[39m &amp#27;[90m64 ms - 14&amp#27;[39m &amp#27;[90m&amp#27;[39m
&amp#27;[38;5;204m[f4e21cef]&amp#27;[0m&amp#27;[38;5;86m[HTTP]&amp#27;[0m &amp#27;[37m-->&amp#27;[39m &amp#27;[37mGET&amp#27;[39m &amp#27;[37m/session/f4e21cef-22bd-47be-acb4-849a9d02e6c3/screenshot&amp#27;[39m &amp#27;[90m{}&amp#27;[39m
&amp#27;[38;5;204m[f4e21cef]&amp#27;[0m&amp#27;[38;5;-103m[AndroidUiautomator2Driver@2a65]&amp#27;[0m Calling AppiumDriver.getScreenshot() with args: ["f4e21cef-22bd-47be-acb4-849a9d02e6c3"]
&amp#27;[38;5;204m[f4e21cef]&amp#27;[0m&amp#27;[38;5;-103m[AndroidUiautomator2Driver@2a65]&amp#27;[0m Matched '/screenshot' to command name 'getScreenshot'
&amp#27;[38;5;204m[f4e21cef]&amp#27;[0m&amp#27;[38;5;-103m[AndroidUiautomator2Driver@2a65]&amp#27;[0m Proxying [GET /screenshot] to [GET http://127.0.0.1:8201/session/4438af8a-89f9-4b3c-b0f1-b9e00e8d65dc/screenshot] with no body
&amp#27;[38;5;204m[f4e21cef]&amp#27;[0m&amp#27;[38;5;-103m[AndroidUiautomator2Driver@2a65]&amp#27;[0m Got response with status 200: {"sessionId":"4438af8a-89f9-4b3c-b0f1-b9e00e8d65dc","value":"iVBORw0KGgoAAAANSUhEUgAABDgAAAlgCAYAAABtGofVAAAAAXNSR0IArs4c6QAAAARzQklUCAgICHwIZIgAACAASURBVHic7N13eBzVuQbw98zMVvVqSe694YobbtiAacbYBELoPQkBcmkJLaSQkAokoXcSINQEMKaDHRsXbOOOey+y1XvZ1e60+4clRdLOSrtqq5XeX577XJhy5lsZ27vvnvMdkbTrGhNERERERERERFFMinQBRERERERERERtxYCDiIiIiIiIiKIeAw4iIiIiIiIiinoMOIiIiIiIiIgo6jHgICIiIiIiIqKox4CDiIiIiIiIiKIeAw4iIiIiIiIiinoMOIiIiIiIiIgo6jHgICIiIiIiIqKox4CDiIiIiIiIiKIeAw4iIiIiIiIiinoMOIiIiIiIiIgo6jHgICIiIiIiIqKox4CDiIiIiIiIiKIeAw4iIiIiIiIiinoMOIiIiIiIiIgo6jHgICIiIiIiIqKox4CDiIiIiIiIiKIeAw4iIiIiIiIiinoMOIiIiIiIiIgo6jHgICIiIiIiIqKox4CDiIiIiIiIiKIeAw4iIiIiIiIiinoMOIiIiIiIiIgo6jHgICIiIiIiIqKox4CDiIiIiIiIiKIeAw4iIiIiIiIiinoMOIiIiIiIiIgo6jHgICIiIiIiIqKop0S6ACIiIiIiIqKuREAgVYnDNNcwjHL0QZYtGZlKEjKURLgkR6fU4DV8yNVKkaeVIUctwS7fcazz7kORVgkTZqfUEG0YcBAREREREVGPJiAQIzkwwJ6Os2PHYZZ7JEY5+kAREfzILMeity2l0SHN1LDTl41V1bvxZdU2HFEL4TF8DDxqiaRd1/AnQURERERERD2OgECc5MQwRxbmx52KhfFTkCC5I11WSEr1KnxQsR5fVm3DXt8JVBo1PT7oYMBBREREREREPY4EgX62VHwvYRrmx56K...
&amp#27;[38;5;204m[f4e21cef]&amp#27;[0m&amp#27;[38;5;-103m[AndroidUiautomator2Driver@2a65]&amp#27;[0m Responding to client with driver.getScreenshot() result: "iVBORw0KGgoAAAANSUhEUgAABDgAAAlgCAYAAABtGofVAAAAAXNSR0IArs4c6QAAAARzQklUCAgICHwIZIgAACAASURBVHic7N13eBzVuQbw98zMVvVqSe694YobbtiAacbYBELoPQkBcmkJLaSQkAokoXcSINQEMKaDHRsXbOOOey+y1XvZ1e60+4clRdLOSrtqq5XeX577XJhy5lsZ27vvnvMdkbTrGhNERERERERERFFMinQBRERERERERERtxYCDiIiIiIiIiKIeAw4iIiIiIiIiinoMOIiIiIiIiIgo6jHgICIiIiIiIqKox4CDiIiIiIiIiKIeAw4iIiIiIiIiinoMOIiIiIiIiIgo6jHgICIiIiIiIqKox4CDiIiIiIiIiKIeAw4iIiIiIiIiinoMOIiIiIiIiIgo6jHgICIiIiIiIqKox4CDiIiIiIiIiKIeAw4iIiIiIiIiinoMOIiIiIiIiIgo6jHgICIiIiIiIqKox4CDiIiIiIiIiKIeAw4iIiIiIiIiinoMOIiIiIiIiIgo6jHgICIiIiIiIqKox4CDiIiIiIiIiKIeAw4iIiIiIiIiinoMOIiIiIiIiIgo6jHgICIiIiIiIqKox4CDiIiIiIiIiKIeAw4iIiIiIiIiinoMOIiIiIiIiIgo6jHgICIiIiIiIqKop0S6ACIiIiIiIqKuREAgVYnDNNcwjHL0QZYtGZlKEjKURLgkR6fU4DV8yNVKkaeVIUctwS7fcazz7kORVgkTZqfUEG0YcBAREREREVGPJiAQIzkwwJ6Os2PHYZZ7JEY5+kAREfzILMeity2l0SHN1LDTl41V1bvxZdU2HFEL4TF8DDxqiaRd1/AnQURERERERD2OgECc5MQwRxbmx52KhfFTkCC5I11WSEr1KnxQsR5fVm3DXt8JVBo1PT7oYMBBREREREREPY4EgX62VHwvYRrmx56KfvZUSFHWptKAgWP+InxStQn/KV+LbLW4R4ccDDiIiIiIiIioxxnt6IvbUs7D...
&amp#27;[38;5;204m[f4e21cef]&amp#27;[0m&amp#27;[38;5;86m[HTTP]&amp#27;[0m &amp#27;[37m<-- GET /session/f4e21cef-22bd-47be-acb4-849a9d02e6c3/screenshot &amp#27;[39m&amp#27;[32m200&amp#27;[39m &amp#27;[90m434 ms - 381736&amp#27;[39m &amp#27;[90m&amp#27;[39m
]]></system-out>
  </testcase>
  <testcase name="SecondCase" classname="org.testCase.TestCase2" time="16.125">
    <system-out><![CDATA[&amp#27;[38;5;204m[f4e21cef]&amp#27;[0m&amp#27;[38;5;86m[HTTP]&amp#27;[0m &amp#27;[37m-->&amp#27;[39m &amp#27;[37mPOST&amp#27;[39m &amp#27;[37m/session/f4e21cef-22bd-47be-acb4-849a9d02e6c3/execute/sync&amp#27;[39m &amp#27;[90m{"script":"mobile: isAppInstalled","args":[{"bundleId":"com.androidsample.generalstore","appId":"com.androidsample.generalstore"}]}&amp#27;[39m
&amp#27;[38;5;204m[f4e21cef]&amp#27;[0m&amp#27;[38;5;-103m[AndroidUiautomator2Driver@2a65]&amp#27;[0m Calling AppiumDriver.execute() with args: ["mobile: isAppInstalled",[{"bundleId":"com.androidsample.generalstore","appId":"com.androidsample.generalstore"}],"f4e21cef-22bd-47be-acb4-849a9d02e6c3"]
&amp#27;[38;5;204m[f4e21cef]&amp#27;[0m&amp#27;[38;5;123m[BaseDriver]&amp#27;[0m The following script arguments are not known and will be ignored: bundleId
&amp#27;[38;5;204m[f4e21cef]&amp#27;[0m&amp#27;[38;5;229m[ADB]&amp#27;[0m Getting install status for com.androidsample.generalstore
&amp#27;[38;5;204m[f4e21cef]&amp#27;[0m&amp#27;[38;5;229m[ADB]&amp#27;[0m Running 'C:\Users\sajus\AppData\Local\Android\Sdk\platform-tools\adb.exe -P 5037 -s R3CRC00KHBT shell cmd package list packages'
&amp#27;[38;5;204m[f4e21cef]&amp#27;[0m&amp#27;[38;5;229m[ADB]&amp#27;[0m 'com.androidsample.generalstore' is installed
&amp#27;[38;5;204m[f4e21cef]&amp#27;[0m&amp#27;[38;5;-103m[AndroidUiautomator2Driver@2a65]&amp#27;[0m Responding to client with driver.execute() result: true
&amp#27;[38;5;204m[f4e21cef]&amp#27;[0m&amp#27;[38;5;86m[HTTP]&amp#27;[0m &amp#27;[37m<-- POST /session/f4e21cef-22bd-47be-acb4-849a9d02e6c3/execute/sync &amp#27;[39m&amp#27;[32m200&amp#27;[39m &amp#27;[90m151 ms - 14&amp#27;[39m &amp#27;[90m&amp#27;[39m
&amp#27;[38;5;204m[f4e21cef]&amp#27;[0m&amp#27;[38;5;86m[HTTP]&amp#27;[0m &amp#27;[37m-->&amp#27;[39m &amp#27;[37mPOST&amp#27;[39m &amp#27;[37m/session/f4e21cef-22bd-47be-acb4-849a9d02e6c3/execute/sync&amp#27;[39m &amp#27;[90m{"script":"mobile: terminateApp","args":[{"bundleId":"com.androidsample.generalstore","appId":"com.androidsample.generalstore"}]}&amp#27;[39m
&amp#27;[38;5;204m[f4e21cef]&amp#27;[0m&amp#27;[38;5;-103m[AndroidUiautomator2Driver@2a65]&amp#27;[0m Calling AppiumDriver.execute() with args: ["mobile: terminateApp",[{"bundleId":"com.androidsample.generalstore","appId":"com.androidsample.generalstore"}],"f4e21cef-22bd-47be-acb4-849a9d02e6c3"]
&amp#27;[38;5;204m[f4e21cef]&amp#27;[0m&amp#27;[38;5;123m[BaseDriver]&amp#27;[0m The following script arguments are not known and will be ignored: bundleId
&amp#27;[38;5;204m[f4e21cef]&amp#27;[0m&amp#27;[38;5;-103m[AndroidUiautomator2Driver@2a65]&amp#27;[0m Terminating 'com.androidsample.generalstore'
&amp#27;[38;5;204m[f4e21cef]&amp#27;[0m&amp#27;[38;5;229m[ADB]&amp#27;[0m Getting IDs of all 'com.androidsample.generalstore' processes
&amp#27;[38;5;204m[f4e21cef]&amp#27;[0m&amp#27;[38;5;229m[ADB]&amp#27;[0m Running 'C:\Users\sajus\AppData\Local\Android\Sdk\platform-tools\adb.exe -P 5037 -s R3CRC00KHBT shell pgrep -f \(\[\[:blank:\]\]\|\^\)com\.androidsample\.generalstore\(:\[a-zA-Z0-9_-\]\+\)\?\(\[\[:blank:\]\]\|\$\)'
&amp#27;[38;5;204m[f4e21cef]&amp#27;[0m&amp#27;[38;5;229m[ADB]&amp#27;[0m Running 'C:\Users\sajus\AppData\Local\Android\Sdk\platform-tools\adb.exe -P 5037 -s R3CRC00KHBT shell am force-stop com.androidsample.generalstore'
&amp#27;[38;5;204m[f4e21cef]&amp#27;[0m&amp#27;[38;5;-103m[AndroidUiautomator2Driver@2a65]&amp#27;[0m Querying the state of 'com.androidsample.generalstore'
&amp#27;[38;5;204m[f4e21cef]&amp#27;[0m&amp#27;[38;5;229m[ADB]&amp#27;[0m Getting install status for com.androidsample.generalstore
&amp#27;[38;5;204m[f4e21cef]&amp#27;[0m&amp#27;[38;5;229m[ADB]&amp#27;[0m Running 'C:\Users\sajus\AppData\Local\Android\Sdk\platform-tools\adb.exe -P 5037 -s R3CRC00KHBT shell cmd package list packages'
&amp#27;[38;5;204m[f4e21cef]&amp#27;[0m&amp#27;[38;5;229m[ADB]&amp#27;[0m 'com.androidsample.generalstore' is installed
&amp#27;[38;5;204m[f4e21cef]&amp#27;[0m&amp#27;[38;5;229m[ADB]&amp#27;[0m Getting IDs of all 'com.androidsample.generalstore' processes
&amp#27;[38;5;204m[f4e21cef]&amp#27;[0m&amp#27;[38;5;229m[ADB]&amp#27;[0m Running 'C:\Users\sajus\AppData\Local\Android\Sdk\platform-tools\adb.exe -P 5037 -s R3CRC00KHBT shell pgrep -f \(\[\[:blank:\]\]\|\^\)com\.androidsample\.generalstore\(:\[a-zA-Z0-9_-\]\+\)\?\(\[\[:blank:\]\]\|\$\)'
&amp#27;[38;5;204m[f4e21cef]&amp#27;[0m&amp#27;[38;5;-103m[AndroidUiautomator2Driver@2a65]&amp#27;[0m 'com.androidsample.generalstore' has been successfully terminated
&amp#27;[38;5;204m[f4e21cef]&amp#27;[0m&amp#27;[38;5;-103m[AndroidUiautomator2Driver@2a65]&amp#27;[0m Responding to client with driver.execute() result: true
&amp#27;[38;5;204m[f4e21cef]&amp#27;[0m&amp#27;[38;5;86m[HTTP]&amp#27;[0m &amp#27;[37m<-- POST /session/f4e21cef-22bd-47be-acb4-849a9d02e6c3/execute/sync &amp#27;[39m&amp#27;[32m200&amp#27;[39m &amp#27;[90m609 ms - 14&amp#27;[39m &amp#27;[90m&amp#27;[39m
🛑 App terminated: com.androidsample.generalstore
&amp#27;[38;5;204m[f4e21cef]&amp#27;[0m&amp#27;[38;5;86m[HTTP]&amp#27;[0m &amp#27;[37m-->&amp#27;[39m &amp#27;[37mDELETE&amp#27;[39m &amp#27;[37m/session/f4e21cef-22bd-47be-acb4-849a9d02e6c3&amp#27;[39m &amp#27;[90m{}&amp#27;[39m
&amp#27;[38;5;204m[f4e21cef]&amp#27;[0m&amp#27;[38;5;-103m[AndroidUiautomator2Driver@2a65]&amp#27;[0m Calling AppiumDriver.deleteSession() with args: ["f4e21cef-22bd-47be-acb4-849a9d02e6c3"]
&amp#27;[38;5;204m[f4e21cef]&amp#27;[0m&amp#27;[38;5;211m[AppiumDriver@6cff]&amp#27;[0m Event 'quitSessionRequested' logged at 1750221917971 (00:45:17 GMT-0400 (Eastern Daylight Saving Time))
&amp#27;[38;5;204m[f4e21cef]&amp#27;[0m&amp#27;[38;5;211m[AppiumDriver@6cff]&amp#27;[0m Removing session f4e21cef-22bd-47be-acb4-849a9d02e6c3 from our master session list
&amp#27;[38;5;204m[f4e21cef]&amp#27;[0m&amp#27;[38;5;-103m[AndroidUiautomator2Driver@2a65]&amp#27;[0m Deleting UiAutomator2 session
&amp#27;[38;5;204m[f4e21cef]&amp#27;[0m&amp#27;[38;5;-103m[AndroidUiautomator2Driver@2a65]&amp#27;[0m Deleting UiAutomator2 server session
&amp#27;[38;5;204m[f4e21cef]&amp#27;[0m&amp#27;[38;5;-103m[AndroidUiautomator2Driver@2a65]&amp#27;[0m Proxying [DELETE /] to [DELETE http://127.0.0.1:8201/session/4438af8a-89f9-4b3c-b0f1-b9e00e8d65dc] with no body
&amp#27;[38;5;204m[f4e21cef]&amp#27;[0m&amp#27;[38;5;-103m[AndroidUiautomator2Driver@2a65]&amp#27;[0m Got response with status 200: {"sessionId":"4438af8a-89f9-4b3c-b0f1-b9e00e8d65dc","value":null}
&amp#27;[38;5;204m[f4e21cef]&amp#27;[0m&amp#27;[38;5;229m[ADB]&amp#27;[0m Getting IDs of all 'io.appium.uiautomator2.server' processes
&amp#27;[38;5;204m[f4e21cef]&amp#27;[0m&amp#27;[38;5;229m[ADB]&amp#27;[0m Running 'C:\Users\sajus\AppData\Local\Android\Sdk\platform-tools\adb.exe -P 5037 -s R3CRC00KHBT shell pgrep -f \(\[\[:blank:\]\]\|\^\)io\.appium\.uiautomator2\.server\(:\[a-zA-Z0-9_-\]\+\)\?\(\[\[:blank:\]\]\|\$\)'
&amp#27;[38;5;204m[f4e21cef]&amp#27;[0m&amp#27;[38;5;-103m[AndroidUiautomator2Driver@2a65]&amp#27;[0m [Instrumentation] io.appium.uiautomator2.server.test.AppiumUiAutomator2Server:.
&amp#27;[38;5;204m[f4e21cef]&amp#27;[0m&amp#27;[38;5;-103m[AndroidUiautomator2Driver@2a65]&amp#27;[0m [Instrumentation] 
&amp#27;[38;5;204m[f4e21cef]&amp#27;[0m&amp#27;[38;5;-103m[AndroidUiautomator2Driver@2a65]&amp#27;[0m [Instrumentation] Time: 18.517
&amp#27;[38;5;204m[f4e21cef]&amp#27;[0m&amp#27;[38;5;-103m[AndroidUiautomator2Driver@2a65]&amp#27;[0m [Instrumentation] 
&amp#27;[38;5;204m[f4e21cef]&amp#27;[0m&amp#27;[38;5;-103m[AndroidUiautomator2Driver@2a65]&amp#27;[0m [Instrumentation] OK (1 test)
&amp#27;[38;5;204m[f4e21cef]&amp#27;[0m&amp#27;[38;5;-103m[AndroidUiautomator2Driver@2a65]&amp#27;[0m [Instrumentation] 
&amp#27;[38;5;204m[f4e21cef]&amp#27;[0m&amp#27;[38;5;-103m[AndroidUiautomator2Driver@2a65]&amp#27;[0m [Instrumentation] 
&amp#27;[38;5;204m[f4e21cef]&amp#27;[0m&amp#27;[38;5;-103m[AndroidUiautomator2Driver@2a65]&amp#27;[0m [Instrumentation] The process has exited with code 0, signal null
&amp#27;[38;5;204m[f4e21cef]&amp#27;[0m&amp#27;[38;5;229m[ADB]&amp#27;[0m Running 'C:\Users\sajus\AppData\Local\Android\Sdk\platform-tools\adb.exe -P 5037 -s R3CRC00KHBT shell am force-stop io.appium.uiautomator2.server'
&amp#27;[38;5;204m[f4e21cef]&amp#27;[0m&amp#27;[38;5;229m[ADB]&amp#27;[0m Running 'C:\Users\sajus\AppData\Local\Android\Sdk\platform-tools\adb.exe -P 5037 -s R3CRC00KHBT shell am force-stop io.appium.uiautomator2.server.test'
&amp#27;[38;5;204m[f4e21cef]&amp#27;[0m&amp#27;[38;5;229m[ADB]&amp#27;[0m Running 'C:\Users\sajus\AppData\Local\Android\Sdk\platform-tools\adb.exe -P 5037 -s R3CRC00KHBT shell dumpsys activity services io.appium.settings/.recorder.RecorderService'
&amp#27;[38;5;204m[f4e21cef]&amp#27;[0m&amp#27;[38;5;229m[ADB]&amp#27;[0m Removing forwarded port socket connection: 8201 
&amp#27;[38;5;204m[f4e21cef]&amp#27;[0m&amp#27;[38;5;229m[ADB]&amp#27;[0m Running 'C:\Users\sajus\AppData\Local\Android\Sdk\platform-tools\adb.exe -P 5037 -s R3CRC00KHBT forward --remove tcp:8201'
&amp#27;[38;5;204m[f4e21cef]&amp#27;[0m&amp#27;[38;5;-103m[AndroidUiautomator2Driver@2a65]&amp#27;[0m Restoring hidden api policy to the device default configuration
&amp#27;[38;5;204m[f4e21cef]&amp#27;[0m&amp#27;[38;5;229m[ADB]&amp#27;[0m Running 'C:\Users\sajus\AppData\Local\Android\Sdk\platform-tools\adb.exe -P 5037 -s R3CRC00KHBT shell 'settings delete global hidden_api_policy_pre_p_apps;settings delete global hidden_api_policy_p_apps;settings delete global hidden_api_policy''
&amp#27;[38;5;204m[f4e21cef]&amp#27;[0m&amp#27;[38;5;160m[Logcat]&amp#27;[0m Stopping logcat capture
&amp#27;[38;5;204m[f4e21cef]&amp#27;[0m&amp#27;[38;5;211m[AppiumDriver@6cff]&amp#27;[0m Event 'quitSessionFinished' logged at 1750221918657 (00:45:18 GMT-0400 (Eastern Daylight Saving Time))
&amp#27;[38;5;204m[f4e21cef]&amp#27;[0m&amp#27;[38;5;211m[AppiumDriver@6cff]&amp#27;[0m Received response: null
&amp#27;[38;5;204m[f4e21cef]&amp#27;[0m&amp#27;[38;5;211m[AppiumDriver@6cff]&amp#27;[0m But deleting session, so not returning
&amp#27;[38;5;204m[f4e21cef]&amp#27;[0m&amp#27;[38;5;211m[AppiumDriver@6cff]&amp#27;[0m Responding to client with driver.deleteSession() result: null
&amp#27;[38;5;204m[f4e21cef]&amp#27;[0m&amp#27;[38;5;86m[HTTP]&amp#27;[0m &amp#27;[37m<-- DELETE /session/f4e21cef-22bd-47be-acb4-849a9d02e6c3 &amp#27;[39m&amp#27;[32m200&amp#27;[39m &amp#27;[90m687 ms - 14&amp#27;[39m &amp#27;[90m&amp#27;[39m
&amp#27;[38;5;86m[HTTP]&amp#27;[0m &amp#27;[37m-->&amp#27;[39m &amp#27;[37mGET&amp#27;[39m &amp#27;[37m/status&amp#27;[39m &amp#27;[90m{}&amp#27;[39m
&amp#27;[38;5;211m[AppiumDriver@6cff]&amp#27;[0m Calling AppiumDriver.getStatus() with args: []
&amp#27;[38;5;211m[AppiumDriver@6cff]&amp#27;[0m Responding to client with driver.getStatus() result: {"ready":true,"message":"The server is ready to accept new connections","build":{"version":"2.18.0"}}
&amp#27;[38;5;86m[HTTP]&amp#27;[0m &amp#27;[37m<-- GET /status &amp#27;[39m&amp#27;[32m200&amp#27;[39m &amp#27;[90m1 ms - 111&amp#27;[39m &amp#27;[90m&amp#27;[39m
Appium server stopped
✅ Test completed for device: Samsung_Galaxy_S21
&amp#27;[38;5;84m[bf108470]&amp#27;[0m&amp#27;[38;5;86m[HTTP]&amp#27;[0m &amp#27;[37m-->&amp#27;[39m &amp#27;[37mGET&amp#27;[39m &amp#27;[37m/session/bf108470-aefa-4ade-9a0e-c46f45ff2392/screenshot&amp#27;[39m &amp#27;[90m{}&amp#27;[39m
&amp#27;[38;5;84m[bf108470]&amp#27;[0m&amp#27;[38;5;-60m[AndroidUiautomator2Driver@4f10]&amp#27;[0m Calling AppiumDriver.getScreenshot() with args: ["bf108470-aefa-4ade-9a0e-c46f45ff2392"]
&amp#27;[38;5;84m[bf108470]&amp#27;[0m&amp#27;[38;5;-60m[AndroidUiautomator2Driver@4f10]&amp#27;[0m Matched '/screenshot' to command name 'getScreenshot'
&amp#27;[38;5;84m[bf108470]&amp#27;[0m&amp#27;[38;5;-60m[AndroidUiautomator2Driver@4f10]&amp#27;[0m Proxying [GET /screenshot] to [GET http://127.0.0.1:8202/session/3ade6d62-387d-4ea7-8043-c5afb2572173/screenshot] with no body
&amp#27;[38;5;84m[bf108470]&amp#27;[0m&amp#27;[38;5;-60m[AndroidUiautomator2Driver@4f10]&amp#27;[0m Got response with status 200: {"sessionId":"3ade6d62-387d-4ea7-8043-c5afb2572173","value":"iVBORw0KGgoAAAANSUhEUgAABDgAAAjoCAYAAAA5jhrUAAAAAXNSR0IArs4c6QAAAARzQklUCAgICHwIZIgAACAASURBVHic7N13nBT1/cfx98zsXuMaXaQrATQqCHYxtsSYqBg19thNQY0lzZ8aI8aexKjRRKMSISr2giW2KKKIGkPAaESw0QQpB3ccXNndmfn9gXfe3pbbvbst39vXMw8COzPf73zmCIF537dYvT841RcAAAAAAIDB7FwXAAAAAAAA0FUEHAAAAAAAwHgEHAAAAAAAwHgEHAAAAAAAwHgEHAAAAAAAwHgEHAAAAAAAwHgEHAAAAAAAwHgEHAAAAAAAwHgEHAAAAAAAwHgEHAAAAAAAwHgEHAAAAAAAwHgEHAAAAAAAwHgEHAAAAAAAwHgEHAAAAAAAwHgEHAAAAAAAwHgEHAAAAAAAwHgEHAAAAAAAwHgEHAAAAAAAwHgEHAAAAAAAwHgEHAAAAAAAwHgEHAAAAAAAwHgEHAAAAAAAwHgEHAAAAAAAwHgEHAAAAAAAwHgEHAAAAAAAwHiBXBcA5ANLlqyWn62tv5YkX5Lv+9r6H3353+YqlOcEAAAAUHgIOFCwLFkKWLa2L9pGM4depBHB/kmvXxpepxNX3KRPQ18o4nvGhACF8pwAAABAKqqcMu1UPEw7lwxTlV2mnUqGqcrp1Xq+zt2i95uWq85r0HtNy/V+83LVuQ05qXVS2Vg9NfySlK6dvOw6zW34MMMV5TcCDhSkCrtUvxlwrE7vfaCcFGdqjQj215vbXStXnmZsfFVXrn1Y9V5jhivtmkJ5TgAAACCZYcF++m7FBH23YqImlY3t8PrDKiZGfZ7b8KH+UT9f/6j/j5aH12eqTHSR1fuDU/n2LApGwHI0pc+3NXXAcfpqgkbn+PJ15dpH9JcNzyviu91UYfcolOcEAAAAkplUNlY/7nNITGDRFc/W...
&amp#27;[38;5;84m[bf108470]&amp#27;[0m&amp#27;[38;5;-60m[AndroidUiautomator2Driver@4f10]&amp#27;[0m Responding to client with driver.getScreenshot() result: "iVBORw0KGgoAAAANSUhEUgAABDgAAAjoCAYAAAA5jhrUAAAAAXNSR0IArs4c6QAAAARzQklUCAgICHwIZIgAACAASURBVHic7N13nBT1/cfx98zsXuMaXaQrATQqCHYxtsSYqBg19thNQY0lzZ8aI8aexKjRRKMSISr2giW2KKKIGkPAaESw0QQpB3ccXNndmfn9gXfe3pbbvbst39vXMw8COzPf73zmCIF537dYvT841RcAAAAAAIDB7FwXAAAAAAAA0FUEHAAAAAAAwHgEHAAAAAAAwHgEHAAAAAAAwHgEHAAAAAAAwHgEHAAAAAAAwHgEHAAAAAAAwHgEHAAAAAAAwHgEHAAAAAAAwHgEHAAAAAAAwHgEHAAAAAAAwHgEHAAAAAAAwHgEHAAAAAAAwHgEHAAAAAAAwHgEHAAAAAAAwHgEHAAAAAAAwHgEHAAAAAAAwHgEHAAAAAAAwHgEHAAAAAAAwHgEHAAAAAAAwHgEHAAAAAAAwHgEHAAAAAAAwHgEHAAAAAAAwHgEHAAAAAAAwHgEHAAAAAAAwHiBXBcA5ANLlqyWn62tv5YkX5Lv+9r6H3353+YqlOcEAAAAUHgIOFCwLFkKWLa2L9pGM4depBHB/kmvXxpepxNX3KRPQ18o4nvGhACF8pwAAABAKqqcMu1UPEw7lwxTlV2mnUqGqcrp1Xq+zt2i95uWq85r0HtNy/V+83LVuQ05qXVS2Vg9NfySlK6dvOw6zW34MMMV5TcCDhSkCrtUvxlwrE7vfaCcFGdqjQj215vbXStXnmZsfFVXrn1Y9V5jhivtmkJ5TgAAACCZYcF++m7FBH23YqImlY3t8PrDKiZGfZ7b8KH+UT9f/6j/j5aH12eqTHSR1fuDU/n2LApGwHI0pc+3NXXAcfpqgkbn+PJ15dpH9JcNzyviu91UYfcolOcEAAAAkplUNlY/7nNITGDRFc/Wz9dfN7yYldESjOBIDwEHCoIlSxV2iWaP/K1GFg3o1r4/C63VQUuv0Ca3MefT...
&amp#27;[38;5;84m[bf108470]&amp#27;[0m&amp#27;[38;5;86m[HTTP]&amp#27;[0m &amp#27;[37m<-- GET /session/bf108470-aefa-4ade-9a0e-c46f45ff2392/screenshot &amp#27;[39m&amp#27;[32m200&amp#27;[39m &amp#27;[90m786 ms - 345072&amp#27;[39m &amp#27;[90m&amp#27;[39m
]]></system-out>
  </testcase>
  <testcase name="ThirdCase" classname="org.testCase.TestCase3" time="14.37">
    <system-out><![CDATA[&amp#27;[38;5;84m[bf108470]&amp#27;[0m&amp#27;[38;5;86m[HTTP]&amp#27;[0m &amp#27;[37m-->&amp#27;[39m &amp#27;[37mPOST&amp#27;[39m &amp#27;[37m/session/bf108470-aefa-4ade-9a0e-c46f45ff2392/execute/sync&amp#27;[39m &amp#27;[90m{"script":"mobile: isAppInstalled","args":[{"bundleId":"com.androidsample.generalstore","appId":"com.androidsample.generalstore"}]}&amp#27;[39m
&amp#27;[38;5;84m[bf108470]&amp#27;[0m&amp#27;[38;5;-60m[AndroidUiautomator2Driver@4f10]&amp#27;[0m Calling AppiumDriver.execute() with args: ["mobile: isAppInstalled",[{"bundleId":"com.androidsample.generalstore","appId":"com.androidsample.generalstore"}],"bf108470-aefa-4ade-9a0e-c46f45ff2392"]
&amp#27;[38;5;84m[bf108470]&amp#27;[0m&amp#27;[38;5;123m[BaseDriver]&amp#27;[0m The following script arguments are not known and will be ignored: bundleId
&amp#27;[38;5;84m[bf108470]&amp#27;[0m&amp#27;[38;5;229m[ADB]&amp#27;[0m Getting install status for com.androidsample.generalstore
&amp#27;[38;5;84m[bf108470]&amp#27;[0m&amp#27;[38;5;229m[ADB]&amp#27;[0m Running 'C:\Users\sajus\AppData\Local\Android\Sdk\platform-tools\adb.exe -P 5037 -s CTLID18120801016 shell cmd package list packages'
&amp#27;[38;5;84m[bf108470]&amp#27;[0m&amp#27;[38;5;229m[ADB]&amp#27;[0m 'com.androidsample.generalstore' is installed
&amp#27;[38;5;84m[bf108470]&amp#27;[0m&amp#27;[38;5;-60m[AndroidUiautomator2Driver@4f10]&amp#27;[0m Responding to client with driver.execute() result: true
&amp#27;[38;5;84m[bf108470]&amp#27;[0m&amp#27;[38;5;86m[HTTP]&amp#27;[0m &amp#27;[37m<-- POST /session/bf108470-aefa-4ade-9a0e-c46f45ff2392/execute/sync &amp#27;[39m&amp#27;[32m200&amp#27;[39m &amp#27;[90m132 ms - 14&amp#27;[39m &amp#27;[90m&amp#27;[39m
&amp#27;[38;5;84m[bf108470]&amp#27;[0m&amp#27;[38;5;86m[HTTP]&amp#27;[0m &amp#27;[37m-->&amp#27;[39m &amp#27;[37mPOST&amp#27;[39m &amp#27;[37m/session/bf108470-aefa-4ade-9a0e-c46f45ff2392/execute/sync&amp#27;[39m &amp#27;[90m{"script":"mobile: terminateApp","args":[{"bundleId":"com.androidsample.generalstore","appId":"com.androidsample.generalstore"}]}&amp#27;[39m
&amp#27;[38;5;84m[bf108470]&amp#27;[0m&amp#27;[38;5;-60m[AndroidUiautomator2Driver@4f10]&amp#27;[0m Calling AppiumDriver.execute() with args: ["mobile: terminateApp",[{"bundleId":"com.androidsample.generalstore","appId":"com.androidsample.generalstore"}],"bf108470-aefa-4ade-9a0e-c46f45ff2392"]
&amp#27;[38;5;84m[bf108470]&amp#27;[0m&amp#27;[38;5;123m[BaseDriver]&amp#27;[0m The following script arguments are not known and will be ignored: bundleId
&amp#27;[38;5;84m[bf108470]&amp#27;[0m&amp#27;[38;5;-60m[AndroidUiautomator2Driver@4f10]&amp#27;[0m Terminating 'com.androidsample.generalstore'
&amp#27;[38;5;84m[bf108470]&amp#27;[0m&amp#27;[38;5;229m[ADB]&amp#27;[0m Getting IDs of all 'com.androidsample.generalstore' processes
&amp#27;[38;5;84m[bf108470]&amp#27;[0m&amp#27;[38;5;229m[ADB]&amp#27;[0m Running 'C:\Users\sajus\AppData\Local\Android\Sdk\platform-tools\adb.exe -P 5037 -s CTLID18120801016 shell pgrep -f \(\[\[:blank:\]\]\|\^\)com\.androidsample\.generalstore\(:\[a-zA-Z0-9_-\]\+\)\?\(\[\[:blank:\]\]\|\$\)'
&amp#27;[38;5;84m[bf108470]&amp#27;[0m&amp#27;[38;5;229m[ADB]&amp#27;[0m Running 'C:\Users\sajus\AppData\Local\Android\Sdk\platform-tools\adb.exe -P 5037 -s CTLID18120801016 shell am force-stop com.androidsample.generalstore'
&amp#27;[38;5;84m[bf108470]&amp#27;[0m&amp#27;[38;5;-60m[AndroidUiautomator2Driver@4f10]&amp#27;[0m Querying the state of 'com.androidsample.generalstore'
&amp#27;[38;5;84m[bf108470]&amp#27;[0m&amp#27;[38;5;229m[ADB]&amp#27;[0m Getting install status for com.androidsample.generalstore
&amp#27;[38;5;84m[bf108470]&amp#27;[0m&amp#27;[38;5;229m[ADB]&amp#27;[0m Running 'C:\Users\sajus\AppData\Local\Android\Sdk\platform-tools\adb.exe -P 5037 -s CTLID18120801016 shell cmd package list packages'
&amp#27;[38;5;112m[Appium]&amp#27;[0m Welcome to Appium v2.18.0
&amp#27;[38;5;112m[Appium]&amp#27;[0m Non-default server args:
&amp#27;[38;5;112m[Appium]&amp#27;[0m { port: &amp#27;[33m4724&amp#27;[39m }
&amp#27;[38;5;112m[Appium]&amp#27;[0m The autodetected Appium home path: C:\Users\sajus\.appium
&amp#27;[38;5;112m[Appium]&amp#27;[0m Attempting to load driver uiautomator2...
&amp#27;[38;5;112m[Appium]&amp#27;[0m Requiring driver at C:\Users\sajus\.appium\node_modules\appium-uiautomator2-driver\build\index.js
&amp#27;[38;5;84m[bf108470]&amp#27;[0m&amp#27;[38;5;229m[ADB]&amp#27;[0m 'com.androidsample.generalstore' is installed
&amp#27;[38;5;84m[bf108470]&amp#27;[0m&amp#27;[38;5;229m[ADB]&amp#27;[0m Getting IDs of all 'com.androidsample.generalstore' processes
&amp#27;[38;5;84m[bf108470]&amp#27;[0m&amp#27;[38;5;229m[ADB]&amp#27;[0m Running 'C:\Users\sajus\AppData\Local\Android\Sdk\platform-tools\adb.exe -P 5037 -s CTLID18120801016 shell pgrep -f \(\[\[:blank:\]\]\|\^\)com\.androidsample\.generalstore\(:\[a-zA-Z0-9_-\]\+\)\?\(\[\[:blank:\]\]\|\$\)'
&amp#27;[38;5;84m[bf108470]&amp#27;[0m&amp#27;[38;5;-60m[AndroidUiautomator2Driver@4f10]&amp#27;[0m 'com.androidsample.generalstore' has been successfully terminated
&amp#27;[38;5;84m[bf108470]&amp#27;[0m&amp#27;[38;5;-60m[AndroidUiautomator2Driver@4f10]&amp#27;[0m Responding to client with driver.execute() result: true
&amp#27;[38;5;84m[bf108470]&amp#27;[0m&amp#27;[38;5;86m[HTTP]&amp#27;[0m &amp#27;[37m<-- POST /session/bf108470-aefa-4ade-9a0e-c46f45ff2392/execute/sync &amp#27;[39m&amp#27;[32m200&amp#27;[39m &amp#27;[90m538 ms - 14&amp#27;[39m &amp#27;[90m&amp#27;[39m
🛑 App terminated: com.androidsample.generalstore
&amp#27;[38;5;84m[bf108470]&amp#27;[0m&amp#27;[38;5;86m[HTTP]&amp#27;[0m &amp#27;[37m-->&amp#27;[39m &amp#27;[37mDELETE&amp#27;[39m &amp#27;[37m/session/bf108470-aefa-4ade-9a0e-c46f45ff2392&amp#27;[39m &amp#27;[90m{}&amp#27;[39m
&amp#27;[38;5;84m[bf108470]&amp#27;[0m&amp#27;[38;5;-60m[AndroidUiautomator2Driver@4f10]&amp#27;[0m Calling AppiumDriver.deleteSession() with args: ["bf108470-aefa-4ade-9a0e-c46f45ff2392"]
&amp#27;[38;5;84m[bf108470]&amp#27;[0m&amp#27;[38;5;39m[AppiumDriver@17ef]&amp#27;[0m Event 'quitSessionRequested' logged at 1750221920816 (00:45:20 GMT-0400 (Eastern Daylight Saving Time))
&amp#27;[38;5;84m[bf108470]&amp#27;[0m&amp#27;[38;5;39m[AppiumDriver@17ef]&amp#27;[0m Removing session bf108470-aefa-4ade-9a0e-c46f45ff2392 from our master session list
&amp#27;[38;5;84m[bf108470]&amp#27;[0m&amp#27;[38;5;-60m[AndroidUiautomator2Driver@4f10]&amp#27;[0m Deleting UiAutomator2 session
&amp#27;[38;5;84m[bf108470]&amp#27;[0m&amp#27;[38;5;-60m[AndroidUiautomator2Driver@4f10]&amp#27;[0m Deleting UiAutomator2 server session
&amp#27;[38;5;84m[bf108470]&amp#27;[0m&amp#27;[38;5;-60m[AndroidUiautomator2Driver@4f10]&amp#27;[0m Proxying [DELETE /] to [DELETE http://127.0.0.1:8202/session/3ade6d62-387d-4ea7-8043-c5afb2572173] with no body
&amp#27;[38;5;84m[bf108470]&amp#27;[0m&amp#27;[38;5;-60m[AndroidUiautomator2Driver@4f10]&amp#27;[0m Got response with status 200: {"sessionId":"3ade6d62-387d-4ea7-8043-c5afb2572173","value":null}
&amp#27;[38;5;84m[bf108470]&amp#27;[0m&amp#27;[38;5;229m[ADB]&amp#27;[0m Getting IDs of all 'io.appium.uiautomator2.server' processes
&amp#27;[38;5;84m[bf108470]&amp#27;[0m&amp#27;[38;5;229m[ADB]&amp#27;[0m Running 'C:\Users\sajus\AppData\Local\Android\Sdk\platform-tools\adb.exe -P 5037 -s CTLID18120801016 shell pgrep -f \(\[\[:blank:\]\]\|\^\)io\.appium\.uiautomator2\.server\(:\[a-zA-Z0-9_-\]\+\)\?\(\[\[:blank:\]\]\|\$\)'
&amp#27;[38;5;84m[bf108470]&amp#27;[0m&amp#27;[38;5;-60m[AndroidUiautomator2Driver@4f10]&amp#27;[0m [Instrumentation] io.appium.uiautomator2.server.test.AppiumUiAutomator2Server:.
&amp#27;[38;5;84m[bf108470]&amp#27;[0m&amp#27;[38;5;-60m[AndroidUiautomator2Driver@4f10]&amp#27;[0m [Instrumentation] 
&amp#27;[38;5;84m[bf108470]&amp#27;[0m&amp#27;[38;5;-60m[AndroidUiautomator2Driver@4f10]&amp#27;[0m [Instrumentation] Time: 18.526
&amp#27;[38;5;84m[bf108470]&amp#27;[0m&amp#27;[38;5;-60m[AndroidUiautomator2Driver@4f10]&amp#27;[0m [Instrumentation] 
&amp#27;[38;5;84m[bf108470]&amp#27;[0m&amp#27;[38;5;-60m[AndroidUiautomator2Driver@4f10]&amp#27;[0m [Instrumentation] OK (1 test)
&amp#27;[38;5;84m[bf108470]&amp#27;[0m&amp#27;[38;5;-60m[AndroidUiautomator2Driver@4f10]&amp#27;[0m [Instrumentation] 
&amp#27;[38;5;84m[bf108470]&amp#27;[0m&amp#27;[38;5;-60m[AndroidUiautomator2Driver@4f10]&amp#27;[0m [Instrumentation] 
&amp#27;[38;5;84m[bf108470]&amp#27;[0m&amp#27;[38;5;-60m[AndroidUiautomator2Driver@4f10]&amp#27;[0m [Instrumentation] The process has exited with code null, signal SIGTERM
&amp#27;[38;5;84m[bf108470]&amp#27;[0m&amp#27;[38;5;229m[ADB]&amp#27;[0m Running 'C:\Users\sajus\AppData\Local\Android\Sdk\platform-tools\adb.exe -P 5037 -s CTLID18120801016 shell am force-stop io.appium.uiautomator2.server'
&amp#27;[38;5;84m[bf108470]&amp#27;[0m&amp#27;[38;5;229m[ADB]&amp#27;[0m Running 'C:\Users\sajus\AppData\Local\Android\Sdk\platform-tools\adb.exe -P 5037 -s CTLID18120801016 shell am force-stop io.appium.uiautomator2.server.test'
&amp#27;[38;5;84m[bf108470]&amp#27;[0m&amp#27;[38;5;229m[ADB]&amp#27;[0m Running 'C:\Users\sajus\AppData\Local\Android\Sdk\platform-tools\adb.exe -P 5037 -s CTLID18120801016 shell dumpsys activity services io.appium.settings/.recorder.RecorderService'
&amp#27;[38;5;84m[bf108470]&amp#27;[0m&amp#27;[38;5;229m[ADB]&amp#27;[0m Removing forwarded port socket connection: 8202 
&amp#27;[38;5;84m[bf108470]&amp#27;[0m&amp#27;[38;5;229m[ADB]&amp#27;[0m Running 'C:\Users\sajus\AppData\Local\Android\Sdk\platform-tools\adb.exe -P 5037 -s CTLID18120801016 forward --remove tcp:8202'
&amp#27;[38;5;84m[bf108470]&amp#27;[0m&amp#27;[38;5;-60m[AndroidUiautomator2Driver@4f10]&amp#27;[0m Restoring hidden api policy to the device default configuration
&amp#27;[38;5;84m[bf108470]&amp#27;[0m&amp#27;[38;5;229m[ADB]&amp#27;[0m Running 'C:\Users\sajus\AppData\Local\Android\Sdk\platform-tools\adb.exe -P 5037 -s CTLID18120801016 shell 'settings delete global hidden_api_policy_pre_p_apps;settings delete global hidden_api_policy_p_apps;settings delete global hidden_api_policy''
&amp#27;[38;5;84m[bf108470]&amp#27;[0m&amp#27;[38;5;160m[Logcat]&amp#27;[0m Stopping logcat capture
&amp#27;[38;5;84m[bf108470]&amp#27;[0m&amp#27;[38;5;39m[AppiumDriver@17ef]&amp#27;[0m Event 'quitSessionFinished' logged at 1750221921376 (00:45:21 GMT-0400 (Eastern Daylight Saving Time))
&amp#27;[38;5;84m[bf108470]&amp#27;[0m&amp#27;[38;5;39m[AppiumDriver@17ef]&amp#27;[0m Received response: null
&amp#27;[38;5;84m[bf108470]&amp#27;[0m&amp#27;[38;5;39m[AppiumDriver@17ef]&amp#27;[0m But deleting session, so not returning
&amp#27;[38;5;84m[bf108470]&amp#27;[0m&amp#27;[38;5;39m[AppiumDriver@17ef]&amp#27;[0m Responding to client with driver.deleteSession() result: null
&amp#27;[38;5;84m[bf108470]&amp#27;[0m&amp#27;[38;5;86m[HTTP]&amp#27;[0m &amp#27;[37m<-- DELETE /session/bf108470-aefa-4ade-9a0e-c46f45ff2392 &amp#27;[39m&amp#27;[32m200&amp#27;[39m &amp#27;[90m562 ms - 14&amp#27;[39m &amp#27;[90m&amp#27;[39m
&amp#27;[38;5;86m[HTTP]&amp#27;[0m &amp#27;[37m-->&amp#27;[39m &amp#27;[37mGET&amp#27;[39m &amp#27;[37m/status&amp#27;[39m &amp#27;[90m{}&amp#27;[39m
&amp#27;[38;5;39m[AppiumDriver@17ef]&amp#27;[0m Calling AppiumDriver.getStatus() with args: []
&amp#27;[38;5;39m[AppiumDriver@17ef]&amp#27;[0m Responding to client with driver.getStatus() result: {"ready":true,"message":"The server is ready to accept new connections","build":{"version":"2.18.0"}}
&amp#27;[38;5;86m[HTTP]&amp#27;[0m &amp#27;[37m<-- GET /status &amp#27;[39m&amp#27;[32m200&amp#27;[39m &amp#27;[90m1 ms - 111&amp#27;[39m &amp#27;[90m&amp#27;[39m
Appium server stopped
✅ Test completed for device: Nokia
&amp#27;[38;5;112m[Appium]&amp#27;[0m AndroidUiautomator2Driver has been successfully loaded in 0.873s
&amp#27;[38;5;112m[Appium]&amp#27;[0m Appium REST http interface listener started on http://0.0.0.0:4724
&amp#27;[38;5;112m[Appium]&amp#27;[0m You can provide the following URLs in your client code to connect to this server:
	http://192.168.2.20:4724/
	http://127.0.0.1:4724/ (only accessible from the same host)
&amp#27;[38;5;112m[Appium]&amp#27;[0m Available drivers:
&amp#27;[38;5;112m[Appium]&amp#27;[0m   - uiautomator2@4.2.3 (automationName 'UiAutomator2')
&amp#27;[38;5;112m[Appium]&amp#27;[0m No plugins have been installed. Use the "appium plugin" command to install the one(s) you want to use.
&amp#27;[38;5;86m[HTTP]&amp#27;[0m &amp#27;[37m-->&amp#27;[39m &amp#27;[37mGET&amp#27;[39m &amp#27;[37m/status&amp#27;[39m &amp#27;[90m{}&amp#27;[39m
&amp#27;[38;5;147m[AppiumDriver@0f5b]&amp#27;[0m Calling AppiumDriver.getStatus() with args: []
&amp#27;[38;5;147m[AppiumDriver@0f5b]&amp#27;[0m Responding to client with driver.getStatus() result: {"ready":true,"message":"The server is ready to accept new connections","build":{"version":"2.18.0"}}
Appium server started on port: 4724
&amp#27;[38;5;86m[HTTP]&amp#27;[0m &amp#27;[37m<-- GET /status &amp#27;[39m&amp#27;[32m200&amp#27;[39m &amp#27;[90m4 ms - 111&amp#27;[39m &amp#27;[90m&amp#27;[39m
&amp#27;[38;5;86m[HTTP]&amp#27;[0m Request idempotency key: c60e1a34-2001-42c4-82b9-4575ac8f3dea
&amp#27;[38;5;86m[HTTP]&amp#27;[0m &amp#27;[37m-->&amp#27;[39m &amp#27;[37mPOST&amp#27;[39m &amp#27;[37m/session&amp#27;[39m &amp#27;[90m{"capabilities":{"firstMatch":[{}],"alwaysMatch":{"appium:appActivity":"com.androidsample.generalstore.SplashActivity","appium:appPackage":"com.androidsample.generalstore","appium:automationName":"UiAutomator2","appium:deviceName":"Samsung_Galaxy_S21","appium:noReset":true,"appium:platformVersion":"10.0","appium:systemPort":8201,"appium:udid":"R3CRC00KHBT","platformName":"ANDROID"}}}&amp#27;[39m
&amp#27;[38;5;147m[AppiumDriver@0f5b]&amp#27;[0m Calling AppiumDriver.createSession() with args: [null,null,{"firstMatch":[{}],"alwaysMatch":{"appium:appActivity":"com.androidsample.generalstore.SplashActivity","appium:appPackage":"com.androidsample.generalstore","appium:automationName":"UiAutomator2","appium:deviceName":"Samsung_Galaxy_S21","appium:noReset":true,"appium:platformVersion":"10.0","appium:systemPort":8201,"appium:udid":"R3CRC00KHBT","platformName":"ANDROID"}}]
&amp#27;[38;5;147m[AppiumDriver@0f5b]&amp#27;[0m Event 'newSessionRequested' logged at 1750221921838 (00:45:21 GMT-0400 (Eastern Daylight Saving Time))
&amp#27;[38;5;112m[Appium]&amp#27;[0m Attempting to find matching driver for automationName 'UiAutomator2' and platformName 'ANDROID'
&amp#27;[38;5;112m[Appium]&amp#27;[0m The 'uiautomator2' driver was installed and matched caps.
&amp#27;[38;5;112m[Appium]&amp#27;[0m Will require it at C:\Users\sajus\.appium\node_modules\appium-uiautomator2-driver
&amp#27;[38;5;112m[Appium]&amp#27;[0m Requiring driver at C:\Users\sajus\.appium\node_modules\appium-uiautomator2-driver\build\index.js
&amp#27;[38;5;147m[AppiumDriver@0f5b]&amp#27;[0m Appium v2.18.0 creating new AndroidUiautomator2Driver (v4.2.3) session
&amp#27;[38;5;147m[AppiumDriver@0f5b]&amp#27;[0m Checking BaseDriver versions for Appium and AndroidUiautomator2Driver
&amp#27;[38;5;147m[AppiumDriver@0f5b]&amp#27;[0m Appium's BaseDriver version is 9.17.0
&amp#27;[38;5;147m[AppiumDriver@0f5b]&amp#27;[0m AndroidUiautomator2Driver's BaseDriver version is 9.17.0
&amp#27;[38;5;10m[AndroidUiautomator2Driver@bd8a]&amp#27;[0m 
&amp#27;[38;5;10m[AndroidUiautomator2Driver@bd8a]&amp#27;[0m Creating session with W3C capabilities: {
  "alwaysMatch": {
    "platformName": "ANDROID",
    "appium:appActivity": "com.androidsample.generalstore.SplashActivity",
    "appium:appPackage": "com.androidsample.generalstore",
    "appium:automationName": "UiAutomator2",
    "appium:deviceName": "Samsung_Galaxy_S21",
    "appium:noReset": true,
    "appium:platformVersion": "10.0",
    "appium:systemPort": 8201,
    "appium:udid": "R3CRC00KHBT"
  },
  "firstMatch": [
    {}
  ]
}
&amp#27;[38;5;219m[f88ada09]&amp#27;[0m&amp#27;[38;5;10m[AndroidUiautomator2Driver@bd8a]&amp#27;[0m Session created with session id: f88ada09-095f-4431-9d43-7f8210639409
&amp#27;[38;5;219m[f88ada09]&amp#27;[0m&amp#27;[38;5;229m[ADB]&amp#27;[0m Found 3 'build-tools' folders under 'C:\Users\sajus\AppData\Local\Android\Sdk' (newest first):
&amp#27;[38;5;219m[f88ada09]&amp#27;[0m&amp#27;[38;5;229m[ADB]&amp#27;[0m     C:\Users\sajus\AppData\Local\Android\Sdk\build-tools\36.0.0
&amp#27;[38;5;219m[f88ada09]&amp#27;[0m&amp#27;[38;5;229m[ADB]&amp#27;[0m     C:\Users\sajus\AppData\Local\Android\Sdk\build-tools\35.0.1
&amp#27;[38;5;219m[f88ada09]&amp#27;[0m&amp#27;[38;5;229m[ADB]&amp#27;[0m     C:\Users\sajus\AppData\Local\Android\Sdk\build-tools\35.0.0
&amp#27;[38;5;219m[f88ada09]&amp#27;[0m&amp#27;[38;5;229m[ADB]&amp#27;[0m Using 'adb.exe' from 'C:\Users\sajus\AppData\Local\Android\Sdk\platform-tools\adb.exe'
&amp#27;[38;5;219m[f88ada09]&amp#27;[0m&amp#27;[38;5;229m[ADB]&amp#27;[0m Running 'C:\Users\sajus\AppData\Local\Android\Sdk\platform-tools\adb.exe -P 5037 start-server'
&amp#27;[38;5;219m[f88ada09]&amp#27;[0m&amp#27;[38;5;10m[AndroidUiautomator2Driver@bd8a]&amp#27;[0m Retrieving device list
&amp#27;[38;5;219m[f88ada09]&amp#27;[0m&amp#27;[38;5;229m[ADB]&amp#27;[0m Trying to find connected Android devices
&amp#27;[38;5;219m[f88ada09]&amp#27;[0m&amp#27;[38;5;229m[ADB]&amp#27;[0m Getting connected devices
&amp#27;[38;5;219m[f88ada09]&amp#27;[0m&amp#27;[38;5;229m[ADB]&amp#27;[0m Connected devices: [{"udid":"CTLID18120801016","state":"device"},{"udid":"R3CRC00KHBT","state":"device"}]
&amp#27;[38;5;219m[f88ada09]&amp#27;[0m&amp#27;[38;5;10m[AndroidUiautomator2Driver@bd8a]&amp#27;[0m Using device: R3CRC00KHBT
&amp#27;[38;5;219m[f88ada09]&amp#27;[0m&amp#27;[38;5;229m[ADB]&amp#27;[0m Using 'adb.exe' from 'C:\Users\sajus\AppData\Local\Android\Sdk\platform-tools\adb.exe'
&amp#27;[38;5;219m[f88ada09]&amp#27;[0m&amp#27;[38;5;229m[ADB]&amp#27;[0m Running 'C:\Users\sajus\AppData\Local\Android\Sdk\platform-tools\adb.exe -P 5037 start-server'
&amp#27;[38;5;219m[f88ada09]&amp#27;[0m&amp#27;[38;5;229m[ADB]&amp#27;[0m Setting device id to R3CRC00KHBT
&amp#27;[38;5;219m[f88ada09]&amp#27;[0m&amp#27;[38;5;10m[AndroidUiautomator2Driver@bd8a]&amp#27;[0m Starting 'com.androidsample.generalstore' directly on the device
&amp#27;[38;5;219m[f88ada09]&amp#27;[0m&amp#27;[38;5;229m[ADB]&amp#27;[0m Running 'C:\Users\sajus\AppData\Local\Android\Sdk\platform-tools\adb.exe -P 5037 -s R3CRC00KHBT shell getprop ro.build.version.sdk'
&amp#27;[38;5;219m[f88ada09]&amp#27;[0m&amp#27;[38;5;229m[ADB]&amp#27;[0m Current device property 'ro.build.version.sdk': 35
&amp#27;[38;5;219m[f88ada09]&amp#27;[0m&amp#27;[38;5;229m[ADB]&amp#27;[0m Getting device platform version
&amp#27;[38;5;219m[f88ada09]&amp#27;[0m&amp#27;[38;5;229m[ADB]&amp#27;[0m Running 'C:\Users\sajus\AppData\Local\Android\Sdk\platform-tools\adb.exe -P 5037 -s R3CRC00KHBT shell getprop ro.build.version.release'
&amp#27;[38;5;219m[f88ada09]&amp#27;[0m&amp#27;[38;5;229m[ADB]&amp#27;[0m Current device property 'ro.build.version.release': 15
&amp#27;[38;5;219m[f88ada09]&amp#27;[0m&amp#27;[38;5;229m[ADB]&amp#27;[0m Device API level: 35
&amp#27;[38;5;219m[f88ada09]&amp#27;[0m&amp#27;[38;5;10m[AndroidUiautomator2Driver@bd8a]&amp#27;[0m Relaxing hidden api policy
&amp#27;[38;5;219m[f88ada09]&amp#27;[0m&amp#27;[38;5;229m[ADB]&amp#27;[0m Running 'C:\Users\sajus\AppData\Local\Android\Sdk\platform-tools\adb.exe -P 5037 -s R3CRC00KHBT shell 'settings put global hidden_api_policy_pre_p_apps 1;settings put global hidden_api_policy_p_apps 1;settings put global hidden_api_policy 1''
&amp#27;[38;5;219m[f88ada09]&amp#27;[0m&amp#27;[38;5;10m[AndroidUiautomator2Driver@bd8a]&amp#27;[0m Pushing settings apk to the device...
&amp#27;[38;5;219m[f88ada09]&amp#27;[0m&amp#27;[38;5;229m[ADB]&amp#27;[0m Getting package info for 'io.appium.settings'
&amp#27;[38;5;219m[f88ada09]&amp#27;[0m&amp#27;[38;5;229m[ADB]&amp#27;[0m Running 'C:\Users\sajus\AppData\Local\Android\Sdk\platform-tools\adb.exe -P 5037 -s R3CRC00KHBT shell dumpsys package io.appium.settings'
&amp#27;[38;5;219m[f88ada09]&amp#27;[0m&amp#27;[38;5;229m[ADB]&amp#27;[0m Using 'aapt2.exe' from 'C:\Users\sajus\AppData\Local\Android\Sdk\build-tools\36.0.0\aapt2.exe'
&amp#27;[38;5;219m[f88ada09]&amp#27;[0m&amp#27;[38;5;229m[ADB]&amp#27;[0m Reading package manifest: 'C:\\Users\\sajus\\AppData\\Local\\Android\\Sdk\\build-tools\\36.0.0\\aapt2.exe dump badging C:\\Users\\sajus\\.appium\\node_modules\\appium-uiautomator2-driver\\node_modules\\io.appium.settings\\apks\\settings_apk-debug.apk'
&amp#27;[38;5;219m[f88ada09]&amp#27;[0m&amp#27;[38;5;229m[ADB]&amp#27;[0m The version name of the installed 'io.appium.settings' is greater or equal to the application version name ('5.14.8' >= '5.14.8')
&amp#27;[38;5;219m[f88ada09]&amp#27;[0m&amp#27;[38;5;229m[ADB]&amp#27;[0m There is no need to install/upgrade 'C:\Users\sajus\.appium\node_modules\appium-uiautomator2-driver\node_modules\io.appium.settings\apks\settings_apk-debug.apk'
&amp#27;[38;5;219m[f88ada09]&amp#27;[0m&amp#27;[38;5;229m[ADB]&amp#27;[0m Running 'C:\Users\sajus\AppData\Local\Android\Sdk\platform-tools\adb.exe -P 5037 -s R3CRC00KHBT shell dumpsys activity services io.appium.settings'
&amp#27;[38;5;219m[f88ada09]&amp#27;[0m&amp#27;[38;5;10m[AndroidUiautomator2Driver@bd8a]&amp#27;[0m io.appium.settings is already running. There is no need to reset its permissions.
&amp#27;[38;5;219m[f88ada09]&amp#27;[0m&amp#27;[38;5;160m[Logcat]&amp#27;[0m Starting logs capture with command: C:\\Users\\sajus\\AppData\\Local\\Android\\Sdk\\platform-tools\\adb.exe -P 5037 -s R3CRC00KHBT logcat -v threadtime
&amp#27;[38;5;219m[f88ada09]&amp#27;[0m&amp#27;[38;5;229m[ADB]&amp#27;[0m Running 'C:\Users\sajus\AppData\Local\Android\Sdk\platform-tools\adb.exe -P 5037 -s R3CRC00KHBT shell appops set io.appium.settings android:mock_location allow'
&amp#27;[38;5;219m[f88ada09]&amp#27;[0m&amp#27;[38;5;229m[ADB]&amp#27;[0m Running 'C:\Users\sajus\AppData\Local\Android\Sdk\platform-tools\adb.exe -P 5037 -s R3CRC00KHBT shell "[ -e '/data/local/tmp/mock_apps.json' ] && echo __PASS__"'
&amp#27;[38;5;219m[f88ada09]&amp#27;[0m&amp#27;[38;5;229m[ADB]&amp#27;[0m Running 'C:\Users\sajus\AppData\Local\Android\Sdk\platform-tools\adb.exe -P 5037 -s R3CRC00KHBT shell cat /data/local/tmp/mock_apps.json'
&amp#27;[38;5;219m[f88ada09]&amp#27;[0m&amp#27;[38;5;10m[AndroidUiautomator2Driver@bd8a]&amp#27;[0m Forwarding UiAutomator2 Server port 6790 to local port 8201
&amp#27;[38;5;219m[f88ada09]&amp#27;[0m&amp#27;[38;5;229m[ADB]&amp#27;[0m Forwarding system: 8201 to device: 6790
&amp#27;[38;5;219m[f88ada09]&amp#27;[0m&amp#27;[38;5;229m[ADB]&amp#27;[0m Running 'C:\Users\sajus\AppData\Local\Android\Sdk\platform-tools\adb.exe -P 5037 -s R3CRC00KHBT forward tcp:8201 tcp:6790'
&amp#27;[38;5;219m[f88ada09]&amp#27;[0m&amp#27;[38;5;10m[AndroidUiautomator2Driver@bd8a]&amp#27;[0m UIA2Proxy options: {"server":"127.0.0.1","port":8201,"keepAlive":true,"scheme":"http","base":"","reqBasePath":"","sessionId":null,"timeout":240000}
&amp#27;[38;5;219m[f88ada09]&amp#27;[0m&amp#27;[38;5;229m[ADB]&amp#27;[0m Getting package info for 'io.appium.uiautomator2.server'
&amp#27;[38;5;219m[f88ada09]&amp#27;[0m&amp#27;[38;5;229m[ADB]&amp#27;[0m Running 'C:\Users\sajus\AppData\Local\Android\Sdk\platform-tools\adb.exe -P 5037 -s R3CRC00KHBT shell dumpsys package io.appium.uiautomator2.server'
&amp#27;[38;5;219m[f88ada09]&amp#27;[0m&amp#27;[38;5;229m[ADB]&amp#27;[0m Getting install status for io.appium.uiautomator2.server.test
&amp#27;[38;5;219m[f88ada09]&amp#27;[0m&amp#27;[38;5;10m[AndroidUiautomator2Driver@bd8a]&amp#27;[0m No app capability. Assuming it is already on the device
&amp#27;[38;5;219m[f88ada09]&amp#27;[0m&amp#27;[38;5;229m[ADB]&amp#27;[0m Running 'C:\Users\sajus\AppData\Local\Android\Sdk\platform-tools\adb.exe -P 5037 -s R3CRC00KHBT shell cmd package list packages'
&amp#27;[38;5;219m[f88ada09]&amp#27;[0m&amp#27;[38;5;229m[ADB]&amp#27;[0m Reading package manifest: 'C:\\Users\\sajus\\AppData\\Local\\Android\\Sdk\\build-tools\\36.0.0\\aapt2.exe dump badging C:\\Users\\sajus\\.appium\\node_modules\\appium-uiautomator2-driver\\node_modules\\appium-uiautomator2-server\\apks\\appium-uiautomator2-server-v7.5.2.apk'
&amp#27;[38;5;219m[f88ada09]&amp#27;[0m&amp#27;[38;5;229m[ADB]&amp#27;[0m 'io.appium.uiautomator2.server.test' is installed
&amp#27;[38;5;219m[f88ada09]&amp#27;[0m&amp#27;[38;5;229m[ADB]&amp#27;[0m The version name of the installed 'io.appium.uiautomator2.server' is greater or equal to the application version name ('7.5.2' >= '7.5.2')
&amp#27;[38;5;219m[f88ada09]&amp#27;[0m&amp#27;[38;5;10m[AndroidUiautomator2Driver@bd8a]&amp#27;[0m Server packages status: [{"installState":"sameVersionInstalled","appPath":"C:\\Users\\sajus\\.appium\\node_modules\\appium-uiautomator2-driver\\node_modules\\appium-uiautomator2-server\\apks\\appium-uiautomator2-server-v7.5.2.apk","appId":"io.appium.uiautomator2.server"},{"installState":"sameVersionInstalled","appPath":"C:\\Users\\sajus\\.appium\\node_modules\\appium-uiautomator2-driver\\node_modules\\appium-uiautomator2-server\\apks\\appium-uiautomator2-server-debug-androidTest.apk","appId":"io.appium.uiautomator2.server.test"}]
&amp#27;[38;5;219m[f88ada09]&amp#27;[0m&amp#27;[38;5;10m[AndroidUiautomator2Driver@bd8a]&amp#27;[0m Server packages are not going to be (re)installed
&amp#27;[38;5;219m[f88ada09]&amp#27;[0m&amp#27;[38;5;10m[AndroidUiautomator2Driver@bd8a]&amp#27;[0m Waiting up to 30000ms for services to be available
&amp#27;[38;5;219m[f88ada09]&amp#27;[0m&amp#27;[38;5;229m[ADB]&amp#27;[0m Running 'C:\Users\sajus\AppData\Local\Android\Sdk\platform-tools\adb.exe -P 5037 -s R3CRC00KHBT shell pm list instrumentation'
&amp#27;[38;5;219m[f88ada09]&amp#27;[0m&amp#27;[38;5;10m[AndroidUiautomator2Driver@bd8a]&amp#27;[0m Instrumentation target 'io.appium.uiautomator2.server.test/androidx.test.runner.AndroidJUnitRunner' is available
&amp#27;[38;5;219m[f88ada09]&amp#27;[0m&amp#27;[38;5;229m[ADB]&amp#27;[0m Adding packages ["io.appium.settings","io.appium.uiautomator2.server","io.appium.uiautomator2.server.test"] to Doze whitelist
&amp#27;[38;5;219m[f88ada09]&amp#27;[0m&amp#27;[38;5;229m[ADB]&amp#27;[0m Got the following command chunks to execute: [["dumpsys","deviceidle","whitelist","+io.appium.settings",";","dumpsys","deviceidle","whitelist","+io.appium.uiautomator2.server",";","dumpsys","deviceidle","whitelist","+io.appium.uiautomator2.server.test",";"]]
&amp#27;[38;5;219m[f88ada09]&amp#27;[0m&amp#27;[38;5;229m[ADB]&amp#27;[0m Running 'C:\Users\sajus\AppData\Local\Android\Sdk\platform-tools\adb.exe -P 5037 -s R3CRC00KHBT shell dumpsys deviceidle whitelist +io.appium.settings ; dumpsys deviceidle whitelist +io.appium.uiautomator2.server ; dumpsys deviceidle whitelist +io.appium.uiautomator2.server.test ;'
&amp#27;[38;5;112m[Appium]&amp#27;[0m Welcome to Appium v2.18.0
&amp#27;[38;5;112m[Appium]&amp#27;[0m The autodetected Appium home path: C:\Users\sajus\.appium
&amp#27;[38;5;112m[Appium]&amp#27;[0m Attempting to load driver uiautomator2...
&amp#27;[38;5;112m[Appium]&amp#27;[0m Requiring driver at C:\Users\sajus\.appium\node_modules\appium-uiautomator2-driver\build\index.js
&amp#27;[38;5;219m[f88ada09]&amp#27;[0m&amp#27;[38;5;10m[AndroidUiautomator2Driver@bd8a]&amp#27;[0m Performing shallow cleanup of automation leftovers
&amp#27;[38;5;219m[f88ada09]&amp#27;[0m&amp#27;[38;5;10m[AndroidUiautomator2Driver@bd8a]&amp#27;[0m No obsolete sessions have been detected (socket hang up)
&amp#27;[38;5;219m[f88ada09]&amp#27;[0m&amp#27;[38;5;229m[ADB]&amp#27;[0m Running 'C:\Users\sajus\AppData\Local\Android\Sdk\platform-tools\adb.exe -P 5037 -s R3CRC00KHBT shell am force-stop io.appium.uiautomator2.server'
&amp#27;[38;5;219m[f88ada09]&amp#27;[0m&amp#27;[38;5;229m[ADB]&amp#27;[0m Running 'C:\Users\sajus\AppData\Local\Android\Sdk\platform-tools\adb.exe -P 5037 -s R3CRC00KHBT shell am force-stop io.appium.uiautomator2.server.test'
&amp#27;[38;5;219m[f88ada09]&amp#27;[0m&amp#27;[38;5;10m[AndroidUiautomator2Driver@bd8a]&amp#27;[0m Starting UIAutomator2 server 7.5.2
&amp#27;[38;5;219m[f88ada09]&amp#27;[0m&amp#27;[38;5;10m[AndroidUiautomator2Driver@bd8a]&amp#27;[0m Using UIAutomator2 server from 'C:\Users\sajus\.appium\node_modules\appium-uiautomator2-driver\node_modules\appium-uiautomator2-server\apks\appium-uiautomator2-server-v7.5.2.apk' and test from 'C:\Users\sajus\.appium\node_modules\appium-uiautomator2-driver\node_modules\appium-uiautomator2-server\apks\appium-uiautomator2-server-debug-androidTest.apk'
&amp#27;[38;5;219m[f88ada09]&amp#27;[0m&amp#27;[38;5;10m[AndroidUiautomator2Driver@bd8a]&amp#27;[0m Waiting up to 30000ms for UiAutomator2 to be online...
&amp#27;[38;5;219m[f88ada09]&amp#27;[0m&amp#27;[38;5;229m[ADB]&amp#27;[0m Creating ADB subprocess with args: ["-P","5037","-s","R3CRC00KHBT","shell","am","instrument","-w","-e","disableAnalytics","true","io.appium.uiautomator2.server.test/androidx.test.runner.AndroidJUnitRunner"]
&amp#27;[38;5;219m[f88ada09]&amp#27;[0m&amp#27;[38;5;10m[AndroidUiautomator2Driver@bd8a]&amp#27;[0m Matched '/status' to command name 'getStatus'
&amp#27;[38;5;219m[f88ada09]&amp#27;[0m&amp#27;[38;5;10m[AndroidUiautomator2Driver@bd8a]&amp#27;[0m Proxying [GET /status] to [GET http://127.0.0.1:8201/status] with no body
&amp#27;[38;5;219m[f88ada09]&amp#27;[0m&amp#27;[38;5;10m[AndroidUiautomator2Driver@bd8a]&amp#27;[0m socket hang up
&amp#27;[38;5;112m[Appium]&amp#27;[0m AndroidUiautomator2Driver has been successfully loaded in 0.928s
&amp#27;[38;5;112m[Appium]&amp#27;[0m Appium REST http interface listener started on http://0.0.0.0:4723
&amp#27;[38;5;112m[Appium]&amp#27;[0m You can provide the following URLs in your client code to connect to this server:
	http://192.168.2.20:4723/
	http://127.0.0.1:4723/ (only accessible from the same host)
&amp#27;[38;5;112m[Appium]&amp#27;[0m Available drivers:
&amp#27;[38;5;112m[Appium]&amp#27;[0m   - uiautomator2@4.2.3 (automationName 'UiAutomator2')
&amp#27;[38;5;112m[Appium]&amp#27;[0m No plugins have been installed. Use the "appium plugin" command to install the one(s) you want to use.
&amp#27;[38;5;219m[f88ada09]&amp#27;[0m&amp#27;[38;5;10m[AndroidUiautomator2Driver@bd8a]&amp#27;[0m [Instrumentation] 
&amp#27;[38;5;86m[HTTP]&amp#27;[0m &amp#27;[37m-->&amp#27;[39m &amp#27;[37mGET&amp#27;[39m &amp#27;[37m/status&amp#27;[39m &amp#27;[90m{}&amp#27;[39m
&amp#27;[38;5;150m[AppiumDriver@a9a5]&amp#27;[0m Calling AppiumDriver.getStatus() with args: []
&amp#27;[38;5;150m[AppiumDriver@a9a5]&amp#27;[0m Responding to client with driver.getStatus() result: {"ready":true,"message":"The server is ready to accept new connections","build":{"version":"2.18.0"}}
Appium server started on port: 4723
&amp#27;[38;5;86m[HTTP]&amp#27;[0m &amp#27;[37m<-- GET /status &amp#27;[39m&amp#27;[32m200&amp#27;[39m &amp#27;[90m6 ms - 111&amp#27;[39m &amp#27;[90m&amp#27;[39m
&amp#27;[38;5;86m[HTTP]&amp#27;[0m Request idempotency key: 379e9f41-71b1-42b2-9093-d7ee84a12077
&amp#27;[38;5;86m[HTTP]&amp#27;[0m &amp#27;[37m-->&amp#27;[39m &amp#27;[37mPOST&amp#27;[39m &amp#27;[37m/session&amp#27;[39m &amp#27;[90m{"capabilities":{"firstMatch":[{}],"alwaysMatch":{"appium:appActivity":"com.androidsample.generalstore.SplashActivity","appium:appPackage":"com.androidsample.generalstore","appium:automationName":"UiAutomator2","appium:deviceName":"Nokia","appium:noReset":true,"appium:platformVersion":"11.0","appium:systemPort":8202,"appium:udid":"CTLID18120801016","platformName":"ANDROID"}}}&amp#27;[39m
&amp#27;[38;5;150m[AppiumDriver@a9a5]&amp#27;[0m Calling AppiumDriver.createSession() with args: [null,null,{"firstMatch":[{}],"alwaysMatch":{"appium:appActivity":"com.androidsample.generalstore.SplashActivity","appium:appPackage":"com.androidsample.generalstore","appium:automationName":"UiAutomator2","appium:deviceName":"Nokia","appium:noReset":true,"appium:platformVersion":"11.0","appium:systemPort":8202,"appium:udid":"CTLID18120801016","platformName":"ANDROID"}}]
&amp#27;[38;5;150m[AppiumDriver@a9a5]&amp#27;[0m Event 'newSessionRequested' logged at 1750221924607 (00:45:24 GMT-0400 (Eastern Daylight Saving Time))
&amp#27;[38;5;112m[Appium]&amp#27;[0m Attempting to find matching driver for automationName 'UiAutomator2' and platformName 'ANDROID'
&amp#27;[38;5;112m[Appium]&amp#27;[0m The 'uiautomator2' driver was installed and matched caps.
&amp#27;[38;5;112m[Appium]&amp#27;[0m Will require it at C:\Users\sajus\.appium\node_modules\appium-uiautomator2-driver
&amp#27;[38;5;112m[Appium]&amp#27;[0m Requiring driver at C:\Users\sajus\.appium\node_modules\appium-uiautomator2-driver\build\index.js
&amp#27;[38;5;150m[AppiumDriver@a9a5]&amp#27;[0m Appium v2.18.0 creating new AndroidUiautomator2Driver (v4.2.3) session
&amp#27;[38;5;150m[AppiumDriver@a9a5]&amp#27;[0m Checking BaseDriver versions for Appium and AndroidUiautomator2Driver
&amp#27;[38;5;150m[AppiumDriver@a9a5]&amp#27;[0m Appium's BaseDriver version is 9.17.0
&amp#27;[38;5;150m[AppiumDriver@a9a5]&amp#27;[0m AndroidUiautomator2Driver's BaseDriver version is 9.17.0
&amp#27;[38;5;-86m[AndroidUiautomator2Driver@5d66]&amp#27;[0m 
&amp#27;[38;5;-86m[AndroidUiautomator2Driver@5d66]&amp#27;[0m Creating session with W3C capabilities: {
  "alwaysMatch": {
    "platformName": "ANDROID",
    "appium:appActivity": "com.androidsample.generalstore.SplashActivity",
    "appium:appPackage": "com.androidsample.generalstore",
    "appium:automationName": "UiAutomator2",
    "appium:deviceName": "Nokia",
    "appium:noReset": true,
    "appium:platformVersion": "11.0",
    "appium:systemPort": 8202,
    "appium:udid": "CTLID18120801016"
  },
  "firstMatch": [
    {}
  ]
}
&amp#27;[38;5;41m[f2521489]&amp#27;[0m&amp#27;[38;5;-86m[AndroidUiautomator2Driver@5d66]&amp#27;[0m Session created with session id: f2521489-7dea-4c71-95c1-f9cf0b890464
&amp#27;[38;5;41m[f2521489]&amp#27;[0m&amp#27;[38;5;229m[ADB]&amp#27;[0m Found 3 'build-tools' folders under 'C:\Users\sajus\AppData\Local\Android\Sdk' (newest first):
&amp#27;[38;5;41m[f2521489]&amp#27;[0m&amp#27;[38;5;229m[ADB]&amp#27;[0m     C:\Users\sajus\AppData\Local\Android\Sdk\build-tools\36.0.0
&amp#27;[38;5;41m[f2521489]&amp#27;[0m&amp#27;[38;5;229m[ADB]&amp#27;[0m     C:\Users\sajus\AppData\Local\Android\Sdk\build-tools\35.0.1
&amp#27;[38;5;41m[f2521489]&amp#27;[0m&amp#27;[38;5;229m[ADB]&amp#27;[0m     C:\Users\sajus\AppData\Local\Android\Sdk\build-tools\35.0.0
&amp#27;[38;5;41m[f2521489]&amp#27;[0m&amp#27;[38;5;229m[ADB]&amp#27;[0m Using 'adb.exe' from 'C:\Users\sajus\AppData\Local\Android\Sdk\platform-tools\adb.exe'
&amp#27;[38;5;41m[f2521489]&amp#27;[0m&amp#27;[38;5;229m[ADB]&amp#27;[0m Running 'C:\Users\sajus\AppData\Local\Android\Sdk\platform-tools\adb.exe -P 5037 start-server'
&amp#27;[38;5;41m[f2521489]&amp#27;[0m&amp#27;[38;5;-86m[AndroidUiautomator2Driver@5d66]&amp#27;[0m Retrieving device list
&amp#27;[38;5;41m[f2521489]&amp#27;[0m&amp#27;[38;5;229m[ADB]&amp#27;[0m Trying to find connected Android devices
&amp#27;[38;5;41m[f2521489]&amp#27;[0m&amp#27;[38;5;229m[ADB]&amp#27;[0m Getting connected devices
&amp#27;[38;5;41m[f2521489]&amp#27;[0m&amp#27;[38;5;229m[ADB]&amp#27;[0m Connected devices: [{"udid":"CTLID18120801016","state":"device"},{"udid":"R3CRC00KHBT","state":"device"}]
&amp#27;[38;5;41m[f2521489]&amp#27;[0m&amp#27;[38;5;-86m[AndroidUiautomator2Driver@5d66]&amp#27;[0m Using device: CTLID18120801016
&amp#27;[38;5;41m[f2521489]&amp#27;[0m&amp#27;[38;5;229m[ADB]&amp#27;[0m Using 'adb.exe' from 'C:\Users\sajus\AppData\Local\Android\Sdk\platform-tools\adb.exe'
&amp#27;[38;5;41m[f2521489]&amp#27;[0m&amp#27;[38;5;229m[ADB]&amp#27;[0m Running 'C:\Users\sajus\AppData\Local\Android\Sdk\platform-tools\adb.exe -P 5037 start-server'
&amp#27;[38;5;41m[f2521489]&amp#27;[0m&amp#27;[38;5;229m[ADB]&amp#27;[0m Setting device id to CTLID18120801016
&amp#27;[38;5;41m[f2521489]&amp#27;[0m&amp#27;[38;5;-86m[AndroidUiautomator2Driver@5d66]&amp#27;[0m Starting 'com.androidsample.generalstore' directly on the device
&amp#27;[38;5;41m[f2521489]&amp#27;[0m&amp#27;[38;5;229m[ADB]&amp#27;[0m Running 'C:\Users\sajus\AppData\Local\Android\Sdk\platform-tools\adb.exe -P 5037 -s CTLID18120801016 shell getprop ro.build.version.sdk'
&amp#27;[38;5;219m[f88ada09]&amp#27;[0m&amp#27;[38;5;10m[AndroidUiautomator2Driver@bd8a]&amp#27;[0m Matched '/status' to command name 'getStatus'
&amp#27;[38;5;219m[f88ada09]&amp#27;[0m&amp#27;[38;5;10m[AndroidUiautomator2Driver@bd8a]&amp#27;[0m Proxying [GET /status] to [GET http://127.0.0.1:8201/status] with no body
&amp#27;[38;5;219m[f88ada09]&amp#27;[0m&amp#27;[38;5;10m[AndroidUiautomator2Driver@bd8a]&amp#27;[0m Got response with status 200: {"sessionId":"None","value":{"message":"UiAutomator2 Server is ready to accept commands","ready":true}}
&amp#27;[38;5;219m[f88ada09]&amp#27;[0m&amp#27;[38;5;10m[AndroidUiautomator2Driver@bd8a]&amp#27;[0m The initialization of the instrumentation process took 1146ms
&amp#27;[38;5;219m[f88ada09]&amp#27;[0m&amp#27;[38;5;10m[AndroidUiautomator2Driver@bd8a]&amp#27;[0m Matched '/session' to command name 'createSession'
&amp#27;[38;5;219m[f88ada09]&amp#27;[0m&amp#27;[38;5;10m[AndroidUiautomator2Driver@bd8a]&amp#27;[0m Proxying [POST /session] to [POST http://127.0.0.1:8201/session] with body: {"capabilities":{"firstMatch":[{"platformName":"ANDROID","appActivity":"com.androidsample.generalstore.SplashActivity","appPackage":"com.androidsample.generalstore","automationName":"UiAutomator2","deviceName":"R3CRC00KHBT","noReset":true,"platformVersion":"10.0","systemPort":8201,"udid":"R3CRC00KHBT","platform":"LINUX","webStorageEnabled":false,"takesScreenshot":true,"javascriptEnabled":true,"databaseEnabled":false,"networkConnectionEnabled":true,"locationContextEnabled":false,"warnings":{},"desired":{"platformName":"ANDROID","appActivity":"com.androidsample.generalstore.SplashActivity","appPackage":"com.androidsample.generalstore","automationName":"UiAutomator2","deviceName":"Samsung_Galaxy_S21","noReset":true,"platformVersion":"10.0","systemPort":8201,"udid":"R3CRC00KHBT"},"deviceUDID":"R3CRC00KHBT"}],"alwaysMatch":{}}}
&amp#27;[38;5;41m[f2521489]&amp#27;[0m&amp#27;[38;5;229m[ADB]&amp#27;[0m Current device property 'ro.build.version.sdk': 29
&amp#27;[38;5;41m[f2521489]&amp#27;[0m&amp#27;[38;5;229m[ADB]&amp#27;[0m Getting device platform version
&amp#27;[38;5;41m[f2521489]&amp#27;[0m&amp#27;[38;5;229m[ADB]&amp#27;[0m Running 'C:\Users\sajus\AppData\Local\Android\Sdk\platform-tools\adb.exe -P 5037 -s CTLID18120801016 shell getprop ro.build.version.release'
&amp#27;[38;5;219m[f88ada09]&amp#27;[0m&amp#27;[38;5;10m[AndroidUiautomator2Driver@bd8a]&amp#27;[0m Got response with status 200: {"sessionId":"48a0eda4-27b6-49a1-9c79-91add70a7505","value":{"capabilities":{"firstMatch":[{"platformName":"ANDROID","appActivity":"com.androidsample.generalstore.SplashActivity","appPackage":"com.androidsample.generalstore","automationName":"UiAutomator2","deviceName":"R3CRC00KHBT","noReset":true,"platformVersion":"10.0","systemPort":8201,"udid":"R3CRC00KHBT","platform":"LINUX","webStorageEnabled":false,"takesScreenshot":true,"javascriptEnabled":true,"databaseEnabled":false,"networkConnectionEnabled":true,"locationContextEnabled":false,"warnings":{},"desired":{"platformName":"ANDROID","appActivity":"com.androidsample.generalstore.SplashActivity","appPackage":"com.androidsample.generalstore","automationName":"UiAutomator2","deviceName":"Samsung_Galaxy_S21","noReset":true,"platformVersion":"10.0","systemPort":8201,"udid":"R3CRC00KHBT"},"deviceUDID":"R3CRC00KHBT"}],"alwaysMatch":{}},"sessionId":"48a0eda4-27b6-49a1-9c79-91add70a7505"}}
&amp#27;[38;5;219m[f88ada09]&amp#27;[0m&amp#27;[38;5;10m[AndroidUiautomator2Driver@bd8a]&amp#27;[0m Determined the downstream protocol as 'W3C'
&amp#27;[38;5;219m[f88ada09]&amp#27;[0m&amp#27;[38;5;10m[AndroidUiautomator2Driver@bd8a]&amp#27;[0m Proxying [GET /appium/device/pixel_ratio] to [GET http://127.0.0.1:8201/session/48a0eda4-27b6-49a1-9c79-91add70a7505/appium/device/pixel_ratio] with no body
&amp#27;[38;5;219m[f88ada09]&amp#27;[0m&amp#27;[38;5;10m[AndroidUiautomator2Driver@bd8a]&amp#27;[0m Matched '/appium/device/system_bars' to command name 'getSystemBars'
&amp#27;[38;5;219m[f88ada09]&amp#27;[0m&amp#27;[38;5;10m[AndroidUiautomator2Driver@bd8a]&amp#27;[0m Proxying [GET /appium/device/system_bars] to [GET http://127.0.0.1:8201/session/48a0eda4-27b6-49a1-9c79-91add70a7505/appium/device/system_bars] with no body
&amp#27;[38;5;219m[f88ada09]&amp#27;[0m&amp#27;[38;5;10m[AndroidUiautomator2Driver@bd8a]&amp#27;[0m Matched '/window/current/size' to command name 'getWindowSize'
&amp#27;[38;5;219m[f88ada09]&amp#27;[0m&amp#27;[38;5;10m[AndroidUiautomator2Driver@bd8a]&amp#27;[0m Proxying [GET /window/current/size] to [GET http://127.0.0.1:8201/session/48a0eda4-27b6-49a1-9c79-91add70a7505/window/current/size] with no body
&amp#27;[38;5;219m[f88ada09]&amp#27;[0m&amp#27;[38;5;10m[AndroidUiautomator2Driver@bd8a]&amp#27;[0m Proxying [GET /appium/device/info] to [GET http://127.0.0.1:8201/session/48a0eda4-27b6-49a1-9c79-91add70a7505/appium/device/info] with no body
&amp#27;[38;5;219m[f88ada09]&amp#27;[0m&amp#27;[38;5;229m[ADB]&amp#27;[0m Running 'C:\Users\sajus\AppData\Local\Android\Sdk\platform-tools\adb.exe -P 5037 -s R3CRC00KHBT shell dumpsys window'
&amp#27;[38;5;219m[f88ada09]&amp#27;[0m&amp#27;[38;5;229m[ADB]&amp#27;[0m Running 'C:\Users\sajus\AppData\Local\Android\Sdk\platform-tools\adb.exe -P 5037 -s R3CRC00KHBT shell dumpsys power'
&amp#27;[38;5;41m[f2521489]&amp#27;[0m&amp#27;[38;5;229m[ADB]&amp#27;[0m Current device property 'ro.build.version.release': 10
&amp#27;[38;5;41m[f2521489]&amp#27;[0m&amp#27;[38;5;229m[ADB]&amp#27;[0m Device API level: 29
&amp#27;[38;5;41m[f2521489]&amp#27;[0m&amp#27;[38;5;-86m[AndroidUiautomator2Driver@5d66]&amp#27;[0m Relaxing hidden api policy
&amp#27;[38;5;41m[f2521489]&amp#27;[0m&amp#27;[38;5;229m[ADB]&amp#27;[0m Running 'C:\Users\sajus\AppData\Local\Android\Sdk\platform-tools\adb.exe -P 5037 -s CTLID18120801016 shell 'settings put global hidden_api_policy_pre_p_apps 1;settings put global hidden_api_policy_p_apps 1;settings put global hidden_api_policy 1''
&amp#27;[38;5;41m[f2521489]&amp#27;[0m&amp#27;[38;5;-86m[AndroidUiautomator2Driver@5d66]&amp#27;[0m Pushing settings apk to the device...
&amp#27;[38;5;41m[f2521489]&amp#27;[0m&amp#27;[38;5;229m[ADB]&amp#27;[0m Getting package info for 'io.appium.settings'
&amp#27;[38;5;41m[f2521489]&amp#27;[0m&amp#27;[38;5;229m[ADB]&amp#27;[0m Running 'C:\Users\sajus\AppData\Local\Android\Sdk\platform-tools\adb.exe -P 5037 -s CTLID18120801016 shell dumpsys package io.appium.settings'
&amp#27;[38;5;219m[f88ada09]&amp#27;[0m&amp#27;[38;5;10m[AndroidUiautomator2Driver@bd8a]&amp#27;[0m Got response with status 200: {"sessionId":"48a0eda4-27b6-49a1-9c79-91add70a7505","value":3}
&amp#27;[38;5;219m[f88ada09]&amp#27;[0m&amp#27;[38;5;10m[AndroidUiautomator2Driver@bd8a]&amp#27;[0m Got response with status 200: {"sessionId":"48a0eda4-27b6-49a1-9c79-91add70a7505","value":{"statusBar":80}}
&amp#27;[38;5;219m[f88ada09]&amp#27;[0m&amp#27;[38;5;10m[AndroidUiautomator2Driver@bd8a]&amp#27;[0m Got response with status 200: {"sessionId":"48a0eda4-27b6-49a1-9c79-91add70a7505","value":{"height":2400,"width":1080}}
&amp#27;[38;5;219m[f88ada09]&amp#27;[0m&amp#27;[38;5;10m[AndroidUiautomator2Driver@bd8a]&amp#27;[0m Got response with status 200: {"sessionId":"48a0eda4-27b6-49a1-9c79-91add70a7505","value":{"androidId":"f27012414286a658","apiVersion":"35","bluetooth":{"state":"ON"},"brand":"samsung","carrierName":"","displayDensity":480,"locale":"en_CA","manufacturer":"samsung","model":"SM-G991W","networks":[{"capabilities":{"SSID":null,"linkDownBandwidthKbps":282299,"linkUpstreamBandwidthKbps":1421,"networkCapabilities":"NET_CAPABILITY_NOT_METERED,NET_CAPABILITY_INTERNET,NET_CAPABILITY_NOT_RESTRICTED,NET_CAPABILITY_TRUSTED,NET_CAPABILITY_NOT_VPN,NET_CAPABILITY_VALIDATED,NET_CAPABILITY_NOT_ROAMING,NET_CAPABILITY_FOREGROUND,NET_CAPABILITY_NOT_CONGESTED,NET_CAPABILITY_NOT_SUSPENDED","signalStrength":-55,"transportTypes":"TRANSPORT_WIFI"},"detailedState":"CONNECTED","extraInfo":"","isAvailable":true,"isConnected":true,"isFailover":false,"isRoaming":false,"state":"CONNECTED","subtype":-1,"subtypeName":"","type":1,"typeName":"WIFI"}],"platformVersion":"15","realDisplaySize":"1080x2400","timeZone":"America/New_York"}}
&amp#27;[38;5;41m[f2521489]&amp#27;[0m&amp#27;[38;5;229m[ADB]&amp#27;[0m Using 'aapt2.exe' from 'C:\Users\sajus\AppData\Local\Android\Sdk\build-tools\36.0.0\aapt2.exe'
&amp#27;[38;5;41m[f2521489]&amp#27;[0m&amp#27;[38;5;229m[ADB]&amp#27;[0m Reading package manifest: 'C:\\Users\\sajus\\AppData\\Local\\Android\\Sdk\\build-tools\\36.0.0\\aapt2.exe dump badging C:\\Users\\sajus\\.appium\\node_modules\\appium-uiautomator2-driver\\node_modules\\io.appium.settings\\apks\\settings_apk-debug.apk'
&amp#27;[38;5;219m[f88ada09]&amp#27;[0m&amp#27;[38;5;10m[AndroidUiautomator2Driver@bd8a]&amp#27;[0m Screen already unlocked, doing nothing
&amp#27;[38;5;219m[f88ada09]&amp#27;[0m&amp#27;[38;5;10m[AndroidUiautomator2Driver@bd8a]&amp#27;[0m Starting 'com.androidsample.generalstore/com.androidsample.generalstore.SplashActivity' and waiting for 'com.androidsample.generalstore/com.androidsample.generalstore.SplashActivity'
&amp#27;[38;5;219m[f88ada09]&amp#27;[0m&amp#27;[38;5;229m[ADB]&amp#27;[0m Getting IDs of all 'com.androidsample.generalstore' processes
&amp#27;[38;5;219m[f88ada09]&amp#27;[0m&amp#27;[38;5;229m[ADB]&amp#27;[0m Running 'C:\Users\sajus\AppData\Local\Android\Sdk\platform-tools\adb.exe -P 5037 -s R3CRC00KHBT shell 'pgrep --help; echo $?''
&amp#27;[38;5;41m[f2521489]&amp#27;[0m&amp#27;[38;5;229m[ADB]&amp#27;[0m The version name of the installed 'io.appium.settings' is greater or equal to the application version name ('5.14.8' >= '5.14.8')
&amp#27;[38;5;41m[f2521489]&amp#27;[0m&amp#27;[38;5;229m[ADB]&amp#27;[0m There is no need to install/upgrade 'C:\Users\sajus\.appium\node_modules\appium-uiautomator2-driver\node_modules\io.appium.settings\apks\settings_apk-debug.apk'
&amp#27;[38;5;41m[f2521489]&amp#27;[0m&amp#27;[38;5;229m[ADB]&amp#27;[0m Running 'C:\Users\sajus\AppData\Local\Android\Sdk\platform-tools\adb.exe -P 5037 -s CTLID18120801016 shell dumpsys activity services io.appium.settings'
&amp#27;[38;5;219m[f88ada09]&amp#27;[0m&amp#27;[38;5;229m[ADB]&amp#27;[0m Running 'C:\Users\sajus\AppData\Local\Android\Sdk\platform-tools\adb.exe -P 5037 -s R3CRC00KHBT shell pgrep -f \(\[\[:blank:\]\]\|\^\)com\.androidsample\.generalstore\(:\[a-zA-Z0-9_-\]\+\)\?\(\[\[:blank:\]\]\|\$\)'
&amp#27;[38;5;41m[f2521489]&amp#27;[0m&amp#27;[38;5;-86m[AndroidUiautomator2Driver@5d66]&amp#27;[0m io.appium.settings is already running. There is no need to reset its permissions.
&amp#27;[38;5;41m[f2521489]&amp#27;[0m&amp#27;[38;5;160m[Logcat]&amp#27;[0m Starting logs capture with command: C:\\Users\\sajus\\AppData\\Local\\Android\\Sdk\\platform-tools\\adb.exe -P 5037 -s CTLID18120801016 logcat -v threadtime
&amp#27;[38;5;41m[f2521489]&amp#27;[0m&amp#27;[38;5;229m[ADB]&amp#27;[0m Running 'C:\Users\sajus\AppData\Local\Android\Sdk\platform-tools\adb.exe -P 5037 -s CTLID18120801016 shell appops set io.appium.settings android:mock_location allow'
&amp#27;[38;5;219m[f88ada09]&amp#27;[0m&amp#27;[38;5;229m[ADB]&amp#27;[0m Running 'C:\Users\sajus\AppData\Local\Android\Sdk\platform-tools\adb.exe -P 5037 -s R3CRC00KHBT shell am start-activity -W -n com.androidsample.generalstore/com.androidsample.generalstore.SplashActivity -S -a android.intent.action.MAIN -c android.intent.category.LAUNCHER -f 0x10200000'
&amp#27;[38;5;41m[f2521489]&amp#27;[0m&amp#27;[38;5;229m[ADB]&amp#27;[0m Running 'C:\Users\sajus\AppData\Local\Android\Sdk\platform-tools\adb.exe -P 5037 -s CTLID18120801016 shell "[ -e '/data/local/tmp/mock_apps.json' ] && echo __PASS__"'
&amp#27;[38;5;41m[f2521489]&amp#27;[0m&amp#27;[38;5;229m[ADB]&amp#27;[0m Running 'C:\Users\sajus\AppData\Local\Android\Sdk\platform-tools\adb.exe -P 5037 -s CTLID18120801016 shell cat /data/local/tmp/mock_apps.json'
&amp#27;[38;5;41m[f2521489]&amp#27;[0m&amp#27;[38;5;-86m[AndroidUiautomator2Driver@5d66]&amp#27;[0m Forwarding UiAutomator2 Server port 6790 to local port 8202
&amp#27;[38;5;41m[f2521489]&amp#27;[0m&amp#27;[38;5;229m[ADB]&amp#27;[0m Forwarding system: 8202 to device: 6790
&amp#27;[38;5;41m[f2521489]&amp#27;[0m&amp#27;[38;5;229m[ADB]&amp#27;[0m Running 'C:\Users\sajus\AppData\Local\Android\Sdk\platform-tools\adb.exe -P 5037 -s CTLID18120801016 forward tcp:8202 tcp:6790'
&amp#27;[38;5;41m[f2521489]&amp#27;[0m&amp#27;[38;5;-86m[AndroidUiautomator2Driver@5d66]&amp#27;[0m UIA2Proxy options: {"server":"127.0.0.1","port":8202,"keepAlive":true,"scheme":"http","base":"","reqBasePath":"","sessionId":null,"timeout":240000}
&amp#27;[38;5;41m[f2521489]&amp#27;[0m&amp#27;[38;5;229m[ADB]&amp#27;[0m Getting package info for 'io.appium.uiautomator2.server'
&amp#27;[38;5;41m[f2521489]&amp#27;[0m&amp#27;[38;5;229m[ADB]&amp#27;[0m Running 'C:\Users\sajus\AppData\Local\Android\Sdk\platform-tools\adb.exe -P 5037 -s CTLID18120801016 shell dumpsys package io.appium.uiautomator2.server'
&amp#27;[38;5;41m[f2521489]&amp#27;[0m&amp#27;[38;5;229m[ADB]&amp#27;[0m Getting install status for io.appium.uiautomator2.server.test
&amp#27;[38;5;41m[f2521489]&amp#27;[0m&amp#27;[38;5;-86m[AndroidUiautomator2Driver@5d66]&amp#27;[0m No app capability. Assuming it is already on the device
&amp#27;[38;5;41m[f2521489]&amp#27;[0m&amp#27;[38;5;229m[ADB]&amp#27;[0m Running 'C:\Users\sajus\AppData\Local\Android\Sdk\platform-tools\adb.exe -P 5037 -s CTLID18120801016 shell cmd package list packages'
&amp#27;[38;5;41m[f2521489]&amp#27;[0m&amp#27;[38;5;229m[ADB]&amp#27;[0m Reading package manifest: 'C:\\Users\\sajus\\AppData\\Local\\Android\\Sdk\\build-tools\\36.0.0\\aapt2.exe dump badging C:\\Users\\sajus\\.appium\\node_modules\\appium-uiautomator2-driver\\node_modules\\appium-uiautomator2-server\\apks\\appium-uiautomator2-server-v7.5.2.apk'
&amp#27;[38;5;41m[f2521489]&amp#27;[0m&amp#27;[38;5;229m[ADB]&amp#27;[0m 'io.appium.uiautomator2.server.test' is installed
&amp#27;[38;5;41m[f2521489]&amp#27;[0m&amp#27;[38;5;229m[ADB]&amp#27;[0m The version name of the installed 'io.appium.uiautomator2.server' is greater or equal to the application version name ('7.5.2' >= '7.5.2')
&amp#27;[38;5;41m[f2521489]&amp#27;[0m&amp#27;[38;5;-86m[AndroidUiautomator2Driver@5d66]&amp#27;[0m Server packages status: [{"installState":"sameVersionInstalled","appPath":"C:\\Users\\sajus\\.appium\\node_modules\\appium-uiautomator2-driver\\node_modules\\appium-uiautomator2-server\\apks\\appium-uiautomator2-server-v7.5.2.apk","appId":"io.appium.uiautomator2.server"},{"installState":"sameVersionInstalled","appPath":"C:\\Users\\sajus\\.appium\\node_modules\\appium-uiautomator2-driver\\node_modules\\appium-uiautomator2-server\\apks\\appium-uiautomator2-server-debug-androidTest.apk","appId":"io.appium.uiautomator2.server.test"}]
&amp#27;[38;5;41m[f2521489]&amp#27;[0m&amp#27;[38;5;-86m[AndroidUiautomator2Driver@5d66]&amp#27;[0m Server packages are not going to be (re)installed
&amp#27;[38;5;41m[f2521489]&amp#27;[0m&amp#27;[38;5;-86m[AndroidUiautomator2Driver@5d66]&amp#27;[0m Waiting up to 30000ms for services to be available
&amp#27;[38;5;41m[f2521489]&amp#27;[0m&amp#27;[38;5;229m[ADB]&amp#27;[0m Running 'C:\Users\sajus\AppData\Local\Android\Sdk\platform-tools\adb.exe -P 5037 -s CTLID18120801016 shell pm list instrumentation'
&amp#27;[38;5;41m[f2521489]&amp#27;[0m&amp#27;[38;5;-86m[AndroidUiautomator2Driver@5d66]&amp#27;[0m Instrumentation target 'io.appium.uiautomator2.server.test/androidx.test.runner.AndroidJUnitRunner' is available
&amp#27;[38;5;41m[f2521489]&amp#27;[0m&amp#27;[38;5;229m[ADB]&amp#27;[0m Adding packages ["io.appium.settings","io.appium.uiautomator2.server","io.appium.uiautomator2.server.test"] to Doze whitelist
&amp#27;[38;5;41m[f2521489]&amp#27;[0m&amp#27;[38;5;229m[ADB]&amp#27;[0m Got the following command chunks to execute: [["dumpsys","deviceidle","whitelist","+io.appium.settings",";","dumpsys","deviceidle","whitelist","+io.appium.uiautomator2.server",";","dumpsys","deviceidle","whitelist","+io.appium.uiautomator2.server.test",";"]]
&amp#27;[38;5;41m[f2521489]&amp#27;[0m&amp#27;[38;5;229m[ADB]&amp#27;[0m Running 'C:\Users\sajus\AppData\Local\Android\Sdk\platform-tools\adb.exe -P 5037 -s CTLID18120801016 shell dumpsys deviceidle whitelist +io.appium.settings ; dumpsys deviceidle whitelist +io.appium.uiautomator2.server ; dumpsys deviceidle whitelist +io.appium.uiautomator2.server.test ;'
&amp#27;[38;5;219m[f88ada09]&amp#27;[0m&amp#27;[38;5;147m[AppiumDriver@0f5b]&amp#27;[0m New AndroidUiautomator2Driver session created successfully, session f88ada09-095f-4431-9d43-7f8210639409 added to master session list
&amp#27;[38;5;219m[f88ada09]&amp#27;[0m&amp#27;[38;5;147m[AppiumDriver@0f5b]&amp#27;[0m Event 'newSessionStarted' logged at 1750221926030 (00:45:26 GMT-0400 (Eastern Daylight Saving Time))
&amp#27;[38;5;219m[f88ada09]&amp#27;[0m&amp#27;[38;5;10m[AndroidUiautomator2Driver@bd8a]&amp#27;[0m Cached the protocol value 'W3C' for the new session f88ada09-095f-4431-9d43-7f8210639409
&amp#27;[38;5;219m[f88ada09]&amp#27;[0m&amp#27;[38;5;10m[AndroidUiautomator2Driver@bd8a]&amp#27;[0m Responding to client with driver.createSession() result: {"capabilities":{"platformName":"ANDROID","appActivity":"com.androidsample.generalstore.SplashActivity","appPackage":"com.androidsample.generalstore","automationName":"UiAutomator2","deviceName":"R3CRC00KHBT","noReset":true,"platformVersion":"15","systemPort":8201,"udid":"R3CRC00KHBT","platform":"LINUX","webStorageEnabled":false,"takesScreenshot":true,"javascriptEnabled":true,"databaseEnabled":false,"networkConnectionEnabled":true,"locationContextEnabled":false,"warnings":{},"desired":{"platformName":"ANDROID","appActivity":"com.androidsample.generalstore.SplashActivity","appPackage":"com.androidsample.generalstore","automationName":"UiAutomator2","deviceName":"Samsung_Galaxy_S21","noReset":true,"platformVersion":"10.0","systemPort":8201,"udid":"R3CRC00KHBT"},"deviceUDID":"R3CRC00KHBT","pixelRatio":"3","statBarHeight":80,"viewportRect":{"left":0,"top":80,"width":1080,"height":2320},"deviceApiLevel":35,"deviceManufacturer":"samsung","deviceModel":"SM-G991W","deviceScreenSize":"1080x2400","deviceScreenDensit...
&amp#27;[38;5;219m[f88ada09]&amp#27;[0m&amp#27;[38;5;86m[HTTP]&amp#27;[0m &amp#27;[37m<-- POST /session &amp#27;[39m&amp#27;[32m200&amp#27;[39m &amp#27;[90m4195 ms - 1090&amp#27;[39m &amp#27;[90m&amp#27;[39m
&amp#27;[38;5;41m[f2521489]&amp#27;[0m&amp#27;[38;5;-86m[AndroidUiautomator2Driver@5d66]&amp#27;[0m Performing shallow cleanup of automation leftovers
&amp#27;[38;5;41m[f2521489]&amp#27;[0m&amp#27;[38;5;-86m[AndroidUiautomator2Driver@5d66]&amp#27;[0m No obsolete sessions have been detected (socket hang up)
&amp#27;[38;5;41m[f2521489]&amp#27;[0m&amp#27;[38;5;229m[ADB]&amp#27;[0m Running 'C:\Users\sajus\AppData\Local\Android\Sdk\platform-tools\adb.exe -P 5037 -s CTLID18120801016 shell am force-stop io.appium.uiautomator2.server'
&amp#27;[38;5;41m[f2521489]&amp#27;[0m&amp#27;[38;5;229m[ADB]&amp#27;[0m Running 'C:\Users\sajus\AppData\Local\Android\Sdk\platform-tools\adb.exe -P 5037 -s CTLID18120801016 shell am force-stop io.appium.uiautomator2.server.test'
&amp#27;[38;5;41m[f2521489]&amp#27;[0m&amp#27;[38;5;-86m[AndroidUiautomator2Driver@5d66]&amp#27;[0m Starting UIAutomator2 server 7.5.2
&amp#27;[38;5;41m[f2521489]&amp#27;[0m&amp#27;[38;5;-86m[AndroidUiautomator2Driver@5d66]&amp#27;[0m Using UIAutomator2 server from 'C:\Users\sajus\.appium\node_modules\appium-uiautomator2-driver\node_modules\appium-uiautomator2-server\apks\appium-uiautomator2-server-v7.5.2.apk' and test from 'C:\Users\sajus\.appium\node_modules\appium-uiautomator2-driver\node_modules\appium-uiautomator2-server\apks\appium-uiautomator2-server-debug-androidTest.apk'
&amp#27;[38;5;41m[f2521489]&amp#27;[0m&amp#27;[38;5;-86m[AndroidUiautomator2Driver@5d66]&amp#27;[0m Waiting up to 30000ms for UiAutomator2 to be online...
&amp#27;[38;5;41m[f2521489]&amp#27;[0m&amp#27;[38;5;229m[ADB]&amp#27;[0m Creating ADB subprocess with args: ["-P","5037","-s","CTLID18120801016","shell","am","instrument","-w","-e","disableAnalytics","true","io.appium.uiautomator2.server.test/androidx.test.runner.AndroidJUnitRunner"]
&amp#27;[38;5;41m[f2521489]&amp#27;[0m&amp#27;[38;5;-86m[AndroidUiautomator2Driver@5d66]&amp#27;[0m Matched '/status' to command name 'getStatus'
&amp#27;[38;5;41m[f2521489]&amp#27;[0m&amp#27;[38;5;-86m[AndroidUiautomator2Driver@5d66]&amp#27;[0m Proxying [GET /status] to [GET http://127.0.0.1:8202/status] with no body
&amp#27;[38;5;41m[f2521489]&amp#27;[0m&amp#27;[38;5;-86m[AndroidUiautomator2Driver@5d66]&amp#27;[0m socket hang up
&amp#27;[38;5;41m[f2521489]&amp#27;[0m&amp#27;[38;5;-86m[AndroidUiautomator2Driver@5d66]&amp#27;[0m Matched '/status' to command name 'getStatus'
&amp#27;[38;5;41m[f2521489]&amp#27;[0m&amp#27;[38;5;-86m[AndroidUiautomator2Driver@5d66]&amp#27;[0m Proxying [GET /status] to [GET http://127.0.0.1:8202/status] with no body
&amp#27;[38;5;41m[f2521489]&amp#27;[0m&amp#27;[38;5;-86m[AndroidUiautomator2Driver@5d66]&amp#27;[0m socket hang up
&amp#27;[38;5;41m[f2521489]&amp#27;[0m&amp#27;[38;5;-86m[AndroidUiautomator2Driver@5d66]&amp#27;[0m [Instrumentation] 
&amp#27;[38;5;41m[f2521489]&amp#27;[0m&amp#27;[38;5;-86m[AndroidUiautomator2Driver@5d66]&amp#27;[0m Matched '/status' to command name 'getStatus'
&amp#27;[38;5;41m[f2521489]&amp#27;[0m&amp#27;[38;5;-86m[AndroidUiautomator2Driver@5d66]&amp#27;[0m Proxying [GET /status] to [GET http://127.0.0.1:8202/status] with no body
&amp#27;[38;5;41m[f2521489]&amp#27;[0m&amp#27;[38;5;-86m[AndroidUiautomator2Driver@5d66]&amp#27;[0m Got response with status 200: {"sessionId":"None","value":{"message":"UiAutomator2 Server is ready to accept commands","ready":true}}
&amp#27;[38;5;41m[f2521489]&amp#27;[0m&amp#27;[38;5;-86m[AndroidUiautomator2Driver@5d66]&amp#27;[0m The initialization of the instrumentation process took 2214ms
&amp#27;[38;5;41m[f2521489]&amp#27;[0m&amp#27;[38;5;-86m[AndroidUiautomator2Driver@5d66]&amp#27;[0m Matched '/session' to command name 'createSession'
&amp#27;[38;5;41m[f2521489]&amp#27;[0m&amp#27;[38;5;-86m[AndroidUiautomator2Driver@5d66]&amp#27;[0m Proxying [POST /session] to [POST http://127.0.0.1:8202/session] with body: {"capabilities":{"firstMatch":[{"platformName":"ANDROID","appActivity":"com.androidsample.generalstore.SplashActivity","appPackage":"com.androidsample.generalstore","automationName":"UiAutomator2","deviceName":"CTLID18120801016","noReset":true,"platformVersion":"11.0","systemPort":8202,"udid":"CTLID18120801016","platform":"LINUX","webStorageEnabled":false,"takesScreenshot":true,"javascriptEnabled":true,"databaseEnabled":false,"networkConnectionEnabled":true,"locationContextEnabled":false,"warnings":{},"desired":{"platformName":"ANDROID","appActivity":"com.androidsample.generalstore.SplashActivity","appPackage":"com.androidsample.generalstore","automationName":"UiAutomator2","deviceName":"Nokia","noReset":true,"platformVersion":"11.0","systemPort":8202,"udid":"CTLID18120801016"},"deviceUDID":"CTLID18120801016"}],"alwaysMatch":{}}}
&amp#27;[38;5;41m[f2521489]&amp#27;[0m&amp#27;[38;5;-86m[AndroidUiautomator2Driver@5d66]&amp#27;[0m Got response with status 200: {"sessionId":"c68f0a86-3d15-4b5d-9c89-5b7f944919ae","value":{"capabilities":{"firstMatch":[{"platformName":"ANDROID","appActivity":"com.androidsample.generalstore.SplashActivity","appPackage":"com.androidsample.generalstore","automationName":"UiAutomator2","deviceName":"CTLID18120801016","noReset":true,"platformVersion":"11.0","systemPort":8202,"udid":"CTLID18120801016","platform":"LINUX","webStorageEnabled":false,"takesScreenshot":true,"javascriptEnabled":true,"databaseEnabled":false,"networkConnectionEnabled":true,"locationContextEnabled":false,"warnings":{},"desired":{"platformName":"ANDROID","appActivity":"com.androidsample.generalstore.SplashActivity","appPackage":"com.androidsample.generalstore","automationName":"UiAutomator2","deviceName":"Nokia","noReset":true,"platformVersion":"11.0","systemPort":8202,"udid":"CTLID18120801016"},"deviceUDID":"CTLID18120801016"}],"alwaysMatch":{}},"sessionId":"c68f0a86-3d15-4b5d-9c89-5b7f944919ae"}}
&amp#27;[38;5;41m[f2521489]&amp#27;[0m&amp#27;[38;5;-86m[AndroidUiautomator2Driver@5d66]&amp#27;[0m Determined the downstream protocol as 'W3C'
&amp#27;[38;5;41m[f2521489]&amp#27;[0m&amp#27;[38;5;-86m[AndroidUiautomator2Driver@5d66]&amp#27;[0m Proxying [GET /appium/device/pixel_ratio] to [GET http://127.0.0.1:8202/session/c68f0a86-3d15-4b5d-9c89-5b7f944919ae/appium/device/pixel_ratio] with no body
&amp#27;[38;5;41m[f2521489]&amp#27;[0m&amp#27;[38;5;-86m[AndroidUiautomator2Driver@5d66]&amp#27;[0m Matched '/appium/device/system_bars' to command name 'getSystemBars'
&amp#27;[38;5;41m[f2521489]&amp#27;[0m&amp#27;[38;5;-86m[AndroidUiautomator2Driver@5d66]&amp#27;[0m Proxying [GET /appium/device/system_bars] to [GET http://127.0.0.1:8202/session/c68f0a86-3d15-4b5d-9c89-5b7f944919ae/appium/device/system_bars] with no body
&amp#27;[38;5;41m[f2521489]&amp#27;[0m&amp#27;[38;5;-86m[AndroidUiautomator2Driver@5d66]&amp#27;[0m Matched '/window/current/size' to command name 'getWindowSize'
&amp#27;[38;5;41m[f2521489]&amp#27;[0m&amp#27;[38;5;-86m[AndroidUiautomator2Driver@5d66]&amp#27;[0m Proxying [GET /window/current/size] to [GET http://127.0.0.1:8202/session/c68f0a86-3d15-4b5d-9c89-5b7f944919ae/window/current/size] with no body
&amp#27;[38;5;41m[f2521489]&amp#27;[0m&amp#27;[38;5;-86m[AndroidUiautomator2Driver@5d66]&amp#27;[0m Proxying [GET /appium/device/info] to [GET http://127.0.0.1:8202/session/c68f0a86-3d15-4b5d-9c89-5b7f944919ae/appium/device/info] with no body
&amp#27;[38;5;41m[f2521489]&amp#27;[0m&amp#27;[38;5;229m[ADB]&amp#27;[0m Running 'C:\Users\sajus\AppData\Local\Android\Sdk\platform-tools\adb.exe -P 5037 -s CTLID18120801016 shell dumpsys window'
&amp#27;[38;5;41m[f2521489]&amp#27;[0m&amp#27;[38;5;229m[ADB]&amp#27;[0m Running 'C:\Users\sajus\AppData\Local\Android\Sdk\platform-tools\adb.exe -P 5037 -s CTLID18120801016 shell dumpsys power'
&amp#27;[38;5;41m[f2521489]&amp#27;[0m&amp#27;[38;5;-86m[AndroidUiautomator2Driver@5d66]&amp#27;[0m Got response with status 200: {"sessionId":"c68f0a86-3d15-4b5d-9c89-5b7f944919ae","value":2.625}
&amp#27;[38;5;41m[f2521489]&amp#27;[0m&amp#27;[38;5;-86m[AndroidUiautomator2Driver@5d66]&amp#27;[0m Got response with status 200: {"sessionId":"c68f0a86-3d15-4b5d-9c89-5b7f944919ae","value":{"statusBar":89}}
&amp#27;[38;5;41m[f2521489]&amp#27;[0m&amp#27;[38;5;-86m[AndroidUiautomator2Driver@5d66]&amp#27;[0m Got response with status 200: {"sessionId":"c68f0a86-3d15-4b5d-9c89-5b7f944919ae","value":{"height":2280,"width":1080}}
&amp#27;[38;5;41m[f2521489]&amp#27;[0m&amp#27;[38;5;-86m[AndroidUiautomator2Driver@5d66]&amp#27;[0m Screen already unlocked, doing nothing
&amp#27;[38;5;41m[f2521489]&amp#27;[0m&amp#27;[38;5;-86m[AndroidUiautomator2Driver@5d66]&amp#27;[0m Starting 'com.androidsample.generalstore/com.androidsample.generalstore.SplashActivity' and waiting for 'com.androidsample.generalstore/com.androidsample.generalstore.SplashActivity'
&amp#27;[38;5;41m[f2521489]&amp#27;[0m&amp#27;[38;5;229m[ADB]&amp#27;[0m Getting IDs of all 'com.androidsample.generalstore' processes
&amp#27;[38;5;41m[f2521489]&amp#27;[0m&amp#27;[38;5;229m[ADB]&amp#27;[0m Running 'C:\Users\sajus\AppData\Local\Android\Sdk\platform-tools\adb.exe -P 5037 -s CTLID18120801016 shell 'pgrep --help; echo $?''
&amp#27;[38;5;41m[f2521489]&amp#27;[0m&amp#27;[38;5;-86m[AndroidUiautomator2Driver@5d66]&amp#27;[0m Got response with status 200: {"sessionId":"c68f0a86-3d15-4b5d-9c89-5b7f944919ae","value":{"androidId":"7be9e4e610cc4454","apiVersion":"29","bluetooth":{"state":"OFF"},"brand":"Nokia","carrierName":"","displayDensity":420,"locale":"en_IN","manufacturer":"HMD Global","model":"Nokia 7.1","networks":[{"capabilities":{"SSID":null,"linkDownBandwidthKbps":1048576,"linkUpstreamBandwidthKbps":1048576,"networkCapabilities":"NET_CAPABILITY_NOT_METERED,NET_CAPABILITY_INTERNET,NET_CAPABILITY_NOT_RESTRICTED,NET_CAPABILITY_TRUSTED,NET_CAPABILITY_NOT_VPN,NET_CAPABILITY_VALIDATED,NET_CAPABILITY_NOT_ROAMING,NET_CAPABILITY_FOREGROUND,NET_CAPABILITY_NOT_CONGESTED,NET_CAPABILITY_NOT_SUSPENDED","signalStrength":-55,"transportTypes":"TRANSPORT_WIFI"},"detailedState":"CONNECTED","extraInfo":null,"isAvailable":true,"isConnected":true,"isFailover":false,"isRoaming":false,"state":"CONNECTED","subtype":0,"subtypeName":"","type":1,"typeName":"WIFI"}],"platformVersion":"10","realDisplaySize":"1080x2280","timeZone":"America/Toronto"}}
&amp#27;[38;5;41m[f2521489]&amp#27;[0m&amp#27;[38;5;229m[ADB]&amp#27;[0m Running 'C:\Users\sajus\AppData\Local\Android\Sdk\platform-tools\adb.exe -P 5037 -s CTLID18120801016 shell pgrep -f \(\[\[:blank:\]\]\|\^\)com\.androidsample\.generalstore\(:\[a-zA-Z0-9_-\]\+\)\?\(\[\[:blank:\]\]\|\$\)'
&amp#27;[38;5;41m[f2521489]&amp#27;[0m&amp#27;[38;5;229m[ADB]&amp#27;[0m Running 'C:\Users\sajus\AppData\Local\Android\Sdk\platform-tools\adb.exe -P 5037 -s CTLID18120801016 shell am start-activity -W -n com.androidsample.generalstore/com.androidsample.generalstore.SplashActivity -S -a android.intent.action.MAIN -c android.intent.category.LAUNCHER -f 0x10200000'
&amp#27;[38;5;41m[f2521489]&amp#27;[0m&amp#27;[38;5;150m[AppiumDriver@a9a5]&amp#27;[0m New AndroidUiautomator2Driver session created successfully, session f2521489-7dea-4c71-95c1-f9cf0b890464 added to master session list
&amp#27;[38;5;41m[f2521489]&amp#27;[0m&amp#27;[38;5;150m[AppiumDriver@a9a5]&amp#27;[0m Event 'newSessionStarted' logged at 1750221929595 (00:45:29 GMT-0400 (Eastern Daylight Saving Time))
&amp#27;[38;5;41m[f2521489]&amp#27;[0m&amp#27;[38;5;-86m[AndroidUiautomator2Driver@5d66]&amp#27;[0m Cached the protocol value 'W3C' for the new session f2521489-7dea-4c71-95c1-f9cf0b890464
&amp#27;[38;5;41m[f2521489]&amp#27;[0m&amp#27;[38;5;-86m[AndroidUiautomator2Driver@5d66]&amp#27;[0m Responding to client with driver.createSession() result: {"capabilities":{"platformName":"ANDROID","appActivity":"com.androidsample.generalstore.SplashActivity","appPackage":"com.androidsample.generalstore","automationName":"UiAutomator2","deviceName":"CTLID18120801016","noReset":true,"platformVersion":"10","systemPort":8202,"udid":"CTLID18120801016","platform":"LINUX","webStorageEnabled":false,"takesScreenshot":true,"javascriptEnabled":true,"databaseEnabled":false,"networkConnectionEnabled":true,"locationContextEnabled":false,"warnings":{},"desired":{"platformName":"ANDROID","appActivity":"com.androidsample.generalstore.SplashActivity","appPackage":"com.androidsample.generalstore","automationName":"UiAutomator2","deviceName":"Nokia","noReset":true,"platformVersion":"11.0","systemPort":8202,"udid":"CTLID18120801016"},"deviceUDID":"CTLID18120801016","pixelRatio":"2.625","statBarHeight":89,"viewportRect":{"left":0,"top":89,"width":1080,"height":2191},"deviceApiLevel":29,"deviceManufacturer":"HMD Global","deviceModel":"Nokia 7.1","deviceScreenSize":"1080x2280","dev...
&amp#27;[38;5;41m[f2521489]&amp#27;[0m&amp#27;[38;5;86m[HTTP]&amp#27;[0m &amp#27;[37m<-- POST /session &amp#27;[39m&amp#27;[32m200&amp#27;[39m &amp#27;[90m4990 ms - 1105&amp#27;[39m &amp#27;[90m&amp#27;[39m
&amp#27;[38;5;219m[f88ada09]&amp#27;[0m&amp#27;[38;5;86m[HTTP]&amp#27;[0m &amp#27;[37m-->&amp#27;[39m &amp#27;[37mPOST&amp#27;[39m &amp#27;[37m/session/f88ada09-095f-4431-9d43-7f8210639409/element&amp#27;[39m &amp#27;[90m{"using":"id","value":"com.androidsample.generalstore:id/nameField"}&amp#27;[39m
&amp#27;[38;5;219m[f88ada09]&amp#27;[0m&amp#27;[38;5;10m[AndroidUiautomator2Driver@bd8a]&amp#27;[0m Calling AppiumDriver.findElement() with args: ["id","com.androidsample.generalstore:id/nameField","f88ada09-095f-4431-9d43-7f8210639409"]
&amp#27;[38;5;219m[f88ada09]&amp#27;[0m&amp#27;[38;5;10m[AndroidUiautomator2Driver@bd8a]&amp#27;[0m Valid locator strategies for this request: xpath, id, class name, accessibility id, css selector, -android uiautomator
&amp#27;[38;5;219m[f88ada09]&amp#27;[0m&amp#27;[38;5;10m[AndroidUiautomator2Driver@bd8a]&amp#27;[0m Waiting up to 0 ms for condition
&amp#27;[38;5;219m[f88ada09]&amp#27;[0m&amp#27;[38;5;10m[AndroidUiautomator2Driver@bd8a]&amp#27;[0m Matched '/element' to command name 'findElement'
&amp#27;[38;5;219m[f88ada09]&amp#27;[0m&amp#27;[38;5;10m[AndroidUiautomator2Driver@bd8a]&amp#27;[0m Proxying [POST /element] to [POST http://127.0.0.1:8201/session/48a0eda4-27b6-49a1-9c79-91add70a7505/element] with body: {"strategy":"id","selector":"com.androidsample.generalstore:id/nameField","context":"","multiple":false}
&amp#27;[38;5;219m[f88ada09]&amp#27;[0m&amp#27;[38;5;10m[AndroidUiautomator2Driver@bd8a]&amp#27;[0m Got response with status 200: {"sessionId":"48a0eda4-27b6-49a1-9c79-91add70a7505","value":{"ELEMENT":"00000000-0000-119a-ffff-ffff0000001c","element-6066-11e4-a52e-4f735466cecf":"00000000-0000-119a-ffff-ffff0000001c"}}
&amp#27;[38;5;219m[f88ada09]&amp#27;[0m&amp#27;[38;5;10m[AndroidUiautomator2Driver@bd8a]&amp#27;[0m Responding to client with driver.findElement() result: {"element-6066-11e4-a52e-4f735466cecf":"00000000-0000-119a-ffff-ffff0000001c","ELEMENT":"00000000-0000-119a-ffff-ffff0000001c"}
&amp#27;[38;5;219m[f88ada09]&amp#27;[0m&amp#27;[38;5;86m[HTTP]&amp#27;[0m &amp#27;[37m<-- POST /session/f88ada09-095f-4431-9d43-7f8210639409/element &amp#27;[39m&amp#27;[32m200&amp#27;[39m &amp#27;[90m77 ms - 137&amp#27;[39m &amp#27;[90m&amp#27;[39m
&amp#27;[38;5;219m[f88ada09]&amp#27;[0m&amp#27;[38;5;86m[HTTP]&amp#27;[0m &amp#27;[37m-->&amp#27;[39m &amp#27;[37mPOST&amp#27;[39m &amp#27;[37m/session/f88ada09-095f-4431-9d43-7f8210639409/element/00000000-0000-119a-ffff-ffff0000001c/value&amp#27;[39m &amp#27;[90m{"id":"00000000-0000-119a-ffff-ffff0000001c","text":"gogan","value":["g","o","g","a","n"]}&amp#27;[39m
&amp#27;[38;5;219m[f88ada09]&amp#27;[0m&amp#27;[38;5;10m[AndroidUiautomator2Driver@bd8a]&amp#27;[0m Calling AppiumDriver.setValue() with args: [["g","o","g","a","n"],"00000000-0000-119a-ffff-ffff0000001c","f88ada09-095f-4431-9d43-7f8210639409"]
&amp#27;[38;5;219m[f88ada09]&amp#27;[0m&amp#27;[38;5;10m[AndroidUiautomator2Driver@bd8a]&amp#27;[0m Matched '/element/00000000-0000-119a-ffff-ffff0000001c/value' to command name 'setValue'
&amp#27;[38;5;219m[f88ada09]&amp#27;[0m&amp#27;[38;5;10m[AndroidUiautomator2Driver@bd8a]&amp#27;[0m Added 'value' property ["g","o","g","a","n"] to 'setValue' request body
&amp#27;[38;5;219m[f88ada09]&amp#27;[0m&amp#27;[38;5;10m[AndroidUiautomator2Driver@bd8a]&amp#27;[0m Proxying [POST /element/00000000-0000-119a-ffff-ffff0000001c/value] to [POST http://127.0.0.1:8201/session/48a0eda4-27b6-49a1-9c79-91add70a7505/element/00000000-0000-119a-ffff-ffff0000001c/value] with body: {"elementId":"00000000-0000-119a-ffff-ffff0000001c","text":"gogan","replace":false,"value":["g","o","g","a","n"]}
&amp#27;[38;5;219m[f88ada09]&amp#27;[0m&amp#27;[38;5;10m[AndroidUiautomator2Driver@bd8a]&amp#27;[0m Got response with status 200: {"sessionId":"48a0eda4-27b6-49a1-9c79-91add70a7505","value":null}
&amp#27;[38;5;219m[f88ada09]&amp#27;[0m&amp#27;[38;5;10m[AndroidUiautomator2Driver@bd8a]&amp#27;[0m Responding to client with driver.setValue() result: null
&amp#27;[38;5;219m[f88ada09]&amp#27;[0m&amp#27;[38;5;86m[HTTP]&amp#27;[0m &amp#27;[37m<-- POST /session/f88ada09-095f-4431-9d43-7f8210639409/element/00000000-0000-119a-ffff-ffff0000001c/value &amp#27;[39m&amp#27;[32m200&amp#27;[39m &amp#27;[90m584 ms - 14&amp#27;[39m &amp#27;[90m&amp#27;[39m
&amp#27;[38;5;219m[f88ada09]&amp#27;[0m&amp#27;[38;5;86m[HTTP]&amp#27;[0m &amp#27;[37m-->&amp#27;[39m &amp#27;[37mGET&amp#27;[39m &amp#27;[37m/session/f88ada09-095f-4431-9d43-7f8210639409/screenshot&amp#27;[39m &amp#27;[90m{}&amp#27;[39m
&amp#27;[38;5;219m[f88ada09]&amp#27;[0m&amp#27;[38;5;10m[AndroidUiautomator2Driver@bd8a]&amp#27;[0m Calling AppiumDriver.getScreenshot() with args: ["f88ada09-095f-4431-9d43-7f8210639409"]
&amp#27;[38;5;219m[f88ada09]&amp#27;[0m&amp#27;[38;5;10m[AndroidUiautomator2Driver@bd8a]&amp#27;[0m Matched '/screenshot' to command name 'getScreenshot'
&amp#27;[38;5;219m[f88ada09]&amp#27;[0m&amp#27;[38;5;10m[AndroidUiautomator2Driver@bd8a]&amp#27;[0m Proxying [GET /screenshot] to [GET http://127.0.0.1:8201/session/48a0eda4-27b6-49a1-9c79-91add70a7505/screenshot] with no body
&amp#27;[38;5;219m[f88ada09]&amp#27;[0m&amp#27;[38;5;10m[AndroidUiautomator2Driver@bd8a]&amp#27;[0m Got response with status 200: {"sessionId":"48a0eda4-27b6-49a1-9c79-91add70a7505","value":"iVBORw0KGgoAAAANSUhEUgAABDgAAAlgCAYAAABtGofVAAAAAXNSR0IArs4c6QAAAARzQklUCAgICHwIZIgAACAASURBVHic7N13nFTV3T/wz7n3Tt3eC21pS0c6CIhgwVgQjDUWjCVKLFEToyn+Hkv0ibE8URONxmhijF1RARVRohGVLiC9l2XZ3svszNzy+4Pdze7O3NmZ2Tqzn7evvAJz7px79jKXF/cz53yPSNq12AARERERERERUQSTenoAREREREREREQdxYCDiIiIiIiIiCIeAw4iIiIiIiIiingMOIiIiIiIiIgo4jHgICIiIiIiIqKIx4CDiIiIiIiIiCIeAw4iIiIiIiIiingMOIiIiIiIiIgo4jHgICIiIiIiIqKIx4CDiIiIiIiIiCIeAw4iIiIiIiIiingMOIiIiIiIiIgo4jHgICIiIiIiIqKIx4CDiIiIiIiIiCIeAw4iIiIiIiIiingMOIiIiIiIiIgo4jHgICIiIiIiIqKIx4CDiIiIiIiIiCIeAw4iIiIiIiIiingMOIiIiIiIiIgo4jHgICIiIiIiIqKIx4CDiIiIiIiIiCIeAw4iIiIiIiIiingMOIiIiIiIiIgo4jHgICIiIiIiIqKIx4CDiIiIiIiIiCIeAw4iIiIiIiIiingMOIiIiIiIiIgo4jHgICIiIiIiIqKIp/T0AIiIiIiIiIh6EwGBVCUOMxy5GG3rj2xLMrKUJGQqiXBItm4Zg0t3o0CtQKFaiRPecuxyH8c61z6UqjUwYHTLGCINAw4iIiIiIiLq0wQEYiQbcqzpmB97Ck5zjsJoW38oogcfmeVY9LOktHpJNVTsdOdhTd1urKrdhiPeEtTrbgYejUTSrsW8EkRERERERNTnCAjESXbk2rJxftxkLIyfhgTJ2dPDCkqFVov3q9djVe027HXno0Zv6PNBBwMOIiIiIiIi6nMkCAy0...
&amp#27;[38;5;219m[f88ada09]&amp#27;[0m&amp#27;[38;5;10m[AndroidUiautomator2Driver@bd8a]&amp#27;[0m Responding to client with driver.getScreenshot() result: "iVBORw0KGgoAAAANSUhEUgAABDgAAAlgCAYAAABtGofVAAAAAXNSR0IArs4c6QAAAARzQklUCAgICHwIZIgAACAASURBVHic7N13nFTV3T/wz7n3Tt3eC21pS0c6CIhgwVgQjDUWjCVKLFEToyn+Hkv0ibE8URONxmhijF1RARVRohGVLiC9l2XZ3svszNzy+4Pdze7O3NmZ2Tqzn7evvAJz7px79jKXF/cz53yPSNq12AARERERERERUQSTenoAREREREREREQdxYCDiIiIiIiIiCIeAw4iIiIiIiIiingMOIiIiIiIiIgo4jHgICIiIiIiIqKIx4CDiIiIiIiIiCIeAw4iIiIiIiIiingMOIiIiIiIiIgo4jHgICIiIiIiIqKIx4CDiIiIiIiIiCIeAw4iIiIiIiIiingMOIiIiIiIiIgo4jHgICIiIiIiIqKIx4CDiIiIiIiIiCIeAw4iIiIiIiIiingMOIiIiIiIiIgo4jHgICIiIiIiIqKIx4CDiIiIiIiIiCIeAw4iIiIiIiIiingMOIiIiIiIiIgo4jHgICIiIiIiIqKIx4CDiIiIiIiIiCIeAw4iIiIiIiIiingMOIiIiIiIiIgo4jHgICIiIiIiIqKIx4CDiIiIiIiIiCIeAw4iIiIiIiIiingMOIiIiIiIiIgo4jHgICIiIiIiIqKIp/T0AIiIiIiIiIh6EwGBVCUOMxy5GG3rj2xLMrKUJGQqiXBItm4Zg0t3o0CtQKFaiRPecuxyH8c61z6UqjUwYHTLGCINAw4iIiIiIiLq0wQEYiQbcqzpmB97Ck5zjsJoW38oogcfmeVY9LOktHpJNVTsdOdhTd1urKrdhiPeEtTrbgYejUTSrsW8EkRERERERNTnCAjESXbk2rJxftxkLIyfhgTJ2dPDCkqFVov3q9djVe027HXno0Zv6PNBBwMOIiIiIiIi6nMkCAy0pOKHCTNwfuxkDLSmQoqwMpU6dBzzlOKj2s14t2ot8rxlfTrkYMBBRERERERE...
&amp#27;[38;5;219m[f88ada09]&amp#27;[0m&amp#27;[38;5;86m[HTTP]&amp#27;[0m &amp#27;[37m<-- GET /session/f88ada09-095f-4431-9d43-7f8210639409/screenshot &amp#27;[39m&amp#27;[32m200&amp#27;[39m &amp#27;[90m607 ms - 685272&amp#27;[39m &amp#27;[90m&amp#27;[39m
&amp#27;[38;5;219m[f88ada09]&amp#27;[0m&amp#27;[38;5;86m[HTTP]&amp#27;[0m &amp#27;[37m-->&amp#27;[39m &amp#27;[37mPOST&amp#27;[39m &amp#27;[37m/session/f88ada09-095f-4431-9d43-7f8210639409/execute/sync&amp#27;[39m &amp#27;[90m{"script":"mobile: hideKeyboard","args":[]}&amp#27;[39m
&amp#27;[38;5;219m[f88ada09]&amp#27;[0m&amp#27;[38;5;10m[AndroidUiautomator2Driver@bd8a]&amp#27;[0m Calling AppiumDriver.execute() with args: ["mobile: hideKeyboard",[],"f88ada09-095f-4431-9d43-7f8210639409"]
&amp#27;[38;5;219m[f88ada09]&amp#27;[0m&amp#27;[38;5;229m[ADB]&amp#27;[0m Running 'C:\Users\sajus\AppData\Local\Android\Sdk\platform-tools\adb.exe -P 5037 -s R3CRC00KHBT shell dumpsys input_method'
&amp#27;[38;5;219m[f88ada09]&amp#27;[0m&amp#27;[38;5;229m[ADB]&amp#27;[0m Keyboard has no UI; no closing necessary
&amp#27;[38;5;219m[f88ada09]&amp#27;[0m&amp#27;[38;5;10m[AndroidUiautomator2Driver@bd8a]&amp#27;[0m Responding to client with driver.execute() result: false
&amp#27;[38;5;219m[f88ada09]&amp#27;[0m&amp#27;[38;5;86m[HTTP]&amp#27;[0m &amp#27;[37m<-- POST /session/f88ada09-095f-4431-9d43-7f8210639409/execute/sync &amp#27;[39m&amp#27;[32m200&amp#27;[39m &amp#27;[90m177 ms - 15&amp#27;[39m &amp#27;[90m&amp#27;[39m
&amp#27;[38;5;219m[f88ada09]&amp#27;[0m&amp#27;[38;5;86m[HTTP]&amp#27;[0m &amp#27;[37m-->&amp#27;[39m &amp#27;[37mPOST&amp#27;[39m &amp#27;[37m/session/f88ada09-095f-4431-9d43-7f8210639409/element&amp#27;[39m &amp#27;[90m{"using":"id","value":"com.androidsample.generalstore:id/radioMale"}&amp#27;[39m
&amp#27;[38;5;219m[f88ada09]&amp#27;[0m&amp#27;[38;5;10m[AndroidUiautomator2Driver@bd8a]&amp#27;[0m Calling AppiumDriver.findElement() with args: ["id","com.androidsample.generalstore:id/radioMale","f88ada09-095f-4431-9d43-7f8210639409"]
&amp#27;[38;5;219m[f88ada09]&amp#27;[0m&amp#27;[38;5;10m[AndroidUiautomator2Driver@bd8a]&amp#27;[0m Valid locator strategies for this request: xpath, id, class name, accessibility id, css selector, -android uiautomator
&amp#27;[38;5;219m[f88ada09]&amp#27;[0m&amp#27;[38;5;10m[AndroidUiautomator2Driver@bd8a]&amp#27;[0m Waiting up to 0 ms for condition
&amp#27;[38;5;219m[f88ada09]&amp#27;[0m&amp#27;[38;5;10m[AndroidUiautomator2Driver@bd8a]&amp#27;[0m Matched '/element' to command name 'findElement'
&amp#27;[38;5;219m[f88ada09]&amp#27;[0m&amp#27;[38;5;10m[AndroidUiautomator2Driver@bd8a]&amp#27;[0m Proxying [POST /element] to [POST http://127.0.0.1:8201/session/48a0eda4-27b6-49a1-9c79-91add70a7505/element] with body: {"strategy":"id","selector":"com.androidsample.generalstore:id/radioMale","context":"","multiple":false}
&amp#27;[38;5;219m[f88ada09]&amp#27;[0m&amp#27;[38;5;10m[AndroidUiautomator2Driver@bd8a]&amp#27;[0m Got response with status 200: {"sessionId":"48a0eda4-27b6-49a1-9c79-91add70a7505","value":{"ELEMENT":"00000000-0000-119a-ffff-ffff0000001f","element-6066-11e4-a52e-4f735466cecf":"00000000-0000-119a-ffff-ffff0000001f"}}
&amp#27;[38;5;219m[f88ada09]&amp#27;[0m&amp#27;[38;5;10m[AndroidUiautomator2Driver@bd8a]&amp#27;[0m Responding to client with driver.findElement() result: {"element-6066-11e4-a52e-4f735466cecf":"00000000-0000-119a-ffff-ffff0000001f","ELEMENT":"00000000-0000-119a-ffff-ffff0000001f"}
&amp#27;[38;5;219m[f88ada09]&amp#27;[0m&amp#27;[38;5;86m[HTTP]&amp#27;[0m &amp#27;[37m<-- POST /session/f88ada09-095f-4431-9d43-7f8210639409/element &amp#27;[39m&amp#27;[32m200&amp#27;[39m &amp#27;[90m34 ms - 137&amp#27;[39m &amp#27;[90m&amp#27;[39m
&amp#27;[38;5;219m[f88ada09]&amp#27;[0m&amp#27;[38;5;86m[HTTP]&amp#27;[0m &amp#27;[37m-->&amp#27;[39m &amp#27;[37mPOST&amp#27;[39m &amp#27;[37m/session/f88ada09-095f-4431-9d43-7f8210639409/element/00000000-0000-119a-ffff-ffff0000001f/click&amp#27;[39m &amp#27;[90m{"id":"00000000-0000-119a-ffff-ffff0000001f"}&amp#27;[39m
&amp#27;[38;5;219m[f88ada09]&amp#27;[0m&amp#27;[38;5;10m[AndroidUiautomator2Driver@bd8a]&amp#27;[0m Calling AppiumDriver.click() with args: ["00000000-0000-119a-ffff-ffff0000001f","f88ada09-095f-4431-9d43-7f8210639409"]
&amp#27;[38;5;219m[f88ada09]&amp#27;[0m&amp#27;[38;5;10m[AndroidUiautomator2Driver@bd8a]&amp#27;[0m Matched '/element/00000000-0000-119a-ffff-ffff0000001f/click' to command name 'click'
&amp#27;[38;5;219m[f88ada09]&amp#27;[0m&amp#27;[38;5;10m[AndroidUiautomator2Driver@bd8a]&amp#27;[0m Proxying [POST /element/00000000-0000-119a-ffff-ffff0000001f/click] to [POST http://127.0.0.1:8201/session/48a0eda4-27b6-49a1-9c79-91add70a7505/element/00000000-0000-119a-ffff-ffff0000001f/click] with body: {"element":"00000000-0000-119a-ffff-ffff0000001f"}
&amp#27;[38;5;219m[f88ada09]&amp#27;[0m&amp#27;[38;5;10m[AndroidUiautomator2Driver@bd8a]&amp#27;[0m Got response with status 200: {"sessionId":"48a0eda4-27b6-49a1-9c79-91add70a7505","value":null}
&amp#27;[38;5;219m[f88ada09]&amp#27;[0m&amp#27;[38;5;10m[AndroidUiautomator2Driver@bd8a]&amp#27;[0m Responding to client with driver.click() result: null
&amp#27;[38;5;219m[f88ada09]&amp#27;[0m&amp#27;[38;5;86m[HTTP]&amp#27;[0m &amp#27;[37m<-- POST /session/f88ada09-095f-4431-9d43-7f8210639409/element/00000000-0000-119a-ffff-ffff0000001f/click &amp#27;[39m&amp#27;[32m200&amp#27;[39m &amp#27;[90m595 ms - 14&amp#27;[39m &amp#27;[90m&amp#27;[39m
&amp#27;[38;5;219m[f88ada09]&amp#27;[0m&amp#27;[38;5;86m[HTTP]&amp#27;[0m &amp#27;[37m-->&amp#27;[39m &amp#27;[37mGET&amp#27;[39m &amp#27;[37m/session/f88ada09-095f-4431-9d43-7f8210639409/screenshot&amp#27;[39m &amp#27;[90m{}&amp#27;[39m
&amp#27;[38;5;219m[f88ada09]&amp#27;[0m&amp#27;[38;5;10m[AndroidUiautomator2Driver@bd8a]&amp#27;[0m Calling AppiumDriver.getScreenshot() with args: ["f88ada09-095f-4431-9d43-7f8210639409"]
&amp#27;[38;5;219m[f88ada09]&amp#27;[0m&amp#27;[38;5;10m[AndroidUiautomator2Driver@bd8a]&amp#27;[0m Matched '/screenshot' to command name 'getScreenshot'
&amp#27;[38;5;219m[f88ada09]&amp#27;[0m&amp#27;[38;5;10m[AndroidUiautomator2Driver@bd8a]&amp#27;[0m Proxying [GET /screenshot] to [GET http://127.0.0.1:8201/session/48a0eda4-27b6-49a1-9c79-91add70a7505/screenshot] with no body
&amp#27;[38;5;219m[f88ada09]&amp#27;[0m&amp#27;[38;5;10m[AndroidUiautomator2Driver@bd8a]&amp#27;[0m Got response with status 200: {"sessionId":"48a0eda4-27b6-49a1-9c79-91add70a7505","value":"iVBORw0KGgoAAAANSUhEUgAABDgAAAlgCAYAAABtGofVAAAAAXNSR0IArs4c6QAAAARzQklUCAgICHwIZIgAACAASURBVHic7N13nFTV3T/wz7n3Tt3eC21pS0c6CIhgwVgQjDUWjCVKLFEToyn+Hkv0ibE8URONxmhijF1RARVRohGVLiC9l2XZ3svszNzy+4Pdze7O3NmZ2Tqzn7evvAJz7px79jKXF/cz53yPSNq12AARERERERERUQSTenoAREREREREREQdxYCDiIiIiIiIiCIeAw4iIiIiIiIiingMOIiIiIiIiIgo4jHgICIiIiIiIqKIx4CDiIiIiIiIiCIeAw4iIiIiIiIiingMOIiIiIiIiIgo4jHgICIiIiIiIqKIx4CDiIiIiIiIiCIeAw4iIiIiIiIiingMOIiIiIiIiIgo4jHgICIiIiIiIqKIx4CDiIiIiIiIiCIeAw4iIiIiIiIiingMOIiIiIiIiIgo4jHgICIiIiIiIqKIx4CDiIiIiIiIiCIeAw4iIiIiIiIiingMOIiIiIiIiIgo4jHgICIiIiIiIqKIx4CDiIiIiIiIiCIeAw4iIiIiIiIiingMOIiIiIiIiIgo4jHgICIiIiIiIqKIx4CDiIiIiIiIiCIeAw4iIiIiIiIiingMOIiIiIiIiIgo4jHgICIiIiIiIqKIp/T0AIiIiIiIiIh6EwGBVCUOMxy5GG3rj2xLMrKUJGQqiXBItm4Zg0t3o0CtQKFaiRPecuxyH8c61z6UqjUwYHTLGCINAw4iIiIiIiLq0wQEYiQbcqzpmB97Ck5zjsJoW38oogcfmeVY9LOktHpJNVTsdOdhTd1urKrdhiPeEtTrbgYejUTSrsW8EkRERERERNTnCAjESXbk2rJxftxkLIyfhgTJ2dPDCkqFVov3q9djVe027HXno0Zv6PNBBwMOIiIiIiIi6nMkCAy0...
&amp#27;[38;5;219m[f88ada09]&amp#27;[0m&amp#27;[38;5;10m[AndroidUiautomator2Driver@bd8a]&amp#27;[0m Responding to client with driver.getScreenshot() result: "iVBORw0KGgoAAAANSUhEUgAABDgAAAlgCAYAAABtGofVAAAAAXNSR0IArs4c6QAAAARzQklUCAgICHwIZIgAACAASURBVHic7N13nFTV3T/wz7n3Tt3eC21pS0c6CIhgwVgQjDUWjCVKLFEToyn+Hkv0ibE8URONxmhijF1RARVRohGVLiC9l2XZ3svszNzy+4Pdze7O3NmZ2Tqzn7evvAJz7px79jKXF/cz53yPSNq12AARERERERERUQSTenoAREREREREREQdxYCDiIiIiIiIiCIeAw4iIiIiIiIiingMOIiIiIiIiIgo4jHgICIiIiIiIqKIx4CDiIiIiIiIiCIeAw4iIiIiIiIiingMOIiIiIiIiIgo4jHgICIiIiIiIqKIx4CDiIiIiIiIiCIeAw4iIiIiIiIiingMOIiIiIiIiIgo4jHgICIiIiIiIqKIx4CDiIiIiIiIiCIeAw4iIiIiIiIiingMOIiIiIiIiIgo4jHgICIiIiIiIqKIx4CDiIiIiIiIiCIeAw4iIiIiIiIiingMOIiIiIiIiIgo4jHgICIiIiIiIqKIx4CDiIiIiIiIiCIeAw4iIiIiIiIiingMOIiIiIiIiIgo4jHgICIiIiIiIqKIx4CDiIiIiIiIiCIeAw4iIiIiIiIiingMOIiIiIiIiIgo4jHgICIiIiIiIqKIp/T0AIiIiIiIiIh6EwGBVCUOMxy5GG3rj2xLMrKUJGQqiXBItm4Zg0t3o0CtQKFaiRPecuxyH8c61z6UqjUwYHTLGCINAw4iIiIiIiLq0wQEYiQbcqzpmB97Ck5zjsJoW38oogcfmeVY9LOktHpJNVTsdOdhTd1urKrdhiPeEtTrbgYejUTSrsW8EkRERERERNTnCAjESXbk2rJxftxkLIyfhgTJ2dPDCkqFVov3q9djVe027HXno0Zv6PNBBwMOIiIiIiIi6nMkCAy0pOKHCTNwfuxkDLSmQoqwMpU6dBzzlOKj2s14t2ot8rxlfTrkYMBBRERERERE...
&amp#27;[38;5;219m[f88ada09]&amp#27;[0m&amp#27;[38;5;86m[HTTP]&amp#27;[0m &amp#27;[37m<-- GET /session/f88ada09-095f-4431-9d43-7f8210639409/screenshot &amp#27;[39m&amp#27;[32m200&amp#27;[39m &amp#27;[90m556 ms - 685272&amp#27;[39m &amp#27;[90m&amp#27;[39m
&amp#27;[38;5;219m[f88ada09]&amp#27;[0m&amp#27;[38;5;86m[HTTP]&amp#27;[0m &amp#27;[37m-->&amp#27;[39m &amp#27;[37mPOST&amp#27;[39m &amp#27;[37m/session/f88ada09-095f-4431-9d43-7f8210639409/element&amp#27;[39m &amp#27;[90m{"using":"id","value":"android:id/text1"}&amp#27;[39m
&amp#27;[38;5;219m[f88ada09]&amp#27;[0m&amp#27;[38;5;10m[AndroidUiautomator2Driver@bd8a]&amp#27;[0m Calling AppiumDriver.findElement() with args: ["id","android:id/text1","f88ada09-095f-4431-9d43-7f8210639409"]
&amp#27;[38;5;219m[f88ada09]&amp#27;[0m&amp#27;[38;5;10m[AndroidUiautomator2Driver@bd8a]&amp#27;[0m Valid locator strategies for this request: xpath, id, class name, accessibility id, css selector, -android uiautomator
&amp#27;[38;5;219m[f88ada09]&amp#27;[0m&amp#27;[38;5;10m[AndroidUiautomator2Driver@bd8a]&amp#27;[0m Waiting up to 0 ms for condition
&amp#27;[38;5;219m[f88ada09]&amp#27;[0m&amp#27;[38;5;10m[AndroidUiautomator2Driver@bd8a]&amp#27;[0m Matched '/element' to command name 'findElement'
&amp#27;[38;5;219m[f88ada09]&amp#27;[0m&amp#27;[38;5;10m[AndroidUiautomator2Driver@bd8a]&amp#27;[0m Proxying [POST /element] to [POST http://127.0.0.1:8201/session/48a0eda4-27b6-49a1-9c79-91add70a7505/element] with body: {"strategy":"id","selector":"android:id/text1","context":"","multiple":false}
&amp#27;[38;5;219m[f88ada09]&amp#27;[0m&amp#27;[38;5;10m[AndroidUiautomator2Driver@bd8a]&amp#27;[0m Got response with status 200: {"sessionId":"48a0eda4-27b6-49a1-9c79-91add70a7505","value":{"ELEMENT":"00000000-0000-119a-ffff-ffff00000024","element-6066-11e4-a52e-4f735466cecf":"00000000-0000-119a-ffff-ffff00000024"}}
&amp#27;[38;5;219m[f88ada09]&amp#27;[0m&amp#27;[38;5;10m[AndroidUiautomator2Driver@bd8a]&amp#27;[0m Responding to client with driver.findElement() result: {"element-6066-11e4-a52e-4f735466cecf":"00000000-0000-119a-ffff-ffff00000024","ELEMENT":"00000000-0000-119a-ffff-ffff00000024"}
&amp#27;[38;5;219m[f88ada09]&amp#27;[0m&amp#27;[38;5;86m[HTTP]&amp#27;[0m &amp#27;[37m<-- POST /session/f88ada09-095f-4431-9d43-7f8210639409/element &amp#27;[39m&amp#27;[32m200&amp#27;[39m &amp#27;[90m27 ms - 137&amp#27;[39m &amp#27;[90m&amp#27;[39m
&amp#27;[38;5;219m[f88ada09]&amp#27;[0m&amp#27;[38;5;86m[HTTP]&amp#27;[0m &amp#27;[37m-->&amp#27;[39m &amp#27;[37mPOST&amp#27;[39m &amp#27;[37m/session/f88ada09-095f-4431-9d43-7f8210639409/element/00000000-0000-119a-ffff-ffff00000024/click&amp#27;[39m &amp#27;[90m{"id":"00000000-0000-119a-ffff-ffff00000024"}&amp#27;[39m
&amp#27;[38;5;219m[f88ada09]&amp#27;[0m&amp#27;[38;5;10m[AndroidUiautomator2Driver@bd8a]&amp#27;[0m Calling AppiumDriver.click() with args: ["00000000-0000-119a-ffff-ffff00000024","f88ada09-095f-4431-9d43-7f8210639409"]
&amp#27;[38;5;219m[f88ada09]&amp#27;[0m&amp#27;[38;5;10m[AndroidUiautomator2Driver@bd8a]&amp#27;[0m Matched '/element/00000000-0000-119a-ffff-ffff00000024/click' to command name 'click'
&amp#27;[38;5;219m[f88ada09]&amp#27;[0m&amp#27;[38;5;10m[AndroidUiautomator2Driver@bd8a]&amp#27;[0m Proxying [POST /element/00000000-0000-119a-ffff-ffff00000024/click] to [POST http://127.0.0.1:8201/session/48a0eda4-27b6-49a1-9c79-91add70a7505/element/00000000-0000-119a-ffff-ffff00000024/click] with body: {"element":"00000000-0000-119a-ffff-ffff00000024"}
&amp#27;[38;5;219m[f88ada09]&amp#27;[0m&amp#27;[38;5;10m[AndroidUiautomator2Driver@bd8a]&amp#27;[0m Got response with status 200: {"sessionId":"48a0eda4-27b6-49a1-9c79-91add70a7505","value":null}
&amp#27;[38;5;219m[f88ada09]&amp#27;[0m&amp#27;[38;5;10m[AndroidUiautomator2Driver@bd8a]&amp#27;[0m Responding to client with driver.click() result: null
&amp#27;[38;5;219m[f88ada09]&amp#27;[0m&amp#27;[38;5;86m[HTTP]&amp#27;[0m &amp#27;[37m<-- POST /session/f88ada09-095f-4431-9d43-7f8210639409/element/00000000-0000-119a-ffff-ffff00000024/click &amp#27;[39m&amp#27;[32m200&amp#27;[39m &amp#27;[90m83 ms - 14&amp#27;[39m &amp#27;[90m&amp#27;[39m
&amp#27;[38;5;219m[f88ada09]&amp#27;[0m&amp#27;[38;5;86m[HTTP]&amp#27;[0m &amp#27;[37m-->&amp#27;[39m &amp#27;[37mGET&amp#27;[39m &amp#27;[37m/session/f88ada09-095f-4431-9d43-7f8210639409/screenshot&amp#27;[39m &amp#27;[90m{}&amp#27;[39m
&amp#27;[38;5;219m[f88ada09]&amp#27;[0m&amp#27;[38;5;10m[AndroidUiautomator2Driver@bd8a]&amp#27;[0m Calling AppiumDriver.getScreenshot() with args: ["f88ada09-095f-4431-9d43-7f8210639409"]
&amp#27;[38;5;219m[f88ada09]&amp#27;[0m&amp#27;[38;5;10m[AndroidUiautomator2Driver@bd8a]&amp#27;[0m Matched '/screenshot' to command name 'getScreenshot'
&amp#27;[38;5;219m[f88ada09]&amp#27;[0m&amp#27;[38;5;10m[AndroidUiautomator2Driver@bd8a]&amp#27;[0m Proxying [GET /screenshot] to [GET http://127.0.0.1:8201/session/48a0eda4-27b6-49a1-9c79-91add70a7505/screenshot] with no body
&amp#27;[38;5;219m[f88ada09]&amp#27;[0m&amp#27;[38;5;10m[AndroidUiautomator2Driver@bd8a]&amp#27;[0m Got response with status 200: {"sessionId":"48a0eda4-27b6-49a1-9c79-91add70a7505","value":"iVBORw0KGgoAAAANSUhEUgAABDgAAAlgCAYAAABtGofVAAAAAXNSR0IArs4c6QAAAARzQklUCAgICHwIZIgAACAASURBVHic7N13nFTV3T/wz7n3Tt3eC21pS0c6CIhgwVgQjDUWjCVKLFEToyn+Hkv0ibE8URONxmhijF1RARVRohGVLiC9l2XZ3svszNzy+4Pdze7O3NmZ2Tqzn7evvAJz7px79jKXF/cz53yPSNq12AARERERERERUQSTenoAREREREREREQdxYCDiIiIiIiIiCIeAw4iIiIiIiIiingMOIiIiIiIiIgo4jHgICIiIiIiIqKIx4CDiIiIiIiIiCIeAw4iIiIiIiIiingMOIiIiIiIiIgo4jHgICIiIiIiIqKIx4CDiIiIiIiIiCIeAw4iIiIiIiIiingMOIiIiIiIiIgo4jHgICIiIiIiIqKIx4CDiIiIiIiIiCIeAw4iIiIiIiIiingMOIiIiIiIiIgo4jHgICIiIiIiIqKIx4CDiIiIiIiIiCIeAw4iIiIiIiIiingMOIiIiIiIiIgo4jHgICIiIiIiIqKIx4CDiIiIiIiIiCIeAw4iIiIiIiIiingMOIiIiIiIiIgo4jHgICIiIiIiIqKIx4CDiIiIiIiIiCIeAw4iIiIiIiIiingMOIiIiIiIiIgo4jHgICIiIiIiIqKIp/T0AIiIiIiIiIh6EwGBVCUOMxy5GG3rj2xLMrKUJGQqiXBItm4Zg0t3o0CtQKFaiRPecuxyH8c61z6UqjUwYHTLGCINAw4iIiIiIiLq0wQEYiQbcqzpmB97Ck5zjsJoW38oogcfmeVY9LOktHpJNVTsdOdhTd1urKrdhiPeEtTrbgYejUTSrsW8EkRERERERNTnCAjESXbk2rJxftxkLIyfhgTJ2dPDCkqFVov3q9djVe027HXno0Zv6PNBBwMOIiIiIiIi6nMkCAy0...
&amp#27;[38;5;219m[f88ada09]&amp#27;[0m&amp#27;[38;5;10m[AndroidUiautomator2Driver@bd8a]&amp#27;[0m Responding to client with driver.getScreenshot() result: "iVBORw0KGgoAAAANSUhEUgAABDgAAAlgCAYAAABtGofVAAAAAXNSR0IArs4c6QAAAARzQklUCAgICHwIZIgAACAASURBVHic7N13nFTV3T/wz7n3Tt3eC21pS0c6CIhgwVgQjDUWjCVKLFEToyn+Hkv0ibE8URONxmhijF1RARVRohGVLiC9l2XZ3svszNzy+4Pdze7O3NmZ2Tqzn7evvAJz7px79jKXF/cz53yPSNq12AARERERERERUQSTenoAREREREREREQdxYCDiIiIiIiIiCIeAw4iIiIiIiIiingMOIiIiIiIiIgo4jHgICIiIiIiIqKIx4CDiIiIiIiIiCIeAw4iIiIiIiIiingMOIiIiIiIiIgo4jHgICIiIiIiIqKIx4CDiIiIiIiIiCIeAw4iIiIiIiIiingMOIiIiIiIiIgo4jHgICIiIiIiIqKIx4CDiIiIiIiIiCIeAw4iIiIiIiIiingMOIiIiIiIiIgo4jHgICIiIiIiIqKIx4CDiIiIiIiIiCIeAw4iIiIiIiIiingMOIiIiIiIiIgo4jHgICIiIiIiIqKIx4CDiIiIiIiIiCIeAw4iIiIiIiIiingMOIiIiIiIiIgo4jHgICIiIiIiIqKIx4CDiIiIiIiIiCIeAw4iIiIiIiIiingMOIiIiIiIiIgo4jHgICIiIiIiIqKIp/T0AIiIiIiIiIh6EwGBVCUOMxy5GG3rj2xLMrKUJGQqiXBItm4Zg0t3o0CtQKFaiRPecuxyH8c61z6UqjUwYHTLGCINAw4iIiIiIiLq0wQEYiQbcqzpmB97Ck5zjsJoW38oogcfmeVY9LOktHpJNVTsdOdhTd1urKrdhiPeEtTrbgYejUTSrsW8EkRERERERNTnCAjESXbk2rJxftxkLIyfhgTJ2dPDCkqFVov3q9djVe027HXno0Zv6PNBBwMOIiIiIiIi6nMkCAy0pOKHCTNwfuxkDLSmQoqwMpU6dBzzlOKj2s14t2ot8rxlfTrkYMBBRERERERE...
&amp#27;[38;5;219m[f88ada09]&amp#27;[0m&amp#27;[38;5;86m[HTTP]&amp#27;[0m &amp#27;[37m<-- GET /session/f88ada09-095f-4431-9d43-7f8210639409/screenshot &amp#27;[39m&amp#27;[32m200&amp#27;[39m &amp#27;[90m520 ms - 696440&amp#27;[39m &amp#27;[90m&amp#27;[39m
&amp#27;[38;5;219m[f88ada09]&amp#27;[0m&amp#27;[38;5;86m[HTTP]&amp#27;[0m &amp#27;[37m-->&amp#27;[39m &amp#27;[37mPOST&amp#27;[39m &amp#27;[37m/session/f88ada09-095f-4431-9d43-7f8210639409/element&amp#27;[39m &amp#27;[90m{"using":"-android uiautomator","value":"new UiScrollable(new UiSelector()).scrollIntoView(text(\"Argentina\"));"}&amp#27;[39m
&amp#27;[38;5;219m[f88ada09]&amp#27;[0m&amp#27;[38;5;10m[AndroidUiautomator2Driver@bd8a]&amp#27;[0m Calling AppiumDriver.findElement() with args: ["-android uiautomator","new UiScrollable(new UiSelector()).scrollIntoView(text(\"Argentina\"));","f88ada09-095f-4431-9d43-7f8210639409"]
&amp#27;[38;5;219m[f88ada09]&amp#27;[0m&amp#27;[38;5;10m[AndroidUiautomator2Driver@bd8a]&amp#27;[0m Valid locator strategies for this request: xpath, id, class name, accessibility id, css selector, -android uiautomator
&amp#27;[38;5;219m[f88ada09]&amp#27;[0m&amp#27;[38;5;10m[AndroidUiautomator2Driver@bd8a]&amp#27;[0m Waiting up to 0 ms for condition
&amp#27;[38;5;219m[f88ada09]&amp#27;[0m&amp#27;[38;5;10m[AndroidUiautomator2Driver@bd8a]&amp#27;[0m Matched '/element' to command name 'findElement'
&amp#27;[38;5;219m[f88ada09]&amp#27;[0m&amp#27;[38;5;10m[AndroidUiautomator2Driver@bd8a]&amp#27;[0m Proxying [POST /element] to [POST http://127.0.0.1:8201/session/48a0eda4-27b6-49a1-9c79-91add70a7505/element] with body: {"strategy":"-android uiautomator","selector":"new UiScrollable(new UiSelector()).scrollIntoView(text(\"Argentina\"));","context":"","multiple":false}
&amp#27;[38;5;41m[f2521489]&amp#27;[0m&amp#27;[38;5;86m[HTTP]&amp#27;[0m &amp#27;[37m-->&amp#27;[39m &amp#27;[37mPOST&amp#27;[39m &amp#27;[37m/session/f2521489-7dea-4c71-95c1-f9cf0b890464/element&amp#27;[39m &amp#27;[90m{"using":"id","value":"com.androidsample.generalstore:id/nameField"}&amp#27;[39m
&amp#27;[38;5;41m[f2521489]&amp#27;[0m&amp#27;[38;5;-86m[AndroidUiautomator2Driver@5d66]&amp#27;[0m Calling AppiumDriver.findElement() with args: ["id","com.androidsample.generalstore:id/nameField","f2521489-7dea-4c71-95c1-f9cf0b890464"]
&amp#27;[38;5;41m[f2521489]&amp#27;[0m&amp#27;[38;5;-86m[AndroidUiautomator2Driver@5d66]&amp#27;[0m Valid locator strategies for this request: xpath, id, class name, accessibility id, css selector, -android uiautomator
&amp#27;[38;5;41m[f2521489]&amp#27;[0m&amp#27;[38;5;-86m[AndroidUiautomator2Driver@5d66]&amp#27;[0m Waiting up to 0 ms for condition
&amp#27;[38;5;41m[f2521489]&amp#27;[0m&amp#27;[38;5;-86m[AndroidUiautomator2Driver@5d66]&amp#27;[0m Matched '/element' to command name 'findElement'
&amp#27;[38;5;41m[f2521489]&amp#27;[0m&amp#27;[38;5;-86m[AndroidUiautomator2Driver@5d66]&amp#27;[0m Proxying [POST /element] to [POST http://127.0.0.1:8202/session/c68f0a86-3d15-4b5d-9c89-5b7f944919ae/element] with body: {"strategy":"id","selector":"com.androidsample.generalstore:id/nameField","context":"","multiple":false}
&amp#27;[38;5;41m[f2521489]&amp#27;[0m&amp#27;[38;5;-86m[AndroidUiautomator2Driver@5d66]&amp#27;[0m Got response with status 200: {"sessionId":"c68f0a86-3d15-4b5d-9c89-5b7f944919ae","value":{"ELEMENT":"00000000-0000-066c-ffff-ffff0000001c","element-6066-11e4-a52e-4f735466cecf":"00000000-0000-066c-ffff-ffff0000001c"}}
&amp#27;[38;5;41m[f2521489]&amp#27;[0m&amp#27;[38;5;-86m[AndroidUiautomator2Driver@5d66]&amp#27;[0m Responding to client with driver.findElement() result: {"element-6066-11e4-a52e-4f735466cecf":"00000000-0000-066c-ffff-ffff0000001c","ELEMENT":"00000000-0000-066c-ffff-ffff0000001c"}
&amp#27;[38;5;41m[f2521489]&amp#27;[0m&amp#27;[38;5;86m[HTTP]&amp#27;[0m &amp#27;[37m<-- POST /session/f2521489-7dea-4c71-95c1-f9cf0b890464/element &amp#27;[39m&amp#27;[32m200&amp#27;[39m &amp#27;[90m71 ms - 137&amp#27;[39m &amp#27;[90m&amp#27;[39m
&amp#27;[38;5;41m[f2521489]&amp#27;[0m&amp#27;[38;5;86m[HTTP]&amp#27;[0m &amp#27;[37m-->&amp#27;[39m &amp#27;[37mPOST&amp#27;[39m &amp#27;[37m/session/f2521489-7dea-4c71-95c1-f9cf0b890464/element/00000000-0000-066c-ffff-ffff0000001c/value&amp#27;[39m &amp#27;[90m{"id":"00000000-0000-066c-ffff-ffff0000001c","text":"danny","value":["d","a","n","n","y"]}&amp#27;[39m
&amp#27;[38;5;41m[f2521489]&amp#27;[0m&amp#27;[38;5;-86m[AndroidUiautomator2Driver@5d66]&amp#27;[0m Calling AppiumDriver.setValue() with args: [["d","a","n","n","y"],"00000000-0000-066c-ffff-ffff0000001c","f2521489-7dea-4c71-95c1-f9cf0b890464"]
&amp#27;[38;5;41m[f2521489]&amp#27;[0m&amp#27;[38;5;-86m[AndroidUiautomator2Driver@5d66]&amp#27;[0m Matched '/element/00000000-0000-066c-ffff-ffff0000001c/value' to command name 'setValue'
&amp#27;[38;5;41m[f2521489]&amp#27;[0m&amp#27;[38;5;-86m[AndroidUiautomator2Driver@5d66]&amp#27;[0m Added 'value' property ["d","a","n","n","y"] to 'setValue' request body
&amp#27;[38;5;41m[f2521489]&amp#27;[0m&amp#27;[38;5;-86m[AndroidUiautomator2Driver@5d66]&amp#27;[0m Proxying [POST /element/00000000-0000-066c-ffff-ffff0000001c/value] to [POST http://127.0.0.1:8202/session/c68f0a86-3d15-4b5d-9c89-5b7f944919ae/element/00000000-0000-066c-ffff-ffff0000001c/value] with body: {"elementId":"00000000-0000-066c-ffff-ffff0000001c","text":"danny","replace":false,"value":["d","a","n","n","y"]}
&amp#27;[38;5;41m[f2521489]&amp#27;[0m&amp#27;[38;5;-86m[AndroidUiautomator2Driver@5d66]&amp#27;[0m Got response with status 200: {"sessionId":"c68f0a86-3d15-4b5d-9c89-5b7f944919ae","value":null}
&amp#27;[38;5;41m[f2521489]&amp#27;[0m&amp#27;[38;5;-86m[AndroidUiautomator2Driver@5d66]&amp#27;[0m Responding to client with driver.setValue() result: null
&amp#27;[38;5;41m[f2521489]&amp#27;[0m&amp#27;[38;5;86m[HTTP]&amp#27;[0m &amp#27;[37m<-- POST /session/f2521489-7dea-4c71-95c1-f9cf0b890464/element/00000000-0000-066c-ffff-ffff0000001c/value &amp#27;[39m&amp#27;[32m200&amp#27;[39m &amp#27;[90m557 ms - 14&amp#27;[39m &amp#27;[90m&amp#27;[39m
&amp#27;[38;5;41m[f2521489]&amp#27;[0m&amp#27;[38;5;86m[HTTP]&amp#27;[0m &amp#27;[37m-->&amp#27;[39m &amp#27;[37mGET&amp#27;[39m &amp#27;[37m/session/f2521489-7dea-4c71-95c1-f9cf0b890464/screenshot&amp#27;[39m &amp#27;[90m{}&amp#27;[39m
&amp#27;[38;5;41m[f2521489]&amp#27;[0m&amp#27;[38;5;-86m[AndroidUiautomator2Driver@5d66]&amp#27;[0m Calling AppiumDriver.getScreenshot() with args: ["f2521489-7dea-4c71-95c1-f9cf0b890464"]
&amp#27;[38;5;41m[f2521489]&amp#27;[0m&amp#27;[38;5;-86m[AndroidUiautomator2Driver@5d66]&amp#27;[0m Matched '/screenshot' to command name 'getScreenshot'
&amp#27;[38;5;41m[f2521489]&amp#27;[0m&amp#27;[38;5;-86m[AndroidUiautomator2Driver@5d66]&amp#27;[0m Proxying [GET /screenshot] to [GET http://127.0.0.1:8202/session/c68f0a86-3d15-4b5d-9c89-5b7f944919ae/screenshot] with no body
&amp#27;[38;5;41m[f2521489]&amp#27;[0m&amp#27;[38;5;-86m[AndroidUiautomator2Driver@5d66]&amp#27;[0m Got response with status 200: {"sessionId":"c68f0a86-3d15-4b5d-9c89-5b7f944919ae","value":"iVBORw0KGgoAAAANSUhEUgAABDgAAAjoCAYAAAA5jhrUAAAAAXNSR0IArs4c6QAAAARzQklUCAgICHwIZIgAACAASURBVHic7N13nB9Vvf/x9zkz391N2VSSAAkJJYQivYOolIsUKQqogIJYrleKXhUbYEexYcWCAv7gKsVGU0TgCihFEbiI9CqEUEJ63fL9zjm/P2bmW3bnu/27u5N9PXmE5DvlzDnTz2fOnDFTHzvFCwAAAAAAIMfsSGcAAAAAAABgsAhwAAAAAACA3CPAAQAAAAAAco8ABwAAAAAAyD0CHAAAAAAAIPcIcAAAAAAAgNwjwAEAAAAAAHKPAAcAAAAAAMg9AhwAAAAAACD3CHAAAAAAAIDcI8ABAAAAAAByjwAHAAAAAADIPQIcAAAAAAAg9whwAAAAAACA3CPAAQAAAAAAco8ABwAAAAAAyD0CHAAAAAAAIPcIcAAAAAAAgNwjwAEAAAAAAHKPAAcAAAAAAMg9AhwAAAAAACD3CHAAAAAAAIDcI8ABAAAAAAByjwAHAAAAAADIPQIcAAAAAAAg98KRzgAwGhgZmfRvE/9bkrwk773i/5T8P7/GSjkBAAAAjD0EODBmGRmFxmqrpo115WYf0+aFGT1O/3xxiU588bt6rvNVlbzLTRBgrJQTAAAA6IvJwXjt0DxXO7bM1WQ7Xju0zNXkYEJ5/KponR5pX6hVbr0ebl+oRzoWalW0fkTyuv/4bXXDvLP7NO3RL3xNd61/osE5Gt0IcGBMarXj9PmZb9epUw9U0Mc3tTYvzNDftjxfkZwuX3GHvvTar7XGtTU4p4MzVsoJAAAA9GRuYSMd0bqbjmjdXfuP37bX6d/SunvN77vWP6E/rnlAf1zzf1pYXNqobGKQzNTHTuHxLMaM0AQ6bdqh+uLMd6jygsbAeHl96bXf6MfL/6SSj4Yoh0NjrJQTAAAA6Mn+47fV...
&amp#27;[38;5;41m[f2521489]&amp#27;[0m&amp#27;[38;5;-86m[AndroidUiautomator2Driver@5d66]&amp#27;[0m Responding to client with driver.getScreenshot() result: "iVBORw0KGgoAAAANSUhEUgAABDgAAAjoCAYAAAA5jhrUAAAAAXNSR0IArs4c6QAAAARzQklUCAgICHwIZIgAACAASURBVHic7N13nB9Vvf/x9zkz391N2VSSAAkJJYQivYOolIsUKQqogIJYrleKXhUbYEexYcWCAv7gKsVGU0TgCihFEbiI9CqEUEJ63fL9zjm/P2bmW3bnu/27u5N9PXmE5DvlzDnTz2fOnDFTHzvFCwAAAAAAIMfsSGcAAAAAAABgsAhwAAAAAACA3CPAAQAAAAAAco8ABwAAAAAAyD0CHAAAAAAAIPcIcAAAAAAAgNwjwAEAAAAAAHKPAAcAAAAAAMg9AhwAAAAAACD3CHAAAAAAAIDcI8ABAAAAAAByjwAHAAAAAADIPQIcAAAAAAAg9whwAAAAAACA3CPAAQAAAAAAco8ABwAAAAAAyD0CHAAAAAAAIPcIcAAAAAAAgNwjwAEAAAAAAHKPAAcAAAAAAMg9AhwAAAAAACD3CHAAAAAAAIDcI8ABAAAAAAByjwAHAAAAAADIPQIcAAAAAAAg98KRzgAwGhgZmfRvE/9bkrwk773i/5T8P7/GSjkBAAAAjD0EODBmGRmFxmqrpo115WYf0+aFGT1O/3xxiU588bt6rvNVlbzLTRBgrJQTAAAA6IvJwXjt0DxXO7bM1WQ7Xju0zNXkYEJ5/KponR5pX6hVbr0ebl+oRzoWalW0fkTyuv/4bXXDvLP7NO3RL3xNd61/osE5Gt0IcGBMarXj9PmZb9epUw9U0Mc3tTYvzNDftjxfkZwuX3GHvvTar7XGtTU4p4MzVsoJAAAA9GRuYSMd0bqbjmjdXfuP37bX6d/SunvN77vWP6E/rnlAf1zzf1pYXNqobGKQzNTHTuHxLMaM0AQ6bdqh+uLMd6jygsbAeHl96bXf6MfL/6SSj4Yoh0NjrJQTAAAA6Mn+47fVf017c7eAxWDcuOYB/XT5LcPSWoIWHP1DgANjgpFRq23R7Vt8WVs0zRzStP/d...
&amp#27;[38;5;41m[f2521489]&amp#27;[0m&amp#27;[38;5;86m[HTTP]&amp#27;[0m &amp#27;[37m<-- GET /session/f2521489-7dea-4c71-95c1-f9cf0b890464/screenshot &amp#27;[39m&amp#27;[32m200&amp#27;[39m &amp#27;[90m1053 ms - 599768&amp#27;[39m &amp#27;[90m&amp#27;[39m
&amp#27;[38;5;41m[f2521489]&amp#27;[0m&amp#27;[38;5;86m[HTTP]&amp#27;[0m &amp#27;[37m-->&amp#27;[39m &amp#27;[37mPOST&amp#27;[39m &amp#27;[37m/session/f2521489-7dea-4c71-95c1-f9cf0b890464/execute/sync&amp#27;[39m &amp#27;[90m{"script":"mobile: hideKeyboard","args":[]}&amp#27;[39m
&amp#27;[38;5;41m[f2521489]&amp#27;[0m&amp#27;[38;5;-86m[AndroidUiautomator2Driver@5d66]&amp#27;[0m Calling AppiumDriver.execute() with args: ["mobile: hideKeyboard",[],"f2521489-7dea-4c71-95c1-f9cf0b890464"]
&amp#27;[38;5;41m[f2521489]&amp#27;[0m&amp#27;[38;5;229m[ADB]&amp#27;[0m Running 'C:\Users\sajus\AppData\Local\Android\Sdk\platform-tools\adb.exe -P 5037 -s CTLID18120801016 shell dumpsys input_method'
&amp#27;[38;5;41m[f2521489]&amp#27;[0m&amp#27;[38;5;229m[ADB]&amp#27;[0m Keyboard has no UI; no closing necessary
&amp#27;[38;5;41m[f2521489]&amp#27;[0m&amp#27;[38;5;-86m[AndroidUiautomator2Driver@5d66]&amp#27;[0m Responding to client with driver.execute() result: false
&amp#27;[38;5;41m[f2521489]&amp#27;[0m&amp#27;[38;5;86m[HTTP]&amp#27;[0m &amp#27;[37m<-- POST /session/f2521489-7dea-4c71-95c1-f9cf0b890464/execute/sync &amp#27;[39m&amp#27;[32m200&amp#27;[39m &amp#27;[90m623 ms - 15&amp#27;[39m &amp#27;[90m&amp#27;[39m
&amp#27;[38;5;41m[f2521489]&amp#27;[0m&amp#27;[38;5;86m[HTTP]&amp#27;[0m &amp#27;[37m-->&amp#27;[39m &amp#27;[37mPOST&amp#27;[39m &amp#27;[37m/session/f2521489-7dea-4c71-95c1-f9cf0b890464/element&amp#27;[39m &amp#27;[90m{"using":"id","value":"com.androidsample.generalstore:id/radioFemale"}&amp#27;[39m
&amp#27;[38;5;41m[f2521489]&amp#27;[0m&amp#27;[38;5;-86m[AndroidUiautomator2Driver@5d66]&amp#27;[0m Calling AppiumDriver.findElement() with args: ["id","com.androidsample.generalstore:id/radioFemale","f2521489-7dea-4c71-95c1-f9cf0b890464"]
&amp#27;[38;5;41m[f2521489]&amp#27;[0m&amp#27;[38;5;-86m[AndroidUiautomator2Driver@5d66]&amp#27;[0m Valid locator strategies for this request: xpath, id, class name, accessibility id, css selector, -android uiautomator
&amp#27;[38;5;41m[f2521489]&amp#27;[0m&amp#27;[38;5;-86m[AndroidUiautomator2Driver@5d66]&amp#27;[0m Waiting up to 0 ms for condition
&amp#27;[38;5;41m[f2521489]&amp#27;[0m&amp#27;[38;5;-86m[AndroidUiautomator2Driver@5d66]&amp#27;[0m Matched '/element' to command name 'findElement'
&amp#27;[38;5;41m[f2521489]&amp#27;[0m&amp#27;[38;5;-86m[AndroidUiautomator2Driver@5d66]&amp#27;[0m Proxying [POST /element] to [POST http://127.0.0.1:8202/session/c68f0a86-3d15-4b5d-9c89-5b7f944919ae/element] with body: {"strategy":"id","selector":"com.androidsample.generalstore:id/radioFemale","context":"","multiple":false}
&amp#27;[38;5;41m[f2521489]&amp#27;[0m&amp#27;[38;5;-86m[AndroidUiautomator2Driver@5d66]&amp#27;[0m Got response with status 200: {"sessionId":"c68f0a86-3d15-4b5d-9c89-5b7f944919ae","value":{"ELEMENT":"00000000-0000-066c-ffff-ffff00000020","element-6066-11e4-a52e-4f735466cecf":"00000000-0000-066c-ffff-ffff00000020"}}
&amp#27;[38;5;41m[f2521489]&amp#27;[0m&amp#27;[38;5;-86m[AndroidUiautomator2Driver@5d66]&amp#27;[0m Responding to client with driver.findElement() result: {"element-6066-11e4-a52e-4f735466cecf":"00000000-0000-066c-ffff-ffff00000020","ELEMENT":"00000000-0000-066c-ffff-ffff00000020"}
&amp#27;[38;5;41m[f2521489]&amp#27;[0m&amp#27;[38;5;86m[HTTP]&amp#27;[0m &amp#27;[37m<-- POST /session/f2521489-7dea-4c71-95c1-f9cf0b890464/element &amp#27;[39m&amp#27;[32m200&amp#27;[39m &amp#27;[90m40 ms - 137&amp#27;[39m &amp#27;[90m&amp#27;[39m
&amp#27;[38;5;41m[f2521489]&amp#27;[0m&amp#27;[38;5;86m[HTTP]&amp#27;[0m &amp#27;[37m-->&amp#27;[39m &amp#27;[37mPOST&amp#27;[39m &amp#27;[37m/session/f2521489-7dea-4c71-95c1-f9cf0b890464/element/00000000-0000-066c-ffff-ffff00000020/click&amp#27;[39m &amp#27;[90m{"id":"00000000-0000-066c-ffff-ffff00000020"}&amp#27;[39m
&amp#27;[38;5;41m[f2521489]&amp#27;[0m&amp#27;[38;5;-86m[AndroidUiautomator2Driver@5d66]&amp#27;[0m Calling AppiumDriver.click() with args: ["00000000-0000-066c-ffff-ffff00000020","f2521489-7dea-4c71-95c1-f9cf0b890464"]
&amp#27;[38;5;41m[f2521489]&amp#27;[0m&amp#27;[38;5;-86m[AndroidUiautomator2Driver@5d66]&amp#27;[0m Matched '/element/00000000-0000-066c-ffff-ffff00000020/click' to command name 'click'
&amp#27;[38;5;41m[f2521489]&amp#27;[0m&amp#27;[38;5;-86m[AndroidUiautomator2Driver@5d66]&amp#27;[0m Proxying [POST /element/00000000-0000-066c-ffff-ffff00000020/click] to [POST http://127.0.0.1:8202/session/c68f0a86-3d15-4b5d-9c89-5b7f944919ae/element/00000000-0000-066c-ffff-ffff00000020/click] with body: {"element":"00000000-0000-066c-ffff-ffff00000020"}
&amp#27;[38;5;41m[f2521489]&amp#27;[0m&amp#27;[38;5;-86m[AndroidUiautomator2Driver@5d66]&amp#27;[0m Got response with status 200: {"sessionId":"c68f0a86-3d15-4b5d-9c89-5b7f944919ae","value":null}
&amp#27;[38;5;41m[f2521489]&amp#27;[0m&amp#27;[38;5;-86m[AndroidUiautomator2Driver@5d66]&amp#27;[0m Responding to client with driver.click() result: null
&amp#27;[38;5;41m[f2521489]&amp#27;[0m&amp#27;[38;5;86m[HTTP]&amp#27;[0m &amp#27;[37m<-- POST /session/f2521489-7dea-4c71-95c1-f9cf0b890464/element/00000000-0000-066c-ffff-ffff00000020/click &amp#27;[39m&amp#27;[32m200&amp#27;[39m &amp#27;[90m69 ms - 14&amp#27;[39m &amp#27;[90m&amp#27;[39m
&amp#27;[38;5;41m[f2521489]&amp#27;[0m&amp#27;[38;5;86m[HTTP]&amp#27;[0m &amp#27;[37m-->&amp#27;[39m &amp#27;[37mGET&amp#27;[39m &amp#27;[37m/session/f2521489-7dea-4c71-95c1-f9cf0b890464/screenshot&amp#27;[39m &amp#27;[90m{}&amp#27;[39m
&amp#27;[38;5;41m[f2521489]&amp#27;[0m&amp#27;[38;5;-86m[AndroidUiautomator2Driver@5d66]&amp#27;[0m Calling AppiumDriver.getScreenshot() with args: ["f2521489-7dea-4c71-95c1-f9cf0b890464"]
&amp#27;[38;5;41m[f2521489]&amp#27;[0m&amp#27;[38;5;-86m[AndroidUiautomator2Driver@5d66]&amp#27;[0m Matched '/screenshot' to command name 'getScreenshot'
&amp#27;[38;5;41m[f2521489]&amp#27;[0m&amp#27;[38;5;-86m[AndroidUiautomator2Driver@5d66]&amp#27;[0m Proxying [GET /screenshot] to [GET http://127.0.0.1:8202/session/c68f0a86-3d15-4b5d-9c89-5b7f944919ae/screenshot] with no body
&amp#27;[38;5;41m[f2521489]&amp#27;[0m&amp#27;[38;5;-86m[AndroidUiautomator2Driver@5d66]&amp#27;[0m Got response with status 200: {"sessionId":"c68f0a86-3d15-4b5d-9c89-5b7f944919ae","value":"iVBORw0KGgoAAAANSUhEUgAABDgAAAjoCAYAAAA5jhrUAAAAAXNSR0IArs4c6QAAAARzQklUCAgICHwIZIgAACAASURBVHic7N13nB9Vvf/x9zkz391N2VSSAAkJJYQivYOolIsUKQqogIJYrleKXhUbYEexYcWCAv7gKsVGU0TgCihFEbiI9CqEUEJ63fL9zjm/P2bmW3bnu/27u5N9PXmE5DvlzDnTz2fOnDFTHzvFCwAAAAAAIMfsSGcAAAAAAABgsAhwAAAAAACA3CPAAQAAAAAAco8ABwAAAAAAyD0CHAAAAAAAIPcIcAAAAAAAgNwjwAEAAAAAAHKPAAcAAAAAAMg9AhwAAAAAACD3CHAAAAAAAIDcI8ABAAAAAAByjwAHAAAAAADIPQIcAAAAAAAg9whwAAAAAACA3CPAAQAAAAAAco8ABwAAAAAAyD0CHAAAAAAAIPcIcAAAAAAAgNwjwAEAAAAAAHKPAAcAAAAAAMg9AhwAAAAAACD3CHAAAAAAAIDcI8ABAAAAAAByjwAHAAAAAADIPQIcAAAAAAAg98KRzgAwGhgZmfRvE/9bkrwk773i/5T8P7/GSjkBAAAAjD0EODBmGRmFxmqrpo115WYf0+aFGT1O/3xxiU588bt6rvNVlbzLTRBgrJQTAAAA6IvJwXjt0DxXO7bM1WQ7Xju0zNXkYEJ5/KponR5pX6hVbr0ebl+oRzoWalW0fkTyuv/4bXXDvLP7NO3RL3xNd61/osE5Gt0IcGBMarXj9PmZb9epUw9U0Mc3tTYvzNDftjxfkZwuX3GHvvTar7XGtTU4p4MzVsoJAAAA9GRuYSMd0bqbjmjdXfuP37bX6d/SunvN77vWP6E/rnlAf1zzf1pYXNqobGKQzNTHTuHxLMaM0AQ6bdqh+uLMd6jygsbAeHl96bXf6MfL/6SSj4Yoh0NjrJQTAAAA6Mn+47fV...
&amp#27;[38;5;41m[f2521489]&amp#27;[0m&amp#27;[38;5;-86m[AndroidUiautomator2Driver@5d66]&amp#27;[0m Responding to client with driver.getScreenshot() result: "iVBORw0KGgoAAAANSUhEUgAABDgAAAjoCAYAAAA5jhrUAAAAAXNSR0IArs4c6QAAAARzQklUCAgICHwIZIgAACAASURBVHic7N13nB9Vvf/x9zkz391N2VSSAAkJJYQivYOolIsUKQqogIJYrleKXhUbYEexYcWCAv7gKsVGU0TgCihFEbiI9CqEUEJ63fL9zjm/P2bmW3bnu/27u5N9PXmE5DvlzDnTz2fOnDFTHzvFCwAAAAAAIMfsSGcAAAAAAABgsAhwAAAAAACA3CPAAQAAAAAAco8ABwAAAAAAyD0CHAAAAAAAIPcIcAAAAAAAgNwjwAEAAAAAAHKPAAcAAAAAAMg9AhwAAAAAACD3CHAAAAAAAIDcI8ABAAAAAAByjwAHAAAAAADIPQIcAAAAAAAg9whwAAAAAACA3CPAAQAAAAAAco8ABwAAAAAAyD0CHAAAAAAAIPcIcAAAAAAAgNwjwAEAAAAAAHKPAAcAAAAAAMg9AhwAAAAAACD3CHAAAAAAAIDcI8ABAAAAAAByjwAHAAAAAADIPQIcAAAAAAAg98KRzgAwGhgZmfRvE/9bkrwk773i/5T8P7/GSjkBAAAAjD0EODBmGRmFxmqrpo115WYf0+aFGT1O/3xxiU588bt6rvNVlbzLTRBgrJQTAAAA6IvJwXjt0DxXO7bM1WQ7Xju0zNXkYEJ5/KponR5pX6hVbr0ebl+oRzoWalW0fkTyuv/4bXXDvLP7NO3RL3xNd61/osE5Gt0IcGBMarXj9PmZb9epUw9U0Mc3tTYvzNDftjxfkZwuX3GHvvTar7XGtTU4p4MzVsoJAAAA9GRuYSMd0bqbjmjdXfuP37bX6d/SunvN77vWP6E/rnlAf1zzf1pYXNqobGKQzNTHTuHxLMaM0AQ6bdqh+uLMd6jygsbAeHl96bXf6MfL/6SSj4Yoh0NjrJQTAAAA6Mn+47fVf017c7eAxWDcuOYB/XT5LcPSWoIWHP1DgANjgpFRq23R7Vt8WVs0zRzStP/d...
&amp#27;[38;5;41m[f2521489]&amp#27;[0m&amp#27;[38;5;86m[HTTP]&amp#27;[0m &amp#27;[37m<-- GET /session/f2521489-7dea-4c71-95c1-f9cf0b890464/screenshot &amp#27;[39m&amp#27;[32m200&amp#27;[39m &amp#27;[90m1047 ms - 600520&amp#27;[39m &amp#27;[90m&amp#27;[39m
&amp#27;[38;5;41m[f2521489]&amp#27;[0m&amp#27;[38;5;86m[HTTP]&amp#27;[0m &amp#27;[37m-->&amp#27;[39m &amp#27;[37mPOST&amp#27;[39m &amp#27;[37m/session/f2521489-7dea-4c71-95c1-f9cf0b890464/element&amp#27;[39m &amp#27;[90m{"using":"id","value":"android:id/text1"}&amp#27;[39m
&amp#27;[38;5;41m[f2521489]&amp#27;[0m&amp#27;[38;5;-86m[AndroidUiautomator2Driver@5d66]&amp#27;[0m Calling AppiumDriver.findElement() with args: ["id","android:id/text1","f2521489-7dea-4c71-95c1-f9cf0b890464"]
&amp#27;[38;5;41m[f2521489]&amp#27;[0m&amp#27;[38;5;-86m[AndroidUiautomator2Driver@5d66]&amp#27;[0m Valid locator strategies for this request: xpath, id, class name, accessibility id, css selector, -android uiautomator
&amp#27;[38;5;41m[f2521489]&amp#27;[0m&amp#27;[38;5;-86m[AndroidUiautomator2Driver@5d66]&amp#27;[0m Waiting up to 0 ms for condition
&amp#27;[38;5;41m[f2521489]&amp#27;[0m&amp#27;[38;5;-86m[AndroidUiautomator2Driver@5d66]&amp#27;[0m Matched '/element' to command name 'findElement'
&amp#27;[38;5;41m[f2521489]&amp#27;[0m&amp#27;[38;5;-86m[AndroidUiautomator2Driver@5d66]&amp#27;[0m Proxying [POST /element] to [POST http://127.0.0.1:8202/session/c68f0a86-3d15-4b5d-9c89-5b7f944919ae/element] with body: {"strategy":"id","selector":"android:id/text1","context":"","multiple":false}
&amp#27;[38;5;41m[f2521489]&amp#27;[0m&amp#27;[38;5;-86m[AndroidUiautomator2Driver@5d66]&amp#27;[0m Got response with status 200: {"sessionId":"c68f0a86-3d15-4b5d-9c89-5b7f944919ae","value":{"ELEMENT":"00000000-0000-066c-ffff-ffff00000024","element-6066-11e4-a52e-4f735466cecf":"00000000-0000-066c-ffff-ffff00000024"}}
&amp#27;[38;5;41m[f2521489]&amp#27;[0m&amp#27;[38;5;-86m[AndroidUiautomator2Driver@5d66]&amp#27;[0m Responding to client with driver.findElement() result: {"element-6066-11e4-a52e-4f735466cecf":"00000000-0000-066c-ffff-ffff00000024","ELEMENT":"00000000-0000-066c-ffff-ffff00000024"}
&amp#27;[38;5;41m[f2521489]&amp#27;[0m&amp#27;[38;5;86m[HTTP]&amp#27;[0m &amp#27;[37m<-- POST /session/f2521489-7dea-4c71-95c1-f9cf0b890464/element &amp#27;[39m&amp#27;[32m200&amp#27;[39m &amp#27;[90m35 ms - 137&amp#27;[39m &amp#27;[90m&amp#27;[39m
&amp#27;[38;5;41m[f2521489]&amp#27;[0m&amp#27;[38;5;86m[HTTP]&amp#27;[0m &amp#27;[37m-->&amp#27;[39m &amp#27;[37mPOST&amp#27;[39m &amp#27;[37m/session/f2521489-7dea-4c71-95c1-f9cf0b890464/element/00000000-0000-066c-ffff-ffff00000024/click&amp#27;[39m &amp#27;[90m{"id":"00000000-0000-066c-ffff-ffff00000024"}&amp#27;[39m
&amp#27;[38;5;41m[f2521489]&amp#27;[0m&amp#27;[38;5;-86m[AndroidUiautomator2Driver@5d66]&amp#27;[0m Calling AppiumDriver.click() with args: ["00000000-0000-066c-ffff-ffff00000024","f2521489-7dea-4c71-95c1-f9cf0b890464"]
&amp#27;[38;5;41m[f2521489]&amp#27;[0m&amp#27;[38;5;-86m[AndroidUiautomator2Driver@5d66]&amp#27;[0m Matched '/element/00000000-0000-066c-ffff-ffff00000024/click' to command name 'click'
&amp#27;[38;5;41m[f2521489]&amp#27;[0m&amp#27;[38;5;-86m[AndroidUiautomator2Driver@5d66]&amp#27;[0m Proxying [POST /element/00000000-0000-066c-ffff-ffff00000024/click] to [POST http://127.0.0.1:8202/session/c68f0a86-3d15-4b5d-9c89-5b7f944919ae/element/00000000-0000-066c-ffff-ffff00000024/click] with body: {"element":"00000000-0000-066c-ffff-ffff00000024"}
&amp#27;[38;5;41m[f2521489]&amp#27;[0m&amp#27;[38;5;-86m[AndroidUiautomator2Driver@5d66]&amp#27;[0m Got response with status 200: {"sessionId":"c68f0a86-3d15-4b5d-9c89-5b7f944919ae","value":null}
&amp#27;[38;5;41m[f2521489]&amp#27;[0m&amp#27;[38;5;-86m[AndroidUiautomator2Driver@5d66]&amp#27;[0m Responding to client with driver.click() result: null
&amp#27;[38;5;41m[f2521489]&amp#27;[0m&amp#27;[38;5;86m[HTTP]&amp#27;[0m &amp#27;[37m<-- POST /session/f2521489-7dea-4c71-95c1-f9cf0b890464/element/00000000-0000-066c-ffff-ffff00000024/click &amp#27;[39m&amp#27;[32m200&amp#27;[39m &amp#27;[90m59 ms - 14&amp#27;[39m &amp#27;[90m&amp#27;[39m
&amp#27;[38;5;41m[f2521489]&amp#27;[0m&amp#27;[38;5;86m[HTTP]&amp#27;[0m &amp#27;[37m-->&amp#27;[39m &amp#27;[37mGET&amp#27;[39m &amp#27;[37m/session/f2521489-7dea-4c71-95c1-f9cf0b890464/screenshot&amp#27;[39m &amp#27;[90m{}&amp#27;[39m
&amp#27;[38;5;41m[f2521489]&amp#27;[0m&amp#27;[38;5;-86m[AndroidUiautomator2Driver@5d66]&amp#27;[0m Calling AppiumDriver.getScreenshot() with args: ["f2521489-7dea-4c71-95c1-f9cf0b890464"]
&amp#27;[38;5;41m[f2521489]&amp#27;[0m&amp#27;[38;5;-86m[AndroidUiautomator2Driver@5d66]&amp#27;[0m Matched '/screenshot' to command name 'getScreenshot'
&amp#27;[38;5;41m[f2521489]&amp#27;[0m&amp#27;[38;5;-86m[AndroidUiautomator2Driver@5d66]&amp#27;[0m Proxying [GET /screenshot] to [GET http://127.0.0.1:8202/session/c68f0a86-3d15-4b5d-9c89-5b7f944919ae/screenshot] with no body
&amp#27;[38;5;219m[f88ada09]&amp#27;[0m&amp#27;[38;5;10m[AndroidUiautomator2Driver@bd8a]&amp#27;[0m Got response with status 200: {"sessionId":"48a0eda4-27b6-49a1-9c79-91add70a7505","value":{"ELEMENT":"00000000-0000-119b-ffff-ffff00000029","element-6066-11e4-a52e-4f735466cecf":"00000000-0000-119b-ffff-ffff00000029"}}
&amp#27;[38;5;219m[f88ada09]&amp#27;[0m&amp#27;[38;5;10m[AndroidUiautomator2Driver@bd8a]&amp#27;[0m Responding to client with driver.findElement() result: {"element-6066-11e4-a52e-4f735466cecf":"00000000-0000-119b-ffff-ffff00000029","ELEMENT":"00000000-0000-119b-ffff-ffff00000029"}
&amp#27;[38;5;219m[f88ada09]&amp#27;[0m&amp#27;[38;5;86m[HTTP]&amp#27;[0m &amp#27;[37m<-- POST /session/f88ada09-095f-4431-9d43-7f8210639409/element &amp#27;[39m&amp#27;[32m200&amp#27;[39m &amp#27;[90m3914 ms - 137&amp#27;[39m &amp#27;[90m&amp#27;[39m
&amp#27;[38;5;219m[f88ada09]&amp#27;[0m&amp#27;[38;5;86m[HTTP]&amp#27;[0m &amp#27;[37m-->&amp#27;[39m &amp#27;[37mPOST&amp#27;[39m &amp#27;[37m/session/f88ada09-095f-4431-9d43-7f8210639409/element&amp#27;[39m &amp#27;[90m{"using":"xpath","value":"//android.widget.TextView[@text='Argentina']"}&amp#27;[39m
&amp#27;[38;5;219m[f88ada09]&amp#27;[0m&amp#27;[38;5;10m[AndroidUiautomator2Driver@bd8a]&amp#27;[0m Calling AppiumDriver.findElement() with args: ["xpath","//android.widget.TextView[@text='Argentina']","f88ada09-095f-4431-9d43-7f8210639409"]
&amp#27;[38;5;219m[f88ada09]&amp#27;[0m&amp#27;[38;5;10m[AndroidUiautomator2Driver@bd8a]&amp#27;[0m Valid locator strategies for this request: xpath, id, class name, accessibility id, css selector, -android uiautomator
&amp#27;[38;5;219m[f88ada09]&amp#27;[0m&amp#27;[38;5;10m[AndroidUiautomator2Driver@bd8a]&amp#27;[0m Waiting up to 0 ms for condition
&amp#27;[38;5;219m[f88ada09]&amp#27;[0m&amp#27;[38;5;10m[AndroidUiautomator2Driver@bd8a]&amp#27;[0m Matched '/element' to command name 'findElement'
&amp#27;[38;5;219m[f88ada09]&amp#27;[0m&amp#27;[38;5;10m[AndroidUiautomator2Driver@bd8a]&amp#27;[0m Proxying [POST /element] to [POST http://127.0.0.1:8201/session/48a0eda4-27b6-49a1-9c79-91add70a7505/element] with body: {"strategy":"xpath","selector":"//android.widget.TextView[@text='Argentina']","context":"","multiple":false}
&amp#27;[38;5;219m[f88ada09]&amp#27;[0m&amp#27;[38;5;10m[AndroidUiautomator2Driver@bd8a]&amp#27;[0m Got response with status 200: {"sessionId":"48a0eda4-27b6-49a1-9c79-91add70a7505","value":{"ELEMENT":"00000000-0000-119b-ffff-ffff00000029","element-6066-11e4-a52e-4f735466cecf":"00000000-0000-119b-ffff-ffff00000029"}}
&amp#27;[38;5;219m[f88ada09]&amp#27;[0m&amp#27;[38;5;10m[AndroidUiautomator2Driver@bd8a]&amp#27;[0m Responding to client with driver.findElement() result: {"element-6066-11e4-a52e-4f735466cecf":"00000000-0000-119b-ffff-ffff00000029","ELEMENT":"00000000-0000-119b-ffff-ffff00000029"}
&amp#27;[38;5;219m[f88ada09]&amp#27;[0m&amp#27;[38;5;86m[HTTP]&amp#27;[0m &amp#27;[37m<-- POST /session/f88ada09-095f-4431-9d43-7f8210639409/element &amp#27;[39m&amp#27;[32m200&amp#27;[39m &amp#27;[90m233 ms - 137&amp#27;[39m &amp#27;[90m&amp#27;[39m
&amp#27;[38;5;219m[f88ada09]&amp#27;[0m&amp#27;[38;5;86m[HTTP]&amp#27;[0m &amp#27;[37m-->&amp#27;[39m &amp#27;[37mPOST&amp#27;[39m &amp#27;[37m/session/f88ada09-095f-4431-9d43-7f8210639409/element/00000000-0000-119b-ffff-ffff00000029/click&amp#27;[39m &amp#27;[90m{"id":"00000000-0000-119b-ffff-ffff00000029"}&amp#27;[39m
&amp#27;[38;5;219m[f88ada09]&amp#27;[0m&amp#27;[38;5;10m[AndroidUiautomator2Driver@bd8a]&amp#27;[0m Calling AppiumDriver.click() with args: ["00000000-0000-119b-ffff-ffff00000029","f88ada09-095f-4431-9d43-7f8210639409"]
&amp#27;[38;5;219m[f88ada09]&amp#27;[0m&amp#27;[38;5;10m[AndroidUiautomator2Driver@bd8a]&amp#27;[0m Matched '/element/00000000-0000-119b-ffff-ffff00000029/click' to command name 'click'
&amp#27;[38;5;219m[f88ada09]&amp#27;[0m&amp#27;[38;5;10m[AndroidUiautomator2Driver@bd8a]&amp#27;[0m Proxying [POST /element/00000000-0000-119b-ffff-ffff00000029/click] to [POST http://127.0.0.1:8201/session/48a0eda4-27b6-49a1-9c79-91add70a7505/element/00000000-0000-119b-ffff-ffff00000029/click] with body: {"element":"00000000-0000-119b-ffff-ffff00000029"}
&amp#27;[38;5;219m[f88ada09]&amp#27;[0m&amp#27;[38;5;10m[AndroidUiautomator2Driver@bd8a]&amp#27;[0m Got response with status 200: {"sessionId":"48a0eda4-27b6-49a1-9c79-91add70a7505","value":null}
&amp#27;[38;5;219m[f88ada09]&amp#27;[0m&amp#27;[38;5;10m[AndroidUiautomator2Driver@bd8a]&amp#27;[0m Responding to client with driver.click() result: null
&amp#27;[38;5;219m[f88ada09]&amp#27;[0m&amp#27;[38;5;86m[HTTP]&amp#27;[0m &amp#27;[37m<-- POST /session/f88ada09-095f-4431-9d43-7f8210639409/element/00000000-0000-119b-ffff-ffff00000029/click &amp#27;[39m&amp#27;[32m200&amp#27;[39m &amp#27;[90m657 ms - 14&amp#27;[39m &amp#27;[90m&amp#27;[39m
&amp#27;[38;5;219m[f88ada09]&amp#27;[0m&amp#27;[38;5;86m[HTTP]&amp#27;[0m &amp#27;[37m-->&amp#27;[39m &amp#27;[37mGET&amp#27;[39m &amp#27;[37m/session/f88ada09-095f-4431-9d43-7f8210639409/screenshot&amp#27;[39m &amp#27;[90m{}&amp#27;[39m
&amp#27;[38;5;219m[f88ada09]&amp#27;[0m&amp#27;[38;5;10m[AndroidUiautomator2Driver@bd8a]&amp#27;[0m Calling AppiumDriver.getScreenshot() with args: ["f88ada09-095f-4431-9d43-7f8210639409"]
&amp#27;[38;5;219m[f88ada09]&amp#27;[0m&amp#27;[38;5;10m[AndroidUiautomator2Driver@bd8a]&amp#27;[0m Matched '/screenshot' to command name 'getScreenshot'
&amp#27;[38;5;219m[f88ada09]&amp#27;[0m&amp#27;[38;5;10m[AndroidUiautomator2Driver@bd8a]&amp#27;[0m Proxying [GET /screenshot] to [GET http://127.0.0.1:8201/session/48a0eda4-27b6-49a1-9c79-91add70a7505/screenshot] with no body
&amp#27;[38;5;41m[f2521489]&amp#27;[0m&amp#27;[38;5;-86m[AndroidUiautomator2Driver@5d66]&amp#27;[0m Got response with status 200: {"sessionId":"c68f0a86-3d15-4b5d-9c89-5b7f944919ae","value":"iVBORw0KGgoAAAANSUhEUgAABDgAAAjoCAYAAAA5jhrUAAAAAXNSR0IArs4c6QAAAARzQklUCAgICHwIZIgAACAASURBVHic7N13nB9Vvf/x9zkz391N2VSSAAkJJYQivYOolIsUKQqogIJYrleKXhUbYEexYcWCAv7gKsVGU0TgCihFEbiI9CqEUEJ63fL9zjm/P2bmW3bnu/27u5N9PXmE5DvlzDnTz2fOnDFTHzvFCwAAAAAAIMfsSGcAAAAAAABgsAhwAAAAAACA3CPAAQAAAAAAco8ABwAAAAAAyD0CHAAAAAAAIPcIcAAAAAAAgNwjwAEAAAAAAHKPAAcAAAAAAMg9AhwAAAAAACD3CHAAAAAAAIDcI8ABAAAAAAByjwAHAAAAAADIPQIcAAAAAAAg9whwAAAAAACA3CPAAQAAAAAAco8ABwAAAAAAyD0CHAAAAAAAIPcIcAAAAAAAgNwjwAEAAAAAAHKPAAcAAAAAAMg9AhwAAAAAACD3CHAAAAAAAIDcI8ABAAAAAAByjwAHAAAAAADIPQIcAAAAAAAg98KRzgAwGhgZmfRvE/9bkrwk773i/5T8P7/GSjkBAAAAjD0EODBmGRmFxmqrpo115WYf0+aFGT1O/3xxiU588bt6rvNVlbzLTRBgrJQTAAAA6IvJwXjt0DxXO7bM1WQ7Xju0zNXkYEJ5/KponR5pX6hVbr0ebl+oRzoWalW0fkTyuv/4bXXDvLP7NO3RL3xNd61/osE5Gt0IcGBMarXj9PmZb9epUw9U0Mc3tTYvzNDftjxfkZwuX3GHvvTar7XGtTU4p4MzVsoJAAAA9GRuYSMd0bqbjmjdXfuP37bX6d/SunvN77vWP6E/rnlAf1zzf1pYXNqobGKQzNTHTuHxLMaM0AQ6bdqh+uLMd6jygsbAeHl96bXf6MfL/6SSj4Yoh0NjrJQTAAAA6Mn+47fV...
&amp#27;[38;5;41m[f2521489]&amp#27;[0m&amp#27;[38;5;-86m[AndroidUiautomator2Driver@5d66]&amp#27;[0m Responding to client with driver.getScreenshot() result: "iVBORw0KGgoAAAANSUhEUgAABDgAAAjoCAYAAAA5jhrUAAAAAXNSR0IArs4c6QAAAARzQklUCAgICHwIZIgAACAASURBVHic7N13nB9Vvf/x9zkz391N2VSSAAkJJYQivYOolIsUKQqogIJYrleKXhUbYEexYcWCAv7gKsVGU0TgCihFEbiI9CqEUEJ63fL9zjm/P2bmW3bnu/27u5N9PXmE5DvlzDnTz2fOnDFTHzvFCwAAAAAAIMfsSGcAAAAAAABgsAhwAAAAAACA3CPAAQAAAAAAco8ABwAAAAAAyD0CHAAAAAAAIPcIcAAAAAAAgNwjwAEAAAAAAHKPAAcAAAAAAMg9AhwAAAAAACD3CHAAAAAAAIDcI8ABAAAAAAByjwAHAAAAAADIPQIcAAAAAAAg9whwAAAAAACA3CPAAQAAAAAAco8ABwAAAAAAyD0CHAAAAAAAIPcIcAAAAAAAgNwjwAEAAAAAAHKPAAcAAAAAAMg9AhwAAAAAACD3CHAAAAAAAIDcI8ABAAAAAAByjwAHAAAAAADIPQIcAAAAAAAg98KRzgAwGhgZmfRvE/9bkrwk773i/5T8P7/GSjkBAAAAjD0EODBmGRmFxmqrpo115WYf0+aFGT1O/3xxiU588bt6rvNVlbzLTRBgrJQTAAAA6IvJwXjt0DxXO7bM1WQ7Xju0zNXkYEJ5/KponR5pX6hVbr0ebl+oRzoWalW0fkTyuv/4bXXDvLP7NO3RL3xNd61/osE5Gt0IcGBMarXj9PmZb9epUw9U0Mc3tTYvzNDftjxfkZwuX3GHvvTar7XGtTU4p4MzVsoJAAAA9GRuYSMd0bqbjmjdXfuP37bX6d/SunvN77vWP6E/rnlAf1zzf1pYXNqobGKQzNTHTuHxLMaM0AQ6bdqh+uLMd6jygsbAeHl96bXf6MfL/6SSj4Yoh0NjrJQTAAAA6Mn+47fVf017c7eAxWDcuOYB/XT5LcPSWoIWHP1DgANjgpFRq23R7Vt8WVs0zRzStP/d...
&amp#27;[38;5;41m[f2521489]&amp#27;[0m&amp#27;[38;5;86m[HTTP]&amp#27;[0m &amp#27;[37m<-- GET /session/f2521489-7dea-4c71-95c1-f9cf0b890464/screenshot &amp#27;[39m&amp#27;[32m200&amp#27;[39m &amp#27;[90m1063 ms - 616420&amp#27;[39m &amp#27;[90m&amp#27;[39m
&amp#27;[38;5;41m[f2521489]&amp#27;[0m&amp#27;[38;5;86m[HTTP]&amp#27;[0m &amp#27;[37m-->&amp#27;[39m &amp#27;[37mPOST&amp#27;[39m &amp#27;[37m/session/f2521489-7dea-4c71-95c1-f9cf0b890464/element&amp#27;[39m &amp#27;[90m{"using":"-android uiautomator","value":"new UiScrollable(new UiSelector()).scrollIntoView(text(\"Argentina\"));"}&amp#27;[39m
&amp#27;[38;5;41m[f2521489]&amp#27;[0m&amp#27;[38;5;-86m[AndroidUiautomator2Driver@5d66]&amp#27;[0m Calling AppiumDriver.findElement() with args: ["-android uiautomator","new UiScrollable(new UiSelector()).scrollIntoView(text(\"Argentina\"));","f2521489-7dea-4c71-95c1-f9cf0b890464"]
&amp#27;[38;5;41m[f2521489]&amp#27;[0m&amp#27;[38;5;-86m[AndroidUiautomator2Driver@5d66]&amp#27;[0m Valid locator strategies for this request: xpath, id, class name, accessibility id, css selector, -android uiautomator
&amp#27;[38;5;41m[f2521489]&amp#27;[0m&amp#27;[38;5;-86m[AndroidUiautomator2Driver@5d66]&amp#27;[0m Waiting up to 0 ms for condition
&amp#27;[38;5;41m[f2521489]&amp#27;[0m&amp#27;[38;5;-86m[AndroidUiautomator2Driver@5d66]&amp#27;[0m Matched '/element' to command name 'findElement'
&amp#27;[38;5;41m[f2521489]&amp#27;[0m&amp#27;[38;5;-86m[AndroidUiautomator2Driver@5d66]&amp#27;[0m Proxying [POST /element] to [POST http://127.0.0.1:8202/session/c68f0a86-3d15-4b5d-9c89-5b7f944919ae/element] with body: {"strategy":"-android uiautomator","selector":"new UiScrollable(new UiSelector()).scrollIntoView(text(\"Argentina\"));","context":"","multiple":false}
&amp#27;[38;5;219m[f88ada09]&amp#27;[0m&amp#27;[38;5;10m[AndroidUiautomator2Driver@bd8a]&amp#27;[0m Got response with status 200: {"sessionId":"48a0eda4-27b6-49a1-9c79-91add70a7505","value":"iVBORw0KGgoAAAANSUhEUgAABDgAAAlgCAYAAABtGofVAAAAAXNSR0IArs4c6QAAAARzQklUCAgICHwIZIgAACAASURBVHic7N13nFTV3T/wz7n3Tt3eC21pS0c6CIhgwVgQjDUWjCVKLFEToyn+Hkv0ibE8URONxmhijF1RARVRohGVLiC9l2XZ3svszNzy+4Pdze7O3NmZ2Tqzn7evvAJz7px79jKXF/cz53yPSNq12AARERERERERUQSTenoAREREREREREQdxYCDiIiIiIiIiCIeAw4iIiIiIiIiingMOIiIiIiIiIgo4jHgICIiIiIiIqKIx4CDiIiIiIiIiCIeAw4iIiIiIiIiingMOIiIiIiIiIgo4jHgICIiIiIiIqKIx4CDiIiIiIiIiCIeAw4iIiIiIiIiingMOIiIiIiIiIgo4jHgICIiIiIiIqKIx4CDiIiIiIiIiCIeAw4iIiIiIiIiingMOIiIiIiIiIgo4jHgICIiIiIiIqKIx4CDiIiIiIiIiCIeAw4iIiIiIiIiingMOIiIiIiIiIgo4jHgICIiIiIiIqKIx4CDiIiIiIiIiCIeAw4iIiIiIiIiingMOIiIiIiIiIgo4jHgICIiIiIiIqKIx4CDiIiIiIiIiCIeAw4iIiIiIiIiingMOIiIiIiIiIgo4jHgICIiIiIiIqKIp/T0AIiIiIiIiIh6EwGBVCUOMxy5GG3rj2xLMrKUJGQqiXBItm4Zg0t3o0CtQKFaiRPecuxyH8c61z6UqjUwYHTLGCINAw4iIiIiIiLq0wQEYiQbcqzpmB97Ck5zjsJoW38oogcfmeVY9LOktHpJNVTsdOdhTd1urKrdhiPeEtTrbgYejUTSrsW8EkRERERERNTnCAjESXbk2rJxftxkLIyfhgTJ2dPDCkqFVov3q9djVe027HXno0Zv6PNBBwMOIiIiIiIi6nMkCAy0...
&amp#27;[38;5;219m[f88ada09]&amp#27;[0m&amp#27;[38;5;10m[AndroidUiautomator2Driver@bd8a]&amp#27;[0m Responding to client with driver.getScreenshot() result: "iVBORw0KGgoAAAANSUhEUgAABDgAAAlgCAYAAABtGofVAAAAAXNSR0IArs4c6QAAAARzQklUCAgICHwIZIgAACAASURBVHic7N13nFTV3T/wz7n3Tt3eC21pS0c6CIhgwVgQjDUWjCVKLFEToyn+Hkv0ibE8URONxmhijF1RARVRohGVLiC9l2XZ3svszNzy+4Pdze7O3NmZ2Tqzn7evvAJz7px79jKXF/cz53yPSNq12AARERERERERUQSTenoAREREREREREQdxYCDiIiIiIiIiCIeAw4iIiIiIiIiingMOIiIiIiIiIgo4jHgICIiIiIiIqKIx4CDiIiIiIiIiCIeAw4iIiIiIiIiingMOIiIiIiIiIgo4jHgICIiIiIiIqKIx4CDiIiIiIiIiCIeAw4iIiIiIiIiingMOIiIiIiIiIgo4jHgICIiIiIiIqKIx4CDiIiIiIiIiCIeAw4iIiIiIiIiingMOIiIiIiIiIgo4jHgICIiIiIiIqKIx4CDiIiIiIiIiCIeAw4iIiIiIiIiingMOIiIiIiIiIgo4jHgICIiIiIiIqKIx4CDiIiIiIiIiCIeAw4iIiIiIiIiingMOIiIiIiIiIgo4jHgICIiIiIiIqKIx4CDiIiIiIiIiCIeAw4iIiIiIiIiingMOIiIiIiIiIgo4jHgICIiIiIiIqKIp/T0AIiIiIiIiIh6EwGBVCUOMxy5GG3rj2xLMrKUJGQqiXBItm4Zg0t3o0CtQKFaiRPecuxyH8c61z6UqjUwYHTLGCINAw4iIiIiIiLq0wQEYiQbcqzpmB97Ck5zjsJoW38oogcfmeVY9LOktHpJNVTsdOdhTd1urKrdhiPeEtTrbgYejUTSrsW8EkRERERERNTnCAjESXbk2rJxftxkLIyfhgTJ2dPDCkqFVov3q9djVe027HXno0Zv6PNBBwMOIiIiIiIi6nMkCAy0pOKHCTNwfuxkDLSmQoqwMpU6dBzzlOKj2s14t2ot8rxlfTrkYMBBRERERERE...
&amp#27;[38;5;219m[f88ada09]&amp#27;[0m&amp#27;[38;5;86m[HTTP]&amp#27;[0m &amp#27;[37m<-- GET /session/f88ada09-095f-4431-9d43-7f8210639409/screenshot &amp#27;[39m&amp#27;[32m200&amp#27;[39m &amp#27;[90m564 ms - 683904&amp#27;[39m &amp#27;[90m&amp#27;[39m
&amp#27;[38;5;219m[f88ada09]&amp#27;[0m&amp#27;[38;5;86m[HTTP]&amp#27;[0m &amp#27;[37m-->&amp#27;[39m &amp#27;[37mPOST&amp#27;[39m &amp#27;[37m/session/f88ada09-095f-4431-9d43-7f8210639409/element&amp#27;[39m &amp#27;[90m{"using":"id","value":"com.androidsample.generalstore:id/btnLetsShop"}&amp#27;[39m
&amp#27;[38;5;219m[f88ada09]&amp#27;[0m&amp#27;[38;5;10m[AndroidUiautomator2Driver@bd8a]&amp#27;[0m Calling AppiumDriver.findElement() with args: ["id","com.androidsample.generalstore:id/btnLetsShop","f88ada09-095f-4431-9d43-7f8210639409"]
&amp#27;[38;5;219m[f88ada09]&amp#27;[0m&amp#27;[38;5;10m[AndroidUiautomator2Driver@bd8a]&amp#27;[0m Valid locator strategies for this request: xpath, id, class name, accessibility id, css selector, -android uiautomator
&amp#27;[38;5;219m[f88ada09]&amp#27;[0m&amp#27;[38;5;10m[AndroidUiautomator2Driver@bd8a]&amp#27;[0m Waiting up to 0 ms for condition
&amp#27;[38;5;219m[f88ada09]&amp#27;[0m&amp#27;[38;5;10m[AndroidUiautomator2Driver@bd8a]&amp#27;[0m Matched '/element' to command name 'findElement'
&amp#27;[38;5;219m[f88ada09]&amp#27;[0m&amp#27;[38;5;10m[AndroidUiautomator2Driver@bd8a]&amp#27;[0m Proxying [POST /element] to [POST http://127.0.0.1:8201/session/48a0eda4-27b6-49a1-9c79-91add70a7505/element] with body: {"strategy":"id","selector":"com.androidsample.generalstore:id/btnLetsShop","context":"","multiple":false}
&amp#27;[38;5;219m[f88ada09]&amp#27;[0m&amp#27;[38;5;10m[AndroidUiautomator2Driver@bd8a]&amp#27;[0m Got response with status 200: {"sessionId":"48a0eda4-27b6-49a1-9c79-91add70a7505","value":{"ELEMENT":"00000000-0000-119a-ffff-ffff00000021","element-6066-11e4-a52e-4f735466cecf":"00000000-0000-119a-ffff-ffff00000021"}}
&amp#27;[38;5;219m[f88ada09]&amp#27;[0m&amp#27;[38;5;10m[AndroidUiautomator2Driver@bd8a]&amp#27;[0m Responding to client with driver.findElement() result: {"element-6066-11e4-a52e-4f735466cecf":"00000000-0000-119a-ffff-ffff00000021","ELEMENT":"00000000-0000-119a-ffff-ffff00000021"}
&amp#27;[38;5;219m[f88ada09]&amp#27;[0m&amp#27;[38;5;86m[HTTP]&amp#27;[0m &amp#27;[37m<-- POST /session/f88ada09-095f-4431-9d43-7f8210639409/element &amp#27;[39m&amp#27;[32m200&amp#27;[39m &amp#27;[90m47 ms - 137&amp#27;[39m &amp#27;[90m&amp#27;[39m
&amp#27;[38;5;219m[f88ada09]&amp#27;[0m&amp#27;[38;5;86m[HTTP]&amp#27;[0m &amp#27;[37m-->&amp#27;[39m &amp#27;[37mPOST&amp#27;[39m &amp#27;[37m/session/f88ada09-095f-4431-9d43-7f8210639409/element/00000000-0000-119a-ffff-ffff00000021/click&amp#27;[39m &amp#27;[90m{"id":"00000000-0000-119a-ffff-ffff00000021"}&amp#27;[39m
&amp#27;[38;5;219m[f88ada09]&amp#27;[0m&amp#27;[38;5;10m[AndroidUiautomator2Driver@bd8a]&amp#27;[0m Calling AppiumDriver.click() with args: ["00000000-0000-119a-ffff-ffff00000021","f88ada09-095f-4431-9d43-7f8210639409"]
&amp#27;[38;5;219m[f88ada09]&amp#27;[0m&amp#27;[38;5;10m[AndroidUiautomator2Driver@bd8a]&amp#27;[0m Matched '/element/00000000-0000-119a-ffff-ffff00000021/click' to command name 'click'
&amp#27;[38;5;219m[f88ada09]&amp#27;[0m&amp#27;[38;5;10m[AndroidUiautomator2Driver@bd8a]&amp#27;[0m Proxying [POST /element/00000000-0000-119a-ffff-ffff00000021/click] to [POST http://127.0.0.1:8201/session/48a0eda4-27b6-49a1-9c79-91add70a7505/element/00000000-0000-119a-ffff-ffff00000021/click] with body: {"element":"00000000-0000-119a-ffff-ffff00000021"}
&amp#27;[38;5;219m[f88ada09]&amp#27;[0m&amp#27;[38;5;10m[AndroidUiautomator2Driver@bd8a]&amp#27;[0m Got response with status 200: {"sessionId":"48a0eda4-27b6-49a1-9c79-91add70a7505","value":null}
&amp#27;[38;5;219m[f88ada09]&amp#27;[0m&amp#27;[38;5;10m[AndroidUiautomator2Driver@bd8a]&amp#27;[0m Responding to client with driver.click() result: null
&amp#27;[38;5;219m[f88ada09]&amp#27;[0m&amp#27;[38;5;86m[HTTP]&amp#27;[0m &amp#27;[37m<-- POST /session/f88ada09-095f-4431-9d43-7f8210639409/element/00000000-0000-119a-ffff-ffff00000021/click &amp#27;[39m&amp#27;[32m200&amp#27;[39m &amp#27;[90m83 ms - 14&amp#27;[39m &amp#27;[90m&amp#27;[39m
&amp#27;[38;5;219m[f88ada09]&amp#27;[0m&amp#27;[38;5;86m[HTTP]&amp#27;[0m &amp#27;[37m-->&amp#27;[39m &amp#27;[37mGET&amp#27;[39m &amp#27;[37m/session/f88ada09-095f-4431-9d43-7f8210639409/screenshot&amp#27;[39m &amp#27;[90m{}&amp#27;[39m
&amp#27;[38;5;219m[f88ada09]&amp#27;[0m&amp#27;[38;5;10m[AndroidUiautomator2Driver@bd8a]&amp#27;[0m Calling AppiumDriver.getScreenshot() with args: ["f88ada09-095f-4431-9d43-7f8210639409"]
&amp#27;[38;5;219m[f88ada09]&amp#27;[0m&amp#27;[38;5;10m[AndroidUiautomator2Driver@bd8a]&amp#27;[0m Matched '/screenshot' to command name 'getScreenshot'
&amp#27;[38;5;219m[f88ada09]&amp#27;[0m&amp#27;[38;5;10m[AndroidUiautomator2Driver@bd8a]&amp#27;[0m Proxying [GET /screenshot] to [GET http://127.0.0.1:8201/session/48a0eda4-27b6-49a1-9c79-91add70a7505/screenshot] with no body
&amp#27;[38;5;219m[f88ada09]&amp#27;[0m&amp#27;[38;5;10m[AndroidUiautomator2Driver@bd8a]&amp#27;[0m Got response with status 200: {"sessionId":"48a0eda4-27b6-49a1-9c79-91add70a7505","value":"iVBORw0KGgoAAAANSUhEUgAABDgAAAlgCAYAAABtGofVAAAAAXNSR0IArs4c6QAAAARzQklUCAgICHwIZIgAACAASURBVHic7N13dBzV3T7w587MFq1WvUsuso27DTY2tnEFY9ObQw2YElqAhJAAIeQlBZI3+RECgYS8EEJIIZDYFNsUU4zpzRX33i2rWV1aSbs77feHJaGys9pd1V09n3NyYvbO3Lka7+p4nr33e0XKlsUmiIiIiIiIiIiiTNWkF1v+LPXhOIiIiIiIiIiIugUDDiIiIiIiIiKKegw4iIiIiIiIiCjqMeAgIiIiIiIioqjHgIOIiIiIiIiIoh4DDiIiIiIiIiKKegw4iIiIiIiIiCjqMeAgIiIiIiIioqjHgIOIiIiIiIiIoh4DDiIiIiIiIiKKegw4iIiIiIiIiCjqMeAgIiIiIiIioqjHgIOIiIiIiIiIoh4DDiIiIiIiIiKKegw4iIiIiIiIiCjqMeAgIiIiIiIioqjHgIOIiIiIiIiIoh4DDiIiIiIiIiKKegw4iIiIiIiIiCjqMeAgIiIiIiIioqjHgIOIiIiIiIiIoh4DDiIiIiIiIiKKegw4iIiIiIiIiCjqMeAgIiIiIiIioqjHgIOIiIiIiIiIoh4DDiIiIiIiIiKKegw4iIiIiIiIiCjqMeAgIiIiIiIioqjHgIOIiIiIiIiIop7S1wMgIiIiIiIi6k8EBNKVBMyIH4VxzsHItaUix5aCbFsK4oS9V8bQaPpRrFahRK1CkVqJnd4CrKnfi3KtDibMXhlDtGHAQURERERERAOagEC85EC+PRNnJ07CHPc4jHMOgiLkPh1Xni21zX9rpo4d3gJ85tmJVbWbcdhfhgbDx8CjiUjZsph3goiIiIiIiAYcAYEEOQ6jHLm4IGkKLkmahiTZ1dfDCkmVXo/l1WuwqnYz9viKUKc3Dsigo2rSiy1/5gwO...
&amp#27;[38;5;219m[f88ada09]&amp#27;[0m&amp#27;[38;5;10m[AndroidUiautomator2Driver@bd8a]&amp#27;[0m Responding to client with driver.getScreenshot() result: "iVBORw0KGgoAAAANSUhEUgAABDgAAAlgCAYAAABtGofVAAAAAXNSR0IArs4c6QAAAARzQklUCAgICHwIZIgAACAASURBVHic7N13dBzV3T7w587MFq1WvUsuso27DTY2tnEFY9ObQw2YElqAhJAAIeQlBZI3+RECgYS8EEJIIZDYFNsUU4zpzRX33i2rWV1aSbs77feHJaGys9pd1V09n3NyYvbO3Lka7+p4nr33e0XKlsUmiIiIiIiIiIiiTNWkF1v+LPXhOIiIiIiIiIiIugUDDiIiIiIiIiKKegw4iIiIiIiIiCjqMeAgIiIiIiIioqjHgIOIiIiIiIiIoh4DDiIiIiIiIiKKegw4iIiIiIiIiCjqMeAgIiIiIiIioqjHgIOIiIiIiIiIoh4DDiIiIiIiIiKKegw4iIiIiIiIiCjqMeAgIiIiIiIioqjHgIOIiIiIiIiIoh4DDiIiIiIiIiKKegw4iIiIiIiIiCjqMeAgIiIiIiIioqjHgIOIiIiIiIiIoh4DDiIiIiIiIiKKegw4iIiIiIiIiCjqMeAgIiIiIiIioqjHgIOIiIiIiIiIoh4DDiIiIiIiIiKKegw4iIiIiIiIiCjqMeAgIiIiIiIioqjHgIOIiIiIiIiIoh4DDiIiIiIiIiKKegw4iIiIiIiIiCjqMeAgIiIiIiIioqjHgIOIiIiIiIiIop7S1wMgIiIiIiIi6k8EBNKVBMyIH4VxzsHItaUix5aCbFsK4oS9V8bQaPpRrFahRK1CkVqJnd4CrKnfi3KtDibMXhlDtGHAQURERERERAOagEC85EC+PRNnJ07CHPc4jHMOgiLkPh1Xni21zX9rpo4d3gJ85tmJVbWbcdhfhgbDx8CjiUjZsph3goiIiIiIiAYcAYEEOQ6jHLm4IGkKLkmahiTZ1dfDCkmVXo/l1WuwqnYz9viKUKc3Dsigo2rSiy1/5gwOIiIiIiIiGnAkCAyxZ+BbyTNwQeIUDLFnQBKir4cVshQ5Hjemzsd890SsrN2I...
&amp#27;[38;5;219m[f88ada09]&amp#27;[0m&amp#27;[38;5;86m[HTTP]&amp#27;[0m &amp#27;[37m<-- GET /session/f88ada09-095f-4431-9d43-7f8210639409/screenshot &amp#27;[39m&amp#27;[32m200&amp#27;[39m &amp#27;[90m520 ms - 688252&amp#27;[39m &amp#27;[90m&amp#27;[39m
&amp#27;[38;5;41m[f2521489]&amp#27;[0m&amp#27;[38;5;-86m[AndroidUiautomator2Driver@5d66]&amp#27;[0m Got response with status 200: {"sessionId":"c68f0a86-3d15-4b5d-9c89-5b7f944919ae","value":{"ELEMENT":"00000000-0000-066d-ffff-ffff00000032","element-6066-11e4-a52e-4f735466cecf":"00000000-0000-066d-ffff-ffff00000032"}}
&amp#27;[38;5;41m[f2521489]&amp#27;[0m&amp#27;[38;5;-86m[AndroidUiautomator2Driver@5d66]&amp#27;[0m Responding to client with driver.findElement() result: {"element-6066-11e4-a52e-4f735466cecf":"00000000-0000-066d-ffff-ffff00000032","ELEMENT":"00000000-0000-066d-ffff-ffff00000032"}
&amp#27;[38;5;41m[f2521489]&amp#27;[0m&amp#27;[38;5;86m[HTTP]&amp#27;[0m &amp#27;[37m<-- POST /session/f2521489-7dea-4c71-95c1-f9cf0b890464/element &amp#27;[39m&amp#27;[32m200&amp#27;[39m &amp#27;[90m3038 ms - 137&amp#27;[39m &amp#27;[90m&amp#27;[39m
&amp#27;[38;5;41m[f2521489]&amp#27;[0m&amp#27;[38;5;86m[HTTP]&amp#27;[0m &amp#27;[37m-->&amp#27;[39m &amp#27;[37mPOST&amp#27;[39m &amp#27;[37m/session/f2521489-7dea-4c71-95c1-f9cf0b890464/element&amp#27;[39m &amp#27;[90m{"using":"xpath","value":"//android.widget.TextView[@text='Argentina']"}&amp#27;[39m
&amp#27;[38;5;41m[f2521489]&amp#27;[0m&amp#27;[38;5;-86m[AndroidUiautomator2Driver@5d66]&amp#27;[0m Calling AppiumDriver.findElement() with args: ["xpath","//android.widget.TextView[@text='Argentina']","f2521489-7dea-4c71-95c1-f9cf0b890464"]
&amp#27;[38;5;41m[f2521489]&amp#27;[0m&amp#27;[38;5;-86m[AndroidUiautomator2Driver@5d66]&amp#27;[0m Valid locator strategies for this request: xpath, id, class name, accessibility id, css selector, -android uiautomator
&amp#27;[38;5;41m[f2521489]&amp#27;[0m&amp#27;[38;5;-86m[AndroidUiautomator2Driver@5d66]&amp#27;[0m Waiting up to 0 ms for condition
&amp#27;[38;5;41m[f2521489]&amp#27;[0m&amp#27;[38;5;-86m[AndroidUiautomator2Driver@5d66]&amp#27;[0m Matched '/element' to command name 'findElement'
&amp#27;[38;5;41m[f2521489]&amp#27;[0m&amp#27;[38;5;-86m[AndroidUiautomator2Driver@5d66]&amp#27;[0m Proxying [POST /element] to [POST http://127.0.0.1:8202/session/c68f0a86-3d15-4b5d-9c89-5b7f944919ae/element] with body: {"strategy":"xpath","selector":"//android.widget.TextView[@text='Argentina']","context":"","multiple":false}
&amp#27;[38;5;41m[f2521489]&amp#27;[0m&amp#27;[38;5;-86m[AndroidUiautomator2Driver@5d66]&amp#27;[0m Got response with status 200: {"sessionId":"c68f0a86-3d15-4b5d-9c89-5b7f944919ae","value":{"ELEMENT":"00000000-0000-066d-ffff-ffff00000032","element-6066-11e4-a52e-4f735466cecf":"00000000-0000-066d-ffff-ffff00000032"}}
&amp#27;[38;5;41m[f2521489]&amp#27;[0m&amp#27;[38;5;-86m[AndroidUiautomator2Driver@5d66]&amp#27;[0m Responding to client with driver.findElement() result: {"element-6066-11e4-a52e-4f735466cecf":"00000000-0000-066d-ffff-ffff00000032","ELEMENT":"00000000-0000-066d-ffff-ffff00000032"}
&amp#27;[38;5;41m[f2521489]&amp#27;[0m&amp#27;[38;5;86m[HTTP]&amp#27;[0m &amp#27;[37m<-- POST /session/f2521489-7dea-4c71-95c1-f9cf0b890464/element &amp#27;[39m&amp#27;[32m200&amp#27;[39m &amp#27;[90m438 ms - 137&amp#27;[39m &amp#27;[90m&amp#27;[39m
&amp#27;[38;5;41m[f2521489]&amp#27;[0m&amp#27;[38;5;86m[HTTP]&amp#27;[0m &amp#27;[37m-->&amp#27;[39m &amp#27;[37mPOST&amp#27;[39m &amp#27;[37m/session/f2521489-7dea-4c71-95c1-f9cf0b890464/element/00000000-0000-066d-ffff-ffff00000032/click&amp#27;[39m &amp#27;[90m{"id":"00000000-0000-066d-ffff-ffff00000032"}&amp#27;[39m
&amp#27;[38;5;41m[f2521489]&amp#27;[0m&amp#27;[38;5;-86m[AndroidUiautomator2Driver@5d66]&amp#27;[0m Calling AppiumDriver.click() with args: ["00000000-0000-066d-ffff-ffff00000032","f2521489-7dea-4c71-95c1-f9cf0b890464"]
&amp#27;[38;5;41m[f2521489]&amp#27;[0m&amp#27;[38;5;-86m[AndroidUiautomator2Driver@5d66]&amp#27;[0m Matched '/element/00000000-0000-066d-ffff-ffff00000032/click' to command name 'click'
&amp#27;[38;5;41m[f2521489]&amp#27;[0m&amp#27;[38;5;-86m[AndroidUiautomator2Driver@5d66]&amp#27;[0m Proxying [POST /element/00000000-0000-066d-ffff-ffff00000032/click] to [POST http://127.0.0.1:8202/session/c68f0a86-3d15-4b5d-9c89-5b7f944919ae/element/00000000-0000-066d-ffff-ffff00000032/click] with body: {"element":"00000000-0000-066d-ffff-ffff00000032"}
&amp#27;[38;5;41m[f2521489]&amp#27;[0m&amp#27;[38;5;-86m[AndroidUiautomator2Driver@5d66]&amp#27;[0m Got response with status 200: {"sessionId":"c68f0a86-3d15-4b5d-9c89-5b7f944919ae","value":null}
&amp#27;[38;5;41m[f2521489]&amp#27;[0m&amp#27;[38;5;-86m[AndroidUiautomator2Driver@5d66]&amp#27;[0m Responding to client with driver.click() result: null
&amp#27;[38;5;41m[f2521489]&amp#27;[0m&amp#27;[38;5;86m[HTTP]&amp#27;[0m &amp#27;[37m<-- POST /session/f2521489-7dea-4c71-95c1-f9cf0b890464/element/00000000-0000-066d-ffff-ffff00000032/click &amp#27;[39m&amp#27;[32m200&amp#27;[39m &amp#27;[90m615 ms - 14&amp#27;[39m &amp#27;[90m&amp#27;[39m
&amp#27;[38;5;41m[f2521489]&amp#27;[0m&amp#27;[38;5;86m[HTTP]&amp#27;[0m &amp#27;[37m-->&amp#27;[39m &amp#27;[37mGET&amp#27;[39m &amp#27;[37m/session/f2521489-7dea-4c71-95c1-f9cf0b890464/screenshot&amp#27;[39m &amp#27;[90m{}&amp#27;[39m
&amp#27;[38;5;41m[f2521489]&amp#27;[0m&amp#27;[38;5;-86m[AndroidUiautomator2Driver@5d66]&amp#27;[0m Calling AppiumDriver.getScreenshot() with args: ["f2521489-7dea-4c71-95c1-f9cf0b890464"]
&amp#27;[38;5;41m[f2521489]&amp#27;[0m&amp#27;[38;5;-86m[AndroidUiautomator2Driver@5d66]&amp#27;[0m Matched '/screenshot' to command name 'getScreenshot'
&amp#27;[38;5;41m[f2521489]&amp#27;[0m&amp#27;[38;5;-86m[AndroidUiautomator2Driver@5d66]&amp#27;[0m Proxying [GET /screenshot] to [GET http://127.0.0.1:8202/session/c68f0a86-3d15-4b5d-9c89-5b7f944919ae/screenshot] with no body
&amp#27;[38;5;219m[f88ada09]&amp#27;[0m&amp#27;[38;5;86m[HTTP]&amp#27;[0m &amp#27;[37m-->&amp#27;[39m &amp#27;[37mGET&amp#27;[39m &amp#27;[37m/session/f88ada09-095f-4431-9d43-7f8210639409/screenshot&amp#27;[39m &amp#27;[90m{}&amp#27;[39m
&amp#27;[38;5;219m[f88ada09]&amp#27;[0m&amp#27;[38;5;10m[AndroidUiautomator2Driver@bd8a]&amp#27;[0m Calling AppiumDriver.getScreenshot() with args: ["f88ada09-095f-4431-9d43-7f8210639409"]
&amp#27;[38;5;219m[f88ada09]&amp#27;[0m&amp#27;[38;5;10m[AndroidUiautomator2Driver@bd8a]&amp#27;[0m Matched '/screenshot' to command name 'getScreenshot'
&amp#27;[38;5;219m[f88ada09]&amp#27;[0m&amp#27;[38;5;10m[AndroidUiautomator2Driver@bd8a]&amp#27;[0m Proxying [GET /screenshot] to [GET http://127.0.0.1:8201/session/48a0eda4-27b6-49a1-9c79-91add70a7505/screenshot] with no body
&amp#27;[38;5;219m[f88ada09]&amp#27;[0m&amp#27;[38;5;10m[AndroidUiautomator2Driver@bd8a]&amp#27;[0m Got response with status 200: {"sessionId":"48a0eda4-27b6-49a1-9c79-91add70a7505","value":"iVBORw0KGgoAAAANSUhEUgAABDgAAAlgCAYAAABtGofVAAAAAXNSR0IArs4c6QAAAARzQklUCAgICHwIZIgAACAASURBVHic7N13eBzVuQbw98zMVvVqSe694YobbtiAacbYBELoPQkBcmkJLaSQkAokoXcSINQEMKaDHRsXbOOOey+y1XvZ1e60+4clRdLOSrtqq5XeX577XJhy5lsZ27vvnvMdkbTrGhNERERERERERFFMinQBRERERERERERtxYCDiIiIiIiIiKIeAw4iIiIiIiIiinoMOIiIiIiIiIgo6jHgICIiIiIiIqKox4CDiIiIiIiIiKIeAw4iIiIiIiIiinoMOIiIiIiIiIgo6jHgICIiIiIiIqKox4CDiIiIiIiIiKIeAw4iIiIiIiIiinoMOIiIiIiIiIgo6jHgICIiIiIiIqKox4CDiIiIiIiIiKIeAw4iIiIiIiIiinoMOIiIiIiIiIgo6jHgICIiIiIiIqKox4CDiIiIiIiIiKIeAw4iIiIiIiIiinoMOIiIiIiIiIgo6jHgICIiIiIiIqKox4CDiIiIiIiIiKIeAw4iIiIiIiIiinoMOIiIiIiIiIgo6jHgICIiIiIiIqKox4CDiIiIiIiIiKIeAw4iIiIiIiIiinoMOIiIiIiIiIgo6jHgICIiIiIiIqKop0S6ACIiIiIiIqKuREAgVYnDNNcwjHL0QZYtGZlKEjKURLgkR6fU4DV8yNVKkaeVIUctwS7fcazz7kORVgkTZqfUEG0YcBAREREREVGPJiAQIzkwwJ6Os2PHYZZ7JEY5+kAREfzILMeity2l0SHN1LDTl41V1bvxZdU2HFEL4TF8DDxqiaRd1/AnQURERERERD2OgECc5MQwRxbmx52KhfFTkCC5I11WSEr1KnxQsR5fVm3DXt8JVBo1PT7oYMBBREREREREPY4EgX62VHwvYRrmx56K...
&amp#27;[38;5;219m[f88ada09]&amp#27;[0m&amp#27;[38;5;10m[AndroidUiautomator2Driver@bd8a]&amp#27;[0m Responding to client with driver.getScreenshot() result: "iVBORw0KGgoAAAANSUhEUgAABDgAAAlgCAYAAABtGofVAAAAAXNSR0IArs4c6QAAAARzQklUCAgICHwIZIgAACAASURBVHic7N13eBzVuQbw98zMVvVqSe694YobbtiAacbYBELoPQkBcmkJLaSQkAokoXcSINQEMKaDHRsXbOOOey+y1XvZ1e60+4clRdLOSrtqq5XeX577XJhy5lsZ27vvnvMdkbTrGhNERERERERERFFMinQBRERERERERERtxYCDiIiIiIiIiKIeAw4iIiIiIiIiinoMOIiIiIiIiIgo6jHgICIiIiIiIqKox4CDiIiIiIiIiKIeAw4iIiIiIiIiinoMOIiIiIiIiIgo6jHgICIiIiIiIqKox4CDiIiIiIiIiKIeAw4iIiIiIiIiinoMOIiIiIiIiIgo6jHgICIiIiIiIqKox4CDiIiIiIiIiKIeAw4iIiIiIiIiinoMOIiIiIiIiIgo6jHgICIiIiIiIqKox4CDiIiIiIiIiKIeAw4iIiIiIiIiinoMOIiIiIiIiIgo6jHgICIiIiIiIqKox4CDiIiIiIiIiKIeAw4iIiIiIiIiinoMOIiIiIiIiIgo6jHgICIiIiIiIqKox4CDiIiIiIiIiKIeAw4iIiIiIiIiinoMOIiIiIiIiIgo6jHgICIiIiIiIqKop0S6ACIiIiIiIqKuREAgVYnDNNcwjHL0QZYtGZlKEjKURLgkR6fU4DV8yNVKkaeVIUctwS7fcazz7kORVgkTZqfUEG0YcBAREREREVGPJiAQIzkwwJ6Os2PHYZZ7JEY5+kAREfzILMeity2l0SHN1LDTl41V1bvxZdU2HFEL4TF8DDxqiaRd1/AnQURERERERD2OgECc5MQwRxbmx52KhfFTkCC5I11WSEr1KnxQsR5fVm3DXt8JVBo1PT7oYMBBREREREREPY4EgX62VHwvYRrmx56KfvZUSFHWptKAgWP+InxStQn/KV+LbLW4R4ccDDiIiIiIiIioxxnt6IvbUs7D...
&amp#27;[38;5;219m[f88ada09]&amp#27;[0m&amp#27;[38;5;86m[HTTP]&amp#27;[0m &amp#27;[37m<-- GET /session/f88ada09-095f-4431-9d43-7f8210639409/screenshot &amp#27;[39m&amp#27;[32m200&amp#27;[39m &amp#27;[90m377 ms - 381736&amp#27;[39m &amp#27;[90m&amp#27;[39m
]]></system-out>
  </testcase>
  <testcase name="ThirdCase" classname="org.testCase.TestCase3" time="19.994">
    <system-out><![CDATA[&amp#27;[38;5;219m[f88ada09]&amp#27;[0m&amp#27;[38;5;86m[HTTP]&amp#27;[0m &amp#27;[37m-->&amp#27;[39m &amp#27;[37mPOST&amp#27;[39m &amp#27;[37m/session/f88ada09-095f-4431-9d43-7f8210639409/execute/sync&amp#27;[39m &amp#27;[90m{"script":"mobile: isAppInstalled","args":[{"bundleId":"com.androidsample.generalstore","appId":"com.androidsample.generalstore"}]}&amp#27;[39m
&amp#27;[38;5;219m[f88ada09]&amp#27;[0m&amp#27;[38;5;10m[AndroidUiautomator2Driver@bd8a]&amp#27;[0m Calling AppiumDriver.execute() with args: ["mobile: isAppInstalled",[{"bundleId":"com.androidsample.generalstore","appId":"com.androidsample.generalstore"}],"f88ada09-095f-4431-9d43-7f8210639409"]
&amp#27;[38;5;219m[f88ada09]&amp#27;[0m&amp#27;[38;5;123m[BaseDriver]&amp#27;[0m The following script arguments are not known and will be ignored: bundleId
&amp#27;[38;5;219m[f88ada09]&amp#27;[0m&amp#27;[38;5;229m[ADB]&amp#27;[0m Getting install status for com.androidsample.generalstore
&amp#27;[38;5;219m[f88ada09]&amp#27;[0m&amp#27;[38;5;229m[ADB]&amp#27;[0m Running 'C:\Users\sajus\AppData\Local\Android\Sdk\platform-tools\adb.exe -P 5037 -s R3CRC00KHBT shell cmd package list packages'
&amp#27;[38;5;219m[f88ada09]&amp#27;[0m&amp#27;[38;5;229m[ADB]&amp#27;[0m 'com.androidsample.generalstore' is installed
&amp#27;[38;5;219m[f88ada09]&amp#27;[0m&amp#27;[38;5;10m[AndroidUiautomator2Driver@bd8a]&amp#27;[0m Responding to client with driver.execute() result: true
&amp#27;[38;5;219m[f88ada09]&amp#27;[0m&amp#27;[38;5;86m[HTTP]&amp#27;[0m &amp#27;[37m<-- POST /session/f88ada09-095f-4431-9d43-7f8210639409/execute/sync &amp#27;[39m&amp#27;[32m200&amp#27;[39m &amp#27;[90m120 ms - 14&amp#27;[39m &amp#27;[90m&amp#27;[39m
&amp#27;[38;5;219m[f88ada09]&amp#27;[0m&amp#27;[38;5;86m[HTTP]&amp#27;[0m &amp#27;[37m-->&amp#27;[39m &amp#27;[37mPOST&amp#27;[39m &amp#27;[37m/session/f88ada09-095f-4431-9d43-7f8210639409/execute/sync&amp#27;[39m &amp#27;[90m{"script":"mobile: terminateApp","args":[{"bundleId":"com.androidsample.generalstore","appId":"com.androidsample.generalstore"}]}&amp#27;[39m
&amp#27;[38;5;219m[f88ada09]&amp#27;[0m&amp#27;[38;5;10m[AndroidUiautomator2Driver@bd8a]&amp#27;[0m Calling AppiumDriver.execute() with args: ["mobile: terminateApp",[{"bundleId":"com.androidsample.generalstore","appId":"com.androidsample.generalstore"}],"f88ada09-095f-4431-9d43-7f8210639409"]
&amp#27;[38;5;219m[f88ada09]&amp#27;[0m&amp#27;[38;5;123m[BaseDriver]&amp#27;[0m The following script arguments are not known and will be ignored: bundleId
&amp#27;[38;5;219m[f88ada09]&amp#27;[0m&amp#27;[38;5;10m[AndroidUiautomator2Driver@bd8a]&amp#27;[0m Terminating 'com.androidsample.generalstore'
&amp#27;[38;5;219m[f88ada09]&amp#27;[0m&amp#27;[38;5;229m[ADB]&amp#27;[0m Getting IDs of all 'com.androidsample.generalstore' processes
&amp#27;[38;5;219m[f88ada09]&amp#27;[0m&amp#27;[38;5;229m[ADB]&amp#27;[0m Running 'C:\Users\sajus\AppData\Local\Android\Sdk\platform-tools\adb.exe -P 5037 -s R3CRC00KHBT shell pgrep -f \(\[\[:blank:\]\]\|\^\)com\.androidsample\.generalstore\(:\[a-zA-Z0-9_-\]\+\)\?\(\[\[:blank:\]\]\|\$\)'
&amp#27;[38;5;219m[f88ada09]&amp#27;[0m&amp#27;[38;5;229m[ADB]&amp#27;[0m Running 'C:\Users\sajus\AppData\Local\Android\Sdk\platform-tools\adb.exe -P 5037 -s R3CRC00KHBT shell am force-stop com.androidsample.generalstore'
&amp#27;[38;5;219m[f88ada09]&amp#27;[0m&amp#27;[38;5;10m[AndroidUiautomator2Driver@bd8a]&amp#27;[0m Querying the state of 'com.androidsample.generalstore'
&amp#27;[38;5;219m[f88ada09]&amp#27;[0m&amp#27;[38;5;229m[ADB]&amp#27;[0m Getting install status for com.androidsample.generalstore
&amp#27;[38;5;219m[f88ada09]&amp#27;[0m&amp#27;[38;5;229m[ADB]&amp#27;[0m Running 'C:\Users\sajus\AppData\Local\Android\Sdk\platform-tools\adb.exe -P 5037 -s R3CRC00KHBT shell cmd package list packages'
&amp#27;[38;5;41m[f2521489]&amp#27;[0m&amp#27;[38;5;-86m[AndroidUiautomator2Driver@5d66]&amp#27;[0m Got response with status 200: {"sessionId":"c68f0a86-3d15-4b5d-9c89-5b7f944919ae","value":"iVBORw0KGgoAAAANSUhEUgAABDgAAAjoCAYAAAA5jhrUAAAAAXNSR0IArs4c6QAAAARzQklUCAgICHwIZIgAACAASURBVHic7N13nB9Vvf/x9zkz391N2VSSAAkJJYQivYOolIsUKQqogIJYrleKXhUbYEexYcWCAv7gKsVGU0TgCihFEbiI9CqEUEJ63fL9zjm/P2bmW3bnu/27u5N9PXmE5DvlzDnTz2fOnDFTHzvFCwAAAAAAIMfsSGcAAAAAAABgsAhwAAAAAACA3CPAAQAAAAAAco8ABwAAAAAAyD0CHAAAAAAAIPcIcAAAAAAAgNwjwAEAAAAAAHKPAAcAAAAAAMg9AhwAAAAAACD3CHAAAAAAAIDcI8ABAAAAAAByjwAHAAAAAADIPQIcAAAAAAAg9whwAAAAAACA3CPAAQAAAAAAco8ABwAAAAAAyD0CHAAAAAAAIPcIcAAAAAAAgNwjwAEAAAAAAHKPAAcAAAAAAMg9AhwAAAAAACD3CHAAAAAAAIDcI8ABAAAAAAByjwAHAAAAAADIPQIcAAAAAAAg98KRzgAwGhgZmfRvE/9bkrwk773i/5T8P7/GSjkBAAAAjD0EODBmGRmFxmqrpo115WYf0+aFGT1O/3xxiU588bt6rvNVlbzLTRBgrJQTAAAA6IvJwXjt0DxXO7bM1WQ7Xju0zNXkYEJ5/KponR5pX6hVbr0ebl+oRzoWalW0fkTyuv/4bXXDvLP7NO3RL3xNd61/osE5Gt0IcGBMarXj9PmZb9epUw9U0Mc3tTYvzNDftjxfkZwuX3GHvvTar7XGtTU4p4MzVsoJAAAA9GRuYSMd0bqbjmjdXfuP37bX6d/SunvN77vWP6E/rnlAf1zzf1pYXNqobGKQzNTHTuHxLMaM0AQ6bdqh+uLMd6jygsbAeHl96bXf6MfL/6SSj4Yoh0NjrJQTAAAA6Mn+47fV...
&amp#27;[38;5;41m[f2521489]&amp#27;[0m&amp#27;[38;5;-86m[AndroidUiautomator2Driver@5d66]&amp#27;[0m Responding to client with driver.getScreenshot() result: "iVBORw0KGgoAAAANSUhEUgAABDgAAAjoCAYAAAA5jhrUAAAAAXNSR0IArs4c6QAAAARzQklUCAgICHwIZIgAACAASURBVHic7N13nB9Vvf/x9zkz391N2VSSAAkJJYQivYOolIsUKQqogIJYrleKXhUbYEexYcWCAv7gKsVGU0TgCihFEbiI9CqEUEJ63fL9zjm/P2bmW3bnu/27u5N9PXmE5DvlzDnTz2fOnDFTHzvFCwAAAAAAIMfsSGcAAAAAAABgsAhwAAAAAACA3CPAAQAAAAAAco8ABwAAAAAAyD0CHAAAAAAAIPcIcAAAAAAAgNwjwAEAAAAAAHKPAAcAAAAAAMg9AhwAAAAAACD3CHAAAAAAAIDcI8ABAAAAAAByjwAHAAAAAADIPQIcAAAAAAAg9whwAAAAAACA3CPAAQAAAAAAco8ABwAAAAAAyD0CHAAAAAAAIPcIcAAAAAAAgNwjwAEAAAAAAHKPAAcAAAAAAMg9AhwAAAAAACD3CHAAAAAAAIDcI8ABAAAAAAByjwAHAAAAAADIPQIcAAAAAAAg98KRzgAwGhgZmfRvE/9bkrwk773i/5T8P7/GSjkBAAAAjD0EODBmGRmFxmqrpo115WYf0+aFGT1O/3xxiU588bt6rvNVlbzLTRBgrJQTAAAA6IvJwXjt0DxXO7bM1WQ7Xju0zNXkYEJ5/KponR5pX6hVbr0ebl+oRzoWalW0fkTyuv/4bXXDvLP7NO3RL3xNd61/osE5Gt0IcGBMarXj9PmZb9epUw9U0Mc3tTYvzNDftjxfkZwuX3GHvvTar7XGtTU4p4MzVsoJAAAA9GRuYSMd0bqbjmjdXfuP37bX6d/SunvN77vWP6E/rnlAf1zzf1pYXNqobGKQzNTHTuHxLMaM0AQ6bdqh+uLMd6jygsbAeHl96bXf6MfL/6SSj4Yoh0NjrJQTAAAA6Mn+47fVf017c7eAxWDcuOYB/XT5LcPSWoIWHP1DgANjgpFRq23R7Vt8WVs0zRzStP/d...
&amp#27;[38;5;41m[f2521489]&amp#27;[0m&amp#27;[38;5;86m[HTTP]&amp#27;[0m &amp#27;[37m<-- GET /session/f2521489-7dea-4c71-95c1-f9cf0b890464/screenshot &amp#27;[39m&amp#27;[32m200&amp#27;[39m &amp#27;[90m1066 ms - 598664&amp#27;[39m &amp#27;[90m&amp#27;[39m
&amp#27;[38;5;219m[f88ada09]&amp#27;[0m&amp#27;[38;5;229m[ADB]&amp#27;[0m 'com.androidsample.generalstore' is installed
&amp#27;[38;5;219m[f88ada09]&amp#27;[0m&amp#27;[38;5;229m[ADB]&amp#27;[0m Getting IDs of all 'com.androidsample.generalstore' processes
&amp#27;[38;5;219m[f88ada09]&amp#27;[0m&amp#27;[38;5;229m[ADB]&amp#27;[0m Running 'C:\Users\sajus\AppData\Local\Android\Sdk\platform-tools\adb.exe -P 5037 -s R3CRC00KHBT shell pgrep -f \(\[\[:blank:\]\]\|\^\)com\.androidsample\.generalstore\(:\[a-zA-Z0-9_-\]\+\)\?\(\[\[:blank:\]\]\|\$\)'
&amp#27;[38;5;41m[f2521489]&amp#27;[0m&amp#27;[38;5;86m[HTTP]&amp#27;[0m &amp#27;[37m-->&amp#27;[39m &amp#27;[37mPOST&amp#27;[39m &amp#27;[37m/session/f2521489-7dea-4c71-95c1-f9cf0b890464/element&amp#27;[39m &amp#27;[90m{"using":"id","value":"com.androidsample.generalstore:id/btnLetsShop"}&amp#27;[39m
&amp#27;[38;5;41m[f2521489]&amp#27;[0m&amp#27;[38;5;-86m[AndroidUiautomator2Driver@5d66]&amp#27;[0m Calling AppiumDriver.findElement() with args: ["id","com.androidsample.generalstore:id/btnLetsShop","f2521489-7dea-4c71-95c1-f9cf0b890464"]
&amp#27;[38;5;41m[f2521489]&amp#27;[0m&amp#27;[38;5;-86m[AndroidUiautomator2Driver@5d66]&amp#27;[0m Valid locator strategies for this request: xpath, id, class name, accessibility id, css selector, -android uiautomator
&amp#27;[38;5;41m[f2521489]&amp#27;[0m&amp#27;[38;5;-86m[AndroidUiautomator2Driver@5d66]&amp#27;[0m Waiting up to 0 ms for condition
&amp#27;[38;5;41m[f2521489]&amp#27;[0m&amp#27;[38;5;-86m[AndroidUiautomator2Driver@5d66]&amp#27;[0m Matched '/element' to command name 'findElement'
&amp#27;[38;5;41m[f2521489]&amp#27;[0m&amp#27;[38;5;-86m[AndroidUiautomator2Driver@5d66]&amp#27;[0m Proxying [POST /element] to [POST http://127.0.0.1:8202/session/c68f0a86-3d15-4b5d-9c89-5b7f944919ae/element] with body: {"strategy":"id","selector":"com.androidsample.generalstore:id/btnLetsShop","context":"","multiple":false}
&amp#27;[38;5;41m[f2521489]&amp#27;[0m&amp#27;[38;5;-86m[AndroidUiautomator2Driver@5d66]&amp#27;[0m Got response with status 200: {"sessionId":"c68f0a86-3d15-4b5d-9c89-5b7f944919ae","value":{"ELEMENT":"00000000-0000-066c-ffff-ffff00000021","element-6066-11e4-a52e-4f735466cecf":"00000000-0000-066c-ffff-ffff00000021"}}
&amp#27;[38;5;41m[f2521489]&amp#27;[0m&amp#27;[38;5;-86m[AndroidUiautomator2Driver@5d66]&amp#27;[0m Responding to client with driver.findElement() result: {"element-6066-11e4-a52e-4f735466cecf":"00000000-0000-066c-ffff-ffff00000021","ELEMENT":"00000000-0000-066c-ffff-ffff00000021"}
&amp#27;[38;5;41m[f2521489]&amp#27;[0m&amp#27;[38;5;86m[HTTP]&amp#27;[0m &amp#27;[37m<-- POST /session/f2521489-7dea-4c71-95c1-f9cf0b890464/element &amp#27;[39m&amp#27;[32m200&amp#27;[39m &amp#27;[90m33 ms - 137&amp#27;[39m &amp#27;[90m&amp#27;[39m
&amp#27;[38;5;41m[f2521489]&amp#27;[0m&amp#27;[38;5;86m[HTTP]&amp#27;[0m &amp#27;[37m-->&amp#27;[39m &amp#27;[37mPOST&amp#27;[39m &amp#27;[37m/session/f2521489-7dea-4c71-95c1-f9cf0b890464/element/00000000-0000-066c-ffff-ffff00000021/click&amp#27;[39m &amp#27;[90m{"id":"00000000-0000-066c-ffff-ffff00000021"}&amp#27;[39m
&amp#27;[38;5;41m[f2521489]&amp#27;[0m&amp#27;[38;5;-86m[AndroidUiautomator2Driver@5d66]&amp#27;[0m Calling AppiumDriver.click() with args: ["00000000-0000-066c-ffff-ffff00000021","f2521489-7dea-4c71-95c1-f9cf0b890464"]
&amp#27;[38;5;41m[f2521489]&amp#27;[0m&amp#27;[38;5;-86m[AndroidUiautomator2Driver@5d66]&amp#27;[0m Matched '/element/00000000-0000-066c-ffff-ffff00000021/click' to command name 'click'
&amp#27;[38;5;41m[f2521489]&amp#27;[0m&amp#27;[38;5;-86m[AndroidUiautomator2Driver@5d66]&amp#27;[0m Proxying [POST /element/00000000-0000-066c-ffff-ffff00000021/click] to [POST http://127.0.0.1:8202/session/c68f0a86-3d15-4b5d-9c89-5b7f944919ae/element/00000000-0000-066c-ffff-ffff00000021/click] with body: {"element":"00000000-0000-066c-ffff-ffff00000021"}
&amp#27;[38;5;41m[f2521489]&amp#27;[0m&amp#27;[38;5;-86m[AndroidUiautomator2Driver@5d66]&amp#27;[0m Got response with status 200: {"sessionId":"c68f0a86-3d15-4b5d-9c89-5b7f944919ae","value":null}
&amp#27;[38;5;41m[f2521489]&amp#27;[0m&amp#27;[38;5;-86m[AndroidUiautomator2Driver@5d66]&amp#27;[0m Responding to client with driver.click() result: null
&amp#27;[38;5;41m[f2521489]&amp#27;[0m&amp#27;[38;5;86m[HTTP]&amp#27;[0m &amp#27;[37m<-- POST /session/f2521489-7dea-4c71-95c1-f9cf0b890464/element/00000000-0000-066c-ffff-ffff00000021/click &amp#27;[39m&amp#27;[32m200&amp#27;[39m &amp#27;[90m50 ms - 14&amp#27;[39m &amp#27;[90m&amp#27;[39m
&amp#27;[38;5;41m[f2521489]&amp#27;[0m&amp#27;[38;5;86m[HTTP]&amp#27;[0m &amp#27;[37m-->&amp#27;[39m &amp#27;[37mGET&amp#27;[39m &amp#27;[37m/session/f2521489-7dea-4c71-95c1-f9cf0b890464/screenshot&amp#27;[39m &amp#27;[90m{}&amp#27;[39m
&amp#27;[38;5;41m[f2521489]&amp#27;[0m&amp#27;[38;5;-86m[AndroidUiautomator2Driver@5d66]&amp#27;[0m Calling AppiumDriver.getScreenshot() with args: ["f2521489-7dea-4c71-95c1-f9cf0b890464"]
&amp#27;[38;5;41m[f2521489]&amp#27;[0m&amp#27;[38;5;-86m[AndroidUiautomator2Driver@5d66]&amp#27;[0m Matched '/screenshot' to command name 'getScreenshot'
&amp#27;[38;5;41m[f2521489]&amp#27;[0m&amp#27;[38;5;-86m[AndroidUiautomator2Driver@5d66]&amp#27;[0m Proxying [GET /screenshot] to [GET http://127.0.0.1:8202/session/c68f0a86-3d15-4b5d-9c89-5b7f944919ae/screenshot] with no body
&amp#27;[38;5;219m[f88ada09]&amp#27;[0m&amp#27;[38;5;10m[AndroidUiautomator2Driver@bd8a]&amp#27;[0m 'com.androidsample.generalstore' has been successfully terminated
&amp#27;[38;5;219m[f88ada09]&amp#27;[0m&amp#27;[38;5;10m[AndroidUiautomator2Driver@bd8a]&amp#27;[0m Responding to client with driver.execute() result: true
&amp#27;[38;5;219m[f88ada09]&amp#27;[0m&amp#27;[38;5;86m[HTTP]&amp#27;[0m &amp#27;[37m<-- POST /session/f88ada09-095f-4431-9d43-7f8210639409/execute/sync &amp#27;[39m&amp#27;[32m200&amp#27;[39m &amp#27;[90m580 ms - 14&amp#27;[39m &amp#27;[90m&amp#27;[39m
🛑 App terminated: com.androidsample.generalstore
&amp#27;[38;5;219m[f88ada09]&amp#27;[0m&amp#27;[38;5;86m[HTTP]&amp#27;[0m &amp#27;[37m-->&amp#27;[39m &amp#27;[37mDELETE&amp#27;[39m &amp#27;[37m/session/f88ada09-095f-4431-9d43-7f8210639409&amp#27;[39m &amp#27;[90m{}&amp#27;[39m
&amp#27;[38;5;219m[f88ada09]&amp#27;[0m&amp#27;[38;5;10m[AndroidUiautomator2Driver@bd8a]&amp#27;[0m Calling AppiumDriver.deleteSession() with args: ["f88ada09-095f-4431-9d43-7f8210639409"]
&amp#27;[38;5;219m[f88ada09]&amp#27;[0m&amp#27;[38;5;147m[AppiumDriver@0f5b]&amp#27;[0m Event 'quitSessionRequested' logged at 1750221944682 (00:45:44 GMT-0400 (Eastern Daylight Saving Time))
&amp#27;[38;5;219m[f88ada09]&amp#27;[0m&amp#27;[38;5;147m[AppiumDriver@0f5b]&amp#27;[0m Removing session f88ada09-095f-4431-9d43-7f8210639409 from our master session list
&amp#27;[38;5;219m[f88ada09]&amp#27;[0m&amp#27;[38;5;10m[AndroidUiautomator2Driver@bd8a]&amp#27;[0m Deleting UiAutomator2 session
&amp#27;[38;5;219m[f88ada09]&amp#27;[0m&amp#27;[38;5;10m[AndroidUiautomator2Driver@bd8a]&amp#27;[0m Deleting UiAutomator2 server session
&amp#27;[38;5;219m[f88ada09]&amp#27;[0m&amp#27;[38;5;10m[AndroidUiautomator2Driver@bd8a]&amp#27;[0m Proxying [DELETE /] to [DELETE http://127.0.0.1:8201/session/48a0eda4-27b6-49a1-9c79-91add70a7505] with no body
&amp#27;[38;5;219m[f88ada09]&amp#27;[0m&amp#27;[38;5;10m[AndroidUiautomator2Driver@bd8a]&amp#27;[0m Got response with status 200: {"sessionId":"48a0eda4-27b6-49a1-9c79-91add70a7505","value":null}
&amp#27;[38;5;219m[f88ada09]&amp#27;[0m&amp#27;[38;5;229m[ADB]&amp#27;[0m Getting IDs of all 'io.appium.uiautomator2.server' processes
&amp#27;[38;5;219m[f88ada09]&amp#27;[0m&amp#27;[38;5;229m[ADB]&amp#27;[0m Running 'C:\Users\sajus\AppData\Local\Android\Sdk\platform-tools\adb.exe -P 5037 -s R3CRC00KHBT shell pgrep -f \(\[\[:blank:\]\]\|\^\)io\.appium\.uiautomator2\.server\(:\[a-zA-Z0-9_-\]\+\)\?\(\[\[:blank:\]\]\|\$\)'
&amp#27;[38;5;219m[f88ada09]&amp#27;[0m&amp#27;[38;5;10m[AndroidUiautomator2Driver@bd8a]&amp#27;[0m [Instrumentation] io.appium.uiautomator2.server.test.AppiumUiAutomator2Server:.
&amp#27;[38;5;219m[f88ada09]&amp#27;[0m&amp#27;[38;5;10m[AndroidUiautomator2Driver@bd8a]&amp#27;[0m [Instrumentation] 
&amp#27;[38;5;219m[f88ada09]&amp#27;[0m&amp#27;[38;5;10m[AndroidUiautomator2Driver@bd8a]&amp#27;[0m [Instrumentation] Time: 20.361
&amp#27;[38;5;219m[f88ada09]&amp#27;[0m&amp#27;[38;5;10m[AndroidUiautomator2Driver@bd8a]&amp#27;[0m [Instrumentation] 
&amp#27;[38;5;219m[f88ada09]&amp#27;[0m&amp#27;[38;5;10m[AndroidUiautomator2Driver@bd8a]&amp#27;[0m [Instrumentation] OK (1 test)
&amp#27;[38;5;219m[f88ada09]&amp#27;[0m&amp#27;[38;5;10m[AndroidUiautomator2Driver@bd8a]&amp#27;[0m [Instrumentation] 
&amp#27;[38;5;219m[f88ada09]&amp#27;[0m&amp#27;[38;5;10m[AndroidUiautomator2Driver@bd8a]&amp#27;[0m [Instrumentation] 
&amp#27;[38;5;219m[f88ada09]&amp#27;[0m&amp#27;[38;5;10m[AndroidUiautomator2Driver@bd8a]&amp#27;[0m [Instrumentation] The process has exited with code 0, signal null
&amp#27;[38;5;219m[f88ada09]&amp#27;[0m&amp#27;[38;5;229m[ADB]&amp#27;[0m Running 'C:\Users\sajus\AppData\Local\Android\Sdk\platform-tools\adb.exe -P 5037 -s R3CRC00KHBT shell am force-stop io.appium.uiautomator2.server'
&amp#27;[38;5;219m[f88ada09]&amp#27;[0m&amp#27;[38;5;229m[ADB]&amp#27;[0m Running 'C:\Users\sajus\AppData\Local\Android\Sdk\platform-tools\adb.exe -P 5037 -s R3CRC00KHBT shell am force-stop io.appium.uiautomator2.server.test'
&amp#27;[38;5;219m[f88ada09]&amp#27;[0m&amp#27;[38;5;229m[ADB]&amp#27;[0m Running 'C:\Users\sajus\AppData\Local\Android\Sdk\platform-tools\adb.exe -P 5037 -s R3CRC00KHBT shell dumpsys activity services io.appium.settings/.recorder.RecorderService'
&amp#27;[38;5;219m[f88ada09]&amp#27;[0m&amp#27;[38;5;229m[ADB]&amp#27;[0m Removing forwarded port socket connection: 8201 
&amp#27;[38;5;219m[f88ada09]&amp#27;[0m&amp#27;[38;5;229m[ADB]&amp#27;[0m Running 'C:\Users\sajus\AppData\Local\Android\Sdk\platform-tools\adb.exe -P 5037 -s R3CRC00KHBT forward --remove tcp:8201'
&amp#27;[38;5;219m[f88ada09]&amp#27;[0m&amp#27;[38;5;10m[AndroidUiautomator2Driver@bd8a]&amp#27;[0m Restoring hidden api policy to the device default configuration
&amp#27;[38;5;219m[f88ada09]&amp#27;[0m&amp#27;[38;5;229m[ADB]&amp#27;[0m Running 'C:\Users\sajus\AppData\Local\Android\Sdk\platform-tools\adb.exe -P 5037 -s R3CRC00KHBT shell 'settings delete global hidden_api_policy_pre_p_apps;settings delete global hidden_api_policy_p_apps;settings delete global hidden_api_policy''
&amp#27;[38;5;219m[f88ada09]&amp#27;[0m&amp#27;[38;5;160m[Logcat]&amp#27;[0m Stopping logcat capture
&amp#27;[38;5;219m[f88ada09]&amp#27;[0m&amp#27;[38;5;147m[AppiumDriver@0f5b]&amp#27;[0m Event 'quitSessionFinished' logged at 1750221945391 (00:45:45 GMT-0400 (Eastern Daylight Saving Time))
&amp#27;[38;5;219m[f88ada09]&amp#27;[0m&amp#27;[38;5;147m[AppiumDriver@0f5b]&amp#27;[0m Received response: null
&amp#27;[38;5;219m[f88ada09]&amp#27;[0m&amp#27;[38;5;147m[AppiumDriver@0f5b]&amp#27;[0m But deleting session, so not returning
&amp#27;[38;5;219m[f88ada09]&amp#27;[0m&amp#27;[38;5;147m[AppiumDriver@0f5b]&amp#27;[0m Responding to client with driver.deleteSession() result: null
&amp#27;[38;5;219m[f88ada09]&amp#27;[0m&amp#27;[38;5;86m[HTTP]&amp#27;[0m &amp#27;[37m<-- DELETE /session/f88ada09-095f-4431-9d43-7f8210639409 &amp#27;[39m&amp#27;[32m200&amp#27;[39m &amp#27;[90m711 ms - 14&amp#27;[39m &amp#27;[90m&amp#27;[39m
&amp#27;[38;5;86m[HTTP]&amp#27;[0m &amp#27;[37m-->&amp#27;[39m &amp#27;[37mGET&amp#27;[39m &amp#27;[37m/status&amp#27;[39m &amp#27;[90m{}&amp#27;[39m
&amp#27;[38;5;147m[AppiumDriver@0f5b]&amp#27;[0m Calling AppiumDriver.getStatus() with args: []
&amp#27;[38;5;147m[AppiumDriver@0f5b]&amp#27;[0m Responding to client with driver.getStatus() result: {"ready":true,"message":"The server is ready to accept new connections","build":{"version":"2.18.0"}}
&amp#27;[38;5;86m[HTTP]&amp#27;[0m &amp#27;[37m<-- GET /status &amp#27;[39m&amp#27;[32m200&amp#27;[39m &amp#27;[90m1 ms - 111&amp#27;[39m &amp#27;[90m&amp#27;[39m
Appium server stopped
✅ Test completed for device: Samsung_Galaxy_S21

📊 Test Summary:
✔  Passed:  5
✖  Failed:  0
➖ Skipped: 0
Σ  Total:   5
&amp#27;[38;5;41m[f2521489]&amp#27;[0m&amp#27;[38;5;-86m[AndroidUiautomator2Driver@5d66]&amp#27;[0m Got response with status 200: {"sessionId":"c68f0a86-3d15-4b5d-9c89-5b7f944919ae","value":"iVBORw0KGgoAAAANSUhEUgAABDgAAAjoCAYAAAA5jhrUAAAAAXNSR0IArs4c6QAAAARzQklUCAgICHwIZIgAACAASURBVHic7N13nB9Vvf/x9zkz391N2VSSAAkJJYQivYOolIsUKQqogIJYrleKXhUbYEexYcWCAv7gKsVGU0TgCihFEbiI9CqEUEJ63fL9zjm/P2bmW3bnu/27u5N9PXmE5DvlzDnTz2fOnDFTHzvFCwAAAAAAIMfsSGcAAAAAAABgsAhwAAAAAACA3CPAAQAAAAAAco8ABwAAAAAAyD0CHAAAAAAAIPcIcAAAAAAAgNwjwAEAAAAAAHKPAAcAAAAAAMg9AhwAAAAAACD3CHAAAAAAAIDcI8ABAAAAAAByjwAHAAAAAADIPQIcAAAAAAAg9whwAAAAAACA3CPAAQAAAAAAco8ABwAAAAAAyD0CHAAAAAAAIPcIcAAAAAAAgNwjwAEAAAAAAHKPAAcAAAAAAMg9AhwAAAAAACD3CHAAAAAAAIDcI8ABAAAAAAByjwAHAAAAAADIPQIcAAAAAAAg98KRzgAwGhgZmfRvE/9bkrwk773i/5T8P7/GSjkBAAAAjD0EODBmGRmFxmqrpo115WYf0+aFGT1O/3xxiU588bt6rvNVlbzLTRBgrJQTAAAA6IvJwXjt0DxXO7bM1WQ7Xju0zNXkYEJ5/KponR5pX6hVbr0ebl+oRzoWalW0fkTyuv/4bXXDvLP7NO3RL3xNd61/osE5Gt0IcGBMarXj9PmZb9epUw9U0Mc3tTYvzNDftjxfkZwuX3GHvvTar7XGtTU4p4MzVsoJAAAA9GRuYSMd0bqbjmjdXfuP37bX6d/SunvN77vWP6E/rnlAf1zzf1pYXNqobGKQzNTHTuHxLMaM0AQ6bdqh+uLMd6jygsbAeHl96bXf6MfL/6SSj4Yoh0NjrJQTAAAA6Mn+47fV...
&amp#27;[38;5;41m[f2521489]&amp#27;[0m&amp#27;[38;5;-86m[AndroidUiautomator2Driver@5d66]&amp#27;[0m Responding to client with driver.getScreenshot() result: "iVBORw0KGgoAAAANSUhEUgAABDgAAAjoCAYAAAA5jhrUAAAAAXNSR0IArs4c6QAAAARzQklUCAgICHwIZIgAACAASURBVHic7N13nB9Vvf/x9zkz391N2VSSAAkJJYQivYOolIsUKQqogIJYrleKXhUbYEexYcWCAv7gKsVGU0TgCihFEbiI9CqEUEJ63fL9zjm/P2bmW3bnu/27u5N9PXmE5DvlzDnTz2fOnDFTHzvFCwAAAAAAIMfsSGcAAAAAAABgsAhwAAAAAACA3CPAAQAAAAAAco8ABwAAAAAAyD0CHAAAAAAAIPcIcAAAAAAAgNwjwAEAAAAAAHKPAAcAAAAAAMg9AhwAAAAAACD3CHAAAAAAAIDcI8ABAAAAAAByjwAHAAAAAADIPQIcAAAAAAAg9whwAAAAAACA3CPAAQAAAAAAco8ABwAAAAAAyD0CHAAAAAAAIPcIcAAAAAAAgNwjwAEAAAAAAHKPAAcAAAAAAMg9AhwAAAAAACD3CHAAAAAAAIDcI8ABAAAAAAByjwAHAAAAAADIPQIcAAAAAAAg98KRzgAwGhgZmfRvE/9bkrwk773i/5T8P7/GSjkBAAAAjD0EODBmGRmFxmqrpo115WYf0+aFGT1O/3xxiU588bt6rvNVlbzLTRBgrJQTAAAA6IvJwXjt0DxXO7bM1WQ7Xju0zNXkYEJ5/KponR5pX6hVbr0ebl+oRzoWalW0fkTyuv/4bXXDvLP7NO3RL3xNd61/osE5Gt0IcGBMarXj9PmZb9epUw9U0Mc3tTYvzNDftjxfkZwuX3GHvvTar7XGtTU4p4MzVsoJAAAA9GRuYSMd0bqbjmjdXfuP37bX6d/SunvN77vWP6E/rnlAf1zzf1pYXNqobGKQzNTHTuHxLMaM0AQ6bdqh+uLMd6jygsbAeHl96bXf6MfL/6SSj4Yoh0NjrJQTAAAA6Mn+47fVf017c7eAxWDcuOYB/XT5LcPSWoIWHP1DgANjgpFRq23R7Vt8WVs0zRzStP/d...
&amp#27;[38;5;41m[f2521489]&amp#27;[0m&amp#27;[38;5;86m[HTTP]&amp#27;[0m &amp#27;[37m<-- GET /session/f2521489-7dea-4c71-95c1-f9cf0b890464/screenshot &amp#27;[39m&amp#27;[32m200&amp#27;[39m &amp#27;[90m1116 ms - 598008&amp#27;[39m &amp#27;[90m&amp#27;[39m
&amp#27;[38;5;41m[f2521489]&amp#27;[0m&amp#27;[38;5;86m[HTTP]&amp#27;[0m &amp#27;[37m-->&amp#27;[39m &amp#27;[37mGET&amp#27;[39m &amp#27;[37m/session/f2521489-7dea-4c71-95c1-f9cf0b890464/screenshot&amp#27;[39m &amp#27;[90m{}&amp#27;[39m
&amp#27;[38;5;41m[f2521489]&amp#27;[0m&amp#27;[38;5;-86m[AndroidUiautomator2Driver@5d66]&amp#27;[0m Calling AppiumDriver.getScreenshot() with args: ["f2521489-7dea-4c71-95c1-f9cf0b890464"]
&amp#27;[38;5;41m[f2521489]&amp#27;[0m&amp#27;[38;5;-86m[AndroidUiautomator2Driver@5d66]&amp#27;[0m Matched '/screenshot' to command name 'getScreenshot'
&amp#27;[38;5;41m[f2521489]&amp#27;[0m&amp#27;[38;5;-86m[AndroidUiautomator2Driver@5d66]&amp#27;[0m Proxying [GET /screenshot] to [GET http://127.0.0.1:8202/session/c68f0a86-3d15-4b5d-9c89-5b7f944919ae/screenshot] with no body
&amp#27;[38;5;41m[f2521489]&amp#27;[0m&amp#27;[38;5;-86m[AndroidUiautomator2Driver@5d66]&amp#27;[0m Got response with status 200: {"sessionId":"c68f0a86-3d15-4b5d-9c89-5b7f944919ae","value":"iVBORw0KGgoAAAANSUhEUgAABDgAAAjoCAYAAAA5jhrUAAAAAXNSR0IArs4c6QAAAARzQklUCAgICHwIZIgAACAASURBVHic7N13nBT1/cfx98zsXuMaXaQrATQqCHYxtsSYqBg19thNQY0lzZ8aI8aexKjRRKMSISr2giW2KKKIGkPAaESw0QQpB3ccXNndmfn9gXfe3pbbvbst39vXMw8COzPf73zmCIF537dYvT841RcAAAAAAIDB7FwXAAAAAAAA0FUEHAAAAAAAwHgEHAAAAAAAwHgEHAAAAAAAwHgEHAAAAAAAwHgEHAAAAAAAwHgEHAAAAAAAwHgEHAAAAAAAwHgEHAAAAAAAwHgEHAAAAAAAwHgEHAAAAAAAwHgEHAAAAAAAwHgEHAAAAAAAwHgEHAAAAAAAwHgEHAAAAAAAwHgEHAAAAAAAwHgEHAAAAAAAwHgEHAAAAAAAwHgEHAAAAAAAwHgEHAAAAAAAwHgEHAAAAAAAwHgEHAAAAAAAwHgEHAAAAAAAwHgEHAAAAAAAwHgEHAAAAAAAwHiBXBcA5ANLlqyWn62tv5YkX5Lv+9r6H3353+YqlOcEAAAAUHgIOFCwLFkKWLa2L9pGM4depBHB/kmvXxpepxNX3KRPQ18o4nvGhACF8pwAAABAKqqcMu1UPEw7lwxTlV2mnUqGqcrp1Xq+zt2i95uWq85r0HtNy/V+83LVuQ05qXVS2Vg9NfySlK6dvOw6zW34MMMV5TcCDhSkCrtUvxlwrE7vfaCcFGdqjQj215vbXStXnmZsfFVXrn1Y9V5jhivtmkJ5TgAAACCZYcF++m7FBH23YqImlY3t8PrDKiZGfZ7b8KH+UT9f/6j/j5aH12eqTHSR1fuDU/n2LApGwHI0pc+3NXXAcfpqgkbn+PJ15dpH9JcNzyviu91UYfcolOcEAAAAkplUNlY/7nNITGDRFc/W...
&amp#27;[38;5;41m[f2521489]&amp#27;[0m&amp#27;[38;5;-86m[AndroidUiautomator2Driver@5d66]&amp#27;[0m Responding to client with driver.getScreenshot() result: "iVBORw0KGgoAAAANSUhEUgAABDgAAAjoCAYAAAA5jhrUAAAAAXNSR0IArs4c6QAAAARzQklUCAgICHwIZIgAACAASURBVHic7N13nBT1/cfx98zsXuMaXaQrATQqCHYxtsSYqBg19thNQY0lzZ8aI8aexKjRRKMSISr2giW2KKKIGkPAaESw0QQpB3ccXNndmfn9gXfe3pbbvbst39vXMw8COzPf73zmCIF537dYvT841RcAAAAAAIDB7FwXAAAAAAAA0FUEHAAAAAAAwHgEHAAAAAAAwHgEHAAAAAAAwHgEHAAAAAAAwHgEHAAAAAAAwHgEHAAAAAAAwHgEHAAAAAAAwHgEHAAAAAAAwHgEHAAAAAAAwHgEHAAAAAAAwHgEHAAAAAAAwHgEHAAAAAAAwHgEHAAAAAAAwHgEHAAAAAAAwHgEHAAAAAAAwHgEHAAAAAAAwHgEHAAAAAAAwHgEHAAAAAAAwHgEHAAAAAAAwHgEHAAAAAAAwHgEHAAAAAAAwHgEHAAAAAAAwHgEHAAAAAAAwHgEHAAAAAAAwHiBXBcA5ANLlqyWn62tv5YkX5Lv+9r6H3353+YqlOcEAAAAUHgIOFCwLFkKWLa2L9pGM4depBHB/kmvXxpepxNX3KRPQ18o4nvGhACF8pwAAABAKqqcMu1UPEw7lwxTlV2mnUqGqcrp1Xq+zt2i95uWq85r0HtNy/V+83LVuQ05qXVS2Vg9NfySlK6dvOw6zW34MMMV5TcCDhSkCrtUvxlwrE7vfaCcFGdqjQj215vbXStXnmZsfFVXrn1Y9V5jhivtmkJ5TgAAACCZYcF++m7FBH23YqImlY3t8PrDKiZGfZ7b8KH+UT9f/6j/j5aH12eqTHSR1fuDU/n2LApGwHI0pc+3NXXAcfpqgkbn+PJ15dpH9JcNzyviu91UYfcolOcEAAAAkplUNlY/7nNITGDRFc/Wz9dfN7yYldESjOBIDwEHCoIlSxV2iWaP/K1GFg3o1r4/C63VQUuv0Ca3MefT...
&amp#27;[38;5;41m[f2521489]&amp#27;[0m&amp#27;[38;5;86m[HTTP]&amp#27;[0m &amp#27;[37m<-- GET /session/f2521489-7dea-4c71-95c1-f9cf0b890464/screenshot &amp#27;[39m&amp#27;[32m200&amp#27;[39m &amp#27;[90m769 ms - 345072&amp#27;[39m &amp#27;[90m&amp#27;[39m
]]></system-out>
  </testcase>
</testsuite>