<?xml version="1.0" encoding="UTF-8"?>
<!-- Generated by org.testng.reporters.JUnitReportReporter -->
<testsuite hostname="ELSA" failures="0" tests="2" name="org.testCase.TestCase3" time="43.829" errors="0" timestamp="2025-06-18T16:29:03 EDT" skipped="0">
  <testcase classname="org.testCase.TestCase3" name="ThirdCase" time="24.591"/>
  <testcase classname="org.testCase.TestCase3" name="ThirdCase" time="19.238"/>
</testsuite> <!-- org.testCase.TestCase3 -->
