<?xml version="1.0" encoding="UTF-8"?>
<!-- Generated by org.testng.reporters.JUnitReportReporter -->
<testsuite hostname="ELSA" failures="0" tests="2" name="org.testCase.TestCase3" time="36.745" errors="0" timestamp="2025-06-18T00:45:51 EDT" skipped="0">
  <testcase classname="org.testCase.TestCase3" name="ThirdCase" time="17.532"/>
  <testcase classname="org.testCase.TestCase3" name="ThirdCase" time="19.213"/>
</testsuite> <!-- org.testCase.TestCase3 -->
