<?xml version="1.0" encoding="UTF-8"?>
<!-- Generated by org.testng.reporters.JUnitReportReporter -->
<testsuite hostname="ELSA" failures="0" tests="2" name="org.testCase.TestCase1" time="11.891" errors="0" timestamp="2025-06-17T23:41:35 EDT" skipped="0">
  <testcase classname="org.testCase.TestCase1" name="FirstCase" time="6.050"/>
  <testcase classname="org.testCase.TestCase1" name="FirstCase" time="5.841"/>
</testsuite> <!-- org.testCase.TestCase1 -->
