<?xml version="1.0" encoding="UTF-8"?>
<!-- Generated by org.testng.reporters.JUnitReportReporter -->
<testsuite hostname="ELSA" failures="0" tests="2" name="org.testCase.TestCase2" time="30.980" errors="0" timestamp="2025-06-17T23:41:35 EDT" skipped="0">
  <testcase classname="org.testCase.TestCase2" name="SecondCase" time="15.190"/>
  <testcase classname="org.testCase.TestCase2" name="SecondCase" time="15.790"/>
</testsuite> <!-- org.testCase.TestCase2 -->
