<?xml version="1.0" encoding="UTF-8"?>
<!-- Generated by org.testng.reporters.JUnitReportReporter -->
<testsuite hostname="ELSA" failures="0" tests="2" name="org.testCase.TestCase2" time="31.973" errors="0" timestamp="2025-06-17T19:36:10 EDT" skipped="0">
  <testcase classname="org.testCase.TestCase2" name="SecondCase" time="16.770"/>
  <testcase classname="org.testCase.TestCase2" name="SecondCase" time="15.203"/>
</testsuite> <!-- org.testCase.TestCase2 -->
