<?xml version="1.0" encoding="UTF-8"?>
<!-- Generated by org.testng.reporters.JUnitReportReporter -->
<testsuite hostname="ELSA" failures="0" tests="2" name="org.testCase.TestCase2" time="30.805" errors="0" timestamp="2025-06-18T01:01:32 EDT" skipped="0">
  <testcase classname="org.testCase.TestCase2" name="SecondCase" time="15.665"/>
  <testcase classname="org.testCase.TestCase2" name="SecondCase" time="15.140"/>
</testsuite> <!-- org.testCase.TestCase2 -->
