<?xml version="1.0" encoding="UTF-8"?>
<!-- Generated by org.testng.reporters.JUnitReportReporter -->
<testsuite hostname="ELSA" failures="0" tests="2" name="org.testCase.TestCase2" time="30.922" errors="0" timestamp="2025-06-18T00:45:50 EDT" skipped="0">
  <testcase classname="org.testCase.TestCase2" name="SecondCase" time="15.313"/>
  <testcase classname="org.testCase.TestCase2" name="SecondCase" time="15.609"/>
</testsuite> <!-- org.testCase.TestCase2 -->
