<?xml version="1.0" encoding="UTF-8"?>
<!-- Generated by org.testng.reporters.JUnitReportReporter -->
<testsuite hostname="ELSA" failures="0" tests="2" name="org.testCase.TestCase1" time="12.484" errors="0" timestamp="2025-06-18T00:45:50 EDT" skipped="0">
  <testcase classname="org.testCase.TestCase1" name="FirstCase" time="6.364"/>
  <testcase classname="org.testCase.TestCase1" name="FirstCase" time="6.120"/>
</testsuite> <!-- org.testCase.TestCase1 -->
