<?xml version="1.0" encoding="UTF-8"?>
<!-- Generated by org.testng.reporters.JUnitReportReporter -->
<testsuite hostname="ELSA" failures="0" tests="2" name="org.testCase.TestCase1" time="11.789" errors="0" timestamp="2025-06-17T19:36:10 EDT" skipped="0">
  <testcase classname="org.testCase.TestCase1" name="FirstCase" time="5.905"/>
  <testcase classname="org.testCase.TestCase1" name="FirstCase" time="5.884"/>
</testsuite> <!-- org.testCase.TestCase1 -->
