<?xml version="1.0" encoding="UTF-8"?>
<!-- Generated by org.testng.reporters.JUnitReportReporter -->
<testsuite hostname="ELSA" failures="0" tests="1" name="org.testCase.TestCase1" time="8.051" errors="0" timestamp="2025-06-18T12:03:19 EDT" skipped="0">
  <testcase classname="org.testCase.TestCase1" name="FirstCase" time="8.051"/>
</testsuite> <!-- org.testCase.TestCase1 -->
