<?xml version="1.0" encoding="UTF-8"?>
<!-- Generated by org.testng.reporters.JUnitReportReporter -->
<testsuite hostname="ELSA" failures="0" tests="2" name="org.testCase.TestCase1" time="11.783" errors="0" timestamp="2025-06-17T17:47:16 EDT" skipped="0">
  <testcase classname="org.testCase.TestCase1" name="FirstCase" time="5.898"/>
  <testcase classname="org.testCase.TestCase1" name="FirstCase" time="5.885"/>
</testsuite> <!-- org.testCase.TestCase1 -->
