<?xml version="1.0" encoding="UTF-8"?>
<!-- Generated by org.testng.reporters.JUnitReportReporter -->
<testsuite hostname="ELSA" failures="0" tests="2" name="org.testCase.TestCase1" time="11.886" errors="0" timestamp="2025-06-18T01:01:32 EDT" skipped="0">
  <testcase classname="org.testCase.TestCase1" name="FirstCase" time="6.043"/>
  <testcase classname="org.testCase.TestCase1" name="FirstCase" time="5.843"/>
</testsuite> <!-- org.testCase.TestCase1 -->
