<?xml version="1.0" encoding="UTF-8"?>
<!-- Generated by org.testng.reporters.JUnitReportReporter -->
<testsuite hostname="ELSA" failures="0" tests="2" name="org.testCase.TestCase3" time="30.958" errors="0" timestamp="2025-06-17T23:41:35 EDT" skipped="0">
  <testcase classname="org.testCase.TestCase3" name="ThirdCase" time="15.660"/>
  <testcase classname="org.testCase.TestCase3" name="ThirdCase" time="15.298"/>
</testsuite> <!-- org.testCase.TestCase3 -->
